Seed: 0
Experiment_path: AE_Model_2/Epochs_2_4_6_8_20/06_Experiment_05_Epochs
Dataset_Path: ../_00_Datasets/03_SimDaten_Quiroga2020/C_Difficult1_noise020.mat
Dataset_name: ['03_SimDaten_Quiroga2020', 'C_Difficult1_noise020.mat']
Variant_name: V05_Online_AE_QL
Visualisation_Path: AE_Model_2/Epochs_2_4_6_8_20/06_Experiment_05_Epochs/C_Difficult1_noise020.mat/V05_Online_AE_QL/2023_05_11-01_09_15
Normalisation: False
Template Matching: False
Optimising Autoencoder: False
Update Factor: 1
Noisy Batches: False
Noisy Factor: 0.001
Epochs: 6
Batch Size: 1
maximal Spikes for Autoencoder Training : 700
maximal Spikes for Training: 1000
Input Size: 47
Chosen Model: Convolutional Autoencoder
ConvolutionalAutoencoder(
  (encoder): Sequential(
    (0): Conv1d(1, 6, kernel_size=(6,), stride=(1,))
    (1): LeakyReLU(negative_slope=0.01)
    (2): Conv1d(6, 1, kernel_size=(6,), stride=(1,))
    (3): Flatten(start_dim=1, end_dim=-1)
    (4): Linear(in_features=37, out_features=2, bias=True)
  )
  (decoder): Sequential(
    (0): ConvTranspose1d(1, 6, kernel_size=(6,), stride=(1,))
    (1): LeakyReLU(negative_slope=0.01)
    (2): ConvTranspose1d(6, 1, kernel_size=(6,), stride=(1,))
    (3): Flatten(start_dim=1, end_dim=-1)
    (4): Linear(in_features=12, out_features=47, bias=True)
  )
)
MSELoss()
Adam (
Parameter Group 0
    amsgrad: False
    betas: (0.9, 0.999)
    capturable: False
    differentiable: False
    eps: 1e-08
    foreach: None
    fused: False
    lr: 0.001
    maximize: False
    weight_decay: 0
)
---Q Learning Parameters---
Normalisation: False
Punishment Coefficient: 0.7
Alpha: 0.8
Epsilon: 0.01
Gamma: 0.97
Initial Episode Number: 0
Episode Number Coefficient: 1.4
Number of Random Features: 20
Planning Number: 20
Max Random Features: 60
New Episode Number: 72
New Episode Number: 143
New Episode Number: 215
New Episode Number: 286
                 0      1      2      3      4
new_cluster -11.36  -9.74 -10.05 -10.57 -10.03
c1          -11.36 -10.00  -9.85 -10.80 -10.09
c2          -11.36  -9.77 -10.07 -11.15 -10.13
c3          -11.36  -9.75  -9.77 -10.53  -9.99
c4          -11.36  -9.87  -9.86 -10.39 -10.03
\begin{tabular}{lrrrrr}
\toprule
{} &      0 &      1 &      2 &      3 &      4 \\
\midrule
new\_cluster & -11.36 &  -9.74 & -10.05 & -10.57 & -10.03 \\
c1          & -11.36 & -10.00 &  -9.85 & -10.80 & -10.09 \\
c2          & -11.36 &  -9.77 & -10.07 & -11.15 & -10.13 \\
c3          & -11.36 &  -9.75 &  -9.77 & -10.53 &  -9.99 \\
c4          & -11.36 &  -9.87 &  -9.86 & -10.39 & -10.03 \\
\bottomrule
\end{tabular}

                                0            1  ...            3            4
new_cluster  [-1.96, new_cluster]  [-0.19, c1]  ...  [-1.12, c3]  [-0.48, c4]
c1           [-1.96, new_cluster]  [-0.46, c1]  ...  [-1.43, c3]  [-0.56, c4]
c2           [-1.96, new_cluster]  [-0.29, c1]  ...  [-1.69, c3]  [-0.61, c4]
c3           [-1.96, new_cluster]   [-0.2, c1]  ...  [-1.08, c3]  [-0.47, c4]
c4           [-1.96, new_cluster]  [-0.33, c1]  ...   [-1.0, c3]  [-0.51, c4]

[5 rows x 5 columns]
\begin{tabular}{llllll}
\toprule
{} &                     0 &            1 &            2 &            3 &            4 \\
\midrule
new\_cluster &  [-1.96, new\_cluster] &  [-0.19, c1] &  [-0.58, c2] &  [-1.12, c3] &  [-0.48, c4] \\
c1          &  [-1.96, new\_cluster] &  [-0.46, c1] &  [-0.38, c2] &  [-1.43, c3] &  [-0.56, c4] \\
c2          &  [-1.96, new\_cluster] &  [-0.29, c1] &  [-0.64, c2] &  [-1.69, c3] &  [-0.61, c4] \\
c3          &  [-1.96, new\_cluster] &   [-0.2, c1] &   [-0.3, c2] &  [-1.08, c3] &  [-0.47, c4] \\
c4          &  [-1.96, new\_cluster] &  [-0.33, c1] &  [-0.38, c2] &   [-1.0, c3] &  [-0.51, c4] \\
\bottomrule
\end{tabular}

