Seed: 5
Experiment_path: AE_Model_2/Random_Seeds_DV5//V5_3/Experiment_05_5_opt_temp_noisy
Dataset_Path: ../_00_Datasets/03_SimDaten_Quiroga2020/C_Easy2_noise005.mat
Dataset_name: ['03_SimDaten_Quiroga2020', 'C_Easy2_noise005.mat']
Variant_name: Variant_05_Online_Autoencoder_QLearning_opt_temp_noisy
Visualisation_Path: AE_Model_2/Random_Seeds_DV5//V5_3/Experiment_05_5_opt_temp_noisy/C_Easy2_noise005.mat/Variant_05_Online_Autoencoder_QLearning_opt_temp_noisy/2023_05_04-18_24_48
Normalisation: False
Template Matching: True
Optimising Autoencoder: True
Update Factor: 1
Noisy Batches: True
Noisy Factor: 0.001
Epochs: 8
Batch Size: 1
maximal Spikes for Autoencoder Training : 700
maximal Spikes for Training: 1000
Input Size: 47
Chosen Model: Convolutional Autoencoder
ConvolutionalAutoencoder(
  (encoder): Sequential(
    (0): Conv1d(1, 6, kernel_size=(6,), stride=(1,))
    (1): LeakyReLU(negative_slope=0.01)
    (2): Conv1d(6, 1, kernel_size=(6,), stride=(1,))
    (3): Flatten(start_dim=1, end_dim=-1)
    (4): Linear(in_features=37, out_features=2, bias=True)
  )
  (decoder): Sequential(
    (0): ConvTranspose1d(1, 6, kernel_size=(6,), stride=(1,))
    (1): LeakyReLU(negative_slope=0.01)
    (2): ConvTranspose1d(6, 1, kernel_size=(6,), stride=(1,))
    (3): Flatten(start_dim=1, end_dim=-1)
    (4): Linear(in_features=12, out_features=47, bias=True)
  )
)
MSELoss()
Adam (
Parameter Group 0
    amsgrad: False
    betas: (0.9, 0.999)
    capturable: False
    differentiable: False
    eps: 1e-08
    foreach: None
    fused: False
    lr: 0.001
    maximize: False
    weight_decay: 0
)
---Q Learning Parameters---
Normalisation: False
Punishment Coefficient: 0.8
Alpha: 0.8
Epsilon: 0.01
Gamma: 0.97
Initial Episode Number: 0
Episode Number Coefficient: 1.4
Number of Random Features: 20
Planning Number: 20
Max Random Features: 60
New Episode Number: 72
New Episode Number: 143
New Episode Number: 215
New Episode Number: 286
New Episode Number: 358
New Episode Number: 429
New Episode Number: 500
New Episode Number: 572
New Episode Number: 643
New Episode Number: 715
New Episode Number: 786
New Episode Number: 858
New Episode Number: 929
New Episode Number: 1000
New Episode Number: 1072
New Episode Number: 1143
New Episode Number: 1215
               0      1     2     3      4   ...     13     14     15      16     17
new_cluster -4.16 -30.87 -6.85 -2.59 -10.58  ... -25.34 -71.07 -43.56 -391.69 -54.79
c1          -4.13 -31.82 -7.25 -2.61  -9.85  ... -25.34 -71.07 -43.56 -391.69 -54.79
c2          -4.17 -30.88 -7.02 -2.80  -9.86  ... -25.33 -71.07 -43.56 -391.69 -54.79
c3          -4.13 -32.50 -6.71 -2.35 -10.61  ... -25.34 -71.07 -43.56 -391.69 -54.79
c4          -4.16 -32.12 -7.11 -2.26 -10.30  ... -25.34 -71.07 -43.56 -391.69 -54.79
c5          -4.17 -32.51 -7.38 -2.64 -10.29  ... -25.34 -71.07 -43.56 -391.69   0.00
c6          -4.17 -31.66 -7.56 -2.71 -10.20  ... -25.34 -71.07 -43.56 -391.69 -54.79
c7          -4.17 -30.03 -6.67 -2.25 -10.46  ... -25.32 -71.07 -43.56 -391.69 -54.79
c8          -4.17 -32.11 -7.12 -2.72 -10.80  ... -25.33 -71.07 -43.56 -391.69 -54.79
c9          -4.17 -31.18 -7.55 -2.37 -10.66  ... -25.34 -71.07 -43.56 -391.69 -54.79
c10         -4.17 -31.92 -7.13 -2.79 -10.20  ... -25.34 -71.07 -43.56 -391.69   0.00
c11         -4.16 -32.56 -7.41 -2.32  -9.98  ... -25.34 -71.07 -43.56 -391.69 -54.77
c12         -4.17 -31.23 -6.81 -2.28  -9.87  ... -25.33 -71.07 -43.56 -391.69 -54.79
c13         -4.13 -31.78 -7.05 -2.59 -10.26  ... -25.33 -71.07 -43.56 -391.69 -54.79
c14         -4.16 -31.12 -7.03 -2.38 -11.02  ... -25.33 -71.07 -43.56 -391.69 -54.79
c15         -4.17 -31.65 -8.27 -2.62 -10.07  ... -25.34 -71.07   0.00    0.00   0.00
c16         -4.17 -30.84 -7.67 -2.66 -10.15  ... -25.34 -71.07   0.00    0.00   0.00
c17         -4.17 -32.91 -7.71 -2.52 -10.25  ...   0.00   0.00   0.00    0.00   0.00

[18 rows x 18 columns]
\begin{tabular}{lrrrrrrrrrrrrrrrrrr}
\toprule
{} &    0  &     1  &    2  &    3  &     4  &     5  &    6  &     7  &     8  &     9  &     10 &    11 &     12 &     13 &     14 &     15 &      16 &     17 \\
\midrule
new\_cluster & -4.16 & -30.87 & -6.85 & -2.59 & -10.58 & -11.92 & -1.66 & -40.54 & -38.33 & -30.18 & -35.11 & -5.22 & -11.89 & -25.34 & -71.07 & -43.56 & -391.69 & -54.79 \\
c1          & -4.13 & -31.82 & -7.25 & -2.61 &  -9.85 & -13.21 & -1.60 & -40.55 & -40.55 & -30.13 & -35.11 & -4.62 & -11.75 & -25.34 & -71.07 & -43.56 & -391.69 & -54.79 \\
c2          & -4.17 & -30.88 & -7.02 & -2.80 &  -9.86 & -12.33 & -1.51 & -40.54 & -39.52 & -30.14 & -35.11 & -5.52 & -11.25 & -25.33 & -71.07 & -43.56 & -391.69 & -54.79 \\
c3          & -4.13 & -32.50 & -6.71 & -2.35 & -10.61 & -13.53 & -1.54 & -40.54 & -38.69 & -30.13 & -35.11 & -4.47 & -12.14 & -25.34 & -71.07 & -43.56 & -391.69 & -54.79 \\
c4          & -4.16 & -32.12 & -7.11 & -2.26 & -10.30 & -11.39 & -1.47 & -40.54 & -39.65 & -30.14 & -35.11 & -5.12 & -11.66 & -25.34 & -71.07 & -43.56 & -391.69 & -54.79 \\
c5          & -4.17 & -32.51 & -7.38 & -2.64 & -10.29 & -12.34 & -1.56 & -40.54 & -39.30 & -30.13 & -35.11 & -5.39 & -11.15 & -25.34 & -71.07 & -43.56 & -391.69 &   0.00 \\
c6          & -4.17 & -31.66 & -7.56 & -2.71 & -10.20 & -11.29 & -1.45 & -40.54 & -39.95 & -30.14 & -35.11 & -5.27 & -11.61 & -25.34 & -71.07 & -43.56 & -391.69 & -54.79 \\
c7          & -4.17 & -30.03 & -6.67 & -2.25 & -10.46 & -10.63 & -1.56 & -40.52 & -40.12 & -30.18 & -35.11 & -4.49 & -11.76 & -25.32 & -71.07 & -43.56 & -391.69 & -54.79 \\
c8          & -4.17 & -32.11 & -7.12 & -2.72 & -10.80 & -10.09 & -1.56 & -40.54 & -39.76 & -30.14 & -35.11 & -5.30 & -12.16 & -25.33 & -71.07 & -43.56 & -391.69 & -54.79 \\
c9          & -4.17 & -31.18 & -7.55 & -2.37 & -10.66 & -10.74 & -1.63 & -40.54 & -40.97 & -30.15 & -35.11 & -4.80 & -12.79 & -25.34 & -71.07 & -43.56 & -391.69 & -54.79 \\
c10         & -4.17 & -31.92 & -7.13 & -2.79 & -10.20 & -10.48 & -1.60 & -40.54 & -41.00 & -30.18 & -35.11 & -4.75 & -12.00 & -25.34 & -71.07 & -43.56 & -391.69 &   0.00 \\
c11         & -4.16 & -32.56 & -7.41 & -2.32 &  -9.98 & -12.05 & -1.60 & -40.54 & -39.31 & -30.18 & -35.11 & -5.86 & -12.10 & -25.34 & -71.07 & -43.56 & -391.69 & -54.77 \\
c12         & -4.17 & -31.23 & -6.81 & -2.28 &  -9.87 & -11.63 & -1.56 & -40.54 & -38.57 & -30.12 & -35.11 & -5.31 & -11.62 & -25.33 & -71.07 & -43.56 & -391.69 & -54.79 \\
c13         & -4.13 & -31.78 & -7.05 & -2.59 & -10.26 & -11.32 & -1.65 & -40.52 & -41.97 & -30.18 & -35.11 & -5.10 & -11.87 & -25.33 & -71.07 & -43.56 & -391.69 & -54.79 \\
c14         & -4.16 & -31.12 & -7.03 & -2.38 & -11.02 & -12.89 & -1.58 & -40.52 & -41.83 & -30.14 & -35.11 & -5.36 & -11.99 & -25.33 & -71.07 & -43.56 & -391.69 & -54.79 \\
c15         & -4.17 & -31.65 & -8.27 & -2.62 & -10.07 & -10.67 & -1.64 & -40.52 & -40.60 & -30.17 & -35.11 & -4.50 & -11.44 & -25.34 & -71.07 &   0.00 &    0.00 &   0.00 \\
c16         & -4.17 & -30.84 & -7.67 & -2.66 & -10.15 & -10.34 & -1.53 & -40.54 & -39.01 & -30.13 & -35.11 & -4.60 & -10.60 & -25.34 & -71.07 &   0.00 &    0.00 &   0.00 \\
c17         & -4.17 & -32.91 & -7.71 & -2.52 & -10.25 & -12.59 & -1.50 & -40.54 & -38.07 & -30.15 & -35.11 & -4.90 & -11.24 &   0.00 &   0.00 &   0.00 &    0.00 &   0.00 \\
\bottomrule
\end{tabular}

                               0             1   ...              16             17
new_cluster  [-2.56, new_cluster]  [-29.32, c1]  ...  [-391.69, c16]  [-54.79, c17]
c1           [-2.56, new_cluster]  [-30.25, c1]  ...  [-391.69, c16]  [-54.79, c17]
c2           [-2.56, new_cluster]  [-29.33, c1]  ...  [-391.69, c16]  [-54.79, c17]
c3           [-2.56, new_cluster]  [-30.95, c1]  ...  [-391.69, c16]  [-54.79, c17]
c4           [-2.56, new_cluster]  [-30.57, c1]  ...  [-391.69, c16]  [-54.79, c17]
c5           [-2.56, new_cluster]  [-30.96, c1]  ...  [-391.69, c16]          [0, ]
c6           [-2.56, new_cluster]  [-30.11, c1]  ...  [-391.69, c16]  [-54.79, c17]
c7           [-2.56, new_cluster]  [-28.46, c1]  ...  [-391.69, c16]  [-54.79, c17]
c8           [-2.56, new_cluster]  [-30.56, c1]  ...  [-391.69, c16]  [-54.79, c17]
c9           [-2.56, new_cluster]  [-29.63, c1]  ...  [-391.69, c16]  [-54.79, c17]
c10          [-2.56, new_cluster]  [-30.37, c1]  ...  [-391.69, c16]          [0, ]
c11          [-2.56, new_cluster]  [-31.01, c1]  ...  [-391.69, c16]  [-54.79, c17]
c12          [-2.56, new_cluster]  [-29.66, c1]  ...  [-391.69, c16]  [-54.79, c17]
c13          [-2.56, new_cluster]  [-30.23, c1]  ...  [-391.69, c16]  [-54.79, c17]
c14          [-2.56, new_cluster]  [-29.57, c1]  ...  [-391.69, c16]  [-54.79, c17]
c15          [-2.56, new_cluster]  [-30.08, c1]  ...           [0, ]          [0, ]
c16          [-2.56, new_cluster]  [-29.26, c1]  ...           [0, ]          [0, ]
c17          [-2.56, new_cluster]  [-31.34, c1]  ...           [0, ]          [0, ]

[18 rows x 18 columns]
\begin{tabular}{lllllllllllllllllll}
\toprule
{} &                    0  &            1  &           2  &           3  &           4  &            5  &           6  &            7  &            8  &            9  &             10 &            11 &             12 &             13 &             14 &             15 &              16 &             17 \\
\midrule
new\_cluster &  [-2.56, new\_cluster] &  [-29.32, c1] &  [-5.27, c2] &  [-1.09, c3] &  [-9.06, c4] &  [-11.92, c5] &  [-0.07, c6] &  [-39.01, c7] &   [-36.8, c8] &  [-28.55, c9] &  [-35.11, c10] &  [-3.65, c11] &  [-10.37, c12] &  [-23.72, c13] &  [-69.54, c14] &  [-43.56, c15] &  [-391.69, c16] &  [-54.79, c17] \\
c1          &  [-2.56, new\_cluster] &  [-30.25, c1] &  [-5.67, c2] &  [-1.11, c3] &  [-8.33, c4] &  [-13.21, c5] &  [-0.07, c6] &  [-39.01, c7] &  [-39.03, c8] &  [-28.55, c9] &  [-35.11, c10] &  [-3.06, c11] &  [-10.23, c12] &  [-23.72, c13] &  [-69.54, c14] &  [-43.56, c15] &  [-391.69, c16] &  [-54.79, c17] \\
c2          &  [-2.56, new\_cluster] &  [-29.33, c1] &  [-5.44, c2] &  [-1.13, c3] &  [-8.34, c4] &  [-12.33, c5] &  [-0.04, c6] &  [-39.01, c7] &   [-38.0, c8] &  [-28.55, c9] &  [-35.11, c10] &  [-3.95, c11] &   [-9.72, c12] &  [-23.72, c13] &  [-69.54, c14] &  [-43.56, c15] &  [-391.69, c16] &  [-54.79, c17] \\
c3          &  [-2.56, new\_cluster] &  [-30.95, c1] &  [-5.13, c2] &  [-0.85, c3] &   [-9.1, c4] &  [-13.53, c5] &   [-0.0, c6] &  [-39.01, c7] &  [-37.15, c8] &  [-28.55, c9] &  [-35.11, c10] &  [-2.91, c11] &  [-10.62, c12] &  [-23.72, c13] &  [-69.54, c14] &  [-43.56, c15] &  [-391.69, c16] &  [-54.79, c17] \\
c4          &  [-2.56, new\_cluster] &  [-30.57, c1] &  [-5.53, c2] &  [-0.75, c3] &  [-8.78, c4] &  [-11.39, c5] &  [-0.04, c6] &  [-39.01, c7] &  [-38.11, c8] &  [-28.55, c9] &  [-35.11, c10] &  [-3.55, c11] &  [-10.16, c12] &  [-23.72, c13] &  [-69.54, c14] &  [-43.56, c15] &  [-391.69, c16] &  [-54.79, c17] \\
c5          &  [-2.56, new\_cluster] &  [-30.96, c1] &   [-5.8, c2] &  [-1.13, c3] &  [-8.77, c4] &  [-12.34, c5] &   [-0.1, c6] &  [-39.01, c7] &  [-37.77, c8] &  [-28.55, c9] &  [-35.11, c10] &  [-3.83, c11] &   [-9.62, c12] &  [-23.72, c13] &  [-69.54, c14] &  [-43.56, c15] &  [-391.69, c16] &          [0, ] \\
c6          &  [-2.56, new\_cluster] &  [-30.11, c1] &  [-5.98, c2] &  [-1.21, c3] &  [-8.76, c4] &  [-11.29, c5] &  [-0.04, c6] &  [-39.01, c7] &  [-38.43, c8] &  [-28.55, c9] &  [-35.11, c10] &  [-3.71, c11] &  [-10.08, c12] &  [-23.72, c13] &  [-69.54, c14] &  [-43.56, c15] &  [-391.69, c16] &  [-54.79, c17] \\
c7          &  [-2.56, new\_cluster] &  [-28.46, c1] &  [-5.08, c2] &  [-0.84, c3] &  [-8.95, c4] &  [-10.63, c5] &   [-0.0, c6] &  [-39.01, c7] &  [-38.58, c8] &  [-28.55, c9] &  [-35.11, c10] &  [-2.92, c11] &  [-10.24, c12] &  [-23.72, c13] &  [-69.54, c14] &  [-43.56, c15] &  [-391.69, c16] &  [-54.79, c17] \\
c8          &  [-2.56, new\_cluster] &  [-30.56, c1] &  [-5.54, c2] &  [-1.21, c3] &  [-9.28, c4] &  [-10.09, c5] &  [-0.03, c6] &  [-39.01, c7] &  [-38.24, c8] &  [-28.55, c9] &  [-35.11, c10] &  [-3.73, c11] &  [-10.59, c12] &  [-23.72, c13] &  [-69.54, c14] &  [-43.56, c15] &  [-391.69, c16] &  [-54.79, c17] \\
c9          &  [-2.56, new\_cluster] &  [-29.63, c1] &  [-5.97, c2] &  [-0.85, c3] &   [-9.1, c4] &  [-10.74, c5] &  [-0.11, c6] &  [-39.01, c7] &  [-39.45, c8] &  [-28.55, c9] &  [-35.11, c10] &  [-3.24, c11] &  [-11.23, c12] &  [-23.72, c13] &  [-69.54, c14] &  [-43.56, c15] &  [-391.69, c16] &  [-54.79, c17] \\
c10         &  [-2.56, new\_cluster] &  [-30.37, c1] &  [-5.55, c2] &  [-1.27, c3] &  [-8.76, c4] &  [-10.48, c5] &  [-0.03, c6] &  [-39.01, c7] &  [-39.46, c8] &  [-28.55, c9] &  [-35.11, c10] &   [-3.2, c11] &  [-10.48, c12] &  [-23.72, c13] &  [-69.54, c14] &  [-43.56, c15] &  [-391.69, c16] &          [0, ] \\
c11         &  [-2.56, new\_cluster] &  [-31.01, c1] &  [-5.83, c2] &   [-0.8, c3] &  [-8.46, c4] &  [-12.05, c5] &  [-0.06, c6] &  [-39.01, c7] &  [-37.78, c8] &  [-28.55, c9] &  [-35.11, c10] &  [-4.31, c11] &  [-10.56, c12] &  [-23.72, c13] &  [-69.54, c14] &  [-43.56, c15] &  [-391.69, c16] &  [-54.79, c17] \\
c12         &  [-2.56, new\_cluster] &  [-29.66, c1] &  [-5.23, c2] &  [-0.79, c3] &  [-8.43, c4] &  [-11.63, c5] &  [-0.03, c6] &  [-39.01, c7] &  [-37.04, c8] &  [-28.55, c9] &  [-35.11, c10] &  [-3.74, c11] &   [-10.1, c12] &  [-23.72, c13] &  [-69.54, c14] &  [-43.56, c15] &  [-391.69, c16] &  [-54.79, c17] \\
c13         &  [-2.56, new\_cluster] &  [-30.23, c1] &  [-5.47, c2] &  [-1.09, c3] &  [-8.75, c4] &  [-11.32, c5] &  [-0.11, c6] &  [-39.01, c7] &  [-40.44, c8] &  [-28.55, c9] &  [-35.11, c10] &  [-3.53, c11] &  [-10.33, c12] &  [-23.72, c13] &  [-69.54, c14] &  [-43.56, c15] &  [-391.69, c16] &  [-54.79, c17] \\
c14         &  [-2.56, new\_cluster] &  [-29.57, c1] &  [-5.45, c2] &  [-0.88, c3] &   [-9.5, c4] &  [-12.89, c5] &  [-0.01, c6] &  [-39.01, c7] &  [-40.29, c8] &  [-28.55, c9] &  [-35.11, c10] &   [-3.8, c11] &  [-10.47, c12] &  [-23.72, c13] &  [-69.54, c14] &  [-43.56, c15] &  [-391.69, c16] &  [-54.79, c17] \\
c15         &  [-2.56, new\_cluster] &  [-30.08, c1] &  [-6.69, c2] &  [-1.12, c3] &  [-8.56, c4] &  [-10.67, c5] &  [-0.11, c6] &  [-39.01, c7] &  [-39.07, c8] &  [-28.55, c9] &  [-35.11, c10] &  [-2.93, c11] &   [-9.93, c12] &  [-23.72, c13] &  [-69.54, c14] &          [0, ] &           [0, ] &          [0, ] \\
c16         &  [-2.56, new\_cluster] &  [-29.26, c1] &  [-6.09, c2] &  [-1.14, c3] &  [-8.57, c4] &  [-10.34, c5] &  [-0.01, c6] &  [-39.01, c7] &  [-37.48, c8] &  [-28.55, c9] &  [-35.11, c10] &  [-3.04, c11] &   [-9.08, c12] &  [-23.72, c13] &  [-69.54, c14] &          [0, ] &           [0, ] &          [0, ] \\
c17         &  [-2.56, new\_cluster] &  [-31.34, c1] &  [-6.13, c2] &   [-1.0, c3] &  [-8.73, c4] &  [-12.59, c5] &  [-0.03, c6] &  [-39.01, c7] &  [-36.55, c8] &  [-28.55, c9] &  [-35.11, c10] &  [-3.35, c11] &   [-9.71, c12] &          [0, ] &          [0, ] &          [0, ] &           [0, ] &          [0, ] \\
\bottomrule
\end{tabular}

