Experiment_path: AE_Model_1/Epochs//V4/Experiment_04
Dataset_Path: ../_00_Datasets/03_SimDaten_Quiroga2020/C_Easy1_noise035.mat
Dataset_name: ['03_SimDaten_Quiroga2020', 'C_Easy1_noise035.mat']
Variant_name: Variant_04_Offline_Autoencoder_QLearning
Visualisation_Path: AE_Model_1/Epochs//V4/Experiment_04/C_Easy1_noise035.mat/Variant_04_Offline_Autoencoder_QLearning/2023_04_25-14_22_24
Punishment_Coefficient: 1.0
<_01_LoadDataset.ExternCode.spike_class.spike_dataclass object at 0x0000014A696C43C8>
Sampling rate: 24000.0
Raw: [-0.01748803 -0.01945498 -0.02011069 ... -0.20744344 -0.24709427
 -0.25077586]
Times: [    662    1043    2861 ... 1439172 1439620 1439793]
Cluster: [1 2 3 ... 3 3 2]
Number of different clusters:  3
Number of Spikes: 3534
First aligned Spike Frame: [ 0.43999329  0.4839933   0.52909327  0.52642944  0.43496308  0.26335103
  0.0652557  -0.09376199 -0.19786698 -0.28302287 -0.39101775 -0.51215993
 -0.44771361  0.07217119  0.76700554  0.91966677  0.38465989 -0.27458603
 -0.59813837 -0.63307973 -0.5997719  -0.60009658 -0.61792931 -0.61010846
 -0.56778745 -0.50195254 -0.4233035  -0.35404397 -0.29120082 -0.20969116
 -0.09592158  0.02951377  0.1302449   0.18393993  0.21396859  0.24968719
  0.25635801  0.17294061 -0.01474948 -0.24084414 -0.43698551 -0.59191978
 -0.72153644 -0.80995398 -0.82451785 -0.75320979 -0.64145157]
Cluster 0, Occurrences: 1208
Cluster 1, Occurrences: 1137
Cluster 2, Occurrences: 1189
Train Index: 3181
x_train: 3181
y_train: 3181
x_test: 353
y_test: 353
<torch.utils.data.dataloader.DataLoader object at 0x0000014A69DBD780>
<torch.utils.data.dataloader.DataLoader object at 0x0000014A6617B630>
Epoch [1/4]: mean_loss=0.0009579717262722118
Epoch [2/4]: mean_loss=0.000675884453437494
Epoch [3/4]: mean_loss=0.000662073449380122
Epoch [4/4]: mean_loss=0.0006543281756011205
Number of Clusters: 3
Number of Samples after Autoencoder testing: 353
First Spike after testing: [0.40995243 2.8077362 ]
[2, 2, 2, 1, 2, 1, 0, 0, 1, 0, 0, 0, 2, 2, 1, 2, 2, 2, 1, 2, 2, 1, 0, 2, 1, 1, 2, 1, 2, 0, 0, 1, 2, 2, 0, 0, 2, 0, 0, 2, 1, 2, 1, 1, 2, 1, 2, 0, 0, 1, 2, 0, 2, 2, 1, 1, 1, 2, 1, 0, 2, 0, 1, 1, 0, 1, 2, 1, 1, 2, 2, 1, 2, 0, 2, 1, 2, 2, 1, 1, 1, 2, 0, 0, 0, 1, 2, 0, 0, 0, 2, 1, 0, 1, 0, 2, 1, 0, 2, 1, 0, 1, 1, 0, 2, 1, 2, 2, 0, 0, 2, 0, 2, 2, 0, 2, 0, 0, 2, 2, 0, 2, 0, 2, 0, 1, 0, 0, 0, 0, 2, 2, 0, 0, 1, 0, 1, 2, 0, 2, 1, 2, 0, 0, 1, 1, 1, 2, 0, 1, 1, 1, 0, 1, 2, 2, 1, 0, 1, 1, 2, 0, 0, 0, 0, 0, 0, 1, 2, 0, 2, 2, 2, 0, 2, 0, 1, 2, 0, 1, 2, 1, 2, 0, 1, 1, 0, 0, 2, 0, 1, 1, 1, 1, 2, 2, 1, 1, 1, 2, 0, 2, 0, 1, 2, 1, 0, 0, 2, 0, 2, 1, 0, 2, 0, 2, 0, 1, 0, 0, 0, 0, 1, 2, 2, 1, 1, 1, 2, 1, 0, 1, 1, 2, 2, 2, 2, 2, 2, 2, 0, 1, 2, 2, 2, 1, 0, 0, 1, 1, 0, 0, 2, 2, 1, 2, 2, 1, 2, 0, 0, 1, 2, 2, 2, 1, 0, 2, 0, 1, 0, 0, 1, 1, 0, 1, 2, 2, 2, 0, 2, 1, 2, 0, 2, 1, 1, 1, 0, 2, 1, 0, 0, 1, 2, 1, 0, 1, 0, 2, 2, 1, 1, 2, 1, 1, 1, 0, 1, 1, 1, 2, 0, 0, 1, 2, 0, 2, 2, 2, 1, 0, 1, 0, 1, 0, 2, 0, 2, 2, 1, 0, 1, 0, 2, 1, 0, 2, 0, 1, 1, 1, 1, 0, 1, 2, 2, 2, 0, 2, 2, 2, 1]
[0, 0, 0, 1, 0, 1, 2, 2, 1, 2, 2, 2, 0, 0, 1, 0, 0, 2, 1, 0, 0, 1, 2, 0, 1, 1, 2, 1, 0, 2, 2, 1, 0, 0, 2, 2, 0, 2, 2, 0, 1, 0, 1, 1, 0, 1, 0, 2, 2, 1, 0, 2, 0, 2, 1, 1, 1, 0, 1, 2, 0, 2, 1, 1, 2, 1, 0, 1, 1, 2, 1, 1, 0, 2, 2, 1, 0, 0, 1, 1, 1, 0, 2, 2, 2, 1, 0, 2, 2, 2, 0, 1, 2, 1, 2, 0, 1, 2, 0, 1, 2, 1, 1, 2, 2, 1, 0, 0, 2, 2, 0, 2, 0, 0, 2, 0, 2, 0, 0, 1, 2, 2, 2, 0, 2, 1, 2, 2, 2, 2, 0, 0, 2, 2, 1, 2, 1, 0, 2, 0, 1, 2, 2, 2, 1, 1, 1, 0, 2, 1, 1, 1, 2, 1, 0, 0, 1, 2, 1, 1, 0, 2, 2, 2, 2, 2, 2, 1, 0, 2, 0, 0, 0, 2, 0, 0, 1, 0, 2, 1, 0, 1, 0, 2, 1, 1, 2, 2, 0, 2, 1, 1, 1, 1, 0, 0, 1, 1, 1, 0, 2, 0, 2, 1, 0, 1, 2, 2, 0, 2, 0, 1, 2, 0, 2, 0, 2, 1, 2, 2, 2, 2, 1, 0, 2, 2, 1, 1, 0, 1, 2, 1, 1, 1, 0, 0, 2, 0, 0, 0, 2, 1, 0, 0, 0, 1, 2, 2, 1, 1, 2, 2, 0, 0, 1, 0, 0, 1, 0, 2, 2, 1, 0, 0, 0, 1, 2, 0, 0, 1, 2, 2, 1, 1, 2, 1, 0, 0, 0, 2, 0, 1, 2, 2, 0, 1, 1, 1, 2, 2, 1, 2, 2, 1, 0, 1, 2, 1, 2, 0, 0, 1, 1, 0, 1, 1, 1, 2, 1, 1, 1, 0, 2, 2, 1, 0, 2, 0, 0, 0, 1, 2, 1, 2, 1, 2, 0, 2, 0, 0, 1, 2, 1, 2, 0, 1, 2, 0, 0, 1, 1, 1, 1, 2, 1, 0, 0, 0, 2, 1, 0, 0, 1]
Centroids: [[0.26686984, 0.28118867], [0.14712623, -1.9335182], [0.7471943, 1.7304504]]
Centroids: [[0.8102778, 1.9348814], [0.15532777, -1.9463261], [0.25049546, 0.3015088]]
Contingency Matrix: 
[[  4   0 108]
 [  0 115   1]
 [109   4  12]]
[[4, 0, 108], [0, 115, 1], [109, 4, 12]]
[[4, 0, 108], [0, 115, 1], [109, 4, 12]]
[0, 1, 2]
[[4, -1, 108], [-1, -1, -1], [109, -1, 12]]
[[-1, -1, 108], [-1, -1, -1], [-1, -1, -1]]
[[-1, -1, -1], [-1, -1, -1], [-1, -1, -1]]
Match_Labels: {1: 1, 2: 0, 0: 2}
New Contingency Matrix: 
[[108   0   4]
 [  1 115   0]
 [ 12   4 109]]
New Clustered Label Sequence: [2, 1, 0]
Diagonal_Elements: [108, 115, 109], Sum: 332
All_Elements: [108, 0, 4, 1, 115, 0, 12, 4, 109], Sum: 353
Accuracy: 0.9405099150141643
