Seed: 7
Experiment_path: Random_Seeds_DV5//V5_2/Experiment_05_7_opt_temp
Dataset_Path: ../_00_Datasets/03_SimDaten_Quiroga2020/C_Easy1_noise040.mat
Dataset_name: ['03_SimDaten_Quiroga2020', 'C_Easy1_noise040.mat']
Variant_name: Variant_05_Online_Autoencoder_QLearning_opt_temp
Visualisation_Path: Random_Seeds_DV5//V5_2/Experiment_05_7_opt_temp/C_Easy1_noise040.mat/Variant_05_Online_Autoencoder_QLearning_opt_temp/2023_04_05-09_29_08
Normalisation: False
Template Matching: True
Optimising Autoencoder: True
Update Factor: 100
Noisy Batches: False
Noisy Factor: 0.1
Epochs: 8
Batch Size: 1
maximal Spikes for Autoencoder Training : 700
maximal Spikes for Training: 1000
Input Size: 47
Chosen Model: Autoencoder
Autoencoder(
  (encoder): Sequential(
    (0): Linear(in_features=47, out_features=12, bias=True)
    (1): LeakyReLU(negative_slope=0.01)
    (2): Linear(in_features=12, out_features=2, bias=True)
  )
  (decoder): Sequential(
    (0): Linear(in_features=2, out_features=12, bias=True)
    (1): LeakyReLU(negative_slope=0.01)
    (2): Linear(in_features=12, out_features=47, bias=True)
  )
)
MSELoss()
Adam (
Parameter Group 0
    amsgrad: False
    betas: (0.9, 0.999)
    capturable: False
    differentiable: False
    eps: 1e-08
    foreach: None
    fused: False
    lr: 0.001
    maximize: False
    weight_decay: 0
)
---Q Learning Parameters---
Normalisation: False
Punishment Coefficient: 1.6
Alpha: 0.8
Epsilon: 0.01
Gamma: 0.97
Initial Episode Number: 0
Episode Number Coefficient: 1.4
Number of Random Features: 20
Planning Number: 20
Max Random Features: 60
New Episode Number: 72
New Episode Number: 143
New Episode Number: 215
New Episode Number: 286
                 0      1      2      3      4
new_cluster -39.40 -30.30 -43.62 -34.82 -33.28
c1          -39.58 -28.91 -42.87 -33.61 -34.46
c2          -39.37 -29.17 -44.59 -36.02 -34.89
c3          -39.58 -29.38 -44.09 -33.22 -34.71
c4          -39.58 -29.13 -40.17 -33.03 -34.64
                                 0            1  ...            3            4
new_cluster  [-10.24, new_cluster]  [-0.93, c1]  ...  [-6.69, c3]  [-5.29, c4]
c1           [-10.24, new_cluster]   [-0.3, c1]  ...  [-5.23, c3]  [-5.89, c4]
c2           [-10.24, new_cluster]  [-0.62, c1]  ...  [-7.95, c3]  [-6.15, c4]
c3           [-10.24, new_cluster]  [-0.59, c1]  ...  [-5.33, c3]  [-6.13, c4]
c4           [-10.24, new_cluster]  [-0.51, c1]  ...  [-4.55, c3]  [-6.85, c4]

[5 rows x 5 columns]
