Experiment_path: Random_Seeds//V3/Experiment_03_7
Dataset_Path: ../_00_Datasets/03_SimDaten_Quiroga2020/C_Difficult1_noise005.mat
Dataset_name: ['03_SimDaten_Quiroga2020', 'C_Difficult1_noise005.mat']
Variant_name: Variant_03_PCA_QLearning
Visualisation_Path: Random_Seeds//V3/Experiment_03_7/C_Difficult1_noise005.mat/Variant_03_PCA_QLearning/2023_03_22-09_53_04
Punishment_Coefficient: 0.55
<_01_LoadDataset.ExternCode.spike_class.spike_dataclass object at 0x0000019FE86E0CC0>
Sampling rate: 24000.0
Raw: [-0.02396372 -0.02524464 -0.02236968 ... -0.00445509 -0.00436778
 -0.00470578]
Times: [    634     868    2584 ... 1437994 1438740 1439460]
Cluster: [3 2 3 ... 1 2 3]
Number of different clusters:  3
Number of Spikes: 3383
First aligned Spike Frame: [ 0.00503762 -0.00373478 -0.02417005 -0.05492281 -0.07823403 -0.07649548
 -0.06285267 -0.06865366 -0.09676273 -0.11004904 -0.09516198 -0.02689536
  0.18218225  0.56508663  0.95357316  1.00263054  0.57634096 -0.04324787
 -0.47305592 -0.6155027  -0.61852552 -0.60964372 -0.60484482 -0.57289026
 -0.52334621 -0.49235523 -0.47468281 -0.4416077  -0.40763637 -0.38725194
 -0.36627613 -0.33462257 -0.30781191 -0.30310449 -0.30176569 -0.28764362
 -0.27487686 -0.27588822 -0.27512317 -0.25186462 -0.21649826 -0.18877803
 -0.16831802 -0.15216626 -0.15550926 -0.17919117 -0.19056035]
Cluster 0, Occurrences: 1115
Cluster 1, Occurrences: 1113
Cluster 2, Occurrences: 1155
Number of Samples after PCA: 3383
First Spike Frame after PCA: [0.58557899 0.35107764]
Number of Spikes for Q_Learning: 300
Q_Learning:     0/  300]
Q_Learning:     1/  300]
Q_Learning:     2/  300]
Q_Learning:     3/  300]
Q_Learning:     4/  300]
Q_Learning:     5/  300]
Q_Learning:     6/  300]
Q_Learning:     7/  300]
Q_Learning:     8/  300]
Q_Learning:     9/  300]
Q_Learning:    10/  300]
Q_Learning:    11/  300]
Q_Learning:    12/  300]
Q_Learning:    13/  300]
Q_Learning:    14/  300]
Q_Learning:    15/  300]
Q_Learning:    16/  300]
Q_Learning:    17/  300]
Q_Learning:    18/  300]
Q_Learning:    19/  300]
Q_Learning:    20/  300]
Q_Learning:    21/  300]
Q_Learning:    22/  300]
Q_Learning:    23/  300]
Q_Learning:    24/  300]
Q_Learning:    25/  300]
Q_Learning:    26/  300]
Q_Learning:    27/  300]
Q_Learning:    28/  300]
Q_Learning:    29/  300]
Q_Learning:    30/  300]
Q_Learning:    31/  300]
Q_Learning:    32/  300]
Q_Learning:    33/  300]
Q_Learning:    34/  300]
Q_Learning:    35/  300]
Q_Learning:    36/  300]
Q_Learning:    37/  300]
Q_Learning:    38/  300]
Q_Learning:    39/  300]
Q_Learning:    40/  300]
Q_Learning:    41/  300]
Q_Learning:    42/  300]
Q_Learning:    43/  300]
Q_Learning:    44/  300]
Q_Learning:    45/  300]
Q_Learning:    46/  300]
Q_Learning:    47/  300]
Q_Learning:    48/  300]
Q_Learning:    49/  300]
Q_Learning:    50/  300]
Q_Learning:    51/  300]
Q_Learning:    52/  300]
Q_Learning:    53/  300]
Q_Learning:    54/  300]
Q_Learning:    55/  300]
Q_Learning:    56/  300]
Q_Learning:    57/  300]
Q_Learning:    58/  300]
Q_Learning:    59/  300]
Q_Learning:    60/  300]
Q_Learning:    61/  300]
Q_Learning:    62/  300]
Q_Learning:    63/  300]
Q_Learning:    64/  300]
Q_Learning:    65/  300]
Q_Learning:    66/  300]
Q_Learning:    67/  300]
Q_Learning:    68/  300]
Q_Learning:    69/  300]
Q_Learning:    70/  300]
Q_Learning:    71/  300]
Q_Learning:    72/  300]
Q_Learning:    73/  300]
Q_Learning:    74/  300]
Q_Learning:    75/  300]
Q_Learning:    76/  300]
Q_Learning:    77/  300]
Q_Learning:    78/  300]
Q_Learning:    79/  300]
Q_Learning:    80/  300]
Q_Learning:    81/  300]
Q_Learning:    82/  300]
Q_Learning:    83/  300]
Q_Learning:    84/  300]
Q_Learning:    85/  300]
Q_Learning:    86/  300]
Q_Learning:    87/  300]
Q_Learning:    88/  300]
Q_Learning:    89/  300]
Q_Learning:    90/  300]
Q_Learning:    91/  300]
Q_Learning:    92/  300]
Q_Learning:    93/  300]
Q_Learning:    94/  300]
Q_Learning:    95/  300]
Q_Learning:    96/  300]
Q_Learning:    97/  300]
Q_Learning:    98/  300]
Q_Learning:    99/  300]
Q_Learning:   100/  300]
Q_Learning:   101/  300]
Q_Learning:   102/  300]
Q_Learning:   103/  300]
Q_Learning:   104/  300]
Q_Learning:   105/  300]
Q_Learning:   106/  300]
Q_Learning:   107/  300]
Q_Learning:   108/  300]
Q_Learning:   109/  300]
Q_Learning:   110/  300]
Q_Learning:   111/  300]
Q_Learning:   112/  300]
Q_Learning:   113/  300]
Q_Learning:   114/  300]
Q_Learning:   115/  300]
Q_Learning:   116/  300]
Q_Learning:   117/  300]
Q_Learning:   118/  300]
Q_Learning:   119/  300]
Q_Learning:   120/  300]
Q_Learning:   121/  300]
Q_Learning:   122/  300]
Q_Learning:   123/  300]
Q_Learning:   124/  300]
Q_Learning:   125/  300]
Q_Learning:   126/  300]
Q_Learning:   127/  300]
Q_Learning:   128/  300]
Q_Learning:   129/  300]
Q_Learning:   130/  300]
Q_Learning:   131/  300]
Q_Learning:   132/  300]
Q_Learning:   133/  300]
Q_Learning:   134/  300]
Q_Learning:   135/  300]
Q_Learning:   136/  300]
Q_Learning:   137/  300]
Q_Learning:   138/  300]
Q_Learning:   139/  300]
Q_Learning:   140/  300]
Q_Learning:   141/  300]
Q_Learning:   142/  300]
Q_Learning:   143/  300]
Q_Learning:   144/  300]
Q_Learning:   145/  300]
Q_Learning:   146/  300]
Q_Learning:   147/  300]
Q_Learning:   148/  300]
Q_Learning:   149/  300]
Q_Learning:   150/  300]
Q_Learning:   151/  300]
Q_Learning:   152/  300]
Q_Learning:   153/  300]
Q_Learning:   154/  300]
Q_Learning:   155/  300]
Q_Learning:   156/  300]
Q_Learning:   157/  300]
Q_Learning:   158/  300]
Q_Learning:   159/  300]
Q_Learning:   160/  300]
Q_Learning:   161/  300]
Q_Learning:   162/  300]
Q_Learning:   163/  300]
Q_Learning:   164/  300]
Q_Learning:   165/  300]
Q_Learning:   166/  300]
Q_Learning:   167/  300]
Q_Learning:   168/  300]
Q_Learning:   169/  300]
Q_Learning:   170/  300]
Q_Learning:   171/  300]
Q_Learning:   172/  300]
Q_Learning:   173/  300]
Q_Learning:   174/  300]
Q_Learning:   175/  300]
Q_Learning:   176/  300]
Q_Learning:   177/  300]
Q_Learning:   178/  300]
Q_Learning:   179/  300]
Q_Learning:   180/  300]
Q_Learning:   181/  300]
Q_Learning:   182/  300]
Q_Learning:   183/  300]
Q_Learning:   184/  300]
Q_Learning:   185/  300]
Q_Learning:   186/  300]
Q_Learning:   187/  300]
Q_Learning:   188/  300]
Q_Learning:   189/  300]
Q_Learning:   190/  300]
Q_Learning:   191/  300]
Q_Learning:   192/  300]
Q_Learning:   193/  300]
Q_Learning:   194/  300]
Q_Learning:   195/  300]
Q_Learning:   196/  300]
Q_Learning:   197/  300]
Q_Learning:   198/  300]
Q_Learning:   199/  300]
Q_Learning:   200/  300]
Q_Learning:   201/  300]
Q_Learning:   202/  300]
Q_Learning:   203/  300]
Q_Learning:   204/  300]
Q_Learning:   205/  300]
Q_Learning:   206/  300]
Q_Learning:   207/  300]
Q_Learning:   208/  300]
Q_Learning:   209/  300]
Q_Learning:   210/  300]
Q_Learning:   211/  300]
Q_Learning:   212/  300]
Q_Learning:   213/  300]
Q_Learning:   214/  300]
Q_Learning:   215/  300]
Q_Learning:   216/  300]
Q_Learning:   217/  300]
Q_Learning:   218/  300]
Q_Learning:   219/  300]
Q_Learning:   220/  300]
Q_Learning:   221/  300]
Q_Learning:   222/  300]
Q_Learning:   223/  300]
Q_Learning:   224/  300]
Q_Learning:   225/  300]
Q_Learning:   226/  300]
Q_Learning:   227/  300]
Q_Learning:   228/  300]
Q_Learning:   229/  300]
Q_Learning:   230/  300]
Q_Learning:   231/  300]
Q_Learning:   232/  300]
Q_Learning:   233/  300]
Q_Learning:   234/  300]
Q_Learning:   235/  300]
Q_Learning:   236/  300]
Q_Learning:   237/  300]
Q_Learning:   238/  300]
Q_Learning:   239/  300]
Q_Learning:   240/  300]
Q_Learning:   241/  300]
Q_Learning:   242/  300]
Q_Learning:   243/  300]
Q_Learning:   244/  300]
Q_Learning:   245/  300]
Q_Learning:   246/  300]
Q_Learning:   247/  300]
Q_Learning:   248/  300]
Q_Learning:   249/  300]
Q_Learning:   250/  300]
Q_Learning:   251/  300]
Q_Learning:   252/  300]
Q_Learning:   253/  300]
Q_Learning:   254/  300]
Q_Learning:   255/  300]
Q_Learning:   256/  300]
Q_Learning:   257/  300]
Q_Learning:   258/  300]
Q_Learning:   259/  300]
Q_Learning:   260/  300]
Q_Learning:   261/  300]
Q_Learning:   262/  300]
Q_Learning:   263/  300]
Q_Learning:   264/  300]
Q_Learning:   265/  300]
Q_Learning:   266/  300]
Q_Learning:   267/  300]
Q_Learning:   268/  300]
Q_Learning:   269/  300]
Q_Learning:   270/  300]
Q_Learning:   271/  300]
Q_Learning:   272/  300]
Q_Learning:   273/  300]
Q_Learning:   274/  300]
Q_Learning:   275/  300]
Q_Learning:   276/  300]
Q_Learning:   277/  300]
Q_Learning:   278/  300]
Q_Learning:   279/  300]
Q_Learning:   280/  300]
Q_Learning:   281/  300]
Q_Learning:   282/  300]
Q_Learning:   283/  300]
Q_Learning:   284/  300]
Q_Learning:   285/  300]
Q_Learning:   286/  300]
Q_Learning:   287/  300]
Q_Learning:   288/  300]
Q_Learning:   289/  300]
Q_Learning:   290/  300]
Q_Learning:   291/  300]
Q_Learning:   292/  300]
Q_Learning:   293/  300]
Q_Learning:   294/  300]
Q_Learning:   295/  300]
Q_Learning:   296/  300]
Q_Learning:   297/  300]
Q_Learning:   298/  300]
Q_Learning:   299/  300]
[0, 1, 0, 0, 1, 0, 1, 2, 2, 2, 1, 1, 1, 1, 2, 1, 0, 2, 2, 2, 2, 0, 0, 2, 0, 1, 0, 2, 1, 2, 2, 2, 1, 2, 0, 2, 2, 0, 1, 1, 1, 0, 1, 2, 1, 0, 3, 3, 0, 1, 1, 2, 2, 2, 2, 0, 0, 2, 2, 1, 2, 0, 2, 0, 1, 2, 0, 2, 2, 2, 0, 0, 1, 1, 2, 0, 0, 1, 1, 2, 0, 0, 1, 2, 3, 3, 2, 0, 2, 1, 2, 2, 1, 0, 1, 2, 2, 2, 0, 1, 1, 2, 0, 2, 1, 0, 2, 0, 1, 0, 0, 0, 1, 1, 1, 0, 0, 1, 0, 2, 1, 2, 2, 0, 1, 1, 0, 1, 1, 1, 1, 2, 1, 2, 1, 0, 2, 2, 0, 1, 2, 2, 2, 0, 0, 2, 0, 1, 1, 2, 1, 1, 2, 1, 0, 1, 1, 2, 2, 0, 2, 2, 0, 2, 0, 2, 1, 0, 2, 2, 1, 2, 1, 2, 2, 0, 2, 4, 4, 1, 0, 2, 0, 0, 2, 2, 1, 1, 0, 0, 1, 2, 0, 3, 3, 0, 1, 1, 1, 0, 1, 0, 0, 2, 2, 0, 0, 0, 0, 1, 2, 2, 2, 0, 0, 2, 1, 2, 1, 2, 1, 1, 0, 0, 0, 2, 1, 2, 1, 2, 2, 1, 0, 0, 1, 1, 2, 1, 1, 0, 2, 2, 2, 2, 2, 2, 0, 0, 1, 0, 2, 1, 0, 0, 1, 2, 0, 2, 0, 1, 1, 1, 0, 1, 5, 4, 0, 2, 0, 0, 1, 1, 2, 2, 0, 2, 1, 2, 0, 2, 1, 2, 2, 0, 0, 1, 0, 0, 0, 0, 0, 1, 2, 0, 1, 2, 0, 1, 2, 2]
{'c1': [array([0.6143952 , 0.41494845, 0.79689899, 0.81505513, 0.88143294,
       0.81204328, 0.84566224, 0.82827129, 0.72729035, 0.9835676 ,
       0.70178464, 0.5750965 , 1.04779969, 0.7269069 , 0.90379055,
       0.84877196, 0.27112204, 0.32069292, 0.6629708 , 0.81471991,
       0.57281099, 0.82308735, 0.8478676 , 0.77015966, 0.39242285,
       0.78358848, 0.667877  , 0.86751244, 0.51332104, 0.61429198,
       0.59935967, 0.8033207 , 1.15096611, 0.81322256, 0.78510011,
       0.90516345, 0.58594841, 0.67963964, 0.60640433, 0.7191943 ,
       1.06865438, 0.83169815, 0.70373766, 0.82489363, 0.63870641,
       0.53224503, 0.85690119, 0.65764059, 0.68313607, 0.56364457,
       0.71880419, 0.49794691, 0.73088377, 0.89990364, 0.64052779,
       0.93662365, 0.62841828, 0.53028403, 0.58517758, 0.78663699]), array([ 0.28512339, -0.27432124,  0.38680502, -0.24448132, -0.08553151,
        0.26331021,  0.28185459, -0.19430404, -0.03938279,  0.17043218,
        0.04282838, -0.32314747,  0.28699146, -0.29139709,  0.25428964,
        0.22840623,  0.23217716, -0.30189291, -0.08024208, -0.12410332,
        0.25204063, -0.1673175 ,  0.36438421,  0.13471349, -0.30637089,
        0.16829541,  0.22504087,  0.00446683, -0.1792023 ,  0.09478789,
       -0.38607799,  0.02761012,  0.44959922, -0.29671143, -0.2766157 ,
       -0.28277736, -0.35926284, -0.07611331, -0.17475392,  0.40048787,
        0.00891559,  0.11373659, -0.34389064, -0.12309329, -0.04204794,
        0.24006215, -0.01092474, -0.15787706,  0.40415512,  0.33748001,
       -0.2303063 ,  0.17722069,  0.00271285,  0.20180563,  0.07300149,
       -0.05793972,  0.05168668, -0.05660062, -0.33497281,  0.10591357])], 'c2': [array([-0.23992742, -0.42622577, -0.55532539, -0.25372365, -0.42246802,
       -0.2397292 , -0.4138513 , -0.57479937, -0.511611  , -0.24112114,
       -0.33509733, -0.50171097,  0.03598545, -0.45338676, -0.67743527,
       -0.18973738, -0.24351893, -0.27891629, -0.45412882, -0.31174964,
       -0.29830747, -0.42464473, -0.44864665, -0.40698862, -0.34447586,
       -0.27205594, -0.20173608, -0.59136839, -0.32634378, -0.47036605,
       -0.21793698, -0.78837357, -0.42654979, -0.45030989, -0.35963517,
       -0.3817296 , -0.61514907, -0.53570378, -0.71737992, -0.42638204,
        0.00560368, -0.36573506, -0.37748262, -0.51343281, -0.58893077,
       -0.27006496, -0.13674563, -0.30516214, -0.41530509, -0.29668627,
       -0.44166421, -0.15679425, -0.37564351, -0.0522766 , -0.67790412,
       -0.42054967, -0.46795571, -0.56453655, -0.16875741, -0.22663575]), array([-0.44078523, -0.339907  , -0.33102637, -0.29616663, -0.65980401,
       -0.42358563, -0.59692361, -0.64957472, -0.46409999, -0.15464919,
       -0.56078885, -0.77281343, -0.49783289, -0.24296973, -0.77585564,
       -0.02855803, -0.34330463, -0.27096816, -0.74965188, -0.72271912,
       -0.44437593, -0.53990433, -0.65682129, -0.19420589, -0.58859507,
       -0.74214909, -0.50920445, -0.65079009, -0.63321439, -0.39542849,
       -0.28712748, -0.59281927, -0.38807327, -0.43454365, -0.29856764,
       -0.25283183, -0.77327292, -0.49368174, -0.51174702, -0.33847273,
       -0.2380359 , -0.49462859, -0.6401543 , -0.60365739, -0.67930128,
       -0.36189393, -0.40768713, -0.45716078, -0.76723672, -0.71383404,
       -0.49098779, -0.62656136, -0.44886751, -0.3843297 , -0.43520654,
       -0.3054888 , -0.29247304, -0.3064839 , -0.54657514, -0.90737946])], 'c3': [array([-0.50878468, -0.12641341, -0.28740027, -0.7820668 , -0.65336718,
       -0.39172937, -0.81613849, -0.46298215, -0.715583  , -0.53984187,
       -0.52590549, -0.68576006, -0.79980332, -0.46036686, -0.18267169,
       -0.25799765, -0.42893105, -0.69086053, -0.60314849, -0.25891012,
       -0.37728076, -0.41236784,  0.15392593, -0.69336794, -0.36705434,
       -0.07188964, -0.39892718, -0.74470217, -0.76791397, -0.48381877,
       -0.25775491, -0.23281845, -0.58580358, -0.5972556 , -0.55016814,
       -0.81676475, -0.12662193, -0.33601709, -0.96649998, -0.70123418,
       -0.71385449, -0.69099085, -0.62242995, -0.45875387, -0.50877293,
       -0.43179728, -0.45131182, -0.39719153, -0.45114826, -0.18618175,
       -0.87929622, -0.42619157, -0.41956552, -0.26116313, -0.49697126,
       -0.70903327, -0.43233103, -0.31566924,  0.03309781, -0.57666302]), array([0.57878566, 0.53486682, 0.53871787, 0.44487941, 0.45159587,
       0.42358585, 0.21667593, 0.61357832, 0.70095241, 0.70367963,
       0.19895281, 0.46885233, 0.41869653, 0.26191032, 0.36231256,
       0.457155  , 0.43041678, 0.26164003, 0.15739816, 0.21391617,
       0.32493392, 0.07577837, 0.63206554, 0.59583913, 0.35993027,
       0.31915366, 0.16448193, 0.76850397, 0.78173755, 0.61411677,
       0.44500061, 0.25078464, 0.49776095, 0.76999605, 0.26145758,
       0.63530871, 0.71253925, 0.31534322, 0.05192558, 0.33901868,
       0.09550588, 0.49694462, 0.78124638, 0.28935775, 0.38795435,
       0.26612122, 0.74648068, 0.11024828, 0.28352639, 0.41466958,
       0.21712536, 0.57758157, 0.49052195, 0.28190953, 0.72566964,
       0.42037734, 0.2302503 , 0.49231146, 0.19346009, 0.32412731])], 'c4': [array([2.44262225, 2.44262225, 1.61835229, 1.61835229, 2.01756949,
       2.01756949]), array([-0.52652792, -0.52652792, -0.39718903, -0.39718903, -0.30735113,
       -0.30735113])], 'c5': [array([1.74402243, 1.74402243, 1.3734494 ]), array([0.76764458, 0.76764458, 0.9972755 ])], 'c6': [array([0.9855897]), array([-1.42319103])]}
Centroids: [[-0.43600487628586004, 0.42141729630785674], [-0.30744632413153833, -0.49790951527272026], [0.794360760043008, 0.03267727915623877]]
Centroids: [[0.7356456907576221, 0.03398481218519623], [-0.39749561772785835, -0.487621492321233], [-0.5005511632141625, 0.4168691364432498], [2.0261813391136605, -0.41035602508125196], [1.6204980869588914, 0.8441882196285125], [0.9855896962463859, -1.4231910278975664]]
Contingency Matrix: 
[[  2   1 104   1   1   0]
 [  2  90   1   2   0   1]
 [ 90   0   0   3   2   0]]
[[-1, -1, -1, -1, -1, -1], [2, 90, -1, 2, 0, 1], [90, 0, -1, 3, 2, 0]]
[[-1, -1, -1, -1, -1, -1], [-1, -1, -1, -1, -1, -1], [90, -1, -1, 3, 2, 0]]
[[-1, -1, -1, -1, -1, -1], [-1, -1, -1, -1, -1, -1], [-1, -1, -1, -1, -1, -1]]
Match_Labels: {0: 2, 1: 1, 2: 0}
New Contingency Matrix: 
[[104   1   2   1   1   0]
 [  1  90   2   2   0   1]
 [  0   0  90   3   2   0]]
New Clustered Label Sequence: [2, 1, 0, 3, 4, 5]
Diagonal_Elements: [104, 90, 90], Sum: 284
All_Elements: [104, 1, 2, 1, 1, 0, 1, 90, 2, 2, 0, 1, 0, 0, 90, 3, 2, 0], Sum: 300
Accuracy: 0.9466666666666667
