Seed: 0
Experiment_path: Experiment_05
Dataset_Path: ../_00_Datasets/03_SimDaten_Quiroga2020/C_Easy1_noise020.mat
Dataset_name: ['03_SimDaten_Quiroga2020', 'C_Easy1_noise020.mat']
Variant_name: Variant_05_Online_Autoencoder_QLearning
Visualisation_Path: AE_Model_2/Epochs_GS_PC//V5_20/C_Easy1_noise020.mat/Variant_05_Online_Autoencoder_QLearning/0.7
Normalisation: False
Template Matching: False
Optimising Autoencoder: False
Update Factor: 1
Noisy Batches: False
Noisy Factor: 0.001
Epochs: 20
Batch Size: 1
maximal Spikes for Autoencoder Training : 700
maximal Spikes for Training: 1000
Input Size: 47
Chosen Model: Convolutional Autoencoder
ConvolutionalAutoencoder(
  (encoder): Sequential(
    (0): Conv1d(1, 6, kernel_size=(6,), stride=(1,))
    (1): LeakyReLU(negative_slope=0.01)
    (2): Conv1d(6, 1, kernel_size=(6,), stride=(1,))
    (3): Flatten(start_dim=1, end_dim=-1)
    (4): Linear(in_features=37, out_features=2, bias=True)
  )
  (decoder): Sequential(
    (0): ConvTranspose1d(1, 6, kernel_size=(6,), stride=(1,))
    (1): LeakyReLU(negative_slope=0.01)
    (2): ConvTranspose1d(6, 1, kernel_size=(6,), stride=(1,))
    (3): Flatten(start_dim=1, end_dim=-1)
    (4): Linear(in_features=12, out_features=47, bias=True)
  )
)
MSELoss()
Adam (
Parameter Group 0
    amsgrad: False
    betas: (0.9, 0.999)
    capturable: False
    differentiable: False
    eps: 1e-08
    foreach: None
    fused: False
    lr: 0.001
    maximize: False
    weight_decay: 0
)
---Q Learning Parameters---
Normalisation: False
Punishment Coefficient: 0.7
Alpha: 0.8
Epsilon: 0.01
Gamma: 0.97
Initial Episode Number: 0
Episode Number Coefficient: 1.4
Number of Random Features: 20
Planning Number: 20
Max Random Features: 60
New Episode Number: 72
New Episode Number: 143
New Episode Number: 215
New Episode Number: 286
New Episode Number: 358
New Episode Number: 429
                0     1     2     3     4      5     6
new_cluster -3.06 -1.09 -4.13 -7.74 -7.72 -17.83 -1.78
c1          -3.03 -1.06 -4.49 -8.09 -7.33 -17.83 -1.67
c2          -3.12 -1.20 -4.05 -8.20 -7.94 -17.83 -1.63
c3          -3.10 -1.09 -3.98 -8.59 -7.95 -17.83 -1.63
c4          -3.04 -1.09 -4.38 -7.80 -7.42 -17.83 -1.61
c5          -3.03 -1.14 -3.95 -7.71 -7.99 -17.83 -1.75
c6          -3.02 -1.12 -4.34 -9.03 -7.25 -17.83 -1.54
\begin{tabular}{lrrrrrrr}
\toprule
{} &     0 &     1 &     2 &     3 &     4 &      5 &     6 \\
\midrule
new\_cluster & -3.06 & -1.09 & -4.13 & -7.74 & -7.72 & -17.83 & -1.78 \\
c1          & -3.03 & -1.06 & -4.49 & -8.09 & -7.33 & -17.83 & -1.67 \\
c2          & -3.12 & -1.20 & -4.05 & -8.20 & -7.94 & -17.83 & -1.63 \\
c3          & -3.10 & -1.09 & -3.98 & -8.59 & -7.95 & -17.83 & -1.63 \\
c4          & -3.04 & -1.09 & -4.38 & -7.80 & -7.42 & -17.83 & -1.61 \\
c5          & -3.03 & -1.14 & -3.95 & -7.71 & -7.99 & -17.83 & -1.75 \\
c6          & -3.02 & -1.12 & -4.34 & -9.03 & -7.25 & -17.83 & -1.54 \\
\bottomrule
\end{tabular}

                                0            1  ...             5            6
new_cluster  [-1.96, new_cluster]  [-0.04, c1]  ...  [-16.52, c5]  [-0.68, c6]
c1           [-1.96, new_cluster]  [-0.02, c1]  ...  [-16.52, c5]  [-0.56, c6]
c2           [-1.96, new_cluster]  [-0.06, c1]  ...  [-16.52, c5]  [-0.53, c6]
c3           [-1.96, new_cluster]  [-0.02, c1]  ...  [-16.52, c5]  [-0.53, c6]
c4           [-1.96, new_cluster]  [-0.05, c1]  ...  [-16.52, c5]  [-0.51, c6]
c5           [-1.96, new_cluster]  [-0.06, c1]  ...  [-16.52, c5]  [-0.59, c6]
c6           [-1.96, new_cluster]  [-0.04, c1]  ...  [-16.52, c5]  [-0.43, c6]

[7 rows x 7 columns]
\begin{tabular}{llllllll}
\toprule
{} &                     0 &            1 &            2 &            3 &            4 &             5 &            6 \\
\midrule
new\_cluster &  [-1.96, new\_cluster] &  [-0.04, c1] &  [-2.97, c2] &  [-6.69, c3] &  [-6.66, c4] &  [-16.52, c5] &  [-0.68, c6] \\
c1          &  [-1.96, new\_cluster] &  [-0.02, c1] &  [-3.27, c2] &  [-6.95, c3] &  [-6.25, c4] &  [-16.52, c5] &  [-0.56, c6] \\
c2          &  [-1.96, new\_cluster] &  [-0.06, c1] &  [-2.89, c2] &  [-7.14, c3] &   [-6.8, c4] &  [-16.52, c5] &  [-0.53, c6] \\
c3          &  [-1.96, new\_cluster] &  [-0.02, c1] &  [-2.82, c2] &  [-7.44, c3] &  [-6.88, c4] &  [-16.52, c5] &  [-0.53, c6] \\
c4          &  [-1.96, new\_cluster] &  [-0.05, c1] &  [-3.21, c2] &  [-6.74, c3] &  [-6.28, c4] &  [-16.52, c5] &  [-0.51, c6] \\
c5          &  [-1.96, new\_cluster] &  [-0.06, c1] &  [-2.78, c2] &  [-6.65, c3] &  [-6.85, c4] &  [-16.52, c5] &  [-0.59, c6] \\
c6          &  [-1.96, new\_cluster] &  [-0.04, c1] &  [-3.18, c2] &  [-7.91, c3] &  [-6.14, c4] &  [-16.52, c5] &  [-0.43, c6] \\
\bottomrule
\end{tabular}

