Experiment_path: AE_Model_1/Random_Seeds//V4/Experiment_04_7
Dataset_Path: ../_00_Datasets/03_SimDaten_Quiroga2020/C_Difficult2_noise005.mat
Dataset_name: ['03_SimDaten_Quiroga2020', 'C_Difficult2_noise005.mat']
Variant_name: Variant_04_Offline_Autoencoder_QLearning
Visualisation_Path: Random_Seeds//V4/Experiment_04_7/C_Difficult2_noise005.mat/Variant_04_Offline_Autoencoder_QLearning/2023_04_15-12_36_07
Punishment_Coefficient: 0.4
<_01_LoadDataset.ExternCode.spike_class.spike_dataclass object at 0x000001F2BFEFF278>
Sampling rate: 24000.0
Raw: [ 0.02085333  0.02043967  0.02052644 ... -0.02218732 -0.02150573
 -0.01811243]
Times: [   1583    1934    2430 ... 1439313 1439656 1439854]
Cluster: [3 3 3 ... 2 2 1]
Number of different clusters:  3
Number of Spikes: 3364
First aligned Spike Frame: [-0.05170878 -0.0548761  -0.06029554 -0.06053219 -0.04807119 -0.02780025
 -0.01550543 -0.01702494 -0.02945104 -0.04493807 -0.07056858 -0.07003585
  0.07629654  0.43081562  0.80470191  0.96319627  0.89198123  0.73643948
  0.58987232  0.46714337  0.36345495  0.2828462   0.22743292  0.182731
  0.13931053  0.09524506  0.05136602  0.01367166 -0.01393093 -0.03985679
 -0.07387102 -0.11218435 -0.1444455  -0.16672578 -0.17809238 -0.18020802
 -0.17953732 -0.18246903 -0.18617363 -0.18205375 -0.17299738 -0.16958427
 -0.17248955 -0.17516876 -0.1727246  -0.16696514 -0.15993314]
Cluster 0, Occurrences: 1120
Cluster 1, Occurrences: 1109
Cluster 2, Occurrences: 1135
Train Index: 3028
x_train: 3028
y_train: 3028
x_test: 336
y_test: 336
<torch.utils.data.dataloader.DataLoader object at 0x000001F2BFE58048>
<torch.utils.data.dataloader.DataLoader object at 0x000001F2BFE58EB8>
Epoch [1/8]: mean_loss=0.00015792427520708107
Epoch [2/8]: mean_loss=7.203179943302088e-05
Epoch [3/8]: mean_loss=7.069184281601837e-05
Epoch [4/8]: mean_loss=6.93427226253966e-05
Epoch [5/8]: mean_loss=6.812006811278564e-05
Epoch [6/8]: mean_loss=6.705689470959111e-05
Epoch [7/8]: mean_loss=6.589834797709733e-05
Epoch [8/8]: mean_loss=6.508879778987286e-05
Number of Clusters: 3
Number of Samples after Autoencoder testing: 336
First Spike after testing: [0.53435206 0.16536509]
[0, 1, 0, 1, 0, 1, 2, 1, 1, 2, 0, 2, 0, 2, 0, 2, 0, 1, 1, 0, 2, 0, 1, 0, 0, 1, 0, 0, 2, 0, 1, 2, 1, 1, 0, 2, 1, 1, 1, 1, 2, 2, 0, 0, 2, 0, 0, 0, 2, 1, 0, 1, 1, 2, 1, 1, 1, 0, 1, 0, 1, 0, 2, 1, 2, 0, 1, 0, 1, 2, 1, 0, 1, 1, 0, 0, 1, 0, 2, 1, 2, 0, 2, 2, 1, 2, 2, 0, 0, 1, 2, 2, 2, 1, 0, 0, 0, 2, 1, 2, 2, 0, 1, 0, 1, 1, 1, 1, 1, 2, 2, 0, 2, 0, 0, 0, 1, 2, 1, 2, 2, 0, 2, 0, 0, 0, 2, 2, 1, 2, 0, 0, 0, 2, 0, 2, 0, 1, 0, 2, 2, 0, 2, 1, 2, 1, 2, 0, 1, 1, 2, 2, 2, 0, 1, 2, 2, 1, 2, 1, 2, 2, 1, 0, 0, 1, 2, 2, 1, 0, 0, 1, 1, 0, 1, 1, 1, 2, 1, 2, 2, 0, 0, 0, 2, 1, 0, 0, 0, 1, 0, 2, 0, 2, 1, 2, 1, 2, 0, 2, 0, 1, 1, 2, 2, 2, 2, 1, 0, 2, 1, 2, 2, 1, 2, 0, 1, 0, 2, 2, 1, 0, 1, 2, 0, 2, 2, 2, 2, 2, 1, 0, 1, 1, 0, 0, 2, 0, 1, 2, 1, 1, 1, 0, 0, 0, 1, 2, 1, 0, 0, 0, 2, 1, 1, 2, 2, 0, 1, 2, 2, 0, 1, 2, 2, 0, 1, 1, 2, 0, 1, 2, 0, 2, 0, 1, 2, 0, 0, 1, 0, 2, 1, 0, 2, 2, 1, 2, 0, 0, 1, 0, 1, 2, 0, 1, 2, 1, 1, 0, 0, 0, 2, 2, 2, 1, 0, 2, 0, 2, 2, 0, 0, 1, 2, 0, 1, 2, 0, 0, 1, 2, 0, 1, 1, 1, 0, 2, 1, 1, 0, 1, 1, 1, 1, 0]
[0, 1, 0, 2, 0, 2, 3, 2, 2, 3, 0, 3, 0, 3, 0, 3, 0, 2, 2, 0, 3, 0, 2, 0, 0, 2, 0, 0, 3, 0, 2, 3, 2, 2, 0, 3, 2, 2, 2, 2, 3, 3, 0, 0, 3, 0, 0, 0, 3, 2, 0, 2, 2, 3, 2, 2, 2, 0, 2, 0, 2, 0, 3, 2, 3, 0, 2, 0, 2, 3, 2, 0, 2, 2, 0, 0, 2, 0, 3, 4, 5, 0, 3, 3, 2, 5, 3, 0, 0, 2, 3, 3, 3, 2, 0, 0, 0, 3, 2, 3, 4, 0, 2, 0, 2, 2, 2, 2, 2, 3, 3, 0, 3, 0, 0, 0, 2, 3, 2, 3, 3, 0, 3, 0, 0, 0, 3, 3, 2, 3, 0, 0, 0, 3, 0, 3, 0, 2, 0, 3, 3, 0, 3, 2, 3, 2, 3, 0, 2, 2, 3, 3, 3, 0, 2, 3, 3, 2, 3, 2, 3, 3, 2, 0, 0, 2, 3, 3, 2, 0, 0, 2, 2, 0, 2, 2, 2, 6, 2, 3, 3, 0, 0, 0, 3, 2, 0, 0, 0, 2, 0, 3, 0, 3, 2, 3, 2, 3, 0, 3, 0, 2, 2, 3, 3, 3, 3, 2, 0, 3, 2, 3, 3, 2, 3, 0, 2, 0, 3, 3, 2, 0, 2, 3, 0, 3, 3, 3, 3, 3, 2, 0, 2, 2, 5, 0, 3, 0, 2, 3, 2, 2, 2, 0, 0, 0, 2, 6, 2, 6, 0, 0, 3, 2, 2, 3, 3, 0, 6, 3, 3, 3, 6, 3, 3, 0, 2, 2, 3, 0, 2, 3, 0, 3, 0, 2, 3, 0, 0, 1, 0, 3, 2, 0, 3, 3, 1, 3, 0, 0, 2, 0, 2, 3, 0, 2, 3, 2, 2, 0, 0, 0, 3, 3, 3, 2, 0, 3, 0, 3, 3, 0, 0, 2, 7, 0, 2, 3, 0, 0, 2, 3, 0, 2, 2, 2, 0, 3, 2, 2, 0, 2, 2, 2, 2, 0]
Centroids: [[0.57602763, 0.2677356], [-1.0666662, -0.76195955], [0.2938823, -0.40031138]]
Centroids: [[0.58161396, 0.26445618], [-1.7206484, 0.53356594], [-1.0541811, -0.79913145], [0.2871489, -0.43940064], [-0.29745716, -1.074968], [1.5759348, 0.03643182], [-0.6373945, 0.6089552], [-0.21063647, 0.06948464]]
Contingency Matrix: 
[[110   0   0   1   0   1   1   0]
 [  0   3 106   0   1   0   2   0]
 [  0   0   0 105   1   2   2   1]]
[[110, 0, 0, 1, 0, 1, 1, 0], [0, 3, 106, 0, 1, 0, 2, 0], [0, 0, 0, 105, 1, 2, 2, 1]]
[[110, 0, 0, 1, 0, 1, 1, 0], [0, 3, 106, 0, 1, 0, 2, 0], [0, 0, 0, 105, 1, 2, 2, 1]]
[0, 1, 2, 3, 4, 5, 6, 7]
[[-1, -1, -1, -1, -1, -1, -1, -1], [-1, 3, 106, 0, 1, 0, 2, 0], [-1, 0, 0, 105, 1, 2, 2, 1]]
[[-1, -1, -1, -1, -1, -1, -1, -1], [-1, -1, -1, -1, -1, -1, -1, -1], [-1, 0, -1, 105, 1, 2, 2, 1]]
[[-1, -1, -1, -1, -1, -1, -1, -1], [-1, -1, -1, -1, -1, -1, -1, -1], [-1, -1, -1, -1, -1, -1, -1, -1]]
Match_Labels: {0: 0, 1: 2, 2: 3}
New Contingency Matrix: 
[[110   0   1   0   0   1   1   0]
 [  0 106   0   3   1   0   2   0]
 [  0   0 105   0   1   2   2   1]]
New Clustered Label Sequence: [0, 2, 3, 1, 4, 5, 6, 7]
Diagonal_Elements: [110, 106, 105], Sum: 321
All_Elements: [110, 0, 1, 0, 0, 1, 1, 0, 0, 106, 0, 3, 1, 0, 2, 0, 0, 0, 105, 0, 1, 2, 2, 1], Sum: 336
Accuracy: 0.9553571428571429
