Seed: 0
Experiment_path: Experiment_03
Dataset_Path: ../_00_Datasets/03_SimDaten_Quiroga2020/C_Easy1_noise010.mat
Dataset_name: ['03_SimDaten_Quiroga2020', 'C_Easy1_noise010.mat']
Variant_name: Variant_03_PCA_QLearning
Visualisation_Path: Grid_Search_PC//V3/C_Easy1_noise010.mat/Variant_03_PCA_QLearning/2023_04_07-18_29_08
PCA Components: 2
Q Learning Size: 300
---Q Learning Parameters---
Normalisation: False
Punishment Coefficient: 0.7000000000000002
Alpha: 0.8
Epsilon: 0.01
Gamma: 0.97
Initial Episode Number: 0
Episode Number Coefficient: 1.4
Number of Random Features: 20
Planning Number: 20
Max Random Features: 60
New Episode Number: 72
New Episode Number: 143
New Episode Number: 215
New Episode Number: 286
New Episode Number: 358
New Episode Number: 429
New Episode Number: 500
New Episode Number: 572
New Episode Number: 643
New Episode Number: 715
               0     1      2      3      4   ...     6      7      8     9      10
new_cluster -6.23 -4.38 -19.67 -19.86 -29.00  ... -12.63 -16.08 -20.34 -6.16 -23.36
c1          -6.21 -4.38 -19.93 -19.14 -27.79  ... -12.63 -16.04 -20.34 -6.53 -21.42
c2          -6.21 -4.44 -20.36 -19.36 -28.71  ... -12.63 -16.05 -20.33 -6.31 -23.69
c3          -6.21 -4.34 -19.86 -18.63 -28.20  ... -12.63 -16.05 -20.34 -6.58 -26.31
c4          -6.21 -4.51 -19.76 -19.37 -29.09  ... -12.63 -16.08 -20.34 -6.61 -23.13
c5          -6.23 -4.35 -18.90 -19.40 -28.66  ... -12.69 -16.08 -20.35 -6.52 -17.06
c6          -6.21 -4.39 -19.15 -19.77 -29.02  ... -12.63 -16.08 -20.34 -6.55 -22.23
c7          -6.21 -4.51 -19.42 -19.23 -28.95  ... -12.63 -16.04 -20.31 -6.38 -18.89
c8          -6.21 -4.42 -19.18 -19.53 -28.41  ... -12.63 -16.05 -20.35 -6.49 -21.57
c9          -6.21 -4.38 -19.42 -18.99 -28.80  ... -12.63 -16.04 -20.33 -6.43 -25.92
c10         -6.21 -4.35 -20.32 -18.82 -27.70  ... -12.64 -16.08 -20.33 -6.33   0.00

[11 rows x 11 columns]
\begin{tabular}{lrrrrrrrrrrr}
\toprule
{} &    0  &    1  &     2  &     3  &     4  &    5  &     6  &     7  &     8  &    9  &     10 \\
\midrule
new\_cluster & -6.23 & -4.38 & -19.67 & -19.86 & -29.00 & -8.41 & -12.63 & -16.08 & -20.34 & -6.16 & -23.36 \\
c1          & -6.21 & -4.38 & -19.93 & -19.14 & -27.79 & -8.43 & -12.63 & -16.04 & -20.34 & -6.53 & -21.42 \\
c2          & -6.21 & -4.44 & -20.36 & -19.36 & -28.71 & -8.42 & -12.63 & -16.05 & -20.33 & -6.31 & -23.69 \\
c3          & -6.21 & -4.34 & -19.86 & -18.63 & -28.20 & -8.41 & -12.63 & -16.05 & -20.34 & -6.58 & -26.31 \\
c4          & -6.21 & -4.51 & -19.76 & -19.37 & -29.09 & -8.40 & -12.63 & -16.08 & -20.34 & -6.61 & -23.13 \\
c5          & -6.23 & -4.35 & -18.90 & -19.40 & -28.66 & -8.43 & -12.69 & -16.08 & -20.35 & -6.52 & -17.06 \\
c6          & -6.21 & -4.39 & -19.15 & -19.77 & -29.02 & -8.43 & -12.63 & -16.08 & -20.34 & -6.55 & -22.23 \\
c7          & -6.21 & -4.51 & -19.42 & -19.23 & -28.95 & -8.44 & -12.63 & -16.04 & -20.31 & -6.38 & -18.89 \\
c8          & -6.21 & -4.42 & -19.18 & -19.53 & -28.41 & -8.40 & -12.63 & -16.05 & -20.35 & -6.49 & -21.57 \\
c9          & -6.21 & -4.38 & -19.42 & -18.99 & -28.80 & -8.43 & -12.63 & -16.04 & -20.33 & -6.43 & -25.92 \\
c10         & -6.21 & -4.35 & -20.32 & -18.82 & -27.70 & -8.48 & -12.64 & -16.08 & -20.33 & -6.33 &   0.00 \\
\bottomrule
\end{tabular}

                               0            1   ...           9              10
new_cluster  [-1.96, new_cluster]   [-0.1, c1]  ...  [-1.86, c9]  [-23.36, c10]
c1           [-1.96, new_cluster]  [-0.12, c1]  ...  [-2.22, c9]  [-21.42, c10]
c2           [-1.96, new_cluster]  [-0.19, c1]  ...   [-2.0, c9]  [-23.69, c10]
c3           [-1.96, new_cluster]  [-0.09, c1]  ...  [-2.29, c9]  [-26.31, c10]
c4           [-1.96, new_cluster]  [-0.18, c1]  ...  [-2.31, c9]  [-23.13, c10]
c5           [-1.96, new_cluster]  [-0.06, c1]  ...  [-2.22, c9]  [-17.06, c10]
c6           [-1.96, new_cluster]  [-0.11, c1]  ...  [-2.24, c9]  [-22.23, c10]
c7           [-1.96, new_cluster]  [-0.21, c1]  ...  [-2.09, c9]  [-18.89, c10]
c8           [-1.96, new_cluster]  [-0.15, c1]  ...   [-2.2, c9]  [-21.57, c10]
c9           [-1.96, new_cluster]  [-0.12, c1]  ...   [-2.1, c9]  [-25.92, c10]
c10          [-1.96, new_cluster]  [-0.08, c1]  ...  [-2.07, c9]          [0, ]

[11 rows x 11 columns]
\begin{tabular}{llllllllllll}
\toprule
{} &                    0  &           1  &            2  &            3  &            4  &           5  &           6  &            7  &            8  &           9  &             10 \\
\midrule
new\_cluster &  [-1.96, new\_cluster] &   [-0.1, c1] &  [-15.35, c2] &  [-15.61, c3] &  [-24.62, c4] &  [-4.21, c5] &  [-8.36, c6] &  [-11.66, c7] &  [-16.02, c8] &  [-1.86, c9] &  [-23.36, c10] \\
c1          &  [-1.96, new\_cluster] &  [-0.12, c1] &  [-15.56, c2] &  [-14.89, c3] &  [-23.42, c4] &  [-4.21, c5] &  [-8.36, c6] &  [-11.66, c7] &  [-16.02, c8] &  [-2.22, c9] &  [-21.42, c10] \\
c2          &  [-1.96, new\_cluster] &  [-0.19, c1] &   [-16.0, c2] &  [-15.12, c3] &  [-24.34, c4] &  [-4.21, c5] &  [-8.36, c6] &  [-11.66, c7] &  [-16.02, c8] &   [-2.0, c9] &  [-23.69, c10] \\
c3          &  [-1.96, new\_cluster] &  [-0.09, c1] &  [-15.51, c2] &   [-14.4, c3] &  [-23.83, c4] &  [-4.21, c5] &  [-8.36, c6] &  [-11.66, c7] &  [-16.02, c8] &  [-2.29, c9] &  [-26.31, c10] \\
c4          &  [-1.96, new\_cluster] &  [-0.18, c1] &  [-15.39, c2] &  [-15.14, c3] &  [-24.74, c4] &  [-4.21, c5] &  [-8.36, c6] &  [-11.66, c7] &  [-16.02, c8] &  [-2.31, c9] &  [-23.13, c10] \\
c5          &  [-1.96, new\_cluster] &  [-0.06, c1] &  [-14.54, c2] &  [-15.16, c3] &  [-24.24, c4] &  [-4.21, c5] &  [-8.36, c6] &  [-11.66, c7] &  [-16.02, c8] &  [-2.22, c9] &  [-17.06, c10] \\
c6          &  [-1.96, new\_cluster] &  [-0.11, c1] &  [-14.83, c2] &  [-15.53, c3] &  [-24.64, c4] &  [-4.21, c5] &  [-8.36, c6] &  [-11.66, c7] &  [-16.02, c8] &  [-2.24, c9] &  [-22.23, c10] \\
c7          &  [-1.96, new\_cluster] &  [-0.21, c1] &  [-15.11, c2] &  [-14.99, c3] &   [-24.6, c4] &  [-4.21, c5] &  [-8.36, c6] &  [-11.66, c7] &  [-16.02, c8] &  [-2.09, c9] &  [-18.89, c10] \\
c8          &  [-1.96, new\_cluster] &  [-0.15, c1] &  [-14.86, c2] &   [-15.3, c3] &  [-24.04, c4] &  [-4.21, c5] &  [-8.36, c6] &  [-11.66, c7] &  [-16.02, c8] &   [-2.2, c9] &  [-21.57, c10] \\
c9          &  [-1.96, new\_cluster] &  [-0.12, c1] &  [-15.05, c2] &  [-14.76, c3] &  [-24.43, c4] &  [-4.21, c5] &  [-8.36, c6] &  [-11.66, c7] &  [-16.02, c8] &   [-2.1, c9] &  [-25.92, c10] \\
c10         &  [-1.96, new\_cluster] &  [-0.08, c1] &  [-15.95, c2] &  [-14.57, c3] &   [-23.3, c4] &  [-4.21, c5] &  [-8.36, c6] &  [-11.66, c7] &  [-16.02, c8] &  [-2.07, c9] &          [0, ] \\
\bottomrule
\end{tabular}

