Experiment_path: AE_Model_1/Epochs//V5/Experiment_05
Dataset_Path: ../_00_Datasets/03_SimDaten_Quiroga2020/C_Easy2_noise015.mat
Dataset_name: ['03_SimDaten_Quiroga2020', 'C_Easy2_noise015.mat']
Variant_name: Variant_05_Online_Autoencoder_QLearning
Visualisation_Path: AE_Model_1/Epochs//V5/Experiment_05/C_Easy2_noise015.mat/Variant_05_Online_Autoencoder_QLearning/2023_04_25-15_28_49
Punishment_Coefficient: 0.6
<_01_LoadDataset.ExternCode.spike_class.spike_dataclass object at 0x0000027AA0F51828>
Sampling rate: 24000.0
Raw: [0.10609669 0.12118301 0.13260104 ... 0.04210554 0.02260723 0.01955233]
Times: [    280    1061    1071 ... 1439631 1439716 1439810]
Cluster: [1 3 1 ... 2 2 3]
Number of different clusters:  3
Number of Spikes: 3411
First aligned Spike Frame: [ 2.02686231e-02  4.10226375e-02  5.47302833e-02  6.75455965e-02
  7.31110476e-02  7.55341824e-02  6.24087212e-02  3.48405580e-02
  4.67612510e-03  3.11249190e-03  8.94324356e-03  4.24616810e-04
 -6.85644094e-02 -1.88193358e-01 -2.95062164e-01 -3.04804993e-01
 -1.80968869e-01  9.08445140e-02  4.69281397e-01  8.12588139e-01
  1.01247328e+00  1.07477323e+00  1.05264776e+00  9.80941312e-01
  8.59493136e-01  7.23747425e-01  6.30635083e-01  6.09810792e-01
  6.21566307e-01  6.10615318e-01  5.92057940e-01  5.70062731e-01
  5.39545035e-01  4.88086979e-01  4.33332627e-01  3.78964556e-01
  3.25819622e-01  2.83509204e-01  2.65213838e-01  2.75311674e-01
  2.95781207e-01  3.01368080e-01  2.86879888e-01  2.42452837e-01
  1.98600507e-01  1.34431645e-01  5.92612532e-02]
Cluster 0, Occurrences: 1181
Cluster 1, Occurrences: 1098
Cluster 2, Occurrences: 1132
Number of Clusters: 3
Online_Training [1/700]: mean_loss=0.2589584931731224
Online_Training [2/700]: mean_loss=0.1984926849603653
Online_Training [3/700]: mean_loss=0.18461539447307587
Online_Training [4/700]: mean_loss=0.12359354570508004
Online_Training [5/700]: mean_loss=0.1359444245696068
Online_Training [6/700]: mean_loss=0.19683522284030913
Online_Training [7/700]: mean_loss=0.10956001654267311
Online_Training [8/700]: mean_loss=0.20126501023769378
Online_Training [9/700]: mean_loss=0.15232423692941666
Online_Training [10/700]: mean_loss=0.07175973206758499
Online_Training [11/700]: mean_loss=0.04668870866298676
Online_Training [12/700]: mean_loss=0.08404629603028298
Online_Training [13/700]: mean_loss=0.04117202125489712
Online_Training [14/700]: mean_loss=0.045009879395365715
Online_Training [15/700]: mean_loss=0.07554086819291114
Online_Training [16/700]: mean_loss=0.04107841104269028
Online_Training [17/700]: mean_loss=0.03249034322798252
Online_Training [18/700]: mean_loss=0.08867215961217881
Online_Training [19/700]: mean_loss=0.06436492688953876
Online_Training [20/700]: mean_loss=0.04756483286619186
Online_Training [21/700]: mean_loss=0.022464987263083457
Online_Training [22/700]: mean_loss=0.05940394997596741
Online_Training [23/700]: mean_loss=0.03097756076604128
Online_Training [24/700]: mean_loss=0.01445046104490757
Online_Training [25/700]: mean_loss=0.061369436979293826
Online_Training [26/700]: mean_loss=0.037630609795451166
Online_Training [27/700]: mean_loss=0.022531689517199992
Online_Training [28/700]: mean_loss=0.02914110403507948
Online_Training [29/700]: mean_loss=0.031745716370642184
Online_Training [30/700]: mean_loss=0.02948616836220026
Online_Training [31/700]: mean_loss=0.03533281087875366
Online_Training [32/700]: mean_loss=0.02873040772974491
Online_Training [33/700]: mean_loss=0.03189915083348751
Online_Training [34/700]: mean_loss=0.017624838184565304
Online_Training [35/700]: mean_loss=0.08805377930402755
Online_Training [36/700]: mean_loss=0.021004622522741555
Online_Training [37/700]: mean_loss=0.11471244469285011
Online_Training [38/700]: mean_loss=0.10036051571369171
Online_Training [39/700]: mean_loss=0.014580484107136726
Online_Training [40/700]: mean_loss=0.04444148428738117
Online_Training [41/700]: mean_loss=0.02997833229601383
Online_Training [42/700]: mean_loss=0.05677941590547562
Online_Training [43/700]: mean_loss=0.01866099163889885
Online_Training [44/700]: mean_loss=0.07796580865979194
Online_Training [45/700]: mean_loss=0.145865398645401
Online_Training [46/700]: mean_loss=0.02845833674073219
Online_Training [47/700]: mean_loss=0.031862649321556094
Online_Training [48/700]: mean_loss=0.04646568298339844
Online_Training [49/700]: mean_loss=0.02601997721940279
Online_Training [50/700]: mean_loss=0.03739672116935253
Online_Training [51/700]: mean_loss=0.02107594646513462
Online_Training [52/700]: mean_loss=0.010447085276246071
Online_Training [53/700]: mean_loss=0.01134955557063222
Online_Training [54/700]: mean_loss=0.024815205484628677
Online_Training [55/700]: mean_loss=0.014807479083538055
Online_Training [56/700]: mean_loss=0.057537303864955903
Online_Training [57/700]: mean_loss=0.04927031882107258
Online_Training [58/700]: mean_loss=0.019607110135257243
Online_Training [59/700]: mean_loss=0.029885861650109292
Online_Training [60/700]: mean_loss=0.11785873174667358
Online_Training [61/700]: mean_loss=0.12514908835291863
Online_Training [62/700]: mean_loss=0.06755980700254441
Online_Training [63/700]: mean_loss=0.010513809323310853
Online_Training [64/700]: mean_loss=0.02564910762012005
Online_Training [65/700]: mean_loss=0.026963098905980587
Online_Training [66/700]: mean_loss=0.046297328919172286
Online_Training [67/700]: mean_loss=0.01974766477942467
Online_Training [68/700]: mean_loss=0.018306531943380833
Online_Training [69/700]: mean_loss=0.03232215382158756
Online_Training [70/700]: mean_loss=0.016064657364040613
Online_Training [71/700]: mean_loss=0.012026812229305506
Online_Training [72/700]: mean_loss=0.009994664881378412
Online_Training [73/700]: mean_loss=0.00834154081530869
Online_Training [74/700]: mean_loss=0.04280652143061161
Online_Training [75/700]: mean_loss=0.017996476404368876
Online_Training [76/700]: mean_loss=0.03343051597476006
Online_Training [77/700]: mean_loss=0.04591163992881775
Online_Training [78/700]: mean_loss=0.13916102722287177
Online_Training [79/700]: mean_loss=0.14840868785977362
Online_Training [80/700]: mean_loss=0.03542954679578543
Online_Training [81/700]: mean_loss=0.06096096821129322
Online_Training [82/700]: mean_loss=0.01825361056253314
Online_Training [83/700]: mean_loss=0.06929711587727069
Online_Training [84/700]: mean_loss=0.048945560678839685
Online_Training [85/700]: mean_loss=0.051998436078429223
Online_Training [86/700]: mean_loss=0.01909025479108095
Online_Training [87/700]: mean_loss=0.06344680748879909
Online_Training [88/700]: mean_loss=0.029090588726103307
Online_Training [89/700]: mean_loss=0.012451043725013733
Online_Training [90/700]: mean_loss=0.023324024118483066
Online_Training [91/700]: mean_loss=0.036531890742480755
Online_Training [92/700]: mean_loss=0.10493594259023667
Online_Training [93/700]: mean_loss=0.03412549067288637
Online_Training [94/700]: mean_loss=0.03374856654554605
Online_Training [95/700]: mean_loss=0.020862881280481815
Online_Training [96/700]: mean_loss=0.04044222310185432
Online_Training [97/700]: mean_loss=0.02229316234588623
Online_Training [98/700]: mean_loss=0.04918234683573246
Online_Training [99/700]: mean_loss=0.02211658116430044
Online_Training [100/700]: mean_loss=0.01979344431310892
Online_Training [101/700]: mean_loss=0.02072111815214157
Online_Training [102/700]: mean_loss=0.009155061189085245
Online_Training [103/700]: mean_loss=0.02717341799288988
Online_Training [104/700]: mean_loss=0.03292285520583391
Online_Training [105/700]: mean_loss=0.0453272745013237
Online_Training [106/700]: mean_loss=0.008784058317542077
Online_Training [107/700]: mean_loss=0.01582365520298481
Online_Training [108/700]: mean_loss=0.008464241633191705
Online_Training [109/700]: mean_loss=0.0540027741342783
Online_Training [110/700]: mean_loss=0.04143238626420498
Online_Training [111/700]: mean_loss=0.03435295522212982
Online_Training [112/700]: mean_loss=0.01503232829272747
Online_Training [113/700]: mean_loss=0.01796153523027897
Online_Training [114/700]: mean_loss=0.051792675629258156
Online_Training [115/700]: mean_loss=0.14934249520301818
Online_Training [116/700]: mean_loss=0.05102541260421276
Online_Training [117/700]: mean_loss=0.013799246400594711
Online_Training [118/700]: mean_loss=0.04533712565898895
Online_Training [119/700]: mean_loss=0.016371722985059022
Online_Training [120/700]: mean_loss=0.01683285627514124
Online_Training [121/700]: mean_loss=0.04267681986093521
Online_Training [122/700]: mean_loss=0.014210444688796998
Online_Training [123/700]: mean_loss=0.051504875719547275
Online_Training [124/700]: mean_loss=0.016258538141846655
Online_Training [125/700]: mean_loss=0.012840135116130113
Online_Training [126/700]: mean_loss=0.025707145407795905
Online_Training [127/700]: mean_loss=0.018558047991245986
Online_Training [128/700]: mean_loss=0.03228726871311664
Online_Training [129/700]: mean_loss=0.015566305164247752
Online_Training [130/700]: mean_loss=0.022468869574368
Online_Training [131/700]: mean_loss=0.02934286054223776
Online_Training [132/700]: mean_loss=0.03486618287861347
Online_Training [133/700]: mean_loss=0.016395987942814827
Online_Training [134/700]: mean_loss=0.019708500057458878
Online_Training [135/700]: mean_loss=0.018884901888668537
Online_Training [136/700]: mean_loss=0.025308485329151153
Online_Training [137/700]: mean_loss=0.007943104254081845
Online_Training [138/700]: mean_loss=0.011783300433307886
Online_Training [139/700]: mean_loss=0.013176430948078632
Online_Training [140/700]: mean_loss=0.018559601064771412
Online_Training [141/700]: mean_loss=0.016705237329006195
Online_Training [142/700]: mean_loss=0.023000246472656728
Online_Training [143/700]: mean_loss=0.019229558669030665
Online_Training [144/700]: mean_loss=0.023937587440013886
Online_Training [145/700]: mean_loss=0.02104276092723012
Online_Training [146/700]: mean_loss=0.010146512184292078
Online_Training [147/700]: mean_loss=0.017672558315098286
Online_Training [148/700]: mean_loss=0.02775910124182701
Online_Training [149/700]: mean_loss=0.018990910798311233
Online_Training [150/700]: mean_loss=0.007253592740744353
Online_Training [151/700]: mean_loss=0.014771725796163083
Online_Training [152/700]: mean_loss=0.02478884980082512
Online_Training [153/700]: mean_loss=0.014955721236765385
Online_Training [154/700]: mean_loss=0.04266534186899662
Online_Training [155/700]: mean_loss=0.010770887322723865
Online_Training [156/700]: mean_loss=0.029552083089947702
Online_Training [157/700]: mean_loss=0.019814613834023477
Online_Training [158/700]: mean_loss=0.15613022148609162
Online_Training [159/700]: mean_loss=0.017991540674120187
Online_Training [160/700]: mean_loss=0.03413786012679339
Online_Training [161/700]: mean_loss=0.019278771243989468
Online_Training [162/700]: mean_loss=0.03056978676468134
Online_Training [163/700]: mean_loss=0.021861186623573302
Online_Training [164/700]: mean_loss=0.015601587668061256
Online_Training [165/700]: mean_loss=0.032378308847546576
Online_Training [166/700]: mean_loss=0.02844926863908768
Online_Training [167/700]: mean_loss=0.015120420325547456
Online_Training [168/700]: mean_loss=0.023159531876444817
Online_Training [169/700]: mean_loss=0.03535509742796421
Online_Training [170/700]: mean_loss=0.017683520913124084
Online_Training [171/700]: mean_loss=0.012096002511680127
Online_Training [172/700]: mean_loss=0.03604418467730284
Online_Training [173/700]: mean_loss=0.029610521905124188
Online_Training [174/700]: mean_loss=0.011744058970361949
Online_Training [175/700]: mean_loss=0.0518617358058691
Online_Training [176/700]: mean_loss=0.010790885705500842
Online_Training [177/700]: mean_loss=0.08586094677448272
Online_Training [178/700]: mean_loss=0.038865016773343086
Online_Training [179/700]: mean_loss=0.03331169076263905
Online_Training [180/700]: mean_loss=0.015278379525989294
Online_Training [181/700]: mean_loss=0.03236311711370945
Online_Training [182/700]: mean_loss=0.04586908295750618
Online_Training [183/700]: mean_loss=0.02392626106739044
Online_Training [184/700]: mean_loss=0.015600765123963356
Online_Training [185/700]: mean_loss=0.012094500847160817
Online_Training [186/700]: mean_loss=0.02620523516088724
Online_Training [187/700]: mean_loss=0.016923865117132664
Online_Training [188/700]: mean_loss=0.042891758307814595
Online_Training [189/700]: mean_loss=0.04372768811881542
Online_Training [190/700]: mean_loss=0.02074942961335182
Online_Training [191/700]: mean_loss=0.018845243006944658
Online_Training [192/700]: mean_loss=0.0902151957154274
Online_Training [193/700]: mean_loss=0.07165600508451461
Online_Training [194/700]: mean_loss=0.021221936494112015
Online_Training [195/700]: mean_loss=0.022089056111872195
Online_Training [196/700]: mean_loss=0.02056799326092005
Online_Training [197/700]: mean_loss=0.020766614750027657
Online_Training [198/700]: mean_loss=0.014394764602184296
Online_Training [199/700]: mean_loss=0.007247280795127153
Online_Training [200/700]: mean_loss=0.014904312510043382
Online_Training [201/700]: mean_loss=0.011238315980881453
Online_Training [202/700]: mean_loss=0.0070288051851093766
Online_Training [203/700]: mean_loss=0.007640806259587407
Online_Training [204/700]: mean_loss=0.019173605553805827
Online_Training [205/700]: mean_loss=0.021276248805224895
Online_Training [206/700]: mean_loss=0.011941856145858765
Online_Training [207/700]: mean_loss=0.02331127244979143
Online_Training [208/700]: mean_loss=0.13014892861247063
Online_Training [209/700]: mean_loss=0.05493070166558027
Online_Training [210/700]: mean_loss=0.0378420602530241
Online_Training [211/700]: mean_loss=0.013274472579360009
Online_Training [212/700]: mean_loss=0.010279134102165698
Online_Training [213/700]: mean_loss=0.044987735152244565
Online_Training [214/700]: mean_loss=0.02853237558156252
Online_Training [215/700]: mean_loss=0.013846137095242739
Online_Training [216/700]: mean_loss=0.01613370459526777
Online_Training [217/700]: mean_loss=0.020505021326243877
Online_Training [218/700]: mean_loss=0.014781126473098993
Online_Training [219/700]: mean_loss=0.020027447305619717
Online_Training [220/700]: mean_loss=0.012552904803305865
Online_Training [221/700]: mean_loss=0.010695735085755586
Online_Training [222/700]: mean_loss=0.017796720378100872
Online_Training [223/700]: mean_loss=0.01917167901992798
Online_Training [224/700]: mean_loss=0.006211577681824565
Online_Training [225/700]: mean_loss=0.007063138345256448
Online_Training [226/700]: mean_loss=0.006105800392106175
Online_Training [227/700]: mean_loss=0.026081847213208675
Online_Training [228/700]: mean_loss=0.01577826589345932
Online_Training [229/700]: mean_loss=0.016417012456804513
Online_Training [230/700]: mean_loss=0.02278422024101019
Online_Training [231/700]: mean_loss=0.021708876825869083
Online_Training [232/700]: mean_loss=0.012926333490759135
Online_Training [233/700]: mean_loss=0.00974468132480979
Online_Training [234/700]: mean_loss=0.02778000198304653
Online_Training [235/700]: mean_loss=0.013827484380453826
Online_Training [236/700]: mean_loss=0.1268883965909481
Online_Training [237/700]: mean_loss=0.10179019570350648
Online_Training [238/700]: mean_loss=0.020754013024270535
Online_Training [239/700]: mean_loss=0.022503686882555485
Online_Training [240/700]: mean_loss=0.019916206039488314
Online_Training [241/700]: mean_loss=0.08722196519374847
Online_Training [242/700]: mean_loss=0.04780994281172753
Online_Training [243/700]: mean_loss=0.012848930433392525
Online_Training [244/700]: mean_loss=0.029234211519360544
Online_Training [245/700]: mean_loss=0.04629285857081413
Online_Training [246/700]: mean_loss=0.007550226245075464
Online_Training [247/700]: mean_loss=0.010175414476543665
Online_Training [248/700]: mean_loss=0.016903855372220278
Online_Training [249/700]: mean_loss=0.033822763711214066
Online_Training [250/700]: mean_loss=0.05741011090576649
Online_Training [251/700]: mean_loss=0.017449889983981847
Online_Training [252/700]: mean_loss=0.01329649994149804
Online_Training [253/700]: mean_loss=0.029535594396293163
Online_Training [254/700]: mean_loss=0.016590433940291405
Online_Training [255/700]: mean_loss=0.008965900354087352
Online_Training [256/700]: mean_loss=0.024842100962996484
Online_Training [257/700]: mean_loss=0.02972612977027893
Online_Training [258/700]: mean_loss=0.013978958316147327
Online_Training [259/700]: mean_loss=0.029080180265009404
Online_Training [260/700]: mean_loss=0.01307861590757966
Online_Training [261/700]: mean_loss=0.0031092593912035228
Online_Training [262/700]: mean_loss=0.027995118126273155
Online_Training [263/700]: mean_loss=0.010307904798537493
Online_Training [264/700]: mean_loss=0.006202898314222693
Online_Training [265/700]: mean_loss=0.07925789877772331
Online_Training [266/700]: mean_loss=0.025377309881150723
Online_Training [267/700]: mean_loss=0.01416967436671257
Online_Training [268/700]: mean_loss=0.028779882378876208
Online_Training [269/700]: mean_loss=0.019900705292820932
Online_Training [270/700]: mean_loss=0.03561165817081928
Online_Training [271/700]: mean_loss=0.07956187278032303
Online_Training [272/700]: mean_loss=0.011506140604615212
Online_Training [273/700]: mean_loss=0.028561042062938212
Online_Training [274/700]: mean_loss=0.03313373234122992
Online_Training [275/700]: mean_loss=0.018998302146792413
Online_Training [276/700]: mean_loss=0.011642315331846476
Online_Training [277/700]: mean_loss=0.02522687930613756
Online_Training [278/700]: mean_loss=0.026235922984778882
Online_Training [279/700]: mean_loss=0.00851828744634986
Online_Training [280/700]: mean_loss=0.01073929900303483
Online_Training [281/700]: mean_loss=0.030974152125418188
Online_Training [282/700]: mean_loss=0.02188665196299553
Online_Training [283/700]: mean_loss=0.0075444015208631756
Online_Training [284/700]: mean_loss=0.010044559370726347
Online_Training [285/700]: mean_loss=0.054022328555583955
Online_Training [286/700]: mean_loss=0.018349304795265198
Online_Training [287/700]: mean_loss=0.032813858799636365
Online_Training [288/700]: mean_loss=0.03842966705560684
Online_Training [289/700]: mean_loss=0.014202335756272078
Online_Training [290/700]: mean_loss=0.021933709271252155
Online_Training [291/700]: mean_loss=0.017039465066045523
Online_Training [292/700]: mean_loss=0.020620376616716386
Online_Training [293/700]: mean_loss=0.017464063502848147
Online_Training [294/700]: mean_loss=0.029385689459741116
Online_Training [295/700]: mean_loss=0.034302244707942006
Online_Training [296/700]: mean_loss=0.0076550699304789305
Online_Training [297/700]: mean_loss=0.008352789329364896
Online_Training [298/700]: mean_loss=0.021858702413737774
Online_Training [299/700]: mean_loss=0.028607073239982128
Online_Training [300/700]: mean_loss=0.023909189365804197
Online_Training [301/700]: mean_loss=0.020553029701113702
Online_Training [302/700]: mean_loss=0.02770256847143173
Online_Training [303/700]: mean_loss=0.02524009793996811
Online_Training [304/700]: mean_loss=0.009045426128432154
Online_Training [305/700]: mean_loss=0.02025093585252762
Online_Training [306/700]: mean_loss=0.01499192202463746
Online_Training [307/700]: mean_loss=0.012011280003935098
Online_Training [308/700]: mean_loss=0.01750500164926052
Online_Training [309/700]: mean_loss=0.0079861122649163
Online_Training [310/700]: mean_loss=0.019374969787895678
Online_Training [311/700]: mean_loss=0.010590004734694958
Online_Training [312/700]: mean_loss=0.0047346241772174835
Online_Training [313/700]: mean_loss=0.03275662958621979
Online_Training [314/700]: mean_loss=0.006191017152741551
Online_Training [315/700]: mean_loss=0.005323403561487794
Online_Training [316/700]: mean_loss=0.023187644965946674
Online_Training [317/700]: mean_loss=0.01486732428893447
Online_Training [318/700]: mean_loss=0.01694269394502044
Online_Training [319/700]: mean_loss=0.005491639790125191
Online_Training [320/700]: mean_loss=0.02735671177506447
Online_Training [321/700]: mean_loss=0.02130180299282074
Online_Training [322/700]: mean_loss=0.012347007542848587
Online_Training [323/700]: mean_loss=0.02093389667570591
Online_Training [324/700]: mean_loss=0.032896573469042775
Online_Training [325/700]: mean_loss=0.05085872337222099
Online_Training [326/700]: mean_loss=0.035719651728868484
Online_Training [327/700]: mean_loss=0.0300613172352314
Online_Training [328/700]: mean_loss=0.018320678919553756
Online_Training [329/700]: mean_loss=0.014518556278198957
Online_Training [330/700]: mean_loss=0.025422093644738197
Online_Training [331/700]: mean_loss=0.015927611291408537
Online_Training [332/700]: mean_loss=0.015362786129117012
Online_Training [333/700]: mean_loss=0.026218926720321178
Online_Training [334/700]: mean_loss=0.020669723860919476
Online_Training [335/700]: mean_loss=0.0085539142601192
Online_Training [336/700]: mean_loss=0.013371273502707481
Online_Training [337/700]: mean_loss=0.0060387860052287575
Online_Training [338/700]: mean_loss=0.00885107358917594
Online_Training [339/700]: mean_loss=0.015159248374402523
Online_Training [340/700]: mean_loss=0.010119579173624516
Online_Training [341/700]: mean_loss=0.01268072947859764
Online_Training [342/700]: mean_loss=0.013517711125314236
Online_Training [343/700]: mean_loss=0.014436834305524827
Online_Training [344/700]: mean_loss=0.01028303410857916
Online_Training [345/700]: mean_loss=0.011287578660994769
Online_Training [346/700]: mean_loss=0.00632057823240757
Online_Training [347/700]: mean_loss=0.01789795234799385
Online_Training [348/700]: mean_loss=0.011516104079782962
Online_Training [349/700]: mean_loss=0.03975832499563694
Online_Training [350/700]: mean_loss=0.007613178249448538
Online_Training [351/700]: mean_loss=0.021456927806138993
Online_Training [352/700]: mean_loss=0.01539261881262064
Online_Training [353/700]: mean_loss=0.02344411201775074
Online_Training [354/700]: mean_loss=0.00634057386778295
Online_Training [355/700]: mean_loss=0.012135752383619547
Online_Training [356/700]: mean_loss=0.022553278505802153
Online_Training [357/700]: mean_loss=0.018082233797758817
Online_Training [358/700]: mean_loss=0.016420163959264756
Online_Training [359/700]: mean_loss=0.007391637563705445
Online_Training [360/700]: mean_loss=0.02093375138938427
Online_Training [361/700]: mean_loss=0.0229751318693161
Online_Training [362/700]: mean_loss=0.012310474645346403
Online_Training [363/700]: mean_loss=0.02534346841275692
Online_Training [364/700]: mean_loss=0.008544211555272341
Online_Training [365/700]: mean_loss=0.01925487630069256
Online_Training [366/700]: mean_loss=0.0683350782841444
Online_Training [367/700]: mean_loss=0.10763254836201668
Online_Training [368/700]: mean_loss=0.02244500834494829
Online_Training [369/700]: mean_loss=0.011872148793190717
Online_Training [370/700]: mean_loss=0.0663080096244812
Online_Training [371/700]: mean_loss=0.08941792845726013
Online_Training [372/700]: mean_loss=0.039946770668029784
Online_Training [373/700]: mean_loss=0.01610985966399312
Online_Training [374/700]: mean_loss=0.01139222625643015
Online_Training [375/700]: mean_loss=0.02101922407746315
Online_Training [376/700]: mean_loss=0.019149697665125132
Online_Training [377/700]: mean_loss=0.03281844854354858
Online_Training [378/700]: mean_loss=0.02187036443501711
Online_Training [379/700]: mean_loss=0.018189733475446702
Online_Training [380/700]: mean_loss=0.024628686532378197
Online_Training [381/700]: mean_loss=0.0076615962665528056
Online_Training [382/700]: mean_loss=0.018270010501146315
Online_Training [383/700]: mean_loss=0.015963151305913924
Online_Training [384/700]: mean_loss=0.01680559618398547
Online_Training [385/700]: mean_loss=0.016104802396148442
Online_Training [386/700]: mean_loss=0.006015734444372356
Online_Training [387/700]: mean_loss=0.0085179528221488
Online_Training [388/700]: mean_loss=0.003973003663122654
Online_Training [389/700]: mean_loss=0.01560122761875391
Online_Training [390/700]: mean_loss=0.01817815750837326
Online_Training [391/700]: mean_loss=0.02067932579666376
Online_Training [392/700]: mean_loss=0.01167159304022789
Online_Training [393/700]: mean_loss=0.22161256074905394
Online_Training [394/700]: mean_loss=0.08433994725346565
Online_Training [395/700]: mean_loss=0.020448400266468526
Online_Training [396/700]: mean_loss=0.004908163519576192
Online_Training [397/700]: mean_loss=0.011415266245603562
Online_Training [398/700]: mean_loss=0.08501910269260407
Online_Training [399/700]: mean_loss=0.11840005367994308
Online_Training [400/700]: mean_loss=0.032280395925045016
Online_Training [401/700]: mean_loss=0.033105024881660935
Online_Training [402/700]: mean_loss=0.008384476834908127
Online_Training [403/700]: mean_loss=0.02093984801322222
Online_Training [404/700]: mean_loss=0.012895074952393771
Online_Training [405/700]: mean_loss=0.008760417811572552
Online_Training [406/700]: mean_loss=0.04148572459816933
Online_Training [407/700]: mean_loss=0.07858996056020259
Online_Training [408/700]: mean_loss=0.008749572094529867
Online_Training [409/700]: mean_loss=0.013762025069445372
Online_Training [410/700]: mean_loss=0.02260302137583494
Online_Training [411/700]: mean_loss=0.026993131265044212
Online_Training [412/700]: mean_loss=0.021559998951852323
Online_Training [413/700]: mean_loss=0.007716323481872678
Online_Training [414/700]: mean_loss=0.02005909625440836
Online_Training [415/700]: mean_loss=0.021031286381185055
Online_Training [416/700]: mean_loss=0.013888920377939939
Online_Training [417/700]: mean_loss=0.012134900502860545
Online_Training [418/700]: mean_loss=0.011813834216445685
Online_Training [419/700]: mean_loss=0.055929428339004515
Online_Training [420/700]: mean_loss=0.021474406495690344
Online_Training [421/700]: mean_loss=0.020364324934780596
Online_Training [422/700]: mean_loss=0.022363297268748285
Online_Training [423/700]: mean_loss=0.010119937174022198
Online_Training [424/700]: mean_loss=0.008468401059508324
Online_Training [425/700]: mean_loss=0.0069934122264385225
Online_Training [426/700]: mean_loss=0.02668973822146654
Online_Training [427/700]: mean_loss=0.023700937815010547
Online_Training [428/700]: mean_loss=0.0032405141042545437
Online_Training [429/700]: mean_loss=0.0279366297647357
Online_Training [430/700]: mean_loss=0.023126093298196794
Online_Training [431/700]: mean_loss=0.011447628308087588
Online_Training [432/700]: mean_loss=0.007409152388572693
Online_Training [433/700]: mean_loss=0.0147098358720541
Online_Training [434/700]: mean_loss=0.007537371711805463
Online_Training [435/700]: mean_loss=0.020176219660788773
Online_Training [436/700]: mean_loss=0.011717061419039965
Online_Training [437/700]: mean_loss=0.14679769724607467
Online_Training [438/700]: mean_loss=0.031193553656339645
Online_Training [439/700]: mean_loss=0.027502749115228653
Online_Training [440/700]: mean_loss=0.021773615665733815
Online_Training [441/700]: mean_loss=0.0239704629406333
Online_Training [442/700]: mean_loss=0.026202726736664773
Online_Training [443/700]: mean_loss=0.013113649003207684
Online_Training [444/700]: mean_loss=0.013580895029008389
Online_Training [445/700]: mean_loss=0.03245858233422041
Online_Training [446/700]: mean_loss=0.016875245608389378
Online_Training [447/700]: mean_loss=0.017344537191092968
Online_Training [448/700]: mean_loss=0.012214187532663345
Online_Training [449/700]: mean_loss=0.011657190136611461
Online_Training [450/700]: mean_loss=0.022957197576761245
Online_Training [451/700]: mean_loss=0.03840662650763989
Online_Training [452/700]: mean_loss=0.010121736349537969
Online_Training [453/700]: mean_loss=0.013432764634490012
Online_Training [454/700]: mean_loss=0.02321298010647297
Online_Training [455/700]: mean_loss=0.01672609820961952
Online_Training [456/700]: mean_loss=0.004797109495848417
Online_Training [457/700]: mean_loss=0.010654112603515387
Online_Training [458/700]: mean_loss=0.01722516193985939
Online_Training [459/700]: mean_loss=0.004667351441457868
Online_Training [460/700]: mean_loss=0.013746665138751269
Online_Training [461/700]: mean_loss=0.012619147170335054
Online_Training [462/700]: mean_loss=0.011900536622852087
Online_Training [463/700]: mean_loss=0.039961081370711325
Online_Training [464/700]: mean_loss=0.016702936589717866
Online_Training [465/700]: mean_loss=0.04894449561834335
Online_Training [466/700]: mean_loss=0.008012223849073052
Online_Training [467/700]: mean_loss=0.0328903591260314
Online_Training [468/700]: mean_loss=0.011338960379362106
Online_Training [469/700]: mean_loss=0.014291457924991846
Online_Training [470/700]: mean_loss=0.018425635900348424
Online_Training [471/700]: mean_loss=0.010412049572914838
Online_Training [472/700]: mean_loss=0.01731574423611164
Online_Training [473/700]: mean_loss=0.007523707440122962
Online_Training [474/700]: mean_loss=0.01608428033068776
Online_Training [475/700]: mean_loss=0.024330522678792477
Online_Training [476/700]: mean_loss=0.00721437819302082
Online_Training [477/700]: mean_loss=0.021747899055480958
Online_Training [478/700]: mean_loss=0.005465861363336444
Online_Training [479/700]: mean_loss=0.010330076143145562
Online_Training [480/700]: mean_loss=0.0042081692721694704
Online_Training [481/700]: mean_loss=0.015506947319954634
Online_Training [482/700]: mean_loss=0.004627350438386202
Online_Training [483/700]: mean_loss=0.022002836130559443
Online_Training [484/700]: mean_loss=0.019122560136020185
Online_Training [485/700]: mean_loss=0.006721848296001554
Online_Training [486/700]: mean_loss=0.03443331830203533
Online_Training [487/700]: mean_loss=0.044465262070298196
Online_Training [488/700]: mean_loss=0.009508032072335481
Online_Training [489/700]: mean_loss=0.01100291395559907
Online_Training [490/700]: mean_loss=0.01245611859485507
Online_Training [491/700]: mean_loss=0.016236007586121558
Online_Training [492/700]: mean_loss=0.03370299637317657
Online_Training [493/700]: mean_loss=0.026237147487699987
Online_Training [494/700]: mean_loss=0.023090071231126785
Online_Training [495/700]: mean_loss=0.009219195879995822
Online_Training [496/700]: mean_loss=0.014978103712201119
Online_Training [497/700]: mean_loss=0.03809392973780632
Online_Training [498/700]: mean_loss=0.03441237434744835
Online_Training [499/700]: mean_loss=0.009370783437043428
Online_Training [500/700]: mean_loss=0.018356339912861584
Online_Training [501/700]: mean_loss=0.014626514539122582
Online_Training [502/700]: mean_loss=0.03651462849229574
Online_Training [503/700]: mean_loss=0.00967348231934011
Online_Training [504/700]: mean_loss=0.038041777163743976
Online_Training [505/700]: mean_loss=0.004638903168961405
Online_Training [506/700]: mean_loss=0.034639902785420416
Online_Training [507/700]: mean_loss=0.012153954152017832
Online_Training [508/700]: mean_loss=0.006601914064958692
Online_Training [509/700]: mean_loss=0.021262220293283462
Online_Training [510/700]: mean_loss=0.03126627746969461
Online_Training [511/700]: mean_loss=0.011023425403982401
Online_Training [512/700]: mean_loss=0.022242088802158833
Online_Training [513/700]: mean_loss=0.01041611870750785
Online_Training [514/700]: mean_loss=0.019994010031223298
Online_Training [515/700]: mean_loss=0.00631767837330699
Online_Training [516/700]: mean_loss=0.013597887940704823
Online_Training [517/700]: mean_loss=0.15038303211331366
Online_Training [518/700]: mean_loss=0.09349960759282112
Online_Training [519/700]: mean_loss=0.02022021058946848
Online_Training [520/700]: mean_loss=0.03554928377270698
Online_Training [521/700]: mean_loss=0.07767387703061104
Online_Training [522/700]: mean_loss=0.07211016714572907
Online_Training [523/700]: mean_loss=0.01859669778496027
Online_Training [524/700]: mean_loss=0.02273524086922407
Online_Training [525/700]: mean_loss=0.03890307489782572
Online_Training [526/700]: mean_loss=0.008571690646931529
Online_Training [527/700]: mean_loss=0.04256179705262184
Online_Training [528/700]: mean_loss=0.014847954083234072
Online_Training [529/700]: mean_loss=0.009728169627487659
Online_Training [530/700]: mean_loss=0.042581748217344284
Online_Training [531/700]: mean_loss=0.023002231493592262
Online_Training [532/700]: mean_loss=0.006799305323511362
Online_Training [533/700]: mean_loss=0.05378731936216354
Online_Training [534/700]: mean_loss=0.013890010304749012
Online_Training [535/700]: mean_loss=0.03705769032239914
Online_Training [536/700]: mean_loss=0.016219269763678313
Online_Training [537/700]: mean_loss=0.021677836775779724
Online_Training [538/700]: mean_loss=0.011921943444758654
Online_Training [539/700]: mean_loss=0.011740682739764452
Online_Training [540/700]: mean_loss=0.01244066683575511
Online_Training [541/700]: mean_loss=0.10255076140165328
Online_Training [542/700]: mean_loss=0.03908659517765045
Online_Training [543/700]: mean_loss=0.02214333787560463
Online_Training [544/700]: mean_loss=0.006021432299166918
Online_Training [545/700]: mean_loss=0.013075133878737688
Online_Training [546/700]: mean_loss=0.01649759691208601
Online_Training [547/700]: mean_loss=0.009406882245093584
Online_Training [548/700]: mean_loss=0.027951050363481045
Online_Training [549/700]: mean_loss=0.02518061697483063
Online_Training [550/700]: mean_loss=0.018478414788842202
Online_Training [551/700]: mean_loss=0.007679019076749683
Online_Training [552/700]: mean_loss=0.011167988926172257
Online_Training [553/700]: mean_loss=0.006936987908557057
Online_Training [554/700]: mean_loss=0.016368176974356174
Online_Training [555/700]: mean_loss=0.01462721498683095
Online_Training [556/700]: mean_loss=0.004618926532566547
Online_Training [557/700]: mean_loss=0.011764318775385618
Online_Training [558/700]: mean_loss=0.01635949546471238
Online_Training [559/700]: mean_loss=0.03092963434755802
Online_Training [560/700]: mean_loss=0.02540039233863354
Online_Training [561/700]: mean_loss=0.011094800755381584
Online_Training [562/700]: mean_loss=0.0047114196233451365
Online_Training [563/700]: mean_loss=0.0050832874607294794
Online_Training [564/700]: mean_loss=0.01737867183983326
Online_Training [565/700]: mean_loss=0.014841329399496317
Online_Training [566/700]: mean_loss=0.017821633350104095
Online_Training [567/700]: mean_loss=0.012452021334320306
Online_Training [568/700]: mean_loss=0.012737000919878482
Online_Training [569/700]: mean_loss=0.004369739280082286
Online_Training [570/700]: mean_loss=0.0135894606821239
Online_Training [571/700]: mean_loss=0.021258713956922293
Online_Training [572/700]: mean_loss=0.010996902268379927
Online_Training [573/700]: mean_loss=0.014369524270296096
Online_Training [574/700]: mean_loss=0.023536288365721702
Online_Training [575/700]: mean_loss=0.014061596523970366
Online_Training [576/700]: mean_loss=0.009965108055621386
Online_Training [577/700]: mean_loss=0.013556669000536203
Online_Training [578/700]: mean_loss=0.02593938708305359
Online_Training [579/700]: mean_loss=0.020247897133231163
Online_Training [580/700]: mean_loss=0.006787046371027827
Online_Training [581/700]: mean_loss=0.009550261963158845
Online_Training [582/700]: mean_loss=0.0191353777423501
Online_Training [583/700]: mean_loss=0.0074487715028226376
Online_Training [584/700]: mean_loss=0.016923104412853718
Online_Training [585/700]: mean_loss=0.006477013370022178
Online_Training [586/700]: mean_loss=0.01173919914290309
Online_Training [587/700]: mean_loss=0.016916743479669094
Online_Training [588/700]: mean_loss=0.009587016236037017
Online_Training [589/700]: mean_loss=0.021525239758193492
Online_Training [590/700]: mean_loss=0.028194279223680497
Online_Training [591/700]: mean_loss=0.16689911484718323
Online_Training [592/700]: mean_loss=0.11174668371677399
Online_Training [593/700]: mean_loss=0.006408163020387292
Online_Training [594/700]: mean_loss=0.03040077779442072
Online_Training [595/700]: mean_loss=0.021467439830303192
Online_Training [596/700]: mean_loss=0.007176095061004162
Online_Training [597/700]: mean_loss=0.005730493692681193
Online_Training [598/700]: mean_loss=0.017928600683808325
Online_Training [599/700]: mean_loss=0.010664524417370558
Online_Training [600/700]: mean_loss=0.013515646848827601
Online_Training [601/700]: mean_loss=0.005002082488499582
Online_Training [602/700]: mean_loss=0.0198778523132205
Online_Training [603/700]: mean_loss=0.016259879525750875
Online_Training [604/700]: mean_loss=0.00686757368966937
Online_Training [605/700]: mean_loss=0.023503244668245316
Online_Training [606/700]: mean_loss=0.008397532952949404
Online_Training [607/700]: mean_loss=0.01762722060084343
Online_Training [608/700]: mean_loss=0.018165599927306174
Online_Training [609/700]: mean_loss=0.009781533479690551
Online_Training [610/700]: mean_loss=0.01107719074934721
Online_Training [611/700]: mean_loss=0.02201185151934624
Online_Training [612/700]: mean_loss=0.011100919172167777
Online_Training [613/700]: mean_loss=0.008896834030747414
Online_Training [614/700]: mean_loss=0.02094305120408535
Online_Training [615/700]: mean_loss=0.03289226591587067
Online_Training [616/700]: mean_loss=0.006884254887700081
Online_Training [617/700]: mean_loss=0.007415636535733938
Online_Training [618/700]: mean_loss=0.009471948724240065
Online_Training [619/700]: mean_loss=0.03286103047430515
Online_Training [620/700]: mean_loss=0.008214519172906876
Online_Training [621/700]: mean_loss=0.02193078175187111
Online_Training [622/700]: mean_loss=0.0281039422377944
Online_Training [623/700]: mean_loss=0.015209669433534145
Online_Training [624/700]: mean_loss=0.011598131991922856
Online_Training [625/700]: mean_loss=0.01269394690170884
Online_Training [626/700]: mean_loss=0.011710529401898383
Online_Training [627/700]: mean_loss=0.031013252958655358
Online_Training [628/700]: mean_loss=0.005858823843300343
Online_Training [629/700]: mean_loss=0.01703891595825553
Online_Training [630/700]: mean_loss=0.032398324459791183
Online_Training [631/700]: mean_loss=0.010577249340713024
Online_Training [632/700]: mean_loss=0.01696060411632061
Online_Training [633/700]: mean_loss=0.026251473277807236
Online_Training [634/700]: mean_loss=0.017336832359433174
Online_Training [635/700]: mean_loss=0.009876641724258662
Online_Training [636/700]: mean_loss=0.011897636763751506
Online_Training [637/700]: mean_loss=0.03193086683750153
Online_Training [638/700]: mean_loss=0.051195821911096576
Online_Training [639/700]: mean_loss=0.010783759690821172
Online_Training [640/700]: mean_loss=0.013393398839980364
Online_Training [641/700]: mean_loss=0.00780934258364141
Online_Training [642/700]: mean_loss=0.011967665515840054
Online_Training [643/700]: mean_loss=0.008948980551213025
Online_Training [644/700]: mean_loss=0.011853010300546885
Online_Training [645/700]: mean_loss=0.015671269223093986
Online_Training [646/700]: mean_loss=0.010634673945605754
Online_Training [647/700]: mean_loss=0.01983027085661888
Online_Training [648/700]: mean_loss=0.019874964840710163
Online_Training [649/700]: mean_loss=0.006475571123883128
Online_Training [650/700]: mean_loss=0.015215747617185115
Online_Training [651/700]: mean_loss=0.008462036168202758
Online_Training [652/700]: mean_loss=0.017513470724225044
Online_Training [653/700]: mean_loss=0.02767483573406935
Online_Training [654/700]: mean_loss=0.022452156990766525
Online_Training [655/700]: mean_loss=0.008901252411305904
Online_Training [656/700]: mean_loss=0.006369628245010972
Online_Training [657/700]: mean_loss=0.007586012315005064
Online_Training [658/700]: mean_loss=0.02332267016172409
Online_Training [659/700]: mean_loss=0.015134998504072428
Online_Training [660/700]: mean_loss=0.011704187747091055
Online_Training [661/700]: mean_loss=0.012441110983490943
Online_Training [662/700]: mean_loss=0.011706720665097236
Online_Training [663/700]: mean_loss=0.023746141232550144
Online_Training [664/700]: mean_loss=0.007288522040471435
Online_Training [665/700]: mean_loss=0.06859232038259507
Online_Training [666/700]: mean_loss=0.14103928357362747
Online_Training [667/700]: mean_loss=0.014583302568644286
Online_Training [668/700]: mean_loss=0.023453798331320285
Online_Training [669/700]: mean_loss=0.011029582004994154
Online_Training [670/700]: mean_loss=0.009716998506337404
Online_Training [671/700]: mean_loss=0.005919125583022833
Online_Training [672/700]: mean_loss=0.01687348112463951
Online_Training [673/700]: mean_loss=0.02496753502637148
Online_Training [674/700]: mean_loss=0.012773682549595832
Online_Training [675/700]: mean_loss=0.014534240867942572
Online_Training [676/700]: mean_loss=0.013700770400464534
Online_Training [677/700]: mean_loss=0.011754075810313225
Online_Training [678/700]: mean_loss=0.004549626167863608
Online_Training [679/700]: mean_loss=0.020376489125192167
Online_Training [680/700]: mean_loss=0.012864136509597302
Online_Training [681/700]: mean_loss=0.00902240127325058
Online_Training [682/700]: mean_loss=0.014443309139460325
Online_Training [683/700]: mean_loss=0.016744116507470607
Online_Training [684/700]: mean_loss=0.007511815940961242
Online_Training [685/700]: mean_loss=0.01919465884566307
Online_Training [686/700]: mean_loss=0.015406962018460035
Online_Training [687/700]: mean_loss=0.010675272252410651
Online_Training [688/700]: mean_loss=0.023468665778636932
Online_Training [689/700]: mean_loss=0.14988612458109857
Online_Training [690/700]: mean_loss=0.04955608732998371
Online_Training [691/700]: mean_loss=0.02117315325886011
Online_Training [692/700]: mean_loss=0.013145710155367852
Online_Training [693/700]: mean_loss=0.013976395223289728
Online_Training [694/700]: mean_loss=0.013552668783813716
Online_Training [695/700]: mean_loss=0.015672340337187052
Online_Training [696/700]: mean_loss=0.01269916696473956
Online_Training [697/700]: mean_loss=0.004096231632865965
Online_Training [698/700]: mean_loss=0.01839983630925417
Online_Training [699/700]: mean_loss=0.050818923860788345
Online_Training [700/700]: mean_loss=0.04380027912557125
Number of Samples after Autoencoder testing: 300
First Spike after testing: [-0.85047853  1.4026281 ]
[2, 1, 0, 1, 2, 2, 0, 0, 1, 0, 2, 1, 1, 1, 2, 2, 0, 0, 2, 0, 2, 2, 1, 0, 0, 2, 2, 2, 0, 2, 0, 1, 1, 1, 1, 0, 2, 1, 1, 2, 0, 0, 1, 2, 1, 2, 2, 1, 1, 1, 0, 0, 2, 1, 0, 0, 2, 2, 0, 1, 2, 1, 1, 2, 1, 0, 1, 0, 1, 1, 1, 0, 1, 1, 0, 1, 2, 0, 2, 1, 1, 2, 2, 0, 1, 1, 2, 1, 2, 1, 0, 1, 1, 0, 2, 2, 1, 1, 0, 1, 0, 1, 2, 1, 0, 1, 1, 2, 0, 0, 2, 0, 1, 2, 2, 1, 2, 1, 1, 0, 2, 2, 0, 0, 2, 0, 0, 1, 0, 0, 2, 0, 1, 1, 1, 1, 2, 0, 2, 2, 0, 2, 0, 1, 0, 1, 2, 0, 1, 2, 2, 2, 0, 2, 0, 2, 1, 2, 0, 0, 1, 2, 2, 1, 2, 1, 0, 0, 2, 1, 1, 1, 2, 0, 1, 0, 2, 2, 0, 1, 1, 1, 0, 0, 2, 2, 0, 0, 1, 2, 0, 1, 0, 2, 2, 0, 2, 1, 2, 1, 1, 0, 1, 2, 0, 2, 2, 1, 1, 2, 1, 1, 0, 0, 0, 0, 0, 0, 0, 1, 2, 2, 1, 0, 1, 1, 1, 1, 0, 1, 1, 2, 0, 1, 1, 1, 2, 0, 0, 2, 2, 1, 1, 0, 2, 2, 0, 0, 0, 1, 0, 2, 1, 0, 0, 2, 1, 2, 0, 1, 2, 2, 2, 1, 0, 2, 0, 0, 2, 1, 0, 1, 2, 2, 0, 1, 2, 2, 2, 0, 2, 2, 1, 2, 1, 1, 0, 1, 0, 1, 0, 1, 1, 2, 1, 0, 0, 1, 2, 1]
[0, 1, 1, 1, 0, 0, 1, 1, 1, 1, 0, 1, 1, 1, 0, 0, 1, 1, 0, 1, 0, 0, 1, 1, 1, 0, 0, 0, 1, 0, 1, 1, 1, 1, 1, 1, 0, 1, 1, 0, 1, 1, 1, 0, 1, 0, 0, 1, 1, 1, 1, 1, 0, 1, 1, 1, 0, 0, 1, 1, 0, 1, 1, 0, 1, 1, 1, 1, 1, 0, 1, 1, 1, 1, 1, 1, 0, 1, 0, 1, 1, 0, 0, 1, 1, 1, 0, 1, 0, 1, 1, 1, 1, 1, 0, 0, 1, 1, 1, 1, 1, 1, 0, 1, 1, 1, 1, 0, 1, 1, 0, 1, 1, 0, 0, 1, 0, 1, 1, 1, 0, 0, 1, 1, 0, 1, 1, 1, 1, 1, 0, 1, 1, 1, 1, 1, 0, 1, 0, 0, 1, 0, 1, 1, 1, 1, 0, 1, 1, 0, 0, 0, 1, 0, 1, 0, 1, 0, 1, 1, 1, 0, 0, 1, 0, 1, 1, 1, 0, 1, 1, 1, 0, 1, 1, 1, 0, 0, 1, 1, 1, 1, 1, 1, 0, 0, 1, 1, 1, 0, 1, 1, 1, 0, 0, 1, 0, 1, 0, 1, 1, 1, 1, 0, 1, 0, 0, 1, 1, 0, 1, 1, 1, 1, 1, 1, 1, 1, 1, 1, 0, 0, 1, 1, 1, 1, 1, 1, 1, 1, 1, 0, 1, 1, 1, 1, 0, 1, 1, 0, 0, 1, 1, 1, 0, 0, 1, 1, 1, 1, 1, 0, 1, 1, 1, 0, 1, 0, 1, 1, 0, 0, 0, 1, 1, 0, 1, 1, 0, 1, 1, 1, 0, 0, 1, 1, 0, 0, 0, 1, 0, 0, 1, 0, 1, 1, 1, 1, 1, 1, 1, 1, 1, 0, 1, 1, 1, 1, 0, 1]
Centroids: [[0.5919035, -0.49416614], [0.019485205, -0.19195528], [-0.3203946, 1.1881948]]
Centroids: [[-0.32491896, 1.1782125], [0.29120186, -0.33541295]]
Contingency Matrix: 
[[  0  95]
 [  1 108]
 [ 96   0]]
[[0, 95], [1, 108], [96, 0]]
[[0, 95, 0], [1, 108, 0], [96, 0, 0]]
[0, 1, 2]
[[0, -1, 0], [-1, -1, -1], [96, -1, 0]]
[[-1, -1, 0], [-1, -1, -1], [-1, -1, -1]]
[[-1, -1, -1], [-1, -1, -1], [-1, -1, -1]]
Match_Labels: {1: 1, 2: 0, 0: 2}
New Contingency Matrix: 
[[  0  95   0]
 [  0 108   1]
 [  0   0  96]]
New Clustered Label Sequence: [2, 1, 0]
Diagonal_Elements: [0, 108, 96], Sum: 204
All_Elements: [0, 95, 0, 0, 108, 1, 0, 0, 96], Sum: 300
Accuracy: 0.68
