Seed: 0
Experiment_path: AE_Model_2/Epochs_2_4_6_8_20/20_Experiment_05_Epochs
Dataset_Path: ../_00_Datasets/03_SimDaten_Quiroga2020/C_Difficult2_noise020.mat
Dataset_name: ['03_SimDaten_Quiroga2020', 'C_Difficult2_noise020.mat']
Variant_name: V05_Online_AE_QL
Visualisation_Path: AE_Model_2/Epochs_2_4_6_8_20/20_Experiment_05_Epochs/C_Difficult2_noise020.mat/V05_Online_AE_QL/2023_05_11-01_24_05
Normalisation: False
Template Matching: False
Optimising Autoencoder: False
Update Factor: 1
Noisy Batches: False
Noisy Factor: 0.001
Epochs: 20
Batch Size: 1
maximal Spikes for Autoencoder Training : 700
maximal Spikes for Training: 1000
Input Size: 47
Chosen Model: Convolutional Autoencoder
ConvolutionalAutoencoder(
  (encoder): Sequential(
    (0): Conv1d(1, 6, kernel_size=(6,), stride=(1,))
    (1): LeakyReLU(negative_slope=0.01)
    (2): Conv1d(6, 1, kernel_size=(6,), stride=(1,))
    (3): Flatten(start_dim=1, end_dim=-1)
    (4): Linear(in_features=37, out_features=2, bias=True)
  )
  (decoder): Sequential(
    (0): ConvTranspose1d(1, 6, kernel_size=(6,), stride=(1,))
    (1): LeakyReLU(negative_slope=0.01)
    (2): ConvTranspose1d(6, 1, kernel_size=(6,), stride=(1,))
    (3): Flatten(start_dim=1, end_dim=-1)
    (4): Linear(in_features=12, out_features=47, bias=True)
  )
)
MSELoss()
Adam (
Parameter Group 0
    amsgrad: False
    betas: (0.9, 0.999)
    capturable: False
    differentiable: False
    eps: 1e-08
    foreach: None
    fused: False
    lr: 0.001
    maximize: False
    weight_decay: 0
)
---Q Learning Parameters---
Normalisation: False
Punishment Coefficient: 0.9
Alpha: 0.8
Epsilon: 0.01
Gamma: 0.97
Initial Episode Number: 0
Episode Number Coefficient: 1.4
Number of Random Features: 20
Planning Number: 20
Max Random Features: 60
New Episode Number: 72
New Episode Number: 143
New Episode Number: 215
                0     1     2     3
new_cluster -9.32 -6.87 -8.11 -6.27
c1          -9.33 -6.76 -7.93 -6.26
c2          -9.33 -6.78 -7.94 -6.42
c3          -9.32 -6.75 -8.10 -6.29
\begin{tabular}{lrrrr}
\toprule
{} &     0 &     1 &     2 &     3 \\
\midrule
new\_cluster & -9.32 & -6.87 & -8.11 & -6.27 \\
c1          & -9.33 & -6.76 & -7.93 & -6.26 \\
c2          & -9.33 & -6.78 & -7.94 & -6.42 \\
c3          & -9.32 & -6.75 & -8.10 & -6.29 \\
\bottomrule
\end{tabular}

                                0            1            2            3
new_cluster  [-3.24, new_cluster]   [-0.8, c1]  [-1.89, c2]  [-0.16, c3]
c1           [-3.24, new_cluster]  [-0.68, c1]   [-1.7, c2]  [-0.12, c3]
c2           [-3.24, new_cluster]   [-0.7, c1]  [-1.71, c2]  [-0.24, c3]
c3           [-3.24, new_cluster]  [-0.67, c1]  [-1.87, c2]  [-0.19, c3]
\begin{tabular}{lllll}
\toprule
{} &                     0 &            1 &            2 &            3 \\
\midrule
new\_cluster &  [-3.24, new\_cluster] &   [-0.8, c1] &  [-1.89, c2] &  [-0.16, c3] \\
c1          &  [-3.24, new\_cluster] &  [-0.68, c1] &   [-1.7, c2] &  [-0.12, c3] \\
c2          &  [-3.24, new\_cluster] &   [-0.7, c1] &  [-1.71, c2] &  [-0.24, c3] \\
c3          &  [-3.24, new\_cluster] &  [-0.67, c1] &  [-1.87, c2] &  [-0.19, c3] \\
\bottomrule
\end{tabular}

