Experiment_path: AE_Model_1/Experiment_05
Dataset_Path: ../_00_Datasets/03_SimDaten_Quiroga2020/C_Easy1_noise040.mat
Dataset_name: ['03_SimDaten_Quiroga2020', 'C_Easy1_noise040.mat']
Variant_name: Variant_05_Online_Autoencoder_QLearning
Visualisation_Path: Grid_Search_PC//V5/C_Easy1_noise040.mat/Variant_05_Online_Autoencoder_QLearning/2023_04_07-19_46_41
Punishment_Coefficient: 0.4000000000000001
<_01_LoadDataset.ExternCode.spike_class.spike_dataclass object at 0x00000220A4C90A20>
Sampling rate: 24000.0
Raw: [ 0.09290294  0.20189621  0.33053674 ... -0.20677271 -0.1502611
 -0.11999569]
Times: [    239     439     824 ... 1439203 1439286 1439464]
Cluster: [1 3 1 ... 3 1 2]
Number of different clusters:  3
Number of Spikes: 3386
First aligned Spike Frame: [ 0.35272875  0.22782651  0.09804678  0.0330907   0.01763465 -0.00716808
 -0.07676483 -0.17393839 -0.25156268 -0.27611297 -0.26424986 -0.2572748
 -0.14070033  0.3091543   0.84618672  0.8657919   0.33633627 -0.19287563
 -0.36620283 -0.28464978 -0.16625656 -0.0936908  -0.03935964  0.02291416
  0.0699242   0.05739865 -0.02453232 -0.1465012  -0.24130255 -0.27021376
 -0.25598501 -0.22429694 -0.17333633 -0.09081612  0.03499496  0.1799287
  0.31672358  0.42401557  0.47266498  0.4416574   0.34587776  0.22594898
  0.10664098 -0.02537482 -0.17575272 -0.29850509 -0.34589514]
Cluster 0, Occurrences: 1079
Cluster 1, Occurrences: 1158
Cluster 2, Occurrences: 1149
Number of Clusters: 3
Online_Training [1/700]: mean_loss=0.12678077816963196
Online_Training [2/700]: mean_loss=0.27325816452503204
Online_Training [3/700]: mean_loss=0.1742580607533455
Online_Training [4/700]: mean_loss=0.27303387969732285
Online_Training [5/700]: mean_loss=0.15561597794294357
Online_Training [6/700]: mean_loss=0.7854177802801132
Online_Training [7/700]: mean_loss=0.29421335086226463
Online_Training [8/700]: mean_loss=0.11442011967301369
Online_Training [9/700]: mean_loss=0.3441651910543442
Online_Training [10/700]: mean_loss=0.29727740213274956
Online_Training [11/700]: mean_loss=0.25258640944957733
Online_Training [12/700]: mean_loss=0.250771377235651
Online_Training [13/700]: mean_loss=0.22844277136027813
Online_Training [14/700]: mean_loss=0.2582398932427168
Online_Training [15/700]: mean_loss=0.2693722043186426
Online_Training [16/700]: mean_loss=0.2805794067680836
Online_Training [17/700]: mean_loss=0.23696772940456867
Online_Training [18/700]: mean_loss=0.17491181939840317
Online_Training [19/700]: mean_loss=0.04421133268624544
Online_Training [20/700]: mean_loss=0.3241320215165615
Online_Training [21/700]: mean_loss=0.16319604218006134
Online_Training [22/700]: mean_loss=0.12210520822554827
Online_Training [23/700]: mean_loss=0.12560609076172113
Online_Training [24/700]: mean_loss=0.09584466926753521
Online_Training [25/700]: mean_loss=0.37787503749132156
Online_Training [26/700]: mean_loss=0.17810268886387348
Online_Training [27/700]: mean_loss=0.16824057511985302
Online_Training [28/700]: mean_loss=0.18683797679841518
Online_Training [29/700]: mean_loss=0.3623584173619747
Online_Training [30/700]: mean_loss=0.1111907223239541
Online_Training [31/700]: mean_loss=0.0552838402800262
Online_Training [32/700]: mean_loss=0.13024939503520727
Online_Training [33/700]: mean_loss=0.12714941333979368
Online_Training [34/700]: mean_loss=0.05064614862203598
Online_Training [35/700]: mean_loss=0.047480612993240356
Online_Training [36/700]: mean_loss=0.11753320507705212
Online_Training [37/700]: mean_loss=0.19236446358263493
Online_Training [38/700]: mean_loss=0.055905068293213844
Online_Training [39/700]: mean_loss=0.12964819185435772
Online_Training [40/700]: mean_loss=0.09724680799990892
Online_Training [41/700]: mean_loss=0.10301159601658583
Online_Training [42/700]: mean_loss=0.45388567075133324
Online_Training [43/700]: mean_loss=0.11072406359016895
Online_Training [44/700]: mean_loss=0.34396883845329285
Online_Training [45/700]: mean_loss=0.18752508610486984
Online_Training [46/700]: mean_loss=0.21505915559828281
Online_Training [47/700]: mean_loss=0.3028363399207592
Online_Training [48/700]: mean_loss=0.08675363007932901
Online_Training [49/700]: mean_loss=0.08677535317838192
Online_Training [50/700]: mean_loss=0.07197528006508946
Online_Training [51/700]: mean_loss=0.13756370171904564
Online_Training [52/700]: mean_loss=0.0996679961681366
Online_Training [53/700]: mean_loss=0.06635201908648014
Online_Training [54/700]: mean_loss=0.06357642449438572
Online_Training [55/700]: mean_loss=0.06541150063276291
Online_Training [56/700]: mean_loss=0.05795530369505286
Online_Training [57/700]: mean_loss=0.17792956344783306
Online_Training [58/700]: mean_loss=0.2726201079785824
Online_Training [59/700]: mean_loss=0.09641088545322418
Online_Training [60/700]: mean_loss=0.06716978596523404
Online_Training [61/700]: mean_loss=0.3077505547553301
Online_Training [62/700]: mean_loss=0.16578958928585052
Online_Training [63/700]: mean_loss=0.25725201703608036
Online_Training [64/700]: mean_loss=0.14121210016310215
Online_Training [65/700]: mean_loss=0.07866259105503559
Online_Training [66/700]: mean_loss=0.22471501305699348
Online_Training [67/700]: mean_loss=0.09115826617926359
Online_Training [68/700]: mean_loss=0.03555280389264226
Online_Training [69/700]: mean_loss=0.04524020804092288
Online_Training [70/700]: mean_loss=0.2160380743443966
Online_Training [71/700]: mean_loss=0.18258224055171013
Online_Training [72/700]: mean_loss=0.08940068446099758
Online_Training [73/700]: mean_loss=0.29508141055703163
Online_Training [74/700]: mean_loss=0.06028145784512162
Online_Training [75/700]: mean_loss=0.06715643592178822
Online_Training [76/700]: mean_loss=0.05805523321032524
Online_Training [77/700]: mean_loss=0.16724151372909546
Online_Training [78/700]: mean_loss=0.09828414861112833
Online_Training [79/700]: mean_loss=0.13978669326752424
Online_Training [80/700]: mean_loss=0.05341619672253728
Online_Training [81/700]: mean_loss=0.07779728062450886
Online_Training [82/700]: mean_loss=0.022021251497790217
Online_Training [83/700]: mean_loss=0.3381667286157608
Online_Training [84/700]: mean_loss=0.15391409397125244
Online_Training [85/700]: mean_loss=0.10442531015723944
Online_Training [86/700]: mean_loss=0.24588802084326744
Online_Training [87/700]: mean_loss=0.15191101469099522
Online_Training [88/700]: mean_loss=0.18457478657364845
Online_Training [89/700]: mean_loss=0.03744468395598233
Online_Training [90/700]: mean_loss=0.1142058651894331
Online_Training [91/700]: mean_loss=0.36011022329330444
Online_Training [92/700]: mean_loss=0.06175018334761262
Online_Training [93/700]: mean_loss=0.12030456028878689
Online_Training [94/700]: mean_loss=0.14753067679703236
Online_Training [95/700]: mean_loss=0.1504591628909111
Online_Training [96/700]: mean_loss=0.06883254274725914
Online_Training [97/700]: mean_loss=0.03284318745136261
Online_Training [98/700]: mean_loss=0.07865199074149132
Online_Training [99/700]: mean_loss=0.07403079885989428
Online_Training [100/700]: mean_loss=0.2738237977027893
Online_Training [101/700]: mean_loss=0.20618841238319874
Online_Training [102/700]: mean_loss=0.13426285982131958
Online_Training [103/700]: mean_loss=0.13550453819334507
Online_Training [104/700]: mean_loss=0.23682539723813534
Online_Training [105/700]: mean_loss=0.0946526788175106
Online_Training [106/700]: mean_loss=0.10038494411855936
Online_Training [107/700]: mean_loss=0.1404604073613882
Online_Training [108/700]: mean_loss=0.07559688948094845
Online_Training [109/700]: mean_loss=0.11727937869727612
Online_Training [110/700]: mean_loss=0.2668992057442665
Online_Training [111/700]: mean_loss=0.052351620979607105
Online_Training [112/700]: mean_loss=0.14629105478525162
Online_Training [113/700]: mean_loss=0.0340827745385468
Online_Training [114/700]: mean_loss=0.10509885102510452
Online_Training [115/700]: mean_loss=0.05211595119908452
Online_Training [116/700]: mean_loss=0.13435131311416626
Online_Training [117/700]: mean_loss=0.13330353237688541
Online_Training [118/700]: mean_loss=0.1144836088642478
Online_Training [119/700]: mean_loss=0.12349324952811003
Online_Training [120/700]: mean_loss=0.08091864036396146
Online_Training [121/700]: mean_loss=0.0367149543017149
Online_Training [122/700]: mean_loss=0.07897216826677322
Online_Training [123/700]: mean_loss=0.06944788247346878
Online_Training [124/700]: mean_loss=0.07786452025175095
Online_Training [125/700]: mean_loss=0.053909075912088156
Online_Training [126/700]: mean_loss=0.12310428731143475
Online_Training [127/700]: mean_loss=0.17239922657608986
Online_Training [128/700]: mean_loss=0.1608275268226862
Online_Training [129/700]: mean_loss=0.062425658106803894
Online_Training [130/700]: mean_loss=0.4598577804863453
Online_Training [131/700]: mean_loss=0.10601299349218607
Online_Training [132/700]: mean_loss=0.12150172237306833
Online_Training [133/700]: mean_loss=0.0794597091153264
Online_Training [134/700]: mean_loss=0.1908848788589239
Online_Training [135/700]: mean_loss=0.23712719790637493
Online_Training [136/700]: mean_loss=0.14072457887232304
Online_Training [137/700]: mean_loss=0.1406945362687111
Online_Training [138/700]: mean_loss=0.07522191014140844
Online_Training [139/700]: mean_loss=0.12320570647716522
Online_Training [140/700]: mean_loss=0.11524776928126812
Online_Training [141/700]: mean_loss=0.08469393290579319
Online_Training [142/700]: mean_loss=0.03895658953115344
Online_Training [143/700]: mean_loss=0.24496642872691154
Online_Training [144/700]: mean_loss=0.04997548367828131
Online_Training [145/700]: mean_loss=0.17566673643887043
Online_Training [146/700]: mean_loss=0.04751479998230934
Online_Training [147/700]: mean_loss=0.32087286189198494
Online_Training [148/700]: mean_loss=0.15534195862710476
Online_Training [149/700]: mean_loss=0.24973939172923565
Online_Training [150/700]: mean_loss=0.17747220024466515
Online_Training [151/700]: mean_loss=0.27707329019904137
Online_Training [152/700]: mean_loss=0.15062477812170982
Online_Training [153/700]: mean_loss=0.11091372836381197
Online_Training [154/700]: mean_loss=0.26285539753735065
Online_Training [155/700]: mean_loss=0.33612049743533134
Online_Training [156/700]: mean_loss=0.0389230283908546
Online_Training [157/700]: mean_loss=0.1559101678431034
Online_Training [158/700]: mean_loss=0.07008821237832308
Online_Training [159/700]: mean_loss=0.0484856441617012
Online_Training [160/700]: mean_loss=0.08527085185050964
Online_Training [161/700]: mean_loss=0.11959998961538076
Online_Training [162/700]: mean_loss=0.0591539409942925
Online_Training [163/700]: mean_loss=0.30875591933727264
Online_Training [164/700]: mean_loss=0.09700945857912302
Online_Training [165/700]: mean_loss=0.1486480887979269
Online_Training [166/700]: mean_loss=0.07238811627030373
Online_Training [167/700]: mean_loss=0.13731163274496794
Online_Training [168/700]: mean_loss=0.07316773291677237
Online_Training [169/700]: mean_loss=0.11395253892987967
Online_Training [170/700]: mean_loss=0.14872651360929012
Online_Training [171/700]: mean_loss=0.39545708894729614
Online_Training [172/700]: mean_loss=0.0790311973541975
Online_Training [173/700]: mean_loss=0.14738099835813046
Online_Training [174/700]: mean_loss=0.06244288245216012
Online_Training [175/700]: mean_loss=0.11121780145913363
Online_Training [176/700]: mean_loss=0.12347247637808323
Online_Training [177/700]: mean_loss=0.21773726306855679
Online_Training [178/700]: mean_loss=0.1057735551148653
Online_Training [179/700]: mean_loss=0.1534039992839098
Online_Training [180/700]: mean_loss=0.039283383172005415
Online_Training [181/700]: mean_loss=0.12542484048753977
Online_Training [182/700]: mean_loss=0.11009350698441267
Online_Training [183/700]: mean_loss=0.0767661053687334
Online_Training [184/700]: mean_loss=0.2503521777689457
Online_Training [185/700]: mean_loss=0.21241637505590916
Online_Training [186/700]: mean_loss=0.18440477177500725
Online_Training [187/700]: mean_loss=0.03790347324684262
Online_Training [188/700]: mean_loss=0.17020593583583832
Online_Training [189/700]: mean_loss=0.2261394653469324
Online_Training [190/700]: mean_loss=0.22024594619870186
Online_Training [191/700]: mean_loss=0.06180931534618139
Online_Training [192/700]: mean_loss=0.13317522779107094
Online_Training [193/700]: mean_loss=0.10753847472369671
Online_Training [194/700]: mean_loss=0.08331060223281384
Online_Training [195/700]: mean_loss=0.07465342851355672
Online_Training [196/700]: mean_loss=0.07896795403212309
Online_Training [197/700]: mean_loss=0.25320516899228096
Online_Training [198/700]: mean_loss=0.0607964089140296
Online_Training [199/700]: mean_loss=0.18977748695760965
Online_Training [200/700]: mean_loss=0.2862590216100216
Online_Training [201/700]: mean_loss=0.09136947337538004
Online_Training [202/700]: mean_loss=0.11733293160796165
Online_Training [203/700]: mean_loss=0.15965109318494797
Online_Training [204/700]: mean_loss=0.1445548702031374
Online_Training [205/700]: mean_loss=0.11419337149709463
Online_Training [206/700]: mean_loss=0.11744253151118755
Online_Training [207/700]: mean_loss=0.07198397070169449
Online_Training [208/700]: mean_loss=0.06971888151019812
Online_Training [209/700]: mean_loss=0.2107204906642437
Online_Training [210/700]: mean_loss=0.15735503658652306
Online_Training [211/700]: mean_loss=0.13201080448925495
Online_Training [212/700]: mean_loss=0.2089825328439474
Online_Training [213/700]: mean_loss=0.02040611277334392
Online_Training [214/700]: mean_loss=0.1314343297854066
Online_Training [215/700]: mean_loss=0.07756028138101101
Online_Training [216/700]: mean_loss=0.2537290956825018
Online_Training [217/700]: mean_loss=0.08109284285455942
Online_Training [218/700]: mean_loss=0.0779851796105504
Online_Training [219/700]: mean_loss=0.18246823363006115
Online_Training [220/700]: mean_loss=0.1495542675256729
Online_Training [221/700]: mean_loss=0.11111189424991608
Online_Training [222/700]: mean_loss=0.10348002798855305
Online_Training [223/700]: mean_loss=0.09101841878145933
Online_Training [224/700]: mean_loss=0.12656645942479372
Online_Training [225/700]: mean_loss=0.06672038044780493
Online_Training [226/700]: mean_loss=0.05042682960629463
Online_Training [227/700]: mean_loss=0.1988309770822525
Online_Training [228/700]: mean_loss=0.3130789287388325
Online_Training [229/700]: mean_loss=0.12012673914432526
Online_Training [230/700]: mean_loss=0.2083576936274767
Online_Training [231/700]: mean_loss=0.14061680529266596
Online_Training [232/700]: mean_loss=0.553038839250803
Online_Training [233/700]: mean_loss=0.15610863268375397
Online_Training [234/700]: mean_loss=0.13878490030765533
Online_Training [235/700]: mean_loss=0.10973154753446579
Online_Training [236/700]: mean_loss=0.08470997307449579
Online_Training [237/700]: mean_loss=0.06598205072805285
Online_Training [238/700]: mean_loss=0.19816873967647552
Online_Training [239/700]: mean_loss=0.1949116326868534
Online_Training [240/700]: mean_loss=0.14049513638019562
Online_Training [241/700]: mean_loss=0.07933516427874565
Online_Training [242/700]: mean_loss=0.04844793165102601
Online_Training [243/700]: mean_loss=0.19917184486985207
Online_Training [244/700]: mean_loss=0.08954082150012255
Online_Training [245/700]: mean_loss=0.10223536659032106
Online_Training [246/700]: mean_loss=0.05417427746579051
Online_Training [247/700]: mean_loss=0.07303333003073931
Online_Training [248/700]: mean_loss=0.07263953238725662
Online_Training [249/700]: mean_loss=0.13126061856746674
Online_Training [250/700]: mean_loss=0.2491411752998829
Online_Training [251/700]: mean_loss=0.1062206132337451
Online_Training [252/700]: mean_loss=0.08001754898577929
Online_Training [253/700]: mean_loss=0.05519532784819603
Online_Training [254/700]: mean_loss=0.16446360386908054
Online_Training [255/700]: mean_loss=0.1891363151371479
Online_Training [256/700]: mean_loss=0.17428199015557766
Online_Training [257/700]: mean_loss=0.09934267308562994
Online_Training [258/700]: mean_loss=0.4879676140844822
Online_Training [259/700]: mean_loss=0.17274793051183224
Online_Training [260/700]: mean_loss=0.10540302842855453
Online_Training [261/700]: mean_loss=0.08794332202523947
Online_Training [262/700]: mean_loss=0.2669301927089691
Online_Training [263/700]: mean_loss=0.12002135161310434
Online_Training [264/700]: mean_loss=0.100310442969203
Online_Training [265/700]: mean_loss=0.0769440196454525
Online_Training [266/700]: mean_loss=0.07784464210271835
Online_Training [267/700]: mean_loss=0.06470019556581974
Online_Training [268/700]: mean_loss=0.0723926592618227
Online_Training [269/700]: mean_loss=0.04283864516764879
Online_Training [270/700]: mean_loss=0.0759403444826603
Online_Training [271/700]: mean_loss=0.0855040168389678
Online_Training [272/700]: mean_loss=0.03753262851387262
Online_Training [273/700]: mean_loss=0.12009664997458458
Online_Training [274/700]: mean_loss=0.06042120372876525
Online_Training [275/700]: mean_loss=0.1167381526902318
Online_Training [276/700]: mean_loss=0.05457850033417344
Online_Training [277/700]: mean_loss=0.05481340130791068
Online_Training [278/700]: mean_loss=0.07721340842545033
Online_Training [279/700]: mean_loss=0.047204401809722185
Online_Training [280/700]: mean_loss=0.14753473456948996
Online_Training [281/700]: mean_loss=0.11787305492907763
Online_Training [282/700]: mean_loss=0.5368223786354065
Online_Training [283/700]: mean_loss=0.09222092013806105
Online_Training [284/700]: mean_loss=0.20656382478773594
Online_Training [285/700]: mean_loss=0.06849654717370868
Online_Training [286/700]: mean_loss=0.1758596021682024
Online_Training [287/700]: mean_loss=0.10995298996567726
Online_Training [288/700]: mean_loss=0.17963855527341366
Online_Training [289/700]: mean_loss=0.14505925960838795
Online_Training [290/700]: mean_loss=0.09274500887840986
Online_Training [291/700]: mean_loss=0.1769634410738945
Online_Training [292/700]: mean_loss=0.07059517363086343
Online_Training [293/700]: mean_loss=0.37626421824097633
Online_Training [294/700]: mean_loss=0.0323597970418632
Online_Training [295/700]: mean_loss=0.03258781344629824
Online_Training [296/700]: mean_loss=0.04992487980052829
Online_Training [297/700]: mean_loss=0.1715914122760296
Online_Training [298/700]: mean_loss=0.41722000017762184
Online_Training [299/700]: mean_loss=0.1287985686212778
Online_Training [300/700]: mean_loss=0.1679828241467476
Online_Training [301/700]: mean_loss=0.10728632565587759
Online_Training [302/700]: mean_loss=0.13537786062806845
Online_Training [303/700]: mean_loss=0.06530743092298508
Online_Training [304/700]: mean_loss=0.05398401524871588
Online_Training [305/700]: mean_loss=0.07982223108410835
Online_Training [306/700]: mean_loss=0.054930371697992086
Online_Training [307/700]: mean_loss=0.0470528295263648
Online_Training [308/700]: mean_loss=0.05177593417465687
Online_Training [309/700]: mean_loss=0.06643941719084978
Online_Training [310/700]: mean_loss=0.1773692350834608
Online_Training [311/700]: mean_loss=0.3105577640235424
Online_Training [312/700]: mean_loss=0.10099943540990353
Online_Training [313/700]: mean_loss=0.01787706301547587
Online_Training [314/700]: mean_loss=0.22617608308792114
Online_Training [315/700]: mean_loss=0.16253435239195824
Online_Training [316/700]: mean_loss=0.156592832878232
Online_Training [317/700]: mean_loss=0.030852081021293998
Online_Training [318/700]: mean_loss=0.1675537098199129
Online_Training [319/700]: mean_loss=0.09070071950554848
Online_Training [320/700]: mean_loss=0.20782844722270966
Online_Training [321/700]: mean_loss=0.09205085411667824
Online_Training [322/700]: mean_loss=0.10431097447872162
Online_Training [323/700]: mean_loss=0.2045513391494751
Online_Training [324/700]: mean_loss=0.0479839276522398
Online_Training [325/700]: mean_loss=0.0625437619164586
Online_Training [326/700]: mean_loss=0.12776236049830914
Online_Training [327/700]: mean_loss=0.09278617333620787
Online_Training [328/700]: mean_loss=0.09421715512871742
Online_Training [329/700]: mean_loss=0.0633816160261631
Online_Training [330/700]: mean_loss=0.04359059827402234
Online_Training [331/700]: mean_loss=0.32512228935956955
Online_Training [332/700]: mean_loss=0.12060651555657387
Online_Training [333/700]: mean_loss=0.13070087879896164
Online_Training [334/700]: mean_loss=0.09969011507928371
Online_Training [335/700]: mean_loss=0.04693425074219704
Online_Training [336/700]: mean_loss=0.14277036674320698
Online_Training [337/700]: mean_loss=0.14772172830998898
Online_Training [338/700]: mean_loss=0.4317147955298424
Online_Training [339/700]: mean_loss=0.05815788032487035
Online_Training [340/700]: mean_loss=0.06387590104714036
Online_Training [341/700]: mean_loss=0.10024300776422024
Online_Training [342/700]: mean_loss=0.03636022610589862
Online_Training [343/700]: mean_loss=0.09971779212355614
Online_Training [344/700]: mean_loss=0.08707083202898502
Online_Training [345/700]: mean_loss=0.07144474238157272
Online_Training [346/700]: mean_loss=0.12924958392977715
Online_Training [347/700]: mean_loss=0.3898255042731762
Online_Training [348/700]: mean_loss=0.02363145910203457
Online_Training [349/700]: mean_loss=0.2601139433681965
Online_Training [350/700]: mean_loss=0.1896884348243475
Online_Training [351/700]: mean_loss=0.09665821492671967
Online_Training [352/700]: mean_loss=0.07429627887904644
Online_Training [353/700]: mean_loss=0.08142240718007088
Online_Training [354/700]: mean_loss=0.04707519290968776
Online_Training [355/700]: mean_loss=0.025418479926884174
Online_Training [356/700]: mean_loss=0.07263706251978874
Online_Training [357/700]: mean_loss=0.1887526996433735
Online_Training [358/700]: mean_loss=0.07927078008651733
Online_Training [359/700]: mean_loss=0.06302683148533106
Online_Training [360/700]: mean_loss=0.12569227442145348
Online_Training [361/700]: mean_loss=0.07122352067381144
Online_Training [362/700]: mean_loss=0.05629917746409774
Online_Training [363/700]: mean_loss=0.19902163930237293
Online_Training [364/700]: mean_loss=0.11394955031573772
Online_Training [365/700]: mean_loss=0.0897315051406622
Online_Training [366/700]: mean_loss=0.08625507168471813
Online_Training [367/700]: mean_loss=0.1772289164364338
Online_Training [368/700]: mean_loss=0.07969159493222833
Online_Training [369/700]: mean_loss=0.22284064628183842
Online_Training [370/700]: mean_loss=0.15736384317278862
Online_Training [371/700]: mean_loss=0.23378396779298782
Online_Training [372/700]: mean_loss=0.17997789196670055
Online_Training [373/700]: mean_loss=0.13418508227914572
Online_Training [374/700]: mean_loss=0.16145316138863564
Online_Training [375/700]: mean_loss=0.07361364411190152
Online_Training [376/700]: mean_loss=0.2563727106899023
Online_Training [377/700]: mean_loss=0.07941285334527493
Online_Training [378/700]: mean_loss=0.0726446621119976
Online_Training [379/700]: mean_loss=0.08325628051534295
Online_Training [380/700]: mean_loss=0.16347087733447552
Online_Training [381/700]: mean_loss=0.11157876253128052
Online_Training [382/700]: mean_loss=0.06034380383789539
Online_Training [383/700]: mean_loss=0.04519478790462017
Online_Training [384/700]: mean_loss=0.029307486722245812
Online_Training [385/700]: mean_loss=0.28253955766558647
Online_Training [386/700]: mean_loss=0.09548533242195845
Online_Training [387/700]: mean_loss=0.35862045735120773
Online_Training [388/700]: mean_loss=0.084031468257308
Online_Training [389/700]: mean_loss=0.1159267844632268
Online_Training [390/700]: mean_loss=0.3741746321320534
Online_Training [391/700]: mean_loss=0.07336145918816328
Online_Training [392/700]: mean_loss=0.10534281935542822
Online_Training [393/700]: mean_loss=0.2557403389364481
Online_Training [394/700]: mean_loss=0.09379516262561083
Online_Training [395/700]: mean_loss=0.026304875733330846
Online_Training [396/700]: mean_loss=0.05779457651078701
Online_Training [397/700]: mean_loss=0.11501811817288399
Online_Training [398/700]: mean_loss=0.1495848223567009
Online_Training [399/700]: mean_loss=0.05462355026975274
Online_Training [400/700]: mean_loss=0.09925860073417425
Online_Training [401/700]: mean_loss=0.17130082286894321
Online_Training [402/700]: mean_loss=0.10097876284271479
Online_Training [403/700]: mean_loss=0.19898067601025105
Online_Training [404/700]: mean_loss=0.1109386095777154
Online_Training [405/700]: mean_loss=0.07091700471937656
Online_Training [406/700]: mean_loss=0.14882107637822628
Online_Training [407/700]: mean_loss=0.3789748027920723
Online_Training [408/700]: mean_loss=0.20099705643951893
Online_Training [409/700]: mean_loss=0.3315892554819584
Online_Training [410/700]: mean_loss=0.1276398180052638
Online_Training [411/700]: mean_loss=0.08669713884592056
Online_Training [412/700]: mean_loss=0.07216660212725401
Online_Training [413/700]: mean_loss=0.025835616746917367
Online_Training [414/700]: mean_loss=0.06282982137054205
Online_Training [415/700]: mean_loss=0.1445715818554163
Online_Training [416/700]: mean_loss=0.11117627285420895
Online_Training [417/700]: mean_loss=0.229139544069767
Online_Training [418/700]: mean_loss=0.7021618410944939
Online_Training [419/700]: mean_loss=0.34801147505640984
Online_Training [420/700]: mean_loss=0.15727420058101416
Online_Training [421/700]: mean_loss=0.14675574377179146
Online_Training [422/700]: mean_loss=0.21268467046320438
Online_Training [423/700]: mean_loss=0.03221283806487918
Online_Training [424/700]: mean_loss=0.14839767292141914
Online_Training [425/700]: mean_loss=0.023674528812989593
Online_Training [426/700]: mean_loss=0.047584609128534794
Online_Training [427/700]: mean_loss=0.13454068265855312
Online_Training [428/700]: mean_loss=0.13795706257224083
Online_Training [429/700]: mean_loss=0.07444748748093843
Online_Training [430/700]: mean_loss=0.08743081614375114
Online_Training [431/700]: mean_loss=0.07857973966747522
Online_Training [432/700]: mean_loss=0.09577299375087023
Online_Training [433/700]: mean_loss=0.12449618242681026
Online_Training [434/700]: mean_loss=0.12779049575328827
Online_Training [435/700]: mean_loss=0.10205739177763462
Online_Training [436/700]: mean_loss=0.07817992148920894
Online_Training [437/700]: mean_loss=0.05355615261942148
Online_Training [438/700]: mean_loss=0.09192196931689978
Online_Training [439/700]: mean_loss=0.09365408215671778
Online_Training [440/700]: mean_loss=0.18485495075583458
Online_Training [441/700]: mean_loss=0.133954506367445
Online_Training [442/700]: mean_loss=0.034368215361610055
Online_Training [443/700]: mean_loss=0.1422872468829155
Online_Training [444/700]: mean_loss=0.2490907646715641
Online_Training [445/700]: mean_loss=0.21026013977825642
Online_Training [446/700]: mean_loss=0.08832248579710722
Online_Training [447/700]: mean_loss=0.1767558753490448
Online_Training [448/700]: mean_loss=0.21158991195261478
Online_Training [449/700]: mean_loss=0.09108435828238726
Online_Training [450/700]: mean_loss=0.10469123907387257
Online_Training [451/700]: mean_loss=0.05932538537308574
Online_Training [452/700]: mean_loss=0.07506877603009343
Online_Training [453/700]: mean_loss=0.18986259028315544
Online_Training [454/700]: mean_loss=0.21330521441996098
Online_Training [455/700]: mean_loss=0.18182512186467648
Online_Training [456/700]: mean_loss=0.2616392280906439
Online_Training [457/700]: mean_loss=0.04330640938133001
Online_Training [458/700]: mean_loss=0.15445151180028915
Online_Training [459/700]: mean_loss=0.13929222151637077
Online_Training [460/700]: mean_loss=0.034356595017015934
Online_Training [461/700]: mean_loss=0.052912164479494095
Online_Training [462/700]: mean_loss=0.029607722302898765
Online_Training [463/700]: mean_loss=0.0638475464656949
Online_Training [464/700]: mean_loss=0.05680998973548412
Online_Training [465/700]: mean_loss=0.17213012278079987
Online_Training [466/700]: mean_loss=0.14090799912810326
Online_Training [467/700]: mean_loss=0.03482307866215706
Online_Training [468/700]: mean_loss=0.06748105026781559
Online_Training [469/700]: mean_loss=0.13491442147642374
Online_Training [470/700]: mean_loss=0.1010640924796462
Online_Training [471/700]: mean_loss=0.13525156490504742
Online_Training [472/700]: mean_loss=0.042065477930009365
Online_Training [473/700]: mean_loss=0.23655004240572453
Online_Training [474/700]: mean_loss=0.0369679662398994
Online_Training [475/700]: mean_loss=0.1355082355439663
Online_Training [476/700]: mean_loss=0.0740229832008481
Online_Training [477/700]: mean_loss=0.18787243217229843
Online_Training [478/700]: mean_loss=0.028304586885496974
Online_Training [479/700]: mean_loss=0.18792936764657497
Online_Training [480/700]: mean_loss=0.3642814867198467
Online_Training [481/700]: mean_loss=0.0799426082521677
Online_Training [482/700]: mean_loss=0.13758986350148916
Online_Training [483/700]: mean_loss=0.7956370934844017
Online_Training [484/700]: mean_loss=0.08847385086119175
Online_Training [485/700]: mean_loss=0.056311335414648056
Online_Training [486/700]: mean_loss=0.13884539529681206
Online_Training [487/700]: mean_loss=0.06378191988915205
Online_Training [488/700]: mean_loss=0.04775589518249035
Online_Training [489/700]: mean_loss=0.2617654949426651
Online_Training [490/700]: mean_loss=0.15646479278802872
Online_Training [491/700]: mean_loss=0.12610864918679
Online_Training [492/700]: mean_loss=0.05908971233293414
Online_Training [493/700]: mean_loss=0.07070212811231613
Online_Training [494/700]: mean_loss=0.19945149682462215
Online_Training [495/700]: mean_loss=0.07600893080234528
Online_Training [496/700]: mean_loss=0.29227423667907715
Online_Training [497/700]: mean_loss=0.30421122163534164
Online_Training [498/700]: mean_loss=0.0904836030676961
Online_Training [499/700]: mean_loss=0.08377663791179657
Online_Training [500/700]: mean_loss=0.31473226845264435
Online_Training [501/700]: mean_loss=0.07973978016525507
Online_Training [502/700]: mean_loss=0.13318892754614353
Online_Training [503/700]: mean_loss=0.2758543472737074
Online_Training [504/700]: mean_loss=0.04186633788049221
Online_Training [505/700]: mean_loss=0.05750021571293473
Online_Training [506/700]: mean_loss=0.165654968470335
Online_Training [507/700]: mean_loss=0.07688129041343927
Online_Training [508/700]: mean_loss=0.05427549593150616
Online_Training [509/700]: mean_loss=0.047529049683362246
Online_Training [510/700]: mean_loss=0.453002218157053
Online_Training [511/700]: mean_loss=0.05288936570286751
Online_Training [512/700]: mean_loss=0.08675127103924751
Online_Training [513/700]: mean_loss=0.14419567957520485
Online_Training [514/700]: mean_loss=0.10322077479213476
Online_Training [515/700]: mean_loss=0.1552227083593607
Online_Training [516/700]: mean_loss=0.1474349033087492
Online_Training [517/700]: mean_loss=0.11974304262548685
Online_Training [518/700]: mean_loss=0.047534468583762646
Online_Training [519/700]: mean_loss=0.0666605131700635
Online_Training [520/700]: mean_loss=0.0713866576552391
Online_Training [521/700]: mean_loss=0.11923065222799778
Online_Training [522/700]: mean_loss=0.06448897020891309
Online_Training [523/700]: mean_loss=0.11335044261068106
Online_Training [524/700]: mean_loss=0.04099927702918649
Online_Training [525/700]: mean_loss=0.1038234019652009
Online_Training [526/700]: mean_loss=0.18146602995693684
Online_Training [527/700]: mean_loss=0.04339790437370539
Online_Training [528/700]: mean_loss=0.1330994823947549
Online_Training [529/700]: mean_loss=0.03730199160054326
Online_Training [530/700]: mean_loss=0.17511055432260036
Online_Training [531/700]: mean_loss=0.1527139786630869
Online_Training [532/700]: mean_loss=0.06216928781941533
Online_Training [533/700]: mean_loss=0.1001375513151288
Online_Training [534/700]: mean_loss=0.08870377391576767
Online_Training [535/700]: mean_loss=0.27336637675762177
Online_Training [536/700]: mean_loss=0.1570174265652895
Online_Training [537/700]: mean_loss=0.03183501795865595
Online_Training [538/700]: mean_loss=0.06937399692833424
Online_Training [539/700]: mean_loss=0.21611925214529037
Online_Training [540/700]: mean_loss=0.05550922779366374
Online_Training [541/700]: mean_loss=0.11884148232638836
Online_Training [542/700]: mean_loss=0.09187975339591503
Online_Training [543/700]: mean_loss=0.20058670826256275
Online_Training [544/700]: mean_loss=0.0579207637347281
Online_Training [545/700]: mean_loss=0.1906843762844801
Online_Training [546/700]: mean_loss=0.07171684689819813
Online_Training [547/700]: mean_loss=0.19634811393916607
Online_Training [548/700]: mean_loss=0.3379611596465111
Online_Training [549/700]: mean_loss=0.1408375147730112
Online_Training [550/700]: mean_loss=0.04290351830422878
Online_Training [551/700]: mean_loss=0.05907805263996124
Online_Training [552/700]: mean_loss=0.1836838461458683
Online_Training [553/700]: mean_loss=0.23855125345289707
Online_Training [554/700]: mean_loss=0.1388106495141983
Online_Training [555/700]: mean_loss=0.189369710162282
Online_Training [556/700]: mean_loss=0.2697194963693619
Online_Training [557/700]: mean_loss=0.06539629632607102
Online_Training [558/700]: mean_loss=0.1091504767537117
Online_Training [559/700]: mean_loss=0.15846416167914867
Online_Training [560/700]: mean_loss=0.03357578604482114
Online_Training [561/700]: mean_loss=0.04669612506404519
Online_Training [562/700]: mean_loss=0.07081864215433598
Online_Training [563/700]: mean_loss=0.13880093023180962
Online_Training [564/700]: mean_loss=0.11175609566271305
Online_Training [565/700]: mean_loss=0.07202969118952751
Online_Training [566/700]: mean_loss=0.08362246118485928
Online_Training [567/700]: mean_loss=0.12754912115633488
Online_Training [568/700]: mean_loss=0.02430717716924846
Online_Training [569/700]: mean_loss=0.13931892067193985
Online_Training [570/700]: mean_loss=0.053703445475548506
Online_Training [571/700]: mean_loss=0.13379977270960808
Online_Training [572/700]: mean_loss=0.027335493825376034
Online_Training [573/700]: mean_loss=0.0722930645570159
Online_Training [574/700]: mean_loss=0.1397856492549181
Online_Training [575/700]: mean_loss=0.062484807800501585
Online_Training [576/700]: mean_loss=0.28180092945694923
Online_Training [577/700]: mean_loss=0.2846982479095459
Online_Training [578/700]: mean_loss=0.23220688290894032
Online_Training [579/700]: mean_loss=0.04375359136611223
Online_Training [580/700]: mean_loss=0.14387530088424683
Online_Training [581/700]: mean_loss=0.09937085676938295
Online_Training [582/700]: mean_loss=0.1452934332191944
Online_Training [583/700]: mean_loss=0.37096209079027176
Online_Training [584/700]: mean_loss=0.055211714934557676
Online_Training [585/700]: mean_loss=0.3058563284575939
Online_Training [586/700]: mean_loss=0.19507538434118032
Online_Training [587/700]: mean_loss=0.06259568687528372
Online_Training [588/700]: mean_loss=0.16985361836850643
Online_Training [589/700]: mean_loss=0.11315845604985952
Online_Training [590/700]: mean_loss=0.566570021212101
Online_Training [591/700]: mean_loss=0.09254289185628295
Online_Training [592/700]: mean_loss=0.06101644178852439
Online_Training [593/700]: mean_loss=0.2346172221004963
Online_Training [594/700]: mean_loss=0.27209189161658287
Online_Training [595/700]: mean_loss=0.11104152537882328
Online_Training [596/700]: mean_loss=0.06331426417455077
Online_Training [597/700]: mean_loss=0.04211354721337557
Online_Training [598/700]: mean_loss=0.06800019089132547
Online_Training [599/700]: mean_loss=0.0950013305991888
Online_Training [600/700]: mean_loss=0.11485980357974768
Online_Training [601/700]: mean_loss=0.1716867033392191
Online_Training [602/700]: mean_loss=0.13665015809237957
Online_Training [603/700]: mean_loss=0.1048847371712327
Online_Training [604/700]: mean_loss=0.14961959794163704
Online_Training [605/700]: mean_loss=0.4291907250881195
Online_Training [606/700]: mean_loss=0.1155754690989852
Online_Training [607/700]: mean_loss=0.11218446586281061
Online_Training [608/700]: mean_loss=0.04524254659190774
Online_Training [609/700]: mean_loss=0.05125188222154975
Online_Training [610/700]: mean_loss=0.1097058393061161
Online_Training [611/700]: mean_loss=0.07728668861091137
Online_Training [612/700]: mean_loss=0.06489451602101326
Online_Training [613/700]: mean_loss=0.09908789489418268
Online_Training [614/700]: mean_loss=0.02402964304201305
Online_Training [615/700]: mean_loss=0.08461126685142517
Online_Training [616/700]: mean_loss=0.1451210305094719
Online_Training [617/700]: mean_loss=0.028656017500907183
Online_Training [618/700]: mean_loss=0.10814852872863412
Online_Training [619/700]: mean_loss=0.0999472588300705
Online_Training [620/700]: mean_loss=0.12094872165471315
Online_Training [621/700]: mean_loss=0.3058449216187
Online_Training [622/700]: mean_loss=0.16123740002512932
Online_Training [623/700]: mean_loss=0.16463330574333668
Online_Training [624/700]: mean_loss=0.09415674861520529
Online_Training [625/700]: mean_loss=0.04720772197470069
Online_Training [626/700]: mean_loss=0.1716844979673624
Online_Training [627/700]: mean_loss=0.14800944365561008
Online_Training [628/700]: mean_loss=0.09597655013203621
Online_Training [629/700]: mean_loss=0.08371904958039522
Online_Training [630/700]: mean_loss=0.2614418491721153
Online_Training [631/700]: mean_loss=0.054326456505805254
Online_Training [632/700]: mean_loss=0.03869939316064119
Online_Training [633/700]: mean_loss=0.2858774960041046
Online_Training [634/700]: mean_loss=0.057248908560723066
Online_Training [635/700]: mean_loss=0.19834605418145657
Online_Training [636/700]: mean_loss=0.11529844906181097
Online_Training [637/700]: mean_loss=0.06920247990638018
Online_Training [638/700]: mean_loss=0.0779535798355937
Online_Training [639/700]: mean_loss=0.10235080774873495
Online_Training [640/700]: mean_loss=0.06936581153422594
Online_Training [641/700]: mean_loss=0.10729820840060711
Online_Training [642/700]: mean_loss=0.04316705837845802
Online_Training [643/700]: mean_loss=0.13309983350336552
Online_Training [644/700]: mean_loss=0.0660816403105855
Online_Training [645/700]: mean_loss=0.11864026915282011
Online_Training [646/700]: mean_loss=0.07945732213556767
Online_Training [647/700]: mean_loss=0.06388913653790951
Online_Training [648/700]: mean_loss=0.04460967518389225
Online_Training [649/700]: mean_loss=0.0919104740023613
Online_Training [650/700]: mean_loss=0.17776963859796524
Online_Training [651/700]: mean_loss=0.3074009269475937
Online_Training [652/700]: mean_loss=0.17109699919819832
Online_Training [653/700]: mean_loss=0.06521270703524351
Online_Training [654/700]: mean_loss=0.04341431288048625
Online_Training [655/700]: mean_loss=0.07977783121168613
Online_Training [656/700]: mean_loss=0.1470755636692047
Online_Training [657/700]: mean_loss=0.1403500083833933
Online_Training [658/700]: mean_loss=0.07225572969764471
Online_Training [659/700]: mean_loss=0.05459161242470145
Online_Training [660/700]: mean_loss=0.14384343102574348
Online_Training [661/700]: mean_loss=0.05265450989827514
Online_Training [662/700]: mean_loss=0.1852288916707039
Online_Training [663/700]: mean_loss=0.05548697477206588
Online_Training [664/700]: mean_loss=0.0952907856553793
Online_Training [665/700]: mean_loss=0.03390439506620169
Online_Training [666/700]: mean_loss=0.19723649322986603
Online_Training [667/700]: mean_loss=0.11344313342124224
Online_Training [668/700]: mean_loss=0.11762356385588646
Online_Training [669/700]: mean_loss=0.08411652315407991
Online_Training [670/700]: mean_loss=0.11717134341597557
Online_Training [671/700]: mean_loss=0.12190180830657482
Online_Training [672/700]: mean_loss=0.08874078653752804
Online_Training [673/700]: mean_loss=0.08451906032860279
Online_Training [674/700]: mean_loss=0.03607566514983773
Online_Training [675/700]: mean_loss=0.20258518308401108
Online_Training [676/700]: mean_loss=0.06609069928526878
Online_Training [677/700]: mean_loss=0.13511220645159483
Online_Training [678/700]: mean_loss=0.057688136119395494
Online_Training [679/700]: mean_loss=0.12706178706139326
Online_Training [680/700]: mean_loss=0.273758128285408
Online_Training [681/700]: mean_loss=0.36927931383252144
Online_Training [682/700]: mean_loss=0.08381392993032932
Online_Training [683/700]: mean_loss=0.09951129648834467
Online_Training [684/700]: mean_loss=0.05409665405750275
Online_Training [685/700]: mean_loss=0.10396348126232624
Online_Training [686/700]: mean_loss=0.059135028161108494
Online_Training [687/700]: mean_loss=0.05217617470771074
Online_Training [688/700]: mean_loss=0.07460807170718908
Online_Training [689/700]: mean_loss=0.058038818184286356
Online_Training [690/700]: mean_loss=0.11520810145884752
Online_Training [691/700]: mean_loss=0.08749105222523212
Online_Training [692/700]: mean_loss=0.07473258301615715
Online_Training [693/700]: mean_loss=0.06692168535664678
Online_Training [694/700]: mean_loss=0.06125778844580054
Online_Training [695/700]: mean_loss=0.06118988199159503
Online_Training [696/700]: mean_loss=0.07309909909963608
Online_Training [697/700]: mean_loss=0.04638071916997433
Online_Training [698/700]: mean_loss=0.06820930261164904
Online_Training [699/700]: mean_loss=0.05614829109981656
Online_Training [700/700]: mean_loss=0.1466711089015007
Number of Samples after Autoencoder testing: 300
First Spike after testing: [1.1881226 1.4220772]
[0, 1, 0, 0, 0, 2, 2, 1, 0, 0, 1, 0, 2, 2, 1, 1, 1, 0, 2, 0, 1, 2, 1, 0, 0, 2, 0, 2, 1, 1, 2, 1, 2, 0, 0, 0, 0, 0, 2, 1, 1, 0, 1, 2, 2, 1, 0, 2, 1, 0, 1, 2, 2, 2, 0, 1, 1, 2, 2, 0, 2, 1, 1, 2, 2, 1, 0, 1, 2, 0, 1, 1, 0, 1, 2, 1, 2, 1, 1, 2, 0, 2, 1, 0, 1, 2, 1, 2, 0, 1, 2, 2, 1, 0, 2, 1, 0, 2, 1, 2, 2, 1, 1, 0, 2, 0, 0, 0, 1, 2, 2, 2, 2, 0, 1, 0, 2, 0, 0, 0, 2, 2, 0, 1, 1, 0, 0, 1, 0, 2, 2, 1, 0, 0, 2, 0, 2, 1, 1, 2, 1, 2, 2, 0, 2, 0, 1, 1, 2, 2, 1, 2, 0, 0, 0, 0, 2, 1, 0, 2, 2, 0, 2, 0, 0, 1, 2, 2, 1, 2, 2, 1, 1, 2, 1, 1, 0, 2, 2, 2, 1, 0, 0, 0, 1, 2, 0, 0, 2, 1, 1, 1, 0, 1, 0, 1, 0, 2, 0, 0, 0, 2, 1, 2, 1, 0, 2, 0, 2, 0, 1, 0, 1, 2, 2, 2, 1, 1, 1, 1, 2, 1, 0, 1, 1, 0, 2, 0, 1, 1, 0, 0, 1, 0, 0, 1, 0, 0, 0, 1, 0, 2, 2, 0, 2, 2, 1, 1, 2, 0, 0, 1, 1, 2, 1, 1, 0, 0, 0, 0, 0, 2, 1, 0, 2, 2, 0, 1, 0, 0, 0, 1, 1, 2, 1, 0, 2, 2, 0, 2, 1, 1, 2, 1, 2, 2, 0, 0, 0, 2, 1, 1, 0, 1, 1, 0, 0, 1, 1, 2]
[0, 1, 2, 0, 3, 4, 0, 1, 0, 2, 5, 0, 0, 0, 6, 1, 5, 2, 0, 3, 7, 0, 6, 8, 9, 10, 2, 0, 7, 11, 10, 7, 4, 3, 3, 8, 3, 3, 4, 12, 2, 13, 5, 10, 4, 6, 14, 4, 5, 9, 8, 10, 4, 4, 14, 7, 15, 0, 10, 2, 16, 11, 1, 4, 0, 7, 17, 5, 0, 3, 5, 1, 14, 3, 0, 5, 10, 6, 1, 4, 4, 17, 7, 8, 7, 18, 5, 13, 14, 2, 4, 18, 7, 17, 10, 11, 3, 14, 7, 8, 0, 6, 5, 10, 4, 3, 9, 3, 11, 13, 10, 19, 20, 2, 7, 14, 10, 3, 14, 17, 0, 10, 14, 3, 5, 3, 2, 3, 14, 21, 4, 11, 2, 14, 10, 8, 20, 5, 5, 10, 7, 20, 17, 14, 13, 10, 6, 5, 0, 10, 8, 20, 0, 0, 8, 8, 4, 7, 9, 0, 10, 22, 5, 3, 3, 7, 23, 4, 15, 10, 0, 2, 5, 0, 15, 7, 2, 10, 4, 4, 11, 24, 17, 25, 6, 2, 3, 3, 10, 5, 7, 5, 3, 2, 14, 7, 0, 0, 24, 8, 8, 0, 7, 19, 26, 3, 19, 27, 10, 23, 5, 25, 7, 17, 17, 0, 11, 24, 7, 24, 2, 6, 2, 7, 11, 2, 4, 14, 1, 7, 24, 14, 11, 2, 0, 0, 8, 0, 24, 5, 14, 19, 17, 22, 20, 4, 28, 6, 0, 14, 29, 5, 11, 10, 5, 7, 8, 2, 14, 2, 23, 4, 11, 8, 4, 8, 2, 24, 0, 3, 14, 7, 1, 4, 6, 0, 4, 4, 8, 4, 1, 3, 17, 6, 19, 4, 24, 3, 2, 18, 8, 28, 2, 7, 28, 14, 23, 24, 7, 10]
Centroids: [[-0.56869495, 0.45608717], [0.3927092, -1.3030548], [0.31609017, 1.9051504]]
Centroids: [[0.60936457, 1.2050447], [1.3227046, -1.8014545], [0.7674802, 0.13684464], [-0.914341, -0.00606893], [1.0817686, 2.1217797], [0.6614935, -1.0519025], [0.60111135, -2.2550697], [0.3508517, -1.6266427], [-0.37078452, 0.55872846], [-3.0204108, 0.6477685], [-0.05121852, 2.1413348], [-0.55332243, -1.5229884], [1.4018823, -2.6657658], [-2.2746263, 1.5288196], [-1.7742858, 0.32347393], [-1.6541034, -1.2946167], [-0.7452487, 3.633057], [-0.75597787, 1.3648492], [-1.4764677, 2.4586737], [1.5518218, 2.8693223], [0.16738145, 3.2386718], [-3.0018418, 2.622606], [-2.8588893, 0.73332447], [1.525366, 1.340533], [0.13730861, -0.2588614], [-3.9021764, 0.101492584], [2.778715, -1.7635845], [2.3662288, -0.13546552], [1.4704708, -0.68085957], [1.6960586, 0.3293037]]
Contingency Matrix: 
[[11  0 17 20  1  0  0  0 12  4  2  0  0  1 18  0  0  4  0  0  0  0  2  3
   5  2  0  1  0  1]
 [ 1  9  4  4  0 20 11 25  3  0  0 11  1  0  0  3  0  0  0  0  0  0  0  0
   4  0  1  0  3  0]
 [20  0  2  0 25  1  0  0  2  0 20  0  0  3  1  0  1  6  3  5  5  1  0  1
   0  0  0  0  0  0]]
[[11, 0, 17, 20, 1, 0, 0, 0, 12, 4, 2, 0, 0, 1, 18, 0, 0, 4, 0, 0, 0, 0, 2, 3, 5, 2, 0, 1, 0, 1], [1, 9, 4, 4, 0, 20, 11, 25, 3, 0, 0, 11, 1, 0, 0, 3, 0, 0, 0, 0, 0, 0, 0, 0, 4, 0, 1, 0, 3, 0], [20, 0, 2, 0, 25, 1, 0, 0, 2, 0, 20, 0, 0, 3, 1, 0, 1, 6, 3, 5, 5, 1, 0, 1, 0, 0, 0, 0, 0, 0]]
[[11, 0, 17, 20, 1, 0, 0, 0, 12, 4, 2, 0, 0, 1, 18, 0, 0, 4, 0, 0, 0, 0, 2, 3, 5, 2, 0, 1, 0, 1], [1, 9, 4, 4, 0, 20, 11, 25, 3, 0, 0, 11, 1, 0, 0, 3, 0, 0, 0, 0, 0, 0, 0, 0, 4, 0, 1, 0, 3, 0], [20, 0, 2, 0, 25, 1, 0, 0, 2, 0, 20, 0, 0, 3, 1, 0, 1, 6, 3, 5, 5, 1, 0, 1, 0, 0, 0, 0, 0, 0]]
[0, 1, 2, 3, 4, 5, 6, 7, 8, 9, 10, 11, 12, 13, 14, 15, 16, 17, 18, 19, 20, 21, 22, 23, 24, 25, 26, 27, 28, 29]
[[11, 0, 17, 20, 1, 0, 0, -1, 12, 4, 2, 0, 0, 1, 18, 0, 0, 4, 0, 0, 0, 0, 2, 3, 5, 2, 0, 1, 0, 1], [-1, -1, -1, -1, -1, -1, -1, -1, -1, -1, -1, -1, -1, -1, -1, -1, -1, -1, -1, -1, -1, -1, -1, -1, -1, -1, -1, -1, -1, -1], [20, 0, 2, 0, 25, 1, 0, -1, 2, 0, 20, 0, 0, 3, 1, 0, 1, 6, 3, 5, 5, 1, 0, 1, 0, 0, 0, 0, 0, 0]]
[[11, 0, 17, 20, -1, 0, 0, -1, 12, 4, 2, 0, 0, 1, 18, 0, 0, 4, 0, 0, 0, 0, 2, 3, 5, 2, 0, 1, 0, 1], [-1, -1, -1, -1, -1, -1, -1, -1, -1, -1, -1, -1, -1, -1, -1, -1, -1, -1, -1, -1, -1, -1, -1, -1, -1, -1, -1, -1, -1, -1], [-1, -1, -1, -1, -1, -1, -1, -1, -1, -1, -1, -1, -1, -1, -1, -1, -1, -1, -1, -1, -1, -1, -1, -1, -1, -1, -1, -1, -1, -1]]
[[-1, -1, -1, -1, -1, -1, -1, -1, -1, -1, -1, -1, -1, -1, -1, -1, -1, -1, -1, -1, -1, -1, -1, -1, -1, -1, -1, -1, -1, -1], [-1, -1, -1, -1, -1, -1, -1, -1, -1, -1, -1, -1, -1, -1, -1, -1, -1, -1, -1, -1, -1, -1, -1, -1, -1, -1, -1, -1, -1, -1], [-1, -1, -1, -1, -1, -1, -1, -1, -1, -1, -1, -1, -1, -1, -1, -1, -1, -1, -1, -1, -1, -1, -1, -1, -1, -1, -1, -1, -1, -1]]
Match_Labels: {1: 7, 2: 4, 0: 3}
New Contingency Matrix: 
[[20  0  1 11  0 17  0  0 12  4  2  0  0  1 18  0  0  4  0  0  0  0  2  3
   5  2  0  1  0  1]
 [ 4 25  0  1  9  4 20 11  3  0  0 11  1  0  0  3  0  0  0  0  0  0  0  0
   4  0  1  0  3  0]
 [ 0  0 25 20  0  2  1  0  2  0 20  0  0  3  1  0  1  6  3  5  5  1  0  1
   0  0  0  0  0  0]]
New Clustered Label Sequence: [3, 7, 4, 0, 1, 2, 5, 6, 8, 9, 10, 11, 12, 13, 14, 15, 16, 17, 18, 19, 20, 21, 22, 23, 24, 25, 26, 27, 28, 29]
Diagonal_Elements: [20, 25, 25], Sum: 70
All_Elements: [20, 0, 1, 11, 0, 17, 0, 0, 12, 4, 2, 0, 0, 1, 18, 0, 0, 4, 0, 0, 0, 0, 2, 3, 5, 2, 0, 1, 0, 1, 4, 25, 0, 1, 9, 4, 20, 11, 3, 0, 0, 11, 1, 0, 0, 3, 0, 0, 0, 0, 0, 0, 0, 0, 4, 0, 1, 0, 3, 0, 0, 0, 25, 20, 0, 2, 1, 0, 2, 0, 20, 0, 0, 3, 1, 0, 1, 6, 3, 5, 5, 1, 0, 1, 0, 0, 0, 0, 0, 0], Sum: 300
Accuracy: 0.23333333333333334
