Experiment_path: AE_Model_2/Epochs_2_4_6_8_20/06_Experiment_05_Epochs
Dataset_Path: ../_00_Datasets/03_SimDaten_Quiroga2020/C_Easy2_noise005.mat
Dataset_name: ['03_SimDaten_Quiroga2020', 'C_Easy2_noise005.mat']
Variant_name: V05_Online_AE_QL
Visualisation_Path: AE_Model_2/Epochs_2_4_6_8_20/06_Experiment_05_Epochs/C_Easy2_noise005.mat/V05_Online_AE_QL/2023_05_11-01_20_50
Punishment_Coefficient: 0.9
<_01_LoadDataset.ExternCode.spike_class.spike_dataclass object at 0x0000027343F277F0>
Sampling rate: 24000.0
Raw: [ 0.11862069  0.1123084   0.10401825 ... -0.10219323 -0.10268373
 -0.08956559]
Times: [    346     799    1005 ... 1436867 1437273 1437800]
Cluster: [3 3 3 ... 3 1 3]
Number of different clusters:  3
Number of Spikes: 3410
First aligned Spike Frame: [ 2.05661766e-03  8.27536867e-03  1.66427268e-02  2.31246655e-02
  2.28936935e-02  1.99169368e-02  2.25281834e-02  3.37605443e-02
  4.94182133e-02  6.24484568e-02  8.42111946e-02  1.71357846e-01
  3.88441746e-01  6.99052305e-01  9.59509287e-01  1.03608873e+00
  9.29169963e-01  7.55567481e-01  6.10726415e-01  5.06818519e-01
  4.23878029e-01  3.55610047e-01  3.01970228e-01  2.53702042e-01
  1.98274486e-01  1.32802904e-01  6.40690121e-02  7.96454927e-04
 -5.66201776e-02 -1.11669131e-01 -1.62581026e-01 -2.01746625e-01
 -2.23071447e-01 -2.29516190e-01 -2.30160694e-01 -2.27148529e-01
 -2.18080531e-01 -2.04276810e-01 -1.90750996e-01 -1.81098693e-01
 -1.72421418e-01 -1.61640218e-01 -1.48460304e-01 -1.32332846e-01
 -1.13338953e-01 -9.43725979e-02 -7.56249106e-02]
Cluster 0, Occurrences: 1130
Cluster 1, Occurrences: 1113
Cluster 2, Occurrences: 1167
Number of Clusters: 3
Online_Training [1/700]: mean_loss=0.13108926018079123
Online_Training [2/700]: mean_loss=0.11928679669896762
Online_Training [3/700]: mean_loss=0.11348298067847888
Online_Training [4/700]: mean_loss=0.11743652075529099
Online_Training [5/700]: mean_loss=0.1837534805138906
Online_Training [6/700]: mean_loss=0.14377621561288834
Online_Training [7/700]: mean_loss=0.2136856069167455
Online_Training [8/700]: mean_loss=0.08095696692665418
Online_Training [9/700]: mean_loss=0.07079528644680977
Online_Training [10/700]: mean_loss=0.11419385919968288
Online_Training [11/700]: mean_loss=0.17308087646961212
Online_Training [12/700]: mean_loss=0.05112207867205143
Online_Training [13/700]: mean_loss=0.06017200959225496
Online_Training [14/700]: mean_loss=0.04804746185739835
Online_Training [15/700]: mean_loss=0.07560934995611508
Online_Training [16/700]: mean_loss=0.036539302517970405
Online_Training [17/700]: mean_loss=0.13130842397610346
Online_Training [18/700]: mean_loss=0.09333166728417079
Online_Training [19/700]: mean_loss=0.11961862444877625
Online_Training [20/700]: mean_loss=0.04195494825641314
Online_Training [21/700]: mean_loss=0.06306615968545277
Online_Training [22/700]: mean_loss=0.12195222203930219
Online_Training [23/700]: mean_loss=0.08903434748450915
Online_Training [24/700]: mean_loss=0.03800886124372482
Online_Training [25/700]: mean_loss=0.08790160715579987
Online_Training [26/700]: mean_loss=0.07507242759068807
Online_Training [27/700]: mean_loss=0.08161124587059021
Online_Training [28/700]: mean_loss=0.06753391275803249
Online_Training [29/700]: mean_loss=0.05423627234995365
Online_Training [30/700]: mean_loss=0.05289232234160105
Online_Training [31/700]: mean_loss=0.04348748363554478
Online_Training [32/700]: mean_loss=0.049060034255186714
Online_Training [33/700]: mean_loss=0.04933905849854151
Online_Training [34/700]: mean_loss=0.05439466113845507
Online_Training [35/700]: mean_loss=0.04307187721133232
Online_Training [36/700]: mean_loss=0.10362838457028072
Online_Training [37/700]: mean_loss=0.07888337721427281
Online_Training [38/700]: mean_loss=0.0638524703681469
Online_Training [39/700]: mean_loss=0.030573557130992413
Online_Training [40/700]: mean_loss=0.06772809103131294
Online_Training [41/700]: mean_loss=0.08502330134312312
Online_Training [42/700]: mean_loss=0.10392602533102036
Online_Training [43/700]: mean_loss=0.07899102196097374
Online_Training [44/700]: mean_loss=0.05184446709851424
Online_Training [45/700]: mean_loss=0.09672662739952405
Online_Training [46/700]: mean_loss=0.04591142882903417
Online_Training [47/700]: mean_loss=0.043205110977093376
Online_Training [48/700]: mean_loss=0.03689724765717983
Online_Training [49/700]: mean_loss=0.03294668719172478
Online_Training [50/700]: mean_loss=0.11005659525593121
Online_Training [51/700]: mean_loss=0.031982055554787316
Online_Training [52/700]: mean_loss=0.09714799746870995
Online_Training [53/700]: mean_loss=0.04509705615540346
Online_Training [54/700]: mean_loss=0.02439527524014314
Online_Training [55/700]: mean_loss=0.02539406654735406
Online_Training [56/700]: mean_loss=0.0354603740076224
Online_Training [57/700]: mean_loss=0.015294633650531372
Online_Training [58/700]: mean_loss=0.03277799797554811
Online_Training [59/700]: mean_loss=0.1130743424097697
Online_Training [60/700]: mean_loss=0.09618594869971275
Online_Training [61/700]: mean_loss=0.09853160381317139
Online_Training [62/700]: mean_loss=0.04465812941392263
Online_Training [63/700]: mean_loss=0.023448939124743145
Online_Training [64/700]: mean_loss=0.07831325754523277
Online_Training [65/700]: mean_loss=0.05227264699836572
Online_Training [66/700]: mean_loss=0.03298991794387499
Online_Training [67/700]: mean_loss=0.029263046570122242
Online_Training [68/700]: mean_loss=0.08466976260145505
Online_Training [69/700]: mean_loss=0.008842657320201397
Online_Training [70/700]: mean_loss=0.09250839799642563
Online_Training [71/700]: mean_loss=0.036908021196722984
Online_Training [72/700]: mean_loss=0.019288172324498493
Online_Training [73/700]: mean_loss=0.02917975125213464
Online_Training [74/700]: mean_loss=0.005490937347834309
Online_Training [75/700]: mean_loss=0.0998170127471288
Online_Training [76/700]: mean_loss=0.07326001922289531
Online_Training [77/700]: mean_loss=0.08464985961715381
Online_Training [78/700]: mean_loss=0.030493626991907757
Online_Training [79/700]: mean_loss=0.024260861178239185
Online_Training [80/700]: mean_loss=0.011984807904809713
Online_Training [81/700]: mean_loss=0.02432104665786028
Online_Training [82/700]: mean_loss=0.06780791779359181
Online_Training [83/700]: mean_loss=0.007230838915954034
Online_Training [84/700]: mean_loss=0.00489235754745702
Online_Training [85/700]: mean_loss=0.005936221840480964
Online_Training [86/700]: mean_loss=0.031499884401758514
Online_Training [87/700]: mean_loss=0.08099048336346944
Online_Training [88/700]: mean_loss=0.033147809406121574
Online_Training [89/700]: mean_loss=0.010546951709936062
Online_Training [90/700]: mean_loss=0.061805166924993195
Online_Training [91/700]: mean_loss=0.06961873670419057
Online_Training [92/700]: mean_loss=0.023797656409442425
Online_Training [93/700]: mean_loss=0.01952201562623183
Online_Training [94/700]: mean_loss=0.028073811903595924
Online_Training [95/700]: mean_loss=0.03766964562237263
Online_Training [96/700]: mean_loss=0.04871444031596184
Online_Training [97/700]: mean_loss=0.0525881623228391
Online_Training [98/700]: mean_loss=0.023068999871611595
Online_Training [99/700]: mean_loss=0.039214637130498886
Online_Training [100/700]: mean_loss=0.015760818496346474
Online_Training [101/700]: mean_loss=0.03230213032414516
Online_Training [102/700]: mean_loss=0.009580324248721203
Online_Training [103/700]: mean_loss=0.028796344064176083
Online_Training [104/700]: mean_loss=0.1519679675499598
Online_Training [105/700]: mean_loss=0.11269854009151459
Online_Training [106/700]: mean_loss=0.02980989310890436
Online_Training [107/700]: mean_loss=0.006068805775915583
Online_Training [108/700]: mean_loss=0.021554345575471718
Online_Training [109/700]: mean_loss=0.024583773997922737
Online_Training [110/700]: mean_loss=0.017260664297888677
Online_Training [111/700]: mean_loss=0.011919136780003706
Online_Training [112/700]: mean_loss=0.022949763263265293
Online_Training [113/700]: mean_loss=0.011155955493450165
Online_Training [114/700]: mean_loss=0.08516022438804309
Online_Training [115/700]: mean_loss=0.030346895568072796
Online_Training [116/700]: mean_loss=0.02442024586101373
Online_Training [117/700]: mean_loss=0.030416848448415596
Online_Training [118/700]: mean_loss=0.0068273792664210005
Online_Training [119/700]: mean_loss=0.01058559895803531
Online_Training [120/700]: mean_loss=0.003319817711599171
Online_Training [121/700]: mean_loss=0.020312050202240545
Online_Training [122/700]: mean_loss=0.00906546258678039
Online_Training [123/700]: mean_loss=0.02599327949186166
Online_Training [124/700]: mean_loss=0.02134774811565876
Online_Training [125/700]: mean_loss=0.009504796316226324
Online_Training [126/700]: mean_loss=0.0024930215440690517
Online_Training [127/700]: mean_loss=0.0023569325373197594
Online_Training [128/700]: mean_loss=0.0022764026264970503
Online_Training [129/700]: mean_loss=0.019019785958031814
Online_Training [130/700]: mean_loss=0.0180339723204573
Online_Training [131/700]: mean_loss=0.013692712721725305
Online_Training [132/700]: mean_loss=0.021222450770437717
Online_Training [133/700]: mean_loss=0.0799574541548888
Online_Training [134/700]: mean_loss=0.0016442729198994737
Online_Training [135/700]: mean_loss=0.01447571519141396
Online_Training [136/700]: mean_loss=0.0013505127280950546
Online_Training [137/700]: mean_loss=0.00695213838480413
Online_Training [138/700]: mean_loss=0.019507288311918575
Online_Training [139/700]: mean_loss=0.0027220297682409487
Online_Training [140/700]: mean_loss=0.007872063666582108
Online_Training [141/700]: mean_loss=0.004445854302806159
Online_Training [142/700]: mean_loss=0.0073916026546309395
Online_Training [143/700]: mean_loss=0.0021911869989708066
Online_Training [144/700]: mean_loss=0.0044786623523881035
Online_Training [145/700]: mean_loss=0.005447210045531392
Online_Training [146/700]: mean_loss=0.011785448373605808
Online_Training [147/700]: mean_loss=0.03329030921061834
Online_Training [148/700]: mean_loss=0.026504278803865116
Online_Training [149/700]: mean_loss=0.006626988683516781
Online_Training [150/700]: mean_loss=0.002514691596540312
Online_Training [151/700]: mean_loss=0.0024154157921050987
Online_Training [152/700]: mean_loss=0.007745834145074089
Online_Training [153/700]: mean_loss=0.025770521412293117
Online_Training [154/700]: mean_loss=0.010495272154609362
Online_Training [155/700]: mean_loss=0.020412452518939972
Online_Training [156/700]: mean_loss=0.02262121035406987
Online_Training [157/700]: mean_loss=0.004120060553153356
Online_Training [158/700]: mean_loss=0.0288185632477204
Online_Training [159/700]: mean_loss=0.005729092362647255
Online_Training [160/700]: mean_loss=0.0177106869717439
Online_Training [161/700]: mean_loss=0.016528586701800425
Online_Training [162/700]: mean_loss=0.01627763935054342
Online_Training [163/700]: mean_loss=0.011128724397470554
Online_Training [164/700]: mean_loss=0.007814202147225538
Online_Training [165/700]: mean_loss=0.004146170453168452
Online_Training [166/700]: mean_loss=0.0035578305444990597
Online_Training [167/700]: mean_loss=0.00304793962277472
Online_Training [168/700]: mean_loss=0.006068081672613819
Online_Training [169/700]: mean_loss=0.004383719991892576
Online_Training [170/700]: mean_loss=0.0025392154154057303
Online_Training [171/700]: mean_loss=0.0033895494028305015
Online_Training [172/700]: mean_loss=0.004923001940672596
Online_Training [173/700]: mean_loss=0.00104594180205216
Online_Training [174/700]: mean_loss=0.0026678101470073066
Online_Training [175/700]: mean_loss=0.007094591856002808
Online_Training [176/700]: mean_loss=0.008891133358702064
Online_Training [177/700]: mean_loss=0.007283401908352971
Online_Training [178/700]: mean_loss=0.004940539249219
Online_Training [179/700]: mean_loss=0.0297724607711037
Online_Training [180/700]: mean_loss=0.005508451412121455
Online_Training [181/700]: mean_loss=0.0048695091002931195
Online_Training [182/700]: mean_loss=0.039086634293198586
Online_Training [183/700]: mean_loss=0.007819660473614931
Online_Training [184/700]: mean_loss=0.017249966661135357
Online_Training [185/700]: mean_loss=0.0032383992802351713
Online_Training [186/700]: mean_loss=0.0085099289038529
Online_Training [187/700]: mean_loss=0.04392470481495062
Online_Training [188/700]: mean_loss=0.09051205466190974
Online_Training [189/700]: mean_loss=0.010691087848196426
Online_Training [190/700]: mean_loss=0.030868001592655975
Online_Training [191/700]: mean_loss=0.03988345339894295
Online_Training [192/700]: mean_loss=0.022802958885828655
Online_Training [193/700]: mean_loss=0.024573020947476227
Online_Training [194/700]: mean_loss=0.025494558736681938
Online_Training [195/700]: mean_loss=0.02339744381606579
Online_Training [196/700]: mean_loss=0.013468782417476177
Online_Training [197/700]: mean_loss=0.022575054317712784
Online_Training [198/700]: mean_loss=0.007961207845558723
Online_Training [199/700]: mean_loss=0.019281565211713314
Online_Training [200/700]: mean_loss=0.01429039922853311
Online_Training [201/700]: mean_loss=0.0167074177103738
Online_Training [202/700]: mean_loss=0.017409734893590212
Online_Training [203/700]: mean_loss=0.014716227849324545
Online_Training [204/700]: mean_loss=0.018236978289981682
Online_Training [205/700]: mean_loss=0.010033858784784874
Online_Training [206/700]: mean_loss=0.009403045754879713
Online_Training [207/700]: mean_loss=0.02542915102094412
Online_Training [208/700]: mean_loss=0.027719502337276936
Online_Training [209/700]: mean_loss=0.010091569895545641
Online_Training [210/700]: mean_loss=0.00472999201156199
Online_Training [211/700]: mean_loss=0.01807390743245681
Online_Training [212/700]: mean_loss=0.01344437167669336
Online_Training [213/700]: mean_loss=0.007589033727223675
Online_Training [214/700]: mean_loss=0.010721874656155705
Online_Training [215/700]: mean_loss=0.005315906445806225
Online_Training [216/700]: mean_loss=0.024760898823539417
Online_Training [217/700]: mean_loss=0.005626961511249344
Online_Training [218/700]: mean_loss=0.021935145060221355
Online_Training [219/700]: mean_loss=0.003069907776080072
Online_Training [220/700]: mean_loss=0.005880220793187618
Online_Training [221/700]: mean_loss=0.004386242401475708
Online_Training [222/700]: mean_loss=0.012629983946681023
Online_Training [223/700]: mean_loss=0.017893468029797077
Online_Training [224/700]: mean_loss=0.00936834824581941
Online_Training [225/700]: mean_loss=0.012850987414518992
Online_Training [226/700]: mean_loss=0.0030547479012360177
Online_Training [227/700]: mean_loss=0.006794187240302563
Online_Training [228/700]: mean_loss=0.013067514325181643
Online_Training [229/700]: mean_loss=0.00419867104695489
Online_Training [230/700]: mean_loss=0.012920047311733166
Online_Training [231/700]: mean_loss=0.05650059382120768
Online_Training [232/700]: mean_loss=0.011767570084581772
Online_Training [233/700]: mean_loss=0.0032242373563349247
Online_Training [234/700]: mean_loss=0.01416224908704559
Online_Training [235/700]: mean_loss=0.016520717181265354
Online_Training [236/700]: mean_loss=0.0873338170349598
Online_Training [237/700]: mean_loss=0.10793983067075412
Online_Training [238/700]: mean_loss=0.016726997525741655
Online_Training [239/700]: mean_loss=0.013712469022721052
Online_Training [240/700]: mean_loss=0.01761964273949464
Online_Training [241/700]: mean_loss=0.00896519934758544
Online_Training [242/700]: mean_loss=0.12277485802769661
Online_Training [243/700]: mean_loss=0.07688659057021141
Online_Training [244/700]: mean_loss=0.024199325901766617
Online_Training [245/700]: mean_loss=0.009399733040481806
Online_Training [246/700]: mean_loss=0.01362234012534221
Online_Training [247/700]: mean_loss=0.019628924628098805
Online_Training [248/700]: mean_loss=0.009728751300523678
Online_Training [249/700]: mean_loss=0.010497039804855982
Online_Training [250/700]: mean_loss=0.018997956688205402
Online_Training [251/700]: mean_loss=0.007219080890839298
Online_Training [252/700]: mean_loss=0.004383949097245932
Online_Training [253/700]: mean_loss=0.015392182860523462
Online_Training [254/700]: mean_loss=0.006215632893145084
Online_Training [255/700]: mean_loss=0.005998134768257539
Online_Training [256/700]: mean_loss=0.0036665506195276976
Online_Training [257/700]: mean_loss=0.006576986828198035
Online_Training [258/700]: mean_loss=0.01375187560915947
Online_Training [259/700]: mean_loss=0.00534521338219444
Online_Training [260/700]: mean_loss=0.010540837266792854
Online_Training [261/700]: mean_loss=0.008350408247982463
Online_Training [262/700]: mean_loss=0.0033320654571677246
Online_Training [263/700]: mean_loss=0.008136610966175795
Online_Training [264/700]: mean_loss=0.012402295911063751
Online_Training [265/700]: mean_loss=0.012656152248382568
Online_Training [266/700]: mean_loss=0.005141822466005881
Online_Training [267/700]: mean_loss=0.003617612683835129
Online_Training [268/700]: mean_loss=0.007904970475162068
Online_Training [269/700]: mean_loss=0.00828842919630309
Online_Training [270/700]: mean_loss=0.01268837663034598
Online_Training [271/700]: mean_loss=0.0022844208288006485
Online_Training [272/700]: mean_loss=0.00721408372434477
Online_Training [273/700]: mean_loss=0.008325502354030808
Online_Training [274/700]: mean_loss=0.0040170505332450075
Online_Training [275/700]: mean_loss=0.007716546067968011
Online_Training [276/700]: mean_loss=0.004924923841220637
Online_Training [277/700]: mean_loss=0.013210318672160307
Online_Training [278/700]: mean_loss=0.007091889313111703
Online_Training [279/700]: mean_loss=0.0039631072819853825
Online_Training [280/700]: mean_loss=0.003006514821512004
Online_Training [281/700]: mean_loss=0.0014384359237737954
Online_Training [282/700]: mean_loss=0.008654618170112371
Online_Training [283/700]: mean_loss=0.005212598169843356
Online_Training [284/700]: mean_loss=0.006516750281055768
Online_Training [285/700]: mean_loss=0.004090052253256242
Online_Training [286/700]: mean_loss=0.0031133644127597413
Online_Training [287/700]: mean_loss=0.015742392279207706
Online_Training [288/700]: mean_loss=0.014375083769361178
Online_Training [289/700]: mean_loss=0.004677630340059598
Online_Training [290/700]: mean_loss=0.008290595452611646
Online_Training [291/700]: mean_loss=0.004826369384924571
Online_Training [292/700]: mean_loss=0.002782223823790749
Online_Training [293/700]: mean_loss=0.007467671142270167
Online_Training [294/700]: mean_loss=0.002275451047656437
Online_Training [295/700]: mean_loss=0.0015837976825423539
Online_Training [296/700]: mean_loss=0.002601492179868122
Online_Training [297/700]: mean_loss=0.003232606026964883
Online_Training [298/700]: mean_loss=0.0033300075447186828
Online_Training [299/700]: mean_loss=0.003898389986716211
Online_Training [300/700]: mean_loss=0.0025603841058909893
Online_Training [301/700]: mean_loss=0.003659447771497071
Online_Training [302/700]: mean_loss=0.004590209340676665
Online_Training [303/700]: mean_loss=0.09224200497070949
Online_Training [304/700]: mean_loss=0.0022964732876668372
Online_Training [305/700]: mean_loss=0.0024528732368101678
Online_Training [306/700]: mean_loss=0.0028044979941720762
Online_Training [307/700]: mean_loss=0.06853879491488139
Online_Training [308/700]: mean_loss=0.011677458106229702
Online_Training [309/700]: mean_loss=0.01748763459424178
Online_Training [310/700]: mean_loss=0.03307947112868229
Online_Training [311/700]: mean_loss=0.007341942051425576
Online_Training [312/700]: mean_loss=0.007687970452631514
Online_Training [313/700]: mean_loss=0.016958601928005617
Online_Training [314/700]: mean_loss=0.008492257135609785
Online_Training [315/700]: mean_loss=0.0017841963175063331
Online_Training [316/700]: mean_loss=0.0019149815392059584
Online_Training [317/700]: mean_loss=0.002356689074076712
Online_Training [318/700]: mean_loss=0.013224929571151733
Online_Training [319/700]: mean_loss=0.009419388603419065
Online_Training [320/700]: mean_loss=0.0040088529931381345
Online_Training [321/700]: mean_loss=0.0012889882588448625
Online_Training [322/700]: mean_loss=0.00228558958042413
Online_Training [323/700]: mean_loss=0.001873303243579964
Online_Training [324/700]: mean_loss=0.00493473676033318
Online_Training [325/700]: mean_loss=0.004151416709646583
Online_Training [326/700]: mean_loss=0.0027553613375251493
Online_Training [327/700]: mean_loss=0.013113367060820261
Online_Training [328/700]: mean_loss=0.0028126501323034367
Online_Training [329/700]: mean_loss=0.007619635667651892
Online_Training [330/700]: mean_loss=0.006102351394171516
Online_Training [331/700]: mean_loss=0.0055392656940966845
Online_Training [332/700]: mean_loss=0.002080644170443217
Online_Training [333/700]: mean_loss=0.03512419015169144
Online_Training [334/700]: mean_loss=0.05327751301229
Online_Training [335/700]: mean_loss=0.01743374268213908
Online_Training [336/700]: mean_loss=0.0140405612376829
Online_Training [337/700]: mean_loss=0.005289430885265271
Online_Training [338/700]: mean_loss=0.00493409651486824
Online_Training [339/700]: mean_loss=0.008348044163237015
Online_Training [340/700]: mean_loss=0.011557216911266247
Online_Training [341/700]: mean_loss=0.004524521995335817
Online_Training [342/700]: mean_loss=0.004026295578417678
Online_Training [343/700]: mean_loss=0.0180161966321369
Online_Training [344/700]: mean_loss=0.007602589515348275
Online_Training [345/700]: mean_loss=0.0035700952867046
Online_Training [346/700]: mean_loss=0.0017273254537334044
Online_Training [347/700]: mean_loss=0.003172673828278979
Online_Training [348/700]: mean_loss=0.007265162809441487
Online_Training [349/700]: mean_loss=0.010709633740286032
Online_Training [350/700]: mean_loss=0.0041644456796348095
Online_Training [351/700]: mean_loss=0.00760437377418081
Online_Training [352/700]: mean_loss=0.0030452709955473742
Online_Training [353/700]: mean_loss=0.0030858491469795504
Online_Training [354/700]: mean_loss=0.005058483608687918
Online_Training [355/700]: mean_loss=0.003281297472616037
Online_Training [356/700]: mean_loss=0.0029675348196178675
Online_Training [357/700]: mean_loss=0.005755150535454352
Online_Training [358/700]: mean_loss=0.0017892334144562483
Online_Training [359/700]: mean_loss=0.0034475576442976794
Online_Training [360/700]: mean_loss=0.004015182183745007
Online_Training [361/700]: mean_loss=0.0034274482944359383
Online_Training [362/700]: mean_loss=0.0014917801599949598
Online_Training [363/700]: mean_loss=0.0030554067731524506
Online_Training [364/700]: mean_loss=0.0024800943210721016
Online_Training [365/700]: mean_loss=0.004416641779243946
Online_Training [366/700]: mean_loss=0.003527105009804169
Online_Training [367/700]: mean_loss=0.002418816244850556
Online_Training [368/700]: mean_loss=0.005540042572344343
Online_Training [369/700]: mean_loss=0.0017556468568121393
Online_Training [370/700]: mean_loss=0.0015755318842517834
Online_Training [371/700]: mean_loss=0.03620192936311165
Online_Training [372/700]: mean_loss=0.06894266419112682
Online_Training [373/700]: mean_loss=0.009025708694631854
Online_Training [374/700]: mean_loss=0.029251186177134514
Online_Training [375/700]: mean_loss=0.0020210620520325997
Online_Training [376/700]: mean_loss=0.0063932896591722965
Online_Training [377/700]: mean_loss=0.004949194611981511
Online_Training [378/700]: mean_loss=0.02862471528351307
Online_Training [379/700]: mean_loss=0.009631596816082796
Online_Training [380/700]: mean_loss=0.0040983025295039015
Online_Training [381/700]: mean_loss=0.0035195682818690934
Online_Training [382/700]: mean_loss=0.010897610802203417
Online_Training [383/700]: mean_loss=0.007413024781271815
Online_Training [384/700]: mean_loss=0.006386249791830778
Online_Training [385/700]: mean_loss=0.0062083763380845385
Online_Training [386/700]: mean_loss=0.0037290387554094195
Online_Training [387/700]: mean_loss=0.009226052711407343
Online_Training [388/700]: mean_loss=0.004073554999195039
Online_Training [389/700]: mean_loss=0.007938848109915853
Online_Training [390/700]: mean_loss=0.0019113070253903668
Online_Training [391/700]: mean_loss=0.006829313080136974
Online_Training [392/700]: mean_loss=0.003823924111202359
Online_Training [393/700]: mean_loss=0.009171048955370983
Online_Training [394/700]: mean_loss=0.004596709661806623
Online_Training [395/700]: mean_loss=0.0038439004759614668
Online_Training [396/700]: mean_loss=0.0025600202304000654
Online_Training [397/700]: mean_loss=0.00320215686224401
Online_Training [398/700]: mean_loss=0.004979003841678302
Online_Training [399/700]: mean_loss=0.0016354031783218186
Online_Training [400/700]: mean_loss=0.00910781230777502
Online_Training [401/700]: mean_loss=0.0025545989240830145
Online_Training [402/700]: mean_loss=0.0017664958140812814
Online_Training [403/700]: mean_loss=0.006475961767137051
Online_Training [404/700]: mean_loss=0.056083147724469505
Online_Training [405/700]: mean_loss=0.039448137084643044
Online_Training [406/700]: mean_loss=0.009821191740532717
Online_Training [407/700]: mean_loss=0.005602879760166009
Online_Training [408/700]: mean_loss=0.0042707093913728995
Online_Training [409/700]: mean_loss=0.02080416027456522
Online_Training [410/700]: mean_loss=0.010036481854816278
Online_Training [411/700]: mean_loss=0.005187957780435681
Online_Training [412/700]: mean_loss=0.002321493967125813
Online_Training [413/700]: mean_loss=0.005715443209434549
Online_Training [414/700]: mean_loss=0.004560821922495961
Online_Training [415/700]: mean_loss=0.002494633935081462
Online_Training [416/700]: mean_loss=0.0024405732207621136
Online_Training [417/700]: mean_loss=0.08840568984548251
Online_Training [418/700]: mean_loss=0.1336760769287745
Online_Training [419/700]: mean_loss=0.009136201813817024
Online_Training [420/700]: mean_loss=0.01060646011804541
Online_Training [421/700]: mean_loss=0.030143428593873978
Online_Training [422/700]: mean_loss=0.023171205073595047
Online_Training [423/700]: mean_loss=0.00455609941855073
Online_Training [424/700]: mean_loss=0.004403142413745324
Online_Training [425/700]: mean_loss=0.00448598285826544
Online_Training [426/700]: mean_loss=0.010504580258081356
Online_Training [427/700]: mean_loss=0.005261555702115099
Online_Training [428/700]: mean_loss=0.006162728415802121
Online_Training [429/700]: mean_loss=0.004699932605338593
Online_Training [430/700]: mean_loss=0.004977122647687793
Online_Training [431/700]: mean_loss=0.007738471186409394
Online_Training [432/700]: mean_loss=0.004626139222333829
Online_Training [433/700]: mean_loss=0.07295349674920242
Online_Training [434/700]: mean_loss=0.0657507423311472
Online_Training [435/700]: mean_loss=0.020077094590912264
Online_Training [436/700]: mean_loss=0.023630892237027485
Online_Training [437/700]: mean_loss=0.035089842354257904
Online_Training [438/700]: mean_loss=0.015182732914884886
Online_Training [439/700]: mean_loss=0.004876728790501754
Online_Training [440/700]: mean_loss=0.008871716602394978
Online_Training [441/700]: mean_loss=0.006474119766304891
Online_Training [442/700]: mean_loss=0.010822344028080503
Online_Training [443/700]: mean_loss=0.010132682509720325
Online_Training [444/700]: mean_loss=0.0055468107263247175
Online_Training [445/700]: mean_loss=0.004473044032541414
Online_Training [446/700]: mean_loss=0.04405365573863188
Online_Training [447/700]: mean_loss=0.027329590792457264
Online_Training [448/700]: mean_loss=0.005403430201113224
Online_Training [449/700]: mean_loss=0.002990168984979391
Online_Training [450/700]: mean_loss=0.006984843872487545
Online_Training [451/700]: mean_loss=0.009178106750672063
Online_Training [452/700]: mean_loss=0.004013437622537215
Online_Training [453/700]: mean_loss=0.004474907065741718
Online_Training [454/700]: mean_loss=0.00628002779558301
Online_Training [455/700]: mean_loss=0.009422674930344025
Online_Training [456/700]: mean_loss=0.002128102583810687
Online_Training [457/700]: mean_loss=0.00828999544804295
Online_Training [458/700]: mean_loss=0.0020114866395791373
Online_Training [459/700]: mean_loss=0.0028111680100361505
Online_Training [460/700]: mean_loss=0.0037572529011716447
Online_Training [461/700]: mean_loss=0.003960159917672475
Online_Training [462/700]: mean_loss=0.004150688260172804
Online_Training [463/700]: mean_loss=0.010373800372083982
Online_Training [464/700]: mean_loss=0.0038919229603682957
Online_Training [465/700]: mean_loss=0.001436678188232084
Online_Training [466/700]: mean_loss=0.002194077086945375
Online_Training [467/700]: mean_loss=0.0035636479733511806
Online_Training [468/700]: mean_loss=0.002748928304451207
Online_Training [469/700]: mean_loss=0.00215968491587167
Online_Training [470/700]: mean_loss=0.0022911380510777235
Online_Training [471/700]: mean_loss=0.0013502596411854029
Online_Training [472/700]: mean_loss=0.004622950529058774
Online_Training [473/700]: mean_loss=0.0019845442730002105
Online_Training [474/700]: mean_loss=0.0023387069813907146
Online_Training [475/700]: mean_loss=0.0038711281958967447
Online_Training [476/700]: mean_loss=0.00374965718947351
Online_Training [477/700]: mean_loss=0.002275236688243846
Online_Training [478/700]: mean_loss=0.001883301418274641
Online_Training [479/700]: mean_loss=0.004913245638211568
Online_Training [480/700]: mean_loss=0.005615687541042765
Online_Training [481/700]: mean_loss=0.004834642556185524
Online_Training [482/700]: mean_loss=0.002308057873354604
Online_Training [483/700]: mean_loss=0.0005896617464410762
Online_Training [484/700]: mean_loss=0.0022527354885824025
Online_Training [485/700]: mean_loss=0.0019575905559274056
Online_Training [486/700]: mean_loss=0.002833240549080074
Online_Training [487/700]: mean_loss=0.0013122351762528222
Online_Training [488/700]: mean_loss=0.0030572636363406978
Online_Training [489/700]: mean_loss=0.005092180411641796
Online_Training [490/700]: mean_loss=0.001911447480476151
Online_Training [491/700]: mean_loss=0.0032635043996075788
Online_Training [492/700]: mean_loss=0.10791813333829244
Online_Training [493/700]: mean_loss=0.04914575815200806
Online_Training [494/700]: mean_loss=0.06102223166575035
Online_Training [495/700]: mean_loss=0.06526063941419125
Online_Training [496/700]: mean_loss=0.15740126619736353
Online_Training [497/700]: mean_loss=0.008116098741690317
Online_Training [498/700]: mean_loss=0.017432954472800095
Online_Training [499/700]: mean_loss=0.009562767576426268
Online_Training [500/700]: mean_loss=0.005262173557033141
Online_Training [501/700]: mean_loss=0.013044143871714672
Online_Training [502/700]: mean_loss=0.006786558854704102
Online_Training [503/700]: mean_loss=0.0070579083015521364
Online_Training [504/700]: mean_loss=0.0061294335561494035
Online_Training [505/700]: mean_loss=0.004418244197343786
Online_Training [506/700]: mean_loss=0.001346195019626369
Online_Training [507/700]: mean_loss=0.009247255511581898
Online_Training [508/700]: mean_loss=0.007299866372098525
Online_Training [509/700]: mean_loss=0.002777154052940508
Online_Training [510/700]: mean_loss=0.0030766167134667435
Online_Training [511/700]: mean_loss=0.008249958511441946
Online_Training [512/700]: mean_loss=0.0020658426413622997
Online_Training [513/700]: mean_loss=0.003289753687568009
Online_Training [514/700]: mean_loss=0.001745861101274689
Online_Training [515/700]: mean_loss=0.0047978616785258055
Online_Training [516/700]: mean_loss=0.005728747928515077
Online_Training [517/700]: mean_loss=0.00434175933090349
Online_Training [518/700]: mean_loss=0.005802870029583573
Online_Training [519/700]: mean_loss=0.002693257061764598
Online_Training [520/700]: mean_loss=0.002900823213470479
Online_Training [521/700]: mean_loss=0.002724691410548985
Online_Training [522/700]: mean_loss=0.0028013685174907246
Online_Training [523/700]: mean_loss=0.00772365586211284
Online_Training [524/700]: mean_loss=0.0032014632985616722
Online_Training [525/700]: mean_loss=0.005538405462478598
Online_Training [526/700]: mean_loss=0.0029437300205851593
Online_Training [527/700]: mean_loss=0.014903637735793987
Online_Training [528/700]: mean_loss=0.0023890995459320643
Online_Training [529/700]: mean_loss=0.007128718309104443
Online_Training [530/700]: mean_loss=0.003232494772722324
Online_Training [531/700]: mean_loss=0.09915650139252345
Online_Training [532/700]: mean_loss=0.14177476366360983
Online_Training [533/700]: mean_loss=0.005450689621890585
Online_Training [534/700]: mean_loss=0.010227742915352186
Online_Training [535/700]: mean_loss=0.005679479024062554
Online_Training [536/700]: mean_loss=0.009417846022794643
Online_Training [537/700]: mean_loss=0.0065982442659636336
Online_Training [538/700]: mean_loss=0.0016605529041650395
Online_Training [539/700]: mean_loss=0.0019849027739837766
Online_Training [540/700]: mean_loss=0.002342967549338937
Online_Training [541/700]: mean_loss=0.0038940892166768513
Online_Training [542/700]: mean_loss=0.005903532883773248
Online_Training [543/700]: mean_loss=0.0038568838111435375
Online_Training [544/700]: mean_loss=0.006544356932863593
Online_Training [545/700]: mean_loss=0.0028122799703851342
Online_Training [546/700]: mean_loss=0.004165310529060662
Online_Training [547/700]: mean_loss=0.00503728399053216
Online_Training [548/700]: mean_loss=0.0016244972357526422
Online_Training [549/700]: mean_loss=0.0017192391096614301
Online_Training [550/700]: mean_loss=0.001808610182100286
Online_Training [551/700]: mean_loss=0.07458224147558212
Online_Training [552/700]: mean_loss=0.04257135403652986
Online_Training [553/700]: mean_loss=0.012421941539893547
Online_Training [554/700]: mean_loss=0.017926075495779514
Online_Training [555/700]: mean_loss=0.00949379134302338
Online_Training [556/700]: mean_loss=0.008100428230439624
Online_Training [557/700]: mean_loss=0.006862238437558214
Online_Training [558/700]: mean_loss=0.004185152123682201
Online_Training [559/700]: mean_loss=0.005154114565812051
Online_Training [560/700]: mean_loss=0.007806128278995554
Online_Training [561/700]: mean_loss=0.004458030181316038
Online_Training [562/700]: mean_loss=0.002579571562819183
Online_Training [563/700]: mean_loss=0.0022490533883683383
Online_Training [564/700]: mean_loss=0.0024693332379683852
Online_Training [565/700]: mean_loss=0.003229510194311539
Online_Training [566/700]: mean_loss=0.004671577985088031
Online_Training [567/700]: mean_loss=0.004860978651170929
Online_Training [568/700]: mean_loss=0.003787054098211229
Online_Training [569/700]: mean_loss=0.007867678456629315
Online_Training [570/700]: mean_loss=0.0015502689833131929
Online_Training [571/700]: mean_loss=0.001392408642762651
Online_Training [572/700]: mean_loss=0.0026491311533997455
Online_Training [573/700]: mean_loss=0.005541743244975805
Online_Training [574/700]: mean_loss=0.003747870408309003
Online_Training [575/700]: mean_loss=0.004295285519522925
Online_Training [576/700]: mean_loss=0.001719438024641325
Online_Training [577/700]: mean_loss=0.002519789345872899
Online_Training [578/700]: mean_loss=0.0036438924726098776
Online_Training [579/700]: mean_loss=0.0732558040569226
Online_Training [580/700]: mean_loss=0.011523291002959013
Online_Training [581/700]: mean_loss=0.015343208176394304
Online_Training [582/700]: mean_loss=0.005207403252522151
Online_Training [583/700]: mean_loss=0.004569298044467966
Online_Training [584/700]: mean_loss=0.010452193828920523
Online_Training [585/700]: mean_loss=0.003975309509163101
Online_Training [586/700]: mean_loss=0.0014378283522091806
Online_Training [587/700]: mean_loss=0.0038446689723059535
Online_Training [588/700]: mean_loss=0.005893098733698328
Online_Training [589/700]: mean_loss=0.002812512374172608
Online_Training [590/700]: mean_loss=0.007429118112971385
Online_Training [591/700]: mean_loss=0.006172217195853591
Online_Training [592/700]: mean_loss=0.002876109016748766
Online_Training [593/700]: mean_loss=0.0012435110402293503
Online_Training [594/700]: mean_loss=0.007158997546260555
Online_Training [595/700]: mean_loss=0.005265146416301529
Online_Training [596/700]: mean_loss=0.0018875507133391996
Online_Training [597/700]: mean_loss=0.0012976958338792126
Online_Training [598/700]: mean_loss=0.008964839624240994
Online_Training [599/700]: mean_loss=0.0024921923565367856
Online_Training [600/700]: mean_loss=0.006492706403757135
Online_Training [601/700]: mean_loss=0.0023840663488954306
Online_Training [602/700]: mean_loss=0.0014696444074312847
Online_Training [603/700]: mean_loss=0.0019077245572892327
Online_Training [604/700]: mean_loss=0.0037648717019086084
Online_Training [605/700]: mean_loss=0.0004330284718889743
Online_Training [606/700]: mean_loss=0.0019895187191044292
Online_Training [607/700]: mean_loss=0.0012056391375760238
Online_Training [608/700]: mean_loss=0.0895497848590215
Online_Training [609/700]: mean_loss=0.03373194485902786
Online_Training [610/700]: mean_loss=0.031119927763938904
Online_Training [611/700]: mean_loss=0.019812881325682003
Online_Training [612/700]: mean_loss=0.022489824953178566
Online_Training [613/700]: mean_loss=0.010724273044615984
Online_Training [614/700]: mean_loss=0.01605484588071704
Online_Training [615/700]: mean_loss=0.006620435354610284
Online_Training [616/700]: mean_loss=0.006089770856002967
Online_Training [617/700]: mean_loss=0.003822339465841651
Online_Training [618/700]: mean_loss=0.006203905989726384
Online_Training [619/700]: mean_loss=0.004256664232040445
Online_Training [620/700]: mean_loss=0.020192135280619066
Online_Training [621/700]: mean_loss=0.04589787870645523
Online_Training [622/700]: mean_loss=0.006443895399570465
Online_Training [623/700]: mean_loss=0.02260598943879207
Online_Training [624/700]: mean_loss=0.013509693865974745
Online_Training [625/700]: mean_loss=0.009102170976499716
Online_Training [626/700]: mean_loss=0.005306803155690432
Online_Training [627/700]: mean_loss=0.0044926798436790705
Online_Training [628/700]: mean_loss=0.0032225529042383036
Online_Training [629/700]: mean_loss=0.0024473077113119266
Online_Training [630/700]: mean_loss=0.002539615690087279
Online_Training [631/700]: mean_loss=0.006597096178059776
Online_Training [632/700]: mean_loss=0.0032223491774251065
Online_Training [633/700]: mean_loss=0.019107574597001076
Online_Training [634/700]: mean_loss=0.006663382130985458
Online_Training [635/700]: mean_loss=0.1517366220553716
Online_Training [636/700]: mean_loss=0.10534656917055447
Online_Training [637/700]: mean_loss=0.010026915542160472
Online_Training [638/700]: mean_loss=0.05591425858438015
Online_Training [639/700]: mean_loss=0.07072881298760574
Online_Training [640/700]: mean_loss=0.16462627798318863
Online_Training [641/700]: mean_loss=0.07676631460587184
Online_Training [642/700]: mean_loss=0.011766998873402676
Online_Training [643/700]: mean_loss=0.014486311003565788
Online_Training [644/700]: mean_loss=0.00604624324478209
Online_Training [645/700]: mean_loss=0.003832253123012682
Online_Training [646/700]: mean_loss=0.014349589900424084
Online_Training [647/700]: mean_loss=0.004686278523877263
Online_Training [648/700]: mean_loss=0.008307931323846182
Online_Training [649/700]: mean_loss=0.00443288361808906
Online_Training [650/700]: mean_loss=0.006052653382842739
Online_Training [651/700]: mean_loss=0.0050029024326552944
Online_Training [652/700]: mean_loss=0.008475670280555883
Online_Training [653/700]: mean_loss=0.01007271201039354
Online_Training [654/700]: mean_loss=0.002993805450387299
Online_Training [655/700]: mean_loss=0.00863175637399157
Online_Training [656/700]: mean_loss=0.005120456063499053
Online_Training [657/700]: mean_loss=0.003133517845223347
Online_Training [658/700]: mean_loss=0.1556264633933703
Online_Training [659/700]: mean_loss=0.11995997900764148
Online_Training [660/700]: mean_loss=0.06826469178001086
Online_Training [661/700]: mean_loss=0.10356902703642845
Online_Training [662/700]: mean_loss=0.01794361819823583
Online_Training [663/700]: mean_loss=0.0176711465852956
Online_Training [664/700]: mean_loss=0.01916932159413894
Online_Training [665/700]: mean_loss=0.022962346983452637
Online_Training [666/700]: mean_loss=0.01341866267224153
Online_Training [667/700]: mean_loss=0.007061394397169352
Online_Training [668/700]: mean_loss=0.004395801729212205
Online_Training [669/700]: mean_loss=0.0031835798484583697
Online_Training [670/700]: mean_loss=0.0077712927013635635
Online_Training [671/700]: mean_loss=0.0032961526109526553
Online_Training [672/700]: mean_loss=0.0029828016413375735
Online_Training [673/700]: mean_loss=0.003175872494466603
Online_Training [674/700]: mean_loss=0.0035464281293873987
Online_Training [675/700]: mean_loss=0.00416788839114209
Online_Training [676/700]: mean_loss=0.0018027596912967663
Online_Training [677/700]: mean_loss=0.003342542603301505
Online_Training [678/700]: mean_loss=0.09286471704641978
Online_Training [679/700]: mean_loss=0.016939726347724598
Online_Training [680/700]: mean_loss=0.08299804975589116
Online_Training [681/700]: mean_loss=0.05172284816702207
Online_Training [682/700]: mean_loss=0.009689037843296925
Online_Training [683/700]: mean_loss=0.007252098138754566
Online_Training [684/700]: mean_loss=0.009488295298069715
Online_Training [685/700]: mean_loss=0.00935064535588026
Online_Training [686/700]: mean_loss=0.005771813060467442
Online_Training [687/700]: mean_loss=0.01127069303765893
Online_Training [688/700]: mean_loss=0.009061303300162157
Online_Training [689/700]: mean_loss=0.0028559055645018816
Online_Training [690/700]: mean_loss=0.001783185851915429
Online_Training [691/700]: mean_loss=0.005145115622629722
Online_Training [692/700]: mean_loss=0.005271688802167773
Online_Training [693/700]: mean_loss=0.003061456372961402
Online_Training [694/700]: mean_loss=0.002960690491211911
Online_Training [695/700]: mean_loss=0.0029728050964574018
Online_Training [696/700]: mean_loss=0.006541757844388485
Online_Training [697/700]: mean_loss=0.006144921761006117
Online_Training [698/700]: mean_loss=0.010504408273845911
Online_Training [699/700]: mean_loss=0.004388350915784637
Online_Training [700/700]: mean_loss=0.0034794200910255313
Number of Samples after Autoencoder testing: 300
First Spike after testing: [-1.2963473  1.6366069]
[2, 2, 1, 0, 2, 1, 0, 1, 2, 0, 2, 0, 2, 2, 0, 1, 2, 0, 2, 2, 2, 1, 2, 0, 2, 1, 2, 1, 0, 1, 2, 0, 2, 2, 2, 1, 1, 2, 0, 0, 2, 2, 0, 0, 2, 0, 0, 2, 2, 0, 1, 1, 1, 0, 2, 0, 0, 2, 2, 1, 2, 2, 0, 1, 1, 1, 0, 1, 1, 2, 0, 2, 0, 0, 0, 1, 2, 0, 2, 1, 1, 1, 1, 0, 1, 1, 2, 0, 1, 2, 0, 0, 2, 1, 1, 2, 0, 2, 1, 2, 0, 2, 1, 0, 0, 1, 0, 1, 1, 0, 1, 1, 0, 0, 2, 0, 0, 2, 0, 2, 2, 0, 2, 1, 0, 1, 0, 2, 2, 0, 2, 1, 1, 2, 1, 0, 1, 2, 1, 2, 2, 1, 2, 2, 2, 2, 0, 1, 0, 1, 2, 1, 2, 0, 2, 2, 1, 1, 0, 1, 2, 1, 2, 0, 1, 2, 1, 0, 0, 0, 0, 0, 1, 2, 0, 2, 2, 2, 2, 0, 1, 2, 1, 1, 2, 0, 0, 2, 1, 1, 0, 0, 0, 1, 0, 0, 2, 2, 0, 2, 1, 0, 2, 0, 2, 0, 1, 0, 2, 2, 2, 0, 0, 1, 1, 2, 2, 1, 0, 2, 0, 1, 2, 0, 1, 2, 1, 2, 2, 0, 1, 0, 0, 1, 2, 1, 0, 0, 0, 1, 0, 2, 1, 0, 2, 0, 2, 1, 1, 1, 0, 2, 2, 2, 2, 1, 0, 1, 1, 0, 0, 1, 1, 0, 0, 2, 2, 1, 2, 1, 0, 2, 0, 0, 2, 2, 2, 1, 1, 0, 0, 2, 0, 2, 2, 0, 2, 0, 2, 0, 1, 0, 2, 0, 0, 2, 1, 2, 2, 0]
[0, 0, 1, 2, 0, 1, 2, 1, 0, 2, 0, 2, 0, 0, 2, 1, 0, 2, 0, 0, 0, 1, 0, 2, 0, 1, 0, 1, 2, 1, 0, 2, 0, 0, 0, 1, 1, 0, 2, 2, 0, 0, 2, 2, 0, 2, 2, 0, 0, 2, 1, 1, 1, 2, 0, 2, 2, 0, 0, 1, 0, 0, 2, 1, 1, 1, 3, 3, 2, 0, 2, 0, 2, 2, 2, 1, 0, 2, 0, 1, 1, 1, 1, 2, 1, 1, 0, 2, 1, 0, 2, 2, 0, 1, 1, 0, 3, 0, 1, 0, 2, 0, 1, 2, 2, 1, 2, 1, 1, 2, 1, 1, 2, 2, 0, 2, 2, 0, 2, 0, 0, 2, 0, 1, 2, 1, 2, 0, 0, 2, 0, 1, 1, 0, 1, 2, 1, 0, 1, 0, 0, 1, 0, 0, 0, 0, 2, 1, 2, 1, 0, 1, 0, 2, 0, 0, 1, 1, 2, 1, 0, 2, 0, 2, 1, 0, 1, 2, 2, 2, 2, 2, 1, 0, 2, 0, 0, 0, 0, 2, 1, 0, 1, 1, 0, 2, 2, 0, 1, 1, 2, 2, 2, 2, 2, 2, 0, 0, 2, 0, 1, 2, 0, 2, 0, 2, 1, 2, 0, 0, 0, 2, 2, 1, 1, 0, 0, 1, 2, 0, 2, 1, 0, 3, 3, 4, 1, 0, 0, 2, 1, 2, 2, 1, 0, 1, 2, 2, 2, 1, 2, 0, 1, 2, 0, 2, 0, 1, 1, 1, 2, 0, 0, 0, 0, 1, 2, 1, 2, 1, 2, 1, 1, 2, 2, 0, 0, 1, 0, 1, 2, 0, 2, 2, 0, 0, 0, 1, 1, 2, 2, 0, 2, 0, 0, 2, 0, 2, 0, 2, 1, 2, 0, 2, 2, 0, 1, 0, 0, 2]
Centroids: [[-0.95680857, -2.0639346], [-0.6451033, -0.662427], [-1.3117658, 1.7128447]]
Centroids: [[-1.2978867, 1.6949327], [-0.6111941, -0.5465585], [-0.92912894, -2.0069747], [-1.7714138, -3.736044], [-2.8245819, 3.6652634]]
Contingency Matrix: 
[[  0   1  99   3   0]
 [  0  81   4   2   0]
 [109   0   0   0   1]]
[[0, 1, 99, 3, 0], [0, 81, 4, 2, 0], [109, 0, 0, 0, 1]]
[[0, 1, 99, 3, 0], [0, 81, 4, 2, 0], [109, 0, 0, 0, 1]]
[0, 1, 2, 3, 4]
[[-1, 1, 99, 3, 0], [-1, 81, 4, 2, 0], [-1, -1, -1, -1, -1]]
[[-1, -1, -1, -1, -1], [-1, 81, -1, 2, 0], [-1, -1, -1, -1, -1]]
[[-1, -1, -1, -1, -1], [-1, -1, -1, -1, -1], [-1, -1, -1, -1, -1]]
Match_Labels: {2: 0, 0: 2, 1: 1}
New Contingency Matrix: 
[[ 99   1   0   3   0]
 [  4  81   0   2   0]
 [  0   0 109   0   1]]
New Clustered Label Sequence: [2, 1, 0, 3, 4]
Diagonal_Elements: [99, 81, 109], Sum: 289
All_Elements: [99, 1, 0, 3, 0, 4, 81, 0, 2, 0, 0, 0, 109, 0, 1], Sum: 300
Accuracy: 0.9633333333333334
