Seed: 3
Experiment_path: AE_Model_2/Random_Seeds_DV5//V5_1/Experiment_05_3_opt
Dataset_Path: ../_00_Datasets/03_SimDaten_Quiroga2020/C_Easy1_noise025.mat
Dataset_name: ['03_SimDaten_Quiroga2020', 'C_Easy1_noise025.mat']
Variant_name: Variant_05_Online_Autoencoder_QLearning_opt
Visualisation_Path: AE_Model_2/Random_Seeds_DV5//V5_1/Experiment_05_3_opt/C_Easy1_noise025.mat/Variant_05_Online_Autoencoder_QLearning_opt/2023_04_23-13_43_45
Normalisation: False
Template Matching: False
Optimising Autoencoder: True
Update Factor: 1
Noisy Batches: False
Noisy Factor: 0.1
Epochs: 8
Batch Size: 1
maximal Spikes for Autoencoder Training : 700
maximal Spikes for Training: 1000
Input Size: 47
Chosen Model: Convolutional Autoencoder
ConvolutionalAutoencoder(
  (encoder): Sequential(
    (0): Conv1d(1, 6, kernel_size=(6,), stride=(1,))
    (1): LeakyReLU(negative_slope=0.01)
    (2): Conv1d(6, 1, kernel_size=(6,), stride=(1,))
    (3): Flatten(start_dim=1, end_dim=-1)
    (4): Linear(in_features=37, out_features=2, bias=True)
  )
  (decoder): Sequential(
    (0): ConvTranspose1d(1, 6, kernel_size=(6,), stride=(1,))
    (1): LeakyReLU(negative_slope=0.01)
    (2): ConvTranspose1d(6, 1, kernel_size=(6,), stride=(1,))
    (3): Flatten(start_dim=1, end_dim=-1)
    (4): Linear(in_features=12, out_features=47, bias=True)
  )
)
MSELoss()
Adam (
Parameter Group 0
    amsgrad: False
    betas: (0.9, 0.999)
    capturable: False
    differentiable: False
    eps: 1e-08
    foreach: None
    fused: False
    lr: 0.001
    maximize: False
    weight_decay: 0
)
---Q Learning Parameters---
Normalisation: False
Punishment Coefficient: 1.2
Alpha: 0.8
Epsilon: 0.01
Gamma: 0.97
Initial Episode Number: 0
Episode Number Coefficient: 1.4
Number of Random Features: 20
Planning Number: 20
Max Random Features: 60
New Episode Number: 72
New Episode Number: 143
New Episode Number: 215
New Episode Number: 286
                 0      1      2      3      4
new_cluster -22.59 -20.32 -20.42 -17.86 -23.72
c1          -23.05 -20.90 -20.02 -17.59 -24.66
c2          -22.73 -21.01 -20.96 -17.87 -25.02
c3          -22.90 -20.03 -19.75 -17.90 -24.93
c4          -22.63 -20.90 -20.96 -17.25 -24.32
\begin{tabular}{lrrrrr}
\toprule
{} &      0 &      1 &      2 &      3 &      4 \\
\midrule
new\_cluster & -22.59 & -20.32 & -20.42 & -17.86 & -23.72 \\
c1          & -23.05 & -20.90 & -20.02 & -17.59 & -24.66 \\
c2          & -22.73 & -21.01 & -20.96 & -17.87 & -25.02 \\
c3          & -22.90 & -20.03 & -19.75 & -17.90 & -24.93 \\
c4          & -22.63 & -20.90 & -20.96 & -17.25 & -24.32 \\
\bottomrule
\end{tabular}

                                0            1  ...            3            4
new_cluster  [-5.76, new_cluster]  [-4.25, c1]  ...  [-0.59, c3]   [-7.0, c4]
c1           [-5.76, new_cluster]  [-4.36, c1]  ...  [-0.32, c3]  [-7.93, c4]
c2           [-5.76, new_cluster]  [-4.04, c1]  ...  [-1.03, c3]  [-8.33, c4]
c3           [-5.76, new_cluster]  [-3.37, c1]  ...  [-1.02, c3]   [-8.2, c4]
c4           [-5.76, new_cluster]  [-4.35, c1]  ...  [-0.33, c3]  [-7.59, c4]

[5 rows x 5 columns]
\begin{tabular}{llllll}
\toprule
{} &                     0 &            1 &            2 &            3 &            4 \\
\midrule
new\_cluster &  [-5.76, new\_cluster] &  [-4.25, c1] &  [-3.08, c2] &  [-0.59, c3] &   [-7.0, c4] \\
c1          &  [-5.76, new\_cluster] &  [-4.36, c1] &   [-2.7, c2] &  [-0.32, c3] &  [-7.93, c4] \\
c2          &  [-5.76, new\_cluster] &  [-4.04, c1] &  [-3.66, c2] &  [-1.03, c3] &  [-8.33, c4] \\
c3          &  [-5.76, new\_cluster] &  [-3.37, c1] &  [-2.42, c2] &  [-1.02, c3] &   [-8.2, c4] \\
c4          &  [-5.76, new\_cluster] &  [-4.35, c1] &  [-3.62, c2] &  [-0.33, c3] &  [-7.59, c4] \\
\bottomrule
\end{tabular}

