Experiment_path: AE_Model_2/Epochs_2_4_6_8_20/06_Experiment_05_Epochs
Dataset_Path: ../_00_Datasets/03_SimDaten_Quiroga2020/C_Burst_Easy2_noise015.mat
Dataset_name: ['03_SimDaten_Quiroga2020', 'C_Burst_Easy2_noise015.mat']
Variant_name: Variant_05_Epochs_6
Visualisation_Path: AE_Model_2/Epochs_2_4_6_8_20/06_Experiment_05_Epochs/C_Burst_Easy2_noise015.mat/V05_Online_AE_QL/2023_05_11-01_06_20
Punishment_Coefficient: 1.4
<_01_LoadDataset.ExternCode.spike_class.spike_dataclass object at 0x000002733F5C9A20>
Sampling rate: 24000.0
Raw: [ 0.24336953  0.26920333  0.26782334 ... -0.02629827 -0.02223585
 -0.02239043]
Times: [    195     430     737 ... 1439108 1439373 1439782]
Cluster: [2 1 1 ... 2 3 1]
Number of different clusters:  3
Number of Spikes: 3442
First aligned Spike Frame: [-0.01689698 -0.02635498 -0.01562648  0.02897143  0.09419909  0.16126917
  0.22354469  0.27941475  0.32258352  0.34699582  0.35463705  0.34576274
  0.299707    0.15447276 -0.11443537 -0.29135945 -0.02374047  0.60144887
  1.08218794  1.17595279  1.04108946  0.87905736  0.74420278  0.62460764
  0.52287424  0.43951429  0.36219288  0.28506818  0.21680111  0.17041962
  0.1410207   0.12802623  0.13803385  0.16548243  0.19507167  0.22209636
  0.24476727  0.25441697  0.2415664   0.21156445  0.18433246  0.16716092
  0.15280507  0.14158827  0.14947965  0.19464084  0.26501024]
Cluster 0, Occurrences: 1159
Cluster 1, Occurrences: 1156
Cluster 2, Occurrences: 1127
Number of Clusters: 3
Online_Training [1/700]: mean_loss=0.201937605937322
Online_Training [2/700]: mean_loss=0.2469861755768458
Online_Training [3/700]: mean_loss=0.23068237801392874
Online_Training [4/700]: mean_loss=0.09053896615902583
Online_Training [5/700]: mean_loss=0.2517083212733269
Online_Training [6/700]: mean_loss=0.12829030553499857
Online_Training [7/700]: mean_loss=0.14163293689489365
Online_Training [8/700]: mean_loss=0.07672952363888423
Online_Training [9/700]: mean_loss=0.1824413165450096
Online_Training [10/700]: mean_loss=0.1578278218706449
Online_Training [11/700]: mean_loss=0.08843703816334407
Online_Training [12/700]: mean_loss=0.07879347229997317
Online_Training [13/700]: mean_loss=0.09213739757736523
Online_Training [14/700]: mean_loss=0.04971912999947866
Online_Training [15/700]: mean_loss=0.05893527654310068
Online_Training [16/700]: mean_loss=0.1279697393377622
Online_Training [17/700]: mean_loss=0.10034774243831635
Online_Training [18/700]: mean_loss=0.06441560511787732
Online_Training [19/700]: mean_loss=0.024212094334264595
Online_Training [20/700]: mean_loss=0.15037034451961517
Online_Training [21/700]: mean_loss=0.13563225169976553
Online_Training [22/700]: mean_loss=0.018069061761101086
Online_Training [23/700]: mean_loss=0.020866085464755695
Online_Training [24/700]: mean_loss=0.07352608814835548
Online_Training [25/700]: mean_loss=0.03772448127468427
Online_Training [26/700]: mean_loss=0.04912656731903553
Online_Training [27/700]: mean_loss=0.10447612901528676
Online_Training [28/700]: mean_loss=0.042198844254016876
Online_Training [29/700]: mean_loss=0.04507084252933661
Online_Training [30/700]: mean_loss=0.03338280816872915
Online_Training [31/700]: mean_loss=0.026654886702696483
Online_Training [32/700]: mean_loss=0.044454583898186684
Online_Training [33/700]: mean_loss=0.027880928789575894
Online_Training [34/700]: mean_loss=0.15079487363497415
Online_Training [35/700]: mean_loss=0.059134665255745254
Online_Training [36/700]: mean_loss=0.07728563745816548
Online_Training [37/700]: mean_loss=0.0495242594430844
Online_Training [38/700]: mean_loss=0.044188780089219414
Online_Training [39/700]: mean_loss=0.11981651559472084
Online_Training [40/700]: mean_loss=0.03192669556786617
Online_Training [41/700]: mean_loss=0.030331593317290146
Online_Training [42/700]: mean_loss=0.05506950430572033
Online_Training [43/700]: mean_loss=0.1207942155500253
Online_Training [44/700]: mean_loss=0.15409267942110697
Online_Training [45/700]: mean_loss=0.07108399147788684
Online_Training [46/700]: mean_loss=0.04082513973116875
Online_Training [47/700]: mean_loss=0.09160616993904114
Online_Training [48/700]: mean_loss=0.06823095803459485
Online_Training [49/700]: mean_loss=0.09732348347703616
Online_Training [50/700]: mean_loss=0.12879414608081183
Online_Training [51/700]: mean_loss=0.026564622297883034
Online_Training [52/700]: mean_loss=0.18145190427700678
Online_Training [53/700]: mean_loss=0.021545638640721638
Online_Training [54/700]: mean_loss=0.0989818423986435
Online_Training [55/700]: mean_loss=0.04799701956411203
Online_Training [56/700]: mean_loss=0.04169455791513125
Online_Training [57/700]: mean_loss=0.08065748835603397
Online_Training [58/700]: mean_loss=0.3571663002173106
Online_Training [59/700]: mean_loss=0.0875519501666228
Online_Training [60/700]: mean_loss=0.07664530724287033
Online_Training [61/700]: mean_loss=0.06655625874797504
Online_Training [62/700]: mean_loss=0.08356776833534241
Online_Training [63/700]: mean_loss=0.06736035645008087
Online_Training [64/700]: mean_loss=0.006603505307187636
Online_Training [65/700]: mean_loss=0.06742565830548604
Online_Training [66/700]: mean_loss=0.057789682721098266
Online_Training [67/700]: mean_loss=0.05800653497378031
Online_Training [68/700]: mean_loss=0.08435308064023654
Online_Training [69/700]: mean_loss=0.21078129361073175
Online_Training [70/700]: mean_loss=0.03957862903674444
Online_Training [71/700]: mean_loss=0.07749409104386966
Online_Training [72/700]: mean_loss=0.07574247568845749
Online_Training [73/700]: mean_loss=0.04320643407603105
Online_Training [74/700]: mean_loss=0.04261102589468161
Online_Training [75/700]: mean_loss=0.03099794282267491
Online_Training [76/700]: mean_loss=0.058676499873399734
Online_Training [77/700]: mean_loss=0.05540800901750723
Online_Training [78/700]: mean_loss=0.09140823905666669
Online_Training [79/700]: mean_loss=0.043399957939982414
Online_Training [80/700]: mean_loss=0.03843036728600661
Online_Training [81/700]: mean_loss=0.014528540428727865
Online_Training [82/700]: mean_loss=0.03292899299412966
Online_Training [83/700]: mean_loss=0.140163483719031
Online_Training [84/700]: mean_loss=0.034746464962760605
Online_Training [85/700]: mean_loss=0.025286744969586532
Online_Training [86/700]: mean_loss=0.08496559411287308
Online_Training [87/700]: mean_loss=0.01784462792177995
Online_Training [88/700]: mean_loss=0.02550376703341802
Online_Training [89/700]: mean_loss=0.04813350550830364
Online_Training [90/700]: mean_loss=0.0353002684811751
Online_Training [91/700]: mean_loss=0.034370869398117065
Online_Training [92/700]: mean_loss=0.04748721979558468
Online_Training [93/700]: mean_loss=0.08526313056548436
Online_Training [94/700]: mean_loss=0.06838503107428551
Online_Training [95/700]: mean_loss=0.097893542299668
Online_Training [96/700]: mean_loss=0.022111788702507813
Online_Training [97/700]: mean_loss=0.05018982042868932
Online_Training [98/700]: mean_loss=0.04634552511076132
Online_Training [99/700]: mean_loss=0.019611173619826634
Online_Training [100/700]: mean_loss=0.10756645475824674
Online_Training [101/700]: mean_loss=0.06878744686643283
Online_Training [102/700]: mean_loss=0.05722586748500665
Online_Training [103/700]: mean_loss=0.04317388621469339
Online_Training [104/700]: mean_loss=0.06596028059720993
Online_Training [105/700]: mean_loss=0.036513801043232284
Online_Training [106/700]: mean_loss=0.015186643693596125
Online_Training [107/700]: mean_loss=0.02054682622353236
Online_Training [108/700]: mean_loss=0.03734074595073859
Online_Training [109/700]: mean_loss=0.03362629904101292
Online_Training [110/700]: mean_loss=0.05151883512735367
Online_Training [111/700]: mean_loss=0.029882929287850857
Online_Training [112/700]: mean_loss=0.1641026015082995
Online_Training [113/700]: mean_loss=0.052158077557881675
Online_Training [114/700]: mean_loss=0.10073108226060867
Online_Training [115/700]: mean_loss=0.05157360372443994
Online_Training [116/700]: mean_loss=0.050884511321783066
Online_Training [117/700]: mean_loss=0.05575277656316757
Online_Training [118/700]: mean_loss=0.04826869008441766
Online_Training [119/700]: mean_loss=0.12392349541187286
Online_Training [120/700]: mean_loss=0.08294209217031796
Online_Training [121/700]: mean_loss=0.09823563322424889
Online_Training [122/700]: mean_loss=0.0717090480029583
Online_Training [123/700]: mean_loss=0.03478585990766684
Online_Training [124/700]: mean_loss=0.015531223422537247
Online_Training [125/700]: mean_loss=0.09558144460121791
Online_Training [126/700]: mean_loss=0.037123563388983406
Online_Training [127/700]: mean_loss=0.07410549124081929
Online_Training [128/700]: mean_loss=0.02659216181685527
Online_Training [129/700]: mean_loss=0.036834963907798134
Online_Training [130/700]: mean_loss=0.0268312335635225
Online_Training [131/700]: mean_loss=0.03120650661488374
Online_Training [132/700]: mean_loss=0.017466640720764797
Online_Training [133/700]: mean_loss=0.02804484001050393
Online_Training [134/700]: mean_loss=0.02574172616004944
Online_Training [135/700]: mean_loss=0.10504964242378871
Online_Training [136/700]: mean_loss=0.022926150510708492
Online_Training [137/700]: mean_loss=0.028447493600348633
Online_Training [138/700]: mean_loss=0.012552245364834866
Online_Training [139/700]: mean_loss=0.020592583964268368
Online_Training [140/700]: mean_loss=0.030826509309311707
Online_Training [141/700]: mean_loss=0.02593957136074702
Online_Training [142/700]: mean_loss=0.012985005198667446
Online_Training [143/700]: mean_loss=0.023281231212119263
Online_Training [144/700]: mean_loss=0.012938305580367645
Online_Training [145/700]: mean_loss=0.06340736337006092
Online_Training [146/700]: mean_loss=0.021328157434860866
Online_Training [147/700]: mean_loss=0.018784556227425735
Online_Training [148/700]: mean_loss=0.05424460023641586
Online_Training [149/700]: mean_loss=0.0995186281700929
Online_Training [150/700]: mean_loss=0.12149031336108844
Online_Training [151/700]: mean_loss=0.026167470030486584
Online_Training [152/700]: mean_loss=0.01983343344181776
Online_Training [153/700]: mean_loss=0.045975142469008766
Online_Training [154/700]: mean_loss=0.02792266725252072
Online_Training [155/700]: mean_loss=0.021783335134387016
Online_Training [156/700]: mean_loss=0.01867904793471098
Online_Training [157/700]: mean_loss=0.15329832086960474
Online_Training [158/700]: mean_loss=0.003724095489208897
Online_Training [159/700]: mean_loss=0.018715249995390575
Online_Training [160/700]: mean_loss=0.03288944655408462
Online_Training [161/700]: mean_loss=0.03219243076940378
Online_Training [162/700]: mean_loss=0.014768948157628378
Online_Training [163/700]: mean_loss=0.0505384411662817
Online_Training [164/700]: mean_loss=0.014585765078663826
Online_Training [165/700]: mean_loss=0.010218408113966385
Online_Training [166/700]: mean_loss=0.022836691389481228
Online_Training [167/700]: mean_loss=0.04303750085333983
Online_Training [168/700]: mean_loss=0.0417015515267849
Online_Training [169/700]: mean_loss=0.05433258724709352
Online_Training [170/700]: mean_loss=0.18327151238918304
Online_Training [171/700]: mean_loss=0.018688286344210308
Online_Training [172/700]: mean_loss=0.015089835816373428
Online_Training [173/700]: mean_loss=0.02650430394957463
Online_Training [174/700]: mean_loss=0.012448217875013748
Online_Training [175/700]: mean_loss=0.01381259085610509
Online_Training [176/700]: mean_loss=0.006432581304882963
Online_Training [177/700]: mean_loss=0.03483297427495321
Online_Training [178/700]: mean_loss=0.03500153931478659
Online_Training [179/700]: mean_loss=0.026415140988926094
Online_Training [180/700]: mean_loss=0.035236729929844536
Online_Training [181/700]: mean_loss=0.03876165176431338
Online_Training [182/700]: mean_loss=0.02331473957747221
Online_Training [183/700]: mean_loss=0.012979314041634401
Online_Training [184/700]: mean_loss=0.007182288837308685
Online_Training [185/700]: mean_loss=0.039770662784576416
Online_Training [186/700]: mean_loss=0.03690152118603388
Online_Training [187/700]: mean_loss=0.028591590002179146
Online_Training [188/700]: mean_loss=0.027323111270864803
Online_Training [189/700]: mean_loss=0.058897022157907486
Online_Training [190/700]: mean_loss=0.025354197559257347
Online_Training [191/700]: mean_loss=0.1539110615849495
Online_Training [192/700]: mean_loss=0.025391699746251106
Online_Training [193/700]: mean_loss=0.02686695133646329
Online_Training [194/700]: mean_loss=0.019211276434361935
Online_Training [195/700]: mean_loss=0.02236695804943641
Online_Training [196/700]: mean_loss=0.013527298346161842
Online_Training [197/700]: mean_loss=0.049928514286875725
Online_Training [198/700]: mean_loss=0.015508619292328754
Online_Training [199/700]: mean_loss=0.08720031753182411
Online_Training [200/700]: mean_loss=0.0194219717135032
Online_Training [201/700]: mean_loss=0.03855496644973755
Online_Training [202/700]: mean_loss=0.01704178222765525
Online_Training [203/700]: mean_loss=0.009774572681635618
Online_Training [204/700]: mean_loss=0.017219253815710545
Online_Training [205/700]: mean_loss=0.070447888225317
Online_Training [206/700]: mean_loss=0.02320817857980728
Online_Training [207/700]: mean_loss=0.05079987893501917
Online_Training [208/700]: mean_loss=0.04748261719942093
Online_Training [209/700]: mean_loss=0.04837518371641636
Online_Training [210/700]: mean_loss=0.02620554498086373
Online_Training [211/700]: mean_loss=0.021906817331910133
Online_Training [212/700]: mean_loss=0.10109664996465047
Online_Training [213/700]: mean_loss=0.07322642579674721
Online_Training [214/700]: mean_loss=0.020533892636497814
Online_Training [215/700]: mean_loss=0.03361497322718302
Online_Training [216/700]: mean_loss=0.045675475150346756
Online_Training [217/700]: mean_loss=0.013722563007225594
Online_Training [218/700]: mean_loss=0.008456186236192783
Online_Training [219/700]: mean_loss=0.0520202045639356
Online_Training [220/700]: mean_loss=0.012107071932405233
Online_Training [221/700]: mean_loss=0.03282989965130886
Online_Training [222/700]: mean_loss=0.026782367999355
Online_Training [223/700]: mean_loss=0.03260607489695152
Online_Training [224/700]: mean_loss=0.005590227587769429
Online_Training [225/700]: mean_loss=0.022227821871638298
Online_Training [226/700]: mean_loss=0.020786468250056107
Online_Training [227/700]: mean_loss=0.011537518817931414
Online_Training [228/700]: mean_loss=0.03386948692301909
Online_Training [229/700]: mean_loss=0.05450394873817762
Online_Training [230/700]: mean_loss=0.016769092995673418
Online_Training [231/700]: mean_loss=0.020894938458998997
Online_Training [232/700]: mean_loss=0.02132876869291067
Online_Training [233/700]: mean_loss=0.0321802943944931
Online_Training [234/700]: mean_loss=0.03594358296444019
Online_Training [235/700]: mean_loss=0.07590567072232564
Online_Training [236/700]: mean_loss=0.05869497048358122
Online_Training [237/700]: mean_loss=0.026217422758539517
Online_Training [238/700]: mean_loss=0.10447428499658902
Online_Training [239/700]: mean_loss=0.1954766015211741
Online_Training [240/700]: mean_loss=0.06087209967275461
Online_Training [241/700]: mean_loss=0.03351271152496338
Online_Training [242/700]: mean_loss=0.020124502790470917
Online_Training [243/700]: mean_loss=0.03643295417229334
Online_Training [244/700]: mean_loss=0.040907119711240135
Online_Training [245/700]: mean_loss=0.06026779549817244
Online_Training [246/700]: mean_loss=0.033117761525015034
Online_Training [247/700]: mean_loss=0.008290751681973537
Online_Training [248/700]: mean_loss=0.05719173513352871
Online_Training [249/700]: mean_loss=0.05563226900994778
Online_Training [250/700]: mean_loss=0.013336608186364174
Online_Training [251/700]: mean_loss=0.01838585811977585
Online_Training [252/700]: mean_loss=0.01734183511386315
Online_Training [253/700]: mean_loss=0.014009457547217607
Online_Training [254/700]: mean_loss=0.02106244396418333
Online_Training [255/700]: mean_loss=0.04436969508727392
Online_Training [256/700]: mean_loss=0.01811226923018694
Online_Training [257/700]: mean_loss=0.032098801185687385
Online_Training [258/700]: mean_loss=0.014636304539938768
Online_Training [259/700]: mean_loss=0.009969946152220169
Online_Training [260/700]: mean_loss=0.022805425338447094
Online_Training [261/700]: mean_loss=0.02231875682870547
Online_Training [262/700]: mean_loss=0.03551292916138967
Online_Training [263/700]: mean_loss=0.014757216442376375
Online_Training [264/700]: mean_loss=0.04183782761295637
Online_Training [265/700]: mean_loss=0.020357927307486534
Online_Training [266/700]: mean_loss=0.015702554490417242
Online_Training [267/700]: mean_loss=0.012840495134393374
Online_Training [268/700]: mean_loss=0.00986981283252438
Online_Training [269/700]: mean_loss=0.03304259851574898
Online_Training [270/700]: mean_loss=0.013615540073563656
Online_Training [271/700]: mean_loss=0.023193216882646084
Online_Training [272/700]: mean_loss=0.0076864299674828844
Online_Training [273/700]: mean_loss=0.01387244276702404
Online_Training [274/700]: mean_loss=0.034578472996751465
Online_Training [275/700]: mean_loss=0.011998455505818129
Online_Training [276/700]: mean_loss=0.022785106673836708
Online_Training [277/700]: mean_loss=0.07778508340318997
Online_Training [278/700]: mean_loss=0.026130112819373608
Online_Training [279/700]: mean_loss=0.02514236917098363
Online_Training [280/700]: mean_loss=0.0318688570211331
Online_Training [281/700]: mean_loss=0.03246718645095825
Online_Training [282/700]: mean_loss=0.02452301885932684
Online_Training [283/700]: mean_loss=0.021271686690549057
Online_Training [284/700]: mean_loss=0.029229965060949326
Online_Training [285/700]: mean_loss=0.025665347774823506
Online_Training [286/700]: mean_loss=0.012959582731127739
Online_Training [287/700]: mean_loss=0.012567780601481596
Online_Training [288/700]: mean_loss=0.014766245149075985
Online_Training [289/700]: mean_loss=0.0399838803956906
Online_Training [290/700]: mean_loss=0.008311882925530275
Online_Training [291/700]: mean_loss=0.015178396832197905
Online_Training [292/700]: mean_loss=0.007662699635451038
Online_Training [293/700]: mean_loss=0.020613641167680424
Online_Training [294/700]: mean_loss=0.02462160463134448
Online_Training [295/700]: mean_loss=0.03385929794361194
Online_Training [296/700]: mean_loss=0.03640173810223738
Online_Training [297/700]: mean_loss=0.019852874490122
Online_Training [298/700]: mean_loss=0.02694044044862191
Online_Training [299/700]: mean_loss=0.03637030969063441
Online_Training [300/700]: mean_loss=0.044734266276160874
Online_Training [301/700]: mean_loss=0.011837065375099579
Online_Training [302/700]: mean_loss=0.030216225422918797
Online_Training [303/700]: mean_loss=0.021218024815122288
Online_Training [304/700]: mean_loss=0.02104987856000662
Online_Training [305/700]: mean_loss=0.0739228328069051
Online_Training [306/700]: mean_loss=0.05953786335885525
Online_Training [307/700]: mean_loss=0.06615219886104266
Online_Training [308/700]: mean_loss=0.03174569085240364
Online_Training [309/700]: mean_loss=0.00817442157616218
Online_Training [310/700]: mean_loss=0.024690039766331513
Online_Training [311/700]: mean_loss=0.015841616317629814
Online_Training [312/700]: mean_loss=0.05869191512465477
Online_Training [313/700]: mean_loss=0.021199446792403858
Online_Training [314/700]: mean_loss=0.02208879900475343
Online_Training [315/700]: mean_loss=0.017068421778579552
Online_Training [316/700]: mean_loss=0.01779593713581562
Online_Training [317/700]: mean_loss=0.008366707867632309
Online_Training [318/700]: mean_loss=0.028219821241994698
Online_Training [319/700]: mean_loss=0.035549198587735496
Online_Training [320/700]: mean_loss=0.014148994193722805
Online_Training [321/700]: mean_loss=0.018250385609765846
Online_Training [322/700]: mean_loss=0.03502745615939299
Online_Training [323/700]: mean_loss=0.01950857633103927
Online_Training [324/700]: mean_loss=0.013318314217031002
Online_Training [325/700]: mean_loss=0.02637794924279054
Online_Training [326/700]: mean_loss=0.03429288789629936
Online_Training [327/700]: mean_loss=0.019949992187321186
Online_Training [328/700]: mean_loss=0.05020184814929962
Online_Training [329/700]: mean_loss=0.013502574525773525
Online_Training [330/700]: mean_loss=0.028188032718996208
Online_Training [331/700]: mean_loss=0.021939515757064026
Online_Training [332/700]: mean_loss=0.015624636163314184
Online_Training [333/700]: mean_loss=0.01218527602031827
Online_Training [334/700]: mean_loss=0.01200834553067883
Online_Training [335/700]: mean_loss=0.061988952880104385
Online_Training [336/700]: mean_loss=0.07145758345723152
Online_Training [337/700]: mean_loss=0.09615483631690343
Online_Training [338/700]: mean_loss=0.0460637000699838
Online_Training [339/700]: mean_loss=0.013381466424713532
Online_Training [340/700]: mean_loss=0.010455130909880003
Online_Training [341/700]: mean_loss=0.03487043206890424
Online_Training [342/700]: mean_loss=0.051942201952139534
Online_Training [343/700]: mean_loss=0.016827058978378773
Online_Training [344/700]: mean_loss=0.021553440019488335
Online_Training [345/700]: mean_loss=0.048209620639681816
Online_Training [346/700]: mean_loss=0.018732045777142048
Online_Training [347/700]: mean_loss=0.14038307964801788
Online_Training [348/700]: mean_loss=0.02118482068181038
Online_Training [349/700]: mean_loss=0.02825480792671442
Online_Training [350/700]: mean_loss=0.011570993500451246
Online_Training [351/700]: mean_loss=0.011303691969563564
Online_Training [352/700]: mean_loss=0.010924949621160826
Online_Training [353/700]: mean_loss=0.0483318797002236
Online_Training [354/700]: mean_loss=0.013940133930494389
Online_Training [355/700]: mean_loss=0.01979649377365907
Online_Training [356/700]: mean_loss=0.016500781600673992
Online_Training [357/700]: mean_loss=0.08414168034990628
Online_Training [358/700]: mean_loss=0.07544273883104324
Online_Training [359/700]: mean_loss=0.0848597064614296
Online_Training [360/700]: mean_loss=0.023006304477651913
Online_Training [361/700]: mean_loss=0.02423752595980962
Online_Training [362/700]: mean_loss=0.04818721488118172
Online_Training [363/700]: mean_loss=0.01900480625530084
Online_Training [364/700]: mean_loss=0.010205032769590616
Online_Training [365/700]: mean_loss=0.02211443738391002
Online_Training [366/700]: mean_loss=0.024447074780861538
Online_Training [367/700]: mean_loss=0.02525934111326933
Online_Training [368/700]: mean_loss=0.03184546654423078
Online_Training [369/700]: mean_loss=0.025520385553439457
Online_Training [370/700]: mean_loss=0.037424824511011444
Online_Training [371/700]: mean_loss=0.02448463859036565
Online_Training [372/700]: mean_loss=0.030806084784368675
Online_Training [373/700]: mean_loss=0.029978291131556034
Online_Training [374/700]: mean_loss=0.016663873568177223
Online_Training [375/700]: mean_loss=0.02080714050680399
Online_Training [376/700]: mean_loss=0.006702019289756815
Online_Training [377/700]: mean_loss=0.018938180369635422
Online_Training [378/700]: mean_loss=0.0199953094124794
Online_Training [379/700]: mean_loss=0.031124500868221123
Online_Training [380/700]: mean_loss=0.011741878464818
Online_Training [381/700]: mean_loss=0.016913640933732193
Online_Training [382/700]: mean_loss=0.008890128539254269
Online_Training [383/700]: mean_loss=0.007674929142619173
Online_Training [384/700]: mean_loss=0.15411206831534704
Online_Training [385/700]: mean_loss=0.008547494343171516
Online_Training [386/700]: mean_loss=0.028558254862825077
Online_Training [387/700]: mean_loss=0.018824665807187557
Online_Training [388/700]: mean_loss=0.01589980224768321
Online_Training [389/700]: mean_loss=0.010949878487735987
Online_Training [390/700]: mean_loss=0.037840411687890686
Online_Training [391/700]: mean_loss=0.010932037451614937
Online_Training [392/700]: mean_loss=0.022038574951390427
Online_Training [393/700]: mean_loss=0.027918516968687374
Online_Training [394/700]: mean_loss=0.025749779616792996
Online_Training [395/700]: mean_loss=0.007115806142489116
Online_Training [396/700]: mean_loss=0.02219727262854576
Online_Training [397/700]: mean_loss=0.01569415085638563
Online_Training [398/700]: mean_loss=0.028625619287292164
Online_Training [399/700]: mean_loss=0.03212053111443917
Online_Training [400/700]: mean_loss=0.03655123400191466
Online_Training [401/700]: mean_loss=0.03597848489880562
Online_Training [402/700]: mean_loss=0.011318273221453031
Online_Training [403/700]: mean_loss=0.010732445089767376
Online_Training [404/700]: mean_loss=0.040606566394368805
Online_Training [405/700]: mean_loss=0.06534672155976295
Online_Training [406/700]: mean_loss=0.01286822867890199
Online_Training [407/700]: mean_loss=0.034743377938866615
Online_Training [408/700]: mean_loss=0.014926572485516468
Online_Training [409/700]: mean_loss=0.006008549826219678
Online_Training [410/700]: mean_loss=0.02555223337064187
Online_Training [411/700]: mean_loss=0.01465938581774632
Online_Training [412/700]: mean_loss=0.10364030301570892
Online_Training [413/700]: mean_loss=0.03490757259229819
Online_Training [414/700]: mean_loss=0.01547265968595942
Online_Training [415/700]: mean_loss=0.020078511908650398
Online_Training [416/700]: mean_loss=0.015624786882350842
Online_Training [417/700]: mean_loss=0.06173589577277502
Online_Training [418/700]: mean_loss=0.007809667227168878
Online_Training [419/700]: mean_loss=0.0116906159867843
Online_Training [420/700]: mean_loss=0.051495399326086044
Online_Training [421/700]: mean_loss=0.03232441935688257
Online_Training [422/700]: mean_loss=0.0283029368147254
Online_Training [423/700]: mean_loss=0.035094574093818665
Online_Training [424/700]: mean_loss=0.05756928275028864
Online_Training [425/700]: mean_loss=0.026805497705936432
Online_Training [426/700]: mean_loss=0.007822054671123624
Online_Training [427/700]: mean_loss=0.019826694391667843
Online_Training [428/700]: mean_loss=0.028799453439811867
Online_Training [429/700]: mean_loss=0.013336057929943005
Online_Training [430/700]: mean_loss=0.009164182314028343
Online_Training [431/700]: mean_loss=0.013875456682095924
Online_Training [432/700]: mean_loss=0.06895807012915611
Online_Training [433/700]: mean_loss=0.01303014454121391
Online_Training [434/700]: mean_loss=0.021329483948647976
Online_Training [435/700]: mean_loss=0.012561367824673653
Online_Training [436/700]: mean_loss=0.05429794639348984
Online_Training [437/700]: mean_loss=0.012338566593825817
Online_Training [438/700]: mean_loss=0.16692927728096643
Online_Training [439/700]: mean_loss=0.11367124567429225
Online_Training [440/700]: mean_loss=0.061029242972532906
Online_Training [441/700]: mean_loss=0.05110586124161879
Online_Training [442/700]: mean_loss=0.026185026702781517
Online_Training [443/700]: mean_loss=0.014086644165217876
Online_Training [444/700]: mean_loss=0.026805841053525608
Online_Training [445/700]: mean_loss=0.025760633560518425
Online_Training [446/700]: mean_loss=0.041726574301719666
Online_Training [447/700]: mean_loss=0.011426189603904882
Online_Training [448/700]: mean_loss=0.01803181692957878
Online_Training [449/700]: mean_loss=0.016952473980685074
Online_Training [450/700]: mean_loss=0.020592632393042248
Online_Training [451/700]: mean_loss=0.05186389510830244
Online_Training [452/700]: mean_loss=0.038618686919411026
Online_Training [453/700]: mean_loss=0.06637795952459176
Online_Training [454/700]: mean_loss=0.04495099311073621
Online_Training [455/700]: mean_loss=0.042006853967905045
Online_Training [456/700]: mean_loss=0.012433517258614302
Online_Training [457/700]: mean_loss=0.010988140013068914
Online_Training [458/700]: mean_loss=0.03409035690128803
Online_Training [459/700]: mean_loss=0.019798767752945423
Online_Training [460/700]: mean_loss=0.023507208563387394
Online_Training [461/700]: mean_loss=0.03337625569353501
Online_Training [462/700]: mean_loss=0.020812021878858406
Online_Training [463/700]: mean_loss=0.018554648384451866
Online_Training [464/700]: mean_loss=0.016272316065927345
Online_Training [465/700]: mean_loss=0.029618453855315845
Online_Training [466/700]: mean_loss=0.030673253660400707
Online_Training [467/700]: mean_loss=0.02608861370633046
Online_Training [468/700]: mean_loss=0.01911223338296016
Online_Training [469/700]: mean_loss=0.02101446750263373
Online_Training [470/700]: mean_loss=0.04703573261698087
Online_Training [471/700]: mean_loss=0.021695892947415512
Online_Training [472/700]: mean_loss=0.025701710333426792
Online_Training [473/700]: mean_loss=0.007860274442161122
Online_Training [474/700]: mean_loss=0.013734730581442514
Online_Training [475/700]: mean_loss=0.024343949742615223
Online_Training [476/700]: mean_loss=0.2138876368602117
Online_Training [477/700]: mean_loss=0.13202949240803719
Online_Training [478/700]: mean_loss=0.036960177744428314
Online_Training [479/700]: mean_loss=0.008956606189409891
Online_Training [480/700]: mean_loss=0.008624799394359192
Online_Training [481/700]: mean_loss=0.024848740237454574
Online_Training [482/700]: mean_loss=0.026521446804205578
Online_Training [483/700]: mean_loss=0.01611560458938281
Online_Training [484/700]: mean_loss=0.027676924131810665
Online_Training [485/700]: mean_loss=0.010624349893381199
Online_Training [486/700]: mean_loss=0.02096929121762514
Online_Training [487/700]: mean_loss=0.032334524827698864
Online_Training [488/700]: mean_loss=0.0196792334318161
Online_Training [489/700]: mean_loss=0.014291492911676565
Online_Training [490/700]: mean_loss=0.021813873822490375
Online_Training [491/700]: mean_loss=0.032624706936379276
Online_Training [492/700]: mean_loss=0.017275973844031494
Online_Training [493/700]: mean_loss=0.025668989556531113
Online_Training [494/700]: mean_loss=0.04371501381198565
Online_Training [495/700]: mean_loss=0.01301399323468407
Online_Training [496/700]: mean_loss=0.034084768034517765
Online_Training [497/700]: mean_loss=0.020707573120792706
Online_Training [498/700]: mean_loss=0.018365204023818176
Online_Training [499/700]: mean_loss=0.014107793724785248
Online_Training [500/700]: mean_loss=0.014024945441633463
Online_Training [501/700]: mean_loss=0.014721610738585392
Online_Training [502/700]: mean_loss=0.04273888779183229
Online_Training [503/700]: mean_loss=0.0177346911902229
Online_Training [504/700]: mean_loss=0.034353539968530335
Online_Training [505/700]: mean_loss=0.020532256613175075
Online_Training [506/700]: mean_loss=0.1192767284810543
Online_Training [507/700]: mean_loss=0.1384777749578158
Online_Training [508/700]: mean_loss=0.03013287205249071
Online_Training [509/700]: mean_loss=0.013045758319397768
Online_Training [510/700]: mean_loss=0.025472210409740608
Online_Training [511/700]: mean_loss=0.023442245088517666
Online_Training [512/700]: mean_loss=0.016277613428731758
Online_Training [513/700]: mean_loss=0.026231315297385056
Online_Training [514/700]: mean_loss=0.03501547252138456
Online_Training [515/700]: mean_loss=0.02552302150676648
Online_Training [516/700]: mean_loss=0.02212436217814684
Online_Training [517/700]: mean_loss=0.02349848176042239
Online_Training [518/700]: mean_loss=0.03176616815229257
Online_Training [519/700]: mean_loss=0.00929373549297452
Online_Training [520/700]: mean_loss=0.027653935365378857
Online_Training [521/700]: mean_loss=0.032659164940317474
Online_Training [522/700]: mean_loss=0.0075432177012165385
Online_Training [523/700]: mean_loss=0.020910313973824184
Online_Training [524/700]: mean_loss=0.07369845236341159
Online_Training [525/700]: mean_loss=0.025012674120565254
Online_Training [526/700]: mean_loss=0.013054331298917532
Online_Training [527/700]: mean_loss=0.016174842448284227
Online_Training [528/700]: mean_loss=0.023269934269289177
Online_Training [529/700]: mean_loss=0.031664578864971794
Online_Training [530/700]: mean_loss=0.01984996193399032
Online_Training [531/700]: mean_loss=0.05736867835124334
Online_Training [532/700]: mean_loss=0.019946937449276447
Online_Training [533/700]: mean_loss=0.028380229758719604
Online_Training [534/700]: mean_loss=0.01946000289171934
Online_Training [535/700]: mean_loss=0.0203962338467439
Online_Training [536/700]: mean_loss=0.1051302154858907
Online_Training [537/700]: mean_loss=0.0488304328173399
Online_Training [538/700]: mean_loss=0.007765111746266484
Online_Training [539/700]: mean_loss=0.008933162782341242
Online_Training [540/700]: mean_loss=0.02136097103357315
Online_Training [541/700]: mean_loss=0.12116380656758945
Online_Training [542/700]: mean_loss=0.009218484008063873
Online_Training [543/700]: mean_loss=0.024692895201345284
Online_Training [544/700]: mean_loss=0.016382465915133555
Online_Training [545/700]: mean_loss=0.03936174139380455
Online_Training [546/700]: mean_loss=0.009588823343316713
Online_Training [547/700]: mean_loss=0.02072795604666074
Online_Training [548/700]: mean_loss=0.020353739770750206
Online_Training [549/700]: mean_loss=0.006617843173444271
Online_Training [550/700]: mean_loss=0.041190521170695625
Online_Training [551/700]: mean_loss=0.028665501003464062
Online_Training [552/700]: mean_loss=0.05492837416628996
Online_Training [553/700]: mean_loss=0.04593265987932682
Online_Training [554/700]: mean_loss=0.011764667462557554
Online_Training [555/700]: mean_loss=0.024548429064452648
Online_Training [556/700]: mean_loss=0.014177117341508469
Online_Training [557/700]: mean_loss=0.016335657487312954
Online_Training [558/700]: mean_loss=0.007316942637165387
Online_Training [559/700]: mean_loss=0.005955378369738658
Online_Training [560/700]: mean_loss=0.01265971145282189
Online_Training [561/700]: mean_loss=0.025019363810618717
Online_Training [562/700]: mean_loss=0.036285545056064926
Online_Training [563/700]: mean_loss=0.014958012383431196
Online_Training [564/700]: mean_loss=0.012976265667627255
Online_Training [565/700]: mean_loss=0.03630726287762324
Online_Training [566/700]: mean_loss=0.026809226100643475
Online_Training [567/700]: mean_loss=0.016301823935161035
Online_Training [568/700]: mean_loss=0.022359140527745087
Online_Training [569/700]: mean_loss=0.02951329853385687
Online_Training [570/700]: mean_loss=0.010987424291670322
Online_Training [571/700]: mean_loss=0.045048981284101806
Online_Training [572/700]: mean_loss=0.01884395070374012
Online_Training [573/700]: mean_loss=0.025016136777897675
Online_Training [574/700]: mean_loss=0.05567797708014647
Online_Training [575/700]: mean_loss=0.07004114612936974
Online_Training [576/700]: mean_loss=0.012824144524832567
Online_Training [577/700]: mean_loss=0.02316566091030836
Online_Training [578/700]: mean_loss=0.010498400001476208
Online_Training [579/700]: mean_loss=0.017962378760178883
Online_Training [580/700]: mean_loss=0.028057360090315342
Online_Training [581/700]: mean_loss=0.02098441682755947
Online_Training [582/700]: mean_loss=0.02295053315659364
Online_Training [583/700]: mean_loss=0.005786970801030596
Online_Training [584/700]: mean_loss=0.01977046641210715
Online_Training [585/700]: mean_loss=0.021964880016942818
Online_Training [586/700]: mean_loss=0.09894041220347087
Online_Training [587/700]: mean_loss=0.037000992645819984
Online_Training [588/700]: mean_loss=0.01118382423495253
Online_Training [589/700]: mean_loss=0.02629222224156062
Online_Training [590/700]: mean_loss=0.01609990295643608
Online_Training [591/700]: mean_loss=0.020877383028467495
Online_Training [592/700]: mean_loss=0.01918019975225131
Online_Training [593/700]: mean_loss=0.0447281946738561
Online_Training [594/700]: mean_loss=0.03921017857889334
Online_Training [595/700]: mean_loss=0.03648253592352072
Online_Training [596/700]: mean_loss=0.014142914054294428
Online_Training [597/700]: mean_loss=0.009254465655734142
Online_Training [598/700]: mean_loss=0.019030484681328137
Online_Training [599/700]: mean_loss=0.01984171476215124
Online_Training [600/700]: mean_loss=0.014086239195118347
Online_Training [601/700]: mean_loss=0.03422714459399382
Online_Training [602/700]: mean_loss=0.013544168478498856
Online_Training [603/700]: mean_loss=0.007989817686999837
Online_Training [604/700]: mean_loss=0.015121602142850557
Online_Training [605/700]: mean_loss=0.015748775874574978
Online_Training [606/700]: mean_loss=0.0054362995239595575
Online_Training [607/700]: mean_loss=0.008345850743353367
Online_Training [608/700]: mean_loss=0.01369192466760675
Online_Training [609/700]: mean_loss=0.015097061172127724
Online_Training [610/700]: mean_loss=0.019367872426907223
Online_Training [611/700]: mean_loss=0.010819296507785717
Online_Training [612/700]: mean_loss=0.15005194892485937
Online_Training [613/700]: mean_loss=0.05762313803037008
Online_Training [614/700]: mean_loss=0.015461524638036886
Online_Training [615/700]: mean_loss=0.01693320895234744
Online_Training [616/700]: mean_loss=0.04146293985346953
Online_Training [617/700]: mean_loss=0.004899754577005903
Online_Training [618/700]: mean_loss=0.023663179328044254
Online_Training [619/700]: mean_loss=0.01197724137455225
Online_Training [620/700]: mean_loss=0.07896851499875386
Online_Training [621/700]: mean_loss=0.008920530167718729
Online_Training [622/700]: mean_loss=0.04240622060994307
Online_Training [623/700]: mean_loss=0.052887108797828354
Online_Training [624/700]: mean_loss=0.01387219208603104
Online_Training [625/700]: mean_loss=0.009431658623119196
Online_Training [626/700]: mean_loss=0.03105054081728061
Online_Training [627/700]: mean_loss=0.015078918697933355
Online_Training [628/700]: mean_loss=0.00821095185043911
Online_Training [629/700]: mean_loss=0.048226735865076385
Online_Training [630/700]: mean_loss=0.04512983871002992
Online_Training [631/700]: mean_loss=0.016267203104992706
Online_Training [632/700]: mean_loss=0.02548582882930835
Online_Training [633/700]: mean_loss=0.021662963864703972
Online_Training [634/700]: mean_loss=0.018536985541383427
Online_Training [635/700]: mean_loss=0.012479869493593773
Online_Training [636/700]: mean_loss=0.006767314858734608
Online_Training [637/700]: mean_loss=0.020498684607446194
Online_Training [638/700]: mean_loss=0.02873889512072007
Online_Training [639/700]: mean_loss=0.017231214481095474
Online_Training [640/700]: mean_loss=0.008725511841475964
Online_Training [641/700]: mean_loss=0.014925743297984203
Online_Training [642/700]: mean_loss=0.023968250180284183
Online_Training [643/700]: mean_loss=0.016777434075872105
Online_Training [644/700]: mean_loss=0.036478590220212936
Online_Training [645/700]: mean_loss=0.015094618002573649
Online_Training [646/700]: mean_loss=0.0471065454185009
Online_Training [647/700]: mean_loss=0.009562363848090172
Online_Training [648/700]: mean_loss=0.011675292626023293
Online_Training [649/700]: mean_loss=0.012258857178191343
Online_Training [650/700]: mean_loss=0.016843638693292935
Online_Training [651/700]: mean_loss=0.012789805885404348
Online_Training [652/700]: mean_loss=0.005140948963041107
Online_Training [653/700]: mean_loss=0.06571666275461514
Online_Training [654/700]: mean_loss=0.01419968173528711
Online_Training [655/700]: mean_loss=0.012407917995005846
Online_Training [656/700]: mean_loss=0.01700316897282998
Online_Training [657/700]: mean_loss=0.014829537520805994
Online_Training [658/700]: mean_loss=0.01241365618382891
Online_Training [659/700]: mean_loss=0.029240057493249576
Online_Training [660/700]: mean_loss=0.015891061319659155
Online_Training [661/700]: mean_loss=0.03841527799765269
Online_Training [662/700]: mean_loss=0.04061587837835153
Online_Training [663/700]: mean_loss=0.019332052829364937
Online_Training [664/700]: mean_loss=0.005094044376164675
Online_Training [665/700]: mean_loss=0.03675184026360512
Online_Training [666/700]: mean_loss=0.01002247662593921
Online_Training [667/700]: mean_loss=0.0056690572916219635
Online_Training [668/700]: mean_loss=0.011155787389725447
Online_Training [669/700]: mean_loss=0.013363098570456108
Online_Training [670/700]: mean_loss=0.01398501374448339
Online_Training [671/700]: mean_loss=0.014029286646594604
Online_Training [672/700]: mean_loss=0.016759156249463558
Online_Training [673/700]: mean_loss=0.011511913500726223
Online_Training [674/700]: mean_loss=0.015690357889980078
Online_Training [675/700]: mean_loss=0.014436090054611364
Online_Training [676/700]: mean_loss=0.03024475152293841
Online_Training [677/700]: mean_loss=0.05550039124985536
Online_Training [678/700]: mean_loss=0.02006171364337206
Online_Training [679/700]: mean_loss=0.01610879118864735
Online_Training [680/700]: mean_loss=0.032874513107041516
Online_Training [681/700]: mean_loss=0.017259805463254452
Online_Training [682/700]: mean_loss=0.012010937711844841
Online_Training [683/700]: mean_loss=0.009559555910527706
Online_Training [684/700]: mean_loss=0.019457613428433735
Online_Training [685/700]: mean_loss=0.028048460371792316
Online_Training [686/700]: mean_loss=0.015646118981142838
Online_Training [687/700]: mean_loss=0.007878075198580822
Online_Training [688/700]: mean_loss=0.06030763126909733
Online_Training [689/700]: mean_loss=0.02225136136015256
Online_Training [690/700]: mean_loss=0.011441402758161226
Online_Training [691/700]: mean_loss=0.021116331530114014
Online_Training [692/700]: mean_loss=0.027231626212596893
Online_Training [693/700]: mean_loss=0.01846263526628415
Online_Training [694/700]: mean_loss=0.0411027396718661
Online_Training [695/700]: mean_loss=0.012616962660104036
Online_Training [696/700]: mean_loss=0.030435075672964256
Online_Training [697/700]: mean_loss=0.008920427799845735
Online_Training [698/700]: mean_loss=0.004954789454738299
Online_Training [699/700]: mean_loss=0.11603861550490062
Online_Training [700/700]: mean_loss=0.011557194404304028
Number of Samples after Autoencoder testing: 300
First Spike after testing: [ 2.604189  -0.5323085]
[2, 1, 0, 2, 0, 1, 2, 1, 2, 0, 0, 1, 1, 1, 1, 1, 2, 0, 1, 2, 1, 1, 1, 2, 2, 0, 1, 0, 1, 0, 2, 2, 0, 2, 1, 2, 0, 2, 2, 1, 0, 1, 2, 1, 1, 2, 0, 1, 2, 0, 0, 1, 2, 2, 1, 0, 1, 0, 1, 1, 2, 1, 1, 0, 2, 0, 2, 2, 2, 0, 1, 0, 1, 2, 0, 0, 2, 0, 2, 2, 0, 0, 0, 1, 0, 2, 0, 1, 1, 2, 0, 1, 2, 1, 0, 0, 0, 0, 2, 0, 0, 0, 0, 2, 0, 2, 2, 0, 0, 0, 1, 2, 0, 1, 2, 0, 1, 2, 1, 0, 0, 2, 2, 2, 1, 0, 2, 1, 0, 1, 1, 0, 2, 1, 0, 0, 0, 0, 1, 2, 0, 1, 2, 0, 1, 2, 0, 1, 0, 0, 2, 0, 2, 2, 0, 0, 1, 1, 0, 1, 2, 1, 1, 1, 0, 0, 2, 2, 1, 2, 2, 0, 2, 1, 2, 1, 2, 1, 0, 2, 0, 1, 2, 0, 1, 1, 2, 2, 1, 0, 1, 2, 1, 2, 1, 0, 0, 1, 2, 1, 0, 0, 1, 2, 1, 0, 1, 1, 2, 2, 0, 0, 1, 0, 1, 0, 2, 2, 2, 1, 2, 2, 1, 1, 0, 1, 2, 2, 0, 1, 0, 2, 1, 1, 2, 0, 1, 1, 0, 2, 1, 0, 1, 0, 1, 2, 0, 2, 2, 2, 2, 0, 2, 2, 2, 0, 1, 1, 0, 0, 2, 2, 1, 1, 0, 1, 0, 1, 1, 1, 0, 1, 2, 2, 1, 0, 2, 2, 2, 1, 0, 0, 2, 0, 0, 2, 2, 1, 0, 1, 0, 1, 0, 2, 2, 0, 1, 0, 1, 0]
[0, 1, 1, 0, 1, 1, 0, 1, 0, 1, 1, 1, 1, 1, 1, 1, 0, 1, 1, 0, 1, 1, 1, 0, 0, 1, 1, 1, 1, 1, 0, 0, 1, 0, 1, 0, 1, 0, 0, 1, 1, 1, 0, 1, 1, 0, 1, 1, 0, 1, 1, 1, 0, 0, 1, 1, 1, 1, 1, 1, 0, 1, 1, 1, 1, 1, 0, 0, 0, 1, 1, 1, 1, 0, 1, 1, 0, 1, 0, 0, 1, 1, 1, 1, 1, 0, 1, 1, 1, 0, 1, 1, 0, 1, 1, 1, 1, 1, 0, 1, 1, 1, 1, 0, 1, 0, 0, 1, 1, 1, 1, 0, 1, 1, 0, 1, 1, 0, 1, 1, 1, 0, 0, 0, 1, 1, 0, 1, 1, 1, 1, 1, 0, 1, 1, 1, 1, 1, 1, 0, 1, 1, 0, 1, 1, 0, 1, 1, 1, 1, 0, 1, 0, 0, 1, 1, 1, 1, 1, 2, 0, 2, 1, 1, 1, 1, 0, 0, 2, 0, 0, 1, 0, 2, 0, 2, 0, 2, 1, 0, 1, 1, 0, 1, 2, 1, 2, 0, 2, 1, 2, 0, 2, 0, 2, 1, 1, 2, 0, 2, 1, 1, 2, 0, 2, 1, 1, 2, 0, 0, 1, 1, 1, 1, 2, 1, 0, 0, 0, 1, 0, 0, 1, 2, 1, 2, 0, 0, 1, 2, 1, 0, 2, 2, 0, 1, 2, 2, 3, 4, 2, 1, 2, 1, 2, 0, 1, 0, 0, 0, 0, 1, 0, 0, 0, 1, 2, 2, 1, 1, 0, 0, 2, 2, 1, 2, 1, 2, 2, 1, 2, 2, 0, 0, 2, 3, 4, 0, 0, 2, 3, 1, 0, 3, 1, 0, 0, 2, 1, 1, 5, 2, 1, 0, 0, 1, 2, 1, 2, 1]
Centroids: [[-1.5931313, -2.0466797], [-0.265608, -1.6993746], [3.113162, -0.6856237]]
Centroids: [[3.0803182, -0.64073426], [-1.1759266, -1.8836608], [0.08953889, -1.6014884], [-2.1324165, -3.4739347], [6.515462, -2.5114722], [1.1227893, -4.1452594]]
Contingency Matrix: 
[[ 0 97  1  4  0  1]
 [ 0 59 41  0  0  0]
 [93  1  1  0  2  0]]
[[0, 97, 1, 4, 0, 1], [0, 59, 41, 0, 0, 0], [93, 1, 1, 0, 2, 0]]
[[0, 97, 1, 4, 0, 1], [0, 59, 41, 0, 0, 0], [93, 1, 1, 0, 2, 0]]
[0, 1, 2, 3, 4, 5]
[[-1, -1, -1, -1, -1, -1], [0, -1, 41, 0, 0, 0], [93, -1, 1, 0, 2, 0]]
[[-1, -1, -1, -1, -1, -1], [-1, -1, 41, 0, 0, 0], [-1, -1, -1, -1, -1, -1]]
[[-1, -1, -1, -1, -1, -1], [-1, -1, -1, -1, -1, -1], [-1, -1, -1, -1, -1, -1]]
Match_Labels: {0: 1, 2: 0, 1: 2}
New Contingency Matrix: 
[[97  1  0  4  0  1]
 [59 41  0  0  0  0]
 [ 1  1 93  0  2  0]]
New Clustered Label Sequence: [1, 2, 0, 3, 4, 5]
Diagonal_Elements: [97, 41, 93], Sum: 231
All_Elements: [97, 1, 0, 4, 0, 1, 59, 41, 0, 0, 0, 0, 1, 1, 93, 0, 2, 0], Sum: 300
Accuracy: 0.77
