Seed: 0
Experiment_path: AE_Model_2/Epochs_2_4_6_8_20/06_Experiment_05_Epochs
Dataset_Path: ../_00_Datasets/03_SimDaten_Quiroga2020/C_Burst_Easy2_noise015.mat
Dataset_name: ['03_SimDaten_Quiroga2020', 'C_Burst_Easy2_noise015.mat']
Variant_name: V05_Online_AE_QL
Visualisation_Path: AE_Model_2/Epochs_2_4_6_8_20/06_Experiment_05_Epochs/C_Burst_Easy2_noise015.mat/V05_Online_AE_QL/2023_05_11-01_06_20
Normalisation: False
Template Matching: False
Optimising Autoencoder: False
Update Factor: 1
Noisy Batches: False
Noisy Factor: 0.001
Epochs: 6
Batch Size: 1
maximal Spikes for Autoencoder Training : 700
maximal Spikes for Training: 1000
Input Size: 47
Chosen Model: Convolutional Autoencoder
ConvolutionalAutoencoder(
  (encoder): Sequential(
    (0): Conv1d(1, 6, kernel_size=(6,), stride=(1,))
    (1): LeakyReLU(negative_slope=0.01)
    (2): Conv1d(6, 1, kernel_size=(6,), stride=(1,))
    (3): Flatten(start_dim=1, end_dim=-1)
    (4): Linear(in_features=37, out_features=2, bias=True)
  )
  (decoder): Sequential(
    (0): ConvTranspose1d(1, 6, kernel_size=(6,), stride=(1,))
    (1): LeakyReLU(negative_slope=0.01)
    (2): ConvTranspose1d(6, 1, kernel_size=(6,), stride=(1,))
    (3): Flatten(start_dim=1, end_dim=-1)
    (4): Linear(in_features=12, out_features=47, bias=True)
  )
)
MSELoss()
Adam (
Parameter Group 0
    amsgrad: False
    betas: (0.9, 0.999)
    capturable: False
    differentiable: False
    eps: 1e-08
    foreach: None
    fused: False
    lr: 0.001
    maximize: False
    weight_decay: 0
)
---Q Learning Parameters---
Normalisation: False
Punishment Coefficient: 1.4
Alpha: 0.8
Epsilon: 0.01
Gamma: 0.97
Initial Episode Number: 0
Episode Number Coefficient: 1.4
Number of Random Features: 20
Planning Number: 20
Max Random Features: 60
New Episode Number: 72
New Episode Number: 143
New Episode Number: 215
New Episode Number: 286
New Episode Number: 358
New Episode Number: 429
                 0      1      2      3      4       5      6
new_cluster -62.85 -91.75 -56.80 -62.41 -59.66 -139.77 -77.69
c1          -62.92 -91.99 -57.13 -63.41 -60.10 -133.69 -77.66
c2          -62.70 -95.31 -57.11 -62.77 -60.56 -148.34 -76.49
c3          -62.86 -91.56 -57.02 -63.16 -59.74 -137.48 -77.05
c4          -62.70 -93.26 -57.74 -64.47 -60.82 -143.96 -76.50
c5          -62.86 -90.67 -57.19 -61.86 -60.42 -146.31 -76.73
c6          -62.70 -90.56 -57.31 -62.58 -60.36 -141.95 -76.73
\begin{tabular}{lrrrrrrr}
\toprule
{} &      0 &      1 &      2 &      3 &      4 &       5 &      6 \\
\midrule
new\_cluster & -62.85 & -91.75 & -56.80 & -62.41 & -59.66 & -139.77 & -77.69 \\
c1          & -62.92 & -91.99 & -57.13 & -63.41 & -60.10 & -133.69 & -77.66 \\
c2          & -62.70 & -95.31 & -57.11 & -62.77 & -60.56 & -148.34 & -76.49 \\
c3          & -62.86 & -91.56 & -57.02 & -63.16 & -59.74 & -137.48 & -77.05 \\
c4          & -62.70 & -93.26 & -57.74 & -64.47 & -60.82 & -143.96 & -76.50 \\
c5          & -62.86 & -90.67 & -57.19 & -61.86 & -60.42 & -146.31 & -76.73 \\
c6          & -62.70 & -90.56 & -57.31 & -62.58 & -60.36 & -141.95 & -76.73 \\
\bottomrule
\end{tabular}

                                0             1  ...             5             6
new_cluster  [-7.84, new_cluster]  [-36.33, c1]  ...  [-84.41, c5]  [-21.63, c6]
c1           [-7.84, new_cluster]  [-36.44, c1]  ...   [-78.3, c5]  [-21.63, c6]
c2           [-7.84, new_cluster]  [-39.75, c1]  ...  [-92.92, c5]  [-21.63, c6]
c3           [-7.84, new_cluster]  [-36.29, c1]  ...  [-82.31, c5]  [-21.63, c6]
c4           [-7.84, new_cluster]  [-37.27, c1]  ...   [-88.5, c5]  [-21.63, c6]
c5           [-7.84, new_cluster]  [-34.68, c1]  ...  [-90.84, c5]  [-21.63, c6]
c6           [-7.84, new_cluster]  [-34.56, c1]  ...  [-86.58, c5]  [-21.63, c6]

[7 rows x 7 columns]
\begin{tabular}{llllllll}
\toprule
{} &                     0 &             1 &            2 &            3 &            4 &             5 &             6 \\
\midrule
new\_cluster &  [-7.84, new\_cluster] &  [-36.33, c1] &  [-1.47, c2] &  [-7.26, c3] &  [-3.73, c4] &  [-84.41, c5] &  [-21.63, c6] \\
c1          &  [-7.84, new\_cluster] &  [-36.44, c1] &  [-1.76, c2] &   [-8.1, c3] &  [-4.18, c4] &   [-78.3, c5] &  [-21.63, c6] \\
c2          &  [-7.84, new\_cluster] &  [-39.75, c1] &  [-1.58, c2] &  [-7.34, c3] &  [-4.57, c4] &  [-92.92, c5] &  [-21.63, c6] \\
c3          &  [-7.84, new\_cluster] &  [-36.29, c1] &  [-1.82, c2] &  [-7.73, c3] &  [-3.86, c4] &  [-82.31, c5] &  [-21.63, c6] \\
c4          &  [-7.84, new\_cluster] &  [-37.27, c1] &  [-2.55, c2] &  [-9.19, c3] &  [-4.81, c4] &   [-88.5, c5] &  [-21.63, c6] \\
c5          &  [-7.84, new\_cluster] &  [-34.68, c1] &  [-2.04, c2] &  [-6.52, c3] &  [-4.18, c4] &  [-90.84, c5] &  [-21.63, c6] \\
c6          &  [-7.84, new\_cluster] &  [-34.56, c1] &  [-1.94, c2] &  [-7.16, c3] &  [-4.71, c4] &  [-86.58, c5] &  [-21.63, c6] \\
\bottomrule
\end{tabular}

