Seed: 0
Experiment_path: AE_Model_2/Epochs_2_4_6_8_20/20_Experiment_05_Epochs
Dataset_Path: ../_00_Datasets/03_SimDaten_Quiroga2020/C_Easy1_noise030.mat
Dataset_name: ['03_SimDaten_Quiroga2020', 'C_Easy1_noise030.mat']
Variant_name: Variant_05_Epochs_20
Visualisation_Path: AE_Model_2/Epochs_2_4_6_8_20/20_Experiment_05_Epochs/C_Easy1_noise030.mat/V05_Online_AE_QL/2023_05_11-01_29_32
Normalisation: False
Template Matching: False
Optimising Autoencoder: False
Update Factor: 1
Noisy Batches: False
Noisy Factor: 0.001
Epochs: 20
Batch Size: 1
maximal Spikes for Autoencoder Training : 700
maximal Spikes for Training: 1000
Input Size: 47
Chosen Model: Convolutional Autoencoder
ConvolutionalAutoencoder(
  (encoder): Sequential(
    (0): Conv1d(1, 6, kernel_size=(6,), stride=(1,))
    (1): LeakyReLU(negative_slope=0.01)
    (2): Conv1d(6, 1, kernel_size=(6,), stride=(1,))
    (3): Flatten(start_dim=1, end_dim=-1)
    (4): Linear(in_features=37, out_features=2, bias=True)
  )
  (decoder): Sequential(
    (0): ConvTranspose1d(1, 6, kernel_size=(6,), stride=(1,))
    (1): LeakyReLU(negative_slope=0.01)
    (2): ConvTranspose1d(6, 1, kernel_size=(6,), stride=(1,))
    (3): Flatten(start_dim=1, end_dim=-1)
    (4): Linear(in_features=12, out_features=47, bias=True)
  )
)
MSELoss()
Adam (
Parameter Group 0
    amsgrad: False
    betas: (0.9, 0.999)
    capturable: False
    differentiable: False
    eps: 1e-08
    foreach: None
    fused: False
    lr: 0.001
    maximize: False
    weight_decay: 0
)
---Q Learning Parameters---
Normalisation: False
Punishment Coefficient: 1.4
Alpha: 0.8
Epsilon: 0.01
Gamma: 0.97
Initial Episode Number: 0
Episode Number Coefficient: 1.4
Number of Random Features: 20
Planning Number: 20
Max Random Features: 60
New Episode Number: 72
New Episode Number: 143
New Episode Number: 215
New Episode Number: 286
                 0      1      2      3      4
new_cluster -18.76 -17.59 -14.62 -11.19 -23.81
c1          -18.75 -17.14 -14.98 -11.20 -24.09
c2          -18.77 -16.22 -15.14 -11.34 -23.15
c3          -18.76 -17.40 -15.80 -11.23 -23.23
c4          -18.60 -17.69 -14.61 -11.38 -23.77
\begin{tabular}{lrrrrr}
\toprule
{} &      0 &      1 &      2 &      3 &      4 \\
\midrule
new\_cluster & -18.76 & -17.59 & -14.62 & -11.19 & -23.81 \\
c1          & -18.75 & -17.14 & -14.98 & -11.20 & -24.09 \\
c2          & -18.77 & -16.22 & -15.14 & -11.34 & -23.15 \\
c3          & -18.76 & -17.40 & -15.80 & -11.23 & -23.23 \\
c4          & -18.60 & -17.69 & -14.61 & -11.38 & -23.77 \\
\bottomrule
\end{tabular}

                                0            1  ...            3             4
new_cluster  [-7.84, new_cluster]  [-6.65, c1]  ...  [-0.27, c3]  [-12.88, c4]
c1           [-7.84, new_cluster]  [-6.24, c1]  ...  [-0.28, c3]  [-13.16, c4]
c2           [-7.84, new_cluster]  [-5.35, c1]  ...  [-0.43, c3]  [-12.12, c4]
c3           [-7.84, new_cluster]  [-6.53, c1]  ...  [-0.28, c3]  [-12.21, c4]
c4           [-7.84, new_cluster]  [-6.75, c1]  ...  [-0.39, c3]  [-12.74, c4]

[5 rows x 5 columns]
\begin{tabular}{llllll}
\toprule
{} &                     0 &            1 &            2 &            3 &             4 \\
\midrule
new\_cluster &  [-7.84, new\_cluster] &  [-6.65, c1] &  [-3.79, c2] &  [-0.27, c3] &  [-12.88, c4] \\
c1          &  [-7.84, new\_cluster] &  [-6.24, c1] &  [-4.01, c2] &  [-0.28, c3] &  [-13.16, c4] \\
c2          &  [-7.84, new\_cluster] &  [-5.35, c1] &  [-4.14, c2] &  [-0.43, c3] &  [-12.12, c4] \\
c3          &  [-7.84, new\_cluster] &  [-6.53, c1] &  [-4.77, c2] &  [-0.28, c3] &  [-12.21, c4] \\
c4          &  [-7.84, new\_cluster] &  [-6.75, c1] &  [-3.54, c2] &  [-0.39, c3] &  [-12.74, c4] \\
\bottomrule
\end{tabular}

