Seed: 0
Experiment_path: AE_Model_2/Epochs//V4/Experiment_04
Dataset_Path: ../_00_Datasets/03_SimDaten_Quiroga2020/C_Difficult2_noise015.mat
Dataset_name: ['03_SimDaten_Quiroga2020', 'C_Difficult2_noise015.mat']
Variant_name: Variant_04_Offline_Autoencoder_QLearning
Visualisation_Path: AE_Model_2/Epochs//V4/Experiment_04/C_Difficult2_noise015.mat/Variant_04_Offline_Autoencoder_QLearning/2023_04_25-19_42_52
Split Ratio: 0.9
Epochs: 20
Batch Size: 1
Input Size: 47
Number of Features: 2
Chosen Model: Convolutional Autoencoder
ConvolutionalAutoencoder(
  (encoder): Sequential(
    (0): Conv1d(1, 6, kernel_size=(6,), stride=(1,))
    (1): LeakyReLU(negative_slope=0.01)
    (2): Conv1d(6, 1, kernel_size=(6,), stride=(1,))
    (3): Flatten(start_dim=1, end_dim=-1)
    (4): Linear(in_features=37, out_features=2, bias=True)
  )
  (decoder): Sequential(
    (0): ConvTranspose1d(1, 6, kernel_size=(6,), stride=(1,))
    (1): LeakyReLU(negative_slope=0.01)
    (2): ConvTranspose1d(6, 1, kernel_size=(6,), stride=(1,))
    (3): Flatten(start_dim=1, end_dim=-1)
    (4): Linear(in_features=12, out_features=47, bias=True)
  )
)
MSELoss()
Adam (
Parameter Group 0
    amsgrad: False
    betas: (0.9, 0.999)
    capturable: False
    differentiable: False
    eps: 1e-08
    foreach: None
    fused: False
    lr: 0.001
    maximize: False
    weight_decay: 0
)
---Q Learning Parameters---
Normalisation: False
Punishment Coefficient: 0.8
Alpha: 0.8
Epsilon: 0.01
Gamma: 0.97
Initial Episode Number: 0
Episode Number Coefficient: 1.4
Number of Random Features: 20
Planning Number: 20
Max Random Features: 60
New Episode Number: 72
New Episode Number: 143
New Episode Number: 215
New Episode Number: 286
                 0     1      2     3      4
new_cluster -11.48 -9.73 -20.01 -9.64 -11.38
c1          -11.82 -9.76 -20.16 -9.55 -11.57
c2          -11.82 -9.42 -20.66 -9.40 -12.04
c3          -11.82 -9.70 -20.15 -9.68 -11.16
c4          -11.82 -9.58 -21.78 -9.50 -11.62
\begin{tabular}{lrrrrr}
\toprule
{} &      0 &     1 &      2 &     3 &      4 \\
\midrule
new\_cluster & -11.48 & -9.73 & -20.01 & -9.64 & -11.38 \\
c1          & -11.82 & -9.76 & -20.16 & -9.55 & -11.57 \\
c2          & -11.82 & -9.42 & -20.66 & -9.40 & -12.04 \\
c3          & -11.82 & -9.70 & -20.15 & -9.68 & -11.16 \\
c4          & -11.82 & -9.58 & -21.78 & -9.50 & -11.62 \\
\bottomrule
\end{tabular}

                                0            1  ...            3            4
new_cluster  [-2.56, new_cluster]  [-0.55, c1]  ...  [-0.27, c3]  [-2.18, c4]
c1           [-2.56, new_cluster]  [-0.51, c1]  ...  [-0.21, c3]  [-2.35, c4]
c2           [-2.56, new_cluster]  [-0.41, c1]  ...  [-0.25, c3]  [-2.88, c4]
c3           [-2.56, new_cluster]  [-0.44, c1]  ...  [-0.41, c3]  [-2.23, c4]
c4           [-2.56, new_cluster]  [-0.45, c1]  ...  [-0.26, c3]  [-2.41, c4]

[5 rows x 5 columns]
\begin{tabular}{llllll}
\toprule
{} &                     0 &            1 &             2 &            3 &            4 \\
\midrule
new\_cluster &  [-2.56, new\_cluster] &  [-0.55, c1] &  [-10.91, c2] &  [-0.27, c3] &  [-2.18, c4] \\
c1          &  [-2.56, new\_cluster] &  [-0.51, c1] &  [-11.13, c2] &  [-0.21, c3] &  [-2.35, c4] \\
c2          &  [-2.56, new\_cluster] &  [-0.41, c1] &  [-11.56, c2] &  [-0.25, c3] &  [-2.88, c4] \\
c3          &  [-2.56, new\_cluster] &  [-0.44, c1] &  [-11.44, c2] &  [-0.41, c3] &  [-2.23, c4] \\
c4          &  [-2.56, new\_cluster] &  [-0.45, c1] &  [-12.68, c2] &  [-0.26, c3] &  [-2.41, c4] \\
\bottomrule
\end{tabular}

