Seed: 0
Experiment_path: AE_Model_2/Epochs_2_4_6_8_20/20_Experiment_05_Epochs
Dataset_Path: ../_00_Datasets/03_SimDaten_Quiroga2020/C_Easy1_noise025.mat
Dataset_name: ['03_SimDaten_Quiroga2020', 'C_Easy1_noise025.mat']
Variant_name: V05_Online_AE_QL
Visualisation_Path: AE_Model_2/Epochs_2_4_6_8_20/20_Experiment_05_Epochs/C_Easy1_noise025.mat/V05_Online_AE_QL/2023_05_11-01_28_48
Normalisation: False
Template Matching: False
Optimising Autoencoder: False
Update Factor: 1
Noisy Batches: False
Noisy Factor: 0.001
Epochs: 20
Batch Size: 1
maximal Spikes for Autoencoder Training : 700
maximal Spikes for Training: 1000
Input Size: 47
Chosen Model: Convolutional Autoencoder
ConvolutionalAutoencoder(
  (encoder): Sequential(
    (0): Conv1d(1, 6, kernel_size=(6,), stride=(1,))
    (1): LeakyReLU(negative_slope=0.01)
    (2): Conv1d(6, 1, kernel_size=(6,), stride=(1,))
    (3): Flatten(start_dim=1, end_dim=-1)
    (4): Linear(in_features=37, out_features=2, bias=True)
  )
  (decoder): Sequential(
    (0): ConvTranspose1d(1, 6, kernel_size=(6,), stride=(1,))
    (1): LeakyReLU(negative_slope=0.01)
    (2): ConvTranspose1d(6, 1, kernel_size=(6,), stride=(1,))
    (3): Flatten(start_dim=1, end_dim=-1)
    (4): Linear(in_features=12, out_features=47, bias=True)
  )
)
MSELoss()
Adam (
Parameter Group 0
    amsgrad: False
    betas: (0.9, 0.999)
    capturable: False
    differentiable: False
    eps: 1e-08
    foreach: None
    fused: False
    lr: 0.001
    maximize: False
    weight_decay: 0
)
---Q Learning Parameters---
Normalisation: False
Punishment Coefficient: 0.8
Alpha: 0.8
Epsilon: 0.01
Gamma: 0.97
Initial Episode Number: 0
Episode Number Coefficient: 1.4
Number of Random Features: 20
Planning Number: 20
Max Random Features: 60
New Episode Number: 72
New Episode Number: 143
New Episode Number: 215
New Episode Number: 286
                 0     1      2      3      4
new_cluster -10.62 -8.30  -9.72 -10.81 -15.51
c1          -10.62 -8.65  -9.94 -10.89 -15.47
c2          -10.61 -8.65  -9.95 -10.23 -15.65
c3          -10.62 -8.63 -10.04 -10.59 -15.47
c4          -10.62 -8.44 -10.13 -10.89 -15.49
\begin{tabular}{lrrrrr}
\toprule
{} &      0 &     1 &      2 &      3 &      4 \\
\midrule
new\_cluster & -10.62 & -8.30 &  -9.72 & -10.81 & -15.51 \\
c1          & -10.62 & -8.65 &  -9.94 & -10.89 & -15.47 \\
c2          & -10.61 & -8.65 &  -9.95 & -10.23 & -15.65 \\
c3          & -10.62 & -8.63 & -10.04 & -10.59 & -15.47 \\
c4          & -10.62 & -8.44 & -10.13 & -10.89 & -15.49 \\
\bottomrule
\end{tabular}

                                0            1  ...            3            4
new_cluster  [-2.56, new_cluster]  [-0.14, c1]  ...  [-2.44, c3]  [-7.29, c4]
c1           [-2.56, new_cluster]  [-0.26, c1]  ...  [-2.57, c3]  [-7.29, c4]
c2           [-2.56, new_cluster]  [-0.29, c1]  ...   [-2.1, c3]  [-7.29, c4]
c3           [-2.56, new_cluster]  [-0.23, c1]  ...  [-2.23, c3]  [-7.29, c4]
c4           [-2.56, new_cluster]  [-0.32, c1]  ...  [-2.52, c3]  [-7.29, c4]

[5 rows x 5 columns]
\begin{tabular}{llllll}
\toprule
{} &                     0 &            1 &            2 &            3 &            4 \\
\midrule
new\_cluster &  [-2.56, new\_cluster] &  [-0.14, c1] &   [-1.5, c2] &  [-2.44, c3] &  [-7.29, c4] \\
c1          &  [-2.56, new\_cluster] &  [-0.26, c1] &  [-1.55, c2] &  [-2.57, c3] &  [-7.29, c4] \\
c2          &  [-2.56, new\_cluster] &  [-0.29, c1] &  [-1.73, c2] &   [-2.1, c3] &  [-7.29, c4] \\
c3          &  [-2.56, new\_cluster] &  [-0.23, c1] &  [-1.68, c2] &  [-2.23, c3] &  [-7.29, c4] \\
c4          &  [-2.56, new\_cluster] &  [-0.32, c1] &  [-1.77, c2] &  [-2.52, c3] &  [-7.29, c4] \\
\bottomrule
\end{tabular}

