Experiment_path: AE_Model_2/Random_Seeds//V2/Experiment_02_4
Dataset_Path: ../_00_Datasets/03_SimDaten_Quiroga2020/C_Easy1_noise025.mat
Dataset_name: ['03_SimDaten_Quiroga2020', 'C_Easy1_noise025.mat']
Variant_name: Variant_02_Autoencoder_KMeans
Visualisation_Path: Random_Seeds//V2/Experiment_02_4/C_Easy1_noise025.mat/Variant_02_Autoencoder_KMeans/2023_04_20-20_32_21
<_01_LoadDataset.ExternCode.spike_class.spike_dataclass object at 0x000001B91B222278>
Sampling rate: 24000.0
Raw: [-0.1861928  -0.15538047 -0.11159897 ... -0.04566289 -0.07495693
 -0.11387027]
Times: [    288     764     962 ... 1439565 1439599 1439750]
Cluster: [2 1 1 ... 1 2 3]
Number of different clusters:  3
Number of Spikes: 3298
First aligned Spike Frame: [ 0.30343498  0.30504401  0.30003499  0.28306832  0.25612953  0.20234245
  0.11026158  0.00607927 -0.07206812 -0.11511366 -0.12845949 -0.13294027
 -0.18390234 -0.33132976 -0.53531084 -0.64122966 -0.43321471  0.14319913
  0.78508862  1.13178271  1.12964756  0.95557126  0.768731    0.62108183
  0.50039946  0.39401216  0.30447426  0.22854935  0.15922545  0.09984913
  0.06405489  0.05593058  0.05062423  0.00682243 -0.07060307 -0.1367616
 -0.15929316 -0.15555753 -0.15669153 -0.16914157 -0.17192467 -0.15578403
 -0.14071413 -0.14785593 -0.17738608 -0.22110055 -0.28163013]
Cluster 0, Occurrences: 1094
Cluster 1, Occurrences: 1089
Cluster 2, Occurrences: 1115
<torch.utils.data.dataloader.DataLoader object at 0x000001B91CEF34E0>
Epoch [1/8]: mean_loss=0.0005911415541096121
Epoch [2/8]: mean_loss=0.0004044758966966352
Epoch [3/8]: mean_loss=0.0004131737904450328
Epoch [4/8]: mean_loss=0.00039604255531984
Epoch [5/8]: mean_loss=0.00039535569221350625
Epoch [6/8]: mean_loss=0.000382116205906727
Epoch [7/8]: mean_loss=0.0003813918182381252
Epoch [8/8]: mean_loss=0.00038405617285607946
Number of Clusters: 3
Number of Samples after Autoencoder testing: 3298
First Spike after testing: [-1.362586  1.400185]
[1 0 0 ... 0 1 2]
[1 2 2 ... 2 1 0]
Cluster 0 Occurrences: 1094; KMEANS: 1131
Cluster 1 Occurrences: 1089; KMEANS: 1085
Cluster 2 Occurrences: 1115; KMEANS: 1082
Centroids: [[3.2048895, -0.3965699], [-1.8746811, 2.2393236], [0.4647744, -3.118225]]
Centroids: [[0.4758087, -3.1210577], [-1.8964722, 2.2462702], [3.2369478, -0.35058385]]
Contingency Matrix: 
[[  23    0 1071]
 [   2 1082    5]
 [1106    3    6]]
[[23, 0, 1071], [2, 1082, 5], [1106, 3, 6]]
[[23, 0, 1071], [2, 1082, 5], [1106, 3, 6]]
[0, 1, 2]
[[-1, 0, 1071], [-1, 1082, 5], [-1, -1, -1]]
[[-1, -1, 1071], [-1, -1, -1], [-1, -1, -1]]
[[-1, -1, -1], [-1, -1, -1], [-1, -1, -1]]
Match_Labels: {2: 0, 1: 1, 0: 2}
New Contingency Matrix: 
[[1071    0   23]
 [   5 1082    2]
 [   6    3 1106]]
New Clustered Label Sequence: [2, 1, 0]
Diagonal_Elements: [1071, 1082, 1106], Sum: 3259
All_Elements: [1071, 0, 23, 5, 1082, 2, 6, 3, 1106], Sum: 3298
Accuracy: 0.9881746513038205
