Seed: 4
Experiment_path: Random_Seeds_DV5//V5_2/Experiment_05_4_opt_temp
Dataset_Path: ../_00_Datasets/03_SimDaten_Quiroga2020/C_Easy2_noise015.mat
Dataset_name: ['03_SimDaten_Quiroga2020', 'C_Easy2_noise015.mat']
Variant_name: Variant_05_Online_Autoencoder_QLearning_opt_temp
Visualisation_Path: Random_Seeds_DV5//V5_2/Experiment_05_4_opt_temp/C_Easy2_noise015.mat/Variant_05_Online_Autoencoder_QLearning_opt_temp/2023_04_05-09_32_37
Normalisation: False
Template Matching: True
Optimising Autoencoder: True
Update Factor: 100
Noisy Batches: False
Noisy Factor: 0.1
Epochs: 8
Batch Size: 1
maximal Spikes for Autoencoder Training : 700
maximal Spikes for Training: 1000
Input Size: 47
Chosen Model: Autoencoder
Autoencoder(
  (encoder): Sequential(
    (0): Linear(in_features=47, out_features=12, bias=True)
    (1): LeakyReLU(negative_slope=0.01)
    (2): Linear(in_features=12, out_features=2, bias=True)
  )
  (decoder): Sequential(
    (0): Linear(in_features=2, out_features=12, bias=True)
    (1): LeakyReLU(negative_slope=0.01)
    (2): Linear(in_features=12, out_features=47, bias=True)
  )
)
MSELoss()
Adam (
Parameter Group 0
    amsgrad: False
    betas: (0.9, 0.999)
    capturable: False
    differentiable: False
    eps: 1e-08
    foreach: None
    fused: False
    lr: 0.001
    maximize: False
    weight_decay: 0
)
---Q Learning Parameters---
Normalisation: False
Punishment Coefficient: 0.59
Alpha: 0.8
Epsilon: 0.01
Gamma: 0.97
Initial Episode Number: 0
Episode Number Coefficient: 1.4
Number of Random Features: 20
Planning Number: 20
Max Random Features: 60
New Episode Number: 72
New Episode Number: 143
New Episode Number: 215
New Episode Number: 286
New Episode Number: 358
                0      1     2     3     4     5
new_cluster -9.60 -14.50 -8.94 -8.85 -8.46 -8.68
c1          -9.58 -14.98 -8.56 -9.00 -8.02 -8.77
c2          -9.27 -14.87 -8.63 -8.91 -8.10 -8.63
c3          -9.59 -14.48 -8.73 -8.96 -8.30 -8.59
c4          -9.60 -14.61 -8.91 -9.01 -7.91 -8.79
c5          -9.58 -14.10 -8.74 -8.96 -7.99 -8.60
                                0            1  ...            4            5
new_cluster  [-1.39, new_cluster]  [-6.72, c1]  ...  [-0.49, c4]  [-0.94, c5]
c1           [-1.39, new_cluster]  [-7.17, c1]  ...  [-0.15, c4]  [-1.02, c5]
c2           [-1.39, new_cluster]  [-7.08, c1]  ...  [-0.28, c4]  [-0.89, c5]
c3           [-1.39, new_cluster]  [-6.72, c1]  ...  [-0.49, c4]  [-0.93, c5]
c4           [-1.39, new_cluster]  [-6.85, c1]  ...  [-0.16, c4]  [-1.03, c5]
c5           [-1.39, new_cluster]  [-6.31, c1]  ...  [-0.15, c4]  [-0.85, c5]

[6 rows x 6 columns]
