Seed: 0
Experiment_path: Experiment_05
Dataset_Path: ../_00_Datasets/03_SimDaten_Quiroga2020/C_Burst_Easy2_noise015.mat
Dataset_name: ['03_SimDaten_Quiroga2020', 'C_Burst_Easy2_noise015.mat']
Variant_name: Variant_05_Online_Autoencoder_QLearning
Visualisation_Path: Grid_Search_PC//V5/C_Burst_Easy2_noise015.mat/Variant_05_Online_Autoencoder_QLearning/2023_04_07-21_12_27
Normalisation: False
Template Matching: False
Optimising Autoencoder: False
Update Factor: 100
Noisy Batches: False
Noisy Factor: 0.1
Epochs: 8
Batch Size: 1
maximal Spikes for Autoencoder Training : 700
maximal Spikes for Training: 1000
Input Size: 47
Chosen Model: Autoencoder
Autoencoder(
  (encoder): Sequential(
    (0): Linear(in_features=47, out_features=12, bias=True)
    (1): LeakyReLU(negative_slope=0.01)
    (2): Linear(in_features=12, out_features=2, bias=True)
  )
  (decoder): Sequential(
    (0): Linear(in_features=2, out_features=12, bias=True)
    (1): LeakyReLU(negative_slope=0.01)
    (2): Linear(in_features=12, out_features=47, bias=True)
  )
)
MSELoss()
Adam (
Parameter Group 0
    amsgrad: False
    betas: (0.9, 0.999)
    capturable: False
    differentiable: False
    eps: 1e-08
    foreach: None
    fused: False
    lr: 0.001
    maximize: False
    weight_decay: 0
)
---Q Learning Parameters---
Normalisation: False
Punishment Coefficient: 0.4000000000000001
Alpha: 0.8
Epsilon: 0.01
Gamma: 0.97
Initial Episode Number: 0
Episode Number Coefficient: 1.4
Number of Random Features: 20
Planning Number: 20
Max Random Features: 60
New Episode Number: 72
New Episode Number: 143
New Episode Number: 215
New Episode Number: 286
New Episode Number: 358
New Episode Number: 429
New Episode Number: 500
New Episode Number: 572
New Episode Number: 643
New Episode Number: 715
New Episode Number: 786
               0      1     2     3      4   ...    7     8      9     10     11
new_cluster -7.68 -12.72 -8.49 -7.61 -14.09  ... -7.26 -9.16 -21.87 -9.47 -16.60
c1          -7.68 -12.99 -8.19 -7.65 -13.85  ... -7.24 -9.31 -21.82 -9.40 -16.61
c2          -7.68 -12.68 -8.44 -7.70 -14.14  ... -7.39 -9.35 -21.82 -9.35 -16.44
c3          -7.68 -13.01 -8.37 -7.71 -14.06  ... -7.33 -9.31 -21.81 -9.39 -16.60
c4          -7.57 -13.44 -8.55 -7.64 -13.81  ... -7.29 -9.31 -21.82 -9.62 -16.60
c5          -7.66 -13.05 -8.37 -7.69 -14.00  ... -7.38 -9.33 -21.82 -9.65 -16.62
c6          -7.68 -13.35 -8.62 -7.48 -14.10  ... -7.39 -9.24 -21.95 -9.29 -16.52
c7          -7.68 -12.95 -8.38 -7.53 -13.96  ... -7.32 -9.35 -21.82 -9.62 -16.60
c8          -7.67 -13.22 -8.41 -7.59 -14.14  ... -7.28 -9.16 -21.92 -9.35 -16.61
c9          -7.68 -13.21 -8.52 -7.68 -13.94  ... -7.41 -9.33 -21.94 -9.31 -16.61
c10         -7.68 -13.20 -8.33 -7.74 -13.83  ... -7.33 -9.23 -21.95 -9.55 -16.58
c11         -7.68 -13.05 -8.59 -7.63 -14.01  ... -7.43 -9.16 -21.93 -9.41 -16.60

[12 rows x 12 columns]
\begin{tabular}{lrrrrrrrrrrrr}
\toprule
{} &    0  &     1  &    2  &    3  &     4  &    5  &    6  &    7  &    8  &     9  &    10 &     11 \\
\midrule
new\_cluster & -7.68 & -12.72 & -8.49 & -7.61 & -14.09 & -7.26 & -8.09 & -7.26 & -9.16 & -21.87 & -9.47 & -16.60 \\
c1          & -7.68 & -12.99 & -8.19 & -7.65 & -13.85 & -7.32 & -7.81 & -7.24 & -9.31 & -21.82 & -9.40 & -16.61 \\
c2          & -7.68 & -12.68 & -8.44 & -7.70 & -14.14 & -7.32 & -7.84 & -7.39 & -9.35 & -21.82 & -9.35 & -16.44 \\
c3          & -7.68 & -13.01 & -8.37 & -7.71 & -14.06 & -7.25 & -7.99 & -7.33 & -9.31 & -21.81 & -9.39 & -16.60 \\
c4          & -7.57 & -13.44 & -8.55 & -7.64 & -13.81 & -7.25 & -7.88 & -7.29 & -9.31 & -21.82 & -9.62 & -16.60 \\
c5          & -7.66 & -13.05 & -8.37 & -7.69 & -14.00 & -7.34 & -7.94 & -7.38 & -9.33 & -21.82 & -9.65 & -16.62 \\
c6          & -7.68 & -13.35 & -8.62 & -7.48 & -14.10 & -7.25 & -7.91 & -7.39 & -9.24 & -21.95 & -9.29 & -16.52 \\
c7          & -7.68 & -12.95 & -8.38 & -7.53 & -13.96 & -7.30 & -8.15 & -7.32 & -9.35 & -21.82 & -9.62 & -16.60 \\
c8          & -7.67 & -13.22 & -8.41 & -7.59 & -14.14 & -7.30 & -7.88 & -7.28 & -9.16 & -21.92 & -9.35 & -16.61 \\
c9          & -7.68 & -13.21 & -8.52 & -7.68 & -13.94 & -7.34 & -8.02 & -7.41 & -9.33 & -21.94 & -9.31 & -16.61 \\
c10         & -7.68 & -13.20 & -8.33 & -7.74 & -13.83 & -7.23 & -8.01 & -7.33 & -9.23 & -21.95 & -9.55 & -16.58 \\
c11         & -7.68 & -13.05 & -8.59 & -7.63 & -14.01 & -7.24 & -7.81 & -7.43 & -9.16 & -21.93 & -9.41 & -16.60 \\
\bottomrule
\end{tabular}

                               0            1   ...            10           11
new_cluster  [-0.64, new_cluster]  [-5.72, c1]  ...  [-2.47, c10]  [-9.6, c11]
c1           [-0.64, new_cluster]  [-6.09, c1]  ...   [-2.4, c10]  [-9.6, c11]
c2           [-0.64, new_cluster]  [-5.78, c1]  ...  [-2.36, c10]  [-9.6, c11]
c3           [-0.64, new_cluster]  [-6.11, c1]  ...  [-2.45, c10]  [-9.6, c11]
c4           [-0.64, new_cluster]  [-6.53, c1]  ...  [-2.61, c10]  [-9.6, c11]
c5           [-0.64, new_cluster]  [-6.14, c1]  ...  [-2.64, c10]  [-9.6, c11]
c6           [-0.64, new_cluster]  [-6.44, c1]  ...  [-2.36, c10]  [-9.6, c11]
c7           [-0.64, new_cluster]  [-5.95, c1]  ...  [-2.61, c10]  [-9.6, c11]
c8           [-0.64, new_cluster]   [-6.2, c1]  ...  [-2.34, c10]  [-9.6, c11]
c9           [-0.64, new_cluster]   [-6.2, c1]  ...  [-2.31, c10]  [-9.6, c11]
c10          [-0.64, new_cluster]  [-6.19, c1]  ...  [-2.54, c10]  [-9.6, c11]
c11          [-0.64, new_cluster]  [-6.05, c1]  ...  [-2.49, c10]  [-9.6, c11]

[12 rows x 12 columns]
\begin{tabular}{lllllllllllll}
\toprule
{} &                    0  &           1  &           2  &           3  &           4  &           5  &           6  &           7  &           8  &            9  &            10 &           11 \\
\midrule
new\_cluster &  [-0.64, new\_cluster] &  [-5.72, c1] &  [-1.49, c2] &  [-0.63, c3] &  [-7.18, c4] &  [-0.25, c5] &  [-1.08, c6] &  [-0.32, c7] &  [-2.29, c8] &  [-14.83, c9] &  [-2.47, c10] &  [-9.6, c11] \\
c1          &  [-0.64, new\_cluster] &  [-6.09, c1] &  [-1.26, c2] &  [-0.63, c3] &  [-6.89, c4] &   [-0.2, c5] &  [-0.92, c6] &   [-0.2, c7] &  [-2.29, c8] &  [-14.83, c9] &   [-2.4, c10] &  [-9.6, c11] \\
c2          &  [-0.64, new\_cluster] &  [-5.78, c1] &  [-1.42, c2] &  [-0.71, c3] &  [-7.12, c4] &  [-0.21, c5] &  [-0.95, c6] &  [-0.33, c7] &  [-2.29, c8] &  [-14.83, c9] &  [-2.36, c10] &  [-9.6, c11] \\
c3          &  [-0.64, new\_cluster] &  [-6.11, c1] &  [-1.34, c2] &  [-0.72, c3] &   [-7.1, c4] &  [-0.17, c5] &  [-0.98, c6] &  [-0.29, c7] &  [-2.29, c8] &  [-14.83, c9] &  [-2.45, c10] &  [-9.6, c11] \\
c4          &  [-0.64, new\_cluster] &  [-6.53, c1] &  [-1.52, c2] &  [-0.66, c3] &  [-6.79, c4] &  [-0.23, c5] &  [-0.99, c6] &  [-0.23, c7] &  [-2.29, c8] &  [-14.83, c9] &  [-2.61, c10] &  [-9.6, c11] \\
c5          &  [-0.64, new\_cluster] &  [-6.14, c1] &  [-1.34, c2] &   [-0.7, c3] &  [-7.04, c4] &  [-0.28, c5] &  [-1.05, c6] &   [-0.3, c7] &  [-2.29, c8] &  [-14.83, c9] &  [-2.64, c10] &  [-9.6, c11] \\
c6          &  [-0.64, new\_cluster] &  [-6.44, c1] &  [-1.59, c2] &   [-0.5, c3] &  [-7.08, c4] &  [-0.19, c5] &  [-1.02, c6] &  [-0.32, c7] &  [-2.29, c8] &  [-14.83, c9] &  [-2.36, c10] &  [-9.6, c11] \\
c7          &  [-0.64, new\_cluster] &  [-5.95, c1] &  [-1.36, c2] &  [-0.64, c3] &  [-7.05, c4] &  [-0.18, c5] &  [-1.14, c6] &  [-0.31, c7] &  [-2.29, c8] &  [-14.83, c9] &  [-2.61, c10] &  [-9.6, c11] \\
c8          &  [-0.64, new\_cluster] &   [-6.2, c1] &   [-1.4, c2] &  [-0.58, c3] &  [-7.12, c4] &  [-0.19, c5] &   [-1.0, c6] &  [-0.33, c7] &  [-2.29, c8] &  [-14.83, c9] &  [-2.34, c10] &  [-9.6, c11] \\
c9          &  [-0.64, new\_cluster] &   [-6.2, c1] &   [-1.5, c2] &  [-0.72, c3] &  [-6.92, c4] &  [-0.24, c5] &  [-1.02, c6] &  [-0.33, c7] &  [-2.29, c8] &  [-14.83, c9] &  [-2.31, c10] &  [-9.6, c11] \\
c10         &  [-0.64, new\_cluster] &  [-6.19, c1] &   [-1.3, c2] &  [-0.77, c3] &  [-6.89, c4] &  [-0.24, c5] &  [-0.98, c6] &  [-0.29, c7] &  [-2.29, c8] &  [-14.83, c9] &  [-2.54, c10] &  [-9.6, c11] \\
c11         &  [-0.64, new\_cluster] &  [-6.05, c1] &  [-1.58, c2] &  [-0.65, c3] &  [-6.99, c4] &  [-0.15, c5] &  [-0.92, c6] &  [-0.42, c7] &  [-2.29, c8] &  [-14.83, c9] &  [-2.49, c10] &  [-9.6, c11] \\
\bottomrule
\end{tabular}

