Seed: 8
Experiment_path: AE_Model_2/Random_Seeds//V5/Experiment_05_8
Dataset_Path: ../_00_Datasets/03_SimDaten_Quiroga2020/C_Easy2_noise015.mat
Dataset_name: ['03_SimDaten_Quiroga2020', 'C_Easy2_noise015.mat']
Variant_name: Variant_05_Online_Autoencoder_QLearning
Visualisation_Path: Random_Seeds//V5/Experiment_05_8/C_Easy2_noise015.mat/Variant_05_Online_Autoencoder_QLearning/2023_04_21-15_04_27
Normalisation: False
Template Matching: False
Optimising Autoencoder: False
Update Factor: 1
Noisy Batches: False
Noisy Factor: 0.1
Epochs: 8
Batch Size: 1
maximal Spikes for Autoencoder Training : 700
maximal Spikes for Training: 1000
Input Size: 47
Chosen Model: Convolutional Autoencoder
ConvolutionalAutoencoder(
  (encoder): Sequential(
    (0): Conv1d(1, 6, kernel_size=(6,), stride=(1,))
    (1): LeakyReLU(negative_slope=0.01)
    (2): Conv1d(6, 1, kernel_size=(6,), stride=(1,))
    (3): Flatten(start_dim=1, end_dim=-1)
    (4): Linear(in_features=37, out_features=2, bias=True)
  )
  (decoder): Sequential(
    (0): ConvTranspose1d(1, 6, kernel_size=(6,), stride=(1,))
    (1): LeakyReLU(negative_slope=0.01)
    (2): ConvTranspose1d(6, 1, kernel_size=(6,), stride=(1,))
    (3): Flatten(start_dim=1, end_dim=-1)
    (4): Linear(in_features=12, out_features=47, bias=True)
  )
)
MSELoss()
Adam (
Parameter Group 0
    amsgrad: False
    betas: (0.9, 0.999)
    capturable: False
    differentiable: False
    eps: 1e-08
    foreach: None
    fused: False
    lr: 0.001
    maximize: False
    weight_decay: 0
)
---Q Learning Parameters---
Normalisation: False
Punishment Coefficient: 1.0
Alpha: 0.8
Epsilon: 0.01
Gamma: 0.97
Initial Episode Number: 0
Episode Number Coefficient: 1.4
Number of Random Features: 20
Planning Number: 20
Max Random Features: 60
New Episode Number: 72
New Episode Number: 143
New Episode Number: 215
                 0      1      2      3
new_cluster -19.11 -22.72 -15.15 -16.96
c1          -19.10 -22.49 -14.90 -16.58
c2          -18.78 -23.09 -14.87 -16.78
c3          -19.12 -23.37 -15.26 -16.98
\begin{tabular}{lrrrr}
\toprule
{} &      0 &      1 &      2 &      3 \\
\midrule
new\_cluster & -19.11 & -22.72 & -15.15 & -16.96 \\
c1          & -19.10 & -22.49 & -14.90 & -16.58 \\
c2          & -18.78 & -23.09 & -14.87 & -16.78 \\
c3          & -19.12 & -23.37 & -15.26 & -16.98 \\
\bottomrule
\end{tabular}

                               0            1            2            3
new_cluster  [-4.0, new_cluster]  [-8.11, c1]  [-0.51, c2]  [-1.59, c3]
c1           [-4.0, new_cluster]  [-7.59, c1]  [-0.34, c2]  [-1.21, c3]
c2           [-4.0, new_cluster]  [-8.18, c1]   [-0.3, c2]  [-1.41, c3]
c3           [-4.0, new_cluster]  [-8.77, c1]  [-0.58, c2]  [-1.61, c3]
\begin{tabular}{lllll}
\toprule
{} &                    0 &            1 &            2 &            3 \\
\midrule
new\_cluster &  [-4.0, new\_cluster] &  [-8.11, c1] &  [-0.51, c2] &  [-1.59, c3] \\
c1          &  [-4.0, new\_cluster] &  [-7.59, c1] &  [-0.34, c2] &  [-1.21, c3] \\
c2          &  [-4.0, new\_cluster] &  [-8.18, c1] &   [-0.3, c2] &  [-1.41, c3] \\
c3          &  [-4.0, new\_cluster] &  [-8.77, c1] &  [-0.58, c2] &  [-1.61, c3] \\
\bottomrule
\end{tabular}

