Seed: 3
Experiment_path: Random_Seeds//V3/Experiment_03_3
Dataset_Path: ../_00_Datasets/03_SimDaten_Quiroga2020/C_Difficult2_noise005.mat
Dataset_name: ['03_SimDaten_Quiroga2020', 'C_Difficult2_noise005.mat']
Variant_name: Variant_03_PCA_QLearning
Visualisation_Path: Random_Seeds//V3/Experiment_03_3/C_Difficult2_noise005.mat/Variant_03_PCA_QLearning/2023_03_22-09_56_55
PCA Components: 2
Q Learning Size: 300
---Q Learning Parameters---
Normalisation: False
Punishment Coefficient: 0.6
Alpha: 0.8
Epsilon: 0.01
Gamma: 0.97
Initial Episode Number: 0
Episode Number Coefficient: 1.4
Number of Random Features: 20
Planning Number: 20
Max Random Features: 60
New Episode Number: 72
New Episode Number: 143
New Episode Number: 215
New Episode Number: 286
New Episode Number: 358
New Episode Number: 429
New Episode Number: 500
                0      1     2      3     4     5     6     7
new_cluster -1.85 -11.08 -0.42 -16.23 -6.71 -1.55 -2.11 -4.15
c1          -1.85 -11.57 -0.42 -16.37 -6.83 -2.88 -2.11 -4.15
c2          -1.85 -11.69 -0.42 -16.85 -6.80 -1.79 -2.11 -4.15
c3          -1.85 -11.31 -0.42 -17.11 -6.65 -2.37 -2.12 -4.15
c4          -1.84 -11.27 -0.41 -16.91 -6.42 -2.57 -2.11 -4.15
c5          -1.85 -11.29 -0.42 -17.30 -6.79 -2.10 -2.11 -4.15
c6          -1.85 -11.63 -0.41 -16.80 -6.46 -2.38 -2.11 -4.15
c7          -1.85 -11.40 -0.41 -16.85 -6.78 -2.08 -2.11 -4.15
                                0             1  ...            6            7
new_cluster  [-1.44, new_cluster]  [-10.68, c1]  ...  [-1.72, c6]  [-3.76, c7]
c1           [-1.44, new_cluster]  [-11.17, c1]  ...  [-1.72, c6]  [-3.76, c7]
c2           [-1.44, new_cluster]  [-11.28, c1]  ...  [-1.72, c6]  [-3.76, c7]
c3           [-1.44, new_cluster]   [-10.9, c1]  ...  [-1.72, c6]  [-3.76, c7]
c4           [-1.44, new_cluster]  [-10.87, c1]  ...  [-1.72, c6]  [-3.76, c7]
c5           [-1.44, new_cluster]  [-10.89, c1]  ...  [-1.72, c6]  [-3.76, c7]
c6           [-1.44, new_cluster]  [-11.23, c1]  ...  [-1.72, c6]  [-3.76, c7]
c7           [-1.44, new_cluster]   [-11.0, c1]  ...  [-1.72, c6]  [-3.76, c7]

[8 rows x 8 columns]
