Experiment_path: AE_Model_2/Epochs//V2/Experiment_02
Dataset_Path: ../_00_Datasets/03_SimDaten_Quiroga2020/C_Easy1_noise040.mat
Dataset_name: ['03_SimDaten_Quiroga2020', 'C_Easy1_noise040.mat']
Variant_name: Variant_02_Autoencoder_KMeans
Visualisation_Path: AE_Model_2/Epochs//V2/Experiment_02/C_Easy1_noise040.mat/Variant_02_Autoencoder_KMeans/2023_04_25-16_44_18
<_01_LoadDataset.ExternCode.spike_class.spike_dataclass object at 0x00000203804E6EF0>
Sampling rate: 24000.0
Raw: [ 0.09290294  0.20189621  0.33053674 ... -0.20677271 -0.1502611
 -0.11999569]
Times: [    239     439     824 ... 1439203 1439286 1439464]
Cluster: [1 3 1 ... 3 1 2]
Number of different clusters:  3
Number of Spikes: 3386
First aligned Spike Frame: [ 0.35272875  0.22782651  0.09804678  0.0330907   0.01763465 -0.00716808
 -0.07676483 -0.17393839 -0.25156268 -0.27611297 -0.26424986 -0.2572748
 -0.14070033  0.3091543   0.84618672  0.8657919   0.33633627 -0.19287563
 -0.36620283 -0.28464978 -0.16625656 -0.0936908  -0.03935964  0.02291416
  0.0699242   0.05739865 -0.02453232 -0.1465012  -0.24130255 -0.27021376
 -0.25598501 -0.22429694 -0.17333633 -0.09081612  0.03499496  0.1799287
  0.31672358  0.42401557  0.47266498  0.4416574   0.34587776  0.22594898
  0.10664098 -0.02537482 -0.17575272 -0.29850509 -0.34589514]
Cluster 0, Occurrences: 1079
Cluster 1, Occurrences: 1158
Cluster 2, Occurrences: 1149
<torch.utils.data.dataloader.DataLoader object at 0x00000203896097F0>
Epoch [1/12]: mean_loss=0.0014660844333993564
Epoch [2/12]: mean_loss=0.0012493307124086196
Epoch [3/12]: mean_loss=0.001235541616106044
Epoch [4/12]: mean_loss=0.0011220160771075501
Epoch [5/12]: mean_loss=0.0010611407934070266
Epoch [6/12]: mean_loss=0.0010412453510949791
Epoch [7/12]: mean_loss=0.0010336260685374838
Epoch [8/12]: mean_loss=0.0010275438260694122
Epoch [9/12]: mean_loss=0.001022112860283289
Epoch [10/12]: mean_loss=0.0010147770705571805
Epoch [11/12]: mean_loss=0.0010061134194775897
Epoch [12/12]: mean_loss=0.0010030234861861513
Number of Clusters: 3
Number of Samples after Autoencoder testing: 3386
First Spike after testing: [-0.9661055  2.2701263]
[0 2 0 ... 2 0 1]
[0 2 0 ... 2 0 1]
Cluster 0 Occurrences: 1079; KMEANS: 1090
Cluster 1 Occurrences: 1158; KMEANS: 1223
Cluster 2 Occurrences: 1149; KMEANS: 1073
Centroids: [[-0.91688734, 2.5008783], [-0.121314146, -2.4557426], [1.0319397, 2.6789603]]
Centroids: [[-0.9518392, 2.505109], [-0.04353738, -2.389607], [1.0686362, 2.9121563]]
Contingency Matrix: 
[[1011    0   68]
 [   4 1151    3]
 [  75   72 1002]]
[[1011, 0, 68], [4, 1151, 3], [75, 72, 1002]]
[[1011, 0, 68], [4, 1151, 3], [75, 72, 1002]]
[0, 1, 2]
[[1011, -1, 68], [-1, -1, -1], [75, -1, 1002]]
[[-1, -1, -1], [-1, -1, -1], [-1, -1, 1002]]
[[-1, -1, -1], [-1, -1, -1], [-1, -1, -1]]
Match_Labels: {1: 1, 0: 0, 2: 2}
New Contingency Matrix: 
[[1011    0   68]
 [   4 1151    3]
 [  75   72 1002]]
New Clustered Label Sequence: [0, 1, 2]
Diagonal_Elements: [1011, 1151, 1002], Sum: 3164
All_Elements: [1011, 0, 68, 4, 1151, 3, 75, 72, 1002], Sum: 3386
Accuracy: 0.9344359125812167
