Seed: 9
Experiment_path: AE_Model_2/Random_Seeds_DV5//V5_1/Experiment_05_9_opt
Dataset_Path: ../_00_Datasets/03_SimDaten_Quiroga2020/C_Easy1_noise025.mat
Dataset_name: ['03_SimDaten_Quiroga2020', 'C_Easy1_noise025.mat']
Variant_name: Variant_05_Online_Autoencoder_QLearning_opt
Visualisation_Path: AE_Model_2/Random_Seeds_DV5//V5_1/Experiment_05_9_opt/C_Easy1_noise025.mat/Variant_05_Online_Autoencoder_QLearning_opt/2023_04_24-15_34_27
Normalisation: False
Template Matching: False
Optimising Autoencoder: True
Update Factor: 1
Noisy Batches: False
Noisy Factor: 0.1
Epochs: 8
Batch Size: 1
maximal Spikes for Autoencoder Training : 700
maximal Spikes for Training: 1000
Input Size: 47
Chosen Model: Convolutional Autoencoder
ConvolutionalAutoencoder(
  (encoder): Sequential(
    (0): Conv1d(1, 6, kernel_size=(6,), stride=(1,))
    (1): LeakyReLU(negative_slope=0.01)
    (2): Conv1d(6, 1, kernel_size=(6,), stride=(1,))
    (3): Flatten(start_dim=1, end_dim=-1)
    (4): Linear(in_features=37, out_features=2, bias=True)
  )
  (decoder): Sequential(
    (0): ConvTranspose1d(1, 6, kernel_size=(6,), stride=(1,))
    (1): LeakyReLU(negative_slope=0.01)
    (2): ConvTranspose1d(6, 1, kernel_size=(6,), stride=(1,))
    (3): Flatten(start_dim=1, end_dim=-1)
    (4): Linear(in_features=12, out_features=47, bias=True)
  )
)
MSELoss()
Adam (
Parameter Group 0
    amsgrad: False
    betas: (0.9, 0.999)
    capturable: False
    differentiable: False
    eps: 1e-08
    foreach: None
    fused: False
    lr: 0.001
    maximize: False
    weight_decay: 0
)
---Q Learning Parameters---
Normalisation: False
Punishment Coefficient: 1.2
Alpha: 0.8
Epsilon: 0.01
Gamma: 0.97
Initial Episode Number: 0
Episode Number Coefficient: 1.4
Number of Random Features: 20
Planning Number: 20
Max Random Features: 60
New Episode Number: 72
New Episode Number: 143
New Episode Number: 215
New Episode Number: 286
New Episode Number: 358
New Episode Number: 429
                0     1      2     3      4     5      6
new_cluster -7.39 -1.61 -10.71 -9.04 -10.56 -2.97 -20.97
c1          -7.40 -1.54 -10.63 -9.30 -10.34 -2.90 -22.47
c2          -7.32 -1.64 -11.12 -8.93 -10.05 -3.00 -20.92
c3          -7.32 -1.62 -11.37 -9.08 -10.02 -3.20 -20.13
c4          -7.32 -1.51 -11.85 -8.95  -9.26 -2.85 -20.17
c5          -7.34 -1.64 -11.60 -9.43 -10.14 -2.74 -20.20
c6          -7.40 -1.59 -11.22 -9.14  -9.13 -2.76 -21.90
\begin{tabular}{lrrrrrrr}
\toprule
{} &     0 &     1 &      2 &     3 &      4 &     5 &      6 \\
\midrule
new\_cluster & -7.39 & -1.61 & -10.71 & -9.04 & -10.56 & -2.97 & -20.97 \\
c1          & -7.40 & -1.54 & -10.63 & -9.30 & -10.34 & -2.90 & -22.47 \\
c2          & -7.32 & -1.64 & -11.12 & -8.93 & -10.05 & -3.00 & -20.92 \\
c3          & -7.32 & -1.62 & -11.37 & -9.08 & -10.02 & -3.20 & -20.13 \\
c4          & -7.32 & -1.51 & -11.85 & -8.95 &  -9.26 & -2.85 & -20.17 \\
c5          & -7.34 & -1.64 & -11.60 & -9.43 & -10.14 & -2.74 & -20.20 \\
c6          & -7.40 & -1.59 & -11.22 & -9.14 &  -9.13 & -2.76 & -21.90 \\
\bottomrule
\end{tabular}

                                0            1  ...            5             6
new_cluster  [-5.76, new_cluster]  [-0.05, c1]  ...  [-1.37, c5]  [-19.42, c6]
c1           [-5.76, new_cluster]  [-0.01, c1]  ...  [-1.31, c5]   [-20.9, c6]
c2           [-5.76, new_cluster]  [-0.08, c1]  ...  [-1.41, c5]  [-19.36, c6]
c3           [-5.76, new_cluster]   [-0.1, c1]  ...  [-1.61, c5]  [-18.59, c6]
c4           [-5.76, new_cluster]  [-0.01, c1]  ...  [-1.25, c5]   [-18.6, c6]
c5           [-5.76, new_cluster]  [-0.08, c1]  ...  [-1.15, c5]  [-18.65, c6]
c6           [-5.76, new_cluster]  [-0.01, c1]  ...  [-1.15, c5]  [-20.33, c6]

[7 rows x 7 columns]
\begin{tabular}{llllllll}
\toprule
{} &                     0 &            1 &             2 &            3 &            4 &            5 &             6 \\
\midrule
new\_cluster &  [-5.76, new\_cluster] &  [-0.05, c1] &   [-9.12, c2] &  [-7.35, c3] &  [-9.02, c4] &  [-1.37, c5] &  [-19.42, c6] \\
c1          &  [-5.76, new\_cluster] &  [-0.01, c1] &   [-9.04, c2] &   [-7.7, c3] &  [-8.84, c4] &  [-1.31, c5] &   [-20.9, c6] \\
c2          &  [-5.76, new\_cluster] &  [-0.08, c1] &   [-9.53, c2] &  [-7.36, c3] &  [-8.52, c4] &  [-1.41, c5] &  [-19.36, c6] \\
c3          &  [-5.76, new\_cluster] &   [-0.1, c1] &   [-9.77, c2] &  [-7.47, c3] &  [-8.48, c4] &  [-1.61, c5] &  [-18.59, c6] \\
c4          &  [-5.76, new\_cluster] &  [-0.01, c1] &  [-10.26, c2] &  [-7.35, c3] &  [-7.78, c4] &  [-1.25, c5] &   [-18.6, c6] \\
c5          &  [-5.76, new\_cluster] &  [-0.08, c1] &  [-10.01, c2] &  [-7.74, c3] &  [-8.67, c4] &  [-1.15, c5] &  [-18.65, c6] \\
c6          &  [-5.76, new\_cluster] &  [-0.01, c1] &   [-9.62, c2] &  [-7.45, c3] &  [-7.55, c4] &  [-1.15, c5] &  [-20.33, c6] \\
\bottomrule
\end{tabular}

