Experiment_path: AE_Model_2/Base_Line_W_PC//0.4/Experiment_03
Dataset_Path: ../_00_Datasets/03_SimDaten_Quiroga2020/C_Easy1_noise040.mat
Dataset_name: ['03_SimDaten_Quiroga2020', 'C_Easy1_noise040.mat']
Variant_name: Variant_03_PCA_QLearning
Visualisation_Path: AE_Model_2/Base_Line_W_PC//0.4/Experiment_03/C_Easy1_noise040.mat/Variant_03_PCA_QLearning/2023_04_23-19_13_52
Punishment_Coefficient: 0.4
<_01_LoadDataset.ExternCode.spike_class.spike_dataclass object at 0x0000017A3D6E0358>
Sampling rate: 24000.0
Raw: [ 0.09290294  0.20189621  0.33053674 ... -0.20677271 -0.1502611
 -0.11999569]
Times: [    239     439     824 ... 1439203 1439286 1439464]
Cluster: [1 3 1 ... 3 1 2]
Number of different clusters:  3
Number of Spikes: 3386
First aligned Spike Frame: [ 0.35272875  0.22782651  0.09804678  0.0330907   0.01763465 -0.00716808
 -0.07676483 -0.17393839 -0.25156268 -0.27611297 -0.26424986 -0.2572748
 -0.14070033  0.3091543   0.84618672  0.8657919   0.33633627 -0.19287563
 -0.36620283 -0.28464978 -0.16625656 -0.0936908  -0.03935964  0.02291416
  0.0699242   0.05739865 -0.02453232 -0.1465012  -0.24130255 -0.27021376
 -0.25598501 -0.22429694 -0.17333633 -0.09081612  0.03499496  0.1799287
  0.31672358  0.42401557  0.47266498  0.4416574   0.34587776  0.22594898
  0.10664098 -0.02537482 -0.17575272 -0.29850509 -0.34589514]
Cluster 0, Occurrences: 1079
Cluster 1, Occurrences: 1158
Cluster 2, Occurrences: 1149
Number of Samples after PCA: 3386
First Spike Frame after PCA: [0.92163351 0.28889907]
Number of Spikes for Q_Learning: 300
[0, 1, 0, 2, 3, 4, 5, 6, 7, 8, 1, 9, 10, 11, 12, 5, 9, 3, 2, 13, 3, 3, 0, 11, 1, 14, 3, 15, 9, 10, 6, 10, 16, 6, 17, 14, 9, 1, 18, 17, 11, 19, 13, 2, 0, 9, 5, 20, 19, 19, 11, 11, 1, 5, 0, 2, 20, 15, 11, 19, 21, 22, 23, 19, 15, 14, 13, 8, 10, 24, 25, 1, 24, 18, 3, 14, 22, 19, 26, 16, 26, 26, 5, 3, 19, 27, 20, 23, 26, 6, 28, 26, 0, 14, 29, 10, 17, 30, 6, 21, 16, 24, 20, 22, 6, 31, 32, 2, 17, 33, 16, 8, 26, 34, 0, 8, 35, 29, 16, 3, 34, 24, 11, 15, 3, 24, 18, 33, 5, 1, 36, 37, 32, 25, 11, 21, 12, 6, 2, 8, 12, 30, 29, 17, 31, 17, 28, 34, 22, 9, 38, 33, 24, 38, 30, 3, 15, 31, 17, 2, 23, 26, 39, 11, 23, 14, 11, 15, 21, 10, 39, 36, 24, 40, 36, 36, 0, 0, 24, 10, 9, 34, 10, 6, 0, 14, 11, 40, 29, 9, 5, 16, 19, 41, 17, 19, 39, 35, 13, 42, 18, 16, 2, 25, 20, 21, 16, 16, 19, 22, 0, 43, 17, 15, 40, 27, 1, 15, 10, 8, 17, 20, 15, 24, 0, 11, 19, 2, 23, 38, 13, 44, 19, 25, 32, 34, 6, 2, 24, 6, 0, 5, 33, 33, 20, 16, 24, 32, 24, 15, 21, 32, 24, 28, 45, 1, 42, 46, 9, 23, 20, 33, 40, 31, 0, 44, 3, 3, 0, 26, 5, 20, 25, 18, 41, 10, 32, 47, 8, 48, 11, 7, 48, 27, 2, 38, 49, 33, 49, 44, 5, 49, 23, 40, 24, 12, 5, 39, 2, 1]
{'c1': [array([0.92163351, 0.86660248, 0.83193497, 0.78512401, 0.48883127,
       1.31418254, 0.62042859, 1.08934779, 1.20699594, 1.24194216,
       1.1962999 , 0.97677422, 0.72925078, 1.25796863, 0.67873203]), array([ 0.28889907,  0.11029064, -0.32468417,  0.68762039,  0.35703593,
       -0.31157288,  0.12890131,  0.46253802,  0.17573034,  0.67825461,
        0.91280922,  0.25032933,  0.64924341,  0.45216379,  0.30133343])], 'c2': [array([-1.45275728, -1.18071177, -1.36287054, -1.6704136 , -1.7973693 ,
       -1.65576925, -1.60167539, -1.80194281, -1.68317224, -1.127305  ]), array([-0.88903517, -1.22863588, -0.52082038, -0.76178256, -0.72799397,
       -0.69643218, -0.95369773, -0.12772008, -1.23265094, -0.56858486])], 'c3': [array([-0.27942766, -1.01982947, -0.17558774,  0.12818851,  0.29548595,
        0.01789413, -0.58240394, -0.60313576,  0.00251457,  0.03984391,
       -0.370516  , -0.37122921]), array([ 0.10817688, -0.09363001,  0.06827004, -0.30167944,  0.05827738,
       -0.6377201 , -0.04829189, -0.07227202,  0.15247888, -0.92765047,
       -0.67425058, -0.5334969 ])], 'c4': [array([2.75487552, 3.04700977, 3.07429189, 3.32264985, 3.54066297,
       2.5968526 , 3.46104146, 3.33193589, 2.96763374, 3.37796248,
       2.36405903, 2.82814529]), array([-0.04065424,  0.53349301,  0.92063479, -0.14910766,  0.82179742,
        0.44973757,  0.08257649,  0.55850923,  0.21991775,  0.27925467,
        0.42002745,  0.26046781])], 'c5': [array([5.21911578]), array([-4.29330623])], 'c6': [array([1.79816863, 1.9427739 , 2.50002325, 1.6545489 , 1.83045573,
       1.45006547, 1.95195433, 1.56043419, 2.16055881, 1.87749741,
       2.21962015]), array([ 0.41209795,  0.17359148,  0.11392393, -0.32852896, -0.1802883 ,
        0.34668245,  0.31776252,  0.23845007,  0.27492879,  0.08704048,
        0.19930772])], 'c7': [array([ 0.12420181, -0.58707364,  0.27434932, -0.29905867, -0.33418946,
       -0.71725431, -0.18901966, -0.3040906 ,  0.37207071,  0.28137699]), array([0.8848562 , 0.76408308, 0.66551497, 0.97549001, 0.88858865,
       0.706043  , 0.6088161 , 1.22854246, 0.99075339, 1.10980785])], 'c8': [array([-2.03710266, -1.89329866]), array([-2.6533853 , -1.98957516])], 'c9': [array([-1.67948212, -1.93711406, -1.86750849, -1.32411909, -1.97789933,
       -2.09921774, -1.40769899]), array([0.88734752, 0.70818463, 0.29863331, 0.65224199, 1.09697864,
       1.05830197, 1.00694988])], 'c10': [array([-0.03081917, -0.49176476, -0.64293586,  0.19753331,  0.26433396,
       -0.25918076, -0.28368354, -0.36168274, -0.65380818]), array([2.20962459, 2.08210349, 2.35771174, 1.98948393, 2.32581746,
       2.49671271, 2.20053541, 2.27478089, 2.81088008])], 'c11': [array([3.76670701, 3.5746257 , 3.97659109, 3.61342338, 3.15377723,
       3.39972824, 3.94254212, 3.5545317 , 3.41120611, 3.24555455]), array([-1.2197775 , -0.99685548, -1.28897165, -1.8233139 , -1.8037387 ,
       -1.67555728, -1.04439604, -1.73457232, -1.48926405, -0.95203123])], 'c12': [array([-2.63722328, -3.32626278, -2.35973718, -3.13097863, -3.13097863,
       -2.39096235, -2.41386919, -2.74377261, -2.7318066 , -2.42281468,
       -2.24095906, -2.37654559, -2.21705183]), array([1.06300411, 0.82208665, 1.3830041 , 0.76695278, 0.76695278,
       1.13131059, 1.17613714, 0.79354669, 0.91550682, 0.62737369,
       1.22487527, 1.34646749, 0.85308063])], 'c13': [array([-4.02902591, -3.52485365, -4.2342935 , -3.45003122]), array([-1.46124162, -1.66059015, -1.54941381, -1.44740971])], 'c14': [array([-4.61324299, -4.12089247, -4.109907  , -4.21192011, -3.68758384]), array([1.24898237, 0.63979523, 0.7282393 , 1.0033411 , 0.8773668 ])], 'c15': [array([2.1520657 , 2.19473509, 1.76277661, 1.70540702, 1.47875294,
       2.00658245, 1.91543986]), array([-1.67756536, -0.94007484, -0.97449783, -0.83089729, -1.26718759,
       -1.17473515, -0.561471  ])], 'c16': [array([-1.49291828, -1.07415494, -1.15354914, -1.58619891, -1.151814  ,
       -0.91956187, -1.03950794, -1.0503747 , -1.07275889, -0.80865294]), array([ 0.06146099, -0.33394616,  0.32319998, -0.08020025, -0.08488782,
        0.46198953,  0.32636271,  0.3853784 ,  0.52909398, -0.81303403])], 'c17': [array([-2.13464528, -2.35901675, -2.07272004, -1.9025321 , -1.97596143,
       -2.58883805, -2.51436351, -2.54465874, -2.53363608, -2.35654633]), array([-1.2789964 , -0.93478812, -0.74141266, -1.11293662, -0.25511521,
       -0.99798472, -0.6455024 , -1.24553551, -0.81704406, -0.99316248])], 'c18': [array([-2.91287835, -3.31874561, -2.65365072, -3.52242559, -2.87776696,
       -3.14089885, -3.27125262, -3.70015422, -2.94876803, -2.61584037]), array([-0.7791836 , -0.57186709, -0.04888493, -0.93575303, -0.41331633,
       -0.4838451 , -0.24360427, -0.63998935, -0.66000065, -0.10946821])], 'c19': [array([2.93292089, 2.33590726, 2.32912069, 3.12183819, 3.00268139]), array([-0.90275729, -0.58878152, -0.76276942, -0.62778896, -0.33131488])], 'c20': [array([1.75341275, 1.61044584, 1.82244839, 1.32629845, 1.36354318,
       2.13052417, 2.12821289, 1.93755288, 2.22479991, 1.20978863,
       1.33068556, 1.45677311]), array([-2.01933985, -1.48148712, -1.62626719, -1.73155994, -1.04968378,
       -2.06489681, -1.83403915, -2.14656953, -2.30562604, -2.04709716,
       -2.46000351, -1.78631957])], 'c21': [array([1.17944651, 1.25603081, 1.35565399, 0.54704376, 1.4850886 ,
       1.73847327, 1.2297429 , 1.03137631, 1.1305543 ]), array([0.99834078, 1.61569312, 1.70537144, 1.66390793, 1.75428346,
       1.64486239, 1.10725007, 1.1325872 , 0.95913514])], 'c22': [array([5.0006121 , 4.97211788, 5.08805393, 3.88141989, 4.5599757 ,
       4.85729705]), array([-0.35209202,  0.34978156, -0.67602732, -0.83704972, -0.66064062,
       -0.56178112])], 'c23': [array([ 0.93032319,  0.5696446 ,  0.32520151,  0.04610684, -0.08123828]), array([-2.68248424, -2.43353427, -2.21867434, -2.06128837, -2.36672238])], 'c24': [array([-1.10621977, -1.29815448, -0.42255756, -0.96886922, -0.84814599,
       -0.72582569, -0.55862021]), array([-1.81965672, -2.07552666, -1.44038641, -1.95905875, -1.50809603,
       -1.36293048, -2.79473077])], 'c25': [array([2.33529194, 2.01993419, 2.02942912, 2.09998973, 1.79429594,
       1.94055397, 2.45906009, 2.53257901, 2.14912903, 2.31862945,
       2.34389212, 2.27116095, 1.94792777, 3.09050763]), array([1.32190934, 0.93217988, 1.58226936, 0.94733793, 0.82854574,
       1.46092795, 1.13872271, 1.25182188, 1.84462498, 1.02044123,
       1.5654677 , 1.32161935, 1.17705869, 1.57519706])], 'c26': [array([ 0.41254612,  1.02963854,  0.55963203, -0.06118596,  0.26498138]), array([-1.66901543, -1.79135903, -1.90496904, -1.34984346, -1.07867404])], 'c27': [array([-3.32453863, -3.78235497, -3.59524608, -3.71637215, -3.14218973,
       -3.59691899, -3.63615851, -3.94301096]), array([ 0.19202869, -0.2644812 ,  0.5534965 ,  0.15396474,  0.16647581,
        0.23125462,  0.03549474,  0.05668975])], 'c28': [array([-0.23993467,  0.66043427,  1.3588299 ]), array([2.9714475 , 3.16042858, 3.25985733])], 'c29': [array([3.01421111, 3.47611069, 3.47811136]), array([-3.38133626, -3.76162781, -3.47823601])], 'c30': [array([-2.40953494, -2.55541638, -1.90808373, -1.56667264]), array([2.0420158 , 2.23955144, 2.36672962, 2.25139632])], 'c31': [array([3.4976843 , 3.56402343, 3.84545093]), array([-0.63893434, -0.30786661,  0.4379629 ])], 'c32': [array([4.30109902, 4.5505074 , 4.24008447, 3.94994703]), array([0.81959619, 1.45347047, 0.5853866 , 0.53655314])], 'c33': [array([1.09715732, 1.16568564, 0.6665839 , 1.22053712, 1.34722331,
       1.14402714]), array([-0.99076212, -0.96162899, -0.7616034 , -0.36658732, -0.91725755,
       -0.39207393])], 'c34': [array([1.32156508, 1.60814676, 0.85242077, 1.29304381, 1.53317592,
       1.81778108, 1.10242987]), array([2.7080164 , 2.21879126, 2.23397039, 2.08350067, 1.9934212 ,
       2.12791361, 2.70360512])], 'c35': [array([ 2.64009793,  2.74158746,  2.92961256,  2.28409875, -2.13942631]), array([-1.42871034, -1.19832718, -1.62533368, -1.38039642, -0.58301831])], 'c36': [array([4.38914761, 4.42803167]), array([-1.74791256, -1.66662064])], 'c37': [array([-3.52385118, -3.74541155, -4.20039669, -3.08626386]), array([1.53552943, 1.89620194, 2.23766711, 2.04304158])], 'c38': [array([-4.35537545]), array([-0.39466534])], 'c39': [array([-3.17595786, -2.91289559, -2.93510147, -2.9382979 ]), array([-3.59028387, -3.87271495, -3.45640184, -2.79717811])], 'c40': [array([2.48446248, 1.88979035, 2.6085729 , 1.52162924]), array([-3.6106779 , -3.82811277, -3.57614632, -3.69372379])], 'c41': [array([-0.96622233, -0.48825331, -1.06820513, -0.85165655, -0.61920532]), array([1.42092883, 1.64632386, 1.2557675 , 1.79851847, 1.40231142])], 'c42': [array([-1.57210983, -1.85295236]), array([2.04606859, 1.9252654 ])], 'c43': [array([-0.74835824,  0.7510773 ]), array([3.85396906, 0.46228738])], 'c44': [array([-5.49726072]), array([-1.58476137])], 'c45': [array([-3.03808831,  0.47807489, -1.36138081]), array([5.46088682, 1.11949571, 3.09885347])], 'c46': [array([-1.8980745]), array([-3.46421949])], 'c47': [array([2.33711459]), array([4.10193549])], 'c48': [array([4.39259931]), array([-1.02049961])], 'c49': [array([4.09616796, 0.48278374]), array([1.73069345, 1.66749215])], 'c50': [array([ 0.43781073,  0.58808757, -3.52680098]), array([ 1.68469108,  1.07771882, -0.85878027])]}
Centroids: [[0.19980180601491704, 0.7280815048620473], [2.3974212752996773, -0.5029693859980285], [-2.342558195533746, -0.1192214406486067]]
Centroids: [[0.9470699206355001, 0.32125949640720547], [-1.5333987180420516, -0.7707353745860711], [-0.2431835586484631, -0.24181568643370163], [3.0555933732536857, 0.3630545233951665], [5.2191157835191255, -4.2933062316179935], [1.9041909770408822, 0.15045164769609898], [-0.13786875067638465, 0.8822495712092303], [-1.965200663829079, -2.3214802322327737], [-1.756148545394587, 0.8155197046027786], [-0.2513341947727036, 2.3052944785642513], [3.5638687134101956, -1.4028478150889958], [-2.6248432626798865, 0.9900229783755581], [-3.8095510698984913, -1.5296638226505543], [-4.148709282390191, 0.8995449580554883], [1.8879656662145268, -1.0609184367780833], [-1.1349491610943332, 0.07754173266206912], [-2.298291830035603, -0.9022478189872739], [-3.0962381334955804, -0.48859125611012805], [2.74449368345921, -0.6426824151649414], [1.6912071454724502, -1.8794074709458046], [1.2170456038843835, 1.3979368360864688], [4.726579424775863, -0.456301539547757], [0.3580075706311322, -2.3525407203185673], [-0.8469132767374196, -1.8514836864871973], [2.238027210249384, 1.283437413584274], [0.44112242097577764, -1.558772199922913], [-3.5920987544262797, 0.14061545779365436], [0.5931098352139407, 3.1305778023525943], [3.322811053440058, -3.5404000278695107], [-2.109926922498521, 2.224923294239857], [3.635719554309869, -0.16961268300463697], [4.260409480475473, 0.8487515986735978], [1.1068690724550907, -0.7316522199811594], [1.3612233275061068, 2.295602662690709], [1.6911940795999463, -1.2431571848305836], [4.408589639269698, -1.7072666010273574], [-3.638980820918397, 1.928110014630355], [-4.355375448486036, -0.394665335093198], [-2.990563203979531, -3.429144692815277], [2.126113742978024, -3.677165195314969], [-0.798708528697045, 1.5047700142948646], [-1.7125310960441125, 1.9856669952122108], [0.0013595268902880653, 2.1581282230673504], [-5.4972607159985944, -1.5847613655723631], [-1.307131408548977, 3.2264120005301957], [-1.8980744967164664, -3.4642194946212586], [2.337114590663398, 4.101935494629412], [4.392599313569083, -1.020499609824049], [2.2894758515122406, 1.6990927983164856], [-0.8336342255439998, 0.6345432128535236]]
Contingency Matrix: 
[[ 9  4  8  0  0  2  6  0  1  8  0  1  0  0  1  7  0  0  0  1  4  1  2  4
   4  1  0  3  0  0  1  0  3  5  0  0  0  0  0  0  3  1  2  0  2  0  1  0
   1  1]
 [ 6  0  2 12  1  9  0  0  0  1 10  0  0  0  6  0  0  0  5 11  4  5  2  1
  10  2  0  0  2  0  2  4  3  2  4  2  0  0  0  4  0  0  0  0  1  0  0  1
   1  1]
 [ 0  6  2  0  0  0  4  2  6  0  0 12  4  5  0  3 10 10  0  0  1  0  1  2
   0  2  8  0  1  4  0  0  0  0  1  0  4  1  4  0  2  1  0  1  0  1  0  0
   0  1]]
[[9, 4, 8, 0, 0, 2, 6, 0, 1, 8, 0, 1, 0, 0, 1, 7, 0, 0, 0, 1, 4, 1, 2, 4, 4, 1, 0, 3, 0, 0, 1, 0, 3, 5, 0, 0, 0, 0, 0, 0, 3, 1, 2, 0, 2, 0, 1, 0, 1, 1], [6, 0, 2, 12, 1, 9, 0, 0, 0, 1, 10, 0, 0, 0, 6, 0, 0, 0, 5, 11, 4, 5, 2, 1, 10, 2, 0, 0, 2, 0, 2, 4, 3, 2, 4, 2, 0, 0, 0, 4, 0, 0, 0, 0, 1, 0, 0, 1, 1, 1], [0, 6, 2, 0, 0, 0, 4, 2, 6, 0, 0, 12, 4, 5, 0, 3, 10, 10, 0, 0, 1, 0, 1, 2, 0, 2, 8, 0, 1, 4, 0, 0, 0, 0, 1, 0, 4, 1, 4, 0, 2, 1, 0, 1, 0, 1, 0, 0, 0, 1]]
[[9, 4, 8, 0, 0, 2, 6, 0, 1, 8, 0, 1, 0, 0, 1, 7, 0, 0, 0, 1, 4, 1, 2, 4, 4, 1, 0, 3, 0, 0, 1, 0, 3, 5, 0, 0, 0, 0, 0, 0, 3, 1, 2, 0, 2, 0, 1, 0, 1, 1], [6, 0, 2, 12, 1, 9, 0, 0, 0, 1, 10, 0, 0, 0, 6, 0, 0, 0, 5, 11, 4, 5, 2, 1, 10, 2, 0, 0, 2, 0, 2, 4, 3, 2, 4, 2, 0, 0, 0, 4, 0, 0, 0, 0, 1, 0, 0, 1, 1, 1], [0, 6, 2, 0, 0, 0, 4, 2, 6, 0, 0, 12, 4, 5, 0, 3, 10, 10, 0, 0, 1, 0, 1, 2, 0, 2, 8, 0, 1, 4, 0, 0, 0, 0, 1, 0, 4, 1, 4, 0, 2, 1, 0, 1, 0, 1, 0, 0, 0, 1]]
[0, 1, 2, 3, 4, 5, 6, 7, 8, 9, 10, 11, 12, 13, 14, 15, 16, 17, 18, 19, 20, 21, 22, 23, 24, 25, 26, 27, 28, 29, 30, 31, 32, 33, 34, 35, 36, 37, 38, 39, 40, 41, 42, 43, 44, 45, 46, 47, 48, 49]
[[9, 4, 8, -1, 0, 2, 6, 0, 1, 8, 0, 1, 0, 0, 1, 7, 0, 0, 0, 1, 4, 1, 2, 4, 4, 1, 0, 3, 0, 0, 1, 0, 3, 5, 0, 0, 0, 0, 0, 0, 3, 1, 2, 0, 2, 0, 1, 0, 1, 1], [-1, -1, -1, -1, -1, -1, -1, -1, -1, -1, -1, -1, -1, -1, -1, -1, -1, -1, -1, -1, -1, -1, -1, -1, -1, -1, -1, -1, -1, -1, -1, -1, -1, -1, -1, -1, -1, -1, -1, -1, -1, -1, -1, -1, -1, -1, -1, -1, -1, -1], [0, 6, 2, -1, 0, 0, 4, 2, 6, 0, 0, 12, 4, 5, 0, 3, 10, 10, 0, 0, 1, 0, 1, 2, 0, 2, 8, 0, 1, 4, 0, 0, 0, 0, 1, 0, 4, 1, 4, 0, 2, 1, 0, 1, 0, 1, 0, 0, 0, 1]]
[[9, 4, 8, -1, 0, 2, 6, 0, 1, 8, 0, -1, 0, 0, 1, 7, 0, 0, 0, 1, 4, 1, 2, 4, 4, 1, 0, 3, 0, 0, 1, 0, 3, 5, 0, 0, 0, 0, 0, 0, 3, 1, 2, 0, 2, 0, 1, 0, 1, 1], [-1, -1, -1, -1, -1, -1, -1, -1, -1, -1, -1, -1, -1, -1, -1, -1, -1, -1, -1, -1, -1, -1, -1, -1, -1, -1, -1, -1, -1, -1, -1, -1, -1, -1, -1, -1, -1, -1, -1, -1, -1, -1, -1, -1, -1, -1, -1, -1, -1, -1], [-1, -1, -1, -1, -1, -1, -1, -1, -1, -1, -1, -1, -1, -1, -1, -1, -1, -1, -1, -1, -1, -1, -1, -1, -1, -1, -1, -1, -1, -1, -1, -1, -1, -1, -1, -1, -1, -1, -1, -1, -1, -1, -1, -1, -1, -1, -1, -1, -1, -1]]
[[-1, -1, -1, -1, -1, -1, -1, -1, -1, -1, -1, -1, -1, -1, -1, -1, -1, -1, -1, -1, -1, -1, -1, -1, -1, -1, -1, -1, -1, -1, -1, -1, -1, -1, -1, -1, -1, -1, -1, -1, -1, -1, -1, -1, -1, -1, -1, -1, -1, -1], [-1, -1, -1, -1, -1, -1, -1, -1, -1, -1, -1, -1, -1, -1, -1, -1, -1, -1, -1, -1, -1, -1, -1, -1, -1, -1, -1, -1, -1, -1, -1, -1, -1, -1, -1, -1, -1, -1, -1, -1, -1, -1, -1, -1, -1, -1, -1, -1, -1, -1], [-1, -1, -1, -1, -1, -1, -1, -1, -1, -1, -1, -1, -1, -1, -1, -1, -1, -1, -1, -1, -1, -1, -1, -1, -1, -1, -1, -1, -1, -1, -1, -1, -1, -1, -1, -1, -1, -1, -1, -1, -1, -1, -1, -1, -1, -1, -1, -1, -1, -1]]
Match_Labels: {1: 3, 2: 11, 0: 0}
New Contingency Matrix: 
[[ 9  0  1  4  8  0  2  6  0  1  8  0  0  0  1  7  0  0  0  1  4  1  2  4
   4  1  0  3  0  0  1  0  3  5  0  0  0  0  0  0  3  1  2  0  2  0  1  0
   1  1]
 [ 6 12  0  0  2  1  9  0  0  0  1 10  0  0  6  0  0  0  5 11  4  5  2  1
  10  2  0  0  2  0  2  4  3  2  4  2  0  0  0  4  0  0  0  0  1  0  0  1
   1  1]
 [ 0  0 12  6  2  0  0  4  2  6  0  0  4  5  0  3 10 10  0  0  1  0  1  2
   0  2  8  0  1  4  0  0  0  0  1  0  4  1  4  0  2  1  0  1  0  1  0  0
   0  1]]
New Clustered Label Sequence: [0, 3, 11, 1, 2, 4, 5, 6, 7, 8, 9, 10, 12, 13, 14, 15, 16, 17, 18, 19, 20, 21, 22, 23, 24, 25, 26, 27, 28, 29, 30, 31, 32, 33, 34, 35, 36, 37, 38, 39, 40, 41, 42, 43, 44, 45, 46, 47, 48, 49]
Diagonal_Elements: [9, 12, 12], Sum: 33
All_Elements: [9, 0, 1, 4, 8, 0, 2, 6, 0, 1, 8, 0, 0, 0, 1, 7, 0, 0, 0, 1, 4, 1, 2, 4, 4, 1, 0, 3, 0, 0, 1, 0, 3, 5, 0, 0, 0, 0, 0, 0, 3, 1, 2, 0, 2, 0, 1, 0, 1, 1, 6, 12, 0, 0, 2, 1, 9, 0, 0, 0, 1, 10, 0, 0, 6, 0, 0, 0, 5, 11, 4, 5, 2, 1, 10, 2, 0, 0, 2, 0, 2, 4, 3, 2, 4, 2, 0, 0, 0, 4, 0, 0, 0, 0, 1, 0, 0, 1, 1, 1, 0, 0, 12, 6, 2, 0, 0, 4, 2, 6, 0, 0, 4, 5, 0, 3, 10, 10, 0, 0, 1, 0, 1, 2, 0, 2, 8, 0, 1, 4, 0, 0, 0, 0, 1, 0, 4, 1, 4, 0, 2, 1, 0, 1, 0, 1, 0, 0, 0, 1], Sum: 300
Accuracy: 0.11
