Seed: 0
Experiment_path: AE_Model_2/Epochs_2_4_6_8_20/20_Experiment_05_Epochs
Dataset_Path: ../_00_Datasets/03_SimDaten_Quiroga2020/C_Easy1_noise005.mat
Dataset_name: ['03_SimDaten_Quiroga2020', 'C_Easy1_noise005.mat']
Variant_name: V05_Online_AE_QL
Visualisation_Path: AE_Model_2/Epochs_2_4_6_8_20/20_Experiment_05_Epochs/C_Easy1_noise005.mat/V05_Online_AE_QL/2023_05_11-01_25_45
Normalisation: False
Template Matching: False
Optimising Autoencoder: False
Update Factor: 1
Noisy Batches: False
Noisy Factor: 0.001
Epochs: 20
Batch Size: 1
maximal Spikes for Autoencoder Training : 700
maximal Spikes for Training: 1000
Input Size: 47
Chosen Model: Convolutional Autoencoder
ConvolutionalAutoencoder(
  (encoder): Sequential(
    (0): Conv1d(1, 6, kernel_size=(6,), stride=(1,))
    (1): LeakyReLU(negative_slope=0.01)
    (2): Conv1d(6, 1, kernel_size=(6,), stride=(1,))
    (3): Flatten(start_dim=1, end_dim=-1)
    (4): Linear(in_features=37, out_features=2, bias=True)
  )
  (decoder): Sequential(
    (0): ConvTranspose1d(1, 6, kernel_size=(6,), stride=(1,))
    (1): LeakyReLU(negative_slope=0.01)
    (2): ConvTranspose1d(6, 1, kernel_size=(6,), stride=(1,))
    (3): Flatten(start_dim=1, end_dim=-1)
    (4): Linear(in_features=12, out_features=47, bias=True)
  )
)
MSELoss()
Adam (
Parameter Group 0
    amsgrad: False
    betas: (0.9, 0.999)
    capturable: False
    differentiable: False
    eps: 1e-08
    foreach: None
    fused: False
    lr: 0.001
    maximize: False
    weight_decay: 0
)
---Q Learning Parameters---
Normalisation: False
Punishment Coefficient: 0.4
Alpha: 0.8
Epsilon: 0.01
Gamma: 0.97
Initial Episode Number: 0
Episode Number Coefficient: 1.4
Number of Random Features: 20
Planning Number: 20
Max Random Features: 60
New Episode Number: 72
New Episode Number: 143
New Episode Number: 215
New Episode Number: 286
New Episode Number: 358
New Episode Number: 429
                0     1     2     3      4     5     6
new_cluster -0.67 -3.88 -0.03 -3.81  -9.53 -0.47 -2.07
c1          -0.67 -3.98 -0.03 -4.00  -9.26 -0.50 -2.19
c2          -0.67 -3.86 -0.03 -3.90  -9.37 -0.47 -2.28
c3          -0.67 -3.88 -0.03 -3.76  -9.84 -0.47 -2.21
c4          -0.67 -3.95 -0.03 -3.83  -9.35 -0.47 -2.21
c5          -0.67 -3.85 -0.03 -3.87 -10.01 -0.53 -2.20
c6          -0.67 -3.90 -0.03 -3.82 -10.10 -0.44  0.00
\begin{tabular}{lrrrrrrr}
\toprule
{} &     0 &     1 &     2 &     3 &      4 &     5 &     6 \\
\midrule
new\_cluster & -0.67 & -3.88 & -0.03 & -3.81 &  -9.53 & -0.47 & -2.07 \\
c1          & -0.67 & -3.98 & -0.03 & -4.00 &  -9.26 & -0.50 & -2.19 \\
c2          & -0.67 & -3.86 & -0.03 & -3.90 &  -9.37 & -0.47 & -2.28 \\
c3          & -0.67 & -3.88 & -0.03 & -3.76 &  -9.84 & -0.47 & -2.21 \\
c4          & -0.67 & -3.95 & -0.03 & -3.83 &  -9.35 & -0.47 & -2.21 \\
c5          & -0.67 & -3.85 & -0.03 & -3.87 & -10.01 & -0.53 & -2.20 \\
c6          & -0.67 & -3.90 & -0.03 & -3.82 & -10.10 & -0.44 &  0.00 \\
\bottomrule
\end{tabular}

                                0            1  ...            5            6
new_cluster  [-0.64, new_cluster]  [-3.85, c1]  ...  [-0.44, c5]  [-2.07, c6]
c1           [-0.64, new_cluster]  [-3.95, c1]  ...  [-0.47, c5]  [-2.19, c6]
c2           [-0.64, new_cluster]  [-3.83, c1]  ...  [-0.44, c5]  [-2.28, c6]
c3           [-0.64, new_cluster]  [-3.85, c1]  ...  [-0.44, c5]  [-2.21, c6]
c4           [-0.64, new_cluster]  [-3.92, c1]  ...  [-0.44, c5]  [-2.21, c6]
c5           [-0.64, new_cluster]  [-3.82, c1]  ...   [-0.5, c5]   [-2.2, c6]
c6           [-0.64, new_cluster]  [-3.87, c1]  ...  [-0.41, c5]        [0, ]

[7 rows x 7 columns]
\begin{tabular}{llllllll}
\toprule
{} &                     0 &            1 &           2 &            3 &             4 &            5 &            6 \\
\midrule
new\_cluster &  [-0.64, new\_cluster] &  [-3.85, c1] &  [-0.0, c2] &  [-3.78, c3] &    [-9.5, c4] &  [-0.44, c5] &  [-2.07, c6] \\
c1          &  [-0.64, new\_cluster] &  [-3.95, c1] &  [-0.0, c2] &  [-3.97, c3] &   [-9.23, c4] &  [-0.47, c5] &  [-2.19, c6] \\
c2          &  [-0.64, new\_cluster] &  [-3.83, c1] &  [-0.0, c2] &  [-3.87, c3] &   [-9.34, c4] &  [-0.44, c5] &  [-2.28, c6] \\
c3          &  [-0.64, new\_cluster] &  [-3.85, c1] &  [-0.0, c2] &  [-3.73, c3] &   [-9.81, c4] &  [-0.44, c5] &  [-2.21, c6] \\
c4          &  [-0.64, new\_cluster] &  [-3.92, c1] &  [-0.0, c2] &   [-3.8, c3] &   [-9.33, c4] &  [-0.44, c5] &  [-2.21, c6] \\
c5          &  [-0.64, new\_cluster] &  [-3.82, c1] &  [-0.0, c2] &  [-3.84, c3] &   [-9.98, c4] &   [-0.5, c5] &   [-2.2, c6] \\
c6          &  [-0.64, new\_cluster] &  [-3.87, c1] &  [-0.0, c2] &  [-3.79, c3] &  [-10.08, c4] &  [-0.41, c5] &        [0, ] \\
\bottomrule
\end{tabular}

