Seed: 7
Experiment_path: Random_Seeds_DV5//V5_1/Experiment_05_7_opt
Dataset_Path: ../_00_Datasets/03_SimDaten_Quiroga2020/C_Easy2_noise015.mat
Dataset_name: ['03_SimDaten_Quiroga2020', 'C_Easy2_noise015.mat']
Variant_name: Variant_05_Online_Autoencoder_QLearning_opt
Visualisation_Path: Random_Seeds_DV5//V5_1/Experiment_05_7_opt/C_Easy2_noise015.mat/Variant_05_Online_Autoencoder_QLearning_opt/2023_04_05-09_32_01
Normalisation: False
Template Matching: False
Optimising Autoencoder: True
Update Factor: 100
Noisy Batches: False
Noisy Factor: 0.1
Epochs: 8
Batch Size: 1
maximal Spikes for Autoencoder Training : 700
maximal Spikes for Training: 1000
Input Size: 47
Chosen Model: Autoencoder
Autoencoder(
  (encoder): Sequential(
    (0): Linear(in_features=47, out_features=12, bias=True)
    (1): LeakyReLU(negative_slope=0.01)
    (2): Linear(in_features=12, out_features=2, bias=True)
  )
  (decoder): Sequential(
    (0): Linear(in_features=2, out_features=12, bias=True)
    (1): LeakyReLU(negative_slope=0.01)
    (2): Linear(in_features=12, out_features=47, bias=True)
  )
)
MSELoss()
Adam (
Parameter Group 0
    amsgrad: False
    betas: (0.9, 0.999)
    capturable: False
    differentiable: False
    eps: 1e-08
    foreach: None
    fused: False
    lr: 0.001
    maximize: False
    weight_decay: 0
)
---Q Learning Parameters---
Normalisation: False
Punishment Coefficient: 0.59
Alpha: 0.8
Epsilon: 0.01
Gamma: 0.97
Initial Episode Number: 0
Episode Number Coefficient: 1.4
Number of Random Features: 20
Planning Number: 20
Max Random Features: 60
New Episode Number: 72
New Episode Number: 143
New Episode Number: 215
New Episode Number: 286
New Episode Number: 358
                 0      1      2      3      4      5
new_cluster -11.97 -14.84 -10.79 -10.98 -12.32 -11.27
c1          -11.86 -14.37 -10.79 -11.03 -12.62 -11.27
c2          -11.88 -14.44 -10.90 -11.07 -12.40 -11.15
c3          -11.86 -14.90 -10.95 -11.05 -12.29 -11.29
c4          -11.86 -14.90 -10.71 -11.02 -12.40 -11.22
c5          -11.88 -14.32 -10.78 -11.03 -12.16 -11.23
                                0            1  ...            4            5
new_cluster  [-1.39, new_cluster]  [-4.44, c1]  ...   [-1.8, c4]  [-0.82, c5]
c1           [-1.39, new_cluster]  [-3.96, c1]  ...  [-2.09, c4]  [-0.82, c5]
c2           [-1.39, new_cluster]  [-4.04, c1]  ...  [-1.98, c4]   [-0.7, c5]
c3           [-1.39, new_cluster]  [-4.51, c1]  ...   [-1.9, c4]  [-0.84, c5]
c4           [-1.39, new_cluster]  [-4.43, c1]  ...  [-2.02, c4]  [-0.77, c5]
c5           [-1.39, new_cluster]  [-3.92, c1]  ...  [-1.77, c4]  [-0.79, c5]

[6 rows x 6 columns]
