Seed: 0
Experiment_path: AE_Model_2/Normalization/Experiment_04
Dataset_Path: ../_00_Datasets/03_SimDaten_Quiroga2020/C_Easy2_noise015.mat
Dataset_name: ['03_SimDaten_Quiroga2020', 'C_Easy2_noise015.mat']
Variant_name: V04_Off_AE_QL
Visualisation_Path: AE_Model_2/Normalization/Experiment_04/C_Easy2_noise015.mat/V04_Off_AE_QL/2023_06_04-19_56_59
Split Ratio: 0.9
Epochs: 8
Batch Size: 1
Input Size: 47
Number of Features: 2
Chosen Model: Convolutional Autoencoder
ConvolutionalAutoencoder(
  (encoder): Sequential(
    (0): Conv1d(1, 6, kernel_size=(6,), stride=(1,))
    (1): LeakyReLU(negative_slope=0.01)
    (2): Conv1d(6, 1, kernel_size=(6,), stride=(1,))
    (3): Flatten(start_dim=1, end_dim=-1)
    (4): Linear(in_features=37, out_features=2, bias=True)
  )
  (decoder): Sequential(
    (0): ConvTranspose1d(1, 6, kernel_size=(6,), stride=(1,))
    (1): LeakyReLU(negative_slope=0.01)
    (2): ConvTranspose1d(6, 1, kernel_size=(6,), stride=(1,))
    (3): Flatten(start_dim=1, end_dim=-1)
    (4): Linear(in_features=12, out_features=47, bias=True)
  )
)
MSELoss()
Adam (
Parameter Group 0
    amsgrad: False
    betas: (0.9, 0.999)
    capturable: False
    differentiable: False
    eps: 1e-08
    foreach: None
    fused: False
    lr: 0.001
    maximize: False
    weight_decay: 0
)
---Q Learning Parameters---
Normalisation: False
Punishment Coefficient: 0.7
Alpha: 0.8
Epsilon: 0.01
Gamma: 0.97
Initial Episode Number: 0
Episode Number Coefficient: 1.4
Number of Random Features: 20
Planning Number: 20
Max Random Features: 60
New Episode Number: 72
New Episode Number: 143
New Episode Number: 215
New Episode Number: 286
New Episode Number: 358
New Episode Number: 429
New Episode Number: 500
                 0      1      2      3      4      5      6      7
new_cluster -12.94 -22.34 -30.28 -11.71 -11.28 -26.28 -13.62 -39.20
c1          -13.09 -22.48 -29.76 -11.64 -11.31 -25.00 -13.69 -39.43
c2          -13.09 -22.78 -31.14 -11.57 -11.17 -27.04 -13.96 -38.57
c3          -12.94 -22.01 -30.00 -11.77 -11.19 -26.13 -13.89 -38.60
c4          -12.94 -22.63 -29.83 -11.63 -11.18 -25.96 -13.95 -38.85
c5          -13.09 -22.79 -30.04 -11.62 -11.32 -24.66 -13.95 -38.92
c6          -13.01 -22.73 -30.28 -11.63 -11.52 -25.25 -13.91 -39.13
c7          -13.09 -22.89 -29.44 -11.66 -11.30 -25.96 -13.98 -38.69
\begin{tabular}{lrrrrrrrr}
\toprule
{} &      0 &      1 &      2 &      3 &      4 &      5 &      6 &      7 \\
\midrule
new\_cluster & -12.94 & -22.34 & -30.28 & -11.71 & -11.28 & -26.28 & -13.62 & -39.20 \\
c1          & -13.09 & -22.48 & -29.76 & -11.64 & -11.31 & -25.00 & -13.69 & -39.43 \\
c2          & -13.09 & -22.78 & -31.14 & -11.57 & -11.17 & -27.04 & -13.96 & -38.57 \\
c3          & -12.94 & -22.01 & -30.00 & -11.77 & -11.19 & -26.13 & -13.89 & -38.60 \\
c4          & -12.94 & -22.63 & -29.83 & -11.63 & -11.18 & -25.96 & -13.95 & -38.85 \\
c5          & -13.09 & -22.79 & -30.04 & -11.62 & -11.32 & -24.66 & -13.95 & -38.92 \\
c6          & -13.01 & -22.73 & -30.28 & -11.63 & -11.52 & -25.25 & -13.91 & -39.13 \\
c7          & -13.09 & -22.89 & -29.44 & -11.66 & -11.30 & -25.96 & -13.98 & -38.69 \\
\bottomrule
\end{tabular}

                                0             1  ...            6             7
new_cluster  [-1.96, new_cluster]  [-11.37, c1]  ...  [-2.45, c6]  [-28.23, c7]
c1           [-1.96, new_cluster]  [-11.52, c1]  ...  [-2.51, c6]  [-28.35, c7]
c2           [-1.96, new_cluster]  [-11.81, c1]  ...  [-2.78, c6]  [-27.49, c7]
c3           [-1.96, new_cluster]  [-11.04, c1]  ...  [-2.71, c6]  [-27.61, c7]
c4           [-1.96, new_cluster]  [-11.66, c1]  ...  [-2.77, c6]  [-27.87, c7]
c5           [-1.96, new_cluster]  [-11.82, c1]  ...  [-2.78, c6]  [-27.86, c7]
c6           [-1.96, new_cluster]  [-11.84, c1]  ...  [-2.75, c6]  [-28.05, c7]
c7           [-1.96, new_cluster]  [-11.91, c1]  ...   [-2.8, c6]  [-27.61, c7]

[8 rows x 8 columns]
\begin{tabular}{lllllllll}
\toprule
{} &                     0 &             1 &             2 &            3 &            4 &             5 &            6 &             7 \\
\midrule
new\_cluster &  [-1.96, new\_cluster] &  [-11.37, c1] &  [-19.44, c2] &  [-0.86, c3] &  [-0.38, c4] &   [-15.3, c5] &  [-2.45, c6] &  [-28.23, c7] \\
c1          &  [-1.96, new\_cluster] &  [-11.52, c1] &  [-18.76, c2] &  [-0.79, c3] &  [-0.26, c4] &  [-14.02, c5] &  [-2.51, c6] &  [-28.35, c7] \\
c2          &  [-1.96, new\_cluster] &  [-11.81, c1] &  [-20.28, c2] &  [-0.72, c3] &  [-0.21, c4] &  [-15.97, c5] &  [-2.78, c6] &  [-27.49, c7] \\
c3          &  [-1.96, new\_cluster] &  [-11.04, c1] &  [-19.18, c2] &  [-0.91, c3] &  [-0.21, c4] &  [-15.14, c5] &  [-2.71, c6] &  [-27.61, c7] \\
c4          &  [-1.96, new\_cluster] &  [-11.66, c1] &  [-18.97, c2] &  [-0.78, c3] &  [-0.34, c4] &  [-14.98, c5] &  [-2.77, c6] &  [-27.87, c7] \\
c5          &  [-1.96, new\_cluster] &  [-11.82, c1] &  [-19.08, c2] &  [-0.76, c3] &  [-0.38, c4] &  [-13.68, c5] &  [-2.78, c6] &  [-27.86, c7] \\
c6          &  [-1.96, new\_cluster] &  [-11.84, c1] &  [-19.45, c2] &  [-0.78, c3] &  [-0.44, c4] &  [-14.27, c5] &  [-2.75, c6] &  [-28.05, c7] \\
c7          &  [-1.96, new\_cluster] &  [-11.91, c1] &  [-18.45, c2] &  [-0.81, c3] &  [-0.34, c4] &  [-14.96, c5] &   [-2.8, c6] &  [-27.61, c7] \\
\bottomrule
\end{tabular}

