Seed: 9
Experiment_path: AE_Model_1/Random_Seeds_DV5//V5_1/Experiment_05_9_opt
Dataset_Path: ../_00_Datasets/03_SimDaten_Quiroga2020/C_Burst_Easy2_noise015.mat
Dataset_name: ['03_SimDaten_Quiroga2020', 'C_Burst_Easy2_noise015.mat']
Variant_name: Variant_05_Online_Autoencoder_QLearning_opt
Visualisation_Path: AE_Model_1/Random_Seeds_DV5//V5_1/Experiment_05_9_opt/C_Burst_Easy2_noise015.mat/Variant_05_Online_Autoencoder_QLearning_opt/2023_04_24-16_36_06
Normalisation: False
Template Matching: False
Optimising Autoencoder: True
Update Factor: 1
Noisy Batches: False
Noisy Factor: 0.1
Epochs: 8
Batch Size: 1
maximal Spikes for Autoencoder Training : 700
maximal Spikes for Training: 1000
Input Size: 47
Chosen Model: Autoencoder
Autoencoder(
  (encoder): Sequential(
    (0): Linear(in_features=47, out_features=12, bias=True)
    (1): LeakyReLU(negative_slope=0.01)
    (2): Linear(in_features=12, out_features=2, bias=True)
  )
  (decoder): Sequential(
    (0): Linear(in_features=2, out_features=12, bias=True)
    (1): LeakyReLU(negative_slope=0.01)
    (2): Linear(in_features=12, out_features=47, bias=True)
  )
)
MSELoss()
Adam (
Parameter Group 0
    amsgrad: False
    betas: (0.9, 0.999)
    capturable: False
    differentiable: False
    eps: 1e-08
    foreach: None
    fused: False
    lr: 0.001
    maximize: False
    weight_decay: 0
)
---Q Learning Parameters---
Normalisation: False
Punishment Coefficient: 0.5
Alpha: 0.8
Epsilon: 0.01
Gamma: 0.97
Initial Episode Number: 0
Episode Number Coefficient: 1.4
Number of Random Features: 20
Planning Number: 20
Max Random Features: 60
New Episode Number: 72
New Episode Number: 143
New Episode Number: 215
New Episode Number: 286
New Episode Number: 358
New Episode Number: 429
New Episode Number: 500
New Episode Number: 572
                0     1     2     3     4     5     6     7     8
new_cluster -1.13 -4.88 -0.57 -0.70 -6.49 -1.46 -5.96 -0.13 -3.17
c1          -1.13 -5.24 -0.50 -0.55 -7.15 -1.34 -5.59 -0.13 -2.85
c2          -1.13 -5.07 -0.60 -0.67 -6.78 -1.32 -5.70 -0.14 -2.92
c3          -1.13 -4.96 -0.50 -0.69 -6.91 -1.40 -5.93 -0.14 -2.79
c4          -1.13 -4.88 -0.51 -0.62 -6.61 -1.51 -6.28 -0.14 -2.92
c5          -1.13 -5.07 -0.47 -0.63 -7.08 -1.34 -5.81 -0.14 -2.86
c6          -1.13 -5.03 -0.51 -0.58 -7.18 -1.37 -5.97 -0.14 -3.09
c7          -1.13 -4.97 -0.47 -0.63 -6.71 -1.25 -6.05 -0.14 -2.91
c8          -1.13 -4.97 -0.36 -0.56 -6.66 -1.34 -5.64 -0.13  0.00
\begin{tabular}{lrrrrrrrrr}
\toprule
{} &     0 &     1 &     2 &     3 &     4 &     5 &     6 &     7 &     8 \\
\midrule
new\_cluster & -1.13 & -4.88 & -0.57 & -0.70 & -6.49 & -1.46 & -5.96 & -0.13 & -3.17 \\
c1          & -1.13 & -5.24 & -0.50 & -0.55 & -7.15 & -1.34 & -5.59 & -0.13 & -2.85 \\
c2          & -1.13 & -5.07 & -0.60 & -0.67 & -6.78 & -1.32 & -5.70 & -0.14 & -2.92 \\
c3          & -1.13 & -4.96 & -0.50 & -0.69 & -6.91 & -1.40 & -5.93 & -0.14 & -2.79 \\
c4          & -1.13 & -4.88 & -0.51 & -0.62 & -6.61 & -1.51 & -6.28 & -0.14 & -2.92 \\
c5          & -1.13 & -5.07 & -0.47 & -0.63 & -7.08 & -1.34 & -5.81 & -0.14 & -2.86 \\
c6          & -1.13 & -5.03 & -0.51 & -0.58 & -7.18 & -1.37 & -5.97 & -0.14 & -3.09 \\
c7          & -1.13 & -4.97 & -0.47 & -0.63 & -6.71 & -1.25 & -6.05 & -0.14 & -2.91 \\
c8          & -1.13 & -4.97 & -0.36 & -0.56 & -6.66 & -1.34 & -5.64 & -0.13 &  0.00 \\
\bottomrule
\end{tabular}

                               0            1  ...            7            8
new_cluster  [-1.0, new_cluster]  [-4.75, c1]  ...   [-0.0, c7]  [-3.17, c8]
c1           [-1.0, new_cluster]  [-5.11, c1]  ...   [-0.0, c7]  [-2.85, c8]
c2           [-1.0, new_cluster]  [-4.94, c1]  ...  [-0.01, c7]  [-2.92, c8]
c3           [-1.0, new_cluster]  [-4.83, c1]  ...  [-0.01, c7]  [-2.79, c8]
c4           [-1.0, new_cluster]  [-4.76, c1]  ...  [-0.01, c7]  [-2.92, c8]
c5           [-1.0, new_cluster]  [-4.94, c1]  ...   [-0.0, c7]  [-2.86, c8]
c6           [-1.0, new_cluster]   [-4.9, c1]  ...   [-0.0, c7]  [-3.09, c8]
c7           [-1.0, new_cluster]  [-4.84, c1]  ...  [-0.02, c7]  [-2.91, c8]
c8           [-1.0, new_cluster]  [-4.84, c1]  ...   [-0.0, c7]        [0, ]

[9 rows x 9 columns]
\begin{tabular}{llllllllll}
\toprule
{} &                    0 &            1 &            2 &            3 &            4 &            5 &            6 &            7 &            8 \\
\midrule
new\_cluster &  [-1.0, new\_cluster] &  [-4.75, c1] &  [-0.43, c2] &  [-0.56, c3] &  [-6.35, c4] &  [-1.33, c5] &  [-5.83, c6] &   [-0.0, c7] &  [-3.17, c8] \\
c1          &  [-1.0, new\_cluster] &  [-5.11, c1] &  [-0.36, c2] &  [-0.42, c3] &  [-7.01, c4] &   [-1.2, c5] &  [-5.46, c6] &   [-0.0, c7] &  [-2.85, c8] \\
c2          &  [-1.0, new\_cluster] &  [-4.94, c1] &  [-0.46, c2] &  [-0.54, c3] &  [-6.65, c4] &  [-1.18, c5] &  [-5.56, c6] &  [-0.01, c7] &  [-2.92, c8] \\
c3          &  [-1.0, new\_cluster] &  [-4.83, c1] &  [-0.36, c2] &  [-0.55, c3] &  [-6.77, c4] &  [-1.26, c5] &   [-5.8, c6] &  [-0.01, c7] &  [-2.79, c8] \\
c4          &  [-1.0, new\_cluster] &  [-4.76, c1] &  [-0.38, c2] &  [-0.48, c3] &  [-6.47, c4] &  [-1.38, c5] &  [-6.15, c6] &  [-0.01, c7] &  [-2.92, c8] \\
c5          &  [-1.0, new\_cluster] &  [-4.94, c1] &  [-0.34, c2] &  [-0.49, c3] &  [-6.94, c4] &   [-1.2, c5] &  [-5.67, c6] &   [-0.0, c7] &  [-2.86, c8] \\
c6          &  [-1.0, new\_cluster] &   [-4.9, c1] &  [-0.37, c2] &  [-0.45, c3] &  [-7.05, c4] &  [-1.24, c5] &  [-5.84, c6] &   [-0.0, c7] &  [-3.09, c8] \\
c7          &  [-1.0, new\_cluster] &  [-4.84, c1] &  [-0.33, c2] &  [-0.49, c3] &  [-6.58, c4] &  [-1.12, c5] &  [-5.91, c6] &  [-0.02, c7] &  [-2.91, c8] \\
c8          &  [-1.0, new\_cluster] &  [-4.84, c1] &  [-0.23, c2] &  [-0.43, c3] &  [-6.53, c4] &   [-1.2, c5] &  [-5.51, c6] &   [-0.0, c7] &        [0, ] \\
\bottomrule
\end{tabular}

