Seed: 2
Experiment_path: Random_Seeds_DV5//V5_2/Experiment_05_2_opt_temp
Dataset_Path: ../_00_Datasets/03_SimDaten_Quiroga2020/C_Drift_Easy2_noise015.mat
Dataset_name: ['03_SimDaten_Quiroga2020', 'C_Drift_Easy2_noise015.mat']
Variant_name: Variant_05_Online_Autoencoder_QLearning_opt_temp
Visualisation_Path: Random_Seeds_DV5//V5_2/Experiment_05_2_opt_temp/C_Drift_Easy2_noise015.mat/Variant_05_Online_Autoencoder_QLearning_opt_temp/2023_04_05-09_48_16
Normalisation: False
Template Matching: True
Optimising Autoencoder: True
Update Factor: 100
Noisy Batches: False
Noisy Factor: 0.1
Epochs: 8
Batch Size: 1
maximal Spikes for Autoencoder Training : 700
maximal Spikes for Training: 1000
Input Size: 47
Chosen Model: Autoencoder
Autoencoder(
  (encoder): Sequential(
    (0): Linear(in_features=47, out_features=12, bias=True)
    (1): LeakyReLU(negative_slope=0.01)
    (2): Linear(in_features=12, out_features=2, bias=True)
  )
  (decoder): Sequential(
    (0): Linear(in_features=2, out_features=12, bias=True)
    (1): LeakyReLU(negative_slope=0.01)
    (2): Linear(in_features=12, out_features=47, bias=True)
  )
)
MSELoss()
Adam (
Parameter Group 0
    amsgrad: False
    betas: (0.9, 0.999)
    capturable: False
    differentiable: False
    eps: 1e-08
    foreach: None
    fused: False
    lr: 0.001
    maximize: False
    weight_decay: 0
)
---Q Learning Parameters---
Normalisation: False
Punishment Coefficient: 0.6
Alpha: 0.8
Epsilon: 0.01
Gamma: 0.97
Initial Episode Number: 0
Episode Number Coefficient: 1.4
Number of Random Features: 20
Planning Number: 20
Max Random Features: 60
New Episode Number: 72
New Episode Number: 143
New Episode Number: 215
New Episode Number: 286
New Episode Number: 358
New Episode Number: 429
New Episode Number: 500
New Episode Number: 572
New Episode Number: 643
New Episode Number: 715
               0     1     2     3     4   ...     6     7      8      9     10
new_cluster -7.21 -5.82 -8.97 -5.98 -9.47  ... -14.07 -8.04  -9.59 -17.17 -8.57
c1          -7.05 -5.73 -8.78 -6.14 -9.54  ... -13.46 -7.86  -9.80 -17.12 -8.15
c2          -7.14 -5.80 -8.64 -5.97 -9.28  ... -13.81 -7.87  -9.54 -17.17 -8.28
c3          -7.20 -5.78 -9.22 -6.22 -8.96  ... -13.95 -7.95  -9.74 -17.17 -8.16
c4          -7.05 -5.71 -9.04 -6.06 -8.71  ... -14.33 -7.92 -10.17 -17.19 -8.22
c5          -7.20 -5.89 -9.10 -5.91 -9.15  ... -13.68 -7.82  -9.55 -17.17 -8.22
c6          -7.28 -5.72 -9.02 -6.04 -9.03  ... -13.39 -7.80  -9.68 -17.17 -8.05
c7          -7.07 -5.83 -8.85 -6.06 -8.49  ... -14.08 -7.88  -9.46 -17.11 -8.24
c8          -7.04 -5.72 -8.99 -5.94 -8.90  ... -13.88 -7.87  -9.92 -17.11 -8.34
c9          -7.12 -5.88 -9.37 -5.91 -9.60  ... -13.98 -7.87  -9.92 -17.10 -8.32
c10         -7.07 -5.80 -9.47 -5.97 -9.47  ... -14.00 -7.92  -9.64 -17.17 -8.21

[11 rows x 11 columns]
                               0            1   ...            9             10
new_cluster  [-1.44, new_cluster]  [-0.26, c1]  ...  [-11.39, c9]  [-2.93, c10]
c1           [-1.44, new_cluster]  [-0.08, c1]  ...  [-11.39, c9]  [-2.52, c10]
c2           [-1.44, new_cluster]  [-0.14, c1]  ...  [-11.39, c9]  [-2.57, c10]
c3           [-1.44, new_cluster]  [-0.21, c1]  ...  [-11.39, c9]  [-2.46, c10]
c4           [-1.44, new_cluster]  [-0.14, c1]  ...  [-11.39, c9]  [-2.59, c10]
c5           [-1.44, new_cluster]   [-0.2, c1]  ...  [-11.39, c9]  [-2.44, c10]
c6           [-1.44, new_cluster]  [-0.16, c1]  ...  [-11.39, c9]  [-2.43, c10]
c7           [-1.44, new_cluster]  [-0.24, c1]  ...  [-11.39, c9]   [-2.6, c10]
c8           [-1.44, new_cluster]  [-0.14, c1]  ...  [-11.39, c9]   [-2.7, c10]
c9           [-1.44, new_cluster]  [-0.28, c1]  ...  [-11.39, c9]  [-2.65, c10]
c10          [-1.44, new_cluster]  [-0.19, c1]  ...  [-11.39, c9]  [-2.52, c10]

[11 rows x 11 columns]
