Seed: 0
Experiment_path: AE_Model_2/Epochs_2_4_6_8_20/02_Experiment_05_Epochs
Dataset_Path: ../_00_Datasets/03_SimDaten_Quiroga2020/C_Difficult1_noise005.mat
Dataset_name: ['03_SimDaten_Quiroga2020', 'C_Difficult1_noise005.mat']
Variant_name: V05_Online_AE_QL
Visualisation_Path: AE_Model_2/Epochs_2_4_6_8_20/02_Experiment_05_Epochs/C_Difficult1_noise005.mat/V05_Online_AE_QL/2023_05_11-01_07_01
Normalisation: False
Template Matching: False
Optimising Autoencoder: False
Update Factor: 1
Noisy Batches: False
Noisy Factor: 0.001
Epochs: 2
Batch Size: 1
maximal Spikes for Autoencoder Training : 700
maximal Spikes for Training: 1000
Input Size: 47
Chosen Model: Convolutional Autoencoder
ConvolutionalAutoencoder(
  (encoder): Sequential(
    (0): Conv1d(1, 6, kernel_size=(6,), stride=(1,))
    (1): LeakyReLU(negative_slope=0.01)
    (2): Conv1d(6, 1, kernel_size=(6,), stride=(1,))
    (3): Flatten(start_dim=1, end_dim=-1)
    (4): Linear(in_features=37, out_features=2, bias=True)
  )
  (decoder): Sequential(
    (0): ConvTranspose1d(1, 6, kernel_size=(6,), stride=(1,))
    (1): LeakyReLU(negative_slope=0.01)
    (2): ConvTranspose1d(6, 1, kernel_size=(6,), stride=(1,))
    (3): Flatten(start_dim=1, end_dim=-1)
    (4): Linear(in_features=12, out_features=47, bias=True)
  )
)
MSELoss()
Adam (
Parameter Group 0
    amsgrad: False
    betas: (0.9, 0.999)
    capturable: False
    differentiable: False
    eps: 1e-08
    foreach: None
    fused: False
    lr: 0.001
    maximize: False
    weight_decay: 0
)
---Q Learning Parameters---
Normalisation: False
Punishment Coefficient: 0.2
Alpha: 0.8
Epsilon: 0.01
Gamma: 0.97
Initial Episode Number: 0
Episode Number Coefficient: 1.4
Number of Random Features: 20
Planning Number: 20
Max Random Features: 60
New Episode Number: 72
New Episode Number: 143
New Episode Number: 215
New Episode Number: 286
                0     1     2     3     4
new_cluster -0.46 -0.54 -0.31 -0.48 -0.57
c1          -0.46 -0.50 -0.34 -0.48 -0.68
c2          -0.46 -0.54 -0.33 -0.47 -0.65
c3          -0.46 -0.55 -0.30 -0.44  0.00
c4          -0.46 -0.53 -0.33 -0.36  0.00
\begin{tabular}{lrrrrr}
\toprule
{} &     0 &     1 &     2 &     3 &     4 \\
\midrule
new\_cluster & -0.46 & -0.54 & -0.31 & -0.48 & -0.57 \\
c1          & -0.46 & -0.50 & -0.34 & -0.48 & -0.68 \\
c2          & -0.46 & -0.54 & -0.33 & -0.47 & -0.65 \\
c3          & -0.46 & -0.55 & -0.30 & -0.44 &  0.00 \\
c4          & -0.46 & -0.53 & -0.33 & -0.36 &  0.00 \\
\bottomrule
\end{tabular}

                                0            1  ...            3            4
new_cluster  [-0.16, new_cluster]  [-0.23, c1]  ...  [-0.48, c3]  [-0.57, c4]
c1           [-0.16, new_cluster]   [-0.2, c1]  ...  [-0.48, c3]  [-0.68, c4]
c2           [-0.16, new_cluster]  [-0.22, c1]  ...  [-0.47, c3]  [-0.65, c4]
c3           [-0.16, new_cluster]  [-0.23, c1]  ...  [-0.46, c3]        [0, ]
c4           [-0.16, new_cluster]  [-0.22, c1]  ...  [-0.45, c3]        [0, ]

[5 rows x 5 columns]
\begin{tabular}{llllll}
\toprule
{} &                     0 &            1 &            2 &            3 &            4 \\
\midrule
new\_cluster &  [-0.16, new\_cluster] &  [-0.23, c1] &  [-0.01, c2] &  [-0.48, c3] &  [-0.57, c4] \\
c1          &  [-0.16, new\_cluster] &   [-0.2, c1] &  [-0.02, c2] &  [-0.48, c3] &  [-0.68, c4] \\
c2          &  [-0.16, new\_cluster] &  [-0.22, c1] &  [-0.02, c2] &  [-0.47, c3] &  [-0.65, c4] \\
c3          &  [-0.16, new\_cluster] &  [-0.23, c1] &  [-0.01, c2] &  [-0.46, c3] &        [0, ] \\
c4          &  [-0.16, new\_cluster] &  [-0.22, c1] &  [-0.01, c2] &  [-0.45, c3] &        [0, ] \\
\bottomrule
\end{tabular}

