Seed: 0
Experiment_path: AE_Model_2/Epochs_2_4_6_8_20/20_Experiment_05_Epochs
Dataset_Path: ../_00_Datasets/03_SimDaten_Quiroga2020/C_Easy1_noise010.mat
Dataset_name: ['03_SimDaten_Quiroga2020', 'C_Easy1_noise010.mat']
Variant_name: V05_Online_AE_QL
Visualisation_Path: AE_Model_2/Epochs_2_4_6_8_20/20_Experiment_05_Epochs/C_Easy1_noise010.mat/V05_Online_AE_QL/2023_05_11-01_26_41
Normalisation: False
Template Matching: False
Optimising Autoencoder: False
Update Factor: 1
Noisy Batches: False
Noisy Factor: 0.001
Epochs: 20
Batch Size: 1
maximal Spikes for Autoencoder Training : 700
maximal Spikes for Training: 1000
Input Size: 47
Chosen Model: Convolutional Autoencoder
ConvolutionalAutoencoder(
  (encoder): Sequential(
    (0): Conv1d(1, 6, kernel_size=(6,), stride=(1,))
    (1): LeakyReLU(negative_slope=0.01)
    (2): Conv1d(6, 1, kernel_size=(6,), stride=(1,))
    (3): Flatten(start_dim=1, end_dim=-1)
    (4): Linear(in_features=37, out_features=2, bias=True)
  )
  (decoder): Sequential(
    (0): ConvTranspose1d(1, 6, kernel_size=(6,), stride=(1,))
    (1): LeakyReLU(negative_slope=0.01)
    (2): ConvTranspose1d(6, 1, kernel_size=(6,), stride=(1,))
    (3): Flatten(start_dim=1, end_dim=-1)
    (4): Linear(in_features=12, out_features=47, bias=True)
  )
)
MSELoss()
Adam (
Parameter Group 0
    amsgrad: False
    betas: (0.9, 0.999)
    capturable: False
    differentiable: False
    eps: 1e-08
    foreach: None
    fused: False
    lr: 0.001
    maximize: False
    weight_decay: 0
)
---Q Learning Parameters---
Normalisation: False
Punishment Coefficient: 0.4
Alpha: 0.8
Epsilon: 0.01
Gamma: 0.97
Initial Episode Number: 0
Episode Number Coefficient: 1.4
Number of Random Features: 20
Planning Number: 20
Max Random Features: 60
New Episode Number: 72
New Episode Number: 143
New Episode Number: 215
                0     1     2     3
new_cluster -1.37 -0.76 -2.10 -3.77
c1          -1.37 -0.76 -2.08 -3.70
c2          -1.37 -0.79 -2.30 -3.64
c3          -1.38 -0.77 -2.22 -3.68
\begin{tabular}{lrrrr}
\toprule
{} &     0 &     1 &     2 &     3 \\
\midrule
new\_cluster & -1.37 & -0.76 & -2.10 & -3.77 \\
c1          & -1.37 & -0.76 & -2.08 & -3.70 \\
c2          & -1.37 & -0.79 & -2.30 & -3.64 \\
c3          & -1.38 & -0.77 & -2.22 & -3.68 \\
\bottomrule
\end{tabular}

                                0            1            2            3
new_cluster  [-0.64, new_cluster]  [-0.02, c1]  [-1.33, c2]  [-3.02, c3]
c1           [-0.64, new_cluster]  [-0.02, c1]  [-1.31, c2]  [-2.96, c3]
c2           [-0.64, new_cluster]  [-0.05, c1]  [-1.53, c2]   [-2.9, c3]
c3           [-0.64, new_cluster]  [-0.02, c1]  [-1.45, c2]  [-2.93, c3]
\begin{tabular}{lllll}
\toprule
{} &                     0 &            1 &            2 &            3 \\
\midrule
new\_cluster &  [-0.64, new\_cluster] &  [-0.02, c1] &  [-1.33, c2] &  [-3.02, c3] \\
c1          &  [-0.64, new\_cluster] &  [-0.02, c1] &  [-1.31, c2] &  [-2.96, c3] \\
c2          &  [-0.64, new\_cluster] &  [-0.05, c1] &  [-1.53, c2] &   [-2.9, c3] \\
c3          &  [-0.64, new\_cluster] &  [-0.02, c1] &  [-1.45, c2] &  [-2.93, c3] \\
\bottomrule
\end{tabular}

