Seed: 5
Experiment_path: Random_Seeds//V5/Experiment_05_5
Dataset_Path: ../_00_Datasets/03_SimDaten_Quiroga2020/C_Difficult2_noise015.mat
Dataset_name: ['03_SimDaten_Quiroga2020', 'C_Difficult2_noise015.mat']
Variant_name: Variant_05_Online_Autoencoder_QLearning
Visualisation_Path: Random_Seeds//V5/Experiment_05_5/C_Difficult2_noise015.mat/Variant_05_Online_Autoencoder_QLearning/2023_03_22-10_11_44
Normalisation: False
Template Matching: False
Optimising Autoencoder: False
Update Factor: 10
Noisy Batches: False
Noisy Factor: 0.1
Epochs: 8
Batch Size: 1
maximal Spikes for Autoencoder Training : 700
maximal Spikes for Training: 1000
Input Size: 47
Chosen Model: Autoencoder
Autoencoder(
  (encoder): Sequential(
    (0): Linear(in_features=47, out_features=12, bias=True)
    (1): LeakyReLU(negative_slope=0.01)
    (2): Linear(in_features=12, out_features=2, bias=True)
  )
  (decoder): Sequential(
    (0): Linear(in_features=2, out_features=12, bias=True)
    (1): LeakyReLU(negative_slope=0.01)
    (2): Linear(in_features=12, out_features=47, bias=True)
  )
)
MSELoss()
Adam (
Parameter Group 0
    amsgrad: False
    betas: (0.9, 0.999)
    capturable: False
    differentiable: False
    eps: 1e-08
    foreach: None
    fused: False
    lr: 0.001
    maximize: False
    weight_decay: 0
)
---Q Learning Parameters---
Normalisation: False
Punishment Coefficient: 0.37
Alpha: 0.8
Epsilon: 0.01
Gamma: 0.97
Initial Episode Number: 0
Episode Number Coefficient: 1.4
Number of Random Features: 20
Planning Number: 20
Max Random Features: 60
New Episode Number: 72
New Episode Number: 143
New Episode Number: 215
New Episode Number: 286
New Episode Number: 358
New Episode Number: 429
New Episode Number: 500
New Episode Number: 572
New Episode Number: 643
New Episode Number: 715
New Episode Number: 786
New Episode Number: 858
New Episode Number: 929
New Episode Number: 1000
New Episode Number: 1072
New Episode Number: 1143
New Episode Number: 1215
               0     1     2     3     4   ...     13    14     15    16     17
new_cluster -2.10 -2.26 -9.18 -2.06 -1.67  ... -14.31 -4.46 -16.72 -2.70 -21.29
c1          -2.16 -2.11 -8.83 -2.20 -1.73  ... -14.23 -4.45 -16.74 -2.65 -21.29
c2          -2.11 -2.25 -9.17 -2.07 -1.66  ... -14.60 -4.45 -16.73 -2.70 -21.29
c3          -2.10 -2.07 -9.16 -2.03 -1.68  ... -14.38 -4.39 -16.72 -2.71 -21.29
c4          -2.10 -2.16 -8.80 -2.11 -1.80  ... -14.65 -4.46 -16.74 -2.70 -21.29
c5          -2.10 -2.09 -8.66 -2.16 -1.67  ... -14.46 -4.46 -16.73 -2.68 -21.29
c6          -2.10 -2.17 -9.01 -2.04 -1.67  ... -14.57 -4.40 -16.72 -2.70 -21.29
c7          -2.16 -2.20 -8.92 -2.17 -1.69  ... -14.42 -4.46 -16.74 -2.69 -21.29
c8          -2.10 -2.10 -8.90 -2.22 -1.72  ... -14.31 -4.45 -16.73 -2.68 -21.29
c9          -2.10 -2.10 -8.79 -2.07 -1.77  ... -14.38 -4.46 -16.73 -2.72 -21.29
c10         -2.10 -2.21 -8.50 -2.20 -1.62  ... -14.53 -4.39 -16.73 -2.70 -21.29
c11         -2.10 -2.19 -8.84 -2.05 -1.60  ... -14.08 -4.46 -16.73 -2.68 -21.29
c12         -2.11 -2.10 -8.87 -2.11 -1.72  ... -14.46 -4.46 -16.72 -2.69 -21.29
c13         -2.11 -2.16 -9.07 -2.12 -1.63  ... -14.64 -4.39 -16.73 -2.61 -21.29
c14         -2.15 -2.16 -9.32 -2.17 -1.70  ... -14.88 -4.45 -16.73 -2.63 -21.29
c15         -2.10 -2.13 -9.35 -2.22 -1.67  ... -14.48 -4.46 -16.74 -2.71 -21.29
c16         -2.12 -2.20 -8.96 -2.10 -1.72  ... -14.41 -4.45 -16.73 -2.71 -21.29
c17         -2.16 -2.18 -8.62 -2.16 -1.69  ... -14.51 -4.46 -16.73 -2.70   0.00

[18 rows x 18 columns]
                               0            1   ...            16             17
new_cluster  [-0.55, new_cluster]  [-0.65, c1]  ...  [-1.06, c16]  [-21.29, c17]
c1           [-0.55, new_cluster]   [-0.5, c1]  ...  [-1.06, c16]  [-21.29, c17]
c2           [-0.55, new_cluster]  [-0.65, c1]  ...  [-1.06, c16]  [-21.29, c17]
c3           [-0.55, new_cluster]  [-0.48, c1]  ...  [-1.06, c16]  [-21.29, c17]
c4           [-0.55, new_cluster]  [-0.56, c1]  ...  [-1.06, c16]  [-21.29, c17]
c5           [-0.55, new_cluster]  [-0.49, c1]  ...  [-1.06, c16]  [-21.29, c17]
c6           [-0.55, new_cluster]  [-0.57, c1]  ...  [-1.06, c16]  [-21.29, c17]
c7           [-0.55, new_cluster]   [-0.6, c1]  ...  [-1.06, c16]  [-21.29, c17]
c8           [-0.55, new_cluster]   [-0.5, c1]  ...  [-1.06, c16]  [-21.29, c17]
c9           [-0.55, new_cluster]   [-0.5, c1]  ...  [-1.06, c16]  [-21.29, c17]
c10          [-0.55, new_cluster]  [-0.61, c1]  ...  [-1.06, c16]  [-21.29, c17]
c11          [-0.55, new_cluster]  [-0.59, c1]  ...  [-1.06, c16]  [-21.29, c17]
c12          [-0.55, new_cluster]  [-0.57, c1]  ...  [-1.06, c16]  [-21.29, c17]
c13          [-0.55, new_cluster]  [-0.57, c1]  ...  [-1.06, c16]  [-21.29, c17]
c14          [-0.55, new_cluster]  [-0.57, c1]  ...  [-1.06, c16]  [-21.29, c17]
c15          [-0.55, new_cluster]  [-0.52, c1]  ...  [-1.06, c16]  [-21.29, c17]
c16          [-0.55, new_cluster]  [-0.58, c1]  ...  [-1.06, c16]  [-21.29, c17]
c17          [-0.55, new_cluster]  [-0.64, c1]  ...  [-1.06, c16]          [0, ]

[18 rows x 18 columns]
