Seed: 0
Experiment_path: AE_Model_2/Epochs_2_4_6_8_20/04_Experiment_05_Epochs
Dataset_Path: ../_00_Datasets/03_SimDaten_Quiroga2020/C_Easy2_noise015.mat
Dataset_name: ['03_SimDaten_Quiroga2020', 'C_Easy2_noise015.mat']
Variant_name: V05_Online_AE_QL
Visualisation_Path: AE_Model_2/Epochs_2_4_6_8_20/04_Experiment_05_Epochs/C_Easy2_noise015.mat/V05_Online_AE_QL/2023_05_11-01_21_26
Normalisation: False
Template Matching: False
Optimising Autoencoder: False
Update Factor: 1
Noisy Batches: False
Noisy Factor: 0.001
Epochs: 4
Batch Size: 1
maximal Spikes for Autoencoder Training : 700
maximal Spikes for Training: 1000
Input Size: 47
Chosen Model: Convolutional Autoencoder
ConvolutionalAutoencoder(
  (encoder): Sequential(
    (0): Conv1d(1, 6, kernel_size=(6,), stride=(1,))
    (1): LeakyReLU(negative_slope=0.01)
    (2): Conv1d(6, 1, kernel_size=(6,), stride=(1,))
    (3): Flatten(start_dim=1, end_dim=-1)
    (4): Linear(in_features=37, out_features=2, bias=True)
  )
  (decoder): Sequential(
    (0): ConvTranspose1d(1, 6, kernel_size=(6,), stride=(1,))
    (1): LeakyReLU(negative_slope=0.01)
    (2): ConvTranspose1d(6, 1, kernel_size=(6,), stride=(1,))
    (3): Flatten(start_dim=1, end_dim=-1)
    (4): Linear(in_features=12, out_features=47, bias=True)
  )
)
MSELoss()
Adam (
Parameter Group 0
    amsgrad: False
    betas: (0.9, 0.999)
    capturable: False
    differentiable: False
    eps: 1e-08
    foreach: None
    fused: False
    lr: 0.001
    maximize: False
    weight_decay: 0
)
---Q Learning Parameters---
Normalisation: False
Punishment Coefficient: 1.0
Alpha: 0.8
Epsilon: 0.01
Gamma: 0.97
Initial Episode Number: 0
Episode Number Coefficient: 1.4
Number of Random Features: 20
Planning Number: 20
Max Random Features: 60
New Episode Number: 72
New Episode Number: 143
New Episode Number: 215
                 0      1     2      3
new_cluster -12.16 -20.15 -8.40 -10.24
c1          -12.16 -20.51 -8.34 -10.75
c2          -12.18 -20.93 -8.38 -10.06
c3          -12.18 -20.26 -8.32  -9.99
\begin{tabular}{lrrrr}
\toprule
{} &      0 &      1 &     2 &      3 \\
\midrule
new\_cluster & -12.16 & -20.15 & -8.40 & -10.24 \\
c1          & -12.16 & -20.51 & -8.34 & -10.75 \\
c2          & -12.18 & -20.93 & -8.38 & -10.06 \\
c3          & -12.18 & -20.26 & -8.32 &  -9.99 \\
\bottomrule
\end{tabular}

                               0             1            2            3
new_cluster  [-4.0, new_cluster]  [-12.05, c1]  [-0.28, c2]  [-2.17, c3]
c1           [-4.0, new_cluster]  [-12.41, c1]  [-0.21, c2]  [-2.67, c3]
c2           [-4.0, new_cluster]  [-12.84, c1]  [-0.19, c2]  [-1.98, c3]
c3           [-4.0, new_cluster]  [-12.17, c1]  [-0.19, c2]   [-1.9, c3]
\begin{tabular}{lllll}
\toprule
{} &                    0 &             1 &            2 &            3 \\
\midrule
new\_cluster &  [-4.0, new\_cluster] &  [-12.05, c1] &  [-0.28, c2] &  [-2.17, c3] \\
c1          &  [-4.0, new\_cluster] &  [-12.41, c1] &  [-0.21, c2] &  [-2.67, c3] \\
c2          &  [-4.0, new\_cluster] &  [-12.84, c1] &  [-0.19, c2] &  [-1.98, c3] \\
c3          &  [-4.0, new\_cluster] &  [-12.17, c1] &  [-0.19, c2] &   [-1.9, c3] \\
\bottomrule
\end{tabular}

