Seed: 0
Experiment_path: AE_Model_2/Epochs_2_4_6_8_20/08_Experiment_05_Epochs
Dataset_Path: ../_00_Datasets/03_SimDaten_Quiroga2020/C_Easy2_noise005.mat
Dataset_name: ['03_SimDaten_Quiroga2020', 'C_Easy2_noise005.mat']
Variant_name: V05_Online_AE_QL
Visualisation_Path: AE_Model_2/Epochs_2_4_6_8_20/08_Experiment_05_Epochs/C_Easy2_noise005.mat/V05_Online_AE_QL/2023_05_11-01_24_17
Normalisation: False
Template Matching: False
Optimising Autoencoder: False
Update Factor: 1
Noisy Batches: False
Noisy Factor: 0.001
Epochs: 8
Batch Size: 1
maximal Spikes for Autoencoder Training : 700
maximal Spikes for Training: 1000
Input Size: 47
Chosen Model: Convolutional Autoencoder
ConvolutionalAutoencoder(
  (encoder): Sequential(
    (0): Conv1d(1, 6, kernel_size=(6,), stride=(1,))
    (1): LeakyReLU(negative_slope=0.01)
    (2): Conv1d(6, 1, kernel_size=(6,), stride=(1,))
    (3): Flatten(start_dim=1, end_dim=-1)
    (4): Linear(in_features=37, out_features=2, bias=True)
  )
  (decoder): Sequential(
    (0): ConvTranspose1d(1, 6, kernel_size=(6,), stride=(1,))
    (1): LeakyReLU(negative_slope=0.01)
    (2): ConvTranspose1d(6, 1, kernel_size=(6,), stride=(1,))
    (3): Flatten(start_dim=1, end_dim=-1)
    (4): Linear(in_features=12, out_features=47, bias=True)
  )
)
MSELoss()
Adam (
Parameter Group 0
    amsgrad: False
    betas: (0.9, 0.999)
    capturable: False
    differentiable: False
    eps: 1e-08
    foreach: None
    fused: False
    lr: 0.001
    maximize: False
    weight_decay: 0
)
---Q Learning Parameters---
Normalisation: False
Punishment Coefficient: 0.4
Alpha: 0.8
Epsilon: 0.01
Gamma: 0.97
Initial Episode Number: 0
Episode Number Coefficient: 1.4
Number of Random Features: 20
Planning Number: 20
Max Random Features: 60
New Episode Number: 72
New Episode Number: 143
New Episode Number: 215
New Episode Number: 286
New Episode Number: 358
New Episode Number: 429
New Episode Number: 500
New Episode Number: 572
                0     1     2     3     4      5     6      7     8
new_cluster -0.72 -6.40 -1.97 -0.08 -1.60 -19.46 -1.93 -29.91 -1.88
c1          -0.72 -6.47 -1.95 -0.08 -1.61 -19.46 -1.93 -29.91 -1.88
c2          -0.72 -6.48 -1.86 -0.08 -2.09 -19.46 -1.93 -29.91 -1.88
c3          -0.72 -6.51 -1.86 -0.08 -1.53 -19.46 -1.93 -29.91 -1.88
c4          -0.72 -6.53 -1.90 -0.08 -1.70 -19.46 -1.93 -29.91 -1.88
c5          -0.72 -6.49 -1.91 -0.09 -1.66 -19.46 -1.93 -29.91 -1.88
c6          -0.72 -6.36 -1.97 -0.08 -1.39 -19.46 -1.92 -29.91 -1.88
c7          -0.72 -6.30 -2.04 -0.09 -1.88 -19.46 -1.93 -29.91 -1.88
c8          -0.72 -6.64 -2.04 -0.09 -1.60 -19.46 -1.93 -29.91  0.00
\begin{tabular}{lrrrrrrrrr}
\toprule
{} &     0 &     1 &     2 &     3 &     4 &      5 &     6 &      7 &     8 \\
\midrule
new\_cluster & -0.72 & -6.40 & -1.97 & -0.08 & -1.60 & -19.46 & -1.93 & -29.91 & -1.88 \\
c1          & -0.72 & -6.47 & -1.95 & -0.08 & -1.61 & -19.46 & -1.93 & -29.91 & -1.88 \\
c2          & -0.72 & -6.48 & -1.86 & -0.08 & -2.09 & -19.46 & -1.93 & -29.91 & -1.88 \\
c3          & -0.72 & -6.51 & -1.86 & -0.08 & -1.53 & -19.46 & -1.93 & -29.91 & -1.88 \\
c4          & -0.72 & -6.53 & -1.90 & -0.08 & -1.70 & -19.46 & -1.93 & -29.91 & -1.88 \\
c5          & -0.72 & -6.49 & -1.91 & -0.09 & -1.66 & -19.46 & -1.93 & -29.91 & -1.88 \\
c6          & -0.72 & -6.36 & -1.97 & -0.08 & -1.39 & -19.46 & -1.92 & -29.91 & -1.88 \\
c7          & -0.72 & -6.30 & -2.04 & -0.09 & -1.88 & -19.46 & -1.93 & -29.91 & -1.88 \\
c8          & -0.72 & -6.64 & -2.04 & -0.09 & -1.60 & -19.46 & -1.93 & -29.91 &  0.00 \\
\bottomrule
\end{tabular}

                                0            1  ...             7            8
new_cluster  [-0.64, new_cluster]  [-6.32, c1]  ...  [-29.83, c7]  [-1.88, c8]
c1           [-0.64, new_cluster]  [-6.39, c1]  ...  [-29.83, c7]  [-1.88, c8]
c2           [-0.64, new_cluster]  [-6.41, c1]  ...  [-29.83, c7]  [-1.88, c8]
c3           [-0.64, new_cluster]  [-6.44, c1]  ...  [-29.83, c7]  [-1.88, c8]
c4           [-0.64, new_cluster]  [-6.45, c1]  ...  [-29.83, c7]  [-1.88, c8]
c5           [-0.64, new_cluster]  [-6.41, c1]  ...  [-29.83, c7]  [-1.88, c8]
c6           [-0.64, new_cluster]  [-6.28, c1]  ...  [-29.83, c7]  [-1.88, c8]
c7           [-0.64, new_cluster]  [-6.23, c1]  ...  [-29.83, c7]  [-1.88, c8]
c8           [-0.64, new_cluster]  [-6.56, c1]  ...  [-29.83, c7]        [0, ]

[9 rows x 9 columns]
\begin{tabular}{llllllllll}
\toprule
{} &                     0 &            1 &            2 &            3 &            4 &             5 &            6 &             7 &            8 \\
\midrule
new\_cluster &  [-0.64, new\_cluster] &  [-6.32, c1] &  [-1.89, c2] &   [-0.0, c3] &  [-1.52, c4] &  [-19.37, c5] &  [-1.85, c6] &  [-29.83, c7] &  [-1.88, c8] \\
c1          &  [-0.64, new\_cluster] &  [-6.39, c1] &  [-1.87, c2] &   [-0.0, c3] &  [-1.53, c4] &  [-19.37, c5] &  [-1.85, c6] &  [-29.83, c7] &  [-1.88, c8] \\
c2          &  [-0.64, new\_cluster] &  [-6.41, c1] &  [-1.78, c2] &   [-0.0, c3] &  [-2.01, c4] &  [-19.37, c5] &  [-1.85, c6] &  [-29.83, c7] &  [-1.88, c8] \\
c3          &  [-0.64, new\_cluster] &  [-6.44, c1] &  [-1.78, c2] &   [-0.0, c3] &  [-1.46, c4] &  [-19.37, c5] &  [-1.85, c6] &  [-29.83, c7] &  [-1.88, c8] \\
c4          &  [-0.64, new\_cluster] &  [-6.45, c1] &  [-1.82, c2] &   [-0.0, c3] &  [-1.62, c4] &  [-19.37, c5] &  [-1.85, c6] &  [-29.83, c7] &  [-1.88, c8] \\
c5          &  [-0.64, new\_cluster] &  [-6.41, c1] &  [-1.83, c2] &  [-0.01, c3] &  [-1.58, c4] &  [-19.37, c5] &  [-1.85, c6] &  [-29.83, c7] &  [-1.88, c8] \\
c6          &  [-0.64, new\_cluster] &  [-6.28, c1] &  [-1.89, c2] &   [-0.0, c3] &  [-1.31, c4] &  [-19.37, c5] &  [-1.85, c6] &  [-29.83, c7] &  [-1.88, c8] \\
c7          &  [-0.64, new\_cluster] &  [-6.23, c1] &  [-1.96, c2] &   [-0.0, c3] &   [-1.8, c4] &  [-19.37, c5] &  [-1.85, c6] &  [-29.83, c7] &  [-1.88, c8] \\
c8          &  [-0.64, new\_cluster] &  [-6.56, c1] &  [-1.96, c2] &   [-0.0, c3] &  [-1.52, c4] &  [-19.37, c5] &  [-1.85, c6] &  [-29.83, c7] &        [0, ] \\
\bottomrule
\end{tabular}

