Seed: 1
Experiment_path: Random_Seeds//V4/Experiment_04_1
Dataset_Path: ../_00_Datasets/03_SimDaten_Quiroga2020/C_Easy1_noise040.mat
Dataset_name: ['03_SimDaten_Quiroga2020', 'C_Easy1_noise040.mat']
Variant_name: Variant_04_Offline_Autoencoder_QLearning
Visualisation_Path: Random_Seeds//V4/Experiment_04_1/C_Easy1_noise040.mat/Variant_04_Offline_Autoencoder_QLearning/2023_03_22-09_56_59
Split Ratio: 0.9
Epochs: 8
Batch Size: 1
Input Size: 47
Number of Features: 2
Chosen Model: Autoencoder
Autoencoder(
  (encoder): Sequential(
    (0): Linear(in_features=47, out_features=12, bias=True)
    (1): LeakyReLU(negative_slope=0.01)
    (2): Linear(in_features=12, out_features=2, bias=True)
  )
  (decoder): Sequential(
    (0): Linear(in_features=2, out_features=12, bias=True)
    (1): LeakyReLU(negative_slope=0.01)
    (2): Linear(in_features=12, out_features=47, bias=True)
  )
)
MSELoss()
Adam (
Parameter Group 0
    amsgrad: False
    betas: (0.9, 0.999)
    capturable: False
    differentiable: False
    eps: 1e-08
    foreach: None
    fused: False
    lr: 0.001
    maximize: False
    weight_decay: 0
)
---Q Learning Parameters---
Normalisation: False
Punishment Coefficient: 1.26
Alpha: 0.8
Epsilon: 0.01
Gamma: 0.97
Initial Episode Number: 0
Episode Number Coefficient: 1.4
Number of Random Features: 20
Planning Number: 20
Max Random Features: 60
New Episode Number: 72
New Episode Number: 143
New Episode Number: 215
New Episode Number: 286
New Episode Number: 358
New Episode Number: 429
                 0      1     2      3      4     5     6
new_cluster -11.28 -30.68 -6.14 -33.13 -31.51 -5.01 -13.8
c1          -11.21 -28.43 -6.04 -34.73 -33.02 -5.04 -13.8
c2          -11.22 -28.03 -6.59 -32.12 -31.79 -4.90 -13.8
c3          -11.26 -29.69 -5.84 -32.85 -30.94 -4.96 -13.8
c4          -11.21 -29.29 -7.02 -33.21 -34.47 -5.11 -13.8
c5          -11.21 -29.00 -7.42 -32.62 -30.68 -4.91 -13.8
c6          -11.21 -28.44 -6.86 -32.77 -32.94 -4.74 -13.8
                                0             1  ...            5           6
new_cluster  [-6.35, new_cluster]  [-25.88, c1]  ...  [-0.24, c5]  [-9.2, c6]
c1           [-6.35, new_cluster]  [-23.57, c1]  ...  [-0.24, c5]  [-9.2, c6]
c2           [-6.35, new_cluster]  [-23.25, c1]  ...  [-0.15, c5]  [-9.2, c6]
c3           [-6.35, new_cluster]   [-24.9, c1]  ...  [-0.25, c5]  [-9.2, c6]
c4           [-6.35, new_cluster]   [-24.5, c1]  ...  [-0.32, c5]  [-9.2, c6]
c5           [-6.35, new_cluster]  [-24.24, c1]  ...  [-0.02, c5]  [-9.2, c6]
c6           [-6.35, new_cluster]  [-23.57, c1]  ...  [-0.02, c5]  [-9.2, c6]

[7 rows x 7 columns]
