Seed: 0
Experiment_path: AE_Model_2/Epochs_2_4_6_8_20/02_Experiment_05_Epochs
Dataset_Path: ../_00_Datasets/03_SimDaten_Quiroga2020/C_Easy1_noise005.mat
Dataset_name: ['03_SimDaten_Quiroga2020', 'C_Easy1_noise005.mat']
Variant_name: Variant_05_Epochs_2
Visualisation_Path: AE_Model_2/Epochs_2_4_6_8_20/02_Experiment_05_Epochs/C_Easy1_noise005.mat/V05_Online_AE_QL/2023_05_11-01_12_35
Normalisation: False
Template Matching: False
Optimising Autoencoder: False
Update Factor: 1
Noisy Batches: False
Noisy Factor: 0.001
Epochs: 2
Batch Size: 1
maximal Spikes for Autoencoder Training : 700
maximal Spikes for Training: 1000
Input Size: 47
Chosen Model: Convolutional Autoencoder
ConvolutionalAutoencoder(
  (encoder): Sequential(
    (0): Conv1d(1, 6, kernel_size=(6,), stride=(1,))
    (1): LeakyReLU(negative_slope=0.01)
    (2): Conv1d(6, 1, kernel_size=(6,), stride=(1,))
    (3): Flatten(start_dim=1, end_dim=-1)
    (4): Linear(in_features=37, out_features=2, bias=True)
  )
  (decoder): Sequential(
    (0): ConvTranspose1d(1, 6, kernel_size=(6,), stride=(1,))
    (1): LeakyReLU(negative_slope=0.01)
    (2): ConvTranspose1d(6, 1, kernel_size=(6,), stride=(1,))
    (3): Flatten(start_dim=1, end_dim=-1)
    (4): Linear(in_features=12, out_features=47, bias=True)
  )
)
MSELoss()
Adam (
Parameter Group 0
    amsgrad: False
    betas: (0.9, 0.999)
    capturable: False
    differentiable: False
    eps: 1e-08
    foreach: None
    fused: False
    lr: 0.001
    maximize: False
    weight_decay: 0
)
---Q Learning Parameters---
Normalisation: False
Punishment Coefficient: 1.0
Alpha: 0.8
Epsilon: 0.01
Gamma: 0.97
Initial Episode Number: 0
Episode Number Coefficient: 1.4
Number of Random Features: 20
Planning Number: 20
Max Random Features: 60
New Episode Number: 72
New Episode Number: 143
New Episode Number: 215
New Episode Number: 286
New Episode Number: 358
New Episode Number: 429
                0      1     2      3     4     5      6
new_cluster -4.49 -30.62 -0.51 -12.59 -6.16 -4.35 -30.11
c1          -4.49 -30.72 -0.52 -12.55 -6.16 -4.35 -30.11
c2          -4.49 -30.73 -0.52 -11.91 -6.16 -4.35 -30.11
c3          -4.49 -30.73 -0.51 -11.65 -5.84 -4.35 -30.11
c4          -4.50 -30.83 -0.51 -12.30  0.00  0.00   0.00
c5          -4.49 -30.35 -0.54 -12.27  0.00  0.00   0.00
c6          -4.49 -30.64 -0.52 -12.09  0.00  0.00   0.00
\begin{tabular}{lrrrrrrr}
\toprule
{} &     0 &      1 &     2 &      3 &     4 &     5 &      6 \\
\midrule
new\_cluster & -4.49 & -30.62 & -0.51 & -12.59 & -6.16 & -4.35 & -30.11 \\
c1          & -4.49 & -30.72 & -0.52 & -12.55 & -6.16 & -4.35 & -30.11 \\
c2          & -4.49 & -30.73 & -0.52 & -11.91 & -6.16 & -4.35 & -30.11 \\
c3          & -4.49 & -30.73 & -0.51 & -11.65 & -5.84 & -4.35 & -30.11 \\
c4          & -4.50 & -30.83 & -0.51 & -12.30 &  0.00 &  0.00 &   0.00 \\
c5          & -4.49 & -30.35 & -0.54 & -12.27 &  0.00 &  0.00 &   0.00 \\
c6          & -4.49 & -30.64 & -0.52 & -12.09 &  0.00 &  0.00 &   0.00 \\
\bottomrule
\end{tabular}

                               0             1  ...            5             6
new_cluster  [-4.0, new_cluster]  [-30.12, c1]  ...  [-4.35, c5]  [-30.11, c6]
c1           [-4.0, new_cluster]  [-30.21, c1]  ...  [-4.35, c5]  [-30.11, c6]
c2           [-4.0, new_cluster]  [-30.23, c1]  ...  [-4.35, c5]  [-30.11, c6]
c3           [-4.0, new_cluster]  [-30.22, c1]  ...  [-4.35, c5]  [-30.11, c6]
c4           [-4.0, new_cluster]  [-30.33, c1]  ...        [0, ]         [0, ]
c5           [-4.0, new_cluster]  [-29.84, c1]  ...        [0, ]         [0, ]
c6           [-4.0, new_cluster]  [-30.14, c1]  ...        [0, ]         [0, ]

[7 rows x 7 columns]
\begin{tabular}{llllllll}
\toprule
{} &                    0 &             1 &            2 &             3 &            4 &            5 &             6 \\
\midrule
new\_cluster &  [-4.0, new\_cluster] &  [-30.12, c1] &  [-0.01, c2] &   [-12.1, c3] &  [-6.16, c4] &  [-4.35, c5] &  [-30.11, c6] \\
c1          &  [-4.0, new\_cluster] &  [-30.21, c1] &  [-0.02, c2] &  [-12.06, c3] &  [-6.16, c4] &  [-4.35, c5] &  [-30.11, c6] \\
c2          &  [-4.0, new\_cluster] &  [-30.23, c1] &  [-0.02, c2] &  [-11.42, c3] &  [-6.16, c4] &  [-4.35, c5] &  [-30.11, c6] \\
c3          &  [-4.0, new\_cluster] &  [-30.22, c1] &  [-0.01, c2] &  [-11.16, c3] &  [-5.84, c4] &  [-4.35, c5] &  [-30.11, c6] \\
c4          &  [-4.0, new\_cluster] &  [-30.33, c1] &  [-0.01, c2] &  [-11.81, c3] &        [0, ] &        [0, ] &         [0, ] \\
c5          &  [-4.0, new\_cluster] &  [-29.84, c1] &  [-0.03, c2] &  [-11.78, c3] &        [0, ] &        [0, ] &         [0, ] \\
c6          &  [-4.0, new\_cluster] &  [-30.14, c1] &  [-0.01, c2] &   [-11.6, c3] &        [0, ] &        [0, ] &         [0, ] \\
\bottomrule
\end{tabular}

