Seed: 0
Experiment_path: Experiment_06
Dataset_Path: ../_00_Datasets/03_SimDaten_Quiroga2020/C_Easy1_noise015.mat
Dataset_name: ['03_SimDaten_Quiroga2020', 'C_Easy1_noise015.mat']
Variant_name: Variant_05_Online_Autoencoder_QLearning_opt
Visualisation_Path: AE_Model_2/Grid_Search_PC//V5_1/C_Easy1_noise015.mat/Variant_05_Online_Autoencoder_QLearning_opt/2023_05_03-21_22_05
Normalisation: False
Template Matching: False
Optimising Autoencoder: True
Update Factor: 1
Noisy Batches: False
Noisy Factor: 0.001
Epochs: 8
Batch Size: 1
maximal Spikes for Autoencoder Training : 700
maximal Spikes for Training: 1000
Input Size: 47
Chosen Model: Convolutional Autoencoder
ConvolutionalAutoencoder(
  (encoder): Sequential(
    (0): Conv1d(1, 6, kernel_size=(6,), stride=(1,))
    (1): LeakyReLU(negative_slope=0.01)
    (2): Conv1d(6, 1, kernel_size=(6,), stride=(1,))
    (3): Flatten(start_dim=1, end_dim=-1)
    (4): Linear(in_features=37, out_features=2, bias=True)
  )
  (decoder): Sequential(
    (0): ConvTranspose1d(1, 6, kernel_size=(6,), stride=(1,))
    (1): LeakyReLU(negative_slope=0.01)
    (2): ConvTranspose1d(6, 1, kernel_size=(6,), stride=(1,))
    (3): Flatten(start_dim=1, end_dim=-1)
    (4): Linear(in_features=12, out_features=47, bias=True)
  )
)
MSELoss()
Adam (
Parameter Group 0
    amsgrad: False
    betas: (0.9, 0.999)
    capturable: False
    differentiable: False
    eps: 1e-08
    foreach: None
    fused: False
    lr: 0.001
    maximize: False
    weight_decay: 0
)
---Q Learning Parameters---
Normalisation: False
Punishment Coefficient: 0.6
Alpha: 0.8
Epsilon: 0.01
Gamma: 0.97
Initial Episode Number: 0
Episode Number Coefficient: 1.4
Number of Random Features: 20
Planning Number: 20
Max Random Features: 60
New Episode Number: 72
New Episode Number: 143
New Episode Number: 215
New Episode Number: 286
New Episode Number: 358
New Episode Number: 429
New Episode Number: 500
New Episode Number: 572
New Episode Number: 643
                 0      1      2      3  ...      6      7      8      9
new_cluster -13.20 -19.43 -15.96 -12.12  ... -22.26 -19.78 -15.32 -12.43
c1          -13.19 -19.34 -15.28 -12.33  ... -22.86 -19.17 -15.32 -12.43
c2          -13.18 -19.32 -15.79 -12.25  ... -22.66 -18.80 -15.32 -12.29
c3          -13.19 -19.76 -16.15 -12.27  ... -22.34 -19.05 -15.32 -12.43
c4          -13.19 -18.61 -15.68 -12.13  ... -22.35 -19.17 -15.32 -12.31
c5          -13.18 -19.65 -16.22 -12.15  ... -22.44 -18.94 -15.31 -12.32
c6          -13.19 -19.91 -15.71 -12.22  ... -22.15 -19.14 -15.32 -12.43
c7          -13.19 -19.37 -14.96 -12.17  ... -22.17 -19.21 -15.31 -12.42
c8          -13.19 -19.49 -15.97 -12.20  ... -22.76 -19.10 -15.42 -12.17
c9          -13.19 -19.51 -15.56 -12.20  ... -23.11 -18.98 -15.32 -12.27

[10 rows x 10 columns]
\begin{tabular}{lrrrrrrrrrr}
\toprule
{} &      0 &      1 &      2 &      3 &      4 &      5 &      6 &      7 &      8 &      9 \\
\midrule
new\_cluster & -13.20 & -19.43 & -15.96 & -12.12 & -20.09 & -16.88 & -22.26 & -19.78 & -15.32 & -12.43 \\
c1          & -13.19 & -19.34 & -15.28 & -12.33 & -19.74 & -17.03 & -22.86 & -19.17 & -15.32 & -12.43 \\
c2          & -13.18 & -19.32 & -15.79 & -12.25 & -19.37 & -17.03 & -22.66 & -18.80 & -15.32 & -12.29 \\
c3          & -13.19 & -19.76 & -16.15 & -12.27 & -19.27 & -17.05 & -22.34 & -19.05 & -15.32 & -12.43 \\
c4          & -13.19 & -18.61 & -15.68 & -12.13 & -19.77 & -16.94 & -22.35 & -19.17 & -15.32 & -12.31 \\
c5          & -13.18 & -19.65 & -16.22 & -12.15 & -19.53 & -17.03 & -22.44 & -18.94 & -15.31 & -12.32 \\
c6          & -13.19 & -19.91 & -15.71 & -12.22 & -19.17 & -17.05 & -22.15 & -19.14 & -15.32 & -12.43 \\
c7          & -13.19 & -19.37 & -14.96 & -12.17 & -19.15 & -17.03 & -22.17 & -19.21 & -15.31 & -12.42 \\
c8          & -13.19 & -19.49 & -15.97 & -12.20 & -19.78 & -16.88 & -22.76 & -19.10 & -15.42 & -12.17 \\
c9          & -13.19 & -19.51 & -15.56 & -12.20 & -19.24 & -17.03 & -23.11 & -18.98 & -15.32 & -12.27 \\
\bottomrule
\end{tabular}

                                0            1  ...            8           9
new_cluster  [-1.44, new_cluster]  [-7.53, c1]  ...  [-3.64, c8]  [-0.6, c9]
c1           [-1.44, new_cluster]  [-7.42, c1]  ...  [-3.64, c8]  [-0.6, c9]
c2           [-1.44, new_cluster]   [-7.5, c1]  ...  [-3.64, c8]  [-0.6, c9]
c3           [-1.44, new_cluster]  [-7.83, c1]  ...  [-3.64, c8]  [-0.6, c9]
c4           [-1.44, new_cluster]  [-6.71, c1]  ...  [-3.64, c8]  [-0.6, c9]
c5           [-1.44, new_cluster]  [-7.83, c1]  ...  [-3.64, c8]  [-0.6, c9]
c6           [-1.44, new_cluster]   [-8.1, c1]  ...  [-3.64, c8]  [-0.6, c9]
c7           [-1.44, new_cluster]  [-7.44, c1]  ...  [-3.64, c8]  [-0.6, c9]
c8           [-1.44, new_cluster]  [-7.66, c1]  ...  [-3.64, c8]  [-0.6, c9]
c9           [-1.44, new_cluster]  [-7.58, c1]  ...  [-3.64, c8]  [-0.6, c9]

[10 rows x 10 columns]
\begin{tabular}{lllllllllll}
\toprule
{} &                     0 &            1 &            2 &            3 &            4 &            5 &             6 &            7 &            8 &           9 \\
\midrule
new\_cluster &  [-1.44, new\_cluster] &  [-7.53, c1] &  [-4.24, c2] &  [-0.33, c3] &  [-8.39, c4] &  [-5.27, c5] &  [-10.47, c6] &  [-7.98, c7] &  [-3.64, c8] &  [-0.6, c9] \\
c1          &  [-1.44, new\_cluster] &  [-7.42, c1] &  [-3.56, c2] &  [-0.48, c3] &   [-8.0, c4] &  [-5.27, c5] &   [-11.0, c6] &  [-7.48, c7] &  [-3.64, c8] &  [-0.6, c9] \\
c2          &  [-1.44, new\_cluster] &   [-7.5, c1] &  [-4.07, c2] &  [-0.36, c3] &  [-7.95, c4] &  [-5.27, c5] &  [-10.84, c6] &  [-7.24, c7] &  [-3.64, c8] &  [-0.6, c9] \\
c3          &  [-1.44, new\_cluster] &  [-7.83, c1] &  [-4.31, c2] &   [-0.3, c3] &  [-7.57, c4] &  [-5.27, c5] &  [-10.51, c6] &  [-7.34, c7] &  [-3.64, c8] &  [-0.6, c9] \\
c4          &  [-1.44, new\_cluster] &  [-6.71, c1] &  [-3.86, c2] &  [-0.24, c3] &   [-8.0, c4] &  [-5.27, c5] &  [-10.51, c6] &  [-7.61, c7] &  [-3.64, c8] &  [-0.6, c9] \\
c5          &  [-1.44, new\_cluster] &  [-7.83, c1] &   [-4.5, c2] &  [-0.29, c3] &  [-8.11, c4] &  [-5.27, c5] &  [-10.73, c6] &  [-7.37, c7] &  [-3.64, c8] &  [-0.6, c9] \\
c6          &  [-1.44, new\_cluster] &   [-8.1, c1] &  [-3.99, c2] &  [-0.34, c3] &  [-7.42, c4] &  [-5.27, c5] &  [-10.31, c6] &  [-7.34, c7] &  [-3.64, c8] &  [-0.6, c9] \\
c7          &  [-1.44, new\_cluster] &  [-7.44, c1] &  [-3.14, c2] &  [-0.38, c3] &   [-7.4, c4] &  [-5.27, c5] &  [-10.33, c6] &  [-7.65, c7] &  [-3.64, c8] &  [-0.6, c9] \\
c8          &  [-1.44, new\_cluster] &  [-7.66, c1] &  [-4.15, c2] &  [-0.31, c3] &  [-8.09, c4] &  [-5.27, c5] &  [-10.91, c6] &  [-7.31, c7] &  [-3.64, c8] &  [-0.6, c9] \\
c9          &  [-1.44, new\_cluster] &  [-7.58, c1] &  [-3.84, c2] &  [-0.31, c3] &  [-7.54, c4] &  [-5.27, c5] &  [-11.28, c6] &  [-7.18, c7] &  [-3.64, c8] &  [-0.6, c9] \\
\bottomrule
\end{tabular}

