Seed: 0
Experiment_path: AE_Model_2/Epochs_2_4_6_8_20/02_Experiment_05_Epochs
Dataset_Path: ../_00_Datasets/03_SimDaten_Quiroga2020/C_Drift_Easy2_noise015.mat
Dataset_name: ['03_SimDaten_Quiroga2020', 'C_Drift_Easy2_noise015.mat']
Variant_name: Variant_05_Epochs_2
Visualisation_Path: AE_Model_2/Epochs_2_4_6_8_20/02_Experiment_05_Epochs/C_Drift_Easy2_noise015.mat/V05_Online_AE_QL/2023_05_11-01_11_38
Normalisation: False
Template Matching: False
Optimising Autoencoder: False
Update Factor: 1
Noisy Batches: False
Noisy Factor: 0.001
Epochs: 2
Batch Size: 1
maximal Spikes for Autoencoder Training : 700
maximal Spikes for Training: 1000
Input Size: 47
Chosen Model: Convolutional Autoencoder
ConvolutionalAutoencoder(
  (encoder): Sequential(
    (0): Conv1d(1, 6, kernel_size=(6,), stride=(1,))
    (1): LeakyReLU(negative_slope=0.01)
    (2): Conv1d(6, 1, kernel_size=(6,), stride=(1,))
    (3): Flatten(start_dim=1, end_dim=-1)
    (4): Linear(in_features=37, out_features=2, bias=True)
  )
  (decoder): Sequential(
    (0): ConvTranspose1d(1, 6, kernel_size=(6,), stride=(1,))
    (1): LeakyReLU(negative_slope=0.01)
    (2): ConvTranspose1d(6, 1, kernel_size=(6,), stride=(1,))
    (3): Flatten(start_dim=1, end_dim=-1)
    (4): Linear(in_features=12, out_features=47, bias=True)
  )
)
MSELoss()
Adam (
Parameter Group 0
    amsgrad: False
    betas: (0.9, 0.999)
    capturable: False
    differentiable: False
    eps: 1e-08
    foreach: None
    fused: False
    lr: 0.001
    maximize: False
    weight_decay: 0
)
---Q Learning Parameters---
Normalisation: False
Punishment Coefficient: 1.3
Alpha: 0.8
Epsilon: 0.01
Gamma: 0.97
Initial Episode Number: 0
Episode Number Coefficient: 1.4
Number of Random Features: 20
Planning Number: 20
Max Random Features: 60
New Episode Number: 72
New Episode Number: 143
New Episode Number: 215
New Episode Number: 286
New Episode Number: 358
New Episode Number: 429
New Episode Number: 500
New Episode Number: 572
                 0      1      2      3      4      5       6      7      8
new_cluster -38.03 -32.18 -64.40 -51.26 -32.53 -52.98 -120.24 -44.13 -51.81
c1          -38.32 -33.01 -62.76 -50.47 -31.59 -52.32 -131.90 -44.14 -51.81
c2          -38.02 -31.99 -62.96 -51.59 -31.88 -51.95 -127.35 -43.93 -51.82
c3          -38.35 -32.28 -63.32 -48.42 -32.96 -51.06 -131.33 -43.60 -51.63
c4          -38.28 -33.84 -63.27 -50.54 -31.62 -51.70 -132.70 -43.89 -51.64
c5          -38.55 -34.00 -66.44 -49.94 -33.11 -52.65 -126.98 -43.69 -51.81
c6          -37.96 -31.77 -60.54 -50.83 -32.28 -52.91 -121.93 -43.97 -51.67
c7          -38.34 -33.54 -64.01 -52.08 -31.54 -51.87 -123.15 -43.62 -51.82
c8          -38.04 -33.06 -65.28 -52.28 -31.62 -50.40 -125.51 -43.79 -51.81
\begin{tabular}{lrrrrrrrrr}
\toprule
{} &      0 &      1 &      2 &      3 &      4 &      5 &       6 &      7 &      8 \\
\midrule
new\_cluster & -38.03 & -32.18 & -64.40 & -51.26 & -32.53 & -52.98 & -120.24 & -44.13 & -51.81 \\
c1          & -38.32 & -33.01 & -62.76 & -50.47 & -31.59 & -52.32 & -131.90 & -44.14 & -51.81 \\
c2          & -38.02 & -31.99 & -62.96 & -51.59 & -31.88 & -51.95 & -127.35 & -43.93 & -51.82 \\
c3          & -38.35 & -32.28 & -63.32 & -48.42 & -32.96 & -51.06 & -131.33 & -43.60 & -51.63 \\
c4          & -38.28 & -33.84 & -63.27 & -50.54 & -31.62 & -51.70 & -132.70 & -43.89 & -51.64 \\
c5          & -38.55 & -34.00 & -66.44 & -49.94 & -33.11 & -52.65 & -126.98 & -43.69 & -51.81 \\
c6          & -37.96 & -31.77 & -60.54 & -50.83 & -32.28 & -52.91 & -121.93 & -43.97 & -51.67 \\
c7          & -38.34 & -33.54 & -64.01 & -52.08 & -31.54 & -51.87 & -123.15 & -43.62 & -51.82 \\
c8          & -38.04 & -33.06 & -65.28 & -52.28 & -31.62 & -50.40 & -125.51 & -43.79 & -51.81 \\
\bottomrule
\end{tabular}

                                0            1  ...             7             8
new_cluster  [-6.76, new_cluster]  [-1.51, c1]  ...  [-12.88, c7]  [-21.15, c8]
c1           [-6.76, new_cluster]   [-1.5, c1]  ...  [-12.88, c7]  [-21.15, c8]
c2           [-6.76, new_cluster]  [-1.43, c1]  ...  [-12.88, c7]  [-21.15, c8]
c3           [-6.76, new_cluster]  [-1.67, c1]  ...  [-12.88, c7]  [-21.15, c8]
c4           [-6.76, new_cluster]  [-1.76, c1]  ...  [-12.88, c7]  [-21.15, c8]
c5           [-6.76, new_cluster]  [-1.92, c1]  ...  [-12.88, c7]  [-21.15, c8]
c6           [-6.76, new_cluster]  [-1.25, c1]  ...  [-12.88, c7]  [-21.15, c8]
c7           [-6.76, new_cluster]  [-1.93, c1]  ...  [-12.88, c7]  [-21.15, c8]
c8           [-6.76, new_cluster]  [-2.06, c1]  ...  [-12.88, c7]  [-21.15, c8]

[9 rows x 9 columns]
\begin{tabular}{llllllllll}
\toprule
{} &                     0 &            1 &             2 &             3 &            4 &             5 &              6 &             7 &             8 \\
\midrule
new\_cluster &  [-6.76, new\_cluster] &  [-1.51, c1] &  [-33.46, c2] &  [-19.51, c3] &  [-0.78, c4] &  [-20.87, c5] &   [-88.45, c6] &  [-12.88, c7] &  [-21.15, c8] \\
c1          &  [-6.76, new\_cluster] &   [-1.5, c1] &  [-31.76, c2] &  [-19.26, c3] &  [-0.95, c4] &  [-20.41, c5] &  [-100.53, c6] &  [-12.88, c7] &  [-21.15, c8] \\
c2          &  [-6.76, new\_cluster] &  [-1.43, c1] &  [-31.06, c2] &   [-20.3, c3] &  [-1.43, c4] &  [-19.87, c5] &   [-96.21, c6] &  [-12.88, c7] &  [-21.15, c8] \\
c3          &  [-6.76, new\_cluster] &  [-1.67, c1] &  [-32.23, c2] &  [-16.63, c3] &  [-1.19, c4] &  [-18.94, c5] &   [-99.54, c6] &  [-12.88, c7] &  [-21.15, c8] \\
c4          &  [-6.76, new\_cluster] &  [-1.76, c1] &  [-31.33, c2] &  [-18.78, c3] &  [-1.29, c4] &  [-19.62, c5] &  [-100.91, c6] &  [-12.88, c7] &  [-21.15, c8] \\
c5          &  [-6.76, new\_cluster] &  [-1.92, c1] &  [-34.48, c2] &  [-18.79, c3] &  [-1.01, c4] &  [-20.74, c5] &   [-95.19, c6] &  [-12.88, c7] &  [-21.15, c8] \\
c6          &  [-6.76, new\_cluster] &  [-1.25, c1] &  [-29.61, c2] &  [-20.05, c3] &  [-1.37, c4] &  [-20.79, c5] &   [-90.43, c6] &  [-12.88, c7] &  [-21.15, c8] \\
c7          &  [-6.76, new\_cluster] &  [-1.93, c1] &  [-32.93, c2] &  [-20.87, c3] &  [-0.78, c4] &  [-19.79, c5] &   [-91.36, c6] &  [-12.88, c7] &  [-21.15, c8] \\
c8          &  [-6.76, new\_cluster] &  [-2.06, c1] &  [-33.38, c2] &  [-21.07, c3] &  [-0.66, c4] &  [-18.49, c5] &   [-94.51, c6] &  [-12.88, c7] &  [-21.15, c8] \\
\bottomrule
\end{tabular}

