Experiment_path: AE_Model_1/Epochs//V2/Experiment_02
Dataset_Path: ../_00_Datasets/03_SimDaten_Quiroga2020/C_Easy2_noise015.mat
Dataset_name: ['03_SimDaten_Quiroga2020', 'C_Easy2_noise015.mat']
Variant_name: Variant_02_Autoencoder_KMeans
Visualisation_Path: AE_Model_1/Epochs//V2/Experiment_02/C_Easy2_noise015.mat/Variant_02_Autoencoder_KMeans/2023_04_25-17_20_55
<_01_LoadDataset.ExternCode.spike_class.spike_dataclass object at 0x0000027108DB4438>
Sampling rate: 24000.0
Raw: [0.10609669 0.12118301 0.13260104 ... 0.04210554 0.02260723 0.01955233]
Times: [    280    1061    1071 ... 1439631 1439716 1439810]
Cluster: [1 3 1 ... 2 2 3]
Number of different clusters:  3
Number of Spikes: 3411
First aligned Spike Frame: [ 2.02686231e-02  4.10226375e-02  5.47302833e-02  6.75455965e-02
  7.31110476e-02  7.55341824e-02  6.24087212e-02  3.48405580e-02
  4.67612510e-03  3.11249190e-03  8.94324356e-03  4.24616810e-04
 -6.85644094e-02 -1.88193358e-01 -2.95062164e-01 -3.04804993e-01
 -1.80968869e-01  9.08445140e-02  4.69281397e-01  8.12588139e-01
  1.01247328e+00  1.07477323e+00  1.05264776e+00  9.80941312e-01
  8.59493136e-01  7.23747425e-01  6.30635083e-01  6.09810792e-01
  6.21566307e-01  6.10615318e-01  5.92057940e-01  5.70062731e-01
  5.39545035e-01  4.88086979e-01  4.33332627e-01  3.78964556e-01
  3.25819622e-01  2.83509204e-01  2.65213838e-01  2.75311674e-01
  2.95781207e-01  3.01368080e-01  2.86879888e-01  2.42452837e-01
  1.98600507e-01  1.34431645e-01  5.92612532e-02]
Cluster 0, Occurrences: 1181
Cluster 1, Occurrences: 1098
Cluster 2, Occurrences: 1132
<torch.utils.data.dataloader.DataLoader object at 0x000002710A00E358>
Epoch [1/16]: mean_loss=0.0003990148635358885
Epoch [2/16]: mean_loss=0.00022171509719192458
Epoch [3/16]: mean_loss=0.0002061313940924752
Epoch [4/16]: mean_loss=0.00020006387140924055
Epoch [5/16]: mean_loss=0.00019628522835444737
Epoch [6/16]: mean_loss=0.00019473603120326506
Epoch [7/16]: mean_loss=0.00019371690369467516
Epoch [8/16]: mean_loss=0.00019348849260120737
Epoch [9/16]: mean_loss=0.00019331944260524535
Epoch [10/16]: mean_loss=0.00019358293453957182
Epoch [11/16]: mean_loss=0.00019356657093436147
Epoch [12/16]: mean_loss=0.00019436766042905674
Epoch [13/16]: mean_loss=0.00019394839933342475
Epoch [14/16]: mean_loss=0.00019398905848524536
Epoch [15/16]: mean_loss=0.00019413989042189945
Epoch [16/16]: mean_loss=0.00019436399431910657
Number of Clusters: 3
Number of Samples after Autoencoder testing: 3411
First Spike after testing: [ 0.7738582  -0.70450425]
[0 2 0 ... 1 1 2]
[0 2 0 ... 0 0 1]
Cluster 0 Occurrences: 1181; KMEANS: 2285
Cluster 1 Occurrences: 1098; KMEANS: 573
Cluster 2 Occurrences: 1132; KMEANS: 553
Centroids: [[0.65421027, -0.7665345], [0.330562, -0.49733835], [-0.5361196, 2.0650532]]
Centroids: [[0.49927068, -0.63508], [-0.70812976, 2.49981], [-0.37320665, 1.6366217]]
Contingency Matrix: 
[[1181    0    0]
 [1097    0    1]
 [   7  573  552]]
[[1181, 0, 0], [1097, 0, 1], [7, 573, 552]]
[[1181, 0, 0], [1097, 0, 1], [7, 573, 552]]
[0, 1, 2]
[[-1, -1, -1], [-1, 0, 1], [-1, 573, 552]]
[[-1, -1, -1], [-1, -1, 1], [-1, -1, -1]]
[[-1, -1, -1], [-1, -1, -1], [-1, -1, -1]]
Match_Labels: {0: 0, 2: 1, 1: 2}
New Contingency Matrix: 
[[1181    0    0]
 [1097    1    0]
 [   7  552  573]]
New Clustered Label Sequence: [0, 2, 1]
Diagonal_Elements: [1181, 1, 573], Sum: 1755
All_Elements: [1181, 0, 0, 1097, 1, 0, 7, 552, 573], Sum: 3411
Accuracy: 0.5145118733509235
