Experiment_path: AE_Model_1/Normalization/Experiment_04_norm
Dataset_Path: ../_00_Datasets/03_SimDaten_Quiroga2020/C_Difficult1_noise015.mat
Dataset_name: ['03_SimDaten_Quiroga2020', 'C_Difficult1_noise015.mat']
Variant_name: V04_Off_AE_QL_norm
Visualisation_Path: AE_Model_1/Normalization/Experiment_04_norm/C_Difficult1_noise015.mat/V04_Off_AE_QL_norm/2023_06_04-20_24_30
Punishment_Coefficient: 0.4
<_01_LoadDataset.ExternCode.spike_class.spike_dataclass object at 0x000001A1B7BF90F0>
Sampling rate: 24000.0
Raw: [ 0.04887081  0.02693095 -0.0154249  ... -0.09301659 -0.11629005
 -0.14613101]
Times: [    340     491     641 ... 1439047 1439065 1439816]
Cluster: [1 1 1 ... 3 2 2]
Number of different clusters:  3
Number of Spikes: 3472
First aligned Spike Frame: [ 0.12751554  0.12305882  0.10482977  0.09479529  0.10214978  0.11675932
  0.11777927  0.09307299  0.04670706 -0.00574343 -0.06143573 -0.14637617
 -0.20942665 -0.00208103  0.52241508  0.81651544  0.46446121 -0.19226425
 -0.60927882 -0.6713583  -0.57871227 -0.49011309 -0.4269388  -0.3668903
 -0.30523219 -0.24747124 -0.19738203 -0.15189972 -0.10449507 -0.05533325
 -0.01452429  0.01008816  0.02570853  0.04365027  0.06334113  0.07980397
  0.08484457  0.07688513  0.06142919  0.04320028  0.02240626  0.00477291
 -0.00393242 -0.00135684  0.00575182  0.0026944  -0.01541647]
Cluster 0, Occurrences: 1159
Cluster 1, Occurrences: 1172
Cluster 2, Occurrences: 1141
Train Index: 3125
x_train: 3125
y_train: 3125
x_test: 347
y_test: 347
<torch.utils.data.dataloader.DataLoader object at 0x000001A1B7A4F9B0>
<torch.utils.data.dataloader.DataLoader object at 0x000001A1B7A4F588>
Epoch [1/8]: mean_loss=0.00029670957028865813
Epoch [2/8]: mean_loss=0.0002170871615409851
Epoch [3/8]: mean_loss=0.0002145562184602022
Epoch [4/8]: mean_loss=0.00021425517186522483
Epoch [5/8]: mean_loss=0.00021343568861484529
Epoch [6/8]: mean_loss=0.00021228492438793182
Epoch [7/8]: mean_loss=0.00021121478483080865
Epoch [8/8]: mean_loss=0.0002102055065333843
Number of Clusters: 3
Number of Samples after Autoencoder testing: 345
First Spike after testing: [0.02038169 0.61224973]
[1, 2, 1, 0, 2, 1, 2, 1, 0, 0, 2, 1, 0, 2, 2, 1, 2, 1, 0, 1, 0, 0, 0, 0, 1, 1, 2, 1, 2, 0, 1, 1, 0, 1, 0, 1, 0, 1, 1, 2, 0, 1, 2, 0, 1, 1, 2, 1, 1, 1, 0, 0, 1, 0, 2, 1, 0, 1, 0, 2, 1, 2, 0, 0, 0, 2, 1, 2, 2, 1, 1, 1, 1, 2, 0, 2, 2, 2, 2, 1, 1, 1, 2, 0, 1, 2, 0, 2, 0, 1, 0, 1, 2, 1, 0, 2, 2, 1, 2, 2, 2, 1, 1, 2, 1, 0, 1, 0, 2, 1, 0, 1, 1, 2, 1, 2, 0, 2, 0, 0, 1, 1, 2, 0, 0, 2, 2, 1, 1, 0, 0, 0, 1, 0, 0, 1, 1, 2, 1, 1, 1, 0, 0, 2, 0, 1, 2, 1, 1, 0, 0, 2, 2, 0, 1, 1, 0, 1, 1, 2, 1, 0, 1, 2, 0, 0, 1, 0, 2, 0, 2, 0, 2, 2, 0, 1, 2, 2, 2, 0, 0, 1, 1, 0, 1, 2, 1, 0, 1, 2, 0, 1, 1, 0, 1, 1, 0, 1, 0, 1, 2, 1, 2, 1, 1, 1, 1, 2, 2, 0, 0, 1, 0, 2, 2, 2, 1, 1, 1, 2, 0, 2, 1, 1, 0, 2, 1, 0, 2, 1, 0, 1, 2, 1, 0, 1, 0, 1, 0, 2, 0, 1, 2, 1, 1, 2, 0, 1, 0, 1, 2, 0, 1, 0, 1, 2, 0, 2, 2, 1, 1, 0, 0, 1, 2, 1, 1, 0, 1, 1, 0, 2, 1, 1, 0, 0, 0, 1, 0, 2, 1, 2, 0, 1, 1, 0, 2, 2, 2, 1, 2, 0, 2, 1, 1, 0, 1, 0, 2, 0, 1, 2, 1, 0, 1, 2, 2, 0, 2, 0, 1, 0, 1, 1, 0, 2, 0, 1, 2, 2, 1, 2, 2, 0, 1, 2, 2, 1, 2, 0, 2, 0, 1, 2, 1, 0, 2, 1, 1, 0, 2, 2, 2, 1, 1]
[0, 1, 0, 1, 1, 0, 1, 2, 2, 2, 1, 2, 2, 1, 1, 2, 2, 2, 2, 2, 2, 2, 2, 2, 2, 2, 1, 2, 2, 2, 2, 2, 2, 2, 2, 2, 2, 2, 2, 2, 2, 1, 2, 2, 2, 2, 2, 2, 2, 1, 2, 2, 2, 2, 2, 2, 2, 2, 2, 2, 2, 2, 2, 2, 2, 2, 2, 2, 2, 2, 2, 2, 2, 2, 2, 2, 2, 2, 2, 2, 2, 2, 2, 2, 2, 2, 2, 2, 2, 2, 2, 2, 2, 2, 2, 2, 2, 2, 2, 2, 2, 2, 2, 2, 2, 2, 2, 2, 2, 2, 2, 2, 2, 1, 1, 2, 2, 1, 2, 2, 2, 2, 2, 2, 2, 2, 1, 2, 2, 2, 2, 2, 2, 2, 2, 2, 2, 2, 2, 2, 2, 2, 2, 2, 2, 2, 2, 2, 2, 2, 2, 1, 2, 2, 2, 2, 2, 2, 2, 2, 2, 2, 2, 1, 2, 2, 2, 2, 1, 1, 2, 2, 2, 1, 2, 2, 2, 2, 1, 2, 2, 2, 2, 2, 2, 1, 2, 2, 2, 2, 2, 2, 2, 2, 2, 2, 2, 2, 2, 1, 2, 2, 1, 2, 2, 2, 2, 2, 1, 2, 2, 2, 2, 2, 1, 2, 2, 2, 2, 1, 2, 1, 2, 1, 1, 1, 2, 2, 2, 2, 2, 2, 2, 2, 2, 2, 2, 2, 2, 1, 2, 1, 2, 2, 2, 1, 2, 2, 2, 2, 1, 2, 2, 2, 2, 2, 2, 1, 2, 2, 2, 2, 2, 2, 1, 2, 2, 2, 2, 2, 2, 2, 2, 2, 2, 2, 2, 2, 2, 2, 2, 2, 2, 2, 2, 2, 2, 2, 1, 2, 2, 2, 2, 2, 2, 2, 2, 2, 2, 2, 2, 2, 2, 2, 2, 2, 2, 2, 2, 2, 2, 2, 2, 2, 2, 2, 2, 2, 2, 1, 2, 2, 2, 2, 2, 2, 2, 2, 2, 2, 2, 2, 2, 1, 2, 2, 2, 2, 2, 2, 2, 2, 2, 2, 2]
Centroids: [[0.25103614, 0.11186306], [0.23076351, 0.46224084], [0.65849006, 0.46799988]]
Centroids: [[0.047350794, 0.535654], [0.7750382, 0.66514677], [0.3149483, 0.315937]]
Standard Derivations: [0.17709251, 0.164152, 0.16033866]
Cluster Distances: [0.009719297, 0.20372699, 0.009719297, 0.10327469, 0.20372699, 0.10327467]
Minimal Cluster Distance: 0.009719297289848328
Contingency Matrix: 
[[  0   3 102]
 [  3   6 128]
 [  0  30  73]]
[[0, 3, 102], [3, 6, 128], [0, 30, 73]]
[[0, 3, 102], [3, 6, 128], [0, 30, 73]]
[0, 1, 2]
[[0, 3, -1], [-1, -1, -1], [0, 30, -1]]
[[0, -1, -1], [-1, -1, -1], [-1, -1, -1]]
[[-1, -1, -1], [-1, -1, -1], [-1, -1, -1]]
Match_Labels: {1: 2, 2: 1, 0: 0}
New Contingency Matrix: 
[[  0 102   3]
 [  3 128   6]
 [  0  73  30]]
New Clustered Label Sequence: [0, 2, 1]
Diagonal_Elements: [0, 128, 30], Sum: 158
All_Elements: [0, 102, 3, 3, 128, 6, 0, 73, 30], Sum: 345
Accuracy: 0.4579710144927536
Centroids: [[0.0609585028141737, 1.5155232747395833], [0.5678644126806504, 0.5652006858816514], [0.21619570657431084, 0.22833768150226672]]
