Seed: 0
Experiment_path: AE_Model_2/Epochs_2_4_6_8_20/06_Experiment_05_Epochs
Dataset_Path: ../_00_Datasets/03_SimDaten_Quiroga2020/C_Difficult2_noise005.mat
Dataset_name: ['03_SimDaten_Quiroga2020', 'C_Difficult2_noise005.mat']
Variant_name: Variant_05_Epochs_6
Visualisation_Path: AE_Model_2/Epochs_2_4_6_8_20/06_Experiment_05_Epochs/C_Difficult2_noise005.mat/V05_Online_AE_QL/2023_05_11-01_10_03
Normalisation: False
Template Matching: False
Optimising Autoencoder: False
Update Factor: 1
Noisy Batches: False
Noisy Factor: 0.001
Epochs: 6
Batch Size: 1
maximal Spikes for Autoencoder Training : 700
maximal Spikes for Training: 1000
Input Size: 47
Chosen Model: Convolutional Autoencoder
ConvolutionalAutoencoder(
  (encoder): Sequential(
    (0): Conv1d(1, 6, kernel_size=(6,), stride=(1,))
    (1): LeakyReLU(negative_slope=0.01)
    (2): Conv1d(6, 1, kernel_size=(6,), stride=(1,))
    (3): Flatten(start_dim=1, end_dim=-1)
    (4): Linear(in_features=37, out_features=2, bias=True)
  )
  (decoder): Sequential(
    (0): ConvTranspose1d(1, 6, kernel_size=(6,), stride=(1,))
    (1): LeakyReLU(negative_slope=0.01)
    (2): ConvTranspose1d(6, 1, kernel_size=(6,), stride=(1,))
    (3): Flatten(start_dim=1, end_dim=-1)
    (4): Linear(in_features=12, out_features=47, bias=True)
  )
)
MSELoss()
Adam (
Parameter Group 0
    amsgrad: False
    betas: (0.9, 0.999)
    capturable: False
    differentiable: False
    eps: 1e-08
    foreach: None
    fused: False
    lr: 0.001
    maximize: False
    weight_decay: 0
)
---Q Learning Parameters---
Normalisation: False
Punishment Coefficient: 0.5
Alpha: 0.8
Epsilon: 0.01
Gamma: 0.97
Initial Episode Number: 0
Episode Number Coefficient: 1.4
Number of Random Features: 20
Planning Number: 20
Max Random Features: 60
New Episode Number: 72
New Episode Number: 143
New Episode Number: 215
New Episode Number: 286
New Episode Number: 358
New Episode Number: 429
New Episode Number: 500
New Episode Number: 572
                0     1     2     3      4     5     6     7     8
new_cluster -1.15 -1.59 -0.15 -6.56 -20.25 -4.16 -1.50 -2.61 -3.32
c1          -1.15 -1.60 -0.15 -6.34 -19.71 -4.68 -1.15 -2.62 -3.32
c2          -1.15 -1.59 -0.15 -6.73 -19.49 -3.88 -1.98 -2.62 -3.32
c3          -1.15 -1.70 -0.15 -6.28 -20.09 -4.76 -1.40 -2.61 -3.32
c4          -1.15 -1.57 -0.15 -6.18 -19.72 -4.35 -1.46 -2.61 -3.32
c5          -1.15 -1.77 -0.15 -6.50 -20.22 -4.67 -1.59 -2.62 -3.32
c6          -1.15 -1.55 -0.15 -6.10 -20.11 -4.34 -1.24 -2.61 -3.32
c7          -1.15 -1.67 -0.15 -6.12 -20.01 -4.46 -1.85 -2.61 -3.32
c8          -1.15 -1.66 -0.15 -6.46 -20.23 -4.16 -1.07 -2.61 -3.32
\begin{tabular}{lrrrrrrrrr}
\toprule
{} &     0 &     1 &     2 &     3 &      4 &     5 &     6 &     7 &     8 \\
\midrule
new\_cluster & -1.15 & -1.59 & -0.15 & -6.56 & -20.25 & -4.16 & -1.50 & -2.61 & -3.32 \\
c1          & -1.15 & -1.60 & -0.15 & -6.34 & -19.71 & -4.68 & -1.15 & -2.62 & -3.32 \\
c2          & -1.15 & -1.59 & -0.15 & -6.73 & -19.49 & -3.88 & -1.98 & -2.62 & -3.32 \\
c3          & -1.15 & -1.70 & -0.15 & -6.28 & -20.09 & -4.76 & -1.40 & -2.61 & -3.32 \\
c4          & -1.15 & -1.57 & -0.15 & -6.18 & -19.72 & -4.35 & -1.46 & -2.61 & -3.32 \\
c5          & -1.15 & -1.77 & -0.15 & -6.50 & -20.22 & -4.67 & -1.59 & -2.62 & -3.32 \\
c6          & -1.15 & -1.55 & -0.15 & -6.10 & -20.11 & -4.34 & -1.24 & -2.61 & -3.32 \\
c7          & -1.15 & -1.67 & -0.15 & -6.12 & -20.01 & -4.46 & -1.85 & -2.61 & -3.32 \\
c8          & -1.15 & -1.66 & -0.15 & -6.46 & -20.23 & -4.16 & -1.07 & -2.61 & -3.32 \\
\bottomrule
\end{tabular}

                               0            1  ...            7            8
new_cluster  [-1.0, new_cluster]  [-1.43, c1]  ...  [-2.47, c7]  [-3.18, c8]
c1           [-1.0, new_cluster]  [-1.44, c1]  ...  [-2.47, c7]  [-3.18, c8]
c2           [-1.0, new_cluster]  [-1.44, c1]  ...  [-2.47, c7]  [-3.18, c8]
c3           [-1.0, new_cluster]  [-1.54, c1]  ...  [-2.47, c7]  [-3.18, c8]
c4           [-1.0, new_cluster]  [-1.42, c1]  ...  [-2.47, c7]  [-3.18, c8]
c5           [-1.0, new_cluster]  [-1.62, c1]  ...  [-2.47, c7]  [-3.18, c8]
c6           [-1.0, new_cluster]   [-1.4, c1]  ...  [-2.47, c7]  [-3.18, c8]
c7           [-1.0, new_cluster]  [-1.52, c1]  ...  [-2.47, c7]  [-3.18, c8]
c8           [-1.0, new_cluster]  [-1.52, c1]  ...  [-2.47, c7]  [-3.18, c8]

[9 rows x 9 columns]
\begin{tabular}{llllllllll}
\toprule
{} &                    0 &            1 &            2 &            3 &             4 &            5 &            6 &            7 &            8 \\
\midrule
new\_cluster &  [-1.0, new\_cluster] &  [-1.43, c1] &   [-0.0, c2] &  [-6.41, c3] &   [-20.1, c4] &  [-4.02, c5] &  [-1.36, c6] &  [-2.47, c7] &  [-3.18, c8] \\
c1          &  [-1.0, new\_cluster] &  [-1.44, c1] &  [-0.01, c2] &  [-6.19, c3] &  [-19.56, c4] &  [-4.53, c5] &  [-1.01, c6] &  [-2.47, c7] &  [-3.18, c8] \\
c2          &  [-1.0, new\_cluster] &  [-1.44, c1] &   [-0.0, c2] &  [-6.58, c3] &  [-19.35, c4] &  [-3.74, c5] &  [-1.83, c6] &  [-2.47, c7] &  [-3.18, c8] \\
c3          &  [-1.0, new\_cluster] &  [-1.54, c1] &   [-0.0, c2] &  [-6.14, c3] &  [-19.94, c4] &  [-4.62, c5] &  [-1.26, c6] &  [-2.47, c7] &  [-3.18, c8] \\
c4          &  [-1.0, new\_cluster] &  [-1.42, c1] &   [-0.0, c2] &  [-6.03, c3] &  [-19.57, c4] &  [-4.21, c5] &  [-1.31, c6] &  [-2.47, c7] &  [-3.18, c8] \\
c5          &  [-1.0, new\_cluster] &  [-1.62, c1] &   [-0.0, c2] &  [-6.36, c3] &  [-20.08, c4] &  [-4.53, c5] &  [-1.45, c6] &  [-2.47, c7] &  [-3.18, c8] \\
c6          &  [-1.0, new\_cluster] &   [-1.4, c1] &   [-0.0, c2] &  [-5.95, c3] &  [-19.96, c4] &  [-4.19, c5] &   [-1.1, c6] &  [-2.47, c7] &  [-3.18, c8] \\
c7          &  [-1.0, new\_cluster] &  [-1.52, c1] &   [-0.0, c2] &  [-5.97, c3] &  [-19.86, c4] &  [-4.32, c5] &  [-1.71, c6] &  [-2.47, c7] &  [-3.18, c8] \\
c8          &  [-1.0, new\_cluster] &  [-1.52, c1] &   [-0.0, c2] &  [-6.32, c3] &  [-20.09, c4] &  [-4.02, c5] &  [-0.92, c6] &  [-2.47, c7] &  [-3.18, c8] \\
\bottomrule
\end{tabular}

