Seed: 2
Experiment_path: Random_Seeds_DV5//V5_3/Experiment_05_2_opt_temp_noisy
Dataset_Path: ../_00_Datasets/03_SimDaten_Quiroga2020/C_Easy2_noise015.mat
Dataset_name: ['03_SimDaten_Quiroga2020', 'C_Easy2_noise015.mat']
Variant_name: Variant_05_Online_Autoencoder_QLearning_opt_temp_noisy
Visualisation_Path: Random_Seeds_DV5//V5_3/Experiment_05_2_opt_temp_noisy/C_Easy2_noise015.mat/Variant_05_Online_Autoencoder_QLearning_opt_temp_noisy/2023_04_15-14_17_05
Normalisation: False
Template Matching: True
Optimising Autoencoder: True
Update Factor: 100
Noisy Batches: True
Noisy Factor: 0.1
Epochs: 8
Batch Size: 1
maximal Spikes for Autoencoder Training : 700
maximal Spikes for Training: 1000
Input Size: 47
Chosen Model: Autoencoder
Autoencoder(
  (encoder): Sequential(
    (0): Linear(in_features=47, out_features=12, bias=True)
    (1): LeakyReLU(negative_slope=0.01)
    (2): Linear(in_features=12, out_features=2, bias=True)
  )
  (decoder): Sequential(
    (0): Linear(in_features=2, out_features=12, bias=True)
    (1): LeakyReLU(negative_slope=0.01)
    (2): Linear(in_features=12, out_features=47, bias=True)
  )
)
MSELoss()
Adam (
Parameter Group 0
    amsgrad: False
    betas: (0.9, 0.999)
    capturable: False
    differentiable: False
    eps: 1e-08
    foreach: None
    fused: False
    lr: 0.001
    maximize: False
    weight_decay: 0
)
---Q Learning Parameters---
Normalisation: False
Punishment Coefficient: 0.6
Alpha: 0.8
Epsilon: 0.01
Gamma: 0.97
Initial Episode Number: 0
Episode Number Coefficient: 1.4
Number of Random Features: 20
Planning Number: 20
Max Random Features: 60
New Episode Number: 72
New Episode Number: 143
New Episode Number: 215
New Episode Number: 286
New Episode Number: 358
New Episode Number: 429
New Episode Number: 500
New Episode Number: 572
                 0      1      2      3      4      5      6      7     8
new_cluster -12.64 -18.72 -12.02 -12.19 -13.17 -20.56 -11.61 -11.29 -16.8
c1          -12.40 -18.61 -11.89 -12.37 -13.38 -21.41 -11.93 -11.20 -16.8
c2          -12.60 -18.71 -12.07 -12.46 -12.72 -21.02 -11.92 -11.54 -16.8
c3          -12.40 -18.54 -11.80 -12.15 -13.43 -20.41 -11.74 -11.12 -16.8
c4          -12.65 -18.31 -11.89 -12.15 -13.09 -21.27 -11.74 -11.19 -16.8
c5          -12.47 -18.05 -11.76 -12.36 -12.86 -20.55 -11.69 -11.12 -16.8
c6          -12.63 -18.74 -11.94 -12.25 -13.64 -20.32 -11.56 -11.22 -16.8
c7          -12.44 -18.38 -11.72 -12.49 -13.12 -20.66 -11.49 -11.12 -16.8
c8          -12.64 -18.51 -11.73 -12.04 -13.26 -20.78 -11.48 -11.42   0.0
\begin{tabular}{lrrrrrrrrr}
\toprule
{} &      0 &      1 &      2 &      3 &      4 &      5 &      6 &      7 &     8 \\
\midrule
new\_cluster & -12.64 & -18.72 & -12.02 & -12.19 & -13.17 & -20.56 & -11.61 & -11.29 & -16.8 \\
c1          & -12.40 & -18.61 & -11.89 & -12.37 & -13.38 & -21.41 & -11.93 & -11.20 & -16.8 \\
c2          & -12.60 & -18.71 & -12.07 & -12.46 & -12.72 & -21.02 & -11.92 & -11.54 & -16.8 \\
c3          & -12.40 & -18.54 & -11.80 & -12.15 & -13.43 & -20.41 & -11.74 & -11.12 & -16.8 \\
c4          & -12.65 & -18.31 & -11.89 & -12.15 & -13.09 & -21.27 & -11.74 & -11.19 & -16.8 \\
c5          & -12.47 & -18.05 & -11.76 & -12.36 & -12.86 & -20.55 & -11.69 & -11.12 & -16.8 \\
c6          & -12.63 & -18.74 & -11.94 & -12.25 & -13.64 & -20.32 & -11.56 & -11.22 & -16.8 \\
c7          & -12.44 & -18.38 & -11.72 & -12.49 & -13.12 & -20.66 & -11.49 & -11.12 & -16.8 \\
c8          & -12.64 & -18.51 & -11.73 & -12.04 & -13.26 & -20.78 & -11.48 & -11.42 &   0.0 \\
\bottomrule
\end{tabular}

                                0            1  ...            7            8
new_cluster  [-1.44, new_cluster]   [-7.6, c1]  ...  [-0.38, c7]  [-16.8, c8]
c1           [-1.44, new_cluster]  [-7.44, c1]  ...  [-0.35, c7]  [-16.8, c8]
c2           [-1.44, new_cluster]  [-7.54, c1]  ...  [-0.36, c7]  [-16.8, c8]
c3           [-1.44, new_cluster]  [-7.67, c1]  ...  [-0.32, c7]  [-16.8, c8]
c4           [-1.44, new_cluster]  [-7.44, c1]  ...  [-0.33, c7]  [-16.8, c8]
c5           [-1.44, new_cluster]  [-7.14, c1]  ...  [-0.33, c7]  [-16.8, c8]
c6           [-1.44, new_cluster]  [-7.58, c1]  ...  [-0.34, c7]  [-16.8, c8]
c7           [-1.44, new_cluster]  [-7.19, c1]  ...  [-0.33, c7]  [-16.8, c8]
c8           [-1.44, new_cluster]   [-7.6, c1]  ...  [-0.32, c7]        [0, ]

[9 rows x 9 columns]
\begin{tabular}{llllllllll}
\toprule
{} &                     0 &            1 &            2 &            3 &            4 &             5 &            6 &            7 &            8 \\
\midrule
new\_cluster &  [-1.44, new\_cluster] &   [-7.6, c1] &  [-0.83, c2] &  [-1.35, c3] &  [-2.26, c4] &   [-9.48, c5] &  [-0.67, c6] &  [-0.38, c7] &  [-16.8, c8] \\
c1          &  [-1.44, new\_cluster] &  [-7.44, c1] &  [-0.69, c2] &  [-1.27, c3] &  [-2.22, c4] &  [-10.33, c5] &   [-0.7, c6] &  [-0.35, c7] &  [-16.8, c8] \\
c2          &  [-1.44, new\_cluster] &  [-7.54, c1] &  [-0.87, c2] &  [-1.39, c3] &  [-1.57, c4] &   [-9.92, c5] &  [-0.73, c6] &  [-0.36, c7] &  [-16.8, c8] \\
c3          &  [-1.44, new\_cluster] &  [-7.67, c1] &  [-0.61, c2] &  [-1.07, c3] &  [-2.28, c4] &   [-9.59, c5] &   [-0.8, c6] &  [-0.32, c7] &  [-16.8, c8] \\
c4          &  [-1.44, new\_cluster] &  [-7.44, c1] &  [-0.69, c2] &  [-1.35, c3] &  [-2.18, c4] &   [-10.2, c5] &  [-0.47, c6] &  [-0.33, c7] &  [-16.8, c8] \\
c5          &  [-1.44, new\_cluster] &  [-7.14, c1] &  [-0.57, c2] &  [-1.28, c3] &  [-1.72, c4] &   [-9.47, c5] &   [-0.5, c6] &  [-0.33, c7] &  [-16.8, c8] \\
c6          &  [-1.44, new\_cluster] &  [-7.58, c1] &  [-0.74, c2] &  [-1.41, c3] &  [-2.48, c4] &   [-9.53, c5] &  [-0.62, c6] &  [-0.34, c7] &  [-16.8, c8] \\
c7          &  [-1.44, new\_cluster] &  [-7.19, c1] &  [-0.52, c2] &  [-1.42, c3] &  [-1.96, c4] &   [-9.86, c5] &   [-0.6, c6] &  [-0.33, c7] &  [-16.8, c8] \\
c8          &  [-1.44, new\_cluster] &   [-7.6, c1] &  [-0.52, c2] &  [-1.25, c3] &  [-2.11, c4] &   [-9.99, c5] &  [-0.54, c6] &  [-0.32, c7] &        [0, ] \\
\bottomrule
\end{tabular}

