Seed: 0
Experiment_path: Experiment_05
Dataset_Path: ../_00_Datasets/03_SimDaten_Quiroga2020/C_Difficult2_noise015.mat
Dataset_name: ['03_SimDaten_Quiroga2020', 'C_Difficult2_noise015.mat']
Variant_name: Variant_05_Online_Autoencoder_QLearning
Visualisation_Path: AE_Model_2/Epochs_GS_PC//V5_6/C_Difficult2_noise015.mat/Variant_05_Online_Autoencoder_QLearning/1.1
Normalisation: False
Template Matching: False
Optimising Autoencoder: False
Update Factor: 1
Noisy Batches: False
Noisy Factor: 0.001
Epochs: 6
Batch Size: 1
maximal Spikes for Autoencoder Training : 700
maximal Spikes for Training: 1000
Input Size: 47
Chosen Model: Convolutional Autoencoder
ConvolutionalAutoencoder(
  (encoder): Sequential(
    (0): Conv1d(1, 6, kernel_size=(6,), stride=(1,))
    (1): LeakyReLU(negative_slope=0.01)
    (2): Conv1d(6, 1, kernel_size=(6,), stride=(1,))
    (3): Flatten(start_dim=1, end_dim=-1)
    (4): Linear(in_features=37, out_features=2, bias=True)
  )
  (decoder): Sequential(
    (0): ConvTranspose1d(1, 6, kernel_size=(6,), stride=(1,))
    (1): LeakyReLU(negative_slope=0.01)
    (2): ConvTranspose1d(6, 1, kernel_size=(6,), stride=(1,))
    (3): Flatten(start_dim=1, end_dim=-1)
    (4): Linear(in_features=12, out_features=47, bias=True)
  )
)
MSELoss()
Adam (
Parameter Group 0
    amsgrad: False
    betas: (0.9, 0.999)
    capturable: False
    differentiable: False
    eps: 1e-08
    foreach: None
    fused: False
    lr: 0.001
    maximize: False
    weight_decay: 0
)
---Q Learning Parameters---
Normalisation: False
Punishment Coefficient: 1.1
Alpha: 0.8
Epsilon: 0.01
Gamma: 0.97
Initial Episode Number: 0
Episode Number Coefficient: 1.4
Number of Random Features: 20
Planning Number: 20
Max Random Features: 60
New Episode Number: 72
New Episode Number: 143
New Episode Number: 215
New Episode Number: 286
New Episode Number: 358
                0     1      2     3      4      5
new_cluster -6.43 -1.68 -24.18 -3.88 -10.59 -44.87
c1          -6.43 -1.68 -24.40 -3.67  -9.45 -46.11
c2          -6.43 -1.63 -24.23 -3.99  -8.98 -44.31
c3          -6.43 -1.62 -23.17 -4.05  -8.97 -46.26
c4          -6.44 -1.58 -22.33 -3.30  -9.56 -46.97
c5          -6.44 -1.60 -23.63 -3.31  -9.78   0.00
\begin{tabular}{lrrrrrr}
\toprule
{} &     0 &     1 &      2 &     3 &      4 &      5 \\
\midrule
new\_cluster & -6.43 & -1.68 & -24.18 & -3.88 & -10.59 & -44.87 \\
c1          & -6.43 & -1.68 & -24.40 & -3.67 &  -9.45 & -46.11 \\
c2          & -6.43 & -1.63 & -24.23 & -3.99 &  -8.98 & -44.31 \\
c3          & -6.43 & -1.62 & -23.17 & -4.05 &  -8.97 & -46.26 \\
c4          & -6.44 & -1.58 & -22.33 & -3.30 &  -9.56 & -46.97 \\
c5          & -6.44 & -1.60 & -23.63 & -3.31 &  -9.78 &   0.00 \\
\bottomrule
\end{tabular}

                                0            1  ...            4             5
new_cluster  [-4.84, new_cluster]  [-0.07, c1]  ...  [-9.05, c4]  [-44.87, c5]
c1           [-4.84, new_cluster]   [-0.1, c1]  ...  [-7.91, c4]  [-46.11, c5]
c2           [-4.84, new_cluster]  [-0.02, c1]  ...  [-7.39, c4]  [-44.31, c5]
c3           [-4.84, new_cluster]  [-0.03, c1]  ...  [-7.44, c4]  [-46.26, c5]
c4           [-4.84, new_cluster]  [-0.01, c1]  ...  [-7.97, c4]  [-46.97, c5]
c5           [-4.84, new_cluster]  [-0.04, c1]  ...  [-8.24, c4]         [0, ]

[6 rows x 6 columns]
\begin{tabular}{lllllll}
\toprule
{} &                     0 &            1 &             2 &            3 &            4 &             5 \\
\midrule
new\_cluster &  [-4.84, new\_cluster] &  [-0.07, c1] &  [-22.58, c2] &  [-2.32, c3] &  [-9.05, c4] &  [-44.87, c5] \\
c1          &  [-4.84, new\_cluster] &   [-0.1, c1] &  [-22.83, c2] &   [-2.1, c3] &  [-7.91, c4] &  [-46.11, c5] \\
c2          &  [-4.84, new\_cluster] &  [-0.02, c1] &  [-22.69, c2] &  [-2.42, c3] &  [-7.39, c4] &  [-44.31, c5] \\
c3          &  [-4.84, new\_cluster] &  [-0.03, c1] &   [-21.6, c2] &  [-2.49, c3] &  [-7.44, c4] &  [-46.26, c5] \\
c4          &  [-4.84, new\_cluster] &  [-0.01, c1] &   [-20.8, c2] &  [-1.74, c3] &  [-7.97, c4] &  [-46.97, c5] \\
c5          &  [-4.84, new\_cluster] &  [-0.04, c1] &   [-22.1, c2] &  [-1.73, c3] &  [-8.24, c4] &         [0, ] \\
\bottomrule
\end{tabular}

