Experiment_path: AE_Model_2/Base_Line_W_PC//0.8/Experiment_04
Dataset_Path: ../_00_Datasets/03_SimDaten_Quiroga2020/C_Easy1_noise015.mat
Dataset_name: ['03_SimDaten_Quiroga2020', 'C_Easy1_noise015.mat']
Variant_name: Variant_04_Offline_Autoencoder_QLearning
Visualisation_Path: AE_Model_2/Base_Line_W_PC//0.8/Experiment_04/C_Easy1_noise015.mat/Variant_04_Offline_Autoencoder_QLearning/2023_04_23-22_01_00
Punishment_Coefficient: 0.8
<_01_LoadDataset.ExternCode.spike_class.spike_dataclass object at 0x0000019BD9B4B4E0>
Sampling rate: 24000.0
Raw: [-0.11561686 -0.09151516 -0.07003629 ...  0.13067092  0.07286933
  0.02376508]
Times: [   1418    2718    2965 ... 1438324 1439204 1439256]
Cluster: [2 1 3 ... 2 2 2]
Number of different clusters:  3
Number of Spikes: 3477
First aligned Spike Frame: [-0.21672249 -0.20435022 -0.20773448 -0.23066605 -0.25048766 -0.24897994
 -0.235203   -0.22454461 -0.22637624 -0.23567647 -0.24458052 -0.29008047
 -0.46277163 -0.78005294 -1.10886208 -1.22520407 -0.93276888 -0.30507988
  0.28404034  0.5598609   0.56326036  0.46868005  0.38002586  0.308291
  0.2337485   0.15145072  0.07073965  0.00289921 -0.04579903 -0.0801131
 -0.10431654 -0.10729234 -0.08281733 -0.04721634 -0.02197862 -0.01600473
 -0.0234669  -0.0435982  -0.07322802 -0.10283475 -0.12412902 -0.14133481
 -0.1572087  -0.1697764  -0.17533489 -0.18293644 -0.19999581]
Cluster 0, Occurrences: 1132
Cluster 1, Occurrences: 1188
Cluster 2, Occurrences: 1157
Train Index: 3129
x_train: 3129
y_train: 3129
x_test: 348
y_test: 348
<torch.utils.data.dataloader.DataLoader object at 0x0000019BD9B40C88>
<torch.utils.data.dataloader.DataLoader object at 0x0000019BD9B40D30>
Epoch [1/8]: mean_loss=0.0004178163586270699
Epoch [2/8]: mean_loss=0.0002479389539514107
Epoch [3/8]: mean_loss=0.0002579452369044234
Epoch [4/8]: mean_loss=0.0002718774682775821
Epoch [5/8]: mean_loss=0.0002642791164927625
Epoch [6/8]: mean_loss=0.00025752849550069465
Epoch [7/8]: mean_loss=0.00024328872260240825
Epoch [8/8]: mean_loss=0.0002245988356608501
Number of Clusters: 3
Number of Samples after Autoencoder testing: 348
First Spike after testing: [-1.2624481  1.6141354]
[0, 0, 1, 0, 2, 1, 2, 1, 2, 0, 2, 2, 2, 0, 1, 0, 0, 2, 1, 2, 1, 2, 1, 0, 0, 2, 1, 2, 1, 2, 1, 0, 0, 2, 0, 2, 1, 0, 0, 1, 1, 1, 2, 0, 2, 0, 1, 1, 1, 0, 1, 1, 2, 2, 1, 1, 0, 0, 1, 0, 1, 1, 2, 0, 1, 2, 0, 2, 1, 0, 0, 2, 0, 1, 2, 1, 2, 2, 1, 2, 0, 2, 1, 0, 2, 2, 0, 2, 1, 1, 0, 1, 0, 2, 1, 0, 1, 1, 1, 2, 1, 0, 0, 0, 1, 2, 2, 0, 2, 0, 0, 2, 0, 2, 1, 0, 0, 1, 2, 1, 0, 0, 2, 0, 0, 0, 0, 0, 2, 2, 2, 2, 2, 1, 2, 0, 1, 1, 0, 2, 2, 2, 1, 1, 2, 1, 2, 1, 1, 1, 2, 2, 1, 2, 0, 0, 0, 1, 0, 2, 2, 0, 2, 2, 1, 1, 2, 0, 2, 0, 2, 1, 0, 0, 2, 0, 2, 0, 0, 1, 0, 0, 1, 2, 0, 2, 0, 1, 2, 1, 0, 2, 2, 1, 2, 1, 1, 1, 1, 1, 0, 1, 2, 2, 0, 2, 2, 0, 2, 1, 2, 2, 1, 0, 1, 2, 0, 1, 1, 1, 1, 2, 0, 2, 2, 1, 2, 2, 1, 0, 1, 2, 2, 1, 0, 2, 0, 1, 1, 1, 1, 0, 1, 0, 1, 1, 0, 1, 0, 2, 2, 2, 1, 0, 2, 1, 2, 0, 2, 1, 1, 1, 0, 2, 1, 2, 1, 0, 0, 0, 1, 2, 1, 2, 1, 1, 0, 0, 0, 1, 0, 2, 2, 1, 1, 2, 2, 2, 1, 1, 2, 1, 0, 2, 1, 2, 1, 1, 1, 0, 0, 0, 1, 0, 1, 2, 1, 1, 0, 2, 2, 1, 0, 0, 1, 1, 1, 1, 0, 1, 0, 2, 1, 0, 2, 2, 1, 2, 0, 2, 0, 2, 2, 2, 2, 0, 2, 1, 1, 1, 0, 1, 1, 2, 1, 1, 1, 1]
[0, 0, 1, 0, 2, 1, 2, 1, 2, 0, 2, 2, 2, 0, 1, 0, 0, 2, 1, 2, 1, 2, 1, 0, 0, 2, 1, 2, 1, 2, 3, 0, 0, 2, 0, 2, 1, 0, 4, 1, 3, 3, 2, 0, 2, 0, 1, 1, 3, 0, 1, 1, 2, 2, 1, 1, 0, 0, 1, 0, 1, 5, 2, 0, 1, 2, 0, 2, 6, 0, 0, 2, 7, 1, 2, 1, 2, 2, 6, 2, 0, 2, 1, 0, 2, 2, 0, 2, 1, 1, 0, 1, 0, 2, 3, 0, 1, 6, 1, 2, 5, 0, 0, 0, 1, 2, 2, 0, 2, 7, 0, 2, 0, 8, 8, 0, 0, 1, 2, 1, 0, 0, 2, 0, 0, 0, 0, 0, 2, 2, 2, 2, 2, 1, 2, 4, 1, 1, 0, 2, 2, 2, 1, 5, 2, 3, 2, 1, 3, 5, 2, 2, 3, 2, 0, 0, 4, 1, 0, 2, 2, 7, 2, 2, 1, 1, 2, 0, 2, 0, 2, 1, 0, 9, 2, 0, 2, 0, 0, 1, 4, 0, 1, 2, 4, 8, 0, 1, 2, 1, 0, 2, 2, 1, 2, 5, 1, 1, 1, 1, 0, 1, 2, 2, 0, 8, 2, 0, 8, 8, 2, 2, 5, 0, 3, 2, 0, 1, 3, 3, 5, 2, 0, 2, 2, 1, 2, 2, 1, 7, 1, 2, 2, 1, 0, 2, 0, 6, 3, 1, 1, 0, 1, 0, 6, 1, 4, 5, 4, 2, 2, 2, 3, 0, 2, 3, 2, 0, 2, 1, 1, 1, 0, 2, 1, 2, 5, 7, 0, 7, 1, 2, 1, 2, 1, 3, 7, 0, 4, 6, 4, 8, 8, 8, 1, 2, 2, 2, 5, 8, 2, 1, 0, 2, 6, 2, 8, 3, 3, 0, 4, 0, 3, 0, 1, 2, 1, 1, 0, 2, 2, 1, 0, 0, 1, 1, 1, 1, 4, 3, 0, 2, 1, 0, 2, 2, 3, 2, 4, 2, 0, 2, 2, 2, 2, 0, 2, 1, 3, 1, 4, 5, 5, 2, 1, 5, 5, 3]
Centroids: [[-1.2945037, 2.0784132], [0.025767244, -3.3965955], [2.1550467, 1.3159634]]
Centroids: [[-1.201085, 2.143176], [-0.09789488, -3.4447002], [2.1535082, 1.3998775], [0.18990178, -4.1731334], [-1.3672047, 1.4067556], [0.37101334, -2.7866046], [-1.0295533, -3.226543], [-2.3881185, 2.8342566], [2.005833, -0.6468927], [-0.44784063, 0.14370888]]
Contingency Matrix: 
[[ 83   0   0   0  13   0   0   7   0   1]
 [  0  80   0  22   0  14   7   0   5   0]
 [  0   0 110   0   0   0   0   0   6   0]]
[[83, 0, 0, 0, 13, 0, 0, 7, 0, 1], [0, 80, 0, 22, 0, 14, 7, 0, 5, 0], [0, 0, 110, 0, 0, 0, 0, 0, 6, 0]]
[[83, 0, 0, 0, 13, 0, 0, 7, 0, 1], [0, 80, 0, 22, 0, 14, 7, 0, 5, 0], [0, 0, 110, 0, 0, 0, 0, 0, 6, 0]]
[0, 1, 2, 3, 4, 5, 6, 7, 8, 9]
[[83, 0, -1, 0, 13, 0, 0, 7, 0, 1], [0, 80, -1, 22, 0, 14, 7, 0, 5, 0], [-1, -1, -1, -1, -1, -1, -1, -1, -1, -1]]
[[-1, -1, -1, -1, -1, -1, -1, -1, -1, -1], [-1, 80, -1, 22, 0, 14, 7, 0, 5, 0], [-1, -1, -1, -1, -1, -1, -1, -1, -1, -1]]
[[-1, -1, -1, -1, -1, -1, -1, -1, -1, -1], [-1, -1, -1, -1, -1, -1, -1, -1, -1, -1], [-1, -1, -1, -1, -1, -1, -1, -1, -1, -1]]
Match_Labels: {2: 2, 0: 0, 1: 1}
New Contingency Matrix: 
[[ 83   0   0   0  13   0   0   7   0   1]
 [  0  80   0  22   0  14   7   0   5   0]
 [  0   0 110   0   0   0   0   0   6   0]]
New Clustered Label Sequence: [0, 1, 2, 3, 4, 5, 6, 7, 8, 9]
Diagonal_Elements: [83, 80, 110], Sum: 273
All_Elements: [83, 0, 0, 0, 13, 0, 0, 7, 0, 1, 0, 80, 0, 22, 0, 14, 7, 0, 5, 0, 0, 0, 110, 0, 0, 0, 0, 0, 6, 0], Sum: 348
Accuracy: 0.7844827586206896
