Experiment_path: AE_Model_1/Normalization/Experiment_04_norm
Dataset_Path: ../_00_Datasets/03_SimDaten_Quiroga2020/C_Difficult2_noise015.mat
Dataset_name: ['03_SimDaten_Quiroga2020', 'C_Difficult2_noise015.mat']
Variant_name: V04_Off_AE_QL_norm
Visualisation_Path: AE_Model_1/Normalization/Experiment_04_norm/C_Difficult2_noise015.mat/V04_Off_AE_QL_norm/2023_06_04-20_27_15
Punishment_Coefficient: 0.6
<_01_LoadDataset.ExternCode.spike_class.spike_dataclass object at 0x000001A1B3B1E668>
Sampling rate: 24000.0
Raw: [-0.05565321 -0.04571496 -0.03115923 ...  0.1473638   0.13534729
  0.111692  ]
Times: [    418     529    1030 ... 1439028 1439080 1439623]
Cluster: [2 3 2 ... 3 1 3]
Number of different clusters:  3
Number of Spikes: 3440
First aligned Spike Frame: [-0.17099344 -0.1945709  -0.20692804 -0.21224585 -0.21123273 -0.19839621
 -0.16928805 -0.13455314 -0.10755804 -0.09418858 -0.09168847 -0.09014646
 -0.07785681 -0.05220219 -0.010559    0.05141874  0.13325345  0.23429051
  0.3635645   0.52201137  0.68833941  0.84629252  0.96368446  0.9673675
  0.80566127  0.51814506  0.20703252 -0.04483802 -0.21878317 -0.33306068
 -0.39936966 -0.41844164 -0.40822894 -0.3999483  -0.40801198 -0.43204789
 -0.46902504 -0.51735316 -0.56113271 -0.57967205 -0.56696316 -0.53144438
 -0.47215401 -0.37953885 -0.25698053 -0.12693248 -0.00995817]
Cluster 0, Occurrences: 1142
Cluster 1, Occurrences: 1113
Cluster 2, Occurrences: 1185
Train Index: 3096
x_train: 3096
y_train: 3096
x_test: 344
y_test: 344
<torch.utils.data.dataloader.DataLoader object at 0x000001A1B79139E8>
<torch.utils.data.dataloader.DataLoader object at 0x000001A1B7913D30>
Epoch [1/8]: mean_loss=0.0003076188178439396
Epoch [2/8]: mean_loss=0.0001885487061193651
Epoch [3/8]: mean_loss=0.00018658256962912238
Epoch [4/8]: mean_loss=0.00018617994731378763
Epoch [5/8]: mean_loss=0.00018629965046601182
Epoch [6/8]: mean_loss=0.00018605880092742832
Epoch [7/8]: mean_loss=0.00018561087598066383
Epoch [8/8]: mean_loss=0.00018472403225618914
Number of Clusters: 3
Number of Samples after Autoencoder testing: 342
First Spike after testing: [-0.7202934  -0.70891106]
[1, 0, 1, 2, 1, 0, 0, 0, 1, 0, 0, 0, 2, 2, 0, 2, 1, 2, 1, 1, 0, 1, 2, 1, 0, 2, 0, 2, 1, 1, 1, 2, 0, 1, 2, 2, 0, 2, 0, 2, 2, 0, 0, 0, 2, 1, 0, 0, 0, 2, 0, 1, 2, 0, 0, 1, 0, 1, 0, 1, 1, 0, 0, 2, 0, 1, 2, 0, 1, 2, 0, 1, 0, 2, 1, 0, 0, 0, 1, 0, 0, 1, 0, 0, 1, 0, 2, 0, 2, 0, 0, 1, 2, 1, 2, 1, 1, 0, 0, 1, 2, 2, 2, 2, 2, 0, 2, 2, 1, 2, 1, 0, 0, 2, 1, 1, 2, 1, 0, 1, 0, 2, 1, 1, 2, 2, 0, 1, 1, 0, 1, 1, 2, 0, 2, 1, 0, 2, 1, 2, 0, 2, 1, 1, 2, 0, 1, 0, 1, 0, 2, 1, 2, 1, 1, 1, 0, 1, 2, 1, 1, 0, 2, 1, 1, 0, 1, 2, 0, 2, 2, 0, 1, 0, 1, 1, 1, 1, 1, 0, 2, 0, 0, 2, 0, 2, 1, 1, 0, 1, 2, 0, 2, 0, 1, 2, 0, 2, 0, 2, 0, 0, 2, 0, 1, 0, 1, 0, 0, 1, 1, 0, 1, 2, 1, 0, 0, 1, 1, 0, 1, 0, 1, 2, 2, 1, 2, 0, 0, 2, 0, 2, 0, 1, 2, 0, 2, 1, 2, 1, 1, 0, 2, 0, 2, 1, 2, 0, 1, 2, 2, 1, 1, 0, 1, 0, 2, 0, 2, 1, 2, 0, 2, 2, 0, 0, 0, 1, 0, 0, 0, 1, 0, 0, 2, 1, 0, 1, 1, 2, 1, 0, 2, 1, 1, 0, 0, 0, 2, 2, 0, 0, 2, 1, 0, 0, 1, 2, 0, 0, 0, 2, 2, 0, 0, 2, 0, 1, 0, 0, 2, 1, 0, 2, 2, 2, 2, 1, 0, 2, 2, 1, 1, 2, 1, 1, 1, 1, 0, 2, 2, 1, 0, 2, 1, 2, 1, 2, 0, 2, 0, 2]
[0, 1, 0, 1, 0, 1, 1, 1, 0, 1, 1, 1, 1, 1, 1, 1, 0, 1, 0, 0, 1, 0, 1, 0, 1, 1, 1, 1, 0, 0, 0, 1, 1, 0, 1, 1, 1, 1, 1, 1, 1, 1, 1, 1, 1, 0, 1, 1, 1, 1, 1, 0, 1, 1, 1, 0, 1, 0, 1, 0, 0, 1, 1, 1, 1, 0, 1, 1, 0, 1, 1, 0, 1, 1, 0, 1, 1, 1, 0, 1, 1, 0, 1, 1, 0, 1, 1, 1, 1, 1, 1, 0, 1, 0, 1, 0, 0, 1, 0, 1, 1, 1, 1, 1, 1, 1, 1, 1, 0, 1, 0, 1, 1, 1, 0, 0, 1, 0, 1, 0, 1, 1, 0, 0, 1, 1, 1, 0, 0, 1, 0, 0, 1, 1, 1, 0, 1, 1, 0, 1, 1, 1, 0, 0, 1, 1, 0, 1, 0, 1, 1, 0, 1, 0, 0, 0, 1, 1, 1, 0, 0, 1, 1, 0, 0, 1, 0, 1, 1, 1, 1, 1, 0, 1, 0, 0, 0, 0, 0, 1, 1, 1, 1, 1, 1, 1, 0, 0, 1, 0, 1, 1, 1, 1, 0, 1, 1, 1, 1, 0, 1, 1, 1, 1, 0, 1, 0, 1, 1, 0, 0, 1, 0, 1, 0, 1, 1, 0, 0, 1, 0, 1, 0, 1, 1, 0, 1, 1, 1, 1, 1, 1, 1, 0, 1, 1, 1, 0, 1, 0, 0, 1, 1, 1, 1, 0, 1, 1, 0, 1, 1, 0, 0, 1, 0, 1, 1, 1, 1, 0, 1, 1, 1, 1, 1, 1, 1, 0, 1, 1, 1, 0, 1, 1, 1, 0, 1, 0, 0, 1, 0, 1, 1, 0, 0, 1, 1, 1, 1, 1, 1, 1, 1, 0, 1, 1, 0, 1, 1, 1, 1, 1, 1, 1, 1, 1, 1, 0, 1, 1, 1, 0, 1, 1, 1, 1, 1, 0, 1, 1, 1, 0, 0, 1, 0, 0, 0, 0, 1, 1, 1, 0, 1, 1, 0, 1, 0, 1, 1, 1, 1, 1]
Centroids: [[0.50383985, 0.48807544], [-0.7082144, -0.7208906], [-0.0025395642, 0.257986]]
Centroids: [[-0.7431503, -0.7378488], [0.29188052, 0.39229292]]
Standard Derivations: [0.21407914, 0.33878326, 0.20298386]
Cluster Distances: [1.1590589, 0.13913953, 1.1590589, 0.6649542, 0.13913953, 0.6649542]
Minimal Cluster Distance: 0.13913953304290771
Contingency Matrix: 
[[  1 125]
 [110   2]
 [  1 103]]
[[1, 125], [110, 2], [1, 103]]
[[1, 125, 0], [110, 2, 0], [1, 103, 0]]
[0, 1, 2]
[[-1, -1, -1], [110, -1, 0], [1, -1, 0]]
[[-1, -1, -1], [-1, -1, -1], [-1, -1, 0]]
[[-1, -1, -1], [-1, -1, -1], [-1, -1, -1]]
Match_Labels: {0: 1, 1: 0, 2: 2}
New Contingency Matrix: 
[[125   1   0]
 [  2 110   0]
 [103   1   0]]
New Clustered Label Sequence: [1, 0, 2]
Diagonal_Elements: [125, 110, 0], Sum: 235
All_Elements: [125, 1, 0, 2, 110, 0, 103, 1, 0], Sum: 342
Accuracy: 0.6871345029239766
Centroids: [[-0.3114139168589775, -0.2909538742553975], [0.12374710317134209, 0.15458859033052527]]
