Experiment_path: AE_Model_1/Random_Seeds//V4/Experiment_04_4
Dataset_Path: ../_00_Datasets/03_SimDaten_Quiroga2020/C_Easy2_noise015.mat
Dataset_name: ['03_SimDaten_Quiroga2020', 'C_Easy2_noise015.mat']
Variant_name: Variant_04_Offline_Autoencoder_QLearning
Visualisation_Path: Random_Seeds//V4/Experiment_04_4/C_Easy2_noise015.mat/Variant_04_Offline_Autoencoder_QLearning/2023_04_15-13_21_17
Punishment_Coefficient: 0.5
<_01_LoadDataset.ExternCode.spike_class.spike_dataclass object at 0x000002456AFDFB00>
Sampling rate: 24000.0
Raw: [0.10609669 0.12118301 0.13260104 ... 0.04210554 0.02260723 0.01955233]
Times: [    280    1061    1071 ... 1439631 1439716 1439810]
Cluster: [1 3 1 ... 2 2 3]
Number of different clusters:  3
Number of Spikes: 3411
First aligned Spike Frame: [ 2.02686231e-02  4.10226375e-02  5.47302833e-02  6.75455965e-02
  7.31110476e-02  7.55341824e-02  6.24087212e-02  3.48405580e-02
  4.67612510e-03  3.11249190e-03  8.94324356e-03  4.24616810e-04
 -6.85644094e-02 -1.88193358e-01 -2.95062164e-01 -3.04804993e-01
 -1.80968869e-01  9.08445140e-02  4.69281397e-01  8.12588139e-01
  1.01247328e+00  1.07477323e+00  1.05264776e+00  9.80941312e-01
  8.59493136e-01  7.23747425e-01  6.30635083e-01  6.09810792e-01
  6.21566307e-01  6.10615318e-01  5.92057940e-01  5.70062731e-01
  5.39545035e-01  4.88086979e-01  4.33332627e-01  3.78964556e-01
  3.25819622e-01  2.83509204e-01  2.65213838e-01  2.75311674e-01
  2.95781207e-01  3.01368080e-01  2.86879888e-01  2.42452837e-01
  1.98600507e-01  1.34431645e-01  5.92612532e-02]
Cluster 0, Occurrences: 1181
Cluster 1, Occurrences: 1098
Cluster 2, Occurrences: 1132
Train Index: 3070
x_train: 3070
y_train: 3070
x_test: 341
y_test: 341
<torch.utils.data.dataloader.DataLoader object at 0x000002456B35FE80>
<torch.utils.data.dataloader.DataLoader object at 0x000002456B35FEF0>
Epoch [1/8]: mean_loss=0.00045274785084267684
Epoch [2/8]: mean_loss=0.00020752546281920873
Epoch [3/8]: mean_loss=0.00020201228542332249
Epoch [4/8]: mean_loss=0.0001999421106615022
Epoch [5/8]: mean_loss=0.00019899340322186582
Epoch [6/8]: mean_loss=0.0001989169860052412
Epoch [7/8]: mean_loss=0.00019890912141080593
Epoch [8/8]: mean_loss=0.00019923538987370092
Number of Clusters: 3
Number of Samples after Autoencoder testing: 341
First Spike after testing: [0.22541599 0.8179027 ]
[1, 0, 0, 0, 2, 0, 0, 2, 2, 1, 0, 2, 1, 1, 1, 1, 1, 1, 1, 2, 2, 1, 2, 0, 2, 1, 2, 2, 0, 0, 0, 1, 2, 1, 0, 0, 2, 0, 2, 0, 0, 2, 1, 2, 1, 1, 0, 0, 1, 2, 2, 1, 1, 2, 2, 0, 0, 1, 0, 0, 2, 0, 1, 1, 0, 1, 0, 2, 0, 2, 1, 1, 0, 2, 2, 2, 2, 0, 2, 1, 2, 2, 2, 0, 0, 0, 0, 2, 0, 1, 0, 1, 1, 2, 2, 1, 1, 1, 2, 2, 0, 2, 1, 2, 2, 2, 0, 1, 1, 2, 1, 2, 1, 0, 1, 1, 0, 0, 2, 0, 0, 2, 2, 2, 0, 2, 0, 2, 0, 2, 1, 0, 0, 1, 1, 2, 2, 0, 2, 0, 1, 1, 1, 1, 1, 0, 0, 0, 1, 0, 1, 2, 1, 0, 2, 1, 1, 2, 2, 0, 0, 1, 0, 1, 2, 2, 1, 2, 2, 0, 1, 1, 0, 0, 1, 1, 0, 0, 0, 0, 0, 1, 1, 1, 2, 1, 0, 1, 1, 2, 2, 0, 0, 1, 1, 0, 0, 1, 0, 0, 2, 2, 2, 2, 0, 2, 1, 2, 0, 2, 1, 2, 2, 2, 1, 2, 1, 0, 2, 0, 2, 0, 1, 2, 2, 0, 2, 2, 2, 2, 0, 2, 0, 1, 1, 2, 1, 0, 0, 0, 2, 0, 1, 0, 2, 0, 0, 1, 1, 1, 1, 0, 1, 2, 2, 2, 0, 2, 0, 1, 1, 1, 2, 0, 2, 1, 0, 0, 0, 0, 0, 2, 0, 2, 2, 1, 0, 0, 1, 1, 1, 2, 0, 2, 1, 1, 0, 1, 0, 2, 1, 0, 2, 1, 1, 0, 0, 1, 1, 1, 2, 1, 1, 0, 0, 1, 2, 2, 1, 1, 2, 0, 0, 1, 1, 2, 2, 0, 0, 2, 0, 1, 2, 2, 1, 2, 0, 0, 1, 0, 2, 0, 0, 0, 1, 0, 2, 2, 1, 1, 2]
[0, 0, 0, 0, 1, 0, 0, 1, 1, 0, 0, 1, 0, 0, 0, 0, 0, 0, 0, 1, 1, 0, 2, 0, 1, 0, 1, 1, 0, 0, 0, 0, 2, 0, 0, 0, 1, 0, 1, 0, 0, 1, 0, 1, 0, 0, 0, 0, 0, 3, 1, 0, 0, 1, 2, 0, 0, 0, 0, 0, 1, 0, 0, 0, 0, 0, 0, 1, 4, 1, 0, 4, 4, 1, 1, 1, 2, 0, 1, 4, 3, 1, 2, 4, 4, 4, 4, 1, 0, 0, 0, 0, 0, 1, 1, 0, 0, 0, 1, 1, 0, 1, 5, 1, 2, 1, 4, 5, 0, 1, 5, 2, 0, 0, 0, 5, 0, 4, 2, 4, 0, 2, 2, 1, 0, 2, 0, 2, 0, 1, 5, 0, 4, 5, 5, 2, 2, 0, 1, 4, 5, 5, 5, 5, 5, 4, 0, 4, 0, 0, 5, 1, 5, 0, 2, 5, 5, 1, 1, 0, 0, 5, 0, 0, 1, 2, 5, 1, 2, 0, 4, 5, 4, 0, 5, 5, 0, 4, 0, 4, 0, 5, 5, 5, 2, 5, 0, 5, 5, 1, 1, 4, 0, 5, 5, 0, 0, 5, 4, 0, 1, 2, 1, 1, 0, 1, 5, 2, 0, 1, 5, 1, 1, 2, 0, 6, 5, 0, 1, 4, 1, 0, 5, 2, 1, 0, 1, 1, 6, 1, 4, 2, 4, 5, 5, 1, 5, 4, 0, 4, 2, 0, 5, 4, 2, 0, 0, 5, 5, 5, 0, 4, 0, 6, 1, 1, 4, 2, 0, 5, 5, 0, 2, 0, 1, 5, 4, 0, 4, 0, 4, 1, 4, 2, 1, 5, 4, 0, 5, 5, 5, 1, 0, 1, 0, 5, 4, 5, 4, 1, 5, 4, 2, 5, 5, 0, 4, 5, 0, 5, 6, 5, 5, 0, 0, 5, 6, 6, 5, 5, 1, 4, 0, 5, 0, 2, 1, 0, 0, 2, 4, 4, 1, 1, 5, 6, 4, 0, 5, 0, 1, 4, 0, 4, 5, 0, 1, 1, 5, 5, 2]
Centroids: [[0.5260423, 1.8486242], [0.16831173, 1.1788393], [-2.2413545, -0.8347673]]
Centroids: [[0.45113134, 1.5684419], [-2.0565922, -0.7389139], [-2.6846025, -1.1145175], [-4.015074, -1.8328879], [0.40783527, 2.1028197], [0.13285565, 1.0477331], [-1.5823175, -0.24295935]]
Contingency Matrix: 
[[77  0  0  0 40  0  0]
 [42  0  0  0  4 66  0]
 [ 0 71 32  2  0  0  7]]
[[77, 0, 0, 0, 40, 0, 0], [42, 0, 0, 0, 4, 66, 0], [0, 71, 32, 2, 0, 0, 7]]
[[77, 0, 0, 0, 40, 0, 0], [42, 0, 0, 0, 4, 66, 0], [0, 71, 32, 2, 0, 0, 7]]
[0, 1, 2, 3, 4, 5, 6]
[[-1, -1, -1, -1, -1, -1, -1], [-1, 0, 0, 0, 4, 66, 0], [-1, 71, 32, 2, 0, 0, 7]]
[[-1, -1, -1, -1, -1, -1, -1], [-1, -1, 0, 0, 4, 66, 0], [-1, -1, -1, -1, -1, -1, -1]]
[[-1, -1, -1, -1, -1, -1, -1], [-1, -1, -1, -1, -1, -1, -1], [-1, -1, -1, -1, -1, -1, -1]]
Match_Labels: {0: 0, 2: 1, 1: 5}
New Contingency Matrix: 
[[77  0  0  0  0 40  0]
 [42 66  0  0  0  4  0]
 [ 0  0 71 32  2  0  7]]
New Clustered Label Sequence: [0, 5, 1, 2, 3, 4, 6]
Diagonal_Elements: [77, 66, 71], Sum: 214
All_Elements: [77, 0, 0, 0, 0, 40, 0, 42, 66, 0, 0, 0, 4, 0, 0, 0, 71, 32, 2, 0, 7], Sum: 341
Accuracy: 0.6275659824046921
