Seed: 0
Experiment_path: AE_Model_2/Experiment_04
Dataset_Path: ../_00_Datasets/03_SimDaten_Quiroga2020/C_Easy1_noise005.mat
Dataset_name: ['03_SimDaten_Quiroga2020', 'C_Easy1_noise005.mat']
Variant_name: Variant_04_Offline_Autoencoder_QLearning
Visualisation_Path: Grid_Search_PC//V4/C_Easy1_noise005.mat/Variant_04_Offline_Autoencoder_QLearning/2023_04_21-04_56_16
Split Ratio: 0.9
Epochs: 8
Batch Size: 1
Input Size: 47
Number of Features: 2
Chosen Model: Convolutional Autoencoder
ConvolutionalAutoencoder(
  (encoder): Sequential(
    (0): Conv1d(1, 6, kernel_size=(6,), stride=(1,))
    (1): LeakyReLU(negative_slope=0.01)
    (2): Conv1d(6, 1, kernel_size=(6,), stride=(1,))
    (3): Flatten(start_dim=1, end_dim=-1)
    (4): Linear(in_features=37, out_features=2, bias=True)
  )
  (decoder): Sequential(
    (0): ConvTranspose1d(1, 6, kernel_size=(6,), stride=(1,))
    (1): LeakyReLU(negative_slope=0.01)
    (2): ConvTranspose1d(6, 1, kernel_size=(6,), stride=(1,))
    (3): Flatten(start_dim=1, end_dim=-1)
    (4): Linear(in_features=12, out_features=47, bias=True)
  )
)
MSELoss()
Adam (
Parameter Group 0
    amsgrad: False
    betas: (0.9, 0.999)
    capturable: False
    differentiable: False
    eps: 1e-08
    foreach: None
    fused: False
    lr: 0.001
    maximize: False
    weight_decay: 0
)
---Q Learning Parameters---
Normalisation: False
Punishment Coefficient: 1.1
Alpha: 0.8
Epsilon: 0.01
Gamma: 0.97
Initial Episode Number: 0
Episode Number Coefficient: 1.4
Number of Random Features: 20
Planning Number: 20
Max Random Features: 60
New Episode Number: 72
New Episode Number: 143
New Episode Number: 215
New Episode Number: 286
New Episode Number: 358
                0      1     2      3      4     5
new_cluster -7.25 -18.79 -2.49 -13.95 -17.84 -4.54
c1          -7.34 -17.98 -2.47 -13.42 -17.77 -5.34
c2          -7.27 -18.66 -2.47 -13.20 -17.84 -4.80
c3          -7.31 -18.03 -2.65 -13.62 -17.77 -7.13
c4          -7.34 -18.39 -2.49 -13.07 -17.84 -4.68
c5          -7.31 -18.03 -2.48 -13.33 -17.84 -5.45
\begin{tabular}{lrrrrrr}
\toprule
{} &     0 &      1 &     2 &      3 &      4 &     5 \\
\midrule
new\_cluster & -7.25 & -18.79 & -2.49 & -13.95 & -17.84 & -4.54 \\
c1          & -7.34 & -17.98 & -2.47 & -13.42 & -17.77 & -5.34 \\
c2          & -7.27 & -18.66 & -2.47 & -13.20 & -17.84 & -4.80 \\
c3          & -7.31 & -18.03 & -2.65 & -13.62 & -17.77 & -7.13 \\
c4          & -7.34 & -18.39 & -2.49 & -13.07 & -17.84 & -4.68 \\
c5          & -7.31 & -18.03 & -2.48 & -13.33 & -17.84 & -5.45 \\
\bottomrule
\end{tabular}

                                0             1  ...             4            5
new_cluster  [-4.84, new_cluster]  [-16.39, c1]  ...  [-15.33, c4]  [-2.13, c5]
c1           [-4.84, new_cluster]  [-15.58, c1]  ...  [-15.33, c4]  [-2.93, c5]
c2           [-4.84, new_cluster]  [-16.26, c1]  ...  [-15.33, c4]   [-2.4, c5]
c3           [-4.84, new_cluster]  [-15.63, c1]  ...  [-15.33, c4]  [-4.59, c5]
c4           [-4.84, new_cluster]  [-15.96, c1]  ...  [-15.33, c4]  [-2.25, c5]
c5           [-4.84, new_cluster]  [-15.63, c1]  ...  [-15.33, c4]  [-3.04, c5]

[6 rows x 6 columns]
\begin{tabular}{lllllll}
\toprule
{} &                     0 &             1 &            2 &             3 &             4 &            5 \\
\midrule
new\_cluster &  [-4.84, new\_cluster] &  [-16.39, c1] &  [-0.06, c2] &  [-11.38, c3] &  [-15.33, c4] &  [-2.13, c5] \\
c1          &  [-4.84, new\_cluster] &  [-15.58, c1] &  [-0.06, c2] &  [-10.86, c3] &  [-15.33, c4] &  [-2.93, c5] \\
c2          &  [-4.84, new\_cluster] &  [-16.26, c1] &  [-0.02, c2] &  [-10.63, c3] &  [-15.33, c4] &   [-2.4, c5] \\
c3          &  [-4.84, new\_cluster] &  [-15.63, c1] &  [-0.02, c2] &  [-11.06, c3] &  [-15.33, c4] &  [-4.59, c5] \\
c4          &  [-4.84, new\_cluster] &  [-15.96, c1] &  [-0.03, c2] &  [-10.51, c3] &  [-15.33, c4] &  [-2.25, c5] \\
c5          &  [-4.84, new\_cluster] &  [-15.63, c1] &  [-0.03, c2] &  [-10.76, c3] &  [-15.33, c4] &  [-3.04, c5] \\
\bottomrule
\end{tabular}

