Seed: 4
Experiment_path: Random_Seeds_DV5//V5_2/Experiment_05_4_opt_temp
Dataset_Path: ../_00_Datasets/03_SimDaten_Quiroga2020/C_Difficult1_noise015.mat
Dataset_name: ['03_SimDaten_Quiroga2020', 'C_Difficult1_noise015.mat']
Variant_name: Variant_05_Online_Autoencoder_QLearning_opt_temp
Visualisation_Path: Random_Seeds_DV5//V5_2/Experiment_05_4_opt_temp/C_Difficult1_noise015.mat/Variant_05_Online_Autoencoder_QLearning_opt_temp/2023_04_05-09_36_46
Normalisation: False
Template Matching: True
Optimising Autoencoder: True
Update Factor: 100
Noisy Batches: False
Noisy Factor: 0.1
Epochs: 8
Batch Size: 1
maximal Spikes for Autoencoder Training : 700
maximal Spikes for Training: 1000
Input Size: 47
Chosen Model: Autoencoder
Autoencoder(
  (encoder): Sequential(
    (0): Linear(in_features=47, out_features=12, bias=True)
    (1): LeakyReLU(negative_slope=0.01)
    (2): Linear(in_features=12, out_features=2, bias=True)
  )
  (decoder): Sequential(
    (0): Linear(in_features=2, out_features=12, bias=True)
    (1): LeakyReLU(negative_slope=0.01)
    (2): Linear(in_features=12, out_features=47, bias=True)
  )
)
MSELoss()
Adam (
Parameter Group 0
    amsgrad: False
    betas: (0.9, 0.999)
    capturable: False
    differentiable: False
    eps: 1e-08
    foreach: None
    fused: False
    lr: 0.001
    maximize: False
    weight_decay: 0
)
---Q Learning Parameters---
Normalisation: False
Punishment Coefficient: 0.35
Alpha: 0.8
Epsilon: 0.01
Gamma: 0.97
Initial Episode Number: 0
Episode Number Coefficient: 1.4
Number of Random Features: 20
Planning Number: 20
Max Random Features: 60
New Episode Number: 72
New Episode Number: 143
New Episode Number: 215
New Episode Number: 286
New Episode Number: 358
                0     1     2     3     4     5
new_cluster -2.08 -2.10 -3.26 -1.63 -1.87 -9.61
c1          -2.08 -2.10 -3.08 -1.64 -1.79 -9.63
c2          -2.08 -2.18 -3.32 -1.72 -1.90 -9.61
c3          -2.08 -2.14 -3.17 -1.64 -1.84 -9.63
c4          -2.08 -2.14 -3.10 -1.67 -1.82 -9.63
c5          -2.08 -2.13 -3.17 -1.67 -1.85 -9.61
                                0            1  ...            4            5
new_cluster  [-0.49, new_cluster]  [-0.53, c1]  ...  [-0.25, c4]  [-8.02, c5]
c1           [-0.49, new_cluster]  [-0.52, c1]  ...  [-0.17, c4]  [-8.02, c5]
c2           [-0.49, new_cluster]   [-0.6, c1]  ...  [-0.28, c4]  [-8.02, c5]
c3           [-0.49, new_cluster]  [-0.57, c1]  ...  [-0.23, c4]  [-8.02, c5]
c4           [-0.49, new_cluster]  [-0.56, c1]  ...   [-0.2, c4]  [-8.02, c5]
c5           [-0.49, new_cluster]  [-0.55, c1]  ...  [-0.24, c4]  [-8.02, c5]

[6 rows x 6 columns]
