Experiment_path: AE_Model_1/Normalization/Experiment_04_norm
Dataset_Path: ../_00_Datasets/03_SimDaten_Quiroga2020/C_Easy1_noise035.mat
Dataset_name: ['03_SimDaten_Quiroga2020', 'C_Easy1_noise035.mat']
Variant_name: V04_Off_AE_QL_norm
Visualisation_Path: AE_Model_1/Normalization/Experiment_04_norm/C_Easy1_noise035.mat/V04_Off_AE_QL_norm/2023_06_04-20_32_21
Punishment_Coefficient: 1.0
<_01_LoadDataset.ExternCode.spike_class.spike_dataclass object at 0x000001A1B7B02F60>
Sampling rate: 24000.0
Raw: [-0.01748803 -0.01945498 -0.02011069 ... -0.20744344 -0.24709427
 -0.25077586]
Times: [    662    1043    2861 ... 1439172 1439620 1439793]
Cluster: [1 2 3 ... 3 3 2]
Number of different clusters:  3
Number of Spikes: 3534
First aligned Spike Frame: [ 0.43999329  0.4839933   0.52909327  0.52642944  0.43496308  0.26335103
  0.0652557  -0.09376199 -0.19786698 -0.28302287 -0.39101775 -0.51215993
 -0.44771361  0.07217119  0.76700554  0.91966677  0.38465989 -0.27458603
 -0.59813837 -0.63307973 -0.5997719  -0.60009658 -0.61792931 -0.61010846
 -0.56778745 -0.50195254 -0.4233035  -0.35404397 -0.29120082 -0.20969116
 -0.09592158  0.02951377  0.1302449   0.18393993  0.21396859  0.24968719
  0.25635801  0.17294061 -0.01474948 -0.24084414 -0.43698551 -0.59191978
 -0.72153644 -0.80995398 -0.82451785 -0.75320979 -0.64145157]
Cluster 0, Occurrences: 1208
Cluster 1, Occurrences: 1137
Cluster 2, Occurrences: 1189
Train Index: 3181
x_train: 3181
y_train: 3181
x_test: 353
y_test: 353
<torch.utils.data.dataloader.DataLoader object at 0x000001A1B8436EB8>
<torch.utils.data.dataloader.DataLoader object at 0x000001A1B8436AC8>
Epoch [1/8]: mean_loss=0.0009579717262722118
Epoch [2/8]: mean_loss=0.000675884453437494
Epoch [3/8]: mean_loss=0.000662073449380122
Epoch [4/8]: mean_loss=0.0006543281756011205
Epoch [5/8]: mean_loss=0.0006502141147800416
Epoch [6/8]: mean_loss=0.0006424843476243793
Epoch [7/8]: mean_loss=0.0006441017601103837
Epoch [8/8]: mean_loss=0.0006453770172425934
Number of Clusters: 3
Number of Samples after Autoencoder testing: 351
First Spike after testing: [-1.2786189  1.2166692]
[2, 1, 2, 1, 0, 0, 1, 0, 0, 0, 2, 2, 1, 2, 2, 2, 1, 2, 2, 1, 0, 2, 1, 1, 2, 1, 2, 0, 0, 1, 2, 2, 0, 0, 2, 0, 0, 2, 1, 2, 1, 1, 2, 1, 2, 0, 0, 1, 2, 0, 2, 2, 1, 1, 1, 2, 1, 0, 2, 0, 1, 1, 0, 1, 2, 1, 1, 2, 2, 1, 2, 0, 2, 1, 2, 2, 1, 1, 1, 2, 0, 0, 0, 1, 2, 0, 0, 0, 2, 1, 0, 1, 0, 2, 1, 0, 2, 1, 0, 1, 1, 0, 2, 1, 2, 2, 0, 0, 2, 0, 2, 2, 0, 2, 0, 0, 2, 2, 0, 2, 0, 2, 0, 1, 0, 0, 0, 0, 2, 2, 0, 0, 1, 0, 1, 2, 0, 2, 1, 2, 0, 0, 1, 1, 1, 2, 0, 1, 1, 1, 0, 1, 2, 2, 1, 0, 1, 1, 2, 0, 0, 0, 0, 0, 0, 1, 2, 0, 2, 2, 2, 0, 2, 0, 1, 2, 0, 1, 2, 1, 2, 0, 1, 1, 0, 0, 2, 0, 1, 1, 1, 1, 2, 2, 1, 1, 1, 2, 0, 2, 0, 1, 2, 1, 0, 0, 2, 0, 2, 1, 0, 2, 0, 2, 0, 1, 0, 0, 0, 0, 1, 2, 2, 1, 1, 1, 2, 1, 0, 1, 1, 2, 2, 2, 2, 2, 2, 2, 0, 1, 2, 2, 2, 1, 0, 0, 1, 1, 0, 0, 2, 2, 1, 2, 2, 1, 2, 0, 0, 1, 2, 2, 2, 1, 0, 2, 0, 1, 0, 0, 1, 1, 0, 1, 2, 2, 2, 0, 2, 1, 2, 0, 2, 1, 1, 1, 0, 2, 1, 0, 0, 1, 2, 1, 0, 1, 0, 2, 2, 1, 1, 2, 1, 1, 1, 0, 1, 1, 1, 2, 0, 0, 1, 2, 0, 2, 2, 2, 1, 0, 1, 0, 1, 0, 2, 0, 2, 2, 1, 0, 1, 0, 2, 1, 0, 2, 0, 1, 1, 1, 1, 0, 1, 2, 2, 2, 0, 2, 2, 2, 1]
[0, 1, 1, 1, 1, 1, 1, 1, 1, 1, 1, 1, 1, 1, 1, 1, 1, 1, 1, 1, 1, 1, 1, 1, 1, 1, 1, 1, 1, 1, 1, 1, 1, 1, 1, 1, 1, 1, 1, 1, 1, 1, 1, 1, 1, 1, 1, 1, 1, 1, 1, 1, 1, 1, 1, 1, 1, 1, 1, 1, 1, 1, 1, 1, 1, 1, 1, 1, 1, 1, 1, 1, 1, 1, 1, 1, 1, 1, 1, 1, 1, 1, 1, 1, 1, 1, 1, 1, 1, 1, 1, 1, 1, 1, 1, 1, 1, 1, 1, 1, 1, 1, 1, 1, 1, 1, 1, 1, 1, 1, 1, 1, 1, 1, 1, 1, 1, 1, 1, 1, 1, 1, 1, 1, 1, 1, 1, 1, 1, 1, 1, 1, 1, 1, 1, 1, 1, 1, 1, 1, 1, 1, 1, 1, 1, 1, 1, 1, 1, 1, 1, 1, 1, 1, 1, 1, 1, 1, 1, 1, 1, 1, 1, 1, 1, 1, 1, 1, 1, 1, 1, 1, 1, 1, 1, 1, 1, 1, 1, 1, 1, 1, 1, 1, 1, 1, 1, 1, 1, 1, 1, 1, 1, 1, 1, 1, 1, 1, 1, 1, 1, 1, 1, 1, 1, 1, 1, 1, 1, 1, 1, 1, 1, 1, 1, 1, 1, 1, 1, 1, 1, 1, 1, 1, 1, 1, 1, 1, 1, 1, 1, 1, 1, 1, 1, 1, 1, 1, 1, 1, 1, 1, 1, 1, 1, 1, 1, 1, 1, 1, 1, 1, 1, 1, 1, 1, 1, 1, 1, 1, 1, 1, 1, 1, 1, 1, 1, 1, 1, 1, 1, 1, 1, 1, 1, 1, 1, 1, 1, 1, 1, 1, 1, 1, 1, 1, 1, 1, 1, 1, 1, 1, 1, 1, 1, 1, 1, 1, 1, 1, 1, 1, 1, 1, 1, 1, 1, 1, 1, 1, 1, 1, 1, 1, 1, 1, 1, 1, 1, 1, 1, 1, 1, 1, 1, 1, 1, 1, 1, 1, 1, 1, 1, 1, 1, 1, 1, 1, 1, 1, 1, 1, 1, 1, 1, 1, 1, 1, 1, 1, 1]
Centroids: [[0.18053392, 0.24999471], [-0.060082912, -2.6221077], [0.20737642, 1.1995425]]
Centroids: [[-1.2786189, 1.2166692], [0.11438884, -0.37096584]]
Standard Derivations: [0.32677892, 0.5339674, 0.67364115]
Cluster Distances: [2.0214176, -0.050492942, 2.0214176, 2.6233892, -0.050492913, 2.6233892]
Minimal Cluster Distance: -0.050492942333221436
Contingency Matrix: 
[[  0 112]
 [  0 116]
 [  1 122]]
[[0, 112], [0, 116], [1, 122]]
[[0, 112, 0], [0, 116, 0], [1, 122, 0]]
[0, 1, 2]
[[0, -1, 0], [0, -1, 0], [-1, -1, -1]]
[[-1, -1, -1], [-1, -1, 0], [-1, -1, -1]]
[[-1, -1, -1], [-1, -1, -1], [-1, -1, -1]]
Match_Labels: {2: 1, 0: 0, 1: 2}
New Contingency Matrix: 
[[  0   0 112]
 [  0   0 116]
 [  1   0 122]]
New Clustered Label Sequence: [0, 2, 1]
Diagonal_Elements: [0, 0, 122], Sum: 122
All_Elements: [0, 0, 112, 0, 0, 116, 1, 0, 122], Sum: 351
Accuracy: 0.3475783475783476
Centroids: [[-0.9639820456504822, 1.7507234811782837], [0.03869444145979027, -0.04910740623495907]]
