Experiment_path: AE_Model_2/Normalization/Experiment_04_norm
Dataset_Path: ../_00_Datasets/03_SimDaten_Quiroga2020/C_Easy1_noise030.mat
Dataset_name: ['03_SimDaten_Quiroga2020', 'C_Easy1_noise030.mat']
Variant_name: V04_Off_AE_QL_norm
Visualisation_Path: AE_Model_2/Normalization/Experiment_04_norm/C_Easy1_noise030.mat/V04_Off_AE_QL_norm/2023_06_04-19_46_56
Punishment_Coefficient: 1.5
<_01_LoadDataset.ExternCode.spike_class.spike_dataclass object at 0x0000018FB6F90400>
Sampling rate: 24000.0
Raw: [0.08699461 0.08768749 0.09047398 ... 0.00793535 0.04192906 0.07540523]
Times: [    109     286     672 ... 1438732 1439041 1439176]
Cluster: [3 2 3 ... 2 1 2]
Number of different clusters:  3
Number of Spikes: 3475
First aligned Spike Frame: [ 0.24838055  0.3968745   0.4994273   0.56717131  0.62437383  0.6710342
  0.6751285   0.62114176  0.54776115  0.51498001  0.55727438  0.67535688
  0.8518956   1.0665341   1.2479893   1.28963743  1.15621047  0.92299039
  0.68934948  0.49064578  0.29688022  0.08718391 -0.09567419 -0.18884929
 -0.19110403 -0.16315565 -0.16207475 -0.19314602 -0.21851792 -0.21534689
 -0.19320808 -0.18259624 -0.20407859 -0.25441706 -0.31051347 -0.35274265
 -0.36843999 -0.35552317 -0.31821193 -0.2558418  -0.17609511 -0.11324907
 -0.10743416 -0.17666352 -0.28550824 -0.38347104 -0.44318272]
Cluster 0, Occurrences: 1162
Cluster 1, Occurrences: 1164
Cluster 2, Occurrences: 1149
Train Index: 3128
x_train: 3128
y_train: 3128
x_test: 347
y_test: 347
<torch.utils.data.dataloader.DataLoader object at 0x0000018FBB8E4240>
<torch.utils.data.dataloader.DataLoader object at 0x0000018FBB8E44A8>
Epoch [1/8]: mean_loss=0.0008447953747571125
Epoch [2/8]: mean_loss=0.0006893196916136214
Epoch [3/8]: mean_loss=0.0006232437817022548
Epoch [4/8]: mean_loss=0.0005804463518935891
Epoch [5/8]: mean_loss=0.0005617289597887898
Epoch [6/8]: mean_loss=0.0005544727895042056
Epoch [7/8]: mean_loss=0.0005464424248760962
Epoch [8/8]: mean_loss=0.0005435249884315121
Number of Clusters: 3
Number of Samples after Autoencoder testing: 345
First Spike after testing: [ 1.7609503 -3.2776437]
[1, 0, 2, 0, 2, 0, 1, 1, 2, 1, 1, 0, 1, 2, 2, 2, 1, 0, 2, 1, 2, 0, 0, 0, 1, 2, 0, 0, 1, 0, 2, 0, 0, 1, 2, 1, 1, 0, 1, 0, 1, 0, 1, 2, 2, 2, 0, 2, 1, 0, 1, 1, 0, 1, 0, 2, 0, 1, 0, 1, 2, 1, 1, 0, 0, 0, 0, 1, 2, 2, 0, 2, 1, 0, 1, 2, 2, 1, 0, 1, 1, 0, 0, 0, 0, 1, 2, 2, 0, 0, 2, 2, 2, 1, 0, 2, 0, 2, 1, 2, 2, 1, 0, 0, 1, 2, 0, 1, 2, 0, 2, 1, 1, 2, 1, 1, 2, 2, 1, 0, 2, 2, 1, 0, 2, 1, 0, 0, 1, 2, 1, 1, 0, 1, 2, 1, 0, 1, 1, 2, 0, 1, 2, 1, 2, 1, 2, 1, 0, 0, 0, 2, 1, 2, 2, 0, 1, 2, 2, 1, 0, 0, 0, 2, 0, 2, 1, 1, 1, 2, 1, 0, 1, 1, 0, 0, 2, 2, 0, 0, 2, 0, 2, 2, 0, 2, 0, 0, 1, 2, 2, 2, 2, 2, 1, 0, 2, 2, 2, 0, 0, 2, 1, 0, 0, 1, 2, 1, 2, 2, 1, 0, 1, 2, 1, 0, 1, 2, 2, 1, 1, 2, 2, 2, 0, 0, 0, 0, 0, 2, 2, 1, 2, 1, 2, 1, 2, 0, 2, 1, 0, 2, 2, 2, 0, 0, 1, 1, 2, 1, 1, 1, 0, 1, 0, 0, 0, 2, 0, 2, 1, 2, 0, 1, 2, 0, 2, 0, 2, 1, 2, 2, 2, 1, 2, 0, 0, 2, 0, 0, 0, 1, 2, 1, 0, 1, 2, 0, 2, 0, 1, 2, 2, 2, 1, 1, 2, 2, 1, 2, 1, 1, 1, 2, 1, 1, 1, 2, 2, 2, 1, 1, 0, 2, 0, 0, 2, 2, 0, 2, 2, 0, 2, 0, 0, 1, 0, 0, 0, 0, 1, 2, 2, 1, 2, 1, 2, 1, 1, 0, 1, 0, 1, 0, 1]
[0, 0, 0, 0, 0, 0, 0, 0, 0, 0, 0, 0, 0, 0, 0, 0, 0, 0, 0, 0, 0, 0, 0, 0, 0, 0, 0, 0, 0, 0, 0, 0, 0, 0, 0, 0, 0, 0, 0, 0, 0, 0, 0, 0, 0, 0, 0, 0, 0, 0, 0, 0, 0, 0, 0, 0, 0, 0, 0, 0, 0, 0, 0, 0, 0, 0, 0, 0, 0, 0, 0, 0, 0, 0, 0, 0, 0, 0, 0, 0, 0, 0, 0, 0, 0, 0, 0, 0, 0, 0, 0, 0, 0, 0, 0, 0, 0, 0, 0, 0, 0, 0, 0, 0, 0, 0, 0, 0, 0, 0, 0, 0, 0, 0, 0, 0, 0, 0, 0, 0, 0, 0, 0, 0, 0, 0, 0, 0, 0, 0, 0, 0, 0, 0, 0, 0, 0, 0, 0, 0, 0, 0, 0, 0, 0, 0, 0, 0, 0, 0, 0, 0, 0, 0, 0, 0, 0, 0, 0, 0, 0, 0, 0, 0, 0, 0, 0, 0, 0, 0, 0, 0, 0, 0, 0, 0, 0, 0, 0, 0, 0, 0, 0, 0, 0, 0, 0, 0, 0, 0, 0, 0, 0, 0, 0, 0, 0, 0, 0, 0, 0, 0, 0, 0, 0, 0, 0, 0, 0, 0, 0, 0, 0, 0, 0, 0, 0, 0, 0, 0, 0, 0, 0, 0, 0, 0, 0, 0, 0, 0, 0, 0, 0, 0, 0, 0, 0, 0, 0, 0, 0, 0, 0, 0, 0, 0, 0, 0, 0, 0, 0, 0, 0, 0, 0, 0, 0, 0, 0, 0, 0, 0, 0, 0, 0, 0, 0, 0, 0, 0, 0, 0, 0, 0, 0, 0, 0, 0, 0, 0, 0, 0, 0, 0, 0, 0, 0, 0, 0, 0, 0, 0, 0, 0, 0, 0, 0, 0, 0, 0, 0, 0, 0, 0, 0, 0, 0, 0, 0, 0, 0, 0, 0, 0, 0, 0, 0, 0, 0, 0, 0, 0, 0, 0, 0, 0, 0, 0, 0, 0, 0, 0, 0, 0, 0, 0, 0, 0, 0, 0, 0, 0, 0, 0, 0]
Centroids: [[-2.7256405, 1.2263902], [1.4040205, -2.224134], [0.12310082, 3.0247564]]
Centroids: [[-0.37761602, 0.7421641]]
Standard Derivations: [0.571163, 0.7329913, 0.46744424]
Cluster Distances: [4.0773153, 2.330287, 4.0773153, 4.20249, 2.330287, 4.20249]
Minimal Cluster Distance: 2.330286979675293
Contingency Matrix: 
[[111]
 [112]
 [122]]
[[111], [112], [122]]
[[111, 0, 0], [112, 0, 0], [122, 0, 0]]
[0, 1, 2]
[[-1, 0, 0], [-1, 0, 0], [-1, -1, -1]]
[[-1, -1, -1], [-1, -1, 0], [-1, -1, -1]]
[[-1, -1, -1], [-1, -1, -1], [-1, -1, -1]]
Match_Labels: {2: 0, 0: 1, 1: 2}
New Contingency Matrix: 
[[  0   0 111]
 [  0   0 112]
 [  0   0 122]]
New Clustered Label Sequence: [1, 2, 0]
Diagonal_Elements: [0, 0, 122], Sum: 122
All_Elements: [0, 0, 111, 0, 0, 112, 0, 0, 122], Sum: 345
Accuracy: 0.3536231884057971
Centroids: [[-0.05334670923589526, 0.0874007679791986]]
