Experiment_path: AE_Model_2/Random_Seeds_DV5//V5_1/Experiment_05_8_opt
Dataset_Path: ../_00_Datasets/03_SimDaten_Quiroga2020/C_Difficult1_noise005.mat
Dataset_name: ['03_SimDaten_Quiroga2020', 'C_Difficult1_noise005.mat']
Variant_name: Variant_05_Online_Autoencoder_QLearning_opt
Visualisation_Path: AE_Model_2/Random_Seeds_DV5//V5_1/Experiment_05_8_opt/C_Difficult1_noise005.mat/Variant_05_Online_Autoencoder_QLearning_opt/2023_04_23-11_42_47
Punishment_Coefficient: 0.4
<_01_LoadDataset.ExternCode.spike_class.spike_dataclass object at 0x000001AA1F9FE3C8>
Sampling rate: 24000.0
Raw: [-0.02396372 -0.02524464 -0.02236968 ... -0.00445509 -0.00436778
 -0.00470578]
Times: [    634     868    2584 ... 1437994 1438740 1439460]
Cluster: [3 2 3 ... 1 2 3]
Number of different clusters:  3
Number of Spikes: 3383
First aligned Spike Frame: [ 0.00503762 -0.00373478 -0.02417005 -0.05492281 -0.07823403 -0.07649548
 -0.06285267 -0.06865366 -0.09676273 -0.11004904 -0.09516198 -0.02689536
  0.18218225  0.56508663  0.95357316  1.00263054  0.57634096 -0.04324787
 -0.47305592 -0.6155027  -0.61852552 -0.60964372 -0.60484482 -0.57289026
 -0.52334621 -0.49235523 -0.47468281 -0.4416077  -0.40763637 -0.38725194
 -0.36627613 -0.33462257 -0.30781191 -0.30310449 -0.30176569 -0.28764362
 -0.27487686 -0.27588822 -0.27512317 -0.25186462 -0.21649826 -0.18877803
 -0.16831802 -0.15216626 -0.15550926 -0.17919117 -0.19056035]
Cluster 0, Occurrences: 1115
Cluster 1, Occurrences: 1113
Cluster 2, Occurrences: 1155
Number of Clusters: 3
Online_Training [1/700]: mean_loss=0.20045172795653343
Online_Training [2/700]: mean_loss=0.11967928893864155
Online_Training [3/700]: mean_loss=0.17330278642475605
Online_Training [4/700]: mean_loss=0.1254857387393713
Online_Training [5/700]: mean_loss=0.08786915801465511
Online_Training [6/700]: mean_loss=0.1165417367592454
Online_Training [7/700]: mean_loss=0.06251309812068939
Online_Training [8/700]: mean_loss=0.05639911815524101
Online_Training [9/700]: mean_loss=0.04837459186092019
Online_Training [10/700]: mean_loss=0.03929156344383955
Online_Training [11/700]: mean_loss=0.038280538748949766
Online_Training [12/700]: mean_loss=0.03757668985053897
Online_Training [13/700]: mean_loss=0.02518927864730358
Online_Training [14/700]: mean_loss=0.022066156612709165
Online_Training [15/700]: mean_loss=0.06665453733876348
Online_Training [16/700]: mean_loss=0.025741144316270947
Online_Training [17/700]: mean_loss=0.043723540380597115
Online_Training [18/700]: mean_loss=0.024456185521557927
Online_Training [19/700]: mean_loss=0.01811756589449942
Online_Training [20/700]: mean_loss=0.006760607240721583
Online_Training [21/700]: mean_loss=0.00828533002641052
Online_Training [22/700]: mean_loss=0.1497290264815092
Online_Training [23/700]: mean_loss=0.12747580744326115
Online_Training [24/700]: mean_loss=0.015997204463928938
Online_Training [25/700]: mean_loss=0.018458160804584622
Online_Training [26/700]: mean_loss=0.04157042410224676
Online_Training [27/700]: mean_loss=0.02419927972368896
Online_Training [28/700]: mean_loss=0.017262092791497707
Online_Training [29/700]: mean_loss=0.01957248291000724
Online_Training [30/700]: mean_loss=0.010454912087880075
Online_Training [31/700]: mean_loss=0.009269885020330548
Online_Training [32/700]: mean_loss=0.003416405350435525
Online_Training [33/700]: mean_loss=0.012954438105225563
Online_Training [34/700]: mean_loss=0.01600352255627513
Online_Training [35/700]: mean_loss=0.0897751348093152
Online_Training [36/700]: mean_loss=0.08611176628619432
Online_Training [37/700]: mean_loss=0.020213746465742588
Online_Training [38/700]: mean_loss=0.026753457961604
Online_Training [39/700]: mean_loss=0.02581843943335116
Online_Training [40/700]: mean_loss=0.01093076472170651
Online_Training [41/700]: mean_loss=0.010533121065236628
Online_Training [42/700]: mean_loss=0.02562821563333273
Online_Training [43/700]: mean_loss=0.016163565567694604
Online_Training [44/700]: mean_loss=0.01599725114647299
Online_Training [45/700]: mean_loss=0.01859735161997378
Online_Training [46/700]: mean_loss=0.03681250894442201
Online_Training [47/700]: mean_loss=0.1598435491323471
Online_Training [48/700]: mean_loss=0.07254020683467388
Online_Training [49/700]: mean_loss=0.34475427865982056
Online_Training [50/700]: mean_loss=0.04359462345018983
Online_Training [51/700]: mean_loss=0.04375159787014127
Online_Training [52/700]: mean_loss=0.04427156876772642
Online_Training [53/700]: mean_loss=0.022260080324485898
Online_Training [54/700]: mean_loss=0.01969151757657528
Online_Training [55/700]: mean_loss=0.014493039925582707
Online_Training [56/700]: mean_loss=0.03344998718239367
Online_Training [57/700]: mean_loss=0.026408820180222392
Online_Training [58/700]: mean_loss=0.05249624652788043
Online_Training [59/700]: mean_loss=0.02525428868830204
Online_Training [60/700]: mean_loss=0.011948059080168605
Online_Training [61/700]: mean_loss=0.021838458487764
Online_Training [62/700]: mean_loss=0.020992252742871642
Online_Training [63/700]: mean_loss=0.00824237137567252
Online_Training [64/700]: mean_loss=0.00902133755153045
Online_Training [65/700]: mean_loss=0.021059875609353185
Online_Training [66/700]: mean_loss=0.003825801715720445
Online_Training [67/700]: mean_loss=0.01730919547844678
Online_Training [68/700]: mean_loss=0.01666236692108214
Online_Training [69/700]: mean_loss=0.013516806648112833
Online_Training [70/700]: mean_loss=0.008652118674945086
Online_Training [71/700]: mean_loss=0.011422949144616723
Online_Training [72/700]: mean_loss=0.004933986143441871
Online_Training [73/700]: mean_loss=0.013324557919986546
Online_Training [74/700]: mean_loss=0.010112870368175209
Online_Training [75/700]: mean_loss=0.017466766061261296
Online_Training [76/700]: mean_loss=0.017228638287633657
Online_Training [77/700]: mean_loss=0.014568488812074065
Online_Training [78/700]: mean_loss=0.01427793363109231
Online_Training [79/700]: mean_loss=0.004595636419253424
Online_Training [80/700]: mean_loss=0.01138047082349658
Online_Training [81/700]: mean_loss=0.011683267774060369
Online_Training [82/700]: mean_loss=0.004955588286975399
Online_Training [83/700]: mean_loss=0.01886818907223642
Online_Training [84/700]: mean_loss=0.022597213508561254
Online_Training [85/700]: mean_loss=0.0569717101752758
Online_Training [86/700]: mean_loss=0.021369652124121785
Online_Training [87/700]: mean_loss=0.02794027584604919
Online_Training [88/700]: mean_loss=0.014335155254229903
Online_Training [89/700]: mean_loss=0.014920145506039262
Online_Training [90/700]: mean_loss=0.0208794423379004
Online_Training [91/700]: mean_loss=0.014520023833028972
Online_Training [92/700]: mean_loss=0.005274619266856462
Online_Training [93/700]: mean_loss=0.011986246448941529
Online_Training [94/700]: mean_loss=0.00867396267130971
Online_Training [95/700]: mean_loss=0.010854722233489156
Online_Training [96/700]: mean_loss=0.006288599455729127
Online_Training [97/700]: mean_loss=0.015588468289934099
Online_Training [98/700]: mean_loss=0.052338273730129004
Online_Training [99/700]: mean_loss=0.01788773573935032
Online_Training [100/700]: mean_loss=0.01081909949425608
Online_Training [101/700]: mean_loss=0.013854371383786201
Online_Training [102/700]: mean_loss=0.008089857059530914
Online_Training [103/700]: mean_loss=0.02082909643650055
Online_Training [104/700]: mean_loss=0.007407482364214957
Online_Training [105/700]: mean_loss=0.014165100525133312
Online_Training [106/700]: mean_loss=0.009984038886614144
Online_Training [107/700]: mean_loss=0.005729282042011619
Online_Training [108/700]: mean_loss=0.00544026168063283
Online_Training [109/700]: mean_loss=0.0073489968199282885
Online_Training [110/700]: mean_loss=0.009864665335044265
Online_Training [111/700]: mean_loss=0.004638974758563563
Online_Training [112/700]: mean_loss=0.003773621952859685
Online_Training [113/700]: mean_loss=0.01377237995620817
Online_Training [114/700]: mean_loss=0.018223456805571914
Online_Training [115/700]: mean_loss=0.007224722998216748
Online_Training [116/700]: mean_loss=0.00809355330420658
Online_Training [117/700]: mean_loss=0.012000333983451128
Online_Training [118/700]: mean_loss=0.016655871644616127
Online_Training [119/700]: mean_loss=0.012314652209170163
Online_Training [120/700]: mean_loss=0.015660803415812552
Online_Training [121/700]: mean_loss=0.005895334878005087
Online_Training [122/700]: mean_loss=0.010521196061745286
Online_Training [123/700]: mean_loss=0.004416653158841655
Online_Training [124/700]: mean_loss=0.00921752443537116
Online_Training [125/700]: mean_loss=0.011796641047112644
Online_Training [126/700]: mean_loss=0.012797274626791477
Online_Training [127/700]: mean_loss=0.006267860473599285
Online_Training [128/700]: mean_loss=0.006117165787145495
Online_Training [129/700]: mean_loss=0.005845398583915085
Online_Training [130/700]: mean_loss=0.004268963122740388
Online_Training [131/700]: mean_loss=0.0074706453597173095
Online_Training [132/700]: mean_loss=0.021321071544662118
Online_Training [133/700]: mean_loss=0.07953801285475492
Online_Training [134/700]: mean_loss=0.08273359015583992
Online_Training [135/700]: mean_loss=0.008360053529031575
Online_Training [136/700]: mean_loss=0.01912746299058199
Online_Training [137/700]: mean_loss=0.014371725614182651
Online_Training [138/700]: mean_loss=0.010533557389862835
Online_Training [139/700]: mean_loss=0.011183214373886585
Online_Training [140/700]: mean_loss=0.022454739781096578
Online_Training [141/700]: mean_loss=0.0066794962040148675
Online_Training [142/700]: mean_loss=0.005007411818951368
Online_Training [143/700]: mean_loss=0.009799295337870717
Online_Training [144/700]: mean_loss=0.007501435175072402
Online_Training [145/700]: mean_loss=0.006566307449247688
Online_Training [146/700]: mean_loss=0.010629733325913548
Online_Training [147/700]: mean_loss=0.012270009377971292
Online_Training [148/700]: mean_loss=0.03163812402635813
Online_Training [149/700]: mean_loss=0.012471096240915358
Online_Training [150/700]: mean_loss=0.011922757024876773
Online_Training [151/700]: mean_loss=0.006431603862438351
Online_Training [152/700]: mean_loss=0.01617213210556656
Online_Training [153/700]: mean_loss=0.010437586810439825
Online_Training [154/700]: mean_loss=0.013365840073674917
Online_Training [155/700]: mean_loss=0.008312695368658751
Online_Training [156/700]: mean_loss=0.005270205554552376
Online_Training [157/700]: mean_loss=0.0055646796827204525
Online_Training [158/700]: mean_loss=0.009002347360365093
Online_Training [159/700]: mean_loss=0.010946449474431574
Online_Training [160/700]: mean_loss=0.004027881775982678
Online_Training [161/700]: mean_loss=0.005649207625538111
Online_Training [162/700]: mean_loss=0.005063111835625023
Online_Training [163/700]: mean_loss=0.012868877034634352
Online_Training [164/700]: mean_loss=0.007076873735059053
Online_Training [165/700]: mean_loss=0.004888786876108497
Online_Training [166/700]: mean_loss=0.023123462917283177
Online_Training [167/700]: mean_loss=0.016381333814933896
Online_Training [168/700]: mean_loss=0.007427606557030231
Online_Training [169/700]: mean_loss=0.004804865340702236
Online_Training [170/700]: mean_loss=0.003768910944927484
Online_Training [171/700]: mean_loss=0.007225586334243417
Online_Training [172/700]: mean_loss=0.005201722087804228
Online_Training [173/700]: mean_loss=0.014112578704953194
Online_Training [174/700]: mean_loss=0.003912293934263289
Online_Training [175/700]: mean_loss=0.004003275273134932
Online_Training [176/700]: mean_loss=0.007797695288900286
Online_Training [177/700]: mean_loss=0.0027798615337815136
Online_Training [178/700]: mean_loss=0.052237340714782476
Online_Training [179/700]: mean_loss=0.02190642908681184
Online_Training [180/700]: mean_loss=0.03846235107630491
Online_Training [181/700]: mean_loss=0.06038370309397578
Online_Training [182/700]: mean_loss=0.04144042683765292
Online_Training [183/700]: mean_loss=0.019523374270647764
Online_Training [184/700]: mean_loss=0.012173592112958431
Online_Training [185/700]: mean_loss=0.009966452489607036
Online_Training [186/700]: mean_loss=0.0032324105559382588
Online_Training [187/700]: mean_loss=0.014488743850961328
Online_Training [188/700]: mean_loss=0.01783920987509191
Online_Training [189/700]: mean_loss=0.004184443561825901
Online_Training [190/700]: mean_loss=0.004382735874969512
Online_Training [191/700]: mean_loss=0.0841308943927288
Online_Training [192/700]: mean_loss=0.022490813862532377
Online_Training [193/700]: mean_loss=0.004712085647042841
Online_Training [194/700]: mean_loss=0.03189054876565933
Online_Training [195/700]: mean_loss=0.013218728243373334
Online_Training [196/700]: mean_loss=0.02298590913414955
Online_Training [197/700]: mean_loss=0.008233561471570283
Online_Training [198/700]: mean_loss=0.007006083789747208
Online_Training [199/700]: mean_loss=0.011275683529675007
Online_Training [200/700]: mean_loss=0.011452003032900393
Online_Training [201/700]: mean_loss=0.006303965172264725
Online_Training [202/700]: mean_loss=0.011541634565219283
Online_Training [203/700]: mean_loss=0.008466195547953248
Online_Training [204/700]: mean_loss=0.00944057002197951
Online_Training [205/700]: mean_loss=0.021687898552045226
Online_Training [206/700]: mean_loss=0.005719809385482222
Online_Training [207/700]: mean_loss=0.004492111795116216
Online_Training [208/700]: mean_loss=0.002896369231166318
Online_Training [209/700]: mean_loss=0.0015540621971013024
Online_Training [210/700]: mean_loss=0.009912683977745473
Online_Training [211/700]: mean_loss=0.018175475299358368
Online_Training [212/700]: mean_loss=0.007970203121658415
Online_Training [213/700]: mean_loss=0.005108554556500167
Online_Training [214/700]: mean_loss=0.01113331108354032
Online_Training [215/700]: mean_loss=0.003274704096838832
Online_Training [216/700]: mean_loss=0.00405745703028515
Online_Training [217/700]: mean_loss=0.012706908280961215
Online_Training [218/700]: mean_loss=0.006606011709664017
Online_Training [219/700]: mean_loss=0.01157606893684715
Online_Training [220/700]: mean_loss=0.016067557386122644
Online_Training [221/700]: mean_loss=0.020747130969539285
Online_Training [222/700]: mean_loss=0.00968816049862653
Online_Training [223/700]: mean_loss=0.013256595702841878
Online_Training [224/700]: mean_loss=0.0903865359723568
Online_Training [225/700]: mean_loss=0.11664262413978577
Online_Training [226/700]: mean_loss=0.014925723196938634
Online_Training [227/700]: mean_loss=0.012513953144662082
Online_Training [228/700]: mean_loss=0.015194231877103448
Online_Training [229/700]: mean_loss=0.010689937393181026
Online_Training [230/700]: mean_loss=0.0143687300151214
Online_Training [231/700]: mean_loss=0.07284828275442123
Online_Training [232/700]: mean_loss=0.035688180942088366
Online_Training [233/700]: mean_loss=0.08685737755149603
Online_Training [234/700]: mean_loss=0.14034864492714405
Online_Training [235/700]: mean_loss=0.0188215768430382
Online_Training [236/700]: mean_loss=0.01579335588030517
Online_Training [237/700]: mean_loss=0.016483223414979875
Online_Training [238/700]: mean_loss=0.01134382898453623
Online_Training [239/700]: mean_loss=0.011503341724164784
Online_Training [240/700]: mean_loss=0.00911450176499784
Online_Training [241/700]: mean_loss=0.009591352543793619
Online_Training [242/700]: mean_loss=0.007641990494448692
Online_Training [243/700]: mean_loss=0.009161619003862143
Online_Training [244/700]: mean_loss=0.020499064354225993
Online_Training [245/700]: mean_loss=0.004004690999863669
Online_Training [246/700]: mean_loss=0.0031839271541684866
Online_Training [247/700]: mean_loss=0.005590487096924335
Online_Training [248/700]: mean_loss=0.0148895513266325
Online_Training [249/700]: mean_loss=0.013006942463107407
Online_Training [250/700]: mean_loss=0.005177765677217394
Online_Training [251/700]: mean_loss=0.06588893942534924
Online_Training [252/700]: mean_loss=0.04531643306836486
Online_Training [253/700]: mean_loss=0.008316472987644374
Online_Training [254/700]: mean_loss=0.006549122626893222
Online_Training [255/700]: mean_loss=0.01117226283531636
Online_Training [256/700]: mean_loss=0.017656884156167507
Online_Training [257/700]: mean_loss=0.0039019801188260317
Online_Training [258/700]: mean_loss=0.0048665187787264585
Online_Training [259/700]: mean_loss=0.005536287440918386
Online_Training [260/700]: mean_loss=0.017092640744522214
Online_Training [261/700]: mean_loss=0.012075737700797617
Online_Training [262/700]: mean_loss=0.007678160909563303
Online_Training [263/700]: mean_loss=0.010313363862223923
Online_Training [264/700]: mean_loss=0.008885575109161437
Online_Training [265/700]: mean_loss=0.11375850439071655
Online_Training [266/700]: mean_loss=0.1077436888590455
Online_Training [267/700]: mean_loss=0.024447841569781303
Online_Training [268/700]: mean_loss=0.009956254507414997
Online_Training [269/700]: mean_loss=0.00968652917072177
Online_Training [270/700]: mean_loss=0.012481117155402899
Online_Training [271/700]: mean_loss=0.019655306241475046
Online_Training [272/700]: mean_loss=0.007317081675864756
Online_Training [273/700]: mean_loss=0.007350163708906621
Online_Training [274/700]: mean_loss=0.061738251242786646
Online_Training [275/700]: mean_loss=0.009848617250099778
Online_Training [276/700]: mean_loss=0.011324924067594111
Online_Training [277/700]: mean_loss=0.013022215571254492
Online_Training [278/700]: mean_loss=0.005099939240608364
Online_Training [279/700]: mean_loss=0.010042025591246784
Online_Training [280/700]: mean_loss=0.03036426822654903
Online_Training [281/700]: mean_loss=0.006234072730876505
Online_Training [282/700]: mean_loss=0.010318522807210684
Online_Training [283/700]: mean_loss=0.0025310657802037895
Online_Training [284/700]: mean_loss=0.013949821586720645
Online_Training [285/700]: mean_loss=0.0027767937863245606
Online_Training [286/700]: mean_loss=0.007305858191102743
Online_Training [287/700]: mean_loss=0.006711440160870552
Online_Training [288/700]: mean_loss=0.0032453128951601684
Online_Training [289/700]: mean_loss=0.002644079228048213
Online_Training [290/700]: mean_loss=0.00679851439781487
Online_Training [291/700]: mean_loss=0.001152791126514785
Online_Training [292/700]: mean_loss=0.006767619808670133
Online_Training [293/700]: mean_loss=0.0035426492686383426
Online_Training [294/700]: mean_loss=0.004925799963530153
Online_Training [295/700]: mean_loss=0.007975092506967485
Online_Training [296/700]: mean_loss=0.007731478777714074
Online_Training [297/700]: mean_loss=0.002789147401927039
Online_Training [298/700]: mean_loss=0.017486885655671358
Online_Training [299/700]: mean_loss=0.008627124014310539
Online_Training [300/700]: mean_loss=0.007271369395311922
Online_Training [301/700]: mean_loss=0.005431229423265904
Online_Training [302/700]: mean_loss=0.0027084863977506757
Online_Training [303/700]: mean_loss=0.004982351849321276
Online_Training [304/700]: mean_loss=0.003598612966015935
Online_Training [305/700]: mean_loss=0.012048376956954598
Online_Training [306/700]: mean_loss=0.0021407780150184408
Online_Training [307/700]: mean_loss=0.005677350563928485
Online_Training [308/700]: mean_loss=0.007546749664470553
Online_Training [309/700]: mean_loss=0.0024529771908419207
Online_Training [310/700]: mean_loss=0.004137063340749592
Online_Training [311/700]: mean_loss=0.006346525507979095
Online_Training [312/700]: mean_loss=0.011691505089402199
Online_Training [313/700]: mean_loss=0.017827565781772137
Online_Training [314/700]: mean_loss=0.002311835502041504
Online_Training [315/700]: mean_loss=0.004115803836612031
Online_Training [316/700]: mean_loss=0.011649980209767818
Online_Training [317/700]: mean_loss=0.012340852059423923
Online_Training [318/700]: mean_loss=0.005599280702881515
Online_Training [319/700]: mean_loss=0.010931417346000671
Online_Training [320/700]: mean_loss=0.0019200419628759846
Online_Training [321/700]: mean_loss=0.007809803530108184
Online_Training [322/700]: mean_loss=0.00305854671751149
Online_Training [323/700]: mean_loss=0.009273268631659448
Online_Training [324/700]: mean_loss=0.01149257889483124
Online_Training [325/700]: mean_loss=0.005914147128351033
Online_Training [326/700]: mean_loss=0.03178570815362036
Online_Training [327/700]: mean_loss=0.016940078465268016
Online_Training [328/700]: mean_loss=0.0065739399287849665
Online_Training [329/700]: mean_loss=0.013232076657004654
Online_Training [330/700]: mean_loss=0.007952690531965345
Online_Training [331/700]: mean_loss=0.01369038107804954
Online_Training [332/700]: mean_loss=0.004140890669077635
Online_Training [333/700]: mean_loss=0.007626220758538693
Online_Training [334/700]: mean_loss=0.00845778826624155
Online_Training [335/700]: mean_loss=0.0038185697339940816
Online_Training [336/700]: mean_loss=0.004583966394420713
Online_Training [337/700]: mean_loss=0.00182202055293601
Online_Training [338/700]: mean_loss=0.006206024321727455
Online_Training [339/700]: mean_loss=0.00628725258866325
Online_Training [340/700]: mean_loss=0.009335313690826297
Online_Training [341/700]: mean_loss=0.014862362411804497
Online_Training [342/700]: mean_loss=0.010797382215969265
Online_Training [343/700]: mean_loss=0.006505183991976082
Online_Training [344/700]: mean_loss=0.0034032743133138865
Online_Training [345/700]: mean_loss=0.003528180153807625
Online_Training [346/700]: mean_loss=0.011494837119244039
Online_Training [347/700]: mean_loss=0.012755157542414963
Online_Training [348/700]: mean_loss=0.007055535563267767
Online_Training [349/700]: mean_loss=0.005045469268225133
Online_Training [350/700]: mean_loss=0.004894120153039694
Online_Training [351/700]: mean_loss=0.009167367010377347
Online_Training [352/700]: mean_loss=0.0023573778744321316
Online_Training [353/700]: mean_loss=0.007244958193041384
Online_Training [354/700]: mean_loss=0.00526528584305197
Online_Training [355/700]: mean_loss=0.009788161725737154
Online_Training [356/700]: mean_loss=0.004317868035286665
Online_Training [357/700]: mean_loss=0.00853622832801193
Online_Training [358/700]: mean_loss=0.006242607196327299
Online_Training [359/700]: mean_loss=0.08697459101676941
Online_Training [360/700]: mean_loss=0.13795587979257107
Online_Training [361/700]: mean_loss=0.0078031435259617865
Online_Training [362/700]: mean_loss=0.02357609011232853
Online_Training [363/700]: mean_loss=0.0040213646134361625
Online_Training [364/700]: mean_loss=0.01401434256695211
Online_Training [365/700]: mean_loss=0.013644926832057536
Online_Training [366/700]: mean_loss=0.09049483761191368
Online_Training [367/700]: mean_loss=0.0957114826887846
Online_Training [368/700]: mean_loss=0.014671559096314013
Online_Training [369/700]: mean_loss=0.015835187979973853
Online_Training [370/700]: mean_loss=0.013402805081568658
Online_Training [371/700]: mean_loss=0.010425747372210026
Online_Training [372/700]: mean_loss=0.012420746905263513
Online_Training [373/700]: mean_loss=0.056411080062389374
Online_Training [374/700]: mean_loss=0.0075378118781372905
Online_Training [375/700]: mean_loss=0.007132794882636517
Online_Training [376/700]: mean_loss=0.0047453606384806335
Online_Training [377/700]: mean_loss=0.005346202990040183
Online_Training [378/700]: mean_loss=0.00816359679447487
Online_Training [379/700]: mean_loss=0.006694657437037677
Online_Training [380/700]: mean_loss=0.0036772051244042814
Online_Training [381/700]: mean_loss=0.011138621834106743
Online_Training [382/700]: mean_loss=0.005768726754467934
Online_Training [383/700]: mean_loss=0.004617010650690645
Online_Training [384/700]: mean_loss=0.005562721111346036
Online_Training [385/700]: mean_loss=0.02261714986525476
Online_Training [386/700]: mean_loss=0.012972602620720863
Online_Training [387/700]: mean_loss=0.008100860984995961
Online_Training [388/700]: mean_loss=0.007637033821083605
Online_Training [389/700]: mean_loss=0.003942705341614783
Online_Training [390/700]: mean_loss=0.08075365424156189
Online_Training [391/700]: mean_loss=0.05851350678130984
Online_Training [392/700]: mean_loss=0.009210328222252429
Online_Training [393/700]: mean_loss=0.011851149029098451
Online_Training [394/700]: mean_loss=0.009056004462763667
Online_Training [395/700]: mean_loss=0.02234710124321282
Online_Training [396/700]: mean_loss=0.0020296367292758077
Online_Training [397/700]: mean_loss=0.005654236418195069
Online_Training [398/700]: mean_loss=0.018326734891161323
Online_Training [399/700]: mean_loss=0.007349481456913054
Online_Training [400/700]: mean_loss=0.004898220533505082
Online_Training [401/700]: mean_loss=0.0038784435600973666
Online_Training [402/700]: mean_loss=0.004114469600608572
Online_Training [403/700]: mean_loss=0.011268039350397885
Online_Training [404/700]: mean_loss=0.0020951748156221583
Online_Training [405/700]: mean_loss=0.004511638078838587
Online_Training [406/700]: mean_loss=0.002284778223838657
Online_Training [407/700]: mean_loss=0.009434717707335949
Online_Training [408/700]: mean_loss=0.07842817343771458
Online_Training [409/700]: mean_loss=0.014873716281726956
Online_Training [410/700]: mean_loss=0.006191166408825666
Online_Training [411/700]: mean_loss=0.004048366361530498
Online_Training [412/700]: mean_loss=0.005242706392891705
Online_Training [413/700]: mean_loss=0.010636491351760924
Online_Training [414/700]: mean_loss=0.006596965482458472
Online_Training [415/700]: mean_loss=0.010844906675629318
Online_Training [416/700]: mean_loss=0.004346781468484551
Online_Training [417/700]: mean_loss=0.006163423124235123
Online_Training [418/700]: mean_loss=0.008580048976000398
Online_Training [419/700]: mean_loss=0.006076077406760305
Online_Training [420/700]: mean_loss=0.004685984866227955
Online_Training [421/700]: mean_loss=0.009667861741036177
Online_Training [422/700]: mean_loss=0.010382012114860117
Online_Training [423/700]: mean_loss=0.007358787872362882
Online_Training [424/700]: mean_loss=0.003570822242181748
Online_Training [425/700]: mean_loss=0.002010587093536742
Online_Training [426/700]: mean_loss=0.007631819229573011
Online_Training [427/700]: mean_loss=0.004058599763084203
Online_Training [428/700]: mean_loss=0.003657596535049379
Online_Training [429/700]: mean_loss=0.013876048848032951
Online_Training [430/700]: mean_loss=0.003516719792969525
Online_Training [431/700]: mean_loss=0.0030207835661713034
Online_Training [432/700]: mean_loss=0.005826994020026177
Online_Training [433/700]: mean_loss=0.0035172700590919703
Online_Training [434/700]: mean_loss=0.004881053871940821
Online_Training [435/700]: mean_loss=0.012465566163882613
Online_Training [436/700]: mean_loss=0.002762164644082077
Online_Training [437/700]: mean_loss=0.0010055785533040762
Online_Training [438/700]: mean_loss=0.003311965672764927
Online_Training [439/700]: mean_loss=0.004089079156983644
Online_Training [440/700]: mean_loss=0.006248363992199302
Online_Training [441/700]: mean_loss=0.010165170999243855
Online_Training [442/700]: mean_loss=0.005405383417382836
Online_Training [443/700]: mean_loss=0.007019424403551966
Online_Training [444/700]: mean_loss=0.002649843692779541
Online_Training [445/700]: mean_loss=0.004081040853634477
Online_Training [446/700]: mean_loss=0.0014316878950921819
Online_Training [447/700]: mean_loss=0.00641370500670746
Online_Training [448/700]: mean_loss=0.0027662461216095835
Online_Training [449/700]: mean_loss=0.003499640093650669
Online_Training [450/700]: mean_loss=0.00571850809501484
Online_Training [451/700]: mean_loss=0.002014681667787954
Online_Training [452/700]: mean_loss=0.00859543785918504
Online_Training [453/700]: mean_loss=0.001995616446947679
Online_Training [454/700]: mean_loss=0.0028450961981434375
Online_Training [455/700]: mean_loss=0.003155587997753173
Online_Training [456/700]: mean_loss=0.002619283099193126
Online_Training [457/700]: mean_loss=0.003876633127219975
Online_Training [458/700]: mean_loss=0.002785191172733903
Online_Training [459/700]: mean_loss=0.003207203117199242
Online_Training [460/700]: mean_loss=0.001901907700812444
Online_Training [461/700]: mean_loss=0.0032182163558900356
Online_Training [462/700]: mean_loss=0.10930497758090496
Online_Training [463/700]: mean_loss=0.026007486507296562
Online_Training [464/700]: mean_loss=0.0144401517463848
Online_Training [465/700]: mean_loss=0.007664902834221721
Online_Training [466/700]: mean_loss=0.013341895188204944
Online_Training [467/700]: mean_loss=0.007892896421253681
Online_Training [468/700]: mean_loss=0.006462196528445929
Online_Training [469/700]: mean_loss=0.004946110653690994
Online_Training [470/700]: mean_loss=0.09129068907350302
Online_Training [471/700]: mean_loss=0.14858228340744972
Online_Training [472/700]: mean_loss=0.01811206340789795
Online_Training [473/700]: mean_loss=0.009498573781456798
Online_Training [474/700]: mean_loss=0.007236055738758296
Online_Training [475/700]: mean_loss=0.0037613846943713725
Online_Training [476/700]: mean_loss=0.011115704313851893
Online_Training [477/700]: mean_loss=0.006620860018301755
Online_Training [478/700]: mean_loss=0.008178933174349368
Online_Training [479/700]: mean_loss=0.005301891942508519
Online_Training [480/700]: mean_loss=0.008780822507105768
Online_Training [481/700]: mean_loss=0.0026730581594165415
Online_Training [482/700]: mean_loss=0.0724270036444068
Online_Training [483/700]: mean_loss=0.029128576163202524
Online_Training [484/700]: mean_loss=0.012441489496268332
Online_Training [485/700]: mean_loss=0.0023147529282141477
Online_Training [486/700]: mean_loss=0.06060990924015641
Online_Training [487/700]: mean_loss=0.1595300082117319
Online_Training [488/700]: mean_loss=0.005734537204261869
Online_Training [489/700]: mean_loss=0.012194376671686769
Online_Training [490/700]: mean_loss=0.005514369113370776
Online_Training [491/700]: mean_loss=0.004203337710350752
Online_Training [492/700]: mean_loss=0.009278236306272447
Online_Training [493/700]: mean_loss=0.0051509434706531465
Online_Training [494/700]: mean_loss=0.0026499427622184157
Online_Training [495/700]: mean_loss=0.012313331244513392
Online_Training [496/700]: mean_loss=0.003480705461697653
Online_Training [497/700]: mean_loss=0.017560418928042054
Online_Training [498/700]: mean_loss=0.009527661837637424
Online_Training [499/700]: mean_loss=0.014941076282411814
Online_Training [500/700]: mean_loss=0.006560351059306413
Online_Training [501/700]: mean_loss=0.00782860565232113
Online_Training [502/700]: mean_loss=0.00355626578675583
Online_Training [503/700]: mean_loss=0.0059769595973193645
Online_Training [504/700]: mean_loss=0.005381139519158751
Online_Training [505/700]: mean_loss=0.08641018904745579
Online_Training [506/700]: mean_loss=0.09787299111485481
Online_Training [507/700]: mean_loss=0.005900805350393057
Online_Training [508/700]: mean_loss=0.012590337079018354
Online_Training [509/700]: mean_loss=0.009801493841223419
Online_Training [510/700]: mean_loss=0.013137933099642396
Online_Training [511/700]: mean_loss=0.0034424584882799536
Online_Training [512/700]: mean_loss=0.00856635463424027
Online_Training [513/700]: mean_loss=0.00878798746271059
Online_Training [514/700]: mean_loss=0.0037309470353648067
Online_Training [515/700]: mean_loss=0.005039365845732391
Online_Training [516/700]: mean_loss=0.015059041325002909
Online_Training [517/700]: mean_loss=0.0035337354347575456
Online_Training [518/700]: mean_loss=0.008093423035461456
Online_Training [519/700]: mean_loss=0.0019984073587693274
Online_Training [520/700]: mean_loss=0.010009248391725123
Online_Training [521/700]: mean_loss=0.006756743649020791
Online_Training [522/700]: mean_loss=0.008919313666410744
Online_Training [523/700]: mean_loss=0.006914287805557251
Online_Training [524/700]: mean_loss=0.006012520054355264
Online_Training [525/700]: mean_loss=0.0032505225972272456
Online_Training [526/700]: mean_loss=0.005248860165011138
Online_Training [527/700]: mean_loss=0.003742585511645302
Online_Training [528/700]: mean_loss=0.004655569093301892
Online_Training [529/700]: mean_loss=0.0013443389107123949
Online_Training [530/700]: mean_loss=0.005238235113210976
Online_Training [531/700]: mean_loss=0.006091621646191925
Online_Training [532/700]: mean_loss=0.00304997042985633
Online_Training [533/700]: mean_loss=0.003054420609259978
Online_Training [534/700]: mean_loss=0.005897814058698714
Online_Training [535/700]: mean_loss=0.005668193567544222
Online_Training [536/700]: mean_loss=0.004330836032750085
Online_Training [537/700]: mean_loss=0.07568275555968285
Online_Training [538/700]: mean_loss=0.012542300042696297
Online_Training [539/700]: mean_loss=0.0038066926354076713
Online_Training [540/700]: mean_loss=0.005666989658493549
Online_Training [541/700]: mean_loss=0.006144855869933963
Online_Training [542/700]: mean_loss=0.0029695734556298703
Online_Training [543/700]: mean_loss=0.0025733204383868724
Online_Training [544/700]: mean_loss=0.005724425136577338
Online_Training [545/700]: mean_loss=0.006717090320307761
Online_Training [546/700]: mean_loss=0.003404257498914376
Online_Training [547/700]: mean_loss=0.004918656661175191
Online_Training [548/700]: mean_loss=0.00300124948262237
Online_Training [549/700]: mean_loss=0.0028736030217260122
Online_Training [550/700]: mean_loss=0.0043592542060650885
Online_Training [551/700]: mean_loss=0.0717933913692832
Online_Training [552/700]: mean_loss=0.061396419536322355
Online_Training [553/700]: mean_loss=0.007045980892144144
Online_Training [554/700]: mean_loss=0.0057234581909142435
Online_Training [555/700]: mean_loss=0.005055350309703499
Online_Training [556/700]: mean_loss=0.009903628146275878
Online_Training [557/700]: mean_loss=0.00552518863696605
Online_Training [558/700]: mean_loss=0.0015797261003172025
Online_Training [559/700]: mean_loss=0.004005738184787333
Online_Training [560/700]: mean_loss=0.006700737401843071
Online_Training [561/700]: mean_loss=0.004438984324224293
Online_Training [562/700]: mean_loss=0.0023824191885069013
Online_Training [563/700]: mean_loss=0.004598800267558545
Online_Training [564/700]: mean_loss=0.11405112687498331
Online_Training [565/700]: mean_loss=0.0241634426638484
Online_Training [566/700]: mean_loss=0.005183792731259018
Online_Training [567/700]: mean_loss=0.003539121098583564
Online_Training [568/700]: mean_loss=0.0054533351212739944
Online_Training [569/700]: mean_loss=0.005647477810271084
Online_Training [570/700]: mean_loss=0.002045094544882886
Online_Training [571/700]: mean_loss=0.0027171462133992463
Online_Training [572/700]: mean_loss=0.005327649007085711
Online_Training [573/700]: mean_loss=0.00560961221344769
Online_Training [574/700]: mean_loss=0.003242418490117416
Online_Training [575/700]: mean_loss=0.002259542961837724
Online_Training [576/700]: mean_loss=0.002675418319995515
Online_Training [577/700]: mean_loss=0.004410175315570086
Online_Training [578/700]: mean_loss=0.0059196302318014205
Online_Training [579/700]: mean_loss=0.0040995611634571105
Online_Training [580/700]: mean_loss=0.007466794922947884
Online_Training [581/700]: mean_loss=0.0029779173783026636
Online_Training [582/700]: mean_loss=0.005141946661751717
Online_Training [583/700]: mean_loss=0.005549929512199014
Online_Training [584/700]: mean_loss=0.008165888604708016
Online_Training [585/700]: mean_loss=0.00838832522276789
Online_Training [586/700]: mean_loss=0.003281391487689689
Online_Training [587/700]: mean_loss=0.00610580324428156
Online_Training [588/700]: mean_loss=0.005982746311929077
Online_Training [589/700]: mean_loss=0.0017201655282406136
Online_Training [590/700]: mean_loss=0.0025287027820013463
Online_Training [591/700]: mean_loss=0.002290649339556694
Online_Training [592/700]: mean_loss=0.0019473008724162355
Online_Training [593/700]: mean_loss=0.0057144262245856225
Online_Training [594/700]: mean_loss=0.002022335975198075
Online_Training [595/700]: mean_loss=0.003804314648732543
Online_Training [596/700]: mean_loss=0.0036305940593592823
Online_Training [597/700]: mean_loss=0.002037044381722808
Online_Training [598/700]: mean_loss=0.0018491394293960184
Online_Training [599/700]: mean_loss=0.006571395148057491
Online_Training [600/700]: mean_loss=0.0014593971864087507
Online_Training [601/700]: mean_loss=0.0009526180292596109
Online_Training [602/700]: mean_loss=0.004679765552282333
Online_Training [603/700]: mean_loss=0.006260518915951252
Online_Training [604/700]: mean_loss=0.001697945554042235
Online_Training [605/700]: mean_loss=0.0017297948361374438
Online_Training [606/700]: mean_loss=0.004015443817479536
Online_Training [607/700]: mean_loss=0.001075894440873526
Online_Training [608/700]: mean_loss=0.05461009545251727
Online_Training [609/700]: mean_loss=0.007161424669902772
Online_Training [610/700]: mean_loss=0.006070886563975364
Online_Training [611/700]: mean_loss=0.002802719915052876
Online_Training [612/700]: mean_loss=0.011101557058282197
Online_Training [613/700]: mean_loss=0.08253607526421547
Online_Training [614/700]: mean_loss=0.08737622015178204
Online_Training [615/700]: mean_loss=0.010434138588607311
Online_Training [616/700]: mean_loss=0.00863564683822915
Online_Training [617/700]: mean_loss=0.010252455715090036
Online_Training [618/700]: mean_loss=0.011381421121768653
Online_Training [619/700]: mean_loss=0.003623160475399345
Online_Training [620/700]: mean_loss=0.005858674529008567
Online_Training [621/700]: mean_loss=0.006799534021411091
Online_Training [622/700]: mean_loss=0.0038667704502586275
Online_Training [623/700]: mean_loss=0.00465477115358226
Online_Training [624/700]: mean_loss=0.05750671913847327
Online_Training [625/700]: mean_loss=0.012361262110061944
Online_Training [626/700]: mean_loss=0.009498619067016989
Online_Training [627/700]: mean_loss=0.008930717944167554
Online_Training [628/700]: mean_loss=0.004513026651693508
Online_Training [629/700]: mean_loss=0.0024444917362416163
Online_Training [630/700]: mean_loss=0.007632818655110896
Online_Training [631/700]: mean_loss=0.0029586089367512614
Online_Training [632/700]: mean_loss=0.006998121913056821
Online_Training [633/700]: mean_loss=0.002132651992724277
Online_Training [634/700]: mean_loss=0.0014373404701473191
Online_Training [635/700]: mean_loss=0.005228855006862432
Online_Training [636/700]: mean_loss=0.0024000183620955795
Online_Training [637/700]: mean_loss=0.0005356071742426138
Online_Training [638/700]: mean_loss=0.004137380485190079
Online_Training [639/700]: mean_loss=0.005083624680992216
Online_Training [640/700]: mean_loss=0.003505499887978658
Online_Training [641/700]: mean_loss=0.004720517550595105
Online_Training [642/700]: mean_loss=0.0013162262475816533
Online_Training [643/700]: mean_loss=0.008535059867426753
Online_Training [644/700]: mean_loss=0.003849930566502735
Online_Training [645/700]: mean_loss=0.0032729160448070616
Online_Training [646/700]: mean_loss=0.0037187968264333904
Online_Training [647/700]: mean_loss=0.010512095410376787
Online_Training [648/700]: mean_loss=0.002938531048130244
Online_Training [649/700]: mean_loss=0.00363497476791963
Online_Training [650/700]: mean_loss=0.004700316756498069
Online_Training [651/700]: mean_loss=0.0037157343758735806
Online_Training [652/700]: mean_loss=0.006950288836378604
Online_Training [653/700]: mean_loss=0.05193454446271062
Online_Training [654/700]: mean_loss=0.02481054770760238
Online_Training [655/700]: mean_loss=0.009192738740239292
Online_Training [656/700]: mean_loss=0.006100610422436148
Online_Training [657/700]: mean_loss=0.005451351229567081
Online_Training [658/700]: mean_loss=0.0071637159562669694
Online_Training [659/700]: mean_loss=0.004437516501639038
Online_Training [660/700]: mean_loss=0.002934858755907044
Online_Training [661/700]: mean_loss=0.002404800819931552
Online_Training [662/700]: mean_loss=0.004917070007650182
Online_Training [663/700]: mean_loss=0.005535448610316962
Online_Training [664/700]: mean_loss=0.0026090874162036926
Online_Training [665/700]: mean_loss=0.004551457503112033
Online_Training [666/700]: mean_loss=0.004931177099933848
Online_Training [667/700]: mean_loss=0.0024372976331505924
Online_Training [668/700]: mean_loss=0.00527707114815712
Online_Training [669/700]: mean_loss=0.0009881502337520942
Online_Training [670/700]: mean_loss=0.002456272399285808
Online_Training [671/700]: mean_loss=0.0016905987722566351
Online_Training [672/700]: mean_loss=0.0034064535284414887
Online_Training [673/700]: mean_loss=0.05708175618201494
Online_Training [674/700]: mean_loss=0.04058063868433237
Online_Training [675/700]: mean_loss=0.02087563113309443
Online_Training [676/700]: mean_loss=0.010865817428566515
Online_Training [677/700]: mean_loss=0.0040504845965188
Online_Training [678/700]: mean_loss=0.004105616710148752
Online_Training [679/700]: mean_loss=0.002027224632911384
Online_Training [680/700]: mean_loss=0.0031455619900953025
Online_Training [681/700]: mean_loss=0.002297808474395424
Online_Training [682/700]: mean_loss=0.0021131041430635378
Online_Training [683/700]: mean_loss=0.002320205036085099
Online_Training [684/700]: mean_loss=0.0022160485677886754
Online_Training [685/700]: mean_loss=0.0011821701991721056
Online_Training [686/700]: mean_loss=0.004220738395815715
Online_Training [687/700]: mean_loss=0.0018315212364541367
Online_Training [688/700]: mean_loss=0.0031687459850218147
Online_Training [689/700]: mean_loss=0.002476684865541756
Online_Training [690/700]: mean_loss=0.006777013884857297
Online_Training [691/700]: mean_loss=0.0009528579612378962
Online_Training [692/700]: mean_loss=0.00578155618859455
Online_Training [693/700]: mean_loss=0.002680481586139649
Online_Training [694/700]: mean_loss=0.0674745817668736
Online_Training [695/700]: mean_loss=0.013852753909304738
Online_Training [696/700]: mean_loss=0.004868886200711131
Online_Training [697/700]: mean_loss=0.003675909771118313
Online_Training [698/700]: mean_loss=0.007336007838603109
Online_Training [699/700]: mean_loss=0.005220133461989462
Online_Training [700/700]: mean_loss=0.0018033912201644853
Q_Learning [1/300]: mean_loss=0.20045172795653343
Q_Learning [2/300]: mean_loss=0.11967928893864155
Q_Learning [3/300]: mean_loss=0.17330278642475605
Q_Learning [4/300]: mean_loss=0.1254857387393713
Q_Learning [5/300]: mean_loss=0.08786915801465511
Q_Learning [6/300]: mean_loss=0.1165417367592454
Q_Learning [7/300]: mean_loss=0.06251309812068939
Q_Learning [8/300]: mean_loss=0.05639911815524101
Q_Learning [9/300]: mean_loss=0.04837459186092019
Q_Learning [10/300]: mean_loss=0.03929156344383955
Q_Learning [11/300]: mean_loss=0.038280538748949766
Q_Learning [12/300]: mean_loss=0.03757668985053897
Q_Learning [13/300]: mean_loss=0.02518927864730358
Q_Learning [14/300]: mean_loss=0.022066156612709165
Q_Learning [15/300]: mean_loss=0.06665453733876348
Q_Learning [16/300]: mean_loss=0.025741144316270947
Q_Learning [17/300]: mean_loss=0.043723540380597115
Q_Learning [18/300]: mean_loss=0.024456185521557927
Q_Learning [19/300]: mean_loss=0.01811756589449942
Q_Learning [20/300]: mean_loss=0.006760607240721583
Q_Learning [21/300]: mean_loss=0.00828533002641052
Q_Learning [22/300]: mean_loss=0.1497290264815092
Q_Learning [23/300]: mean_loss=0.12747580744326115
Q_Learning [24/300]: mean_loss=0.015997204463928938
Q_Learning [25/300]: mean_loss=0.018458160804584622
Q_Learning [26/300]: mean_loss=0.04157042410224676
Q_Learning [27/300]: mean_loss=0.02419927972368896
Q_Learning [28/300]: mean_loss=0.017262092791497707
Q_Learning [29/300]: mean_loss=0.01957248291000724
Q_Learning [30/300]: mean_loss=0.010454912087880075
Q_Learning [31/300]: mean_loss=0.009269885020330548
Q_Learning [32/300]: mean_loss=0.003416405350435525
Q_Learning [33/300]: mean_loss=0.012954438105225563
Q_Learning [34/300]: mean_loss=0.01600352255627513
Q_Learning [35/300]: mean_loss=0.0897751348093152
Q_Learning [36/300]: mean_loss=0.08611176628619432
Q_Learning [37/300]: mean_loss=0.020213746465742588
Q_Learning [38/300]: mean_loss=0.026753457961604
Q_Learning [39/300]: mean_loss=0.02581843943335116
Q_Learning [40/300]: mean_loss=0.01093076472170651
Q_Learning [41/300]: mean_loss=0.010533121065236628
Q_Learning [42/300]: mean_loss=0.02562821563333273
Q_Learning [43/300]: mean_loss=0.016163565567694604
Q_Learning [44/300]: mean_loss=0.01599725114647299
Q_Learning [45/300]: mean_loss=0.01859735161997378
Q_Learning [46/300]: mean_loss=0.03681250894442201
Q_Learning [47/300]: mean_loss=0.1598435491323471
Q_Learning [48/300]: mean_loss=0.07254020683467388
Q_Learning [49/300]: mean_loss=0.34475427865982056
Q_Learning [50/300]: mean_loss=0.04359462345018983
Q_Learning [51/300]: mean_loss=0.04375159787014127
Q_Learning [52/300]: mean_loss=0.04427156876772642
Q_Learning [53/300]: mean_loss=0.022260080324485898
Q_Learning [54/300]: mean_loss=0.01969151757657528
Q_Learning [55/300]: mean_loss=0.014493039925582707
Q_Learning [56/300]: mean_loss=0.03344998718239367
Q_Learning [57/300]: mean_loss=0.026408820180222392
Q_Learning [58/300]: mean_loss=0.05249624652788043
Q_Learning [59/300]: mean_loss=0.02525428868830204
Q_Learning [60/300]: mean_loss=0.011948059080168605
Q_Learning [61/300]: mean_loss=0.021838458487764
Q_Learning [62/300]: mean_loss=0.020992252742871642
Q_Learning [63/300]: mean_loss=0.00824237137567252
Q_Learning [64/300]: mean_loss=0.00902133755153045
Q_Learning [65/300]: mean_loss=0.021059875609353185
Q_Learning [66/300]: mean_loss=0.003825801715720445
Q_Learning [67/300]: mean_loss=0.01730919547844678
Q_Learning [68/300]: mean_loss=0.01666236692108214
Q_Learning [69/300]: mean_loss=0.013516806648112833
Q_Learning [70/300]: mean_loss=0.008652118674945086
Q_Learning [71/300]: mean_loss=0.011422949144616723
Q_Learning [72/300]: mean_loss=0.004933986143441871
Q_Learning [73/300]: mean_loss=0.013324557919986546
Q_Learning [74/300]: mean_loss=0.010112870368175209
Q_Learning [75/300]: mean_loss=0.017466766061261296
Q_Learning [76/300]: mean_loss=0.017228638287633657
Q_Learning [77/300]: mean_loss=0.014568488812074065
Q_Learning [78/300]: mean_loss=0.01427793363109231
Q_Learning [79/300]: mean_loss=0.004595636419253424
Q_Learning [80/300]: mean_loss=0.01138047082349658
Q_Learning [81/300]: mean_loss=0.011683267774060369
Q_Learning [82/300]: mean_loss=0.004955588286975399
Q_Learning [83/300]: mean_loss=0.01886818907223642
Q_Learning [84/300]: mean_loss=0.022597213508561254
Q_Learning [85/300]: mean_loss=0.0569717101752758
Q_Learning [86/300]: mean_loss=0.021369652124121785
Q_Learning [87/300]: mean_loss=0.02794027584604919
Q_Learning [88/300]: mean_loss=0.014335155254229903
Q_Learning [89/300]: mean_loss=0.014920145506039262
Q_Learning [90/300]: mean_loss=0.0208794423379004
Q_Learning [91/300]: mean_loss=0.014520023833028972
Q_Learning [92/300]: mean_loss=0.005274619266856462
Q_Learning [93/300]: mean_loss=0.011986246448941529
Q_Learning [94/300]: mean_loss=0.00867396267130971
Q_Learning [95/300]: mean_loss=0.010854722233489156
Q_Learning [96/300]: mean_loss=0.006288599455729127
Q_Learning [97/300]: mean_loss=0.015588468289934099
Q_Learning [98/300]: mean_loss=0.052338273730129004
Q_Learning [99/300]: mean_loss=0.01788773573935032
Q_Learning [100/300]: mean_loss=0.01081909949425608
Q_Learning [101/300]: mean_loss=0.013854371383786201
Q_Learning [102/300]: mean_loss=0.008089857059530914
Q_Learning [103/300]: mean_loss=0.02082909643650055
Q_Learning [104/300]: mean_loss=0.007407482364214957
Q_Learning [105/300]: mean_loss=0.014165100525133312
Q_Learning [106/300]: mean_loss=0.009984038886614144
Q_Learning [107/300]: mean_loss=0.005729282042011619
Q_Learning [108/300]: mean_loss=0.00544026168063283
Q_Learning [109/300]: mean_loss=0.0073489968199282885
Q_Learning [110/300]: mean_loss=0.009864665335044265
Q_Learning [111/300]: mean_loss=0.004638974758563563
Q_Learning [112/300]: mean_loss=0.003773621952859685
Q_Learning [113/300]: mean_loss=0.01377237995620817
Q_Learning [114/300]: mean_loss=0.018223456805571914
Q_Learning [115/300]: mean_loss=0.007224722998216748
Q_Learning [116/300]: mean_loss=0.00809355330420658
Q_Learning [117/300]: mean_loss=0.012000333983451128
Q_Learning [118/300]: mean_loss=0.016655871644616127
Q_Learning [119/300]: mean_loss=0.012314652209170163
Q_Learning [120/300]: mean_loss=0.015660803415812552
Q_Learning [121/300]: mean_loss=0.005895334878005087
Q_Learning [122/300]: mean_loss=0.010521196061745286
Q_Learning [123/300]: mean_loss=0.004416653158841655
Q_Learning [124/300]: mean_loss=0.00921752443537116
Q_Learning [125/300]: mean_loss=0.011796641047112644
Q_Learning [126/300]: mean_loss=0.012797274626791477
Q_Learning [127/300]: mean_loss=0.006267860473599285
Q_Learning [128/300]: mean_loss=0.006117165787145495
Q_Learning [129/300]: mean_loss=0.005845398583915085
Q_Learning [130/300]: mean_loss=0.004268963122740388
Q_Learning [131/300]: mean_loss=0.0074706453597173095
Q_Learning [132/300]: mean_loss=0.021321071544662118
Q_Learning [133/300]: mean_loss=0.07953801285475492
Q_Learning [134/300]: mean_loss=0.08273359015583992
Q_Learning [135/300]: mean_loss=0.008360053529031575
Q_Learning [136/300]: mean_loss=0.01912746299058199
Q_Learning [137/300]: mean_loss=0.014371725614182651
Q_Learning [138/300]: mean_loss=0.010533557389862835
Q_Learning [139/300]: mean_loss=0.011183214373886585
Q_Learning [140/300]: mean_loss=0.022454739781096578
Q_Learning [141/300]: mean_loss=0.0066794962040148675
Q_Learning [142/300]: mean_loss=0.005007411818951368
Q_Learning [143/300]: mean_loss=0.009799295337870717
Q_Learning [144/300]: mean_loss=0.007501435175072402
Q_Learning [145/300]: mean_loss=0.006566307449247688
Q_Learning [146/300]: mean_loss=0.010629733325913548
Q_Learning [147/300]: mean_loss=0.012270009377971292
Q_Learning [148/300]: mean_loss=0.03163812402635813
Q_Learning [149/300]: mean_loss=0.012471096240915358
Q_Learning [150/300]: mean_loss=0.011922757024876773
Q_Learning [151/300]: mean_loss=0.006431603862438351
Q_Learning [152/300]: mean_loss=0.01617213210556656
Q_Learning [153/300]: mean_loss=0.010437586810439825
Q_Learning [154/300]: mean_loss=0.013365840073674917
Q_Learning [155/300]: mean_loss=0.008312695368658751
Q_Learning [156/300]: mean_loss=0.005270205554552376
Q_Learning [157/300]: mean_loss=0.0055646796827204525
Q_Learning [158/300]: mean_loss=0.009002347360365093
Q_Learning [159/300]: mean_loss=0.010946449474431574
Q_Learning [160/300]: mean_loss=0.004027881775982678
Q_Learning [161/300]: mean_loss=0.005649207625538111
Q_Learning [162/300]: mean_loss=0.005063111835625023
Q_Learning [163/300]: mean_loss=0.012868877034634352
Q_Learning [164/300]: mean_loss=0.007076873735059053
Q_Learning [165/300]: mean_loss=0.004888786876108497
Q_Learning [166/300]: mean_loss=0.023123462917283177
Q_Learning [167/300]: mean_loss=0.016381333814933896
Q_Learning [168/300]: mean_loss=0.007427606557030231
Q_Learning [169/300]: mean_loss=0.004804865340702236
Q_Learning [170/300]: mean_loss=0.003768910944927484
Q_Learning [171/300]: mean_loss=0.007225586334243417
Q_Learning [172/300]: mean_loss=0.005201722087804228
Q_Learning [173/300]: mean_loss=0.014112578704953194
Q_Learning [174/300]: mean_loss=0.003912293934263289
Q_Learning [175/300]: mean_loss=0.004003275273134932
Q_Learning [176/300]: mean_loss=0.007797695288900286
Q_Learning [177/300]: mean_loss=0.0027798615337815136
Q_Learning [178/300]: mean_loss=0.052237340714782476
Q_Learning [179/300]: mean_loss=0.02190642908681184
Q_Learning [180/300]: mean_loss=0.03846235107630491
Q_Learning [181/300]: mean_loss=0.06038370309397578
Q_Learning [182/300]: mean_loss=0.04144042683765292
Q_Learning [183/300]: mean_loss=0.019523374270647764
Q_Learning [184/300]: mean_loss=0.012173592112958431
Q_Learning [185/300]: mean_loss=0.009966452489607036
Q_Learning [186/300]: mean_loss=0.0032324105559382588
Q_Learning [187/300]: mean_loss=0.014488743850961328
Q_Learning [188/300]: mean_loss=0.01783920987509191
Q_Learning [189/300]: mean_loss=0.004184443561825901
Q_Learning [190/300]: mean_loss=0.004382735874969512
Q_Learning [191/300]: mean_loss=0.0841308943927288
Q_Learning [192/300]: mean_loss=0.022490813862532377
Q_Learning [193/300]: mean_loss=0.004712085647042841
Q_Learning [194/300]: mean_loss=0.03189054876565933
Q_Learning [195/300]: mean_loss=0.013218728243373334
Q_Learning [196/300]: mean_loss=0.02298590913414955
Q_Learning [197/300]: mean_loss=0.008233561471570283
Q_Learning [198/300]: mean_loss=0.007006083789747208
Q_Learning [199/300]: mean_loss=0.011275683529675007
Q_Learning [200/300]: mean_loss=0.011452003032900393
Q_Learning [201/300]: mean_loss=0.006303965172264725
Q_Learning [202/300]: mean_loss=0.011541634565219283
Q_Learning [203/300]: mean_loss=0.008466195547953248
Q_Learning [204/300]: mean_loss=0.00944057002197951
Q_Learning [205/300]: mean_loss=0.021687898552045226
Q_Learning [206/300]: mean_loss=0.005719809385482222
Q_Learning [207/300]: mean_loss=0.004492111795116216
Q_Learning [208/300]: mean_loss=0.002896369231166318
Q_Learning [209/300]: mean_loss=0.0015540621971013024
Q_Learning [210/300]: mean_loss=0.009912683977745473
Q_Learning [211/300]: mean_loss=0.018175475299358368
Q_Learning [212/300]: mean_loss=0.007970203121658415
Q_Learning [213/300]: mean_loss=0.005108554556500167
Q_Learning [214/300]: mean_loss=0.01113331108354032
Q_Learning [215/300]: mean_loss=0.003274704096838832
Q_Learning [216/300]: mean_loss=0.00405745703028515
Q_Learning [217/300]: mean_loss=0.012706908280961215
Q_Learning [218/300]: mean_loss=0.006606011709664017
Q_Learning [219/300]: mean_loss=0.01157606893684715
Q_Learning [220/300]: mean_loss=0.016067557386122644
Q_Learning [221/300]: mean_loss=0.020747130969539285
Q_Learning [222/300]: mean_loss=0.00968816049862653
Q_Learning [223/300]: mean_loss=0.013256595702841878
Q_Learning [224/300]: mean_loss=0.0903865359723568
Q_Learning [225/300]: mean_loss=0.11664262413978577
Q_Learning [226/300]: mean_loss=0.014925723196938634
Q_Learning [227/300]: mean_loss=0.012513953144662082
Q_Learning [228/300]: mean_loss=0.015194231877103448
Q_Learning [229/300]: mean_loss=0.010689937393181026
Q_Learning [230/300]: mean_loss=0.0143687300151214
Q_Learning [231/300]: mean_loss=0.07284828275442123
Q_Learning [232/300]: mean_loss=0.035688180942088366
Q_Learning [233/300]: mean_loss=0.08685737755149603
Q_Learning [234/300]: mean_loss=0.14034864492714405
Q_Learning [235/300]: mean_loss=0.0188215768430382
Q_Learning [236/300]: mean_loss=0.01579335588030517
Q_Learning [237/300]: mean_loss=0.016483223414979875
Q_Learning [238/300]: mean_loss=0.01134382898453623
Q_Learning [239/300]: mean_loss=0.011503341724164784
Q_Learning [240/300]: mean_loss=0.00911450176499784
Q_Learning [241/300]: mean_loss=0.009591352543793619
Q_Learning [242/300]: mean_loss=0.007641990494448692
Q_Learning [243/300]: mean_loss=0.009161619003862143
Q_Learning [244/300]: mean_loss=0.020499064354225993
Q_Learning [245/300]: mean_loss=0.004004690999863669
Q_Learning [246/300]: mean_loss=0.0031839271541684866
Q_Learning [247/300]: mean_loss=0.005590487096924335
Q_Learning [248/300]: mean_loss=0.0148895513266325
Q_Learning [249/300]: mean_loss=0.013006942463107407
Q_Learning [250/300]: mean_loss=0.005177765677217394
Q_Learning [251/300]: mean_loss=0.06588893942534924
Q_Learning [252/300]: mean_loss=0.04531643306836486
Q_Learning [253/300]: mean_loss=0.008316472987644374
Q_Learning [254/300]: mean_loss=0.006549122626893222
Q_Learning [255/300]: mean_loss=0.01117226283531636
Q_Learning [256/300]: mean_loss=0.017656884156167507
Q_Learning [257/300]: mean_loss=0.0039019801188260317
Q_Learning [258/300]: mean_loss=0.0048665187787264585
Q_Learning [259/300]: mean_loss=0.005536287440918386
Q_Learning [260/300]: mean_loss=0.017092640744522214
Q_Learning [261/300]: mean_loss=0.012075737700797617
Q_Learning [262/300]: mean_loss=0.007678160909563303
Q_Learning [263/300]: mean_loss=0.010313363862223923
Q_Learning [264/300]: mean_loss=0.008885575109161437
Q_Learning [265/300]: mean_loss=0.11375850439071655
Q_Learning [266/300]: mean_loss=0.1077436888590455
Q_Learning [267/300]: mean_loss=0.024447841569781303
Q_Learning [268/300]: mean_loss=0.009956254507414997
Q_Learning [269/300]: mean_loss=0.00968652917072177
Q_Learning [270/300]: mean_loss=0.012481117155402899
Q_Learning [271/300]: mean_loss=0.019655306241475046
Q_Learning [272/300]: mean_loss=0.007317081675864756
Q_Learning [273/300]: mean_loss=0.007350163708906621
Q_Learning [274/300]: mean_loss=0.061738251242786646
Q_Learning [275/300]: mean_loss=0.009848617250099778
Q_Learning [276/300]: mean_loss=0.011324924067594111
Q_Learning [277/300]: mean_loss=0.013022215571254492
Q_Learning [278/300]: mean_loss=0.005099939240608364
Q_Learning [279/300]: mean_loss=0.010042025591246784
Q_Learning [280/300]: mean_loss=0.03036426822654903
Q_Learning [281/300]: mean_loss=0.006234072730876505
Q_Learning [282/300]: mean_loss=0.010318522807210684
Q_Learning [283/300]: mean_loss=0.0025310657802037895
Q_Learning [284/300]: mean_loss=0.013949821586720645
Q_Learning [285/300]: mean_loss=0.0027767937863245606
Q_Learning [286/300]: mean_loss=0.007305858191102743
Q_Learning [287/300]: mean_loss=0.006711440160870552
Q_Learning [288/300]: mean_loss=0.0032453128951601684
Q_Learning [289/300]: mean_loss=0.002644079228048213
Q_Learning [290/300]: mean_loss=0.00679851439781487
Q_Learning [291/300]: mean_loss=0.001152791126514785
Q_Learning [292/300]: mean_loss=0.006767619808670133
Q_Learning [293/300]: mean_loss=0.0035426492686383426
Q_Learning [294/300]: mean_loss=0.004925799963530153
Q_Learning [295/300]: mean_loss=0.007975092506967485
Q_Learning [296/300]: mean_loss=0.007731478777714074
Q_Learning [297/300]: mean_loss=0.002789147401927039
Q_Learning [298/300]: mean_loss=0.017486885655671358
Q_Learning [299/300]: mean_loss=0.008627124014310539
Q_Learning [300/300]: mean_loss=0.007271369395311922
Number of Samples after Autoencoder testing: 300
First Spike after testing: [-0.94186914  0.5208389 ]
[0, 0, 0, 1, 1, 0, 2, 2, 0, 1, 0, 2, 1, 1, 0, 2, 2, 1, 2, 2, 1, 1, 1, 0, 2, 2, 1, 2, 2, 2, 0, 0, 2, 0, 0, 0, 2, 1, 0, 1, 2, 2, 1, 2, 0, 0, 1, 1, 1, 2, 2, 1, 2, 1, 0, 2, 1, 2, 2, 0, 2, 0, 1, 1, 0, 2, 2, 1, 0, 0, 0, 2, 1, 2, 0, 0, 2, 0, 1, 1, 1, 1, 0, 1, 0, 0, 2, 0, 1, 2, 2, 0, 1, 1, 0, 1, 2, 0, 0, 0, 0, 0, 1, 0, 1, 2, 0, 0, 1, 0, 2, 0, 1, 0, 1, 0, 2, 2, 1, 0, 2, 1, 0, 2, 1, 2, 0, 1, 0, 1, 2, 0, 0, 0, 1, 2, 0, 1, 1, 2, 1, 0, 2, 1, 0, 1, 1, 2, 2, 2, 1, 0, 1, 2, 1, 1, 1, 2, 2, 1, 1, 1, 1, 2, 1, 0, 0, 1, 2, 2, 2, 2, 1, 2, 0, 1, 1, 2, 1, 0, 2, 1, 0, 2, 0, 2, 1, 1, 2, 0, 0, 2, 1, 1, 0, 1, 1, 2, 1, 1, 2, 1, 1, 1, 0, 2, 2, 0, 0, 1, 1, 2, 1, 0, 0, 0, 0, 2, 1, 0, 1, 2, 2, 2, 1, 1, 2, 1, 0, 2, 1, 1, 2, 2, 2, 0, 0, 0, 2, 1, 2, 2, 2, 2, 2, 2, 2, 1, 1, 1, 2, 0, 0, 0, 2, 1, 0, 2, 0, 2, 2, 0, 2, 0, 2, 1, 1, 0, 0, 0, 0, 0, 1, 2, 0, 2, 2, 1, 2, 2, 2, 2, 0, 1, 1, 2, 1, 0, 0, 0, 1, 1, 2, 0, 1, 0, 1, 1, 2, 2]
[0, 0, 0, 1, 1, 0, 2, 2, 0, 1, 1, 2, 1, 3, 0, 2, 2, 2, 2, 2, 1, 1, 1, 0, 2, 2, 2, 2, 3, 3, 0, 0, 3, 0, 0, 0, 2, 1, 0, 1, 2, 2, 1, 2, 0, 0, 1, 1, 1, 3, 2, 4, 2, 5, 0, 3, 1, 3, 3, 0, 2, 6, 1, 1, 6, 3, 3, 1, 0, 0, 0, 2, 1, 2, 0, 6, 3, 0, 1, 1, 1, 1, 0, 1, 0, 0, 3, 0, 1, 2, 2, 0, 6, 1, 6, 1, 2, 0, 0, 0, 0, 0, 1, 0, 3, 2, 2, 0, 5, 0, 2, 0, 1, 6, 1, 0, 3, 2, 1, 0, 2, 1, 0, 3, 1, 2, 0, 5, 0, 1, 2, 7, 0, 0, 4, 2, 0, 1, 1, 3, 1, 0, 3, 1, 6, 1, 2, 8, 3, 3, 4, 6, 1, 3, 1, 1, 1, 3, 3, 1, 1, 1, 1, 3, 1, 6, 6, 1, 7, 3, 7, 3, 1, 3, 6, 1, 4, 3, 1, 0, 3, 1, 0, 7, 6, 3, 1, 1, 3, 6, 6, 7, 1, 4, 6, 1, 1, 2, 5, 1, 2, 1, 1, 1, 6, 7, 7, 6, 0, 1, 1, 3, 1, 6, 6, 0, 6, 3, 1, 0, 4, 7, 2, 3, 1, 1, 2, 4, 6, 2, 1, 1, 3, 7, 2, 6, 4, 2, 8, 1, 2, 3, 3, 2, 7, 3, 7, 1, 1, 1, 2, 6, 0, 6, 3, 1, 0, 7, 0, 7, 3, 6, 7, 6, 7, 1, 1, 0, 6, 6, 6, 4, 1, 7, 6, 3, 3, 1, 2, 3, 7, 2, 6, 1, 1, 2, 1, 0, 0, 0, 3, 1, 3, 6, 4, 6, 1, 5, 7, 7]
Centroids: [[-0.30108935, 0.67162186], [0.5217506, -0.23503253], [-0.86180985, -0.68528247]]
Centroids: [[-0.4518048, 0.6387098], [0.5774373, -0.20584188], [-1.0501032, -0.9372897], [-0.54816717, -0.5316682], [0.6953329, 0.39791927], [0.55565023, -0.9053567], [0.002969866, 0.8457107], [-1.0477349, -0.349897], [-1.509081, -1.8114635]]
Contingency Matrix: 
[[57  1  2  0  2  0 32  1  0]
 [ 0 83  3  3  8  5  1  0  0]
 [ 0  0 41 41  0  0  0 18  2]]
[[57, 1, 2, 0, 2, 0, 32, 1, 0], [0, 83, 3, 3, 8, 5, 1, 0, 0], [0, 0, 41, 41, 0, 0, 0, 18, 2]]
[[57, 1, 2, 0, 2, 0, 32, 1, 0], [0, 83, 3, 3, 8, 5, 1, 0, 0], [0, 0, 41, 41, 0, 0, 0, 18, 2]]
[0, 1, 2, 3, 4, 5, 6, 7, 8]
[[57, -1, 2, 0, 2, 0, 32, 1, 0], [-1, -1, -1, -1, -1, -1, -1, -1, -1], [0, -1, 41, 41, 0, 0, 0, 18, 2]]
[[-1, -1, -1, -1, -1, -1, -1, -1, -1], [-1, -1, -1, -1, -1, -1, -1, -1, -1], [-1, -1, 41, 41, 0, 0, 0, 18, 2]]
[[-1, -1, -1, -1, -1, -1, -1, -1, -1], [-1, -1, -1, -1, -1, -1, -1, -1, -1], [-1, -1, -1, -1, -1, -1, -1, -1, -1]]
Match_Labels: {1: 1, 0: 0, 2: 2}
New Contingency Matrix: 
[[57  1  2  0  2  0 32  1  0]
 [ 0 83  3  3  8  5  1  0  0]
 [ 0  0 41 41  0  0  0 18  2]]
New Clustered Label Sequence: [0, 1, 2, 3, 4, 5, 6, 7, 8]
Diagonal_Elements: [57, 83, 41], Sum: 181
All_Elements: [57, 1, 2, 0, 2, 0, 32, 1, 0, 0, 83, 3, 3, 8, 5, 1, 0, 0, 0, 0, 41, 41, 0, 0, 0, 18, 2], Sum: 300
Accuracy: 0.6033333333333334
