Seed: 4
Experiment_path: AE_Model_2/Random_Seeds//V4/Experiment_04_4
Dataset_Path: ../_00_Datasets/03_SimDaten_Quiroga2020/C_Easy2_noise005.mat
Dataset_name: ['03_SimDaten_Quiroga2020', 'C_Easy2_noise005.mat']
Variant_name: Variant_04_Offline_Autoencoder_QLearning
Visualisation_Path: Random_Seeds//V4/Experiment_04_4/C_Easy2_noise005.mat/Variant_04_Offline_Autoencoder_QLearning/2023_04_21-16_19_29
Split Ratio: 0.9
Epochs: 8
Batch Size: 1
Input Size: 47
Number of Features: 2
Chosen Model: Convolutional Autoencoder
ConvolutionalAutoencoder(
  (encoder): Sequential(
    (0): Conv1d(1, 6, kernel_size=(6,), stride=(1,))
    (1): LeakyReLU(negative_slope=0.01)
    (2): Conv1d(6, 1, kernel_size=(6,), stride=(1,))
    (3): Flatten(start_dim=1, end_dim=-1)
    (4): Linear(in_features=37, out_features=2, bias=True)
  )
  (decoder): Sequential(
    (0): ConvTranspose1d(1, 6, kernel_size=(6,), stride=(1,))
    (1): LeakyReLU(negative_slope=0.01)
    (2): ConvTranspose1d(6, 1, kernel_size=(6,), stride=(1,))
    (3): Flatten(start_dim=1, end_dim=-1)
    (4): Linear(in_features=12, out_features=47, bias=True)
  )
)
MSELoss()
Adam (
Parameter Group 0
    amsgrad: False
    betas: (0.9, 0.999)
    capturable: False
    differentiable: False
    eps: 1e-08
    foreach: None
    fused: False
    lr: 0.001
    maximize: False
    weight_decay: 0
)
---Q Learning Parameters---
Normalisation: False
Punishment Coefficient: 0.7
Alpha: 0.8
Epsilon: 0.01
Gamma: 0.97
Initial Episode Number: 0
Episode Number Coefficient: 1.4
Number of Random Features: 20
Planning Number: 20
Max Random Features: 60
New Episode Number: 72
New Episode Number: 143
New Episode Number: 215
New Episode Number: 286
New Episode Number: 358
New Episode Number: 429
New Episode Number: 500
New Episode Number: 572
New Episode Number: 643
New Episode Number: 715
               0     1      2      3     4   ...    6      7      8      9     10
new_cluster -3.95 -2.08 -20.00 -11.13 -7.87  ... -4.74 -37.33 -24.48 -16.68 -5.19
c1          -3.95 -2.05 -20.18 -11.19 -7.06  ... -4.94 -36.50 -23.55 -16.70 -5.27
c2          -3.99 -2.06 -20.20 -11.32 -7.67  ... -5.55 -38.32 -24.88 -16.70 -5.24
c3          -3.97 -2.04 -20.38 -10.80 -6.82  ... -5.13 -36.76 -23.49 -16.68 -5.26
c4          -3.94 -2.09 -19.45 -10.83 -7.40  ... -4.95 -37.59 -25.60 -16.69 -5.24
c5          -3.95 -2.06 -20.75 -11.06 -7.20  ... -4.56 -35.42 -24.52 -16.68 -5.39
c6          -3.99 -2.11 -19.44 -11.27 -6.33  ... -5.33 -37.37 -23.21 -16.68 -5.27
c7          -3.98 -2.05 -20.47 -11.00 -7.65  ... -4.55 -37.11 -24.23 -16.70 -5.19
c8          -3.95 -2.03 -19.51 -11.28 -7.59  ... -5.53 -36.03 -24.30 -16.70 -5.17
c9          -3.98 -2.07 -19.22 -11.01 -6.57  ... -5.55 -35.70 -23.53 -16.71 -5.22
c10         -3.98 -2.06 -19.45 -10.75 -7.63  ... -4.56 -37.65 -23.76 -16.69 -5.23

[11 rows x 11 columns]
\begin{tabular}{lrrrrrrrrrrr}
\toprule
{} &    0  &    1  &     2  &     3  &    4  &     5  &    6  &     7  &     8  &     9  &    10 \\
\midrule
new\_cluster & -3.95 & -2.08 & -20.00 & -11.13 & -7.87 & -17.77 & -4.74 & -37.33 & -24.48 & -16.68 & -5.19 \\
c1          & -3.95 & -2.05 & -20.18 & -11.19 & -7.06 & -16.59 & -4.94 & -36.50 & -23.55 & -16.70 & -5.27 \\
c2          & -3.99 & -2.06 & -20.20 & -11.32 & -7.67 & -17.07 & -5.55 & -38.32 & -24.88 & -16.70 & -5.24 \\
c3          & -3.97 & -2.04 & -20.38 & -10.80 & -6.82 & -17.22 & -5.13 & -36.76 & -23.49 & -16.68 & -5.26 \\
c4          & -3.94 & -2.09 & -19.45 & -10.83 & -7.40 & -16.72 & -4.95 & -37.59 & -25.60 & -16.69 & -5.24 \\
c5          & -3.95 & -2.06 & -20.75 & -11.06 & -7.20 & -16.61 & -4.56 & -35.42 & -24.52 & -16.68 & -5.39 \\
c6          & -3.99 & -2.11 & -19.44 & -11.27 & -6.33 & -16.69 & -5.33 & -37.37 & -23.21 & -16.68 & -5.27 \\
c7          & -3.98 & -2.05 & -20.47 & -11.00 & -7.65 & -17.94 & -4.55 & -37.11 & -24.23 & -16.70 & -5.19 \\
c8          & -3.95 & -2.03 & -19.51 & -11.28 & -7.59 & -16.94 & -5.53 & -36.03 & -24.30 & -16.70 & -5.17 \\
c9          & -3.98 & -2.07 & -19.22 & -11.01 & -6.57 & -16.63 & -5.55 & -35.70 & -23.53 & -16.71 & -5.22 \\
c10         & -3.98 & -2.06 & -19.45 & -10.75 & -7.63 & -17.74 & -4.56 & -37.65 & -23.76 & -16.69 & -5.23 \\
\bottomrule
\end{tabular}

                               0            1   ...           9             10
new_cluster  [-1.96, new_cluster]  [-0.07, c1]  ...  [-14.7, c9]   [-3.2, c10]
c1           [-1.96, new_cluster]  [-0.05, c1]  ...  [-14.7, c9]  [-3.28, c10]
c2           [-1.96, new_cluster]  [-0.07, c1]  ...  [-14.7, c9]  [-3.24, c10]
c3           [-1.96, new_cluster]  [-0.04, c1]  ...  [-14.7, c9]  [-3.27, c10]
c4           [-1.96, new_cluster]  [-0.08, c1]  ...  [-14.7, c9]  [-3.24, c10]
c5           [-1.96, new_cluster]  [-0.06, c1]  ...  [-14.7, c9]   [-3.4, c10]
c6           [-1.96, new_cluster]   [-0.1, c1]  ...  [-14.7, c9]  [-3.28, c10]
c7           [-1.96, new_cluster]  [-0.07, c1]  ...  [-14.7, c9]   [-3.2, c10]
c8           [-1.96, new_cluster]  [-0.05, c1]  ...  [-14.7, c9]  [-3.19, c10]
c9           [-1.96, new_cluster]  [-0.07, c1]  ...  [-14.7, c9]  [-3.22, c10]
c10          [-1.96, new_cluster]  [-0.06, c1]  ...  [-14.7, c9]  [-3.24, c10]

[11 rows x 11 columns]
\begin{tabular}{llllllllllll}
\toprule
{} &                    0  &           1  &            2  &           3  &           4  &            5  &           6  &            7  &            8  &           9  &            10 \\
\midrule
new\_cluster &  [-1.96, new\_cluster] &  [-0.07, c1] &   [-18.0, c2] &  [-9.16, c3] &  [-5.86, c4] &  [-15.77, c5] &  [-2.71, c6] &  [-35.34, c7] &  [-22.48, c8] &  [-14.7, c9] &   [-3.2, c10] \\
c1          &  [-1.96, new\_cluster] &  [-0.05, c1] &  [-18.18, c2] &  [-9.23, c3] &  [-5.04, c4] &  [-14.59, c5] &   [-2.9, c6] &   [-34.5, c7] &  [-21.57, c8] &  [-14.7, c9] &  [-3.28, c10] \\
c2          &  [-1.96, new\_cluster] &  [-0.07, c1] &   [-18.2, c2] &  [-9.36, c3] &  [-5.66, c4] &   [-15.1, c5] &  [-3.51, c6] &  [-36.32, c7] &  [-22.88, c8] &  [-14.7, c9] &  [-3.24, c10] \\
c3          &  [-1.96, new\_cluster] &  [-0.04, c1] &  [-18.38, c2] &  [-8.83, c3] &   [-4.8, c4] &  [-15.23, c5] &  [-3.09, c6] &  [-34.77, c7] &  [-21.51, c8] &  [-14.7, c9] &  [-3.27, c10] \\
c4          &  [-1.96, new\_cluster] &  [-0.08, c1] &  [-17.46, c2] &  [-8.85, c3] &   [-5.4, c4] &  [-14.72, c5] &  [-2.91, c6] &  [-35.59, c7] &  [-23.62, c8] &  [-14.7, c9] &  [-3.24, c10] \\
c5          &  [-1.96, new\_cluster] &  [-0.06, c1] &  [-18.76, c2] &   [-9.1, c3] &   [-5.2, c4] &  [-14.62, c5] &  [-2.52, c6] &  [-33.43, c7] &  [-22.55, c8] &  [-14.7, c9] &   [-3.4, c10] \\
c6          &  [-1.96, new\_cluster] &   [-0.1, c1] &  [-17.44, c2] &   [-9.3, c3] &  [-4.33, c4] &  [-14.69, c5] &  [-3.28, c6] &  [-35.38, c7] &  [-21.23, c8] &  [-14.7, c9] &  [-3.28, c10] \\
c7          &  [-1.96, new\_cluster] &  [-0.07, c1] &  [-18.49, c2] &  [-9.02, c3] &  [-5.64, c4] &  [-15.96, c5] &   [-2.5, c6] &  [-35.11, c7] &  [-22.24, c8] &  [-14.7, c9] &   [-3.2, c10] \\
c8          &  [-1.96, new\_cluster] &  [-0.05, c1] &  [-17.51, c2] &   [-9.3, c3] &  [-5.57, c4] &  [-14.94, c5] &  [-3.49, c6] &  [-34.04, c7] &  [-22.33, c8] &  [-14.7, c9] &  [-3.19, c10] \\
c9          &  [-1.96, new\_cluster] &  [-0.07, c1] &  [-17.22, c2] &  [-9.04, c3] &  [-4.55, c4] &  [-14.64, c5] &  [-3.51, c6] &  [-33.71, c7] &  [-21.53, c8] &  [-14.7, c9] &  [-3.22, c10] \\
c10         &  [-1.96, new\_cluster] &  [-0.06, c1] &  [-17.46, c2] &  [-8.78, c3] &  [-5.62, c4] &  [-15.74, c5] &  [-2.52, c6] &  [-35.66, c7] &  [-21.79, c8] &  [-14.7, c9] &  [-3.24, c10] \\
\bottomrule
\end{tabular}

