Seed: 0
Experiment_path: AE_Model_2/Reduce_Training_opt//V5_050/Experiment_05_opt
Dataset_Path: ../_00_Datasets/03_SimDaten_Quiroga2020/C_Easy1_noise035.mat
Dataset_name: ['03_SimDaten_Quiroga2020', 'C_Easy1_noise035.mat']
Variant_name: Variant_05_Online_Autoencoder_QLearning_opt
Visualisation_Path: AE_Model_2/Reduce_Training_opt//V5_050/Experiment_05_opt/C_Easy1_noise035.mat/Variant_05_Online_Autoencoder_QLearning_opt/2023_05_25-10_34_37
Normalisation: False
Template Matching: False
Optimising Autoencoder: True
Update Factor: 1
Noisy Batches: False
Noisy Factor: 0.001
Epochs: 8
Batch Size: 1
maximal Spikes for Autoencoder Training : 50
maximal Spikes for Training: 350
Input Size: 47
Chosen Model: Convolutional Autoencoder
ConvolutionalAutoencoder(
  (encoder): Sequential(
    (0): Conv1d(1, 6, kernel_size=(6,), stride=(1,))
    (1): LeakyReLU(negative_slope=0.01)
    (2): Conv1d(6, 1, kernel_size=(6,), stride=(1,))
    (3): Flatten(start_dim=1, end_dim=-1)
    (4): Linear(in_features=37, out_features=2, bias=True)
  )
  (decoder): Sequential(
    (0): ConvTranspose1d(1, 6, kernel_size=(6,), stride=(1,))
    (1): LeakyReLU(negative_slope=0.01)
    (2): ConvTranspose1d(6, 1, kernel_size=(6,), stride=(1,))
    (3): Flatten(start_dim=1, end_dim=-1)
    (4): Linear(in_features=12, out_features=47, bias=True)
  )
)
MSELoss()
Adam (
Parameter Group 0
    amsgrad: False
    betas: (0.9, 0.999)
    capturable: False
    differentiable: False
    eps: 1e-08
    foreach: None
    fused: False
    lr: 0.001
    maximize: False
    weight_decay: 0
)
---Q Learning Parameters---
Normalisation: False
Punishment Coefficient: 1.5
Alpha: 0.8
Epsilon: 0.01
Gamma: 0.97
Initial Episode Number: 0
Episode Number Coefficient: 1.4
Number of Random Features: 20
Planning Number: 20
Max Random Features: 60
New Episode Number: 72
New Episode Number: 143
New Episode Number: 215
New Episode Number: 286
New Episode Number: 358
                 0      1      2      3      4      5
new_cluster -23.78 -20.23 -16.02 -25.41 -15.22 -22.35
c1          -23.77 -20.70 -15.70 -25.78 -15.59 -22.40
c2          -23.76 -20.46 -16.46 -23.25 -15.55 -22.28
c3          -23.77 -20.70 -16.07 -24.06 -15.16 -22.40
c4          -23.88 -20.70 -16.93 -23.16 -15.27 -22.29
c5          -23.76 -20.24 -16.23 -23.32 -15.17 -22.31
\begin{tabular}{lrrrrrr}
\toprule
{} &      0 &      1 &      2 &      3 &      4 &      5 \\
\midrule
new\_cluster & -23.78 & -20.23 & -16.02 & -25.41 & -15.22 & -22.35 \\
c1          & -23.77 & -20.70 & -15.70 & -25.78 & -15.59 & -22.40 \\
c2          & -23.76 & -20.46 & -16.46 & -23.25 & -15.55 & -22.28 \\
c3          & -23.77 & -20.70 & -16.07 & -24.06 & -15.16 & -22.40 \\
c4          & -23.88 & -20.70 & -16.93 & -23.16 & -15.27 & -22.29 \\
c5          & -23.76 & -20.24 & -16.23 & -23.32 & -15.17 & -22.31 \\
\bottomrule
\end{tabular}

                               0            1  ...            4            5
new_cluster  [-9.0, new_cluster]  [-5.26, c1]  ...   [-0.6, c4]  [-7.64, c5]
c1           [-9.0, new_cluster]  [-5.61, c1]  ...   [-0.8, c4]  [-7.64, c5]
c2           [-9.0, new_cluster]  [-5.34, c1]  ...  [-0.86, c4]  [-7.64, c5]
c3           [-9.0, new_cluster]  [-5.74, c1]  ...  [-0.38, c4]  [-7.64, c5]
c4           [-9.0, new_cluster]  [-5.75, c1]  ...   [-0.8, c4]  [-7.64, c5]
c5           [-9.0, new_cluster]  [-5.34, c1]  ...  [-0.38, c4]  [-7.64, c5]

[6 rows x 6 columns]
\begin{tabular}{lllllll}
\toprule
{} &                    0 &            1 &            2 &             3 &            4 &            5 \\
\midrule
new\_cluster &  [-9.0, new\_cluster] &  [-5.26, c1] &  [-0.96, c2] &  [-10.65, c3] &   [-0.6, c4] &  [-7.64, c5] \\
c1          &  [-9.0, new\_cluster] &  [-5.61, c1] &  [-0.61, c2] &  [-11.03, c3] &   [-0.8, c4] &  [-7.64, c5] \\
c2          &  [-9.0, new\_cluster] &  [-5.34, c1] &  [-1.39, c2] &   [-8.34, c3] &  [-0.86, c4] &  [-7.64, c5] \\
c3          &  [-9.0, new\_cluster] &  [-5.74, c1] &   [-1.0, c2] &   [-9.35, c3] &  [-0.38, c4] &  [-7.64, c5] \\
c4          &  [-9.0, new\_cluster] &  [-5.75, c1] &  [-1.86, c2] &   [-8.42, c3] &   [-0.8, c4] &  [-7.64, c5] \\
c5          &  [-9.0, new\_cluster] &  [-5.34, c1] &  [-1.14, c2] &   [-8.41, c3] &  [-0.38, c4] &  [-7.64, c5] \\
\bottomrule
\end{tabular}

