Experiment_path: Experiment_05
Dataset_Path: ../_00_Datasets/03_SimDaten_Quiroga2020/C_Difficult2_noise005.mat
Dataset_name: ['03_SimDaten_Quiroga2020', 'C_Difficult2_noise005.mat']
Variant_name: Variant_05_Online_Autoencoder_QLearning
Visualisation_Path: AE_Model_2/Epochs_GS_PC//V5_6/C_Difficult2_noise005.mat/Variant_05_Online_Autoencoder_QLearning/1.1
Punishment_Coefficient: 1.1
<_01_LoadDataset.ExternCode.spike_class.spike_dataclass object at 0x000001FE377A71D0>
Sampling rate: 24000.0
Raw: [ 0.02085333  0.02043967  0.02052644 ... -0.02218732 -0.02150573
 -0.01811243]
Times: [   1583    1934    2430 ... 1439313 1439656 1439854]
Cluster: [3 3 3 ... 2 2 1]
Number of different clusters:  3
Number of Spikes: 3364
First aligned Spike Frame: [-0.05170878 -0.0548761  -0.06029554 -0.06053219 -0.04807119 -0.02780025
 -0.01550543 -0.01702494 -0.02945104 -0.04493807 -0.07056858 -0.07003585
  0.07629654  0.43081562  0.80470191  0.96319627  0.89198123  0.73643948
  0.58987232  0.46714337  0.36345495  0.2828462   0.22743292  0.182731
  0.13931053  0.09524506  0.05136602  0.01367166 -0.01393093 -0.03985679
 -0.07387102 -0.11218435 -0.1444455  -0.16672578 -0.17809238 -0.18020802
 -0.17953732 -0.18246903 -0.18617363 -0.18205375 -0.17299738 -0.16958427
 -0.17248955 -0.17516876 -0.1727246  -0.16696514 -0.15993314]
Cluster 0, Occurrences: 1120
Cluster 1, Occurrences: 1109
Cluster 2, Occurrences: 1135
Number of Clusters: 3
Online_Training [1/700]: mean_loss=0.10442352543274562
Online_Training [2/700]: mean_loss=0.11292888348301251
Online_Training [3/700]: mean_loss=0.13031413406133652
Online_Training [4/700]: mean_loss=0.08849235996603966
Online_Training [5/700]: mean_loss=0.19223974148432413
Online_Training [6/700]: mean_loss=0.13416368265946707
Online_Training [7/700]: mean_loss=0.11221406608819962
Online_Training [8/700]: mean_loss=0.08633839959899585
Online_Training [9/700]: mean_loss=0.09356639534235
Online_Training [10/700]: mean_loss=0.06813743710517883
Online_Training [11/700]: mean_loss=0.04770830708245436
Online_Training [12/700]: mean_loss=0.053059130907058716
Online_Training [13/700]: mean_loss=0.05843019485473633
Online_Training [14/700]: mean_loss=0.04977809886137644
Online_Training [15/700]: mean_loss=0.03189661478002866
Online_Training [16/700]: mean_loss=0.029525648492077988
Online_Training [17/700]: mean_loss=0.017843143548816442
Online_Training [18/700]: mean_loss=0.009997925255447626
Online_Training [19/700]: mean_loss=0.18650314460198084
Online_Training [20/700]: mean_loss=0.030591448458532493
Online_Training [21/700]: mean_loss=0.03267717702935139
Online_Training [22/700]: mean_loss=0.1432517245411873
Online_Training [23/700]: mean_loss=0.025936859659850597
Online_Training [24/700]: mean_loss=0.22256221870581308
Online_Training [25/700]: mean_loss=0.15654790649811426
Online_Training [26/700]: mean_loss=0.09942120313644409
Online_Training [27/700]: mean_loss=0.10549173628290494
Online_Training [28/700]: mean_loss=0.05176378910740217
Online_Training [29/700]: mean_loss=0.0400504128386577
Online_Training [30/700]: mean_loss=0.14291522403558096
Online_Training [31/700]: mean_loss=0.1332184299826622
Online_Training [32/700]: mean_loss=0.018599417991936207
Online_Training [33/700]: mean_loss=0.045763878151774406
Online_Training [34/700]: mean_loss=0.03263723974426588
Online_Training [35/700]: mean_loss=0.10136404136816661
Online_Training [36/700]: mean_loss=0.08434646700819333
Online_Training [37/700]: mean_loss=0.022452480470140774
Online_Training [38/700]: mean_loss=0.05981940093139807
Online_Training [39/700]: mean_loss=0.010539620493849119
Online_Training [40/700]: mean_loss=0.031969020453592144
Online_Training [41/700]: mean_loss=0.03219207655638456
Online_Training [42/700]: mean_loss=0.025592756768067677
Online_Training [43/700]: mean_loss=0.009627746418118477
Online_Training [44/700]: mean_loss=0.010471987227598826
Online_Training [45/700]: mean_loss=0.008118627049649755
Online_Training [46/700]: mean_loss=0.005021814024075866
Online_Training [47/700]: mean_loss=0.03099595724294583
Online_Training [48/700]: mean_loss=0.00406166542476664
Online_Training [49/700]: mean_loss=0.01953274942934513
Online_Training [50/700]: mean_loss=0.019189615733921528
Online_Training [51/700]: mean_loss=0.13746850689252219
Online_Training [52/700]: mean_loss=0.02969461337973674
Online_Training [53/700]: mean_loss=0.09621807560324669
Online_Training [54/700]: mean_loss=0.010339449315021435
Online_Training [55/700]: mean_loss=0.025109860735634964
Online_Training [56/700]: mean_loss=0.004700607348543902
Online_Training [57/700]: mean_loss=0.003961396442415814
Online_Training [58/700]: mean_loss=0.11511524269978206
Online_Training [59/700]: mean_loss=0.03879636464019617
Online_Training [60/700]: mean_loss=0.10530741885304451
Online_Training [61/700]: mean_loss=0.02587859860310952
Online_Training [62/700]: mean_loss=0.011695066777368387
Online_Training [63/700]: mean_loss=0.011821860447525978
Online_Training [64/700]: mean_loss=0.10005343457063039
Online_Training [65/700]: mean_loss=0.09824591750899951
Online_Training [66/700]: mean_loss=0.07416152209043503
Online_Training [67/700]: mean_loss=0.07162005826830864
Online_Training [68/700]: mean_loss=0.07028808817267418
Online_Training [69/700]: mean_loss=0.06671333561340968
Online_Training [70/700]: mean_loss=0.0593364288409551
Online_Training [71/700]: mean_loss=0.06333887514968713
Online_Training [72/700]: mean_loss=0.04546724818646908
Online_Training [73/700]: mean_loss=0.030204647220671177
Online_Training [74/700]: mean_loss=0.09819835300246875
Online_Training [75/700]: mean_loss=0.07043169935544331
Online_Training [76/700]: mean_loss=0.07392770672837894
Online_Training [77/700]: mean_loss=0.04258877659837405
Online_Training [78/700]: mean_loss=0.07128465175628662
Online_Training [79/700]: mean_loss=0.02398440893739462
Online_Training [80/700]: mean_loss=0.06603839248418808
Online_Training [81/700]: mean_loss=0.057303912937641144
Online_Training [82/700]: mean_loss=0.07735126093029976
Online_Training [83/700]: mean_loss=0.028640087383488815
Online_Training [84/700]: mean_loss=0.03031246115763982
Online_Training [85/700]: mean_loss=0.01449119159951806
Online_Training [86/700]: mean_loss=0.01915340560177962
Online_Training [87/700]: mean_loss=0.06634431580702464
Online_Training [88/700]: mean_loss=0.013575949085255464
Online_Training [89/700]: mean_loss=0.07046845927834511
Online_Training [90/700]: mean_loss=0.07080041368802388
Online_Training [91/700]: mean_loss=0.013016618477801481
Online_Training [92/700]: mean_loss=0.0681309849023819
Online_Training [93/700]: mean_loss=0.06719650328159332
Online_Training [94/700]: mean_loss=0.14138595511515936
Online_Training [95/700]: mean_loss=0.05876165876785914
Online_Training [96/700]: mean_loss=0.08132435133059819
Online_Training [97/700]: mean_loss=0.06174118320147196
Online_Training [98/700]: mean_loss=0.05173872349162897
Online_Training [99/700]: mean_loss=0.01571292383596301
Online_Training [100/700]: mean_loss=0.05618174312015375
Online_Training [101/700]: mean_loss=0.08704916263620059
Online_Training [102/700]: mean_loss=0.010033931893606981
Online_Training [103/700]: mean_loss=0.012069078783194223
Online_Training [104/700]: mean_loss=0.08472832664847374
Online_Training [105/700]: mean_loss=0.035474772875507675
Online_Training [106/700]: mean_loss=0.0864658144613107
Online_Training [107/700]: mean_loss=0.03345805717011293
Online_Training [108/700]: mean_loss=0.03598818245033423
Online_Training [109/700]: mean_loss=0.07649707049131393
Online_Training [110/700]: mean_loss=0.06966687490542729
Online_Training [111/700]: mean_loss=0.014428320340812206
Online_Training [112/700]: mean_loss=0.04230863352616628
Online_Training [113/700]: mean_loss=0.014847168854127327
Online_Training [114/700]: mean_loss=0.04782826825976372
Online_Training [115/700]: mean_loss=0.010623942594975233
Online_Training [116/700]: mean_loss=0.03726789106925329
Online_Training [117/700]: mean_loss=0.030585157684981823
Online_Training [118/700]: mean_loss=0.01858771126717329
Online_Training [119/700]: mean_loss=0.011996824139108261
Online_Training [120/700]: mean_loss=0.005604555830359459
Online_Training [121/700]: mean_loss=0.017752064081529777
Online_Training [122/700]: mean_loss=0.1226377176741759
Online_Training [123/700]: mean_loss=0.027801753021776676
Online_Training [124/700]: mean_loss=0.10298373674352963
Online_Training [125/700]: mean_loss=0.011554772965610027
Online_Training [126/700]: mean_loss=0.026439128754039604
Online_Training [127/700]: mean_loss=0.20879544566075006
Online_Training [128/700]: mean_loss=0.10427323480447133
Online_Training [129/700]: mean_loss=0.023308181203901768
Online_Training [130/700]: mean_loss=0.019500798856218655
Online_Training [131/700]: mean_loss=0.007256682108466824
Online_Training [132/700]: mean_loss=0.018053566105663776
Online_Training [133/700]: mean_loss=0.009817908828457197
Online_Training [134/700]: mean_loss=0.005627410719171166
Online_Training [135/700]: mean_loss=0.09582237030069034
Online_Training [136/700]: mean_loss=0.09404775997002919
Online_Training [137/700]: mean_loss=0.03209741227328777
Online_Training [138/700]: mean_loss=0.006894262041896582
Online_Training [139/700]: mean_loss=0.07084941243131955
Online_Training [140/700]: mean_loss=0.013117702988286814
Online_Training [141/700]: mean_loss=0.005578750045970082
Online_Training [142/700]: mean_loss=0.08753611395756404
Online_Training [143/700]: mean_loss=0.0037771943413342037
Online_Training [144/700]: mean_loss=0.06689951568841934
Online_Training [145/700]: mean_loss=0.031958513582746186
Online_Training [146/700]: mean_loss=0.06427380442619324
Online_Training [147/700]: mean_loss=0.06326706645389397
Online_Training [148/700]: mean_loss=0.033349995190898575
Online_Training [149/700]: mean_loss=0.0605665830274423
Online_Training [150/700]: mean_loss=0.027234076522290707
Online_Training [151/700]: mean_loss=0.050500559310118355
Online_Training [152/700]: mean_loss=0.03763671157260736
Online_Training [153/700]: mean_loss=0.017050412173072498
Online_Training [154/700]: mean_loss=0.035374198108911514
Online_Training [155/700]: mean_loss=0.028725041697422665
Online_Training [156/700]: mean_loss=0.010202800699820122
Online_Training [157/700]: mean_loss=0.036198305586973824
Online_Training [158/700]: mean_loss=0.03700612299144268
Online_Training [159/700]: mean_loss=0.020538507339855034
Online_Training [160/700]: mean_loss=0.02383385505527258
Online_Training [161/700]: mean_loss=0.011951252042005459
Online_Training [162/700]: mean_loss=0.01979546466221412
Online_Training [163/700]: mean_loss=0.013411912601441145
Online_Training [164/700]: mean_loss=0.012509851561238369
Online_Training [165/700]: mean_loss=0.007320473979537685
Online_Training [166/700]: mean_loss=0.014208402950316668
Online_Training [167/700]: mean_loss=0.005841734043012063
Online_Training [168/700]: mean_loss=0.008603276995321115
Online_Training [169/700]: mean_loss=0.10926659405231476
Online_Training [170/700]: mean_loss=0.12755837043126425
Online_Training [171/700]: mean_loss=0.01899512888242801
Online_Training [172/700]: mean_loss=0.016781113110482693
Online_Training [173/700]: mean_loss=0.0305778831243515
Online_Training [174/700]: mean_loss=0.01394882689540585
Online_Training [175/700]: mean_loss=0.01004170929081738
Online_Training [176/700]: mean_loss=0.00537691661156714
Online_Training [177/700]: mean_loss=0.015707364150633413
Online_Training [178/700]: mean_loss=0.004597670825508733
Online_Training [179/700]: mean_loss=0.11143542577823003
Online_Training [180/700]: mean_loss=0.14434533069531122
Online_Training [181/700]: mean_loss=0.012948119081556797
Online_Training [182/700]: mean_loss=0.010073571155468622
Online_Training [183/700]: mean_loss=0.005625146208330989
Online_Training [184/700]: mean_loss=0.018598919734358788
Online_Training [185/700]: mean_loss=0.00890945503488183
Online_Training [186/700]: mean_loss=0.005418288831909497
Online_Training [187/700]: mean_loss=0.014726341081162294
Online_Training [188/700]: mean_loss=0.017408854017655056
Online_Training [189/700]: mean_loss=0.00630946356492738
Online_Training [190/700]: mean_loss=0.007980572680632273
Online_Training [191/700]: mean_loss=0.005886289291083813
Online_Training [192/700]: mean_loss=0.006568042250971
Online_Training [193/700]: mean_loss=0.0027763818313057223
Online_Training [194/700]: mean_loss=0.009533853425333897
Online_Training [195/700]: mean_loss=0.0083087842601041
Online_Training [196/700]: mean_loss=0.019811056243876617
Online_Training [197/700]: mean_loss=0.0029870204937954745
Online_Training [198/700]: mean_loss=0.007428470067679882
Online_Training [199/700]: mean_loss=0.007437576074153185
Online_Training [200/700]: mean_loss=0.0052916187172134714
Online_Training [201/700]: mean_loss=0.003817111059712867
Online_Training [202/700]: mean_loss=0.0018604158540256321
Online_Training [203/700]: mean_loss=0.004713553159187238
Online_Training [204/700]: mean_loss=0.012037627398967743
Online_Training [205/700]: mean_loss=0.0033076275140047073
Online_Training [206/700]: mean_loss=0.005540987321486075
Online_Training [207/700]: mean_loss=0.011049372920145592
Online_Training [208/700]: mean_loss=0.009055095569541058
Online_Training [209/700]: mean_loss=0.0025257285063465438
Online_Training [210/700]: mean_loss=0.003028757404536009
Online_Training [211/700]: mean_loss=0.007098339032381773
Online_Training [212/700]: mean_loss=0.05935867130756378
Online_Training [213/700]: mean_loss=0.0827793578306834
Online_Training [214/700]: mean_loss=0.007245942795028289
Online_Training [215/700]: mean_loss=0.00878626061603427
Online_Training [216/700]: mean_loss=0.07161490867535274
Online_Training [217/700]: mean_loss=0.028389443022509415
Online_Training [218/700]: mean_loss=0.008744201467682918
Online_Training [219/700]: mean_loss=0.01632704787577192
Online_Training [220/700]: mean_loss=0.00594102901717027
Online_Training [221/700]: mean_loss=0.008094724966213107
Online_Training [222/700]: mean_loss=0.004759769731511672
Online_Training [223/700]: mean_loss=0.00766582228243351
Online_Training [224/700]: mean_loss=0.005609297814468543
Online_Training [225/700]: mean_loss=0.011058835467944542
Online_Training [226/700]: mean_loss=0.0020046402933076024
Online_Training [227/700]: mean_loss=0.010544735627869764
Online_Training [228/700]: mean_loss=0.004706471770380934
Online_Training [229/700]: mean_loss=0.0027277815776566663
Online_Training [230/700]: mean_loss=0.00250438554212451
Online_Training [231/700]: mean_loss=0.014532157064725956
Online_Training [232/700]: mean_loss=0.0037075900472700596
Online_Training [233/700]: mean_loss=0.001532215120581289
Online_Training [234/700]: mean_loss=0.0053261076876272755
Online_Training [235/700]: mean_loss=0.005493499493847291
Online_Training [236/700]: mean_loss=0.011468818876892328
Online_Training [237/700]: mean_loss=0.0022675615812962255
Online_Training [238/700]: mean_loss=0.08896134421229362
Online_Training [239/700]: mean_loss=0.09375678127010663
Online_Training [240/700]: mean_loss=0.003245376671353976
Online_Training [241/700]: mean_loss=0.018477775466938812
Online_Training [242/700]: mean_loss=0.0031019921492164335
Online_Training [243/700]: mean_loss=0.0052059979643672705
Online_Training [244/700]: mean_loss=0.007173884970446427
Online_Training [245/700]: mean_loss=0.010525925550609827
Online_Training [246/700]: mean_loss=0.08012348289291064
Online_Training [247/700]: mean_loss=0.08380584542949994
Online_Training [248/700]: mean_loss=0.008850046123067537
Online_Training [249/700]: mean_loss=0.011457670324792465
Online_Training [250/700]: mean_loss=0.010097076029827198
Online_Training [251/700]: mean_loss=0.0075296286183098955
Online_Training [252/700]: mean_loss=0.008658202365040779
Online_Training [253/700]: mean_loss=0.005410344650348027
Online_Training [254/700]: mean_loss=0.00168029114138335
Online_Training [255/700]: mean_loss=0.0015580729232169688
Online_Training [256/700]: mean_loss=0.011909415169308582
Online_Training [257/700]: mean_loss=0.0025520695683856807
Online_Training [258/700]: mean_loss=0.004194549983367324
Online_Training [259/700]: mean_loss=0.006390024597446124
Online_Training [260/700]: mean_loss=0.013067961049576601
Online_Training [261/700]: mean_loss=0.007463980078076323
Online_Training [262/700]: mean_loss=0.007832200344031056
Online_Training [263/700]: mean_loss=0.009584369758764902
Online_Training [264/700]: mean_loss=0.002629818123144408
Online_Training [265/700]: mean_loss=0.006628746477266152
Online_Training [266/700]: mean_loss=0.0036720852367579937
Online_Training [267/700]: mean_loss=0.007361560827121139
Online_Training [268/700]: mean_loss=0.0075639712158590555
Online_Training [269/700]: mean_loss=0.0047937478714932995
Online_Training [270/700]: mean_loss=0.012061510235071182
Online_Training [271/700]: mean_loss=0.003252045367844403
Online_Training [272/700]: mean_loss=0.0027410826490571103
Online_Training [273/700]: mean_loss=0.008744056181361278
Online_Training [274/700]: mean_loss=0.006090653827413917
Online_Training [275/700]: mean_loss=0.004335728667986889
Online_Training [276/700]: mean_loss=0.002316272739941875
Online_Training [277/700]: mean_loss=0.005297571963941057
Online_Training [278/700]: mean_loss=0.0025751785918449364
Online_Training [279/700]: mean_loss=0.006352305024241407
Online_Training [280/700]: mean_loss=0.0029340690234676003
Online_Training [281/700]: mean_loss=0.011126162484288216
Online_Training [282/700]: mean_loss=0.0016058459295891225
Online_Training [283/700]: mean_loss=0.004646673100069165
Online_Training [284/700]: mean_loss=0.0028526814421638846
Online_Training [285/700]: mean_loss=0.004353622983520229
Online_Training [286/700]: mean_loss=0.014460777087757984
Online_Training [287/700]: mean_loss=0.008729283154631654
Online_Training [288/700]: mean_loss=0.003396336998169621
Online_Training [289/700]: mean_loss=0.0075155804709841805
Online_Training [290/700]: mean_loss=0.0031322349483768144
Online_Training [291/700]: mean_loss=0.0023343777284026146
Online_Training [292/700]: mean_loss=0.004071241865555446
Online_Training [293/700]: mean_loss=0.004780482035130262
Online_Training [294/700]: mean_loss=0.0022919305289785066
Online_Training [295/700]: mean_loss=0.09196950867772102
Online_Training [296/700]: mean_loss=0.09341749673088391
Online_Training [297/700]: mean_loss=0.004066676289464037
Online_Training [298/700]: mean_loss=0.013678288708130518
Online_Training [299/700]: mean_loss=0.0016201708543424804
Online_Training [300/700]: mean_loss=0.0028879628128682575
Online_Training [301/700]: mean_loss=0.012572733995815119
Online_Training [302/700]: mean_loss=0.0028974460437893867
Online_Training [303/700]: mean_loss=0.008451634785160422
Online_Training [304/700]: mean_loss=0.008967594243586063
Online_Training [305/700]: mean_loss=0.007847230803842345
Online_Training [306/700]: mean_loss=0.004286211178017159
Online_Training [307/700]: mean_loss=0.013210082271446785
Online_Training [308/700]: mean_loss=0.006352960209672649
Online_Training [309/700]: mean_loss=0.00432248180732131
Online_Training [310/700]: mean_loss=0.003005772673835357
Online_Training [311/700]: mean_loss=0.010750455626597008
Online_Training [312/700]: mean_loss=0.011967037028322617
Online_Training [313/700]: mean_loss=0.004179689839171867
Online_Training [314/700]: mean_loss=0.008160488912835717
Online_Training [315/700]: mean_loss=0.0037180229167764387
Online_Training [316/700]: mean_loss=0.004872421734035015
Online_Training [317/700]: mean_loss=0.008381432620808482
Online_Training [318/700]: mean_loss=0.0200732359662652
Online_Training [319/700]: mean_loss=0.006350281648337841
Online_Training [320/700]: mean_loss=0.004354809798921148
Online_Training [321/700]: mean_loss=0.0029451739586268864
Online_Training [322/700]: mean_loss=0.0013435128688191373
Online_Training [323/700]: mean_loss=0.008622772836436829
Online_Training [324/700]: mean_loss=0.00330622389446944
Online_Training [325/700]: mean_loss=0.005117833226298292
Online_Training [326/700]: mean_loss=0.00467593502253294
Online_Training [327/700]: mean_loss=0.0010108448429188381
Online_Training [328/700]: mean_loss=0.0017745130462571979
Online_Training [329/700]: mean_loss=0.0018516805721446872
Online_Training [330/700]: mean_loss=0.00852545405117174
Online_Training [331/700]: mean_loss=0.007848340707520643
Online_Training [332/700]: mean_loss=0.007000280621772011
Online_Training [333/700]: mean_loss=0.009024704961727062
Online_Training [334/700]: mean_loss=0.0014359652219961088
Online_Training [335/700]: mean_loss=0.0059587232147653895
Online_Training [336/700]: mean_loss=0.0035560628942524395
Online_Training [337/700]: mean_loss=0.00976581002275149
Online_Training [338/700]: mean_loss=0.08130531633893649
Online_Training [339/700]: mean_loss=0.0942864678800106
Online_Training [340/700]: mean_loss=0.008146933124711117
Online_Training [341/700]: mean_loss=0.012775762937963009
Online_Training [342/700]: mean_loss=0.008001452855144938
Online_Training [343/700]: mean_loss=0.01055438257753849
Online_Training [344/700]: mean_loss=0.10097825278838475
Online_Training [345/700]: mean_loss=0.030887167590359848
Online_Training [346/700]: mean_loss=0.013429367759575447
Online_Training [347/700]: mean_loss=0.007478523689011733
Online_Training [348/700]: mean_loss=0.008420941575119892
Online_Training [349/700]: mean_loss=0.00770693210264047
Online_Training [350/700]: mean_loss=0.008314595247308413
Online_Training [351/700]: mean_loss=0.005544083270554741
Online_Training [352/700]: mean_loss=0.03683132523049911
Online_Training [353/700]: mean_loss=0.024740143058200676
Online_Training [354/700]: mean_loss=0.009184206215043863
Online_Training [355/700]: mean_loss=0.009551275055855513
Online_Training [356/700]: mean_loss=0.016279472193370264
Online_Training [357/700]: mean_loss=0.007990401626254121
Online_Training [358/700]: mean_loss=0.006042433436959982
Online_Training [359/700]: mean_loss=0.004866507525245349
Online_Training [360/700]: mean_loss=0.009280096739530563
Online_Training [361/700]: mean_loss=0.007533263725539048
Online_Training [362/700]: mean_loss=0.004116529676442345
Online_Training [363/700]: mean_loss=0.004619450929264228
Online_Training [364/700]: mean_loss=0.005603045613194506
Online_Training [365/700]: mean_loss=0.004160028727104266
Online_Training [366/700]: mean_loss=0.004431209138905008
Online_Training [367/700]: mean_loss=0.0015404956066049635
Online_Training [368/700]: mean_loss=0.003041959833353758
Online_Training [369/700]: mean_loss=0.00326066887161384
Online_Training [370/700]: mean_loss=0.004801175945128004
Online_Training [371/700]: mean_loss=0.008102671941742301
Online_Training [372/700]: mean_loss=0.0032515707813824215
Online_Training [373/700]: mean_loss=0.003818698382625977
Online_Training [374/700]: mean_loss=0.005629409958298008
Online_Training [375/700]: mean_loss=0.0022099038081554077
Online_Training [376/700]: mean_loss=0.0036019709271689257
Online_Training [377/700]: mean_loss=0.0761722760895888
Online_Training [378/700]: mean_loss=0.009711060052116713
Online_Training [379/700]: mean_loss=0.005718582232172291
Online_Training [380/700]: mean_loss=0.005659278171757857
Online_Training [381/700]: mean_loss=0.009941593122979006
Online_Training [382/700]: mean_loss=0.005960806893805663
Online_Training [383/700]: mean_loss=0.003157981981833776
Online_Training [384/700]: mean_loss=0.0068606489803642035
Online_Training [385/700]: mean_loss=0.0025097265606746078
Online_Training [386/700]: mean_loss=0.09762205928564072
Online_Training [387/700]: mean_loss=0.024832526221871376
Online_Training [388/700]: mean_loss=0.005709142501776417
Online_Training [389/700]: mean_loss=0.01020373854165276
Online_Training [390/700]: mean_loss=0.008502502460032701
Online_Training [391/700]: mean_loss=0.005379961182673772
Online_Training [392/700]: mean_loss=0.003013445452476541
Online_Training [393/700]: mean_loss=0.022939777622620266
Online_Training [394/700]: mean_loss=0.009542993580301603
Online_Training [395/700]: mean_loss=0.006763436521093051
Online_Training [396/700]: mean_loss=0.0031243452491859594
Online_Training [397/700]: mean_loss=0.001697336129533748
Online_Training [398/700]: mean_loss=0.002221597940661013
Online_Training [399/700]: mean_loss=0.010393551550805569
Online_Training [400/700]: mean_loss=0.009031973623981079
Online_Training [401/700]: mean_loss=0.0010988785943482071
Online_Training [402/700]: mean_loss=0.007505716445545356
Online_Training [403/700]: mean_loss=0.006393288106968005
Online_Training [404/700]: mean_loss=0.0043607479116568966
Online_Training [405/700]: mean_loss=0.008009128272533417
Online_Training [406/700]: mean_loss=0.006589048076421022
Online_Training [407/700]: mean_loss=0.003988704256092508
Online_Training [408/700]: mean_loss=0.003156599006615579
Online_Training [409/700]: mean_loss=0.004841658985242248
Online_Training [410/700]: mean_loss=0.0024921035316462317
Online_Training [411/700]: mean_loss=0.002598270153005918
Online_Training [412/700]: mean_loss=0.0019823016676430902
Online_Training [413/700]: mean_loss=0.10330994054675102
Online_Training [414/700]: mean_loss=0.1398174688220024
Online_Training [415/700]: mean_loss=0.0346621877203385
Online_Training [416/700]: mean_loss=0.006969761025781433
Online_Training [417/700]: mean_loss=0.016708864209552605
Online_Training [418/700]: mean_loss=0.006969023883963625
Online_Training [419/700]: mean_loss=0.006770579610019922
Online_Training [420/700]: mean_loss=0.006135392313202222
Online_Training [421/700]: mean_loss=0.0020066738749543824
Online_Training [422/700]: mean_loss=0.004484478694697221
Online_Training [423/700]: mean_loss=0.01553744093204538
Online_Training [424/700]: mean_loss=0.003100440022535622
Online_Training [425/700]: mean_loss=0.003471344787006577
Online_Training [426/700]: mean_loss=0.004886962473392487
Online_Training [427/700]: mean_loss=0.00396534528893729
Online_Training [428/700]: mean_loss=0.0015204862963097792
Online_Training [429/700]: mean_loss=0.0072492029673109455
Online_Training [430/700]: mean_loss=0.0046874038719882565
Online_Training [431/700]: mean_loss=0.006948715153460701
Online_Training [432/700]: mean_loss=0.005977022461593151
Online_Training [433/700]: mean_loss=0.0037902511345843473
Online_Training [434/700]: mean_loss=0.0030474828478569784
Online_Training [435/700]: mean_loss=0.0035617523826658726
Online_Training [436/700]: mean_loss=0.005147041442493598
Online_Training [437/700]: mean_loss=0.0033614602483188114
Online_Training [438/700]: mean_loss=0.002418516708227495
Online_Training [439/700]: mean_loss=0.0028534592517341175
Online_Training [440/700]: mean_loss=0.0033674000296741724
Online_Training [441/700]: mean_loss=0.001795805253398915
Online_Training [442/700]: mean_loss=0.032989870135982834
Online_Training [443/700]: mean_loss=0.09017336120208104
Online_Training [444/700]: mean_loss=0.12367615103721619
Online_Training [445/700]: mean_loss=0.03104131327321132
Online_Training [446/700]: mean_loss=0.003920445024656753
Online_Training [447/700]: mean_loss=0.009088752325624228
Online_Training [448/700]: mean_loss=0.08785316596428554
Online_Training [449/700]: mean_loss=0.10935097932815552
Online_Training [450/700]: mean_loss=0.013976911858965954
Online_Training [451/700]: mean_loss=0.007931777741760015
Online_Training [452/700]: mean_loss=0.004351300730680426
Online_Training [453/700]: mean_loss=0.0038430973266561828
Online_Training [454/700]: mean_loss=0.0037842291252066693
Online_Training [455/700]: mean_loss=0.0027036648631716767
Online_Training [456/700]: mean_loss=0.009594885166734457
Online_Training [457/700]: mean_loss=0.0034699642953152456
Online_Training [458/700]: mean_loss=0.004373763067026933
Online_Training [459/700]: mean_loss=0.013020325141648451
Online_Training [460/700]: mean_loss=0.013820253933469454
Online_Training [461/700]: mean_loss=0.005108631371210019
Online_Training [462/700]: mean_loss=0.005725481081753969
Online_Training [463/700]: mean_loss=0.00693246986096104
Online_Training [464/700]: mean_loss=0.002247731938647727
Online_Training [465/700]: mean_loss=0.0018860460453045864
Online_Training [466/700]: mean_loss=0.028812495681146782
Online_Training [467/700]: mean_loss=0.03764726004252831
Online_Training [468/700]: mean_loss=0.017092323085914057
Online_Training [469/700]: mean_loss=0.00802538792292277
Online_Training [470/700]: mean_loss=0.006969196023419499
Online_Training [471/700]: mean_loss=0.0058898664234826965
Online_Training [472/700]: mean_loss=0.009787057992070913
Online_Training [473/700]: mean_loss=0.007856414342919985
Online_Training [474/700]: mean_loss=0.005238658438126246
Online_Training [475/700]: mean_loss=0.00336462010939916
Online_Training [476/700]: mean_loss=0.005648908205330372
Online_Training [477/700]: mean_loss=0.0034894003377606473
Online_Training [478/700]: mean_loss=0.00250365041817228
Online_Training [479/700]: mean_loss=0.0014480368699878454
Online_Training [480/700]: mean_loss=0.0021769868908450007
Online_Training [481/700]: mean_loss=0.0040722400493298965
Online_Training [482/700]: mean_loss=0.0049641676402340336
Online_Training [483/700]: mean_loss=0.004937297276531656
Online_Training [484/700]: mean_loss=0.0024051257641986012
Online_Training [485/700]: mean_loss=0.003252041176892817
Online_Training [486/700]: mean_loss=0.007372972477848331
Online_Training [487/700]: mean_loss=0.0030264934757724404
Online_Training [488/700]: mean_loss=0.002662242933486899
Online_Training [489/700]: mean_loss=0.0021824403083883226
Online_Training [490/700]: mean_loss=0.0031155660205210247
Online_Training [491/700]: mean_loss=0.003998214534173409
Online_Training [492/700]: mean_loss=0.0012609915963063638
Online_Training [493/700]: mean_loss=0.007308559492230415
Online_Training [494/700]: mean_loss=0.004200076839576165
Online_Training [495/700]: mean_loss=0.0010897103153790038
Online_Training [496/700]: mean_loss=0.07948172837495804
Online_Training [497/700]: mean_loss=0.0469106404731671
Online_Training [498/700]: mean_loss=0.008053389222671589
Online_Training [499/700]: mean_loss=0.007305048561344544
Online_Training [500/700]: mean_loss=0.07934314260880153
Online_Training [501/700]: mean_loss=0.035180727019906044
Online_Training [502/700]: mean_loss=0.009896665966759125
Online_Training [503/700]: mean_loss=0.005933471256867051
Online_Training [504/700]: mean_loss=0.008130481544261178
Online_Training [505/700]: mean_loss=0.005613189423456788
Online_Training [506/700]: mean_loss=0.007528043196847041
Online_Training [507/700]: mean_loss=0.002226551800655822
Online_Training [508/700]: mean_loss=0.004150891870570679
Online_Training [509/700]: mean_loss=0.00315747014246881
Online_Training [510/700]: mean_loss=0.0013446397497318685
Online_Training [511/700]: mean_loss=0.002949646247240404
Online_Training [512/700]: mean_loss=0.004559188227479656
Online_Training [513/700]: mean_loss=0.07672816639145215
Online_Training [514/700]: mean_loss=0.10567375272512436
Online_Training [515/700]: mean_loss=0.003320863974901537
Online_Training [516/700]: mean_loss=0.006811221440633138
Online_Training [517/700]: mean_loss=0.005332865364228685
Online_Training [518/700]: mean_loss=0.001913096309484293
Online_Training [519/700]: mean_loss=0.005135387880727649
Online_Training [520/700]: mean_loss=0.0019065627323774
Online_Training [521/700]: mean_loss=0.11333959301312764
Online_Training [522/700]: mean_loss=0.08632303401827812
Online_Training [523/700]: mean_loss=0.004577682663997014
Online_Training [524/700]: mean_loss=0.004016312343689303
Online_Training [525/700]: mean_loss=0.012692637741565704
Online_Training [526/700]: mean_loss=0.006145127195244034
Online_Training [527/700]: mean_loss=0.005692916301389535
Online_Training [528/700]: mean_loss=0.001981736645878603
Online_Training [529/700]: mean_loss=0.005010748747736216
Online_Training [530/700]: mean_loss=0.0044171009212732315
Online_Training [531/700]: mean_loss=0.0012564519808317225
Online_Training [532/700]: mean_loss=0.005134445537502567
Online_Training [533/700]: mean_loss=0.007199944385016958
Online_Training [534/700]: mean_loss=0.0027068923227488995
Online_Training [535/700]: mean_loss=0.005163066399594148
Online_Training [536/700]: mean_loss=0.006083163044725855
Online_Training [537/700]: mean_loss=0.004845432393873732
Online_Training [538/700]: mean_loss=0.0025441666754583516
Online_Training [539/700]: mean_loss=0.0013391977408900857
Online_Training [540/700]: mean_loss=0.005337787636866172
Online_Training [541/700]: mean_loss=0.0038044552008310952
Online_Training [542/700]: mean_loss=0.00242047772432367
Online_Training [543/700]: mean_loss=0.05245338131984075
Online_Training [544/700]: mean_loss=0.025720639154314995
Online_Training [545/700]: mean_loss=0.004563280148431659
Online_Training [546/700]: mean_loss=0.017942361067980528
Online_Training [547/700]: mean_loss=0.009310032241046429
Online_Training [548/700]: mean_loss=0.00833822002944847
Online_Training [549/700]: mean_loss=0.006998891631762187
Online_Training [550/700]: mean_loss=0.004521689377725124
Online_Training [551/700]: mean_loss=0.008800313342362642
Online_Training [552/700]: mean_loss=0.0062565616487214966
Online_Training [553/700]: mean_loss=0.0032955241234352193
Online_Training [554/700]: mean_loss=0.006763452043135961
Online_Training [555/700]: mean_loss=0.003980220605929692
Online_Training [556/700]: mean_loss=0.003186675409475962
Online_Training [557/700]: mean_loss=0.001806189209067573
Online_Training [558/700]: mean_loss=0.0017544352255451183
Online_Training [559/700]: mean_loss=0.003733090707100928
Online_Training [560/700]: mean_loss=0.10002461075782776
Online_Training [561/700]: mean_loss=0.01540011866018176
Online_Training [562/700]: mean_loss=0.005719778050358097
Online_Training [563/700]: mean_loss=0.006092101257915298
Online_Training [564/700]: mean_loss=0.008406592067331076
Online_Training [565/700]: mean_loss=0.011615127169837555
Online_Training [566/700]: mean_loss=0.0030778461756805577
Online_Training [567/700]: mean_loss=0.005035375788186987
Online_Training [568/700]: mean_loss=0.0024787416526426873
Online_Training [569/700]: mean_loss=0.0020275136727529266
Online_Training [570/700]: mean_loss=0.0013652104341114561
Online_Training [571/700]: mean_loss=0.00971606078868111
Online_Training [572/700]: mean_loss=0.002355533962448438
Online_Training [573/700]: mean_loss=0.09328436106443405
Online_Training [574/700]: mean_loss=0.08397176613410313
Online_Training [575/700]: mean_loss=0.008678401665141186
Online_Training [576/700]: mean_loss=0.005350905392939846
Online_Training [577/700]: mean_loss=0.004067680216394365
Online_Training [578/700]: mean_loss=0.004681763472035527
Online_Training [579/700]: mean_loss=0.0011087767294763278
Online_Training [580/700]: mean_loss=0.003851452919964989
Online_Training [581/700]: mean_loss=0.0017010080822122593
Online_Training [582/700]: mean_loss=0.007701588949809472
Online_Training [583/700]: mean_loss=0.005274335465704401
Online_Training [584/700]: mean_loss=0.005682971250886719
Online_Training [585/700]: mean_loss=0.0036409541110818586
Online_Training [586/700]: mean_loss=0.003478806815110147
Online_Training [587/700]: mean_loss=0.0007447026243122915
Online_Training [588/700]: mean_loss=0.002088049155039092
Online_Training [589/700]: mean_loss=0.0023237052373588085
Online_Training [590/700]: mean_loss=0.004453837250669797
Online_Training [591/700]: mean_loss=0.007700098445639014
Online_Training [592/700]: mean_loss=0.0020563651341944933
Online_Training [593/700]: mean_loss=0.0034349540947005153
Online_Training [594/700]: mean_loss=0.008734426305939754
Online_Training [595/700]: mean_loss=0.0019936743580425778
Online_Training [596/700]: mean_loss=0.003492574905976653
Online_Training [597/700]: mean_loss=0.0024332401420300207
Online_Training [598/700]: mean_loss=0.0025858141016215086
Online_Training [599/700]: mean_loss=0.002234574562559525
Online_Training [600/700]: mean_loss=0.0022659074359883866
Online_Training [601/700]: mean_loss=0.0035293896216899157
Online_Training [602/700]: mean_loss=0.0028769295507421098
Online_Training [603/700]: mean_loss=0.002614293984758357
Online_Training [604/700]: mean_loss=0.0050993626937270164
Online_Training [605/700]: mean_loss=0.002288276892310629
Online_Training [606/700]: mean_loss=0.0056275663276513415
Online_Training [607/700]: mean_loss=0.0010663204302545637
Online_Training [608/700]: mean_loss=0.0017639941652305424
Online_Training [609/700]: mean_loss=0.001785252126865089
Online_Training [610/700]: mean_loss=0.0035372115671634674
Online_Training [611/700]: mean_loss=0.0037621704395860434
Online_Training [612/700]: mean_loss=0.0019711595571910343
Online_Training [613/700]: mean_loss=0.002401381692228218
Online_Training [614/700]: mean_loss=0.0021880882559344172
Online_Training [615/700]: mean_loss=0.0013728731428273022
Online_Training [616/700]: mean_loss=0.002055580223289629
Online_Training [617/700]: mean_loss=0.003240669999892513
Online_Training [618/700]: mean_loss=0.004180135981490214
Online_Training [619/700]: mean_loss=0.0035789255052804947
Online_Training [620/700]: mean_loss=0.008900360437110066
Online_Training [621/700]: mean_loss=0.0060011321523537236
Online_Training [622/700]: mean_loss=0.0024964461335912347
Online_Training [623/700]: mean_loss=0.0034520849973584213
Online_Training [624/700]: mean_loss=0.002305273897945881
Online_Training [625/700]: mean_loss=0.004679425386711955
Online_Training [626/700]: mean_loss=0.002130647461550931
Online_Training [627/700]: mean_loss=0.003853680992809435
Online_Training [628/700]: mean_loss=0.0013114578129413228
Online_Training [629/700]: mean_loss=0.002460397508305808
Online_Training [630/700]: mean_loss=0.0007850550464354455
Online_Training [631/700]: mean_loss=0.00208219171812137
Online_Training [632/700]: mean_loss=0.0015731487850037713
Online_Training [633/700]: mean_loss=0.0018277933510641258
Online_Training [634/700]: mean_loss=0.0030720135352263847
Online_Training [635/700]: mean_loss=0.0037132537302871547
Online_Training [636/700]: mean_loss=0.000738557738562425
Online_Training [637/700]: mean_loss=0.0013478084389741223
Online_Training [638/700]: mean_loss=0.0018721202116770048
Online_Training [639/700]: mean_loss=0.002977167721837759
Online_Training [640/700]: mean_loss=0.00312206979530553
Online_Training [641/700]: mean_loss=0.0010927947684346389
Online_Training [642/700]: mean_loss=0.0034559337267031274
Online_Training [643/700]: mean_loss=0.003086879112136861
Online_Training [644/700]: mean_loss=0.04698960855603218
Online_Training [645/700]: mean_loss=0.01640112806732456
Online_Training [646/700]: mean_loss=0.0036963043191159763
Online_Training [647/700]: mean_loss=0.002502767175125579
Online_Training [648/700]: mean_loss=0.0047389615792781115
Online_Training [649/700]: mean_loss=0.010678907545904318
Online_Training [650/700]: mean_loss=0.01187313674017787
Online_Training [651/700]: mean_loss=0.004797669515634577
Online_Training [652/700]: mean_loss=0.08324864879250526
Online_Training [653/700]: mean_loss=0.01255874459942182
Online_Training [654/700]: mean_loss=0.037865493446588516
Online_Training [655/700]: mean_loss=0.07146028677622478
Online_Training [656/700]: mean_loss=0.007707478556161125
Online_Training [657/700]: mean_loss=0.112856591741244
Online_Training [658/700]: mean_loss=0.0864498366912206
Online_Training [659/700]: mean_loss=0.008776577034344276
Online_Training [660/700]: mean_loss=0.012069028336554766
Online_Training [661/700]: mean_loss=0.013090094396223625
Online_Training [662/700]: mean_loss=0.009067573895057043
Online_Training [663/700]: mean_loss=0.004647230263799429
Online_Training [664/700]: mean_loss=0.004216597997583449
Online_Training [665/700]: mean_loss=0.07554936533172925
Online_Training [666/700]: mean_loss=0.15171094983816147
Online_Training [667/700]: mean_loss=0.004167604725807905
Online_Training [668/700]: mean_loss=0.004612794456382592
Online_Training [669/700]: mean_loss=0.007776389208932717
Online_Training [670/700]: mean_loss=0.007995866083850464
Online_Training [671/700]: mean_loss=0.0019866615378608308
Online_Training [672/700]: mean_loss=0.007431242459764083
Online_Training [673/700]: mean_loss=0.006587099516764283
Online_Training [674/700]: mean_loss=0.002185810551357766
Online_Training [675/700]: mean_loss=0.006756321294233203
Online_Training [676/700]: mean_loss=0.0028294166938091316
Online_Training [677/700]: mean_loss=0.0035714872259025774
Online_Training [678/700]: mean_loss=0.00333977397531271
Online_Training [679/700]: mean_loss=0.0045496168701599045
Online_Training [680/700]: mean_loss=0.003207429933051268
Online_Training [681/700]: mean_loss=0.034517223636309304
Online_Training [682/700]: mean_loss=0.013390764283637205
Online_Training [683/700]: mean_loss=0.0037040711225320897
Online_Training [684/700]: mean_loss=0.0038095323058466115
Online_Training [685/700]: mean_loss=0.002880670130252838
Online_Training [686/700]: mean_loss=0.05261519365012646
Online_Training [687/700]: mean_loss=0.04442548379302025
Online_Training [688/700]: mean_loss=0.011091916045794884
Online_Training [689/700]: mean_loss=0.008883407339453697
Online_Training [690/700]: mean_loss=0.004073340057705839
Online_Training [691/700]: mean_loss=0.03528684936463833
Online_Training [692/700]: mean_loss=0.030588758178055286
Online_Training [693/700]: mean_loss=0.006302605150267482
Online_Training [694/700]: mean_loss=0.029823575168848038
Online_Training [695/700]: mean_loss=0.006446841638535261
Online_Training [696/700]: mean_loss=0.016997688294698794
Online_Training [697/700]: mean_loss=0.009052641146505872
Online_Training [698/700]: mean_loss=0.004539384739473462
Online_Training [699/700]: mean_loss=0.005447729025036097
Online_Training [700/700]: mean_loss=0.0020138796341295042
Number of Samples after Autoencoder testing: 300
First Spike after testing: [ 0.12390959 -1.5614552 ]
[0, 2, 0, 2, 0, 1, 0, 2, 2, 1, 2, 1, 0, 2, 2, 1, 0, 2, 2, 0, 2, 0, 1, 1, 1, 0, 2, 0, 0, 1, 1, 1, 2, 0, 1, 2, 0, 0, 1, 1, 0, 0, 2, 0, 2, 1, 0, 0, 1, 0, 0, 0, 0, 0, 1, 1, 2, 2, 1, 1, 2, 1, 2, 1, 2, 0, 0, 2, 2, 1, 1, 0, 2, 2, 1, 1, 1, 0, 1, 2, 0, 1, 0, 2, 0, 1, 0, 1, 2, 1, 0, 2, 0, 1, 0, 2, 2, 1, 1, 0, 0, 1, 1, 2, 2, 0, 2, 1, 0, 1, 2, 0, 1, 0, 0, 0, 2, 0, 0, 0, 1, 1, 0, 0, 2, 0, 0, 2, 1, 0, 0, 1, 0, 2, 1, 2, 2, 2, 1, 2, 0, 1, 2, 0, 0, 1, 2, 0, 2, 1, 2, 2, 0, 0, 2, 0, 2, 2, 0, 0, 0, 2, 2, 1, 0, 0, 1, 0, 0, 0, 1, 2, 2, 0, 1, 1, 0, 1, 0, 1, 0, 1, 2, 0, 0, 1, 2, 0, 1, 2, 2, 2, 2, 1, 2, 2, 0, 2, 0, 2, 0, 0, 1, 1, 1, 0, 2, 0, 2, 0, 0, 0, 1, 1, 2, 1, 1, 0, 1, 0, 2, 1, 2, 1, 1, 0, 1, 0, 1, 0, 0, 1, 2, 0, 1, 2, 1, 0, 0, 1, 0, 2, 2, 1, 1, 1, 2, 0, 2, 2, 2, 1, 1, 2, 1, 2, 2, 0, 2, 0, 1, 2, 2, 0, 1, 2, 1, 0, 1, 0, 2, 2, 1, 2, 2, 2, 1, 2, 0, 1, 2, 2, 0, 0, 2, 2, 0, 1, 2, 0, 0, 0, 1, 0, 0, 1, 2, 2, 1, 2]
[0, 0, 0, 0, 0, 1, 0, 0, 0, 1, 0, 1, 0, 0, 0, 1, 0, 0, 0, 0, 0, 0, 1, 1, 1, 0, 0, 0, 0, 1, 1, 1, 0, 0, 1, 0, 0, 0, 1, 1, 0, 0, 0, 0, 0, 1, 0, 0, 1, 0, 0, 0, 0, 0, 1, 1, 0, 0, 1, 1, 0, 1, 0, 1, 0, 0, 0, 0, 0, 1, 1, 0, 0, 0, 1, 1, 1, 0, 1, 0, 0, 1, 0, 0, 0, 1, 0, 1, 0, 1, 0, 0, 0, 1, 0, 0, 0, 1, 1, 0, 0, 1, 1, 0, 0, 0, 0, 1, 0, 1, 0, 0, 1, 0, 0, 0, 0, 0, 0, 0, 1, 1, 0, 0, 0, 0, 0, 0, 1, 0, 0, 1, 0, 0, 1, 0, 0, 0, 1, 0, 0, 1, 0, 0, 0, 1, 0, 0, 0, 1, 0, 0, 0, 0, 0, 0, 0, 0, 0, 0, 0, 0, 0, 1, 0, 0, 1, 0, 0, 0, 2, 0, 0, 0, 1, 1, 0, 1, 0, 1, 0, 1, 0, 0, 0, 1, 0, 0, 1, 0, 0, 0, 0, 1, 0, 0, 0, 0, 0, 0, 0, 0, 0, 1, 1, 0, 0, 0, 0, 0, 0, 0, 1, 1, 0, 1, 1, 0, 1, 0, 0, 1, 0, 1, 1, 0, 1, 0, 1, 0, 0, 1, 0, 0, 1, 0, 1, 0, 0, 1, 0, 0, 0, 1, 1, 1, 0, 0, 0, 0, 0, 1, 1, 0, 1, 0, 0, 0, 0, 0, 1, 0, 0, 0, 1, 0, 1, 0, 1, 0, 0, 0, 1, 0, 0, 1, 1, 0, 0, 2, 0, 0, 0, 0, 0, 0, 0, 1, 0, 0, 0, 0, 1, 0, 0, 1, 0, 0, 1, 0]
Centroids: [[0.0558602, -1.506791], [-1.7032644, 1.5306593], [-1.027509, -0.9866165]]
Centroids: [[-0.44553402, -1.260043], [-1.6850175, 1.50003], [-3.7242727, 2.8744526]]
Contingency Matrix: 
[[109   0   0]
 [  1  90   2]
 [ 97   1   0]]
[[109, 0, 0], [1, 90, 2], [97, 1, 0]]
[[109, 0, 0], [1, 90, 2], [97, 1, 0]]
[0, 1, 2]
[[-1, -1, -1], [-1, 90, 2], [-1, 1, 0]]
[[-1, -1, -1], [-1, -1, -1], [-1, -1, 0]]
[[-1, -1, -1], [-1, -1, -1], [-1, -1, -1]]
Match_Labels: {0: 0, 1: 1, 2: 2}
New Contingency Matrix: 
[[109   0   0]
 [  1  90   2]
 [ 97   1   0]]
New Clustered Label Sequence: [0, 1, 2]
Diagonal_Elements: [109, 90, 0], Sum: 199
All_Elements: [109, 0, 0, 1, 90, 2, 97, 1, 0], Sum: 300
Accuracy: 0.6633333333333333
