Experiment_path: AE_Model_1/Normalization/Experiment_04_norm
Dataset_Path: ../_00_Datasets/03_SimDaten_Quiroga2020/C_Easy2_noise020.mat
Dataset_name: ['03_SimDaten_Quiroga2020', 'C_Easy2_noise020.mat']
Variant_name: V04_Off_AE_QL_norm
Visualisation_Path: AE_Model_1/Normalization/Experiment_04_norm/C_Easy2_noise020.mat/V04_Off_AE_QL_norm/2023_06_04-20_35_36
Punishment_Coefficient: 0.6
<_01_LoadDataset.ExternCode.spike_class.spike_dataclass object at 0x000001A1B7A4FE10>
Sampling rate: 24000.0
Raw: [ 0.06217714  0.08667759  0.11027728 ... -0.20242181 -0.23729255
 -0.22686598]
Times: [    275    1209    1637 ... 1439335 1439493 1439555]
Cluster: [3 1 3 ... 1 3 3]
Number of different clusters:  3
Number of Spikes: 3526
First aligned Spike Frame: [ 0.1985413   0.13105152  0.07019694  0.01293704 -0.04549478 -0.09355401
 -0.10898392 -0.08319484 -0.04338644 -0.02286395 -0.01669682  0.03736978
  0.228401    0.55158241  0.86822633  1.017223    0.95590368  0.7885242
  0.62729572  0.50651951  0.42415885  0.36744116  0.32697735  0.30083782
  0.28884086  0.28564604  0.27020338  0.23197964  0.18793799  0.15404375
  0.12614683  0.08867524  0.0478996   0.02814512  0.02523451  0.01117923
 -0.03609381 -0.11393271 -0.18622402 -0.21752562 -0.20411432 -0.1633565
 -0.106174   -0.0312361   0.06793406  0.17242405  0.24704307]
Cluster 0, Occurrences: 1186
Cluster 1, Occurrences: 1188
Cluster 2, Occurrences: 1152
Train Index: 3173
x_train: 3173
y_train: 3173
x_test: 353
y_test: 353
<torch.utils.data.dataloader.DataLoader object at 0x000001A1B7C86F28>
<torch.utils.data.dataloader.DataLoader object at 0x000001A1B7C86358>
Epoch [1/8]: mean_loss=0.000484179602357686
Epoch [2/8]: mean_loss=0.0003038639544071721
Epoch [3/8]: mean_loss=0.0002987405540303612
Epoch [4/8]: mean_loss=0.0002961061459611144
Epoch [5/8]: mean_loss=0.0002952029462169951
Epoch [6/8]: mean_loss=0.0002982912352088495
Epoch [7/8]: mean_loss=0.0003042334603809649
Epoch [8/8]: mean_loss=0.0003130016193906854
Number of Clusters: 3
Number of Samples after Autoencoder testing: 351
First Spike after testing: [ 0.5493521 -0.2794189]
[1, 1, 2, 0, 1, 2, 1, 1, 2, 1, 0, 0, 0, 2, 1, 0, 2, 1, 0, 1, 1, 1, 2, 1, 2, 1, 2, 0, 1, 2, 0, 2, 0, 1, 0, 1, 0, 2, 0, 2, 0, 2, 1, 2, 1, 1, 2, 2, 2, 2, 0, 0, 0, 2, 0, 0, 2, 2, 1, 0, 2, 1, 1, 1, 1, 1, 0, 1, 2, 0, 0, 1, 2, 1, 2, 2, 2, 2, 0, 2, 2, 0, 0, 2, 2, 2, 2, 0, 1, 1, 1, 1, 1, 1, 1, 1, 0, 1, 1, 1, 1, 1, 2, 1, 0, 0, 0, 1, 1, 2, 2, 1, 2, 2, 0, 1, 1, 2, 0, 2, 1, 2, 2, 1, 1, 2, 2, 1, 1, 1, 1, 2, 0, 2, 1, 1, 1, 2, 1, 2, 2, 0, 0, 0, 2, 1, 2, 2, 0, 1, 0, 1, 1, 2, 1, 2, 2, 2, 0, 2, 1, 0, 0, 1, 1, 1, 2, 0, 1, 0, 2, 0, 1, 1, 0, 0, 2, 0, 2, 0, 2, 1, 1, 1, 1, 2, 0, 0, 0, 0, 0, 0, 0, 1, 1, 2, 1, 0, 2, 0, 0, 1, 1, 0, 0, 0, 2, 0, 2, 2, 2, 0, 2, 1, 0, 1, 1, 1, 1, 0, 1, 0, 2, 1, 1, 2, 1, 0, 0, 0, 1, 2, 2, 0, 0, 0, 1, 1, 1, 1, 2, 0, 2, 0, 1, 0, 2, 0, 2, 1, 2, 0, 1, 2, 1, 0, 1, 2, 1, 2, 0, 1, 0, 1, 2, 0, 2, 2, 0, 2, 0, 1, 1, 2, 0, 2, 1, 1, 1, 1, 2, 2, 2, 0, 0, 0, 2, 2, 2, 2, 2, 1, 0, 2, 1, 0, 0, 0, 0, 1, 2, 0, 0, 1, 0, 1, 2, 0, 2, 0, 1, 0, 1, 1, 0, 0, 0, 2, 2, 2, 0, 1, 0, 2, 2, 1, 0, 2, 0, 1, 0, 1, 1, 1, 0, 0, 1, 0, 1, 0, 0, 2, 0, 1, 2, 2, 0, 0, 0, 2, 2]
[0, 0, 1, 0, 0, 0, 0, 0, 1, 0, 0, 0, 0, 1, 0, 0, 1, 0, 0, 0, 0, 0, 1, 0, 1, 0, 1, 0, 0, 1, 0, 1, 0, 0, 0, 0, 0, 1, 0, 1, 0, 1, 0, 1, 0, 0, 1, 1, 1, 1, 0, 0, 0, 1, 0, 0, 1, 1, 0, 0, 1, 0, 0, 0, 0, 0, 0, 0, 1, 0, 0, 0, 1, 0, 1, 1, 1, 1, 0, 1, 1, 0, 0, 1, 1, 1, 1, 0, 0, 0, 0, 0, 0, 0, 0, 0, 0, 0, 0, 0, 0, 0, 1, 0, 0, 0, 0, 0, 0, 0, 1, 0, 1, 1, 0, 0, 0, 1, 0, 1, 0, 1, 1, 0, 0, 1, 1, 0, 0, 0, 0, 1, 0, 0, 0, 0, 0, 1, 0, 1, 1, 0, 0, 0, 1, 0, 1, 1, 0, 0, 0, 0, 0, 1, 0, 1, 1, 1, 0, 1, 0, 0, 0, 0, 0, 0, 1, 0, 0, 0, 1, 0, 0, 0, 0, 0, 1, 0, 1, 0, 1, 0, 0, 0, 0, 1, 0, 0, 0, 0, 0, 0, 0, 0, 0, 1, 0, 0, 1, 0, 0, 0, 0, 0, 0, 0, 1, 0, 1, 1, 1, 0, 1, 0, 0, 0, 0, 0, 0, 0, 0, 0, 1, 0, 0, 1, 0, 0, 0, 0, 0, 1, 1, 0, 0, 0, 0, 0, 0, 0, 1, 0, 1, 0, 0, 0, 1, 0, 1, 0, 1, 0, 0, 1, 0, 0, 0, 1, 0, 1, 0, 0, 0, 0, 1, 0, 1, 1, 0, 1, 0, 0, 0, 1, 0, 1, 0, 0, 0, 0, 1, 1, 1, 0, 0, 0, 1, 1, 1, 1, 1, 0, 0, 1, 0, 0, 0, 0, 0, 0, 1, 0, 0, 0, 0, 0, 1, 0, 1, 0, 0, 0, 0, 0, 0, 0, 0, 1, 1, 1, 0, 0, 0, 0, 1, 0, 0, 1, 0, 0, 0, 0, 0, 0, 0, 0, 0, 0, 0, 0, 0, 1, 0, 0, 1, 1, 0, 0, 0, 1, 1]
Centroids: [[1.1083088, -0.8313994], [0.71514463, -0.42600626], [-0.5744303, 2.2948642]]
Centroids: [[0.894174, -0.59211546], [-0.60636127, 2.3377137]]
Standard Derivations: [0.18061402, 0.23641603, 0.41791838]
Cluster Distances: [0.14770143, 2.9518387, 0.14770141, 2.3566685, 2.9518387, 2.3566685]
Minimal Cluster Distance: 0.1477014124393463
Contingency Matrix: 
[[115   0]
 [124   0]
 [  4 108]]
[[115, 0], [124, 0], [4, 108]]
[[115, 0, 0], [124, 0, 0], [4, 108, 0]]
[0, 1, 2]
[[-1, 0, 0], [-1, -1, -1], [-1, 108, 0]]
[[-1, -1, 0], [-1, -1, -1], [-1, -1, -1]]
[[-1, -1, -1], [-1, -1, -1], [-1, -1, -1]]
Match_Labels: {1: 0, 2: 1, 0: 2}
New Contingency Matrix: 
[[  0 115   0]
 [  0 124   0]
 [  0   4 108]]
New Clustered Label Sequence: [2, 0, 1]
Diagonal_Elements: [0, 124, 108], Sum: 232
All_Elements: [0, 115, 0, 0, 124, 0, 0, 4, 108], Sum: 351
Accuracy: 0.6609686609686609
Centroids: [[0.27859578341812874, -0.11380831533927976], [-0.18800897035894362, 0.4551867448069431]]
