Seed: 0
Experiment_path: AE_Model_1/Epochs//V4/Experiment_04
Dataset_Path: ../_00_Datasets/03_SimDaten_Quiroga2020/C_Easy2_noise010.mat
Dataset_name: ['03_SimDaten_Quiroga2020', 'C_Easy2_noise010.mat']
Variant_name: Variant_04_Offline_Autoencoder_QLearning
Visualisation_Path: AE_Model_1/Epochs//V4/Experiment_04/C_Easy2_noise010.mat/Variant_04_Offline_Autoencoder_QLearning/2023_04_25-15_36_49
Split Ratio: 0.9
Epochs: 10
Batch Size: 1
Input Size: 47
Number of Features: 2
Chosen Model: Autoencoder
Autoencoder(
  (encoder): Sequential(
    (0): Linear(in_features=47, out_features=12, bias=True)
    (1): LeakyReLU(negative_slope=0.01)
    (2): Linear(in_features=12, out_features=2, bias=True)
  )
  (decoder): Sequential(
    (0): Linear(in_features=2, out_features=12, bias=True)
    (1): LeakyReLU(negative_slope=0.01)
    (2): Linear(in_features=12, out_features=47, bias=True)
  )
)
MSELoss()
Adam (
Parameter Group 0
    amsgrad: False
    betas: (0.9, 0.999)
    capturable: False
    differentiable: False
    eps: 1e-08
    foreach: None
    fused: False
    lr: 0.001
    maximize: False
    weight_decay: 0
)
---Q Learning Parameters---
Normalisation: False
Punishment Coefficient: 0.6
Alpha: 0.8
Epsilon: 0.01
Gamma: 0.97
Initial Episode Number: 0
Episode Number Coefficient: 1.4
Number of Random Features: 20
Planning Number: 20
Max Random Features: 60
New Episode Number: 72
New Episode Number: 143
New Episode Number: 215
New Episode Number: 286
New Episode Number: 358
                0      1     2     3      4     5
new_cluster -6.30 -12.86 -5.11 -9.17 -10.60 -6.09
c1          -6.28 -13.05 -5.11 -9.49 -10.66 -6.33
c2          -6.38 -13.32 -5.19 -9.60 -10.56 -6.12
c3          -6.30 -12.48 -5.11 -9.63 -10.15 -6.13
c4          -6.30 -12.75 -5.20 -9.50 -10.06 -6.23
c5          -6.30 -12.82 -4.98 -9.52 -10.25 -6.15
\begin{tabular}{lrrrrrr}
\toprule
{} &     0 &      1 &     2 &     3 &      4 &     5 \\
\midrule
new\_cluster & -6.30 & -12.86 & -5.11 & -9.17 & -10.60 & -6.09 \\
c1          & -6.28 & -13.05 & -5.11 & -9.49 & -10.66 & -6.33 \\
c2          & -6.38 & -13.32 & -5.19 & -9.60 & -10.56 & -6.12 \\
c3          & -6.30 & -12.48 & -5.11 & -9.63 & -10.15 & -6.13 \\
c4          & -6.30 & -12.75 & -5.20 & -9.50 & -10.06 & -6.23 \\
c5          & -6.30 & -12.82 & -4.98 & -9.52 & -10.25 & -6.15 \\
\bottomrule
\end{tabular}

                                0            1  ...            4            5
new_cluster  [-1.44, new_cluster]  [-7.92, c1]  ...  [-5.71, c4]  [-1.25, c5]
c1           [-1.44, new_cluster]   [-8.1, c1]  ...  [-5.68, c4]   [-1.5, c5]
c2           [-1.44, new_cluster]  [-8.37, c1]  ...  [-5.65, c4]  [-1.29, c5]
c3           [-1.44, new_cluster]  [-7.52, c1]  ...  [-5.17, c4]   [-1.3, c5]
c4           [-1.44, new_cluster]   [-7.8, c1]  ...  [-5.15, c4]   [-1.4, c5]
c5           [-1.44, new_cluster]  [-7.89, c1]  ...  [-5.28, c4]  [-1.32, c5]

[6 rows x 6 columns]
\begin{tabular}{lllllll}
\toprule
{} &                     0 &            1 &            2 &            3 &            4 &            5 \\
\midrule
new\_cluster &  [-1.44, new\_cluster] &  [-7.92, c1] &   [-0.1, c2] &  [-4.22, c3] &  [-5.71, c4] &  [-1.25, c5] \\
c1          &  [-1.44, new\_cluster] &   [-8.1, c1] &  [-0.13, c2] &  [-4.54, c3] &  [-5.68, c4] &   [-1.5, c5] \\
c2          &  [-1.44, new\_cluster] &  [-8.37, c1] &   [-0.2, c2] &  [-4.64, c3] &  [-5.65, c4] &  [-1.29, c5] \\
c3          &  [-1.44, new\_cluster] &  [-7.52, c1] &  [-0.13, c2] &  [-4.68, c3] &  [-5.17, c4] &   [-1.3, c5] \\
c4          &  [-1.44, new\_cluster] &   [-7.8, c1] &  [-0.18, c2] &  [-4.56, c3] &  [-5.15, c4] &   [-1.4, c5] \\
c5          &  [-1.44, new\_cluster] &  [-7.89, c1] &  [-0.08, c2] &  [-4.57, c3] &  [-5.28, c4] &  [-1.32, c5] \\
\bottomrule
\end{tabular}

