Seed: 0
Experiment_path: AE_Model_1/Epochs//V4/Experiment_04
Dataset_Path: ../_00_Datasets/03_SimDaten_Quiroga2020/C_Drift_Easy2_noise015.mat
Dataset_name: ['03_SimDaten_Quiroga2020', 'C_Drift_Easy2_noise015.mat']
Variant_name: Variant_04_Offline_Autoencoder_QLearning
Visualisation_Path: AE_Model_1/Epochs//V4/Experiment_04/C_Drift_Easy2_noise015.mat/Variant_04_Offline_Autoencoder_QLearning/2023_04_25-17_09_47
Split Ratio: 0.9
Epochs: 16
Batch Size: 1
Input Size: 47
Number of Features: 2
Chosen Model: Autoencoder
Autoencoder(
  (encoder): Sequential(
    (0): Linear(in_features=47, out_features=12, bias=True)
    (1): LeakyReLU(negative_slope=0.01)
    (2): Linear(in_features=12, out_features=2, bias=True)
  )
  (decoder): Sequential(
    (0): Linear(in_features=2, out_features=12, bias=True)
    (1): LeakyReLU(negative_slope=0.01)
    (2): Linear(in_features=12, out_features=47, bias=True)
  )
)
MSELoss()
Adam (
Parameter Group 0
    amsgrad: False
    betas: (0.9, 0.999)
    capturable: False
    differentiable: False
    eps: 1e-08
    foreach: None
    fused: False
    lr: 0.001
    maximize: False
    weight_decay: 0
)
---Q Learning Parameters---
Normalisation: False
Punishment Coefficient: 0.6
Alpha: 0.8
Epsilon: 0.01
Gamma: 0.97
Initial Episode Number: 0
Episode Number Coefficient: 1.4
Number of Random Features: 20
Planning Number: 20
Max Random Features: 60
New Episode Number: 72
New Episode Number: 143
New Episode Number: 215
New Episode Number: 286
New Episode Number: 358
                0      1      2     3      4      5
new_cluster -9.17 -14.59 -19.13 -7.92 -20.27 -10.06
c1          -9.16 -14.23 -18.40 -7.70 -20.27 -10.04
c2          -9.09 -14.76 -18.59 -7.81 -20.27 -10.05
c3          -9.16 -14.66 -17.75 -7.87 -20.27  -9.94
c4          -9.11 -14.66 -17.62 -7.91 -20.27   0.00
c5          -9.19 -14.48 -18.11 -7.82 -20.27  -9.99
\begin{tabular}{lrrrrrr}
\toprule
{} &     0 &      1 &      2 &     3 &      4 &      5 \\
\midrule
new\_cluster & -9.17 & -14.59 & -19.13 & -7.92 & -20.27 & -10.06 \\
c1          & -9.16 & -14.23 & -18.40 & -7.70 & -20.27 & -10.04 \\
c2          & -9.09 & -14.76 & -18.59 & -7.81 & -20.27 & -10.05 \\
c3          & -9.16 & -14.66 & -17.75 & -7.87 & -20.27 &  -9.94 \\
c4          & -9.11 & -14.66 & -17.62 & -7.91 & -20.27 &   0.00 \\
c5          & -9.19 & -14.48 & -18.11 & -7.82 & -20.27 &  -9.99 \\
\bottomrule
\end{tabular}

                                0            1  ...             4            5
new_cluster  [-1.44, new_cluster]   [-7.1, c1]  ...  [-20.27, c4]   [-2.5, c5]
c1           [-1.44, new_cluster]  [-6.76, c1]  ...  [-20.27, c4]  [-2.42, c5]
c2           [-1.44, new_cluster]  [-7.29, c1]  ...  [-20.27, c4]   [-2.5, c5]
c3           [-1.44, new_cluster]  [-7.18, c1]  ...  [-20.27, c4]  [-2.31, c5]
c4           [-1.44, new_cluster]   [-7.1, c1]  ...  [-20.27, c4]        [0, ]
c5           [-1.44, new_cluster]  [-6.93, c1]  ...  [-20.27, c4]   [-2.4, c5]

[6 rows x 6 columns]
\begin{tabular}{lllllll}
\toprule
{} &                     0 &            1 &             2 &            3 &             4 &            5 \\
\midrule
new\_cluster &  [-1.44, new\_cluster] &   [-7.1, c1] &  [-11.52, c2] &  [-0.29, c3] &  [-20.27, c4] &   [-2.5, c5] \\
c1          &  [-1.44, new\_cluster] &  [-6.76, c1] &  [-10.85, c2] &  [-0.13, c3] &  [-20.27, c4] &  [-2.42, c5] \\
c2          &  [-1.44, new\_cluster] &  [-7.29, c1] &  [-11.01, c2] &  [-0.18, c3] &  [-20.27, c4] &   [-2.5, c5] \\
c3          &  [-1.44, new\_cluster] &  [-7.18, c1] &  [-10.15, c2] &  [-0.32, c3] &  [-20.27, c4] &  [-2.31, c5] \\
c4          &  [-1.44, new\_cluster] &   [-7.1, c1] &  [-10.01, c2] &  [-0.26, c3] &  [-20.27, c4] &        [0, ] \\
c5          &  [-1.44, new\_cluster] &  [-6.93, c1] &  [-10.54, c2] &   [-0.2, c3] &  [-20.27, c4] &   [-2.4, c5] \\
\bottomrule
\end{tabular}

