Seed: 4
Experiment_path: Random_Seeds_DV5//V5_1/Experiment_05_4_opt
Dataset_Path: ../_00_Datasets/03_SimDaten_Quiroga2020/C_Easy1_noise010.mat
Dataset_name: ['03_SimDaten_Quiroga2020', 'C_Easy1_noise010.mat']
Variant_name: Variant_05_Online_Autoencoder_QLearning_opt
Visualisation_Path: Random_Seeds_DV5//V5_1/Experiment_05_4_opt/C_Easy1_noise010.mat/Variant_05_Online_Autoencoder_QLearning_opt/2023_04_16-16_25_00
Normalisation: False
Template Matching: False
Optimising Autoencoder: True
Update Factor: 100
Noisy Batches: False
Noisy Factor: 0.1
Epochs: 8
Batch Size: 1
maximal Spikes for Autoencoder Training : 700
maximal Spikes for Training: 1000
Input Size: 47
Chosen Model: Autoencoder
Autoencoder(
  (encoder): Sequential(
    (0): Linear(in_features=47, out_features=12, bias=True)
    (1): LeakyReLU(negative_slope=0.01)
    (2): Linear(in_features=12, out_features=2, bias=True)
  )
  (decoder): Sequential(
    (0): Linear(in_features=2, out_features=12, bias=True)
    (1): LeakyReLU(negative_slope=0.01)
    (2): Linear(in_features=12, out_features=47, bias=True)
  )
)
MSELoss()
Adam (
Parameter Group 0
    amsgrad: False
    betas: (0.9, 0.999)
    capturable: False
    differentiable: False
    eps: 1e-08
    foreach: None
    fused: False
    lr: 0.001
    maximize: False
    weight_decay: 0
)
---Q Learning Parameters---
Normalisation: False
Punishment Coefficient: 0.5
Alpha: 0.8
Epsilon: 0.01
Gamma: 0.97
Initial Episode Number: 0
Episode Number Coefficient: 1.4
Number of Random Features: 20
Planning Number: 20
Max Random Features: 60
New Episode Number: 72
New Episode Number: 143
New Episode Number: 215
New Episode Number: 286
New Episode Number: 358
                0     1     2     3     4     5
new_cluster -3.94 -3.03 -5.72 -8.44 -6.29 -8.46
c1          -3.92 -3.03 -5.84 -8.58 -6.31 -8.46
c2          -3.93 -3.03 -6.03 -8.62 -5.98 -8.46
c3          -3.92 -3.06 -5.71 -8.59 -6.12 -8.46
c4          -3.92 -3.04 -5.91 -8.57  0.00  0.00
c5          -3.93 -3.04 -5.79  0.00  0.00  0.00
\begin{tabular}{lrrrrrr}
\toprule
{} &     0 &     1 &     2 &     3 &     4 &     5 \\
\midrule
new\_cluster & -3.94 & -3.03 & -5.72 & -8.44 & -6.29 & -8.46 \\
c1          & -3.92 & -3.03 & -5.84 & -8.58 & -6.31 & -8.46 \\
c2          & -3.93 & -3.03 & -6.03 & -8.62 & -5.98 & -8.46 \\
c3          & -3.92 & -3.06 & -5.71 & -8.59 & -6.12 & -8.46 \\
c4          & -3.92 & -3.04 & -5.91 & -8.57 &  0.00 &  0.00 \\
c5          & -3.93 & -3.04 & -5.79 &  0.00 &  0.00 &  0.00 \\
\bottomrule
\end{tabular}

                               0            1  ...            4            5
new_cluster  [-1.0, new_cluster]  [-0.09, c1]  ...  [-6.29, c4]  [-8.46, c5]
c1           [-1.0, new_cluster]   [-0.1, c1]  ...  [-6.31, c4]  [-8.46, c5]
c2           [-1.0, new_cluster]   [-0.1, c1]  ...  [-5.98, c4]  [-8.46, c5]
c3           [-1.0, new_cluster]  [-0.13, c1]  ...  [-6.12, c4]  [-8.46, c5]
c4           [-1.0, new_cluster]   [-0.1, c1]  ...        [0, ]        [0, ]
c5           [-1.0, new_cluster]   [-0.1, c1]  ...        [0, ]        [0, ]

[6 rows x 6 columns]
\begin{tabular}{lllllll}
\toprule
{} &                    0 &            1 &            2 &            3 &            4 &            5 \\
\midrule
new\_cluster &  [-1.0, new\_cluster] &  [-0.09, c1] &  [-2.78, c2] &  [-5.47, c3] &  [-6.29, c4] &  [-8.46, c5] \\
c1          &  [-1.0, new\_cluster] &   [-0.1, c1] &  [-2.89, c2] &   [-5.6, c3] &  [-6.31, c4] &  [-8.46, c5] \\
c2          &  [-1.0, new\_cluster] &   [-0.1, c1] &   [-3.1, c2] &  [-5.65, c3] &  [-5.98, c4] &  [-8.46, c5] \\
c3          &  [-1.0, new\_cluster] &  [-0.13, c1] &  [-2.77, c2] &  [-5.62, c3] &  [-6.12, c4] &  [-8.46, c5] \\
c4          &  [-1.0, new\_cluster] &   [-0.1, c1] &  [-2.97, c2] &   [-5.6, c3] &        [0, ] &        [0, ] \\
c5          &  [-1.0, new\_cluster] &   [-0.1, c1] &  [-2.85, c2] &        [0, ] &        [0, ] &        [0, ] \\
\bottomrule
\end{tabular}

