Seed: 4
Experiment_path: AE_Model_1/Random_Seeds//V4/Experiment_04_4
Dataset_Path: ../_00_Datasets/03_SimDaten_Quiroga2020/C_Difficult1_noise020.mat
Dataset_name: ['03_SimDaten_Quiroga2020', 'C_Difficult1_noise020.mat']
Variant_name: Variant_04_Offline_Autoencoder_QLearning
Visualisation_Path: Random_Seeds//V4/Experiment_04_4/C_Difficult1_noise020.mat/Variant_04_Offline_Autoencoder_QLearning/2023_04_15-12_27_30
Split Ratio: 0.9
Epochs: 8
Batch Size: 1
Input Size: 47
Number of Features: 2
Chosen Model: Autoencoder
Autoencoder(
  (encoder): Sequential(
    (0): Linear(in_features=47, out_features=12, bias=True)
    (1): LeakyReLU(negative_slope=0.01)
    (2): Linear(in_features=12, out_features=2, bias=True)
  )
  (decoder): Sequential(
    (0): Linear(in_features=2, out_features=12, bias=True)
    (1): LeakyReLU(negative_slope=0.01)
    (2): Linear(in_features=12, out_features=47, bias=True)
  )
)
MSELoss()
Adam (
Parameter Group 0
    amsgrad: False
    betas: (0.9, 0.999)
    capturable: False
    differentiable: False
    eps: 1e-08
    foreach: None
    fused: False
    lr: 0.001
    maximize: False
    weight_decay: 0
)
---Q Learning Parameters---
Normalisation: False
Punishment Coefficient: 0.5
Alpha: 0.8
Epsilon: 0.01
Gamma: 0.97
Initial Episode Number: 0
Episode Number Coefficient: 1.4
Number of Random Features: 20
Planning Number: 20
Max Random Features: 60
New Episode Number: 72
New Episode Number: 143
New Episode Number: 215
New Episode Number: 286
                0     1     2     3     4
new_cluster -3.45 -2.53 -3.06 -3.24 -2.59
c1          -3.45 -2.57 -3.00 -3.22 -2.65
c2          -3.45 -2.55 -3.11 -3.21 -2.76
c3          -3.45 -2.49 -2.92 -3.18 -2.59
c4          -3.43 -2.49 -2.98 -3.16 -2.64
\begin{tabular}{lrrrrr}
\toprule
{} &     0 &     1 &     2 &     3 &     4 \\
\midrule
new\_cluster & -3.45 & -2.53 & -3.06 & -3.24 & -2.59 \\
c1          & -3.45 & -2.57 & -3.00 & -3.22 & -2.65 \\
c2          & -3.45 & -2.55 & -3.11 & -3.21 & -2.76 \\
c3          & -3.45 & -2.49 & -2.92 & -3.18 & -2.59 \\
c4          & -3.43 & -2.49 & -2.98 & -3.16 & -2.64 \\
\bottomrule
\end{tabular}

                               0            1  ...            3            4
new_cluster  [-1.0, new_cluster]  [-0.04, c1]  ...  [-0.82, c3]  [-0.18, c4]
c1           [-1.0, new_cluster]  [-0.08, c1]  ...  [-0.81, c3]  [-0.23, c4]
c2           [-1.0, new_cluster]  [-0.08, c1]  ...   [-0.8, c3]  [-0.33, c4]
c3           [-1.0, new_cluster]  [-0.07, c1]  ...  [-0.77, c3]  [-0.17, c4]
c4           [-1.0, new_cluster]  [-0.07, c1]  ...  [-0.75, c3]  [-0.22, c4]

[5 rows x 5 columns]
\begin{tabular}{llllll}
\toprule
{} &                    0 &            1 &            2 &            3 &            4 \\
\midrule
new\_cluster &  [-1.0, new\_cluster] &  [-0.04, c1] &   [-0.6, c2] &  [-0.82, c3] &  [-0.18, c4] \\
c1          &  [-1.0, new\_cluster] &  [-0.08, c1] &  [-0.53, c2] &  [-0.81, c3] &  [-0.23, c4] \\
c2          &  [-1.0, new\_cluster] &  [-0.08, c1] &  [-0.64, c2] &   [-0.8, c3] &  [-0.33, c4] \\
c3          &  [-1.0, new\_cluster] &  [-0.07, c1] &  [-0.47, c2] &  [-0.77, c3] &  [-0.17, c4] \\
c4          &  [-1.0, new\_cluster] &  [-0.07, c1] &  [-0.51, c2] &  [-0.75, c3] &  [-0.22, c4] \\
\bottomrule
\end{tabular}

