Seed: 5
Experiment_path: Random_Seeds//V5/Experiment_05_5
Dataset_Path: ../_00_Datasets/03_SimDaten_Quiroga2020/C_Burst_Easy2_noise015.mat
Dataset_name: ['03_SimDaten_Quiroga2020', 'C_Burst_Easy2_noise015.mat']
Variant_name: Variant_05_Online_Autoencoder_QLearning
Visualisation_Path: Random_Seeds//V5/Experiment_05_5/C_Burst_Easy2_noise015.mat/Variant_05_Online_Autoencoder_QLearning/2023_04_15-11_44_53
Normalisation: False
Template Matching: False
Optimising Autoencoder: False
Update Factor: 100
Noisy Batches: False
Noisy Factor: 0.1
Epochs: 8
Batch Size: 1
maximal Spikes for Autoencoder Training : 700
maximal Spikes for Training: 1000
Input Size: 47
Chosen Model: Autoencoder
Autoencoder(
  (encoder): Sequential(
    (0): Linear(in_features=47, out_features=12, bias=True)
    (1): LeakyReLU(negative_slope=0.01)
    (2): Linear(in_features=12, out_features=2, bias=True)
  )
  (decoder): Sequential(
    (0): Linear(in_features=2, out_features=12, bias=True)
    (1): LeakyReLU(negative_slope=0.01)
    (2): Linear(in_features=12, out_features=47, bias=True)
  )
)
MSELoss()
Adam (
Parameter Group 0
    amsgrad: False
    betas: (0.9, 0.999)
    capturable: False
    differentiable: False
    eps: 1e-08
    foreach: None
    fused: False
    lr: 0.001
    maximize: False
    weight_decay: 0
)
---Q Learning Parameters---
Normalisation: False
Punishment Coefficient: 0.5
Alpha: 0.8
Epsilon: 0.01
Gamma: 0.97
Initial Episode Number: 0
Episode Number Coefficient: 1.4
Number of Random Features: 20
Planning Number: 20
Max Random Features: 60
New Episode Number: 72
New Episode Number: 143
New Episode Number: 215
New Episode Number: 286
New Episode Number: 358
New Episode Number: 429
New Episode Number: 500
New Episode Number: 572
                 0      1      2      3      4      5      6      7      8
new_cluster -15.41 -23.87 -18.00 -14.84 -22.82 -29.12 -15.18 -24.32 -17.69
c1          -15.45 -24.57 -17.83 -14.90 -22.66 -28.88 -15.13 -25.16 -17.80
c2          -15.40 -24.71 -17.67 -15.17 -22.75 -27.93 -15.02 -25.74 -17.44
c3          -15.40 -23.78 -17.39 -14.52 -23.05 -28.66 -15.23 -24.89 -17.69
c4          -15.42 -23.94 -17.55 -15.02 -22.99 -28.06 -15.21 -25.46 -17.38
c5          -15.40 -24.75 -17.80 -14.98 -22.83 -28.46 -14.65 -26.65 -17.72
c6          -15.40 -24.48 -17.66 -14.55 -22.91 -28.11 -14.94 -26.07 -17.50
c7          -15.40 -24.03 -17.72 -14.81 -22.47 -28.54 -14.96 -24.32 -17.49
c8          -15.38 -24.48 -18.15 -14.56 -22.64 -29.10 -14.61 -26.05 -17.75
\begin{tabular}{lrrrrrrrrr}
\toprule
{} &      0 &      1 &      2 &      3 &      4 &      5 &      6 &      7 &      8 \\
\midrule
new\_cluster & -15.41 & -23.87 & -18.00 & -14.84 & -22.82 & -29.12 & -15.18 & -24.32 & -17.69 \\
c1          & -15.45 & -24.57 & -17.83 & -14.90 & -22.66 & -28.88 & -15.13 & -25.16 & -17.80 \\
c2          & -15.40 & -24.71 & -17.67 & -15.17 & -22.75 & -27.93 & -15.02 & -25.74 & -17.44 \\
c3          & -15.40 & -23.78 & -17.39 & -14.52 & -23.05 & -28.66 & -15.23 & -24.89 & -17.69 \\
c4          & -15.42 & -23.94 & -17.55 & -15.02 & -22.99 & -28.06 & -15.21 & -25.46 & -17.38 \\
c5          & -15.40 & -24.75 & -17.80 & -14.98 & -22.83 & -28.46 & -14.65 & -26.65 & -17.72 \\
c6          & -15.40 & -24.48 & -17.66 & -14.55 & -22.91 & -28.11 & -14.94 & -26.07 & -17.50 \\
c7          & -15.40 & -24.03 & -17.72 & -14.81 & -22.47 & -28.54 & -14.96 & -24.32 & -17.49 \\
c8          & -15.38 & -24.48 & -18.15 & -14.56 & -22.64 & -29.10 & -14.61 & -26.05 & -17.75 \\
\bottomrule
\end{tabular}

                               0             1  ...             7            8
new_cluster  [-1.0, new_cluster]   [-9.41, c1]  ...   [-9.95, c7]  [-3.29, c8]
c1           [-1.0, new_cluster]   [-10.2, c1]  ...   [-10.8, c7]  [-3.35, c8]
c2           [-1.0, new_cluster]  [-10.23, c1]  ...  [-11.37, c7]  [-3.25, c8]
c3           [-1.0, new_cluster]   [-9.34, c1]  ...  [-10.52, c7]  [-3.25, c8]
c4           [-1.0, new_cluster]   [-9.48, c1]  ...  [-11.09, c7]  [-3.25, c8]
c5           [-1.0, new_cluster]  [-10.29, c1]  ...  [-12.28, c7]  [-3.27, c8]
c6           [-1.0, new_cluster]  [-10.02, c1]  ...   [-11.7, c7]  [-3.33, c8]
c7           [-1.0, new_cluster]   [-9.47, c1]  ...   [-9.95, c7]  [-3.36, c8]
c8           [-1.0, new_cluster]  [-10.11, c1]  ...  [-11.68, c7]   [-3.3, c8]

[9 rows x 9 columns]
\begin{tabular}{llllllllll}
\toprule
{} &                    0 &             1 &            2 &            3 &            4 &             5 &            6 &             7 &            8 \\
\midrule
new\_cluster &  [-1.0, new\_cluster] &   [-9.41, c1] &  [-3.42, c2] &  [-0.43, c3] &  [-8.06, c4] &   [-14.6, c5] &  [-0.59, c6] &   [-9.95, c7] &  [-3.29, c8] \\
c1          &  [-1.0, new\_cluster] &   [-10.2, c1] &  [-3.26, c2] &  [-0.48, c3] &  [-7.91, c4] &  [-14.35, c5] &  [-0.54, c6] &   [-10.8, c7] &  [-3.35, c8] \\
c2          &  [-1.0, new\_cluster] &  [-10.23, c1] &   [-3.1, c2] &  [-0.57, c3] &   [-8.0, c4] &   [-13.4, c5] &  [-0.43, c6] &  [-11.37, c7] &  [-3.25, c8] \\
c3          &  [-1.0, new\_cluster] &   [-9.34, c1] &  [-2.81, c2] &  [-0.56, c3] &  [-8.27, c4] &  [-14.13, c5] &  [-0.66, c6] &  [-10.52, c7] &  [-3.25, c8] \\
c4          &  [-1.0, new\_cluster] &   [-9.48, c1] &  [-2.98, c2] &  [-0.65, c3] &   [-8.4, c4] &  [-13.79, c5] &  [-0.69, c6] &  [-11.09, c7] &  [-3.25, c8] \\
c5          &  [-1.0, new\_cluster] &  [-10.29, c1] &  [-3.24, c2] &  [-0.49, c3] &  [-8.08, c4] &  [-13.91, c5] &  [-0.51, c6] &  [-12.28, c7] &  [-3.27, c8] \\
c6          &  [-1.0, new\_cluster] &  [-10.02, c1] &  [-3.09, c2] &  [-0.47, c3] &   [-8.3, c4] &  [-13.78, c5] &  [-0.72, c6] &   [-11.7, c7] &  [-3.33, c8] \\
c7          &  [-1.0, new\_cluster] &   [-9.47, c1] &  [-3.15, c2] &  [-0.38, c3] &  [-7.71, c4] &  [-13.93, c5] &  [-0.44, c6] &   [-9.95, c7] &  [-3.36, c8] \\
c8          &  [-1.0, new\_cluster] &  [-10.11, c1] &  [-3.57, c2] &  [-0.48, c3] &   [-8.0, c4] &  [-14.57, c5] &  [-0.42, c6] &  [-11.68, c7] &   [-3.3, c8] \\
\bottomrule
\end{tabular}

