Seed: 0
Experiment_path: AE_Model_2/Experiment_05
Dataset_Path: ../_00_Datasets/03_SimDaten_Quiroga2020/C_Easy1_noise015.mat
Dataset_name: ['03_SimDaten_Quiroga2020', 'C_Easy1_noise015.mat']
Variant_name: Variant_05_Online_Autoencoder_QLearning
Visualisation_Path: Grid_Search_PC//V5/C_Easy1_noise015.mat/Variant_05_Online_Autoencoder_QLearning/2023_04_21-05_49_24
Normalisation: False
Template Matching: False
Optimising Autoencoder: False
Update Factor: 1
Noisy Batches: False
Noisy Factor: 0.1
Epochs: 8
Batch Size: 1
maximal Spikes for Autoencoder Training : 700
maximal Spikes for Training: 1000
Input Size: 47
Chosen Model: Convolutional Autoencoder
ConvolutionalAutoencoder(
  (encoder): Sequential(
    (0): Conv1d(1, 6, kernel_size=(6,), stride=(1,))
    (1): LeakyReLU(negative_slope=0.01)
    (2): Conv1d(6, 1, kernel_size=(6,), stride=(1,))
    (3): Flatten(start_dim=1, end_dim=-1)
    (4): Linear(in_features=37, out_features=2, bias=True)
  )
  (decoder): Sequential(
    (0): ConvTranspose1d(1, 6, kernel_size=(6,), stride=(1,))
    (1): LeakyReLU(negative_slope=0.01)
    (2): ConvTranspose1d(6, 1, kernel_size=(6,), stride=(1,))
    (3): Flatten(start_dim=1, end_dim=-1)
    (4): Linear(in_features=12, out_features=47, bias=True)
  )
)
MSELoss()
Adam (
Parameter Group 0
    amsgrad: False
    betas: (0.9, 0.999)
    capturable: False
    differentiable: False
    eps: 1e-08
    foreach: None
    fused: False
    lr: 0.001
    maximize: False
    weight_decay: 0
)
---Q Learning Parameters---
Normalisation: False
Punishment Coefficient: 0.9
Alpha: 0.8
Epsilon: 0.01
Gamma: 0.97
Initial Episode Number: 0
Episode Number Coefficient: 1.4
Number of Random Features: 20
Planning Number: 20
Max Random Features: 60
New Episode Number: 72
New Episode Number: 143
New Episode Number: 215
New Episode Number: 286
                 0      1      2      3      4
new_cluster -17.33 -21.78 -18.72 -14.55 -21.58
c1          -17.37 -21.33 -18.48 -14.51 -21.64
c2          -17.35 -21.52 -18.75 -14.59 -21.87
c3          -17.35 -21.76 -18.60 -14.32 -21.15
c4          -17.35 -21.84 -17.98 -14.66 -21.68
\begin{tabular}{lrrrrr}
\toprule
{} &      0 &      1 &      2 &      3 &      4 \\
\midrule
new\_cluster & -17.33 & -21.78 & -18.72 & -14.55 & -21.58 \\
c1          & -17.37 & -21.33 & -18.48 & -14.51 & -21.64 \\
c2          & -17.35 & -21.52 & -18.75 & -14.59 & -21.87 \\
c3          & -17.35 & -21.76 & -18.60 & -14.32 & -21.15 \\
c4          & -17.35 & -21.84 & -17.98 & -14.66 & -21.68 \\
\bottomrule
\end{tabular}

                                0            1  ...            3            4
new_cluster  [-3.24, new_cluster]  [-7.47, c1]  ...  [-0.29, c3]  [-7.36, c4]
c1           [-3.24, new_cluster]  [-6.96, c1]  ...  [-0.45, c3]  [-7.41, c4]
c2           [-3.24, new_cluster]  [-7.34, c1]  ...  [-0.49, c3]  [-7.64, c4]
c3           [-3.24, new_cluster]  [-7.39, c1]  ...  [-0.21, c3]  [-6.93, c4]
c4           [-3.24, new_cluster]  [-7.48, c1]  ...  [-0.42, c3]  [-7.46, c4]

[5 rows x 5 columns]
\begin{tabular}{llllll}
\toprule
{} &                     0 &            1 &            2 &            3 &            4 \\
\midrule
new\_cluster &  [-3.24, new\_cluster] &  [-7.47, c1] &  [-4.43, c2] &  [-0.29, c3] &  [-7.36, c4] \\
c1          &  [-3.24, new\_cluster] &  [-6.96, c1] &  [-4.19, c2] &  [-0.45, c3] &  [-7.41, c4] \\
c2          &  [-3.24, new\_cluster] &  [-7.34, c1] &  [-4.49, c2] &  [-0.49, c3] &  [-7.64, c4] \\
c3          &  [-3.24, new\_cluster] &  [-7.39, c1] &  [-4.34, c2] &  [-0.21, c3] &  [-6.93, c4] \\
c4          &  [-3.24, new\_cluster] &  [-7.48, c1] &  [-3.69, c2] &  [-0.42, c3] &  [-7.46, c4] \\
\bottomrule
\end{tabular}

