Seed: 0
Experiment_path: Experiment_05
Dataset_Path: ../_00_Datasets/03_SimDaten_Quiroga2020/C_Easy1_noise025.mat
Dataset_name: ['03_SimDaten_Quiroga2020', 'C_Easy1_noise025.mat']
Variant_name: Variant_05_Online_Autoencoder_QLearning
Visualisation_Path: AE_Model_2/Epochs_GS_PC//V5_20/C_Easy1_noise025.mat/Variant_05_Online_Autoencoder_QLearning/0.9
Normalisation: False
Template Matching: False
Optimising Autoencoder: False
Update Factor: 1
Noisy Batches: False
Noisy Factor: 0.001
Epochs: 20
Batch Size: 1
maximal Spikes for Autoencoder Training : 700
maximal Spikes for Training: 1000
Input Size: 47
Chosen Model: Convolutional Autoencoder
ConvolutionalAutoencoder(
  (encoder): Sequential(
    (0): Conv1d(1, 6, kernel_size=(6,), stride=(1,))
    (1): LeakyReLU(negative_slope=0.01)
    (2): Conv1d(6, 1, kernel_size=(6,), stride=(1,))
    (3): Flatten(start_dim=1, end_dim=-1)
    (4): Linear(in_features=37, out_features=2, bias=True)
  )
  (decoder): Sequential(
    (0): ConvTranspose1d(1, 6, kernel_size=(6,), stride=(1,))
    (1): LeakyReLU(negative_slope=0.01)
    (2): ConvTranspose1d(6, 1, kernel_size=(6,), stride=(1,))
    (3): Flatten(start_dim=1, end_dim=-1)
    (4): Linear(in_features=12, out_features=47, bias=True)
  )
)
MSELoss()
Adam (
Parameter Group 0
    amsgrad: False
    betas: (0.9, 0.999)
    capturable: False
    differentiable: False
    eps: 1e-08
    foreach: None
    fused: False
    lr: 0.001
    maximize: False
    weight_decay: 0
)
---Q Learning Parameters---
Normalisation: False
Punishment Coefficient: 0.9
Alpha: 0.8
Epsilon: 0.01
Gamma: 0.97
Initial Episode Number: 0
Episode Number Coefficient: 1.4
Number of Random Features: 20
Planning Number: 20
Max Random Features: 60
New Episode Number: 72
New Episode Number: 143
New Episode Number: 215
New Episode Number: 286
                 0      1      2     3      4
new_cluster -12.57 -11.68 -10.96 -9.65 -16.89
c1          -12.84 -11.50 -10.76 -9.75 -16.50
c2          -12.58 -11.71 -10.59 -9.32 -16.89
c3          -12.84 -11.88 -10.72 -9.89 -16.89
c4          -12.84 -11.42 -10.96 -9.78 -16.50
\begin{tabular}{lrrrrr}
\toprule
{} &      0 &      1 &      2 &     3 &      4 \\
\midrule
new\_cluster & -12.57 & -11.68 & -10.96 & -9.65 & -16.89 \\
c1          & -12.84 & -11.50 & -10.76 & -9.75 & -16.50 \\
c2          & -12.58 & -11.71 & -10.59 & -9.32 & -16.89 \\
c3          & -12.84 & -11.88 & -10.72 & -9.89 & -16.89 \\
c4          & -12.84 & -11.42 & -10.96 & -9.78 & -16.50 \\
\bottomrule
\end{tabular}

                                0            1  ...            3            4
new_cluster  [-3.24, new_cluster]  [-2.53, c1]  ...  [-0.29, c3]  [-7.29, c4]
c1           [-3.24, new_cluster]  [-2.05, c1]  ...  [-0.24, c3]  [-7.29, c4]
c2           [-3.24, new_cluster]  [-2.56, c1]  ...  [-0.25, c3]  [-7.29, c4]
c3           [-3.24, new_cluster]  [-2.48, c1]  ...  [-0.52, c3]  [-7.29, c4]
c4           [-3.24, new_cluster]  [-2.02, c1]  ...  [-0.26, c3]  [-7.29, c4]

[5 rows x 5 columns]
\begin{tabular}{llllll}
\toprule
{} &                     0 &            1 &            2 &            3 &            4 \\
\midrule
new\_cluster &  [-3.24, new\_cluster] &  [-2.53, c1] &  [-1.82, c2] &  [-0.29, c3] &  [-7.29, c4] \\
c1          &  [-3.24, new\_cluster] &  [-2.05, c1] &  [-1.69, c2] &  [-0.24, c3] &  [-7.29, c4] \\
c2          &  [-3.24, new\_cluster] &  [-2.56, c1] &  [-1.54, c2] &  [-0.25, c3] &  [-7.29, c4] \\
c3          &  [-3.24, new\_cluster] &  [-2.48, c1] &  [-1.65, c2] &  [-0.52, c3] &  [-7.29, c4] \\
c4          &  [-3.24, new\_cluster] &  [-2.02, c1] &  [-1.77, c2] &  [-0.26, c3] &  [-7.29, c4] \\
\bottomrule
\end{tabular}

