Seed: 0
Experiment_path: AE_Model_2/Epochs_2_4_6_8_20/20_Experiment_05_Epochs
Dataset_Path: ../_00_Datasets/03_SimDaten_Quiroga2020/C_Difficult1_noise005.mat
Dataset_name: ['03_SimDaten_Quiroga2020', 'C_Difficult1_noise005.mat']
Variant_name: Variant_05_Epochs_20
Visualisation_Path: AE_Model_2/Epochs_2_4_6_8_20/20_Experiment_05_Epochs/C_Difficult1_noise005.mat/V05_Online_AE_QL/2023_05_11-01_09_06
Normalisation: False
Template Matching: False
Optimising Autoencoder: False
Update Factor: 1
Noisy Batches: False
Noisy Factor: 0.001
Epochs: 20
Batch Size: 1
maximal Spikes for Autoencoder Training : 700
maximal Spikes for Training: 1000
Input Size: 47
Chosen Model: Convolutional Autoencoder
ConvolutionalAutoencoder(
  (encoder): Sequential(
    (0): Conv1d(1, 6, kernel_size=(6,), stride=(1,))
    (1): LeakyReLU(negative_slope=0.01)
    (2): Conv1d(6, 1, kernel_size=(6,), stride=(1,))
    (3): Flatten(start_dim=1, end_dim=-1)
    (4): Linear(in_features=37, out_features=2, bias=True)
  )
  (decoder): Sequential(
    (0): ConvTranspose1d(1, 6, kernel_size=(6,), stride=(1,))
    (1): LeakyReLU(negative_slope=0.01)
    (2): ConvTranspose1d(6, 1, kernel_size=(6,), stride=(1,))
    (3): Flatten(start_dim=1, end_dim=-1)
    (4): Linear(in_features=12, out_features=47, bias=True)
  )
)
MSELoss()
Adam (
Parameter Group 0
    amsgrad: False
    betas: (0.9, 0.999)
    capturable: False
    differentiable: False
    eps: 1e-08
    foreach: None
    fused: False
    lr: 0.001
    maximize: False
    weight_decay: 0
)
---Q Learning Parameters---
Normalisation: False
Punishment Coefficient: 0.5
Alpha: 0.8
Epsilon: 0.01
Gamma: 0.97
Initial Episode Number: 0
Episode Number Coefficient: 1.4
Number of Random Features: 20
Planning Number: 20
Max Random Features: 60
New Episode Number: 72
New Episode Number: 143
New Episode Number: 215
                0     1     2     3
new_cluster -3.34 -3.02 -3.48 -2.39
c1          -3.32 -3.05 -3.75 -2.44
c2          -3.34 -3.01 -3.85 -2.41
c3          -3.34 -2.93 -3.78 -2.42
\begin{tabular}{lrrrr}
\toprule
{} &     0 &     1 &     2 &     3 \\
\midrule
new\_cluster & -3.34 & -3.02 & -3.48 & -2.39 \\
c1          & -3.32 & -3.05 & -3.75 & -2.44 \\
c2          & -3.34 & -3.01 & -3.85 & -2.41 \\
c3          & -3.34 & -2.93 & -3.78 & -2.42 \\
\bottomrule
\end{tabular}

                               0            1            2            3
new_cluster  [-1.0, new_cluster]  [-0.62, c1]  [-1.14, c2]  [-0.04, c3]
c1           [-1.0, new_cluster]  [-0.68, c1]  [-1.39, c2]  [-0.09, c3]
c2           [-1.0, new_cluster]   [-0.6, c1]  [-1.52, c2]  [-0.05, c3]
c3           [-1.0, new_cluster]  [-0.56, c1]  [-1.43, c2]  [-0.04, c3]
\begin{tabular}{lllll}
\toprule
{} &                    0 &            1 &            2 &            3 \\
\midrule
new\_cluster &  [-1.0, new\_cluster] &  [-0.62, c1] &  [-1.14, c2] &  [-0.04, c3] \\
c1          &  [-1.0, new\_cluster] &  [-0.68, c1] &  [-1.39, c2] &  [-0.09, c3] \\
c2          &  [-1.0, new\_cluster] &   [-0.6, c1] &  [-1.52, c2] &  [-0.05, c3] \\
c3          &  [-1.0, new\_cluster] &  [-0.56, c1] &  [-1.43, c2] &  [-0.04, c3] \\
\bottomrule
\end{tabular}

