Seed: 0
Experiment_path: AE_Model_2/Epochs_2_4_6_8_20/02_Experiment_05_Epochs
Dataset_Path: ../_00_Datasets/03_SimDaten_Quiroga2020/C_Difficult2_noise010.mat
Dataset_name: ['03_SimDaten_Quiroga2020', 'C_Difficult2_noise010.mat']
Variant_name: Variant_05_Epochs_2
Visualisation_Path: AE_Model_2/Epochs_2_4_6_8_20/02_Experiment_05_Epochs/C_Difficult2_noise010.mat/V05_Online_AE_QL/2023_05_11-01_09_50
Normalisation: False
Template Matching: False
Optimising Autoencoder: False
Update Factor: 1
Noisy Batches: False
Noisy Factor: 0.001
Epochs: 2
Batch Size: 1
maximal Spikes for Autoencoder Training : 700
maximal Spikes for Training: 1000
Input Size: 47
Chosen Model: Convolutional Autoencoder
ConvolutionalAutoencoder(
  (encoder): Sequential(
    (0): Conv1d(1, 6, kernel_size=(6,), stride=(1,))
    (1): LeakyReLU(negative_slope=0.01)
    (2): Conv1d(6, 1, kernel_size=(6,), stride=(1,))
    (3): Flatten(start_dim=1, end_dim=-1)
    (4): Linear(in_features=37, out_features=2, bias=True)
  )
  (decoder): Sequential(
    (0): ConvTranspose1d(1, 6, kernel_size=(6,), stride=(1,))
    (1): LeakyReLU(negative_slope=0.01)
    (2): ConvTranspose1d(6, 1, kernel_size=(6,), stride=(1,))
    (3): Flatten(start_dim=1, end_dim=-1)
    (4): Linear(in_features=12, out_features=47, bias=True)
  )
)
MSELoss()
Adam (
Parameter Group 0
    amsgrad: False
    betas: (0.9, 0.999)
    capturable: False
    differentiable: False
    eps: 1e-08
    foreach: None
    fused: False
    lr: 0.001
    maximize: False
    weight_decay: 0
)
---Q Learning Parameters---
Normalisation: False
Punishment Coefficient: 1.1
Alpha: 0.8
Epsilon: 0.01
Gamma: 0.97
Initial Episode Number: 0
Episode Number Coefficient: 1.4
Number of Random Features: 20
Planning Number: 20
Max Random Features: 60
New Episode Number: 72
New Episode Number: 143
New Episode Number: 215
New Episode Number: 286
New Episode Number: 358
New Episode Number: 429
                 0      1     2      3      4     5      6
new_cluster -12.61 -25.85 -8.14 -34.39 -49.42 -9.96 -53.55
c1          -12.66 -25.57 -8.06 -33.02 -49.46 -9.86 -53.55
c2          -12.86 -26.57 -7.96 -34.45 -49.33 -9.87 -53.55
c3          -12.73 -25.66 -8.21 -33.17 -49.33 -9.70   0.00
c4          -12.66 -24.56 -7.91 -34.54 -49.45 -9.99 -53.55
c5          -12.74 -25.03 -7.88 -33.47 -49.47 -9.86 -53.55
c6          -12.65 -24.50 -7.98 -33.33 -49.44  0.00   0.00
\begin{tabular}{lrrrrrrr}
\toprule
{} &      0 &      1 &     2 &      3 &      4 &     5 &      6 \\
\midrule
new\_cluster & -12.61 & -25.85 & -8.14 & -34.39 & -49.42 & -9.96 & -53.55 \\
c1          & -12.66 & -25.57 & -8.06 & -33.02 & -49.46 & -9.86 & -53.55 \\
c2          & -12.86 & -26.57 & -7.96 & -34.45 & -49.33 & -9.87 & -53.55 \\
c3          & -12.73 & -25.66 & -8.21 & -33.17 & -49.33 & -9.70 &   0.00 \\
c4          & -12.66 & -24.56 & -7.91 & -34.54 & -49.45 & -9.99 & -53.55 \\
c5          & -12.74 & -25.03 & -7.88 & -33.47 & -49.47 & -9.86 & -53.55 \\
c6          & -12.65 & -24.50 & -7.98 & -33.33 & -49.44 &  0.00 &   0.00 \\
\bottomrule
\end{tabular}

                                0             1  ...            5             6
new_cluster  [-4.84, new_cluster]  [-17.99, c1]  ...  [-2.22, c5]  [-53.55, c6]
c1           [-4.84, new_cluster]  [-17.75, c1]  ...  [-2.22, c5]  [-53.55, c6]
c2           [-4.84, new_cluster]  [-18.79, c1]  ...  [-2.22, c5]  [-53.55, c6]
c3           [-4.84, new_cluster]   [-17.9, c1]  ...  [-2.22, c5]         [0, ]
c4           [-4.84, new_cluster]  [-16.53, c1]  ...  [-2.22, c5]  [-53.55, c6]
c5           [-4.84, new_cluster]  [-17.22, c1]  ...  [-2.22, c5]  [-53.55, c6]
c6           [-4.84, new_cluster]  [-16.68, c1]  ...        [0, ]         [0, ]

[7 rows x 7 columns]
\begin{tabular}{llllllll}
\toprule
{} &                     0 &             1 &            2 &             3 &            4 &            5 &             6 \\
\midrule
new\_cluster &  [-4.84, new\_cluster] &  [-17.99, c1] &  [-0.41, c2] &  [-34.39, c3] &  [-41.8, c4] &  [-2.22, c5] &  [-53.55, c6] \\
c1          &  [-4.84, new\_cluster] &  [-17.75, c1] &  [-0.35, c2] &  [-33.02, c3] &  [-41.8, c4] &  [-2.22, c5] &  [-53.55, c6] \\
c2          &  [-4.84, new\_cluster] &  [-18.79, c1] &  [-0.16, c2] &  [-34.45, c3] &  [-41.8, c4] &  [-2.22, c5] &  [-53.55, c6] \\
c3          &  [-4.84, new\_cluster] &   [-17.9, c1] &  [-0.51, c2] &  [-33.17, c3] &  [-41.8, c4] &  [-2.22, c5] &         [0, ] \\
c4          &  [-4.84, new\_cluster] &  [-16.53, c1] &  [-0.18, c2] &  [-34.54, c3] &  [-41.8, c4] &  [-2.22, c5] &  [-53.55, c6] \\
c5          &  [-4.84, new\_cluster] &  [-17.22, c1] &  [-0.15, c2] &  [-33.47, c3] &  [-41.8, c4] &  [-2.22, c5] &  [-53.55, c6] \\
c6          &  [-4.84, new\_cluster] &  [-16.68, c1] &  [-0.27, c2] &  [-33.33, c3] &  [-41.8, c4] &        [0, ] &         [0, ] \\
\bottomrule
\end{tabular}

