Experiment_path: Base_Line/Experiment_03
Dataset_Path: ../_00_Datasets/03_SimDaten_Quiroga2020/C_Difficult1_noise020.mat
Dataset_name: ['03_SimDaten_Quiroga2020', 'C_Difficult1_noise020.mat']
Variant_name: Variant_03_PCA_QLearning
Visualisation_Path: Base_Line/Experiment_03/C_Difficult1_noise020.mat/Variant_03_PCA_QLearning/2023_03_21-00_06_07
Punishment_Coefficient: 1.25
<_01_LoadDataset.ExternCode.spike_class.spike_dataclass object at 0x00000179D88EE588>
Sampling rate: 24000.0
Raw: [0.07805807 0.0565915  0.02594138 ... 0.2738422  0.26036418 0.26764671]
Times: [    368     630     648 ... 1439484 1439672 1439764]
Cluster: [2 2 1 ... 1 1 3]
Number of different clusters:  3
Number of Spikes: 3414
First aligned Spike Frame: [-0.38605838 -0.38126768 -0.38226316 -0.39416749 -0.41080739 -0.41171959
 -0.38717544 -0.35786686 -0.38107535 -0.49467824 -0.61843181 -0.58172559
 -0.24572387  0.35672948  0.89024247  1.0117557   0.76459666  0.43756704
  0.20139815  0.0394919  -0.09249478 -0.19279146 -0.23446076 -0.21807174
 -0.17478611 -0.12910555 -0.08593802 -0.03628316  0.029471    0.09510752
  0.13901987  0.15819091  0.1762069   0.21560464  0.27527193  0.33233202
  0.36740003  0.38309659  0.39850514  0.42031497  0.43304033  0.41207346
  0.35038997  0.26929981  0.20084763  0.15457014  0.10809812]
Cluster 0, Occurrences: 1136
Cluster 1, Occurrences: 1099
Cluster 2, Occurrences: 1179
Number of Samples after PCA: 3414
First Spike Frame after PCA: [-1.84722427 -1.22132177]
Number of Spikes for Q_Learning: 300
Q_Learning:     0/  300]
Q_Learning:     1/  300]
Q_Learning:     2/  300]
Q_Learning:     3/  300]
Q_Learning:     4/  300]
Q_Learning:     5/  300]
Q_Learning:     6/  300]
Q_Learning:     7/  300]
Q_Learning:     8/  300]
Q_Learning:     9/  300]
Q_Learning:    10/  300]
Q_Learning:    11/  300]
Q_Learning:    12/  300]
Q_Learning:    13/  300]
Q_Learning:    14/  300]
Q_Learning:    15/  300]
Q_Learning:    16/  300]
Q_Learning:    17/  300]
Q_Learning:    18/  300]
Q_Learning:    19/  300]
Q_Learning:    20/  300]
Q_Learning:    21/  300]
Q_Learning:    22/  300]
Q_Learning:    23/  300]
Q_Learning:    24/  300]
Q_Learning:    25/  300]
Q_Learning:    26/  300]
Q_Learning:    27/  300]
Q_Learning:    28/  300]
Q_Learning:    29/  300]
Q_Learning:    30/  300]
Q_Learning:    31/  300]
Q_Learning:    32/  300]
Q_Learning:    33/  300]
Q_Learning:    34/  300]
Q_Learning:    35/  300]
Q_Learning:    36/  300]
Q_Learning:    37/  300]
Q_Learning:    38/  300]
Q_Learning:    39/  300]
Q_Learning:    40/  300]
Q_Learning:    41/  300]
Q_Learning:    42/  300]
Q_Learning:    43/  300]
Q_Learning:    44/  300]
Q_Learning:    45/  300]
Q_Learning:    46/  300]
Q_Learning:    47/  300]
Q_Learning:    48/  300]
Q_Learning:    49/  300]
Q_Learning:    50/  300]
Q_Learning:    51/  300]
Q_Learning:    52/  300]
Q_Learning:    53/  300]
Q_Learning:    54/  300]
Q_Learning:    55/  300]
Q_Learning:    56/  300]
Q_Learning:    57/  300]
Q_Learning:    58/  300]
Q_Learning:    59/  300]
Q_Learning:    60/  300]
Q_Learning:    61/  300]
Q_Learning:    62/  300]
Q_Learning:    63/  300]
Q_Learning:    64/  300]
Q_Learning:    65/  300]
Q_Learning:    66/  300]
Q_Learning:    67/  300]
Q_Learning:    68/  300]
Q_Learning:    69/  300]
Q_Learning:    70/  300]
Q_Learning:    71/  300]
Q_Learning:    72/  300]
Q_Learning:    73/  300]
Q_Learning:    74/  300]
Q_Learning:    75/  300]
Q_Learning:    76/  300]
Q_Learning:    77/  300]
Q_Learning:    78/  300]
Q_Learning:    79/  300]
Q_Learning:    80/  300]
Q_Learning:    81/  300]
Q_Learning:    82/  300]
Q_Learning:    83/  300]
Q_Learning:    84/  300]
Q_Learning:    85/  300]
Q_Learning:    86/  300]
Q_Learning:    87/  300]
Q_Learning:    88/  300]
Q_Learning:    89/  300]
Q_Learning:    90/  300]
Q_Learning:    91/  300]
Q_Learning:    92/  300]
Q_Learning:    93/  300]
Q_Learning:    94/  300]
Q_Learning:    95/  300]
Q_Learning:    96/  300]
Q_Learning:    97/  300]
Q_Learning:    98/  300]
Q_Learning:    99/  300]
Q_Learning:   100/  300]
Q_Learning:   101/  300]
Q_Learning:   102/  300]
Q_Learning:   103/  300]
Q_Learning:   104/  300]
Q_Learning:   105/  300]
Q_Learning:   106/  300]
Q_Learning:   107/  300]
Q_Learning:   108/  300]
Q_Learning:   109/  300]
Q_Learning:   110/  300]
Q_Learning:   111/  300]
Q_Learning:   112/  300]
Q_Learning:   113/  300]
Q_Learning:   114/  300]
Q_Learning:   115/  300]
Q_Learning:   116/  300]
Q_Learning:   117/  300]
Q_Learning:   118/  300]
Q_Learning:   119/  300]
Q_Learning:   120/  300]
Q_Learning:   121/  300]
Q_Learning:   122/  300]
Q_Learning:   123/  300]
Q_Learning:   124/  300]
Q_Learning:   125/  300]
Q_Learning:   126/  300]
Q_Learning:   127/  300]
Q_Learning:   128/  300]
Q_Learning:   129/  300]
Q_Learning:   130/  300]
Q_Learning:   131/  300]
Q_Learning:   132/  300]
Q_Learning:   133/  300]
Q_Learning:   134/  300]
Q_Learning:   135/  300]
Q_Learning:   136/  300]
Q_Learning:   137/  300]
Q_Learning:   138/  300]
Q_Learning:   139/  300]
Q_Learning:   140/  300]
Q_Learning:   141/  300]
Q_Learning:   142/  300]
Q_Learning:   143/  300]
Q_Learning:   144/  300]
Q_Learning:   145/  300]
Q_Learning:   146/  300]
Q_Learning:   147/  300]
Q_Learning:   148/  300]
Q_Learning:   149/  300]
Q_Learning:   150/  300]
Q_Learning:   151/  300]
Q_Learning:   152/  300]
Q_Learning:   153/  300]
Q_Learning:   154/  300]
Q_Learning:   155/  300]
Q_Learning:   156/  300]
Q_Learning:   157/  300]
Q_Learning:   158/  300]
Q_Learning:   159/  300]
Q_Learning:   160/  300]
Q_Learning:   161/  300]
Q_Learning:   162/  300]
Q_Learning:   163/  300]
Q_Learning:   164/  300]
Q_Learning:   165/  300]
Q_Learning:   166/  300]
Q_Learning:   167/  300]
Q_Learning:   168/  300]
Q_Learning:   169/  300]
Q_Learning:   170/  300]
Q_Learning:   171/  300]
Q_Learning:   172/  300]
Q_Learning:   173/  300]
Q_Learning:   174/  300]
Q_Learning:   175/  300]
Q_Learning:   176/  300]
Q_Learning:   177/  300]
Q_Learning:   178/  300]
Q_Learning:   179/  300]
Q_Learning:   180/  300]
Q_Learning:   181/  300]
Q_Learning:   182/  300]
Q_Learning:   183/  300]
Q_Learning:   184/  300]
Q_Learning:   185/  300]
Q_Learning:   186/  300]
Q_Learning:   187/  300]
Q_Learning:   188/  300]
Q_Learning:   189/  300]
Q_Learning:   190/  300]
Q_Learning:   191/  300]
Q_Learning:   192/  300]
Q_Learning:   193/  300]
Q_Learning:   194/  300]
Q_Learning:   195/  300]
Q_Learning:   196/  300]
Q_Learning:   197/  300]
Q_Learning:   198/  300]
Q_Learning:   199/  300]
Q_Learning:   200/  300]
Q_Learning:   201/  300]
Q_Learning:   202/  300]
Q_Learning:   203/  300]
Q_Learning:   204/  300]
Q_Learning:   205/  300]
Q_Learning:   206/  300]
Q_Learning:   207/  300]
Q_Learning:   208/  300]
Q_Learning:   209/  300]
Q_Learning:   210/  300]
Q_Learning:   211/  300]
Q_Learning:   212/  300]
Q_Learning:   213/  300]
Q_Learning:   214/  300]
Q_Learning:   215/  300]
Q_Learning:   216/  300]
Q_Learning:   217/  300]
Q_Learning:   218/  300]
Q_Learning:   219/  300]
Q_Learning:   220/  300]
Q_Learning:   221/  300]
Q_Learning:   222/  300]
Q_Learning:   223/  300]
Q_Learning:   224/  300]
Q_Learning:   225/  300]
Q_Learning:   226/  300]
Q_Learning:   227/  300]
Q_Learning:   228/  300]
Q_Learning:   229/  300]
Q_Learning:   230/  300]
Q_Learning:   231/  300]
Q_Learning:   232/  300]
Q_Learning:   233/  300]
Q_Learning:   234/  300]
Q_Learning:   235/  300]
Q_Learning:   236/  300]
Q_Learning:   237/  300]
Q_Learning:   238/  300]
Q_Learning:   239/  300]
Q_Learning:   240/  300]
Q_Learning:   241/  300]
Q_Learning:   242/  300]
Q_Learning:   243/  300]
Q_Learning:   244/  300]
Q_Learning:   245/  300]
Q_Learning:   246/  300]
Q_Learning:   247/  300]
Q_Learning:   248/  300]
Q_Learning:   249/  300]
Q_Learning:   250/  300]
Q_Learning:   251/  300]
Q_Learning:   252/  300]
Q_Learning:   253/  300]
Q_Learning:   254/  300]
Q_Learning:   255/  300]
Q_Learning:   256/  300]
Q_Learning:   257/  300]
Q_Learning:   258/  300]
Q_Learning:   259/  300]
Q_Learning:   260/  300]
Q_Learning:   261/  300]
Q_Learning:   262/  300]
Q_Learning:   263/  300]
Q_Learning:   264/  300]
Q_Learning:   265/  300]
Q_Learning:   266/  300]
Q_Learning:   267/  300]
Q_Learning:   268/  300]
Q_Learning:   269/  300]
Q_Learning:   270/  300]
Q_Learning:   271/  300]
Q_Learning:   272/  300]
Q_Learning:   273/  300]
Q_Learning:   274/  300]
Q_Learning:   275/  300]
Q_Learning:   276/  300]
Q_Learning:   277/  300]
Q_Learning:   278/  300]
Q_Learning:   279/  300]
Q_Learning:   280/  300]
Q_Learning:   281/  300]
Q_Learning:   282/  300]
Q_Learning:   283/  300]
Q_Learning:   284/  300]
Q_Learning:   285/  300]
Q_Learning:   286/  300]
Q_Learning:   287/  300]
Q_Learning:   288/  300]
Q_Learning:   289/  300]
Q_Learning:   290/  300]
Q_Learning:   291/  300]
Q_Learning:   292/  300]
Q_Learning:   293/  300]
Q_Learning:   294/  300]
Q_Learning:   295/  300]
Q_Learning:   296/  300]
Q_Learning:   297/  300]
Q_Learning:   298/  300]
Q_Learning:   299/  300]
[0, 1, 1, 1, 1, 1, 1, 1, 1, 1, 1, 1, 1, 1, 1, 1, 1, 1, 1, 1, 0, 1, 1, 1, 1, 0, 0, 0, 1, 1, 1, 1, 1, 1, 2, 1, 1, 0, 1, 1, 1, 1, 0, 1, 2, 1, 1, 1, 1, 1, 1, 1, 1, 1, 1, 1, 1, 1, 1, 1, 1, 0, 1, 1, 1, 0, 0, 1, 0, 2, 1, 1, 0, 0, 1, 0, 0, 2, 1, 0, 0, 1, 0, 1, 0, 1, 1, 0, 0, 0, 1, 1, 0, 1, 1, 1, 1, 1, 0, 1, 1, 0, 2, 0, 0, 1, 1, 0, 1, 2, 0, 1, 2, 0, 1, 0, 0, 2, 0, 1, 0, 0, 1, 0, 0, 1, 0, 0, 0, 1, 2, 1, 1, 0, 1, 1, 0, 2, 1, 1, 2, 2, 0, 0, 1, 1, 0, 0, 2, 2, 1, 1, 1, 1, 0, 1, 1, 0, 2, 1, 1, 2, 0, 1, 0, 1, 0, 2, 1, 1, 2, 0, 2, 0, 0, 2, 1, 0, 1, 0, 0, 0, 0, 1, 1, 0, 0, 0, 1, 1, 2, 0, 0, 0, 0, 0, 0, 2, 0, 1, 1, 0, 0, 1, 0, 1, 0, 1, 0, 1, 0, 0, 0, 1, 1, 1, 0, 0, 0, 2, 0, 1, 0, 0, 0, 0, 0, 0, 2, 2, 0, 0, 1, 0, 1, 1, 1, 1, 1, 0, 1, 0, 2, 2, 2, 0, 1, 0, 0, 0, 0, 1, 1, 1, 1, 1, 0, 1, 0, 0, 1, 1, 0, 0, 2, 1, 1, 0, 2, 1, 2, 0, 0, 2, 2, 0, 2, 1, 0, 1, 2, 1, 0, 0, 0, 1, 0, 0, 1, 2, 1, 0, 1, 1, 2, 0, 2, 2, 0, 0]
{'c1': [array([-0.34959828, -1.81644042, -1.05399375, -0.48463715, -1.698043  ,
       -0.94721986, -1.09774565, -0.58398662, -1.79149301, -0.87179942,
       -0.66532529, -0.85268676, -0.27791382,  0.19451607, -1.03424217,
       -1.84740736, -0.49246669, -2.21054995, -1.56954827, -0.85649155,
       -1.15159835, -0.89175115, -1.77023631, -0.69746477, -0.24374773,
       -0.29242579, -0.72975273, -1.98660322, -1.27601665, -0.62938046,
       -0.6998901 , -0.48748553, -0.44476292, -0.32130902, -0.8137058 ,
       -0.45444441, -0.39309233, -1.10055154, -1.13835746, -1.65861842,
       -1.91817635, -1.15453364, -0.99035568, -0.38206379, -0.77063941,
       -0.70473606, -1.04535519, -1.55948336, -1.34643828, -1.56952258,
        0.08438118, -1.27783238, -0.47258125, -0.66942685, -1.88150128,
       -0.66448222, -0.16140935, -2.20659725, -0.7163532 , -0.60529882]), array([-0.84221787, -0.71794471, -0.30512264, -1.06230328, -1.3003391 ,
       -0.49199624, -0.0200899 , -0.53035378, -0.28758997,  0.45726006,
       -0.51949238, -0.77964865, -0.27706886, -1.17741108, -0.87321763,
       -1.2061633 , -0.40428638, -0.47608388, -0.06850033, -0.11799878,
       -0.30468943,  0.5443922 ,  0.78277381,  0.06584962, -0.12869863,
       -0.9476281 ,  0.56730842,  0.96302458,  0.39819363, -0.67644199,
        0.49634645,  0.09222609,  0.11467966, -1.36715873,  0.2310416 ,
       -0.32349971,  0.17867916,  0.19020315,  1.05902358, -0.4773748 ,
       -1.03665256,  0.39405178,  0.0628665 ,  0.19805336, -1.02332592,
       -0.2744967 , -0.89504937, -0.06628574,  0.36226861, -0.98980686,
       -1.32475139, -0.07876459,  0.15778077, -0.30847667, -0.05986363,
       -1.10449099, -1.31544662,  0.04765318, -0.77850027,  0.31209907])], 'c2': [array([ 1.6368968 ,  0.40281506,  0.31192812,  1.98533729,  0.09930446,
       -0.03042265,  0.11137038,  1.04007997,  0.57737066,  0.44642974,
        1.4854647 ,  0.57722707, -0.2036354 ,  0.49390651,  1.020151  ,
        0.98978597,  1.44445399,  1.77285285,  0.79194041,  1.43861134,
        0.20165297,  0.5365682 ,  2.44161428,  0.90467452,  0.95587557,
        0.74503543,  0.54802632,  1.32816183,  1.11195519, -0.06461323,
       -0.26269976,  0.1088783 ,  0.43646403,  0.46022261,  1.83335346,
        1.83335346,  0.13929482,  0.62942647,  0.73156411,  0.30800245,
        0.48323561,  1.45753415, -0.02653643,  1.95165727,  1.08795784,
        1.61356398, -0.02665106,  0.41005969,  0.0664201 ,  0.38910099,
        0.19133097,  0.12823033,  0.43843721,  0.22453789,  0.1374061 ,
        0.76313079,  1.13883563,  0.62072573,  0.19683817,  0.84286259]), array([-1.10883486,  0.30336228, -0.3059541 , -0.25225425, -0.38599871,
        0.24139792, -0.08588182, -0.26058873, -1.22327809,  0.52690922,
        0.48030446,  0.31475659, -0.1075808 , -0.38110352,  0.51827906,
       -1.05820506,  0.23868797,  0.07222283,  0.01159849, -0.76462582,
        0.17773401, -0.40052314,  0.68586274,  0.05814458, -0.18447727,
       -0.87311439, -0.09055672, -0.16886107,  0.50365768,  0.17243434,
        0.34570912,  0.34808586, -0.32770464, -0.21769179,  0.70346892,
        0.70346892, -0.47638421,  0.0168908 , -0.75671205,  0.43403161,
       -0.05735789,  0.0116616 , -1.21911583,  0.73460643,  0.93154166,
        0.29110733,  0.10152648,  0.42665756, -0.58926287, -0.13255067,
       -0.83240162,  0.0603629 , -0.19992212,  0.1226983 ,  0.01438726,
       -0.61783837,  0.2010711 ,  0.23125105, -0.01888671,  1.12433902])], 'c3': [array([-0.97812003, -1.28858266, -0.81609684, -0.17391562,  0.69824599,
       -0.09628312, -0.63886243,  1.01053057,  0.0353007 ,  0.17189618,
        0.95614235,  0.02571071,  0.43900309,  0.32724492, -0.3866428 ,
       -1.09513542, -0.84166837, -0.09340367,  0.40455053,  0.24228909,
        0.64470729, -0.47512133,  0.60763701, -0.77666299,  0.03868409,
       -1.12346708, -0.43734549, -0.149921  , -0.09130657, -0.95556313,
       -0.20327564,  0.25797319, -0.877164  , -0.48733604, -0.80574782,
        0.16657456,  0.29633795, -0.02252413, -0.22563807]), array([2.30649015, 1.48074373, 0.88033606, 0.99826612, 1.08178989,
       0.80004595, 1.30663388, 2.51278832, 0.83505499, 1.02294516,
       1.40018251, 0.79872015, 1.22993134, 0.65107426, 1.25041945,
       1.26201468, 0.89757308, 0.76678838, 1.05625193, 0.74571911,
       1.42184781, 2.51679176, 1.00473313, 0.89908682, 0.80288089,
       0.54578185, 1.09099019, 0.64466945, 0.14237624, 1.40588364,
       0.53563032, 0.66970813, 0.7429346 , 1.16690458, 0.8226215 ,
       0.7351544 , 0.67128421, 0.79573144, 1.18612359])]}
Centroids: [[-0.46274166328621436, -0.24389136038786413], [-0.4932738990470538, 0.1345916100391127], [0.5545134032085759, 0.13409521960613674]]
Centroids: [[-0.9250005149958627, -0.27066811074844094], [0.5024106538163751, -0.05231615525313989], [-0.17222964212354802, 1.0534590693402297]]
Contingency Matrix: 
[[54 39  8]
 [50 36 14]
 [12 70 17]]
[[54, -1, 8], [50, -1, 14], [-1, -1, -1]]
[[-1, -1, -1], [-1, -1, 14], [-1, -1, -1]]
[[-1, -1, -1], [-1, -1, -1], [-1, -1, -1]]
Match_Labels: {2: 1, 0: 0, 1: 2}
New Contingency Matrix: 
[[54  8 39]
 [50 14 36]
 [12 17 70]]
New Clustered Label Sequence: [0, 2, 1]
Diagonal_Elements: [54, 14, 70], Sum: 138
All_Elements: [54, 8, 39, 50, 14, 36, 12, 17, 70], Sum: 300
Accuracy: 0.46
