Experiment_path: AE_Model_1/Normalization/Experiment_04_norm
Dataset_Path: ../_00_Datasets/03_SimDaten_Quiroga2020/C_Easy1_noise005.mat
Dataset_name: ['03_SimDaten_Quiroga2020', 'C_Easy1_noise005.mat']
Variant_name: V04_Off_AE_QL_norm
Visualisation_Path: AE_Model_1/Normalization/Experiment_04_norm/C_Easy1_noise005.mat/V04_Off_AE_QL_norm/2023_06_04-20_29_00
Punishment_Coefficient: 0.8
<_01_LoadDataset.ExternCode.spike_class.spike_dataclass object at 0x000001A1B793B0B8>
Sampling rate: 24000.0
Raw: [-0.05265172 -0.03124187 -0.00282162 ...  0.01798155  0.01678863
  0.0119459 ]
Times: [    283     469    1484 ... 1438285 1438773 1439067]
Cluster: [2 1 3 ... 2 1 2]
Number of different clusters:  3
Number of Spikes: 3514
First aligned Spike Frame: [-2.11647214e-02 -2.00144278e-02 -2.48166304e-02 -2.70972753e-02
 -1.11241704e-02  1.86904987e-02  3.99716833e-02  4.40400999e-02
  4.38833221e-02  5.06364129e-02  6.02243042e-02  3.59622148e-02
 -9.64451652e-02 -3.71359573e-01 -6.92987060e-01 -8.74449953e-01
 -7.13363902e-01 -1.84182190e-01  4.08997970e-01  7.26119515e-01
  7.19977210e-01  5.61000789e-01  4.04007238e-01  2.96025242e-01
  2.22861462e-01  1.69209408e-01  1.33269005e-01  1.11481721e-01
  9.67043158e-02  8.35988040e-02  6.87571423e-02  5.74871826e-02
  5.26722178e-02  4.53956038e-02  3.31356602e-02  2.21250606e-02
  1.35048482e-02 -4.41592673e-04 -2.31921908e-02 -4.69576347e-02
 -6.03503288e-02 -6.27551095e-02 -6.19812766e-02 -6.37499251e-02
 -6.42747873e-02 -5.93586264e-02 -5.06150772e-02]
Cluster 0, Occurrences: 1165
Cluster 1, Occurrences: 1157
Cluster 2, Occurrences: 1192
Train Index: 3163
x_train: 3163
y_train: 3163
x_test: 351
y_test: 351
<torch.utils.data.dataloader.DataLoader object at 0x000001A1B7C109B0>
<torch.utils.data.dataloader.DataLoader object at 0x000001A1B4760630>
Epoch [1/8]: mean_loss=0.00027527663175256907
Epoch [2/8]: mean_loss=0.00015886574681056825
Epoch [3/8]: mean_loss=0.00015432696153580263
Epoch [4/8]: mean_loss=0.0001471584775861102
Epoch [5/8]: mean_loss=0.00014116546118730892
Epoch [6/8]: mean_loss=0.0001391296433333462
Epoch [7/8]: mean_loss=0.00013702149713312406
Epoch [8/8]: mean_loss=0.00013623189898720115
Number of Clusters: 3
Number of Samples after Autoencoder testing: 349
First Spike after testing: [-0.4109695  0.6410555]
[0, 1, 1, 0, 2, 0, 2, 2, 0, 1, 2, 1, 2, 2, 1, 2, 0, 2, 1, 2, 1, 0, 1, 2, 0, 1, 0, 1, 0, 0, 2, 2, 0, 1, 2, 2, 1, 0, 2, 1, 2, 2, 2, 0, 1, 1, 1, 1, 0, 2, 2, 0, 1, 2, 1, 2, 0, 1, 0, 0, 1, 1, 1, 0, 2, 2, 2, 0, 2, 1, 0, 2, 0, 2, 1, 2, 2, 0, 0, 2, 2, 2, 1, 0, 0, 0, 1, 0, 0, 2, 1, 0, 2, 0, 2, 1, 0, 2, 0, 2, 2, 0, 0, 0, 0, 2, 2, 1, 2, 1, 0, 2, 1, 1, 2, 1, 2, 2, 2, 0, 1, 2, 1, 2, 1, 0, 1, 0, 0, 2, 0, 2, 2, 0, 1, 1, 0, 1, 0, 0, 2, 2, 2, 2, 0, 2, 2, 1, 2, 1, 0, 2, 2, 1, 1, 1, 0, 2, 1, 1, 1, 1, 1, 2, 1, 1, 1, 0, 2, 2, 1, 0, 2, 0, 1, 2, 2, 1, 0, 2, 2, 2, 0, 2, 2, 0, 0, 0, 2, 1, 2, 0, 1, 1, 1, 0, 0, 1, 2, 2, 2, 0, 2, 0, 2, 0, 2, 1, 0, 1, 2, 2, 1, 1, 2, 1, 1, 2, 2, 1, 1, 2, 0, 1, 0, 0, 0, 0, 1, 0, 2, 0, 1, 0, 1, 2, 2, 1, 2, 2, 1, 0, 2, 2, 0, 2, 1, 2, 0, 0, 2, 1, 0, 1, 0, 2, 0, 1, 0, 0, 0, 2, 0, 2, 0, 1, 2, 2, 0, 1, 1, 0, 0, 0, 2, 1, 2, 1, 0, 0, 0, 1, 2, 0, 2, 1, 0, 1, 1, 2, 2, 1, 1, 0, 1, 0, 0, 1, 2, 0, 0, 0, 0, 1, 1, 2, 0, 0, 1, 0, 1, 0, 1, 0, 0, 1, 1, 1, 2, 1, 0, 1, 1, 0, 1, 2, 1, 1, 0, 2, 2, 0, 1, 2, 2, 1, 1, 1, 1, 2, 0, 0, 1, 0, 2, 0, 1, 0, 1]
[0, 0, 0, 0, 0, 0, 0, 0, 0, 0, 0, 0, 0, 0, 0, 0, 0, 0, 0, 0, 0, 0, 0, 0, 0, 0, 0, 0, 0, 0, 0, 0, 0, 0, 0, 0, 0, 0, 0, 0, 0, 0, 0, 0, 0, 0, 0, 0, 0, 0, 0, 0, 0, 0, 0, 0, 0, 0, 0, 0, 0, 0, 0, 0, 0, 0, 0, 0, 0, 0, 0, 0, 0, 0, 0, 0, 0, 0, 0, 0, 0, 0, 0, 0, 0, 0, 0, 0, 0, 0, 0, 0, 0, 0, 0, 0, 0, 0, 0, 0, 0, 0, 0, 0, 0, 0, 0, 0, 0, 0, 0, 0, 0, 0, 0, 0, 0, 0, 0, 0, 0, 0, 0, 0, 0, 0, 0, 0, 0, 0, 0, 0, 0, 0, 0, 0, 0, 0, 0, 0, 0, 0, 0, 0, 0, 0, 0, 0, 0, 0, 0, 0, 0, 0, 0, 0, 0, 0, 0, 0, 0, 0, 0, 0, 0, 0, 0, 0, 0, 0, 0, 0, 0, 0, 0, 0, 0, 0, 0, 0, 0, 0, 0, 0, 0, 0, 0, 0, 0, 0, 0, 0, 0, 0, 0, 0, 0, 0, 0, 0, 0, 0, 0, 0, 0, 0, 0, 0, 0, 0, 0, 0, 0, 0, 0, 0, 0, 0, 0, 0, 0, 0, 0, 0, 0, 0, 0, 0, 0, 0, 0, 0, 0, 0, 0, 0, 0, 0, 0, 0, 0, 0, 0, 0, 0, 0, 0, 0, 0, 0, 0, 0, 0, 0, 0, 0, 0, 0, 0, 0, 0, 0, 0, 0, 0, 0, 0, 0, 0, 0, 0, 0, 0, 0, 0, 0, 0, 0, 0, 0, 0, 0, 0, 0, 0, 0, 0, 0, 0, 0, 0, 0, 0, 0, 0, 0, 0, 0, 0, 0, 0, 0, 0, 0, 0, 0, 0, 0, 0, 0, 0, 0, 0, 0, 0, 0, 0, 0, 0, 0, 0, 0, 0, 0, 0, 0, 0, 0, 0, 0, 0, 0, 0, 0, 0, 0, 0, 0, 0, 0, 0, 0, 0, 0, 0, 0, 0, 0, 0]
Centroids: [[-0.3859365, 0.70969856], [0.43714818, -1.4497523], [1.4105284, 1.4830484]]
Centroids: [[0.4926813, 0.25960815]]
Standard Derivations: [0.25112104, 0.43211302, 0.1341074]
Cluster Distances: [1.6277608, 1.5706234, 1.6277608, 2.5238912, 1.5706234, 2.5238912]
Minimal Cluster Distance: 1.5706233978271484
Contingency Matrix: 
[[116]
 [115]
 [118]]
[[116], [115], [118]]
[[116, 0, 0], [115, 0, 0], [118, 0, 0]]
[0, 1, 2]
[[-1, 0, 0], [-1, 0, 0], [-1, -1, -1]]
[[-1, -1, -1], [-1, -1, 0], [-1, -1, -1]]
[[-1, -1, -1], [-1, -1, -1], [-1, -1, -1]]
Match_Labels: {2: 0, 0: 1, 1: 2}
New Contingency Matrix: 
[[  0   0 116]
 [  0   0 115]
 [  0   0 118]]
New Clustered Label Sequence: [1, 2, 0]
Diagonal_Elements: [0, 0, 118], Sum: 118
All_Elements: [0, 0, 116, 0, 0, 115, 0, 0, 118], Sum: 349
Accuracy: 0.33810888252148996
Centroids: [[0.1587286580508751, 0.07319845934865468]]
