Seed: 7
Experiment_path: Random_Seeds_DV5//V5_2/Experiment_05_7_opt_temp
Dataset_Path: ../_00_Datasets/03_SimDaten_Quiroga2020/C_Easy2_noise005.mat
Dataset_name: ['03_SimDaten_Quiroga2020', 'C_Easy2_noise005.mat']
Variant_name: Variant_05_Online_Autoencoder_QLearning_opt_temp
Visualisation_Path: Random_Seeds_DV5//V5_2/Experiment_05_7_opt_temp/C_Easy2_noise005.mat/Variant_05_Online_Autoencoder_QLearning_opt_temp/2023_04_16-16_35_33
Normalisation: False
Template Matching: True
Optimising Autoencoder: True
Update Factor: 100
Noisy Batches: False
Noisy Factor: 0.1
Epochs: 8
Batch Size: 1
maximal Spikes for Autoencoder Training : 700
maximal Spikes for Training: 1000
Input Size: 47
Chosen Model: Autoencoder
Autoencoder(
  (encoder): Sequential(
    (0): Linear(in_features=47, out_features=12, bias=True)
    (1): LeakyReLU(negative_slope=0.01)
    (2): Linear(in_features=12, out_features=2, bias=True)
  )
  (decoder): Sequential(
    (0): Linear(in_features=2, out_features=12, bias=True)
    (1): LeakyReLU(negative_slope=0.01)
    (2): Linear(in_features=12, out_features=47, bias=True)
  )
)
MSELoss()
Adam (
Parameter Group 0
    amsgrad: False
    betas: (0.9, 0.999)
    capturable: False
    differentiable: False
    eps: 1e-08
    foreach: None
    fused: False
    lr: 0.001
    maximize: False
    weight_decay: 0
)
---Q Learning Parameters---
Normalisation: False
Punishment Coefficient: 0.5
Alpha: 0.8
Epsilon: 0.01
Gamma: 0.97
Initial Episode Number: 0
Episode Number Coefficient: 1.4
Number of Random Features: 20
Planning Number: 20
Max Random Features: 60
New Episode Number: 72
New Episode Number: 143
New Episode Number: 215
New Episode Number: 286
New Episode Number: 358
                0     1     2     3     4      5
new_cluster -1.07 -2.80 -0.76 -0.07 -6.35 -13.22
c1          -1.07 -2.90 -0.72 -0.08 -6.35 -13.22
c2          -1.07 -2.84 -0.74 -0.08 -6.35 -13.22
c3          -1.07 -2.87 -0.71 -0.08 -6.35 -13.22
c4          -1.07 -2.88 -0.65 -0.09 -6.35 -13.22
c5          -1.07 -2.78 -0.65 -0.08 -6.35   0.00
\begin{tabular}{lrrrrrr}
\toprule
{} &     0 &     1 &     2 &     3 &     4 &      5 \\
\midrule
new\_cluster & -1.07 & -2.80 & -0.76 & -0.07 & -6.35 & -13.22 \\
c1          & -1.07 & -2.90 & -0.72 & -0.08 & -6.35 & -13.22 \\
c2          & -1.07 & -2.84 & -0.74 & -0.08 & -6.35 & -13.22 \\
c3          & -1.07 & -2.87 & -0.71 & -0.08 & -6.35 & -13.22 \\
c4          & -1.07 & -2.88 & -0.65 & -0.09 & -6.35 & -13.22 \\
c5          & -1.07 & -2.78 & -0.65 & -0.08 & -6.35 &   0.00 \\
\bottomrule
\end{tabular}

                               0            1  ...            4             5
new_cluster  [-1.0, new_cluster]  [-2.73, c1]  ...  [-6.26, c4]  [-13.22, c5]
c1           [-1.0, new_cluster]  [-2.83, c1]  ...  [-6.26, c4]  [-13.22, c5]
c2           [-1.0, new_cluster]  [-2.77, c1]  ...  [-6.26, c4]  [-13.22, c5]
c3           [-1.0, new_cluster]   [-2.8, c1]  ...  [-6.26, c4]  [-13.22, c5]
c4           [-1.0, new_cluster]  [-2.81, c1]  ...  [-6.26, c4]  [-13.22, c5]
c5           [-1.0, new_cluster]  [-2.71, c1]  ...  [-6.26, c4]         [0, ]

[6 rows x 6 columns]
\begin{tabular}{lllllll}
\toprule
{} &                    0 &            1 &            2 &            3 &            4 &             5 \\
\midrule
new\_cluster &  [-1.0, new\_cluster] &  [-2.73, c1] &  [-0.69, c2] &   [-0.0, c3] &  [-6.26, c4] &  [-13.22, c5] \\
c1          &  [-1.0, new\_cluster] &  [-2.83, c1] &  [-0.65, c2] &   [-0.0, c3] &  [-6.26, c4] &  [-13.22, c5] \\
c2          &  [-1.0, new\_cluster] &  [-2.77, c1] &  [-0.67, c2] &   [-0.0, c3] &  [-6.26, c4] &  [-13.22, c5] \\
c3          &  [-1.0, new\_cluster] &   [-2.8, c1] &  [-0.64, c2] &   [-0.0, c3] &  [-6.26, c4] &  [-13.22, c5] \\
c4          &  [-1.0, new\_cluster] &  [-2.81, c1] &  [-0.57, c2] &  [-0.01, c3] &  [-6.26, c4] &  [-13.22, c5] \\
c5          &  [-1.0, new\_cluster] &  [-2.71, c1] &  [-0.57, c2] &   [-0.0, c3] &  [-6.26, c4] &         [0, ] \\
\bottomrule
\end{tabular}

