Experiment_path: AE_Model_1/Normalization/Experiment_04_norm
Dataset_Path: ../_00_Datasets/03_SimDaten_Quiroga2020/C_Easy2_noise010.mat
Dataset_name: ['03_SimDaten_Quiroga2020', 'C_Easy2_noise010.mat']
Variant_name: V04_Off_AE_QL_norm
Visualisation_Path: AE_Model_1/Normalization/Experiment_04_norm/C_Easy2_noise010.mat/V04_Off_AE_QL_norm/2023_06_04-20_34_15
Punishment_Coefficient: 0.6
<_01_LoadDataset.ExternCode.spike_class.spike_dataclass object at 0x000001A1B7A1B748>
Sampling rate: 24000.0
Raw: [-0.04397287 -0.05368168 -0.05753576 ... -0.17707654 -0.14968225
 -0.12084286]
Times: [   1077    1809    2216 ... 1439324 1439736 1439818]
Cluster: [1 2 3 ... 1 2 3]
Number of different clusters:  3
Number of Spikes: 3520
First aligned Spike Frame: [-5.66507481e-02 -6.59320228e-02 -6.70701971e-02 -7.19520617e-02
 -7.89243788e-02 -8.44863120e-02 -9.23204981e-02 -9.75387283e-02
 -7.89589716e-02 -3.66949571e-02  2.34965171e-04 -2.60677777e-03
 -8.36059782e-02 -2.16751250e-01 -3.29544857e-01 -3.35165947e-01
 -2.03449552e-01  7.47840458e-02  4.22419255e-01  7.09409540e-01
  8.78002642e-01  9.55364309e-01  9.77809330e-01  9.55005143e-01
  8.85120577e-01  8.00574977e-01  7.20670596e-01  6.49598354e-01
  5.48520603e-01  4.27922886e-01  3.27637830e-01  2.50259973e-01
  1.79725440e-01  1.08182425e-01  5.15669298e-02  1.18971249e-02
 -1.33865595e-02 -3.45955406e-02 -6.81150537e-02 -1.12799097e-01
 -1.58924383e-01 -1.84417551e-01 -2.01640893e-01 -2.18864546e-01
 -2.16773696e-01 -2.09095391e-01 -1.81456244e-01]
Cluster 0, Occurrences: 1160
Cluster 1, Occurrences: 1146
Cluster 2, Occurrences: 1214
Train Index: 3168
x_train: 3168
y_train: 3168
x_test: 352
y_test: 352
<torch.utils.data.dataloader.DataLoader object at 0x000001A1B797B0F0>
<torch.utils.data.dataloader.DataLoader object at 0x000001A1B3E376D8>
Epoch [1/8]: mean_loss=0.00033561244058408636
Epoch [2/8]: mean_loss=0.00017879719525073522
Epoch [3/8]: mean_loss=0.00017287144734350155
Epoch [4/8]: mean_loss=0.0001709500255387728
Epoch [5/8]: mean_loss=0.00016929087668717275
Epoch [6/8]: mean_loss=0.00017002670328377398
Epoch [7/8]: mean_loss=0.00016864912116704885
Epoch [8/8]: mean_loss=0.0001651758764343656
Number of Clusters: 3
Number of Samples after Autoencoder testing: 350
First Spike after testing: [-0.02300432  1.6079234 ]
[2, 0, 0, 1, 0, 1, 2, 1, 0, 0, 1, 0, 0, 0, 0, 1, 0, 2, 1, 2, 1, 2, 1, 0, 2, 1, 2, 0, 2, 0, 1, 0, 2, 0, 1, 1, 0, 1, 1, 1, 2, 0, 2, 1, 0, 0, 0, 1, 2, 2, 0, 1, 2, 2, 0, 0, 2, 2, 0, 2, 1, 2, 1, 1, 2, 0, 2, 2, 2, 1, 2, 1, 2, 2, 2, 2, 2, 0, 0, 0, 0, 1, 2, 0, 1, 2, 1, 2, 1, 1, 2, 2, 1, 1, 1, 1, 0, 1, 0, 2, 1, 1, 1, 0, 1, 0, 2, 1, 2, 2, 1, 2, 0, 1, 2, 1, 0, 2, 0, 2, 2, 2, 0, 2, 2, 1, 1, 0, 1, 0, 2, 0, 2, 2, 2, 1, 0, 0, 2, 1, 1, 2, 1, 0, 2, 2, 1, 2, 0, 2, 2, 2, 0, 1, 1, 2, 0, 2, 1, 0, 1, 2, 1, 0, 1, 2, 2, 0, 2, 2, 2, 2, 1, 0, 0, 0, 0, 0, 1, 0, 0, 2, 2, 0, 2, 2, 0, 1, 0, 2, 1, 0, 1, 0, 0, 2, 0, 2, 0, 0, 2, 1, 2, 1, 0, 0, 2, 1, 1, 0, 1, 2, 0, 1, 1, 0, 0, 2, 0, 1, 0, 2, 1, 1, 1, 2, 0, 1, 2, 1, 1, 1, 2, 2, 1, 1, 2, 2, 0, 1, 1, 1, 1, 2, 0, 2, 0, 1, 2, 2, 1, 0, 2, 2, 1, 1, 2, 2, 2, 2, 2, 2, 0, 0, 2, 0, 0, 0, 0, 0, 2, 2, 1, 2, 1, 0, 2, 1, 0, 0, 2, 2, 0, 2, 0, 2, 0, 2, 0, 2, 2, 0, 1, 2, 1, 1, 1, 2, 0, 2, 2, 0, 0, 2, 0, 1, 2, 2, 0, 1, 0, 2, 1, 0, 1, 1, 1, 1, 0, 0, 2, 0, 1, 1, 2, 1, 0, 1, 0, 2, 1, 0, 2, 2, 2, 1, 2, 1, 2, 0, 0, 2, 2, 2, 1, 0, 2, 0, 1, 2]
[0, 0, 0, 0, 0, 0, 0, 0, 0, 0, 0, 0, 0, 0, 0, 0, 0, 0, 0, 0, 0, 0, 0, 0, 0, 0, 0, 0, 0, 0, 0, 0, 0, 0, 0, 0, 0, 0, 0, 0, 0, 0, 0, 0, 0, 0, 0, 0, 0, 0, 0, 0, 0, 0, 0, 0, 0, 0, 0, 0, 0, 0, 0, 0, 0, 0, 0, 0, 0, 0, 0, 0, 0, 0, 0, 0, 0, 0, 0, 0, 0, 0, 0, 0, 0, 0, 0, 0, 0, 0, 0, 0, 0, 0, 0, 0, 1, 1, 1, 0, 0, 1, 0, 1, 0, 1, 0, 0, 0, 0, 1, 0, 1, 1, 0, 1, 1, 0, 1, 0, 0, 0, 1, 0, 0, 1, 0, 1, 1, 1, 0, 1, 0, 0, 0, 1, 1, 1, 0, 1, 1, 0, 1, 1, 0, 0, 1, 0, 1, 0, 0, 0, 1, 1, 0, 0, 1, 0, 1, 1, 1, 0, 1, 1, 0, 0, 0, 1, 0, 0, 0, 0, 1, 1, 1, 1, 1, 1, 1, 1, 1, 0, 0, 1, 0, 0, 1, 1, 1, 0, 1, 1, 1, 1, 1, 0, 1, 0, 1, 1, 0, 1, 0, 1, 1, 1, 0, 1, 1, 1, 1, 0, 1, 1, 1, 1, 1, 0, 1, 1, 1, 0, 1, 1, 1, 0, 1, 1, 0, 1, 1, 1, 0, 0, 1, 1, 0, 0, 1, 1, 1, 1, 1, 0, 1, 0, 1, 1, 0, 0, 1, 1, 0, 0, 1, 1, 0, 0, 0, 0, 0, 0, 1, 1, 0, 1, 1, 1, 1, 1, 0, 0, 1, 0, 1, 1, 0, 1, 1, 1, 0, 0, 1, 0, 1, 0, 1, 0, 1, 0, 0, 1, 1, 0, 1, 1, 1, 0, 1, 0, 0, 1, 1, 0, 1, 1, 0, 0, 1, 1, 1, 0, 1, 1, 1, 1, 1, 1, 1, 1, 0, 1, 1, 1, 0, 1, 1, 1, 1, 0, 1, 1, 0, 0, 0, 1, 0, 1, 0, 1, 1, 0, 0, 0, 1, 1, 0, 1, 1, 0]
Centroids: [[0.8021941, -0.7778351], [0.37380588, -0.29283157], [-0.074071415, 1.473641]]
Centroids: [[0.14633134, 0.81518996], [0.6029664, -0.58637667]]
Standard Derivations: [0.2228847, 0.29977876, 0.18707944]
Cluster Distances: [0.124441504, 2.0060213, 0.12444152, 1.3355083, 2.0060213, 1.3355083]
Minimal Cluster Distance: 0.12444150447845459
Contingency Matrix: 
[[ 30  81]
 [ 39  69]
 [131   0]]
[[30, 81], [39, 69], [131, 0]]
[[30, 81, 0], [39, 69, 0], [131, 0, 0]]
[0, 1, 2]
[[-1, 81, 0], [-1, 69, 0], [-1, -1, -1]]
[[-1, -1, -1], [-1, -1, 0], [-1, -1, -1]]
[[-1, -1, -1], [-1, -1, -1], [-1, -1, -1]]
Match_Labels: {2: 0, 0: 1, 1: 2}
New Contingency Matrix: 
[[ 81   0  30]
 [ 69   0  39]
 [  0   0 131]]
New Clustered Label Sequence: [1, 2, 0]
Diagonal_Elements: [81, 0, 131], Sum: 212
All_Elements: [81, 0, 30, 69, 0, 39, 0, 0, 131], Sum: 350
Accuracy: 0.6057142857142858
Centroids: [[0.0943442669507931, 0.23439117817906663], [0.2660593073601679, -0.16778620994494606]]
