Seed: 5
Experiment_path: Random_Seeds//V5/Experiment_05_5
Dataset_Path: ../_00_Datasets/03_SimDaten_Quiroga2020/C_Drift_Easy2_noise015.mat
Dataset_name: ['03_SimDaten_Quiroga2020', 'C_Drift_Easy2_noise015.mat']
Variant_name: Variant_05_Online_Autoencoder_QLearning
Visualisation_Path: Random_Seeds//V5/Experiment_05_5/C_Drift_Easy2_noise015.mat/Variant_05_Online_Autoencoder_QLearning/2023_03_22-10_14_42
Normalisation: False
Template Matching: False
Optimising Autoencoder: False
Update Factor: 10
Noisy Batches: False
Noisy Factor: 0.1
Epochs: 8
Batch Size: 1
maximal Spikes for Autoencoder Training : 700
maximal Spikes for Training: 1000
Input Size: 47
Chosen Model: Autoencoder
Autoencoder(
  (encoder): Sequential(
    (0): Linear(in_features=47, out_features=12, bias=True)
    (1): LeakyReLU(negative_slope=0.01)
    (2): Linear(in_features=12, out_features=2, bias=True)
  )
  (decoder): Sequential(
    (0): Linear(in_features=2, out_features=12, bias=True)
    (1): LeakyReLU(negative_slope=0.01)
    (2): Linear(in_features=12, out_features=47, bias=True)
  )
)
MSELoss()
Adam (
Parameter Group 0
    amsgrad: False
    betas: (0.9, 0.999)
    capturable: False
    differentiable: False
    eps: 1e-08
    foreach: None
    fused: False
    lr: 0.001
    maximize: False
    weight_decay: 0
)
---Q Learning Parameters---
Normalisation: False
Punishment Coefficient: 0.6
Alpha: 0.8
Epsilon: 0.01
Gamma: 0.97
Initial Episode Number: 0
Episode Number Coefficient: 1.4
Number of Random Features: 20
Planning Number: 20
Max Random Features: 60
New Episode Number: 72
New Episode Number: 143
New Episode Number: 215
New Episode Number: 286
New Episode Number: 358
New Episode Number: 429
                 0      1      2      3      4      5      6
new_cluster -15.43 -14.47 -17.34 -14.40 -15.87 -25.65 -22.07
c1          -15.43 -14.54 -16.93 -14.46 -16.06 -25.92 -21.75
c2          -15.45 -14.52 -17.75 -14.25 -15.62 -25.83 -21.28
c3          -15.43 -14.42 -17.44 -14.64 -15.74 -25.49 -21.75
c4          -15.42 -14.61 -16.93 -14.43 -15.65 -25.79 -20.90
c5          -15.41 -14.73 -17.05 -14.23 -15.93 -25.50 -21.85
c6          -15.45 -14.51 -17.21 -14.48 -16.12 -26.52 -21.90
                                0            1  ...             5            6
new_cluster  [-1.44, new_cluster]  [-0.48, c1]  ...  [-11.77, c5]   [-8.0, c6]
c1           [-1.44, new_cluster]  [-0.65, c1]  ...  [-12.12, c5]  [-7.68, c6]
c2           [-1.44, new_cluster]  [-0.51, c1]  ...  [-11.97, c5]   [-7.0, c6]
c3           [-1.44, new_cluster]  [-0.47, c1]  ...  [-11.69, c5]  [-7.66, c6]
c4           [-1.44, new_cluster]  [-0.55, c1]  ...  [-11.98, c5]  [-6.82, c6]
c5           [-1.44, new_cluster]   [-0.8, c1]  ...  [-11.69, c5]   [-7.8, c6]
c6           [-1.44, new_cluster]  [-0.55, c1]  ...  [-12.68, c5]  [-7.81, c6]

[7 rows x 7 columns]
