Seed: 1
Experiment_path: Random_Seeds_DV5//V5_3/Experiment_05_1_opt_temp_noisy
Dataset_Path: ../_00_Datasets/03_SimDaten_Quiroga2020/C_Difficult2_noise010.mat
Dataset_name: ['03_SimDaten_Quiroga2020', 'C_Difficult2_noise010.mat']
Variant_name: Variant_05_Online_Autoencoder_QLearning_opt_temp_noisy
Visualisation_Path: Random_Seeds_DV5//V5_3/Experiment_05_1_opt_temp_noisy/C_Difficult2_noise010.mat/Variant_05_Online_Autoencoder_QLearning_opt_temp_noisy/2023_04_16-16_19_03
Normalisation: False
Template Matching: True
Optimising Autoencoder: True
Update Factor: 100
Noisy Batches: True
Noisy Factor: 0.1
Epochs: 8
Batch Size: 1
maximal Spikes for Autoencoder Training : 700
maximal Spikes for Training: 1000
Input Size: 47
Chosen Model: Autoencoder
Autoencoder(
  (encoder): Sequential(
    (0): Linear(in_features=47, out_features=12, bias=True)
    (1): LeakyReLU(negative_slope=0.01)
    (2): Linear(in_features=12, out_features=2, bias=True)
  )
  (decoder): Sequential(
    (0): Linear(in_features=2, out_features=12, bias=True)
    (1): LeakyReLU(negative_slope=0.01)
    (2): Linear(in_features=12, out_features=47, bias=True)
  )
)
MSELoss()
Adam (
Parameter Group 0
    amsgrad: False
    betas: (0.9, 0.999)
    capturable: False
    differentiable: False
    eps: 1e-08
    foreach: None
    fused: False
    lr: 0.001
    maximize: False
    weight_decay: 0
)
---Q Learning Parameters---
Normalisation: False
Punishment Coefficient: 0.3
Alpha: 0.8
Epsilon: 0.01
Gamma: 0.97
Initial Episode Number: 0
Episode Number Coefficient: 1.4
Number of Random Features: 20
Planning Number: 20
Max Random Features: 60
New Episode Number: 72
New Episode Number: 143
New Episode Number: 215
New Episode Number: 286
New Episode Number: 358
New Episode Number: 429
New Episode Number: 500
New Episode Number: 572
                0     1     2     3     4     5     6     7     8
new_cluster -0.92 -5.20 -0.82 -6.99 -0.60 -0.57 -1.12 -8.60 -4.24
c1          -0.92 -4.78 -0.85 -7.59 -0.62 -0.58 -1.13 -8.94 -4.45
c2          -0.92 -5.01 -0.83 -7.34 -0.63 -0.59 -1.13 -8.84 -4.12
c3          -0.91 -5.05 -0.79 -7.32 -0.63 -0.58 -1.13 -8.98 -4.35
c4          -0.92 -5.00 -0.85 -7.18 -0.63 -0.58 -1.12 -9.01 -4.24
c5          -0.92 -5.18 -0.86 -7.44 -0.66 -0.57 -1.12 -9.09 -4.29
c6          -0.91 -5.04 -0.84 -7.34 -0.64 -0.57 -1.12 -9.07 -4.14
c7          -0.91 -4.93 -0.86 -7.04 -0.62 -0.58 -1.13  0.00  0.00
c8          -0.92 -5.27 -0.85 -7.54 -0.60 -0.58 -1.13  0.00  0.00
\begin{tabular}{lrrrrrrrrr}
\toprule
{} &     0 &     1 &     2 &     3 &     4 &     5 &     6 &     7 &     8 \\
\midrule
new\_cluster & -0.92 & -5.20 & -0.82 & -6.99 & -0.60 & -0.57 & -1.12 & -8.60 & -4.24 \\
c1          & -0.92 & -4.78 & -0.85 & -7.59 & -0.62 & -0.58 & -1.13 & -8.94 & -4.45 \\
c2          & -0.92 & -5.01 & -0.83 & -7.34 & -0.63 & -0.59 & -1.13 & -8.84 & -4.12 \\
c3          & -0.91 & -5.05 & -0.79 & -7.32 & -0.63 & -0.58 & -1.13 & -8.98 & -4.35 \\
c4          & -0.92 & -5.00 & -0.85 & -7.18 & -0.63 & -0.58 & -1.12 & -9.01 & -4.24 \\
c5          & -0.92 & -5.18 & -0.86 & -7.44 & -0.66 & -0.57 & -1.12 & -9.09 & -4.29 \\
c6          & -0.91 & -5.04 & -0.84 & -7.34 & -0.64 & -0.57 & -1.12 & -9.07 & -4.14 \\
c7          & -0.91 & -4.93 & -0.86 & -7.04 & -0.62 & -0.58 & -1.13 &  0.00 &  0.00 \\
c8          & -0.92 & -5.27 & -0.85 & -7.54 & -0.60 & -0.58 & -1.13 &  0.00 &  0.00 \\
\bottomrule
\end{tabular}

                                0            1  ...            7            8
new_cluster  [-0.36, new_cluster]  [-4.64, c1]  ...   [-8.6, c7]  [-4.24, c8]
c1           [-0.36, new_cluster]  [-4.22, c1]  ...  [-8.94, c7]  [-4.45, c8]
c2           [-0.36, new_cluster]  [-4.45, c1]  ...  [-8.84, c7]  [-4.12, c8]
c3           [-0.36, new_cluster]  [-4.48, c1]  ...  [-8.98, c7]  [-4.35, c8]
c4           [-0.36, new_cluster]  [-4.44, c1]  ...  [-9.01, c7]  [-4.24, c8]
c5           [-0.36, new_cluster]  [-4.62, c1]  ...  [-9.09, c7]  [-4.29, c8]
c6           [-0.36, new_cluster]  [-4.48, c1]  ...  [-9.07, c7]  [-4.14, c8]
c7           [-0.36, new_cluster]  [-4.37, c1]  ...        [0, ]        [0, ]
c8           [-0.36, new_cluster]  [-4.71, c1]  ...        [0, ]        [0, ]

[9 rows x 9 columns]
\begin{tabular}{llllllllll}
\toprule
{} &                     0 &            1 &            2 &            3 &            4 &            5 &            6 &            7 &            8 \\
\midrule
new\_cluster &  [-0.36, new\_cluster] &  [-4.64, c1] &  [-0.25, c2] &  [-6.43, c3] &  [-0.05, c4] &  [-0.01, c5] &  [-0.58, c6] &   [-8.6, c7] &  [-4.24, c8] \\
c1          &  [-0.36, new\_cluster] &  [-4.22, c1] &  [-0.28, c2] &  [-7.02, c3] &  [-0.07, c4] &  [-0.01, c5] &  [-0.58, c6] &  [-8.94, c7] &  [-4.45, c8] \\
c2          &  [-0.36, new\_cluster] &  [-4.45, c1] &  [-0.26, c2] &  [-6.76, c3] &  [-0.08, c4] &  [-0.03, c5] &  [-0.58, c6] &  [-8.84, c7] &  [-4.12, c8] \\
c3          &  [-0.36, new\_cluster] &  [-4.48, c1] &  [-0.25, c2] &  [-6.75, c3] &  [-0.07, c4] &  [-0.02, c5] &  [-0.58, c6] &  [-8.98, c7] &  [-4.35, c8] \\
c4          &  [-0.36, new\_cluster] &  [-4.44, c1] &  [-0.28, c2] &  [-6.61, c3] &  [-0.08, c4] &  [-0.01, c5] &  [-0.58, c6] &  [-9.01, c7] &  [-4.24, c8] \\
c5          &  [-0.36, new\_cluster] &  [-4.62, c1] &  [-0.29, c2] &  [-6.87, c3] &   [-0.1, c4] &  [-0.02, c5] &  [-0.58, c6] &  [-9.09, c7] &  [-4.29, c8] \\
c6          &  [-0.36, new\_cluster] &  [-4.48, c1] &  [-0.27, c2] &  [-6.77, c3] &  [-0.08, c4] &  [-0.01, c5] &  [-0.58, c6] &  [-9.07, c7] &  [-4.14, c8] \\
c7          &  [-0.36, new\_cluster] &  [-4.37, c1] &  [-0.28, c2] &  [-6.48, c3] &  [-0.06, c4] &  [-0.01, c5] &  [-0.58, c6] &        [0, ] &        [0, ] \\
c8          &  [-0.36, new\_cluster] &  [-4.71, c1] &  [-0.29, c2] &  [-6.97, c3] &  [-0.05, c4] &  [-0.02, c5] &  [-0.58, c6] &        [0, ] &        [0, ] \\
\bottomrule
\end{tabular}

