Experiment_path: AE_Model_2/Normalization/Experiment_04_norm
Dataset_Path: ../_00_Datasets/03_SimDaten_Quiroga2020/C_Easy1_noise010.mat
Dataset_name: ['03_SimDaten_Quiroga2020', 'C_Easy1_noise010.mat']
Variant_name: V04_Off_AE_QL_norm
Visualisation_Path: AE_Model_2/Normalization/Experiment_04_norm/C_Easy1_noise010.mat/V04_Off_AE_QL_norm/2023_06_04-19_43_26
Punishment_Coefficient: 1.3
<_01_LoadDataset.ExternCode.spike_class.spike_dataclass object at 0x0000018FBB8D5DA0>
Sampling rate: 24000.0
Raw: [ 0.01223885  0.0148803   0.02156532 ... -0.02666729 -0.01215068
  0.01031338]
Times: [   1012    1333    1523 ... 1438660 1438690 1439287]
Cluster: [1 3 3 ... 3 1 3]
Number of different clusters:  3
Number of Spikes: 3522
First aligned Spike Frame: [-0.12579972 -0.1620207  -0.18573939 -0.18961714 -0.17315203 -0.1396561
 -0.09426159 -0.04496221  0.00734136  0.05943689  0.09448878  0.07601101
  0.00811529  0.09446653  0.55421698  1.03008495  0.90195967  0.23116337
 -0.37857386 -0.59030761 -0.52695739 -0.40967661 -0.32471334 -0.26000903
 -0.19839489 -0.13975054 -0.09692457 -0.08223204 -0.09147337 -0.10695261
 -0.11338461 -0.10883018 -0.09915766 -0.08637804 -0.06514771 -0.03537735
 -0.00695045  0.01307529  0.02539335  0.03607991  0.04814655  0.05257424
  0.04538721  0.03512231  0.03354714  0.04141478  0.0511991 ]
Cluster 0, Occurrences: 1151
Cluster 1, Occurrences: 1134
Cluster 2, Occurrences: 1237
Train Index: 3170
x_train: 3170
y_train: 3170
x_test: 352
y_test: 352
<torch.utils.data.dataloader.DataLoader object at 0x0000018FB7E9E978>
<torch.utils.data.dataloader.DataLoader object at 0x0000018FBB044DD8>
Epoch [1/8]: mean_loss=0.0002854115356124162
Epoch [2/8]: mean_loss=0.00017018311918486932
Epoch [3/8]: mean_loss=0.0001711003930375497
Epoch [4/8]: mean_loss=0.00017262637109880568
Epoch [5/8]: mean_loss=0.00017106386602265696
Epoch [6/8]: mean_loss=0.00016655503369703277
Epoch [7/8]: mean_loss=0.0001616291853096865
Epoch [8/8]: mean_loss=0.00015930790999134538
Number of Clusters: 3
Number of Samples after Autoencoder testing: 350
First Spike after testing: [ 0.32908565 -2.0823445 ]
[1, 2, 0, 0, 0, 0, 2, 0, 0, 2, 1, 0, 2, 2, 1, 1, 1, 0, 0, 2, 0, 2, 2, 1, 2, 2, 1, 1, 2, 1, 0, 2, 0, 2, 0, 1, 1, 1, 1, 2, 0, 1, 1, 0, 2, 0, 2, 0, 1, 2, 0, 2, 1, 0, 1, 0, 1, 0, 0, 2, 2, 0, 0, 1, 2, 1, 0, 0, 2, 0, 0, 2, 2, 2, 0, 0, 2, 1, 2, 1, 2, 1, 0, 0, 1, 2, 0, 2, 2, 2, 2, 2, 1, 0, 2, 1, 1, 2, 2, 0, 0, 2, 0, 1, 2, 1, 0, 2, 1, 0, 0, 0, 0, 1, 1, 2, 2, 2, 0, 2, 2, 2, 2, 2, 0, 0, 2, 1, 1, 0, 1, 2, 0, 0, 0, 1, 1, 0, 1, 2, 0, 1, 2, 1, 0, 0, 2, 2, 1, 1, 2, 2, 0, 1, 2, 2, 0, 2, 0, 1, 0, 0, 1, 2, 0, 0, 1, 2, 2, 1, 1, 1, 0, 2, 0, 0, 0, 1, 2, 0, 0, 1, 2, 0, 2, 2, 1, 1, 2, 0, 0, 1, 2, 1, 0, 2, 1, 1, 1, 2, 0, 1, 1, 0, 2, 1, 0, 0, 1, 2, 2, 2, 1, 2, 2, 0, 2, 0, 1, 1, 2, 0, 1, 0, 0, 2, 1, 2, 0, 0, 2, 1, 0, 1, 1, 2, 0, 0, 1, 2, 2, 0, 2, 0, 2, 0, 2, 1, 0, 2, 1, 0, 1, 2, 1, 1, 2, 0, 2, 0, 1, 1, 2, 2, 0, 0, 2, 0, 2, 2, 0, 2, 1, 0, 0, 1, 1, 2, 0, 2, 1, 1, 1, 2, 2, 2, 1, 2, 2, 0, 0, 0, 1, 0, 1, 1, 2, 1, 1, 2, 1, 1, 1, 1, 2, 1, 2, 0, 2, 1, 0, 0, 0, 2, 1, 0, 2, 1, 2, 1, 1, 1, 2, 2, 2, 1, 2, 0, 1, 0, 2, 1, 1, 0, 2, 2, 0, 0, 1, 0, 0, 0, 0, 1, 0, 1, 0, 2, 0, 2]
[0, 0, 0, 0, 0, 0, 0, 0, 0, 0, 0, 0, 0, 0, 0, 0, 0, 0, 0, 0, 0, 0, 0, 0, 0, 0, 0, 0, 0, 0, 0, 0, 0, 0, 0, 0, 0, 0, 0, 0, 0, 0, 0, 0, 0, 0, 0, 0, 0, 0, 0, 0, 0, 0, 0, 0, 0, 0, 0, 0, 0, 0, 0, 0, 0, 0, 0, 0, 0, 0, 0, 0, 0, 0, 0, 0, 0, 0, 0, 0, 0, 0, 0, 0, 0, 0, 0, 0, 0, 0, 0, 0, 0, 0, 0, 0, 0, 0, 0, 0, 0, 0, 0, 0, 0, 0, 0, 0, 0, 0, 0, 0, 0, 0, 0, 0, 0, 0, 0, 0, 0, 0, 0, 0, 0, 0, 0, 0, 0, 0, 0, 0, 0, 0, 0, 0, 0, 0, 0, 0, 0, 0, 0, 0, 0, 0, 0, 0, 0, 0, 0, 0, 0, 0, 0, 0, 0, 0, 0, 0, 0, 0, 0, 0, 0, 0, 0, 0, 0, 0, 0, 0, 0, 0, 0, 0, 0, 0, 0, 0, 0, 0, 0, 0, 0, 0, 0, 0, 0, 0, 0, 0, 0, 0, 0, 0, 0, 0, 0, 0, 0, 0, 0, 0, 0, 0, 0, 0, 0, 0, 0, 0, 0, 0, 0, 0, 0, 0, 0, 0, 0, 0, 0, 0, 0, 0, 0, 0, 0, 0, 0, 0, 0, 0, 0, 0, 0, 0, 0, 0, 0, 0, 0, 0, 0, 0, 0, 0, 0, 0, 0, 0, 0, 0, 0, 0, 0, 0, 0, 0, 0, 0, 0, 0, 0, 0, 0, 0, 0, 0, 0, 0, 0, 0, 0, 0, 0, 0, 0, 0, 0, 0, 0, 0, 0, 0, 0, 0, 0, 0, 0, 0, 0, 0, 0, 0, 0, 0, 0, 0, 0, 0, 0, 0, 0, 0, 0, 0, 0, 0, 0, 0, 0, 0, 0, 0, 0, 0, 0, 0, 0, 0, 0, 0, 0, 0, 0, 0, 0, 0, 0, 0, 0, 0, 0, 0, 0, 0, 0, 0, 0, 0, 0, 0, 0, 0, 0, 0, 0, 0]
Centroids: [[-0.89686877, 1.2939798], [0.6785459, -2.0295744], [1.9915464, 1.2387284]]
Centroids: [[0.6005794, 0.23967102]]
Standard Derivations: [0.41532254, 0.30806762, 0.19329087]
Cluster Distances: [2.9546452, 2.2803302, 2.9546452, 3.0208247, 2.2803302, 3.0208247]
Minimal Cluster Distance: 2.280330181121826
Contingency Matrix: 
[[119]
 [109]
 [122]]
[[119], [109], [122]]
[[119, 0, 0], [109, 0, 0], [122, 0, 0]]
[0, 1, 2]
[[-1, 0, 0], [-1, 0, 0], [-1, -1, -1]]
[[-1, -1, -1], [-1, -1, 0], [-1, -1, -1]]
[[-1, -1, -1], [-1, -1, -1], [-1, -1, -1]]
Match_Labels: {2: 0, 0: 1, 1: 2}
New Contingency Matrix: 
[[  0   0 119]
 [  0   0 109]
 [  0   0 122]]
New Clustered Label Sequence: [1, 2, 0]
Diagonal_Elements: [0, 0, 122], Sum: 122
All_Elements: [0, 0, 119, 0, 0, 109, 0, 0, 122], Sum: 350
Accuracy: 0.3485714285714286
Centroids: [[0.12126008159722135, 0.0564747828245163]]
