Experiment_path: Experiment_05
Dataset_Path: ../_00_Datasets/03_SimDaten_Quiroga2020/C_Easy2_noise015.mat
Dataset_name: ['03_SimDaten_Quiroga2020', 'C_Easy2_noise015.mat']
Variant_name: Variant_05_Online_Autoencoder_QLearning
Visualisation_Path: AE_Model_2/Epochs_GS_PC//V5_2/C_Easy2_noise015.mat/Variant_05_Online_Autoencoder_QLearning/0.1
Punishment_Coefficient: 0.1
<_01_LoadDataset.ExternCode.spike_class.spike_dataclass object at 0x000001D40A0C7668>
Sampling rate: 24000.0
Raw: [0.10609669 0.12118301 0.13260104 ... 0.04210554 0.02260723 0.01955233]
Times: [    280    1061    1071 ... 1439631 1439716 1439810]
Cluster: [1 3 1 ... 2 2 3]
Number of different clusters:  3
Number of Spikes: 3411
First aligned Spike Frame: [ 2.02686231e-02  4.10226375e-02  5.47302833e-02  6.75455965e-02
  7.31110476e-02  7.55341824e-02  6.24087212e-02  3.48405580e-02
  4.67612510e-03  3.11249190e-03  8.94324356e-03  4.24616810e-04
 -6.85644094e-02 -1.88193358e-01 -2.95062164e-01 -3.04804993e-01
 -1.80968869e-01  9.08445140e-02  4.69281397e-01  8.12588139e-01
  1.01247328e+00  1.07477323e+00  1.05264776e+00  9.80941312e-01
  8.59493136e-01  7.23747425e-01  6.30635083e-01  6.09810792e-01
  6.21566307e-01  6.10615318e-01  5.92057940e-01  5.70062731e-01
  5.39545035e-01  4.88086979e-01  4.33332627e-01  3.78964556e-01
  3.25819622e-01  2.83509204e-01  2.65213838e-01  2.75311674e-01
  2.95781207e-01  3.01368080e-01  2.86879888e-01  2.42452837e-01
  1.98600507e-01  1.34431645e-01  5.92612532e-02]
Cluster 0, Occurrences: 1181
Cluster 1, Occurrences: 1098
Cluster 2, Occurrences: 1132
Number of Clusters: 3
Online_Training [1/700]: mean_loss=0.27743449807167053
Online_Training [2/700]: mean_loss=0.20140139013528824
Online_Training [3/700]: mean_loss=0.205909863114357
Online_Training [4/700]: mean_loss=0.1268349140882492
Online_Training [5/700]: mean_loss=0.19161991775035858
Online_Training [6/700]: mean_loss=0.20999325066804886
Online_Training [7/700]: mean_loss=0.156141459941864
Online_Training [8/700]: mean_loss=0.2729092687368393
Online_Training [9/700]: mean_loss=0.23505250364542007
Online_Training [10/700]: mean_loss=0.1576332449913025
Online_Training [11/700]: mean_loss=0.1260501965880394
Online_Training [12/700]: mean_loss=0.2587818205356598
Online_Training [13/700]: mean_loss=0.1735478714108467
Online_Training [14/700]: mean_loss=0.17382461577653885
Online_Training [15/700]: mean_loss=0.09830109402537346
Online_Training [16/700]: mean_loss=0.15440013259649277
Online_Training [17/700]: mean_loss=0.1547536998987198
Online_Training [18/700]: mean_loss=0.14109499752521515
Online_Training [19/700]: mean_loss=0.2063595876097679
Online_Training [20/700]: mean_loss=0.09249352663755417
Online_Training [21/700]: mean_loss=0.09739356860518456
Online_Training [22/700]: mean_loss=0.09103602543473244
Online_Training [23/700]: mean_loss=0.06792088598012924
Online_Training [24/700]: mean_loss=0.08157932758331299
Online_Training [25/700]: mean_loss=0.147597536444664
Online_Training [26/700]: mean_loss=0.1157415360212326
Online_Training [27/700]: mean_loss=0.0866708792746067
Online_Training [28/700]: mean_loss=0.11328613013029099
Online_Training [29/700]: mean_loss=0.15320442616939545
Online_Training [30/700]: mean_loss=0.11791948974132538
Online_Training [31/700]: mean_loss=0.08470631390810013
Online_Training [32/700]: mean_loss=0.1263786032795906
Online_Training [33/700]: mean_loss=0.11655090004205704
Online_Training [34/700]: mean_loss=0.0862521342933178
Online_Training [35/700]: mean_loss=0.23219357430934906
Online_Training [36/700]: mean_loss=0.10451587662100792
Online_Training [37/700]: mean_loss=0.1720300242304802
Online_Training [38/700]: mean_loss=0.2501304820179939
Online_Training [39/700]: mean_loss=0.10414349660277367
Online_Training [40/700]: mean_loss=0.060437317937612534
Online_Training [41/700]: mean_loss=0.04701283760368824
Online_Training [42/700]: mean_loss=0.15976057201623917
Online_Training [43/700]: mean_loss=0.0717674195766449
Online_Training [44/700]: mean_loss=0.2271079272031784
Online_Training [45/700]: mean_loss=0.15893173217773438
Online_Training [46/700]: mean_loss=0.08912396430969238
Online_Training [47/700]: mean_loss=0.07214837893843651
Online_Training [48/700]: mean_loss=0.058800505474209785
Online_Training [49/700]: mean_loss=0.12729378789663315
Online_Training [50/700]: mean_loss=0.0732252411544323
Online_Training [51/700]: mean_loss=0.0348065011203289
Online_Training [52/700]: mean_loss=0.05886152945458889
Online_Training [53/700]: mean_loss=0.0885218121111393
Online_Training [54/700]: mean_loss=0.037266626954078674
Online_Training [55/700]: mean_loss=0.09016035869717598
Online_Training [56/700]: mean_loss=0.14521264284849167
Online_Training [57/700]: mean_loss=0.06509198620915413
Online_Training [58/700]: mean_loss=0.08292494714260101
Online_Training [59/700]: mean_loss=0.03643721342086792
Online_Training [60/700]: mean_loss=0.1690172255039215
Online_Training [61/700]: mean_loss=0.1306411251425743
Online_Training [62/700]: mean_loss=0.10354011878371239
Online_Training [63/700]: mean_loss=0.03205869160592556
Online_Training [64/700]: mean_loss=0.07871580868959427
Online_Training [65/700]: mean_loss=0.04596687667071819
Online_Training [66/700]: mean_loss=0.08610444515943527
Online_Training [67/700]: mean_loss=0.11536992713809013
Online_Training [68/700]: mean_loss=0.10509083047509193
Online_Training [69/700]: mean_loss=0.05491385795176029
Online_Training [70/700]: mean_loss=0.02551452722400427
Online_Training [71/700]: mean_loss=0.1585993990302086
Online_Training [72/700]: mean_loss=0.04819266498088837
Online_Training [73/700]: mean_loss=0.043503861874341965
Online_Training [74/700]: mean_loss=0.042250772938132286
Online_Training [75/700]: mean_loss=0.03093626257032156
Online_Training [76/700]: mean_loss=0.12776172161102295
Online_Training [77/700]: mean_loss=0.06602635234594345
Online_Training [78/700]: mean_loss=0.1694434955716133
Online_Training [79/700]: mean_loss=0.5867694318294525
Online_Training [80/700]: mean_loss=0.06062942370772362
Online_Training [81/700]: mean_loss=0.11410332098603249
Online_Training [82/700]: mean_loss=0.05777721665799618
Online_Training [83/700]: mean_loss=0.08130992576479912
Online_Training [84/700]: mean_loss=0.04742025397717953
Online_Training [85/700]: mean_loss=0.05029641091823578
Online_Training [86/700]: mean_loss=0.05196872912347317
Online_Training [87/700]: mean_loss=0.0657099187374115
Online_Training [88/700]: mean_loss=0.12054366245865822
Online_Training [89/700]: mean_loss=0.09167375415563583
Online_Training [90/700]: mean_loss=0.08168128505349159
Online_Training [91/700]: mean_loss=0.07305129989981651
Online_Training [92/700]: mean_loss=0.26511794328689575
Online_Training [93/700]: mean_loss=0.09349894523620605
Online_Training [94/700]: mean_loss=0.035484429448843
Online_Training [95/700]: mean_loss=0.05643348954617977
Online_Training [96/700]: mean_loss=0.12759624421596527
Online_Training [97/700]: mean_loss=0.1315315216779709
Online_Training [98/700]: mean_loss=0.0397390965372324
Online_Training [99/700]: mean_loss=0.030048432759940624
Online_Training [100/700]: mean_loss=0.0991709977388382
Online_Training [101/700]: mean_loss=0.0528605692088604
Online_Training [102/700]: mean_loss=0.02685411460697651
Online_Training [103/700]: mean_loss=0.06815865263342857
Online_Training [104/700]: mean_loss=0.02905730903148651
Online_Training [105/700]: mean_loss=0.15692438185214996
Online_Training [106/700]: mean_loss=0.10563872754573822
Online_Training [107/700]: mean_loss=0.06086483411490917
Online_Training [108/700]: mean_loss=0.10766521096229553
Online_Training [109/700]: mean_loss=0.053331080824136734
Online_Training [110/700]: mean_loss=0.04948140121996403
Online_Training [111/700]: mean_loss=0.048553403466939926
Online_Training [112/700]: mean_loss=0.024981132708489895
Online_Training [113/700]: mean_loss=0.08687783777713776
Online_Training [114/700]: mean_loss=0.07121069729328156
Online_Training [115/700]: mean_loss=0.25230373442173004
Online_Training [116/700]: mean_loss=0.05275494419038296
Online_Training [117/700]: mean_loss=0.018297485075891018
Online_Training [118/700]: mean_loss=0.06766108423471451
Online_Training [119/700]: mean_loss=0.0450980756431818
Online_Training [120/700]: mean_loss=0.030725022777915
Online_Training [121/700]: mean_loss=0.0569863710552454
Online_Training [122/700]: mean_loss=0.11940117925405502
Online_Training [123/700]: mean_loss=0.0856584683060646
Online_Training [124/700]: mean_loss=0.03701557591557503
Online_Training [125/700]: mean_loss=0.05856318026781082
Online_Training [126/700]: mean_loss=0.06598850339651108
Online_Training [127/700]: mean_loss=0.11024046689271927
Online_Training [128/700]: mean_loss=0.0448586568236351
Online_Training [129/700]: mean_loss=0.06974104419350624
Online_Training [130/700]: mean_loss=0.02920218463987112
Online_Training [131/700]: mean_loss=0.0832207053899765
Online_Training [132/700]: mean_loss=0.05408940650522709
Online_Training [133/700]: mean_loss=0.11674489825963974
Online_Training [134/700]: mean_loss=0.031664641574025154
Online_Training [135/700]: mean_loss=0.02357599325478077
Online_Training [136/700]: mean_loss=0.033795397728681564
Online_Training [137/700]: mean_loss=0.09060262516140938
Online_Training [138/700]: mean_loss=0.02297043241560459
Online_Training [139/700]: mean_loss=0.02345069032162428
Online_Training [140/700]: mean_loss=0.04125971347093582
Online_Training [141/700]: mean_loss=0.03198517858982086
Online_Training [142/700]: mean_loss=0.06001307629048824
Online_Training [143/700]: mean_loss=0.02627066057175398
Online_Training [144/700]: mean_loss=0.036953508853912354
Online_Training [145/700]: mean_loss=0.04707680270075798
Online_Training [146/700]: mean_loss=0.09807946905493736
Online_Training [147/700]: mean_loss=0.10336712002754211
Online_Training [148/700]: mean_loss=0.03517450392246246
Online_Training [149/700]: mean_loss=0.03012327291071415
Online_Training [150/700]: mean_loss=0.10416467487812042
Online_Training [151/700]: mean_loss=0.018112683668732643
Online_Training [152/700]: mean_loss=0.03898940049111843
Online_Training [153/700]: mean_loss=0.026760924607515335
Online_Training [154/700]: mean_loss=0.0467810183763504
Online_Training [155/700]: mean_loss=0.020653150975704193
Online_Training [156/700]: mean_loss=0.045890310779213905
Online_Training [157/700]: mean_loss=0.033366624265909195
Online_Training [158/700]: mean_loss=0.16800231486558914
Online_Training [159/700]: mean_loss=0.021164827048778534
Online_Training [160/700]: mean_loss=0.04410681873559952
Online_Training [161/700]: mean_loss=0.03854329325258732
Online_Training [162/700]: mean_loss=0.04801705665886402
Online_Training [163/700]: mean_loss=0.03158518485724926
Online_Training [164/700]: mean_loss=0.021384473890066147
Online_Training [165/700]: mean_loss=0.11027991399168968
Online_Training [166/700]: mean_loss=0.05191731080412865
Online_Training [167/700]: mean_loss=0.02516304235905409
Online_Training [168/700]: mean_loss=0.11488567665219307
Online_Training [169/700]: mean_loss=0.0381704643368721
Online_Training [170/700]: mean_loss=0.03507051803171635
Online_Training [171/700]: mean_loss=0.12523203343153
Online_Training [172/700]: mean_loss=0.05185791663825512
Online_Training [173/700]: mean_loss=0.035123834386467934
Online_Training [174/700]: mean_loss=0.11864103749394417
Online_Training [175/700]: mean_loss=0.04190162755548954
Online_Training [176/700]: mean_loss=0.1095924824476242
Online_Training [177/700]: mean_loss=0.12445956841111183
Online_Training [178/700]: mean_loss=0.13710715621709824
Online_Training [179/700]: mean_loss=0.037510232999920845
Online_Training [180/700]: mean_loss=0.023196909576654434
Online_Training [181/700]: mean_loss=0.0295415036380291
Online_Training [182/700]: mean_loss=0.04571248218417168
Online_Training [183/700]: mean_loss=0.041654765605926514
Online_Training [184/700]: mean_loss=0.05932888016104698
Online_Training [185/700]: mean_loss=0.10520324110984802
Online_Training [186/700]: mean_loss=0.03046832699328661
Online_Training [187/700]: mean_loss=0.03772109933197498
Online_Training [188/700]: mean_loss=0.07010312005877495
Online_Training [189/700]: mean_loss=0.06897498294711113
Online_Training [190/700]: mean_loss=0.055901313200592995
Online_Training [191/700]: mean_loss=0.03077166434377432
Online_Training [192/700]: mean_loss=0.12221967428922653
Online_Training [193/700]: mean_loss=0.20605407655239105
Online_Training [194/700]: mean_loss=0.048368314281105995
Online_Training [195/700]: mean_loss=0.08983337506651878
Online_Training [196/700]: mean_loss=0.07017363980412483
Online_Training [197/700]: mean_loss=0.03022386971861124
Online_Training [198/700]: mean_loss=0.028086875565350056
Online_Training [199/700]: mean_loss=0.012643649242818356
Online_Training [200/700]: mean_loss=0.01986449584364891
Online_Training [201/700]: mean_loss=0.1432390883564949
Online_Training [202/700]: mean_loss=0.05748351290822029
Online_Training [203/700]: mean_loss=0.11350393667817116
Online_Training [204/700]: mean_loss=0.028596892952919006
Online_Training [205/700]: mean_loss=0.06137881428003311
Online_Training [206/700]: mean_loss=0.0603022426366806
Online_Training [207/700]: mean_loss=0.06634969264268875
Online_Training [208/700]: mean_loss=0.06800208240747452
Online_Training [209/700]: mean_loss=0.05642268434166908
Online_Training [210/700]: mean_loss=0.023334096185863018
Online_Training [211/700]: mean_loss=0.0701446570456028
Online_Training [212/700]: mean_loss=0.12807876616716385
Online_Training [213/700]: mean_loss=0.05545758828520775
Online_Training [214/700]: mean_loss=0.13759957998991013
Online_Training [215/700]: mean_loss=0.022081665694713593
Online_Training [216/700]: mean_loss=0.059331076219677925
Online_Training [217/700]: mean_loss=0.017003064043819904
Online_Training [218/700]: mean_loss=0.04571306146681309
Online_Training [219/700]: mean_loss=0.03356783464550972
Online_Training [220/700]: mean_loss=0.017175620421767235
Online_Training [221/700]: mean_loss=0.04756395146250725
Online_Training [222/700]: mean_loss=0.03939623385667801
Online_Training [223/700]: mean_loss=0.033510858193039894
Online_Training [224/700]: mean_loss=0.06681852415204048
Online_Training [225/700]: mean_loss=0.022494547069072723
Online_Training [226/700]: mean_loss=0.06251677311956882
Online_Training [227/700]: mean_loss=0.05411997437477112
Online_Training [228/700]: mean_loss=0.024304709397256374
Online_Training [229/700]: mean_loss=0.07702255994081497
Online_Training [230/700]: mean_loss=0.057133426889777184
Online_Training [231/700]: mean_loss=0.1401328220963478
Online_Training [232/700]: mean_loss=0.03671248257160187
Online_Training [233/700]: mean_loss=0.1341746672987938
Online_Training [234/700]: mean_loss=0.06520126387476921
Online_Training [235/700]: mean_loss=0.0792156457901001
Online_Training [236/700]: mean_loss=0.17189664393663406
Online_Training [237/700]: mean_loss=0.1269579827785492
Online_Training [238/700]: mean_loss=0.09651186317205429
Online_Training [239/700]: mean_loss=0.026268296875059605
Online_Training [240/700]: mean_loss=0.03514615446329117
Online_Training [241/700]: mean_loss=0.07550771161913872
Online_Training [242/700]: mean_loss=0.031103117391467094
Online_Training [243/700]: mean_loss=0.027250328101217747
Online_Training [244/700]: mean_loss=0.029339714907109737
Online_Training [245/700]: mean_loss=0.0949283130466938
Online_Training [246/700]: mean_loss=0.013306735083460808
Online_Training [247/700]: mean_loss=0.0581680815666914
Online_Training [248/700]: mean_loss=0.02084000874310732
Online_Training [249/700]: mean_loss=0.043491778895258904
Online_Training [250/700]: mean_loss=0.05648856796324253
Online_Training [251/700]: mean_loss=0.024502539075911045
Online_Training [252/700]: mean_loss=0.022902010940015316
Online_Training [253/700]: mean_loss=0.12461644038558006
Online_Training [254/700]: mean_loss=0.0822373554110527
Online_Training [255/700]: mean_loss=0.0356786847114563
Online_Training [256/700]: mean_loss=0.03432152792811394
Online_Training [257/700]: mean_loss=0.03438814915716648
Online_Training [258/700]: mean_loss=0.02747757826000452
Online_Training [259/700]: mean_loss=0.033847324550151825
Online_Training [260/700]: mean_loss=0.08843960613012314
Online_Training [261/700]: mean_loss=0.08459977805614471
Online_Training [262/700]: mean_loss=0.08207086846232414
Online_Training [263/700]: mean_loss=0.0359763465821743
Online_Training [264/700]: mean_loss=0.0064119198359549046
Online_Training [265/700]: mean_loss=0.13614685833454132
Online_Training [266/700]: mean_loss=0.03767057694494724
Online_Training [267/700]: mean_loss=0.02467588149011135
Online_Training [268/700]: mean_loss=0.04712587781250477
Online_Training [269/700]: mean_loss=0.03414642810821533
Online_Training [270/700]: mean_loss=0.048023590818047523
Online_Training [271/700]: mean_loss=0.06187829561531544
Online_Training [272/700]: mean_loss=0.020911077968776226
Online_Training [273/700]: mean_loss=0.05468815937638283
Online_Training [274/700]: mean_loss=0.05178924649953842
Online_Training [275/700]: mean_loss=0.036024706438183784
Online_Training [276/700]: mean_loss=0.018812955357134342
Online_Training [277/700]: mean_loss=0.08926116675138474
Online_Training [278/700]: mean_loss=0.049878112971782684
Online_Training [279/700]: mean_loss=0.07646225020289421
Online_Training [280/700]: mean_loss=0.013549556024372578
Online_Training [281/700]: mean_loss=0.0504356287419796
Online_Training [282/700]: mean_loss=0.09363232553005219
Online_Training [283/700]: mean_loss=0.00878990814089775
Online_Training [284/700]: mean_loss=0.02488577738404274
Online_Training [285/700]: mean_loss=0.0776776596903801
Online_Training [286/700]: mean_loss=0.030904686078429222
Online_Training [287/700]: mean_loss=0.05309061147272587
Online_Training [288/700]: mean_loss=0.05014476366341114
Online_Training [289/700]: mean_loss=0.02978376764804125
Online_Training [290/700]: mean_loss=0.01801277045160532
Online_Training [291/700]: mean_loss=0.09220420569181442
Online_Training [292/700]: mean_loss=0.03429384343326092
Online_Training [293/700]: mean_loss=0.09425462037324905
Online_Training [294/700]: mean_loss=0.07657985016703606
Online_Training [295/700]: mean_loss=0.08367107063531876
Online_Training [296/700]: mean_loss=0.014859461691230536
Online_Training [297/700]: mean_loss=0.03413092531263828
Online_Training [298/700]: mean_loss=0.040811218321323395
Online_Training [299/700]: mean_loss=0.034788621589541435
Online_Training [300/700]: mean_loss=0.028212236240506172
Online_Training [301/700]: mean_loss=0.021001306362450123
Online_Training [302/700]: mean_loss=0.05928281880915165
Online_Training [303/700]: mean_loss=0.06043114699423313
Online_Training [304/700]: mean_loss=0.06835059449076653
Online_Training [305/700]: mean_loss=0.024836096912622452
Online_Training [306/700]: mean_loss=0.03998873941600323
Online_Training [307/700]: mean_loss=0.047620268538594246
Online_Training [308/700]: mean_loss=0.014597802422940731
Online_Training [309/700]: mean_loss=0.0642358586192131
Online_Training [310/700]: mean_loss=0.02846061158925295
Online_Training [311/700]: mean_loss=0.03604589030146599
Online_Training [312/700]: mean_loss=0.01248918380588293
Online_Training [313/700]: mean_loss=0.04851874150335789
Online_Training [314/700]: mean_loss=0.02818725537508726
Online_Training [315/700]: mean_loss=0.057814063504338264
Online_Training [316/700]: mean_loss=0.02643323317170143
Online_Training [317/700]: mean_loss=0.020057271234691143
Online_Training [318/700]: mean_loss=0.048731205984950066
Online_Training [319/700]: mean_loss=0.0475289411842823
Online_Training [320/700]: mean_loss=0.060539526864886284
Online_Training [321/700]: mean_loss=0.04398774355649948
Online_Training [322/700]: mean_loss=0.034176548942923546
Online_Training [323/700]: mean_loss=0.018001435324549675
Online_Training [324/700]: mean_loss=0.03175046294927597
Online_Training [325/700]: mean_loss=0.06482599675655365
Online_Training [326/700]: mean_loss=0.05492606200277805
Online_Training [327/700]: mean_loss=0.06145102344453335
Online_Training [328/700]: mean_loss=0.03455441817641258
Online_Training [329/700]: mean_loss=0.031478140503168106
Online_Training [330/700]: mean_loss=0.06473911926150322
Online_Training [331/700]: mean_loss=0.035528162494301796
Online_Training [332/700]: mean_loss=0.028177320957183838
Online_Training [333/700]: mean_loss=0.034968508407473564
Online_Training [334/700]: mean_loss=0.012274559587240219
Online_Training [335/700]: mean_loss=0.04626058414578438
Online_Training [336/700]: mean_loss=0.07283170893788338
Online_Training [337/700]: mean_loss=0.014466001652181149
Online_Training [338/700]: mean_loss=0.02003463264554739
Online_Training [339/700]: mean_loss=0.01689094491302967
Online_Training [340/700]: mean_loss=0.02483281772583723
Online_Training [341/700]: mean_loss=0.017761779949069023
Online_Training [342/700]: mean_loss=0.015303016174584627
Online_Training [343/700]: mean_loss=0.022989772260189056
Online_Training [344/700]: mean_loss=0.01613218244165182
Online_Training [345/700]: mean_loss=0.03546596132218838
Online_Training [346/700]: mean_loss=0.014355327934026718
Online_Training [347/700]: mean_loss=0.019437004812061787
Online_Training [348/700]: mean_loss=0.0773591473698616
Online_Training [349/700]: mean_loss=0.0555481668561697
Online_Training [350/700]: mean_loss=0.013837945647537708
Online_Training [351/700]: mean_loss=0.10423266887664795
Online_Training [352/700]: mean_loss=0.05073182098567486
Online_Training [353/700]: mean_loss=0.07449876889586449
Online_Training [354/700]: mean_loss=0.028967376798391342
Online_Training [355/700]: mean_loss=0.02535089571028948
Online_Training [356/700]: mean_loss=0.044914647936820984
Online_Training [357/700]: mean_loss=0.079523466527462
Online_Training [358/700]: mean_loss=0.08112610131502151
Online_Training [359/700]: mean_loss=0.06386573240160942
Online_Training [360/700]: mean_loss=0.04351286590099335
Online_Training [361/700]: mean_loss=0.050009869039058685
Online_Training [362/700]: mean_loss=0.026185309514403343
Online_Training [363/700]: mean_loss=0.04868881031870842
Online_Training [364/700]: mean_loss=0.033986467868089676
Online_Training [365/700]: mean_loss=0.05309068784117699
Online_Training [366/700]: mean_loss=0.10338347405195236
Online_Training [367/700]: mean_loss=0.156529039144516
Online_Training [368/700]: mean_loss=0.024857116863131523
Online_Training [369/700]: mean_loss=0.019592574797570705
Online_Training [370/700]: mean_loss=0.11293600872159004
Online_Training [371/700]: mean_loss=0.2544482797384262
Online_Training [372/700]: mean_loss=0.038160720840096474
Online_Training [373/700]: mean_loss=0.03825201280415058
Online_Training [374/700]: mean_loss=0.030848940834403038
Online_Training [375/700]: mean_loss=0.03355719521641731
Online_Training [376/700]: mean_loss=0.034430425614118576
Online_Training [377/700]: mean_loss=0.06606210023164749
Online_Training [378/700]: mean_loss=0.08587007969617844
Online_Training [379/700]: mean_loss=0.02702139411121607
Online_Training [380/700]: mean_loss=0.06044599786400795
Online_Training [381/700]: mean_loss=0.06112401932477951
Online_Training [382/700]: mean_loss=0.014409150462597609
Online_Training [383/700]: mean_loss=0.0747012197971344
Online_Training [384/700]: mean_loss=0.03625672310590744
Online_Training [385/700]: mean_loss=0.017219100147485733
Online_Training [386/700]: mean_loss=0.04484870657324791
Online_Training [387/700]: mean_loss=0.03577992506325245
Online_Training [388/700]: mean_loss=0.03318064659833908
Online_Training [389/700]: mean_loss=0.026362404227256775
Online_Training [390/700]: mean_loss=0.04209091328084469
Online_Training [391/700]: mean_loss=0.026034684851765633
Online_Training [392/700]: mean_loss=0.04362350329756737
Online_Training [393/700]: mean_loss=0.23872195929288864
Online_Training [394/700]: mean_loss=0.09117759391665459
Online_Training [395/700]: mean_loss=0.0247088810428977
Online_Training [396/700]: mean_loss=0.009180781431496143
Online_Training [397/700]: mean_loss=0.01942295301705599
Online_Training [398/700]: mean_loss=0.11775700747966766
Online_Training [399/700]: mean_loss=0.1259610801935196
Online_Training [400/700]: mean_loss=0.030042564496397972
Online_Training [401/700]: mean_loss=0.0452823992818594
Online_Training [402/700]: mean_loss=0.020639514550566673
Online_Training [403/700]: mean_loss=0.027233696542680264
Online_Training [404/700]: mean_loss=0.029330181889235973
Online_Training [405/700]: mean_loss=0.030421463772654533
Online_Training [406/700]: mean_loss=0.08438191935420036
Online_Training [407/700]: mean_loss=0.20342183858156204
Online_Training [408/700]: mean_loss=0.0614286232739687
Online_Training [409/700]: mean_loss=0.02054784446954727
Online_Training [410/700]: mean_loss=0.028276571072638035
Online_Training [411/700]: mean_loss=0.04833883047103882
Online_Training [412/700]: mean_loss=0.053667591884732246
Online_Training [413/700]: mean_loss=0.031304300762712955
Online_Training [414/700]: mean_loss=0.021893272176384926
Online_Training [415/700]: mean_loss=0.032721662893891335
Online_Training [416/700]: mean_loss=0.021575717255473137
Online_Training [417/700]: mean_loss=0.022695166058838367
Online_Training [418/700]: mean_loss=0.03534065745770931
Online_Training [419/700]: mean_loss=0.05321439541876316
Online_Training [420/700]: mean_loss=0.06180077977478504
Online_Training [421/700]: mean_loss=0.021033352240920067
Online_Training [422/700]: mean_loss=0.057365044951438904
Online_Training [423/700]: mean_loss=0.015565463341772556
Online_Training [424/700]: mean_loss=0.021188966929912567
Online_Training [425/700]: mean_loss=0.012491081841289997
Online_Training [426/700]: mean_loss=0.031083029694855213
Online_Training [427/700]: mean_loss=0.10182059556245804
Online_Training [428/700]: mean_loss=0.015725414268672466
Online_Training [429/700]: mean_loss=0.055376965552568436
Online_Training [430/700]: mean_loss=0.03308060206472874
Online_Training [431/700]: mean_loss=0.04493009299039841
Online_Training [432/700]: mean_loss=0.017031184397637844
Online_Training [433/700]: mean_loss=0.025896430015563965
Online_Training [434/700]: mean_loss=0.009476281236857176
Online_Training [435/700]: mean_loss=0.029827682301402092
Online_Training [436/700]: mean_loss=0.01389004522934556
Online_Training [437/700]: mean_loss=0.15000533312559128
Online_Training [438/700]: mean_loss=0.044336624443531036
Online_Training [439/700]: mean_loss=0.0340007022023201
Online_Training [440/700]: mean_loss=0.024846402928233147
Online_Training [441/700]: mean_loss=0.04847129061818123
Online_Training [442/700]: mean_loss=0.02105526439845562
Online_Training [443/700]: mean_loss=0.02136444766074419
Online_Training [444/700]: mean_loss=0.016645937226712704
Online_Training [445/700]: mean_loss=0.06894402578473091
Online_Training [446/700]: mean_loss=0.02322604600340128
Online_Training [447/700]: mean_loss=0.027826794423162937
Online_Training [448/700]: mean_loss=0.035566169768571854
Online_Training [449/700]: mean_loss=0.010427781380712986
Online_Training [450/700]: mean_loss=0.06063676439225674
Online_Training [451/700]: mean_loss=0.04916145093739033
Online_Training [452/700]: mean_loss=0.01363908825442195
Online_Training [453/700]: mean_loss=0.017993828281760216
Online_Training [454/700]: mean_loss=0.027696643024683
Online_Training [455/700]: mean_loss=0.026303027756512165
Online_Training [456/700]: mean_loss=0.03101547434926033
Online_Training [457/700]: mean_loss=0.03099327627569437
Online_Training [458/700]: mean_loss=0.01664067804813385
Online_Training [459/700]: mean_loss=0.026057155802845955
Online_Training [460/700]: mean_loss=0.02896299958229065
Online_Training [461/700]: mean_loss=0.024256205186247826
Online_Training [462/700]: mean_loss=0.011804982554167509
Online_Training [463/700]: mean_loss=0.04327563755214214
Online_Training [464/700]: mean_loss=0.02384577039629221
Online_Training [465/700]: mean_loss=0.05808502249419689
Online_Training [466/700]: mean_loss=0.03575677610933781
Online_Training [467/700]: mean_loss=0.04033942148089409
Online_Training [468/700]: mean_loss=0.01520046778023243
Online_Training [469/700]: mean_loss=0.02683513704687357
Online_Training [470/700]: mean_loss=0.022490445524454117
Online_Training [471/700]: mean_loss=0.012686661444604397
Online_Training [472/700]: mean_loss=0.038482243195176125
Online_Training [473/700]: mean_loss=0.028154497034847736
Online_Training [474/700]: mean_loss=0.028787914663553238
Online_Training [475/700]: mean_loss=0.03804173320531845
Online_Training [476/700]: mean_loss=0.02056838758289814
Online_Training [477/700]: mean_loss=0.02763416152447462
Online_Training [478/700]: mean_loss=0.039860259741544724
Online_Training [479/700]: mean_loss=0.022161529399454594
Online_Training [480/700]: mean_loss=0.016726492904126644
Online_Training [481/700]: mean_loss=0.03352464362978935
Online_Training [482/700]: mean_loss=0.00932956300675869
Online_Training [483/700]: mean_loss=0.031477767042815685
Online_Training [484/700]: mean_loss=0.02881850954145193
Online_Training [485/700]: mean_loss=0.015727520920336246
Online_Training [486/700]: mean_loss=0.05484006367623806
Online_Training [487/700]: mean_loss=0.053995413705706596
Online_Training [488/700]: mean_loss=0.01169369462877512
Online_Training [489/700]: mean_loss=0.025653590448200703
Online_Training [490/700]: mean_loss=0.017581014893949032
Online_Training [491/700]: mean_loss=0.06718206405639648
Online_Training [492/700]: mean_loss=0.03618534095585346
Online_Training [493/700]: mean_loss=0.07157206907868385
Online_Training [494/700]: mean_loss=0.057470621541142464
Online_Training [495/700]: mean_loss=0.008843608666211367
Online_Training [496/700]: mean_loss=0.03136475570499897
Online_Training [497/700]: mean_loss=0.042917992919683456
Online_Training [498/700]: mean_loss=0.058285973966121674
Online_Training [499/700]: mean_loss=0.01407711859792471
Online_Training [500/700]: mean_loss=0.046307723969221115
Online_Training [501/700]: mean_loss=0.0287547605112195
Online_Training [502/700]: mean_loss=0.04995957389473915
Online_Training [503/700]: mean_loss=0.01283499225974083
Online_Training [504/700]: mean_loss=0.03245006687939167
Online_Training [505/700]: mean_loss=0.0061578836757689714
Online_Training [506/700]: mean_loss=0.04164934903383255
Online_Training [507/700]: mean_loss=0.01989051140844822
Online_Training [508/700]: mean_loss=0.02153425570577383
Online_Training [509/700]: mean_loss=0.04323936812579632
Online_Training [510/700]: mean_loss=0.026400510221719742
Online_Training [511/700]: mean_loss=0.01903244387358427
Online_Training [512/700]: mean_loss=0.0830962061882019
Online_Training [513/700]: mean_loss=0.027560565620660782
Online_Training [514/700]: mean_loss=0.02374151535332203
Online_Training [515/700]: mean_loss=0.005966720869764686
Online_Training [516/700]: mean_loss=0.0620746947824955
Online_Training [517/700]: mean_loss=0.13938672095537186
Online_Training [518/700]: mean_loss=0.10492813587188721
Online_Training [519/700]: mean_loss=0.0514985304325819
Online_Training [520/700]: mean_loss=0.032549383118748665
Online_Training [521/700]: mean_loss=0.05986884795129299
Online_Training [522/700]: mean_loss=0.09103813394904137
Online_Training [523/700]: mean_loss=0.04545331187546253
Online_Training [524/700]: mean_loss=0.020884963683784008
Online_Training [525/700]: mean_loss=0.06367886438965797
Online_Training [526/700]: mean_loss=0.011644546408206224
Online_Training [527/700]: mean_loss=0.03523101098835468
Online_Training [528/700]: mean_loss=0.04147104360163212
Online_Training [529/700]: mean_loss=0.01516601862385869
Online_Training [530/700]: mean_loss=0.043492523953318596
Online_Training [531/700]: mean_loss=0.054729001596570015
Online_Training [532/700]: mean_loss=0.01437958562746644
Online_Training [533/700]: mean_loss=0.04876105487346649
Online_Training [534/700]: mean_loss=0.023273468017578125
Online_Training [535/700]: mean_loss=0.05526306293904781
Online_Training [536/700]: mean_loss=0.03787862882018089
Online_Training [537/700]: mean_loss=0.013199964072555304
Online_Training [538/700]: mean_loss=0.015766720287501812
Online_Training [539/700]: mean_loss=0.04644519463181496
Online_Training [540/700]: mean_loss=0.0254377368837595
Online_Training [541/700]: mean_loss=0.15177979320287704
Online_Training [542/700]: mean_loss=0.12488522380590439
Online_Training [543/700]: mean_loss=0.04980406351387501
Online_Training [544/700]: mean_loss=0.00742263812571764
Online_Training [545/700]: mean_loss=0.015798717737197876
Online_Training [546/700]: mean_loss=0.0322172399610281
Online_Training [547/700]: mean_loss=0.020808810368180275
Online_Training [548/700]: mean_loss=0.04801543243229389
Online_Training [549/700]: mean_loss=0.07635903358459473
Online_Training [550/700]: mean_loss=0.035935863852500916
Online_Training [551/700]: mean_loss=0.018948273733258247
Online_Training [552/700]: mean_loss=0.011629707645624876
Online_Training [553/700]: mean_loss=0.01799105294048786
Online_Training [554/700]: mean_loss=0.019192077219486237
Online_Training [555/700]: mean_loss=0.015489718411117792
Online_Training [556/700]: mean_loss=0.007778615690767765
Online_Training [557/700]: mean_loss=0.0364951565861702
Online_Training [558/700]: mean_loss=0.02007950283586979
Online_Training [559/700]: mean_loss=0.07721803709864616
Online_Training [560/700]: mean_loss=0.04169693775475025
Online_Training [561/700]: mean_loss=0.012923034839332104
Online_Training [562/700]: mean_loss=0.012908895965665579
Online_Training [563/700]: mean_loss=0.03028295189142227
Online_Training [564/700]: mean_loss=0.02992089092731476
Online_Training [565/700]: mean_loss=0.04344146326184273
Online_Training [566/700]: mean_loss=0.016053909435868263
Online_Training [567/700]: mean_loss=0.031952641904354095
Online_Training [568/700]: mean_loss=0.015783718787133694
Online_Training [569/700]: mean_loss=0.021966494619846344
Online_Training [570/700]: mean_loss=0.03229276090860367
Online_Training [571/700]: mean_loss=0.027353232726454735
Online_Training [572/700]: mean_loss=0.009979215916246176
Online_Training [573/700]: mean_loss=0.025266170501708984
Online_Training [574/700]: mean_loss=0.03723669797182083
Online_Training [575/700]: mean_loss=0.015667753759771585
Online_Training [576/700]: mean_loss=0.013639038894325495
Online_Training [577/700]: mean_loss=0.013901089783757925
Online_Training [578/700]: mean_loss=0.02230475191026926
Online_Training [579/700]: mean_loss=0.026013989932835102
Online_Training [580/700]: mean_loss=0.03749755211174488
Online_Training [581/700]: mean_loss=0.008811148814857006
Online_Training [582/700]: mean_loss=0.022223311476409435
Online_Training [583/700]: mean_loss=0.01630932278931141
Online_Training [584/700]: mean_loss=0.040497180074453354
Online_Training [585/700]: mean_loss=0.03351403586566448
Online_Training [586/700]: mean_loss=0.01728210598230362
Online_Training [587/700]: mean_loss=0.03407021798193455
Online_Training [588/700]: mean_loss=0.02408810332417488
Online_Training [589/700]: mean_loss=0.023084376007318497
Online_Training [590/700]: mean_loss=0.0309675894677639
Online_Training [591/700]: mean_loss=0.1988961547613144
Online_Training [592/700]: mean_loss=0.16202232241630554
Online_Training [593/700]: mean_loss=0.015810739248991013
Online_Training [594/700]: mean_loss=0.017506465315818787
Online_Training [595/700]: mean_loss=0.015508437529206276
Online_Training [596/700]: mean_loss=0.010229968000203371
Online_Training [597/700]: mean_loss=0.014103862922638655
Online_Training [598/700]: mean_loss=0.035152314230799675
Online_Training [599/700]: mean_loss=0.012349633034318686
Online_Training [600/700]: mean_loss=0.029247275553643703
Online_Training [601/700]: mean_loss=0.010449657682329416
Online_Training [602/700]: mean_loss=0.02173974085599184
Online_Training [603/700]: mean_loss=0.03775553032755852
Online_Training [604/700]: mean_loss=0.027654075995087624
Online_Training [605/700]: mean_loss=0.039611609652638435
Online_Training [606/700]: mean_loss=0.028589691035449505
Online_Training [607/700]: mean_loss=0.015731210820376873
Online_Training [608/700]: mean_loss=0.023243360221385956
Online_Training [609/700]: mean_loss=0.016633599996566772
Online_Training [610/700]: mean_loss=0.01354142650961876
Online_Training [611/700]: mean_loss=0.03455868735909462
Online_Training [612/700]: mean_loss=0.01967700757086277
Online_Training [613/700]: mean_loss=0.037333276122808456
Online_Training [614/700]: mean_loss=0.042012909427285194
Online_Training [615/700]: mean_loss=0.0179293230175972
Online_Training [616/700]: mean_loss=0.01779625006020069
Online_Training [617/700]: mean_loss=0.012720474507659674
Online_Training [618/700]: mean_loss=0.019395009614527225
Online_Training [619/700]: mean_loss=0.03158005140721798
Online_Training [620/700]: mean_loss=0.01232187170535326
Online_Training [621/700]: mean_loss=0.024712881073355675
Online_Training [622/700]: mean_loss=0.03170187771320343
Online_Training [623/700]: mean_loss=0.018409650772809982
Online_Training [624/700]: mean_loss=0.01417588023468852
Online_Training [625/700]: mean_loss=0.03501918353140354
Online_Training [626/700]: mean_loss=0.018281870521605015
Online_Training [627/700]: mean_loss=0.046611929312348366
Online_Training [628/700]: mean_loss=0.012125527020543814
Online_Training [629/700]: mean_loss=0.01866991724818945
Online_Training [630/700]: mean_loss=0.08288028091192245
Online_Training [631/700]: mean_loss=0.03608597069978714
Online_Training [632/700]: mean_loss=0.027285801246762276
Online_Training [633/700]: mean_loss=0.03440379165112972
Online_Training [634/700]: mean_loss=0.032998206093907356
Online_Training [635/700]: mean_loss=0.01672990992665291
Online_Training [636/700]: mean_loss=0.02172761783003807
Online_Training [637/700]: mean_loss=0.061706237494945526
Online_Training [638/700]: mean_loss=0.05394839122891426
Online_Training [639/700]: mean_loss=0.017480429261922836
Online_Training [640/700]: mean_loss=0.025277704931795597
Online_Training [641/700]: mean_loss=0.015756952576339245
Online_Training [642/700]: mean_loss=0.023565800860524178
Online_Training [643/700]: mean_loss=0.035488128662109375
Online_Training [644/700]: mean_loss=0.01946833822876215
Online_Training [645/700]: mean_loss=0.00863867299631238
Online_Training [646/700]: mean_loss=0.013152084778994322
Online_Training [647/700]: mean_loss=0.03793296217918396
Online_Training [648/700]: mean_loss=0.029880492016673088
Online_Training [649/700]: mean_loss=0.011479224544018507
Online_Training [650/700]: mean_loss=0.0324483010917902
Online_Training [651/700]: mean_loss=0.0323781818151474
Online_Training [652/700]: mean_loss=0.017891512252390385
Online_Training [653/700]: mean_loss=0.06581023335456848
Online_Training [654/700]: mean_loss=0.021427197381854057
Online_Training [655/700]: mean_loss=0.025163604877889156
Online_Training [656/700]: mean_loss=0.019279547967016697
Online_Training [657/700]: mean_loss=0.01680153515189886
Online_Training [658/700]: mean_loss=0.03650544956326485
Online_Training [659/700]: mean_loss=0.027660696767270565
Online_Training [660/700]: mean_loss=0.015083501115441322
Online_Training [661/700]: mean_loss=0.029437482357025146
Online_Training [662/700]: mean_loss=0.011734451167285442
Online_Training [663/700]: mean_loss=0.025781056843698025
Online_Training [664/700]: mean_loss=0.014728755690157413
Online_Training [665/700]: mean_loss=0.10015210881829262
Online_Training [666/700]: mean_loss=0.0984496958553791
Online_Training [667/700]: mean_loss=0.013091900385916233
Online_Training [668/700]: mean_loss=0.013988044578582048
Online_Training [669/700]: mean_loss=0.006667798385024071
Online_Training [670/700]: mean_loss=0.010066162329167128
Online_Training [671/700]: mean_loss=0.05056375823915005
Online_Training [672/700]: mean_loss=0.019720002077519894
Online_Training [673/700]: mean_loss=0.03256786800920963
Online_Training [674/700]: mean_loss=0.0086352345533669
Online_Training [675/700]: mean_loss=0.010957255493849516
Online_Training [676/700]: mean_loss=0.021863860078155994
Online_Training [677/700]: mean_loss=0.020723845809698105
Online_Training [678/700]: mean_loss=0.024482520297169685
Online_Training [679/700]: mean_loss=0.019952213391661644
Online_Training [680/700]: mean_loss=0.015059389173984528
Online_Training [681/700]: mean_loss=0.017607318237423897
Online_Training [682/700]: mean_loss=0.017716282047331333
Online_Training [683/700]: mean_loss=0.019706892780959606
Online_Training [684/700]: mean_loss=0.013548916671425104
Online_Training [685/700]: mean_loss=0.04056567698717117
Online_Training [686/700]: mean_loss=0.026003818958997726
Online_Training [687/700]: mean_loss=0.026865515857934952
Online_Training [688/700]: mean_loss=0.0757007785141468
Online_Training [689/700]: mean_loss=0.184743270277977
Online_Training [690/700]: mean_loss=0.09196857362985611
Online_Training [691/700]: mean_loss=0.012120439670979977
Online_Training [692/700]: mean_loss=0.033463915809988976
Online_Training [693/700]: mean_loss=0.017232385464012623
Online_Training [694/700]: mean_loss=0.013366359751671553
Online_Training [695/700]: mean_loss=0.023529368452727795
Online_Training [696/700]: mean_loss=0.026764928363263607
Online_Training [697/700]: mean_loss=0.015541670378297567
Online_Training [698/700]: mean_loss=0.020003542304039
Online_Training [699/700]: mean_loss=0.0853138417005539
Online_Training [700/700]: mean_loss=0.04961991310119629
Number of Samples after Autoencoder testing: 300
First Spike after testing: [-0.08347454  2.9549928 ]
[2, 1, 0, 1, 2, 2, 0, 0, 1, 0, 2, 1, 1, 1, 2, 2, 0, 0, 2, 0, 2, 2, 1, 0, 0, 2, 2, 2, 0, 2, 0, 1, 1, 1, 1, 0, 2, 1, 1, 2, 0, 0, 1, 2, 1, 2, 2, 1, 1, 1, 0, 0, 2, 1, 0, 0, 2, 2, 0, 1, 2, 1, 1, 2, 1, 0, 1, 0, 1, 1, 1, 0, 1, 1, 0, 1, 2, 0, 2, 1, 1, 2, 2, 0, 1, 1, 2, 1, 2, 1, 0, 1, 1, 0, 2, 2, 1, 1, 0, 1, 0, 1, 2, 1, 0, 1, 1, 2, 0, 0, 2, 0, 1, 2, 2, 1, 2, 1, 1, 0, 2, 2, 0, 0, 2, 0, 0, 1, 0, 0, 2, 0, 1, 1, 1, 1, 2, 0, 2, 2, 0, 2, 0, 1, 0, 1, 2, 0, 1, 2, 2, 2, 0, 2, 0, 2, 1, 2, 0, 0, 1, 2, 2, 1, 2, 1, 0, 0, 2, 1, 1, 1, 2, 0, 1, 0, 2, 2, 0, 1, 1, 1, 0, 0, 2, 2, 0, 0, 1, 2, 0, 1, 0, 2, 2, 0, 2, 1, 2, 1, 1, 0, 1, 2, 0, 2, 2, 1, 1, 2, 1, 1, 0, 0, 0, 0, 0, 0, 0, 1, 2, 2, 1, 0, 1, 1, 1, 1, 0, 1, 1, 2, 0, 1, 1, 1, 2, 0, 0, 2, 2, 1, 1, 0, 2, 2, 0, 0, 0, 1, 0, 2, 1, 0, 0, 2, 1, 2, 0, 1, 2, 2, 2, 1, 0, 2, 0, 0, 2, 1, 0, 1, 2, 2, 0, 1, 2, 2, 2, 0, 2, 2, 1, 2, 1, 1, 0, 1, 0, 1, 0, 1, 1, 2, 1, 0, 0, 1, 2, 1]
[0, 1, 2, 3, 4, 4, 5, 6, 7, 8, 9, 3, 10, 11, 12, 13, 14, 8, 15, 16, 17, 18, 19, 20, 21, 22, 23, 17, 2, 24, 25, 26, 27, 28, 29, 30, 23, 11, 31, 24, 32, 33, 34, 35, 31, 24, 17, 19, 19, 29, 16, 30, 36, 37, 38, 33, 17, 23, 33, 1, 17, 39, 39, 22, 3, 30, 40, 41, 6, 42, 19, 43, 31, 1, 44, 45, 46, 47, 9, 1, 48, 4, 49, 50, 29, 51, 49, 52, 49, 10, 43, 52, 37, 53, 54, 55, 11, 52, 56, 35, 57, 1, 9, 45, 2, 58, 34, 4, 8, 59, 55, 60, 37, 54, 17, 39, 4, 11, 11, 43, 17, 13, 33, 61, 62, 33, 41, 63, 57, 57, 24, 64, 64, 39, 7, 45, 4, 64, 49, 24, 50, 62, 44, 63, 65, 27, 0, 61, 66, 4, 15, 51, 64, 65, 14, 67, 40, 68, 60, 67, 39, 68, 22, 29, 63, 61, 33, 60, 23, 69, 1, 31, 70, 25, 68, 59, 50, 59, 65, 66, 70, 3, 58, 44, 49, 22, 54, 64, 59, 54, 60, 40, 68, 71, 17, 57, 66, 61, 55, 52, 50, 21, 29, 23, 68, 62, 72, 64, 59, 69, 67, 57, 51, 64, 31, 69, 56, 65, 69, 39, 66, 62, 73, 69, 68, 55, 56, 58, 71, 53, 73, 70, 43, 52, 74, 68, 54, 57, 61, 54, 52, 62, 60, 70, 66, 61, 39, 66, 66, 69, 75, 39, 59, 44, 60, 53, 56, 70, 57, 72, 60, 76, 50, 61, 53, 53, 49, 69, 9, 55, 51, 68, 52, 38, 54, 28, 77, 64, 45, 73, 9, 54, 3, 50, 58, 65, 41, 48, 75, 53, 74, 35, 48, 65, 74, 66, 66, 75, 54, 63]
Centroids: [[-3.2259085, -2.6117828], [-1.3608165, -1.9336548], [-0.6517263, 2.4230158]]
Centroids: [[-0.09814882, 3.032523], [-1.4024178, -1.6987444], [-2.7381742, -2.6488245], [-0.69584286, -1.446714], [-0.4474805, 2.4061086], [-3.6174574, -3.3249624], [-2.3057127, -1.919688], [-1.0210284, -1.7505586], [-3.1000674, -2.5920532], [-0.82698554, 2.5035086], [-0.518379, -1.2539561], [-1.225801, -1.8732901], [-1.4396559, 1.9011331], [-0.7178201, 1.553505], [-2.9651248, -2.4233165], [-0.57898366, 3.4879475], [-3.5342445, -2.9046316], [-0.49951184, 2.0218318], [-0.74188733, -0.23956577], [-1.9802784, -2.1393266], [-2.106786, -1.7986534], [-2.7163253, -2.3440263], [-1.0234703, 2.648814], [-1.0075011, 2.172277], [-0.37545997, 2.8582199], [-4.0309577, -2.9952545], [-2.3371725, -2.6311307], [-2.2855892, -2.3387363], [-1.3998055, -1.5828614], [-1.2163186, -1.9167131], [-3.7699547, -3.0599766], [-1.8044174, -2.1269023], [-3.130716, -1.7933187], [-2.648749, -2.253875], [-1.9895936, -2.8653092], [-0.97076684, -0.510141], [-0.97786975, 1.6828341], [-1.4225726, -2.12439], [-1.6920491, 0.11365801], [-1.3417215, -1.4114889], [-1.6061935, -2.3263538], [-3.327401, -2.2751844], [-0.27111447, -0.94043773], [-3.0964842, -2.105017], [-3.75215, -3.125966], [-0.77768826, -0.5294545], [-0.5385943, 2.2210748], [-4.5204787, -3.4763026], [-1.2408605, -1.9253455], [-1.077372, 1.4119674], [-1.8082243, 0.016663194], [-2.3711095, -1.3865676], [-1.220425, -0.69515747], [-1.8126701, -1.2444004], [-1.2907957, 1.4434285], [-0.51799715, 1.074232], [-1.8586453, -1.8987184], [-3.020212, -2.7534955], [-2.0903997, -2.6918552], [-2.1696827, -1.0000826], [-2.8645833, -2.1260395], [-1.9401294, -1.5630543], [-0.85649335, 1.9547968], [-1.0849082, -0.8624557], [-2.3894553, -1.5074925], [-2.0039694, -1.0007087], [-2.1459346, -0.9749603], [-1.5908502, -0.040613335], [-1.6218483, -0.8860739], [-2.3946757, -1.9057802], [-1.3457501, 0.37366882], [-2.2787108, -0.505376], [-1.0157844, 0.45126456], [-1.6958237, -2.1422093], [-1.9196626, -2.3966663], [-2.902613, -2.3991408], [-0.29124442, 3.450066], [-0.22642115, 2.1067512]]
Contingency Matrix: 
[[0 0 3 0 0 1 1 0 3 0 0 0 0 0 2 0 2 0 0 0 1 2 0 0 0 2 0 0 0 0 3 1 1 6 0 0
  0 0 1 1 0 3 0 4 4 0 0 1 0 1 2 2 0 2 2 0 2 6 1 2 5 3 0 0 5 3 4 1 2 4 1 1
  0 1 1 2 0 0]
 [0 6 0 5 0 0 1 2 0 0 2 5 0 0 0 0 0 0 0 4 0 0 0 0 0 0 1 2 2 5 0 4 0 0 2 2
  0 3 0 6 3 0 1 0 0 3 0 0 3 0 1 1 5 2 0 2 2 1 3 3 1 3 1 3 2 1 2 1 4 2 1 0
  1 2 2 1 0 0]
 [2 0 0 0 7 0 0 0 0 5 0 0 1 2 0 2 0 8 1 0 0 0 4 5 5 0 0 0 0 0 0 0 0 0 0 1
  1 0 1 1 0 0 0 0 0 1 1 0 0 5 3 1 2 2 7 3 0 0 0 1 1 1 4 1 1 2 3 1 2 1 3 1
  1 0 0 0 1 1]]
[[0, 0, 3, 0, 0, 1, 1, 0, 3, 0, 0, 0, 0, 0, 2, 0, 2, 0, 0, 0, 1, 2, 0, 0, 0, 2, 0, 0, 0, 0, 3, 1, 1, 6, 0, 0, 0, 0, 1, 1, 0, 3, 0, 4, 4, 0, 0, 1, 0, 1, 2, 2, 0, 2, 2, 0, 2, 6, 1, 2, 5, 3, 0, 0, 5, 3, 4, 1, 2, 4, 1, 1, 0, 1, 1, 2, 0, 0], [0, 6, 0, 5, 0, 0, 1, 2, 0, 0, 2, 5, 0, 0, 0, 0, 0, 0, 0, 4, 0, 0, 0, 0, 0, 0, 1, 2, 2, 5, 0, 4, 0, 0, 2, 2, 0, 3, 0, 6, 3, 0, 1, 0, 0, 3, 0, 0, 3, 0, 1, 1, 5, 2, 0, 2, 2, 1, 3, 3, 1, 3, 1, 3, 2, 1, 2, 1, 4, 2, 1, 0, 1, 2, 2, 1, 0, 0], [2, 0, 0, 0, 7, 0, 0, 0, 0, 5, 0, 0, 1, 2, 0, 2, 0, 8, 1, 0, 0, 0, 4, 5, 5, 0, 0, 0, 0, 0, 0, 0, 0, 0, 0, 1, 1, 0, 1, 1, 0, 0, 0, 0, 0, 1, 1, 0, 0, 5, 3, 1, 2, 2, 7, 3, 0, 0, 0, 1, 1, 1, 4, 1, 1, 2, 3, 1, 2, 1, 3, 1, 1, 0, 0, 0, 1, 1]]
[[0, 0, 3, 0, 0, 1, 1, 0, 3, 0, 0, 0, 0, 0, 2, 0, 2, 0, 0, 0, 1, 2, 0, 0, 0, 2, 0, 0, 0, 0, 3, 1, 1, 6, 0, 0, 0, 0, 1, 1, 0, 3, 0, 4, 4, 0, 0, 1, 0, 1, 2, 2, 0, 2, 2, 0, 2, 6, 1, 2, 5, 3, 0, 0, 5, 3, 4, 1, 2, 4, 1, 1, 0, 1, 1, 2, 0, 0], [0, 6, 0, 5, 0, 0, 1, 2, 0, 0, 2, 5, 0, 0, 0, 0, 0, 0, 0, 4, 0, 0, 0, 0, 0, 0, 1, 2, 2, 5, 0, 4, 0, 0, 2, 2, 0, 3, 0, 6, 3, 0, 1, 0, 0, 3, 0, 0, 3, 0, 1, 1, 5, 2, 0, 2, 2, 1, 3, 3, 1, 3, 1, 3, 2, 1, 2, 1, 4, 2, 1, 0, 1, 2, 2, 1, 0, 0], [2, 0, 0, 0, 7, 0, 0, 0, 0, 5, 0, 0, 1, 2, 0, 2, 0, 8, 1, 0, 0, 0, 4, 5, 5, 0, 0, 0, 0, 0, 0, 0, 0, 0, 0, 1, 1, 0, 1, 1, 0, 0, 0, 0, 0, 1, 1, 0, 0, 5, 3, 1, 2, 2, 7, 3, 0, 0, 0, 1, 1, 1, 4, 1, 1, 2, 3, 1, 2, 1, 3, 1, 1, 0, 0, 0, 1, 1]]
[0, 1, 2, 3, 4, 5, 6, 7, 8, 9, 10, 11, 12, 13, 14, 15, 16, 17, 18, 19, 20, 21, 22, 23, 24, 25, 26, 27, 28, 29, 30, 31, 32, 33, 34, 35, 36, 37, 38, 39, 40, 41, 42, 43, 44, 45, 46, 47, 48, 49, 50, 51, 52, 53, 54, 55, 56, 57, 58, 59, 60, 61, 62, 63, 64, 65, 66, 67, 68, 69, 70, 71, 72, 73, 74, 75, 76, 77]
[[0, 0, 3, 0, 0, 1, 1, 0, 3, 0, 0, 0, 0, 0, 2, 0, 2, -1, 0, 0, 1, 2, 0, 0, 0, 2, 0, 0, 0, 0, 3, 1, 1, 6, 0, 0, 0, 0, 1, 1, 0, 3, 0, 4, 4, 0, 0, 1, 0, 1, 2, 2, 0, 2, 2, 0, 2, 6, 1, 2, 5, 3, 0, 0, 5, 3, 4, 1, 2, 4, 1, 1, 0, 1, 1, 2, 0, 0], [0, 6, 0, 5, 0, 0, 1, 2, 0, 0, 2, 5, 0, 0, 0, 0, 0, -1, 0, 4, 0, 0, 0, 0, 0, 0, 1, 2, 2, 5, 0, 4, 0, 0, 2, 2, 0, 3, 0, 6, 3, 0, 1, 0, 0, 3, 0, 0, 3, 0, 1, 1, 5, 2, 0, 2, 2, 1, 3, 3, 1, 3, 1, 3, 2, 1, 2, 1, 4, 2, 1, 0, 1, 2, 2, 1, 0, 0], [-1, -1, -1, -1, -1, -1, -1, -1, -1, -1, -1, -1, -1, -1, -1, -1, -1, -1, -1, -1, -1, -1, -1, -1, -1, -1, -1, -1, -1, -1, -1, -1, -1, -1, -1, -1, -1, -1, -1, -1, -1, -1, -1, -1, -1, -1, -1, -1, -1, -1, -1, -1, -1, -1, -1, -1, -1, -1, -1, -1, -1, -1, -1, -1, -1, -1, -1, -1, -1, -1, -1, -1, -1, -1, -1, -1, -1, -1]]
[[-1, -1, -1, -1, -1, -1, -1, -1, -1, -1, -1, -1, -1, -1, -1, -1, -1, -1, -1, -1, -1, -1, -1, -1, -1, -1, -1, -1, -1, -1, -1, -1, -1, -1, -1, -1, -1, -1, -1, -1, -1, -1, -1, -1, -1, -1, -1, -1, -1, -1, -1, -1, -1, -1, -1, -1, -1, -1, -1, -1, -1, -1, -1, -1, -1, -1, -1, -1, -1, -1, -1, -1, -1, -1, -1, -1, -1, -1], [0, 6, 0, 5, 0, 0, 1, 2, 0, 0, 2, 5, 0, 0, 0, 0, 0, -1, 0, 4, 0, 0, 0, 0, 0, 0, 1, 2, 2, 5, 0, 4, 0, -1, 2, 2, 0, 3, 0, 6, 3, 0, 1, 0, 0, 3, 0, 0, 3, 0, 1, 1, 5, 2, 0, 2, 2, 1, 3, 3, 1, 3, 1, 3, 2, 1, 2, 1, 4, 2, 1, 0, 1, 2, 2, 1, 0, 0], [-1, -1, -1, -1, -1, -1, -1, -1, -1, -1, -1, -1, -1, -1, -1, -1, -1, -1, -1, -1, -1, -1, -1, -1, -1, -1, -1, -1, -1, -1, -1, -1, -1, -1, -1, -1, -1, -1, -1, -1, -1, -1, -1, -1, -1, -1, -1, -1, -1, -1, -1, -1, -1, -1, -1, -1, -1, -1, -1, -1, -1, -1, -1, -1, -1, -1, -1, -1, -1, -1, -1, -1, -1, -1, -1, -1, -1, -1]]
[[-1, -1, -1, -1, -1, -1, -1, -1, -1, -1, -1, -1, -1, -1, -1, -1, -1, -1, -1, -1, -1, -1, -1, -1, -1, -1, -1, -1, -1, -1, -1, -1, -1, -1, -1, -1, -1, -1, -1, -1, -1, -1, -1, -1, -1, -1, -1, -1, -1, -1, -1, -1, -1, -1, -1, -1, -1, -1, -1, -1, -1, -1, -1, -1, -1, -1, -1, -1, -1, -1, -1, -1, -1, -1, -1, -1, -1, -1], [-1, -1, -1, -1, -1, -1, -1, -1, -1, -1, -1, -1, -1, -1, -1, -1, -1, -1, -1, -1, -1, -1, -1, -1, -1, -1, -1, -1, -1, -1, -1, -1, -1, -1, -1, -1, -1, -1, -1, -1, -1, -1, -1, -1, -1, -1, -1, -1, -1, -1, -1, -1, -1, -1, -1, -1, -1, -1, -1, -1, -1, -1, -1, -1, -1, -1, -1, -1, -1, -1, -1, -1, -1, -1, -1, -1, -1, -1], [-1, -1, -1, -1, -1, -1, -1, -1, -1, -1, -1, -1, -1, -1, -1, -1, -1, -1, -1, -1, -1, -1, -1, -1, -1, -1, -1, -1, -1, -1, -1, -1, -1, -1, -1, -1, -1, -1, -1, -1, -1, -1, -1, -1, -1, -1, -1, -1, -1, -1, -1, -1, -1, -1, -1, -1, -1, -1, -1, -1, -1, -1, -1, -1, -1, -1, -1, -1, -1, -1, -1, -1, -1, -1, -1, -1, -1, -1]]
Match_Labels: {2: 17, 0: 33, 1: 1}
New Contingency Matrix: 
[[6 0 0 0 3 0 0 1 1 0 3 0 0 0 0 0 2 0 2 0 0 1 2 0 0 0 2 0 0 0 0 3 1 1 0 0
  0 0 1 1 0 3 0 4 4 0 0 1 0 1 2 2 0 2 2 0 2 6 1 2 5 3 0 0 5 3 4 1 2 4 1 1
  0 1 1 2 0 0]
 [0 6 0 0 0 5 0 0 1 2 0 0 2 5 0 0 0 0 0 0 4 0 0 0 0 0 0 1 2 2 5 0 4 0 2 2
  0 3 0 6 3 0 1 0 0 3 0 0 3 0 1 1 5 2 0 2 2 1 3 3 1 3 1 3 2 1 2 1 4 2 1 0
  1 2 2 1 0 0]
 [0 0 8 2 0 0 7 0 0 0 0 5 0 0 1 2 0 2 0 1 0 0 0 4 5 5 0 0 0 0 0 0 0 0 0 1
  1 0 1 1 0 0 0 0 0 1 1 0 0 5 3 1 2 2 7 3 0 0 0 1 1 1 4 1 1 2 3 1 2 1 3 1
  1 0 0 0 1 1]]
New Clustered Label Sequence: [33, 1, 17, 0, 2, 3, 4, 5, 6, 7, 8, 9, 10, 11, 12, 13, 14, 15, 16, 18, 19, 20, 21, 22, 23, 24, 25, 26, 27, 28, 29, 30, 31, 32, 34, 35, 36, 37, 38, 39, 40, 41, 42, 43, 44, 45, 46, 47, 48, 49, 50, 51, 52, 53, 54, 55, 56, 57, 58, 59, 60, 61, 62, 63, 64, 65, 66, 67, 68, 69, 70, 71, 72, 73, 74, 75, 76, 77]
Diagonal_Elements: [6, 6, 8], Sum: 20
All_Elements: [6, 0, 0, 0, 3, 0, 0, 1, 1, 0, 3, 0, 0, 0, 0, 0, 2, 0, 2, 0, 0, 1, 2, 0, 0, 0, 2, 0, 0, 0, 0, 3, 1, 1, 0, 0, 0, 0, 1, 1, 0, 3, 0, 4, 4, 0, 0, 1, 0, 1, 2, 2, 0, 2, 2, 0, 2, 6, 1, 2, 5, 3, 0, 0, 5, 3, 4, 1, 2, 4, 1, 1, 0, 1, 1, 2, 0, 0, 0, 6, 0, 0, 0, 5, 0, 0, 1, 2, 0, 0, 2, 5, 0, 0, 0, 0, 0, 0, 4, 0, 0, 0, 0, 0, 0, 1, 2, 2, 5, 0, 4, 0, 2, 2, 0, 3, 0, 6, 3, 0, 1, 0, 0, 3, 0, 0, 3, 0, 1, 1, 5, 2, 0, 2, 2, 1, 3, 3, 1, 3, 1, 3, 2, 1, 2, 1, 4, 2, 1, 0, 1, 2, 2, 1, 0, 0, 0, 0, 8, 2, 0, 0, 7, 0, 0, 0, 0, 5, 0, 0, 1, 2, 0, 2, 0, 1, 0, 0, 0, 4, 5, 5, 0, 0, 0, 0, 0, 0, 0, 0, 0, 1, 1, 0, 1, 1, 0, 0, 0, 0, 0, 1, 1, 0, 0, 5, 3, 1, 2, 2, 7, 3, 0, 0, 0, 1, 1, 1, 4, 1, 1, 2, 3, 1, 2, 1, 3, 1, 1, 0, 0, 0, 1, 1], Sum: 300
Accuracy: 0.06666666666666667
