Experiment_path: AE_Model_1/Random_Seeds//V2/Experiment_02_2
Dataset_Path: ../_00_Datasets/03_SimDaten_Quiroga2020/C_Difficult2_noise015.mat
Dataset_name: ['03_SimDaten_Quiroga2020', 'C_Difficult2_noise015.mat']
Variant_name: Variant_02_Autoencoder_KMeans
Visualisation_Path: Random_Seeds//V2/Experiment_02_2/C_Difficult2_noise015.mat/Variant_02_Autoencoder_KMeans/2023_04_15-12_37_26
<_01_LoadDataset.ExternCode.spike_class.spike_dataclass object at 0x00000289CAC4E6D8>
Sampling rate: 24000.0
Raw: [-0.05565321 -0.04571496 -0.03115923 ...  0.1473638   0.13534729
  0.111692  ]
Times: [    418     529    1030 ... 1439028 1439080 1439623]
Cluster: [2 3 2 ... 3 1 3]
Number of different clusters:  3
Number of Spikes: 3440
First aligned Spike Frame: [-0.17099344 -0.1945709  -0.20692804 -0.21224585 -0.21123273 -0.19839621
 -0.16928805 -0.13455314 -0.10755804 -0.09418858 -0.09168847 -0.09014646
 -0.07785681 -0.05220219 -0.010559    0.05141874  0.13325345  0.23429051
  0.3635645   0.52201137  0.68833941  0.84629252  0.96368446  0.9673675
  0.80566127  0.51814506  0.20703252 -0.04483802 -0.21878317 -0.33306068
 -0.39936966 -0.41844164 -0.40822894 -0.3999483  -0.40801198 -0.43204789
 -0.46902504 -0.51735316 -0.56113271 -0.57967205 -0.56696316 -0.53144438
 -0.47215401 -0.37953885 -0.25698053 -0.12693248 -0.00995817]
Cluster 0, Occurrences: 1142
Cluster 1, Occurrences: 1113
Cluster 2, Occurrences: 1185
<torch.utils.data.dataloader.DataLoader object at 0x00000289CEBAAE80>
Epoch [1/8]: mean_loss=0.0003209844274922859
Epoch [2/8]: mean_loss=0.00018169713249906552
Epoch [3/8]: mean_loss=0.00017454919532526199
Epoch [4/8]: mean_loss=0.00017550146920595664
Epoch [5/8]: mean_loss=0.0001773692821125435
Epoch [6/8]: mean_loss=0.0001777380896423575
Epoch [7/8]: mean_loss=0.00017823530049713025
Epoch [8/8]: mean_loss=0.0001781724171366456
Number of Clusters: 3
Number of Samples after Autoencoder testing: 3440
First Spike after testing: [-0.38994497  0.859639  ]
[1 2 1 ... 2 0 2]
[1 2 1 ... 2 0 2]
Cluster 0 Occurrences: 1142; KMEANS: 1180
Cluster 1 Occurrences: 1113; KMEANS: 1116
Cluster 2 Occurrences: 1185; KMEANS: 1144
Centroids: [[0.36227748, -0.86166835], [-0.50234884, 0.79249054], [-0.023706963, -0.33332613]]
Centroids: [[0.39758503, -0.88232756], [-0.51662934, 0.8099599], [-0.05776062, -0.31446108]]
Contingency Matrix: 
[[1041    9   92]
 [  12 1097    4]
 [ 127   10 1048]]
[[1041, 9, 92], [12, 1097, 4], [127, 10, 1048]]
[[1041, 9, 92], [12, 1097, 4], [127, 10, 1048]]
[0, 1, 2]
[[1041, -1, 92], [-1, -1, -1], [127, -1, 1048]]
[[1041, -1, -1], [-1, -1, -1], [-1, -1, -1]]
[[-1, -1, -1], [-1, -1, -1], [-1, -1, -1]]
Match_Labels: {1: 1, 2: 2, 0: 0}
New Contingency Matrix: 
[[1041    9   92]
 [  12 1097    4]
 [ 127   10 1048]]
New Clustered Label Sequence: [0, 1, 2]
Diagonal_Elements: [1041, 1097, 1048], Sum: 3186
All_Elements: [1041, 9, 92, 12, 1097, 4, 127, 10, 1048], Sum: 3440
Accuracy: 0.9261627906976744
