Experiment_path: AE_Model_2/Experiment_04
Dataset_Path: ../_00_Datasets/03_SimDaten_Quiroga2020/C_Difficult1_noise010.mat
Dataset_name: ['03_SimDaten_Quiroga2020', 'C_Difficult1_noise010.mat']
Variant_name: Variant_04_Offline_Autoencoder_QLearning
Visualisation_Path: Grid_Search_PC//V4/C_Difficult1_noise010.mat/Variant_04_Offline_Autoencoder_QLearning/2023_04_21-01_59_11
Punishment_Coefficient: 0.2
<_01_LoadDataset.ExternCode.spike_class.spike_dataclass object at 0x000001E928304748>
Sampling rate: 24000.0
Raw: [-0.08093593 -0.05766541 -0.01986255 ... -0.05525448 -0.03568967
 -0.02908211]
Times: [   1054    1166    1249 ... 1439165 1439229 1439456]
Cluster: [3 3 3 ... 2 1 3]
Number of different clusters:  3
Number of Spikes: 3448
First aligned Spike Frame: [-4.79707202e-02 -8.83141277e-02 -1.14477415e-01 -1.20070620e-01
 -1.07771810e-01 -8.38316152e-02 -5.31944576e-02 -2.65798100e-02
 -6.71143520e-03  2.42590968e-02  6.29914810e-02  1.33638321e-01
  3.34948892e-01  7.06515114e-01  1.07966210e+00  1.10962398e+00
  6.55362247e-01 -7.19265760e-04 -4.64310305e-01 -6.23655437e-01
 -6.27154873e-01 -6.07058236e-01 -5.79298390e-01 -5.10136794e-01
 -4.12813198e-01 -3.36153681e-01 -2.86889156e-01 -2.38391657e-01
 -1.98571332e-01 -1.83172365e-01 -1.85707124e-01 -1.94134424e-01
 -2.08249204e-01 -2.33590971e-01 -2.49276546e-01 -2.46246400e-01
 -2.44939654e-01 -2.59799331e-01 -2.74706204e-01 -2.68658955e-01
 -2.53059716e-01 -2.46742300e-01 -2.46057086e-01 -2.38944634e-01
 -2.31254619e-01 -2.20748865e-01 -1.79535377e-01]
Cluster 0, Occurrences: 1164
Cluster 1, Occurrences: 1155
Cluster 2, Occurrences: 1129
Train Index: 3103
x_train: 3103
y_train: 3103
x_test: 345
y_test: 345
<torch.utils.data.dataloader.DataLoader object at 0x000001E929044358>
<torch.utils.data.dataloader.DataLoader object at 0x000001E929044400>
Epoch [1/8]: mean_loss=0.0002696796965971709
Epoch [2/8]: mean_loss=0.00015461140254028008
Epoch [3/8]: mean_loss=0.00015227201875254794
Epoch [4/8]: mean_loss=0.00015181963038764343
Epoch [5/8]: mean_loss=0.00015169990756508424
Epoch [6/8]: mean_loss=0.0001512075634958367
Epoch [7/8]: mean_loss=0.0001504914590859587
Epoch [8/8]: mean_loss=0.00014982113497325137
Number of Clusters: 3
Number of Samples after Autoencoder testing: 345
First Spike after testing: [-0.31349212 -0.7572937 ]
[0, 0, 1, 0, 1, 0, 0, 1, 2, 2, 1, 0, 0, 2, 1, 1, 1, 0, 2, 0, 0, 1, 1, 0, 2, 2, 1, 0, 2, 1, 0, 0, 1, 2, 0, 0, 0, 0, 1, 1, 1, 2, 1, 2, 0, 2, 1, 2, 2, 0, 0, 2, 2, 2, 0, 1, 2, 1, 1, 2, 0, 0, 2, 1, 0, 1, 0, 2, 1, 0, 2, 0, 0, 2, 0, 1, 0, 2, 1, 0, 0, 0, 0, 1, 0, 0, 0, 0, 0, 2, 0, 2, 1, 1, 2, 1, 1, 2, 2, 0, 1, 1, 0, 1, 1, 1, 2, 1, 0, 2, 1, 2, 1, 2, 1, 0, 1, 1, 2, 2, 0, 1, 2, 1, 2, 1, 2, 0, 2, 2, 1, 2, 2, 0, 2, 1, 0, 1, 2, 1, 0, 2, 0, 1, 1, 0, 2, 0, 1, 2, 2, 0, 2, 0, 2, 0, 0, 2, 1, 1, 2, 1, 2, 2, 0, 1, 1, 2, 0, 1, 1, 0, 0, 1, 1, 2, 1, 0, 1, 1, 0, 2, 0, 2, 1, 2, 0, 2, 2, 1, 2, 1, 0, 0, 1, 0, 0, 1, 1, 1, 1, 1, 0, 2, 1, 2, 0, 2, 0, 1, 2, 2, 1, 2, 0, 2, 1, 2, 0, 1, 1, 1, 2, 0, 1, 2, 1, 0, 1, 2, 1, 2, 1, 0, 0, 2, 1, 1, 0, 1, 1, 2, 2, 0, 0, 2, 0, 1, 1, 0, 1, 2, 1, 2, 2, 2, 2, 0, 0, 1, 2, 0, 2, 2, 0, 0, 2, 2, 0, 1, 0, 2, 0, 1, 0, 0, 1, 0, 2, 1, 2, 2, 2, 1, 2, 2, 1, 0, 1, 1, 1, 1, 0, 2, 0, 1, 1, 0, 1, 1, 0, 0, 0, 2, 0, 2, 2, 1, 0, 2, 1, 2, 1, 2, 1, 0, 1, 0, 0, 2, 1, 0, 1, 1, 1, 2, 0, 2, 0, 1, 0, 2, 1, 0, 2, 2, 0, 2, 0, 0, 0, 0, 1, 0, 2]
[0, 1, 2, 1, 2, 1, 1, 2, 3, 2, 4, 5, 5, 3, 3, 2, 4, 6, 3, 1, 1, 2, 7, 6, 3, 8, 9, 1, 3, 4, 1, 1, 2, 6, 1, 6, 1, 1, 2, 2, 4, 3, 4, 4, 1, 3, 3, 4, 3, 1, 9, 9, 9, 3, 1, 2, 8, 2, 2, 9, 0, 9, 8, 2, 1, 2, 1, 8, 2, 1, 8, 6, 1, 8, 1, 10, 0, 9, 2, 1, 1, 1, 1, 2, 9, 10, 1, 9, 1, 3, 1, 8, 4, 2, 3, 2, 2, 3, 8, 1, 2, 11, 1, 2, 2, 11, 8, 2, 1, 9, 2, 9, 11, 8, 2, 1, 4, 4, 3, 3, 1, 9, 8, 9, 8, 10, 3, 1, 8, 8, 4, 9, 8, 1, 8, 2, 1, 2, 8, 4, 1, 9, 1, 11, 11, 1, 8, 1, 2, 8, 3, 1, 9, 1, 9, 10, 10, 3, 2, 11, 4, 2, 8, 8, 1, 2, 11, 3, 0, 2, 11, 6, 5, 9, 2, 3, 4, 12, 2, 4, 10, 3, 1, 12, 2, 8, 9, 3, 9, 8, 9, 2, 1, 1, 2, 1, 1, 4, 4, 11, 2, 4, 10, 9, 2, 8, 1, 4, 1, 2, 3, 8, 4, 3, 1, 3, 11, 8, 10, 10, 11, 2, 13, 13, 2, 8, 4, 0, 4, 9, 2, 8, 11, 5, 1, 9, 4, 4, 1, 4, 11, 8, 8, 0, 1, 3, 1, 10, 11, 5, 11, 8, 2, 13, 8, 8, 3, 6, 0, 9, 3, 5, 9, 8, 1, 10, 8, 8, 5, 2, 9, 3, 5, 4, 1, 1, 8, 10, 3, 14, 8, 2, 8, 4, 3, 8, 2, 1, 2, 2, 2, 4, 1, 8, 0, 4, 1, 10, 10, 11, 12, 0, 5, 9, 10, 13, 3, 4, 5, 9, 10, 8, 4, 9, 4, 1, 2, 1, 1, 9, 2, 10, 2, 2, 11, 13, 15, 3, 12, 4, 12, 8, 10, 9, 8, 9, 1, 9, 1, 1, 1, 10, 11, 1, 8]
Centroids: [[-0.741462, -0.4375899], [-1.0799478, 0.319858], [-1.4496698, -0.22052662]]
Centroids: [[-0.36778253, -0.7169602], [-0.76150143, -0.42574447], [-1.0231044, 0.28307566], [-1.4525946, -0.44982392], [-1.3167392, 0.37626836], [-0.41818666, -0.28848678], [-0.8470115, -0.9636826], [-1.4836218, 0.906549], [-1.563132, -0.10245655], [-1.1855111, -0.13733785], [-0.7537036, -0.029965099], [-0.95467865, 0.58799], [-1.014746, -0.61671317], [-1.7016903, -0.5160776], [-0.51946604, 0.5766807], [-1.226241, -1.3841301]]
Contingency Matrix: 
[[ 9 67  0  0  0 10  6  0  0  7 12  0  4  1  0  1]
 [ 0  1 53  2 29  0  0  1  2  5  7 18  0  0  1  0]
 [ 0  0  2 32  4  0  1  0 43 22  0  0  1  4  0  0]]
[[9, 67, 0, 0, 0, 10, 6, 0, 0, 7, 12, 0, 4, 1, 0, 1], [0, 1, 53, 2, 29, 0, 0, 1, 2, 5, 7, 18, 0, 0, 1, 0], [0, 0, 2, 32, 4, 0, 1, 0, 43, 22, 0, 0, 1, 4, 0, 0]]
[[9, 67, 0, 0, 0, 10, 6, 0, 0, 7, 12, 0, 4, 1, 0, 1], [0, 1, 53, 2, 29, 0, 0, 1, 2, 5, 7, 18, 0, 0, 1, 0], [0, 0, 2, 32, 4, 0, 1, 0, 43, 22, 0, 0, 1, 4, 0, 0]]
[0, 1, 2, 3, 4, 5, 6, 7, 8, 9, 10, 11, 12, 13, 14, 15]
[[-1, -1, -1, -1, -1, -1, -1, -1, -1, -1, -1, -1, -1, -1, -1, -1], [0, -1, 53, 2, 29, 0, 0, 1, 2, 5, 7, 18, 0, 0, 1, 0], [0, -1, 2, 32, 4, 0, 1, 0, 43, 22, 0, 0, 1, 4, 0, 0]]
[[-1, -1, -1, -1, -1, -1, -1, -1, -1, -1, -1, -1, -1, -1, -1, -1], [-1, -1, -1, -1, -1, -1, -1, -1, -1, -1, -1, -1, -1, -1, -1, -1], [0, -1, -1, 32, 4, 0, 1, 0, 43, 22, 0, 0, 1, 4, 0, 0]]
[[-1, -1, -1, -1, -1, -1, -1, -1, -1, -1, -1, -1, -1, -1, -1, -1], [-1, -1, -1, -1, -1, -1, -1, -1, -1, -1, -1, -1, -1, -1, -1, -1], [-1, -1, -1, -1, -1, -1, -1, -1, -1, -1, -1, -1, -1, -1, -1, -1]]
Match_Labels: {0: 1, 1: 2, 2: 8}
New Contingency Matrix: 
[[67  0  0  9  0  0 10  6  0  7 12  0  4  1  0  1]
 [ 1 53  2  0  2 29  0  0  1  5  7 18  0  0  1  0]
 [ 0  2 43  0 32  4  0  1  0 22  0  0  1  4  0  0]]
New Clustered Label Sequence: [1, 2, 8, 0, 3, 4, 5, 6, 7, 9, 10, 11, 12, 13, 14, 15]
Diagonal_Elements: [67, 53, 43], Sum: 163
All_Elements: [67, 0, 0, 9, 0, 0, 10, 6, 0, 7, 12, 0, 4, 1, 0, 1, 1, 53, 2, 0, 2, 29, 0, 0, 1, 5, 7, 18, 0, 0, 1, 0, 0, 2, 43, 0, 32, 4, 0, 1, 0, 22, 0, 0, 1, 4, 0, 0], Sum: 345
Accuracy: 0.47246376811594204
