Seed: 5
Experiment_path: Random_Seeds_DV5//V5_1/Experiment_05_5_opt
Dataset_Path: ../_00_Datasets/03_SimDaten_Quiroga2020/C_Burst_Easy2_noise015.mat
Dataset_name: ['03_SimDaten_Quiroga2020', 'C_Burst_Easy2_noise015.mat']
Variant_name: Variant_05_Online_Autoencoder_QLearning_opt
Visualisation_Path: Random_Seeds_DV5//V5_1/Experiment_05_5_opt/C_Burst_Easy2_noise015.mat/Variant_05_Online_Autoencoder_QLearning_opt/2023_04_05-09_48_18
Normalisation: False
Template Matching: False
Optimising Autoencoder: True
Update Factor: 100
Noisy Batches: False
Noisy Factor: 0.1
Epochs: 8
Batch Size: 1
maximal Spikes for Autoencoder Training : 700
maximal Spikes for Training: 1000
Input Size: 47
Chosen Model: Autoencoder
Autoencoder(
  (encoder): Sequential(
    (0): Linear(in_features=47, out_features=12, bias=True)
    (1): LeakyReLU(negative_slope=0.01)
    (2): Linear(in_features=12, out_features=2, bias=True)
  )
  (decoder): Sequential(
    (0): Linear(in_features=2, out_features=12, bias=True)
    (1): LeakyReLU(negative_slope=0.01)
    (2): Linear(in_features=12, out_features=47, bias=True)
  )
)
MSELoss()
Adam (
Parameter Group 0
    amsgrad: False
    betas: (0.9, 0.999)
    capturable: False
    differentiable: False
    eps: 1e-08
    foreach: None
    fused: False
    lr: 0.001
    maximize: False
    weight_decay: 0
)
---Q Learning Parameters---
Normalisation: False
Punishment Coefficient: 0.56
Alpha: 0.8
Epsilon: 0.01
Gamma: 0.97
Initial Episode Number: 0
Episode Number Coefficient: 1.4
Number of Random Features: 20
Planning Number: 20
Max Random Features: 60
New Episode Number: 72
New Episode Number: 143
New Episode Number: 215
New Episode Number: 286
New Episode Number: 358
New Episode Number: 429
New Episode Number: 500
                 0      1      2      3      4      5      6      7
new_cluster -14.46 -21.89 -15.69 -13.62 -20.21 -26.18 -14.08 -22.74
c1          -14.46 -22.13 -16.10 -13.48 -19.25 -26.82 -14.02 -22.74
c2          -14.46 -22.64 -16.04 -13.63 -19.87 -26.28 -14.06 -22.75
c3          -14.49 -22.56 -15.86 -13.65 -20.01 -26.81 -14.04 -22.36
c4          -14.47 -22.11 -16.13 -13.58 -20.07 -26.25 -14.00 -23.46
c5          -14.50 -21.89 -15.58 -13.53 -19.80 -25.66 -14.14 -22.74
c6          -14.47 -21.79 -15.97 -14.03 -19.86 -25.55 -14.20 -22.93
c7          -14.63 -22.41 -15.56 -13.63 -19.67 -26.63 -14.08 -23.45
                                0            1  ...            6             7
new_cluster  [-1.25, new_cluster]  [-8.81, c1]  ...  [-0.48, c6]   [-9.52, c7]
c1           [-1.25, new_cluster]  [-8.93, c1]  ...  [-0.42, c6]   [-9.52, c7]
c2           [-1.25, new_cluster]  [-9.38, c1]  ...  [-0.46, c6]   [-9.52, c7]
c3           [-1.25, new_cluster]  [-9.37, c1]  ...  [-0.44, c6]   [-9.01, c7]
c4           [-1.25, new_cluster]  [-9.04, c1]  ...  [-0.39, c6]  [-10.23, c7]
c5           [-1.25, new_cluster]  [-8.63, c1]  ...  [-0.59, c6]   [-9.52, c7]
c6           [-1.25, new_cluster]  [-8.61, c1]  ...  [-0.59, c6]    [-9.7, c7]
c7           [-1.25, new_cluster]  [-9.22, c1]  ...  [-0.48, c6]  [-10.23, c7]

[8 rows x 8 columns]
