Seed: 0
Experiment_path: AE_Model_2/Reduce_Training//V5_10/Experiment_05
Dataset_Path: ../_00_Datasets/03_SimDaten_Quiroga2020/C_Easy2_noise005.mat
Dataset_name: ['03_SimDaten_Quiroga2020', 'C_Easy2_noise005.mat']
Variant_name: Variant_05_Online_Autoencoder_QLearning
Visualisation_Path: AE_Model_2/Reduce_Training//V5_10/Experiment_05/C_Easy2_noise005.mat/Variant_05_Online_Autoencoder_QLearning/0.4
Normalisation: False
Template Matching: False
Optimising Autoencoder: False
Update Factor: 1
Noisy Batches: False
Noisy Factor: 0.001
Epochs: 8
Batch Size: 1
maximal Spikes for Autoencoder Training : 10
maximal Spikes for Training: 310
Input Size: 47
Chosen Model: Convolutional Autoencoder
ConvolutionalAutoencoder(
  (encoder): Sequential(
    (0): Conv1d(1, 6, kernel_size=(6,), stride=(1,))
    (1): LeakyReLU(negative_slope=0.01)
    (2): Conv1d(6, 1, kernel_size=(6,), stride=(1,))
    (3): Flatten(start_dim=1, end_dim=-1)
    (4): Linear(in_features=37, out_features=2, bias=True)
  )
  (decoder): Sequential(
    (0): ConvTranspose1d(1, 6, kernel_size=(6,), stride=(1,))
    (1): LeakyReLU(negative_slope=0.01)
    (2): ConvTranspose1d(6, 1, kernel_size=(6,), stride=(1,))
    (3): Flatten(start_dim=1, end_dim=-1)
    (4): Linear(in_features=12, out_features=47, bias=True)
  )
)
MSELoss()
Adam (
Parameter Group 0
    amsgrad: False
    betas: (0.9, 0.999)
    capturable: False
    differentiable: False
    eps: 1e-08
    foreach: None
    fused: False
    lr: 0.001
    maximize: False
    weight_decay: 0
)
---Q Learning Parameters---
Normalisation: False
Punishment Coefficient: 0.4
Alpha: 0.8
Epsilon: 0.01
Gamma: 0.97
Initial Episode Number: 0
Episode Number Coefficient: 1.4
Number of Random Features: 20
Planning Number: 20
Max Random Features: 60
New Episode Number: 72
New Episode Number: 143
                0     1     2
new_cluster -1.53 -1.11 -0.91
c1          -1.53 -1.08 -0.90
c2          -1.53 -1.09 -0.91
\begin{tabular}{lrrr}
\toprule
{} &     0 &     1 &     2 \\
\midrule
new\_cluster & -1.53 & -1.11 & -0.91 \\
c1          & -1.53 & -1.08 & -0.90 \\
c2          & -1.53 & -1.09 & -0.91 \\
\bottomrule
\end{tabular}

                                0            1            2
new_cluster  [-0.64, new_cluster]  [-0.25, c1]  [-0.03, c2]
c1           [-0.64, new_cluster]  [-0.22, c1]  [-0.02, c2]
c2           [-0.64, new_cluster]  [-0.23, c1]  [-0.04, c2]
\begin{tabular}{llll}
\toprule
{} &                     0 &            1 &            2 \\
\midrule
new\_cluster &  [-0.64, new\_cluster] &  [-0.25, c1] &  [-0.03, c2] \\
c1          &  [-0.64, new\_cluster] &  [-0.22, c1] &  [-0.02, c2] \\
c2          &  [-0.64, new\_cluster] &  [-0.23, c1] &  [-0.04, c2] \\
\bottomrule
\end{tabular}

