Experiment_path: AE_Model_2/Epochs_2_4_6_8_20/04_Experiment_05_Epochs
Dataset_Path: ../_00_Datasets/03_SimDaten_Quiroga2020/C_Difficult1_noise015.mat
Dataset_name: ['03_SimDaten_Quiroga2020', 'C_Difficult1_noise015.mat']
Variant_name: Variant_05_Epochs_4
Visualisation_Path: AE_Model_2/Epochs_2_4_6_8_20/04_Experiment_05_Epochs/C_Difficult1_noise015.mat/V05_Online_AE_QL/2023_05_11-01_08_25
Punishment_Coefficient: 1.3
<_01_LoadDataset.ExternCode.spike_class.spike_dataclass object at 0x000001F417C56AC8>
Sampling rate: 24000.0
Raw: [ 0.04887081  0.02693095 -0.0154249  ... -0.09301659 -0.11629005
 -0.14613101]
Times: [    340     491     641 ... 1439047 1439065 1439816]
Cluster: [1 1 1 ... 3 2 2]
Number of different clusters:  3
Number of Spikes: 3472
First aligned Spike Frame: [ 0.12751554  0.12305882  0.10482977  0.09479529  0.10214978  0.11675932
  0.11777927  0.09307299  0.04670706 -0.00574343 -0.06143573 -0.14637617
 -0.20942665 -0.00208103  0.52241508  0.81651544  0.46446121 -0.19226425
 -0.60927882 -0.6713583  -0.57871227 -0.49011309 -0.4269388  -0.3668903
 -0.30523219 -0.24747124 -0.19738203 -0.15189972 -0.10449507 -0.05533325
 -0.01452429  0.01008816  0.02570853  0.04365027  0.06334113  0.07980397
  0.08484457  0.07688513  0.06142919  0.04320028  0.02240626  0.00477291
 -0.00393242 -0.00135684  0.00575182  0.0026944  -0.01541647]
Cluster 0, Occurrences: 1159
Cluster 1, Occurrences: 1172
Cluster 2, Occurrences: 1141
Number of Clusters: 3
Online_Training [1/700]: mean_loss=0.09564659371972084
Online_Training [2/700]: mean_loss=0.10580616816878319
Online_Training [3/700]: mean_loss=0.10290964506566525
Online_Training [4/700]: mean_loss=0.08117412962019444
Online_Training [5/700]: mean_loss=0.09766402840614319
Online_Training [6/700]: mean_loss=0.09349142573773861
Online_Training [7/700]: mean_loss=0.08390567265450954
Online_Training [8/700]: mean_loss=0.15127156302332878
Online_Training [9/700]: mean_loss=0.11763037368655205
Online_Training [10/700]: mean_loss=0.14349760115146637
Online_Training [11/700]: mean_loss=0.08260620757937431
Online_Training [12/700]: mean_loss=0.1904914788901806
Online_Training [13/700]: mean_loss=0.07481983490288258
Online_Training [14/700]: mean_loss=0.09840800799429417
Online_Training [15/700]: mean_loss=0.1905720978975296
Online_Training [16/700]: mean_loss=0.04256097786128521
Online_Training [17/700]: mean_loss=0.05173167120665312
Online_Training [18/700]: mean_loss=0.08174542896449566
Online_Training [19/700]: mean_loss=0.05766276549547911
Online_Training [20/700]: mean_loss=0.08461169339716434
Online_Training [21/700]: mean_loss=0.12032866105437279
Online_Training [22/700]: mean_loss=0.05921162944287062
Online_Training [23/700]: mean_loss=0.06622257269918919
Online_Training [24/700]: mean_loss=0.06233081687241793
Online_Training [25/700]: mean_loss=0.048863633535802364
Online_Training [26/700]: mean_loss=0.0327984276227653
Online_Training [27/700]: mean_loss=0.024953266605734825
Online_Training [28/700]: mean_loss=0.024952224921435118
Online_Training [29/700]: mean_loss=0.08564000204205513
Online_Training [30/700]: mean_loss=0.05614992883056402
Online_Training [31/700]: mean_loss=0.12952358275651932
Online_Training [32/700]: mean_loss=0.06255348306149244
Online_Training [33/700]: mean_loss=0.0336273405700922
Online_Training [34/700]: mean_loss=0.02190894214436412
Online_Training [35/700]: mean_loss=0.0158905191347003
Online_Training [36/700]: mean_loss=0.09245733916759491
Online_Training [37/700]: mean_loss=0.03152107913047075
Online_Training [38/700]: mean_loss=0.025818706955760717
Online_Training [39/700]: mean_loss=0.0640863124281168
Online_Training [40/700]: mean_loss=0.022638803347945213
Online_Training [41/700]: mean_loss=0.06883544288575649
Online_Training [42/700]: mean_loss=0.031048181001096964
Online_Training [43/700]: mean_loss=0.031629262026399374
Online_Training [44/700]: mean_loss=0.014904398703947663
Online_Training [45/700]: mean_loss=0.009996216278523207
Online_Training [46/700]: mean_loss=0.02860359800979495
Online_Training [47/700]: mean_loss=0.021352187264710665
Online_Training [48/700]: mean_loss=0.03741821926087141
Online_Training [49/700]: mean_loss=0.0049299647798761725
Online_Training [50/700]: mean_loss=0.03941219113767147
Online_Training [51/700]: mean_loss=0.04771454632282257
Online_Training [52/700]: mean_loss=0.10028651356697083
Online_Training [53/700]: mean_loss=0.01143117737956345
Online_Training [54/700]: mean_loss=0.010397756937891245
Online_Training [55/700]: mean_loss=0.028290194924920797
Online_Training [56/700]: mean_loss=0.07647529803216457
Online_Training [57/700]: mean_loss=0.07724556513130665
Online_Training [58/700]: mean_loss=0.054406474344432354
Online_Training [59/700]: mean_loss=0.04760150704532862
Online_Training [60/700]: mean_loss=0.08495870977640152
Online_Training [61/700]: mean_loss=0.0645713834092021
Online_Training [62/700]: mean_loss=0.08691819757223129
Online_Training [63/700]: mean_loss=0.037612625397741795
Online_Training [64/700]: mean_loss=0.02719201985746622
Online_Training [65/700]: mean_loss=0.030186450574547052
Online_Training [66/700]: mean_loss=0.0253774244338274
Online_Training [67/700]: mean_loss=0.061545198783278465
Online_Training [68/700]: mean_loss=0.022810774389654398
Online_Training [69/700]: mean_loss=0.020992760080844164
Online_Training [70/700]: mean_loss=0.0629058750346303
Online_Training [71/700]: mean_loss=0.07871252857148647
Online_Training [72/700]: mean_loss=0.02733067562803626
Online_Training [73/700]: mean_loss=0.03840494900941849
Online_Training [74/700]: mean_loss=0.048902385868132114
Online_Training [75/700]: mean_loss=0.04056854639202356
Online_Training [76/700]: mean_loss=0.03108863066881895
Online_Training [77/700]: mean_loss=0.03729322552680969
Online_Training [78/700]: mean_loss=0.051483930088579655
Online_Training [79/700]: mean_loss=0.017433536238968372
Online_Training [80/700]: mean_loss=0.01829764014109969
Online_Training [81/700]: mean_loss=0.07257856614887714
Online_Training [82/700]: mean_loss=0.048659797757864
Online_Training [83/700]: mean_loss=0.03876196779310703
Online_Training [84/700]: mean_loss=0.03331552166491747
Online_Training [85/700]: mean_loss=0.014812499284744263
Online_Training [86/700]: mean_loss=0.03956977091729641
Online_Training [87/700]: mean_loss=0.15929262712597847
Online_Training [88/700]: mean_loss=0.12653913721442223
Online_Training [89/700]: mean_loss=0.025607227347791195
Online_Training [90/700]: mean_loss=0.015870686387643218
Online_Training [91/700]: mean_loss=0.01427806867286563
Online_Training [92/700]: mean_loss=0.09021245315670967
Online_Training [93/700]: mean_loss=0.031355063896626234
Online_Training [94/700]: mean_loss=0.030117213260382414
Online_Training [95/700]: mean_loss=0.040107669308781624
Online_Training [96/700]: mean_loss=0.029784201178699732
Online_Training [97/700]: mean_loss=0.03873903676867485
Online_Training [98/700]: mean_loss=0.02647002274170518
Online_Training [99/700]: mean_loss=0.06214987765997648
Online_Training [100/700]: mean_loss=0.021129517816007137
Online_Training [101/700]: mean_loss=0.029702510219067335
Online_Training [102/700]: mean_loss=0.04060313943773508
Online_Training [103/700]: mean_loss=0.009632663102820516
Online_Training [104/700]: mean_loss=0.0674850158393383
Online_Training [105/700]: mean_loss=0.05307384021580219
Online_Training [106/700]: mean_loss=0.06818859279155731
Online_Training [107/700]: mean_loss=0.03418290801346302
Online_Training [108/700]: mean_loss=0.027182080782949924
Online_Training [109/700]: mean_loss=0.012736044591292739
Online_Training [110/700]: mean_loss=0.016305457334965467
Online_Training [111/700]: mean_loss=0.030770891346037388
Online_Training [112/700]: mean_loss=0.03916542325168848
Online_Training [113/700]: mean_loss=0.1167633943259716
Online_Training [114/700]: mean_loss=0.07608490623533726
Online_Training [115/700]: mean_loss=0.022483759559690952
Online_Training [116/700]: mean_loss=0.04598535783588886
Online_Training [117/700]: mean_loss=0.023002063389867544
Online_Training [118/700]: mean_loss=0.031075858045369387
Online_Training [119/700]: mean_loss=0.039316573180258274
Online_Training [120/700]: mean_loss=0.010729166911914945
Online_Training [121/700]: mean_loss=0.06894514709711075
Online_Training [122/700]: mean_loss=0.07128307037055492
Online_Training [123/700]: mean_loss=0.02069713268429041
Online_Training [124/700]: mean_loss=0.016326287761330605
Online_Training [125/700]: mean_loss=0.04762216657400131
Online_Training [126/700]: mean_loss=0.1737678200006485
Online_Training [127/700]: mean_loss=0.06246568076312542
Online_Training [128/700]: mean_loss=0.043056655675172806
Online_Training [129/700]: mean_loss=0.045153661631047726
Online_Training [130/700]: mean_loss=0.04995001666247845
Online_Training [131/700]: mean_loss=0.1175660565495491
Online_Training [132/700]: mean_loss=0.13534842804074287
Online_Training [133/700]: mean_loss=0.018914624117314816
Online_Training [134/700]: mean_loss=0.028031301219016314
Online_Training [135/700]: mean_loss=0.08019178360700607
Online_Training [136/700]: mean_loss=0.16412093117833138
Online_Training [137/700]: mean_loss=0.014210019260644913
Online_Training [138/700]: mean_loss=0.06096271611750126
Online_Training [139/700]: mean_loss=0.031257529743015766
Online_Training [140/700]: mean_loss=0.021534370258450508
Online_Training [141/700]: mean_loss=0.03258331771939993
Online_Training [142/700]: mean_loss=0.08575928397476673
Online_Training [143/700]: mean_loss=0.013655351707711816
Online_Training [144/700]: mean_loss=0.017268147319555283
Online_Training [145/700]: mean_loss=0.024461906403303146
Online_Training [146/700]: mean_loss=0.028652639593929052
Online_Training [147/700]: mean_loss=0.016434067860245705
Online_Training [148/700]: mean_loss=0.02504115831106901
Online_Training [149/700]: mean_loss=0.021921658888459206
Online_Training [150/700]: mean_loss=0.02776779793202877
Online_Training [151/700]: mean_loss=0.025986265391111374
Online_Training [152/700]: mean_loss=0.02801286382600665
Online_Training [153/700]: mean_loss=0.0494921775534749
Online_Training [154/700]: mean_loss=0.012572156498208642
Online_Training [155/700]: mean_loss=0.041134645231068134
Online_Training [156/700]: mean_loss=0.04753631353378296
Online_Training [157/700]: mean_loss=0.04168063960969448
Online_Training [158/700]: mean_loss=0.029458063188940287
Online_Training [159/700]: mean_loss=0.025324631948024035
Online_Training [160/700]: mean_loss=0.03993144538253546
Online_Training [161/700]: mean_loss=0.0372702656313777
Online_Training [162/700]: mean_loss=0.05639378819614649
Online_Training [163/700]: mean_loss=0.015538092935457826
Online_Training [164/700]: mean_loss=0.04731047712266445
Online_Training [165/700]: mean_loss=0.03957725130021572
Online_Training [166/700]: mean_loss=0.026581175159662962
Online_Training [167/700]: mean_loss=0.0299855163320899
Online_Training [168/700]: mean_loss=0.03690436948090792
Online_Training [169/700]: mean_loss=0.04754634853452444
Online_Training [170/700]: mean_loss=0.020555969793349504
Online_Training [171/700]: mean_loss=0.02999120019376278
Online_Training [172/700]: mean_loss=0.016975499223917723
Online_Training [173/700]: mean_loss=0.021914279088377953
Online_Training [174/700]: mean_loss=0.028346216306090355
Online_Training [175/700]: mean_loss=0.041122009977698326
Online_Training [176/700]: mean_loss=0.07420526072382927
Online_Training [177/700]: mean_loss=0.016364304814487696
Online_Training [178/700]: mean_loss=0.03421963099390268
Online_Training [179/700]: mean_loss=0.04718062188476324
Online_Training [180/700]: mean_loss=0.017691326793283224
Online_Training [181/700]: mean_loss=0.01623531896620989
Online_Training [182/700]: mean_loss=0.11153637059032917
Online_Training [183/700]: mean_loss=0.010208113584667444
Online_Training [184/700]: mean_loss=0.026950711850076914
Online_Training [185/700]: mean_loss=0.029039844870567322
Online_Training [186/700]: mean_loss=0.028094202745705843
Online_Training [187/700]: mean_loss=0.01864913245663047
Online_Training [188/700]: mean_loss=0.03424731828272343
Online_Training [189/700]: mean_loss=0.031193533912301064
Online_Training [190/700]: mean_loss=0.030339272692799568
Online_Training [191/700]: mean_loss=0.032317060977220535
Online_Training [192/700]: mean_loss=0.013437370304018259
Online_Training [193/700]: mean_loss=0.03030235320329666
Online_Training [194/700]: mean_loss=0.030949585139751434
Online_Training [195/700]: mean_loss=0.03144762339070439
Online_Training [196/700]: mean_loss=0.07433643005788326
Online_Training [197/700]: mean_loss=0.054561746306717396
Online_Training [198/700]: mean_loss=0.03204735182225704
Online_Training [199/700]: mean_loss=0.054794277995824814
Online_Training [200/700]: mean_loss=0.028176319785416126
Online_Training [201/700]: mean_loss=0.011985193006694317
Online_Training [202/700]: mean_loss=0.031821249052882195
Online_Training [203/700]: mean_loss=0.027526220306754112
Online_Training [204/700]: mean_loss=0.01786417793482542
Online_Training [205/700]: mean_loss=0.01918757986277342
Online_Training [206/700]: mean_loss=0.04072235804051161
Online_Training [207/700]: mean_loss=0.01684275409206748
Online_Training [208/700]: mean_loss=0.03442492615431547
Online_Training [209/700]: mean_loss=0.027726024854928255
Online_Training [210/700]: mean_loss=0.04386721644550562
Online_Training [211/700]: mean_loss=0.013928538421168923
Online_Training [212/700]: mean_loss=0.038178177550435066
Online_Training [213/700]: mean_loss=0.015712699852883816
Online_Training [214/700]: mean_loss=0.024007531348615885
Online_Training [215/700]: mean_loss=0.027630419936031103
Online_Training [216/700]: mean_loss=0.033822751604020596
Online_Training [217/700]: mean_loss=0.02371013257652521
Online_Training [218/700]: mean_loss=0.013281140942126513
Online_Training [219/700]: mean_loss=0.013532198732718825
Online_Training [220/700]: mean_loss=0.026762128341943026
Online_Training [221/700]: mean_loss=0.020736084319651127
Online_Training [222/700]: mean_loss=0.022054078057408333
Online_Training [223/700]: mean_loss=0.07675709389150143
Online_Training [224/700]: mean_loss=0.05187429767102003
Online_Training [225/700]: mean_loss=0.01769500132650137
Online_Training [226/700]: mean_loss=0.011464570183306932
Online_Training [227/700]: mean_loss=0.02601292682811618
Online_Training [228/700]: mean_loss=0.11652928590774536
Online_Training [229/700]: mean_loss=0.09391536004841328
Online_Training [230/700]: mean_loss=0.014911121455952525
Online_Training [231/700]: mean_loss=0.027604340575635433
Online_Training [232/700]: mean_loss=0.017445195000618696
Online_Training [233/700]: mean_loss=0.016577668022364378
Online_Training [234/700]: mean_loss=0.06393541768193245
Online_Training [235/700]: mean_loss=0.029373223427683115
Online_Training [236/700]: mean_loss=0.01986980577930808
Online_Training [237/700]: mean_loss=0.021791403647512197
Online_Training [238/700]: mean_loss=0.05099788773804903
Online_Training [239/700]: mean_loss=0.03433301206678152
Online_Training [240/700]: mean_loss=0.018781877122819424
Online_Training [241/700]: mean_loss=0.03863407112658024
Online_Training [242/700]: mean_loss=0.018806459847837687
Online_Training [243/700]: mean_loss=0.020058357156813145
Online_Training [244/700]: mean_loss=0.022790265269577503
Online_Training [245/700]: mean_loss=0.018274856731295586
Online_Training [246/700]: mean_loss=0.026391397695988417
Online_Training [247/700]: mean_loss=0.044428098015487194
Online_Training [248/700]: mean_loss=0.017141586169600487
Online_Training [249/700]: mean_loss=0.0249253548681736
Online_Training [250/700]: mean_loss=0.018305337987840176
Online_Training [251/700]: mean_loss=0.020417626947164536
Online_Training [252/700]: mean_loss=0.0287160761654377
Online_Training [253/700]: mean_loss=0.025178090203553438
Online_Training [254/700]: mean_loss=0.005343633354641497
Online_Training [255/700]: mean_loss=0.03844190016388893
Online_Training [256/700]: mean_loss=0.04602288547903299
Online_Training [257/700]: mean_loss=0.09370732493698597
Online_Training [258/700]: mean_loss=0.1148756556212902
Online_Training [259/700]: mean_loss=0.08921965397894382
Online_Training [260/700]: mean_loss=0.05437198095023632
Online_Training [261/700]: mean_loss=0.008866521529853344
Online_Training [262/700]: mean_loss=0.012058753985911608
Online_Training [263/700]: mean_loss=0.13258862867951393
Online_Training [264/700]: mean_loss=0.07498720660805702
Online_Training [265/700]: mean_loss=0.05636861082166433
Online_Training [266/700]: mean_loss=0.046138099394738674
Online_Training [267/700]: mean_loss=0.033202387392520905
Online_Training [268/700]: mean_loss=0.020642121322453022
Online_Training [269/700]: mean_loss=0.03416287526488304
Online_Training [270/700]: mean_loss=0.01781948981806636
Online_Training [271/700]: mean_loss=0.029052621219307184
Online_Training [272/700]: mean_loss=0.012327275006100535
Online_Training [273/700]: mean_loss=0.009631763212382793
Online_Training [274/700]: mean_loss=0.08997994661331177
Online_Training [275/700]: mean_loss=0.06083730794489384
Online_Training [276/700]: mean_loss=0.04547690786421299
Online_Training [277/700]: mean_loss=0.024344691541045904
Online_Training [278/700]: mean_loss=0.0458341958001256
Online_Training [279/700]: mean_loss=0.055445888079702854
Online_Training [280/700]: mean_loss=0.025983627885580063
Online_Training [281/700]: mean_loss=0.18164198845624924
Online_Training [282/700]: mean_loss=0.17997514083981514
Online_Training [283/700]: mean_loss=0.12652216479182243
Online_Training [284/700]: mean_loss=0.028506747912615538
Online_Training [285/700]: mean_loss=0.04694168362766504
Online_Training [286/700]: mean_loss=0.03845008183270693
Online_Training [287/700]: mean_loss=0.0547656174749136
Online_Training [288/700]: mean_loss=0.024667102843523026
Online_Training [289/700]: mean_loss=0.029984334949404
Online_Training [290/700]: mean_loss=0.01885277032852173
Online_Training [291/700]: mean_loss=0.1107846237719059
Online_Training [292/700]: mean_loss=0.026279321406036615
Online_Training [293/700]: mean_loss=0.02095811814069748
Online_Training [294/700]: mean_loss=0.012405723566189408
Online_Training [295/700]: mean_loss=0.04523147735744715
Online_Training [296/700]: mean_loss=0.024575128685683012
Online_Training [297/700]: mean_loss=0.03615105990320444
Online_Training [298/700]: mean_loss=0.009294377407059073
Online_Training [299/700]: mean_loss=0.014334674924612045
Online_Training [300/700]: mean_loss=0.01776031544432044
Online_Training [301/700]: mean_loss=0.022764743771404028
Online_Training [302/700]: mean_loss=0.015279348473995924
Online_Training [303/700]: mean_loss=0.009882500395178795
Online_Training [304/700]: mean_loss=0.03136919066309929
Online_Training [305/700]: mean_loss=0.0284334784373641
Online_Training [306/700]: mean_loss=0.024169401731342077
Online_Training [307/700]: mean_loss=0.024880456272512674
Online_Training [308/700]: mean_loss=0.03535467479377985
Online_Training [309/700]: mean_loss=0.010011005215346813
Online_Training [310/700]: mean_loss=0.026888692751526833
Online_Training [311/700]: mean_loss=0.04441863391548395
Online_Training [312/700]: mean_loss=0.0317958309315145
Online_Training [313/700]: mean_loss=0.03634922485798597
Online_Training [314/700]: mean_loss=0.031089012045413256
Online_Training [315/700]: mean_loss=0.01969452016055584
Online_Training [316/700]: mean_loss=0.01885921135544777
Online_Training [317/700]: mean_loss=0.06309878453612328
Online_Training [318/700]: mean_loss=0.027489522006362677
Online_Training [319/700]: mean_loss=0.016785213258117437
Online_Training [320/700]: mean_loss=0.01903989864513278
Online_Training [321/700]: mean_loss=0.038916854187846184
Online_Training [322/700]: mean_loss=0.04445171821862459
Online_Training [323/700]: mean_loss=0.008074089419096708
Online_Training [324/700]: mean_loss=0.011543830623850226
Online_Training [325/700]: mean_loss=0.023814559914171696
Online_Training [326/700]: mean_loss=0.04437584429979324
Online_Training [327/700]: mean_loss=0.014728907262906432
Online_Training [328/700]: mean_loss=0.01844670530408621
Online_Training [329/700]: mean_loss=0.024989121593534946
Online_Training [330/700]: mean_loss=0.03658539894968271
Online_Training [331/700]: mean_loss=0.03350878972560167
Online_Training [332/700]: mean_loss=0.027406830340623856
Online_Training [333/700]: mean_loss=0.01912211999297142
Online_Training [334/700]: mean_loss=0.020308172330260277
Online_Training [335/700]: mean_loss=0.04276348743587732
Online_Training [336/700]: mean_loss=0.014822101686149836
Online_Training [337/700]: mean_loss=0.028005641885101795
Online_Training [338/700]: mean_loss=0.027261844370514154
Online_Training [339/700]: mean_loss=0.02298004738986492
Online_Training [340/700]: mean_loss=0.03221432399004698
Online_Training [341/700]: mean_loss=0.03376360144466162
Online_Training [342/700]: mean_loss=0.014067834708839655
Online_Training [343/700]: mean_loss=0.009488731855526567
Online_Training [344/700]: mean_loss=0.03625737130641937
Online_Training [345/700]: mean_loss=0.033644125796854496
Online_Training [346/700]: mean_loss=0.013988906284794211
Online_Training [347/700]: mean_loss=0.03355581872165203
Online_Training [348/700]: mean_loss=0.03144024312496185
Online_Training [349/700]: mean_loss=0.04235518258064985
Online_Training [350/700]: mean_loss=0.023799295537173748
Online_Training [351/700]: mean_loss=0.022401466965675354
Online_Training [352/700]: mean_loss=0.029902091715484858
Online_Training [353/700]: mean_loss=0.019817722961306572
Online_Training [354/700]: mean_loss=0.023441874887794256
Online_Training [355/700]: mean_loss=0.02387184789404273
Online_Training [356/700]: mean_loss=0.011345190228894353
Online_Training [357/700]: mean_loss=0.017519401852041483
Online_Training [358/700]: mean_loss=0.025525087490677834
Online_Training [359/700]: mean_loss=0.021921650040894747
Online_Training [360/700]: mean_loss=0.046407103538513184
Online_Training [361/700]: mean_loss=0.011185141047462821
Online_Training [362/700]: mean_loss=0.04750520456582308
Online_Training [363/700]: mean_loss=0.034639216028153896
Online_Training [364/700]: mean_loss=0.015429020393639803
Online_Training [365/700]: mean_loss=0.02143162628635764
Online_Training [366/700]: mean_loss=0.032155255787074566
Online_Training [367/700]: mean_loss=0.020924619399011135
Online_Training [368/700]: mean_loss=0.059933886863291264
Online_Training [369/700]: mean_loss=0.03895647916942835
Online_Training [370/700]: mean_loss=0.023584439419209957
Online_Training [371/700]: mean_loss=0.046864298172295094
Online_Training [372/700]: mean_loss=0.011733832536265254
Online_Training [373/700]: mean_loss=0.009093409636989236
Online_Training [374/700]: mean_loss=0.04105888493359089
Online_Training [375/700]: mean_loss=0.020880241878330708
Online_Training [376/700]: mean_loss=0.0196109926328063
Online_Training [377/700]: mean_loss=0.016995671205222607
Online_Training [378/700]: mean_loss=0.029611201025545597
Online_Training [379/700]: mean_loss=0.02860854845494032
Online_Training [380/700]: mean_loss=0.023245148360729218
Online_Training [381/700]: mean_loss=0.021674785763025284
Online_Training [382/700]: mean_loss=0.057866635732352734
Online_Training [383/700]: mean_loss=0.03922704514116049
Online_Training [384/700]: mean_loss=0.17141680419445038
Online_Training [385/700]: mean_loss=0.07706349529325962
Online_Training [386/700]: mean_loss=0.020638624671846628
Online_Training [387/700]: mean_loss=0.014460691483691335
Online_Training [388/700]: mean_loss=0.016730101313441992
Online_Training [389/700]: mean_loss=0.023756504524499178
Online_Training [390/700]: mean_loss=0.01810650108382106
Online_Training [391/700]: mean_loss=0.019824182149022818
Online_Training [392/700]: mean_loss=0.008774721063673496
Online_Training [393/700]: mean_loss=0.03343569114804268
Online_Training [394/700]: mean_loss=0.01743215532042086
Online_Training [395/700]: mean_loss=0.013353937305510044
Online_Training [396/700]: mean_loss=0.023697387892752886
Online_Training [397/700]: mean_loss=0.013830264331772923
Online_Training [398/700]: mean_loss=0.02844130201265216
Online_Training [399/700]: mean_loss=0.03792872838675976
Online_Training [400/700]: mean_loss=0.027742990758270025
Online_Training [401/700]: mean_loss=0.03204129729419947
Online_Training [402/700]: mean_loss=0.1058438029140234
Online_Training [403/700]: mean_loss=0.026942577213048935
Online_Training [404/700]: mean_loss=0.02775385184213519
Online_Training [405/700]: mean_loss=0.030454793013632298
Online_Training [406/700]: mean_loss=0.033427474088966846
Online_Training [407/700]: mean_loss=0.019623228814452887
Online_Training [408/700]: mean_loss=0.021360657643526793
Online_Training [409/700]: mean_loss=0.030050051864236593
Online_Training [410/700]: mean_loss=0.018908006139099598
Online_Training [411/700]: mean_loss=0.03469962812960148
Online_Training [412/700]: mean_loss=0.020086643286049366
Online_Training [413/700]: mean_loss=0.01989958994090557
Online_Training [414/700]: mean_loss=0.02875039167702198
Online_Training [415/700]: mean_loss=0.014211738714948297
Online_Training [416/700]: mean_loss=0.015416424488648772
Online_Training [417/700]: mean_loss=0.10450123809278011
Online_Training [418/700]: mean_loss=0.07637095265090466
Online_Training [419/700]: mean_loss=0.03674658015370369
Online_Training [420/700]: mean_loss=0.054235911928117275
Online_Training [421/700]: mean_loss=0.014989323448389769
Online_Training [422/700]: mean_loss=0.026707742363214493
Online_Training [423/700]: mean_loss=0.021144676953554153
Online_Training [424/700]: mean_loss=0.029116473626345396
Online_Training [425/700]: mean_loss=0.03877140209078789
Online_Training [426/700]: mean_loss=0.039267449639737606
Online_Training [427/700]: mean_loss=0.01655267644673586
Online_Training [428/700]: mean_loss=0.02576659945771098
Online_Training [429/700]: mean_loss=0.02323095314204693
Online_Training [430/700]: mean_loss=0.025907243136316538
Online_Training [431/700]: mean_loss=0.007646862184628844
Online_Training [432/700]: mean_loss=0.04321954306215048
Online_Training [433/700]: mean_loss=0.014821358025074005
Online_Training [434/700]: mean_loss=0.012186328414827585
Online_Training [435/700]: mean_loss=0.015910016605630517
Online_Training [436/700]: mean_loss=0.0360741438344121
Online_Training [437/700]: mean_loss=0.012895442079752684
Online_Training [438/700]: mean_loss=0.06270381342619658
Online_Training [439/700]: mean_loss=0.02143619069829583
Online_Training [440/700]: mean_loss=0.018745011184364557
Online_Training [441/700]: mean_loss=0.1178579032421112
Online_Training [442/700]: mean_loss=0.08062317967414856
Online_Training [443/700]: mean_loss=0.014824283309280872
Online_Training [444/700]: mean_loss=0.03332523535937071
Online_Training [445/700]: mean_loss=0.04497418738901615
Online_Training [446/700]: mean_loss=0.024089832324534655
Online_Training [447/700]: mean_loss=0.015346521511673927
Online_Training [448/700]: mean_loss=0.0761853251606226
Online_Training [449/700]: mean_loss=0.13435764610767365
Online_Training [450/700]: mean_loss=0.046597668901085854
Online_Training [451/700]: mean_loss=0.03673858195543289
Online_Training [452/700]: mean_loss=0.025356033351272345
Online_Training [453/700]: mean_loss=0.026968208607286215
Online_Training [454/700]: mean_loss=0.020250147208571434
Online_Training [455/700]: mean_loss=0.01318073645234108
Online_Training [456/700]: mean_loss=0.02006516745314002
Online_Training [457/700]: mean_loss=0.02004326181486249
Online_Training [458/700]: mean_loss=0.016448939219117165
Online_Training [459/700]: mean_loss=0.024496268946677446
Online_Training [460/700]: mean_loss=0.039122327230870724
Online_Training [461/700]: mean_loss=0.014672280056402087
Online_Training [462/700]: mean_loss=0.019461109302937984
Online_Training [463/700]: mean_loss=0.02638861956074834
Online_Training [464/700]: mean_loss=0.03496148809790611
Online_Training [465/700]: mean_loss=0.025464127771556377
Online_Training [466/700]: mean_loss=0.020331204868853092
Online_Training [467/700]: mean_loss=0.004292386001907289
Online_Training [468/700]: mean_loss=0.013076225062832236
Online_Training [469/700]: mean_loss=0.019841141998767853
Online_Training [470/700]: mean_loss=0.012563541065901518
Online_Training [471/700]: mean_loss=0.0148038393817842
Online_Training [472/700]: mean_loss=0.010307955089956522
Online_Training [473/700]: mean_loss=0.009049185086041689
Online_Training [474/700]: mean_loss=0.10961294546723366
Online_Training [475/700]: mean_loss=0.15731096267700195
Online_Training [476/700]: mean_loss=0.004606882110238075
Online_Training [477/700]: mean_loss=0.017832040321081877
Online_Training [478/700]: mean_loss=0.032944430597126484
Online_Training [479/700]: mean_loss=0.039043731056153774
Online_Training [480/700]: mean_loss=0.011195138795301318
Online_Training [481/700]: mean_loss=0.025129843968898058
Online_Training [482/700]: mean_loss=0.022987897973507643
Online_Training [483/700]: mean_loss=0.016083241440355778
Online_Training [484/700]: mean_loss=0.018789992202073336
Online_Training [485/700]: mean_loss=0.07777891494333744
Online_Training [486/700]: mean_loss=0.025232725776731968
Online_Training [487/700]: mean_loss=0.021094796247780323
Online_Training [488/700]: mean_loss=0.027753976173698902
Online_Training [489/700]: mean_loss=0.012361508561298251
Online_Training [490/700]: mean_loss=0.015789987752214074
Online_Training [491/700]: mean_loss=0.017862490843981504
Online_Training [492/700]: mean_loss=0.013950447551906109
Online_Training [493/700]: mean_loss=0.012175282696262002
Online_Training [494/700]: mean_loss=0.01964902738109231
Online_Training [495/700]: mean_loss=0.061401973478496075
Online_Training [496/700]: mean_loss=0.029620814137160778
Online_Training [497/700]: mean_loss=0.011905672727152705
Online_Training [498/700]: mean_loss=0.02107075648382306
Online_Training [499/700]: mean_loss=0.0350558627396822
Online_Training [500/700]: mean_loss=0.011199942091479897
Online_Training [501/700]: mean_loss=0.01834284933283925
Online_Training [502/700]: mean_loss=0.01930647436529398
Online_Training [503/700]: mean_loss=0.10940764658153057
Online_Training [504/700]: mean_loss=0.08242755755782127
Online_Training [505/700]: mean_loss=0.025612496305257082
Online_Training [506/700]: mean_loss=0.06765022873878479
Online_Training [507/700]: mean_loss=0.05372826475650072
Online_Training [508/700]: mean_loss=0.013622006867080927
Online_Training [509/700]: mean_loss=0.027993723284453154
Online_Training [510/700]: mean_loss=0.018330681137740612
Online_Training [511/700]: mean_loss=0.011097976937890053
Online_Training [512/700]: mean_loss=0.020611036103218794
Online_Training [513/700]: mean_loss=0.014931096928194165
Online_Training [514/700]: mean_loss=0.01272580400109291
Online_Training [515/700]: mean_loss=0.02743680588901043
Online_Training [516/700]: mean_loss=0.024503717198967934
Online_Training [517/700]: mean_loss=0.0053769046207889915
Online_Training [518/700]: mean_loss=0.019533016253262758
Online_Training [519/700]: mean_loss=0.040654667653143406
Online_Training [520/700]: mean_loss=0.0195334879681468
Online_Training [521/700]: mean_loss=0.01658016676083207
Online_Training [522/700]: mean_loss=0.03627419751137495
Online_Training [523/700]: mean_loss=0.0364456195384264
Online_Training [524/700]: mean_loss=0.0169330476783216
Online_Training [525/700]: mean_loss=0.017511610873043537
Online_Training [526/700]: mean_loss=0.014687782153487206
Online_Training [527/700]: mean_loss=0.015856103971600533
Online_Training [528/700]: mean_loss=0.0792447179555893
Online_Training [529/700]: mean_loss=0.017397430259734392
Online_Training [530/700]: mean_loss=0.01368205831386149
Online_Training [531/700]: mean_loss=0.08027724921703339
Online_Training [532/700]: mean_loss=0.021976770367473364
Online_Training [533/700]: mean_loss=0.015039980877190828
Online_Training [534/700]: mean_loss=0.02131010964512825
Online_Training [535/700]: mean_loss=0.01833332795649767
Online_Training [536/700]: mean_loss=0.028713367879390717
Online_Training [537/700]: mean_loss=0.019620569422841072
Online_Training [538/700]: mean_loss=0.0208155014552176
Online_Training [539/700]: mean_loss=0.030198281165212393
Online_Training [540/700]: mean_loss=0.025790434330701828
Online_Training [541/700]: mean_loss=0.008390213595703244
Online_Training [542/700]: mean_loss=0.007859089877456427
Online_Training [543/700]: mean_loss=0.024321915116161108
Online_Training [544/700]: mean_loss=0.02617207681760192
Online_Training [545/700]: mean_loss=0.021968495100736618
Online_Training [546/700]: mean_loss=0.012424420565366745
Online_Training [547/700]: mean_loss=0.009411202976480126
Online_Training [548/700]: mean_loss=0.058962440118193626
Online_Training [549/700]: mean_loss=0.05133134685456753
Online_Training [550/700]: mean_loss=0.011503506219014525
Online_Training [551/700]: mean_loss=0.02752543706446886
Online_Training [552/700]: mean_loss=0.05003064405173063
Online_Training [553/700]: mean_loss=0.01417855336330831
Online_Training [554/700]: mean_loss=0.015075102681294084
Online_Training [555/700]: mean_loss=0.05773820634931326
Online_Training [556/700]: mean_loss=0.016438863705843687
Online_Training [557/700]: mean_loss=0.01861261995509267
Online_Training [558/700]: mean_loss=0.015038618352264166
Online_Training [559/700]: mean_loss=0.029555710032582283
Online_Training [560/700]: mean_loss=0.014797362964600325
Online_Training [561/700]: mean_loss=0.014158792095258832
Online_Training [562/700]: mean_loss=0.013975287089124322
Online_Training [563/700]: mean_loss=0.020259017124772072
Online_Training [564/700]: mean_loss=0.00529845361597836
Online_Training [565/700]: mean_loss=0.09610576368868351
Online_Training [566/700]: mean_loss=0.00622327090241015
Online_Training [567/700]: mean_loss=0.025164174381643534
Online_Training [568/700]: mean_loss=0.02869327226653695
Online_Training [569/700]: mean_loss=0.009742608293890953
Online_Training [570/700]: mean_loss=0.03137534763664007
Online_Training [571/700]: mean_loss=0.052881947718560696
Online_Training [572/700]: mean_loss=0.02829349646344781
Online_Training [573/700]: mean_loss=0.03156116046011448
Online_Training [574/700]: mean_loss=0.015641618985682726
Online_Training [575/700]: mean_loss=0.025993093848228455
Online_Training [576/700]: mean_loss=0.022463434375822544
Online_Training [577/700]: mean_loss=0.023504870012402534
Online_Training [578/700]: mean_loss=0.010713263414800167
Online_Training [579/700]: mean_loss=0.014173168921843171
Online_Training [580/700]: mean_loss=0.012399184051901102
Online_Training [581/700]: mean_loss=0.02099273120984435
Online_Training [582/700]: mean_loss=0.026406885590404272
Online_Training [583/700]: mean_loss=0.014540481846779585
Online_Training [584/700]: mean_loss=0.02145854802802205
Online_Training [585/700]: mean_loss=0.0730428546667099
Online_Training [586/700]: mean_loss=0.0673660971224308
Online_Training [587/700]: mean_loss=0.022453089244663715
Online_Training [588/700]: mean_loss=0.020226188469678164
Online_Training [589/700]: mean_loss=0.018428584095090628
Online_Training [590/700]: mean_loss=0.04282785672694445
Online_Training [591/700]: mean_loss=0.014554716181010008
Online_Training [592/700]: mean_loss=0.01912514679133892
Online_Training [593/700]: mean_loss=0.011742489412426949
Online_Training [594/700]: mean_loss=0.05557322595268488
Online_Training [595/700]: mean_loss=0.009207190945744514
Online_Training [596/700]: mean_loss=0.022333755157887936
Online_Training [597/700]: mean_loss=0.028665680438280106
Online_Training [598/700]: mean_loss=0.022104451898485422
Online_Training [599/700]: mean_loss=0.01077188365161419
Online_Training [600/700]: mean_loss=0.015358277130872011
Online_Training [601/700]: mean_loss=0.023986165411770344
Online_Training [602/700]: mean_loss=0.02063638437539339
Online_Training [603/700]: mean_loss=0.01656492007896304
Online_Training [604/700]: mean_loss=0.012447665212675929
Online_Training [605/700]: mean_loss=0.02608511596918106
Online_Training [606/700]: mean_loss=0.013918554875999689
Online_Training [607/700]: mean_loss=0.14353447407484055
Online_Training [608/700]: mean_loss=0.056219300255179405
Online_Training [609/700]: mean_loss=0.017200831323862076
Online_Training [610/700]: mean_loss=0.039517427794635296
Online_Training [611/700]: mean_loss=0.029339063446968794
Online_Training [612/700]: mean_loss=0.024044647347182035
Online_Training [613/700]: mean_loss=0.03243233170360327
Online_Training [614/700]: mean_loss=0.02136726723983884
Online_Training [615/700]: mean_loss=0.03015330620110035
Online_Training [616/700]: mean_loss=0.02831200323998928
Online_Training [617/700]: mean_loss=0.016603520140051842
Online_Training [618/700]: mean_loss=0.0108796376734972
Online_Training [619/700]: mean_loss=0.016325876116752625
Online_Training [620/700]: mean_loss=0.021109522320330143
Online_Training [621/700]: mean_loss=0.019864645320922136
Online_Training [622/700]: mean_loss=0.004051791504025459
Online_Training [623/700]: mean_loss=0.007884119520895183
Online_Training [624/700]: mean_loss=0.02236105315387249
Online_Training [625/700]: mean_loss=0.014268386410549283
Online_Training [626/700]: mean_loss=0.02542155934497714
Online_Training [627/700]: mean_loss=0.008974347030743957
Online_Training [628/700]: mean_loss=0.019449490122497082
Online_Training [629/700]: mean_loss=0.02724425308406353
Online_Training [630/700]: mean_loss=0.007923784549348056
Online_Training [631/700]: mean_loss=0.03569300193339586
Online_Training [632/700]: mean_loss=0.009086458245292306
Online_Training [633/700]: mean_loss=0.013114040484651923
Online_Training [634/700]: mean_loss=0.009337350027635694
Online_Training [635/700]: mean_loss=0.019600367173552513
Online_Training [636/700]: mean_loss=0.017833128571510315
Online_Training [637/700]: mean_loss=0.012482927413657308
Online_Training [638/700]: mean_loss=0.04567293357104063
Online_Training [639/700]: mean_loss=0.038771143183112144
Online_Training [640/700]: mean_loss=0.014952778117731214
Online_Training [641/700]: mean_loss=0.030883710365742445
Online_Training [642/700]: mean_loss=0.027991673443466425
Online_Training [643/700]: mean_loss=0.05448075383901596
Online_Training [644/700]: mean_loss=0.019322669133543968
Online_Training [645/700]: mean_loss=0.023711657617241144
Online_Training [646/700]: mean_loss=0.03621209133416414
Online_Training [647/700]: mean_loss=0.013169747544452548
Online_Training [648/700]: mean_loss=0.011070981621742249
Online_Training [649/700]: mean_loss=0.01749325217679143
Online_Training [650/700]: mean_loss=0.021539052482694387
Online_Training [651/700]: mean_loss=0.014779971446841955
Online_Training [652/700]: mean_loss=0.028270091395825148
Online_Training [653/700]: mean_loss=0.027992228977382183
Online_Training [654/700]: mean_loss=0.03143659885972738
Online_Training [655/700]: mean_loss=0.017718822229653597
Online_Training [656/700]: mean_loss=0.02797950804233551
Online_Training [657/700]: mean_loss=0.009164177463389933
Online_Training [658/700]: mean_loss=0.03288695402443409
Online_Training [659/700]: mean_loss=0.09281210228800774
Online_Training [660/700]: mean_loss=0.07454146631062031
Online_Training [661/700]: mean_loss=0.027161187492311
Online_Training [662/700]: mean_loss=0.051456402987241745
Online_Training [663/700]: mean_loss=0.02277411473914981
Online_Training [664/700]: mean_loss=0.022609726525843143
Online_Training [665/700]: mean_loss=0.025126542896032333
Online_Training [666/700]: mean_loss=0.03570658154785633
Online_Training [667/700]: mean_loss=0.01668429421260953
Online_Training [668/700]: mean_loss=0.019429397769272327
Online_Training [669/700]: mean_loss=0.014249007683247328
Online_Training [670/700]: mean_loss=0.04362259712070227
Online_Training [671/700]: mean_loss=0.03089389344677329
Online_Training [672/700]: mean_loss=0.01395834400318563
Online_Training [673/700]: mean_loss=0.019034343771636486
Online_Training [674/700]: mean_loss=0.025909484829753637
Online_Training [675/700]: mean_loss=0.014332578517496586
Online_Training [676/700]: mean_loss=0.009726027259603143
Online_Training [677/700]: mean_loss=0.04141949024051428
Online_Training [678/700]: mean_loss=0.009629303822293878
Online_Training [679/700]: mean_loss=0.014113200828433037
Online_Training [680/700]: mean_loss=0.007589495740830898
Online_Training [681/700]: mean_loss=0.028968900442123413
Online_Training [682/700]: mean_loss=0.017862530425190926
Online_Training [683/700]: mean_loss=0.004413070157170296
Online_Training [684/700]: mean_loss=0.01045255595818162
Online_Training [685/700]: mean_loss=0.07903081737458706
Online_Training [686/700]: mean_loss=0.06381853576749563
Online_Training [687/700]: mean_loss=0.010209959000349045
Online_Training [688/700]: mean_loss=0.028023830614984035
Online_Training [689/700]: mean_loss=0.015021930681541562
Online_Training [690/700]: mean_loss=0.013954262249171734
Online_Training [691/700]: mean_loss=0.03899312298744917
Online_Training [692/700]: mean_loss=0.020823280327022076
Online_Training [693/700]: mean_loss=0.006754990317858756
Online_Training [694/700]: mean_loss=0.00728066056035459
Online_Training [695/700]: mean_loss=0.013732384191825986
Online_Training [696/700]: mean_loss=0.022893572226166725
Online_Training [697/700]: mean_loss=0.03714387770742178
Online_Training [698/700]: mean_loss=0.003391945268958807
Online_Training [699/700]: mean_loss=0.03431703895330429
Online_Training [700/700]: mean_loss=0.0797236580401659
Number of Samples after Autoencoder testing: 300
First Spike after testing: [-2.4570374   0.26532552]
[2, 0, 1, 0, 0, 1, 1, 2, 1, 1, 1, 0, 0, 1, 2, 1, 0, 1, 1, 1, 1, 0, 2, 1, 0, 0, 0, 0, 2, 1, 0, 1, 2, 1, 1, 0, 2, 0, 1, 0, 2, 0, 2, 1, 2, 0, 2, 0, 1, 0, 2, 0, 0, 1, 2, 2, 1, 0, 0, 2, 2, 2, 1, 2, 0, 2, 1, 0, 1, 0, 1, 0, 1, 1, 1, 0, 0, 1, 2, 2, 1, 2, 1, 0, 2, 1, 2, 2, 0, 0, 1, 2, 1, 0, 1, 2, 2, 0, 1, 1, 2, 2, 1, 2, 1, 2, 0, 2, 1, 0, 1, 2, 2, 2, 1, 1, 2, 1, 2, 0, 1, 1, 2, 2, 1, 2, 2, 2, 0, 2, 1, 2, 0, 2, 1, 2, 1, 2, 1, 0, 2, 0, 2, 1, 0, 0, 2, 2, 1, 2, 0, 1, 2, 1, 2, 0, 0, 0, 1, 1, 1, 1, 2, 2, 2, 2, 1, 0, 0, 1, 1, 0, 0, 0, 0, 1, 1, 0, 0, 2, 0, 1, 1, 0, 2, 0, 2, 1, 0, 1, 0, 2, 2, 0, 1, 0, 0, 2, 0, 1, 2, 2, 2, 1, 2, 1, 0, 0, 2, 0, 1, 1, 2, 1, 0, 2, 2, 0, 1, 1, 0, 2, 0, 0, 1, 2, 2, 1, 2, 2, 2, 2, 1, 0, 2, 1, 0, 1, 2, 0, 0, 2, 0, 0, 0, 1, 1, 0, 1, 0, 1, 1, 0, 2, 2, 0, 0, 2, 1, 1, 1, 2, 2, 1, 2, 1, 1, 0, 2, 1, 1, 0, 0, 1, 2, 1, 1, 0, 0, 1, 1, 1, 2, 1, 0, 1, 2, 2, 1, 2, 0, 2, 1, 1, 2, 1, 2, 0, 1, 2]
[0, 0, 0, 0, 0, 1, 0, 0, 0, 0, 0, 0, 0, 0, 0, 0, 0, 0, 0, 0, 0, 0, 0, 0, 0, 0, 0, 0, 0, 0, 0, 0, 0, 0, 1, 0, 0, 0, 0, 0, 0, 1, 0, 0, 0, 0, 0, 0, 0, 0, 0, 0, 0, 1, 0, 0, 0, 0, 1, 1, 1, 1, 0, 0, 0, 0, 1, 1, 0, 0, 1, 0, 1, 1, 0, 0, 1, 0, 0, 0, 0, 0, 1, 0, 0, 0, 0, 0, 1, 0, 0, 0, 0, 0, 0, 0, 0, 0, 1, 0, 0, 0, 1, 0, 0, 0, 0, 0, 0, 1, 1, 0, 0, 1, 1, 1, 0, 0, 0, 1, 1, 1, 0, 0, 0, 0, 0, 0, 1, 0, 1, 1, 0, 0, 1, 0, 1, 0, 0, 0, 0, 0, 0, 1, 1, 0, 0, 0, 0, 0, 0, 0, 0, 1, 0, 1, 1, 1, 0, 1, 1, 1, 1, 1, 0, 0, 1, 0, 1, 0, 1, 0, 0, 0, 0, 1, 1, 1, 0, 0, 0, 1, 1, 0, 0, 1, 0, 1, 1, 1, 1, 1, 0, 1, 1, 0, 0, 0, 0, 1, 1, 1, 0, 0, 0, 0, 0, 1, 1, 0, 1, 1, 1, 1, 1, 0, 1, 0, 0, 1, 0, 0, 0, 0, 0, 0, 1, 1, 0, 1, 0, 1, 1, 1, 0, 2, 1, 1, 0, 0, 1, 1, 0, 0, 0, 1, 1, 0, 1, 1, 0, 1, 0, 0, 0, 1, 0, 0, 1, 1, 1, 0, 0, 1, 0, 0, 0, 1, 0, 1, 1, 1, 0, 0, 0, 1, 1, 1, 1, 1, 1, 1, 0, 1, 1, 0, 0, 0, 0, 0, 1, 1, 1, 0, 0, 1, 0, 0, 1, 0]
Centroids: [[-1.1523126, -0.37260324], [-1.0770303, -0.90987974], [-1.9616982, -0.6356243]]
Centroids: [[-1.7534297, -0.2648888], [-0.78093964, -1.3039224], [1.629344, -4.965813]]
Contingency Matrix: 
[[61 31  0]
 [49 59  1]
 [81 18  0]]
[[61, 31, 0], [49, 59, 1], [81, 18, 0]]
[[61, 31, 0], [49, 59, 1], [81, 18, 0]]
[0, 1, 2]
[[-1, 31, 0], [-1, 59, 1], [-1, -1, -1]]
[[-1, -1, 0], [-1, -1, -1], [-1, -1, -1]]
[[-1, -1, -1], [-1, -1, -1], [-1, -1, -1]]
Match_Labels: {2: 0, 1: 1, 0: 2}
New Contingency Matrix: 
[[ 0 31 61]
 [ 1 59 49]
 [ 0 18 81]]
New Clustered Label Sequence: [2, 1, 0]
Diagonal_Elements: [0, 59, 81], Sum: 140
All_Elements: [0, 31, 61, 1, 59, 49, 0, 18, 81], Sum: 300
Accuracy: 0.4666666666666667
