Seed: 0
Experiment_path: AE_Model_2/Epochs_2_4_6_8_20/04_Experiment_05_Epochs
Dataset_Path: ../_00_Datasets/03_SimDaten_Quiroga2020/C_Difficult1_noise015.mat
Dataset_name: ['03_SimDaten_Quiroga2020', 'C_Difficult1_noise015.mat']
Variant_name: V05_Online_AE_QL
Visualisation_Path: AE_Model_2/Epochs_2_4_6_8_20/04_Experiment_05_Epochs/C_Difficult1_noise015.mat/V05_Online_AE_QL/2023_05_11-01_08_25
Normalisation: False
Template Matching: False
Optimising Autoencoder: False
Update Factor: 1
Noisy Batches: False
Noisy Factor: 0.001
Epochs: 4
Batch Size: 1
maximal Spikes for Autoencoder Training : 700
maximal Spikes for Training: 1000
Input Size: 47
Chosen Model: Convolutional Autoencoder
ConvolutionalAutoencoder(
  (encoder): Sequential(
    (0): Conv1d(1, 6, kernel_size=(6,), stride=(1,))
    (1): LeakyReLU(negative_slope=0.01)
    (2): Conv1d(6, 1, kernel_size=(6,), stride=(1,))
    (3): Flatten(start_dim=1, end_dim=-1)
    (4): Linear(in_features=37, out_features=2, bias=True)
  )
  (decoder): Sequential(
    (0): ConvTranspose1d(1, 6, kernel_size=(6,), stride=(1,))
    (1): LeakyReLU(negative_slope=0.01)
    (2): ConvTranspose1d(6, 1, kernel_size=(6,), stride=(1,))
    (3): Flatten(start_dim=1, end_dim=-1)
    (4): Linear(in_features=12, out_features=47, bias=True)
  )
)
MSELoss()
Adam (
Parameter Group 0
    amsgrad: False
    betas: (0.9, 0.999)
    capturable: False
    differentiable: False
    eps: 1e-08
    foreach: None
    fused: False
    lr: 0.001
    maximize: False
    weight_decay: 0
)
---Q Learning Parameters---
Normalisation: False
Punishment Coefficient: 1.3
Alpha: 0.8
Epsilon: 0.01
Gamma: 0.97
Initial Episode Number: 0
Episode Number Coefficient: 1.4
Number of Random Features: 20
Planning Number: 20
Max Random Features: 60
New Episode Number: 72
New Episode Number: 143
New Episode Number: 215
                 0      1      2      3
new_cluster -16.29  -9.82 -12.98 -49.75
c1          -16.29 -10.63 -13.33 -49.02
c2          -16.28 -10.15 -13.50 -49.77
c3          -16.28 -10.58 -13.13 -49.02
\begin{tabular}{lrrrr}
\toprule
{} &      0 &      1 &      2 &      3 \\
\midrule
new\_cluster & -16.29 &  -9.82 & -12.98 & -49.75 \\
c1          & -16.29 & -10.63 & -13.33 & -49.02 \\
c2          & -16.28 & -10.15 & -13.50 & -49.77 \\
c3          & -16.28 & -10.58 & -13.13 & -49.02 \\
\bottomrule
\end{tabular}

                                0            1            2             3
new_cluster  [-6.76, new_cluster]  [-0.15, c1]  [-3.19, c2]  [-39.52, c3]
c1           [-6.76, new_cluster]  [-0.68, c1]  [-3.55, c2]  [-39.52, c3]
c2           [-6.76, new_cluster]  [-0.43, c1]  [-3.66, c2]  [-39.52, c3]
c3           [-6.76, new_cluster]  [-0.45, c1]  [-3.28, c2]  [-39.52, c3]
\begin{tabular}{lllll}
\toprule
{} &                     0 &            1 &            2 &             3 \\
\midrule
new\_cluster &  [-6.76, new\_cluster] &  [-0.15, c1] &  [-3.19, c2] &  [-39.52, c3] \\
c1          &  [-6.76, new\_cluster] &  [-0.68, c1] &  [-3.55, c2] &  [-39.52, c3] \\
c2          &  [-6.76, new\_cluster] &  [-0.43, c1] &  [-3.66, c2] &  [-39.52, c3] \\
c3          &  [-6.76, new\_cluster] &  [-0.45, c1] &  [-3.28, c2] &  [-39.52, c3] \\
\bottomrule
\end{tabular}

