Experiment_path: AE_Model_2/Normalization/Experiment_04_norm
Dataset_Path: ../_00_Datasets/03_SimDaten_Quiroga2020/C_Difficult2_noise010.mat
Dataset_name: ['03_SimDaten_Quiroga2020', 'C_Difficult2_noise010.mat']
Variant_name: V04_Off_AE_QL_norm
Visualisation_Path: AE_Model_2/Normalization/Experiment_04_norm/C_Difficult2_noise010.mat/V04_Off_AE_QL_norm/2023_06_04-19_38_56
Punishment_Coefficient: 0.6
<_01_LoadDataset.ExternCode.spike_class.spike_dataclass object at 0x0000018FBC5D9F28>
Sampling rate: 24000.0
Raw: [ 0.15602285  0.13816666  0.12280393 ... -0.08081559 -0.08529616
 -0.09321123]
Times: [    182     667     748 ... 1438018 1438700 1439563]
Cluster: [1 3 3 ... 1 2 3]
Number of different clusters:  3
Number of Spikes: 3462
First aligned Spike Frame: [ 0.0569593   0.06304523  0.0540705   0.04226901  0.04435466  0.07367561
  0.11842591  0.15581396  0.18051202  0.20464622  0.25110595  0.34905547
  0.52973433  0.78604807  1.00019855  1.02993402  0.87276972  0.64136808
  0.42542707  0.24213728  0.08732396 -0.0251061  -0.08440505 -0.1076534
 -0.12386236 -0.14599821 -0.16968468 -0.19109174 -0.20831529 -0.21879359
 -0.21563414 -0.19606358 -0.16928275 -0.14859233 -0.13954347 -0.13618571
 -0.12902379 -0.12127763 -0.12365015 -0.13615822 -0.14611472 -0.13936073
 -0.11885552 -0.10582878 -0.11163038 -0.12511067 -0.12700369]
Cluster 0, Occurrences: 1187
Cluster 1, Occurrences: 1136
Cluster 2, Occurrences: 1139
Train Index: 3116
x_train: 3116
y_train: 3116
x_test: 346
y_test: 346
<torch.utils.data.dataloader.DataLoader object at 0x0000018FB71CAE10>
<torch.utils.data.dataloader.DataLoader object at 0x0000018FBC034240>
Epoch [1/8]: mean_loss=0.00032361058308473945
Epoch [2/8]: mean_loss=0.00015478451945191303
Epoch [3/8]: mean_loss=0.00014851315168033812
Epoch [4/8]: mean_loss=0.00014381760763320042
Epoch [5/8]: mean_loss=0.0001425271724462533
Epoch [6/8]: mean_loss=0.00014164309909977306
Epoch [7/8]: mean_loss=0.00014091710711259094
Epoch [8/8]: mean_loss=0.00014054943700273197
Number of Clusters: 3
Number of Samples after Autoencoder testing: 344
First Spike after testing: [-2.1004832  1.5594013]
[1, 1, 2, 0, 2, 2, 2, 0, 2, 0, 0, 0, 0, 2, 1, 1, 1, 2, 1, 1, 2, 0, 1, 1, 2, 0, 0, 2, 1, 1, 2, 1, 1, 2, 1, 1, 0, 1, 1, 1, 1, 2, 0, 0, 2, 1, 2, 0, 0, 0, 0, 1, 1, 1, 2, 0, 1, 2, 2, 0, 0, 1, 2, 1, 1, 0, 2, 1, 0, 1, 1, 0, 1, 0, 1, 2, 0, 1, 0, 1, 1, 1, 2, 0, 0, 1, 1, 2, 1, 2, 1, 2, 0, 2, 0, 1, 1, 0, 0, 2, 2, 0, 1, 0, 1, 2, 0, 2, 1, 1, 0, 2, 0, 2, 1, 0, 1, 0, 1, 2, 0, 1, 0, 0, 2, 0, 0, 0, 0, 0, 2, 2, 1, 2, 1, 0, 1, 0, 0, 0, 0, 1, 0, 2, 0, 0, 1, 1, 1, 1, 0, 2, 2, 0, 2, 1, 2, 2, 1, 1, 0, 0, 2, 2, 0, 2, 1, 2, 2, 0, 1, 1, 1, 2, 0, 2, 2, 2, 0, 2, 2, 1, 1, 0, 2, 0, 2, 2, 0, 1, 0, 2, 0, 0, 2, 0, 0, 2, 0, 2, 2, 2, 1, 0, 0, 0, 2, 1, 2, 2, 1, 0, 1, 0, 0, 1, 2, 1, 2, 2, 1, 0, 1, 1, 1, 0, 0, 1, 1, 1, 0, 2, 2, 1, 1, 2, 0, 1, 0, 2, 1, 2, 0, 2, 0, 1, 2, 1, 1, 2, 2, 1, 0, 1, 1, 2, 1, 2, 2, 2, 2, 2, 2, 0, 1, 0, 0, 2, 2, 1, 0, 0, 1, 2, 0, 2, 0, 2, 2, 1, 2, 1, 1, 1, 0, 0, 2, 0, 1, 0, 0, 0, 1, 1, 0, 1, 0, 1, 0, 0, 2, 1, 0, 2, 0, 2, 1, 0, 0, 0, 0, 0, 1, 0, 2, 1, 1, 0, 1, 0, 1, 2, 1, 1, 0, 0, 0, 1, 0, 0, 0, 1, 2, 0, 1, 0, 0, 0, 0, 1, 1, 0, 1, 2]
[0, 0, 0, 1, 1, 1, 1, 1, 1, 1, 1, 1, 1, 1, 0, 0, 0, 1, 0, 0, 1, 1, 0, 0, 1, 1, 1, 1, 0, 0, 1, 0, 0, 1, 0, 0, 1, 0, 0, 0, 0, 1, 1, 1, 1, 0, 1, 1, 1, 1, 1, 0, 0, 0, 1, 1, 0, 1, 1, 1, 1, 0, 1, 1, 0, 1, 1, 0, 1, 0, 0, 1, 0, 1, 0, 1, 1, 0, 1, 0, 0, 0, 1, 1, 1, 0, 0, 1, 0, 1, 0, 1, 1, 1, 1, 0, 0, 1, 1, 1, 1, 1, 0, 1, 0, 1, 1, 1, 0, 0, 1, 1, 1, 1, 0, 1, 0, 1, 0, 1, 1, 0, 1, 1, 1, 1, 1, 1, 1, 1, 1, 1, 0, 1, 0, 1, 0, 1, 1, 1, 1, 0, 1, 1, 1, 1, 0, 0, 0, 0, 1, 1, 1, 1, 1, 0, 1, 1, 0, 0, 1, 1, 1, 1, 1, 1, 0, 1, 1, 1, 0, 0, 0, 1, 1, 1, 1, 1, 1, 1, 1, 0, 0, 1, 1, 1, 1, 1, 1, 0, 1, 1, 1, 1, 1, 1, 1, 1, 1, 1, 1, 1, 0, 1, 1, 1, 1, 0, 1, 1, 0, 1, 0, 1, 1, 0, 1, 0, 1, 1, 0, 1, 0, 0, 0, 1, 1, 0, 0, 0, 1, 1, 1, 0, 0, 1, 1, 0, 1, 1, 0, 1, 1, 1, 1, 0, 1, 0, 0, 1, 1, 0, 1, 0, 0, 1, 0, 1, 1, 1, 1, 1, 1, 1, 0, 1, 1, 1, 1, 0, 1, 1, 0, 1, 1, 1, 1, 1, 1, 0, 1, 0, 0, 0, 1, 1, 1, 1, 0, 1, 1, 1, 0, 0, 1, 0, 1, 0, 1, 1, 1, 0, 1, 1, 1, 1, 0, 1, 1, 1, 1, 1, 0, 1, 1, 0, 0, 1, 0, 1, 0, 1, 0, 0, 1, 1, 1, 0, 1, 1, 1, 0, 1, 1, 0, 1, 1, 1, 1, 0, 0, 1, 0, 1]
Centroids: [[-0.6103475, -1.8880779], [-2.4169695, 1.5994736], [-1.47613, -1.100206]]
Centroids: [[-2.4114673, 1.5938654], [-0.99805, -1.5349466]]
Standard Derivations: [0.17558405, 0.25737745, 0.23598458]
Cluster Distances: [3.4947476, 0.75903857, 3.4947476, 2.3655624, 0.75903857, 2.3655624]
Minimal Cluster Distance: 0.7590385675430298
Contingency Matrix: 
[[  0 125]
 [118   1]
 [  1  99]]
[[0, 125], [118, 1], [1, 99]]
[[0, 125, 0], [118, 1, 0], [1, 99, 0]]
[0, 1, 2]
[[-1, -1, -1], [118, -1, 0], [1, -1, 0]]
[[-1, -1, -1], [-1, -1, -1], [-1, -1, 0]]
[[-1, -1, -1], [-1, -1, -1], [-1, -1, -1]]
Match_Labels: {0: 1, 1: 0, 2: 2}
New Contingency Matrix: 
[[125   0   0]
 [  1 118   0]
 [ 99   1   0]]
New Clustered Label Sequence: [1, 0, 2]
Diagonal_Elements: [125, 118, 0], Sum: 243
All_Elements: [125, 0, 0, 1, 118, 0, 99, 1, 0], Sum: 344
Accuracy: 0.7063953488372093
Centroids: [[-0.8087161423779335, 0.35291633160174396], [-0.33602405917313366, -0.3408435107022524]]
