Experiment_path: AE_Model_2/Epochs_2_4_6_8_20/06_Experiment_05_Epochs
Dataset_Path: ../_00_Datasets/03_SimDaten_Quiroga2020/C_Easy2_noise010.mat
Dataset_name: ['03_SimDaten_Quiroga2020', 'C_Easy2_noise010.mat']
Variant_name: V05_Online_AE_QL
Visualisation_Path: AE_Model_2/Epochs_2_4_6_8_20/06_Experiment_05_Epochs/C_Easy2_noise010.mat/V05_Online_AE_QL/2023_05_11-01_21_53
Punishment_Coefficient: 1.0
<_01_LoadDataset.ExternCode.spike_class.spike_dataclass object at 0x000002733F825B00>
Sampling rate: 24000.0
Raw: [-0.04397287 -0.05368168 -0.05753576 ... -0.17707654 -0.14968225
 -0.12084286]
Times: [   1077    1809    2216 ... 1439324 1439736 1439818]
Cluster: [1 2 3 ... 1 2 3]
Number of different clusters:  3
Number of Spikes: 3520
First aligned Spike Frame: [-5.66507481e-02 -6.59320228e-02 -6.70701971e-02 -7.19520617e-02
 -7.89243788e-02 -8.44863120e-02 -9.23204981e-02 -9.75387283e-02
 -7.89589716e-02 -3.66949571e-02  2.34965171e-04 -2.60677777e-03
 -8.36059782e-02 -2.16751250e-01 -3.29544857e-01 -3.35165947e-01
 -2.03449552e-01  7.47840458e-02  4.22419255e-01  7.09409540e-01
  8.78002642e-01  9.55364309e-01  9.77809330e-01  9.55005143e-01
  8.85120577e-01  8.00574977e-01  7.20670596e-01  6.49598354e-01
  5.48520603e-01  4.27922886e-01  3.27637830e-01  2.50259973e-01
  1.79725440e-01  1.08182425e-01  5.15669298e-02  1.18971249e-02
 -1.33865595e-02 -3.45955406e-02 -6.81150537e-02 -1.12799097e-01
 -1.58924383e-01 -1.84417551e-01 -2.01640893e-01 -2.18864546e-01
 -2.16773696e-01 -2.09095391e-01 -1.81456244e-01]
Cluster 0, Occurrences: 1160
Cluster 1, Occurrences: 1146
Cluster 2, Occurrences: 1214
Number of Clusters: 3
Online_Training [1/700]: mean_loss=0.19669803977012634
Online_Training [2/700]: mean_loss=0.11784185841679573
Online_Training [3/700]: mean_loss=0.16340440760056177
Online_Training [4/700]: mean_loss=0.18487687408924103
Online_Training [5/700]: mean_loss=0.09665663292010625
Online_Training [6/700]: mean_loss=0.16438574343919754
Online_Training [7/700]: mean_loss=0.1420764202872912
Online_Training [8/700]: mean_loss=0.1267802082002163
Online_Training [9/700]: mean_loss=0.11718537285923958
Online_Training [10/700]: mean_loss=0.12197470913330714
Online_Training [11/700]: mean_loss=0.07464259242018063
Online_Training [12/700]: mean_loss=0.09762293224533398
Online_Training [13/700]: mean_loss=0.08481248219807942
Online_Training [14/700]: mean_loss=0.11015542348225911
Online_Training [15/700]: mean_loss=0.0812527450422446
Online_Training [16/700]: mean_loss=0.06646191577116649
Online_Training [17/700]: mean_loss=0.12399742131431897
Online_Training [18/700]: mean_loss=0.06059305680294832
Online_Training [19/700]: mean_loss=0.07122943798700969
Online_Training [20/700]: mean_loss=0.07141127934058507
Online_Training [21/700]: mean_loss=0.060047332818309464
Online_Training [22/700]: mean_loss=0.12695695708195368
Online_Training [23/700]: mean_loss=0.1693999320268631
Online_Training [24/700]: mean_loss=0.027837184257805347
Online_Training [25/700]: mean_loss=0.043983121713002525
Online_Training [26/700]: mean_loss=0.12863594045241675
Online_Training [27/700]: mean_loss=0.0698047752181689
Online_Training [28/700]: mean_loss=0.20666720221439996
Online_Training [29/700]: mean_loss=0.038328658789396286
Online_Training [30/700]: mean_loss=0.03475185732046763
Online_Training [31/700]: mean_loss=0.10035381466150284
Online_Training [32/700]: mean_loss=0.07091076796253522
Online_Training [33/700]: mean_loss=0.019963753099242847
Online_Training [34/700]: mean_loss=0.0894404078523318
Online_Training [35/700]: mean_loss=0.03615913540124893
Online_Training [36/700]: mean_loss=0.09960359210769336
Online_Training [37/700]: mean_loss=0.032935921723643936
Online_Training [38/700]: mean_loss=0.030725733066598575
Online_Training [39/700]: mean_loss=0.029381177698572476
Online_Training [40/700]: mean_loss=0.044571579744418464
Online_Training [41/700]: mean_loss=0.10619919498761494
Online_Training [42/700]: mean_loss=0.08184997240702312
Online_Training [43/700]: mean_loss=0.022401359242697556
Online_Training [44/700]: mean_loss=0.054444135477145515
Online_Training [45/700]: mean_loss=0.01859142103542884
Online_Training [46/700]: mean_loss=0.10612022131681442
Online_Training [47/700]: mean_loss=0.030739025212824345
Online_Training [48/700]: mean_loss=0.07723906387885411
Online_Training [49/700]: mean_loss=0.019646180793642998
Online_Training [50/700]: mean_loss=0.024292700923979282
Online_Training [51/700]: mean_loss=0.022996877320110798
Online_Training [52/700]: mean_loss=0.02959526578585307
Online_Training [53/700]: mean_loss=0.02153474713365237
Online_Training [54/700]: mean_loss=0.035672007128596306
Online_Training [55/700]: mean_loss=0.08574094250798225
Online_Training [56/700]: mean_loss=0.10049837827682495
Online_Training [57/700]: mean_loss=0.018870908301323652
Online_Training [58/700]: mean_loss=0.027648162717620533
Online_Training [59/700]: mean_loss=0.13239681472380957
Online_Training [60/700]: mean_loss=0.10874569416046143
Online_Training [61/700]: mean_loss=0.024794120031098526
Online_Training [62/700]: mean_loss=0.037391714130838714
Online_Training [63/700]: mean_loss=0.023878033893803757
Online_Training [64/700]: mean_loss=0.04208517571290334
Online_Training [65/700]: mean_loss=0.01661032174403469
Online_Training [66/700]: mean_loss=0.022201576891044777
Online_Training [67/700]: mean_loss=0.02773877636839946
Online_Training [68/700]: mean_loss=0.09103382006287575
Online_Training [69/700]: mean_loss=0.02236422834297021
Online_Training [70/700]: mean_loss=0.02080896000067393
Online_Training [71/700]: mean_loss=0.039247711499532066
Online_Training [72/700]: mean_loss=0.0972724122305711
Online_Training [73/700]: mean_loss=0.021898986771702766
Online_Training [74/700]: mean_loss=0.10564917325973511
Online_Training [75/700]: mean_loss=0.02065791841596365
Online_Training [76/700]: mean_loss=0.07496310025453568
Online_Training [77/700]: mean_loss=0.12057449047764142
Online_Training [78/700]: mean_loss=0.01105336332693696
Online_Training [79/700]: mean_loss=0.008869859001909694
Online_Training [80/700]: mean_loss=0.05293585235873858
Online_Training [81/700]: mean_loss=0.021843808703124523
Online_Training [82/700]: mean_loss=0.014480202148358027
Online_Training [83/700]: mean_loss=0.05066415543357531
Online_Training [84/700]: mean_loss=0.06946224098404248
Online_Training [85/700]: mean_loss=0.04199213658769926
Online_Training [86/700]: mean_loss=0.014854604999224344
Online_Training [87/700]: mean_loss=0.15542364368836084
Online_Training [88/700]: mean_loss=0.1802223175764084
Online_Training [89/700]: mean_loss=0.026310747489333153
Online_Training [90/700]: mean_loss=0.019062022988994915
Online_Training [91/700]: mean_loss=0.03230475510160128
Online_Training [92/700]: mean_loss=0.043654135738809906
Online_Training [93/700]: mean_loss=0.028803035616874695
Online_Training [94/700]: mean_loss=0.020451003685593605
Online_Training [95/700]: mean_loss=0.11076984802881877
Online_Training [96/700]: mean_loss=0.12295637776454289
Online_Training [97/700]: mean_loss=0.035714988286296524
Online_Training [98/700]: mean_loss=0.04185472863415877
Online_Training [99/700]: mean_loss=0.07171617572506268
Online_Training [100/700]: mean_loss=0.2065343310435613
Online_Training [101/700]: mean_loss=0.0202545498808225
Online_Training [102/700]: mean_loss=0.029660907573997974
Online_Training [103/700]: mean_loss=0.02641989818463723
Online_Training [104/700]: mean_loss=0.04295793051520983
Online_Training [105/700]: mean_loss=0.02679367767026027
Online_Training [106/700]: mean_loss=0.02987484261393547
Online_Training [107/700]: mean_loss=0.029226632478336494
Online_Training [108/700]: mean_loss=0.018330262353022892
Online_Training [109/700]: mean_loss=0.020478933739165466
Online_Training [110/700]: mean_loss=0.00916020463531216
Online_Training [111/700]: mean_loss=0.0619395108272632
Online_Training [112/700]: mean_loss=0.02476203969369332
Online_Training [113/700]: mean_loss=0.024128687257568043
Online_Training [114/700]: mean_loss=0.03625925195713838
Online_Training [115/700]: mean_loss=0.014876758214086294
Online_Training [116/700]: mean_loss=0.00915363027403752
Online_Training [117/700]: mean_loss=0.01764892383168141
Online_Training [118/700]: mean_loss=0.017321701627224684
Online_Training [119/700]: mean_loss=0.011997889882574478
Online_Training [120/700]: mean_loss=0.03328718555470308
Online_Training [121/700]: mean_loss=0.023374063273270924
Online_Training [122/700]: mean_loss=0.020037319511175156
Online_Training [123/700]: mean_loss=0.010438653330008188
Online_Training [124/700]: mean_loss=0.020283581378559273
Online_Training [125/700]: mean_loss=0.01431547524407506
Online_Training [126/700]: mean_loss=0.024038167670369148
Online_Training [127/700]: mean_loss=0.021972186863422394
Online_Training [128/700]: mean_loss=0.01652952718238036
Online_Training [129/700]: mean_loss=0.0045998844628532725
Online_Training [130/700]: mean_loss=0.1256202608346939
Online_Training [131/700]: mean_loss=0.14141091207663217
Online_Training [132/700]: mean_loss=0.029119073102871578
Online_Training [133/700]: mean_loss=0.04814687681694826
Online_Training [134/700]: mean_loss=0.020370139740407467
Online_Training [135/700]: mean_loss=0.0197074090441068
Online_Training [136/700]: mean_loss=0.014506097262104353
Online_Training [137/700]: mean_loss=0.04705721698701382
Online_Training [138/700]: mean_loss=0.04869505949318409
Online_Training [139/700]: mean_loss=0.03265805977086226
Online_Training [140/700]: mean_loss=0.02300457873692115
Online_Training [141/700]: mean_loss=0.019030711613595486
Online_Training [142/700]: mean_loss=0.019116035973032314
Online_Training [143/700]: mean_loss=0.023900301816562813
Online_Training [144/700]: mean_loss=0.017771342769265175
Online_Training [145/700]: mean_loss=0.0682911854237318
Online_Training [146/700]: mean_loss=0.1591437111298243
Online_Training [147/700]: mean_loss=0.041568041468660034
Online_Training [148/700]: mean_loss=0.013785090452680985
Online_Training [149/700]: mean_loss=0.008316521222392717
Online_Training [150/700]: mean_loss=0.026115759275853634
Online_Training [151/700]: mean_loss=0.0075303689421465
Online_Training [152/700]: mean_loss=0.011873693205416203
Online_Training [153/700]: mean_loss=0.02092802431434393
Online_Training [154/700]: mean_loss=0.014993148700644573
Online_Training [155/700]: mean_loss=0.012500225100666285
Online_Training [156/700]: mean_loss=0.08289975548783939
Online_Training [157/700]: mean_loss=0.05482736602425575
Online_Training [158/700]: mean_loss=0.06676917895674706
Online_Training [159/700]: mean_loss=0.020662930173178513
Online_Training [160/700]: mean_loss=0.030371039795378845
Online_Training [161/700]: mean_loss=0.00575636955909431
Online_Training [162/700]: mean_loss=0.01272983057424426
Online_Training [163/700]: mean_loss=0.019898366183042526
Online_Training [164/700]: mean_loss=0.01896091178059578
Online_Training [165/700]: mean_loss=0.012281716025123993
Online_Training [166/700]: mean_loss=0.006534277461469173
Online_Training [167/700]: mean_loss=0.008966424036771059
Online_Training [168/700]: mean_loss=0.010219089842091003
Online_Training [169/700]: mean_loss=0.010838445431242386
Online_Training [170/700]: mean_loss=0.04854931061466535
Online_Training [171/700]: mean_loss=0.03149161860346794
Online_Training [172/700]: mean_loss=0.05397261679172516
Online_Training [173/700]: mean_loss=0.017682313919067383
Online_Training [174/700]: mean_loss=0.01618536530683438
Online_Training [175/700]: mean_loss=0.012062814397116503
Online_Training [176/700]: mean_loss=0.014671229446927706
Online_Training [177/700]: mean_loss=0.09955466414491336
Online_Training [178/700]: mean_loss=0.10223430767655373
Online_Training [179/700]: mean_loss=0.04568628345926603
Online_Training [180/700]: mean_loss=0.015005674678832293
Online_Training [181/700]: mean_loss=0.015153596022476753
Online_Training [182/700]: mean_loss=0.02012202733506759
Online_Training [183/700]: mean_loss=0.010358068936814865
Online_Training [184/700]: mean_loss=0.01835611555725336
Online_Training [185/700]: mean_loss=0.02254960499703884
Online_Training [186/700]: mean_loss=0.012599017626295487
Online_Training [187/700]: mean_loss=0.027361005855103333
Online_Training [188/700]: mean_loss=0.031269014502565064
Online_Training [189/700]: mean_loss=0.01583474703753988
Online_Training [190/700]: mean_loss=0.08182841291030248
Online_Training [191/700]: mean_loss=0.08456633612513542
Online_Training [192/700]: mean_loss=0.015215810698767504
Online_Training [193/700]: mean_loss=0.030037249128023785
Online_Training [194/700]: mean_loss=0.02564236707985401
Online_Training [195/700]: mean_loss=0.017260947575171787
Online_Training [196/700]: mean_loss=0.2108190730214119
Online_Training [197/700]: mean_loss=0.08232387403647105
Online_Training [198/700]: mean_loss=0.02811641525477171
Online_Training [199/700]: mean_loss=0.01959275392194589
Online_Training [200/700]: mean_loss=0.1097838282585144
Online_Training [201/700]: mean_loss=0.14717725167671838
Online_Training [202/700]: mean_loss=0.012520471898217997
Online_Training [203/700]: mean_loss=0.043338775634765625
Online_Training [204/700]: mean_loss=0.015619393903762102
Online_Training [205/700]: mean_loss=0.009563497733324766
Online_Training [206/700]: mean_loss=0.025137780234217644
Online_Training [207/700]: mean_loss=0.024787723397215206
Online_Training [208/700]: mean_loss=0.021521343228717644
Online_Training [209/700]: mean_loss=0.010238426582266888
Online_Training [210/700]: mean_loss=0.03822115622460842
Online_Training [211/700]: mean_loss=0.023626481493314106
Online_Training [212/700]: mean_loss=0.00939812899256746
Online_Training [213/700]: mean_loss=0.01152997991691033
Online_Training [214/700]: mean_loss=0.10942855725685756
Online_Training [215/700]: mean_loss=0.06801535810033481
Online_Training [216/700]: mean_loss=0.014481602081408104
Online_Training [217/700]: mean_loss=0.01565237855538726
Online_Training [218/700]: mean_loss=0.01453142442430059
Online_Training [219/700]: mean_loss=0.016225732242067654
Online_Training [220/700]: mean_loss=0.018102319290240605
Online_Training [221/700]: mean_loss=0.01817940811937054
Online_Training [222/700]: mean_loss=0.01475126063451171
Online_Training [223/700]: mean_loss=0.008659483166411519
Online_Training [224/700]: mean_loss=0.01229264447465539
Online_Training [225/700]: mean_loss=0.007406184061740835
Online_Training [226/700]: mean_loss=0.005872477777302265
Online_Training [227/700]: mean_loss=0.027012668550014496
Online_Training [228/700]: mean_loss=0.028191831273337204
Online_Training [229/700]: mean_loss=0.01952900489171346
Online_Training [230/700]: mean_loss=0.007870582320416966
Online_Training [231/700]: mean_loss=0.020977023678521316
Online_Training [232/700]: mean_loss=0.014407323828587929
Online_Training [233/700]: mean_loss=0.008435636448363463
Online_Training [234/700]: mean_loss=0.0034975751380746565
Online_Training [235/700]: mean_loss=0.014026791788637638
Online_Training [236/700]: mean_loss=0.018170025820533436
Online_Training [237/700]: mean_loss=0.016255862545222044
Online_Training [238/700]: mean_loss=0.012726293100665012
Online_Training [239/700]: mean_loss=0.09312695637345314
Online_Training [240/700]: mean_loss=0.01972548570483923
Online_Training [241/700]: mean_loss=0.019757196307182312
Online_Training [242/700]: mean_loss=0.0049461548527081805
Online_Training [243/700]: mean_loss=0.013272675840804974
Online_Training [244/700]: mean_loss=0.11286260187625885
Online_Training [245/700]: mean_loss=0.1363885154326757
Online_Training [246/700]: mean_loss=0.01617867189149062
Online_Training [247/700]: mean_loss=0.02178785391151905
Online_Training [248/700]: mean_loss=0.0450117252767086
Online_Training [249/700]: mean_loss=0.008206477078298727
Online_Training [250/700]: mean_loss=0.013369025041659674
Online_Training [251/700]: mean_loss=0.015114653545121351
Online_Training [252/700]: mean_loss=0.019532646983861923
Online_Training [253/700]: mean_loss=0.004234963601144652
Online_Training [254/700]: mean_loss=0.015155031190564236
Online_Training [255/700]: mean_loss=0.009641161654144526
Online_Training [256/700]: mean_loss=0.01211500292023023
Online_Training [257/700]: mean_loss=0.014817887141058842
Online_Training [258/700]: mean_loss=0.011064563722660145
Online_Training [259/700]: mean_loss=0.009747118533899387
Online_Training [260/700]: mean_loss=0.009240150917321444
Online_Training [261/700]: mean_loss=0.017710456314186256
Online_Training [262/700]: mean_loss=0.019805888024469216
Online_Training [263/700]: mean_loss=0.017425889149308205
Online_Training [264/700]: mean_loss=0.009869227185845375
Online_Training [265/700]: mean_loss=0.018917556231220562
Online_Training [266/700]: mean_loss=0.008206961676478386
Online_Training [267/700]: mean_loss=0.008994755490372578
Online_Training [268/700]: mean_loss=0.022334310847024124
Online_Training [269/700]: mean_loss=0.020757644126812618
Online_Training [270/700]: mean_loss=0.007949450441325704
Online_Training [271/700]: mean_loss=0.013924153366436562
Online_Training [272/700]: mean_loss=0.01020436299343904
Online_Training [273/700]: mean_loss=0.011535201066484055
Online_Training [274/700]: mean_loss=0.014655921918650469
Online_Training [275/700]: mean_loss=0.029546448029577732
Online_Training [276/700]: mean_loss=0.0370371975004673
Online_Training [277/700]: mean_loss=0.014673772423217693
Online_Training [278/700]: mean_loss=0.01138238562270999
Online_Training [279/700]: mean_loss=0.01427073497325182
Online_Training [280/700]: mean_loss=0.006256680469959974
Online_Training [281/700]: mean_loss=0.02847718944152196
Online_Training [282/700]: mean_loss=0.0058644012703249855
Online_Training [283/700]: mean_loss=0.006384358353291948
Online_Training [284/700]: mean_loss=0.022373056039214134
Online_Training [285/700]: mean_loss=0.007809627723569672
Online_Training [286/700]: mean_loss=0.01003747604166468
Online_Training [287/700]: mean_loss=0.022245722512404125
Online_Training [288/700]: mean_loss=0.007994695256153742
Online_Training [289/700]: mean_loss=0.00902103508512179
Online_Training [290/700]: mean_loss=0.012616575385133425
Online_Training [291/700]: mean_loss=0.00782434867384533
Online_Training [292/700]: mean_loss=0.008794514772792658
Online_Training [293/700]: mean_loss=0.013682501235355934
Online_Training [294/700]: mean_loss=0.004703128167117636
Online_Training [295/700]: mean_loss=0.007342855523650845
Online_Training [296/700]: mean_loss=0.011121598227570454
Online_Training [297/700]: mean_loss=0.014357429929077625
Online_Training [298/700]: mean_loss=0.0290291765704751
Online_Training [299/700]: mean_loss=0.017352689057588577
Online_Training [300/700]: mean_loss=0.006347561565538247
Online_Training [301/700]: mean_loss=0.010561318757633368
Online_Training [302/700]: mean_loss=0.020656864779690903
Online_Training [303/700]: mean_loss=0.00905935326591134
Online_Training [304/700]: mean_loss=0.010713967960327864
Online_Training [305/700]: mean_loss=0.01282326535632213
Online_Training [306/700]: mean_loss=0.017109097602466743
Online_Training [307/700]: mean_loss=0.01980849045018355
Online_Training [308/700]: mean_loss=0.012897293704251448
Online_Training [309/700]: mean_loss=0.02690844548245271
Online_Training [310/700]: mean_loss=0.013373644401629766
Online_Training [311/700]: mean_loss=0.038393531615535416
Online_Training [312/700]: mean_loss=0.02426565469553073
Online_Training [313/700]: mean_loss=0.005153615299301843
Online_Training [314/700]: mean_loss=0.01261081825941801
Online_Training [315/700]: mean_loss=0.010468057822436094
Online_Training [316/700]: mean_loss=0.00934328573445479
Online_Training [317/700]: mean_loss=0.013343683443963528
Online_Training [318/700]: mean_loss=0.008699686266481876
Online_Training [319/700]: mean_loss=0.01224421119938294
Online_Training [320/700]: mean_loss=0.011666226976861557
Online_Training [321/700]: mean_loss=0.011852565066268047
Online_Training [322/700]: mean_loss=0.013633873468885819
Online_Training [323/700]: mean_loss=0.011625446379184723
Online_Training [324/700]: mean_loss=0.007734893122687936
Online_Training [325/700]: mean_loss=0.014290214516222477
Online_Training [326/700]: mean_loss=0.01172046052912871
Online_Training [327/700]: mean_loss=0.015486336313188076
Online_Training [328/700]: mean_loss=0.014803386603792509
Online_Training [329/700]: mean_loss=0.008293975455065569
Online_Training [330/700]: mean_loss=0.004521483982292314
Online_Training [331/700]: mean_loss=0.018658189103007317
Online_Training [332/700]: mean_loss=0.004090715238514046
Online_Training [333/700]: mean_loss=0.010024191346019506
Online_Training [334/700]: mean_loss=0.011949210272481045
Online_Training [335/700]: mean_loss=0.021619708587725956
Online_Training [336/700]: mean_loss=0.020854933187365532
Online_Training [337/700]: mean_loss=0.011095182659725348
Online_Training [338/700]: mean_loss=0.009461108207081756
Online_Training [339/700]: mean_loss=0.009670663469781479
Online_Training [340/700]: mean_loss=0.011045497066030899
Online_Training [341/700]: mean_loss=0.00550178112462163
Online_Training [342/700]: mean_loss=0.006691933066273729
Online_Training [343/700]: mean_loss=0.007436720576758186
Online_Training [344/700]: mean_loss=0.01758721067259709
Online_Training [345/700]: mean_loss=0.01696134079247713
Online_Training [346/700]: mean_loss=0.008202658966183662
Online_Training [347/700]: mean_loss=0.01000187530492743
Online_Training [348/700]: mean_loss=0.00633421524738272
Online_Training [349/700]: mean_loss=0.007163427071645856
Online_Training [350/700]: mean_loss=0.01428981094310681
Online_Training [351/700]: mean_loss=0.019215191714465618
Online_Training [352/700]: mean_loss=0.010461559363951286
Online_Training [353/700]: mean_loss=0.009027363577236732
Online_Training [354/700]: mean_loss=0.014031794698288044
Online_Training [355/700]: mean_loss=0.015815516623357933
Online_Training [356/700]: mean_loss=0.012179264643539986
Online_Training [357/700]: mean_loss=0.014116127975285053
Online_Training [358/700]: mean_loss=0.008249676475922266
Online_Training [359/700]: mean_loss=0.04791133664548397
Online_Training [360/700]: mean_loss=0.11036954075098038
Online_Training [361/700]: mean_loss=0.007943515898659825
Online_Training [362/700]: mean_loss=0.025003397837281227
Online_Training [363/700]: mean_loss=0.01231340691447258
Online_Training [364/700]: mean_loss=0.024715053228040535
Online_Training [365/700]: mean_loss=0.015776084270328283
Online_Training [366/700]: mean_loss=0.020340343626836937
Online_Training [367/700]: mean_loss=0.009703747152040402
Online_Training [368/700]: mean_loss=0.005396998875464003
Online_Training [369/700]: mean_loss=0.013081446134795746
Online_Training [370/700]: mean_loss=0.012063161469995975
Online_Training [371/700]: mean_loss=0.00670288138402005
Online_Training [372/700]: mean_loss=0.008579206963380178
Online_Training [373/700]: mean_loss=0.011796790330360333
Online_Training [374/700]: mean_loss=0.015102640260010958
Online_Training [375/700]: mean_loss=0.0181856038980186
Online_Training [376/700]: mean_loss=0.007418096298351884
Online_Training [377/700]: mean_loss=0.02376055686424176
Online_Training [378/700]: mean_loss=0.0067263074064006405
Online_Training [379/700]: mean_loss=0.008188052335754037
Online_Training [380/700]: mean_loss=0.015183705681314072
Online_Training [381/700]: mean_loss=0.018392159293095272
Online_Training [382/700]: mean_loss=0.003828691551461816
Online_Training [383/700]: mean_loss=0.022718134957055252
Online_Training [384/700]: mean_loss=0.004013970571880539
Online_Training [385/700]: mean_loss=0.01679967561115821
Online_Training [386/700]: mean_loss=0.011780864869554838
Online_Training [387/700]: mean_loss=0.005451429324845473
Online_Training [388/700]: mean_loss=0.005863940265650551
Online_Training [389/700]: mean_loss=0.008435332061101994
Online_Training [390/700]: mean_loss=0.005533809696013729
Online_Training [391/700]: mean_loss=0.010099051365007957
Online_Training [392/700]: mean_loss=0.006380453395346801
Online_Training [393/700]: mean_loss=0.011904831820478043
Online_Training [394/700]: mean_loss=0.009528535728653273
Online_Training [395/700]: mean_loss=0.006685116173078616
Online_Training [396/700]: mean_loss=0.017309279491504032
Online_Training [397/700]: mean_loss=0.17608391990264258
Online_Training [398/700]: mean_loss=0.08460920676589012
Online_Training [399/700]: mean_loss=0.010860169772058725
Online_Training [400/700]: mean_loss=0.07629032308856647
Online_Training [401/700]: mean_loss=0.0865205464263757
Online_Training [402/700]: mean_loss=0.016638040853043396
Online_Training [403/700]: mean_loss=0.04850765566031138
Online_Training [404/700]: mean_loss=0.009795375944425663
Online_Training [405/700]: mean_loss=0.005347136020039518
Online_Training [406/700]: mean_loss=0.004706924548372626
Online_Training [407/700]: mean_loss=0.007091762187580268
Online_Training [408/700]: mean_loss=0.010426904540508986
Online_Training [409/700]: mean_loss=0.1316644661128521
Online_Training [410/700]: mean_loss=0.07182677338520686
Online_Training [411/700]: mean_loss=0.025627749040722847
Online_Training [412/700]: mean_loss=0.005835091617579262
Online_Training [413/700]: mean_loss=0.006885476876050234
Online_Training [414/700]: mean_loss=0.007044450535128514
Online_Training [415/700]: mean_loss=0.010980220045894384
Online_Training [416/700]: mean_loss=0.039015687381227813
Online_Training [417/700]: mean_loss=0.01567059305186073
Online_Training [418/700]: mean_loss=0.00604254628221194
Online_Training [419/700]: mean_loss=0.017908561353882153
Online_Training [420/700]: mean_loss=0.011586465872824192
Online_Training [421/700]: mean_loss=0.009306708971659342
Online_Training [422/700]: mean_loss=0.007597674460460742
Online_Training [423/700]: mean_loss=0.014782915357500315
Online_Training [424/700]: mean_loss=0.005760522559285164
Online_Training [425/700]: mean_loss=0.06303899238506953
Online_Training [426/700]: mean_loss=0.13458977018793425
Online_Training [427/700]: mean_loss=0.008129243894169727
Online_Training [428/700]: mean_loss=0.010886060229192177
Online_Training [429/700]: mean_loss=0.020286800029377144
Online_Training [430/700]: mean_loss=0.015751531813293695
Online_Training [431/700]: mean_loss=0.012459163088351488
Online_Training [432/700]: mean_loss=0.010956790143003067
Online_Training [433/700]: mean_loss=0.014396621535221735
Online_Training [434/700]: mean_loss=0.024043288081884384
Online_Training [435/700]: mean_loss=0.007608739115918676
Online_Training [436/700]: mean_loss=0.025466077961027622
Online_Training [437/700]: mean_loss=0.009622739550347129
Online_Training [438/700]: mean_loss=0.11497912555932999
Online_Training [439/700]: mean_loss=0.01941655141611894
Online_Training [440/700]: mean_loss=0.06443025109668572
Online_Training [441/700]: mean_loss=0.0853436669955651
Online_Training [442/700]: mean_loss=0.02413019010176261
Online_Training [443/700]: mean_loss=0.034675804898142815
Online_Training [444/700]: mean_loss=0.03133917382607857
Online_Training [445/700]: mean_loss=0.018195057132591803
Online_Training [446/700]: mean_loss=0.011251308644811312
Online_Training [447/700]: mean_loss=0.01640351287399729
Online_Training [448/700]: mean_loss=0.013244088428715864
Online_Training [449/700]: mean_loss=0.0036977149235705533
Online_Training [450/700]: mean_loss=0.014346956896285215
Online_Training [451/700]: mean_loss=0.010194274286429087
Online_Training [452/700]: mean_loss=0.023490505913893383
Online_Training [453/700]: mean_loss=0.006679399249454339
Online_Training [454/700]: mean_loss=0.013422950791815916
Online_Training [455/700]: mean_loss=0.012492553175737461
Online_Training [456/700]: mean_loss=0.01159071084111929
Online_Training [457/700]: mean_loss=0.007769563157732288
Online_Training [458/700]: mean_loss=0.005973851541057229
Online_Training [459/700]: mean_loss=0.010351288598030806
Online_Training [460/700]: mean_loss=0.006024207066123684
Online_Training [461/700]: mean_loss=0.008358812890946865
Online_Training [462/700]: mean_loss=0.02362830564379692
Online_Training [463/700]: mean_loss=0.006703248945996165
Online_Training [464/700]: mean_loss=0.009773846250027418
Online_Training [465/700]: mean_loss=0.012230398754278818
Online_Training [466/700]: mean_loss=0.010956968646496534
Online_Training [467/700]: mean_loss=0.022959394690891106
Online_Training [468/700]: mean_loss=0.006568100846682985
Online_Training [469/700]: mean_loss=0.011037379037588835
Online_Training [470/700]: mean_loss=0.014797179649273554
Online_Training [471/700]: mean_loss=0.015392748483767113
Online_Training [472/700]: mean_loss=0.00651539924244086
Online_Training [473/700]: mean_loss=0.005454571219161153
Online_Training [474/700]: mean_loss=0.0053105768747627735
Online_Training [475/700]: mean_loss=0.007496032475804289
Online_Training [476/700]: mean_loss=0.006083967164158821
Online_Training [477/700]: mean_loss=0.006705316016450524
Online_Training [478/700]: mean_loss=0.0043390529075016575
Online_Training [479/700]: mean_loss=0.008209458086639643
Online_Training [480/700]: mean_loss=0.01196842904513081
Online_Training [481/700]: mean_loss=0.01449893368408084
Online_Training [482/700]: mean_loss=0.015043760339419046
Online_Training [483/700]: mean_loss=0.007235041819512844
Online_Training [484/700]: mean_loss=0.007837751104185978
Online_Training [485/700]: mean_loss=0.0044898580138882
Online_Training [486/700]: mean_loss=0.01017827222434183
Online_Training [487/700]: mean_loss=0.0041551570951317745
Online_Training [488/700]: mean_loss=0.018470162836213905
Online_Training [489/700]: mean_loss=0.01883492587755124
Online_Training [490/700]: mean_loss=0.017329556867480278
Online_Training [491/700]: mean_loss=0.006718589225783944
Online_Training [492/700]: mean_loss=0.0047695894027128816
Online_Training [493/700]: mean_loss=0.004611930189033349
Online_Training [494/700]: mean_loss=0.01022717465336124
Online_Training [495/700]: mean_loss=0.004707905657899876
Online_Training [496/700]: mean_loss=0.007914017187431455
Online_Training [497/700]: mean_loss=0.01772593877588709
Online_Training [498/700]: mean_loss=0.023805059182147186
Online_Training [499/700]: mean_loss=0.03770249585310618
Online_Training [500/700]: mean_loss=0.05570156313478947
Online_Training [501/700]: mean_loss=0.12114994724591573
Online_Training [502/700]: mean_loss=0.015041795248786608
Online_Training [503/700]: mean_loss=0.009462314813087383
Online_Training [504/700]: mean_loss=0.015016800568749508
Online_Training [505/700]: mean_loss=0.003746824571862817
Online_Training [506/700]: mean_loss=0.011265793504814306
Online_Training [507/700]: mean_loss=0.023990377162893612
Online_Training [508/700]: mean_loss=0.009533627657219768
Online_Training [509/700]: mean_loss=0.016930350102484226
Online_Training [510/700]: mean_loss=0.011708904212961594
Online_Training [511/700]: mean_loss=0.004534464407091339
Online_Training [512/700]: mean_loss=0.023685165991385777
Online_Training [513/700]: mean_loss=0.0167736674969395
Online_Training [514/700]: mean_loss=0.012302096777906021
Online_Training [515/700]: mean_loss=0.019187612148622673
Online_Training [516/700]: mean_loss=0.008819900608311096
Online_Training [517/700]: mean_loss=0.011975700656572977
Online_Training [518/700]: mean_loss=0.00382108004608502
Online_Training [519/700]: mean_loss=0.004177414268876116
Online_Training [520/700]: mean_loss=0.028118814031283062
Online_Training [521/700]: mean_loss=0.003822835705553492
Online_Training [522/700]: mean_loss=0.015364464372396469
Online_Training [523/700]: mean_loss=0.005748050753027201
Online_Training [524/700]: mean_loss=0.01623399027933677
Online_Training [525/700]: mean_loss=0.008703145974626144
Online_Training [526/700]: mean_loss=0.0069344870280474424
Online_Training [527/700]: mean_loss=0.006799611728638411
Online_Training [528/700]: mean_loss=0.01357274983699123
Online_Training [529/700]: mean_loss=0.00271053445370247
Online_Training [530/700]: mean_loss=0.006338897394016385
Online_Training [531/700]: mean_loss=0.02535889359811942
Online_Training [532/700]: mean_loss=0.005524961122622092
Online_Training [533/700]: mean_loss=0.0055114329637338715
Online_Training [534/700]: mean_loss=0.0069329320297886925
Online_Training [535/700]: mean_loss=0.011742788211752972
Online_Training [536/700]: mean_loss=0.007401768040532867
Online_Training [537/700]: mean_loss=0.004258746126045783
Online_Training [538/700]: mean_loss=0.012060937006026506
Online_Training [539/700]: mean_loss=0.006173998117446899
Online_Training [540/700]: mean_loss=0.005125143953288595
Online_Training [541/700]: mean_loss=0.01227641012519598
Online_Training [542/700]: mean_loss=0.09448747957746188
Online_Training [543/700]: mean_loss=0.0678860992193222
Online_Training [544/700]: mean_loss=0.009939130395650864
Online_Training [545/700]: mean_loss=0.01148931821808219
Online_Training [546/700]: mean_loss=0.005840570045014222
Online_Training [547/700]: mean_loss=0.008900836342945695
Online_Training [548/700]: mean_loss=0.016501453705132008
Online_Training [549/700]: mean_loss=0.008879810261229673
Online_Training [550/700]: mean_loss=0.019175144222875435
Online_Training [551/700]: mean_loss=0.005431495374068618
Online_Training [552/700]: mean_loss=0.01382840642084678
Online_Training [553/700]: mean_loss=0.013098609012862047
Online_Training [554/700]: mean_loss=0.005871062089378635
Online_Training [555/700]: mean_loss=0.014351554525395235
Online_Training [556/700]: mean_loss=0.012883893524607023
Online_Training [557/700]: mean_loss=0.007403910780946414
Online_Training [558/700]: mean_loss=0.0063162954368939
Online_Training [559/700]: mean_loss=0.012782469857484102
Online_Training [560/700]: mean_loss=0.014486191949496666
Online_Training [561/700]: mean_loss=0.014749953212837378
Online_Training [562/700]: mean_loss=0.00305666821077466
Online_Training [563/700]: mean_loss=0.01775258034467697
Online_Training [564/700]: mean_loss=0.18780921896298727
Online_Training [565/700]: mean_loss=0.04425565029184023
Online_Training [566/700]: mean_loss=0.009985830169171095
Online_Training [567/700]: mean_loss=0.010762212332338095
Online_Training [568/700]: mean_loss=0.01087424298748374
Online_Training [569/700]: mean_loss=0.00932912869999806
Online_Training [570/700]: mean_loss=0.010824285913258791
Online_Training [571/700]: mean_loss=0.004880395174647371
Online_Training [572/700]: mean_loss=0.004652649552250902
Online_Training [573/700]: mean_loss=0.009171361879756054
Online_Training [574/700]: mean_loss=0.012176278668145338
Online_Training [575/700]: mean_loss=0.010534746882816156
Online_Training [576/700]: mean_loss=0.008639592832575241
Online_Training [577/700]: mean_loss=0.012479323893785477
Online_Training [578/700]: mean_loss=0.005564186877260606
Online_Training [579/700]: mean_loss=0.008014173246920109
Online_Training [580/700]: mean_loss=0.006909842214857538
Online_Training [581/700]: mean_loss=0.006063717495029171
Online_Training [582/700]: mean_loss=0.012990480133642754
Online_Training [583/700]: mean_loss=0.01073998057593902
Online_Training [584/700]: mean_loss=0.008900906192138791
Online_Training [585/700]: mean_loss=0.007354437451188763
Online_Training [586/700]: mean_loss=0.016305624196926754
Online_Training [587/700]: mean_loss=0.012801269379754862
Online_Training [588/700]: mean_loss=0.01054695900529623
Online_Training [589/700]: mean_loss=0.010492969769984484
Online_Training [590/700]: mean_loss=0.008219606398294369
Online_Training [591/700]: mean_loss=0.014231542901446423
Online_Training [592/700]: mean_loss=0.012555877057214579
Online_Training [593/700]: mean_loss=0.007632216826702158
Online_Training [594/700]: mean_loss=0.006995290828247865
Online_Training [595/700]: mean_loss=0.014113331989695629
Online_Training [596/700]: mean_loss=0.008090430870652199
Online_Training [597/700]: mean_loss=0.005858315077299873
Online_Training [598/700]: mean_loss=0.014236378017812967
Online_Training [599/700]: mean_loss=0.011100255729009708
Online_Training [600/700]: mean_loss=0.0070595773092160625
Online_Training [601/700]: mean_loss=0.004286597909716268
Online_Training [602/700]: mean_loss=0.013495848203698793
Online_Training [603/700]: mean_loss=0.005188419328381618
Online_Training [604/700]: mean_loss=0.012430126313120127
Online_Training [605/700]: mean_loss=0.004468150592098634
Online_Training [606/700]: mean_loss=0.006263148815681537
Online_Training [607/700]: mean_loss=0.01699590714027484
Online_Training [608/700]: mean_loss=0.005405795838062962
Online_Training [609/700]: mean_loss=0.0051116186659783125
Online_Training [610/700]: mean_loss=0.0020552811911329627
Online_Training [611/700]: mean_loss=0.020512856543064117
Online_Training [612/700]: mean_loss=0.00599379053649803
Online_Training [613/700]: mean_loss=0.00471972410256664
Online_Training [614/700]: mean_loss=0.007757432681197922
Online_Training [615/700]: mean_loss=0.00485461950302124
Online_Training [616/700]: mean_loss=0.010789343155920506
Online_Training [617/700]: mean_loss=0.01197842430944244
Online_Training [618/700]: mean_loss=0.010519470864286026
Online_Training [619/700]: mean_loss=0.006517508144800861
Online_Training [620/700]: mean_loss=0.015251632469395796
Online_Training [621/700]: mean_loss=0.007829837268218398
Online_Training [622/700]: mean_loss=0.013882131626208624
Online_Training [623/700]: mean_loss=0.019752291962504387
Online_Training [624/700]: mean_loss=0.11817628393570583
Online_Training [625/700]: mean_loss=0.0231625959277153
Online_Training [626/700]: mean_loss=0.012111621132741371
Online_Training [627/700]: mean_loss=0.01107806588212649
Online_Training [628/700]: mean_loss=0.006823792199914654
Online_Training [629/700]: mean_loss=0.008035426260903478
Online_Training [630/700]: mean_loss=0.015074559797843298
Online_Training [631/700]: mean_loss=0.0069035265284279985
Online_Training [632/700]: mean_loss=0.00425471446942538
Online_Training [633/700]: mean_loss=0.005672678894673784
Online_Training [634/700]: mean_loss=0.005604663165286183
Online_Training [635/700]: mean_loss=0.007810534055655201
Online_Training [636/700]: mean_loss=0.004290425373862187
Online_Training [637/700]: mean_loss=0.027030570432543755
Online_Training [638/700]: mean_loss=0.012768509952972332
Online_Training [639/700]: mean_loss=0.03195359744131565
Online_Training [640/700]: mean_loss=0.07620990897218387
Online_Training [641/700]: mean_loss=0.022726954892277718
Online_Training [642/700]: mean_loss=0.022995072106520336
Online_Training [643/700]: mean_loss=0.010960706043988466
Online_Training [644/700]: mean_loss=0.008570076587299505
Online_Training [645/700]: mean_loss=0.008189870975911617
Online_Training [646/700]: mean_loss=0.012357412992666164
Online_Training [647/700]: mean_loss=0.01647449905673663
Online_Training [648/700]: mean_loss=0.009439732724179825
Online_Training [649/700]: mean_loss=0.009230475407093763
Online_Training [650/700]: mean_loss=0.010773372836411
Online_Training [651/700]: mean_loss=0.013726763582477966
Online_Training [652/700]: mean_loss=0.014935032309343418
Online_Training [653/700]: mean_loss=0.009625944774597883
Online_Training [654/700]: mean_loss=0.004381639184430242
Online_Training [655/700]: mean_loss=0.10118549068768819
Online_Training [656/700]: mean_loss=0.02317935104171435
Online_Training [657/700]: mean_loss=0.011432867497205734
Online_Training [658/700]: mean_loss=0.013517950661480427
Online_Training [659/700]: mean_loss=0.0043449200845013065
Online_Training [660/700]: mean_loss=0.006411371209348242
Online_Training [661/700]: mean_loss=0.007276039492959778
Online_Training [662/700]: mean_loss=0.015618847217410803
Online_Training [663/700]: mean_loss=0.010207885255416235
Online_Training [664/700]: mean_loss=0.012942295366277298
Online_Training [665/700]: mean_loss=0.0063079288229346275
Online_Training [666/700]: mean_loss=0.003368428248601655
Online_Training [667/700]: mean_loss=0.009331662207841873
Online_Training [668/700]: mean_loss=0.01908014373232921
Online_Training [669/700]: mean_loss=0.007090319413691759
Online_Training [670/700]: mean_loss=0.00729155819863081
Online_Training [671/700]: mean_loss=0.004621434491127729
Online_Training [672/700]: mean_loss=0.004988786376391848
Online_Training [673/700]: mean_loss=0.0098070097155869
Online_Training [674/700]: mean_loss=0.009998041825989882
Online_Training [675/700]: mean_loss=0.022531914835174877
Online_Training [676/700]: mean_loss=0.017535855372746784
Online_Training [677/700]: mean_loss=0.014546777432163557
Online_Training [678/700]: mean_loss=0.018570107718308766
Online_Training [679/700]: mean_loss=0.004415269164989392
Online_Training [680/700]: mean_loss=0.00968473544344306
Online_Training [681/700]: mean_loss=0.007147695015495022
Online_Training [682/700]: mean_loss=0.008533448679372668
Online_Training [683/700]: mean_loss=0.007230313106750448
Online_Training [684/700]: mean_loss=0.08223539466659228
Online_Training [685/700]: mean_loss=0.014159674601008495
Online_Training [686/700]: mean_loss=0.026284612094362576
Online_Training [687/700]: mean_loss=0.015863392657289904
Online_Training [688/700]: mean_loss=0.028426501899957657
Online_Training [689/700]: mean_loss=0.012771842380364736
Online_Training [690/700]: mean_loss=0.01708359271287918
Online_Training [691/700]: mean_loss=0.014067082044978937
Online_Training [692/700]: mean_loss=0.015094889793545008
Online_Training [693/700]: mean_loss=0.02036891815563043
Online_Training [694/700]: mean_loss=0.008411123572538296
Online_Training [695/700]: mean_loss=0.013347962405532598
Online_Training [696/700]: mean_loss=0.008557516150176525
Online_Training [697/700]: mean_loss=0.011522302869707346
Online_Training [698/700]: mean_loss=0.00610724906437099
Online_Training [699/700]: mean_loss=0.009240394147733847
Online_Training [700/700]: mean_loss=0.0109480534059306
Number of Samples after Autoencoder testing: 300
First Spike after testing: [-0.8097791  1.9676193]
[2, 0, 1, 2, 0, 2, 0, 2, 0, 1, 2, 0, 1, 0, 1, 1, 2, 1, 0, 0, 1, 0, 1, 1, 0, 0, 1, 0, 1, 0, 0, 0, 0, 2, 1, 2, 2, 0, 2, 0, 0, 2, 2, 1, 2, 0, 2, 1, 0, 2, 0, 1, 1, 0, 1, 1, 2, 0, 1, 2, 1, 1, 1, 0, 1, 2, 1, 2, 0, 0, 2, 1, 1, 2, 0, 1, 1, 0, 2, 2, 0, 2, 2, 1, 2, 2, 0, 2, 0, 1, 0, 0, 2, 1, 1, 0, 2, 0, 0, 1, 0, 2, 1, 2, 1, 1, 0, 2, 1, 1, 2, 2, 2, 2, 1, 1, 0, 2, 0, 2, 2, 0, 0, 0, 2, 0, 0, 2, 1, 0, 0, 1, 2, 2, 1, 0, 1, 2, 0, 2, 2, 2, 1, 1, 2, 2, 0, 2, 0, 2, 2, 1, 2, 2, 1, 2, 0, 0, 2, 2, 2, 0, 0, 2, 0, 2, 2, 1, 1, 1, 2, 2, 1, 1, 0, 2, 1, 2, 0, 2, 1, 2, 0, 1, 0, 1, 0, 2, 0, 1, 1, 1, 0, 2, 0, 2, 1, 2, 2, 0, 1, 2, 0, 2, 0, 1, 2, 1, 1, 1, 0, 0, 0, 0, 0, 1, 2, 0, 0, 2, 1, 0, 0, 1, 2, 2, 0, 2, 2, 2, 1, 1, 0, 2, 0, 2, 1, 0, 2, 2, 2, 2, 0, 1, 1, 0, 2, 2, 0, 1, 0, 0, 2, 1, 2, 0, 2, 0, 1, 2, 0, 1, 1, 2, 2, 2, 1, 2, 0, 0, 1, 2, 0, 1, 2, 2, 2, 0, 1, 1, 2, 0, 0, 1, 0, 0, 2, 0, 2, 1, 2, 2, 1, 0, 2, 1, 1, 0, 1, 2]
[0, 1, 2, 0, 1, 0, 1, 0, 1, 2, 0, 1, 2, 1, 2, 2, 0, 2, 1, 1, 2, 1, 2, 2, 1, 1, 2, 1, 2, 1, 1, 1, 1, 0, 2, 0, 0, 1, 0, 1, 1, 0, 0, 2, 0, 1, 0, 2, 1, 0, 1, 2, 2, 1, 2, 2, 0, 1, 2, 0, 2, 2, 2, 1, 2, 0, 2, 0, 1, 1, 0, 2, 2, 0, 1, 2, 2, 1, 0, 0, 1, 0, 0, 2, 0, 0, 1, 0, 1, 2, 1, 1, 0, 2, 2, 1, 0, 1, 1, 2, 1, 0, 2, 0, 2, 2, 1, 0, 2, 2, 0, 0, 0, 0, 2, 2, 1, 0, 1, 0, 0, 1, 1, 1, 0, 1, 1, 0, 2, 1, 1, 2, 0, 0, 2, 1, 1, 0, 1, 0, 0, 0, 2, 2, 0, 0, 1, 0, 1, 0, 0, 2, 0, 0, 2, 0, 1, 1, 0, 0, 0, 1, 1, 0, 1, 0, 0, 2, 2, 2, 0, 0, 2, 2, 1, 0, 2, 0, 1, 0, 2, 0, 1, 2, 1, 2, 1, 0, 1, 2, 2, 2, 1, 0, 1, 0, 2, 0, 0, 1, 2, 0, 1, 0, 1, 2, 0, 2, 2, 2, 1, 1, 1, 1, 1, 2, 0, 1, 1, 0, 2, 1, 1, 2, 0, 0, 1, 0, 0, 0, 2, 2, 1, 0, 1, 0, 2, 1, 0, 0, 0, 0, 1, 2, 2, 1, 0, 0, 1, 2, 1, 1, 0, 2, 0, 1, 0, 1, 2, 0, 1, 2, 2, 0, 0, 0, 2, 0, 1, 1, 2, 0, 1, 1, 0, 0, 0, 1, 2, 0, 0, 1, 1, 2, 1, 1, 0, 1, 0, 2, 0, 0, 2, 1, 0, 2, 2, 1, 1, 0]
Centroids: [[-1.8222274, -1.1328965], [-0.4623536, -0.41229388], [-0.5915068, 1.8483483]]
Centroids: [[-0.5995783, 1.8393047], [-1.8203789, -1.1304346], [-0.40520996, -0.40471905]]
Contingency Matrix: 
[[  0 100   0]
 [  1   3  86]
 [110   0   0]]
[[0, 100, 0], [1, 3, 86], [110, 0, 0]]
[[0, 100, 0], [1, 3, 86], [110, 0, 0]]
[0, 1, 2]
[[-1, 100, 0], [-1, 3, 86], [-1, -1, -1]]
[[-1, -1, -1], [-1, -1, 86], [-1, -1, -1]]
[[-1, -1, -1], [-1, -1, -1], [-1, -1, -1]]
Match_Labels: {2: 0, 0: 1, 1: 2}
New Contingency Matrix: 
[[100   0   0]
 [  3  86   1]
 [  0   0 110]]
New Clustered Label Sequence: [1, 2, 0]
Diagonal_Elements: [100, 86, 110], Sum: 296
All_Elements: [100, 0, 0, 3, 86, 1, 0, 0, 110], Sum: 300
Accuracy: 0.9866666666666667
