Seed: 0
Experiment_path: AE_Model_2/Epochs_2_4_6_8_20/04_Experiment_05_Epochs
Dataset_Path: ../_00_Datasets/03_SimDaten_Quiroga2020/C_Easy1_noise030.mat
Dataset_name: ['03_SimDaten_Quiroga2020', 'C_Easy1_noise030.mat']
Variant_name: Variant_05_Epochs_4
Visualisation_Path: AE_Model_2/Epochs_2_4_6_8_20/04_Experiment_05_Epochs/C_Easy1_noise030.mat/V05_Online_AE_QL/2023_05_11-01_16_52
Normalisation: False
Template Matching: False
Optimising Autoencoder: False
Update Factor: 1
Noisy Batches: False
Noisy Factor: 0.001
Epochs: 4
Batch Size: 1
maximal Spikes for Autoencoder Training : 700
maximal Spikes for Training: 1000
Input Size: 47
Chosen Model: Convolutional Autoencoder
ConvolutionalAutoencoder(
  (encoder): Sequential(
    (0): Conv1d(1, 6, kernel_size=(6,), stride=(1,))
    (1): LeakyReLU(negative_slope=0.01)
    (2): Conv1d(6, 1, kernel_size=(6,), stride=(1,))
    (3): Flatten(start_dim=1, end_dim=-1)
    (4): Linear(in_features=37, out_features=2, bias=True)
  )
  (decoder): Sequential(
    (0): ConvTranspose1d(1, 6, kernel_size=(6,), stride=(1,))
    (1): LeakyReLU(negative_slope=0.01)
    (2): ConvTranspose1d(6, 1, kernel_size=(6,), stride=(1,))
    (3): Flatten(start_dim=1, end_dim=-1)
    (4): Linear(in_features=12, out_features=47, bias=True)
  )
)
MSELoss()
Adam (
Parameter Group 0
    amsgrad: False
    betas: (0.9, 0.999)
    capturable: False
    differentiable: False
    eps: 1e-08
    foreach: None
    fused: False
    lr: 0.001
    maximize: False
    weight_decay: 0
)
---Q Learning Parameters---
Normalisation: False
Punishment Coefficient: 1.5
Alpha: 0.8
Epsilon: 0.01
Gamma: 0.97
Initial Episode Number: 0
Episode Number Coefficient: 1.4
Number of Random Features: 20
Planning Number: 20
Max Random Features: 60
New Episode Number: 72
New Episode Number: 143
New Episode Number: 215
New Episode Number: 286
                 0      1     2      3      4
new_cluster -14.38 -14.16 -5.53 -13.28 -33.85
c1          -14.39 -17.32 -5.45 -14.38 -32.97
c2          -14.49 -17.42 -5.59 -14.35 -33.61
c3          -14.42 -14.50 -5.56 -13.10 -31.54
c4          -14.49 -17.34 -5.54 -13.29 -32.62
\begin{tabular}{lrrrrr}
\toprule
{} &      0 &      1 &     2 &      3 &      4 \\
\midrule
new\_cluster & -14.38 & -14.16 & -5.53 & -13.28 & -33.85 \\
c1          & -14.39 & -17.32 & -5.45 & -14.38 & -32.97 \\
c2          & -14.49 & -17.42 & -5.59 & -14.35 & -33.61 \\
c3          & -14.42 & -14.50 & -5.56 & -13.10 & -31.54 \\
c4          & -14.49 & -17.34 & -5.54 & -13.29 & -32.62 \\
\bottomrule
\end{tabular}

                               0             1  ...            3             4
new_cluster  [-9.0, new_cluster]   [-8.74, c1]  ...  [-7.58, c3]  [-28.45, c4]
c1           [-9.0, new_cluster]  [-12.02, c1]  ...  [-8.67, c3]  [-27.51, c4]
c2           [-9.0, new_cluster]  [-12.07, c1]  ...  [-8.68, c3]  [-28.21, c4]
c3           [-9.0, new_cluster]    [-9.2, c1]  ...  [-7.63, c3]  [-26.08, c4]
c4           [-9.0, new_cluster]  [-11.93, c1]  ...  [-7.85, c3]  [-27.08, c4]

[5 rows x 5 columns]
\begin{tabular}{llllll}
\toprule
{} &                    0 &             1 &            2 &            3 &             4 \\
\midrule
new\_cluster &  [-9.0, new\_cluster] &   [-8.74, c1] &  [-0.07, c2] &  [-7.58, c3] &  [-28.45, c4] \\
c1          &  [-9.0, new\_cluster] &  [-12.02, c1] &  [-0.01, c2] &  [-8.67, c3] &  [-27.51, c4] \\
c2          &  [-9.0, new\_cluster] &  [-12.07, c1] &  [-0.17, c2] &  [-8.68, c3] &  [-28.21, c4] \\
c3          &  [-9.0, new\_cluster] &    [-9.2, c1] &  [-0.13, c2] &  [-7.63, c3] &  [-26.08, c4] \\
c4          &  [-9.0, new\_cluster] &  [-11.93, c1] &   [-0.1, c2] &  [-7.85, c3] &  [-27.08, c4] \\
\bottomrule
\end{tabular}

