Seed: 8
Experiment_path: AE_Model_2/Random_Seeds_DV5//V5_3/Experiment_05_8_opt_temp_noisy
Dataset_Path: ../_00_Datasets/03_SimDaten_Quiroga2020/C_Easy1_noise040.mat
Dataset_name: ['03_SimDaten_Quiroga2020', 'C_Easy1_noise040.mat']
Variant_name: Variant_05_Online_Autoencoder_QLearning_opt_temp_noisy
Visualisation_Path: AE_Model_2/Random_Seeds_DV5//V5_3/Experiment_05_8_opt_temp_noisy/C_Easy1_noise040.mat/Variant_05_Online_Autoencoder_QLearning_opt_temp_noisy/2023_05_04-18_41_14
Normalisation: False
Template Matching: True
Optimising Autoencoder: True
Update Factor: 1
Noisy Batches: True
Noisy Factor: 0.001
Epochs: 8
Batch Size: 1
maximal Spikes for Autoencoder Training : 700
maximal Spikes for Training: 1000
Input Size: 47
Chosen Model: Convolutional Autoencoder
ConvolutionalAutoencoder(
  (encoder): Sequential(
    (0): Conv1d(1, 6, kernel_size=(6,), stride=(1,))
    (1): LeakyReLU(negative_slope=0.01)
    (2): Conv1d(6, 1, kernel_size=(6,), stride=(1,))
    (3): Flatten(start_dim=1, end_dim=-1)
    (4): Linear(in_features=37, out_features=2, bias=True)
  )
  (decoder): Sequential(
    (0): ConvTranspose1d(1, 6, kernel_size=(6,), stride=(1,))
    (1): LeakyReLU(negative_slope=0.01)
    (2): ConvTranspose1d(6, 1, kernel_size=(6,), stride=(1,))
    (3): Flatten(start_dim=1, end_dim=-1)
    (4): Linear(in_features=12, out_features=47, bias=True)
  )
)
MSELoss()
Adam (
Parameter Group 0
    amsgrad: False
    betas: (0.9, 0.999)
    capturable: False
    differentiable: False
    eps: 1e-08
    foreach: None
    fused: False
    lr: 0.001
    maximize: False
    weight_decay: 0
)
---Q Learning Parameters---
Normalisation: False
Punishment Coefficient: 1.5
Alpha: 0.8
Epsilon: 0.01
Gamma: 0.97
Initial Episode Number: 0
Episode Number Coefficient: 1.4
Number of Random Features: 20
Planning Number: 20
Max Random Features: 60
New Episode Number: 72
New Episode Number: 143
New Episode Number: 215
New Episode Number: 286
New Episode Number: 358
New Episode Number: 429
New Episode Number: 500
New Episode Number: 572
New Episode Number: 643
New Episode Number: 715
New Episode Number: 786
New Episode Number: 858
New Episode Number: 929
                 0       1       2       3   ...     10      11      12      13
new_cluster -102.97 -125.96 -167.85 -107.04  ... -97.48 -168.77 -138.07 -195.41
c1          -103.10 -123.59 -167.90 -106.51  ... -97.25 -170.08 -129.76 -195.41
c2          -102.98 -128.68 -168.36 -103.91  ... -96.63 -169.83 -130.80 -195.41
c3          -103.10 -127.10 -163.97 -104.30  ... -96.67 -168.56 -134.29 -195.41
c4          -103.58 -125.41 -160.76 -103.92  ... -96.67 -170.92 -133.27 -195.41
c5          -103.53 -124.00 -165.91 -106.32  ... -96.65 -167.49 -138.64 -195.41
c6          -103.12 -128.88 -175.09 -105.12  ... -95.81 -169.09 -137.80 -195.41
c7          -103.36 -123.66 -166.44 -107.60  ... -96.40 -170.46 -136.49 -195.41
c8          -103.43 -129.43 -163.25 -104.12  ... -97.82 -167.35 -130.88 -195.41
c9          -104.28 -124.89 -157.87 -104.70  ... -97.08 -169.38 -140.90 -195.41
c10         -104.08 -126.75 -170.08 -104.80  ... -97.04 -170.37 -129.90 -195.41
c11         -103.46 -123.91 -167.23 -106.10  ... -98.05 -169.21 -125.96 -195.41
c12         -102.90 -125.14 -163.78 -104.03  ... -97.34 -167.14    0.00    0.00
c13         -102.92 -129.93 -166.33 -104.90  ... -95.70 -166.90    0.00    0.00

[14 rows x 14 columns]
\begin{tabular}{lrrrrrrrrrrrrrr}
\toprule
{} &      0  &      1  &      2  &      3  &      4  &      5  &      6  &      7  &      8  &      9  &     10 &      11 &      12 &      13 \\
\midrule
new\_cluster & -102.97 & -125.96 & -167.85 & -107.04 & -142.64 &  -99.99 & -130.84 & -167.58 & -197.19 & -116.34 & -97.48 & -168.77 & -138.07 & -195.41 \\
c1          & -103.10 & -123.59 & -167.90 & -106.51 & -140.94 &  -98.51 & -130.11 & -167.80 & -197.18 & -120.34 & -97.25 & -170.08 & -129.76 & -195.41 \\
c2          & -102.98 & -128.68 & -168.36 & -103.91 & -139.76 &  -98.18 & -128.74 & -170.47 & -196.88 & -119.43 & -96.63 & -169.83 & -130.80 & -195.41 \\
c3          & -103.10 & -127.10 & -163.97 & -104.30 & -139.46 &  -99.50 & -127.65 & -171.52 & -199.26 & -115.27 & -96.67 & -168.56 & -134.29 & -195.41 \\
c4          & -103.58 & -125.41 & -160.76 & -103.92 & -138.37 & -101.09 & -129.91 & -178.12 & -197.21 & -115.86 & -96.67 & -170.92 & -133.27 & -195.41 \\
c5          & -103.53 & -124.00 & -165.91 & -106.32 & -141.41 & -101.28 & -133.04 & -170.51 & -198.39 & -119.66 & -96.65 & -167.49 & -138.64 & -195.41 \\
c6          & -103.12 & -128.88 & -175.09 & -105.12 & -137.67 &  -97.65 & -129.50 & -169.92 & -196.89 & -117.49 & -95.81 & -169.09 & -137.80 & -195.41 \\
c7          & -103.36 & -123.66 & -166.44 & -107.60 & -142.16 &  -97.94 & -132.69 & -171.90 & -197.34 & -117.85 & -96.40 & -170.46 & -136.49 & -195.41 \\
c8          & -103.43 & -129.43 & -163.25 & -104.12 & -140.58 &  -97.80 & -134.09 & -173.59 & -197.33 & -116.93 & -97.82 & -167.35 & -130.88 & -195.41 \\
c9          & -104.28 & -124.89 & -157.87 & -104.70 & -140.04 &  -99.51 & -127.81 & -171.95 & -196.95 & -117.59 & -97.08 & -169.38 & -140.90 & -195.41 \\
c10         & -104.08 & -126.75 & -170.08 & -104.80 & -135.35 & -101.34 & -128.39 & -172.82 & -198.61 & -118.21 & -97.04 & -170.37 & -129.90 & -195.41 \\
c11         & -103.46 & -123.91 & -167.23 & -106.10 & -138.73 &  -99.74 & -125.76 & -177.37 & -196.89 & -114.26 & -98.05 & -169.21 & -125.96 & -195.41 \\
c12         & -102.90 & -125.14 & -163.78 & -104.03 & -144.33 &  -98.61 & -130.56 & -171.37 & -196.88 & -116.63 & -97.34 & -167.14 &    0.00 &    0.00 \\
c13         & -102.92 & -129.93 & -166.33 & -104.90 & -137.35 &  -99.45 & -128.64 & -172.30 & -197.20 & -114.46 & -95.70 & -166.90 &    0.00 &    0.00 \\
\bottomrule
\end{tabular}

                              0             1   ...              12              13
new_cluster  [-9.0, new_cluster]  [-32.51, c1]  ...  [-138.07, c12]  [-195.41, c13]
c1           [-9.0, new_cluster]  [-29.59, c1]  ...  [-129.76, c12]  [-195.41, c13]
c2           [-9.0, new_cluster]  [-33.37, c1]  ...   [-130.8, c12]  [-195.41, c13]
c3           [-9.0, new_cluster]  [-32.96, c1]  ...  [-134.29, c12]  [-195.41, c13]
c4           [-9.0, new_cluster]  [-31.73, c1]  ...  [-133.27, c12]  [-195.41, c13]
c5           [-9.0, new_cluster]  [-30.25, c1]  ...  [-138.64, c12]  [-195.41, c13]
c6           [-9.0, new_cluster]  [-33.55, c1]  ...   [-137.8, c12]  [-195.41, c13]
c7           [-9.0, new_cluster]  [-29.71, c1]  ...  [-136.49, c12]  [-195.41, c13]
c8           [-9.0, new_cluster]  [-34.25, c1]  ...  [-130.88, c12]  [-195.41, c13]
c9           [-9.0, new_cluster]  [-29.53, c1]  ...   [-140.9, c12]  [-195.41, c13]
c10          [-9.0, new_cluster]   [-30.8, c1]  ...   [-129.9, c12]  [-195.41, c13]
c11          [-9.0, new_cluster]  [-28.58, c1]  ...  [-125.96, c12]  [-195.41, c13]
c12          [-9.0, new_cluster]  [-29.82, c1]  ...           [0, ]           [0, ]
c13          [-9.0, new_cluster]  [-34.06, c1]  ...           [0, ]           [0, ]

[14 rows x 14 columns]
\begin{tabular}{lllllllllllllll}
\toprule
{} &                   0  &            1  &            2  &            3  &            4  &           5  &            6  &            7  &             8  &            9  &            10 &             11 &              12 &              13 \\
\midrule
new\_cluster &  [-9.0, new\_cluster] &  [-32.51, c1] &  [-74.11, c2] &   [-9.74, c3] &  [-48.81, c4] &  [-6.23, c5] &  [-37.49, c6] &  [-73.28, c7] &  [-102.01, c8] &  [-21.26, c9] &  [-3.49, c10] &  [-73.51, c11] &  [-138.07, c12] &  [-195.41, c13] \\
c1          &  [-9.0, new\_cluster] &  [-29.59, c1] &  [-72.55, c2] &  [-12.71, c3] &  [-45.92, c4] &  [-4.62, c5] &   [-36.8, c6] &  [-73.53, c7] &  [-102.01, c8] &  [-25.76, c9] &  [-3.33, c10] &  [-74.82, c11] &  [-129.76, c12] &  [-195.41, c13] \\
c2          &  [-9.0, new\_cluster] &  [-33.37, c1] &  [-73.64, c2] &   [-9.87, c3] &  [-44.43, c4] &  [-4.43, c5] &  [-35.43, c6] &  [-75.02, c7] &  [-102.01, c8] &  [-24.32, c9] &  [-2.88, c10] &  [-74.71, c11] &   [-130.8, c12] &  [-195.41, c13] \\
c3          &  [-9.0, new\_cluster] &  [-32.96, c1] &  [-68.66, c2] &   [-8.85, c3] &  [-45.64, c4] &  [-5.37, c5] &  [-34.56, c6] &  [-76.87, c7] &  [-102.01, c8] &  [-20.69, c9] &  [-2.97, c10] &  [-73.42, c11] &  [-134.29, c12] &  [-195.41, c13] \\
c4          &  [-9.0, new\_cluster] &  [-31.73, c1] &  [-66.96, c2] &  [-10.09, c3] &  [-44.59, c4] &  [-5.41, c5] &  [-36.56, c6] &  [-83.64, c7] &  [-102.01, c8] &  [-21.29, c9] &  [-2.97, c10] &  [-75.08, c11] &  [-133.27, c12] &  [-195.41, c13] \\
c5          &  [-9.0, new\_cluster] &  [-30.25, c1] &  [-71.87, c2] &  [-12.49, c3] &  [-46.44, c4] &  [-7.13, c5] &   [-38.2, c6] &  [-76.26, c7] &  [-102.01, c8] &  [-24.46, c9] &  [-3.02, c10] &  [-71.65, c11] &  [-138.64, c12] &  [-195.41, c13] \\
c6          &  [-9.0, new\_cluster] &  [-33.55, c1] &  [-81.04, c2] &  [-11.31, c3] &  [-43.86, c4] &  [-3.54, c5] &  [-35.58, c6] &  [-74.62, c7] &  [-102.01, c8] &  [-23.14, c9] &  [-2.48, c10] &  [-73.95, c11] &   [-137.8, c12] &  [-195.41, c13] \\
c7          &  [-9.0, new\_cluster] &  [-29.71, c1] &   [-72.7, c2] &  [-10.47, c3] &  [-48.33, c4] &  [-4.07, c5] &  [-39.52, c6] &  [-78.24, c7] &  [-102.01, c8] &  [-23.51, c9] &  [-2.77, c10] &  [-75.21, c11] &  [-136.49, c12] &  [-195.41, c13] \\
c8          &  [-9.0, new\_cluster] &  [-34.25, c1] &   [-69.7, c2] &   [-8.71, c3] &  [-46.77, c4] &  [-3.67, c5] &  [-41.08, c6] &  [-79.26, c7] &  [-102.01, c8] &  [-21.56, c9] &   [-3.8, c10] &   [-71.5, c11] &  [-130.88, c12] &  [-195.41, c13] \\
c9          &  [-9.0, new\_cluster] &  [-29.53, c1] &  [-62.42, c2] &  [-10.55, c3] &  [-46.26, c4] &  [-5.38, c5] &  [-32.97, c6] &  [-77.69, c7] &  [-102.01, c8] &  [-23.17, c9] &  [-3.56, c10] &  [-74.24, c11] &   [-140.9, c12] &  [-195.41, c13] \\
c10         &  [-9.0, new\_cluster] &   [-30.8, c1] &  [-75.88, c2] &  [-10.07, c3] &  [-41.52, c4] &  [-5.71, c5] &   [-34.7, c6] &  [-79.08, c7] &  [-102.01, c8] &  [-23.18, c9] &  [-2.87, c10] &  [-74.53, c11] &   [-129.9, c12] &  [-195.41, c13] \\
c11         &  [-9.0, new\_cluster] &  [-28.58, c1] &  [-73.18, c2] &  [-12.09, c3] &  [-44.91, c4] &  [-5.61, c5] &  [-32.74, c6] &  [-83.06, c7] &  [-102.01, c8] &  [-19.92, c9] &  [-3.83, c10] &  [-74.07, c11] &  [-125.96, c12] &  [-195.41, c13] \\
c12         &  [-9.0, new\_cluster] &  [-29.82, c1] &  [-68.39, c2] &   [-9.99, c3] &  [-48.91, c4] &  [-4.48, c5] &  [-37.04, c6] &  [-77.03, c7] &  [-102.01, c8] &  [-22.29, c9] &  [-3.97, c10] &  [-72.01, c11] &           [0, ] &           [0, ] \\
c13         &  [-9.0, new\_cluster] &  [-34.06, c1] &  [-70.98, c2] &   [-9.78, c3] &   [-43.3, c4] &  [-3.77, c5] &  [-35.29, c6] &  [-78.64, c7] &  [-102.01, c8] &  [-19.26, c9] &  [-2.44, c10] &  [-71.76, c11] &           [0, ] &           [0, ] \\
\bottomrule
\end{tabular}

