Seed: 0
Experiment_path: Random_Seeds_DV5//V5_2/Experiment_05_0_opt_temp
Dataset_Path: ../_00_Datasets/03_SimDaten_Quiroga2020/C_Difficult2_noise005.mat
Dataset_name: ['03_SimDaten_Quiroga2020', 'C_Difficult2_noise005.mat']
Variant_name: Variant_05_Online_Autoencoder_QLearning_opt_temp
Visualisation_Path: Random_Seeds_DV5//V5_2/Experiment_05_0_opt_temp/C_Difficult2_noise005.mat/Variant_05_Online_Autoencoder_QLearning_opt_temp/2023_04_16-16_17_22
Normalisation: False
Template Matching: True
Optimising Autoencoder: True
Update Factor: 100
Noisy Batches: False
Noisy Factor: 0.1
Epochs: 8
Batch Size: 1
maximal Spikes for Autoencoder Training : 700
maximal Spikes for Training: 1000
Input Size: 47
Chosen Model: Autoencoder
Autoencoder(
  (encoder): Sequential(
    (0): Linear(in_features=47, out_features=12, bias=True)
    (1): LeakyReLU(negative_slope=0.01)
    (2): Linear(in_features=12, out_features=2, bias=True)
  )
  (decoder): Sequential(
    (0): Linear(in_features=2, out_features=12, bias=True)
    (1): LeakyReLU(negative_slope=0.01)
    (2): Linear(in_features=12, out_features=47, bias=True)
  )
)
MSELoss()
Adam (
Parameter Group 0
    amsgrad: False
    betas: (0.9, 0.999)
    capturable: False
    differentiable: False
    eps: 1e-08
    foreach: None
    fused: False
    lr: 0.001
    maximize: False
    weight_decay: 0
)
---Q Learning Parameters---
Normalisation: False
Punishment Coefficient: 0.4
Alpha: 0.8
Epsilon: 0.01
Gamma: 0.97
Initial Episode Number: 0
Episode Number Coefficient: 1.4
Number of Random Features: 20
Planning Number: 20
Max Random Features: 60
New Episode Number: 72
New Episode Number: 143
New Episode Number: 215
New Episode Number: 286
New Episode Number: 358
New Episode Number: 429
New Episode Number: 500
                0     1     2     3     4     5     6     7
new_cluster -0.98 -0.99 -0.35 -1.07 -1.95 -2.55 -1.98 -3.31
c1          -0.97 -0.97 -0.37 -1.03 -1.97 -2.51 -2.01 -3.31
c2          -0.98 -1.01 -0.35 -1.06 -1.81 -2.41 -2.04 -3.31
c3          -0.98 -0.99 -0.35 -1.09 -1.63 -2.33 -1.98 -3.31
c4          -0.98 -0.99 -0.36 -1.06 -2.25 -2.39 -1.99 -3.31
c5          -0.98 -1.02 -0.35 -1.06 -1.95 -2.39 -1.99 -3.31
c6          -0.98 -0.99 -0.35 -1.01 -1.92 -2.30  0.00  0.00
c7          -0.98 -0.99 -0.34 -1.10 -1.87 -2.69  0.00  0.00
\begin{tabular}{lrrrrrrrr}
\toprule
{} &     0 &     1 &     2 &     3 &     4 &     5 &     6 &     7 \\
\midrule
new\_cluster & -0.98 & -0.99 & -0.35 & -1.07 & -1.95 & -2.55 & -1.98 & -3.31 \\
c1          & -0.97 & -0.97 & -0.37 & -1.03 & -1.97 & -2.51 & -2.01 & -3.31 \\
c2          & -0.98 & -1.01 & -0.35 & -1.06 & -1.81 & -2.41 & -2.04 & -3.31 \\
c3          & -0.98 & -0.99 & -0.35 & -1.09 & -1.63 & -2.33 & -1.98 & -3.31 \\
c4          & -0.98 & -0.99 & -0.36 & -1.06 & -2.25 & -2.39 & -1.99 & -3.31 \\
c5          & -0.98 & -1.02 & -0.35 & -1.06 & -1.95 & -2.39 & -1.99 & -3.31 \\
c6          & -0.98 & -0.99 & -0.35 & -1.01 & -1.92 & -2.30 &  0.00 &  0.00 \\
c7          & -0.98 & -0.99 & -0.34 & -1.10 & -1.87 & -2.69 &  0.00 &  0.00 \\
\bottomrule
\end{tabular}

                                0            1  ...            6            7
new_cluster  [-0.64, new_cluster]  [-0.64, c1]  ...  [-1.98, c6]  [-3.31, c7]
c1           [-0.64, new_cluster]  [-0.61, c1]  ...  [-2.01, c6]  [-3.31, c7]
c2           [-0.64, new_cluster]  [-0.65, c1]  ...  [-2.04, c6]  [-3.31, c7]
c3           [-0.64, new_cluster]  [-0.63, c1]  ...  [-1.98, c6]  [-3.31, c7]
c4           [-0.64, new_cluster]  [-0.66, c1]  ...  [-1.99, c6]  [-3.31, c7]
c5           [-0.64, new_cluster]  [-0.66, c1]  ...  [-1.99, c6]  [-3.31, c7]
c6           [-0.64, new_cluster]  [-0.64, c1]  ...        [0, ]        [0, ]
c7           [-0.64, new_cluster]  [-0.64, c1]  ...        [0, ]        [0, ]

[8 rows x 8 columns]
\begin{tabular}{lllllllll}
\toprule
{} &                     0 &            1 &            2 &            3 &            4 &            5 &            6 &            7 \\
\midrule
new\_cluster &  [-0.64, new\_cluster] &  [-0.64, c1] &   [-0.0, c2] &  [-0.73, c3] &   [-1.6, c4] &  [-2.21, c5] &  [-1.98, c6] &  [-3.31, c7] \\
c1          &  [-0.64, new\_cluster] &  [-0.61, c1] &  [-0.02, c2] &   [-0.7, c3] &  [-1.62, c4] &  [-2.18, c5] &  [-2.01, c6] &  [-3.31, c7] \\
c2          &  [-0.64, new\_cluster] &  [-0.65, c1] &  [-0.02, c2] &  [-0.71, c3] &  [-1.46, c4] &  [-2.07, c5] &  [-2.04, c6] &  [-3.31, c7] \\
c3          &  [-0.64, new\_cluster] &  [-0.63, c1] &  [-0.01, c2] &  [-0.75, c3] &  [-1.28, c4] &  [-1.99, c5] &  [-1.98, c6] &  [-3.31, c7] \\
c4          &  [-0.64, new\_cluster] &  [-0.66, c1] &  [-0.02, c2] &  [-0.72, c3] &   [-1.9, c4] &  [-2.06, c5] &  [-1.99, c6] &  [-3.31, c7] \\
c5          &  [-0.64, new\_cluster] &  [-0.66, c1] &  [-0.01, c2] &  [-0.72, c3] &   [-1.6, c4] &  [-2.05, c5] &  [-1.99, c6] &  [-3.31, c7] \\
c6          &  [-0.64, new\_cluster] &  [-0.64, c1] &  [-0.01, c2] &  [-0.66, c3] &  [-1.58, c4] &  [-1.97, c5] &        [0, ] &        [0, ] \\
c7          &  [-0.64, new\_cluster] &  [-0.64, c1] &  [-0.01, c2] &  [-0.76, c3] &  [-1.51, c4] &  [-2.35, c5] &        [0, ] &        [0, ] \\
\bottomrule
\end{tabular}

