Seed: 0
Experiment_path: AE_Model_2/Reduce_Training//V5_50/Experiment_05
Dataset_Path: ../_00_Datasets/03_SimDaten_Quiroga2020/C_Easy1_noise030.mat
Dataset_name: ['03_SimDaten_Quiroga2020', 'C_Easy1_noise030.mat']
Variant_name: Variant_05_Online_Autoencoder_QLearning
Visualisation_Path: AE_Model_2/Reduce_Training//V5_50/Experiment_05/C_Easy1_noise030.mat/Variant_05_Online_Autoencoder_QLearning/1.4
Normalisation: False
Template Matching: False
Optimising Autoencoder: False
Update Factor: 1
Noisy Batches: False
Noisy Factor: 0.001
Epochs: 8
Batch Size: 1
maximal Spikes for Autoencoder Training : 50
maximal Spikes for Training: 350
Input Size: 47
Chosen Model: Convolutional Autoencoder
ConvolutionalAutoencoder(
  (encoder): Sequential(
    (0): Conv1d(1, 6, kernel_size=(6,), stride=(1,))
    (1): LeakyReLU(negative_slope=0.01)
    (2): Conv1d(6, 1, kernel_size=(6,), stride=(1,))
    (3): Flatten(start_dim=1, end_dim=-1)
    (4): Linear(in_features=37, out_features=2, bias=True)
  )
  (decoder): Sequential(
    (0): ConvTranspose1d(1, 6, kernel_size=(6,), stride=(1,))
    (1): LeakyReLU(negative_slope=0.01)
    (2): ConvTranspose1d(6, 1, kernel_size=(6,), stride=(1,))
    (3): Flatten(start_dim=1, end_dim=-1)
    (4): Linear(in_features=12, out_features=47, bias=True)
  )
)
MSELoss()
Adam (
Parameter Group 0
    amsgrad: False
    betas: (0.9, 0.999)
    capturable: False
    differentiable: False
    eps: 1e-08
    foreach: None
    fused: False
    lr: 0.001
    maximize: False
    weight_decay: 0
)
---Q Learning Parameters---
Normalisation: False
Punishment Coefficient: 1.4
Alpha: 0.8
Epsilon: 0.01
Gamma: 0.97
Initial Episode Number: 0
Episode Number Coefficient: 1.4
Number of Random Features: 20
Planning Number: 20
Max Random Features: 60
New Episode Number: 72
New Episode Number: 143
New Episode Number: 215
New Episode Number: 286
New Episode Number: 358
                 0      1      2      3      4      5
new_cluster -28.93 -21.78 -36.22 -26.18 -46.46 -24.00
c1          -28.96 -21.46 -37.02 -26.44 -46.93 -25.03
c2          -28.97 -21.68 -35.20 -26.85 -48.86 -25.65
c3          -28.98 -21.90 -35.35 -27.44 -48.00 -25.23
c4          -28.98 -21.77 -35.31 -26.41 -45.34 -26.78
c5          -28.99 -21.90 -37.71 -27.10 -47.36 -26.83
\begin{tabular}{lrrrrrr}
\toprule
{} &      0 &      1 &      2 &      3 &      4 &      5 \\
\midrule
new\_cluster & -28.93 & -21.78 & -36.22 & -26.18 & -46.46 & -24.00 \\
c1          & -28.96 & -21.46 & -37.02 & -26.44 & -46.93 & -25.03 \\
c2          & -28.97 & -21.68 & -35.20 & -26.85 & -48.86 & -25.65 \\
c3          & -28.98 & -21.90 & -35.35 & -27.44 & -48.00 & -25.23 \\
c4          & -28.98 & -21.77 & -35.31 & -26.41 & -45.34 & -26.78 \\
c5          & -28.99 & -21.90 & -37.71 & -27.10 & -47.36 & -26.83 \\
\bottomrule
\end{tabular}

                                0            1  ...             4            5
new_cluster  [-7.84, new_cluster]  [-0.66, c1]  ...  [-25.06, c4]   [-2.7, c5]
c1           [-7.84, new_cluster]  [-0.51, c1]  ...  [-25.54, c4]  [-3.75, c5]
c2           [-7.84, new_cluster]  [-0.52, c1]  ...  [-27.45, c4]   [-4.4, c5]
c3           [-7.84, new_cluster]  [-0.77, c1]  ...  [-26.61, c4]  [-3.87, c5]
c4           [-7.84, new_cluster]  [-0.83, c1]  ...  [-23.99, c4]  [-5.48, c5]
c5           [-7.84, new_cluster]  [-0.94, c1]  ...  [-26.19, c4]  [-5.45, c5]

[6 rows x 6 columns]
\begin{tabular}{lllllll}
\toprule
{} &                     0 &            1 &             2 &            3 &             4 &            5 \\
\midrule
new\_cluster &  [-7.84, new\_cluster] &  [-0.66, c1] &  [-15.44, c2] &  [-4.92, c3] &  [-25.06, c4] &   [-2.7, c5] \\
c1          &  [-7.84, new\_cluster] &  [-0.51, c1] &  [-15.99, c2] &  [-5.17, c3] &  [-25.54, c4] &  [-3.75, c5] \\
c2          &  [-7.84, new\_cluster] &  [-0.52, c1] &  [-14.17, c2] &  [-5.67, c3] &  [-27.45, c4] &   [-4.4, c5] \\
c3          &  [-7.84, new\_cluster] &  [-0.77, c1] &  [-14.32, c2] &  [-6.09, c3] &  [-26.61, c4] &  [-3.87, c5] \\
c4          &  [-7.84, new\_cluster] &  [-0.83, c1] &   [-14.5, c2] &  [-5.08, c3] &  [-23.99, c4] &  [-5.48, c5] \\
c5          &  [-7.84, new\_cluster] &  [-0.94, c1] &  [-16.93, c2] &  [-5.78, c3] &  [-26.19, c4] &  [-5.45, c5] \\
\bottomrule
\end{tabular}

