Seed: 7
Experiment_path: Random_Seeds_DV5//V5_2/Experiment_05_7_opt_temp
Dataset_Path: ../_00_Datasets/03_SimDaten_Quiroga2020/C_Difficult2_noise015.mat
Dataset_name: ['03_SimDaten_Quiroga2020', 'C_Difficult2_noise015.mat']
Variant_name: Variant_05_Online_Autoencoder_QLearning_opt_temp
Visualisation_Path: Random_Seeds_DV5//V5_2/Experiment_05_7_opt_temp/C_Difficult2_noise015.mat/Variant_05_Online_Autoencoder_QLearning_opt_temp/2023_04_16-16_19_58
Normalisation: False
Template Matching: True
Optimising Autoencoder: True
Update Factor: 100
Noisy Batches: False
Noisy Factor: 0.1
Epochs: 8
Batch Size: 1
maximal Spikes for Autoencoder Training : 700
maximal Spikes for Training: 1000
Input Size: 47
Chosen Model: Autoencoder
Autoencoder(
  (encoder): Sequential(
    (0): Linear(in_features=47, out_features=12, bias=True)
    (1): LeakyReLU(negative_slope=0.01)
    (2): Linear(in_features=12, out_features=2, bias=True)
  )
  (decoder): Sequential(
    (0): Linear(in_features=2, out_features=12, bias=True)
    (1): LeakyReLU(negative_slope=0.01)
    (2): Linear(in_features=12, out_features=47, bias=True)
  )
)
MSELoss()
Adam (
Parameter Group 0
    amsgrad: False
    betas: (0.9, 0.999)
    capturable: False
    differentiable: False
    eps: 1e-08
    foreach: None
    fused: False
    lr: 0.001
    maximize: False
    weight_decay: 0
)
---Q Learning Parameters---
Normalisation: False
Punishment Coefficient: 0.5
Alpha: 0.8
Epsilon: 0.01
Gamma: 0.97
Initial Episode Number: 0
Episode Number Coefficient: 1.4
Number of Random Features: 20
Planning Number: 20
Max Random Features: 60
New Episode Number: 72
New Episode Number: 143
New Episode Number: 215
New Episode Number: 286
New Episode Number: 358
                0     1     2     3     4     5
new_cluster -2.54 -2.03 -5.05 -1.51 -1.62 -5.47
c1          -2.50 -1.96 -4.56 -1.55 -1.64 -5.47
c2          -2.49 -1.93 -4.60 -1.61 -1.60 -5.07
c3          -2.55 -2.03 -5.07 -1.51 -1.70 -5.47
c4          -2.48 -1.96 -4.85 -1.54 -1.64 -5.30
c5          -2.51 -2.19 -4.61 -1.51 -1.71  0.00
\begin{tabular}{lrrrrrr}
\toprule
{} &     0 &     1 &     2 &     3 &     4 &     5 \\
\midrule
new\_cluster & -2.54 & -2.03 & -5.05 & -1.51 & -1.62 & -5.47 \\
c1          & -2.50 & -1.96 & -4.56 & -1.55 & -1.64 & -5.47 \\
c2          & -2.49 & -1.93 & -4.60 & -1.61 & -1.60 & -5.07 \\
c3          & -2.55 & -2.03 & -5.07 & -1.51 & -1.70 & -5.47 \\
c4          & -2.48 & -1.96 & -4.85 & -1.54 & -1.64 & -5.30 \\
c5          & -2.51 & -2.19 & -4.61 & -1.51 & -1.71 &  0.00 \\
\bottomrule
\end{tabular}

                               0            1  ...            4            5
new_cluster  [-1.0, new_cluster]  [-0.52, c1]  ...  [-0.09, c4]  [-5.47, c5]
c1           [-1.0, new_cluster]  [-0.41, c1]  ...  [-0.14, c4]  [-5.47, c5]
c2           [-1.0, new_cluster]  [-0.42, c1]  ...  [-0.07, c4]  [-5.07, c5]
c3           [-1.0, new_cluster]  [-0.48, c1]  ...  [-0.12, c4]  [-5.47, c5]
c4           [-1.0, new_cluster]  [-0.38, c1]  ...  [-0.13, c4]   [-5.3, c5]
c5           [-1.0, new_cluster]  [-0.63, c1]  ...  [-0.13, c4]        [0, ]

[6 rows x 6 columns]
\begin{tabular}{lllllll}
\toprule
{} &                    0 &            1 &            2 &            3 &            4 &            5 \\
\midrule
new\_cluster &  [-1.0, new\_cluster] &  [-0.52, c1] &   [-3.5, c2] &  [-0.04, c3] &  [-0.09, c4] &  [-5.47, c5] \\
c1          &  [-1.0, new\_cluster] &  [-0.41, c1] &  [-2.99, c2] &  [-0.05, c3] &  [-0.14, c4] &  [-5.47, c5] \\
c2          &  [-1.0, new\_cluster] &  [-0.42, c1] &  [-3.04, c2] &  [-0.08, c3] &  [-0.07, c4] &  [-5.07, c5] \\
c3          &  [-1.0, new\_cluster] &  [-0.48, c1] &  [-3.51, c2] &  [-0.04, c3] &  [-0.12, c4] &  [-5.47, c5] \\
c4          &  [-1.0, new\_cluster] &  [-0.38, c1] &  [-3.28, c2] &  [-0.07, c3] &  [-0.13, c4] &   [-5.3, c5] \\
c5          &  [-1.0, new\_cluster] &  [-0.63, c1] &  [-3.03, c2] &  [-0.03, c3] &  [-0.13, c4] &        [0, ] \\
\bottomrule
\end{tabular}

