Seed: 0
Experiment_path: Experiment_07
Dataset_Path: ../_00_Datasets/03_SimDaten_Quiroga2020/C_Difficult2_noise010.mat
Dataset_name: ['03_SimDaten_Quiroga2020', 'C_Difficult2_noise010.mat']
Variant_name: Variant_05_Online_Autoencoder_QLearning_opt_temp
Visualisation_Path: AE_Model_2/Grid_Search_PC//V5_2/C_Difficult2_noise010.mat/Variant_05_Online_Autoencoder_QLearning_opt_temp/2023_05_03-17_10_46
Normalisation: False
Template Matching: True
Optimising Autoencoder: True
Update Factor: 1
Noisy Batches: False
Noisy Factor: 0.001
Epochs: 8
Batch Size: 1
maximal Spikes for Autoencoder Training : 700
maximal Spikes for Training: 1000
Input Size: 47
Chosen Model: Convolutional Autoencoder
ConvolutionalAutoencoder(
  (encoder): Sequential(
    (0): Conv1d(1, 6, kernel_size=(6,), stride=(1,))
    (1): LeakyReLU(negative_slope=0.01)
    (2): Conv1d(6, 1, kernel_size=(6,), stride=(1,))
    (3): Flatten(start_dim=1, end_dim=-1)
    (4): Linear(in_features=37, out_features=2, bias=True)
  )
  (decoder): Sequential(
    (0): ConvTranspose1d(1, 6, kernel_size=(6,), stride=(1,))
    (1): LeakyReLU(negative_slope=0.01)
    (2): ConvTranspose1d(6, 1, kernel_size=(6,), stride=(1,))
    (3): Flatten(start_dim=1, end_dim=-1)
    (4): Linear(in_features=12, out_features=47, bias=True)
  )
)
MSELoss()
Adam (
Parameter Group 0
    amsgrad: False
    betas: (0.9, 0.999)
    capturable: False
    differentiable: False
    eps: 1e-08
    foreach: None
    fused: False
    lr: 0.001
    maximize: False
    weight_decay: 0
)
---Q Learning Parameters---
Normalisation: False
Punishment Coefficient: 1.5
Alpha: 0.8
Epsilon: 0.01
Gamma: 0.97
Initial Episode Number: 0
Episode Number Coefficient: 1.4
Number of Random Features: 20
Planning Number: 20
Max Random Features: 60
New Episode Number: 72
New Episode Number: 143
New Episode Number: 215
                0     1     2     3
new_cluster -12.1 -6.81 -3.19 -8.84
c1          -12.1 -7.47 -3.42 -8.73
c2          -12.1 -5.72 -3.23 -9.34
c3          -12.1 -5.84 -3.25 -8.70
\begin{tabular}{lrrrr}
\toprule
{} &     0 &     1 &     2 &     3 \\
\midrule
new\_cluster & -12.1 & -6.81 & -3.19 & -8.84 \\
c1          & -12.1 & -7.47 & -3.42 & -8.73 \\
c2          & -12.1 & -5.72 & -3.23 & -9.34 \\
c3          & -12.1 & -5.84 & -3.25 & -8.70 \\
\bottomrule
\end{tabular}

                               0            1            2            3
new_cluster  [-9.0, new_cluster]   [-3.5, c1]  [-0.06, c2]  [-5.69, c3]
c1           [-9.0, new_cluster]  [-4.16, c1]  [-0.29, c2]  [-5.58, c3]
c2           [-9.0, new_cluster]  [-2.42, c1]  [-0.08, c2]  [-6.18, c3]
c3           [-9.0, new_cluster]  [-2.58, c1]  [-0.12, c2]  [-5.59, c3]
\begin{tabular}{lllll}
\toprule
{} &                    0 &            1 &            2 &            3 \\
\midrule
new\_cluster &  [-9.0, new\_cluster] &   [-3.5, c1] &  [-0.06, c2] &  [-5.69, c3] \\
c1          &  [-9.0, new\_cluster] &  [-4.16, c1] &  [-0.29, c2] &  [-5.58, c3] \\
c2          &  [-9.0, new\_cluster] &  [-2.42, c1] &  [-0.08, c2] &  [-6.18, c3] \\
c3          &  [-9.0, new\_cluster] &  [-2.58, c1] &  [-0.12, c2] &  [-5.59, c3] \\
\bottomrule
\end{tabular}

