Seed: 4
Experiment_path: Random_Seeds_DV5//V5_2/Experiment_05_4_opt_temp
Dataset_Path: ../_00_Datasets/03_SimDaten_Quiroga2020/C_Difficult1_noise010.mat
Dataset_name: ['03_SimDaten_Quiroga2020', 'C_Difficult1_noise010.mat']
Variant_name: Variant_05_Online_Autoencoder_QLearning_opt_temp
Visualisation_Path: Random_Seeds_DV5//V5_2/Experiment_05_4_opt_temp/C_Difficult1_noise010.mat/Variant_05_Online_Autoencoder_QLearning_opt_temp/2023_04_15-13_59_38
Normalisation: False
Template Matching: True
Optimising Autoencoder: True
Update Factor: 100
Noisy Batches: False
Noisy Factor: 0.1
Epochs: 8
Batch Size: 1
maximal Spikes for Autoencoder Training : 700
maximal Spikes for Training: 1000
Input Size: 47
Chosen Model: Autoencoder
Autoencoder(
  (encoder): Sequential(
    (0): Linear(in_features=47, out_features=12, bias=True)
    (1): LeakyReLU(negative_slope=0.01)
    (2): Linear(in_features=12, out_features=2, bias=True)
  )
  (decoder): Sequential(
    (0): Linear(in_features=2, out_features=12, bias=True)
    (1): LeakyReLU(negative_slope=0.01)
    (2): Linear(in_features=12, out_features=47, bias=True)
  )
)
MSELoss()
Adam (
Parameter Group 0
    amsgrad: False
    betas: (0.9, 0.999)
    capturable: False
    differentiable: False
    eps: 1e-08
    foreach: None
    fused: False
    lr: 0.001
    maximize: False
    weight_decay: 0
)
---Q Learning Parameters---
Normalisation: False
Punishment Coefficient: 0.4
Alpha: 0.8
Epsilon: 0.01
Gamma: 0.97
Initial Episode Number: 0
Episode Number Coefficient: 1.4
Number of Random Features: 20
Planning Number: 20
Max Random Features: 60
New Episode Number: 72
New Episode Number: 143
New Episode Number: 215
New Episode Number: 286
                0     1     2     3     4
new_cluster -1.97 -1.37 -1.42 -1.72 -2.39
c1          -1.97 -1.36 -1.45 -1.80 -2.26
c2          -1.97 -1.35 -1.41 -1.81 -2.16
c3          -1.97 -1.36 -1.43 -1.80 -2.30
c4          -1.97 -1.35 -1.42 -1.75 -2.46
\begin{tabular}{lrrrrr}
\toprule
{} &     0 &     1 &     2 &     3 &     4 \\
\midrule
new\_cluster & -1.97 & -1.37 & -1.42 & -1.72 & -2.39 \\
c1          & -1.97 & -1.36 & -1.45 & -1.80 & -2.26 \\
c2          & -1.97 & -1.35 & -1.41 & -1.81 & -2.16 \\
c3          & -1.97 & -1.36 & -1.43 & -1.80 & -2.30 \\
c4          & -1.97 & -1.35 & -1.42 & -1.75 & -2.46 \\
\bottomrule
\end{tabular}

                                0            1  ...            3            4
new_cluster  [-0.64, new_cluster]  [-0.05, c1]  ...  [-0.41, c3]  [-1.08, c4]
c1           [-0.64, new_cluster]  [-0.05, c1]  ...  [-0.48, c3]  [-0.95, c4]
c2           [-0.64, new_cluster]  [-0.04, c1]  ...  [-0.49, c3]  [-0.85, c4]
c3           [-0.64, new_cluster]  [-0.03, c1]  ...  [-0.48, c3]  [-0.99, c4]
c4           [-0.64, new_cluster]  [-0.03, c1]  ...  [-0.44, c3]  [-1.15, c4]

[5 rows x 5 columns]
\begin{tabular}{llllll}
\toprule
{} &                     0 &            1 &            2 &            3 &            4 \\
\midrule
new\_cluster &  [-0.64, new\_cluster] &  [-0.05, c1] &   [-0.1, c2] &  [-0.41, c3] &  [-1.08, c4] \\
c1          &  [-0.64, new\_cluster] &  [-0.05, c1] &  [-0.14, c2] &  [-0.48, c3] &  [-0.95, c4] \\
c2          &  [-0.64, new\_cluster] &  [-0.04, c1] &  [-0.09, c2] &  [-0.49, c3] &  [-0.85, c4] \\
c3          &  [-0.64, new\_cluster] &  [-0.03, c1] &  [-0.12, c2] &  [-0.48, c3] &  [-0.99, c4] \\
c4          &  [-0.64, new\_cluster] &  [-0.03, c1] &   [-0.1, c2] &  [-0.44, c3] &  [-1.15, c4] \\
\bottomrule
\end{tabular}

