Seed: 0
Experiment_path: Experiment_07
Dataset_Path: ../_00_Datasets/03_SimDaten_Quiroga2020/C_Easy1_noise015.mat
Dataset_name: ['03_SimDaten_Quiroga2020', 'C_Easy1_noise015.mat']
Variant_name: Variant_05_Online_Autoencoder_QLearning_opt_temp
Visualisation_Path: AE_Model_2/Grid_Search_PC//V5_2/C_Easy1_noise015.mat/Variant_05_Online_Autoencoder_QLearning_opt_temp/2023_05_03-21_31_29
Normalisation: False
Template Matching: True
Optimising Autoencoder: True
Update Factor: 1
Noisy Batches: False
Noisy Factor: 0.001
Epochs: 8
Batch Size: 1
maximal Spikes for Autoencoder Training : 700
maximal Spikes for Training: 1000
Input Size: 47
Chosen Model: Convolutional Autoencoder
ConvolutionalAutoencoder(
  (encoder): Sequential(
    (0): Conv1d(1, 6, kernel_size=(6,), stride=(1,))
    (1): LeakyReLU(negative_slope=0.01)
    (2): Conv1d(6, 1, kernel_size=(6,), stride=(1,))
    (3): Flatten(start_dim=1, end_dim=-1)
    (4): Linear(in_features=37, out_features=2, bias=True)
  )
  (decoder): Sequential(
    (0): ConvTranspose1d(1, 6, kernel_size=(6,), stride=(1,))
    (1): LeakyReLU(negative_slope=0.01)
    (2): ConvTranspose1d(6, 1, kernel_size=(6,), stride=(1,))
    (3): Flatten(start_dim=1, end_dim=-1)
    (4): Linear(in_features=12, out_features=47, bias=True)
  )
)
MSELoss()
Adam (
Parameter Group 0
    amsgrad: False
    betas: (0.9, 0.999)
    capturable: False
    differentiable: False
    eps: 1e-08
    foreach: None
    fused: False
    lr: 0.001
    maximize: False
    weight_decay: 0
)
---Q Learning Parameters---
Normalisation: False
Punishment Coefficient: 0.7
Alpha: 0.8
Epsilon: 0.01
Gamma: 0.97
Initial Episode Number: 0
Episode Number Coefficient: 1.4
Number of Random Features: 20
Planning Number: 20
Max Random Features: 60
New Episode Number: 72
New Episode Number: 143
New Episode Number: 215
New Episode Number: 286
New Episode Number: 358
New Episode Number: 429
New Episode Number: 500
New Episode Number: 572
New Episode Number: 643
New Episode Number: 715
New Episode Number: 786
New Episode Number: 858
New Episode Number: 929
New Episode Number: 1000
New Episode Number: 1072
New Episode Number: 1143
New Episode Number: 1215
New Episode Number: 1286
New Episode Number: 1358
New Episode Number: 1429
New Episode Number: 1501
New Episode Number: 1572
New Episode Number: 1643
                0       1      2      3   ...      20      21     22   23
new_cluster -65.33 -101.50 -86.70 -73.68  ... -115.04 -146.95 -86.29  0.0
c1          -65.33 -101.05 -88.99 -75.08  ... -114.49 -147.06 -86.29  0.0
c2          -65.33 -101.63 -86.43 -74.42  ... -112.76 -147.25 -86.29  0.0
c3          -65.33 -103.38 -88.40 -75.22  ... -114.32 -146.97 -86.29  0.0
c4          -65.33 -100.42 -87.28 -75.11  ... -113.85 -146.24 -86.29  0.0
c5          -65.33 -101.74 -86.39 -74.47  ... -115.50 -148.37 -86.29  0.0
c6          -65.33 -100.23 -85.63 -75.03  ... -114.00 -149.30 -86.29  0.0
c7          -65.33 -103.05 -87.89 -75.18  ... -114.89 -146.05 -86.29  0.0
c8          -65.33 -102.68 -85.66 -74.63  ... -114.79 -148.58 -86.29  0.0
c9          -65.33 -102.26 -87.04 -75.51  ... -113.09 -146.56 -86.29  0.0
c10         -65.33 -102.21 -87.75 -74.85  ... -113.65 -146.56 -86.29  0.0
c11         -65.33 -101.26 -87.72 -73.99  ... -115.28 -146.24 -86.29  0.0
c12         -65.33 -101.86 -87.88 -74.38  ... -114.99 -148.28 -86.29  0.0
c13         -65.33 -101.87 -83.95 -73.72  ... -114.11 -145.15 -86.29  0.0
c14         -65.33 -101.34 -85.34 -75.11  ... -114.22 -147.67 -86.29  0.0
c15         -65.33 -101.60 -86.93 -75.46  ... -113.72 -146.49 -86.29  0.0
c16         -65.33 -101.86 -87.26 -75.09  ... -114.73 -145.74 -86.29  0.0
c17         -65.33 -101.71 -87.43 -75.72  ... -114.94 -146.76 -86.29  0.0
c18         -65.33 -103.66 -86.66 -76.00  ... -115.81 -145.24 -86.29  0.0
c19         -65.33 -102.10 -84.79 -75.01  ... -115.28 -146.05 -86.29  0.0
c20         -65.33 -101.48 -87.96 -74.15  ... -114.55 -146.44 -86.29  0.0
c21         -65.33 -102.03 -87.38 -75.02  ... -114.08 -146.26 -86.29  0.0
c22         -65.33 -101.55 -86.35 -74.28  ... -114.36 -146.95 -86.29  0.0
c23           0.00    0.00   0.00   0.00  ...    0.00    0.00   0.00  0.0

[24 rows x 24 columns]
\begin{tabular}{lrrrrrrrrrrrrrrrrrrrrrrrr}
\toprule
{} &     0  &      1  &     2  &     3  &     4  &      5  &     6  &      7  &     8  &      9  &      10 &     11 &      12 &     13 &     14 &      15 &      16 &     17 &     18 &      19 &      20 &      21 &     22 &   23 \\
\midrule
new\_cluster & -65.33 & -101.50 & -86.70 & -73.68 & -83.34 &  -98.46 & -74.34 & -115.24 & -69.17 & -121.06 & -120.93 & -75.06 & -110.02 & -71.38 & -96.27 & -165.29 & -107.54 & -73.57 & -97.55 & -126.46 & -115.04 & -146.95 & -86.29 &  0.0 \\
c1          & -65.33 & -101.05 & -88.99 & -75.08 & -83.20 & -100.85 & -74.34 & -114.51 & -69.80 & -121.06 & -120.45 & -75.09 & -111.47 & -71.22 & -94.63 & -165.29 & -106.10 & -73.20 & -97.55 & -126.46 & -114.49 & -147.06 & -86.29 &  0.0 \\
c2          & -65.33 & -101.63 & -86.43 & -74.42 & -83.24 &  -99.37 & -74.34 & -116.09 & -69.10 & -121.06 & -121.64 & -75.34 & -111.56 & -70.74 & -97.33 & -165.29 & -105.77 & -73.21 & -97.55 & -126.46 & -112.76 & -147.25 & -86.29 &  0.0 \\
c3          & -65.33 & -103.38 & -88.40 & -75.22 & -83.42 & -100.25 & -74.34 & -114.93 & -69.13 & -121.06 & -120.78 & -75.06 & -113.09 & -71.20 & -97.29 & -165.29 & -105.50 & -73.39 & -97.55 & -126.46 & -114.32 & -146.97 & -86.29 &  0.0 \\
c4          & -65.33 & -100.42 & -87.28 & -75.11 & -83.31 & -100.60 & -74.34 & -113.07 & -69.03 & -121.06 & -120.02 & -75.18 & -109.98 & -70.88 & -96.80 & -165.29 & -105.19 & -73.58 & -97.55 & -126.46 & -113.85 & -146.24 & -86.29 &  0.0 \\
c5          & -65.33 & -101.74 & -86.39 & -74.47 & -83.22 &  -96.52 & -74.34 & -114.80 & -68.77 & -121.06 & -120.63 & -75.65 & -110.30 & -70.58 & -94.61 & -165.29 & -105.50 & -73.89 & -97.55 & -126.46 & -115.50 & -148.37 & -86.29 &  0.0 \\
c6          & -65.33 & -100.23 & -85.63 & -75.03 & -83.26 & -100.57 & -74.34 & -113.37 & -69.25 & -121.06 & -119.40 & -75.25 & -111.11 & -71.89 & -96.71 & -165.29 & -107.15 & -74.40 & -97.55 & -126.46 & -114.00 & -149.30 & -86.29 &  0.0 \\
c7          & -65.33 & -103.05 & -87.89 & -75.18 & -83.17 &  -99.80 & -74.34 & -117.12 & -69.33 & -121.06 & -118.52 & -75.27 & -112.41 & -69.66 & -97.09 & -165.29 & -106.10 & -73.55 & -97.55 & -126.46 & -114.89 & -146.05 & -86.29 &  0.0 \\
c8          & -65.33 & -102.68 & -85.66 & -74.63 & -83.47 & -100.95 & -74.34 & -116.46 & -68.96 & -121.06 & -119.72 & -75.19 & -111.08 & -70.61 & -97.68 & -165.29 & -105.39 & -73.07 & -97.55 & -126.46 & -114.79 & -148.58 & -86.29 &  0.0 \\
c9          & -65.33 & -102.26 & -87.04 & -75.51 & -83.14 & -100.99 & -74.34 & -115.64 & -68.82 & -121.06 & -119.43 & -74.96 & -110.45 & -70.52 & -94.14 & -165.29 & -104.48 & -73.22 & -97.55 & -126.46 & -113.09 & -146.56 & -86.29 &  0.0 \\
c10         & -65.33 & -102.21 & -87.75 & -74.85 & -83.31 & -100.38 & -74.34 & -113.70 & -68.03 & -121.06 & -118.52 & -75.35 & -112.09 & -70.20 & -93.55 & -165.29 & -106.18 & -73.87 & -97.55 & -126.46 & -113.65 & -146.56 & -86.29 &  0.0 \\
c11         & -65.33 & -101.26 & -87.72 & -73.99 & -83.42 &  -99.56 & -74.34 & -115.60 & -69.60 & -121.06 & -119.62 & -75.28 & -112.91 & -70.38 & -96.58 & -165.29 & -106.10 & -74.55 & -97.55 & -126.46 & -115.28 & -146.24 & -86.29 &  0.0 \\
c12         & -65.33 & -101.86 & -87.88 & -74.38 & -82.94 &  -97.78 & -74.34 & -114.95 & -68.96 & -121.06 & -120.08 & -75.18 & -112.09 & -69.84 & -97.78 & -165.29 & -105.34 & -73.53 & -97.55 & -126.46 & -114.99 & -148.28 & -86.29 &  0.0 \\
c13         & -65.33 & -101.87 & -83.95 & -73.72 & -83.30 & -101.59 & -74.34 & -113.45 & -69.13 & -121.06 & -120.21 & -74.95 & -112.18 & -71.54 & -97.75 & -165.29 & -106.21 & -74.37 & -97.55 & -126.46 & -114.11 & -145.15 & -86.29 &  0.0 \\
c14         & -65.33 & -101.34 & -85.34 & -75.11 & -83.51 &  -98.77 & -74.34 & -114.30 & -68.32 & -121.06 & -120.77 & -75.19 & -109.70 & -70.41 & -95.75 & -165.29 & -105.45 & -73.69 & -97.55 & -126.46 & -114.22 & -147.67 & -86.29 &  0.0 \\
c15         & -65.33 & -101.60 & -86.93 & -75.46 & -83.14 & -101.21 & -74.34 & -115.62 & -68.49 & -121.06 & -119.29 & -74.73 & -111.76 & -70.96 & -95.03 & -165.29 & -104.85 & -73.05 & -97.55 & -126.46 & -113.72 & -146.49 & -86.29 &  0.0 \\
c16         & -65.33 & -101.86 & -87.26 & -75.09 & -83.32 & -100.56 & -74.34 & -113.65 & -69.31 & -121.06 & -118.94 & -75.57 & -112.57 & -70.96 & -93.95 & -165.29 & -104.44 & -73.57 & -97.55 & -126.46 & -114.73 & -145.74 & -86.29 &  0.0 \\
c17         & -65.33 & -101.71 & -87.43 & -75.72 & -83.23 &  -99.24 & -74.34 & -114.43 & -68.82 & -121.06 & -120.39 & -74.84 & -112.05 & -70.44 & -97.16 & -165.29 & -106.93 & -73.69 & -97.55 & -126.46 & -114.94 & -146.76 & -86.29 &  0.0 \\
c18         & -65.33 & -103.66 & -86.66 & -76.00 & -83.15 &  -98.87 & -74.34 & -114.95 & -68.82 & -121.06 & -120.42 & -75.22 & -112.12 & -70.11 & -96.73 & -165.29 & -104.59 & -74.23 & -97.55 & -126.46 & -115.81 & -145.24 & -86.29 &  0.0 \\
c19         & -65.33 & -102.10 & -84.79 & -75.01 & -83.36 &  -98.87 & -74.34 & -114.04 & -68.20 & -121.06 & -119.79 & -74.64 & -111.18 & -70.37 & -94.23 & -165.29 & -105.77 & -73.92 & -97.55 & -126.46 & -115.28 & -146.05 & -86.29 &  0.0 \\
c20         & -65.33 & -101.48 & -87.96 & -74.15 & -83.04 &  -99.79 & -74.34 & -114.37 & -68.78 & -121.06 & -119.45 & -74.93 & -109.52 & -69.89 & -93.71 & -165.29 & -105.61 & -73.74 & -97.55 & -126.46 & -114.55 & -146.44 & -86.29 &  0.0 \\
c21         & -65.33 & -102.03 & -87.38 & -75.02 & -83.18 &  -99.58 & -74.34 & -115.68 & -69.01 & -121.06 & -120.77 & -74.73 & -112.95 & -69.99 & -98.56 & -165.29 & -105.57 & -73.24 & -97.55 & -126.46 & -114.08 & -146.26 & -86.29 &  0.0 \\
c22         & -65.33 & -101.55 & -86.35 & -74.28 & -83.27 &  -99.91 & -74.34 & -113.42 & -69.41 & -121.06 & -118.65 & -74.81 & -113.22 & -70.93 & -95.41 & -165.29 & -106.56 & -73.22 & -97.55 & -126.46 & -114.36 & -146.95 & -86.29 &  0.0 \\
c23         &   0.00 &    0.00 &   0.00 &   0.00 &   0.00 &    0.00 &   0.00 &    0.00 &   0.00 &    0.00 &    0.00 &   0.00 &    0.00 &   0.00 &   0.00 &    0.00 &    0.00 &   0.00 &   0.00 &    0.00 &    0.00 &    0.00 &   0.00 &  0.0 \\
\bottomrule
\end{tabular}

                               0             1   ...             22     23
new_cluster  [-1.96, new_cluster]  [-38.13, c1]  ...  [-22.92, c22]  [0, ]
c1           [-1.96, new_cluster]  [-37.68, c1]  ...  [-22.92, c22]  [0, ]
c2           [-1.96, new_cluster]  [-38.26, c1]  ...  [-22.92, c22]  [0, ]
c3           [-1.96, new_cluster]   [-40.0, c1]  ...  [-22.92, c22]  [0, ]
c4           [-1.96, new_cluster]  [-37.05, c1]  ...  [-22.92, c22]  [0, ]
c5           [-1.96, new_cluster]  [-38.37, c1]  ...  [-22.92, c22]  [0, ]
c6           [-1.96, new_cluster]  [-36.85, c1]  ...  [-22.92, c22]  [0, ]
c7           [-1.96, new_cluster]  [-39.68, c1]  ...  [-22.92, c22]  [0, ]
c8           [-1.96, new_cluster]  [-39.31, c1]  ...  [-22.92, c22]  [0, ]
c9           [-1.96, new_cluster]  [-38.89, c1]  ...  [-22.92, c22]  [0, ]
c10          [-1.96, new_cluster]  [-38.84, c1]  ...  [-22.92, c22]  [0, ]
c11          [-1.96, new_cluster]  [-37.89, c1]  ...  [-22.92, c22]  [0, ]
c12          [-1.96, new_cluster]  [-38.49, c1]  ...  [-22.92, c22]  [0, ]
c13          [-1.96, new_cluster]  [-38.49, c1]  ...  [-22.92, c22]  [0, ]
c14          [-1.96, new_cluster]  [-37.97, c1]  ...  [-22.92, c22]  [0, ]
c15          [-1.96, new_cluster]  [-38.22, c1]  ...  [-22.92, c22]  [0, ]
c16          [-1.96, new_cluster]  [-38.49, c1]  ...  [-22.92, c22]  [0, ]
c17          [-1.96, new_cluster]  [-38.34, c1]  ...  [-22.92, c22]  [0, ]
c18          [-1.96, new_cluster]  [-40.29, c1]  ...  [-22.92, c22]  [0, ]
c19          [-1.96, new_cluster]  [-38.73, c1]  ...  [-22.92, c22]  [0, ]
c20          [-1.96, new_cluster]   [-38.1, c1]  ...  [-22.92, c22]  [0, ]
c21          [-1.96, new_cluster]  [-38.66, c1]  ...  [-22.92, c22]  [0, ]
c22          [-1.96, new_cluster]  [-38.18, c1]  ...  [-22.92, c22]  [0, ]
c23                         [0, ]         [0, ]  ...          [0, ]  [0, ]

[24 rows x 24 columns]
\begin{tabular}{lllllllllllllllllllllllll}
\toprule
{} &                    0  &            1  &            2  &            3  &            4  &            5  &            6  &            7  &           8  &            9  &             10 &             11 &             12 &            13 &             14 &              15 &             16 &             17 &             18 &             19 &             20 &             21 &             22 &     23 \\
\midrule
new\_cluster &  [-1.96, new\_cluster] &  [-38.13, c1] &  [-23.32, c2] &  [-10.31, c3] &  [-19.96, c4] &  [-35.09, c5] &  [-10.96, c6] &  [-51.86, c7] &   [-5.8, c8] &  [-57.69, c9] &  [-57.56, c10] &  [-11.69, c11] &  [-46.65, c12] &  [-7.99, c13] &   [-32.9, c14] &  [-101.92, c15] &  [-44.16, c16] &  [-10.19, c17] &  [-34.17, c18] &  [-63.09, c19] &  [-51.67, c20] &  [-83.58, c21] &  [-22.92, c22] &  [0, ] \\
c1          &  [-1.96, new\_cluster] &  [-37.68, c1] &  [-25.62, c2] &  [-11.71, c3] &  [-19.82, c4] &  [-37.47, c5] &  [-10.96, c6] &  [-51.14, c7] &  [-6.43, c8] &  [-57.69, c9] &  [-57.08, c10] &  [-11.72, c11] &   [-48.1, c12] &  [-7.85, c13] &  [-31.26, c14] &  [-101.92, c15] &  [-42.73, c16] &   [-9.82, c17] &  [-34.17, c18] &  [-63.09, c19] &  [-51.12, c20] &  [-83.69, c21] &  [-22.92, c22] &  [0, ] \\
c2          &  [-1.96, new\_cluster] &  [-38.26, c1] &  [-23.05, c2] &  [-11.04, c3] &  [-19.87, c4] &   [-36.0, c5] &  [-10.96, c6] &  [-52.72, c7] &  [-5.73, c8] &  [-57.69, c9] &  [-58.27, c10] &  [-11.97, c11] &  [-48.19, c12] &  [-7.36, c13] &  [-33.95, c14] &  [-101.92, c15] &   [-42.4, c16] &   [-9.83, c17] &  [-34.17, c18] &  [-63.09, c19] &  [-49.39, c20] &  [-83.88, c21] &  [-22.92, c22] &  [0, ] \\
c3          &  [-1.96, new\_cluster] &   [-40.0, c1] &  [-25.03, c2] &  [-11.85, c3] &  [-20.04, c4] &  [-36.88, c5] &  [-10.96, c6] &  [-51.56, c7] &  [-5.76, c8] &  [-57.69, c9] &  [-57.41, c10] &  [-11.69, c11] &  [-49.71, c12] &  [-7.82, c13] &  [-33.91, c14] &  [-101.92, c15] &  [-42.12, c16] &  [-10.02, c17] &  [-34.17, c18] &  [-63.09, c19] &  [-50.94, c20] &   [-83.6, c21] &  [-22.92, c22] &  [0, ] \\
c4          &  [-1.96, new\_cluster] &  [-37.05, c1] &   [-23.9, c2] &  [-11.73, c3] &  [-19.94, c4] &  [-37.23, c5] &  [-10.96, c6] &   [-49.7, c7] &  [-5.65, c8] &  [-57.69, c9] &  [-56.64, c10] &  [-11.81, c11] &   [-46.6, c12] &   [-7.5, c13] &  [-33.43, c14] &  [-101.92, c15] &  [-41.82, c16] &   [-10.2, c17] &  [-34.17, c18] &  [-63.09, c19] &  [-50.47, c20] &  [-82.87, c21] &  [-22.92, c22] &  [0, ] \\
c5          &  [-1.96, new\_cluster] &  [-38.37, c1] &  [-23.01, c2] &  [-11.09, c3] &  [-19.84, c4] &  [-33.14, c5] &  [-10.96, c6] &  [-51.43, c7] &  [-5.39, c8] &  [-57.69, c9] &  [-57.26, c10] &  [-12.27, c11] &  [-46.93, c12] &  [-7.21, c13] &  [-31.23, c14] &  [-101.92, c15] &  [-42.12, c16] &  [-10.52, c17] &  [-34.17, c18] &  [-63.09, c19] &  [-52.13, c20] &   [-85.0, c21] &  [-22.92, c22] &  [0, ] \\
c6          &  [-1.96, new\_cluster] &  [-36.85, c1] &  [-22.26, c2] &  [-11.66, c3] &  [-19.89, c4] &   [-37.2, c5] &  [-10.96, c6] &  [-49.99, c7] &  [-5.88, c8] &  [-57.69, c9] &  [-56.03, c10] &  [-11.87, c11] &  [-47.73, c12] &  [-8.52, c13] &  [-33.33, c14] &  [-101.92, c15] &  [-43.77, c16] &  [-11.03, c17] &  [-34.17, c18] &  [-63.09, c19] &  [-50.62, c20] &  [-85.93, c21] &  [-22.92, c22] &  [0, ] \\
c7          &  [-1.96, new\_cluster] &  [-39.68, c1] &  [-24.52, c2] &   [-11.8, c3] &   [-19.8, c4] &  [-36.43, c5] &  [-10.96, c6] &  [-53.75, c7] &  [-5.95, c8] &  [-57.69, c9] &  [-55.14, c10] &   [-11.9, c11] &  [-49.03, c12] &  [-6.28, c13] &  [-33.71, c14] &  [-101.92, c15] &  [-42.73, c16] &  [-10.17, c17] &  [-34.17, c18] &  [-63.09, c19] &  [-51.52, c20] &  [-82.67, c21] &  [-22.92, c22] &  [0, ] \\
c8          &  [-1.96, new\_cluster] &  [-39.31, c1] &  [-22.29, c2] &  [-11.26, c3] &   [-20.1, c4] &  [-37.58, c5] &  [-10.96, c6] &  [-53.09, c7] &  [-5.59, c8] &  [-57.69, c9] &  [-56.35, c10] &  [-11.81, c11] &  [-47.71, c12] &  [-7.23, c13] &   [-34.3, c14] &  [-101.92, c15] &  [-42.01, c16] &    [-9.7, c17] &  [-34.17, c18] &  [-63.09, c19] &  [-51.41, c20] &   [-85.2, c21] &  [-22.92, c22] &  [0, ] \\
c9          &  [-1.96, new\_cluster] &  [-38.89, c1] &  [-23.66, c2] &  [-12.14, c3] &  [-19.77, c4] &  [-37.62, c5] &  [-10.96, c6] &  [-52.27, c7] &  [-5.45, c8] &  [-57.69, c9] &  [-56.05, c10] &  [-11.59, c11] &  [-47.08, c12] &  [-7.14, c13] &  [-30.77, c14] &  [-101.92, c15] &   [-41.1, c16] &   [-9.85, c17] &  [-34.17, c18] &  [-63.09, c19] &  [-49.72, c20] &  [-83.18, c21] &  [-22.92, c22] &  [0, ] \\
c10         &  [-1.96, new\_cluster] &  [-38.84, c1] &  [-24.38, c2] &  [-11.48, c3] &  [-19.94, c4] &  [-37.01, c5] &  [-10.96, c6] &  [-50.33, c7] &  [-4.65, c8] &  [-57.69, c9] &  [-55.15, c10] &  [-11.98, c11] &  [-48.72, c12] &  [-6.83, c13] &  [-30.17, c14] &  [-101.92, c15] &   [-42.8, c16] &   [-10.5, c17] &  [-34.17, c18] &  [-63.09, c19] &  [-50.28, c20] &  [-83.18, c21] &  [-22.92, c22] &  [0, ] \\
c11         &  [-1.96, new\_cluster] &  [-37.89, c1] &  [-24.34, c2] &  [-10.62, c3] &  [-20.05, c4] &  [-36.19, c5] &  [-10.96, c6] &  [-52.22, c7] &  [-6.23, c8] &  [-57.69, c9] &  [-56.25, c10] &  [-11.91, c11] &  [-49.54, c12] &   [-7.0, c13] &  [-33.21, c14] &  [-101.92, c15] &  [-42.73, c16] &  [-11.18, c17] &  [-34.17, c18] &  [-63.09, c19] &  [-51.91, c20] &  [-82.87, c21] &  [-22.92, c22] &  [0, ] \\
c12         &  [-1.96, new\_cluster] &  [-38.49, c1] &  [-24.51, c2] &  [-11.01, c3] &  [-19.56, c4] &   [-34.4, c5] &  [-10.96, c6] &  [-51.58, c7] &  [-5.59, c8] &  [-57.69, c9] &  [-56.71, c10] &   [-11.8, c11] &  [-48.71, c12] &  [-6.46, c13] &  [-34.41, c14] &  [-101.92, c15] &  [-41.97, c16] &  [-10.16, c17] &  [-34.17, c18] &  [-63.09, c19] &  [-51.61, c20] &  [-84.91, c21] &  [-22.92, c22] &  [0, ] \\
c13         &  [-1.96, new\_cluster] &  [-38.49, c1] &  [-20.57, c2] &  [-10.34, c3] &  [-19.93, c4] &  [-38.22, c5] &  [-10.96, c6] &  [-50.07, c7] &  [-5.76, c8] &  [-57.69, c9] &  [-56.84, c10] &  [-11.58, c11] &   [-48.8, c12] &  [-8.17, c13] &  [-34.38, c14] &  [-101.92, c15] &  [-42.84, c16] &   [-11.0, c17] &  [-34.17, c18] &  [-63.09, c19] &  [-50.74, c20] &  [-81.78, c21] &  [-22.92, c22] &  [0, ] \\
c14         &  [-1.96, new\_cluster] &  [-37.97, c1] &  [-21.97, c2] &  [-11.73, c3] &  [-20.13, c4] &   [-35.4, c5] &  [-10.96, c6] &  [-50.93, c7] &  [-4.95, c8] &  [-57.69, c9] &  [-57.39, c10] &  [-11.81, c11] &  [-46.32, c12] &  [-7.04, c13] &  [-32.37, c14] &  [-101.92, c15] &  [-42.08, c16] &  [-10.32, c17] &  [-34.17, c18] &  [-63.09, c19] &  [-50.85, c20] &  [-84.29, c21] &  [-22.92, c22] &  [0, ] \\
c15         &  [-1.96, new\_cluster] &  [-38.22, c1] &  [-23.56, c2] &  [-12.09, c3] &  [-19.77, c4] &  [-37.83, c5] &  [-10.96, c6] &  [-52.25, c7] &  [-5.12, c8] &  [-57.69, c9] &  [-55.92, c10] &  [-11.36, c11] &  [-48.39, c12] &  [-7.59, c13] &  [-31.66, c14] &  [-101.92, c15] &  [-41.48, c16] &   [-9.68, c17] &  [-34.17, c18] &  [-63.09, c19] &  [-50.35, c20] &  [-83.11, c21] &  [-22.92, c22] &  [0, ] \\
c16         &  [-1.96, new\_cluster] &  [-38.49, c1] &  [-23.88, c2] &  [-11.72, c3] &  [-19.95, c4] &  [-37.19, c5] &  [-10.96, c6] &  [-50.28, c7] &  [-5.94, c8] &  [-57.69, c9] &  [-55.57, c10] &  [-12.19, c11] &   [-49.2, c12] &  [-7.58, c13] &  [-30.58, c14] &  [-101.92, c15] &  [-41.07, c16] &  [-10.19, c17] &  [-34.17, c18] &  [-63.09, c19] &  [-51.36, c20] &  [-82.37, c21] &  [-22.92, c22] &  [0, ] \\
c17         &  [-1.96, new\_cluster] &  [-38.34, c1] &  [-24.06, c2] &  [-12.34, c3] &  [-19.86, c4] &  [-35.86, c5] &  [-10.96, c6] &  [-51.05, c7] &  [-5.45, c8] &  [-57.69, c9] &  [-57.02, c10] &  [-11.47, c11] &  [-48.67, c12] &  [-7.07, c13] &  [-33.79, c14] &  [-101.92, c15] &  [-43.55, c16] &  [-10.32, c17] &  [-34.17, c18] &  [-63.09, c19] &  [-51.56, c20] &  [-83.39, c21] &  [-22.92, c22] &  [0, ] \\
c18         &  [-1.96, new\_cluster] &  [-40.29, c1] &  [-23.28, c2] &  [-12.63, c3] &  [-19.78, c4] &   [-35.5, c5] &  [-10.96, c6] &  [-51.58, c7] &  [-5.45, c8] &  [-57.69, c9] &  [-57.04, c10] &  [-11.85, c11] &  [-48.74, c12] &  [-6.73, c13] &  [-33.36, c14] &  [-101.92, c15] &  [-41.22, c16] &  [-10.85, c17] &  [-34.17, c18] &  [-63.09, c19] &  [-52.43, c20] &  [-81.87, c21] &  [-22.92, c22] &  [0, ] \\
c19         &  [-1.96, new\_cluster] &  [-38.73, c1] &  [-21.42, c2] &  [-11.64, c3] &  [-19.99, c4] &   [-35.5, c5] &  [-10.96, c6] &  [-50.67, c7] &  [-4.82, c8] &  [-57.69, c9] &  [-56.41, c10] &  [-11.27, c11] &   [-47.8, c12] &   [-7.0, c13] &  [-30.85, c14] &  [-101.92, c15] &   [-42.4, c16] &  [-10.54, c17] &  [-34.17, c18] &  [-63.09, c19] &  [-51.91, c20] &  [-82.67, c21] &  [-22.92, c22] &  [0, ] \\
c20         &  [-1.96, new\_cluster] &   [-38.1, c1] &  [-24.59, c2] &  [-10.78, c3] &  [-19.67, c4] &  [-36.42, c5] &  [-10.96, c6] &  [-50.99, c7] &  [-5.41, c8] &  [-57.69, c9] &  [-56.08, c10] &  [-11.56, c11] &  [-46.15, c12] &  [-6.52, c13] &  [-30.34, c14] &  [-101.92, c15] &  [-42.24, c16] &  [-10.37, c17] &  [-34.17, c18] &  [-63.09, c19] &  [-51.18, c20] &  [-83.07, c21] &  [-22.92, c22] &  [0, ] \\
c21         &  [-1.96, new\_cluster] &  [-38.66, c1] &  [-24.01, c2] &  [-11.64, c3] &  [-19.81, c4] &   [-36.2, c5] &  [-10.96, c6] &  [-52.31, c7] &  [-5.64, c8] &  [-57.69, c9] &  [-57.39, c10] &  [-11.36, c11] &  [-49.58, c12] &  [-6.62, c13] &  [-35.18, c14] &  [-101.92, c15] &  [-42.19, c16] &   [-9.87, c17] &  [-34.17, c18] &  [-63.09, c19] &  [-50.71, c20] &  [-82.89, c21] &  [-22.92, c22] &  [0, ] \\
c22         &  [-1.96, new\_cluster] &  [-38.18, c1] &  [-22.98, c2] &   [-10.9, c3] &   [-19.9, c4] &  [-36.53, c5] &  [-10.96, c6] &  [-50.05, c7] &  [-6.04, c8] &  [-57.69, c9] &  [-55.28, c10] &  [-11.43, c11] &  [-49.84, c12] &  [-7.56, c13] &  [-32.04, c14] &  [-101.92, c15] &  [-43.18, c16] &   [-9.85, c17] &  [-34.17, c18] &  [-63.09, c19] &  [-50.99, c20] &  [-83.58, c21] &  [-22.92, c22] &  [0, ] \\
c23         &                 [0, ] &         [0, ] &         [0, ] &         [0, ] &         [0, ] &         [0, ] &         [0, ] &         [0, ] &        [0, ] &         [0, ] &          [0, ] &          [0, ] &          [0, ] &         [0, ] &          [0, ] &           [0, ] &          [0, ] &          [0, ] &          [0, ] &          [0, ] &          [0, ] &          [0, ] &          [0, ] &  [0, ] \\
\bottomrule
\end{tabular}

