Seed: 0
Experiment_path: Experiment_06
Dataset_Path: ../_00_Datasets/03_SimDaten_Quiroga2020/C_Easy1_noise035.mat
Dataset_name: ['03_SimDaten_Quiroga2020', 'C_Easy1_noise035.mat']
Variant_name: Variant_05_Online_Autoencoder_QLearning_opt
Visualisation_Path: AE_Model_2/Grid_Search_PC//V5_1/C_Easy1_noise035.mat/Variant_05_Online_Autoencoder_QLearning_opt/2023_05_04-00_57_33
Normalisation: False
Template Matching: False
Optimising Autoencoder: True
Update Factor: 1
Noisy Batches: False
Noisy Factor: 0.001
Epochs: 8
Batch Size: 1
maximal Spikes for Autoencoder Training : 700
maximal Spikes for Training: 1000
Input Size: 47
Chosen Model: Convolutional Autoencoder
ConvolutionalAutoencoder(
  (encoder): Sequential(
    (0): Conv1d(1, 6, kernel_size=(6,), stride=(1,))
    (1): LeakyReLU(negative_slope=0.01)
    (2): Conv1d(6, 1, kernel_size=(6,), stride=(1,))
    (3): Flatten(start_dim=1, end_dim=-1)
    (4): Linear(in_features=37, out_features=2, bias=True)
  )
  (decoder): Sequential(
    (0): ConvTranspose1d(1, 6, kernel_size=(6,), stride=(1,))
    (1): LeakyReLU(negative_slope=0.01)
    (2): ConvTranspose1d(6, 1, kernel_size=(6,), stride=(1,))
    (3): Flatten(start_dim=1, end_dim=-1)
    (4): Linear(in_features=12, out_features=47, bias=True)
  )
)
MSELoss()
Adam (
Parameter Group 0
    amsgrad: False
    betas: (0.9, 0.999)
    capturable: False
    differentiable: False
    eps: 1e-08
    foreach: None
    fused: False
    lr: 0.001
    maximize: False
    weight_decay: 0
)
---Q Learning Parameters---
Normalisation: False
Punishment Coefficient: 1.4
Alpha: 0.8
Epsilon: 0.01
Gamma: 0.97
Initial Episode Number: 0
Episode Number Coefficient: 1.4
Number of Random Features: 20
Planning Number: 20
Max Random Features: 60
New Episode Number: 72
New Episode Number: 143
New Episode Number: 215
New Episode Number: 286
New Episode Number: 358
New Episode Number: 429
                 0      1      2      3      4      5      6
new_cluster -36.79 -46.17 -29.82 -37.95 -45.91 -50.90 -60.77
c1          -37.01 -45.09 -30.46 -37.09 -47.65 -47.97 -60.77
c2          -37.03 -47.38 -30.69 -38.01 -49.12 -50.44 -60.77
c3          -36.76 -45.74 -30.84 -39.00 -45.33 -53.00 -60.77
c4          -36.77 -48.04 -29.94 -37.63 -48.04 -51.39 -60.77
c5          -36.77 -48.57 -30.05 -36.47 -47.11 -50.91 -60.77
c6          -36.76 -48.80 -30.71 -37.42 -46.56 -49.51   0.00
\begin{tabular}{lrrrrrrr}
\toprule
{} &      0 &      1 &      2 &      3 &      4 &      5 &      6 \\
\midrule
new\_cluster & -36.79 & -46.17 & -29.82 & -37.95 & -45.91 & -50.90 & -60.77 \\
c1          & -37.01 & -45.09 & -30.46 & -37.09 & -47.65 & -47.97 & -60.77 \\
c2          & -37.03 & -47.38 & -30.69 & -38.01 & -49.12 & -50.44 & -60.77 \\
c3          & -36.76 & -45.74 & -30.84 & -39.00 & -45.33 & -53.00 & -60.77 \\
c4          & -36.77 & -48.04 & -29.94 & -37.63 & -48.04 & -51.39 & -60.77 \\
c5          & -36.77 & -48.57 & -30.05 & -36.47 & -47.11 & -50.91 & -60.77 \\
c6          & -36.76 & -48.80 & -30.71 & -37.42 & -46.56 & -49.51 &   0.00 \\
\bottomrule
\end{tabular}

                                0             1  ...             5             6
new_cluster  [-7.84, new_cluster]  [-16.93, c1]  ...  [-21.75, c5]  [-60.77, c6]
c1           [-7.84, new_cluster]  [-15.88, c1]  ...  [-18.78, c5]  [-60.77, c6]
c2           [-7.84, new_cluster]  [-18.15, c1]  ...  [-21.29, c5]  [-60.77, c6]
c3           [-7.84, new_cluster]   [-16.5, c1]  ...  [-23.35, c5]  [-60.77, c6]
c4           [-7.84, new_cluster]  [-18.91, c1]  ...  [-22.24, c5]  [-60.77, c6]
c5           [-7.84, new_cluster]  [-19.33, c1]  ...  [-21.76, c5]  [-60.77, c6]
c6           [-7.84, new_cluster]  [-19.32, c1]  ...  [-20.35, c5]         [0, ]

[7 rows x 7 columns]
\begin{tabular}{llllllll}
\toprule
{} &                     0 &             1 &            2 &            3 &             4 &             5 &             6 \\
\midrule
new\_cluster &  [-7.84, new\_cluster] &  [-16.93, c1] &  [-0.68, c2] &  [-8.08, c3] &  [-16.87, c4] &  [-21.75, c5] &  [-60.77, c6] \\
c1          &  [-7.84, new\_cluster] &  [-15.88, c1] &  [-0.71, c2] &  [-7.41, c3] &  [-18.61, c4] &  [-18.78, c5] &  [-60.77, c6] \\
c2          &  [-7.84, new\_cluster] &  [-18.15, c1] &  [-0.95, c2] &  [-8.05, c3] &  [-20.08, c4] &  [-21.29, c5] &  [-60.77, c6] \\
c3          &  [-7.84, new\_cluster] &   [-16.5, c1] &  [-1.16, c2] &  [-9.08, c3] &  [-16.05, c4] &  [-23.35, c5] &  [-60.77, c6] \\
c4          &  [-7.84, new\_cluster] &  [-18.91, c1] &  [-0.78, c2] &  [-7.95, c3] &  [-18.99, c4] &  [-22.24, c5] &  [-60.77, c6] \\
c5          &  [-7.84, new\_cluster] &  [-19.33, c1] &   [-0.9, c2] &  [-6.59, c3] &  [-18.07, c4] &  [-21.76, c5] &  [-60.77, c6] \\
c6          &  [-7.84, new\_cluster] &  [-19.32, c1] &  [-1.06, c2] &  [-7.74, c3] &  [-17.51, c4] &  [-20.35, c5] &         [0, ] \\
\bottomrule
\end{tabular}

