Experiment_path: AE_Model_2/Epochs_2_4_6_8_20/06_Experiment_05_Epochs
Dataset_Path: ../_00_Datasets/03_SimDaten_Quiroga2020/C_Easy1_noise015.mat
Dataset_name: ['03_SimDaten_Quiroga2020', 'C_Easy1_noise015.mat']
Variant_name: V05_Online_AE_QL
Visualisation_Path: AE_Model_2/Epochs_2_4_6_8_20/06_Experiment_05_Epochs/C_Easy1_noise015.mat/V05_Online_AE_QL/2023_05_11-01_15_30
Punishment_Coefficient: 1.1
<_01_LoadDataset.ExternCode.spike_class.spike_dataclass object at 0x000002734046DAC8>
Sampling rate: 24000.0
Raw: [-0.11561686 -0.09151516 -0.07003629 ...  0.13067092  0.07286933
  0.02376508]
Times: [   1418    2718    2965 ... 1438324 1439204 1439256]
Cluster: [2 1 3 ... 2 2 2]
Number of different clusters:  3
Number of Spikes: 3477
First aligned Spike Frame: [-0.21672249 -0.20435022 -0.20773448 -0.23066605 -0.25048766 -0.24897994
 -0.235203   -0.22454461 -0.22637624 -0.23567647 -0.24458052 -0.29008047
 -0.46277163 -0.78005294 -1.10886208 -1.22520407 -0.93276888 -0.30507988
  0.28404034  0.5598609   0.56326036  0.46868005  0.38002586  0.308291
  0.2337485   0.15145072  0.07073965  0.00289921 -0.04579903 -0.0801131
 -0.10431654 -0.10729234 -0.08281733 -0.04721634 -0.02197862 -0.01600473
 -0.0234669  -0.0435982  -0.07322802 -0.10283475 -0.12412902 -0.14133481
 -0.1572087  -0.1697764  -0.17533489 -0.18293644 -0.19999581]
Cluster 0, Occurrences: 1132
Cluster 1, Occurrences: 1188
Cluster 2, Occurrences: 1157
Number of Clusters: 3
Online_Training [1/700]: mean_loss=0.1805753856897354
Online_Training [2/700]: mean_loss=0.09005909537275632
Online_Training [3/700]: mean_loss=0.36032246549924213
Online_Training [4/700]: mean_loss=0.15852448840936026
Online_Training [5/700]: mean_loss=0.42457116146882373
Online_Training [6/700]: mean_loss=0.1167047768831253
Online_Training [7/700]: mean_loss=0.13724435369173685
Online_Training [8/700]: mean_loss=0.1446517730752627
Online_Training [9/700]: mean_loss=0.09609966600934665
Online_Training [10/700]: mean_loss=0.13709101329247156
Online_Training [11/700]: mean_loss=0.11558972671627998
Online_Training [12/700]: mean_loss=0.1166057859857877
Online_Training [13/700]: mean_loss=0.1428744817773501
Online_Training [14/700]: mean_loss=0.27655312418937683
Online_Training [15/700]: mean_loss=0.11009097223480542
Online_Training [16/700]: mean_loss=0.13116435954968134
Online_Training [17/700]: mean_loss=0.11584631601969402
Online_Training [18/700]: mean_loss=0.06348766386508942
Online_Training [19/700]: mean_loss=0.3545059363047282
Online_Training [20/700]: mean_loss=0.30220165848731995
Online_Training [21/700]: mean_loss=0.09225339318315189
Online_Training [22/700]: mean_loss=0.12112604702512424
Online_Training [23/700]: mean_loss=0.0915395903090636
Online_Training [24/700]: mean_loss=0.07713849718372028
Online_Training [25/700]: mean_loss=0.24092153708140054
Online_Training [26/700]: mean_loss=0.089861744393905
Online_Training [27/700]: mean_loss=0.0360713517293334
Online_Training [28/700]: mean_loss=0.05157154922684034
Online_Training [29/700]: mean_loss=0.09815385316809018
Online_Training [30/700]: mean_loss=0.21575350314378738
Online_Training [31/700]: mean_loss=0.05254997375110785
Online_Training [32/700]: mean_loss=0.19854350636402765
Online_Training [33/700]: mean_loss=0.030308381964763004
Online_Training [34/700]: mean_loss=0.12143060564994812
Online_Training [35/700]: mean_loss=0.11955601225296657
Online_Training [36/700]: mean_loss=0.21922141561905542
Online_Training [37/700]: mean_loss=0.03903497755527496
Online_Training [38/700]: mean_loss=0.06926525135835011
Online_Training [39/700]: mean_loss=0.08648934960365295
Online_Training [40/700]: mean_loss=0.04389660991728306
Online_Training [41/700]: mean_loss=0.030911939529081185
Online_Training [42/700]: mean_loss=0.08615900203585625
Online_Training [43/700]: mean_loss=0.018742978883286316
Online_Training [44/700]: mean_loss=0.05934342493613561
Online_Training [45/700]: mean_loss=0.031404239435990654
Online_Training [46/700]: mean_loss=0.04011852170030276
Online_Training [47/700]: mean_loss=0.09088120236992836
Online_Training [48/700]: mean_loss=0.10086501389741898
Online_Training [49/700]: mean_loss=0.10364883641401927
Online_Training [50/700]: mean_loss=0.10654965663949649
Online_Training [51/700]: mean_loss=0.08961027736465137
Online_Training [52/700]: mean_loss=0.034558307069043316
Online_Training [53/700]: mean_loss=0.025367718810836475
Online_Training [54/700]: mean_loss=0.016848626546561718
Online_Training [55/700]: mean_loss=0.01816263763854901
Online_Training [56/700]: mean_loss=0.037458609168728195
Online_Training [57/700]: mean_loss=0.07795429850618045
Online_Training [58/700]: mean_loss=0.05983578599989414
Online_Training [59/700]: mean_loss=0.056566870460907616
Online_Training [60/700]: mean_loss=0.1430426612496376
Online_Training [61/700]: mean_loss=0.1050782489279906
Online_Training [62/700]: mean_loss=0.044047354410092034
Online_Training [63/700]: mean_loss=0.04452919835845629
Online_Training [64/700]: mean_loss=0.0530341441432635
Online_Training [65/700]: mean_loss=0.046409874533613525
Online_Training [66/700]: mean_loss=0.07701012616356213
Online_Training [67/700]: mean_loss=0.05635927803814411
Online_Training [68/700]: mean_loss=0.07389725993076961
Online_Training [69/700]: mean_loss=0.07765540853142738
Online_Training [70/700]: mean_loss=0.013067472881327072
Online_Training [71/700]: mean_loss=0.04714310293396314
Online_Training [72/700]: mean_loss=0.0621312502771616
Online_Training [73/700]: mean_loss=0.0362811932961146
Online_Training [74/700]: mean_loss=0.021816069570680458
Online_Training [75/700]: mean_loss=0.02150786730150382
Online_Training [76/700]: mean_loss=0.01654622346783678
Online_Training [77/700]: mean_loss=0.03625868633389473
Online_Training [78/700]: mean_loss=0.01933883037418127
Online_Training [79/700]: mean_loss=0.036610473257799946
Online_Training [80/700]: mean_loss=0.02079642315705617
Online_Training [81/700]: mean_loss=0.022441864634553593
Online_Training [82/700]: mean_loss=0.045874773835142456
Online_Training [83/700]: mean_loss=0.021750346136589844
Online_Training [84/700]: mean_loss=0.03302044173081716
Online_Training [85/700]: mean_loss=0.03063939108202855
Online_Training [86/700]: mean_loss=0.031759538066883884
Online_Training [87/700]: mean_loss=0.048089041685064636
Online_Training [88/700]: mean_loss=0.03698906488716602
Online_Training [89/700]: mean_loss=0.029618612490594387
Online_Training [90/700]: mean_loss=0.0663025410224994
Online_Training [91/700]: mean_loss=0.025117515586316586
Online_Training [92/700]: mean_loss=0.03688924635450045
Online_Training [93/700]: mean_loss=0.03911015825966994
Online_Training [94/700]: mean_loss=0.057131171226501465
Online_Training [95/700]: mean_loss=0.020101519922415417
Online_Training [96/700]: mean_loss=0.016831680666655302
Online_Training [97/700]: mean_loss=0.0191011189793547
Online_Training [98/700]: mean_loss=0.02180140931159258
Online_Training [99/700]: mean_loss=0.014738289018472036
Online_Training [100/700]: mean_loss=0.018529273569583893
Online_Training [101/700]: mean_loss=0.05097966268658638
Online_Training [102/700]: mean_loss=0.017432624008506536
Online_Training [103/700]: mean_loss=0.0823128658036391
Online_Training [104/700]: mean_loss=0.3814934541781743
Online_Training [105/700]: mean_loss=0.042987881849209465
Online_Training [106/700]: mean_loss=0.016612706395486992
Online_Training [107/700]: mean_loss=0.030965624066690605
Online_Training [108/700]: mean_loss=0.04513911219934622
Online_Training [109/700]: mean_loss=0.01643311930820346
Online_Training [110/700]: mean_loss=0.028584734226266544
Online_Training [111/700]: mean_loss=0.04275300291677316
Online_Training [112/700]: mean_loss=0.013718079465130964
Online_Training [113/700]: mean_loss=0.02023082599043846
Online_Training [114/700]: mean_loss=0.22386961430311203
Online_Training [115/700]: mean_loss=0.040877667566140495
Online_Training [116/700]: mean_loss=0.019896399850646656
Online_Training [117/700]: mean_loss=0.05812223752339681
Online_Training [118/700]: mean_loss=0.03189194109290838
Online_Training [119/700]: mean_loss=0.061196387434999146
Online_Training [120/700]: mean_loss=0.02736143923054139
Online_Training [121/700]: mean_loss=0.02658538396159808
Online_Training [122/700]: mean_loss=0.10514170055588086
Online_Training [123/700]: mean_loss=0.03233881356815497
Online_Training [124/700]: mean_loss=0.014084111278255781
Online_Training [125/700]: mean_loss=0.03533617469171683
Online_Training [126/700]: mean_loss=0.015008429531008005
Online_Training [127/700]: mean_loss=0.026221456937491894
Online_Training [128/700]: mean_loss=0.020908645043770473
Online_Training [129/700]: mean_loss=0.010597504830608765
Online_Training [130/700]: mean_loss=0.009210704049716393
Online_Training [131/700]: mean_loss=0.02289695447931687
Online_Training [132/700]: mean_loss=0.0316414808233579
Online_Training [133/700]: mean_loss=0.019954297691583633
Online_Training [134/700]: mean_loss=0.07672966085374355
Online_Training [135/700]: mean_loss=0.006105139308298628
Online_Training [136/700]: mean_loss=0.0246295187001427
Online_Training [137/700]: mean_loss=0.023997340972224872
Online_Training [138/700]: mean_loss=0.009250124916434288
Online_Training [139/700]: mean_loss=0.06800887671609719
Online_Training [140/700]: mean_loss=0.010601887945085764
Online_Training [141/700]: mean_loss=0.04024562301735083
Online_Training [142/700]: mean_loss=0.0880113070209821
Online_Training [143/700]: mean_loss=0.06808559720714887
Online_Training [144/700]: mean_loss=0.02564146478349964
Online_Training [145/700]: mean_loss=0.019179907937844593
Online_Training [146/700]: mean_loss=0.2565307766199112
Online_Training [147/700]: mean_loss=0.15427416314681372
Online_Training [148/700]: mean_loss=0.030047873345514137
Online_Training [149/700]: mean_loss=0.034644841526945434
Online_Training [150/700]: mean_loss=0.013206415033588806
Online_Training [151/700]: mean_loss=0.04441968413690726
Online_Training [152/700]: mean_loss=0.01584205264225602
Online_Training [153/700]: mean_loss=0.02211898782600959
Online_Training [154/700]: mean_loss=0.010786700683335463
Online_Training [155/700]: mean_loss=0.015713403622309368
Online_Training [156/700]: mean_loss=0.020570298346380394
Online_Training [157/700]: mean_loss=0.03019288306434949
Online_Training [158/700]: mean_loss=0.02481139327088992
Online_Training [159/700]: mean_loss=0.03159076410035292
Online_Training [160/700]: mean_loss=0.05083742861946424
Online_Training [161/700]: mean_loss=0.058243339881300926
Online_Training [162/700]: mean_loss=0.19417123744885126
Online_Training [163/700]: mean_loss=0.018592106488843758
Online_Training [164/700]: mean_loss=0.03828937622408072
Online_Training [165/700]: mean_loss=0.0960517165561517
Online_Training [166/700]: mean_loss=0.021028594424327213
Online_Training [167/700]: mean_loss=0.0288805915042758
Online_Training [168/700]: mean_loss=0.024299285064140957
Online_Training [169/700]: mean_loss=0.008427732468893131
Online_Training [170/700]: mean_loss=0.07919729749361674
Online_Training [171/700]: mean_loss=0.04842703975737095
Online_Training [172/700]: mean_loss=0.014289637096226215
Online_Training [173/700]: mean_loss=0.012661689737190803
Online_Training [174/700]: mean_loss=0.01217489643022418
Online_Training [175/700]: mean_loss=0.011086611542850733
Online_Training [176/700]: mean_loss=0.009472715357939402
Online_Training [177/700]: mean_loss=0.06937741860747337
Online_Training [178/700]: mean_loss=0.020134118075172108
Online_Training [179/700]: mean_loss=0.13067640860875449
Online_Training [180/700]: mean_loss=0.0405987948179245
Online_Training [181/700]: mean_loss=0.013023895987619957
Online_Training [182/700]: mean_loss=0.041359620789686836
Online_Training [183/700]: mean_loss=0.008657958824187517
Online_Training [184/700]: mean_loss=0.05247618878881136
Online_Training [185/700]: mean_loss=0.014312987526257833
Online_Training [186/700]: mean_loss=0.016681585150460403
Online_Training [187/700]: mean_loss=0.023418832880755264
Online_Training [188/700]: mean_loss=0.07302555069327354
Online_Training [189/700]: mean_loss=0.08980015168587367
Online_Training [190/700]: mean_loss=0.018605110856393974
Online_Training [191/700]: mean_loss=0.06853192299604416
Online_Training [192/700]: mean_loss=0.24540823449691138
Online_Training [193/700]: mean_loss=0.04476317080358664
Online_Training [194/700]: mean_loss=0.02018654967347781
Online_Training [195/700]: mean_loss=0.02898610383272171
Online_Training [196/700]: mean_loss=0.04897116621335348
Online_Training [197/700]: mean_loss=0.017509276047348976
Online_Training [198/700]: mean_loss=0.030021422853072483
Online_Training [199/700]: mean_loss=0.033911243391533695
Online_Training [200/700]: mean_loss=0.02876720329125722
Online_Training [201/700]: mean_loss=0.045084670186042786
Online_Training [202/700]: mean_loss=0.045158288131157555
Online_Training [203/700]: mean_loss=0.03387110431989034
Online_Training [204/700]: mean_loss=0.010264218940089146
Online_Training [205/700]: mean_loss=0.013391710352152586
Online_Training [206/700]: mean_loss=0.008108355337753892
Online_Training [207/700]: mean_loss=0.025426043507953484
Online_Training [208/700]: mean_loss=0.0406637421498696
Online_Training [209/700]: mean_loss=0.02055093242476384
Online_Training [210/700]: mean_loss=0.07086947560310364
Online_Training [211/700]: mean_loss=0.24252181500196457
Online_Training [212/700]: mean_loss=0.1168538232644399
Online_Training [213/700]: mean_loss=0.027302606031298637
Online_Training [214/700]: mean_loss=0.011750757539023956
Online_Training [215/700]: mean_loss=0.020877085936566193
Online_Training [216/700]: mean_loss=0.045785042767723404
Online_Training [217/700]: mean_loss=0.0161216853496929
Online_Training [218/700]: mean_loss=0.037201122070352234
Online_Training [219/700]: mean_loss=0.05781118509670099
Online_Training [220/700]: mean_loss=0.012570387062927088
Online_Training [221/700]: mean_loss=0.012627154433478912
Online_Training [222/700]: mean_loss=0.024084285832941532
Online_Training [223/700]: mean_loss=0.01223511000474294
Online_Training [224/700]: mean_loss=0.026530070851246517
Online_Training [225/700]: mean_loss=0.0202762500072519
Online_Training [226/700]: mean_loss=0.03328791633248329
Online_Training [227/700]: mean_loss=0.026348700126012165
Online_Training [228/700]: mean_loss=0.030998615858455498
Online_Training [229/700]: mean_loss=0.02410267883290847
Online_Training [230/700]: mean_loss=0.02818405907601118
Online_Training [231/700]: mean_loss=0.02034655741105477
Online_Training [232/700]: mean_loss=0.017183640661338966
Online_Training [233/700]: mean_loss=0.058086469769477844
Online_Training [234/700]: mean_loss=0.01471148788308104
Online_Training [235/700]: mean_loss=0.015153540453563133
Online_Training [236/700]: mean_loss=0.01689080024758975
Online_Training [237/700]: mean_loss=0.0769633377591769
Online_Training [238/700]: mean_loss=0.05653527316947778
Online_Training [239/700]: mean_loss=0.024714861686031025
Online_Training [240/700]: mean_loss=0.03365642763674259
Online_Training [241/700]: mean_loss=0.009264172986149788
Online_Training [242/700]: mean_loss=0.024211240311463673
Online_Training [243/700]: mean_loss=0.007153246862192948
Online_Training [244/700]: mean_loss=0.01555503454680244
Online_Training [245/700]: mean_loss=0.01435416874786218
Online_Training [246/700]: mean_loss=0.013760602567344904
Online_Training [247/700]: mean_loss=0.011331376309196154
Online_Training [248/700]: mean_loss=0.015738481810937326
Online_Training [249/700]: mean_loss=0.028893738985061646
Online_Training [250/700]: mean_loss=0.009361237908403078
Online_Training [251/700]: mean_loss=0.01716734158496062
Online_Training [252/700]: mean_loss=0.016919388435781002
Online_Training [253/700]: mean_loss=0.024864550059040386
Online_Training [254/700]: mean_loss=0.011524977472921213
Online_Training [255/700]: mean_loss=0.0705060896774133
Online_Training [256/700]: mean_loss=0.10999006405472755
Online_Training [257/700]: mean_loss=0.023701072049637634
Online_Training [258/700]: mean_loss=0.027792742165426414
Online_Training [259/700]: mean_loss=0.020698777710398037
Online_Training [260/700]: mean_loss=0.05211417066554228
Online_Training [261/700]: mean_loss=0.016301510234673817
Online_Training [262/700]: mean_loss=0.03834316320717335
Online_Training [263/700]: mean_loss=0.004869934093828003
Online_Training [264/700]: mean_loss=0.09916006525357564
Online_Training [265/700]: mean_loss=0.018097436676422756
Online_Training [266/700]: mean_loss=0.03318179274598757
Online_Training [267/700]: mean_loss=0.0586964413523674
Online_Training [268/700]: mean_loss=0.037870642418662705
Online_Training [269/700]: mean_loss=0.016547486186027527
Online_Training [270/700]: mean_loss=0.02551452349871397
Online_Training [271/700]: mean_loss=0.01157431382065018
Online_Training [272/700]: mean_loss=0.0168137950822711
Online_Training [273/700]: mean_loss=0.016074693761765957
Online_Training [274/700]: mean_loss=0.01221127218256394
Online_Training [275/700]: mean_loss=0.023128689266741276
Online_Training [276/700]: mean_loss=0.009151322301477194
Online_Training [277/700]: mean_loss=0.03893930775423845
Online_Training [278/700]: mean_loss=0.01415050340195497
Online_Training [279/700]: mean_loss=0.1122994398077329
Online_Training [280/700]: mean_loss=0.3327958981196086
Online_Training [281/700]: mean_loss=0.015194702272613844
Online_Training [282/700]: mean_loss=0.01942462877680858
Online_Training [283/700]: mean_loss=0.029391981040438015
Online_Training [284/700]: mean_loss=0.04192096057037512
Online_Training [285/700]: mean_loss=0.08789060140649478
Online_Training [286/700]: mean_loss=0.23787917693456015
Online_Training [287/700]: mean_loss=0.15056108434995016
Online_Training [288/700]: mean_loss=0.12100834275285403
Online_Training [289/700]: mean_loss=0.02796853178491195
Online_Training [290/700]: mean_loss=0.015036069322377443
Online_Training [291/700]: mean_loss=0.2175185332695643
Online_Training [292/700]: mean_loss=0.027605601586401463
Online_Training [293/700]: mean_loss=0.017770885800321896
Online_Training [294/700]: mean_loss=0.03043862928946813
Online_Training [295/700]: mean_loss=0.1511657585700353
Online_Training [296/700]: mean_loss=0.04554777344067892
Online_Training [297/700]: mean_loss=0.02925823690990607
Online_Training [298/700]: mean_loss=0.03183011058717966
Online_Training [299/700]: mean_loss=0.015815573278814554
Online_Training [300/700]: mean_loss=0.030758234361807506
Online_Training [301/700]: mean_loss=0.029795919234553974
Online_Training [302/700]: mean_loss=0.030339930827418964
Online_Training [303/700]: mean_loss=0.01899072031180064
Online_Training [304/700]: mean_loss=0.04628960105280081
Online_Training [305/700]: mean_loss=0.035457927733659744
Online_Training [306/700]: mean_loss=0.022773408330976963
Online_Training [307/700]: mean_loss=0.01489964360371232
Online_Training [308/700]: mean_loss=0.025117354777952034
Online_Training [309/700]: mean_loss=0.054910074919462204
Online_Training [310/700]: mean_loss=0.1080917405585448
Online_Training [311/700]: mean_loss=0.049892247964938484
Online_Training [312/700]: mean_loss=0.03523424888650576
Online_Training [313/700]: mean_loss=0.12167422349254291
Online_Training [314/700]: mean_loss=0.01612704743941625
Online_Training [315/700]: mean_loss=0.017347413580864668
Online_Training [316/700]: mean_loss=0.024563145823776722
Online_Training [317/700]: mean_loss=0.0350164653112491
Online_Training [318/700]: mean_loss=0.025606106966733932
Online_Training [319/700]: mean_loss=0.042721676950653396
Online_Training [320/700]: mean_loss=0.0055310965205232305
Online_Training [321/700]: mean_loss=0.023964628266791504
Online_Training [322/700]: mean_loss=0.015154857964565357
Online_Training [323/700]: mean_loss=0.0165630333746473
Online_Training [324/700]: mean_loss=0.07014108076691628
Online_Training [325/700]: mean_loss=0.04303830365339915
Online_Training [326/700]: mean_loss=0.005165262147784233
Online_Training [327/700]: mean_loss=0.015465445506076017
Online_Training [328/700]: mean_loss=0.017911570767561596
Online_Training [329/700]: mean_loss=0.01775238709524274
Online_Training [330/700]: mean_loss=0.023211911941568058
Online_Training [331/700]: mean_loss=0.008188499370589852
Online_Training [332/700]: mean_loss=0.021416225160161655
Online_Training [333/700]: mean_loss=0.040249992782870926
Online_Training [334/700]: mean_loss=0.019235407933592796
Online_Training [335/700]: mean_loss=0.011310714141776165
Online_Training [336/700]: mean_loss=0.029286599718034267
Online_Training [337/700]: mean_loss=0.008796867604056994
Online_Training [338/700]: mean_loss=0.023646210009853046
Online_Training [339/700]: mean_loss=0.20544597506523132
Online_Training [340/700]: mean_loss=0.0818140096962452
Online_Training [341/700]: mean_loss=0.028026781665782135
Online_Training [342/700]: mean_loss=0.03828037033478419
Online_Training [343/700]: mean_loss=0.031108795665204525
Online_Training [344/700]: mean_loss=0.015717817470431328
Online_Training [345/700]: mean_loss=0.02551530363659064
Online_Training [346/700]: mean_loss=0.02561203173051278
Online_Training [347/700]: mean_loss=0.028105945015947025
Online_Training [348/700]: mean_loss=0.09799940884113312
Online_Training [349/700]: mean_loss=0.017546447770049173
Online_Training [350/700]: mean_loss=0.030525494056443375
Online_Training [351/700]: mean_loss=0.01419294330601891
Online_Training [352/700]: mean_loss=0.01962956165273984
Online_Training [353/700]: mean_loss=0.027988031816979248
Online_Training [354/700]: mean_loss=0.047433742632468544
Online_Training [355/700]: mean_loss=0.023047052944699924
Online_Training [356/700]: mean_loss=0.03718126192688942
Online_Training [357/700]: mean_loss=0.014015299578507742
Online_Training [358/700]: mean_loss=0.010171993790815273
Online_Training [359/700]: mean_loss=0.02948213244477908
Online_Training [360/700]: mean_loss=0.015613452065736055
Online_Training [361/700]: mean_loss=0.014292453648522496
Online_Training [362/700]: mean_loss=0.011967032992591461
Online_Training [363/700]: mean_loss=0.019149715391298134
Online_Training [364/700]: mean_loss=0.020828494802117348
Online_Training [365/700]: mean_loss=0.007887216517701745
Online_Training [366/700]: mean_loss=0.020989614228407543
Online_Training [367/700]: mean_loss=0.02682336171468099
Online_Training [368/700]: mean_loss=0.020895961051185925
Online_Training [369/700]: mean_loss=0.022767494432628155
Online_Training [370/700]: mean_loss=0.011939089590062698
Online_Training [371/700]: mean_loss=0.08452064047257106
Online_Training [372/700]: mean_loss=0.2497196545203527
Online_Training [373/700]: mean_loss=0.01237609904880325
Online_Training [374/700]: mean_loss=0.020948939335842926
Online_Training [375/700]: mean_loss=0.03950092475861311
Online_Training [376/700]: mean_loss=0.03255872738858064
Online_Training [377/700]: mean_loss=0.025243090155224007
Online_Training [378/700]: mean_loss=0.011053719402601322
Online_Training [379/700]: mean_loss=0.05127028562128544
Online_Training [380/700]: mean_loss=0.03796884976327419
Online_Training [381/700]: mean_loss=0.08618973940610886
Online_Training [382/700]: mean_loss=0.04199675222237905
Online_Training [383/700]: mean_loss=0.06243436907728513
Online_Training [384/700]: mean_loss=0.01703235910584529
Online_Training [385/700]: mean_loss=0.019389267079532146
Online_Training [386/700]: mean_loss=0.019605080286661785
Online_Training [387/700]: mean_loss=0.01588408990452687
Online_Training [388/700]: mean_loss=0.029260053609808285
Online_Training [389/700]: mean_loss=0.01911509968340397
Online_Training [390/700]: mean_loss=0.008429415058344603
Online_Training [391/700]: mean_loss=0.1275493030746778
Online_Training [392/700]: mean_loss=0.41419899463653564
Online_Training [393/700]: mean_loss=0.014584069916357597
Online_Training [394/700]: mean_loss=0.03951536305248737
Online_Training [395/700]: mean_loss=0.05407301212350527
Online_Training [396/700]: mean_loss=0.033356872387230396
Online_Training [397/700]: mean_loss=0.020242906485994656
Online_Training [398/700]: mean_loss=0.059775400906801224
Online_Training [399/700]: mean_loss=0.009769889758899808
Online_Training [400/700]: mean_loss=0.013401067039618889
Online_Training [401/700]: mean_loss=0.028235138083497684
Online_Training [402/700]: mean_loss=0.015069459564983845
Online_Training [403/700]: mean_loss=0.01377353739614288
Online_Training [404/700]: mean_loss=0.07059734811385472
Online_Training [405/700]: mean_loss=0.026798091207941372
Online_Training [406/700]: mean_loss=0.04302652118106683
Online_Training [407/700]: mean_loss=0.032013400768240295
Online_Training [408/700]: mean_loss=0.00914693313340346
Online_Training [409/700]: mean_loss=0.012454833214481672
Online_Training [410/700]: mean_loss=0.019768300466239452
Online_Training [411/700]: mean_loss=0.023237527037660282
Online_Training [412/700]: mean_loss=0.02311742026358843
Online_Training [413/700]: mean_loss=0.08662918085853259
Online_Training [414/700]: mean_loss=0.03889628437658151
Online_Training [415/700]: mean_loss=0.020682342660923798
Online_Training [416/700]: mean_loss=0.023695519504447777
Online_Training [417/700]: mean_loss=0.02257247796903054
Online_Training [418/700]: mean_loss=0.01857679399351279
Online_Training [419/700]: mean_loss=0.010870029218494892
Online_Training [420/700]: mean_loss=0.024465634487569332
Online_Training [421/700]: mean_loss=0.025007659879823525
Online_Training [422/700]: mean_loss=0.02374715389062961
Online_Training [423/700]: mean_loss=0.02269562364866336
Online_Training [424/700]: mean_loss=0.09327550232410431
Online_Training [425/700]: mean_loss=0.32747092843055725
Online_Training [426/700]: mean_loss=0.01284437564512094
Online_Training [427/700]: mean_loss=0.0818455529709657
Online_Training [428/700]: mean_loss=0.057387356335918106
Online_Training [429/700]: mean_loss=0.018575406012435753
Online_Training [430/700]: mean_loss=0.015687808239211638
Online_Training [431/700]: mean_loss=0.18252316862344742
Online_Training [432/700]: mean_loss=0.010398831528921923
Online_Training [433/700]: mean_loss=0.04338058332602183
Online_Training [434/700]: mean_loss=0.06872419143716495
Online_Training [435/700]: mean_loss=0.020206360146403313
Online_Training [436/700]: mean_loss=0.021875481431682903
Online_Training [437/700]: mean_loss=0.02239963412284851
Online_Training [438/700]: mean_loss=0.024386307535072167
Online_Training [439/700]: mean_loss=0.020458916202187538
Online_Training [440/700]: mean_loss=0.059484937538703285
Online_Training [441/700]: mean_loss=0.01924081922819217
Online_Training [442/700]: mean_loss=0.03986994425455729
Online_Training [443/700]: mean_loss=0.012433674341688553
Online_Training [444/700]: mean_loss=0.10946907227238019
Online_Training [445/700]: mean_loss=0.01490639072532455
Online_Training [446/700]: mean_loss=0.013735743860403696
Online_Training [447/700]: mean_loss=0.008695535516987244
Online_Training [448/700]: mean_loss=0.00951750778282682
Online_Training [449/700]: mean_loss=0.011219763973106941
Online_Training [450/700]: mean_loss=0.032582322135567665
Online_Training [451/700]: mean_loss=0.012146738823503256
Online_Training [452/700]: mean_loss=0.010034775671859583
Online_Training [453/700]: mean_loss=0.005984596752872069
Online_Training [454/700]: mean_loss=0.006511556450277567
Online_Training [455/700]: mean_loss=0.013761844951659441
Online_Training [456/700]: mean_loss=0.03653428082664808
Online_Training [457/700]: mean_loss=0.03828087573250135
Online_Training [458/700]: mean_loss=0.006757076907282074
Online_Training [459/700]: mean_loss=0.00561383948661387
Online_Training [460/700]: mean_loss=0.018401617494722206
Online_Training [461/700]: mean_loss=0.00855456261585156
Online_Training [462/700]: mean_loss=0.013908509630709887
Online_Training [463/700]: mean_loss=0.019044489910205204
Online_Training [464/700]: mean_loss=0.06621054684122403
Online_Training [465/700]: mean_loss=0.012639407689372698
Online_Training [466/700]: mean_loss=0.0056513472615430755
Online_Training [467/700]: mean_loss=0.010774045716971159
Online_Training [468/700]: mean_loss=0.017770111250380676
Online_Training [469/700]: mean_loss=0.016498596407473087
Online_Training [470/700]: mean_loss=0.022964417934417725
Online_Training [471/700]: mean_loss=0.009494193053493897
Online_Training [472/700]: mean_loss=0.027173414826393127
Online_Training [473/700]: mean_loss=0.022312532489498455
Online_Training [474/700]: mean_loss=0.045900302628676094
Online_Training [475/700]: mean_loss=0.011587457420925299
Online_Training [476/700]: mean_loss=0.008532602339982986
Online_Training [477/700]: mean_loss=0.018372625733415287
Online_Training [478/700]: mean_loss=0.008592022738109032
Online_Training [479/700]: mean_loss=0.024006569447616737
Online_Training [480/700]: mean_loss=0.017700144710640114
Online_Training [481/700]: mean_loss=0.019480647519230843
Online_Training [482/700]: mean_loss=0.018991488652924698
Online_Training [483/700]: mean_loss=0.007792210128779213
Online_Training [484/700]: mean_loss=0.03404636184374491
Online_Training [485/700]: mean_loss=0.01338552109276255
Online_Training [486/700]: mean_loss=0.02114221795151631
Online_Training [487/700]: mean_loss=0.022595975548028946
Online_Training [488/700]: mean_loss=0.01150086180617412
Online_Training [489/700]: mean_loss=0.03146161915113529
Online_Training [490/700]: mean_loss=0.023670770538349945
Online_Training [491/700]: mean_loss=0.019933023490011692
Online_Training [492/700]: mean_loss=0.011663799950232109
Online_Training [493/700]: mean_loss=0.01130214628453056
Online_Training [494/700]: mean_loss=0.02166810166090727
Online_Training [495/700]: mean_loss=0.00653141123863558
Online_Training [496/700]: mean_loss=0.007817751572777828
Online_Training [497/700]: mean_loss=0.0859309509396553
Online_Training [498/700]: mean_loss=0.08467236906290054
Online_Training [499/700]: mean_loss=0.027654955474038918
Online_Training [500/700]: mean_loss=0.01574801638101538
Online_Training [501/700]: mean_loss=0.013811873427281776
Online_Training [502/700]: mean_loss=0.03000570957859357
Online_Training [503/700]: mean_loss=0.012606076430529356
Online_Training [504/700]: mean_loss=0.020274526129166286
Online_Training [505/700]: mean_loss=0.04663217316071192
Online_Training [506/700]: mean_loss=0.022558546004196007
Online_Training [507/700]: mean_loss=0.007086459392060836
Online_Training [508/700]: mean_loss=0.008766533496479193
Online_Training [509/700]: mean_loss=0.08528217549125354
Online_Training [510/700]: mean_loss=0.008002595665554205
Online_Training [511/700]: mean_loss=0.027811664156615734
Online_Training [512/700]: mean_loss=0.022312462329864502
Online_Training [513/700]: mean_loss=0.0202109149346749
Online_Training [514/700]: mean_loss=0.0036523673916235566
Online_Training [515/700]: mean_loss=0.10580748567978542
Online_Training [516/700]: mean_loss=0.053476857021450996
Online_Training [517/700]: mean_loss=0.03432889158527056
Online_Training [518/700]: mean_loss=0.010007162423183521
Online_Training [519/700]: mean_loss=0.008906963591774305
Online_Training [520/700]: mean_loss=0.007491869619116187
Online_Training [521/700]: mean_loss=0.02364701343079408
Online_Training [522/700]: mean_loss=0.0724416288236777
Online_Training [523/700]: mean_loss=0.009271511497596899
Online_Training [524/700]: mean_loss=0.012752420579393705
Online_Training [525/700]: mean_loss=0.01956879689047734
Online_Training [526/700]: mean_loss=0.019424434130390484
Online_Training [527/700]: mean_loss=0.014190736381957928
Online_Training [528/700]: mean_loss=0.050829693054159485
Online_Training [529/700]: mean_loss=0.014444684144109488
Online_Training [530/700]: mean_loss=0.08720186352729797
Online_Training [531/700]: mean_loss=0.1349107101559639
Online_Training [532/700]: mean_loss=0.023774482309818268
Online_Training [533/700]: mean_loss=0.048276603842775025
Online_Training [534/700]: mean_loss=0.02268276736140251
Online_Training [535/700]: mean_loss=0.026709182808796566
Online_Training [536/700]: mean_loss=0.019189709797501564
Online_Training [537/700]: mean_loss=0.013298694975674152
Online_Training [538/700]: mean_loss=0.014104612016429504
Online_Training [539/700]: mean_loss=0.027295628873010475
Online_Training [540/700]: mean_loss=0.0167152628613015
Online_Training [541/700]: mean_loss=0.036335798601309456
Online_Training [542/700]: mean_loss=0.12509837870796522
Online_Training [543/700]: mean_loss=0.23242374261220297
Online_Training [544/700]: mean_loss=0.015110465542723736
Online_Training [545/700]: mean_loss=0.01918483680735032
Online_Training [546/700]: mean_loss=0.011072445350388685
Online_Training [547/700]: mean_loss=0.02786462226261695
Online_Training [548/700]: mean_loss=0.10914126286904018
Online_Training [549/700]: mean_loss=0.1862014432748159
Online_Training [550/700]: mean_loss=0.011720108023534218
Online_Training [551/700]: mean_loss=0.021853105165064335
Online_Training [552/700]: mean_loss=0.009613960360487303
Online_Training [553/700]: mean_loss=0.020713195204734802
Online_Training [554/700]: mean_loss=0.05795196257531643
Online_Training [555/700]: mean_loss=0.13964414596557617
Online_Training [556/700]: mean_loss=0.02606939213971297
Online_Training [557/700]: mean_loss=0.009565979863206545
Online_Training [558/700]: mean_loss=0.023792026254038017
Online_Training [559/700]: mean_loss=0.04634837992489338
Online_Training [560/700]: mean_loss=0.007588944009815653
Online_Training [561/700]: mean_loss=0.0846829464038213
Online_Training [562/700]: mean_loss=0.023670571856200695
Online_Training [563/700]: mean_loss=0.07576221972703934
Online_Training [564/700]: mean_loss=0.046900926157832146
Online_Training [565/700]: mean_loss=0.022758193934957188
Online_Training [566/700]: mean_loss=0.023293606316049893
Online_Training [567/700]: mean_loss=0.011299059726297855
Online_Training [568/700]: mean_loss=0.024406857478121918
Online_Training [569/700]: mean_loss=0.019398005058368046
Online_Training [570/700]: mean_loss=0.021806195999185245
Online_Training [571/700]: mean_loss=0.014892113239814838
Online_Training [572/700]: mean_loss=0.0022654300167535744
Online_Training [573/700]: mean_loss=0.0194789981469512
Online_Training [574/700]: mean_loss=0.024450802865127724
Online_Training [575/700]: mean_loss=0.01300847390666604
Online_Training [576/700]: mean_loss=0.01169312559068203
Online_Training [577/700]: mean_loss=0.01595695425445835
Online_Training [578/700]: mean_loss=0.016008182894438505
Online_Training [579/700]: mean_loss=0.058152896662553154
Online_Training [580/700]: mean_loss=0.0067921785327295465
Online_Training [581/700]: mean_loss=0.01599878476311763
Online_Training [582/700]: mean_loss=0.006577561143785715
Online_Training [583/700]: mean_loss=0.005372684992228945
Online_Training [584/700]: mean_loss=0.029779613328476746
Online_Training [585/700]: mean_loss=0.018218454904854298
Online_Training [586/700]: mean_loss=0.093241432060798
Online_Training [587/700]: mean_loss=0.022963608304659527
Online_Training [588/700]: mean_loss=0.02028282793859641
Online_Training [589/700]: mean_loss=0.029965655878186226
Online_Training [590/700]: mean_loss=0.005815379321575165
Online_Training [591/700]: mean_loss=0.009808419893185297
Online_Training [592/700]: mean_loss=0.033687880262732506
Online_Training [593/700]: mean_loss=0.04684628856678804
Online_Training [594/700]: mean_loss=0.031203122188647587
Online_Training [595/700]: mean_loss=0.034209671119848885
Online_Training [596/700]: mean_loss=0.023113675725956757
Online_Training [597/700]: mean_loss=0.034992607310414314
Online_Training [598/700]: mean_loss=0.06318785560627778
Online_Training [599/700]: mean_loss=0.015213153014580408
Online_Training [600/700]: mean_loss=0.012255808183302483
Online_Training [601/700]: mean_loss=0.031044192612171173
Online_Training [602/700]: mean_loss=0.014630458783358335
Online_Training [603/700]: mean_loss=0.10873237624764442
Online_Training [604/700]: mean_loss=0.09503493706385295
Online_Training [605/700]: mean_loss=0.006055962527170777
Online_Training [606/700]: mean_loss=0.042912411193052925
Online_Training [607/700]: mean_loss=0.028069535580774147
Online_Training [608/700]: mean_loss=0.011937785583237806
Online_Training [609/700]: mean_loss=0.020902734560271103
Online_Training [610/700]: mean_loss=0.048305668557683624
Online_Training [611/700]: mean_loss=0.027684548559288185
Online_Training [612/700]: mean_loss=0.017996517630914848
Online_Training [613/700]: mean_loss=0.058289983620246254
Online_Training [614/700]: mean_loss=0.03931857490291198
Online_Training [615/700]: mean_loss=0.006302037586768468
Online_Training [616/700]: mean_loss=0.02190786972641945
Online_Training [617/700]: mean_loss=0.01977087153742711
Online_Training [618/700]: mean_loss=0.026869381467501324
Online_Training [619/700]: mean_loss=0.0806995319823424
Online_Training [620/700]: mean_loss=0.07907604550321896
Online_Training [621/700]: mean_loss=0.01640892866998911
Online_Training [622/700]: mean_loss=0.23770064363876978
Online_Training [623/700]: mean_loss=0.14777222275733948
Online_Training [624/700]: mean_loss=0.015017480744669834
Online_Training [625/700]: mean_loss=0.012857272134472927
Online_Training [626/700]: mean_loss=0.020333442681779463
Online_Training [627/700]: mean_loss=0.030989764258265495
Online_Training [628/700]: mean_loss=0.06032999667028586
Online_Training [629/700]: mean_loss=0.01507548118631045
Online_Training [630/700]: mean_loss=0.017400655895471573
Online_Training [631/700]: mean_loss=0.01491832515845696
Online_Training [632/700]: mean_loss=0.05096211408575376
Online_Training [633/700]: mean_loss=0.018685496412217617
Online_Training [634/700]: mean_loss=0.009858870257933935
Online_Training [635/700]: mean_loss=0.015212227900822958
Online_Training [636/700]: mean_loss=0.07670259848237038
Online_Training [637/700]: mean_loss=0.10464300215244293
Online_Training [638/700]: mean_loss=0.028855771757662296
Online_Training [639/700]: mean_loss=0.01421132885540525
Online_Training [640/700]: mean_loss=0.004483695607632399
Online_Training [641/700]: mean_loss=0.014906613156199455
Online_Training [642/700]: mean_loss=0.044152299563090004
Online_Training [643/700]: mean_loss=0.03667325091858705
Online_Training [644/700]: mean_loss=0.005125053692609072
Online_Training [645/700]: mean_loss=0.018846890578667324
Online_Training [646/700]: mean_loss=0.007231850875541568
Online_Training [647/700]: mean_loss=0.0310490761573116
Online_Training [648/700]: mean_loss=0.008449775787691275
Online_Training [649/700]: mean_loss=0.0541417021304369
Online_Training [650/700]: mean_loss=0.20913711686929068
Online_Training [651/700]: mean_loss=0.016880900599062443
Online_Training [652/700]: mean_loss=0.030738836464782555
Online_Training [653/700]: mean_loss=0.02654021295408408
Online_Training [654/700]: mean_loss=0.040583706150452294
Online_Training [655/700]: mean_loss=0.03260627264777819
Online_Training [656/700]: mean_loss=0.02068192729105552
Online_Training [657/700]: mean_loss=0.030432260905702908
Online_Training [658/700]: mean_loss=0.015643016745646793
Online_Training [659/700]: mean_loss=0.01755694206804037
Online_Training [660/700]: mean_loss=0.019477471088369686
Online_Training [661/700]: mean_loss=0.009883738743762175
Online_Training [662/700]: mean_loss=0.002856063423678279
Online_Training [663/700]: mean_loss=0.008965198571483294
Online_Training [664/700]: mean_loss=0.02963519220550855
Online_Training [665/700]: mean_loss=0.025879479944705963
Online_Training [666/700]: mean_loss=0.025918118034799893
Online_Training [667/700]: mean_loss=0.008873958761493364
Online_Training [668/700]: mean_loss=0.03234214149415493
Online_Training [669/700]: mean_loss=0.022857696749269962
Online_Training [670/700]: mean_loss=0.02801555674523115
Online_Training [671/700]: mean_loss=0.016395059724648792
Online_Training [672/700]: mean_loss=0.008696784420559803
Online_Training [673/700]: mean_loss=0.04650112676123778
Online_Training [674/700]: mean_loss=0.00886840901027123
Online_Training [675/700]: mean_loss=0.01645403541624546
Online_Training [676/700]: mean_loss=0.010154507278154293
Online_Training [677/700]: mean_loss=0.028972867876291275
Online_Training [678/700]: mean_loss=0.014558032310257355
Online_Training [679/700]: mean_loss=0.010434404636422792
Online_Training [680/700]: mean_loss=0.03174910477052132
Online_Training [681/700]: mean_loss=0.017458982455233734
Online_Training [682/700]: mean_loss=0.004752577282488346
Online_Training [683/700]: mean_loss=0.018144757797320683
Online_Training [684/700]: mean_loss=0.02065925362209479
Online_Training [685/700]: mean_loss=0.2230898787577947
Online_Training [686/700]: mean_loss=0.01296004264925917
Online_Training [687/700]: mean_loss=0.0043786963215097785
Online_Training [688/700]: mean_loss=0.033704983070492744
Online_Training [689/700]: mean_loss=0.014733940518150726
Online_Training [690/700]: mean_loss=0.010776606077949205
Online_Training [691/700]: mean_loss=0.00883623049594462
Online_Training [692/700]: mean_loss=0.028317290358245373
Online_Training [693/700]: mean_loss=0.010812376781056324
Online_Training [694/700]: mean_loss=0.0286035497362415
Online_Training [695/700]: mean_loss=0.03377841071536144
Online_Training [696/700]: mean_loss=0.01673190699269374
Online_Training [697/700]: mean_loss=0.010364591920127472
Online_Training [698/700]: mean_loss=0.01610706637923916
Online_Training [699/700]: mean_loss=0.06869869058330853
Online_Training [700/700]: mean_loss=0.026445629075169563
Number of Samples after Autoencoder testing: 300
First Spike after testing: [-1.8724651 -1.0695341]
[1, 2, 0, 2, 1, 1, 2, 0, 0, 2, 0, 0, 2, 0, 1, 0, 2, 1, 1, 0, 1, 0, 1, 0, 0, 1, 0, 1, 2, 1, 1, 0, 0, 1, 1, 0, 1, 1, 2, 0, 1, 1, 1, 2, 2, 1, 2, 0, 1, 1, 0, 0, 0, 1, 1, 0, 2, 1, 2, 0, 0, 0, 0, 1, 0, 2, 1, 2, 2, 0, 1, 2, 0, 1, 2, 2, 1, 1, 2, 1, 1, 1, 2, 2, 0, 1, 0, 0, 1, 0, 2, 2, 2, 2, 0, 1, 1, 0, 2, 2, 1, 1, 2, 0, 1, 2, 1, 2, 0, 1, 2, 0, 0, 2, 2, 1, 1, 0, 2, 2, 2, 2, 0, 2, 2, 0, 2, 2, 1, 1, 2, 1, 2, 1, 2, 2, 2, 2, 0, 0, 0, 0, 0, 0, 2, 2, 0, 2, 2, 2, 0, 2, 1, 0, 1, 1, 0, 0, 0, 2, 0, 2, 2, 1, 2, 2, 1, 2, 0, 0, 0, 0, 1, 0, 2, 2, 2, 0, 0, 0, 2, 0, 1, 1, 0, 1, 2, 0, 1, 1, 0, 1, 1, 2, 2, 1, 1, 1, 0, 0, 0, 0, 2, 1, 2, 0, 0, 0, 0, 1, 1, 1, 1, 2, 2, 1, 2, 0, 1, 1, 1, 0, 2, 1, 1, 1, 1, 0, 0, 0, 1, 0, 2, 1, 0, 2, 2, 1, 2, 2, 1, 0, 0, 1, 0, 0, 1, 0, 1, 2, 2, 0, 1, 0, 2, 0, 2, 1, 0, 2, 1, 0, 1, 1, 2, 1, 1, 0, 1, 1, 1, 0, 0, 0, 0, 2, 2, 1, 2, 2, 1, 2, 1, 2, 0, 2, 2, 1, 0, 2, 0, 0, 2, 2, 2, 1, 0, 0, 2, 0]
[0, 1, 2, 1, 0, 0, 1, 2, 2, 1, 2, 2, 1, 2, 0, 2, 1, 0, 0, 2, 0, 2, 0, 2, 2, 0, 2, 0, 1, 0, 0, 2, 2, 0, 0, 2, 0, 0, 1, 2, 0, 0, 0, 1, 1, 0, 1, 2, 0, 0, 2, 2, 2, 0, 0, 2, 1, 0, 1, 2, 2, 2, 2, 0, 2, 1, 0, 1, 1, 2, 0, 1, 2, 0, 1, 1, 0, 0, 1, 0, 0, 0, 1, 1, 2, 0, 2, 2, 2, 2, 1, 1, 1, 1, 1, 0, 0, 2, 1, 1, 0, 0, 1, 2, 0, 1, 0, 1, 2, 0, 1, 2, 2, 1, 1, 0, 0, 2, 1, 1, 1, 1, 2, 1, 1, 1, 1, 1, 0, 0, 1, 0, 1, 0, 1, 1, 1, 1, 2, 2, 2, 2, 2, 2, 1, 1, 2, 1, 1, 1, 2, 1, 0, 2, 0, 0, 2, 2, 2, 1, 2, 1, 1, 0, 1, 1, 0, 1, 2, 2, 2, 2, 0, 2, 1, 1, 1, 2, 2, 2, 1, 2, 0, 0, 2, 0, 1, 2, 0, 0, 2, 0, 0, 1, 1, 0, 0, 0, 2, 2, 2, 2, 1, 0, 1, 2, 2, 2, 2, 0, 0, 0, 0, 1, 1, 0, 1, 2, 0, 0, 0, 2, 1, 0, 0, 0, 0, 2, 2, 2, 0, 2, 1, 0, 2, 1, 1, 0, 1, 1, 0, 2, 2, 0, 2, 2, 0, 2, 0, 1, 1, 2, 0, 2, 1, 2, 1, 0, 2, 1, 0, 2, 0, 0, 1, 0, 0, 2, 0, 0, 0, 2, 2, 2, 2, 1, 1, 0, 1, 1, 0, 1, 0, 1, 2, 1, 1, 0, 2, 1, 2, 2, 1, 1, 1, 0, 2, 2, 1, 2]
Centroids: [[1.6293904, -0.33461857], [-1.2426724, -1.0222071], [1.1308426, 2.647906]]
Centroids: [[-1.2596825, -1.0304662], [1.1309971, 2.6431725], [1.627368, -0.38722983]]
Contingency Matrix: 
[[  0   2 101]
 [ 99   0   1]
 [  0  97   0]]
[[0, 2, 101], [99, 0, 1], [0, 97, 0]]
[[0, 2, 101], [99, 0, 1], [0, 97, 0]]
[0, 1, 2]
[[-1, -1, -1], [99, 0, -1], [0, 97, -1]]
[[-1, -1, -1], [-1, -1, -1], [-1, 97, -1]]
[[-1, -1, -1], [-1, -1, -1], [-1, -1, -1]]
Match_Labels: {0: 2, 1: 0, 2: 1}
New Contingency Matrix: 
[[101   0   2]
 [  1  99   0]
 [  0   0  97]]
New Clustered Label Sequence: [2, 0, 1]
Diagonal_Elements: [101, 99, 97], Sum: 297
All_Elements: [101, 0, 2, 1, 99, 0, 0, 0, 97], Sum: 300
Accuracy: 0.99
