Seed: 0
Experiment_path: Experiment_05
Dataset_Path: ../_00_Datasets/03_SimDaten_Quiroga2020/C_Easy2_noise010.mat
Dataset_name: ['03_SimDaten_Quiroga2020', 'C_Easy2_noise010.mat']
Variant_name: Variant_05_Online_Autoencoder_QLearning
Visualisation_Path: AE_Model_2/Epochs_GS_PC//V5_2/C_Easy2_noise010.mat/Variant_05_Online_Autoencoder_QLearning/1.1
Normalisation: False
Template Matching: False
Optimising Autoencoder: False
Update Factor: 1
Noisy Batches: False
Noisy Factor: 0.001
Epochs: 2
Batch Size: 1
maximal Spikes for Autoencoder Training : 700
maximal Spikes for Training: 1000
Input Size: 47
Chosen Model: Convolutional Autoencoder
ConvolutionalAutoencoder(
  (encoder): Sequential(
    (0): Conv1d(1, 6, kernel_size=(6,), stride=(1,))
    (1): LeakyReLU(negative_slope=0.01)
    (2): Conv1d(6, 1, kernel_size=(6,), stride=(1,))
    (3): Flatten(start_dim=1, end_dim=-1)
    (4): Linear(in_features=37, out_features=2, bias=True)
  )
  (decoder): Sequential(
    (0): ConvTranspose1d(1, 6, kernel_size=(6,), stride=(1,))
    (1): LeakyReLU(negative_slope=0.01)
    (2): ConvTranspose1d(6, 1, kernel_size=(6,), stride=(1,))
    (3): Flatten(start_dim=1, end_dim=-1)
    (4): Linear(in_features=12, out_features=47, bias=True)
  )
)
MSELoss()
Adam (
Parameter Group 0
    amsgrad: False
    betas: (0.9, 0.999)
    capturable: False
    differentiable: False
    eps: 1e-08
    foreach: None
    fused: False
    lr: 0.001
    maximize: False
    weight_decay: 0
)
---Q Learning Parameters---
Normalisation: False
Punishment Coefficient: 1.1
Alpha: 0.8
Epsilon: 0.01
Gamma: 0.97
Initial Episode Number: 0
Episode Number Coefficient: 1.4
Number of Random Features: 20
Planning Number: 20
Max Random Features: 60
New Episode Number: 72
New Episode Number: 143
New Episode Number: 215
                 0      1      2      3
new_cluster -46.51 -42.39 -73.55 -60.27
c1          -46.24 -42.37 -75.35 -62.05
c2          -46.23 -42.49 -77.07 -61.70
c3          -46.51 -42.58 -74.73 -62.16
\begin{tabular}{lrrrr}
\toprule
{} &      0 &      1 &      2 &      3 \\
\midrule
new\_cluster & -46.51 & -42.39 & -73.55 & -60.27 \\
c1          & -46.24 & -42.37 & -75.35 & -62.05 \\
c2          & -46.23 & -42.49 & -77.07 & -61.70 \\
c3          & -46.51 & -42.58 & -74.73 & -62.16 \\
\bottomrule
\end{tabular}

                                0            1             2             3
new_cluster  [-4.84, new_cluster]  [-1.22, c1]  [-32.32, c2]  [-18.97, c3]
c1           [-4.84, new_cluster]  [-1.17, c1]  [-33.89, c2]  [-20.72, c3]
c2           [-4.84, new_cluster]  [-1.38, c1]  [-35.79, c2]   [-20.4, c3]
c3           [-4.84, new_cluster]  [-1.22, c1]   [-33.5, c2]  [-20.83, c3]
\begin{tabular}{lllll}
\toprule
{} &                     0 &            1 &             2 &             3 \\
\midrule
new\_cluster &  [-4.84, new\_cluster] &  [-1.22, c1] &  [-32.32, c2] &  [-18.97, c3] \\
c1          &  [-4.84, new\_cluster] &  [-1.17, c1] &  [-33.89, c2] &  [-20.72, c3] \\
c2          &  [-4.84, new\_cluster] &  [-1.38, c1] &  [-35.79, c2] &   [-20.4, c3] \\
c3          &  [-4.84, new\_cluster] &  [-1.22, c1] &   [-33.5, c2] &  [-20.83, c3] \\
\bottomrule
\end{tabular}

