Seed: 9
Experiment_path: AE_Model_2/Random_Seeds_DV5//V5_3/Experiment_05_9_opt_temp_noisy
Dataset_Path: ../_00_Datasets/03_SimDaten_Quiroga2020/C_Difficult2_noise020.mat
Dataset_name: ['03_SimDaten_Quiroga2020', 'C_Difficult2_noise020.mat']
Variant_name: Variant_05_Online_Autoencoder_QLearning_opt_temp_noisy
Visualisation_Path: AE_Model_2/Random_Seeds_DV5//V5_3/Experiment_05_9_opt_temp_noisy/C_Difficult2_noise020.mat/Variant_05_Online_Autoencoder_QLearning_opt_temp_noisy/2023_04_24-14_22_15
Normalisation: False
Template Matching: True
Optimising Autoencoder: True
Update Factor: 1
Noisy Batches: True
Noisy Factor: 0.1
Epochs: 8
Batch Size: 1
maximal Spikes for Autoencoder Training : 700
maximal Spikes for Training: 1000
Input Size: 47
Chosen Model: Convolutional Autoencoder
ConvolutionalAutoencoder(
  (encoder): Sequential(
    (0): Conv1d(1, 6, kernel_size=(6,), stride=(1,))
    (1): LeakyReLU(negative_slope=0.01)
    (2): Conv1d(6, 1, kernel_size=(6,), stride=(1,))
    (3): Flatten(start_dim=1, end_dim=-1)
    (4): Linear(in_features=37, out_features=2, bias=True)
  )
  (decoder): Sequential(
    (0): ConvTranspose1d(1, 6, kernel_size=(6,), stride=(1,))
    (1): LeakyReLU(negative_slope=0.01)
    (2): ConvTranspose1d(6, 1, kernel_size=(6,), stride=(1,))
    (3): Flatten(start_dim=1, end_dim=-1)
    (4): Linear(in_features=12, out_features=47, bias=True)
  )
)
MSELoss()
Adam (
Parameter Group 0
    amsgrad: False
    betas: (0.9, 0.999)
    capturable: False
    differentiable: False
    eps: 1e-08
    foreach: None
    fused: False
    lr: 0.001
    maximize: False
    weight_decay: 0
)
---Q Learning Parameters---
Normalisation: False
Punishment Coefficient: 1.5
Alpha: 0.8
Epsilon: 0.01
Gamma: 0.97
Initial Episode Number: 0
Episode Number Coefficient: 1.4
Number of Random Features: 20
Planning Number: 20
Max Random Features: 60
New Episode Number: 72
New Episode Number: 143
                 0      1      2
new_cluster -24.18 -15.80 -22.00
c1          -24.24 -15.86 -21.60
c2          -24.25 -16.32 -20.52
\begin{tabular}{lrrr}
\toprule
{} &      0 &      1 &      2 \\
\midrule
new\_cluster & -24.18 & -15.80 & -22.00 \\
c1          & -24.24 & -15.86 & -21.60 \\
c2          & -24.25 & -16.32 & -20.52 \\
\bottomrule
\end{tabular}

                               0            1            2
new_cluster  [-9.0, new_cluster]  [-0.44, c1]  [-5.92, c2]
c1           [-9.0, new_cluster]  [-0.68, c1]  [-5.77, c2]
c2           [-9.0, new_cluster]  [-0.88, c1]  [-4.65, c2]
\begin{tabular}{llll}
\toprule
{} &                    0 &            1 &            2 \\
\midrule
new\_cluster &  [-9.0, new\_cluster] &  [-0.44, c1] &  [-5.92, c2] \\
c1          &  [-9.0, new\_cluster] &  [-0.68, c1] &  [-5.77, c2] \\
c2          &  [-9.0, new\_cluster] &  [-0.88, c1] &  [-4.65, c2] \\
\bottomrule
\end{tabular}

