Seed: 0
Experiment_path: Random_Seeds_DV5//V5_1/Experiment_05_opt
Dataset_Path: ../_00_Datasets/03_SimDaten_Quiroga2020/C_Difficult2_noise020.mat
Dataset_name: ['03_SimDaten_Quiroga2020', 'C_Difficult2_noise020.mat']
Variant_name: Variant_05_Online_Autoencoder_QLearning_opt
Visualisation_Path: Random_Seeds_DV5//V5_1/Experiment_05_opt/C_Difficult2_noise020.mat/Variant_05_Online_Autoencoder_QLearning_opt/2023_04_15-13_06_30
Normalisation: False
Template Matching: False
Optimising Autoencoder: True
Update Factor: 100
Noisy Batches: False
Noisy Factor: 0.1
Epochs: 8
Batch Size: 1
maximal Spikes for Autoencoder Training : 700
maximal Spikes for Training: 1000
Input Size: 47
Chosen Model: Autoencoder
Autoencoder(
  (encoder): Sequential(
    (0): Linear(in_features=47, out_features=12, bias=True)
    (1): LeakyReLU(negative_slope=0.01)
    (2): Linear(in_features=12, out_features=2, bias=True)
  )
  (decoder): Sequential(
    (0): Linear(in_features=2, out_features=12, bias=True)
    (1): LeakyReLU(negative_slope=0.01)
    (2): Linear(in_features=12, out_features=47, bias=True)
  )
)
MSELoss()
Adam (
Parameter Group 0
    amsgrad: False
    betas: (0.9, 0.999)
    capturable: False
    differentiable: False
    eps: 1e-08
    foreach: None
    fused: False
    lr: 0.001
    maximize: False
    weight_decay: 0
)
---Q Learning Parameters---
Normalisation: False
Punishment Coefficient: 0.7
Alpha: 0.8
Epsilon: 0.01
Gamma: 0.97
Initial Episode Number: 0
Episode Number Coefficient: 1.4
Number of Random Features: 20
Planning Number: 20
Max Random Features: 60
New Episode Number: 72
New Episode Number: 143
New Episode Number: 215
New Episode Number: 286
New Episode Number: 358
                 0     1     2      3      4      5
new_cluster -10.39 -8.70 -9.19 -10.61 -11.25  -9.81
c1          -10.39 -8.72 -9.32 -10.61 -10.83  -9.84
c2          -10.62 -8.65 -9.11 -10.32 -11.24 -10.16
c3          -10.50 -8.69 -9.05 -10.63 -10.67  -9.97
c4          -10.69 -8.70 -9.10 -10.57 -10.67  -9.84
c5          -10.36 -9.10 -8.87 -10.34 -10.80  -9.77
\begin{tabular}{lrrrrrr}
\toprule
{} &      0 &     1 &     2 &      3 &      4 &      5 \\
\midrule
new\_cluster & -10.39 & -8.70 & -9.19 & -10.61 & -11.25 &  -9.81 \\
c1          & -10.39 & -8.72 & -9.32 & -10.61 & -10.83 &  -9.84 \\
c2          & -10.62 & -8.65 & -9.11 & -10.32 & -11.24 & -10.16 \\
c3          & -10.50 & -8.69 & -9.05 & -10.63 & -10.67 &  -9.97 \\
c4          & -10.69 & -8.70 & -9.10 & -10.57 & -10.67 &  -9.84 \\
c5          & -10.36 & -9.10 & -8.87 & -10.34 & -10.80 &  -9.77 \\
\bottomrule
\end{tabular}

                                0            1  ...            4            5
new_cluster  [-1.96, new_cluster]   [-0.3, c1]  ...   [-2.7, c4]  [-1.19, c5]
c1           [-1.96, new_cluster]  [-0.33, c1]  ...  [-2.32, c4]  [-1.13, c5]
c2           [-1.96, new_cluster]   [-0.3, c1]  ...  [-2.81, c4]  [-1.44, c5]
c3           [-1.96, new_cluster]   [-0.2, c1]  ...  [-2.23, c4]  [-1.15, c5]
c4           [-1.96, new_cluster]  [-0.31, c1]  ...  [-2.12, c4]  [-1.12, c5]
c5           [-1.96, new_cluster]   [-0.3, c1]  ...  [-2.25, c4]  [-1.13, c5]

[6 rows x 6 columns]
\begin{tabular}{lllllll}
\toprule
{} &                     0 &            1 &            2 &            3 &            4 &            5 \\
\midrule
new\_cluster &  [-1.96, new\_cluster] &   [-0.3, c1] &  [-0.73, c2] &  [-1.83, c3] &   [-2.7, c4] &  [-1.19, c5] \\
c1          &  [-1.96, new\_cluster] &  [-0.33, c1] &  [-0.79, c2] &  [-1.83, c3] &  [-2.32, c4] &  [-1.13, c5] \\
c2          &  [-1.96, new\_cluster] &   [-0.3, c1] &  [-0.68, c2] &  [-1.82, c3] &  [-2.81, c4] &  [-1.44, c5] \\
c3          &  [-1.96, new\_cluster] &   [-0.2, c1] &  [-0.64, c2] &  [-1.85, c3] &  [-2.23, c4] &  [-1.15, c5] \\
c4          &  [-1.96, new\_cluster] &  [-0.31, c1] &   [-0.7, c2] &  [-1.79, c3] &  [-2.12, c4] &  [-1.12, c5] \\
c5          &  [-1.96, new\_cluster] &   [-0.3, c1] &  [-0.47, c2] &  [-1.84, c3] &  [-2.25, c4] &  [-1.13, c5] \\
\bottomrule
\end{tabular}

