Seed: 6
Experiment_path: AE_Model_2/Random_Seeds_DV5//V5_1/Experiment_05_6_opt
Dataset_Path: ../_00_Datasets/03_SimDaten_Quiroga2020/C_Easy1_noise030.mat
Dataset_name: ['03_SimDaten_Quiroga2020', 'C_Easy1_noise030.mat']
Variant_name: Variant_05_Online_Autoencoder_QLearning_opt
Visualisation_Path: AE_Model_2/Random_Seeds_DV5//V5_1/Experiment_05_6_opt/C_Easy1_noise030.mat/Variant_05_Online_Autoencoder_QLearning_opt/2023_05_04-16_06_19
Normalisation: False
Template Matching: False
Optimising Autoencoder: True
Update Factor: 1
Noisy Batches: False
Noisy Factor: 0.001
Epochs: 8
Batch Size: 1
maximal Spikes for Autoencoder Training : 700
maximal Spikes for Training: 1000
Input Size: 47
Chosen Model: Convolutional Autoencoder
ConvolutionalAutoencoder(
  (encoder): Sequential(
    (0): Conv1d(1, 6, kernel_size=(6,), stride=(1,))
    (1): LeakyReLU(negative_slope=0.01)
    (2): Conv1d(6, 1, kernel_size=(6,), stride=(1,))
    (3): Flatten(start_dim=1, end_dim=-1)
    (4): Linear(in_features=37, out_features=2, bias=True)
  )
  (decoder): Sequential(
    (0): ConvTranspose1d(1, 6, kernel_size=(6,), stride=(1,))
    (1): LeakyReLU(negative_slope=0.01)
    (2): ConvTranspose1d(6, 1, kernel_size=(6,), stride=(1,))
    (3): Flatten(start_dim=1, end_dim=-1)
    (4): Linear(in_features=12, out_features=47, bias=True)
  )
)
MSELoss()
Adam (
Parameter Group 0
    amsgrad: False
    betas: (0.9, 0.999)
    capturable: False
    differentiable: False
    eps: 1e-08
    foreach: None
    fused: False
    lr: 0.001
    maximize: False
    weight_decay: 0
)
---Q Learning Parameters---
Normalisation: False
Punishment Coefficient: 1.5
Alpha: 0.8
Epsilon: 0.01
Gamma: 0.97
Initial Episode Number: 0
Episode Number Coefficient: 1.4
Number of Random Features: 20
Planning Number: 20
Max Random Features: 60
New Episode Number: 72
New Episode Number: 143
New Episode Number: 215
New Episode Number: 286
New Episode Number: 358
                 0      1     2     3      4      5
new_cluster -13.16 -10.66 -4.23 -8.42 -21.34 -16.24
c1          -13.17 -10.23 -4.46 -6.99 -21.20 -16.24
c2          -13.11  -9.29 -4.24 -7.04 -18.76 -16.24
c3          -13.38  -8.98 -4.21  0.00   0.00   0.00
c4          -13.12  -9.71 -4.37  0.00   0.00   0.00
c5          -13.16  -9.66 -4.20  0.00   0.00   0.00
\begin{tabular}{lrrrrrr}
\toprule
{} &      0 &      1 &     2 &     3 &      4 &      5 \\
\midrule
new\_cluster & -13.16 & -10.66 & -4.23 & -8.42 & -21.34 & -16.24 \\
c1          & -13.17 & -10.23 & -4.46 & -6.99 & -21.20 & -16.24 \\
c2          & -13.11 &  -9.29 & -4.24 & -7.04 & -18.76 & -16.24 \\
c3          & -13.38 &  -8.98 & -4.21 &  0.00 &   0.00 &   0.00 \\
c4          & -13.12 &  -9.71 & -4.37 &  0.00 &   0.00 &   0.00 \\
c5          & -13.16 &  -9.66 & -4.20 &  0.00 &   0.00 &   0.00 \\
\bottomrule
\end{tabular}

                               0            1  ...             4             5
new_cluster  [-9.0, new_cluster]  [-6.23, c1]  ...  [-21.34, c4]  [-16.24, c5]
c1           [-9.0, new_cluster]  [-5.55, c1]  ...   [-21.2, c4]  [-16.24, c5]
c2           [-9.0, new_cluster]  [-4.95, c1]  ...  [-18.76, c4]  [-16.24, c5]
c3           [-9.0, new_cluster]  [-4.65, c1]  ...         [0, ]         [0, ]
c4           [-9.0, new_cluster]  [-5.37, c1]  ...         [0, ]         [0, ]
c5           [-9.0, new_cluster]   [-5.3, c1]  ...         [0, ]         [0, ]

[6 rows x 6 columns]
\begin{tabular}{lllllll}
\toprule
{} &                    0 &            1 &            2 &            3 &             4 &             5 \\
\midrule
new\_cluster &  [-9.0, new\_cluster] &  [-6.23, c1] &  [-0.11, c2] &  [-8.42, c3] &  [-21.34, c4] &  [-16.24, c5] \\
c1          &  [-9.0, new\_cluster] &  [-5.55, c1] &   [-0.3, c2] &  [-6.99, c3] &   [-21.2, c4] &  [-16.24, c5] \\
c2          &  [-9.0, new\_cluster] &  [-4.95, c1] &  [-0.07, c2] &  [-7.04, c3] &  [-18.76, c4] &  [-16.24, c5] \\
c3          &  [-9.0, new\_cluster] &  [-4.65, c1] &  [-0.04, c2] &        [0, ] &         [0, ] &         [0, ] \\
c4          &  [-9.0, new\_cluster] &  [-5.37, c1] &  [-0.22, c2] &        [0, ] &         [0, ] &         [0, ] \\
c5          &  [-9.0, new\_cluster] &   [-5.3, c1] &  [-0.04, c2] &        [0, ] &         [0, ] &         [0, ] \\
\bottomrule
\end{tabular}

