Experiment_path: AE_Model_1/Normalization/Experiment_04_norm
Dataset_Path: ../_00_Datasets/03_SimDaten_Quiroga2020/C_Difficult1_noise010.mat
Dataset_name: ['03_SimDaten_Quiroga2020', 'C_Difficult1_noise010.mat']
Variant_name: V04_Off_AE_QL_norm
Visualisation_Path: AE_Model_1/Normalization/Experiment_04_norm/C_Difficult1_noise010.mat/V04_Off_AE_QL_norm/2023_06_04-20_23_38
Punishment_Coefficient: 0.3
<_01_LoadDataset.ExternCode.spike_class.spike_dataclass object at 0x000001A1B46DF240>
Sampling rate: 24000.0
Raw: [-0.08093593 -0.05766541 -0.01986255 ... -0.05525448 -0.03568967
 -0.02908211]
Times: [   1054    1166    1249 ... 1439165 1439229 1439456]
Cluster: [3 3 3 ... 2 1 3]
Number of different clusters:  3
Number of Spikes: 3448
First aligned Spike Frame: [-4.79707202e-02 -8.83141277e-02 -1.14477415e-01 -1.20070620e-01
 -1.07771810e-01 -8.38316152e-02 -5.31944576e-02 -2.65798100e-02
 -6.71143520e-03  2.42590968e-02  6.29914810e-02  1.33638321e-01
  3.34948892e-01  7.06515114e-01  1.07966210e+00  1.10962398e+00
  6.55362247e-01 -7.19265760e-04 -4.64310305e-01 -6.23655437e-01
 -6.27154873e-01 -6.07058236e-01 -5.79298390e-01 -5.10136794e-01
 -4.12813198e-01 -3.36153681e-01 -2.86889156e-01 -2.38391657e-01
 -1.98571332e-01 -1.83172365e-01 -1.85707124e-01 -1.94134424e-01
 -2.08249204e-01 -2.33590971e-01 -2.49276546e-01 -2.46246400e-01
 -2.44939654e-01 -2.59799331e-01 -2.74706204e-01 -2.68658955e-01
 -2.53059716e-01 -2.46742300e-01 -2.46057086e-01 -2.38944634e-01
 -2.31254619e-01 -2.20748865e-01 -1.79535377e-01]
Cluster 0, Occurrences: 1164
Cluster 1, Occurrences: 1155
Cluster 2, Occurrences: 1129
Train Index: 3103
x_train: 3103
y_train: 3103
x_test: 345
y_test: 345
<torch.utils.data.dataloader.DataLoader object at 0x000001A1B8E307B8>
<torch.utils.data.dataloader.DataLoader object at 0x000001A1B46C8470>
Epoch [1/8]: mean_loss=0.0002654272439561561
Epoch [2/8]: mean_loss=0.0001713864028374591
Epoch [3/8]: mean_loss=0.00015994330959366362
Epoch [4/8]: mean_loss=0.0001497988090806893
Epoch [5/8]: mean_loss=0.0001496845920312978
Epoch [6/8]: mean_loss=0.0001498042888545602
Epoch [7/8]: mean_loss=0.000149967028845559
Epoch [8/8]: mean_loss=0.00014984404947038452
Number of Clusters: 3
Number of Samples after Autoencoder testing: 343
First Spike after testing: [0.00295623 0.33810377]
[1, 0, 1, 0, 0, 1, 2, 2, 1, 0, 0, 2, 1, 1, 1, 0, 2, 0, 0, 1, 1, 0, 2, 2, 1, 0, 2, 1, 0, 0, 1, 2, 0, 0, 0, 0, 1, 1, 1, 2, 1, 2, 0, 2, 1, 2, 2, 0, 0, 2, 2, 2, 0, 1, 2, 1, 1, 2, 0, 0, 2, 1, 0, 1, 0, 2, 1, 0, 2, 0, 0, 2, 0, 1, 0, 2, 1, 0, 0, 0, 0, 1, 0, 0, 0, 0, 0, 2, 0, 2, 1, 1, 2, 1, 1, 2, 2, 0, 1, 1, 0, 1, 1, 1, 2, 1, 0, 2, 1, 2, 1, 2, 1, 0, 1, 1, 2, 2, 0, 1, 2, 1, 2, 1, 2, 0, 2, 2, 1, 2, 2, 0, 2, 1, 0, 1, 2, 1, 0, 2, 0, 1, 1, 0, 2, 0, 1, 2, 2, 0, 2, 0, 2, 0, 0, 2, 1, 1, 2, 1, 2, 2, 0, 1, 1, 2, 0, 1, 1, 0, 0, 1, 1, 2, 1, 0, 1, 1, 0, 2, 0, 2, 1, 2, 0, 2, 2, 1, 2, 1, 0, 0, 1, 0, 0, 1, 1, 1, 1, 1, 0, 2, 1, 2, 0, 2, 0, 1, 2, 2, 1, 2, 0, 2, 1, 2, 0, 1, 1, 1, 2, 0, 1, 2, 1, 0, 1, 2, 1, 2, 1, 0, 0, 2, 1, 1, 0, 1, 1, 2, 2, 0, 0, 2, 0, 1, 1, 0, 1, 2, 1, 2, 2, 2, 2, 0, 0, 1, 2, 0, 2, 2, 0, 0, 2, 2, 0, 1, 0, 2, 0, 1, 0, 0, 1, 0, 2, 1, 2, 2, 2, 1, 2, 2, 1, 0, 1, 1, 1, 1, 0, 2, 0, 1, 1, 0, 1, 1, 0, 0, 0, 2, 0, 2, 2, 1, 0, 2, 1, 2, 1, 2, 1, 0, 1, 0, 0, 2, 1, 0, 1, 1, 1, 2, 0, 2, 0, 1, 0, 2, 1, 0, 2, 2, 0, 2, 0, 0, 0, 0, 1, 0, 2]
[0, 1, 1, 1, 1, 0, 2, 0, 0, 3, 3, 2, 1, 0, 0, 1, 2, 0, 3, 0, 0, 1, 2, 2, 0, 3, 2, 0, 3, 3, 0, 1, 3, 3, 3, 3, 0, 0, 0, 0, 0, 0, 3, 2, 1, 0, 2, 3, 0, 0, 0, 2, 3, 0, 2, 0, 0, 0, 3, 0, 0, 0, 3, 0, 3, 0, 0, 3, 0, 1, 3, 2, 3, 3, 3, 2, 0, 3, 3, 3, 3, 0, 2, 3, 3, 3, 3, 2, 3, 0, 0, 0, 2, 0, 0, 2, 2, 3, 0, 0, 3, 0, 0, 0, 2, 0, 3, 0, 0, 0, 0, 2, 0, 3, 0, 0, 2, 2, 3, 0, 2, 0, 2, 0, 2, 3, 2, 2, 0, 0, 2, 3, 2, 0, 3, 0, 2, 0, 3, 0, 3, 0, 0, 3, 2, 3, 0, 2, 2, 3, 0, 3, 2, 3, 0, 2, 0, 0, 0, 0, 2, 2, 3, 0, 0, 2, 3, 0, 0, 3, 3, 0, 0, 2, 0, 3, 0, 0, 3, 2, 3, 3, 0, 2, 2, 2, 0, 2, 2, 0, 3, 3, 0, 3, 3, 0, 0, 0, 0, 0, 3, 0, 0, 2, 3, 0, 3, 0, 2, 2, 0, 2, 3, 2, 0, 2, 0, 3, 0, 0, 2, 2, 0, 2, 0, 3, 0, 0, 0, 2, 0, 3, 3, 0, 0, 0, 3, 0, 0, 2, 2, 3, 3, 2, 3, 3, 0, 3, 0, 2, 0, 2, 2, 2, 2, 3, 3, 0, 2, 3, 2, 2, 3, 3, 2, 2, 3, 0, 3, 2, 3, 0, 3, 3, 0, 3, 2, 3, 2, 0, 2, 0, 2, 2, 0, 3, 0, 0, 0, 0, 3, 2, 3, 0, 3, 3, 0, 0, 3, 3, 3, 0, 3, 2, 2, 0, 3, 2, 3, 2, 0, 2, 0, 3, 0, 0, 3, 0, 0, 3, 0, 0, 0, 2, 1, 2, 3, 0, 3, 2, 0, 0, 2, 0, 3, 0, 3, 3, 3, 3, 0, 3, 2]
Centroids: [[0.24832813, 0.00083242264], [0.046292987, 0.34331512], [0.508009, 0.44720125]]
Centroids: [[0.101823874, 0.35731918], [0.48813856, 0.082986124], [0.5639213, 0.47128156], [0.21085583, -0.018113999]]
Standard Derivations: [0.12770028, 0.121995434, 0.08801104]
Cluster Distances: [0.14793803, 0.3006987, 0.14793806, 0.2632525, 0.3006987, 0.26325244]
Minimal Cluster Distance: 0.14793802797794342
Contingency Matrix: 
[[  7   7   3  98]
 [109   3   1   6]
 [ 27   1  80   1]]
[[7, 7, 3, 98], [109, 3, 1, 6], [27, 1, 80, 1]]
[[7, 7, 3, 98], [109, 3, 1, 6], [27, 1, 80, 1]]
[0, 1, 2, 3]
[[-1, 7, 3, 98], [-1, -1, -1, -1], [-1, 1, 80, 1]]
[[-1, -1, -1, -1], [-1, -1, -1, -1], [-1, 1, 80, -1]]
[[-1, -1, -1, -1], [-1, -1, -1, -1], [-1, -1, -1, -1]]
Match_Labels: {1: 0, 0: 3, 2: 2}
New Contingency Matrix: 
[[ 98   7   3   7]
 [  6 109   1   3]
 [  1  27  80   1]]
New Clustered Label Sequence: [3, 0, 2, 1]
Diagonal_Elements: [98, 109, 80], Sum: 287
All_Elements: [98, 7, 3, 7, 6, 109, 1, 3, 1, 27, 80, 1], Sum: 343
Accuracy: 0.8367346938775511
Centroids: [[0.08676492494459336, 0.35815351138581764], [0.6881895661354065, 0.10062429275025021], [0.45619401264758336, 0.4666020747806345], [0.17085510259494185, -0.018708336553425485]]
