Seed: 0
Experiment_path: AE_Model_1/Normalization/Experiment_04_norm
Dataset_Path: ../_00_Datasets/03_SimDaten_Quiroga2020/C_Difficult1_noise010.mat
Dataset_name: ['03_SimDaten_Quiroga2020', 'C_Difficult1_noise010.mat']
Variant_name: V04_Off_AE_QL_norm
Visualisation_Path: AE_Model_1/Normalization/Experiment_04_norm/C_Difficult1_noise010.mat/V04_Off_AE_QL_norm/2023_06_04-20_23_38
Split Ratio: 0.9
Epochs: 8
Batch Size: 1
Input Size: 47
Number of Features: 2
Chosen Model: Autoencoder
Autoencoder(
  (encoder): Sequential(
    (0): Linear(in_features=47, out_features=12, bias=True)
    (1): LeakyReLU(negative_slope=0.01)
    (2): Linear(in_features=12, out_features=2, bias=True)
  )
  (decoder): Sequential(
    (0): Linear(in_features=2, out_features=12, bias=True)
    (1): LeakyReLU(negative_slope=0.01)
    (2): Linear(in_features=12, out_features=47, bias=True)
  )
)
MSELoss()
Adam (
Parameter Group 0
    amsgrad: False
    betas: (0.9, 0.999)
    capturable: False
    differentiable: False
    eps: 1e-08
    foreach: None
    fused: False
    lr: 0.001
    maximize: False
    weight_decay: 0
)
---Q Learning Parameters---
Normalisation: True
Punishment Coefficient: 0.3
Alpha: 0.8
Epsilon: 0.01
Gamma: 0.97
Initial Episode Number: 0
Episode Number Coefficient: 1.4
Number of Random Features: 20
Planning Number: 20
Max Random Features: 60
New Episode Number: 72
New Episode Number: 143
New Episode Number: 215
New Episode Number: 286
                0     1     2     3     4
new_cluster -0.86 -0.65 -0.74 -0.51 -0.88
c1          -0.86 -0.65 -0.84 -0.52 -0.86
c2          -0.86 -0.63 -0.79 -0.51 -0.91
c3          -0.86 -0.63 -0.82 -0.51 -0.88
c4          -0.85 -0.64 -0.85 -0.51 -0.86
\begin{tabular}{lrrrrr}
\toprule
{} &     0 &     1 &     2 &     3 &     4 \\
\midrule
new\_cluster & -0.86 & -0.65 & -0.74 & -0.51 & -0.88 \\
c1          & -0.86 & -0.65 & -0.84 & -0.52 & -0.86 \\
c2          & -0.86 & -0.63 & -0.79 & -0.51 & -0.91 \\
c3          & -0.86 & -0.63 & -0.82 & -0.51 & -0.88 \\
c4          & -0.85 & -0.64 & -0.85 & -0.51 & -0.86 \\
\bottomrule
\end{tabular}

                                0            1  ...            3            4
new_cluster  [-0.36, new_cluster]  [-0.14, c1]  ...  [-0.02, c3]  [-0.39, c4]
c1           [-0.36, new_cluster]  [-0.15, c1]  ...  [-0.02, c3]  [-0.37, c4]
c2           [-0.36, new_cluster]  [-0.13, c1]  ...  [-0.01, c3]  [-0.41, c4]
c3           [-0.36, new_cluster]  [-0.12, c1]  ...  [-0.01, c3]  [-0.39, c4]
c4           [-0.36, new_cluster]  [-0.14, c1]  ...  [-0.02, c3]  [-0.37, c4]

[5 rows x 5 columns]
\begin{tabular}{llllll}
\toprule
{} &                     0 &            1 &            2 &            3 &            4 \\
\midrule
new\_cluster &  [-0.36, new\_cluster] &  [-0.14, c1] &  [-0.24, c2] &  [-0.02, c3] &  [-0.39, c4] \\
c1          &  [-0.36, new\_cluster] &  [-0.15, c1] &  [-0.35, c2] &  [-0.02, c3] &  [-0.37, c4] \\
c2          &  [-0.36, new\_cluster] &  [-0.13, c1] &   [-0.3, c2] &  [-0.01, c3] &  [-0.41, c4] \\
c3          &  [-0.36, new\_cluster] &  [-0.12, c1] &  [-0.32, c2] &  [-0.01, c3] &  [-0.39, c4] \\
c4          &  [-0.36, new\_cluster] &  [-0.14, c1] &  [-0.35, c2] &  [-0.02, c3] &  [-0.37, c4] \\
\bottomrule
\end{tabular}

