Seed: 3
Experiment_path: Random_Seeds_DV5//V5_3/Experiment_05_3_opt_temp_noisy
Dataset_Path: ../_00_Datasets/03_SimDaten_Quiroga2020/C_Difficult1_noise015.mat
Dataset_name: ['03_SimDaten_Quiroga2020', 'C_Difficult1_noise015.mat']
Variant_name: Variant_05_Online_Autoencoder_QLearning_opt_temp_noisy
Visualisation_Path: Random_Seeds_DV5//V5_3/Experiment_05_3_opt_temp_noisy/C_Difficult1_noise015.mat/Variant_05_Online_Autoencoder_QLearning_opt_temp_noisy/2023_04_15-14_01_09
Normalisation: False
Template Matching: True
Optimising Autoencoder: True
Update Factor: 100
Noisy Batches: True
Noisy Factor: 0.1
Epochs: 8
Batch Size: 1
maximal Spikes for Autoencoder Training : 700
maximal Spikes for Training: 1000
Input Size: 47
Chosen Model: Autoencoder
Autoencoder(
  (encoder): Sequential(
    (0): Linear(in_features=47, out_features=12, bias=True)
    (1): LeakyReLU(negative_slope=0.01)
    (2): Linear(in_features=12, out_features=2, bias=True)
  )
  (decoder): Sequential(
    (0): Linear(in_features=2, out_features=12, bias=True)
    (1): LeakyReLU(negative_slope=0.01)
    (2): Linear(in_features=12, out_features=47, bias=True)
  )
)
MSELoss()
Adam (
Parameter Group 0
    amsgrad: False
    betas: (0.9, 0.999)
    capturable: False
    differentiable: False
    eps: 1e-08
    foreach: None
    fused: False
    lr: 0.001
    maximize: False
    weight_decay: 0
)
---Q Learning Parameters---
Normalisation: False
Punishment Coefficient: 0.6
Alpha: 0.8
Epsilon: 0.01
Gamma: 0.97
Initial Episode Number: 0
Episode Number Coefficient: 1.4
Number of Random Features: 20
Planning Number: 20
Max Random Features: 60
New Episode Number: 72
New Episode Number: 143
New Episode Number: 215
New Episode Number: 286
New Episode Number: 358
                 0      1      2      3      4      5
new_cluster -11.55 -10.64 -11.08 -10.45 -10.57 -19.34
c1          -11.56 -10.69 -11.28 -10.42 -10.72 -19.39
c2          -11.57 -10.59 -11.10 -10.61 -10.47 -19.36
c3          -11.57 -10.83 -11.10 -10.73 -10.54 -19.39
c4          -11.55 -10.50 -11.25 -10.70 -10.64 -19.39
c5          -11.32 -10.63 -11.02 -10.62 -10.58 -19.35
\begin{tabular}{lrrrrrr}
\toprule
{} &      0 &      1 &      2 &      3 &      4 &      5 \\
\midrule
new\_cluster & -11.55 & -10.64 & -11.08 & -10.45 & -10.57 & -19.34 \\
c1          & -11.56 & -10.69 & -11.28 & -10.42 & -10.72 & -19.39 \\
c2          & -11.57 & -10.59 & -11.10 & -10.61 & -10.47 & -19.36 \\
c3          & -11.57 & -10.83 & -11.10 & -10.73 & -10.54 & -19.39 \\
c4          & -11.55 & -10.50 & -11.25 & -10.70 & -10.64 & -19.39 \\
c5          & -11.32 & -10.63 & -11.02 & -10.62 & -10.58 & -19.35 \\
\bottomrule
\end{tabular}

                                0            1  ...            4            5
new_cluster  [-1.44, new_cluster]  [-0.45, c1]  ...  [-0.33, c4]  [-9.14, c5]
c1           [-1.44, new_cluster]  [-0.56, c1]  ...  [-0.47, c4]  [-9.14, c5]
c2           [-1.44, new_cluster]  [-0.46, c1]  ...  [-0.22, c4]  [-9.14, c5]
c3           [-1.44, new_cluster]   [-0.6, c1]  ...   [-0.3, c4]  [-9.14, c5]
c4           [-1.44, new_cluster]  [-0.38, c1]  ...  [-0.43, c4]  [-9.14, c5]
c5           [-1.44, new_cluster]  [-0.53, c1]  ...  [-0.33, c4]  [-9.14, c5]

[6 rows x 6 columns]
\begin{tabular}{lllllll}
\toprule
{} &                     0 &            1 &            2 &            3 &            4 &            5 \\
\midrule
new\_cluster &  [-1.44, new\_cluster] &  [-0.45, c1] &  [-0.96, c2] &  [-0.23, c3] &  [-0.33, c4] &  [-9.14, c5] \\
c1          &  [-1.44, new\_cluster] &  [-0.56, c1] &  [-1.16, c2] &  [-0.17, c3] &  [-0.47, c4] &  [-9.14, c5] \\
c2          &  [-1.44, new\_cluster] &  [-0.46, c1] &  [-0.95, c2] &  [-0.39, c3] &  [-0.22, c4] &  [-9.14, c5] \\
c3          &  [-1.44, new\_cluster] &   [-0.6, c1] &  [-1.02, c2] &   [-0.5, c3] &   [-0.3, c4] &  [-9.14, c5] \\
c4          &  [-1.44, new\_cluster] &  [-0.38, c1] &  [-1.12, c2] &  [-0.52, c3] &  [-0.43, c4] &  [-9.14, c5] \\
c5          &  [-1.44, new\_cluster] &  [-0.53, c1] &  [-0.87, c2] &  [-0.37, c3] &  [-0.33, c4] &  [-9.14, c5] \\
\bottomrule
\end{tabular}

