Seed: 7
Experiment_path: Random_Seeds_DV5//V5_3/Experiment_05_7_opt_temp_noisy
Dataset_Path: ../_00_Datasets/03_SimDaten_Quiroga2020/C_Easy1_noise035.mat
Dataset_name: ['03_SimDaten_Quiroga2020', 'C_Easy1_noise035.mat']
Variant_name: Variant_05_Online_Autoencoder_QLearning_opt_temp_noisy
Visualisation_Path: Random_Seeds_DV5//V5_3/Experiment_05_7_opt_temp_noisy/C_Easy1_noise035.mat/Variant_05_Online_Autoencoder_QLearning_opt_temp_noisy/2023_04_05-09_27_31
Normalisation: False
Template Matching: True
Optimising Autoencoder: True
Update Factor: 100
Noisy Batches: True
Noisy Factor: 0.1
Epochs: 8
Batch Size: 1
maximal Spikes for Autoencoder Training : 700
maximal Spikes for Training: 1000
Input Size: 47
Chosen Model: Autoencoder
Autoencoder(
  (encoder): Sequential(
    (0): Linear(in_features=47, out_features=12, bias=True)
    (1): LeakyReLU(negative_slope=0.01)
    (2): Linear(in_features=12, out_features=2, bias=True)
  )
  (decoder): Sequential(
    (0): Linear(in_features=2, out_features=12, bias=True)
    (1): LeakyReLU(negative_slope=0.01)
    (2): Linear(in_features=12, out_features=47, bias=True)
  )
)
MSELoss()
Adam (
Parameter Group 0
    amsgrad: False
    betas: (0.9, 0.999)
    capturable: False
    differentiable: False
    eps: 1e-08
    foreach: None
    fused: False
    lr: 0.001
    maximize: False
    weight_decay: 0
)
---Q Learning Parameters---
Normalisation: False
Punishment Coefficient: 0.9
Alpha: 0.8
Epsilon: 0.01
Gamma: 0.97
Initial Episode Number: 0
Episode Number Coefficient: 1.4
Number of Random Features: 20
Planning Number: 20
Max Random Features: 60
New Episode Number: 72
New Episode Number: 143
New Episode Number: 215
New Episode Number: 286
New Episode Number: 358
New Episode Number: 429
New Episode Number: 500
New Episode Number: 572
New Episode Number: 643
New Episode Number: 715
                0      1      2      3   ...     7      8      9     10
new_cluster -34.96 -44.05 -33.15 -35.45  ... -55.05 -40.54 -39.11 -32.7
c1          -34.96 -44.22 -33.62 -36.31  ... -55.05 -40.54 -39.11 -32.7
c2          -34.96 -43.69 -33.32 -35.41  ... -55.05 -40.54 -39.11 -32.7
c3          -34.96 -43.95 -32.92 -35.78  ... -55.05 -40.54 -39.11 -32.7
c4          -34.96 -43.72 -33.08 -35.33  ... -55.05 -40.54 -39.11 -32.7
c5          -34.96 -43.93 -33.65 -34.92  ... -55.05 -40.54 -39.11 -32.7
c6          -34.96 -45.45 -33.25 -35.68  ... -55.05 -40.54 -39.11 -32.7
c7          -34.96 -43.83 -33.36 -34.73  ... -55.05 -40.54 -39.11 -32.7
c8          -34.96 -43.60 -33.08 -35.25  ... -55.05 -40.54 -39.11 -32.7
c9          -34.96 -43.52 -33.05 -35.65  ... -55.05 -40.54 -39.11 -32.7
c10         -34.96 -43.68 -33.87 -35.47  ... -55.05 -40.54 -39.11 -32.7

[11 rows x 11 columns]
                               0             1   ...           9             10
new_cluster  [-3.24, new_cluster]  [-12.33, c1]  ...  [-7.39, c9]  [-0.98, c10]
c1           [-3.24, new_cluster]   [-12.5, c1]  ...  [-7.39, c9]  [-0.98, c10]
c2           [-3.24, new_cluster]  [-11.97, c1]  ...  [-7.39, c9]  [-0.98, c10]
c3           [-3.24, new_cluster]  [-12.23, c1]  ...  [-7.39, c9]  [-0.98, c10]
c4           [-3.24, new_cluster]   [-12.0, c1]  ...  [-7.39, c9]  [-0.98, c10]
c5           [-3.24, new_cluster]  [-12.21, c1]  ...  [-7.39, c9]  [-0.98, c10]
c6           [-3.24, new_cluster]  [-13.73, c1]  ...  [-7.39, c9]  [-0.98, c10]
c7           [-3.24, new_cluster]  [-12.11, c1]  ...  [-7.39, c9]  [-0.98, c10]
c8           [-3.24, new_cluster]  [-11.88, c1]  ...  [-7.39, c9]  [-0.98, c10]
c9           [-3.24, new_cluster]   [-11.8, c1]  ...  [-7.39, c9]  [-0.98, c10]
c10          [-3.24, new_cluster]  [-11.96, c1]  ...  [-7.39, c9]  [-0.98, c10]

[11 rows x 11 columns]
