Seed: 8
Experiment_path: Random_Seeds_DV5//V5_3/Experiment_05_8_opt_temp_noisy
Dataset_Path: ../_00_Datasets/03_SimDaten_Quiroga2020/C_Drift_Easy2_noise015.mat
Dataset_name: ['03_SimDaten_Quiroga2020', 'C_Drift_Easy2_noise015.mat']
Variant_name: Variant_05_Online_Autoencoder_QLearning_opt_temp_noisy
Visualisation_Path: Random_Seeds_DV5//V5_3/Experiment_05_8_opt_temp_noisy/C_Drift_Easy2_noise015.mat/Variant_05_Online_Autoencoder_QLearning_opt_temp_noisy/2023_04_16-16_23_50
Normalisation: False
Template Matching: True
Optimising Autoencoder: True
Update Factor: 100
Noisy Batches: True
Noisy Factor: 0.1
Epochs: 8
Batch Size: 1
maximal Spikes for Autoencoder Training : 700
maximal Spikes for Training: 1000
Input Size: 47
Chosen Model: Autoencoder
Autoencoder(
  (encoder): Sequential(
    (0): Linear(in_features=47, out_features=12, bias=True)
    (1): LeakyReLU(negative_slope=0.01)
    (2): Linear(in_features=12, out_features=2, bias=True)
  )
  (decoder): Sequential(
    (0): Linear(in_features=2, out_features=12, bias=True)
    (1): LeakyReLU(negative_slope=0.01)
    (2): Linear(in_features=12, out_features=47, bias=True)
  )
)
MSELoss()
Adam (
Parameter Group 0
    amsgrad: False
    betas: (0.9, 0.999)
    capturable: False
    differentiable: False
    eps: 1e-08
    foreach: None
    fused: False
    lr: 0.001
    maximize: False
    weight_decay: 0
)
---Q Learning Parameters---
Normalisation: False
Punishment Coefficient: 0.7
Alpha: 0.8
Epsilon: 0.01
Gamma: 0.97
Initial Episode Number: 0
Episode Number Coefficient: 1.4
Number of Random Features: 20
Planning Number: 20
Max Random Features: 60
New Episode Number: 72
New Episode Number: 143
New Episode Number: 215
New Episode Number: 286
New Episode Number: 358
                 0      1      2      3      4      5
new_cluster -14.91 -13.41 -15.38 -13.51 -17.93 -16.15
c1          -14.95 -13.53 -15.14 -13.40 -19.62 -17.51
c2          -14.91 -13.35 -15.22 -13.59 -18.04 -18.47
c3          -14.96 -13.41 -15.41 -13.69 -18.74 -17.12
c4          -14.81 -13.37 -14.98 -13.47 -18.96 -17.08
c5          -14.59 -13.28 -15.31 -13.46 -19.22 -17.31
\begin{tabular}{lrrrrrr}
\toprule
{} &      0 &      1 &      2 &      3 &      4 &      5 \\
\midrule
new\_cluster & -14.91 & -13.41 & -15.38 & -13.51 & -17.93 & -16.15 \\
c1          & -14.95 & -13.53 & -15.14 & -13.40 & -19.62 & -17.51 \\
c2          & -14.91 & -13.35 & -15.22 & -13.59 & -18.04 & -18.47 \\
c3          & -14.96 & -13.41 & -15.41 & -13.69 & -18.74 & -17.12 \\
c4          & -14.81 & -13.37 & -14.98 & -13.47 & -18.96 & -17.08 \\
c5          & -14.59 & -13.28 & -15.31 & -13.46 & -19.22 & -17.31 \\
\bottomrule
\end{tabular}

                                0            1  ...            4            5
new_cluster  [-1.96, new_cluster]  [-0.42, c1]  ...  [-5.11, c4]  [-3.28, c5]
c1           [-1.96, new_cluster]  [-0.52, c1]  ...  [-6.65, c4]  [-4.62, c5]
c2           [-1.96, new_cluster]  [-0.33, c1]  ...  [-5.23, c4]  [-5.59, c5]
c3           [-1.96, new_cluster]  [-0.42, c1]  ...  [-5.93, c4]  [-4.28, c5]
c4           [-1.96, new_cluster]  [-0.41, c1]  ...  [-6.15, c4]  [-4.21, c5]
c5           [-1.96, new_cluster]   [-0.5, c1]  ...  [-6.29, c4]  [-4.43, c5]

[6 rows x 6 columns]
\begin{tabular}{lllllll}
\toprule
{} &                     0 &            1 &            2 &            3 &            4 &            5 \\
\midrule
new\_cluster &  [-1.96, new\_cluster] &  [-0.42, c1] &  [-2.57, c2] &  [-0.54, c3] &  [-5.11, c4] &  [-3.28, c5] \\
c1          &  [-1.96, new\_cluster] &  [-0.52, c1] &  [-2.15, c2] &   [-0.4, c3] &  [-6.65, c4] &  [-4.62, c5] \\
c2          &  [-1.96, new\_cluster] &  [-0.33, c1] &  [-2.38, c2] &  [-0.64, c3] &  [-5.23, c4] &  [-5.59, c5] \\
c3          &  [-1.96, new\_cluster] &  [-0.42, c1] &  [-2.47, c2] &  [-0.76, c3] &  [-5.93, c4] &  [-4.28, c5] \\
c4          &  [-1.96, new\_cluster] &  [-0.41, c1] &  [-2.34, c2] &  [-0.47, c3] &  [-6.15, c4] &  [-4.21, c5] \\
c5          &  [-1.96, new\_cluster] &   [-0.5, c1] &  [-2.29, c2] &  [-0.54, c3] &  [-6.29, c4] &  [-4.43, c5] \\
\bottomrule
\end{tabular}

