Experiment_path: AE_Model_2/Epochs_2_4_6_8_20/04_Experiment_05_Epochs
Dataset_Path: ../_00_Datasets/03_SimDaten_Quiroga2020/C_Easy1_noise020.mat
Dataset_name: ['03_SimDaten_Quiroga2020', 'C_Easy1_noise020.mat']
Variant_name: V05_Online_AE_QL
Visualisation_Path: AE_Model_2/Epochs_2_4_6_8_20/04_Experiment_05_Epochs/C_Easy1_noise020.mat/V05_Online_AE_QL/2023_05_11-01_15_04
Punishment_Coefficient: 1.4
<_01_LoadDataset.ExternCode.spike_class.spike_dataclass object at 0x000001F413E54080>
Sampling rate: 24000.0
Raw: [-0.20218342 -0.1653919  -0.13236941 ...  0.26695674  0.20113134
  0.13708332]
Times: [    553     927    1270 ... 1437880 1438309 1439004]
Cluster: [1 2 2 ... 2 2 3]
Number of different clusters:  3
Number of Spikes: 3474
First aligned Spike Frame: [-0.02428298 -0.07468906 -0.10332709 -0.10788142 -0.10649267 -0.11021489
 -0.10987225 -0.08885562 -0.04921868 -0.01240992  0.01146155  0.01660937
  0.02581569  0.2202783   0.78693477  1.36742658  1.33473907  0.72217426
  0.12183007 -0.12754948 -0.13495181 -0.08662948 -0.04057795  0.00340961
  0.02448001  0.00850378 -0.01157346  0.00458874  0.04572819  0.06172643
  0.0301382  -0.01498516 -0.0270755  -0.00657047  0.0093092   0.00369654
 -0.00788818 -0.00582791  0.0080957   0.01954062  0.01611345 -0.00497206
 -0.0357219  -0.0657767  -0.0887014  -0.1049796  -0.12649457]
Cluster 0, Occurrences: 1198
Cluster 1, Occurrences: 1128
Cluster 2, Occurrences: 1148
Number of Clusters: 3
Online_Training [1/700]: mean_loss=0.11705557443201542
Online_Training [2/700]: mean_loss=0.18873822689056396
Online_Training [3/700]: mean_loss=0.131194818764925
Online_Training [4/700]: mean_loss=0.11509639956057072
Online_Training [5/700]: mean_loss=0.11986327916383743
Online_Training [6/700]: mean_loss=0.20476551726460457
Online_Training [7/700]: mean_loss=0.4634455218911171
Online_Training [8/700]: mean_loss=0.24925877153873444
Online_Training [9/700]: mean_loss=0.37860007584095
Online_Training [10/700]: mean_loss=0.11340257711708546
Online_Training [11/700]: mean_loss=0.6077915281057358
Online_Training [12/700]: mean_loss=0.14025116339325905
Online_Training [13/700]: mean_loss=0.541902631521225
Online_Training [14/700]: mean_loss=0.07750816456973553
Online_Training [15/700]: mean_loss=0.3959400951862335
Online_Training [16/700]: mean_loss=0.3427741155028343
Online_Training [17/700]: mean_loss=0.1398463062942028
Online_Training [18/700]: mean_loss=0.17259323596954346
Online_Training [19/700]: mean_loss=0.1352761723101139
Online_Training [20/700]: mean_loss=0.08690442144870758
Online_Training [21/700]: mean_loss=0.07808461785316467
Online_Training [22/700]: mean_loss=0.1191211435943842
Online_Training [23/700]: mean_loss=0.4234168007969856
Online_Training [24/700]: mean_loss=0.21043460816144943
Online_Training [25/700]: mean_loss=0.2589380741119385
Online_Training [26/700]: mean_loss=0.22412829101085663
Online_Training [27/700]: mean_loss=0.19287633150815964
Online_Training [28/700]: mean_loss=0.18500348553061485
Online_Training [29/700]: mean_loss=0.1482679806649685
Online_Training [30/700]: mean_loss=0.12378488667309284
Online_Training [31/700]: mean_loss=0.34837528318166733
Online_Training [32/700]: mean_loss=0.23796222731471062
Online_Training [33/700]: mean_loss=0.28401414304971695
Online_Training [34/700]: mean_loss=0.36654387414455414
Online_Training [35/700]: mean_loss=0.11104052886366844
Online_Training [36/700]: mean_loss=0.20712906494736671
Online_Training [37/700]: mean_loss=0.22788986191153526
Online_Training [38/700]: mean_loss=0.17517530545592308
Online_Training [39/700]: mean_loss=0.15617109835147858
Online_Training [40/700]: mean_loss=0.18178144097328186
Online_Training [41/700]: mean_loss=0.22251341491937637
Online_Training [42/700]: mean_loss=0.1742863580584526
Online_Training [43/700]: mean_loss=0.0981164202094078
Online_Training [44/700]: mean_loss=0.11281152442097664
Online_Training [45/700]: mean_loss=0.10032923333346844
Online_Training [46/700]: mean_loss=0.09784330986440182
Online_Training [47/700]: mean_loss=0.11749559827148914
Online_Training [48/700]: mean_loss=0.09373733773827553
Online_Training [49/700]: mean_loss=0.09714215621352196
Online_Training [50/700]: mean_loss=0.10994360223412514
Online_Training [51/700]: mean_loss=0.12076429463922977
Online_Training [52/700]: mean_loss=0.15516817197203636
Online_Training [53/700]: mean_loss=0.07055635191500187
Online_Training [54/700]: mean_loss=0.10962037369608879
Online_Training [55/700]: mean_loss=0.1206076443195343
Online_Training [56/700]: mean_loss=0.09589697420597076
Online_Training [57/700]: mean_loss=0.09729593805968761
Online_Training [58/700]: mean_loss=0.02507242141291499
Online_Training [59/700]: mean_loss=0.1400248110294342
Online_Training [60/700]: mean_loss=0.04567213263362646
Online_Training [61/700]: mean_loss=0.08944257907569408
Online_Training [62/700]: mean_loss=0.36047453433275223
Online_Training [63/700]: mean_loss=0.0963781476020813
Online_Training [64/700]: mean_loss=0.17004511877894402
Online_Training [65/700]: mean_loss=0.09354864619672298
Online_Training [66/700]: mean_loss=0.06597141921520233
Online_Training [67/700]: mean_loss=0.1530994288623333
Online_Training [68/700]: mean_loss=0.10964309424161911
Online_Training [69/700]: mean_loss=0.03778010234236717
Online_Training [70/700]: mean_loss=0.10796897672116756
Online_Training [71/700]: mean_loss=0.04996080603450537
Online_Training [72/700]: mean_loss=0.030140362214297056
Online_Training [73/700]: mean_loss=0.23184647783637047
Online_Training [74/700]: mean_loss=0.06266630068421364
Online_Training [75/700]: mean_loss=0.038275158032774925
Online_Training [76/700]: mean_loss=0.09332230687141418
Online_Training [77/700]: mean_loss=0.1184766311198473
Online_Training [78/700]: mean_loss=0.023644988890737295
Online_Training [79/700]: mean_loss=0.11391166970133781
Online_Training [80/700]: mean_loss=0.013971442356705666
Online_Training [81/700]: mean_loss=0.07517558708786964
Online_Training [82/700]: mean_loss=0.03979022242128849
Online_Training [83/700]: mean_loss=0.14835914596915245
Online_Training [84/700]: mean_loss=0.020936944987624884
Online_Training [85/700]: mean_loss=0.04841831885278225
Online_Training [86/700]: mean_loss=0.0698031410574913
Online_Training [87/700]: mean_loss=0.043982756324112415
Online_Training [88/700]: mean_loss=0.04547804966568947
Online_Training [89/700]: mean_loss=0.061430818401277065
Online_Training [90/700]: mean_loss=0.16932300850749016
Online_Training [91/700]: mean_loss=0.1651402749121189
Online_Training [92/700]: mean_loss=0.03325209114700556
Online_Training [93/700]: mean_loss=0.03608025424182415
Online_Training [94/700]: mean_loss=0.07632257416844368
Online_Training [95/700]: mean_loss=0.026376973371952772
Online_Training [96/700]: mean_loss=0.1561049371957779
Online_Training [97/700]: mean_loss=0.2745634689927101
Online_Training [98/700]: mean_loss=0.027762485668063164
Online_Training [99/700]: mean_loss=0.2676278278231621
Online_Training [100/700]: mean_loss=0.31701070070266724
Online_Training [101/700]: mean_loss=0.07896162196993828
Online_Training [102/700]: mean_loss=0.04214711952954531
Online_Training [103/700]: mean_loss=0.03793457057327032
Online_Training [104/700]: mean_loss=0.03783545456826687
Online_Training [105/700]: mean_loss=0.08757568337023258
Online_Training [106/700]: mean_loss=0.010795007226988673
Online_Training [107/700]: mean_loss=0.07079905830323696
Online_Training [108/700]: mean_loss=0.13202038034796715
Online_Training [109/700]: mean_loss=0.14281238242983818
Online_Training [110/700]: mean_loss=0.02869592048227787
Online_Training [111/700]: mean_loss=0.10782262124121189
Online_Training [112/700]: mean_loss=0.05285916477441788
Online_Training [113/700]: mean_loss=0.059576742351055145
Online_Training [114/700]: mean_loss=0.0576601205393672
Online_Training [115/700]: mean_loss=0.10131904669106007
Online_Training [116/700]: mean_loss=0.05490392632782459
Online_Training [117/700]: mean_loss=0.04014670476317406
Online_Training [118/700]: mean_loss=0.05530472192913294
Online_Training [119/700]: mean_loss=0.09031722135841846
Online_Training [120/700]: mean_loss=0.06413277238607407
Online_Training [121/700]: mean_loss=0.055076714605093
Online_Training [122/700]: mean_loss=0.06718293391168118
Online_Training [123/700]: mean_loss=0.027384769171476364
Online_Training [124/700]: mean_loss=0.0401822105050087
Online_Training [125/700]: mean_loss=0.06468844227492809
Online_Training [126/700]: mean_loss=0.042146844789385796
Online_Training [127/700]: mean_loss=0.1055548582226038
Online_Training [128/700]: mean_loss=0.07222216762602329
Online_Training [129/700]: mean_loss=0.030976055189967155
Online_Training [130/700]: mean_loss=0.07501446641981602
Online_Training [131/700]: mean_loss=0.023707109969109297
Online_Training [132/700]: mean_loss=0.058927073143422604
Online_Training [133/700]: mean_loss=0.007063489640131593
Online_Training [134/700]: mean_loss=0.1629602238535881
Online_Training [135/700]: mean_loss=0.02967900689691305
Online_Training [136/700]: mean_loss=0.02172665111720562
Online_Training [137/700]: mean_loss=0.035485255531966686
Online_Training [138/700]: mean_loss=0.12705522403120995
Online_Training [139/700]: mean_loss=0.03385534603148699
Online_Training [140/700]: mean_loss=0.07003391161561012
Online_Training [141/700]: mean_loss=0.17269378527998924
Online_Training [142/700]: mean_loss=0.06556203961372375
Online_Training [143/700]: mean_loss=0.04472285509109497
Online_Training [144/700]: mean_loss=0.08047801442444324
Online_Training [145/700]: mean_loss=0.10149527713656425
Online_Training [146/700]: mean_loss=0.06758749112486839
Online_Training [147/700]: mean_loss=0.017362738493829966
Online_Training [148/700]: mean_loss=0.0716905165463686
Online_Training [149/700]: mean_loss=0.03496841620653868
Online_Training [150/700]: mean_loss=0.026576635893434286
Online_Training [151/700]: mean_loss=0.01633693976327777
Online_Training [152/700]: mean_loss=0.05136403068900108
Online_Training [153/700]: mean_loss=0.10024837404489517
Online_Training [154/700]: mean_loss=0.030022908467799425
Online_Training [155/700]: mean_loss=0.061874305829405785
Online_Training [156/700]: mean_loss=0.16644608601927757
Online_Training [157/700]: mean_loss=0.045865471474826336
Online_Training [158/700]: mean_loss=0.03276199381798506
Online_Training [159/700]: mean_loss=0.12238740175962448
Online_Training [160/700]: mean_loss=0.03753136284649372
Online_Training [161/700]: mean_loss=0.05058930069208145
Online_Training [162/700]: mean_loss=0.03501020185649395
Online_Training [163/700]: mean_loss=0.019641426857560873
Online_Training [164/700]: mean_loss=0.05579089839011431
Online_Training [165/700]: mean_loss=0.02830171724781394
Online_Training [166/700]: mean_loss=0.014050971483811736
Online_Training [167/700]: mean_loss=0.03269528318196535
Online_Training [168/700]: mean_loss=0.1818261407315731
Online_Training [169/700]: mean_loss=0.6108877807855606
Online_Training [170/700]: mean_loss=0.015496972016990185
Online_Training [171/700]: mean_loss=0.03333500772714615
Online_Training [172/700]: mean_loss=0.16803693771362305
Online_Training [173/700]: mean_loss=0.07367111928761005
Online_Training [174/700]: mean_loss=0.06586491502821445
Online_Training [175/700]: mean_loss=0.14118820801377296
Online_Training [176/700]: mean_loss=0.029847145080566406
Online_Training [177/700]: mean_loss=0.043441904708743095
Online_Training [178/700]: mean_loss=0.05989643186330795
Online_Training [179/700]: mean_loss=0.02537859743461013
Online_Training [180/700]: mean_loss=0.046848151832818985
Online_Training [181/700]: mean_loss=0.047243136912584305
Online_Training [182/700]: mean_loss=0.018260107841342688
Online_Training [183/700]: mean_loss=0.06907825358211994
Online_Training [184/700]: mean_loss=0.012795852264389396
Online_Training [185/700]: mean_loss=0.041138604283332825
Online_Training [186/700]: mean_loss=0.07833310216665268
Online_Training [187/700]: mean_loss=0.04482806660234928
Online_Training [188/700]: mean_loss=0.02769920416176319
Online_Training [189/700]: mean_loss=0.03274869732558727
Online_Training [190/700]: mean_loss=0.08457780629396439
Online_Training [191/700]: mean_loss=0.10755365155637264
Online_Training [192/700]: mean_loss=0.06363637279719114
Online_Training [193/700]: mean_loss=0.05819543544203043
Online_Training [194/700]: mean_loss=0.0257031312212348
Online_Training [195/700]: mean_loss=0.039714244194328785
Online_Training [196/700]: mean_loss=0.03377385623753071
Online_Training [197/700]: mean_loss=0.060430312529206276
Online_Training [198/700]: mean_loss=0.057828807272017
Online_Training [199/700]: mean_loss=0.008723951410502195
Online_Training [200/700]: mean_loss=0.015834906604140997
Online_Training [201/700]: mean_loss=0.030019023921340704
Online_Training [202/700]: mean_loss=0.03115570032969117
Online_Training [203/700]: mean_loss=0.08469486050307751
Online_Training [204/700]: mean_loss=0.013326138956472278
Online_Training [205/700]: mean_loss=0.09045669436454773
Online_Training [206/700]: mean_loss=0.03236872563138604
Online_Training [207/700]: mean_loss=0.04676217678934336
Online_Training [208/700]: mean_loss=0.019274447578936815
Online_Training [209/700]: mean_loss=0.041198269464075565
Online_Training [210/700]: mean_loss=0.03378671035170555
Online_Training [211/700]: mean_loss=0.01576514495536685
Online_Training [212/700]: mean_loss=0.013270616764202714
Online_Training [213/700]: mean_loss=0.017061744816601276
Online_Training [214/700]: mean_loss=0.05470886081457138
Online_Training [215/700]: mean_loss=0.05035905446857214
Online_Training [216/700]: mean_loss=0.01681537739932537
Online_Training [217/700]: mean_loss=0.03823727369308472
Online_Training [218/700]: mean_loss=0.04906685743480921
Online_Training [219/700]: mean_loss=0.08784267865121365
Online_Training [220/700]: mean_loss=0.06500872038304806
Online_Training [221/700]: mean_loss=0.055510228499770164
Online_Training [222/700]: mean_loss=0.06801610440015793
Online_Training [223/700]: mean_loss=0.021502693183720112
Online_Training [224/700]: mean_loss=0.057691057212650776
Online_Training [225/700]: mean_loss=0.005543150007724762
Online_Training [226/700]: mean_loss=0.025161487516015768
Online_Training [227/700]: mean_loss=0.013683209428563714
Online_Training [228/700]: mean_loss=0.01968613127246499
Online_Training [229/700]: mean_loss=0.08945120312273502
Online_Training [230/700]: mean_loss=0.013819802086800337
Online_Training [231/700]: mean_loss=0.007134388899430633
Online_Training [232/700]: mean_loss=0.020871488843113184
Online_Training [233/700]: mean_loss=0.015522399684414268
Online_Training [234/700]: mean_loss=0.06067146174609661
Online_Training [235/700]: mean_loss=0.11107460781931877
Online_Training [236/700]: mean_loss=0.07401242107152939
Online_Training [237/700]: mean_loss=0.013592195231467485
Online_Training [238/700]: mean_loss=0.046310379169881344
Online_Training [239/700]: mean_loss=0.018314266111701727
Online_Training [240/700]: mean_loss=0.04481097776442766
Online_Training [241/700]: mean_loss=0.00981777417473495
Online_Training [242/700]: mean_loss=0.05616940837353468
Online_Training [243/700]: mean_loss=0.03721393458545208
Online_Training [244/700]: mean_loss=0.026999626774340868
Online_Training [245/700]: mean_loss=0.0492206821218133
Online_Training [246/700]: mean_loss=0.058169870637357235
Online_Training [247/700]: mean_loss=0.035325342789292336
Online_Training [248/700]: mean_loss=0.0649533923715353
Online_Training [249/700]: mean_loss=0.05482857394963503
Online_Training [250/700]: mean_loss=0.01174300187267363
Online_Training [251/700]: mean_loss=0.01986766094341874
Online_Training [252/700]: mean_loss=0.015626744832843542
Online_Training [253/700]: mean_loss=0.03140277974307537
Online_Training [254/700]: mean_loss=0.05202781595289707
Online_Training [255/700]: mean_loss=0.014504380989819765
Online_Training [256/700]: mean_loss=0.03589868452399969
Online_Training [257/700]: mean_loss=0.0432403227314353
Online_Training [258/700]: mean_loss=0.037165951915085316
Online_Training [259/700]: mean_loss=0.07523475587368011
Online_Training [260/700]: mean_loss=0.010611298028379679
Online_Training [261/700]: mean_loss=0.022052418440580368
Online_Training [262/700]: mean_loss=0.10189450904726982
Online_Training [263/700]: mean_loss=0.060948061756789684
Online_Training [264/700]: mean_loss=0.019831968937069178
Online_Training [265/700]: mean_loss=0.02955404669046402
Online_Training [266/700]: mean_loss=0.04541856702417135
Online_Training [267/700]: mean_loss=0.06285276543349028
Online_Training [268/700]: mean_loss=0.17831216752529144
Online_Training [269/700]: mean_loss=0.05248832702636719
Online_Training [270/700]: mean_loss=0.021709533873945475
Online_Training [271/700]: mean_loss=0.02262603398412466
Online_Training [272/700]: mean_loss=0.01613064343109727
Online_Training [273/700]: mean_loss=0.023141230456531048
Online_Training [274/700]: mean_loss=0.030755001585930586
Online_Training [275/700]: mean_loss=0.09417636692523956
Online_Training [276/700]: mean_loss=0.3488870784640312
Online_Training [277/700]: mean_loss=0.03388567641377449
Online_Training [278/700]: mean_loss=0.03452274855226278
Online_Training [279/700]: mean_loss=0.03550480958074331
Online_Training [280/700]: mean_loss=0.06690612994134426
Online_Training [281/700]: mean_loss=0.01930381590500474
Online_Training [282/700]: mean_loss=0.042216893285512924
Online_Training [283/700]: mean_loss=0.050522882491350174
Online_Training [284/700]: mean_loss=0.03843922074884176
Online_Training [285/700]: mean_loss=0.03340038191527128
Online_Training [286/700]: mean_loss=0.023212401196360588
Online_Training [287/700]: mean_loss=0.06471131183207035
Online_Training [288/700]: mean_loss=0.08838032372295856
Online_Training [289/700]: mean_loss=0.07148730754852295
Online_Training [290/700]: mean_loss=0.022552143316715956
Online_Training [291/700]: mean_loss=0.07752067409455776
Online_Training [292/700]: mean_loss=0.023980113677680492
Online_Training [293/700]: mean_loss=0.01653966074809432
Online_Training [294/700]: mean_loss=0.026750413235276937
Online_Training [295/700]: mean_loss=0.21324296668171883
Online_Training [296/700]: mean_loss=0.01651846431195736
Online_Training [297/700]: mean_loss=0.014627556083723903
Online_Training [298/700]: mean_loss=0.0153111363761127
Online_Training [299/700]: mean_loss=0.0747720692306757
Online_Training [300/700]: mean_loss=0.021495297085493803
Online_Training [301/700]: mean_loss=0.08575008064508438
Online_Training [302/700]: mean_loss=0.02770029380917549
Online_Training [303/700]: mean_loss=0.03222575969994068
Online_Training [304/700]: mean_loss=0.04023726191371679
Online_Training [305/700]: mean_loss=0.05443052016198635
Online_Training [306/700]: mean_loss=0.04728060495108366
Online_Training [307/700]: mean_loss=0.021403397899121046
Online_Training [308/700]: mean_loss=0.04707740992307663
Online_Training [309/700]: mean_loss=0.012900029076263309
Online_Training [310/700]: mean_loss=0.03499534074217081
Online_Training [311/700]: mean_loss=0.029761196579784155
Online_Training [312/700]: mean_loss=0.03278707526624203
Online_Training [313/700]: mean_loss=0.033563023433089256
Online_Training [314/700]: mean_loss=0.03809570521116257
Online_Training [315/700]: mean_loss=0.03477989975363016
Online_Training [316/700]: mean_loss=0.01835319260135293
Online_Training [317/700]: mean_loss=0.07019571587443352
Online_Training [318/700]: mean_loss=0.029514158610254526
Online_Training [319/700]: mean_loss=0.041612952016294
Online_Training [320/700]: mean_loss=0.05883825942873955
Online_Training [321/700]: mean_loss=0.032665593549609184
Online_Training [322/700]: mean_loss=0.04073505010455847
Online_Training [323/700]: mean_loss=0.02692767884582281
Online_Training [324/700]: mean_loss=0.0316584100946784
Online_Training [325/700]: mean_loss=0.016924291383475065
Online_Training [326/700]: mean_loss=0.01430334523320198
Online_Training [327/700]: mean_loss=0.04356852173805237
Online_Training [328/700]: mean_loss=0.019232637248933315
Online_Training [329/700]: mean_loss=0.05149523355066776
Online_Training [330/700]: mean_loss=0.06199717801064253
Online_Training [331/700]: mean_loss=0.06558998674154282
Online_Training [332/700]: mean_loss=0.04670801106840372
Online_Training [333/700]: mean_loss=0.05652229581028223
Online_Training [334/700]: mean_loss=0.05630888789892197
Online_Training [335/700]: mean_loss=0.022524888161569834
Online_Training [336/700]: mean_loss=0.015973411966115236
Online_Training [337/700]: mean_loss=0.013215221231803298
Online_Training [338/700]: mean_loss=0.03859792370349169
Online_Training [339/700]: mean_loss=0.048617747612297535
Online_Training [340/700]: mean_loss=0.012150997063145041
Online_Training [341/700]: mean_loss=0.03520641569048166
Online_Training [342/700]: mean_loss=0.013711342588067055
Online_Training [343/700]: mean_loss=0.024889899417757988
Online_Training [344/700]: mean_loss=0.017614830750972033
Online_Training [345/700]: mean_loss=0.06001972500234842
Online_Training [346/700]: mean_loss=0.015019688056781888
Online_Training [347/700]: mean_loss=0.027354543562978506
Online_Training [348/700]: mean_loss=0.041439359076321125
Online_Training [349/700]: mean_loss=0.07886609248816967
Online_Training [350/700]: mean_loss=0.016398338600993156
Online_Training [351/700]: mean_loss=0.020401393994688988
Online_Training [352/700]: mean_loss=0.03433668985962868
Online_Training [353/700]: mean_loss=0.0223483694717288
Online_Training [354/700]: mean_loss=0.02281621377915144
Online_Training [355/700]: mean_loss=0.025512372609227896
Online_Training [356/700]: mean_loss=0.010035810992121696
Online_Training [357/700]: mean_loss=0.019341775681823492
Online_Training [358/700]: mean_loss=0.03235093178227544
Online_Training [359/700]: mean_loss=0.3986152336001396
Online_Training [360/700]: mean_loss=0.14132294803857803
Online_Training [361/700]: mean_loss=0.03231921046972275
Online_Training [362/700]: mean_loss=0.011726974043995142
Online_Training [363/700]: mean_loss=0.052619824185967445
Online_Training [364/700]: mean_loss=0.039164536632597446
Online_Training [365/700]: mean_loss=0.03538094460964203
Online_Training [366/700]: mean_loss=0.05257697403430939
Online_Training [367/700]: mean_loss=0.021226427517831326
Online_Training [368/700]: mean_loss=0.022338958457112312
Online_Training [369/700]: mean_loss=0.041024476289749146
Online_Training [370/700]: mean_loss=0.05514661967754364
Online_Training [371/700]: mean_loss=0.038571517914533615
Online_Training [372/700]: mean_loss=0.0261504165828228
Online_Training [373/700]: mean_loss=0.06313624884933233
Online_Training [374/700]: mean_loss=0.040209914557635784
Online_Training [375/700]: mean_loss=0.0224634469486773
Online_Training [376/700]: mean_loss=0.03783337213099003
Online_Training [377/700]: mean_loss=0.022454436402767897
Online_Training [378/700]: mean_loss=0.17913438752293587
Online_Training [379/700]: mean_loss=0.03458716161549091
Online_Training [380/700]: mean_loss=0.03560555726289749
Online_Training [381/700]: mean_loss=0.012105430942028761
Online_Training [382/700]: mean_loss=0.02668511914089322
Online_Training [383/700]: mean_loss=0.06111482437700033
Online_Training [384/700]: mean_loss=0.042845217511057854
Online_Training [385/700]: mean_loss=0.01601605908945203
Online_Training [386/700]: mean_loss=0.07910223864018917
Online_Training [387/700]: mean_loss=0.03498994838446379
Online_Training [388/700]: mean_loss=0.047251504845917225
Online_Training [389/700]: mean_loss=0.06159037724137306
Online_Training [390/700]: mean_loss=0.0754500050097704
Online_Training [391/700]: mean_loss=0.05244090221822262
Online_Training [392/700]: mean_loss=0.0200416655279696
Online_Training [393/700]: mean_loss=0.04875495284795761
Online_Training [394/700]: mean_loss=0.018238717690110207
Online_Training [395/700]: mean_loss=0.011322494130581617
Online_Training [396/700]: mean_loss=0.035007672384381294
Online_Training [397/700]: mean_loss=0.05827090237289667
Online_Training [398/700]: mean_loss=0.009849738096818328
Online_Training [399/700]: mean_loss=0.037187037989497185
Online_Training [400/700]: mean_loss=0.14193760603666306
Online_Training [401/700]: mean_loss=0.17848380282521248
Online_Training [402/700]: mean_loss=0.01692533423192799
Online_Training [403/700]: mean_loss=0.06283969525247812
Online_Training [404/700]: mean_loss=0.02508916798979044
Online_Training [405/700]: mean_loss=0.041151716373860836
Online_Training [406/700]: mean_loss=0.04785008076578379
Online_Training [407/700]: mean_loss=0.014909879304468632
Online_Training [408/700]: mean_loss=0.07150232791900635
Online_Training [409/700]: mean_loss=0.013814084231853485
Online_Training [410/700]: mean_loss=0.0305569376796484
Online_Training [411/700]: mean_loss=0.045863667502999306
Online_Training [412/700]: mean_loss=0.0049993006978183985
Online_Training [413/700]: mean_loss=0.02027431456372142
Online_Training [414/700]: mean_loss=0.015584040665999055
Online_Training [415/700]: mean_loss=0.03244912577793002
Online_Training [416/700]: mean_loss=0.03517894260585308
Online_Training [417/700]: mean_loss=0.07379039190709591
Online_Training [418/700]: mean_loss=0.020247400738298893
Online_Training [419/700]: mean_loss=0.016901240218430758
Online_Training [420/700]: mean_loss=0.03971782699227333
Online_Training [421/700]: mean_loss=0.07219975627958775
Online_Training [422/700]: mean_loss=0.016002264339476824
Online_Training [423/700]: mean_loss=0.09869983419775963
Online_Training [424/700]: mean_loss=0.022060977295041084
Online_Training [425/700]: mean_loss=0.032351890578866005
Online_Training [426/700]: mean_loss=0.06962675414979458
Online_Training [427/700]: mean_loss=0.01368739758618176
Online_Training [428/700]: mean_loss=0.0139922343660146
Online_Training [429/700]: mean_loss=0.02318626595661044
Online_Training [430/700]: mean_loss=0.032650950364768505
Online_Training [431/700]: mean_loss=0.13866957277059555
Online_Training [432/700]: mean_loss=0.07478463277220726
Online_Training [433/700]: mean_loss=0.011139449197798967
Online_Training [434/700]: mean_loss=0.022077296394854784
Online_Training [435/700]: mean_loss=0.034422291442751884
Online_Training [436/700]: mean_loss=0.03136570751667023
Online_Training [437/700]: mean_loss=0.033147879876196384
Online_Training [438/700]: mean_loss=0.013522802852094173
Online_Training [439/700]: mean_loss=0.0502240089699626
Online_Training [440/700]: mean_loss=0.04327328782528639
Online_Training [441/700]: mean_loss=0.12340402044355869
Online_Training [442/700]: mean_loss=0.19568555429577827
Online_Training [443/700]: mean_loss=0.07675198838114738
Online_Training [444/700]: mean_loss=0.03767517767846584
Online_Training [445/700]: mean_loss=0.02424021251499653
Online_Training [446/700]: mean_loss=0.07791322655975819
Online_Training [447/700]: mean_loss=0.027468814980238676
Online_Training [448/700]: mean_loss=0.02882295474410057
Online_Training [449/700]: mean_loss=0.01908980868756771
Online_Training [450/700]: mean_loss=0.019666478969156742
Online_Training [451/700]: mean_loss=0.04339832067489624
Online_Training [452/700]: mean_loss=0.13776960223913193
Online_Training [453/700]: mean_loss=0.020230124704539776
Online_Training [454/700]: mean_loss=0.01370944269001484
Online_Training [455/700]: mean_loss=0.020474269054830074
Online_Training [456/700]: mean_loss=0.035034360364079475
Online_Training [457/700]: mean_loss=0.05233360733836889
Online_Training [458/700]: mean_loss=0.058764261193573475
Online_Training [459/700]: mean_loss=0.0335354502312839
Online_Training [460/700]: mean_loss=0.04807903524488211
Online_Training [461/700]: mean_loss=0.02220303751528263
Online_Training [462/700]: mean_loss=0.014168909983709455
Online_Training [463/700]: mean_loss=0.028340098448097706
Online_Training [464/700]: mean_loss=0.025883407797664404
Online_Training [465/700]: mean_loss=0.031329710967838764
Online_Training [466/700]: mean_loss=0.03941937256604433
Online_Training [467/700]: mean_loss=0.03566944878548384
Online_Training [468/700]: mean_loss=0.02478614915162325
Online_Training [469/700]: mean_loss=0.02474337350577116
Online_Training [470/700]: mean_loss=0.045938665978610516
Online_Training [471/700]: mean_loss=0.02431958867236972
Online_Training [472/700]: mean_loss=0.06475057080388069
Online_Training [473/700]: mean_loss=0.040298450738191605
Online_Training [474/700]: mean_loss=0.04390574898570776
Online_Training [475/700]: mean_loss=0.07000224106013775
Online_Training [476/700]: mean_loss=0.11146945133805275
Online_Training [477/700]: mean_loss=0.0999651849269867
Online_Training [478/700]: mean_loss=0.1192497443407774
Online_Training [479/700]: mean_loss=0.017970258835703135
Online_Training [480/700]: mean_loss=0.03372855484485626
Online_Training [481/700]: mean_loss=0.06979067903012037
Online_Training [482/700]: mean_loss=0.041911592707037926
Online_Training [483/700]: mean_loss=0.027703274972736835
Online_Training [484/700]: mean_loss=0.021350807510316372
Online_Training [485/700]: mean_loss=0.0403950996696949
Online_Training [486/700]: mean_loss=0.04212791100144386
Online_Training [487/700]: mean_loss=0.06962323933839798
Online_Training [488/700]: mean_loss=0.012447022134438157
Online_Training [489/700]: mean_loss=0.029288296587765217
Online_Training [490/700]: mean_loss=0.02280604373663664
Online_Training [491/700]: mean_loss=0.04321423079818487
Online_Training [492/700]: mean_loss=0.010271011851727962
Online_Training [493/700]: mean_loss=0.022619036026299
Online_Training [494/700]: mean_loss=0.04815799091011286
Online_Training [495/700]: mean_loss=0.04550988972187042
Online_Training [496/700]: mean_loss=0.027837658766657114
Online_Training [497/700]: mean_loss=0.03666021395474672
Online_Training [498/700]: mean_loss=0.038775961846113205
Online_Training [499/700]: mean_loss=0.018136541824787855
Online_Training [500/700]: mean_loss=0.02924190741032362
Online_Training [501/700]: mean_loss=0.0053441221825778484
Online_Training [502/700]: mean_loss=0.062020085752010345
Online_Training [503/700]: mean_loss=0.02209220500662923
Online_Training [504/700]: mean_loss=0.009395830566063523
Online_Training [505/700]: mean_loss=0.07047807425260544
Online_Training [506/700]: mean_loss=0.031014141160994768
Online_Training [507/700]: mean_loss=0.05879532918334007
Online_Training [508/700]: mean_loss=0.0539169255644083
Online_Training [509/700]: mean_loss=0.0389238316565752
Online_Training [510/700]: mean_loss=0.07211912609636784
Online_Training [511/700]: mean_loss=0.04638521559536457
Online_Training [512/700]: mean_loss=0.05396203510463238
Online_Training [513/700]: mean_loss=0.016022419556975365
Online_Training [514/700]: mean_loss=0.02232506638392806
Online_Training [515/700]: mean_loss=0.04774520732462406
Online_Training [516/700]: mean_loss=0.03821966610848904
Online_Training [517/700]: mean_loss=0.11411921866238117
Online_Training [518/700]: mean_loss=0.017571264412254095
Online_Training [519/700]: mean_loss=0.05961175262928009
Online_Training [520/700]: mean_loss=0.0521416449919343
Online_Training [521/700]: mean_loss=0.03196832910180092
Online_Training [522/700]: mean_loss=0.029148572124540806
Online_Training [523/700]: mean_loss=0.04443102702498436
Online_Training [524/700]: mean_loss=0.04434941802173853
Online_Training [525/700]: mean_loss=0.023682984989136457
Online_Training [526/700]: mean_loss=0.012357348809018731
Online_Training [527/700]: mean_loss=0.07465420477092266
Online_Training [528/700]: mean_loss=0.029071819968521595
Online_Training [529/700]: mean_loss=0.008457341929897666
Online_Training [530/700]: mean_loss=0.11154466308653355
Online_Training [531/700]: mean_loss=0.07822275720536709
Online_Training [532/700]: mean_loss=0.005513058393262327
Online_Training [533/700]: mean_loss=0.019857500214129686
Online_Training [534/700]: mean_loss=0.024506187066435814
Online_Training [535/700]: mean_loss=0.0218644212000072
Online_Training [536/700]: mean_loss=0.008458326105028391
Online_Training [537/700]: mean_loss=0.029553291853517294
Online_Training [538/700]: mean_loss=0.06355322524905205
Online_Training [539/700]: mean_loss=0.06598468497395515
Online_Training [540/700]: mean_loss=0.015136837493628263
Online_Training [541/700]: mean_loss=0.02010408602654934
Online_Training [542/700]: mean_loss=0.013506005750969052
Online_Training [543/700]: mean_loss=0.05287175811827183
Online_Training [544/700]: mean_loss=0.019860590808093548
Online_Training [545/700]: mean_loss=0.029976412653923035
Online_Training [546/700]: mean_loss=0.03282628022134304
Online_Training [547/700]: mean_loss=0.0679682046175003
Online_Training [548/700]: mean_loss=0.030257862992584705
Online_Training [549/700]: mean_loss=0.009697519009932876
Online_Training [550/700]: mean_loss=0.06033800728619099
Online_Training [551/700]: mean_loss=0.02939560543745756
Online_Training [552/700]: mean_loss=0.018921938724815845
Online_Training [553/700]: mean_loss=0.028152369894087315
Online_Training [554/700]: mean_loss=0.04801971931010485
Online_Training [555/700]: mean_loss=0.02209891751408577
Online_Training [556/700]: mean_loss=0.03751456178724766
Online_Training [557/700]: mean_loss=0.04186311364173889
Online_Training [558/700]: mean_loss=0.01884160377085209
Online_Training [559/700]: mean_loss=0.022564558312296867
Online_Training [560/700]: mean_loss=0.055958799086511135
Online_Training [561/700]: mean_loss=0.010849043494090438
Online_Training [562/700]: mean_loss=0.05147090647369623
Online_Training [563/700]: mean_loss=0.01057004532776773
Online_Training [564/700]: mean_loss=0.025463534519076347
Online_Training [565/700]: mean_loss=0.010012413142248988
Online_Training [566/700]: mean_loss=0.027476781979203224
Online_Training [567/700]: mean_loss=0.05697350483387709
Online_Training [568/700]: mean_loss=0.011279525700956583
Online_Training [569/700]: mean_loss=0.07685818150639534
Online_Training [570/700]: mean_loss=0.059501088224351406
Online_Training [571/700]: mean_loss=0.04029556084424257
Online_Training [572/700]: mean_loss=0.05471596587449312
Online_Training [573/700]: mean_loss=0.019981855060905218
Online_Training [574/700]: mean_loss=0.10239498689770699
Online_Training [575/700]: mean_loss=0.04120749607682228
Online_Training [576/700]: mean_loss=0.015343347797170281
Online_Training [577/700]: mean_loss=0.03162008570507169
Online_Training [578/700]: mean_loss=0.03283653873950243
Online_Training [579/700]: mean_loss=0.022782573476433754
Online_Training [580/700]: mean_loss=0.011656287359073758
Online_Training [581/700]: mean_loss=0.021129237953573465
Online_Training [582/700]: mean_loss=0.017600062303245068
Online_Training [583/700]: mean_loss=0.014071250334382057
Online_Training [584/700]: mean_loss=0.1444873958826065
Online_Training [585/700]: mean_loss=0.03988552372902632
Online_Training [586/700]: mean_loss=0.03310837130993605
Online_Training [587/700]: mean_loss=0.021983944345265627
Online_Training [588/700]: mean_loss=0.02922113472595811
Online_Training [589/700]: mean_loss=0.01970423385500908
Online_Training [590/700]: mean_loss=0.03061823733150959
Online_Training [591/700]: mean_loss=0.039559691213071346
Online_Training [592/700]: mean_loss=0.023971950635313988
Online_Training [593/700]: mean_loss=0.031947607174515724
Online_Training [594/700]: mean_loss=0.05932220630347729
Online_Training [595/700]: mean_loss=0.05755034554749727
Online_Training [596/700]: mean_loss=0.015138190938159823
Online_Training [597/700]: mean_loss=0.030466153752058744
Online_Training [598/700]: mean_loss=0.014810027787461877
Online_Training [599/700]: mean_loss=0.013272674288600683
Online_Training [600/700]: mean_loss=0.030769541393965483
Online_Training [601/700]: mean_loss=0.04630408342927694
Online_Training [602/700]: mean_loss=0.02385089173913002
Online_Training [603/700]: mean_loss=0.07115567103028297
Online_Training [604/700]: mean_loss=0.016736852936446667
Online_Training [605/700]: mean_loss=0.03154474962502718
Online_Training [606/700]: mean_loss=0.03236158937215805
Online_Training [607/700]: mean_loss=0.009783079149201512
Online_Training [608/700]: mean_loss=0.0482631903141737
Online_Training [609/700]: mean_loss=0.01240552356466651
Online_Training [610/700]: mean_loss=0.17840230837464333
Online_Training [611/700]: mean_loss=0.08385168761014938
Online_Training [612/700]: mean_loss=0.055679681710898876
Online_Training [613/700]: mean_loss=0.018626680597662926
Online_Training [614/700]: mean_loss=0.010961011284962296
Online_Training [615/700]: mean_loss=0.060434537939727306
Online_Training [616/700]: mean_loss=0.02651094552129507
Online_Training [617/700]: mean_loss=0.005630951025523245
Online_Training [618/700]: mean_loss=0.014909060206264257
Online_Training [619/700]: mean_loss=0.02126132231205702
Online_Training [620/700]: mean_loss=0.1871185377240181
Online_Training [621/700]: mean_loss=0.10708977840840816
Online_Training [622/700]: mean_loss=0.04030633810907602
Online_Training [623/700]: mean_loss=0.007388063822872937
Online_Training [624/700]: mean_loss=0.031538511626422405
Online_Training [625/700]: mean_loss=0.04702811688184738
Online_Training [626/700]: mean_loss=0.11838314682245255
Online_Training [627/700]: mean_loss=0.12350028939545155
Online_Training [628/700]: mean_loss=0.028617022559046745
Online_Training [629/700]: mean_loss=0.03576755244284868
Online_Training [630/700]: mean_loss=0.025085073430091143
Online_Training [631/700]: mean_loss=0.10792032815515995
Online_Training [632/700]: mean_loss=0.020367391407489777
Online_Training [633/700]: mean_loss=0.040121364407241344
Online_Training [634/700]: mean_loss=0.01495232549495995
Online_Training [635/700]: mean_loss=0.028131625149399042
Online_Training [636/700]: mean_loss=0.04578463640064001
Online_Training [637/700]: mean_loss=0.024044206831604242
Online_Training [638/700]: mean_loss=0.01621181843802333
Online_Training [639/700]: mean_loss=0.02881666412577033
Online_Training [640/700]: mean_loss=0.02808512467890978
Online_Training [641/700]: mean_loss=0.015689955791458488
Online_Training [642/700]: mean_loss=0.028364378958940506
Online_Training [643/700]: mean_loss=0.025508231483399868
Online_Training [644/700]: mean_loss=0.03892360720783472
Online_Training [645/700]: mean_loss=0.045263031497597694
Online_Training [646/700]: mean_loss=0.02598577830940485
Online_Training [647/700]: mean_loss=0.013729755766689777
Online_Training [648/700]: mean_loss=0.0189620996825397
Online_Training [649/700]: mean_loss=0.008415407268330455
Online_Training [650/700]: mean_loss=0.06827508099377155
Online_Training [651/700]: mean_loss=0.015337918885052204
Online_Training [652/700]: mean_loss=0.04006245452910662
Online_Training [653/700]: mean_loss=0.038464050740003586
Online_Training [654/700]: mean_loss=0.024956096429377794
Online_Training [655/700]: mean_loss=0.011553936172276735
Online_Training [656/700]: mean_loss=0.026756090577691793
Online_Training [657/700]: mean_loss=0.022162070963531733
Online_Training [658/700]: mean_loss=0.03141726600006223
Online_Training [659/700]: mean_loss=0.07214000448584557
Online_Training [660/700]: mean_loss=0.03602985851466656
Online_Training [661/700]: mean_loss=0.03307701461017132
Online_Training [662/700]: mean_loss=0.017396255861967802
Online_Training [663/700]: mean_loss=0.07288772985339165
Online_Training [664/700]: mean_loss=0.017156368121504784
Online_Training [665/700]: mean_loss=0.0358418682590127
Online_Training [666/700]: mean_loss=0.015971957240253687
Online_Training [667/700]: mean_loss=0.05274115223437548
Online_Training [668/700]: mean_loss=0.04366269987076521
Online_Training [669/700]: mean_loss=0.03725798521190882
Online_Training [670/700]: mean_loss=0.06345141679048538
Online_Training [671/700]: mean_loss=0.016669726464897394
Online_Training [672/700]: mean_loss=0.0345219848677516
Online_Training [673/700]: mean_loss=0.021213325206190348
Online_Training [674/700]: mean_loss=0.03320205211639404
Online_Training [675/700]: mean_loss=0.020170701202005148
Online_Training [676/700]: mean_loss=0.028973252046853304
Online_Training [677/700]: mean_loss=0.026152395643293858
Online_Training [678/700]: mean_loss=0.02302776789292693
Online_Training [679/700]: mean_loss=0.02938747638836503
Online_Training [680/700]: mean_loss=0.03431593347340822
Online_Training [681/700]: mean_loss=0.014852316584438086
Online_Training [682/700]: mean_loss=0.04056718107312918
Online_Training [683/700]: mean_loss=0.04761570878326893
Online_Training [684/700]: mean_loss=0.025511911138892174
Online_Training [685/700]: mean_loss=0.07393127307295799
Online_Training [686/700]: mean_loss=0.02713413815945387
Online_Training [687/700]: mean_loss=0.010566949378699064
Online_Training [688/700]: mean_loss=0.03471788205206394
Online_Training [689/700]: mean_loss=0.022480431012809277
Online_Training [690/700]: mean_loss=0.014999687438830733
Online_Training [691/700]: mean_loss=0.013222321169450879
Online_Training [692/700]: mean_loss=0.01556299184449017
Online_Training [693/700]: mean_loss=0.07775181904435158
Online_Training [694/700]: mean_loss=0.011979283764958382
Online_Training [695/700]: mean_loss=0.022799546364694834
Online_Training [696/700]: mean_loss=0.04005184303969145
Online_Training [697/700]: mean_loss=0.08650878630578518
Online_Training [698/700]: mean_loss=0.0326057393103838
Online_Training [699/700]: mean_loss=0.01959566166624427
Online_Training [700/700]: mean_loss=0.021245339885354042
Number of Samples after Autoencoder testing: 300
First Spike after testing: [-0.784035   2.1993718]
[2, 0, 2, 2, 1, 0, 0, 2, 0, 2, 2, 1, 2, 0, 2, 2, 0, 0, 0, 0, 2, 0, 0, 2, 2, 0, 2, 1, 0, 1, 0, 2, 0, 0, 2, 2, 2, 1, 0, 2, 0, 1, 2, 0, 1, 0, 1, 1, 2, 2, 2, 0, 2, 0, 1, 1, 2, 2, 0, 0, 1, 2, 2, 2, 1, 2, 0, 0, 2, 1, 2, 1, 1, 2, 1, 2, 1, 2, 0, 0, 1, 0, 1, 2, 0, 1, 2, 0, 0, 0, 0, 0, 2, 0, 0, 0, 2, 1, 1, 1, 1, 2, 2, 1, 1, 0, 2, 1, 0, 1, 2, 2, 1, 0, 2, 0, 2, 2, 2, 1, 1, 0, 0, 2, 1, 0, 0, 0, 1, 1, 1, 1, 0, 1, 1, 0, 0, 2, 2, 1, 2, 2, 1, 0, 1, 0, 2, 1, 2, 2, 1, 1, 1, 2, 1, 1, 2, 2, 1, 1, 1, 2, 0, 2, 2, 1, 0, 0, 2, 1, 1, 1, 0, 2, 0, 1, 2, 2, 0, 1, 1, 1, 0, 2, 1, 0, 0, 1, 2, 0, 1, 2, 1, 1, 0, 0, 2, 0, 2, 1, 0, 2, 0, 2, 2, 2, 0, 2, 2, 0, 0, 1, 0, 1, 0, 0, 1, 1, 2, 0, 2, 0, 0, 2, 1, 2, 0, 2, 2, 0, 0, 0, 1, 2, 2, 2, 1, 2, 0, 0, 2, 0, 0, 0, 0, 0, 0, 1, 0, 0, 2, 2, 1, 2, 2, 0, 1, 1, 2, 1, 2, 1, 1, 2, 1, 2, 2, 0, 0, 0, 1, 1, 1, 0, 1, 2, 2, 2, 0, 0, 0, 1, 1, 2, 1, 0, 1, 0, 1, 2, 0, 0, 0, 2, 1, 0, 1, 0, 0, 2]
[0, 1, 0, 0, 2, 1, 1, 0, 1, 0, 0, 2, 0, 1, 0, 0, 1, 1, 1, 1, 0, 1, 1, 0, 0, 1, 2, 2, 1, 2, 1, 0, 1, 1, 0, 0, 0, 2, 1, 0, 1, 2, 0, 1, 2, 1, 2, 2, 0, 0, 0, 1, 0, 1, 2, 2, 0, 0, 1, 1, 2, 0, 0, 0, 2, 0, 1, 1, 0, 2, 0, 2, 2, 0, 2, 0, 2, 0, 1, 1, 2, 1, 2, 0, 1, 2, 0, 1, 1, 1, 1, 1, 0, 1, 1, 1, 0, 2, 2, 2, 2, 0, 0, 2, 2, 1, 0, 2, 1, 2, 0, 0, 2, 1, 0, 1, 0, 0, 0, 2, 2, 1, 1, 0, 2, 1, 1, 1, 2, 2, 2, 2, 1, 2, 2, 1, 1, 0, 0, 2, 0, 0, 2, 1, 2, 1, 0, 2, 0, 0, 2, 2, 2, 0, 2, 2, 0, 0, 2, 2, 2, 0, 0, 0, 0, 2, 1, 1, 0, 2, 2, 2, 1, 0, 1, 2, 0, 0, 1, 2, 2, 2, 1, 0, 2, 1, 1, 2, 0, 1, 2, 0, 2, 2, 1, 1, 0, 1, 0, 2, 1, 0, 1, 0, 0, 0, 1, 0, 0, 1, 1, 2, 1, 2, 1, 1, 2, 2, 0, 1, 0, 1, 1, 0, 2, 0, 1, 0, 0, 1, 1, 1, 2, 0, 0, 0, 2, 0, 1, 1, 0, 1, 1, 1, 1, 1, 1, 2, 1, 1, 0, 0, 0, 0, 0, 1, 2, 2, 0, 2, 0, 0, 2, 0, 2, 0, 0, 1, 1, 1, 2, 2, 2, 1, 2, 0, 0, 0, 1, 1, 1, 2, 2, 0, 2, 1, 2, 1, 2, 0, 1, 1, 1, 0, 2, 1, 2, 1, 1, 0]
Centroids: [[-1.4483627, -0.16234499], [1.4304698, -0.8781466], [-0.70211613, 2.411428]]
Centroids: [[-0.7189291, 2.3963103], [-1.4458113, -0.17679399], [1.4625123, -0.9087999]]
Contingency Matrix: 
[[  1 105   0]
 [  2   0  89]
 [102   0   1]]
[[1, 105, 0], [2, 0, 89], [102, 0, 1]]
[[1, 105, 0], [2, 0, 89], [102, 0, 1]]
[0, 1, 2]
[[-1, -1, -1], [2, -1, 89], [102, -1, 1]]
[[-1, -1, -1], [-1, -1, 89], [-1, -1, -1]]
[[-1, -1, -1], [-1, -1, -1], [-1, -1, -1]]
Match_Labels: {0: 1, 2: 0, 1: 2}
New Contingency Matrix: 
[[105   0   1]
 [  0  89   2]
 [  0   1 102]]
New Clustered Label Sequence: [1, 2, 0]
Diagonal_Elements: [105, 89, 102], Sum: 296
All_Elements: [105, 0, 1, 0, 89, 2, 0, 1, 102], Sum: 300
Accuracy: 0.9866666666666667
