Experiment_path: Random_Seeds//V4/Experiment_04_7
Dataset_Path: ../_00_Datasets/03_SimDaten_Quiroga2020/C_Difficult2_noise005.mat
Dataset_name: ['03_SimDaten_Quiroga2020', 'C_Difficult2_noise005.mat']
Variant_name: Variant_04_Offline_Autoencoder_QLearning
Visualisation_Path: Random_Seeds//V4/Experiment_04_7/C_Difficult2_noise005.mat/Variant_04_Offline_Autoencoder_QLearning/2023_03_22-10_13_52
Punishment_Coefficient: 0.37
<_01_LoadDataset.ExternCode.spike_class.spike_dataclass object at 0x000001FA888966D8>
Sampling rate: 24000.0
Raw: [ 0.02085333  0.02043967  0.02052644 ... -0.02218732 -0.02150573
 -0.01811243]
Times: [   1583    1934    2430 ... 1439313 1439656 1439854]
Cluster: [3 3 3 ... 2 2 1]
Number of different clusters:  3
Number of Spikes: 3364
First aligned Spike Frame: [-0.05170878 -0.0548761  -0.06029554 -0.06053219 -0.04807119 -0.02780025
 -0.01550543 -0.01702494 -0.02945104 -0.04493807 -0.07056858 -0.07003585
  0.07629654  0.43081562  0.80470191  0.96319627  0.89198123  0.73643948
  0.58987232  0.46714337  0.36345495  0.2828462   0.22743292  0.182731
  0.13931053  0.09524506  0.05136602  0.01367166 -0.01393093 -0.03985679
 -0.07387102 -0.11218435 -0.1444455  -0.16672578 -0.17809238 -0.18020802
 -0.17953732 -0.18246903 -0.18617363 -0.18205375 -0.17299738 -0.16958427
 -0.17248955 -0.17516876 -0.1727246  -0.16696514 -0.15993314]
Cluster 0, Occurrences: 1120
Cluster 1, Occurrences: 1109
Cluster 2, Occurrences: 1135
Train Index: 3028
x_train: 3028
y_train: 3028
x_test: 336
y_test: 336
<torch.utils.data.dataloader.DataLoader object at 0x000001FAFF66BF60>
<torch.utils.data.dataloader.DataLoader object at 0x000001FAFF68A908>
Epoch 1
-------------------------------
loss: 0.120154  [    0/ 3028]
loss: 0.081510  [  100/ 3028]
loss: 0.027965  [  200/ 3028]
loss: 0.018038  [  300/ 3028]
loss: 0.001126  [  400/ 3028]
loss: 0.045925  [  500/ 3028]
loss: 0.004954  [  600/ 3028]
loss: 0.007716  [  700/ 3028]
loss: 0.002892  [  800/ 3028]
loss: 0.007412  [  900/ 3028]
loss: 0.004236  [ 1000/ 3028]
loss: 0.003660  [ 1100/ 3028]
loss: 0.003834  [ 1200/ 3028]
loss: 0.006380  [ 1300/ 3028]
loss: 0.086109  [ 1400/ 3028]
loss: 0.002980  [ 1500/ 3028]
loss: 0.006432  [ 1600/ 3028]
loss: 0.003497  [ 1700/ 3028]
loss: 0.001279  [ 1800/ 3028]
loss: 0.003667  [ 1900/ 3028]
loss: 0.003395  [ 2000/ 3028]
loss: 0.004606  [ 2100/ 3028]
loss: 0.004492  [ 2200/ 3028]
loss: 0.007702  [ 2300/ 3028]
loss: 0.001029  [ 2400/ 3028]
loss: 0.002633  [ 2500/ 3028]
loss: 0.002830  [ 2600/ 3028]
loss: 0.002686  [ 2700/ 3028]
loss: 0.003279  [ 2800/ 3028]
loss: 0.001662  [ 2900/ 3028]
loss: 0.004115  [ 3000/ 3028]
Epoch 2
-------------------------------
loss: 0.001148  [    0/ 3028]
loss: 0.002222  [  100/ 3028]
loss: 0.004144  [  200/ 3028]
loss: 0.001283  [  300/ 3028]
loss: 0.000598  [  400/ 3028]
loss: 0.035518  [  500/ 3028]
loss: 0.004178  [  600/ 3028]
loss: 0.007224  [  700/ 3028]
loss: 0.002408  [  800/ 3028]
loss: 0.004593  [  900/ 3028]
loss: 0.003172  [ 1000/ 3028]
loss: 0.003265  [ 1100/ 3028]
loss: 0.002388  [ 1200/ 3028]
loss: 0.005599  [ 1300/ 3028]
loss: 0.085940  [ 1400/ 3028]
loss: 0.002973  [ 1500/ 3028]
loss: 0.006417  [ 1600/ 3028]
loss: 0.003269  [ 1700/ 3028]
loss: 0.001036  [ 1800/ 3028]
loss: 0.003477  [ 1900/ 3028]
loss: 0.003044  [ 2000/ 3028]
loss: 0.004319  [ 2100/ 3028]
loss: 0.004486  [ 2200/ 3028]
loss: 0.007700  [ 2300/ 3028]
loss: 0.000907  [ 2400/ 3028]
loss: 0.002545  [ 2500/ 3028]
loss: 0.002506  [ 2600/ 3028]
loss: 0.002959  [ 2700/ 3028]
loss: 0.003230  [ 2800/ 3028]
loss: 0.001504  [ 2900/ 3028]
loss: 0.004058  [ 3000/ 3028]
Epoch 3
-------------------------------
loss: 0.001153  [    0/ 3028]
loss: 0.002184  [  100/ 3028]
loss: 0.004122  [  200/ 3028]
loss: 0.000906  [  300/ 3028]
loss: 0.000681  [  400/ 3028]
loss: 0.030773  [  500/ 3028]
loss: 0.003567  [  600/ 3028]
loss: 0.009858  [  700/ 3028]
loss: 0.002332  [  800/ 3028]
loss: 0.003713  [  900/ 3028]
loss: 0.002770  [ 1000/ 3028]
loss: 0.003453  [ 1100/ 3028]
loss: 0.002286  [ 1200/ 3028]
loss: 0.005312  [ 1300/ 3028]
loss: 0.086212  [ 1400/ 3028]
loss: 0.003014  [ 1500/ 3028]
loss: 0.006395  [ 1600/ 3028]
loss: 0.003522  [ 1700/ 3028]
loss: 0.001010  [ 1800/ 3028]
loss: 0.003530  [ 1900/ 3028]
loss: 0.002896  [ 2000/ 3028]
loss: 0.004138  [ 2100/ 3028]
loss: 0.004622  [ 2200/ 3028]
loss: 0.007674  [ 2300/ 3028]
loss: 0.000903  [ 2400/ 3028]
loss: 0.002533  [ 2500/ 3028]
loss: 0.002573  [ 2600/ 3028]
loss: 0.003169  [ 2700/ 3028]
loss: 0.003070  [ 2800/ 3028]
loss: 0.001520  [ 2900/ 3028]
loss: 0.004164  [ 3000/ 3028]
Epoch 4
-------------------------------
loss: 0.001171  [    0/ 3028]
loss: 0.002182  [  100/ 3028]
loss: 0.004185  [  200/ 3028]
loss: 0.000913  [  300/ 3028]
loss: 0.000715  [  400/ 3028]
loss: 0.029716  [  500/ 3028]
loss: 0.003609  [  600/ 3028]
loss: 0.007881  [  700/ 3028]
loss: 0.002268  [  800/ 3028]
loss: 0.003242  [  900/ 3028]
loss: 0.002584  [ 1000/ 3028]
loss: 0.003373  [ 1100/ 3028]
loss: 0.002214  [ 1200/ 3028]
loss: 0.005186  [ 1300/ 3028]
loss: 0.086040  [ 1400/ 3028]
loss: 0.002898  [ 1500/ 3028]
loss: 0.006412  [ 1600/ 3028]
loss: 0.003539  [ 1700/ 3028]
loss: 0.000995  [ 1800/ 3028]
loss: 0.003756  [ 1900/ 3028]
loss: 0.002842  [ 2000/ 3028]
loss: 0.003843  [ 2100/ 3028]
loss: 0.004725  [ 2200/ 3028]
loss: 0.007777  [ 2300/ 3028]
loss: 0.000888  [ 2400/ 3028]
loss: 0.002553  [ 2500/ 3028]
loss: 0.002365  [ 2600/ 3028]
loss: 0.003369  [ 2700/ 3028]
loss: 0.002972  [ 2800/ 3028]
loss: 0.001488  [ 2900/ 3028]
loss: 0.004270  [ 3000/ 3028]
Epoch 5
-------------------------------
loss: 0.001168  [    0/ 3028]
loss: 0.002196  [  100/ 3028]
loss: 0.004401  [  200/ 3028]
loss: 0.000880  [  300/ 3028]
loss: 0.000771  [  400/ 3028]
loss: 0.027971  [  500/ 3028]
loss: 0.003672  [  600/ 3028]
loss: 0.006279  [  700/ 3028]
loss: 0.002268  [  800/ 3028]
loss: 0.002841  [  900/ 3028]
loss: 0.002462  [ 1000/ 3028]
loss: 0.003359  [ 1100/ 3028]
loss: 0.002109  [ 1200/ 3028]
loss: 0.005157  [ 1300/ 3028]
loss: 0.085792  [ 1400/ 3028]
loss: 0.002794  [ 1500/ 3028]
loss: 0.006403  [ 1600/ 3028]
loss: 0.003591  [ 1700/ 3028]
loss: 0.000974  [ 1800/ 3028]
loss: 0.003729  [ 1900/ 3028]
loss: 0.002705  [ 2000/ 3028]
loss: 0.003813  [ 2100/ 3028]
loss: 0.004935  [ 2200/ 3028]
loss: 0.007886  [ 2300/ 3028]
loss: 0.000854  [ 2400/ 3028]
loss: 0.002650  [ 2500/ 3028]
loss: 0.002255  [ 2600/ 3028]
loss: 0.003707  [ 2700/ 3028]
loss: 0.002810  [ 2800/ 3028]
loss: 0.001469  [ 2900/ 3028]
loss: 0.004365  [ 3000/ 3028]
Epoch 6
-------------------------------
loss: 0.001181  [    0/ 3028]
loss: 0.002050  [  100/ 3028]
loss: 0.004050  [  200/ 3028]
loss: 0.000964  [  300/ 3028]
loss: 0.000789  [  400/ 3028]
loss: 0.027872  [  500/ 3028]
loss: 0.003492  [  600/ 3028]
loss: 0.005774  [  700/ 3028]
loss: 0.002240  [  800/ 3028]
loss: 0.002580  [  900/ 3028]
loss: 0.001859  [ 1000/ 3028]
loss: 0.003281  [ 1100/ 3028]
loss: 0.002085  [ 1200/ 3028]
loss: 0.005159  [ 1300/ 3028]
loss: 0.084494  [ 1400/ 3028]
loss: 0.002688  [ 1500/ 3028]
loss: 0.006391  [ 1600/ 3028]
loss: 0.003727  [ 1700/ 3028]
loss: 0.001005  [ 1800/ 3028]
loss: 0.003573  [ 1900/ 3028]
loss: 0.002714  [ 2000/ 3028]
loss: 0.003762  [ 2100/ 3028]
loss: 0.004982  [ 2200/ 3028]
loss: 0.007945  [ 2300/ 3028]
loss: 0.000911  [ 2400/ 3028]
loss: 0.002704  [ 2500/ 3028]
loss: 0.002151  [ 2600/ 3028]
loss: 0.003830  [ 2700/ 3028]
loss: 0.002778  [ 2800/ 3028]
loss: 0.001568  [ 2900/ 3028]
loss: 0.004447  [ 3000/ 3028]
Epoch 7
-------------------------------
loss: 0.001188  [    0/ 3028]
loss: 0.002049  [  100/ 3028]
loss: 0.004030  [  200/ 3028]
loss: 0.000921  [  300/ 3028]
loss: 0.000853  [  400/ 3028]
loss: 0.026773  [  500/ 3028]
loss: 0.003354  [  600/ 3028]
loss: 0.005742  [  700/ 3028]
loss: 0.002269  [  800/ 3028]
loss: 0.002811  [  900/ 3028]
loss: 0.001612  [ 1000/ 3028]
loss: 0.003182  [ 1100/ 3028]
loss: 0.002010  [ 1200/ 3028]
loss: 0.005153  [ 1300/ 3028]
loss: 0.082533  [ 1400/ 3028]
loss: 0.002594  [ 1500/ 3028]
loss: 0.006467  [ 1600/ 3028]
loss: 0.004078  [ 1700/ 3028]
loss: 0.001056  [ 1800/ 3028]
loss: 0.003384  [ 1900/ 3028]
loss: 0.002755  [ 2000/ 3028]
loss: 0.003800  [ 2100/ 3028]
loss: 0.004796  [ 2200/ 3028]
loss: 0.008022  [ 2300/ 3028]
loss: 0.000898  [ 2400/ 3028]
loss: 0.002709  [ 2500/ 3028]
loss: 0.002043  [ 2600/ 3028]
loss: 0.003704  [ 2700/ 3028]
loss: 0.002732  [ 2800/ 3028]
loss: 0.001638  [ 2900/ 3028]
loss: 0.004385  [ 3000/ 3028]
Epoch 8
-------------------------------
loss: 0.001222  [    0/ 3028]
loss: 0.002027  [  100/ 3028]
loss: 0.004151  [  200/ 3028]
loss: 0.000870  [  300/ 3028]
loss: 0.000869  [  400/ 3028]
loss: 0.025822  [  500/ 3028]
loss: 0.003276  [  600/ 3028]
loss: 0.005676  [  700/ 3028]
loss: 0.002304  [  800/ 3028]
loss: 0.002989  [  900/ 3028]
loss: 0.001634  [ 1000/ 3028]
loss: 0.003262  [ 1100/ 3028]
loss: 0.001985  [ 1200/ 3028]
loss: 0.005121  [ 1300/ 3028]
loss: 0.080929  [ 1400/ 3028]
loss: 0.002521  [ 1500/ 3028]
loss: 0.006513  [ 1600/ 3028]
loss: 0.004094  [ 1700/ 3028]
loss: 0.001086  [ 1800/ 3028]
loss: 0.003176  [ 1900/ 3028]
loss: 0.002730  [ 2000/ 3028]
loss: 0.003858  [ 2100/ 3028]
loss: 0.004782  [ 2200/ 3028]
loss: 0.008129  [ 2300/ 3028]
loss: 0.000914  [ 2400/ 3028]
loss: 0.002695  [ 2500/ 3028]
loss: 0.001976  [ 2600/ 3028]
loss: 0.003804  [ 2700/ 3028]
loss: 0.002726  [ 2800/ 3028]
loss: 0.001625  [ 2900/ 3028]
loss: 0.004319  [ 3000/ 3028]
Number of Clusters: 3
Q_Learning:     1/  336]
Q_Learning:     2/  336]
Q_Learning:     3/  336]
Q_Learning:     4/  336]
Q_Learning:     5/  336]
Q_Learning:     6/  336]
Q_Learning:     7/  336]
Q_Learning:     8/  336]
Q_Learning:     9/  336]
Q_Learning:    10/  336]
Q_Learning:    11/  336]
Q_Learning:    12/  336]
Q_Learning:    13/  336]
Q_Learning:    14/  336]
Q_Learning:    15/  336]
Q_Learning:    16/  336]
Q_Learning:    17/  336]
Q_Learning:    18/  336]
Q_Learning:    19/  336]
Q_Learning:    20/  336]
Q_Learning:    21/  336]
Q_Learning:    22/  336]
Q_Learning:    23/  336]
Q_Learning:    24/  336]
Q_Learning:    25/  336]
Q_Learning:    26/  336]
Q_Learning:    27/  336]
Q_Learning:    28/  336]
Q_Learning:    29/  336]
Q_Learning:    30/  336]
Q_Learning:    31/  336]
Q_Learning:    32/  336]
Q_Learning:    33/  336]
Q_Learning:    34/  336]
Q_Learning:    35/  336]
Q_Learning:    36/  336]
Q_Learning:    37/  336]
Q_Learning:    38/  336]
Q_Learning:    39/  336]
Q_Learning:    40/  336]
Q_Learning:    41/  336]
Q_Learning:    42/  336]
Q_Learning:    43/  336]
Q_Learning:    44/  336]
Q_Learning:    45/  336]
Q_Learning:    46/  336]
Q_Learning:    47/  336]
Q_Learning:    48/  336]
Q_Learning:    49/  336]
Q_Learning:    50/  336]
Q_Learning:    51/  336]
Q_Learning:    52/  336]
Q_Learning:    53/  336]
Q_Learning:    54/  336]
Q_Learning:    55/  336]
Q_Learning:    56/  336]
Q_Learning:    57/  336]
Q_Learning:    58/  336]
Q_Learning:    59/  336]
Q_Learning:    60/  336]
Q_Learning:    61/  336]
Q_Learning:    62/  336]
Q_Learning:    63/  336]
Q_Learning:    64/  336]
Q_Learning:    65/  336]
Q_Learning:    66/  336]
Q_Learning:    67/  336]
Q_Learning:    68/  336]
Q_Learning:    69/  336]
Q_Learning:    70/  336]
Q_Learning:    71/  336]
Q_Learning:    72/  336]
Q_Learning:    73/  336]
Q_Learning:    74/  336]
Q_Learning:    75/  336]
Q_Learning:    76/  336]
Q_Learning:    77/  336]
Q_Learning:    78/  336]
Q_Learning:    79/  336]
Q_Learning:    80/  336]
Q_Learning:    81/  336]
Q_Learning:    82/  336]
Q_Learning:    83/  336]
Q_Learning:    84/  336]
Q_Learning:    85/  336]
Q_Learning:    86/  336]
Q_Learning:    87/  336]
Q_Learning:    88/  336]
Q_Learning:    89/  336]
Q_Learning:    90/  336]
Q_Learning:    91/  336]
Q_Learning:    92/  336]
Q_Learning:    93/  336]
Q_Learning:    94/  336]
Q_Learning:    95/  336]
Q_Learning:    96/  336]
Q_Learning:    97/  336]
Q_Learning:    98/  336]
Q_Learning:    99/  336]
Q_Learning:   100/  336]
Q_Learning:   101/  336]
Q_Learning:   102/  336]
Q_Learning:   103/  336]
Q_Learning:   104/  336]
Q_Learning:   105/  336]
Q_Learning:   106/  336]
Q_Learning:   107/  336]
Q_Learning:   108/  336]
Q_Learning:   109/  336]
Q_Learning:   110/  336]
Q_Learning:   111/  336]
Q_Learning:   112/  336]
Q_Learning:   113/  336]
Q_Learning:   114/  336]
Q_Learning:   115/  336]
Q_Learning:   116/  336]
Q_Learning:   117/  336]
Q_Learning:   118/  336]
Q_Learning:   119/  336]
Q_Learning:   120/  336]
Q_Learning:   121/  336]
Q_Learning:   122/  336]
Q_Learning:   123/  336]
Q_Learning:   124/  336]
Q_Learning:   125/  336]
Q_Learning:   126/  336]
Q_Learning:   127/  336]
Q_Learning:   128/  336]
Q_Learning:   129/  336]
Q_Learning:   130/  336]
Q_Learning:   131/  336]
Q_Learning:   132/  336]
Q_Learning:   133/  336]
Q_Learning:   134/  336]
Q_Learning:   135/  336]
Q_Learning:   136/  336]
Q_Learning:   137/  336]
Q_Learning:   138/  336]
Q_Learning:   139/  336]
Q_Learning:   140/  336]
Q_Learning:   141/  336]
Q_Learning:   142/  336]
Q_Learning:   143/  336]
Q_Learning:   144/  336]
Q_Learning:   145/  336]
Q_Learning:   146/  336]
Q_Learning:   147/  336]
Q_Learning:   148/  336]
Q_Learning:   149/  336]
Q_Learning:   150/  336]
Q_Learning:   151/  336]
Q_Learning:   152/  336]
Q_Learning:   153/  336]
Q_Learning:   154/  336]
Q_Learning:   155/  336]
Q_Learning:   156/  336]
Q_Learning:   157/  336]
Q_Learning:   158/  336]
Q_Learning:   159/  336]
Q_Learning:   160/  336]
Q_Learning:   161/  336]
Q_Learning:   162/  336]
Q_Learning:   163/  336]
Q_Learning:   164/  336]
Q_Learning:   165/  336]
Q_Learning:   166/  336]
Q_Learning:   167/  336]
Q_Learning:   168/  336]
Q_Learning:   169/  336]
Q_Learning:   170/  336]
Q_Learning:   171/  336]
Q_Learning:   172/  336]
Q_Learning:   173/  336]
Q_Learning:   174/  336]
Q_Learning:   175/  336]
Q_Learning:   176/  336]
Q_Learning:   177/  336]
Q_Learning:   178/  336]
Q_Learning:   179/  336]
Q_Learning:   180/  336]
Q_Learning:   181/  336]
Q_Learning:   182/  336]
Q_Learning:   183/  336]
Q_Learning:   184/  336]
Q_Learning:   185/  336]
Q_Learning:   186/  336]
Q_Learning:   187/  336]
Q_Learning:   188/  336]
Q_Learning:   189/  336]
Q_Learning:   190/  336]
Q_Learning:   191/  336]
Q_Learning:   192/  336]
Q_Learning:   193/  336]
Q_Learning:   194/  336]
Q_Learning:   195/  336]
Q_Learning:   196/  336]
Q_Learning:   197/  336]
Q_Learning:   198/  336]
Q_Learning:   199/  336]
Q_Learning:   200/  336]
Q_Learning:   201/  336]
Q_Learning:   202/  336]
Q_Learning:   203/  336]
Q_Learning:   204/  336]
Q_Learning:   205/  336]
Q_Learning:   206/  336]
Q_Learning:   207/  336]
Q_Learning:   208/  336]
Q_Learning:   209/  336]
Q_Learning:   210/  336]
Q_Learning:   211/  336]
Q_Learning:   212/  336]
Q_Learning:   213/  336]
Q_Learning:   214/  336]
Q_Learning:   215/  336]
Q_Learning:   216/  336]
Q_Learning:   217/  336]
Q_Learning:   218/  336]
Q_Learning:   219/  336]
Q_Learning:   220/  336]
Q_Learning:   221/  336]
Q_Learning:   222/  336]
Q_Learning:   223/  336]
Q_Learning:   224/  336]
Q_Learning:   225/  336]
Q_Learning:   226/  336]
Q_Learning:   227/  336]
Q_Learning:   228/  336]
Q_Learning:   229/  336]
Q_Learning:   230/  336]
Q_Learning:   231/  336]
Q_Learning:   232/  336]
Q_Learning:   233/  336]
Q_Learning:   234/  336]
Q_Learning:   235/  336]
Q_Learning:   236/  336]
Q_Learning:   237/  336]
Q_Learning:   238/  336]
Q_Learning:   239/  336]
Q_Learning:   240/  336]
Q_Learning:   241/  336]
Q_Learning:   242/  336]
Q_Learning:   243/  336]
Q_Learning:   244/  336]
Q_Learning:   245/  336]
Q_Learning:   246/  336]
Q_Learning:   247/  336]
Q_Learning:   248/  336]
Q_Learning:   249/  336]
Q_Learning:   250/  336]
Q_Learning:   251/  336]
Q_Learning:   252/  336]
Q_Learning:   253/  336]
Q_Learning:   254/  336]
Q_Learning:   255/  336]
Q_Learning:   256/  336]
Q_Learning:   257/  336]
Q_Learning:   258/  336]
Q_Learning:   259/  336]
Q_Learning:   260/  336]
Q_Learning:   261/  336]
Q_Learning:   262/  336]
Q_Learning:   263/  336]
Q_Learning:   264/  336]
Q_Learning:   265/  336]
Q_Learning:   266/  336]
Q_Learning:   267/  336]
Q_Learning:   268/  336]
Q_Learning:   269/  336]
Q_Learning:   270/  336]
Q_Learning:   271/  336]
Q_Learning:   272/  336]
Q_Learning:   273/  336]
Q_Learning:   274/  336]
Q_Learning:   275/  336]
Q_Learning:   276/  336]
Q_Learning:   277/  336]
Q_Learning:   278/  336]
Q_Learning:   279/  336]
Q_Learning:   280/  336]
Q_Learning:   281/  336]
Q_Learning:   282/  336]
Q_Learning:   283/  336]
Q_Learning:   284/  336]
Q_Learning:   285/  336]
Q_Learning:   286/  336]
Q_Learning:   287/  336]
Q_Learning:   288/  336]
Q_Learning:   289/  336]
Q_Learning:   290/  336]
Q_Learning:   291/  336]
Q_Learning:   292/  336]
Q_Learning:   293/  336]
Q_Learning:   294/  336]
Q_Learning:   295/  336]
Q_Learning:   296/  336]
Q_Learning:   297/  336]
Q_Learning:   298/  336]
Q_Learning:   299/  336]
Q_Learning:   300/  336]
Q_Learning:   301/  336]
Q_Learning:   302/  336]
Q_Learning:   303/  336]
Q_Learning:   304/  336]
Q_Learning:   305/  336]
Q_Learning:   306/  336]
Q_Learning:   307/  336]
Q_Learning:   308/  336]
Q_Learning:   309/  336]
Q_Learning:   310/  336]
Q_Learning:   311/  336]
Q_Learning:   312/  336]
Q_Learning:   313/  336]
Q_Learning:   314/  336]
Q_Learning:   315/  336]
Q_Learning:   316/  336]
Q_Learning:   317/  336]
Q_Learning:   318/  336]
Q_Learning:   319/  336]
Q_Learning:   320/  336]
Q_Learning:   321/  336]
Q_Learning:   322/  336]
Q_Learning:   323/  336]
Q_Learning:   324/  336]
Q_Learning:   325/  336]
Q_Learning:   326/  336]
Q_Learning:   327/  336]
Q_Learning:   328/  336]
Q_Learning:   329/  336]
Q_Learning:   330/  336]
Q_Learning:   331/  336]
Q_Learning:   332/  336]
Q_Learning:   333/  336]
Q_Learning:   334/  336]
Q_Learning:   335/  336]
Q_Learning:   336/  336]
Number of Samples after Autoencoder testing: 336
First Spike after testing: [0.53435206 0.16536509]
[0, 1, 0, 1, 0, 1, 2, 1, 1, 2, 0, 2, 0, 2, 0, 2, 0, 1, 1, 0, 2, 0, 1, 0, 0, 1, 0, 0, 2, 0, 1, 2, 1, 1, 0, 2, 1, 1, 1, 1, 2, 2, 0, 0, 2, 0, 0, 0, 2, 1, 0, 1, 1, 2, 1, 1, 1, 0, 1, 0, 1, 0, 2, 1, 2, 0, 1, 0, 1, 2, 1, 0, 1, 1, 0, 0, 1, 0, 2, 1, 2, 0, 2, 2, 1, 2, 2, 0, 0, 1, 2, 2, 2, 1, 0, 0, 0, 2, 1, 2, 2, 0, 1, 0, 1, 1, 1, 1, 1, 2, 2, 0, 2, 0, 0, 0, 1, 2, 1, 2, 2, 0, 2, 0, 0, 0, 2, 2, 1, 2, 0, 0, 0, 2, 0, 2, 0, 1, 0, 2, 2, 0, 2, 1, 2, 1, 2, 0, 1, 1, 2, 2, 2, 0, 1, 2, 2, 1, 2, 1, 2, 2, 1, 0, 0, 1, 2, 2, 1, 0, 0, 1, 1, 0, 1, 1, 1, 2, 1, 2, 2, 0, 0, 0, 2, 1, 0, 0, 0, 1, 0, 2, 0, 2, 1, 2, 1, 2, 0, 2, 0, 1, 1, 2, 2, 2, 2, 1, 0, 2, 1, 2, 2, 1, 2, 0, 1, 0, 2, 2, 1, 0, 1, 2, 0, 2, 2, 2, 2, 2, 1, 0, 1, 1, 0, 0, 2, 0, 1, 2, 1, 1, 1, 0, 0, 0, 1, 2, 1, 0, 0, 0, 2, 1, 1, 2, 2, 0, 1, 2, 2, 0, 1, 2, 2, 0, 1, 1, 2, 0, 1, 2, 0, 2, 0, 1, 2, 0, 0, 1, 0, 2, 1, 0, 2, 2, 1, 2, 0, 0, 1, 0, 1, 2, 0, 1, 2, 1, 1, 0, 0, 0, 2, 2, 2, 1, 0, 2, 0, 2, 2, 0, 0, 1, 2, 0, 1, 2, 0, 0, 1, 2, 0, 1, 1, 1, 0, 2, 1, 1, 0, 1, 1, 1, 1, 0]
[0, 1, 0, 2, 0, 2, 3, 2, 2, 3, 0, 3, 0, 3, 0, 3, 0, 2, 2, 0, 3, 0, 2, 0, 0, 2, 0, 1, 3, 0, 2, 3, 2, 2, 0, 3, 2, 2, 2, 2, 3, 3, 0, 0, 3, 0, 0, 0, 3, 2, 0, 2, 2, 3, 2, 2, 2, 0, 2, 0, 2, 0, 3, 2, 3, 0, 2, 0, 2, 3, 2, 0, 2, 2, 0, 0, 2, 0, 3, 4, 5, 0, 3, 3, 2, 5, 3, 0, 0, 2, 3, 3, 3, 2, 0, 0, 0, 3, 2, 3, 3, 0, 2, 0, 2, 2, 2, 2, 2, 3, 3, 0, 3, 0, 0, 0, 2, 3, 2, 3, 3, 0, 3, 0, 0, 0, 3, 3, 2, 3, 0, 0, 0, 3, 0, 3, 0, 2, 0, 3, 3, 0, 3, 2, 3, 2, 3, 0, 2, 2, 3, 3, 3, 0, 2, 3, 3, 2, 3, 2, 3, 3, 2, 0, 0, 2, 3, 3, 2, 0, 0, 2, 2, 0, 2, 2, 2, 6, 2, 3, 3, 0, 0, 0, 3, 2, 0, 0, 0, 2, 0, 3, 0, 3, 2, 3, 2, 3, 0, 3, 0, 2, 2, 3, 3, 3, 3, 2, 0, 3, 2, 3, 3, 2, 3, 0, 2, 0, 3, 3, 2, 0, 2, 3, 0, 3, 3, 3, 3, 3, 3, 0, 2, 4, 5, 0, 3, 0, 2, 3, 2, 2, 2, 0, 0, 0, 2, 6, 2, 6, 0, 0, 3, 2, 2, 3, 3, 0, 2, 3, 3, 3, 1, 3, 3, 0, 2, 2, 3, 0, 2, 3, 0, 3, 0, 2, 3, 0, 0, 7, 0, 3, 2, 0, 3, 3, 7, 3, 0, 0, 2, 0, 2, 3, 0, 2, 3, 2, 2, 0, 0, 0, 3, 3, 3, 2, 0, 3, 0, 3, 3, 0, 0, 2, 3, 0, 2, 3, 0, 0, 2, 3, 0, 2, 2, 2, 0, 5, 2, 2, 0, 2, 2, 2, 2, 0]
Centroids: [[0.57602763, 0.2677356], [-1.0666662, -0.76195955], [0.2938823, -0.40031138]]
Centroids: [[0.58126885, 0.26475772], [-0.6138533, 0.39613628], [-1.0523587, -0.7939899], [0.27085742, -0.43966633], [-1.1237265, -1.4887351], [1.2584081, -0.07654796], [-0.516289, 1.2071248], [-1.6317703, 0.4741384]]
Contingency Matrix: 
[[109   1   0   1   0   1   1   0]
 [  0   2 105   1   2   0   0   2]
 [  0   0   0 106   0   3   2   0]]
[[-1, -1, -1, -1, -1, -1, -1, -1], [-1, 2, 105, 1, 2, 0, 0, 2], [-1, 0, 0, 106, 0, 3, 2, 0]]
[[-1, -1, -1, -1, -1, -1, -1, -1], [-1, 2, 105, -1, 2, 0, 0, 2], [-1, -1, -1, -1, -1, -1, -1, -1]]
[[-1, -1, -1, -1, -1, -1, -1, -1], [-1, -1, -1, -1, -1, -1, -1, -1], [-1, -1, -1, -1, -1, -1, -1, -1]]
Match_Labels: {0: 0, 2: 3, 1: 2}
New Contingency Matrix: 
[[109   0   1   1   0   1   1   0]
 [  0 105   1   2   2   0   0   2]
 [  0   0 106   0   0   3   2   0]]
New Clustered Label Sequence: [0, 2, 3, 1, 4, 5, 6, 7]
Diagonal_Elements: [109, 105, 106], Sum: 320
All_Elements: [109, 0, 1, 1, 0, 1, 1, 0, 0, 105, 1, 2, 2, 0, 0, 2, 0, 0, 106, 0, 0, 3, 2, 0], Sum: 336
Accuracy: 0.9523809523809523
Done!
