Seed: 7
Experiment_path: AE_Model_2/Random_Seeds_DV5//V5_3/Experiment_05_7_opt_temp_noisy
Dataset_Path: ../_00_Datasets/03_SimDaten_Quiroga2020/C_Easy2_noise020.mat
Dataset_name: ['03_SimDaten_Quiroga2020', 'C_Easy2_noise020.mat']
Variant_name: Variant_05_Online_Autoencoder_QLearning_opt_temp_noisy
Visualisation_Path: AE_Model_2/Random_Seeds_DV5//V5_3/Experiment_05_7_opt_temp_noisy/C_Easy2_noise020.mat/Variant_05_Online_Autoencoder_QLearning_opt_temp_noisy/2023_04_24-15_57_26
Normalisation: False
Template Matching: True
Optimising Autoencoder: True
Update Factor: 1
Noisy Batches: True
Noisy Factor: 0.1
Epochs: 8
Batch Size: 1
maximal Spikes for Autoencoder Training : 700
maximal Spikes for Training: 1000
Input Size: 47
Chosen Model: Convolutional Autoencoder
ConvolutionalAutoencoder(
  (encoder): Sequential(
    (0): Conv1d(1, 6, kernel_size=(6,), stride=(1,))
    (1): LeakyReLU(negative_slope=0.01)
    (2): Conv1d(6, 1, kernel_size=(6,), stride=(1,))
    (3): Flatten(start_dim=1, end_dim=-1)
    (4): Linear(in_features=37, out_features=2, bias=True)
  )
  (decoder): Sequential(
    (0): ConvTranspose1d(1, 6, kernel_size=(6,), stride=(1,))
    (1): LeakyReLU(negative_slope=0.01)
    (2): ConvTranspose1d(6, 1, kernel_size=(6,), stride=(1,))
    (3): Flatten(start_dim=1, end_dim=-1)
    (4): Linear(in_features=12, out_features=47, bias=True)
  )
)
MSELoss()
Adam (
Parameter Group 0
    amsgrad: False
    betas: (0.9, 0.999)
    capturable: False
    differentiable: False
    eps: 1e-08
    foreach: None
    fused: False
    lr: 0.001
    maximize: False
    weight_decay: 0
)
---Q Learning Parameters---
Normalisation: False
Punishment Coefficient: 1.1
Alpha: 0.8
Epsilon: 0.01
Gamma: 0.97
Initial Episode Number: 0
Episode Number Coefficient: 1.4
Number of Random Features: 20
Planning Number: 20
Max Random Features: 60
New Episode Number: 72
New Episode Number: 143
New Episode Number: 215
New Episode Number: 286
New Episode Number: 358
New Episode Number: 429
New Episode Number: 500
New Episode Number: 572
New Episode Number: 643
                 0     1      2      3      4      5      6      7     8      9
new_cluster -12.94 -8.35 -19.69 -12.07 -24.91 -10.69 -11.72 -12.22 -9.02 -30.81
c1          -13.12 -9.29 -19.16 -11.70 -25.48 -10.86 -12.15 -11.88 -8.86 -28.29
c2          -13.12 -8.75 -18.66 -11.49 -25.82 -11.41 -11.29 -11.60 -8.78 -30.05
c3          -12.94 -8.64 -19.00 -11.34 -26.77 -10.71 -12.14 -10.71 -8.93 -30.06
c4          -12.98 -8.48 -18.74 -12.51 -24.58 -11.13 -11.44 -11.64 -8.93 -29.82
c5          -12.94 -9.17 -19.10 -12.27 -24.68 -11.01 -11.78 -11.82 -8.78 -27.78
c6          -13.21 -9.01 -18.79 -11.46 -28.85 -10.75 -11.81 -11.97 -8.89 -27.33
c7          -12.94 -8.86 -20.24 -12.19 -25.04 -10.17 -12.23 -10.96 -9.64 -28.49
c8          -12.95 -9.07 -18.96 -11.84 -27.87 -11.81 -11.63 -12.52 -8.93 -28.24
c9          -12.95 -8.29 -20.40 -11.86 -25.56 -11.04 -11.98 -11.81 -8.92   0.00
\begin{tabular}{lrrrrrrrrrr}
\toprule
{} &      0 &     1 &      2 &      3 &      4 &      5 &      6 &      7 &     8 &      9 \\
\midrule
new\_cluster & -12.94 & -8.35 & -19.69 & -12.07 & -24.91 & -10.69 & -11.72 & -12.22 & -9.02 & -30.81 \\
c1          & -13.12 & -9.29 & -19.16 & -11.70 & -25.48 & -10.86 & -12.15 & -11.88 & -8.86 & -28.29 \\
c2          & -13.12 & -8.75 & -18.66 & -11.49 & -25.82 & -11.41 & -11.29 & -11.60 & -8.78 & -30.05 \\
c3          & -12.94 & -8.64 & -19.00 & -11.34 & -26.77 & -10.71 & -12.14 & -10.71 & -8.93 & -30.06 \\
c4          & -12.98 & -8.48 & -18.74 & -12.51 & -24.58 & -11.13 & -11.44 & -11.64 & -8.93 & -29.82 \\
c5          & -12.94 & -9.17 & -19.10 & -12.27 & -24.68 & -11.01 & -11.78 & -11.82 & -8.78 & -27.78 \\
c6          & -13.21 & -9.01 & -18.79 & -11.46 & -28.85 & -10.75 & -11.81 & -11.97 & -8.89 & -27.33 \\
c7          & -12.94 & -8.86 & -20.24 & -12.19 & -25.04 & -10.17 & -12.23 & -10.96 & -9.64 & -28.49 \\
c8          & -12.95 & -9.07 & -18.96 & -11.84 & -27.87 & -11.81 & -11.63 & -12.52 & -8.93 & -28.24 \\
c9          & -12.95 & -8.29 & -20.40 & -11.86 & -25.56 & -11.04 & -11.98 & -11.81 & -8.92 &   0.00 \\
\bottomrule
\end{tabular}

                                0            1  ...            8             9
new_cluster  [-4.84, new_cluster]  [-0.38, c1]  ...  [-0.66, c8]  [-30.81, c9]
c1           [-4.84, new_cluster]  [-0.66, c1]  ...   [-0.4, c8]  [-28.29, c9]
c2           [-4.84, new_cluster]  [-0.28, c1]  ...  [-0.42, c8]  [-30.05, c9]
c3           [-4.84, new_cluster]  [-0.14, c1]  ...  [-0.56, c8]  [-30.06, c9]
c4           [-4.84, new_cluster]  [-0.39, c1]  ...  [-0.57, c8]  [-29.82, c9]
c5           [-4.84, new_cluster]  [-0.61, c1]  ...  [-0.42, c8]  [-27.78, c9]
c6           [-4.84, new_cluster]  [-0.31, c1]  ...  [-0.52, c8]  [-27.33, c9]
c7           [-4.84, new_cluster]  [-0.29, c1]  ...  [-0.74, c8]  [-28.49, c9]
c8           [-4.84, new_cluster]  [-0.42, c1]  ...  [-0.42, c8]  [-28.24, c9]
c9           [-4.84, new_cluster]  [-0.27, c1]  ...  [-0.79, c8]         [0, ]

[10 rows x 10 columns]
\begin{tabular}{lllllllllll}
\toprule
{} &                     0 &            1 &             2 &            3 &             4 &            5 &            6 &            7 &            8 &             9 \\
\midrule
new\_cluster &  [-4.84, new\_cluster] &  [-0.38, c1] &  [-11.49, c2] &  [-3.61, c3] &  [-16.68, c4] &   [-2.3, c5] &   [-3.2, c6] &  [-3.64, c7] &  [-0.66, c8] &  [-30.81, c9] \\
c1          &  [-4.84, new\_cluster] &  [-0.66, c1] &  [-10.74, c2] &  [-3.67, c3] &  [-17.19, c4] &  [-2.49, c5] &  [-3.56, c6] &  [-3.38, c7] &   [-0.4, c8] &  [-28.29, c9] \\
c2          &  [-4.84, new\_cluster] &  [-0.28, c1] &  [-10.38, c2] &  [-3.18, c3] &  [-17.48, c4] &  [-2.91, c5] &  [-2.86, c6] &  [-3.11, c7] &  [-0.42, c8] &  [-30.05, c9] \\
c3          &  [-4.84, new\_cluster] &  [-0.14, c1] &  [-10.81, c2] &   [-3.0, c3] &  [-18.42, c4] &  [-2.33, c5] &  [-3.62, c6] &  [-2.29, c7] &  [-0.56, c8] &  [-30.06, c9] \\
c4          &  [-4.84, new\_cluster] &  [-0.39, c1] &   [-10.3, c2] &   [-4.2, c3] &  [-16.34, c4] &  [-2.61, c5] &  [-3.11, c6] &   [-3.2, c7] &  [-0.57, c8] &  [-29.82, c9] \\
c5          &  [-4.84, new\_cluster] &  [-0.61, c1] &  [-10.63, c2] &  [-3.91, c3] &  [-15.87, c4] &  [-2.51, c5] &  [-3.34, c6] &  [-3.24, c7] &  [-0.42, c8] &  [-27.78, c9] \\
c6          &  [-4.84, new\_cluster] &  [-0.31, c1] &   [-10.4, c2] &  [-3.14, c3] &  [-20.56, c4] &  [-2.24, c5] &  [-3.32, c6] &  [-3.33, c7] &  [-0.52, c8] &  [-27.33, c9] \\
c7          &  [-4.84, new\_cluster] &  [-0.29, c1] &  [-12.04, c2] &  [-3.83, c3] &  [-16.82, c4] &  [-1.67, c5] &  [-3.74, c6] &  [-2.47, c7] &  [-0.74, c8] &  [-28.49, c9] \\
c8          &  [-4.84, new\_cluster] &  [-0.42, c1] &  [-10.85, c2] &  [-3.48, c3] &  [-19.65, c4] &  [-3.02, c5] &  [-3.11, c6] &  [-3.92, c7] &  [-0.42, c8] &  [-28.24, c9] \\
c9          &  [-4.84, new\_cluster] &  [-0.27, c1] &  [-11.91, c2] &  [-3.48, c3] &  [-17.33, c4] &  [-2.53, c5] &  [-3.38, c6] &   [-3.3, c7] &  [-0.79, c8] &         [0, ] \\
\bottomrule
\end{tabular}

