Seed: 3
Experiment_path: Random_Seeds_DV5//V5_3/Experiment_05_3_opt_temp_noisy
Dataset_Path: ../_00_Datasets/03_SimDaten_Quiroga2020/C_Difficult1_noise020.mat
Dataset_name: ['03_SimDaten_Quiroga2020', 'C_Difficult1_noise020.mat']
Variant_name: Variant_05_Online_Autoencoder_QLearning_opt_temp_noisy
Visualisation_Path: Random_Seeds_DV5//V5_3/Experiment_05_3_opt_temp_noisy/C_Difficult1_noise020.mat/Variant_05_Online_Autoencoder_QLearning_opt_temp_noisy/2023_04_05-09_41_40
Normalisation: False
Template Matching: True
Optimising Autoencoder: True
Update Factor: 100
Noisy Batches: True
Noisy Factor: 0.1
Epochs: 8
Batch Size: 1
maximal Spikes for Autoencoder Training : 700
maximal Spikes for Training: 1000
Input Size: 47
Chosen Model: Autoencoder
Autoencoder(
  (encoder): Sequential(
    (0): Linear(in_features=47, out_features=12, bias=True)
    (1): LeakyReLU(negative_slope=0.01)
    (2): Linear(in_features=12, out_features=2, bias=True)
  )
  (decoder): Sequential(
    (0): Linear(in_features=2, out_features=12, bias=True)
    (1): LeakyReLU(negative_slope=0.01)
    (2): Linear(in_features=12, out_features=47, bias=True)
  )
)
MSELoss()
Adam (
Parameter Group 0
    amsgrad: False
    betas: (0.9, 0.999)
    capturable: False
    differentiable: False
    eps: 1e-08
    foreach: None
    fused: False
    lr: 0.001
    maximize: False
    weight_decay: 0
)
---Q Learning Parameters---
Normalisation: False
Punishment Coefficient: 0.39
Alpha: 0.8
Epsilon: 0.01
Gamma: 0.97
Initial Episode Number: 0
Episode Number Coefficient: 1.4
Number of Random Features: 20
Planning Number: 20
Max Random Features: 60
New Episode Number: 72
New Episode Number: 143
New Episode Number: 215
New Episode Number: 286
New Episode Number: 358
New Episode Number: 429
New Episode Number: 500
New Episode Number: 572
New Episode Number: 643
New Episode Number: 715
               0     1     2     3     4     5     6     7     8     9     10
new_cluster -1.55 -1.37 -1.63 -0.99 -1.71 -2.34 -1.25 -1.60 -1.75 -3.15 -1.57
c1          -1.57 -1.31 -1.54 -0.96 -1.68 -2.24 -1.33 -1.64 -1.50 -3.15 -1.57
c2          -1.55 -1.43 -1.58 -1.00 -1.60 -2.39 -1.28 -1.57 -1.58 -3.15 -1.57
c3          -1.55 -1.46 -1.30 -1.01 -1.63 -2.51 -1.24 -1.54 -1.82 -3.15 -1.57
c4          -1.55 -1.44 -1.57 -0.98 -1.65 -2.47 -1.34 -1.67 -1.57 -3.15 -1.57
c5          -1.55 -1.53 -1.62 -0.94 -1.60 -2.39 -1.38 -1.65 -1.71 -3.15 -1.57
c6          -1.56 -1.54 -1.56 -1.02 -1.72 -2.56 -1.32 -1.55 -1.74 -3.15 -1.57
c7          -1.55 -1.46 -1.44 -0.96 -1.60 -2.34 -1.22 -1.55 -1.66 -3.15 -1.57
c8          -1.48 -1.44 -1.48 -0.99 -1.67 -2.39 -1.47 -1.54 -1.69 -3.15 -1.57
c9          -1.54 -1.40 -1.54 -1.00 -1.60 -2.31 -1.21 -1.57 -1.63  0.00  0.00
c10         -1.50 -1.60 -1.73 -0.95 -1.65 -2.40 -1.12 -1.48 -1.85  0.00  0.00
                               0            1   ...           9             10
new_cluster  [-0.61, new_cluster]  [-0.45, c1]  ...  [-3.15, c9]  [-1.57, c10]
c1           [-0.61, new_cluster]  [-0.38, c1]  ...  [-3.15, c9]  [-1.57, c10]
c2           [-0.61, new_cluster]  [-0.52, c1]  ...  [-3.15, c9]  [-1.57, c10]
c3           [-0.61, new_cluster]  [-0.53, c1]  ...  [-3.15, c9]  [-1.57, c10]
c4           [-0.61, new_cluster]  [-0.53, c1]  ...  [-3.15, c9]  [-1.57, c10]
c5           [-0.61, new_cluster]  [-0.67, c1]  ...  [-3.15, c9]  [-1.57, c10]
c6           [-0.61, new_cluster]  [-0.62, c1]  ...  [-3.15, c9]  [-1.57, c10]
c7           [-0.61, new_cluster]  [-0.55, c1]  ...  [-3.15, c9]  [-1.57, c10]
c8           [-0.61, new_cluster]  [-0.53, c1]  ...  [-3.15, c9]  [-1.57, c10]
c9           [-0.61, new_cluster]  [-0.54, c1]  ...        [0, ]         [0, ]
c10          [-0.61, new_cluster]  [-0.66, c1]  ...        [0, ]         [0, ]

[11 rows x 11 columns]
