Seed: 0
Experiment_path: Experiment_05
Dataset_Path: ../_00_Datasets/03_SimDaten_Quiroga2020/C_Difficult2_noise010.mat
Dataset_name: ['03_SimDaten_Quiroga2020', 'C_Difficult2_noise010.mat']
Variant_name: Variant_05_Online_Autoencoder_QLearning
Visualisation_Path: AE_Model_2/Epochs_GS_PC//V5_2/C_Difficult2_noise010.mat/Variant_05_Online_Autoencoder_QLearning/0.4
Normalisation: False
Template Matching: False
Optimising Autoencoder: False
Update Factor: 1
Noisy Batches: False
Noisy Factor: 0.001
Epochs: 2
Batch Size: 1
maximal Spikes for Autoencoder Training : 700
maximal Spikes for Training: 1000
Input Size: 47
Chosen Model: Convolutional Autoencoder
ConvolutionalAutoencoder(
  (encoder): Sequential(
    (0): Conv1d(1, 6, kernel_size=(6,), stride=(1,))
    (1): LeakyReLU(negative_slope=0.01)
    (2): Conv1d(6, 1, kernel_size=(6,), stride=(1,))
    (3): Flatten(start_dim=1, end_dim=-1)
    (4): Linear(in_features=37, out_features=2, bias=True)
  )
  (decoder): Sequential(
    (0): ConvTranspose1d(1, 6, kernel_size=(6,), stride=(1,))
    (1): LeakyReLU(negative_slope=0.01)
    (2): ConvTranspose1d(6, 1, kernel_size=(6,), stride=(1,))
    (3): Flatten(start_dim=1, end_dim=-1)
    (4): Linear(in_features=12, out_features=47, bias=True)
  )
)
MSELoss()
Adam (
Parameter Group 0
    amsgrad: False
    betas: (0.9, 0.999)
    capturable: False
    differentiable: False
    eps: 1e-08
    foreach: None
    fused: False
    lr: 0.001
    maximize: False
    weight_decay: 0
)
---Q Learning Parameters---
Normalisation: False
Punishment Coefficient: 0.4
Alpha: 0.8
Epsilon: 0.01
Gamma: 0.97
Initial Episode Number: 0
Episode Number Coefficient: 1.4
Number of Random Features: 20
Planning Number: 20
Max Random Features: 60
New Episode Number: 72
New Episode Number: 143
New Episode Number: 215
New Episode Number: 286
New Episode Number: 358
New Episode Number: 429
New Episode Number: 500
New Episode Number: 572
New Episode Number: 643
New Episode Number: 715
New Episode Number: 786
New Episode Number: 858
New Episode Number: 929
New Episode Number: 1000
New Episode Number: 1072
New Episode Number: 1143
New Episode Number: 1215
New Episode Number: 1286
New Episode Number: 1358
New Episode Number: 1429
New Episode Number: 1501
               0      1     2      3     4   ...     17    18     19    20     21
new_cluster -3.17 -21.90 -2.61 -20.42 -2.99  ... -15.51 -4.24 -44.26 -4.77 -56.04
c1          -3.17 -22.86 -2.63 -21.27 -2.86  ... -15.42 -4.24 -44.26 -4.77 -56.07
c2          -3.17 -21.97 -2.74 -21.56 -3.07  ... -15.34 -4.24 -44.30 -4.77 -56.14
c3          -3.18 -22.47 -2.58 -21.74 -3.18  ... -15.56 -4.25 -44.39 -4.76 -56.15
c4          -3.17 -21.56 -2.62 -21.84 -3.06  ... -15.21 -4.24 -44.27 -4.82 -56.06
c5          -3.17 -22.04 -2.69 -21.79 -3.04  ... -15.47 -4.24 -44.26 -4.82 -56.07
c6          -3.24 -21.11 -2.54 -20.26 -3.03  ... -15.55 -4.24 -44.26 -4.77 -56.04
c7          -3.15 -22.15 -2.69 -21.51 -2.94  ... -15.80 -4.24 -44.37 -4.77 -56.08
c8          -3.17 -22.12 -2.65 -20.29 -2.92  ... -15.22 -4.24 -44.36 -4.76 -56.16
c9          -3.14 -22.27 -2.67 -21.08 -3.09  ... -15.39 -4.24 -44.27 -4.76 -56.15
c10         -3.17 -22.44 -2.69 -20.58 -2.95  ... -15.39 -4.24 -44.37 -4.78 -56.15
c11         -3.17 -21.78 -2.55 -20.78 -2.93  ... -15.68 -4.25 -44.26 -4.81 -56.04
c12         -3.17 -21.65 -2.59 -21.51 -3.22  ... -15.24 -4.25 -44.23 -4.76 -56.05
c13         -3.17 -22.58 -2.58 -21.27 -3.12  ... -15.73 -4.24 -44.27 -4.76 -56.15
c14         -3.17 -21.53 -2.60 -20.91 -3.00  ... -15.41 -4.24 -44.25 -4.76 -56.15
c15         -3.17 -22.22 -2.61 -21.51 -3.02  ... -15.54 -4.25 -44.37 -4.76 -56.15
c16         -3.17 -21.74 -2.74 -21.42 -2.95  ... -15.45 -4.24 -44.26 -4.76 -56.15
c17         -3.17 -21.31 -2.62 -21.62 -2.92  ... -15.72 -4.24 -44.26 -4.82 -56.17
c18         -3.17 -21.62 -2.65 -20.58 -2.99  ... -15.82 -4.24 -44.26 -4.76 -56.17
c19         -3.14 -22.25 -2.67 -20.72 -2.96  ... -15.39 -4.24 -44.27 -4.77 -56.04
c20         -3.17 -21.88 -2.62 -20.62 -2.94  ... -15.38 -4.24 -44.26 -4.76 -56.17
c21         -3.16 -22.24 -2.71 -21.44 -2.91  ... -15.61 -4.24 -44.37 -4.76 -56.17

[22 rows x 22 columns]
\begin{tabular}{lrrrrrrrrrrrrrrrrrrrrrr}
\toprule
{} &    0  &     1  &    2  &     3  &    4  &     5  &     6  &     7  &    8  &     9  &     10 &     11 &    12 &     13 &     14 &    15 &     16 &     17 &    18 &     19 &    20 &     21 \\
\midrule
new\_cluster & -3.17 & -21.90 & -2.61 & -20.42 & -2.99 & -37.84 & -19.08 & -12.57 & -3.27 & -34.54 & -43.74 & -26.69 & -4.51 & -13.88 & -25.95 & -8.94 & -36.32 & -15.51 & -4.24 & -44.26 & -4.77 & -56.04 \\
c1          & -3.17 & -22.86 & -2.63 & -21.27 & -2.86 & -36.71 & -18.76 & -14.40 & -3.52 & -34.62 & -43.29 & -26.58 & -4.38 & -13.76 & -26.59 & -8.97 & -36.39 & -15.42 & -4.24 & -44.26 & -4.77 & -56.07 \\
c2          & -3.17 & -21.97 & -2.74 & -21.56 & -3.07 & -36.94 & -18.30 & -17.94 & -3.31 & -35.42 & -43.50 & -26.42 & -4.56 & -13.85 & -25.97 & -8.98 & -36.39 & -15.34 & -4.24 & -44.30 & -4.77 & -56.14 \\
c3          & -3.18 & -22.47 & -2.58 & -21.74 & -3.18 & -37.77 & -18.86 & -12.50 & -3.45 & -35.92 & -43.71 & -25.94 & -4.53 & -13.85 & -26.15 & -8.97 & -36.32 & -15.56 & -4.25 & -44.39 & -4.76 & -56.15 \\
c4          & -3.17 & -21.56 & -2.62 & -21.84 & -3.06 & -38.59 & -19.09 & -13.73 & -3.51 & -34.15 & -43.90 & -26.49 & -4.56 & -13.85 & -26.46 & -8.95 & -36.34 & -15.21 & -4.24 & -44.27 & -4.82 & -56.06 \\
c5          & -3.17 & -22.04 & -2.69 & -21.79 & -3.04 & -37.01 & -18.31 & -13.92 & -3.48 & -35.83 & -43.97 & -26.06 & -4.50 & -13.75 & -26.40 & -9.03 & -36.31 & -15.47 & -4.24 & -44.26 & -4.82 & -56.07 \\
c6          & -3.24 & -21.11 & -2.54 & -20.26 & -3.03 & -37.71 & -18.78 & -16.96 & -3.36 & -35.45 & -44.47 & -26.22 & -4.65 & -13.75 & -25.57 & -8.96 & -36.34 & -15.55 & -4.24 & -44.26 & -4.77 & -56.04 \\
c7          & -3.15 & -22.15 & -2.69 & -21.51 & -2.94 & -37.51 & -18.90 & -16.57 & -3.25 & -35.00 & -44.60 & -26.77 & -4.31 & -13.75 & -25.86 & -8.94 & -36.34 & -15.80 & -4.24 & -44.37 & -4.77 & -56.08 \\
c8          & -3.17 & -22.12 & -2.65 & -20.29 & -2.92 & -37.57 & -18.58 & -16.22 & -3.41 & -35.07 & -43.88 & -25.62 & -4.75 & -13.85 & -26.79 & -8.97 & -36.32 & -15.22 & -4.24 & -44.36 & -4.76 & -56.16 \\
c9          & -3.14 & -22.27 & -2.67 & -21.08 & -3.09 & -37.69 & -18.43 & -14.87 & -3.32 & -35.97 & -44.25 & -26.23 & -4.38 & -13.87 & -26.33 & -8.97 & -36.37 & -15.39 & -4.24 & -44.27 & -4.76 & -56.15 \\
c10         & -3.17 & -22.44 & -2.69 & -20.58 & -2.95 & -36.48 & -18.89 & -13.74 & -3.35 & -35.19 & -44.51 & -26.33 & -4.38 & -13.87 & -25.58 & -8.95 & -36.31 & -15.39 & -4.24 & -44.37 & -4.78 & -56.15 \\
c11         & -3.17 & -21.78 & -2.55 & -20.78 & -2.93 & -36.57 & -18.98 & -16.53 & -3.41 & -34.26 & -44.80 & -26.36 & -4.47 & -13.87 & -25.35 & -8.97 & -36.26 & -15.68 & -4.25 & -44.26 & -4.81 & -56.04 \\
c12         & -3.17 & -21.65 & -2.59 & -21.51 & -3.22 & -37.76 & -18.26 & -17.20 & -3.50 & -34.73 & -44.98 & -27.11 & -4.36 & -13.85 & -26.07 & -8.94 & -36.31 & -15.24 & -4.25 & -44.23 & -4.76 & -56.05 \\
c13         & -3.17 & -22.58 & -2.58 & -21.27 & -3.12 & -38.27 & -18.47 & -16.51 & -3.50 & -35.60 & -44.73 & -26.98 & -4.44 & -13.88 & -26.86 & -8.95 & -36.39 & -15.73 & -4.24 & -44.27 & -4.76 & -56.15 \\
c14         & -3.17 & -21.53 & -2.60 & -20.91 & -3.00 & -38.03 & -18.33 & -14.23 & -3.39 & -35.69 & -44.00 & -26.67 & -4.53 & -13.75 & -26.09 & -8.92 & -36.37 & -15.41 & -4.24 & -44.25 & -4.76 & -56.15 \\
c15         & -3.17 & -22.22 & -2.61 & -21.51 & -3.02 & -37.65 & -19.13 & -13.56 & -3.50 & -35.62 & -43.46 & -27.01 & -4.63 & -13.75 & -25.71 & -8.95 & -36.33 & -15.54 & -4.25 & -44.37 & -4.76 & -56.15 \\
c16         & -3.17 & -21.74 & -2.74 & -21.42 & -2.95 & -37.05 & -19.06 & -13.37 & -3.48 & -34.43 & -44.22 & -25.67 & -4.52 & -13.75 & -26.53 & -8.96 & -36.35 & -15.45 & -4.24 & -44.26 & -4.76 & -56.15 \\
c17         & -3.17 & -21.31 & -2.62 & -21.62 & -2.92 & -37.29 & -18.05 & -15.42 & -3.21 & -35.14 & -43.99 & -27.98 & -4.54 & -13.85 & -25.02 & -8.97 & -36.39 & -15.72 & -4.24 & -44.26 & -4.82 & -56.17 \\
c18         & -3.17 & -21.62 & -2.65 & -20.58 & -2.99 & -37.88 & -18.35 & -13.33 & -3.26 & -35.37 & -43.23 & -26.85 & -4.40 & -13.85 & -26.24 & -9.03 & -36.40 & -15.82 & -4.24 & -44.26 & -4.76 & -56.17 \\
c19         & -3.14 & -22.25 & -2.67 & -20.72 & -2.96 & -37.54 & -18.31 & -16.24 & -3.52 & -35.45 & -44.26 & -26.92 & -4.36 & -13.85 & -26.03 & -8.90 & -36.23 & -15.39 & -4.24 & -44.27 & -4.77 & -56.04 \\
c20         & -3.17 & -21.88 & -2.62 & -20.62 & -2.94 & -37.78 & -18.74 & -16.60 & -3.44 & -35.09 & -43.98 & -27.35 & -4.47 & -13.85 & -25.85 & -8.97 & -36.32 & -15.38 & -4.24 & -44.26 & -4.76 & -56.17 \\
c21         & -3.16 & -22.24 & -2.71 & -21.44 & -2.91 & -37.14 & -17.68 & -13.08 & -3.34 & -34.34 & -43.98 & -26.90 & -4.39 & -13.75 & -25.95 & -8.97 & -36.32 & -15.61 & -4.24 & -44.37 & -4.76 & -56.17 \\
\bottomrule
\end{tabular}

                               0             1   ...            20             21
new_cluster  [-0.64, new_cluster]   [-19.5, c1]  ...  [-2.22, c20]  [-53.55, c21]
c1           [-0.64, new_cluster]  [-20.32, c1]  ...  [-2.22, c20]  [-53.55, c21]
c2           [-0.64, new_cluster]  [-19.43, c1]  ...  [-2.22, c20]  [-53.55, c21]
c3           [-0.64, new_cluster]  [-19.91, c1]  ...  [-2.22, c20]  [-53.55, c21]
c4           [-0.64, new_cluster]  [-19.01, c1]  ...  [-2.22, c20]  [-53.55, c21]
c5           [-0.64, new_cluster]  [-19.55, c1]  ...  [-2.22, c20]  [-53.55, c21]
c6           [-0.64, new_cluster]  [-18.56, c1]  ...  [-2.22, c20]  [-53.55, c21]
c7           [-0.64, new_cluster]  [-19.59, c1]  ...  [-2.22, c20]  [-53.55, c21]
c8           [-0.64, new_cluster]  [-19.56, c1]  ...  [-2.22, c20]  [-53.55, c21]
c9           [-0.64, new_cluster]   [-19.7, c1]  ...  [-2.22, c20]  [-53.55, c21]
c10          [-0.64, new_cluster]  [-19.89, c1]  ...  [-2.22, c20]  [-53.55, c21]
c11          [-0.64, new_cluster]  [-19.24, c1]  ...  [-2.22, c20]  [-53.55, c21]
c12          [-0.64, new_cluster]  [-19.11, c1]  ...  [-2.22, c20]  [-53.55, c21]
c13          [-0.64, new_cluster]  [-20.09, c1]  ...  [-2.22, c20]  [-53.55, c21]
c14          [-0.64, new_cluster]  [-18.95, c1]  ...  [-2.22, c20]  [-53.55, c21]
c15          [-0.64, new_cluster]  [-19.75, c1]  ...  [-2.22, c20]  [-53.55, c21]
c16          [-0.64, new_cluster]  [-19.18, c1]  ...  [-2.22, c20]  [-53.55, c21]
c17          [-0.64, new_cluster]  [-18.75, c1]  ...  [-2.22, c20]  [-53.55, c21]
c18          [-0.64, new_cluster]  [-19.07, c1]  ...  [-2.22, c20]  [-53.55, c21]
c19          [-0.64, new_cluster]  [-19.69, c1]  ...  [-2.22, c20]  [-53.55, c21]
c20          [-0.64, new_cluster]  [-19.41, c1]  ...  [-2.22, c20]  [-53.55, c21]
c21          [-0.64, new_cluster]  [-19.71, c1]  ...  [-2.22, c20]  [-53.55, c21]

[22 rows x 22 columns]
\begin{tabular}{lllllllllllllllllllllll}
\toprule
{} &                    0  &            1  &           2  &            3  &           4  &            5  &            6  &            7  &           8  &            9  &             10 &             11 &            12 &             13 &             14 &            15 &             16 &             17 &            18 &            19 &            20 &             21 \\
\midrule
new\_cluster &  [-0.64, new\_cluster] &   [-19.5, c1] &   [-0.1, c2] &  [-17.95, c3] &  [-0.58, c4] &  [-35.26, c5] &  [-16.62, c6] &   [-9.95, c7] &  [-0.83, c8] &  [-32.02, c9] &  [-41.22, c10] &  [-24.22, c11] &  [-1.99, c12] &  [-11.38, c13] &  [-23.42, c14] &  [-6.44, c15] &  [-33.75, c16] &   [-13.0, c17] &  [-1.67, c18] &  [-41.8, c19] &  [-2.22, c20] &  [-53.55, c21] \\
c1          &  [-0.64, new\_cluster] &  [-20.32, c1] &  [-0.05, c2] &  [-18.77, c3] &  [-0.41, c4] &  [-34.13, c5] &   [-16.3, c6] &  [-11.87, c7] &  [-0.95, c8] &  [-32.06, c9] &  [-40.77, c10] &   [-24.1, c11] &  [-1.87, c12] &  [-11.38, c13] &   [-24.0, c14] &  [-6.44, c15] &  [-33.75, c16] &   [-12.9, c17] &  [-1.67, c18] &  [-41.8, c19] &  [-2.22, c20] &  [-53.55, c21] \\
c2          &  [-0.64, new\_cluster] &  [-19.43, c1] &   [-0.1, c2] &  [-19.09, c3] &  [-0.52, c4] &  [-34.34, c5] &  [-15.84, c6] &  [-15.38, c7] &  [-0.74, c8] &  [-32.83, c9] &  [-40.97, c10] &  [-23.95, c11] &  [-2.12, c12] &  [-11.38, c13] &  [-23.44, c14] &  [-6.44, c15] &  [-33.75, c16] &   [-12.8, c17] &  [-1.67, c18] &  [-41.8, c19] &  [-2.22, c20] &  [-53.55, c21] \\
c3          &  [-0.64, new\_cluster] &  [-19.91, c1] &  [-0.04, c2] &  [-19.24, c3] &  [-0.66, c4] &  [-35.17, c5] &  [-16.39, c6] &   [-9.94, c7] &  [-0.99, c8] &  [-33.36, c9] &  [-41.21, c10] &  [-23.46, c11] &  [-2.02, c12] &  [-11.38, c13] &  [-23.62, c14] &  [-6.44, c15] &  [-33.75, c16] &  [-13.04, c17] &  [-1.67, c18] &  [-41.8, c19] &  [-2.22, c20] &  [-53.55, c21] \\
c4          &  [-0.64, new\_cluster] &  [-19.01, c1] &  [-0.07, c2] &  [-19.34, c3] &  [-0.58, c4] &  [-36.12, c5] &  [-16.62, c6] &  [-11.19, c7] &  [-0.93, c8] &  [-31.56, c9] &  [-41.38, c10] &  [-24.01, c11] &  [-2.04, c12] &  [-11.38, c13] &  [-23.92, c14] &  [-6.44, c15] &  [-33.75, c16] &  [-12.77, c17] &  [-1.67, c18] &  [-41.8, c19] &  [-2.22, c20] &  [-53.55, c21] \\
c5          &  [-0.64, new\_cluster] &  [-19.55, c1] &  [-0.05, c2] &  [-19.32, c3] &  [-0.51, c4] &  [-34.41, c5] &  [-15.82, c6] &  [-11.44, c7] &  [-0.91, c8] &  [-33.34, c9] &  [-41.45, c10] &  [-23.58, c11] &  [-1.98, c12] &  [-11.38, c13] &  [-23.88, c14] &  [-6.44, c15] &  [-33.75, c16] &  [-12.93, c17] &  [-1.67, c18] &  [-41.8, c19] &  [-2.22, c20] &  [-53.55, c21] \\
c6          &  [-0.64, new\_cluster] &  [-18.56, c1] &  [-0.09, c2] &  [-17.75, c3] &  [-0.47, c4] &  [-35.12, c5] &  [-16.31, c6] &  [-14.49, c7] &  [-0.81, c8] &  [-32.94, c9] &  [-41.95, c10] &  [-23.75, c11] &  [-2.12, c12] &  [-11.38, c13] &  [-23.04, c14] &  [-6.44, c15] &  [-33.75, c16] &  [-13.03, c17] &  [-1.67, c18] &  [-41.8, c19] &  [-2.22, c20] &  [-53.55, c21] \\
c7          &  [-0.64, new\_cluster] &  [-19.59, c1] &  [-0.07, c2] &  [-19.03, c3] &   [-0.4, c4] &  [-34.91, c5] &  [-16.41, c6] &  [-14.07, c7] &  [-0.78, c8] &  [-32.55, c9] &  [-42.08, c10] &   [-24.3, c11] &   [-1.8, c12] &  [-11.38, c13] &  [-23.27, c14] &  [-6.44, c15] &  [-33.75, c16] &  [-13.25, c17] &  [-1.67, c18] &  [-41.8, c19] &  [-2.22, c20] &  [-53.55, c21] \\
c8          &  [-0.64, new\_cluster] &  [-19.56, c1] &  [-0.06, c2] &   [-17.8, c3] &  [-0.47, c4] &  [-34.96, c5] &  [-16.12, c6] &  [-13.68, c7] &  [-0.85, c8] &  [-32.48, c9] &  [-41.38, c10] &  [-23.15, c11] &  [-2.17, c12] &  [-11.38, c13] &  [-24.27, c14] &  [-6.44, c15] &  [-33.75, c16] &  [-12.81, c17] &  [-1.67, c18] &  [-41.8, c19] &  [-2.22, c20] &  [-53.55, c21] \\
c9          &  [-0.64, new\_cluster] &   [-19.7, c1] &  [-0.07, c2] &  [-18.56, c3] &  [-0.57, c4] &  [-35.11, c5] &  [-15.96, c6] &  [-12.27, c7] &  [-0.77, c8] &  [-33.41, c9] &  [-41.72, c10] &  [-23.66, c11] &  [-1.86, c12] &  [-11.38, c13] &  [-23.79, c14] &  [-6.44, c15] &  [-33.75, c16] &  [-12.87, c17] &  [-1.67, c18] &  [-41.8, c19] &  [-2.22, c20] &  [-53.55, c21] \\
c10         &  [-0.64, new\_cluster] &  [-19.89, c1] &  [-0.07, c2] &  [-18.05, c3] &  [-0.43, c4] &  [-33.96, c5] &  [-16.43, c6] &   [-11.2, c7] &   [-0.9, c8] &   [-32.6, c9] &  [-41.91, c10] &  [-23.86, c11] &  [-1.86, c12] &  [-11.38, c13] &  [-23.04, c14] &  [-6.44, c15] &  [-33.75, c16] &  [-12.88, c17] &  [-1.67, c18] &  [-41.8, c19] &  [-2.22, c20] &  [-53.55, c21] \\
c11         &  [-0.64, new\_cluster] &  [-19.24, c1] &  [-0.06, c2] &  [-18.29, c3] &  [-0.38, c4] &  [-33.99, c5] &  [-16.51, c6] &  [-13.99, c7] &  [-0.85, c8] &  [-31.75, c9] &  [-42.28, c10] &  [-23.89, c11] &  [-2.06, c12] &  [-11.38, c13] &  [-22.82, c14] &  [-6.44, c15] &  [-33.75, c16] &  [-13.17, c17] &  [-1.67, c18] &  [-41.8, c19] &  [-2.22, c20] &  [-53.55, c21] \\
c12         &  [-0.64, new\_cluster] &  [-19.11, c1] &  [-0.05, c2] &  [-19.01, c3] &  [-0.66, c4] &  [-35.24, c5] &  [-15.79, c6] &  [-14.66, c7] &  [-0.93, c8] &  [-32.23, c9] &  [-42.45, c10] &  [-24.65, c11] &  [-1.85, c12] &  [-11.38, c13] &  [-23.55, c14] &  [-6.44, c15] &  [-33.75, c16] &   [-12.8, c17] &  [-1.67, c18] &  [-41.8, c19] &  [-2.22, c20] &  [-53.55, c21] \\
c13         &  [-0.64, new\_cluster] &  [-20.09, c1] &  [-0.04, c2] &  [-18.77, c3] &  [-0.59, c4] &  [-35.68, c5] &  [-15.99, c6] &  [-14.03, c7] &  [-0.92, c8] &   [-33.0, c9] &  [-42.14, c10] &  [-24.51, c11] &  [-1.93, c12] &  [-11.38, c13] &  [-24.33, c14] &  [-6.44, c15] &  [-33.75, c16] &  [-13.19, c17] &  [-1.67, c18] &  [-41.8, c19] &  [-2.22, c20] &  [-53.55, c21] \\
c14         &  [-0.64, new\_cluster] &  [-18.95, c1] &  [-0.11, c2] &   [-18.4, c3] &  [-0.47, c4] &  [-35.46, c5] &  [-15.84, c6] &  [-11.63, c7] &  [-0.81, c8] &  [-33.18, c9] &  [-41.41, c10] &  [-24.19, c11] &  [-1.95, c12] &  [-11.38, c13] &  [-23.56, c14] &  [-6.44, c15] &  [-33.75, c16] &  [-12.89, c17] &  [-1.67, c18] &  [-41.8, c19] &  [-2.22, c20] &  [-53.55, c21] \\
c15         &  [-0.64, new\_cluster] &  [-19.75, c1] &  [-0.05, c2] &  [-19.01, c3] &  [-0.62, c4] &  [-35.07, c5] &  [-16.66, c6] &  [-11.01, c7] &  [-1.06, c8] &  [-33.04, c9] &  [-40.94, c10] &  [-24.53, c11] &  [-2.12, c12] &  [-11.38, c13] &  [-23.19, c14] &  [-6.44, c15] &  [-33.75, c16] &  [-13.01, c17] &  [-1.67, c18] &  [-41.8, c19] &  [-2.22, c20] &  [-53.55, c21] \\
c16         &  [-0.64, new\_cluster] &  [-19.18, c1] &  [-0.08, c2] &  [-18.85, c3] &  [-0.41, c4] &  [-34.51, c5] &  [-16.49, c6] &  [-10.84, c7] &  [-0.92, c8] &  [-31.85, c9] &  [-41.63, c10] &   [-23.2, c11] &   [-2.0, c12] &  [-11.38, c13] &   [-24.0, c14] &  [-6.44, c15] &  [-33.75, c16] &  [-13.03, c17] &  [-1.67, c18] &  [-41.8, c19] &  [-2.22, c20] &  [-53.55, c21] \\
c17         &  [-0.64, new\_cluster] &  [-18.75, c1] &  [-0.06, c2] &  [-19.12, c3] &  [-0.49, c4] &  [-34.71, c5] &  [-15.59, c6] &   [-13.0, c7] &  [-0.66, c8] &  [-32.56, c9] &  [-41.46, c10] &  [-25.51, c11] &  [-2.02, c12] &  [-11.38, c13] &   [-22.5, c14] &  [-6.44, c15] &  [-33.75, c16] &   [-13.2, c17] &  [-1.67, c18] &  [-41.8, c19] &  [-2.22, c20] &  [-53.55, c21] \\
c18         &  [-0.64, new\_cluster] &  [-19.07, c1] &  [-0.08, c2] &  [-18.07, c3] &  [-0.45, c4] &  [-35.29, c5] &  [-15.88, c6] &  [-10.73, c7] &  [-0.82, c8] &  [-32.74, c9] &  [-40.74, c10] &  [-24.37, c11] &  [-1.97, c12] &  [-11.38, c13] &  [-23.73, c14] &  [-6.44, c15] &  [-33.75, c16] &  [-13.28, c17] &  [-1.67, c18] &  [-41.8, c19] &  [-2.22, c20] &  [-53.55, c21] \\
c19         &  [-0.64, new\_cluster] &  [-19.69, c1] &  [-0.07, c2] &  [-18.24, c3] &  [-0.43, c4] &  [-34.94, c5] &  [-15.84, c6] &   [-13.7, c7] &  [-0.96, c8] &  [-32.95, c9] &  [-41.73, c10] &  [-24.44, c11] &  [-1.83, c12] &  [-11.38, c13] &   [-23.5, c14] &  [-6.44, c15] &  [-33.75, c16] &  [-12.95, c17] &  [-1.67, c18] &  [-41.8, c19] &  [-2.22, c20] &  [-53.55, c21] \\
c20         &  [-0.64, new\_cluster] &  [-19.41, c1] &  [-0.07, c2] &  [-18.12, c3] &  [-0.41, c4] &  [-35.17, c5] &  [-16.27, c6] &  [-14.06, c7] &  [-0.89, c8] &  [-32.51, c9] &  [-41.45, c10] &  [-24.88, c11] &  [-2.06, c12] &  [-11.38, c13] &  [-23.32, c14] &  [-6.44, c15] &  [-33.75, c16] &  [-12.97, c17] &  [-1.67, c18] &  [-41.8, c19] &  [-2.22, c20] &  [-53.55, c21] \\
c21         &  [-0.64, new\_cluster] &  [-19.71, c1] &  [-0.07, c2] &  [-18.87, c3] &  [-0.48, c4] &  [-34.58, c5] &  [-15.21, c6] &  [-10.47, c7] &  [-0.77, c8] &  [-31.78, c9] &   [-41.4, c10] &  [-24.43, c11] &  [-1.96, c12] &  [-11.38, c13] &  [-23.43, c14] &  [-6.44, c15] &  [-33.75, c16] &  [-13.09, c17] &  [-1.67, c18] &  [-41.8, c19] &  [-2.22, c20] &  [-53.55, c21] \\
\bottomrule
\end{tabular}

