Seed: 0
Experiment_path: Experiment_05
Dataset_Path: ../_00_Datasets/03_SimDaten_Quiroga2020/C_Easy2_noise020.mat
Dataset_name: ['03_SimDaten_Quiroga2020', 'C_Easy2_noise020.mat']
Variant_name: Variant_05_Online_Autoencoder_QLearning
Visualisation_Path: AE_Model_2/Epochs_GS_PC//V5_20/C_Easy2_noise020.mat/Variant_05_Online_Autoencoder_QLearning/0.6
Normalisation: False
Template Matching: False
Optimising Autoencoder: False
Update Factor: 1
Noisy Batches: False
Noisy Factor: 0.001
Epochs: 20
Batch Size: 1
maximal Spikes for Autoencoder Training : 700
maximal Spikes for Training: 1000
Input Size: 47
Chosen Model: Convolutional Autoencoder
ConvolutionalAutoencoder(
  (encoder): Sequential(
    (0): Conv1d(1, 6, kernel_size=(6,), stride=(1,))
    (1): LeakyReLU(negative_slope=0.01)
    (2): Conv1d(6, 1, kernel_size=(6,), stride=(1,))
    (3): Flatten(start_dim=1, end_dim=-1)
    (4): Linear(in_features=37, out_features=2, bias=True)
  )
  (decoder): Sequential(
    (0): ConvTranspose1d(1, 6, kernel_size=(6,), stride=(1,))
    (1): LeakyReLU(negative_slope=0.01)
    (2): ConvTranspose1d(6, 1, kernel_size=(6,), stride=(1,))
    (3): Flatten(start_dim=1, end_dim=-1)
    (4): Linear(in_features=12, out_features=47, bias=True)
  )
)
MSELoss()
Adam (
Parameter Group 0
    amsgrad: False
    betas: (0.9, 0.999)
    capturable: False
    differentiable: False
    eps: 1e-08
    foreach: None
    fused: False
    lr: 0.001
    maximize: False
    weight_decay: 0
)
---Q Learning Parameters---
Normalisation: False
Punishment Coefficient: 0.6
Alpha: 0.8
Epsilon: 0.01
Gamma: 0.97
Initial Episode Number: 0
Episode Number Coefficient: 1.4
Number of Random Features: 20
Planning Number: 20
Max Random Features: 60
New Episode Number: 72
New Episode Number: 143
New Episode Number: 215
New Episode Number: 286
                0     1      2      3     4
new_cluster -9.67 -8.54 -13.89 -11.60 -8.64
c1          -9.60 -8.47 -13.41 -12.27 -8.87
c2          -9.71 -8.59 -13.23 -11.69 -8.86
c3          -9.71 -8.36 -13.67 -12.29 -8.82
c4          -9.72 -8.37 -13.22 -12.14 -8.91
\begin{tabular}{lrrrrr}
\toprule
{} &     0 &     1 &      2 &      3 &     4 \\
\midrule
new\_cluster & -9.67 & -8.54 & -13.89 & -11.60 & -8.64 \\
c1          & -9.60 & -8.47 & -13.41 & -12.27 & -8.87 \\
c2          & -9.71 & -8.59 & -13.23 & -11.69 & -8.86 \\
c3          & -9.71 & -8.36 & -13.67 & -12.29 & -8.82 \\
c4          & -9.72 & -8.37 & -13.22 & -12.14 & -8.91 \\
\bottomrule
\end{tabular}

                                0            1  ...            3            4
new_cluster  [-1.44, new_cluster]  [-0.19, c1]  ...  [-3.37, c3]  [-0.54, c4]
c1           [-1.44, new_cluster]  [-0.17, c1]  ...  [-4.13, c3]  [-0.77, c4]
c2           [-1.44, new_cluster]  [-0.35, c1]  ...  [-3.48, c3]  [-0.74, c4]
c3           [-1.44, new_cluster]  [-0.12, c1]  ...  [-4.07, c3]  [-0.72, c4]
c4           [-1.44, new_cluster]  [-0.15, c1]  ...  [-3.92, c3]  [-0.81, c4]

[5 rows x 5 columns]
\begin{tabular}{llllll}
\toprule
{} &                     0 &            1 &            2 &            3 &            4 \\
\midrule
new\_cluster &  [-1.44, new\_cluster] &  [-0.19, c1] &  [-5.56, c2] &  [-3.37, c3] &  [-0.54, c4] \\
c1          &  [-1.44, new\_cluster] &  [-0.17, c1] &  [-5.08, c2] &  [-4.13, c3] &  [-0.77, c4] \\
c2          &  [-1.44, new\_cluster] &  [-0.35, c1] &   [-4.9, c2] &  [-3.48, c3] &  [-0.74, c4] \\
c3          &  [-1.44, new\_cluster] &  [-0.12, c1] &  [-5.34, c2] &  [-4.07, c3] &  [-0.72, c4] \\
c4          &  [-1.44, new\_cluster] &  [-0.15, c1] &  [-4.89, c2] &  [-3.92, c3] &  [-0.81, c4] \\
\bottomrule
\end{tabular}

