Seed: 0
Experiment_path: AE_Model_2/Base_Line_W_PC//1.2/Experiment_04
Dataset_Path: ../_00_Datasets/03_SimDaten_Quiroga2020/C_Easy1_noise015.mat
Dataset_name: ['03_SimDaten_Quiroga2020', 'C_Easy1_noise015.mat']
Variant_name: Variant_04_Offline_Autoencoder_QLearning
Visualisation_Path: AE_Model_2/Base_Line_W_PC//1.2/Experiment_04/C_Easy1_noise015.mat/Variant_04_Offline_Autoencoder_QLearning/2023_04_24-00_02_02
Split Ratio: 0.9
Epochs: 8
Batch Size: 1
Input Size: 47
Number of Features: 2
Chosen Model: Convolutional Autoencoder
ConvolutionalAutoencoder(
  (encoder): Sequential(
    (0): Conv1d(1, 6, kernel_size=(6,), stride=(1,))
    (1): LeakyReLU(negative_slope=0.01)
    (2): Conv1d(6, 1, kernel_size=(6,), stride=(1,))
    (3): Flatten(start_dim=1, end_dim=-1)
    (4): Linear(in_features=37, out_features=2, bias=True)
  )
  (decoder): Sequential(
    (0): ConvTranspose1d(1, 6, kernel_size=(6,), stride=(1,))
    (1): LeakyReLU(negative_slope=0.01)
    (2): ConvTranspose1d(6, 1, kernel_size=(6,), stride=(1,))
    (3): Flatten(start_dim=1, end_dim=-1)
    (4): Linear(in_features=12, out_features=47, bias=True)
  )
)
MSELoss()
Adam (
Parameter Group 0
    amsgrad: False
    betas: (0.9, 0.999)
    capturable: False
    differentiable: False
    eps: 1e-08
    foreach: None
    fused: False
    lr: 0.001
    maximize: False
    weight_decay: 0
)
---Q Learning Parameters---
Normalisation: False
Punishment Coefficient: 1.2
Alpha: 0.8
Epsilon: 0.01
Gamma: 0.97
Initial Episode Number: 0
Episode Number Coefficient: 1.4
Number of Random Features: 20
Planning Number: 20
Max Random Features: 60
New Episode Number: 72
New Episode Number: 143
New Episode Number: 215
New Episode Number: 286
New Episode Number: 358
                 0      1     2      3      4      5
new_cluster -14.30 -46.07 -8.76 -42.09 -73.88 -13.25
c1          -14.26 -46.43 -8.63 -41.13 -73.87 -13.49
c2          -14.47 -44.15 -8.67 -39.13 -73.90 -13.24
c3          -14.26 -47.94 -8.75 -41.91 -73.91 -13.78
c4          -14.30 -44.96 -8.63 -40.92 -73.69 -14.39
c5          -14.29 -46.95 -8.68 -44.82 -73.68   0.00
\begin{tabular}{lrrrrrr}
\toprule
{} &      0 &      1 &     2 &      3 &      4 &      5 \\
\midrule
new\_cluster & -14.30 & -46.07 & -8.76 & -42.09 & -73.88 & -13.25 \\
c1          & -14.26 & -46.43 & -8.63 & -41.13 & -73.87 & -13.49 \\
c2          & -14.47 & -44.15 & -8.67 & -39.13 & -73.90 & -13.24 \\
c3          & -14.26 & -47.94 & -8.75 & -41.91 & -73.91 & -13.78 \\
c4          & -14.30 & -44.96 & -8.63 & -40.92 & -73.69 & -14.39 \\
c5          & -14.29 & -46.95 & -8.68 & -44.82 & -73.68 &   0.00 \\
\bottomrule
\end{tabular}

                                0             1  ...             4             5
new_cluster  [-5.76, new_cluster]  [-37.65, c1]  ...  [-65.27, c4]  [-13.25, c5]
c1           [-5.76, new_cluster]  [-38.05, c1]  ...  [-65.27, c4]  [-13.49, c5]
c2           [-5.76, new_cluster]  [-35.73, c1]  ...  [-65.27, c4]  [-13.24, c5]
c3           [-5.76, new_cluster]  [-39.51, c1]  ...  [-65.27, c4]  [-13.78, c5]
c4           [-5.76, new_cluster]  [-36.58, c1]  ...  [-65.27, c4]  [-14.39, c5]
c5           [-5.76, new_cluster]  [-38.54, c1]  ...  [-65.27, c4]         [0, ]

[6 rows x 6 columns]
\begin{tabular}{lllllll}
\toprule
{} &                     0 &             1 &            2 &             3 &             4 &             5 \\
\midrule
new\_cluster &  [-5.76, new\_cluster] &  [-37.65, c1] &  [-0.35, c2] &  [-33.21, c3] &  [-65.27, c4] &  [-13.25, c5] \\
c1          &  [-5.76, new\_cluster] &  [-38.05, c1] &  [-0.21, c2] &  [-32.25, c3] &  [-65.27, c4] &  [-13.49, c5] \\
c2          &  [-5.76, new\_cluster] &  [-35.73, c1] &  [-0.28, c2] &  [-30.26, c3] &  [-65.27, c4] &  [-13.24, c5] \\
c3          &  [-5.76, new\_cluster] &  [-39.51, c1] &  [-0.33, c2] &   [-33.4, c3] &  [-65.27, c4] &  [-13.78, c5] \\
c4          &  [-5.76, new\_cluster] &  [-36.58, c1] &  [-0.21, c2] &  [-32.04, c3] &  [-65.27, c4] &  [-14.39, c5] \\
c5          &  [-5.76, new\_cluster] &  [-38.54, c1] &  [-0.23, c2] &   [-36.2, c3] &  [-65.27, c4] &         [0, ] \\
\bottomrule
\end{tabular}

