Experiment_path: AE_Model_1/Random_Seeds//V5/Experiment_05_3
Dataset_Path: ../_00_Datasets/03_SimDaten_Quiroga2020/C_Easy1_noise025.mat
Dataset_name: ['03_SimDaten_Quiroga2020', 'C_Easy1_noise025.mat']
Variant_name: Variant_05_Online_Autoencoder_QLearning
Visualisation_Path: Random_Seeds//V5/Experiment_05_3/C_Easy1_noise025.mat/Variant_05_Online_Autoencoder_QLearning/2023_04_15-12_55_21
Punishment_Coefficient: 0.8
<_01_LoadDataset.ExternCode.spike_class.spike_dataclass object at 0x00000184E40F3BE0>
Sampling rate: 24000.0
Raw: [-0.1861928  -0.15538047 -0.11159897 ... -0.04566289 -0.07495693
 -0.11387027]
Times: [    288     764     962 ... 1439565 1439599 1439750]
Cluster: [2 1 1 ... 1 2 3]
Number of different clusters:  3
Number of Spikes: 3298
First aligned Spike Frame: [ 0.30343498  0.30504401  0.30003499  0.28306832  0.25612953  0.20234245
  0.11026158  0.00607927 -0.07206812 -0.11511366 -0.12845949 -0.13294027
 -0.18390234 -0.33132976 -0.53531084 -0.64122966 -0.43321471  0.14319913
  0.78508862  1.13178271  1.12964756  0.95557126  0.768731    0.62108183
  0.50039946  0.39401216  0.30447426  0.22854935  0.15922545  0.09984913
  0.06405489  0.05593058  0.05062423  0.00682243 -0.07060307 -0.1367616
 -0.15929316 -0.15555753 -0.15669153 -0.16914157 -0.17192467 -0.15578403
 -0.14071413 -0.14785593 -0.17738608 -0.22110055 -0.28163013]
Cluster 0, Occurrences: 1094
Cluster 1, Occurrences: 1089
Cluster 2, Occurrences: 1115
Number of Clusters: 3
Online_Training [1/700]: mean_loss=0.2073130253702402
Online_Training [2/700]: mean_loss=0.23205947130918503
Online_Training [3/700]: mean_loss=0.20846492983400822
Online_Training [4/700]: mean_loss=0.30324601009488106
Online_Training [5/700]: mean_loss=0.15798228047788143
Online_Training [6/700]: mean_loss=0.17549961060285568
Online_Training [7/700]: mean_loss=0.21267865784466267
Online_Training [8/700]: mean_loss=0.11888223886489868
Online_Training [9/700]: mean_loss=0.13233360461890697
Online_Training [10/700]: mean_loss=0.11829874757677317
Online_Training [11/700]: mean_loss=0.4262967221438885
Online_Training [12/700]: mean_loss=0.12415723782032728
Online_Training [13/700]: mean_loss=0.19280056096613407
Online_Training [14/700]: mean_loss=0.10829733498394489
Online_Training [15/700]: mean_loss=0.10698196291923523
Online_Training [16/700]: mean_loss=0.2033279687166214
Online_Training [17/700]: mean_loss=0.0971998954191804
Online_Training [18/700]: mean_loss=0.3527342602610588
Online_Training [19/700]: mean_loss=0.13413208909332752
Online_Training [20/700]: mean_loss=0.4198310151696205
Online_Training [21/700]: mean_loss=0.2329247910529375
Online_Training [22/700]: mean_loss=0.3333835117518902
Online_Training [23/700]: mean_loss=0.3859220817685127
Online_Training [24/700]: mean_loss=0.2388981617987156
Online_Training [25/700]: mean_loss=0.1274965014308691
Online_Training [26/700]: mean_loss=0.060903307516127825
Online_Training [27/700]: mean_loss=0.21360338851809502
Online_Training [28/700]: mean_loss=0.15293036215007305
Online_Training [29/700]: mean_loss=0.19884654879570007
Online_Training [30/700]: mean_loss=0.27461687102913857
Online_Training [31/700]: mean_loss=0.20486607402563095
Online_Training [32/700]: mean_loss=0.19179310649633408
Online_Training [33/700]: mean_loss=0.146973779425025
Online_Training [34/700]: mean_loss=0.10420402325689793
Online_Training [35/700]: mean_loss=0.18195890821516514
Online_Training [36/700]: mean_loss=0.05652816081419587
Online_Training [37/700]: mean_loss=0.04865495068952441
Online_Training [38/700]: mean_loss=0.04311544448137283
Online_Training [39/700]: mean_loss=0.09556273091584444
Online_Training [40/700]: mean_loss=0.1231411686167121
Online_Training [41/700]: mean_loss=0.1081092357635498
Online_Training [42/700]: mean_loss=0.22642690688371658
Online_Training [43/700]: mean_loss=0.07567781768739223
Online_Training [44/700]: mean_loss=0.04430061345919967
Online_Training [45/700]: mean_loss=0.11212788615375757
Online_Training [46/700]: mean_loss=0.07161478698253632
Online_Training [47/700]: mean_loss=0.07141848374158144
Online_Training [48/700]: mean_loss=0.07975238282233477
Online_Training [49/700]: mean_loss=0.0869026631116867
Online_Training [50/700]: mean_loss=0.12808880768716335
Online_Training [51/700]: mean_loss=0.12716829031705856
Online_Training [52/700]: mean_loss=0.0758029418066144
Online_Training [53/700]: mean_loss=0.16394356079399586
Online_Training [54/700]: mean_loss=0.03987597906962037
Online_Training [55/700]: mean_loss=0.1004492212086916
Online_Training [56/700]: mean_loss=0.1773560829460621
Online_Training [57/700]: mean_loss=0.05691268015652895
Online_Training [58/700]: mean_loss=0.023402050603181124
Online_Training [59/700]: mean_loss=0.1965119717642665
Online_Training [60/700]: mean_loss=0.07463434059172869
Online_Training [61/700]: mean_loss=0.02595146093517542
Online_Training [62/700]: mean_loss=0.15138337947428226
Online_Training [63/700]: mean_loss=0.15084292367100716
Online_Training [64/700]: mean_loss=0.13104465790092945
Online_Training [65/700]: mean_loss=0.11884897295385599
Online_Training [66/700]: mean_loss=0.14673269726336002
Online_Training [67/700]: mean_loss=0.11700841877609491
Online_Training [68/700]: mean_loss=0.5630641505122185
Online_Training [69/700]: mean_loss=0.14400466717779636
Online_Training [70/700]: mean_loss=0.05299436813220382
Online_Training [71/700]: mean_loss=0.053680592216551304
Online_Training [72/700]: mean_loss=0.13083341717720032
Online_Training [73/700]: mean_loss=0.07104292884469032
Online_Training [74/700]: mean_loss=0.11442428734153509
Online_Training [75/700]: mean_loss=0.05075269704684615
Online_Training [76/700]: mean_loss=0.10608441289514303
Online_Training [77/700]: mean_loss=0.06358925346285105
Online_Training [78/700]: mean_loss=0.08223031368106604
Online_Training [79/700]: mean_loss=0.09549401421099901
Online_Training [80/700]: mean_loss=0.06649941392242908
Online_Training [81/700]: mean_loss=0.0724527407437563
Online_Training [82/700]: mean_loss=0.03111929469741881
Online_Training [83/700]: mean_loss=0.12023251969367266
Online_Training [84/700]: mean_loss=0.21011461690068245
Online_Training [85/700]: mean_loss=0.3297353908419609
Online_Training [86/700]: mean_loss=0.14339843578636646
Online_Training [87/700]: mean_loss=0.059351376723498106
Online_Training [88/700]: mean_loss=0.05508853821083903
Online_Training [89/700]: mean_loss=0.10650389268994331
Online_Training [90/700]: mean_loss=0.04558226279914379
Online_Training [91/700]: mean_loss=0.04844030924141407
Online_Training [92/700]: mean_loss=0.1887017134577036
Online_Training [93/700]: mean_loss=0.041052001528441906
Online_Training [94/700]: mean_loss=0.20354818552732468
Online_Training [95/700]: mean_loss=0.09348268434405327
Online_Training [96/700]: mean_loss=0.0954445032402873
Online_Training [97/700]: mean_loss=0.10016046836972237
Online_Training [98/700]: mean_loss=0.07825582381337881
Online_Training [99/700]: mean_loss=0.0423547918908298
Online_Training [100/700]: mean_loss=0.04274437576532364
Online_Training [101/700]: mean_loss=0.05632317624986172
Online_Training [102/700]: mean_loss=0.013484316295944154
Online_Training [103/700]: mean_loss=0.042304439935833216
Online_Training [104/700]: mean_loss=0.04607794154435396
Online_Training [105/700]: mean_loss=0.0955690760165453
Online_Training [106/700]: mean_loss=0.2435571849346161
Online_Training [107/700]: mean_loss=0.12784549593925476
Online_Training [108/700]: mean_loss=0.014142749016173184
Online_Training [109/700]: mean_loss=0.15253349486738443
Online_Training [110/700]: mean_loss=0.09052302408963442
Online_Training [111/700]: mean_loss=0.07971141207963228
Online_Training [112/700]: mean_loss=0.040679680183529854
Online_Training [113/700]: mean_loss=0.016431598109193146
Online_Training [114/700]: mean_loss=0.03138925274834037
Online_Training [115/700]: mean_loss=0.09581417497247458
Online_Training [116/700]: mean_loss=0.023021228378638625
Online_Training [117/700]: mean_loss=0.05963164987042546
Online_Training [118/700]: mean_loss=0.1292185289785266
Online_Training [119/700]: mean_loss=0.15974602103233337
Online_Training [120/700]: mean_loss=0.1270378241315484
Online_Training [121/700]: mean_loss=0.03848100220784545
Online_Training [122/700]: mean_loss=0.018016633111983538
Online_Training [123/700]: mean_loss=0.07796460762619972
Online_Training [124/700]: mean_loss=0.025126111693680286
Online_Training [125/700]: mean_loss=0.053204931784421206
Online_Training [126/700]: mean_loss=0.04762456985190511
Online_Training [127/700]: mean_loss=0.03085136227309704
Online_Training [128/700]: mean_loss=0.10606739483773708
Online_Training [129/700]: mean_loss=0.14066804572939873
Online_Training [130/700]: mean_loss=0.03962508914992213
Online_Training [131/700]: mean_loss=0.05107890022918582
Online_Training [132/700]: mean_loss=0.021453886525705457
Online_Training [133/700]: mean_loss=0.05817491048946977
Online_Training [134/700]: mean_loss=0.028827367816120386
Online_Training [135/700]: mean_loss=0.03742148680612445
Online_Training [136/700]: mean_loss=0.0724870702251792
Online_Training [137/700]: mean_loss=0.060407991986721754
Online_Training [138/700]: mean_loss=0.03576145088300109
Online_Training [139/700]: mean_loss=0.028262760024517775
Online_Training [140/700]: mean_loss=0.022045842371881008
Online_Training [141/700]: mean_loss=0.06286604003980756
Online_Training [142/700]: mean_loss=0.04007243411615491
Online_Training [143/700]: mean_loss=0.13445862382650375
Online_Training [144/700]: mean_loss=0.04208660451695323
Online_Training [145/700]: mean_loss=0.02562499209307134
Online_Training [146/700]: mean_loss=0.1116915037855506
Online_Training [147/700]: mean_loss=0.08832108601927757
Online_Training [148/700]: mean_loss=0.08184608165174723
Online_Training [149/700]: mean_loss=0.027225080877542496
Online_Training [150/700]: mean_loss=0.016508651082403958
Online_Training [151/700]: mean_loss=0.020036285743117332
Online_Training [152/700]: mean_loss=0.01644568983465433
Online_Training [153/700]: mean_loss=0.011586898588575423
Online_Training [154/700]: mean_loss=0.01035233133006841
Online_Training [155/700]: mean_loss=0.02369719184935093
Online_Training [156/700]: mean_loss=0.06819563824683428
Online_Training [157/700]: mean_loss=0.03896714700385928
Online_Training [158/700]: mean_loss=0.050190679263323545
Online_Training [159/700]: mean_loss=0.06234126118943095
Online_Training [160/700]: mean_loss=0.008842629729770124
Online_Training [161/700]: mean_loss=0.12890389561653137
Online_Training [162/700]: mean_loss=0.10164670180529356
Online_Training [163/700]: mean_loss=0.01991621870547533
Online_Training [164/700]: mean_loss=0.06299120327457786
Online_Training [165/700]: mean_loss=0.08175489027053118
Online_Training [166/700]: mean_loss=0.04889964871108532
Online_Training [167/700]: mean_loss=0.043884795624762774
Online_Training [168/700]: mean_loss=0.08015976659953594
Online_Training [169/700]: mean_loss=0.09849751461297274
Online_Training [170/700]: mean_loss=0.0588808162137866
Online_Training [171/700]: mean_loss=0.026393890380859375
Online_Training [172/700]: mean_loss=0.01399607362691313
Online_Training [173/700]: mean_loss=0.04443574836477637
Online_Training [174/700]: mean_loss=0.0545362108387053
Online_Training [175/700]: mean_loss=0.147854870185256
Online_Training [176/700]: mean_loss=0.01436334301251918
Online_Training [177/700]: mean_loss=0.04814057471230626
Online_Training [178/700]: mean_loss=0.08287059422582388
Online_Training [179/700]: mean_loss=0.03721123421564698
Online_Training [180/700]: mean_loss=0.07233514916151762
Online_Training [181/700]: mean_loss=0.08209748286753893
Online_Training [182/700]: mean_loss=0.0618727277033031
Online_Training [183/700]: mean_loss=0.05159369017928839
Online_Training [184/700]: mean_loss=0.028517693281173706
Online_Training [185/700]: mean_loss=0.027057227911427617
Online_Training [186/700]: mean_loss=0.02050444995984435
Online_Training [187/700]: mean_loss=0.06770468410104513
Online_Training [188/700]: mean_loss=0.02672019205056131
Online_Training [189/700]: mean_loss=0.0242232799064368
Online_Training [190/700]: mean_loss=0.06449450319632888
Online_Training [191/700]: mean_loss=0.01953100971877575
Online_Training [192/700]: mean_loss=0.062208767514675856
Online_Training [193/700]: mean_loss=0.045517252292484045
Online_Training [194/700]: mean_loss=0.0704160900786519
Online_Training [195/700]: mean_loss=0.03694178629666567
Online_Training [196/700]: mean_loss=0.024118706351146102
Online_Training [197/700]: mean_loss=0.02049426455050707
Online_Training [198/700]: mean_loss=0.04149493249133229
Online_Training [199/700]: mean_loss=0.08415411878377199
Online_Training [200/700]: mean_loss=0.026231077034026384
Online_Training [201/700]: mean_loss=0.09269932098686695
Online_Training [202/700]: mean_loss=0.13540212158113718
Online_Training [203/700]: mean_loss=0.06789467576891184
Online_Training [204/700]: mean_loss=0.13484287820756435
Online_Training [205/700]: mean_loss=0.09133420139551163
Online_Training [206/700]: mean_loss=0.21601793728768826
Online_Training [207/700]: mean_loss=0.028786257607862353
Online_Training [208/700]: mean_loss=0.016893069143407047
Online_Training [209/700]: mean_loss=0.02613356220535934
Online_Training [210/700]: mean_loss=0.09118672553449869
Online_Training [211/700]: mean_loss=0.032208931632339954
Online_Training [212/700]: mean_loss=0.02225952036678791
Online_Training [213/700]: mean_loss=0.042625649366527796
Online_Training [214/700]: mean_loss=0.05574183305725455
Online_Training [215/700]: mean_loss=0.0743843000382185
Online_Training [216/700]: mean_loss=0.03260861779563129
Online_Training [217/700]: mean_loss=0.0683848550543189
Online_Training [218/700]: mean_loss=0.05344241997227073
Online_Training [219/700]: mean_loss=0.028227807953953743
Online_Training [220/700]: mean_loss=0.028575200820341706
Online_Training [221/700]: mean_loss=0.060487952549010515
Online_Training [222/700]: mean_loss=0.03965719370171428
Online_Training [223/700]: mean_loss=0.015919833327643573
Online_Training [224/700]: mean_loss=0.028827924048528075
Online_Training [225/700]: mean_loss=0.02304839575663209
Online_Training [226/700]: mean_loss=0.017930197762325406
Online_Training [227/700]: mean_loss=0.026519218925386667
Online_Training [228/700]: mean_loss=0.040795501321554184
Online_Training [229/700]: mean_loss=0.02232834859751165
Online_Training [230/700]: mean_loss=0.023506545927375555
Online_Training [231/700]: mean_loss=0.026317410869523883
Online_Training [232/700]: mean_loss=0.038055143784731627
Online_Training [233/700]: mean_loss=0.05355904204770923
Online_Training [234/700]: mean_loss=0.006495595443993807
Online_Training [235/700]: mean_loss=0.0863036559894681
Online_Training [236/700]: mean_loss=0.04284991417080164
Online_Training [237/700]: mean_loss=0.10925763100385666
Online_Training [238/700]: mean_loss=0.02263530855998397
Online_Training [239/700]: mean_loss=0.02784873708151281
Online_Training [240/700]: mean_loss=0.04867318971082568
Online_Training [241/700]: mean_loss=0.03781808307394385
Online_Training [242/700]: mean_loss=0.08053626399487257
Online_Training [243/700]: mean_loss=0.077832224778831
Online_Training [244/700]: mean_loss=0.10788121353834867
Online_Training [245/700]: mean_loss=0.01915349205955863
Online_Training [246/700]: mean_loss=0.062473670579493046
Online_Training [247/700]: mean_loss=0.03806130541488528
Online_Training [248/700]: mean_loss=0.03439021995291114
Online_Training [249/700]: mean_loss=0.059681063517928123
Online_Training [250/700]: mean_loss=0.05254573514685035
Online_Training [251/700]: mean_loss=0.05206037359312177
Online_Training [252/700]: mean_loss=0.022309331223368645
Online_Training [253/700]: mean_loss=0.43694912269711494
Online_Training [254/700]: mean_loss=0.07834869343787432
Online_Training [255/700]: mean_loss=0.03691777400672436
Online_Training [256/700]: mean_loss=0.0766767943277955
Online_Training [257/700]: mean_loss=0.06808838713914156
Online_Training [258/700]: mean_loss=0.0454991958104074
Online_Training [259/700]: mean_loss=0.12816063594073057
Online_Training [260/700]: mean_loss=0.14892204478383064
Online_Training [261/700]: mean_loss=0.03723120177164674
Online_Training [262/700]: mean_loss=0.03705225163139403
Online_Training [263/700]: mean_loss=0.042602220084518194
Online_Training [264/700]: mean_loss=0.025127646746113896
Online_Training [265/700]: mean_loss=0.020096711814403534
Online_Training [266/700]: mean_loss=0.07195630855858326
Online_Training [267/700]: mean_loss=0.035622534807771444
Online_Training [268/700]: mean_loss=0.02420645672827959
Online_Training [269/700]: mean_loss=0.06189082516357303
Online_Training [270/700]: mean_loss=0.04971000459045172
Online_Training [271/700]: mean_loss=0.03929154109209776
Online_Training [272/700]: mean_loss=0.12057977728545666
Online_Training [273/700]: mean_loss=0.05882164929062128
Online_Training [274/700]: mean_loss=0.10239978972822428
Online_Training [275/700]: mean_loss=0.05156309762969613
Online_Training [276/700]: mean_loss=0.04501536441966891
Online_Training [277/700]: mean_loss=0.03069600649178028
Online_Training [278/700]: mean_loss=0.06776893604546785
Online_Training [279/700]: mean_loss=0.023696022108197212
Online_Training [280/700]: mean_loss=0.0568368025124073
Online_Training [281/700]: mean_loss=0.03471403568983078
Online_Training [282/700]: mean_loss=0.04490245180204511
Online_Training [283/700]: mean_loss=0.02905708085745573
Online_Training [284/700]: mean_loss=0.11495565250515938
Online_Training [285/700]: mean_loss=0.10241705738008022
Online_Training [286/700]: mean_loss=0.04263003822416067
Online_Training [287/700]: mean_loss=0.03020804049447179
Online_Training [288/700]: mean_loss=0.04309554258361459
Online_Training [289/700]: mean_loss=0.07204663287848234
Online_Training [290/700]: mean_loss=0.0655380841344595
Online_Training [291/700]: mean_loss=0.06925194337964058
Online_Training [292/700]: mean_loss=0.027504740515723825
Online_Training [293/700]: mean_loss=0.028636003378778696
Online_Training [294/700]: mean_loss=0.0797697277739644
Online_Training [295/700]: mean_loss=0.06157451122999191
Online_Training [296/700]: mean_loss=0.04058554256334901
Online_Training [297/700]: mean_loss=0.06184388184919953
Online_Training [298/700]: mean_loss=0.05283848103135824
Online_Training [299/700]: mean_loss=0.045223130378872156
Online_Training [300/700]: mean_loss=0.05722682178020477
Online_Training [301/700]: mean_loss=0.01801705383695662
Online_Training [302/700]: mean_loss=0.08066405449062586
Online_Training [303/700]: mean_loss=0.020082050003111362
Online_Training [304/700]: mean_loss=0.011601134901866317
Online_Training [305/700]: mean_loss=0.016155744204297662
Online_Training [306/700]: mean_loss=0.059705303981900215
Online_Training [307/700]: mean_loss=0.024236360797658563
Online_Training [308/700]: mean_loss=0.019251491175964475
Online_Training [309/700]: mean_loss=0.022966193733736873
Online_Training [310/700]: mean_loss=0.02329197758808732
Online_Training [311/700]: mean_loss=0.026619971031323075
Online_Training [312/700]: mean_loss=0.24214489571750164
Online_Training [313/700]: mean_loss=0.041966330260038376
Online_Training [314/700]: mean_loss=0.009330897242762148
Online_Training [315/700]: mean_loss=0.03364619892090559
Online_Training [316/700]: mean_loss=0.1469237096607685
Online_Training [317/700]: mean_loss=0.037394263315945864
Online_Training [318/700]: mean_loss=0.09407958947122097
Online_Training [319/700]: mean_loss=0.04108255077153444
Online_Training [320/700]: mean_loss=0.010076039587147534
Online_Training [321/700]: mean_loss=0.10066593997180462
Online_Training [322/700]: mean_loss=0.13638848718255758
Online_Training [323/700]: mean_loss=0.12706466671079397
Online_Training [324/700]: mean_loss=0.03364642942324281
Online_Training [325/700]: mean_loss=0.03066426538862288
Online_Training [326/700]: mean_loss=0.03153413743712008
Online_Training [327/700]: mean_loss=0.03915464831516147
Online_Training [328/700]: mean_loss=0.012561301235109568
Online_Training [329/700]: mean_loss=0.05504046333953738
Online_Training [330/700]: mean_loss=0.12880286760628223
Online_Training [331/700]: mean_loss=0.024911786429584026
Online_Training [332/700]: mean_loss=0.0505928210914135
Online_Training [333/700]: mean_loss=0.035672583151608706
Online_Training [334/700]: mean_loss=0.03331563691608608
Online_Training [335/700]: mean_loss=0.1249226238578558
Online_Training [336/700]: mean_loss=0.028284800006076694
Online_Training [337/700]: mean_loss=0.06291798828169703
Online_Training [338/700]: mean_loss=0.04206398595124483
Online_Training [339/700]: mean_loss=0.04030786035582423
Online_Training [340/700]: mean_loss=0.02673162310384214
Online_Training [341/700]: mean_loss=0.016705479007214308
Online_Training [342/700]: mean_loss=0.15919270552694798
Online_Training [343/700]: mean_loss=0.027538089081645012
Online_Training [344/700]: mean_loss=0.05590901989489794
Online_Training [345/700]: mean_loss=0.04599431995302439
Online_Training [346/700]: mean_loss=0.07916402537375689
Online_Training [347/700]: mean_loss=0.07849859725683928
Online_Training [348/700]: mean_loss=0.06485663121566176
Online_Training [349/700]: mean_loss=0.07588858250528574
Online_Training [350/700]: mean_loss=0.14585573785007
Online_Training [351/700]: mean_loss=0.4527413547039032
Online_Training [352/700]: mean_loss=0.05246403906494379
Online_Training [353/700]: mean_loss=0.10484322253614664
Online_Training [354/700]: mean_loss=0.015961288940161467
Online_Training [355/700]: mean_loss=0.011649540509097278
Online_Training [356/700]: mean_loss=0.04100074619054794
Online_Training [357/700]: mean_loss=0.029693661257624626
Online_Training [358/700]: mean_loss=0.1381463035941124
Online_Training [359/700]: mean_loss=0.11201415676623583
Online_Training [360/700]: mean_loss=0.16483759693801403
Online_Training [361/700]: mean_loss=0.10580460913479328
Online_Training [362/700]: mean_loss=0.04013051791116595
Online_Training [363/700]: mean_loss=0.04352307179942727
Online_Training [364/700]: mean_loss=0.045739851891994476
Online_Training [365/700]: mean_loss=0.06659927684813738
Online_Training [366/700]: mean_loss=0.04475995525717735
Online_Training [367/700]: mean_loss=0.04087473452091217
Online_Training [368/700]: mean_loss=0.1843230128288269
Online_Training [369/700]: mean_loss=0.018636245280504227
Online_Training [370/700]: mean_loss=0.06755296420305967
Online_Training [371/700]: mean_loss=0.05358419381082058
Online_Training [372/700]: mean_loss=0.03215992217883468
Online_Training [373/700]: mean_loss=0.11932861246168613
Online_Training [374/700]: mean_loss=0.03205369831994176
Online_Training [375/700]: mean_loss=0.015749441110529006
Online_Training [376/700]: mean_loss=0.045942554250359535
Online_Training [377/700]: mean_loss=0.01971715339459479
Online_Training [378/700]: mean_loss=0.02966490318067372
Online_Training [379/700]: mean_loss=0.043834127485752106
Online_Training [380/700]: mean_loss=0.03894355474039912
Online_Training [381/700]: mean_loss=0.03747066389769316
Online_Training [382/700]: mean_loss=0.050317841582000256
Online_Training [383/700]: mean_loss=0.24460036121308804
Online_Training [384/700]: mean_loss=0.10832286532968283
Online_Training [385/700]: mean_loss=0.0746816685423255
Online_Training [386/700]: mean_loss=0.01574244350194931
Online_Training [387/700]: mean_loss=0.03212114912457764
Online_Training [388/700]: mean_loss=0.1386679969727993
Online_Training [389/700]: mean_loss=0.22310007736086845
Online_Training [390/700]: mean_loss=0.028380749048665166
Online_Training [391/700]: mean_loss=0.025298319524154067
Online_Training [392/700]: mean_loss=0.03349932888522744
Online_Training [393/700]: mean_loss=0.03907140577211976
Online_Training [394/700]: mean_loss=0.03199623432010412
Online_Training [395/700]: mean_loss=0.03005994437262416
Online_Training [396/700]: mean_loss=0.017774963285773993
Online_Training [397/700]: mean_loss=0.024644765770062804
Online_Training [398/700]: mean_loss=0.06535091204568744
Online_Training [399/700]: mean_loss=0.023003513808362186
Online_Training [400/700]: mean_loss=0.021245590411126614
Online_Training [401/700]: mean_loss=0.010400216793641448
Online_Training [402/700]: mean_loss=0.028316278010606766
Online_Training [403/700]: mean_loss=0.04488851549103856
Online_Training [404/700]: mean_loss=0.0309539339505136
Online_Training [405/700]: mean_loss=0.06950422655791044
Online_Training [406/700]: mean_loss=0.11608350370079279
Online_Training [407/700]: mean_loss=0.0337066852953285
Online_Training [408/700]: mean_loss=0.056644872296601534
Online_Training [409/700]: mean_loss=0.02458118600770831
Online_Training [410/700]: mean_loss=0.05794310104101896
Online_Training [411/700]: mean_loss=0.06292303930968046
Online_Training [412/700]: mean_loss=0.04210148938000202
Online_Training [413/700]: mean_loss=0.0565211926586926
Online_Training [414/700]: mean_loss=0.026973117841407657
Online_Training [415/700]: mean_loss=0.12810162361711264
Online_Training [416/700]: mean_loss=0.028952857246622443
Online_Training [417/700]: mean_loss=0.025365410605445504
Online_Training [418/700]: mean_loss=0.06749396026134491
Online_Training [419/700]: mean_loss=0.034409057814627886
Online_Training [420/700]: mean_loss=0.03514585178345442
Online_Training [421/700]: mean_loss=0.041528677102178335
Online_Training [422/700]: mean_loss=0.20487716235220432
Online_Training [423/700]: mean_loss=0.016902785748243332
Online_Training [424/700]: mean_loss=0.06974748522043228
Online_Training [425/700]: mean_loss=0.034042710438370705
Online_Training [426/700]: mean_loss=0.027766142040491104
Online_Training [427/700]: mean_loss=0.08300267066806555
Online_Training [428/700]: mean_loss=0.10140124429017305
Online_Training [429/700]: mean_loss=0.06114884093403816
Online_Training [430/700]: mean_loss=0.005188139213714749
Online_Training [431/700]: mean_loss=0.006547542638145387
Online_Training [432/700]: mean_loss=0.0712998853996396
Online_Training [433/700]: mean_loss=0.04466970404610038
Online_Training [434/700]: mean_loss=0.04348412621766329
Online_Training [435/700]: mean_loss=0.10240317694842815
Online_Training [436/700]: mean_loss=0.011153261875733733
Online_Training [437/700]: mean_loss=0.11116840224713087
Online_Training [438/700]: mean_loss=0.09313249308615923
Online_Training [439/700]: mean_loss=0.06128292251378298
Online_Training [440/700]: mean_loss=0.06356577202677727
Online_Training [441/700]: mean_loss=0.07121800119057298
Online_Training [442/700]: mean_loss=0.036217290442436934
Online_Training [443/700]: mean_loss=0.0259256805293262
Online_Training [444/700]: mean_loss=0.03373676212504506
Online_Training [445/700]: mean_loss=0.08736285101622343
Online_Training [446/700]: mean_loss=0.17086369544267654
Online_Training [447/700]: mean_loss=0.18276404589414597
Online_Training [448/700]: mean_loss=0.08115383889526129
Online_Training [449/700]: mean_loss=0.02563303057104349
Online_Training [450/700]: mean_loss=0.0222287115175277
Online_Training [451/700]: mean_loss=0.032474754145368934
Online_Training [452/700]: mean_loss=0.052621951792389154
Online_Training [453/700]: mean_loss=0.02161406329832971
Online_Training [454/700]: mean_loss=0.012460546684451401
Online_Training [455/700]: mean_loss=0.006407404493074864
Online_Training [456/700]: mean_loss=0.0402469402179122
Online_Training [457/700]: mean_loss=0.08707695920020342
Online_Training [458/700]: mean_loss=0.06908598635345697
Online_Training [459/700]: mean_loss=0.0636730189435184
Online_Training [460/700]: mean_loss=0.13970324024558067
Online_Training [461/700]: mean_loss=0.07720125932246447
Online_Training [462/700]: mean_loss=0.12273736111819744
Online_Training [463/700]: mean_loss=0.03751907730475068
Online_Training [464/700]: mean_loss=0.08476646430790424
Online_Training [465/700]: mean_loss=0.07551717408932745
Online_Training [466/700]: mean_loss=0.07258019596338272
Online_Training [467/700]: mean_loss=0.09143072180449963
Online_Training [468/700]: mean_loss=0.05264157149940729
Online_Training [469/700]: mean_loss=0.014389888499863446
Online_Training [470/700]: mean_loss=0.07269245432689786
Online_Training [471/700]: mean_loss=0.02629823493771255
Online_Training [472/700]: mean_loss=0.020678066881373525
Online_Training [473/700]: mean_loss=0.05112096015363932
Online_Training [474/700]: mean_loss=0.04344951547682285
Online_Training [475/700]: mean_loss=0.04714309051632881
Online_Training [476/700]: mean_loss=0.02470636717043817
Online_Training [477/700]: mean_loss=0.023123793536797166
Online_Training [478/700]: mean_loss=0.00509545102249831
Online_Training [479/700]: mean_loss=0.11395328491926193
Online_Training [480/700]: mean_loss=0.00835977791575715
Online_Training [481/700]: mean_loss=0.07146963384002447
Online_Training [482/700]: mean_loss=0.0833397014066577
Online_Training [483/700]: mean_loss=0.06059644836932421
Online_Training [484/700]: mean_loss=0.01603086374234408
Online_Training [485/700]: mean_loss=0.03815055685117841
Online_Training [486/700]: mean_loss=0.07921012211591005
Online_Training [487/700]: mean_loss=0.0500756255351007
Online_Training [488/700]: mean_loss=0.044105860870331526
Online_Training [489/700]: mean_loss=0.04166134726256132
Online_Training [490/700]: mean_loss=0.014493919559754431
Online_Training [491/700]: mean_loss=0.0477925818413496
Online_Training [492/700]: mean_loss=0.06769774667918682
Online_Training [493/700]: mean_loss=0.006514434819109738
Online_Training [494/700]: mean_loss=0.06658367067575455
Online_Training [495/700]: mean_loss=0.09443309716880322
Online_Training [496/700]: mean_loss=0.05228277388960123
Online_Training [497/700]: mean_loss=0.02822771668434143
Online_Training [498/700]: mean_loss=0.024128534831106663
Online_Training [499/700]: mean_loss=0.09368689078837633
Online_Training [500/700]: mean_loss=0.017761094262823462
Online_Training [501/700]: mean_loss=0.03238647314719856
Online_Training [502/700]: mean_loss=0.02858136547729373
Online_Training [503/700]: mean_loss=0.032261236337944865
Online_Training [504/700]: mean_loss=0.05537791131064296
Online_Training [505/700]: mean_loss=0.030825288500636816
Online_Training [506/700]: mean_loss=0.052299699280411005
Online_Training [507/700]: mean_loss=0.02640192862600088
Online_Training [508/700]: mean_loss=0.04055931465700269
Online_Training [509/700]: mean_loss=0.05661776941269636
Online_Training [510/700]: mean_loss=0.10081251058727503
Online_Training [511/700]: mean_loss=0.09310684911906719
Online_Training [512/700]: mean_loss=0.051184048876166344
Online_Training [513/700]: mean_loss=0.046346894931048155
Online_Training [514/700]: mean_loss=0.06498766597360373
Online_Training [515/700]: mean_loss=0.06400824012234807
Online_Training [516/700]: mean_loss=0.04632948990911245
Online_Training [517/700]: mean_loss=0.06693186704069376
Online_Training [518/700]: mean_loss=0.0142098399810493
Online_Training [519/700]: mean_loss=0.0315153778064996
Online_Training [520/700]: mean_loss=0.059548789635300636
Online_Training [521/700]: mean_loss=0.05962146585807204
Online_Training [522/700]: mean_loss=0.12592447735369205
Online_Training [523/700]: mean_loss=0.06625493802130222
Online_Training [524/700]: mean_loss=0.036812950391322374
Online_Training [525/700]: mean_loss=0.04184666508808732
Online_Training [526/700]: mean_loss=0.058235970325767994
Online_Training [527/700]: mean_loss=0.1315993433818221
Online_Training [528/700]: mean_loss=0.07465720921754837
Online_Training [529/700]: mean_loss=0.04301130911335349
Online_Training [530/700]: mean_loss=0.10793953761458397
Online_Training [531/700]: mean_loss=0.03903981577605009
Online_Training [532/700]: mean_loss=0.038513215724378824
Online_Training [533/700]: mean_loss=0.09476023819297552
Online_Training [534/700]: mean_loss=0.04873885493725538
Online_Training [535/700]: mean_loss=0.025534197222441435
Online_Training [536/700]: mean_loss=0.029384507331997156
Online_Training [537/700]: mean_loss=0.03992325346916914
Online_Training [538/700]: mean_loss=0.10938980709761381
Online_Training [539/700]: mean_loss=0.05975810391828418
Online_Training [540/700]: mean_loss=0.03116522403433919
Online_Training [541/700]: mean_loss=0.16293439827859402
Online_Training [542/700]: mean_loss=0.03856727480888367
Online_Training [543/700]: mean_loss=0.1435357891023159
Online_Training [544/700]: mean_loss=0.024625189835205674
Online_Training [545/700]: mean_loss=0.044731976464390755
Online_Training [546/700]: mean_loss=0.01874203165061772
Online_Training [547/700]: mean_loss=0.08387226890772581
Online_Training [548/700]: mean_loss=0.11815033853054047
Online_Training [549/700]: mean_loss=0.020961242727935314
Online_Training [550/700]: mean_loss=0.02602638234384358
Online_Training [551/700]: mean_loss=0.010243407101370394
Online_Training [552/700]: mean_loss=0.03487592376768589
Online_Training [553/700]: mean_loss=0.01852383022196591
Online_Training [554/700]: mean_loss=0.03224865905940533
Online_Training [555/700]: mean_loss=0.06842642370611429
Online_Training [556/700]: mean_loss=0.03076135623268783
Online_Training [557/700]: mean_loss=0.05277694063261151
Online_Training [558/700]: mean_loss=0.03732130862772465
Online_Training [559/700]: mean_loss=0.02204090845771134
Online_Training [560/700]: mean_loss=0.05482581304386258
Online_Training [561/700]: mean_loss=0.03934270842000842
Online_Training [562/700]: mean_loss=0.03808770654723048
Online_Training [563/700]: mean_loss=0.043148111552000046
Online_Training [564/700]: mean_loss=0.019267817260697484
Online_Training [565/700]: mean_loss=0.14076044037938118
Online_Training [566/700]: mean_loss=0.042694504372775555
Online_Training [567/700]: mean_loss=0.018225171603262424
Online_Training [568/700]: mean_loss=0.013793594320304692
Online_Training [569/700]: mean_loss=0.1265050806105137
Online_Training [570/700]: mean_loss=0.04207221511751413
Online_Training [571/700]: mean_loss=0.011057578958570957
Online_Training [572/700]: mean_loss=0.09478911757469177
Online_Training [573/700]: mean_loss=0.019184453412890434
Online_Training [574/700]: mean_loss=0.07260275166481733
Online_Training [575/700]: mean_loss=0.09295314364135265
Online_Training [576/700]: mean_loss=0.09158646315336227
Online_Training [577/700]: mean_loss=0.1178567660972476
Online_Training [578/700]: mean_loss=0.04989993805065751
Online_Training [579/700]: mean_loss=0.027940949890762568
Online_Training [580/700]: mean_loss=0.030681255739182234
Online_Training [581/700]: mean_loss=0.030348031083121896
Online_Training [582/700]: mean_loss=0.022053491789847612
Online_Training [583/700]: mean_loss=0.06916543841362
Online_Training [584/700]: mean_loss=0.029412914300337434
Online_Training [585/700]: mean_loss=0.10864309594035149
Online_Training [586/700]: mean_loss=0.01918036676943302
Online_Training [587/700]: mean_loss=0.09103603847324848
Online_Training [588/700]: mean_loss=0.04418898839503527
Online_Training [589/700]: mean_loss=0.11740376986563206
Online_Training [590/700]: mean_loss=0.03231729520484805
Online_Training [591/700]: mean_loss=0.06375037552788854
Online_Training [592/700]: mean_loss=0.013426959863863885
Online_Training [593/700]: mean_loss=0.0724515151232481
Online_Training [594/700]: mean_loss=0.018207871122285724
Online_Training [595/700]: mean_loss=0.06475580064579844
Online_Training [596/700]: mean_loss=0.037543070036917925
Online_Training [597/700]: mean_loss=0.02302374574355781
Online_Training [598/700]: mean_loss=0.05977721745148301
Online_Training [599/700]: mean_loss=0.018434140598401427
Online_Training [600/700]: mean_loss=0.0463732467032969
Online_Training [601/700]: mean_loss=0.039956226479262114
Online_Training [602/700]: mean_loss=0.16587179340422153
Online_Training [603/700]: mean_loss=0.36966849863529205
Online_Training [604/700]: mean_loss=0.02461797115392983
Online_Training [605/700]: mean_loss=0.10434088297188282
Online_Training [606/700]: mean_loss=0.047304175328463316
Online_Training [607/700]: mean_loss=0.040296994149684906
Online_Training [608/700]: mean_loss=0.03992666071280837
Online_Training [609/700]: mean_loss=0.05663832230493426
Online_Training [610/700]: mean_loss=0.035222630482167006
Online_Training [611/700]: mean_loss=0.04457778064534068
Online_Training [612/700]: mean_loss=0.029119338607415557
Online_Training [613/700]: mean_loss=0.05932691926136613
Online_Training [614/700]: mean_loss=0.05703095905482769
Online_Training [615/700]: mean_loss=0.051086111925542355
Online_Training [616/700]: mean_loss=0.09914170205593109
Online_Training [617/700]: mean_loss=0.05524289980530739
Online_Training [618/700]: mean_loss=0.06612475402653217
Online_Training [619/700]: mean_loss=0.05781286954879761
Online_Training [620/700]: mean_loss=0.018871494801715016
Online_Training [621/700]: mean_loss=0.029087302973493934
Online_Training [622/700]: mean_loss=0.06251766718924046
Online_Training [623/700]: mean_loss=0.18265549652278423
Online_Training [624/700]: mean_loss=0.05273143807426095
Online_Training [625/700]: mean_loss=0.08849044516682625
Online_Training [626/700]: mean_loss=0.01948025217279792
Online_Training [627/700]: mean_loss=0.043227294459939
Online_Training [628/700]: mean_loss=0.1545686274766922
Online_Training [629/700]: mean_loss=0.052749908063560724
Online_Training [630/700]: mean_loss=0.16871648281812668
Online_Training [631/700]: mean_loss=0.028302306309342384
Online_Training [632/700]: mean_loss=0.21216282807290554
Online_Training [633/700]: mean_loss=0.05154452379792929
Online_Training [634/700]: mean_loss=0.010741499834693968
Online_Training [635/700]: mean_loss=0.017821705667302012
Online_Training [636/700]: mean_loss=0.05003885831683874
Online_Training [637/700]: mean_loss=0.00881865678820759
Online_Training [638/700]: mean_loss=0.04487497452646494
Online_Training [639/700]: mean_loss=0.1475226003676653
Online_Training [640/700]: mean_loss=0.03296588337980211
Online_Training [641/700]: mean_loss=0.03388710506260395
Online_Training [642/700]: mean_loss=0.028808146715164185
Online_Training [643/700]: mean_loss=0.03593982895836234
Online_Training [644/700]: mean_loss=0.05820746533572674
Online_Training [645/700]: mean_loss=0.02929081954061985
Online_Training [646/700]: mean_loss=0.030735423555597663
Online_Training [647/700]: mean_loss=0.012787874205969274
Online_Training [648/700]: mean_loss=0.04839468048885465
Online_Training [649/700]: mean_loss=0.0432789227925241
Online_Training [650/700]: mean_loss=0.058825099375098944
Online_Training [651/700]: mean_loss=0.03503001434728503
Online_Training [652/700]: mean_loss=0.07428557146340609
Online_Training [653/700]: mean_loss=0.07627201685681939
Online_Training [654/700]: mean_loss=0.027406845008954406
Online_Training [655/700]: mean_loss=0.11573491524904966
Online_Training [656/700]: mean_loss=0.031120944069698453
Online_Training [657/700]: mean_loss=0.061694924253970385
Online_Training [658/700]: mean_loss=0.043250234331935644
Online_Training [659/700]: mean_loss=0.10169181134551764
Online_Training [660/700]: mean_loss=0.0284012071788311
Online_Training [661/700]: mean_loss=0.07156115677207708
Online_Training [662/700]: mean_loss=0.07399495039135218
Online_Training [663/700]: mean_loss=0.12305352464318275
Online_Training [664/700]: mean_loss=0.0471112304367125
Online_Training [665/700]: mean_loss=0.07951661292463541
Online_Training [666/700]: mean_loss=0.02974754269234836
Online_Training [667/700]: mean_loss=0.03602548618800938
Online_Training [668/700]: mean_loss=0.07941464520990849
Online_Training [669/700]: mean_loss=0.049681724049150944
Online_Training [670/700]: mean_loss=0.014242777950130403
Online_Training [671/700]: mean_loss=0.03136809985153377
Online_Training [672/700]: mean_loss=0.0920976810157299
Online_Training [673/700]: mean_loss=0.24231753312051296
Online_Training [674/700]: mean_loss=0.0424409219995141
Online_Training [675/700]: mean_loss=0.14152114652097225
Online_Training [676/700]: mean_loss=0.05461720982566476
Online_Training [677/700]: mean_loss=0.03653172170743346
Online_Training [678/700]: mean_loss=0.05972331389784813
Online_Training [679/700]: mean_loss=0.10497436858713627
Online_Training [680/700]: mean_loss=0.03151483763940632
Online_Training [681/700]: mean_loss=0.026742385467514396
Online_Training [682/700]: mean_loss=0.03951376210898161
Online_Training [683/700]: mean_loss=0.04030207870528102
Online_Training [684/700]: mean_loss=0.028207248309627175
Online_Training [685/700]: mean_loss=0.06600972870364785
Online_Training [686/700]: mean_loss=0.01606290298514068
Online_Training [687/700]: mean_loss=0.03786494769155979
Online_Training [688/700]: mean_loss=0.0597721841186285
Online_Training [689/700]: mean_loss=0.03018979635089636
Online_Training [690/700]: mean_loss=0.06995801348239183
Online_Training [691/700]: mean_loss=0.03146804962307215
Online_Training [692/700]: mean_loss=0.07128018792718649
Online_Training [693/700]: mean_loss=0.01550176297314465
Online_Training [694/700]: mean_loss=0.03338773502036929
Online_Training [695/700]: mean_loss=0.07278290297836065
Online_Training [696/700]: mean_loss=0.03620937140658498
Online_Training [697/700]: mean_loss=0.07520577404648066
Online_Training [698/700]: mean_loss=0.05439696554094553
Online_Training [699/700]: mean_loss=0.04944865172728896
Online_Training [700/700]: mean_loss=0.061532671097666025
Number of Samples after Autoencoder testing: 300
First Spike after testing: [-1.0684205 -1.1908869]
[0, 2, 2, 2, 1, 0, 2, 2, 2, 0, 2, 1, 0, 1, 1, 1, 0, 0, 1, 0, 1, 2, 0, 0, 1, 2, 2, 0, 2, 0, 1, 2, 2, 1, 2, 0, 2, 1, 0, 1, 1, 0, 2, 0, 1, 1, 1, 1, 1, 1, 0, 0, 2, 2, 2, 0, 0, 1, 2, 0, 1, 0, 0, 2, 0, 2, 1, 0, 1, 1, 0, 2, 2, 0, 0, 2, 1, 1, 0, 2, 1, 1, 2, 1, 2, 1, 0, 2, 2, 1, 1, 2, 1, 1, 2, 1, 0, 1, 2, 1, 1, 2, 1, 2, 0, 0, 1, 0, 2, 0, 2, 2, 1, 2, 1, 0, 1, 1, 2, 2, 2, 0, 1, 2, 0, 1, 1, 2, 2, 0, 1, 2, 2, 1, 2, 2, 0, 2, 2, 0, 2, 1, 2, 2, 0, 0, 0, 2, 0, 1, 0, 1, 0, 1, 2, 2, 2, 0, 2, 0, 1, 2, 1, 1, 0, 2, 0, 2, 2, 2, 1, 1, 1, 0, 0, 2, 2, 0, 2, 2, 2, 0, 2, 1, 2, 1, 0, 2, 2, 2, 0, 2, 0, 2, 1, 1, 2, 0, 2, 2, 1, 1, 0, 2, 1, 0, 0, 1, 1, 2, 0, 1, 2, 1, 2, 2, 2, 1, 2, 0, 1, 2, 1, 1, 1, 2, 2, 1, 2, 1, 1, 2, 1, 1, 2, 0, 2, 0, 1, 2, 1, 1, 1, 0, 1, 0, 2, 1, 0, 1, 2, 1, 1, 0, 1, 0, 0, 2, 2, 2, 2, 1, 2, 2, 1, 2, 1, 0, 0, 1, 0, 1, 0, 0, 0, 2, 0, 0, 2, 1, 2, 2, 0, 2, 2, 1, 2, 1, 2, 2, 0, 1, 1, 1, 1, 0, 0, 1, 0, 0]
[0, 1, 1, 1, 2, 0, 1, 1, 1, 0, 1, 2, 0, 2, 2, 2, 0, 0, 2, 0, 2, 1, 0, 0, 2, 1, 1, 3, 1, 0, 2, 1, 3, 2, 1, 0, 1, 2, 0, 2, 2, 0, 3, 0, 2, 2, 2, 2, 2, 2, 0, 0, 1, 1, 1, 0, 0, 2, 1, 0, 2, 0, 0, 1, 0, 0, 2, 0, 2, 2, 0, 1, 1, 3, 0, 1, 2, 2, 0, 1, 2, 2, 1, 2, 1, 2, 0, 1, 1, 2, 2, 1, 2, 2, 1, 2, 4, 2, 1, 2, 2, 1, 2, 1, 0, 0, 2, 0, 1, 3, 1, 1, 2, 1, 2, 0, 2, 2, 1, 1, 1, 0, 2, 1, 0, 2, 2, 1, 1, 0, 2, 3, 1, 2, 3, 1, 0, 1, 1, 0, 1, 2, 1, 1, 3, 0, 0, 1, 0, 2, 0, 2, 0, 2, 1, 3, 1, 0, 1, 0, 2, 1, 2, 2, 1, 1, 0, 1, 1, 1, 2, 2, 2, 0, 0, 3, 1, 0, 1, 1, 1, 0, 1, 5, 5, 2, 0, 1, 1, 1, 0, 1, 4, 1, 2, 2, 1, 4, 1, 1, 2, 2, 4, 3, 2, 3, 0, 2, 2, 1, 0, 2, 0, 2, 3, 1, 1, 2, 1, 0, 2, 1, 2, 2, 2, 1, 1, 2, 1, 2, 2, 1, 2, 4, 1, 0, 1, 4, 2, 1, 2, 2, 2, 3, 2, 0, 1, 2, 4, 2, 1, 2, 2, 4, 2, 0, 4, 1, 1, 3, 1, 2, 1, 1, 2, 1, 2, 0, 4, 2, 0, 2, 4, 4, 0, 1, 0, 4, 1, 2, 1, 1, 4, 1, 1, 2, 1, 2, 1, 1, 0, 2, 2, 2, 2, 0, 0, 2, 0, 0]
Centroids: [[-1.2085367, -0.5501974], [1.2812114, -0.033112265], [-0.9669301, 1.5417396]]
Centroids: [[-1.1858517, -0.4741496], [-0.899447, 1.5724698], [1.2907952, -0.03432918], [-1.9360756, 1.1607594], [-0.908946, -1.5811306], [1.3176217, 1.8188747]]
Contingency Matrix: 
[[ 65   1   0   6  13   0]
 [  0   0 101   0   1   1]
 [  2 100   0   9   0   1]]
[[65, 1, 0, 6, 13, 0], [0, 0, 101, 0, 1, 1], [2, 100, 0, 9, 0, 1]]
[[65, 1, 0, 6, 13, 0], [0, 0, 101, 0, 1, 1], [2, 100, 0, 9, 0, 1]]
[0, 1, 2, 3, 4, 5]
[[65, 1, -1, 6, 13, 0], [-1, -1, -1, -1, -1, -1], [2, 100, -1, 9, 0, 1]]
[[65, -1, -1, 6, 13, 0], [-1, -1, -1, -1, -1, -1], [-1, -1, -1, -1, -1, -1]]
[[-1, -1, -1, -1, -1, -1], [-1, -1, -1, -1, -1, -1], [-1, -1, -1, -1, -1, -1]]
Match_Labels: {1: 2, 2: 1, 0: 0}
New Contingency Matrix: 
[[ 65   0   1   6  13   0]
 [  0 101   0   0   1   1]
 [  2   0 100   9   0   1]]
New Clustered Label Sequence: [0, 2, 1, 3, 4, 5]
Diagonal_Elements: [65, 101, 100], Sum: 266
All_Elements: [65, 0, 1, 6, 13, 0, 0, 101, 0, 0, 1, 1, 2, 0, 100, 9, 0, 1], Sum: 300
Accuracy: 0.8866666666666667
