Experiment_path: AE_Model_2/Random_Seeds//V2/Experiment_02_3
Dataset_Path: ../_00_Datasets/03_SimDaten_Quiroga2020/C_Easy2_noise010.mat
Dataset_name: ['03_SimDaten_Quiroga2020', 'C_Easy2_noise010.mat']
Variant_name: Variant_02_Autoencoder_KMeans
Visualisation_Path: Random_Seeds//V2/Experiment_02_3/C_Easy2_noise010.mat/Variant_02_Autoencoder_KMeans/2023_04_20-19_56_02
<_01_LoadDataset.ExternCode.spike_class.spike_dataclass object at 0x0000021146F31B38>
Sampling rate: 24000.0
Raw: [-0.04397287 -0.05368168 -0.05753576 ... -0.17707654 -0.14968225
 -0.12084286]
Times: [   1077    1809    2216 ... 1439324 1439736 1439818]
Cluster: [1 2 3 ... 1 2 3]
Number of different clusters:  3
Number of Spikes: 3520
First aligned Spike Frame: [-5.66507481e-02 -6.59320228e-02 -6.70701971e-02 -7.19520617e-02
 -7.89243788e-02 -8.44863120e-02 -9.23204981e-02 -9.75387283e-02
 -7.89589716e-02 -3.66949571e-02  2.34965171e-04 -2.60677777e-03
 -8.36059782e-02 -2.16751250e-01 -3.29544857e-01 -3.35165947e-01
 -2.03449552e-01  7.47840458e-02  4.22419255e-01  7.09409540e-01
  8.78002642e-01  9.55364309e-01  9.77809330e-01  9.55005143e-01
  8.85120577e-01  8.00574977e-01  7.20670596e-01  6.49598354e-01
  5.48520603e-01  4.27922886e-01  3.27637830e-01  2.50259973e-01
  1.79725440e-01  1.08182425e-01  5.15669298e-02  1.18971249e-02
 -1.33865595e-02 -3.45955406e-02 -6.81150537e-02 -1.12799097e-01
 -1.58924383e-01 -1.84417551e-01 -2.01640893e-01 -2.18864546e-01
 -2.16773696e-01 -2.09095391e-01 -1.81456244e-01]
Cluster 0, Occurrences: 1160
Cluster 1, Occurrences: 1146
Cluster 2, Occurrences: 1214
<torch.utils.data.dataloader.DataLoader object at 0x0000021146F52940>
Epoch [1/8]: mean_loss=0.0003713918517116161
Epoch [2/8]: mean_loss=0.00020193775919985702
Epoch [3/8]: mean_loss=0.0001694409346038645
Epoch [4/8]: mean_loss=0.00016323449096737684
Epoch [5/8]: mean_loss=0.00016106851266654715
Epoch [6/8]: mean_loss=0.00015700192188060927
Epoch [7/8]: mean_loss=0.00015514816576879555
Epoch [8/8]: mean_loss=0.00015391574052046054
Number of Clusters: 3
Number of Samples after Autoencoder testing: 3520
First Spike after testing: [-1.4049023   0.27563608]
[0 1 2 ... 0 1 2]
[1 2 0 ... 1 2 0]
Cluster 0 Occurrences: 1160; KMEANS: 1220
Cluster 1 Occurrences: 1146; KMEANS: 1203
Cluster 2 Occurrences: 1214; KMEANS: 1097
Centroids: [[-1.4567171, -0.1008118], [-0.3787678, 0.18220954], [1.0684807, 2.264582]]
Centroids: [[1.051243, 2.2748742], [-1.4623723, -0.09685173], [-0.31905785, 0.16612464]]
Contingency Matrix: 
[[   0 1155    5]
 [  14   47 1085]
 [1206    1    7]]
[[0, 1155, 5], [14, 47, 1085], [1206, 1, 7]]
[[0, 1155, 5], [14, 47, 1085], [1206, 1, 7]]
[0, 1, 2]
[[-1, 1155, 5], [-1, 47, 1085], [-1, -1, -1]]
[[-1, -1, -1], [-1, -1, 1085], [-1, -1, -1]]
[[-1, -1, -1], [-1, -1, -1], [-1, -1, -1]]
Match_Labels: {2: 0, 0: 1, 1: 2}
New Contingency Matrix: 
[[1155    5    0]
 [  47 1085   14]
 [   1    7 1206]]
New Clustered Label Sequence: [1, 2, 0]
Diagonal_Elements: [1155, 1085, 1206], Sum: 3446
All_Elements: [1155, 5, 0, 47, 1085, 14, 1, 7, 1206], Sum: 3520
Accuracy: 0.9789772727272728
