Seed: 4
Experiment_path: AE_Model_2/Random_Seeds_DV5//V5_1/Experiment_05_4_opt
Dataset_Path: ../_00_Datasets/03_SimDaten_Quiroga2020/C_Drift_Easy2_noise015.mat
Dataset_name: ['03_SimDaten_Quiroga2020', 'C_Drift_Easy2_noise015.mat']
Variant_name: Variant_05_Online_Autoencoder_QLearning_opt
Visualisation_Path: AE_Model_2/Random_Seeds_DV5//V5_1/Experiment_05_4_opt/C_Drift_Easy2_noise015.mat/Variant_05_Online_Autoencoder_QLearning_opt/2023_04_23-12_48_29
Normalisation: False
Template Matching: False
Optimising Autoencoder: True
Update Factor: 1
Noisy Batches: False
Noisy Factor: 0.1
Epochs: 8
Batch Size: 1
maximal Spikes for Autoencoder Training : 700
maximal Spikes for Training: 1000
Input Size: 47
Chosen Model: Convolutional Autoencoder
ConvolutionalAutoencoder(
  (encoder): Sequential(
    (0): Conv1d(1, 6, kernel_size=(6,), stride=(1,))
    (1): LeakyReLU(negative_slope=0.01)
    (2): Conv1d(6, 1, kernel_size=(6,), stride=(1,))
    (3): Flatten(start_dim=1, end_dim=-1)
    (4): Linear(in_features=37, out_features=2, bias=True)
  )
  (decoder): Sequential(
    (0): ConvTranspose1d(1, 6, kernel_size=(6,), stride=(1,))
    (1): LeakyReLU(negative_slope=0.01)
    (2): ConvTranspose1d(6, 1, kernel_size=(6,), stride=(1,))
    (3): Flatten(start_dim=1, end_dim=-1)
    (4): Linear(in_features=12, out_features=47, bias=True)
  )
)
MSELoss()
Adam (
Parameter Group 0
    amsgrad: False
    betas: (0.9, 0.999)
    capturable: False
    differentiable: False
    eps: 1e-08
    foreach: None
    fused: False
    lr: 0.001
    maximize: False
    weight_decay: 0
)
---Q Learning Parameters---
Normalisation: False
Punishment Coefficient: 1.1
Alpha: 0.8
Epsilon: 0.01
Gamma: 0.97
Initial Episode Number: 0
Episode Number Coefficient: 1.4
Number of Random Features: 20
Planning Number: 20
Max Random Features: 60
New Episode Number: 72
New Episode Number: 143
New Episode Number: 215
New Episode Number: 286
New Episode Number: 358
New Episode Number: 429
New Episode Number: 500
                 0      1      2      3      4      5      6      7
new_cluster -19.22 -14.79 -25.78 -15.23 -18.42 -28.65 -64.51 -28.02
c1          -19.22 -14.57 -27.44 -15.63 -18.11 -27.81 -63.84 -29.86
c2          -19.19 -14.51 -27.60 -15.48 -17.33 -27.43 -69.66 -28.93
c3          -19.35 -14.62 -27.06 -15.19 -18.32 -28.87 -63.78 -29.43
c4          -19.22 -14.53 -27.47 -15.49 -17.77 -27.30 -67.09 -29.17
c5          -19.22 -14.71 -26.80 -15.47 -17.23 -28.37 -64.07 -27.99
c6          -19.36 -14.64 -27.15 -15.41 -18.08 -28.99 -65.33 -28.68
c7          -19.22 -14.45 -26.84 -15.52 -17.40 -27.50 -63.79 -28.88
\begin{tabular}{lrrrrrrrr}
\toprule
{} &      0 &      1 &      2 &      3 &      4 &      5 &      6 &      7 \\
\midrule
new\_cluster & -19.22 & -14.79 & -25.78 & -15.23 & -18.42 & -28.65 & -64.51 & -28.02 \\
c1          & -19.22 & -14.57 & -27.44 & -15.63 & -18.11 & -27.81 & -63.84 & -29.86 \\
c2          & -19.19 & -14.51 & -27.60 & -15.48 & -17.33 & -27.43 & -69.66 & -28.93 \\
c3          & -19.35 & -14.62 & -27.06 & -15.19 & -18.32 & -28.87 & -63.78 & -29.43 \\
c4          & -19.22 & -14.53 & -27.47 & -15.49 & -17.77 & -27.30 & -67.09 & -29.17 \\
c5          & -19.22 & -14.71 & -26.80 & -15.47 & -17.23 & -28.37 & -64.07 & -27.99 \\
c6          & -19.36 & -14.64 & -27.15 & -15.41 & -18.08 & -28.99 & -65.33 & -28.68 \\
c7          & -19.22 & -14.45 & -26.84 & -15.52 & -17.40 & -27.50 & -63.79 & -28.88 \\
\bottomrule
\end{tabular}

                                0            1  ...             6             7
new_cluster  [-4.84, new_cluster]  [-0.53, c1]  ...  [-50.27, c6]  [-13.67, c7]
c1           [-4.84, new_cluster]  [-0.52, c1]  ...  [-49.47, c6]  [-15.51, c7]
c2           [-4.84, new_cluster]   [-0.4, c1]  ...  [-55.43, c6]  [-14.58, c7]
c3           [-4.84, new_cluster]  [-0.51, c1]  ...  [-49.42, c6]  [-14.98, c7]
c4           [-4.84, new_cluster]  [-0.24, c1]  ...  [-52.85, c6]  [-14.82, c7]
c5           [-4.84, new_cluster]   [-0.6, c1]  ...   [-49.7, c6]   [-13.9, c7]
c6           [-4.84, new_cluster]  [-0.47, c1]  ...  [-51.07, c6]  [-14.59, c7]
c7           [-4.84, new_cluster]  [-0.37, c1]  ...  [-49.44, c6]  [-14.53, c7]

[8 rows x 8 columns]
\begin{tabular}{lllllllll}
\toprule
{} &                     0 &            1 &             2 &            3 &            4 &             5 &             6 &             7 \\
\midrule
new\_cluster &  [-4.84, new\_cluster] &  [-0.53, c1] &  [-11.66, c2] &  [-0.88, c3] &  [-4.31, c4] &  [-14.23, c5] &  [-50.27, c6] &  [-13.67, c7] \\
c1          &  [-4.84, new\_cluster] &  [-0.52, c1] &  [-13.05, c2] &  [-1.24, c3] &   [-3.9, c4] &   [-13.6, c5] &  [-49.47, c6] &  [-15.51, c7] \\
c2          &  [-4.84, new\_cluster] &   [-0.4, c1] &  [-13.21, c2] &   [-1.1, c3] &  [-3.21, c4] &  [-13.01, c5] &  [-55.43, c6] &  [-14.58, c7] \\
c3          &  [-4.84, new\_cluster] &  [-0.51, c1] &  [-13.01, c2] &  [-1.01, c3] &  [-4.08, c4] &  [-14.45, c5] &  [-49.42, c6] &  [-14.98, c7] \\
c4          &  [-4.84, new\_cluster] &  [-0.24, c1] &  [-13.03, c2] &  [-1.12, c3] &  [-3.66, c4] &  [-13.05, c5] &  [-52.85, c6] &  [-14.82, c7] \\
c5          &  [-4.84, new\_cluster] &   [-0.6, c1] &  [-12.37, c2] &  [-1.09, c3] &  [-2.99, c4] &  [-13.96, c5] &   [-49.7, c6] &   [-13.9, c7] \\
c6          &  [-4.84, new\_cluster] &  [-0.47, c1] &  [-12.77, c2] &  [-1.08, c3] &  [-3.91, c4] &  [-14.57, c5] &  [-51.07, c6] &  [-14.59, c7] \\
c7          &  [-4.84, new\_cluster] &  [-0.37, c1] &  [-12.77, c2] &  [-1.13, c3] &  [-3.29, c4] &  [-13.26, c5] &  [-49.44, c6] &  [-14.53, c7] \\
\bottomrule
\end{tabular}

