Seed: 0
Experiment_path: AE_Model_2/Epochs_2_4_6_8_20/04_Experiment_05_Epochs
Dataset_Path: ../_00_Datasets/03_SimDaten_Quiroga2020/C_Easy1_noise035.mat
Dataset_name: ['03_SimDaten_Quiroga2020', 'C_Easy1_noise035.mat']
Variant_name: V05_Online_AE_QL
Visualisation_Path: AE_Model_2/Epochs_2_4_6_8_20/04_Experiment_05_Epochs/C_Easy1_noise035.mat/V05_Online_AE_QL/2023_05_11-01_17_36
Normalisation: False
Template Matching: False
Optimising Autoencoder: False
Update Factor: 1
Noisy Batches: False
Noisy Factor: 0.001
Epochs: 4
Batch Size: 1
maximal Spikes for Autoencoder Training : 700
maximal Spikes for Training: 1000
Input Size: 47
Chosen Model: Convolutional Autoencoder
ConvolutionalAutoencoder(
  (encoder): Sequential(
    (0): Conv1d(1, 6, kernel_size=(6,), stride=(1,))
    (1): LeakyReLU(negative_slope=0.01)
    (2): Conv1d(6, 1, kernel_size=(6,), stride=(1,))
    (3): Flatten(start_dim=1, end_dim=-1)
    (4): Linear(in_features=37, out_features=2, bias=True)
  )
  (decoder): Sequential(
    (0): ConvTranspose1d(1, 6, kernel_size=(6,), stride=(1,))
    (1): LeakyReLU(negative_slope=0.01)
    (2): ConvTranspose1d(6, 1, kernel_size=(6,), stride=(1,))
    (3): Flatten(start_dim=1, end_dim=-1)
    (4): Linear(in_features=12, out_features=47, bias=True)
  )
)
MSELoss()
Adam (
Parameter Group 0
    amsgrad: False
    betas: (0.9, 0.999)
    capturable: False
    differentiable: False
    eps: 1e-08
    foreach: None
    fused: False
    lr: 0.001
    maximize: False
    weight_decay: 0
)
---Q Learning Parameters---
Normalisation: False
Punishment Coefficient: 1.4
Alpha: 0.8
Epsilon: 0.01
Gamma: 0.97
Initial Episode Number: 0
Episode Number Coefficient: 1.4
Number of Random Features: 20
Planning Number: 20
Max Random Features: 60
New Episode Number: 72
New Episode Number: 143
New Episode Number: 215
New Episode Number: 286
New Episode Number: 358
                 0      1      2      3      4       5
new_cluster -82.22 -88.06 -76.79 -75.76 -86.79 -112.07
c1          -82.22 -87.04 -77.28 -75.39 -87.99 -112.08
c2          -81.63 -86.33 -77.86 -75.94 -87.97 -112.89
c3          -82.48 -85.28 -77.73 -75.72 -88.85 -112.21
c4          -82.23 -85.79 -76.86 -76.44 -89.36 -112.21
c5          -82.22 -86.72 -78.00 -76.05 -87.68 -112.08
\begin{tabular}{lrrrrrr}
\toprule
{} &      0 &      1 &      2 &      3 &      4 &       5 \\
\midrule
new\_cluster & -82.22 & -88.06 & -76.79 & -75.76 & -86.79 & -112.07 \\
c1          & -82.22 & -87.04 & -77.28 & -75.39 & -87.99 & -112.08 \\
c2          & -81.63 & -86.33 & -77.86 & -75.94 & -87.97 & -112.89 \\
c3          & -82.48 & -85.28 & -77.73 & -75.72 & -88.85 & -112.21 \\
c4          & -82.23 & -85.79 & -76.86 & -76.44 & -89.36 & -112.21 \\
c5          & -82.22 & -86.72 & -78.00 & -76.05 & -87.68 & -112.08 \\
\bottomrule
\end{tabular}

                                0             1  ...             4             5
new_cluster  [-7.84, new_cluster]   [-13.8, c1]  ...  [-12.05, c4]  [-38.27, c5]
c1           [-7.84, new_cluster]  [-13.81, c1]  ...  [-13.77, c4]  [-38.27, c5]
c2           [-7.84, new_cluster]   [-12.7, c1]  ...  [-13.64, c4]  [-38.27, c5]
c3           [-7.84, new_cluster]  [-12.05, c1]  ...  [-14.69, c4]  [-38.27, c5]
c4           [-7.84, new_cluster]  [-12.56, c1]  ...  [-15.21, c4]  [-38.27, c5]
c5           [-7.84, new_cluster]  [-13.49, c1]  ...  [-13.29, c4]  [-38.27, c5]

[6 rows x 6 columns]
\begin{tabular}{lllllll}
\toprule
{} &                     0 &             1 &            2 &            3 &             4 &             5 \\
\midrule
new\_cluster &  [-7.84, new\_cluster] &   [-13.8, c1] &  [-3.12, c2] &  [-2.27, c3] &  [-12.05, c4] &  [-38.27, c5] \\
c1          &  [-7.84, new\_cluster] &  [-13.81, c1] &  [-3.35, c2] &  [-1.62, c3] &  [-13.77, c4] &  [-38.27, c5] \\
c2          &  [-7.84, new\_cluster] &   [-12.7, c1] &  [-4.17, c2] &  [-2.24, c3] &  [-13.64, c4] &  [-38.27, c5] \\
c3          &  [-7.84, new\_cluster] &  [-12.05, c1] &  [-4.03, c2] &  [-2.56, c3] &  [-14.69, c4] &  [-38.27, c5] \\
c4          &  [-7.84, new\_cluster] &  [-12.56, c1] &  [-3.03, c2] &  [-2.99, c3] &  [-15.21, c4] &  [-38.27, c5] \\
c5          &  [-7.84, new\_cluster] &  [-13.49, c1] &   [-4.3, c2] &  [-2.55, c3] &  [-13.29, c4] &  [-38.27, c5] \\
\bottomrule
\end{tabular}

