Seed: 0
Experiment_path: Experiment_05
Dataset_Path: ../_00_Datasets/03_SimDaten_Quiroga2020/C_Burst_Easy2_noise015.mat
Dataset_name: ['03_SimDaten_Quiroga2020', 'C_Burst_Easy2_noise015.mat']
Variant_name: Variant_05_Online_Autoencoder_QLearning
Visualisation_Path: AE_Model_2/Epochs_GS_PC//V5_20/C_Burst_Easy2_noise015.mat/Variant_05_Online_Autoencoder_QLearning/1.1
Normalisation: False
Template Matching: False
Optimising Autoencoder: False
Update Factor: 1
Noisy Batches: False
Noisy Factor: 0.001
Epochs: 20
Batch Size: 1
maximal Spikes for Autoencoder Training : 700
maximal Spikes for Training: 1000
Input Size: 47
Chosen Model: Convolutional Autoencoder
ConvolutionalAutoencoder(
  (encoder): Sequential(
    (0): Conv1d(1, 6, kernel_size=(6,), stride=(1,))
    (1): LeakyReLU(negative_slope=0.01)
    (2): Conv1d(6, 1, kernel_size=(6,), stride=(1,))
    (3): Flatten(start_dim=1, end_dim=-1)
    (4): Linear(in_features=37, out_features=2, bias=True)
  )
  (decoder): Sequential(
    (0): ConvTranspose1d(1, 6, kernel_size=(6,), stride=(1,))
    (1): LeakyReLU(negative_slope=0.01)
    (2): ConvTranspose1d(6, 1, kernel_size=(6,), stride=(1,))
    (3): Flatten(start_dim=1, end_dim=-1)
    (4): Linear(in_features=12, out_features=47, bias=True)
  )
)
MSELoss()
Adam (
Parameter Group 0
    amsgrad: False
    betas: (0.9, 0.999)
    capturable: False
    differentiable: False
    eps: 1e-08
    foreach: None
    fused: False
    lr: 0.001
    maximize: False
    weight_decay: 0
)
---Q Learning Parameters---
Normalisation: False
Punishment Coefficient: 1.1
Alpha: 0.8
Epsilon: 0.01
Gamma: 0.97
Initial Episode Number: 0
Episode Number Coefficient: 1.4
Number of Random Features: 20
Planning Number: 20
Max Random Features: 60
New Episode Number: 72
New Episode Number: 143
New Episode Number: 215
New Episode Number: 286
New Episode Number: 358
                 0      1      2      3      4      5
new_cluster -36.44 -33.95 -39.24 -32.12 -56.09 -43.59
c1          -36.48 -33.82 -39.49 -32.64 -54.85 -43.67
c2          -36.57 -33.60 -38.50 -32.08 -53.58 -43.58
c3          -36.57 -33.69 -39.07 -31.79 -56.38 -43.59
c4          -36.09 -34.08 -40.53 -32.08 -56.96 -43.61
c5          -36.48 -34.27 -39.56 -32.17 -57.71 -43.60
\begin{tabular}{lrrrrrr}
\toprule
{} &      0 &      1 &      2 &      3 &      4 &      5 \\
\midrule
new\_cluster & -36.44 & -33.95 & -39.24 & -32.12 & -56.09 & -43.59 \\
c1          & -36.48 & -33.82 & -39.49 & -32.64 & -54.85 & -43.67 \\
c2          & -36.57 & -33.60 & -38.50 & -32.08 & -53.58 & -43.58 \\
c3          & -36.57 & -33.69 & -39.07 & -31.79 & -56.38 & -43.59 \\
c4          & -36.09 & -34.08 & -40.53 & -32.08 & -56.96 & -43.61 \\
c5          & -36.48 & -34.27 & -39.56 & -32.17 & -57.71 & -43.60 \\
\bottomrule
\end{tabular}

                                0            1  ...             4             5
new_cluster  [-4.84, new_cluster]  [-1.85, c1]  ...  [-24.94, c4]  [-12.38, c5]
c1           [-4.84, new_cluster]  [-2.03, c1]  ...  [-23.66, c4]  [-12.38, c5]
c2           [-4.84, new_cluster]  [-1.49, c1]  ...  [-22.39, c4]  [-12.38, c5]
c3           [-4.84, new_cluster]  [-1.88, c1]  ...  [-25.12, c4]  [-12.38, c5]
c4           [-4.84, new_cluster]  [-1.99, c1]  ...  [-25.69, c4]  [-12.38, c5]
c5           [-4.84, new_cluster]  [-2.46, c1]  ...  [-26.26, c4]  [-12.38, c5]

[6 rows x 6 columns]
\begin{tabular}{lllllll}
\toprule
{} &                     0 &            1 &            2 &            3 &             4 &             5 \\
\midrule
new\_cluster &  [-4.84, new\_cluster] &  [-1.85, c1] &  [-8.05, c2] &  [-1.27, c3] &  [-24.94, c4] &  [-12.38, c5] \\
c1          &  [-4.84, new\_cluster] &  [-2.03, c1] &  [-7.96, c2] &  [-1.78, c3] &  [-23.66, c4] &  [-12.38, c5] \\
c2          &  [-4.84, new\_cluster] &  [-1.49, c1] &  [-6.95, c2] &  [-0.84, c3] &  [-22.39, c4] &  [-12.38, c5] \\
c3          &  [-4.84, new\_cluster] &  [-1.88, c1] &  [-7.52, c2] &  [-0.58, c3] &  [-25.12, c4] &  [-12.38, c5] \\
c4          &  [-4.84, new\_cluster] &  [-1.99, c1] &  [-8.98, c2] &  [-0.91, c3] &  [-25.69, c4] &  [-12.38, c5] \\
c5          &  [-4.84, new\_cluster] &  [-2.46, c1] &  [-8.04, c2] &  [-0.89, c3] &  [-26.26, c4] &  [-12.38, c5] \\
\bottomrule
\end{tabular}

