Seed: 2
Experiment_path: AE_Model_2/Random_Seeds_DV5//V5_2/Experiment_05_2_opt_temp
Dataset_Path: ../_00_Datasets/03_SimDaten_Quiroga2020/C_Difficult1_noise015.mat
Dataset_name: ['03_SimDaten_Quiroga2020', 'C_Difficult1_noise015.mat']
Variant_name: Variant_05_Online_Autoencoder_QLearning_opt_temp
Visualisation_Path: AE_Model_2/Random_Seeds_DV5//V5_2/Experiment_05_2_opt_temp/C_Difficult1_noise015.mat/Variant_05_Online_Autoencoder_QLearning_opt_temp/2023_04_23-12_34_16
Normalisation: False
Template Matching: True
Optimising Autoencoder: True
Update Factor: 1
Noisy Batches: False
Noisy Factor: 0.1
Epochs: 8
Batch Size: 1
maximal Spikes for Autoencoder Training : 700
maximal Spikes for Training: 1000
Input Size: 47
Chosen Model: Convolutional Autoencoder
ConvolutionalAutoencoder(
  (encoder): Sequential(
    (0): Conv1d(1, 6, kernel_size=(6,), stride=(1,))
    (1): LeakyReLU(negative_slope=0.01)
    (2): Conv1d(6, 1, kernel_size=(6,), stride=(1,))
    (3): Flatten(start_dim=1, end_dim=-1)
    (4): Linear(in_features=37, out_features=2, bias=True)
  )
  (decoder): Sequential(
    (0): ConvTranspose1d(1, 6, kernel_size=(6,), stride=(1,))
    (1): LeakyReLU(negative_slope=0.01)
    (2): ConvTranspose1d(6, 1, kernel_size=(6,), stride=(1,))
    (3): Flatten(start_dim=1, end_dim=-1)
    (4): Linear(in_features=12, out_features=47, bias=True)
  )
)
MSELoss()
Adam (
Parameter Group 0
    amsgrad: False
    betas: (0.9, 0.999)
    capturable: False
    differentiable: False
    eps: 1e-08
    foreach: None
    fused: False
    lr: 0.001
    maximize: False
    weight_decay: 0
)
---Q Learning Parameters---
Normalisation: False
Punishment Coefficient: 1.1
Alpha: 0.8
Epsilon: 0.01
Gamma: 0.97
Initial Episode Number: 0
Episode Number Coefficient: 1.4
Number of Random Features: 20
Planning Number: 20
Max Random Features: 60
New Episode Number: 72
New Episode Number: 143
New Episode Number: 215
New Episode Number: 286
                0     1     2     3      4
new_cluster -8.06 -3.28 -4.00 -4.05 -13.29
c1          -8.11 -3.18 -3.95 -4.11 -13.29
c2          -8.11 -3.16 -3.81 -4.23 -13.29
c3          -8.11 -3.26 -3.83 -4.52 -13.29
c4          -8.11 -3.28 -3.81 -4.42 -13.29
\begin{tabular}{lrrrrr}
\toprule
{} &     0 &     1 &     2 &     3 &      4 \\
\midrule
new\_cluster & -8.06 & -3.28 & -4.00 & -4.05 & -13.29 \\
c1          & -8.11 & -3.18 & -3.95 & -4.11 & -13.29 \\
c2          & -8.11 & -3.16 & -3.81 & -4.23 & -13.29 \\
c3          & -8.11 & -3.26 & -3.83 & -4.52 & -13.29 \\
c4          & -8.11 & -3.28 & -3.81 & -4.42 & -13.29 \\
\bottomrule
\end{tabular}

                                0            1  ...            3             4
new_cluster  [-4.84, new_cluster]  [-0.18, c1]  ...  [-0.87, c3]  [-10.11, c4]
c1           [-4.84, new_cluster]  [-0.02, c1]  ...  [-0.85, c3]  [-10.11, c4]
c2           [-4.84, new_cluster]  [-0.05, c1]  ...  [-0.96, c3]  [-10.11, c4]
c3           [-4.84, new_cluster]  [-0.14, c1]  ...  [-1.26, c3]  [-10.11, c4]
c4           [-4.84, new_cluster]  [-0.08, c1]  ...  [-1.24, c3]  [-10.11, c4]

[5 rows x 5 columns]
\begin{tabular}{llllll}
\toprule
{} &                     0 &            1 &            2 &            3 &             4 \\
\midrule
new\_cluster &  [-4.84, new\_cluster] &  [-0.18, c1] &  [-0.88, c2] &  [-0.87, c3] &  [-10.11, c4] \\
c1          &  [-4.84, new\_cluster] &  [-0.02, c1] &  [-0.88, c2] &  [-0.85, c3] &  [-10.11, c4] \\
c2          &  [-4.84, new\_cluster] &  [-0.05, c1] &  [-0.73, c2] &  [-0.96, c3] &  [-10.11, c4] \\
c3          &  [-4.84, new\_cluster] &  [-0.14, c1] &   [-0.7, c2] &  [-1.26, c3] &  [-10.11, c4] \\
c4          &  [-4.84, new\_cluster] &  [-0.08, c1] &  [-0.69, c2] &  [-1.24, c3] &  [-10.11, c4] \\
\bottomrule
\end{tabular}

