Seed: 0
Experiment_path: AE_Model_1/Normalization/Experiment_04_norm
Dataset_Path: ../_00_Datasets/03_SimDaten_Quiroga2020/C_Difficult2_noise010.mat
Dataset_name: ['03_SimDaten_Quiroga2020', 'C_Difficult2_noise010.mat']
Variant_name: V04_Off_AE_QL_norm
Visualisation_Path: AE_Model_1/Normalization/Experiment_04_norm/C_Difficult2_noise010.mat/V04_Off_AE_QL_norm/2023_06_04-20_26_36
Split Ratio: 0.9
Epochs: 8
Batch Size: 1
Input Size: 47
Number of Features: 2
Chosen Model: Autoencoder
Autoencoder(
  (encoder): Sequential(
    (0): Linear(in_features=47, out_features=12, bias=True)
    (1): LeakyReLU(negative_slope=0.01)
    (2): Linear(in_features=12, out_features=2, bias=True)
  )
  (decoder): Sequential(
    (0): Linear(in_features=2, out_features=12, bias=True)
    (1): LeakyReLU(negative_slope=0.01)
    (2): Linear(in_features=12, out_features=47, bias=True)
  )
)
MSELoss()
Adam (
Parameter Group 0
    amsgrad: False
    betas: (0.9, 0.999)
    capturable: False
    differentiable: False
    eps: 1e-08
    foreach: None
    fused: False
    lr: 0.001
    maximize: False
    weight_decay: 0
)
---Q Learning Parameters---
Normalisation: True
Punishment Coefficient: 0.4
Alpha: 0.8
Epsilon: 0.01
Gamma: 0.97
Initial Episode Number: 0
Episode Number Coefficient: 1.4
Number of Random Features: 20
Planning Number: 20
Max Random Features: 60
New Episode Number: 72
New Episode Number: 143
                0     1     2
new_cluster -4.32 -3.95 -3.82
c1          -4.35 -3.94 -3.84
c2          -4.35 -3.93 -3.84
\begin{tabular}{lrrr}
\toprule
{} &     0 &     1 &     2 \\
\midrule
new\_cluster & -4.32 & -3.95 & -3.82 \\
c1          & -4.35 & -3.94 & -3.84 \\
c2          & -4.35 & -3.93 & -3.84 \\
\bottomrule
\end{tabular}

                                0            1            2
new_cluster  [-0.64, new_cluster]  [-0.22, c1]   [-0.1, c2]
c1           [-0.64, new_cluster]  [-0.21, c1]  [-0.12, c2]
c2           [-0.64, new_cluster]   [-0.2, c1]  [-0.11, c2]
\begin{tabular}{llll}
\toprule
{} &                     0 &            1 &            2 \\
\midrule
new\_cluster &  [-0.64, new\_cluster] &  [-0.22, c1] &   [-0.1, c2] \\
c1          &  [-0.64, new\_cluster] &  [-0.21, c1] &  [-0.12, c2] \\
c2          &  [-0.64, new\_cluster] &   [-0.2, c1] &  [-0.11, c2] \\
\bottomrule
\end{tabular}

