Seed: 0
Experiment_path: Experiment_06
Dataset_Path: ../_00_Datasets/03_SimDaten_Quiroga2020/C_Easy1_noise035.mat
Dataset_name: ['03_SimDaten_Quiroga2020', 'C_Easy1_noise035.mat']
Variant_name: Variant_05_Online_Autoencoder_QLearning_opt
Visualisation_Path: AE_Model_2/Grid_Search_PC//V5_1/C_Easy1_noise035.mat/Variant_05_Online_Autoencoder_QLearning_opt/2023_05_04-00_56_59
Normalisation: False
Template Matching: False
Optimising Autoencoder: True
Update Factor: 1
Noisy Batches: False
Noisy Factor: 0.001
Epochs: 8
Batch Size: 1
maximal Spikes for Autoencoder Training : 700
maximal Spikes for Training: 1000
Input Size: 47
Chosen Model: Convolutional Autoencoder
ConvolutionalAutoencoder(
  (encoder): Sequential(
    (0): Conv1d(1, 6, kernel_size=(6,), stride=(1,))
    (1): LeakyReLU(negative_slope=0.01)
    (2): Conv1d(6, 1, kernel_size=(6,), stride=(1,))
    (3): Flatten(start_dim=1, end_dim=-1)
    (4): Linear(in_features=37, out_features=2, bias=True)
  )
  (decoder): Sequential(
    (0): ConvTranspose1d(1, 6, kernel_size=(6,), stride=(1,))
    (1): LeakyReLU(negative_slope=0.01)
    (2): ConvTranspose1d(6, 1, kernel_size=(6,), stride=(1,))
    (3): Flatten(start_dim=1, end_dim=-1)
    (4): Linear(in_features=12, out_features=47, bias=True)
  )
)
MSELoss()
Adam (
Parameter Group 0
    amsgrad: False
    betas: (0.9, 0.999)
    capturable: False
    differentiable: False
    eps: 1e-08
    foreach: None
    fused: False
    lr: 0.001
    maximize: False
    weight_decay: 0
)
---Q Learning Parameters---
Normalisation: False
Punishment Coefficient: 0.3
Alpha: 0.8
Epsilon: 0.01
Gamma: 0.97
Initial Episode Number: 0
Episode Number Coefficient: 1.4
Number of Random Features: 20
Planning Number: 20
Max Random Features: 60
New Episode Number: 72
New Episode Number: 143
New Episode Number: 215
New Episode Number: 286
New Episode Number: 358
New Episode Number: 429
New Episode Number: 500
New Episode Number: 572
New Episode Number: 643
New Episode Number: 715
New Episode Number: 786
New Episode Number: 858
New Episode Number: 929
New Episode Number: 1000
New Episode Number: 1072
New Episode Number: 1143
New Episode Number: 1215
New Episode Number: 1286
New Episode Number: 1358
New Episode Number: 1429
New Episode Number: 1501
New Episode Number: 1572
New Episode Number: 1643
New Episode Number: 1715
New Episode Number: 1786
New Episode Number: 1858
New Episode Number: 1929
New Episode Number: 2000
New Episode Number: 2072
New Episode Number: 2143
New Episode Number: 2215
New Episode Number: 2286
New Episode Number: 2358
New Episode Number: 2429
New Episode Number: 2500
New Episode Number: 2572
New Episode Number: 2643
New Episode Number: 2715
New Episode Number: 2786
New Episode Number: 2858
New Episode Number: 2929
New Episode Number: 3001
New Episode Number: 3072
New Episode Number: 3143
New Episode Number: 3215
New Episode Number: 3286
New Episode Number: 3358
New Episode Number: 3429
New Episode Number: 3500
New Episode Number: 3572
New Episode Number: 3643
New Episode Number: 3715
               0      1     2      3      4   ...     48     49    50     51    52
new_cluster -5.33 -26.15 -5.44 -11.02 -28.81  ... -19.70 -12.90 -6.82 -12.96 -5.26
c1          -4.66 -22.86 -4.78 -11.08 -28.72  ... -23.42 -12.54 -6.70 -13.62 -5.00
c2          -5.26 -24.64 -5.58 -11.05 -28.81  ... -23.14 -11.94 -6.85 -13.94 -5.24
c3          -4.68 -25.85 -4.52 -11.58 -28.37  ... -23.42 -12.89 -6.81 -14.17 -0.29
c4          -5.17 -25.50 -4.31 -11.19 -28.77  ... -23.04 -13.06 -6.85 -14.13  0.00
c5          -4.62 -22.48 -3.95 -11.25 -29.45  ... -22.93 -13.23 -6.85 -11.37 -5.07
c6          -4.77 -25.46 -4.91 -11.49 -28.21  ... -23.42 -12.57 -6.69 -14.13 -4.15
c7          -5.24 -24.08 -4.42 -10.97 -29.08  ... -21.90 -13.34 -5.91 -13.91 -3.17
c8          -3.66 -23.55 -4.34 -11.56 -29.06  ... -23.01 -13.61 -6.82 -13.91  0.00
c9          -4.79 -23.35 -3.96 -11.64 -28.09  ... -23.32 -13.01 -6.84 -14.18  0.00
c10         -5.05 -25.76 -4.58 -11.10 -28.84  ... -23.34 -12.41 -6.84 -14.00 -5.00
c11         -4.96 -22.40 -5.51 -11.51 -29.04  ... -22.64 -11.77 -6.69 -14.18 -5.08
c12         -4.52 -23.44 -5.19 -11.30 -29.24  ... -23.16 -11.82 -6.82 -14.02 -5.11
c13         -4.96 -25.75 -4.50 -11.54 -27.60  ... -21.90 -13.20 -6.82 -14.17 -5.03
c14         -5.15 -25.05 -5.39 -10.71 -28.63  ... -21.48 -12.05 -6.82 -14.07 -5.05
c15         -4.89 -26.74 -5.40 -11.19 -28.27  ... -23.42 -12.19 -6.84 -14.16 -5.15
c16         -3.57 -23.77 -4.87 -11.63 -28.97  ... -23.31 -13.10 -6.81 -14.17 -4.41
c17         -4.82 -23.60 -5.27 -11.59 -28.77  ... -23.04 -13.17 -6.85 -13.62 -4.66
c18         -5.25 -26.28 -5.39 -11.14 -29.00  ... -23.40 -10.48 -6.82 -14.00 -4.67
c19         -4.74 -25.78 -4.17 -11.67 -28.68  ... -23.28 -11.93 -6.82 -14.07  0.00
c20         -4.77 -22.48 -5.13 -11.54 -29.00  ... -23.41 -13.20 -5.99 -13.94 -4.42
c21         -5.29 -23.57 -5.56 -11.09 -28.35  ... -22.99 -12.58 -6.82 -14.13 -5.08
c22         -5.21 -24.39 -4.84 -11.47 -28.23  ... -23.42 -12.34 -6.06 -14.07 -4.71
c23         -4.81 -24.41 -5.56 -11.54 -28.38  ... -23.35 -11.75 -6.66 -13.91 -5.11
c24         -4.42 -23.40 -5.28 -11.27 -29.20  ... -20.77 -13.46 -6.81 -13.46 -5.11
c25         -5.21 -25.61 -5.55 -11.42 -28.31  ... -22.11 -13.08 -6.81 -14.07 -5.07
c26         -4.81 -24.92 -5.44 -11.87 -28.99  ... -22.82 -12.49 -5.86 -14.00 -4.86
c27         -3.16 -26.20 -4.88 -11.17 -29.17  ... -23.34 -12.44 -6.82 -13.91 -4.28
c28         -5.26 -25.51 -5.46 -11.34 -28.83  ... -23.00 -11.70 -6.82 -13.62 -5.34
c29         -4.68 -23.80 -5.48 -11.23 -28.24  ... -23.27 -13.21 -6.84 -13.32 -5.01
c30         -5.03 -22.53 -5.22 -11.95 -28.77  ... -22.82 -12.54 -6.80 -14.00 -4.47
c31         -4.56 -23.84 -3.39 -11.62 -28.10  ... -23.27 -12.98 -5.85 -12.82 -4.38
c32         -4.60 -25.22 -5.42 -11.27 -29.06  ... -23.41 -13.00 -6.82 -13.91 -4.47
c33         -5.28 -23.17 -5.39 -11.39 -28.86  ... -23.41 -12.28 -6.69 -14.13 -5.21
c34         -4.56 -25.67 -4.86 -11.29 -28.51  ... -23.42 -12.59 -6.85 -14.18 -5.04
c35         -4.85 -25.86 -4.84 -11.32 -29.26  ... -23.42 -13.37 -6.82 -14.13 -4.74
c36         -5.27 -25.45 -5.30 -11.21 -28.97  ... -22.68 -12.63 -6.47 -13.91 -4.64
c37         -4.50 -26.44 -5.25 -11.59 -28.76  ... -23.41 -12.47 -6.82 -14.18 -4.17
c38         -3.83 -23.85 -5.31 -11.00 -29.18  ... -23.35 -13.39 -6.82 -11.35  0.00
c39         -5.15 -22.87 -5.02 -11.53 -29.20  ... -23.41 -13.35 -5.73 -14.15 -2.28
c40         -4.75 -24.25 -4.87 -11.31 -28.72  ... -23.39 -12.18 -6.82 -13.94 -4.97
c41         -5.12 -26.11 -5.11 -11.53 -29.18  ... -23.33 -11.69 -5.53 -11.37 -4.61
c42         -4.51 -22.52 -4.49 -11.37 -28.60  ... -23.01 -12.59 -6.84 -13.28 -4.28
c43         -4.89 -25.89 -4.80 -11.57 -28.57  ... -23.41 -13.16 -6.85 -13.97 -4.94
c44         -5.12 -24.06 -4.07 -11.23 -28.57  ... -23.38 -12.93 -6.84 -12.96 -5.22
c45         -5.10 -25.87 -5.05 -11.18 -29.55  ... -23.27 -11.74 -6.68 -12.82 -4.77
c46         -4.59 -23.96 -5.46 -11.23 -29.07  ... -23.41 -13.40 -6.82 -14.17 -4.53
c47         -5.36 -23.82 -5.62 -11.00 -28.74  ... -22.01 -12.70 -6.80 -11.28 -5.12
c48         -4.03 -25.47 -5.20 -11.25 -28.64  ... -22.74 -10.62 -6.81 -14.13 -5.22
c49         -4.69 -25.92 -5.42 -11.52 -28.76  ... -22.84 -13.16 -6.85 -13.94 -5.30
c50         -2.94 -25.97 -4.29 -11.25 -28.91  ... -23.32 -13.45 -6.03 -14.00 -5.14
c51         -5.13 -25.29 -5.22 -11.16 -29.73  ... -23.20 -11.37 -6.82 -12.37 -4.88
c52         -5.23 -26.25 -5.43 -11.14 -28.37  ... -22.76 -13.17 -6.84 -13.62 -5.31

[53 rows x 53 columns]
\begin{tabular}{lrrrrrrrrrrrrrrrrrrrrrrrrrrrrrrrrrrrrrrrrrrrrrrrrrrrrr}
\toprule
{} &    0  &     1  &    2  &     3  &     4  &    5  &     6  &     7  &    8  &     9  &    10 &    11 &     12 &     13 &    14 &    15 &     16 &     17 &     18 &     19 &    20 &    21 &     22 &    23 &    24 &     25 &     26 &     27 &    28 &     29 &     30 &     31 &     32 &    33 &     34 &     35 &     36 &     37 &    38 &     39 &    40 &    41 &     42 &     43 &     44 &     45 &     46 &    47 &     48 &     49 &    50 &     51 &    52 \\
\midrule
new\_cluster & -5.33 & -26.15 & -5.44 & -11.02 & -28.81 & -7.09 & -23.12 & -13.84 & -9.57 & -16.06 & -5.78 & -5.48 & -10.57 & -10.57 & -6.17 & -5.90 & -32.87 & -18.95 & -14.80 & -15.00 & -5.91 & -5.48 & -22.21 & -7.51 & -8.05 & -11.28 & -33.90 & -17.76 & -5.24 & -16.80 & -16.12 & -14.18 & -27.60 & -5.29 & -22.57 & -29.13 & -11.77 & -30.83 & -7.56 & -16.17 & -5.77 & -6.30 & -30.62 & -43.65 & -28.39 & -12.42 & -22.46 & -5.50 & -19.70 & -12.90 & -6.82 & -12.96 & -5.26 \\
c1          & -4.66 & -22.86 & -4.78 & -11.08 & -28.72 & -7.16 & -21.45 & -12.98 & -9.50 & -15.93 & -5.90 & -4.60 & -10.00 &  -9.63 & -3.84 & -5.90 & -33.04 & -20.36 & -15.69 & -14.38 & -6.71 & -5.05 & -21.46 & -7.88 & -7.45 & -11.17 & -36.07 & -15.97 & -4.49 & -18.50 & -16.86 & -14.48 & -26.69 & -4.93 & -22.42 & -32.57 & -11.58 & -30.82 & -7.56 & -15.68 & -4.77 & -6.29 & -30.53 & -44.04 & -28.69 & -10.90 & -22.49 & -5.51 & -23.42 & -12.54 & -6.70 & -13.62 & -5.00 \\
c2          & -5.26 & -24.64 & -5.58 & -11.05 & -28.81 & -7.16 & -23.23 & -13.66 & -9.29 & -15.67 & -5.71 & -4.90 &  -9.38 & -10.39 & -6.59 & -5.21 & -30.49 & -17.39 & -12.87 & -14.17 & -6.80 & -5.33 & -21.49 & -7.65 & -7.15 & -11.34 & -35.10 & -16.93 & -4.88 & -18.48 & -16.15 & -13.74 & -25.28 & -5.18 & -22.43 & -32.39 & -11.58 & -29.85 & -7.56 & -16.35 & -5.83 & -6.52 & -30.96 & -44.11 & -29.84 & -12.00 & -22.05 & -5.77 & -23.14 & -11.94 & -6.85 & -13.94 & -5.24 \\
c3          & -4.68 & -25.85 & -4.52 & -11.58 & -28.37 & -5.32 & -22.69 & -13.95 & -9.23 & -16.10 & -5.94 & -4.26 &  -7.35 & -10.69 & -6.62 & -6.24 & -33.53 & -17.82 & -13.16 & -14.29 & -6.71 & -4.34 & -20.06 & -7.86 & -7.99 & -10.73 & -35.66 & -18.22 & -4.91 & -17.38 & -15.47 & -13.81 & -24.69 & -5.11 & -22.33 & -32.29 & -11.69 & -30.83 & -7.56 & -15.89 & -4.93 & -5.21 & -30.33 & -44.50 & -29.56 & -11.37 & -22.54 & -5.80 & -23.42 & -12.89 & -6.81 & -14.17 & -0.29 \\
c4          & -5.17 & -25.50 & -4.31 & -11.19 & -28.77 & -7.62 & -24.46 & -13.63 & -9.70 & -15.78 & -5.60 & -5.11 &  -9.61 & -11.41 & -6.76 & -6.25 & -33.43 & -18.31 & -14.73 & -14.36 & -6.80 & -4.74 & -22.48 & -8.16 & -7.87 & -11.30 & -34.98 & -16.15 & -3.74 & -17.42 & -16.83 & -13.57 & -25.01 & -4.55 & -22.76 & -32.54 & -11.12 & -29.84 & -7.56 & -15.93 & -6.40 & -6.48 & -30.96 & -44.13 & -25.04 & -12.27 & -22.15 & -5.57 & -23.04 & -13.06 & -6.85 & -14.13 &  0.00 \\
c5          & -4.62 & -22.48 & -3.95 & -11.25 & -29.45 & -7.00 & -23.67 & -14.00 & -9.77 & -15.79 & -5.91 & -5.26 &  -9.92 & -11.67 & -6.24 & -5.08 & -33.02 & -19.31 & -13.91 & -14.41 & -6.18 & -5.00 & -21.44 & -7.65 & -8.22 &  -9.59 & -35.46 & -17.54 & -5.01 & -18.42 & -16.79 & -14.15 & -26.82 & -4.86 & -22.37 & -32.73 & -11.16 & -30.83 & -7.56 & -16.28 & -5.09 & -6.51 & -29.93 & -43.59 & -32.51 & -12.08 & -21.48 & -5.61 & -22.93 & -13.23 & -6.85 & -11.37 & -5.07 \\
c6          & -4.77 & -25.46 & -4.91 & -11.49 & -28.21 & -7.65 & -23.77 & -14.07 & -9.33 & -15.60 & -5.70 & -5.45 &  -9.44 & -10.29 & -6.64 & -5.09 & -32.54 & -19.36 & -14.77 & -14.36 & -6.64 & -5.37 & -22.19 & -7.70 & -4.56 & -11.04 & -36.00 & -17.38 & -4.43 & -18.11 & -16.10 & -11.37 & -24.55 & -4.99 & -22.12 & -31.72 & -11.69 & -29.85 & -7.56 & -15.90 & -5.72 & -6.41 & -30.20 & -44.11 & -19.42 & -11.93 & -22.73 & -4.92 & -23.42 & -12.57 & -6.69 & -14.13 & -4.15 \\
c7          & -5.24 & -24.08 & -4.42 & -10.97 & -29.08 & -7.27 & -21.96 & -13.85 & -9.42 & -15.20 & -5.57 & -5.41 & -10.34 & -11.01 & -6.73 & -4.98 & -31.65 & -20.02 & -12.71 & -15.10 & -6.82 & -3.71 & -22.24 & -7.88 & -7.44 & -10.77 & -37.09 & -17.18 & -5.10 & -17.74 & -15.56 & -14.26 & -24.82 & -5.26 & -22.66 & -32.62 & -12.02 & -30.81 & -7.56 & -15.88 & -5.86 & -5.51 & -30.34 & -41.42 & -29.66 &  -9.38 & -21.68 & -5.50 & -21.90 & -13.34 & -5.91 & -13.91 & -3.17 \\
c8          & -3.66 & -23.55 & -4.34 & -11.56 & -29.06 & -7.89 & -23.27 & -13.80 & -9.52 & -15.91 & -5.14 & -5.19 & -10.28 & -11.27 & -6.73 & -4.42 & -32.18 & -19.30 & -13.70 & -14.17 & -5.85 & -4.09 & -22.25 & -7.65 & -7.96 &  -7.79 & -35.06 & -18.41 & -3.21 & -16.92 & -17.16 & -13.87 & -24.78 & -5.23 & -22.41 & -31.42 &  -9.95 & -30.83 & -7.56 & -15.56 & -5.89 & -6.41 & -30.39 & -41.42 & -30.65 & -11.85 & -22.12 & -5.45 & -23.01 & -13.61 & -6.82 & -13.91 &  0.00 \\
c9          & -4.79 & -23.35 & -3.96 & -11.64 & -28.09 & -7.58 & -21.04 & -13.29 & -9.09 & -15.95 & -4.08 & -4.97 &  -9.73 & -10.53 & -6.75 & -4.97 & -33.00 & -20.27 & -15.57 & -14.75 & -6.20 & -5.13 & -22.30 & -7.83 & -3.86 & -11.06 & -34.62 & -17.82 & -4.43 & -18.58 & -16.74 & -11.61 & -27.20 & -4.88 & -22.41 & -32.79 & -11.50 & -30.83 & -7.56 & -15.82 & -6.00 & -6.38 & -30.37 & -43.59 & -35.37 & -12.26 & -22.34 & -4.75 & -23.32 & -13.01 & -6.84 & -14.18 &  0.00 \\
c10         & -5.05 & -25.76 & -4.58 & -11.10 & -28.84 & -7.34 & -23.19 & -11.45 & -9.64 & -15.41 & -5.87 & -5.12 &  -9.68 & -11.30 & -6.04 & -4.73 & -33.70 & -18.21 & -15.14 & -14.30 & -6.41 & -5.19 & -20.89 & -7.79 & -7.39 & -10.92 & -36.60 & -17.25 & -5.25 & -17.96 & -16.69 & -14.14 & -24.36 & -5.30 & -22.74 & -32.11 & -10.85 & -31.01 & -7.56 & -15.82 & -5.09 & -6.51 & -30.94 & -44.22 & -27.45 & -11.98 & -20.12 & -4.62 & -23.34 & -12.41 & -6.84 & -14.00 & -5.00 \\
c11         & -4.96 & -22.40 & -5.51 & -11.51 & -29.04 & -4.96 & -23.38 & -11.61 & -9.47 & -15.48 & -5.86 & -5.40 & -10.70 & -11.61 & -6.60 & -5.14 & -33.66 & -17.30 & -14.96 & -14.99 & -6.77 & -5.41 & -21.67 & -7.80 & -8.28 &  -7.83 & -34.37 & -17.08 & -5.22 & -17.66 & -16.49 & -12.06 & -26.69 & -5.08 & -21.95 & -31.85 & -11.78 & -30.82 & -7.56 & -15.85 & -5.20 & -6.29 & -30.62 & -44.22 & -31.02 &  -9.20 & -21.47 & -5.73 & -22.64 & -11.77 & -6.69 & -14.18 & -5.08 \\
c12         & -4.52 & -23.44 & -5.19 & -11.30 & -29.24 & -7.41 & -20.85 & -14.36 & -9.18 & -15.98 & -5.15 & -5.19 &  -9.39 & -10.64 & -6.73 & -6.23 & -34.10 & -21.29 & -14.84 & -14.75 & -6.01 & -5.01 & -21.91 & -7.67 & -7.29 & -11.75 & -35.57 & -18.86 & -4.48 & -17.37 & -16.80 & -14.04 & -26.80 & -5.23 & -22.34 & -32.78 & -11.93 & -30.83 & -7.56 & -15.37 & -5.07 & -6.51 & -31.00 & -43.59 & -39.70 & -12.17 & -21.53 & -5.75 & -23.16 & -11.82 & -6.82 & -14.02 & -5.11 \\
c13         & -4.96 & -25.75 & -4.50 & -11.54 & -27.60 & -5.10 & -23.42 & -14.19 & -9.44 & -15.59 & -5.92 & -5.45 & -10.30 & -11.35 & -7.12 & -5.05 & -32.88 & -19.51 & -14.79 & -14.65 & -6.33 & -5.23 & -20.69 & -7.79 & -8.12 &  -9.85 & -35.42 & -18.44 & -4.75 & -18.49 & -15.85 & -13.99 & -24.31 & -4.02 & -22.45 & -32.60 & -11.37 & -30.83 & -7.56 & -15.67 & -3.77 & -6.40 & -30.35 & -44.88 & -32.34 & -12.17 & -22.07 & -4.42 & -21.90 & -13.20 & -6.82 & -14.17 & -5.03 \\
c14         & -5.15 & -25.05 & -5.39 & -10.71 & -28.63 & -5.50 & -23.04 & -13.77 & -9.54 & -15.38 & -4.45 & -4.91 &  -9.64 & -11.49 & -6.43 & -5.79 & -32.61 & -21.05 & -13.05 & -15.00 & -6.27 & -4.65 & -20.38 & -7.59 & -7.75 &  -8.45 & -34.86 & -16.67 & -4.72 & -18.06 & -16.44 & -13.41 & -26.55 & -5.12 & -22.09 & -31.87 & -11.74 & -30.81 & -7.56 & -15.71 & -6.12 & -6.35 & -31.08 & -44.13 & -38.78 & -11.79 & -22.15 & -5.85 & -21.48 & -12.05 & -6.82 & -14.07 & -5.05 \\
c15         & -4.89 & -26.74 & -5.40 & -11.19 & -28.27 & -7.95 & -23.40 & -11.01 & -9.37 & -15.95 & -5.99 & -5.41 &  -9.44 & -10.99 & -6.27 & -5.32 & -33.41 & -19.75 & -15.03 & -13.68 & -6.96 & -5.22 & -22.99 & -7.59 & -7.02 & -10.80 & -35.61 & -17.93 & -5.27 & -18.07 & -16.50 & -13.88 & -27.23 & -5.22 & -22.26 & -31.43 & -11.69 & -29.84 & -7.56 & -15.80 & -5.39 & -6.38 & -31.09 & -44.28 & -31.91 & -11.64 & -22.06 & -5.55 & -23.42 & -12.19 & -6.84 & -14.16 & -5.15 \\
c16         & -3.57 & -23.77 & -4.87 & -11.63 & -28.97 & -5.31 & -21.32 & -13.43 & -9.79 & -15.67 & -5.19 & -4.57 & -10.81 & -10.82 & -6.44 & -5.13 & -32.90 & -18.67 & -15.44 & -14.56 & -6.75 & -4.76 & -20.88 & -7.81 & -4.12 & -10.28 & -33.34 & -18.05 & -5.19 & -17.32 & -15.16 & -14.25 & -24.87 & -4.85 & -22.11 & -32.78 & -11.44 & -29.56 & -7.56 & -15.22 & -6.18 & -5.58 & -29.98 & -43.59 & -25.57 & -12.04 & -22.49 & -5.57 & -23.31 & -13.10 & -6.81 & -14.17 & -4.41 \\
c17         & -4.82 & -23.60 & -5.27 & -11.59 & -28.77 & -7.70 & -23.52 & -11.60 & -9.22 & -16.11 & -5.95 & -2.63 &  -9.65 & -11.20 & -6.61 & -5.12 & -31.67 & -19.34 & -15.49 & -14.84 & -6.87 & -4.13 & -21.72 & -7.61 & -7.87 & -10.23 & -34.47 & -17.88 & -5.15 & -17.83 & -16.26 & -11.51 & -26.62 & -5.35 & -22.95 & -31.51 & -11.24 & -30.83 & -7.56 & -15.86 & -4.71 & -6.50 & -31.08 & -43.59 & -34.49 & -11.28 & -22.53 & -4.57 & -23.04 & -13.17 & -6.85 & -13.62 & -4.66 \\
c18         & -5.25 & -26.28 & -5.39 & -11.14 & -29.00 & -5.18 & -23.75 & -14.11 & -9.30 & -16.32 & -6.15 & -4.96 &  -8.60 & -11.40 & -6.31 & -4.84 & -33.74 & -19.67 & -15.68 & -14.77 & -6.81 & -4.90 & -22.07 & -7.63 & -7.15 & -10.77 & -36.06 & -17.95 & -5.13 & -18.74 & -16.14 & -14.09 & -24.70 & -4.11 & -22.11 & -32.57 & -11.41 & -30.83 & -7.56 & -15.66 & -6.09 & -6.35 & -29.86 & -43.59 & -29.41 & -11.14 & -22.20 & -5.59 & -23.40 & -10.48 & -6.82 & -14.00 & -4.67 \\
c19         & -4.74 & -25.78 & -4.17 & -11.67 & -28.68 & -5.41 & -22.74 & -11.85 & -9.47 & -15.96 & -5.01 & -4.73 & -10.62 & -10.92 & -6.69 & -5.73 & -33.87 & -20.55 & -13.30 & -13.77 & -6.80 & -5.46 & -21.86 & -7.94 & -8.21 & -11.66 & -35.42 & -17.17 & -4.76 & -18.59 & -15.70 & -11.45 & -26.95 & -5.24 & -22.29 & -32.51 & -11.22 & -30.82 & -7.56 & -15.86 & -5.17 & -6.29 & -31.08 & -44.80 & -31.64 & -11.75 & -23.15 & -5.61 & -23.28 & -11.93 & -6.82 & -14.07 &  0.00 \\
c20         & -4.77 & -22.48 & -5.13 & -11.54 & -29.00 & -5.41 & -23.21 & -13.74 & -9.51 & -15.60 & -5.77 & -4.26 &  -9.25 & -11.27 & -6.76 & -5.30 & -33.47 & -20.11 & -14.43 & -14.29 & -6.91 & -4.37 & -21.58 & -7.51 & -6.97 & -10.23 & -34.52 & -15.71 & -5.25 & -17.11 & -16.74 & -14.00 & -26.97 & -4.86 & -21.78 & -31.93 & -10.98 & -30.83 & -7.56 & -15.83 & -6.24 & -6.29 & -30.12 & -44.04 & -40.89 & -11.80 & -20.46 & -4.82 & -23.41 & -13.20 & -5.99 & -13.94 & -4.42 \\
c21         & -5.29 & -23.57 & -5.56 & -11.09 & -28.35 & -5.41 & -22.93 & -14.03 & -9.16 & -15.30 & -6.01 & -5.40 & -10.11 & -11.18 & -6.40 & -5.83 & -34.49 & -18.54 & -11.43 & -14.06 & -6.51 & -5.28 & -20.43 & -7.38 & -7.53 & -11.29 & -36.04 & -17.02 & -5.20 & -17.59 & -16.76 & -13.96 & -25.22 & -5.30 & -22.33 & -32.51 & -11.50 & -29.84 & -7.56 & -16.38 & -5.20 & -6.52 & -30.34 & -44.42 & -36.34 & -12.28 & -22.95 & -5.52 & -22.99 & -12.58 & -6.82 & -14.13 & -5.08 \\
c22         & -5.21 & -24.39 & -4.84 & -11.47 & -28.23 & -7.81 & -22.49 & -14.25 & -9.41 & -16.34 & -5.94 & -5.72 &  -7.41 & -11.27 & -5.66 & -4.71 & -32.92 & -18.50 & -14.50 & -14.51 & -6.80 & -4.98 & -20.81 & -7.92 & -8.03 & -10.72 & -35.31 & -17.69 & -4.21 & -16.92 & -16.60 & -14.51 & -24.07 & -4.57 & -22.01 & -31.52 & -11.46 & -30.82 & -7.56 & -15.80 & -6.26 & -6.51 & -31.08 & -44.13 & -21.95 & -12.40 & -22.73 & -4.99 & -23.42 & -12.34 & -6.06 & -14.07 & -4.71 \\
c23         & -4.81 & -24.41 & -5.56 & -11.54 & -28.38 & -7.50 & -23.12 & -13.78 & -8.93 & -16.14 & -5.90 & -2.12 &  -9.15 & -11.44 & -6.25 & -5.88 & -32.84 & -18.60 & -14.36 & -14.89 & -3.05 & -4.75 & -21.99 & -8.00 & -7.48 & -10.83 & -34.85 & -19.06 & -3.61 & -18.04 & -16.80 & -11.30 & -27.04 & -4.33 & -21.78 & -32.77 & -10.38 & -30.83 & -7.56 & -15.53 & -4.98 & -6.53 & -30.37 & -43.59 & -32.17 & -11.48 & -20.26 & -4.75 & -23.35 & -11.75 & -6.66 & -13.91 & -5.11 \\
c24         & -4.42 & -23.40 & -5.28 & -11.27 & -29.20 & -7.72 & -22.46 & -14.12 & -8.79 & -16.05 & -5.87 & -5.52 &  -9.56 & -10.96 & -6.49 & -5.33 & -33.57 & -19.52 & -15.18 & -14.32 & -6.85 & -4.77 & -21.44 & -7.71 & -7.92 & -11.12 & -35.30 & -19.56 & -5.15 & -18.14 & -16.31 & -12.05 & -27.57 & -5.19 & -22.02 & -31.92 & -11.47 & -30.81 & -7.56 & -15.41 & -5.65 & -5.91 & -31.09 & -44.90 & -35.49 & -11.62 & -21.74 & -5.38 & -20.77 & -13.46 & -6.81 & -13.46 & -5.11 \\
c25         & -5.21 & -25.61 & -5.55 & -11.42 & -28.31 & -8.06 & -23.60 & -13.99 & -9.45 & -15.95 & -5.76 & -5.26 &  -9.40 & -10.79 & -6.18 & -5.28 & -33.95 & -18.56 & -15.73 & -14.20 & -6.35 & -4.75 & -22.12 & -7.94 & -7.28 & -10.44 & -34.94 & -17.78 & -4.88 & -18.76 & -16.60 & -13.90 & -24.49 & -5.30 & -22.64 & -31.42 & -12.07 & -30.83 & -7.56 & -15.40 & -5.12 & -5.51 & -30.17 & -43.83 & -26.66 & -11.63 & -22.10 & -5.67 & -22.11 & -13.08 & -6.81 & -14.07 & -5.07 \\
c26         & -4.81 & -24.92 & -5.44 & -11.87 & -28.99 & -7.79 & -20.89 & -14.54 & -8.88 & -15.84 & -5.72 & -5.27 & -10.39 & -10.80 & -6.16 & -3.07 & -33.85 & -18.52 & -14.23 & -14.55 & -6.68 & -4.71 & -20.92 & -7.88 & -8.05 & -11.16 & -35.98 & -17.20 & -3.38 & -17.72 & -16.38 & -14.29 & -24.60 & -5.02 & -22.31 & -29.31 & -11.80 & -29.80 & -7.56 & -15.78 & -5.15 & -6.43 & -30.91 & -44.74 & -30.30 & -11.28 & -20.66 & -4.67 & -22.82 & -12.49 & -5.86 & -14.00 & -4.86 \\
c27         & -3.16 & -26.20 & -4.88 & -11.17 & -29.17 & -7.69 & -22.03 & -14.16 & -9.25 & -15.75 & -4.41 & -5.34 &  -9.25 & -10.03 & -6.22 & -5.87 & -33.43 & -17.44 & -15.69 & -14.46 & -5.71 & -4.94 & -21.60 & -6.97 & -7.10 & -11.81 & -33.44 & -16.20 & -4.68 & -18.40 & -16.70 & -14.36 & -24.95 & -4.66 & -22.38 & -32.22 & -11.27 & -29.84 & -7.56 & -15.47 & -6.10 & -6.22 & -30.35 & -44.42 & -33.04 & -11.70 & -20.21 & -5.80 & -23.34 & -12.44 & -6.82 & -13.91 & -4.28 \\
c28         & -5.26 & -25.51 & -5.46 & -11.34 & -28.83 & -7.33 & -22.02 & -13.55 & -9.24 & -15.98 & -5.78 & -5.29 &  -7.32 & -11.30 & -6.68 & -6.03 & -33.18 & -19.81 & -15.38 & -14.66 & -6.20 & -5.44 & -21.18 & -7.99 & -7.60 & -11.18 & -34.61 & -18.59 & -5.30 & -17.94 & -17.03 & -11.43 & -27.45 & -5.28 & -21.53 & -32.54 & -10.98 & -29.85 & -7.56 & -16.00 & -5.88 & -6.44 & -30.50 & -43.59 & -29.28 & -12.44 & -21.55 & -5.78 & -23.00 & -11.70 & -6.82 & -13.62 & -5.34 \\
c29         & -4.68 & -23.80 & -5.48 & -11.23 & -28.24 & -7.66 & -23.89 & -12.93 & -9.88 & -16.04 & -5.49 & -5.25 & -10.57 & -11.43 & -6.59 & -6.07 & -33.38 & -17.79 & -14.67 & -13.64 & -6.74 & -5.35 & -22.22 & -7.96 & -8.12 & -11.17 & -35.95 & -19.90 & -4.89 & -17.24 & -16.59 & -14.42 & -26.53 & -4.99 & -21.98 & -32.60 & -10.99 & -30.83 & -7.56 & -15.84 & -6.35 & -6.46 & -30.44 & -43.59 & -41.28 & -11.66 & -22.35 & -5.56 & -23.27 & -13.21 & -6.84 & -13.32 & -5.01 \\
c30         & -5.03 & -22.53 & -5.22 & -11.95 & -28.77 & -7.31 & -24.16 & -13.46 & -9.14 & -15.96 & -5.82 & -5.30 &  -9.18 & -11.00 & -6.54 & -5.73 & -32.87 & -18.11 & -15.41 & -14.91 & -5.86 & -5.30 & -22.70 & -7.86 & -7.64 & -11.47 & -33.58 & -15.58 & -4.40 & -18.48 & -16.93 & -13.77 & -26.84 & -5.27 & -22.14 & -31.42 & -11.59 & -29.84 & -7.56 & -15.38 & -5.70 & -6.00 & -30.20 & -43.59 & -26.21 & -10.90 & -21.97 & -4.77 & -22.82 & -12.54 & -6.80 & -14.00 & -4.47 \\
c31         & -4.56 & -23.84 & -3.39 & -11.62 & -28.10 & -5.60 & -22.13 & -13.12 & -9.37 & -15.90 & -5.03 & -4.21 &  -8.78 & -11.41 & -6.87 & -4.95 & -32.84 & -17.86 & -14.17 & -14.87 & -7.00 & -4.35 & -22.29 & -7.55 & -7.94 & -11.73 & -34.76 & -15.36 & -4.55 & -17.91 & -17.11 & -14.55 & -26.84 & -4.81 & -22.98 & -32.78 & -11.66 & -29.60 & -7.56 & -15.57 & -6.11 & -5.24 & -30.53 & -44.65 & -26.04 & -12.17 & -19.26 & -5.44 & -23.27 & -12.98 & -5.85 & -12.82 & -4.38 \\
c32         & -4.60 & -25.22 & -5.42 & -11.27 & -29.06 & -5.40 & -22.79 & -12.98 & -8.83 & -15.57 & -5.18 & -5.37 & -10.39 & -11.49 & -3.75 & -5.87 & -30.15 & -19.98 & -15.86 & -14.50 & -6.87 & -4.99 & -20.93 & -7.83 & -6.81 & -11.08 & -35.40 & -17.37 & -4.85 & -17.34 & -16.72 & -11.00 & -26.86 & -5.03 & -22.28 & -32.51 & -12.02 & -31.03 & -7.56 & -16.10 & -5.57 & -6.52 & -30.78 & -44.37 & -23.75 & -11.99 & -21.87 & -4.74 & -23.41 & -13.00 & -6.82 & -13.91 & -4.47 \\
c33         & -5.28 & -23.17 & -5.39 & -11.39 & -28.86 & -7.09 & -23.33 & -13.80 & -9.87 & -15.77 & -5.84 & -5.58 &  -9.78 & -11.37 & -6.71 & -6.24 & -33.44 & -20.19 & -13.07 & -14.69 & -6.18 & -5.26 & -20.83 & -7.93 & -8.37 & -11.68 & -36.73 & -19.03 & -5.18 & -18.52 & -16.44 & -11.63 & -24.81 & -5.26 & -23.13 & -29.85 & -11.06 & -30.82 & -7.56 & -15.76 & -5.68 & -6.56 & -30.96 & -44.13 & -25.67 & -11.64 & -19.73 & -5.56 & -23.41 & -12.28 & -6.69 & -14.13 & -5.21 \\
c34         & -4.56 & -25.67 & -4.86 & -11.29 & -28.51 & -7.04 & -21.78 & -11.42 & -9.88 & -15.64 & -6.12 & -4.55 & -10.07 &  -9.43 & -6.61 & -6.00 & -31.23 & -20.45 & -12.71 & -14.47 & -3.09 & -5.21 & -22.00 & -7.71 & -7.50 & -10.84 & -35.53 & -18.83 & -4.61 & -18.98 & -16.84 & -14.25 & -24.87 & -4.71 & -22.74 & -30.29 & -11.70 & -29.85 & -7.56 & -15.26 & -5.07 & -5.60 & -30.58 & -44.04 & -31.18 & -11.51 & -19.97 & -5.51 & -23.42 & -12.59 & -6.85 & -14.18 & -5.04 \\
c35         & -4.85 & -25.86 & -4.84 & -11.32 & -29.26 & -7.61 & -23.46 & -13.87 & -9.50 & -15.93 & -4.85 & -5.09 &  -9.25 & -10.92 & -6.64 & -4.57 & -33.30 & -18.36 & -15.01 & -14.36 & -6.76 & -5.13 & -21.79 & -7.55 & -4.06 & -11.79 & -34.68 & -20.34 & -4.34 & -17.05 & -13.56 & -14.38 & -24.99 & -4.64 & -23.00 & -32.73 &  -9.46 & -29.85 & -7.56 & -15.80 & -5.44 & -6.36 & -30.91 & -44.76 & -28.85 & -11.62 & -21.44 & -4.66 & -23.42 & -13.37 & -6.82 & -14.13 & -4.74 \\
c36         & -5.27 & -25.45 & -5.30 & -11.21 & -28.97 & -7.26 & -22.10 & -14.25 & -9.48 & -15.57 & -3.88 & -5.21 &  -9.28 & -11.32 & -5.97 & -5.83 & -34.14 & -18.36 & -13.20 & -14.36 & -6.90 & -5.42 & -22.08 & -7.97 & -4.79 & -11.70 & -35.25 & -15.96 & -3.48 & -16.88 & -16.69 & -14.15 & -26.88 & -5.07 & -22.46 & -32.57 & -11.90 & -30.82 & -7.56 & -15.56 & -5.97 & -6.29 & -30.14 & -44.11 & -33.66 & -12.11 & -20.51 & -4.17 & -22.68 & -12.63 & -6.47 & -13.91 & -4.64 \\
c37         & -4.50 & -26.44 & -5.25 & -11.59 & -28.76 & -5.34 & -23.44 & -13.34 & -9.38 & -16.06 & -5.74 & -5.43 & -10.30 & -11.57 & -6.16 & -4.78 & -32.93 & -19.44 & -16.39 & -14.60 & -6.59 & -4.63 & -21.55 & -7.81 & -7.37 & -11.81 & -35.51 & -18.74 & -3.64 & -18.12 & -16.51 & -14.07 & -27.53 & -4.82 & -22.57 & -32.74 & -11.23 & -29.85 & -7.56 & -15.58 & -5.36 & -6.56 & -31.08 & -44.74 & -29.81 & -10.86 & -22.85 & -5.52 & -23.41 & -12.47 & -6.82 & -14.18 & -4.17 \\
c38         & -3.83 & -23.85 & -5.31 & -11.00 & -29.18 & -7.00 & -22.94 & -13.28 & -9.08 & -15.59 & -5.42 & -5.09 & -10.92 & -11.41 & -6.72 & -5.55 & -31.83 & -17.49 & -16.09 & -14.06 & -5.67 & -4.96 & -21.85 & -7.74 & -7.98 & -11.29 & -35.18 & -16.92 & -4.78 & -18.14 & -15.80 & -14.48 & -27.69 & -3.07 & -22.49 & -32.78 & -11.56 & -29.79 & -7.56 & -15.96 & -5.98 & -5.24 & -30.55 & -44.02 & -41.31 & -11.57 & -21.72 & -5.82 & -23.35 & -13.39 & -6.82 & -11.35 &  0.00 \\
c39         & -5.15 & -22.87 & -5.02 & -11.53 & -29.20 & -5.35 & -22.77 & -13.70 & -9.48 & -15.57 & -5.98 & -4.86 &  -9.31 & -10.63 & -6.08 & -6.27 & -32.82 & -18.90 & -15.08 & -14.91 & -6.88 & -5.28 & -20.82 & -7.72 & -6.72 & -10.92 & -34.81 & -18.31 & -4.82 & -15.88 & -16.95 & -13.70 & -23.93 & -4.71 & -22.17 & -32.61 & -11.19 & -29.84 & -7.56 & -15.35 & -5.24 & -6.45 & -30.96 & -44.35 & -22.63 & -12.01 & -22.24 & -4.60 & -23.41 & -13.35 & -5.73 & -14.15 & -2.28 \\
c40         & -4.75 & -24.25 & -4.87 & -11.31 & -28.72 & -7.45 & -22.66 & -14.07 & -9.45 & -15.15 & -5.28 & -5.27 &  -9.60 & -11.60 & -5.92 & -5.69 & -33.30 & -17.48 & -14.74 & -14.21 & -6.86 & -5.21 & -21.94 & -7.75 & -7.69 & -11.08 & -34.11 & -18.35 & -4.86 & -18.61 & -16.33 & -12.20 & -24.83 & -5.22 & -22.31 & -31.89 & -10.41 & -30.81 & -7.56 & -15.42 & -6.24 & -6.52 & -28.98 & -44.35 & -28.17 & -11.90 & -21.49 & -5.54 & -23.39 & -12.18 & -6.82 & -13.94 & -4.97 \\
c41         & -5.12 & -26.11 & -5.11 & -11.53 & -29.18 & -7.03 & -23.95 & -13.82 & -9.27 & -15.95 & -5.75 & -5.50 &  -9.66 & -10.78 & -6.22 & -4.53 & -34.06 & -19.68 & -13.00 & -14.51 & -6.91 & -4.86 & -22.01 & -7.95 & -7.54 & -10.78 & -33.81 & -19.29 & -3.63 & -17.82 & -17.50 & -13.91 & -24.78 & -4.70 & -22.39 & -31.39 & -11.28 & -29.80 & -7.56 & -15.39 & -5.28 & -5.90 & -30.38 & -44.13 & -38.47 & -12.01 & -22.30 & -4.85 & -23.33 & -11.69 & -5.53 & -11.37 & -4.61 \\
c42         & -4.51 & -22.52 & -4.49 & -11.37 & -28.60 & -5.19 & -23.56 & -14.63 & -9.30 & -15.70 & -5.91 & -4.67 &  -9.62 & -11.15 & -3.68 & -5.70 & -33.40 & -18.81 & -14.13 & -14.47 & -6.73 & -4.96 & -20.18 & -7.50 & -7.71 & -11.11 & -35.42 & -18.79 & -4.83 & -19.16 & -16.43 & -14.18 & -24.95 & -5.43 & -22.31 & -31.40 & -11.58 & -30.82 & -7.50 & -15.92 & -5.21 & -6.56 & -30.53 & -44.35 & -31.57 & -11.85 & -21.39 & -4.79 & -23.01 & -12.59 & -6.84 & -13.28 & -4.28 \\
c43         & -4.89 & -25.89 & -4.80 & -11.57 & -28.57 & -7.80 & -23.24 & -13.67 & -9.65 & -15.49 & -6.10 & -5.31 & -10.45 & -11.30 & -3.84 & -4.74 & -32.80 & -18.41 & -15.83 & -14.36 & -6.58 & -4.64 & -21.42 & -7.98 & -6.97 &  -9.64 & -35.06 & -19.07 & -5.14 & -17.71 & -16.97 & -14.00 & -24.64 & -4.77 & -22.94 & -29.23 & -11.71 & -30.82 & -7.56 & -15.86 & -4.86 & -6.37 & -30.99 & -44.63 & -40.44 & -11.95 & -19.83 & -5.59 & -23.41 & -13.16 & -6.85 & -13.97 & -4.94 \\
c44         & -5.12 & -24.06 & -4.07 & -11.23 & -28.57 & -8.08 & -22.88 & -13.88 & -9.25 & -16.32 & -6.05 & -5.49 &  -9.10 & -11.97 & -6.96 & -4.62 & -33.09 & -21.05 & -14.82 & -14.13 & -6.80 & -5.27 & -21.77 & -7.43 & -7.05 &  -9.74 & -34.49 & -17.88 & -4.17 & -17.56 & -16.52 & -14.55 & -27.74 & -4.87 & -22.45 & -31.91 & -11.18 & -31.01 & -7.56 & -15.63 & -4.99 & -6.36 & -30.39 & -43.59 & -33.28 & -11.84 & -21.94 & -4.50 & -23.38 & -12.93 & -6.84 & -12.96 & -5.22 \\
c45         & -5.10 & -25.87 & -5.05 & -11.18 & -29.55 & -5.37 & -22.82 & -13.82 & -9.51 & -15.72 & -5.59 & -3.38 &  -9.77 & -11.28 & -7.08 & -5.88 & -34.10 & -18.85 & -15.15 & -14.18 & -6.73 & -4.75 & -21.12 & -7.49 & -8.37 & -11.47 & -34.44 & -20.29 & -5.04 & -18.05 & -16.81 & -14.37 & -25.18 & -4.03 & -22.39 & -32.54 & -11.75 & -29.77 & -7.56 & -15.69 & -5.52 & -6.50 & -30.20 & -44.86 & -27.73 & -10.96 & -21.36 & -4.76 & -23.27 & -11.74 & -6.68 & -12.82 & -4.77 \\
c46         & -4.59 & -23.96 & -5.46 & -11.23 & -29.07 & -5.44 & -23.50 & -13.60 & -9.15 & -15.90 & -6.13 & -3.19 &  -9.60 & -11.07 & -5.53 & -6.06 & -32.31 & -20.34 & -14.34 & -13.95 & -6.39 & -2.62 & -22.02 & -7.83 & -7.63 & -10.59 & -33.72 & -19.50 & -5.26 & -17.86 & -16.73 & -14.13 & -24.78 & -5.27 & -22.53 & -32.62 & -11.23 & -29.84 & -7.56 & -15.97 & -6.13 & -4.88 & -29.60 & -43.57 & -38.00 & -11.46 & -21.39 & -5.63 & -23.41 & -13.40 & -6.82 & -14.17 & -4.53 \\
c47         & -5.36 & -23.82 & -5.62 & -11.00 & -28.74 & -7.24 & -23.10 & -12.57 & -9.90 & -16.10 & -5.74 & -5.45 &  -9.77 & -11.29 & -6.53 & -5.11 & -32.12 & -18.85 & -14.83 & -14.55 & -6.79 & -4.95 & -20.94 & -7.93 & -7.73 & -11.33 & -35.16 & -18.24 & -4.78 & -17.80 & -16.30 & -13.80 & -24.72 & -5.26 & -22.17 & -31.43 & -11.29 & -29.85 & -7.56 & -15.43 & -5.77 & -6.23 & -30.96 & -41.42 & -36.21 & -12.34 & -22.23 & -5.48 & -22.01 & -12.70 & -6.80 & -11.28 & -5.12 \\
c48         & -4.03 & -25.47 & -5.20 & -11.25 & -28.64 & -6.95 & -23.79 & -11.63 & -9.62 & -15.24 & -5.81 & -5.63 & -10.34 & -10.96 & -5.77 & -4.33 & -31.92 & -20.99 & -13.56 & -14.40 & -6.91 & -5.42 & -21.88 & -7.83 & -7.49 &  -9.74 & -35.53 & -16.32 & -5.34 & -18.09 & -16.45 & -14.43 & -27.43 & -4.61 & -22.89 & -31.39 & -11.34 & -31.02 & -7.56 & -15.98 & -5.26 & -6.49 & -30.34 & -44.11 & -35.16 & -12.20 & -19.92 & -4.79 & -22.74 & -10.62 & -6.81 & -14.13 & -5.22 \\
c49         & -4.69 & -25.92 & -5.42 & -11.52 & -28.76 & -7.75 & -21.97 & -14.23 & -9.17 & -15.48 & -5.29 & -4.81 &  -9.74 & -11.38 & -6.23 & -6.04 & -30.38 & -17.58 & -16.03 & -13.94 & -6.90 & -4.58 & -20.84 & -7.75 & -4.51 & -10.23 & -35.65 & -17.66 & -5.07 & -18.69 & -16.47 & -14.59 & -24.63 & -4.68 & -22.67 & -32.22 & -11.48 & -29.45 & -7.56 & -15.61 & -5.63 & -5.47 & -30.38 & -44.70 & -31.08 & -11.94 & -21.20 & -5.78 & -22.84 & -13.16 & -6.85 & -13.94 & -5.30 \\
c50         & -2.94 & -25.97 & -4.29 & -11.25 & -28.91 & -7.12 & -24.27 & -13.33 & -9.58 & -15.41 & -5.71 & -5.22 &  -8.66 & -11.10 & -7.10 & -5.12 & -33.20 & -17.26 & -14.29 & -14.29 & -6.42 & -5.53 & -21.43 & -7.42 & -7.88 & -11.21 & -35.18 & -18.18 & -4.69 & -17.51 & -16.81 & -14.02 & -27.56 & -5.02 & -22.61 & -29.85 & -11.38 & -29.85 & -7.56 & -16.00 & -5.06 & -6.29 & -30.91 & -44.90 & -35.18 & -12.09 & -21.34 & -5.55 & -23.32 & -13.45 & -6.03 & -14.00 & -5.14 \\
c51         & -5.13 & -25.29 & -5.22 & -11.16 & -29.73 & -7.54 & -23.23 & -13.53 & -9.29 & -16.02 & -5.02 & -2.90 &  -9.51 & -11.41 & -6.21 & -5.77 & -30.16 & -18.69 & -15.24 & -15.07 & -6.19 & -4.94 & -20.99 & -7.76 & -8.21 & -10.70 & -34.34 & -17.01 & -3.93 & -18.87 & -16.50 & -14.45 & -27.26 & -4.63 & -23.21 & -32.58 & -11.45 & -30.82 & -7.55 & -16.28 & -5.77 & -5.91 & -30.96 & -44.01 & -31.21 & -11.97 & -22.16 & -4.83 & -23.20 & -11.37 & -6.82 & -12.37 & -4.88 \\
c52         & -5.23 & -26.25 & -5.43 & -11.14 & -28.37 & -5.38 & -23.10 & -11.09 & -9.29 & -15.60 & -5.55 & -5.63 & -10.11 & -10.51 & -5.93 & -5.73 & -33.74 & -20.33 & -13.51 & -14.33 & -7.00 & -5.36 & -21.64 & -7.91 & -7.41 & -10.33 & -36.35 & -18.89 & -5.34 & -18.05 & -16.53 & -13.49 & -25.04 & -5.33 & -22.71 & -32.78 & -11.49 & -30.83 & -7.56 & -15.80 & -5.82 & -6.36 & -30.33 & -44.76 & -22.01 & -11.51 & -22.51 & -5.57 & -22.76 & -13.17 & -6.84 & -13.62 & -5.31 \\
\bottomrule
\end{tabular}

                               0             1   ...             51            52
new_cluster  [-0.36, new_cluster]  [-22.56, c1]  ...  [-11.37, c51]  [-0.29, c52]
c1           [-0.36, new_cluster]  [-21.77, c1]  ...  [-11.37, c51]  [-0.29, c52]
c2           [-0.36, new_cluster]  [-23.29, c1]  ...  [-11.37, c51]  [-0.29, c52]
c3           [-0.36, new_cluster]  [-22.59, c1]  ...  [-11.37, c51]  [-0.29, c52]
c4           [-0.36, new_cluster]  [-22.25, c1]  ...  [-11.37, c51]         [0, ]
c5           [-0.36, new_cluster]  [-21.28, c1]  ...  [-11.37, c51]  [-0.29, c52]
c6           [-0.36, new_cluster]  [-22.21, c1]  ...  [-11.37, c51]  [-0.29, c52]
c7           [-0.36, new_cluster]  [-22.87, c1]  ...  [-11.37, c51]  [-0.29, c52]
c8           [-0.36, new_cluster]  [-22.46, c1]  ...  [-11.37, c51]         [0, ]
c9           [-0.36, new_cluster]  [-22.14, c1]  ...  [-11.37, c51]         [0, ]
c10          [-0.36, new_cluster]  [-22.68, c1]  ...  [-11.37, c51]  [-0.29, c52]
c11          [-0.36, new_cluster]  [-21.93, c1]  ...  [-11.37, c51]  [-0.29, c52]
c12          [-0.36, new_cluster]  [-22.06, c1]  ...  [-11.37, c51]  [-0.29, c52]
c13          [-0.36, new_cluster]  [-22.54, c1]  ...  [-11.37, c51]  [-0.29, c52]
c14          [-0.36, new_cluster]   [-21.8, c1]  ...  [-11.37, c51]  [-0.29, c52]
c15          [-0.36, new_cluster]  [-23.04, c1]  ...  [-11.37, c51]  [-0.29, c52]
c16          [-0.36, new_cluster]  [-22.45, c1]  ...  [-11.37, c51]  [-0.29, c52]
c17          [-0.36, new_cluster]  [-22.25, c1]  ...  [-11.37, c51]  [-0.29, c52]
c18          [-0.36, new_cluster]  [-23.06, c1]  ...  [-11.37, c51]  [-0.29, c52]
c19          [-0.36, new_cluster]  [-22.53, c1]  ...  [-11.37, c51]         [0, ]
c20          [-0.36, new_cluster]  [-22.01, c1]  ...  [-11.37, c51]  [-0.29, c52]
c21          [-0.36, new_cluster]  [-22.19, c1]  ...  [-11.37, c51]  [-0.29, c52]
c22          [-0.36, new_cluster]  [-23.19, c1]  ...  [-11.37, c51]  [-0.29, c52]
c23          [-0.36, new_cluster]  [-23.33, c1]  ...  [-11.37, c51]  [-0.29, c52]
c24          [-0.36, new_cluster]  [-22.32, c1]  ...  [-11.37, c51]  [-0.29, c52]
c25          [-0.36, new_cluster]  [-21.98, c1]  ...  [-11.37, c51]  [-0.29, c52]
c26          [-0.36, new_cluster]  [-22.44, c1]  ...  [-11.37, c51]  [-0.29, c52]
c27          [-0.36, new_cluster]  [-22.49, c1]  ...  [-11.37, c51]  [-0.29, c52]
c28          [-0.36, new_cluster]  [-22.43, c1]  ...  [-11.37, c51]  [-0.29, c52]
c29          [-0.36, new_cluster]   [-22.6, c1]  ...  [-11.37, c51]  [-0.29, c52]
c30          [-0.36, new_cluster]  [-22.06, c1]  ...  [-11.37, c51]  [-0.29, c52]
c31          [-0.36, new_cluster]  [-22.46, c1]  ...  [-11.37, c51]  [-0.29, c52]
c32          [-0.36, new_cluster]   [-22.0, c1]  ...  [-11.37, c51]  [-0.29, c52]
c33          [-0.36, new_cluster]   [-22.7, c1]  ...  [-11.37, c51]  [-0.29, c52]
c34          [-0.36, new_cluster]  [-22.05, c1]  ...  [-11.37, c51]  [-0.29, c52]
c35          [-0.36, new_cluster]  [-22.23, c1]  ...  [-11.37, c51]  [-0.29, c52]
c36          [-0.36, new_cluster]   [-22.2, c1]  ...  [-11.37, c51]  [-0.29, c52]
c37          [-0.36, new_cluster]  [-22.74, c1]  ...  [-11.37, c51]  [-0.29, c52]
c38          [-0.36, new_cluster]  [-22.52, c1]  ...  [-11.37, c51]         [0, ]
c39          [-0.36, new_cluster]   [-22.4, c1]  ...  [-11.37, c51]  [-0.29, c52]
c40          [-0.36, new_cluster]  [-22.88, c1]  ...  [-11.37, c51]  [-0.29, c52]
c41          [-0.36, new_cluster]  [-22.86, c1]  ...  [-11.37, c51]  [-0.29, c52]
c42          [-0.36, new_cluster]  [-22.05, c1]  ...  [-11.37, c51]  [-0.29, c52]
c43          [-0.36, new_cluster]  [-22.26, c1]  ...  [-11.37, c51]  [-0.29, c52]
c44          [-0.36, new_cluster]   [-22.7, c1]  ...  [-11.37, c51]  [-0.29, c52]
c45          [-0.36, new_cluster]  [-22.62, c1]  ...  [-11.37, c51]  [-0.29, c52]
c46          [-0.36, new_cluster]  [-22.88, c1]  ...  [-11.37, c51]  [-0.29, c52]
c47          [-0.36, new_cluster]  [-22.73, c1]  ...  [-11.37, c51]  [-0.29, c52]
c48          [-0.36, new_cluster]  [-22.22, c1]  ...  [-11.37, c51]  [-0.29, c52]
c49          [-0.36, new_cluster]  [-22.67, c1]  ...  [-11.37, c51]  [-0.29, c52]
c50          [-0.36, new_cluster]  [-22.72, c1]  ...  [-11.37, c51]  [-0.29, c52]
c51          [-0.36, new_cluster]  [-21.67, c1]  ...  [-11.37, c51]  [-0.29, c52]
c52          [-0.36, new_cluster]  [-22.62, c1]  ...  [-11.37, c51]  [-0.29, c52]

[53 rows x 53 columns]
\begin{tabular}{llllllllllllllllllllllllllllllllllllllllllllllllllllll}
\toprule
{} &                    0  &            1  &           2  &            3  &            4  &           5  &            6  &            7  &           8  &            9  &            10 &            11 &            12 &            13 &            14 &            15 &             16 &             17 &             18 &             19 &            20 &            21 &             22 &            23 &            24 &            25 &             26 &             27 &            28 &             29 &             30 &             31 &             32 &            33 &             34 &             35 &            36 &             37 &            38 &             39 &            40 &            41 &             42 &             43 &             44 &            45 &             46 &            47 &             48 &            49 &           50 &             51 &            52 \\
\midrule
new\_cluster &  [-0.36, new\_cluster] &  [-22.56, c1] &  [-0.93, c2] &  [-10.73, c3] &  [-28.81, c4] &  [-4.07, c5] &  [-19.13, c6] &  [-10.87, c7] &  [-9.57, c8] &  [-16.06, c9] &  [-1.53, c10] &   [-0.9, c11] &  [-6.43, c12] &  [-7.53, c13] &  [-2.49, c14] &  [-1.59, c15] &  [-30.03, c16] &  [-16.41, c17] &  [-11.83, c18] &   [-15.0, c19] &  [-2.76, c20] &  [-0.64, c21] &  [-18.17, c22] &  [-5.45, c23] &  [-4.45, c24] &  [-7.29, c25] &  [-31.05, c26] &  [-16.02, c27] &  [-0.16, c28] &  [-13.95, c29] &  [-13.46, c30] &   [-10.9, c31] &  [-24.06, c32] &  [-0.31, c33] &  [-19.58, c34] &  [-28.85, c35] &  [-8.75, c36] &  [-27.54, c37] &  [-7.56, c38] &  [-14.11, c39] &  [-1.69, c40] &  [-3.04, c41] &  [-27.54, c42] &  [-41.19, c43] &  [-24.45, c44] &  [-9.17, c45] &  [-20.38, c46] &  [-1.22, c47] &  [-19.52, c48] &  [-8.72, c49] &  [-4.0, c50] &  [-11.37, c51] &  [-0.29, c52] \\
c1          &  [-0.36, new\_cluster] &  [-21.77, c1] &  [-0.85, c2] &  [-10.79, c3] &  [-28.72, c4] &  [-4.12, c5] &  [-19.58, c6] &  [-11.15, c7] &   [-9.5, c8] &  [-15.93, c9] &   [-1.5, c10] &  [-0.88, c11] &  [-5.85, c12] &  [-7.98, c13] &  [-2.89, c14] &  [-1.59, c15] &  [-29.71, c16] &  [-17.85, c17] &  [-11.76, c18] &  [-14.38, c19] &  [-2.79, c20] &  [-0.77, c21] &  [-18.42, c22] &  [-5.83, c23] &  [-4.12, c24] &  [-7.29, c25] &  [-33.09, c26] &  [-14.76, c27] &   [-0.3, c28] &  [-14.91, c29] &  [-13.23, c30] &  [-11.31, c31] &  [-23.55, c32] &   [-0.3, c33] &  [-19.42, c34] &  [-28.85, c35] &  [-8.25, c36] &  [-27.54, c37] &  [-7.56, c38] &  [-13.62, c39] &  [-1.81, c40] &  [-3.04, c41] &  [-27.54, c42] &  [-41.19, c43] &  [-26.44, c44] &  [-8.71, c45] &  [-20.14, c46] &   [-1.2, c47] &  [-19.52, c48] &  [-9.02, c49] &  [-4.0, c50] &  [-11.37, c51] &  [-0.29, c52] \\
c2          &  [-0.36, new\_cluster] &  [-23.29, c1] &  [-0.97, c2] &  [-10.76, c3] &  [-28.81, c4] &  [-4.12, c5] &  [-20.32, c6] &  [-10.58, c7] &  [-9.29, c8] &  [-15.67, c9] &  [-1.58, c10] &  [-0.85, c11] &  [-6.73, c12] &  [-7.33, c13] &   [-2.9, c14] &  [-1.59, c15] &  [-29.99, c16] &  [-15.02, c17] &  [-11.59, c18] &  [-14.17, c19] &   [-2.9, c20] &  [-0.68, c21] &  [-17.58, c22] &   [-5.6, c23] &  [-4.37, c24] &  [-7.29, c25] &  [-32.12, c26] &  [-13.94, c27] &  [-0.24, c28] &  [-14.91, c29] &   [-13.5, c30] &  [-11.01, c31] &  [-24.15, c32] &  [-0.29, c33] &  [-19.46, c34] &  [-28.85, c35] &  [-8.22, c36] &  [-27.54, c37] &  [-7.56, c38] &  [-14.28, c39] &  [-1.74, c40] &  [-3.04, c41] &  [-27.54, c42] &  [-41.19, c43] &  [-26.68, c44] &  [-8.87, c45] &   [-19.7, c46] &  [-1.17, c47] &  [-19.52, c48] &  [-9.05, c49] &  [-4.0, c50] &  [-11.37, c51] &  [-0.29, c52] \\
c3          &  [-0.36, new\_cluster] &  [-22.59, c1] &  [-0.93, c2] &   [-11.3, c3] &  [-28.37, c4] &   [-4.2, c5] &   [-19.2, c6] &  [-10.99, c7] &  [-9.23, c8] &   [-16.1, c9] &  [-1.53, c10] &   [-0.7, c11] &  [-6.44, c12] &  [-7.92, c13] &  [-2.91, c14] &  [-1.59, c15] &  [-30.28, c16] &  [-15.27, c17] &  [-11.88, c18] &  [-14.29, c19] &  [-2.75, c20] &  [-0.66, c21] &  [-18.03, c22] &   [-5.8, c23] &  [-4.48, c24] &  [-7.29, c25] &  [-32.79, c26] &  [-15.17, c27] &  [-0.22, c28] &  [-14.05, c29] &  [-12.79, c30] &  [-10.52, c31] &  [-23.56, c32] &  [-0.37, c33] &  [-19.47, c34] &  [-28.85, c35] &  [-8.31, c36] &  [-27.54, c37] &  [-7.56, c38] &  [-13.83, c39] &  [-1.77, c40] &  [-3.04, c41] &  [-27.54, c42] &  [-41.19, c43] &  [-27.03, c44] &   [-8.7, c45] &  [-20.18, c46] &  [-1.22, c47] &  [-19.52, c48] &  [-9.32, c49] &  [-4.0, c50] &  [-11.37, c51] &  [-0.29, c52] \\
c4          &  [-0.36, new\_cluster] &  [-22.25, c1] &   [-0.9, c2] &  [-10.91, c3] &  [-28.77, c4] &   [-4.1, c5] &  [-20.65, c6] &  [-10.97, c7] &   [-9.7, c8] &  [-15.78, c9] &  [-1.43, c10] &  [-0.75, c11] &   [-6.6, c12] &  [-7.76, c13] &  [-2.87, c14] &  [-1.59, c15] &  [-30.08, c16] &  [-15.82, c17] &  [-11.75, c18] &  [-14.36, c19] &   [-2.8, c20] &   [-0.7, c21] &  [-18.54, c22] &  [-6.11, c23] &  [-4.54, c24] &  [-7.29, c25] &   [-32.0, c26] &  [-14.94, c27] &  [-0.19, c28] &  [-13.94, c29] &   [-13.3, c30] &  [-10.92, c31] &  [-23.89, c32] &  [-0.42, c33] &  [-19.77, c34] &  [-28.85, c35] &  [-7.92, c36] &  [-27.54, c37] &  [-7.56, c38] &  [-13.75, c39] &  [-1.84, c40] &  [-3.04, c41] &  [-27.54, c42] &  [-41.19, c43] &  [-21.42, c44] &   [-9.1, c45] &  [-19.65, c46] &  [-1.18, c47] &  [-19.52, c48] &  [-9.53, c49] &  [-4.0, c50] &  [-11.37, c51] &         [0, ] \\
c5          &  [-0.36, new\_cluster] &  [-21.28, c1] &   [-0.8, c2] &  [-10.97, c3] &  [-29.45, c4] &  [-3.96, c5] &  [-19.71, c6] &  [-11.21, c7] &  [-9.77, c8] &  [-15.79, c9] &  [-1.55, c10] &  [-0.87, c11] &  [-6.05, c12] &  [-8.03, c13] &  [-2.89, c14] &  [-1.59, c15] &  [-29.69, c16] &  [-16.76, c17] &  [-11.22, c18] &  [-14.41, c19] &  [-2.86, c20] &   [-0.6, c21] &  [-17.44, c22] &  [-5.59, c23] &  [-4.69, c24] &  [-7.29, c25] &  [-32.65, c26] &  [-16.54, c27] &  [-0.28, c28] &   [-14.6, c29] &  [-13.18, c30] &  [-10.98, c31] &  [-23.68, c32] &  [-0.33, c33] &  [-19.53, c34] &  [-28.85, c35] &  [-7.78, c36] &  [-27.54, c37] &  [-7.56, c38] &  [-14.22, c39] &  [-1.64, c40] &  [-3.04, c41] &  [-27.54, c42] &  [-41.19, c43] &  [-28.68, c44] &  [-8.83, c45] &  [-19.12, c46] &  [-1.18, c47] &  [-19.52, c48] &  [-9.12, c49] &  [-4.0, c50] &  [-11.37, c51] &  [-0.29, c52] \\
c6          &  [-0.36, new\_cluster] &  [-22.21, c1] &  [-0.95, c2] &   [-11.2, c3] &  [-28.21, c4] &  [-4.23, c5] &  [-19.95, c6] &  [-11.04, c7] &  [-9.33, c8] &   [-15.6, c9] &  [-1.54, c10] &  [-0.76, c11] &  [-6.41, c12] &  [-8.01, c13] &  [-2.85, c14] &  [-1.59, c15] &  [-29.67, c16] &  [-16.81, c17] &  [-11.05, c18] &  [-14.36, c19] &  [-2.74, c20] &  [-0.64, c21] &  [-18.97, c22] &  [-5.66, c23] &  [-4.56, c24] &  [-7.29, c25] &  [-33.04, c26] &  [-16.17, c27] &  [-0.26, c28] &  [-14.27, c29] &  [-13.12, c30] &  [-10.89, c31] &  [-23.42, c32] &  [-0.28, c33] &  [-19.14, c34] &  [-28.85, c35] &  [-8.31, c36] &  [-27.54, c37] &  [-7.56, c38] &  [-13.84, c39] &  [-2.02, c40] &  [-3.04, c41] &  [-27.54, c42] &  [-41.19, c43] &  [-18.39, c44] &  [-8.81, c45] &  [-20.28, c46] &  [-1.17, c47] &  [-19.52, c48] &  [-9.07, c49] &  [-4.0, c50] &  [-11.37, c51] &  [-0.29, c52] \\
c7          &  [-0.36, new\_cluster] &  [-22.87, c1] &   [-1.0, c2] &  [-10.68, c3] &  [-29.08, c4] &  [-4.23, c5] &   [-20.1, c6] &  [-10.97, c7] &  [-9.42, c8] &   [-15.2, c9] &  [-1.47, c10] &  [-0.82, c11] &   [-6.2, c12] &  [-7.52, c13] &  [-2.93, c14] &  [-1.59, c15] &  [-29.67, c16] &  [-17.47, c17] &  [-11.46, c18] &   [-15.1, c19] &  [-2.77, c20] &  [-0.72, c21] &  [-18.48, c22] &  [-5.83, c23] &  [-3.92, c24] &  [-7.29, c25] &  [-34.11, c26] &  [-15.48, c27] &  [-0.25, c28] &  [-14.27, c29] &  [-12.96, c30] &   [-11.1, c31] &  [-23.69, c32] &  [-0.31, c33] &  [-19.74, c34] &  [-28.85, c35] &  [-8.69, c36] &  [-27.54, c37] &  [-7.56, c38] &  [-14.03, c39] &  [-1.87, c40] &  [-3.04, c41] &  [-27.54, c42] &  [-41.19, c43] &  [-25.99, c44] &  [-8.76, c45] &   [-19.6, c46] &  [-1.18, c47] &  [-19.52, c48] &   [-9.2, c49] &  [-4.0, c50] &  [-11.37, c51] &  [-0.29, c52] \\
c8          &  [-0.36, new\_cluster] &  [-22.46, c1] &  [-0.85, c2] &  [-11.28, c3] &  [-29.06, c4] &  [-4.38, c5] &  [-19.46, c6] &  [-11.23, c7] &  [-9.52, c8] &  [-15.91, c9] &  [-1.63, c10] &  [-0.89, c11] &  [-6.31, c12] &  [-7.72, c13] &   [-2.5, c14] &  [-1.59, c15] &  [-29.89, c16] &  [-16.77, c17] &  [-12.42, c18] &  [-14.17, c19] &   [-2.8, c20] &   [-0.7, c21] &  [-18.32, c22] &  [-5.61, c23] &  [-4.47, c24] &  [-7.29, c25] &  [-32.09, c26] &  [-15.36, c27] &  [-0.17, c28] &  [-14.23, c29] &  [-13.51, c30] &   [-10.6, c31] &  [-23.65, c32] &  [-0.22, c33] &  [-19.42, c34] &  [-28.85, c35] &  [-8.22, c36] &  [-27.54, c37] &  [-7.56, c38] &  [-13.79, c39] &   [-1.8, c40] &  [-3.04, c41] &  [-27.54, c42] &  [-41.19, c43] &  [-27.03, c44] &  [-9.13, c45] &   [-19.6, c46] &  [-1.22, c47] &  [-19.52, c48] &  [-9.35, c49] &  [-4.0, c50] &  [-11.37, c51] &         [0, ] \\
c9          &  [-0.36, new\_cluster] &  [-22.14, c1] &  [-0.79, c2] &  [-11.36, c3] &  [-28.09, c4] &  [-4.07, c5] &  [-19.32, c6] &  [-10.21, c7] &  [-9.09, c8] &  [-15.95, c9] &  [-1.49, c10] &  [-0.87, c11] &  [-6.17, c12] &  [-7.47, c13] &  [-2.85, c14] &  [-1.59, c15] &  [-29.56, c16] &  [-17.73, c17] &  [-12.13, c18] &  [-14.75, c19] &  [-2.82, c20] &  [-0.62, c21] &   [-18.7, c22] &  [-5.77, c23] &  [-3.86, c24] &  [-7.29, c25] &  [-31.68, c26] &  [-15.18, c27] &  [-0.26, c28] &  [-14.69, c29] &  [-13.12, c30] &  [-11.13, c31] &  [-24.06, c32] &  [-0.31, c33] &  [-19.48, c34] &  [-28.85, c35] &  [-8.13, c36] &  [-27.54, c37] &  [-7.56, c38] &  [-13.82, c39] &  [-1.69, c40] &  [-3.04, c41] &  [-27.54, c42] &  [-41.19, c43] &  [-31.48, c44] &  [-9.01, c45] &  [-19.99, c46] &  [-1.17, c47] &  [-19.52, c48] &  [-8.89, c49] &  [-4.0, c50] &  [-11.37, c51] &         [0, ] \\
c10         &  [-0.36, new\_cluster] &  [-22.68, c1] &  [-0.92, c2] &  [-10.81, c3] &  [-28.84, c4] &  [-4.33, c5] &  [-19.39, c6] &  [-10.93, c7] &  [-9.64, c8] &  [-15.41, c9] &  [-1.46, c10] &  [-0.76, c11] &  [-6.37, c12] &  [-8.18, c13] &  [-2.54, c14] &  [-1.59, c15] &   [-30.3, c16] &  [-15.86, c17] &  [-11.36, c18] &   [-14.3, c19] &  [-2.79, c20] &  [-0.66, c21] &  [-17.73, c22] &  [-5.74, c23] &  [-4.61, c24] &  [-7.29, c25] &  [-33.76, c26] &   [-14.2, c27] &  [-0.24, c28] &  [-14.54, c29] &  [-13.24, c30] &  [-10.86, c31] &  [-23.23, c32] &  [-0.31, c33] &  [-19.77, c34] &  [-28.85, c35] &  [-8.04, c36] &  [-27.54, c37] &  [-7.56, c38] &  [-13.82, c39] &  [-1.75, c40] &  [-3.04, c41] &  [-27.54, c42] &  [-41.19, c43] &  [-25.17, c44] &  [-8.81, c45] &  [-19.89, c46] &   [-1.2, c47] &  [-19.52, c48] &  [-9.32, c49] &  [-4.0, c50] &  [-11.37, c51] &  [-0.29, c52] \\
c11         &  [-0.36, new\_cluster] &  [-21.93, c1] &  [-0.84, c2] &  [-11.22, c3] &  [-29.04, c4] &  [-3.82, c5] &  [-19.89, c6] &   [-11.1, c7] &  [-9.47, c8] &  [-15.48, c9] &   [-1.7, c10] &  [-0.81, c11] &  [-6.74, c12] &  [-8.09, c13] &  [-2.84, c14] &  [-1.59, c15] &  [-30.24, c16] &  [-15.06, c17] &  [-11.91, c18] &  [-14.99, c19] &  [-2.89, c20] &  [-0.72, c21] &   [-18.5, c22] &  [-5.75, c23] &  [-4.29, c24] &  [-7.29, c25] &  [-31.63, c26] &  [-14.03, c27] &  [-0.26, c28] &  [-14.05, c29] &  [-12.84, c30] &  [-11.55, c31] &  [-23.55, c32] &  [-0.36, c33] &  [-19.37, c34] &  [-28.85, c35] &   [-8.8, c36] &  [-27.54, c37] &  [-7.56, c38] &  [-13.79, c39] &  [-1.81, c40] &  [-3.04, c41] &  [-27.54, c42] &  [-41.19, c43] &  [-27.41, c44] &  [-8.67, c45] &  [-18.93, c46] &  [-1.16, c47] &  [-19.52, c48] &  [-8.68, c49] &  [-4.0, c50] &  [-11.37, c51] &  [-0.29, c52] \\
c12         &  [-0.36, new\_cluster] &  [-22.06, c1] &  [-0.92, c2] &  [-11.01, c3] &  [-29.24, c4] &  [-4.36, c5] &  [-18.59, c6] &  [-11.28, c7] &  [-9.18, c8] &  [-15.98, c9] &  [-1.51, c10] &  [-0.81, c11] &  [-5.86, c12] &   [-7.9, c13] &  [-2.93, c14] &  [-1.59, c15] &  [-30.64, c16] &  [-18.74, c17] &  [-11.44, c18] &  [-14.75, c19] &  [-2.83, c20] &  [-0.74, c21] &  [-18.15, c22] &  [-5.61, c23] &  [-3.95, c24] &  [-7.29, c25] &  [-33.24, c26] &  [-15.81, c27] &  [-0.17, c28] &  [-13.93, c29] &  [-13.17, c30] &  [-10.78, c31] &  [-23.66, c32] &  [-0.34, c33] &  [-19.42, c34] &  [-28.85, c35] &  [-8.56, c36] &  [-27.54, c37] &  [-7.56, c38] &  [-13.31, c39] &  [-1.74, c40] &  [-3.04, c41] &  [-27.54, c42] &  [-41.19, c43] &  [-36.03, c44] &  [-9.04, c45] &  [-19.46, c46] &  [-1.17, c47] &  [-19.52, c48] &  [-8.68, c49] &  [-4.0, c50] &  [-11.37, c51] &  [-0.29, c52] \\
c13         &  [-0.36, new\_cluster] &  [-22.54, c1] &  [-0.83, c2] &  [-11.25, c3] &   [-27.6, c4] &  [-3.96, c5] &  [-20.28, c6] &  [-11.71, c7] &  [-9.44, c8] &  [-15.59, c9] &  [-1.56, c10] &  [-0.87, c11] &  [-6.34, c12] &  [-7.88, c13] &  [-2.88, c14] &  [-1.59, c15] &  [-29.54, c16] &  [-16.96, c17] &  [-11.35, c18] &  [-14.65, c19] &  [-2.86, c20] &  [-0.68, c21] &  [-17.54, c22] &  [-5.73, c23] &  [-4.14, c24] &  [-7.29, c25] &  [-32.44, c26] &  [-15.75, c27] &  [-0.28, c28] &  [-14.16, c29] &  [-12.92, c30] &  [-10.81, c31] &  [-23.19, c32] &   [-0.3, c33] &  [-19.46, c34] &  [-28.85, c35] &  [-8.04, c36] &  [-27.54, c37] &  [-7.56, c38] &  [-13.62, c39] &  [-1.76, c40] &  [-3.04, c41] &  [-27.54, c42] &  [-41.19, c43] &  [-28.68, c44] &  [-9.01, c45] &  [-19.99, c46] &  [-1.23, c47] &  [-19.52, c48] &  [-9.35, c49] &  [-4.0, c50] &  [-11.37, c51] &  [-0.29, c52] \\
c14         &  [-0.36, new\_cluster] &   [-21.8, c1] &  [-0.91, c2] &  [-10.42, c3] &  [-28.63, c4] &  [-4.36, c5] &  [-20.23, c6] &   [-10.8, c7] &  [-9.54, c8] &  [-15.38, c9] &   [-1.8, c10] &  [-0.73, c11] &   [-6.6, c12] &  [-7.87, c13] &  [-2.52, c14] &  [-1.59, c15] &  [-29.37, c16] &   [-18.5, c17] &  [-12.58, c18] &   [-15.0, c19] &  [-2.82, c20] &  [-0.72, c21] &  [-17.65, c22] &  [-5.79, c23] &  [-4.42, c24] &  [-7.29, c25] &  [-32.41, c26] &  [-14.19, c27] &  [-0.19, c28] &  [-14.17, c29] &  [-12.88, c30] &  [-10.76, c31] &  [-23.42, c32] &  [-0.38, c33] &   [-19.1, c34] &  [-28.85, c35] &  [-8.37, c36] &  [-27.54, c37] &  [-7.56, c38] &  [-13.66, c39] &  [-1.72, c40] &  [-3.04, c41] &  [-27.54, c42] &  [-41.19, c43] &  [-35.16, c44] &  [-9.06, c45] &   [-19.7, c46] &  [-1.22, c47] &  [-19.52, c48] &  [-8.99, c49] &  [-4.0, c50] &  [-11.37, c51] &  [-0.29, c52] \\
c15         &  [-0.36, new\_cluster] &  [-23.04, c1] &  [-0.95, c2] &  [-10.91, c3] &  [-28.27, c4] &  [-4.28, c5] &  [-19.56, c6] &  [-10.54, c7] &  [-9.37, c8] &  [-15.95, c9] &  [-1.68, c10] &  [-0.86, c11] &  [-6.41, c12] &  [-7.75, c13] &  [-2.57, c14] &  [-1.59, c15] &  [-30.01, c16] &  [-17.24, c17] &  [-12.06, c18] &  [-13.68, c19] &   [-2.9, c20] &  [-0.72, c21] &  [-19.02, c22] &  [-5.54, c23] &  [-4.32, c24] &  [-7.29, c25] &  [-33.27, c26] &   [-15.3, c27] &  [-0.21, c28] &  [-14.24, c29] &  [-12.89, c30] &  [-11.14, c31] &  [-24.09, c32] &  [-0.36, c33] &  [-19.29, c34] &  [-28.85, c35] &  [-8.35, c36] &  [-27.54, c37] &  [-7.56, c38] &  [-13.75, c39] &  [-1.81, c40] &  [-3.04, c41] &  [-27.54, c42] &  [-41.19, c43] &  [-29.38, c44] &  [-8.94, c45] &  [-19.99, c46] &  [-1.19, c47] &  [-19.52, c48] &  [-9.09, c49] &  [-4.0, c50] &  [-11.37, c51] &  [-0.29, c52] \\
c16         &  [-0.36, new\_cluster] &  [-22.45, c1] &  [-0.93, c2] &  [-11.35, c3] &  [-28.97, c4] &  [-4.17, c5] &  [-19.77, c6] &   [-10.4, c7] &  [-9.79, c8] &  [-15.67, c9] &  [-1.61, c10] &  [-0.75, c11] &   [-6.8, c12] &  [-7.77, c13] &  [-2.61, c14] &  [-1.59, c15] &  [-29.46, c16] &  [-16.16, c17] &  [-12.75, c18] &  [-14.56, c19] &  [-2.68, c20] &  [-0.66, c21] &  [-17.66, c22] &  [-5.77, c23] &  [-4.12, c24] &  [-7.29, c25] &  [-31.24, c26] &  [-15.05, c27] &  [-0.24, c28] &  [-14.35, c29] &  [-12.54, c30] &  [-11.07, c31] &  [-23.74, c32] &   [-0.3, c33] &  [-19.25, c34] &  [-28.85, c35] &  [-8.28, c36] &  [-27.54, c37] &  [-7.56, c38] &  [-13.16, c39] &  [-1.71, c40] &  [-3.04, c41] &  [-27.54, c42] &  [-41.19, c43] &  [-21.69, c44] &  [-8.81, c45] &  [-19.99, c46] &  [-1.17, c47] &  [-19.52, c48] &  [-8.92, c49] &  [-4.0, c50] &  [-11.37, c51] &  [-0.29, c52] \\
c17         &  [-0.36, new\_cluster] &  [-22.25, c1] &  [-0.76, c2] &   [-11.3, c3] &  [-28.77, c4] &   [-4.2, c5] &  [-19.51, c6] &  [-10.64, c7] &  [-9.22, c8] &  [-16.11, c9] &  [-1.54, c10] &  [-0.86, c11] &  [-6.27, c12] &  [-7.65, c13] &  [-2.93, c14] &  [-1.59, c15] &  [-29.27, c16] &  [-16.79, c17] &  [-12.07, c18] &  [-14.84, c19] &  [-2.83, c20] &  [-0.75, c21] &  [-17.81, c22] &  [-5.56, c23] &   [-4.4, c24] &  [-7.29, c25] &  [-31.52, c26] &  [-14.81, c27] &  [-0.25, c28] &  [-14.29, c29] &  [-12.96, c30] &  [-10.98, c31] &  [-23.48, c32] &  [-0.43, c33] &  [-19.97, c34] &  [-28.85, c35] &  [-7.86, c36] &  [-27.54, c37] &  [-7.56, c38] &  [-13.82, c39] &  [-1.75, c40] &  [-3.04, c41] &  [-27.54, c42] &  [-41.19, c43] &   [-32.2, c44] &  [-8.78, c45] &  [-20.09, c46] &   [-1.2, c47] &  [-19.52, c48] &  [-9.35, c49] &  [-4.0, c50] &  [-11.37, c51] &  [-0.29, c52] \\
c18         &  [-0.36, new\_cluster] &  [-23.06, c1] &  [-1.05, c2] &  [-10.85, c3] &   [-29.0, c4] &  [-4.04, c5] &  [-19.84, c6] &  [-11.05, c7] &   [-9.3, c8] &  [-16.32, c9] &  [-1.72, c10] &  [-1.01, c11] &  [-6.45, c12] &  [-7.96, c13] &  [-2.44, c14] &  [-1.59, c15] &   [-30.3, c16] &   [-17.4, c17] &  [-11.95, c18] &  [-14.77, c19] &  [-2.75, c20] &  [-0.64, c21] &  [-18.82, c22] &  [-5.59, c23] &  [-4.37, c24] &  [-7.29, c25] &  [-33.08, c26] &  [-14.97, c27] &  [-0.25, c28] &  [-14.41, c29] &  [-12.77, c30] &  [-10.91, c31] &  [-23.57, c32] &  [-0.28, c33] &  [-19.53, c34] &  [-28.85, c35] &  [-8.04, c36] &  [-27.54, c37] &  [-7.56, c38] &  [-13.61, c39] &  [-1.71, c40] &  [-3.04, c41] &  [-27.54, c42] &  [-41.19, c43] &  [-25.57, c44] &  [-8.63, c45] &  [-19.75, c46] &  [-1.19, c47] &  [-19.52, c48] &  [-9.03, c49] &  [-4.0, c50] &  [-11.37, c51] &  [-0.29, c52] \\
c19         &  [-0.36, new\_cluster] &  [-22.53, c1] &  [-0.84, c2] &  [-11.38, c3] &  [-28.68, c4] &   [-4.3, c5] &  [-18.86, c6] &  [-11.33, c7] &  [-9.47, c8] &  [-15.96, c9] &  [-1.34, c10] &  [-0.77, c11] &  [-6.37, c12] &  [-7.27, c13] &  [-2.88, c14] &  [-1.59, c15] &  [-30.62, c16] &  [-18.04, c17] &  [-12.04, c18] &  [-13.77, c19] &  [-2.83, c20] &  [-0.75, c21] &  [-17.92, c22] &  [-5.89, c23] &  [-4.22, c24] &  [-7.29, c25] &  [-32.45, c26] &  [-14.11, c27] &  [-0.23, c28] &  [-14.28, c29] &  [-13.06, c30] &  [-10.92, c31] &  [-23.32, c32] &   [-0.3, c33] &  [-19.37, c34] &  [-28.85, c35] &  [-7.84, c36] &  [-27.54, c37] &  [-7.56, c38] &   [-13.8, c39] &  [-1.89, c40] &  [-3.04, c41] &  [-27.54, c42] &  [-41.19, c43] &  [-29.38, c44] &  [-8.58, c45] &  [-20.63, c46] &  [-1.18, c47] &  [-19.52, c48] &  [-8.84, c49] &  [-4.0, c50] &  [-11.37, c51] &         [0, ] \\
c20         &  [-0.36, new\_cluster] &  [-22.01, c1] &  [-0.96, c2] &  [-11.25, c3] &   [-29.0, c4] &  [-4.28, c5] &   [-19.4, c6] &  [-10.67, c7] &  [-9.51, c8] &   [-15.6, c9] &  [-1.48, c10] &  [-0.72, c11] &  [-6.22, c12] &   [-7.7, c13] &  [-3.04, c14] &  [-1.59, c15] &  [-30.12, c16] &  [-17.56, c17] &  [-11.74, c18] &  [-14.29, c19] &  [-2.85, c20] &  [-0.72, c21] &   [-18.3, c22] &  [-5.47, c23] &   [-4.2, c24] &  [-7.29, c25] &  [-33.07, c26] &  [-15.43, c27] &  [-0.28, c28] &  [-14.27, c29] &   [-13.1, c30] &  [-10.82, c31] &  [-23.84, c32] &  [-0.27, c33] &  [-19.46, c34] &  [-28.85, c35] &   [-7.8, c36] &  [-27.54, c37] &  [-7.56, c38] &  [-13.79, c39] &  [-1.75, c40] &  [-3.04, c41] &  [-27.54, c42] &  [-41.19, c43] &  [-37.05, c44] &  [-8.63, c45] &  [-20.23, c46] &  [-1.19, c47] &  [-19.52, c48] &  [-8.93, c49] &  [-4.0, c50] &  [-11.37, c51] &  [-0.29, c52] \\
c21         &  [-0.36, new\_cluster] &  [-22.19, c1] &  [-0.91, c2] &   [-10.8, c3] &  [-28.35, c4] &  [-4.27, c5] &  [-19.55, c6] &   [-11.0, c7] &  [-9.16, c8] &   [-15.3, c9] &  [-1.68, c10] &  [-0.76, c11] &  [-5.96, c12] &   [-7.6, c13] &   [-2.7, c14] &  [-1.59, c15] &  [-31.15, c16] &  [-15.99, c17] &  [-10.92, c18] &  [-14.06, c19] &  [-2.85, c20] &  [-0.62, c21] &  [-17.58, c22] &  [-5.34, c23] &  [-4.75, c24] &  [-7.29, c25] &  [-33.17, c26] &  [-14.51, c27] &  [-0.29, c28] &  [-14.08, c29] &  [-13.18, c30] &   [-10.7, c31] &  [-24.12, c32] &  [-0.33, c33] &  [-19.74, c34] &  [-28.85, c35] &  [-8.13, c36] &  [-27.54, c37] &  [-7.56, c38] &  [-14.32, c39] &  [-1.96, c40] &  [-3.04, c41] &  [-27.54, c42] &  [-41.19, c43] &  [-32.51, c44] &  [-9.01, c45] &  [-20.43, c46] &  [-1.17, c47] &  [-19.52, c48] &  [-9.05, c49] &  [-4.0, c50] &  [-11.37, c51] &  [-0.29, c52] \\
c22         &  [-0.36, new\_cluster] &  [-23.19, c1] &  [-0.85, c2] &  [-11.19, c3] &  [-28.23, c4] &  [-4.13, c5] &  [-19.08, c6] &   [-11.2, c7] &  [-9.41, c8] &  [-16.34, c9] &  [-1.51, c10] &  [-0.99, c11] &  [-6.56, c12] &  [-8.01, c13] &  [-2.84, c14] &  [-1.59, c15] &  [-29.67, c16] &  [-16.12, c17] &  [-11.81, c18] &  [-14.51, c19] &  [-2.85, c20] &   [-0.7, c21] &  [-17.88, c22] &  [-5.88, c23] &  [-4.51, c24] &  [-7.29, c25] &  [-32.33, c26] &  [-14.73, c27] &  [-0.22, c28] &  [-13.94, c29] &  [-13.04, c30] &  [-11.23, c31] &  [-23.79, c32] &  [-0.26, c33] &  [-19.36, c34] &  [-28.85, c35] &   [-8.1, c36] &  [-27.54, c37] &  [-7.56, c38] &   [-13.8, c39] &  [-1.78, c40] &  [-3.04, c41] &  [-27.54, c42] &  [-41.19, c43] &  [-19.67, c44] &  [-9.27, c45] &  [-20.18, c46] &  [-1.21, c47] &  [-19.52, c48] &  [-8.86, c49] &  [-4.0, c50] &  [-11.37, c51] &  [-0.29, c52] \\
c23         &  [-0.36, new\_cluster] &  [-23.33, c1] &  [-1.08, c2] &  [-11.25, c3] &  [-28.38, c4] &  [-4.07, c5] &  [-19.18, c6] &  [-10.93, c7] &  [-8.93, c8] &  [-16.14, c9] &  [-1.64, c10] &  [-0.82, c11] &  [-6.18, c12] &  [-7.84, c13] &  [-2.59, c14] &  [-1.59, c15] &  [-29.59, c16] &   [-16.1, c17] &  [-11.66, c18] &  [-14.89, c19] &  [-2.78, c20] &  [-0.62, c21] &  [-19.05, c22] &  [-5.94, c23] &  [-3.85, c24] &  [-7.29, c25] &  [-32.05, c26] &  [-15.99, c27] &  [-0.31, c28] &  [-14.28, c29] &  [-13.27, c30] &  [-10.77, c31] &  [-23.92, c32] &  [-0.35, c33] &  [-19.58, c34] &  [-28.85, c35] &  [-7.89, c36] &  [-27.54, c37] &  [-7.56, c38] &  [-13.47, c39] &  [-1.85, c40] &  [-3.04, c41] &  [-27.54, c42] &  [-41.19, c43] &  [-31.15, c44] &  [-8.74, c45] &  [-20.04, c46] &  [-1.16, c47] &  [-19.52, c48] &  [-8.86, c49] &  [-4.0, c50] &  [-11.37, c51] &  [-0.29, c52] \\
c24         &  [-0.36, new\_cluster] &  [-22.32, c1] &  [-0.92, c2] &  [-10.98, c3] &   [-29.2, c4] &  [-4.29, c5] &  [-19.65, c6] &  [-11.17, c7] &  [-8.79, c8] &  [-16.05, c9] &  [-1.48, c10] &  [-0.85, c11] &  [-6.53, c12] &  [-7.89, c13] &  [-2.72, c14] &  [-1.59, c15] &  [-30.26, c16] &  [-16.97, c17] &  [-11.46, c18] &  [-14.32, c19] &  [-2.79, c20] &  [-0.64, c21] &  [-18.33, c22] &  [-5.66, c23] &  [-4.53, c24] &  [-7.29, c25] &  [-32.35, c26] &  [-16.89, c27] &   [-0.2, c28] &   [-15.0, c29] &  [-13.29, c30] &  [-11.53, c31] &  [-24.43, c32] &  [-0.23, c33] &  [-19.67, c34] &  [-28.85, c35] &   [-8.1, c36] &  [-27.54, c37] &  [-7.56, c38] &  [-13.36, c39] &  [-1.81, c40] &  [-3.04, c41] &  [-27.54, c42] &  [-41.19, c43] &  [-31.83, c44] &  [-9.11, c45] &  [-19.84, c46] &  [-1.17, c47] &  [-19.52, c48] &  [-9.39, c49] &  [-4.0, c50] &  [-11.37, c51] &  [-0.29, c52] \\
c25         &  [-0.36, new\_cluster] &  [-21.98, c1] &  [-0.92, c2] &  [-11.13, c3] &  [-28.31, c4] &  [-4.38, c5] &  [-20.02, c6] &  [-10.91, c7] &  [-9.45, c8] &  [-15.95, c9] &  [-1.38, c10] &  [-0.71, c11] &  [-6.53, c12] &  [-7.77, c13] &  [-2.83, c14] &  [-1.59, c15] &  [-30.62, c16] &  [-16.01, c17] &  [-12.29, c18] &   [-14.2, c19] &  [-2.84, c20] &  [-0.68, c21] &   [-18.9, c22] &  [-5.89, c23] &  [-4.36, c24] &  [-7.29, c25] &  [-32.21, c26] &  [-14.79, c27] &  [-0.17, c28] &   [-14.5, c29] &  [-13.16, c30] &  [-11.25, c31] &   [-23.4, c32] &  [-0.29, c33] &  [-19.72, c34] &  [-28.85, c35] &  [-8.69, c36] &  [-27.54, c37] &  [-7.56, c38] &  [-13.34, c39] &  [-1.95, c40] &  [-3.04, c41] &  [-27.54, c42] &  [-41.19, c43] &  [-23.04, c44] &  [-8.89, c45] &  [-19.65, c46] &  [-1.22, c47] &  [-19.52, c48] &  [-8.97, c49] &  [-4.0, c50] &  [-11.37, c51] &  [-0.29, c52] \\
c26         &  [-0.36, new\_cluster] &  [-22.44, c1] &  [-0.79, c2] &  [-11.58, c3] &  [-28.99, c4] &  [-4.36, c5] &  [-19.83, c6] &  [-11.51, c7] &  [-8.88, c8] &  [-15.84, c9] &  [-1.58, c10] &   [-0.8, c11] &  [-6.33, c12] &  [-7.56, c13] &  [-2.81, c14] &  [-1.59, c15] &   [-30.6, c16] &  [-15.98, c17] &  [-11.53, c18] &  [-14.55, c19] &  [-2.72, c20] &  [-0.74, c21] &  [-17.85, c22] &  [-5.83, c23] &  [-4.53, c24] &  [-7.29, c25] &  [-33.14, c26] &  [-15.99, c27] &  [-0.11, c28] &  [-14.22, c29] &   [-13.4, c30] &   [-11.0, c31] &   [-23.5, c32] &  [-0.28, c33] &  [-19.32, c34] &  [-28.85, c35] &  [-8.43, c36] &  [-27.54, c37] &  [-7.56, c38] &  [-13.76, c39] &  [-1.66, c40] &  [-3.04, c41] &  [-27.54, c42] &  [-41.19, c43] &  [-26.68, c44] &  [-8.54, c45] &  [-20.43, c46] &  [-1.18, c47] &  [-19.52, c48] &  [-8.66, c49] &  [-4.0, c50] &  [-11.37, c51] &  [-0.29, c52] \\
c27         &  [-0.36, new\_cluster] &  [-22.49, c1] &  [-0.96, c2] &  [-10.88, c3] &  [-29.17, c4] &  [-4.27, c5] &  [-20.16, c6] &   [-11.1, c7] &  [-9.25, c8] &  [-15.75, c9] &  [-1.59, c10] &  [-0.79, c11] &  [-6.28, c12] &  [-7.74, c13] &  [-2.49, c14] &  [-1.59, c15] &   [-30.2, c16] &  [-15.74, c17] &  [-12.25, c18] &  [-14.46, c19] &  [-2.84, c20] &   [-0.6, c21] &  [-17.77, c22] &  [-5.81, c23] &  [-4.27, c24] &  [-7.29, c25] &  [-30.65, c26] &  [-13.15, c27] &  [-0.24, c28] &  [-14.69, c29] &  [-13.41, c30] &  [-11.07, c31] &  [-23.82, c32] &  [-0.43, c33] &  [-19.41, c34] &  [-28.85, c35] &   [-7.9, c36] &  [-27.54, c37] &  [-7.56, c38] &  [-13.41, c39] &  [-1.71, c40] &  [-3.04, c41] &  [-27.54, c42] &  [-41.19, c43] &  [-29.38, c44] &  [-8.53, c45] &  [-19.99, c46] &  [-1.22, c47] &  [-19.52, c48] &  [-8.87, c49] &  [-4.0, c50] &  [-11.37, c51] &  [-0.29, c52] \\
c28         &  [-0.36, new\_cluster] &  [-22.43, c1] &  [-0.88, c2] &  [-11.06, c3] &  [-28.83, c4] &  [-4.35, c5] &  [-20.16, c6] &  [-10.98, c7] &  [-9.24, c8] &  [-15.98, c9] &  [-1.51, c10] &  [-0.72, c11] &  [-6.26, c12] &  [-7.78, c13] &  [-2.82, c14] &  [-1.59, c15] &  [-29.73, c16] &  [-17.32, c17] &  [-11.93, c18] &  [-14.66, c19] &  [-2.74, c20] &  [-0.81, c21] &  [-17.44, c22] &  [-5.96, c23] &  [-4.16, c24] &  [-7.29, c25] &  [-31.66, c26] &   [-15.6, c27] &  [-0.23, c28] &   [-14.5, c29] &  [-13.39, c30] &  [-10.95, c31] &  [-23.83, c32] &  [-0.27, c33] &  [-19.25, c34] &  [-28.85, c35] &   [-7.6, c36] &  [-27.54, c37] &  [-7.56, c38] &  [-13.94, c39] &  [-1.89, c40] &  [-3.04, c41] &  [-27.54, c42] &  [-41.19, c43] &  [-25.99, c44] &  [-9.19, c45] &  [-19.94, c46] &  [-1.16, c47] &  [-19.52, c48] &  [-8.46, c49] &  [-4.0, c50] &  [-11.37, c51] &  [-0.29, c52] \\
c29         &  [-0.36, new\_cluster] &   [-22.6, c1] &  [-0.89, c2] &  [-10.94, c3] &  [-28.24, c4] &  [-4.23, c5] &  [-20.06, c6] &   [-11.1, c7] &  [-9.88, c8] &  [-16.04, c9] &  [-1.62, c10] &  [-0.85, c11] &  [-6.48, c12] &  [-7.79, c13] &  [-2.55, c14] &  [-1.59, c15] &  [-29.91, c16] &  [-15.63, c17] &   [-11.7, c18] &  [-13.64, c19] &  [-2.77, c20] &  [-0.72, c21] &  [-18.27, c22] &  [-5.91, c23] &  [-4.63, c24] &  [-7.29, c25] &  [-33.16, c26] &   [-17.2, c27] &  [-0.15, c28] &  [-14.54, c29] &  [-12.98, c30] &  [-11.24, c31] &  [-23.39, c32] &  [-0.31, c33] &  [-19.66, c34] &  [-28.85, c35] &  [-7.83, c36] &  [-27.54, c37] &  [-7.56, c38] &  [-13.78, c39] &  [-1.94, c40] &  [-3.04, c41] &  [-27.54, c42] &  [-41.19, c43] &   [-38.7, c44] &  [-8.54, c45] &  [-19.99, c46] &  [-1.18, c47] &  [-19.52, c48] &  [-8.85, c49] &  [-4.0, c50] &  [-11.37, c51] &  [-0.29, c52] \\
c30         &  [-0.36, new\_cluster] &  [-22.06, c1] &  [-0.85, c2] &  [-11.66, c3] &  [-28.77, c4] &  [-4.27, c5] &  [-20.24, c6] &  [-10.48, c7] &  [-9.14, c8] &  [-15.96, c9] &  [-1.61, c10] &  [-0.87, c11] &  [-6.54, c12] &  [-7.55, c13] &  [-2.75, c14] &  [-1.59, c15] &  [-29.71, c16] &  [-15.57, c17] &  [-12.76, c18] &  [-14.91, c19] &  [-2.85, c20] &  [-0.75, c21] &  [-18.83, c22] &   [-5.8, c23] &  [-4.02, c24] &  [-7.29, c25] &  [-30.63, c26] &   [-15.3, c27] &  [-0.29, c28] &   [-14.1, c29] &  [-13.32, c30] &  [-11.05, c31] &   [-23.7, c32] &  [-0.35, c33] &  [-19.15, c34] &  [-28.85, c35] &  [-8.25, c36] &  [-27.54, c37] &  [-7.56, c38] &  [-13.33, c39] &  [-1.69, c40] &  [-3.04, c41] &  [-27.54, c42] &  [-41.19, c43] &  [-25.17, c44] &  [-8.72, c45] &  [-19.89, c46] &  [-1.17, c47] &  [-19.52, c48] &  [-9.44, c49] &  [-4.0, c50] &  [-11.37, c51] &  [-0.29, c52] \\
c31         &  [-0.36, new\_cluster] &  [-22.46, c1] &  [-0.87, c2] &  [-11.34, c3] &   [-28.1, c4] &  [-4.46, c5] &  [-19.22, c6] &  [-10.58, c7] &  [-9.37, c8] &   [-15.9, c9] &  [-1.53, c10] &  [-0.72, c11] &  [-5.91, c12] &  [-7.76, c13] &  [-2.97, c14] &  [-1.59, c15] &   [-29.5, c16] &  [-15.31, c17] &  [-11.48, c18] &  [-14.87, c19] &  [-2.89, c20] &  [-0.66, c21] &  [-19.02, c22] &  [-5.85, c23] &  [-4.46, c24] &  [-7.29, c25] &   [-32.0, c26] &  [-14.15, c27] &  [-0.23, c28] &  [-14.35, c29] &  [-13.46, c30] &  [-11.29, c31] &   [-23.7, c32] &  [-0.28, c33] &  [-20.02, c34] &  [-28.85, c35] &  [-8.28, c36] &  [-27.54, c37] &  [-7.56, c38] &  [-13.57, c39] &  [-1.75, c40] &  [-3.04, c41] &  [-27.54, c42] &  [-41.19, c43] &  [-22.67, c44] &  [-8.92, c45] &  [-19.03, c46] &  [-1.17, c47] &  [-19.52, c48] &  [-8.87, c49] &  [-4.0, c50] &  [-11.37, c51] &  [-0.29, c52] \\
c32         &  [-0.36, new\_cluster] &   [-22.0, c1] &  [-0.93, c2] &  [-10.98, c3] &  [-29.06, c4] &  [-4.27, c5] &  [-19.76, c6] &  [-10.42, c7] &  [-8.83, c8] &  [-15.57, c9] &  [-1.66, c10] &   [-0.8, c11] &  [-6.38, c12] &  [-8.01, c13] &  [-2.78, c14] &  [-1.59, c15] &  [-29.65, c16] &  [-17.46, c17] &  [-11.89, c18] &   [-14.5, c19] &   [-2.8, c20] &  [-0.68, c21] &  [-17.88, c22] &  [-5.77, c23] &  [-4.03, c24] &  [-7.29, c25] &  [-32.55, c26] &  [-14.32, c27] &  [-0.29, c28] &  [-13.88, c29] &  [-13.36, c30] &  [-10.48, c31] &  [-23.73, c32] &  [-0.41, c33] &  [-19.37, c34] &  [-28.85, c35] &  [-8.65, c36] &  [-27.54, c37] &  [-7.56, c38] &  [-14.04, c39] &  [-1.81, c40] &  [-3.04, c41] &  [-27.54, c42] &  [-41.19, c43] &  [-20.38, c44] &  [-8.95, c45] &  [-19.79, c46] &  [-1.17, c47] &  [-19.52, c48] &  [-8.89, c49] &  [-4.0, c50] &  [-11.37, c51] &  [-0.29, c52] \\
c33         &  [-0.36, new\_cluster] &   [-22.7, c1] &  [-1.02, c2] &  [-11.11, c3] &  [-28.86, c4] &  [-4.05, c5] &  [-20.17, c6] &  [-10.73, c7] &  [-9.87, c8] &  [-15.77, c9] &  [-1.55, c10] &  [-0.99, c11] &  [-6.74, c12] &  [-7.74, c13] &   [-2.8, c14] &  [-1.59, c15] &   [-30.1, c16] &   [-18.1, c17] &  [-11.79, c18] &  [-14.69, c19] &  [-2.82, c20] &  [-0.66, c21] &  [-18.11, c22] &  [-5.89, c23] &  [-4.43, c24] &  [-7.29, c25] &  [-33.76, c26] &  [-16.08, c27] &  [-0.18, c28] &  [-14.22, c29] &   [-12.9, c30] &   [-11.1, c31] &  [-23.69, c32] &  [-0.27, c33] &  [-20.22, c34] &  [-28.85, c35] &  [-8.25, c36] &  [-27.54, c37] &  [-7.56, c38] &  [-13.79, c39] &  [-1.74, c40] &  [-3.04, c41] &  [-27.54, c42] &  [-41.19, c43] &  [-21.99, c44] &   [-8.9, c45] &   [-19.5, c46] &  [-1.19, c47] &  [-19.52, c48] &  [-8.88, c49] &  [-4.0, c50] &  [-11.37, c51] &  [-0.29, c52] \\
c34         &  [-0.36, new\_cluster] &  [-22.05, c1] &  [-0.96, c2] &   [-11.0, c3] &  [-28.51, c4] &  [-3.99, c5] &  [-19.13, c6] &  [-11.14, c7] &  [-9.88, c8] &  [-15.64, c9] &  [-1.83, c10] &  [-0.81, c11] &   [-6.7, c12] &  [-7.78, c13] &   [-2.8, c14] &  [-1.59, c15] &  [-28.95, c16] &  [-18.08, c17] &  [-12.24, c18] &  [-14.47, c19] &   [-2.8, c20] &  [-0.74, c21] &  [-18.14, c22] &  [-5.66, c23] &  [-4.17, c24] &  [-7.29, c25] &   [-32.7, c26] &  [-15.88, c27] &  [-0.26, c28] &  [-14.68, c29] &  [-13.22, c30] &  [-10.98, c31] &  [-23.74, c32] &  [-0.44, c33] &  [-20.15, c34] &  [-28.85, c35] &  [-8.37, c36] &  [-27.54, c37] &  [-7.56, c38] &   [-13.2, c39] &  [-1.89, c40] &  [-3.04, c41] &  [-27.54, c42] &  [-41.19, c43] &  [-27.81, c44] &   [-9.0, c45] &  [-19.75, c46] &  [-1.21, c47] &  [-19.52, c48] &   [-9.1, c49] &  [-4.0, c50] &  [-11.37, c51] &  [-0.29, c52] \\
c35         &  [-0.36, new\_cluster] &  [-22.23, c1] &  [-0.96, c2] &  [-11.04, c3] &  [-29.26, c4] &   [-4.2, c5] &  [-20.28, c6] &  [-10.83, c7] &   [-9.5, c8] &  [-15.93, c9] &  [-1.34, c10] &   [-0.7, c11] &   [-6.6, c12] &  [-7.96, c13] &  [-3.18, c14] &  [-1.59, c15] &   [-30.6, c16] &  [-15.82, c17] &  [-11.22, c18] &  [-14.36, c19] &  [-2.83, c20] &  [-0.64, c21] &   [-18.6, c22] &  [-5.65, c23] &  [-4.06, c24] &  [-7.29, c25] &   [-31.7, c26] &  [-17.68, c27] &  [-0.14, c28] &  [-14.41, c29] &  [-13.28, c30] &  [-11.22, c31] &  [-23.89, c32] &  [-0.31, c33] &  [-20.01, c34] &  [-28.85, c35] &  [-8.04, c36] &  [-27.54, c37] &  [-7.56, c38] &  [-13.74, c39] &  [-1.91, c40] &  [-3.04, c41] &  [-27.54, c42] &  [-41.19, c43] &  [-27.81, c44] &  [-8.56, c45] &  [-19.36, c46] &  [-1.22, c47] &  [-19.52, c48] &  [-9.22, c49] &  [-4.0, c50] &  [-11.37, c51] &  [-0.29, c52] \\
c36         &  [-0.36, new\_cluster] &   [-22.2, c1] &  [-0.95, c2] &  [-10.93, c3] &  [-28.97, c4] &  [-4.22, c5] &  [-20.26, c6] &  [-11.18, c7] &  [-9.48, c8] &  [-15.57, c9] &  [-1.44, c10] &  [-0.85, c11] &  [-6.63, c12] &  [-7.77, c13] &  [-2.52, c14] &  [-1.59, c15] &  [-30.68, c16] &  [-15.84, c17] &  [-11.95, c18] &  [-14.36, c19] &  [-2.77, c20] &  [-0.68, c21] &  [-18.53, c22] &  [-5.99, c23] &  [-4.79, c24] &  [-7.29, c25] &  [-32.27, c26] &  [-14.79, c27] &  [-0.29, c28] &  [-14.27, c29] &  [-13.25, c30] &  [-11.41, c31] &  [-23.74, c32] &  [-0.32, c33] &  [-19.89, c34] &  [-28.85, c35] &  [-8.52, c36] &  [-27.54, c37] &  [-7.56, c38] &  [-13.51, c39] &  [-1.81, c40] &  [-3.04, c41] &  [-27.54, c42] &  [-41.19, c43] &  [-31.48, c44] &  [-8.85, c45] &  [-20.29, c46] &   [-1.2, c47] &  [-19.52, c48] &   [-9.1, c49] &  [-4.0, c50] &  [-11.37, c51] &  [-0.29, c52] \\
c37         &  [-0.36, new\_cluster] &  [-22.74, c1] &  [-0.82, c2] &  [-11.31, c3] &  [-28.76, c4] &  [-4.21, c5] &  [-19.62, c6] &  [-10.29, c7] &  [-9.38, c8] &  [-16.06, c9] &  [-1.61, c10] &  [-0.87, c11] &  [-6.43, c12] &  [-8.03, c13] &  [-2.84, c14] &  [-1.59, c15] &  [-29.77, c16] &  [-17.01, c17] &  [-12.52, c18] &   [-14.6, c19] &  [-2.76, c20] &  [-0.66, c21] &  [-18.52, c22] &  [-5.76, c23] &  [-4.04, c24] &  [-7.29, c25] &  [-32.66, c26] &  [-15.68, c27] &  [-0.24, c28] &  [-14.54, c29] &  [-13.07, c30] &  [-10.89, c31] &  [-23.91, c32] &  [-0.35, c33] &  [-19.58, c34] &  [-28.85, c35] &  [-7.86, c36] &  [-27.54, c37] &  [-7.56, c38] &  [-13.53, c39] &  [-1.75, c40] &  [-3.04, c41] &  [-27.54, c42] &  [-41.19, c43] &  [-26.44, c44] &  [-8.77, c45] &  [-20.44, c46] &  [-1.21, c47] &  [-19.52, c48] &  [-8.32, c49] &  [-4.0, c50] &  [-11.37, c51] &  [-0.29, c52] \\
c38         &  [-0.36, new\_cluster] &  [-22.52, c1] &  [-1.06, c2] &  [-10.71, c3] &  [-29.18, c4] &  [-3.99, c5] &   [-19.7, c6] &  [-10.81, c7] &  [-9.08, c8] &  [-15.59, c9] &  [-1.33, c10] &  [-0.67, c11] &  [-6.76, c12] &  [-7.87, c13] &  [-2.84, c14] &  [-1.59, c15] &  [-29.84, c16] &  [-15.12, c17] &  [-12.37, c18] &  [-14.06, c19] &  [-2.77, c20] &   [-0.7, c21] &  [-17.86, c22] &  [-5.68, c23] &  [-4.49, c24] &  [-7.29, c25] &  [-32.38, c26] &  [-14.41, c27] &  [-0.27, c28] &  [-14.53, c29] &   [-13.2, c30] &  [-11.32, c31] &  [-24.55, c32] &  [-0.39, c33] &   [-19.5, c34] &  [-28.85, c35] &   [-8.4, c36] &  [-27.54, c37] &  [-7.56, c38] &  [-14.13, c39] &  [-1.89, c40] &  [-3.04, c41] &  [-27.54, c42] &  [-41.19, c43] &  [-37.43, c44] &  [-9.07, c45] &  [-19.22, c46] &  [-1.22, c47] &  [-19.52, c48] &  [-9.19, c49] &  [-4.0, c50] &  [-11.37, c51] &         [0, ] \\
c39         &  [-0.36, new\_cluster] &   [-22.4, c1] &  [-0.81, c2] &  [-11.25, c3] &   [-29.2, c4] &  [-4.21, c5] &  [-19.33, c6] &  [-10.62, c7] &  [-9.48, c8] &  [-15.57, c9] &  [-1.59, c10] &  [-0.78, c11] &  [-6.35, c12] &  [-7.57, c13] &  [-2.61, c14] &  [-1.59, c15] &  [-30.12, c16] &  [-16.58, c17] &  [-12.11, c18] &  [-14.91, c19] &  [-2.84, c20] &  [-0.66, c21] &  [-17.79, c22] &  [-5.67, c23] &   [-3.9, c24] &  [-7.29, c25] &  [-32.78, c26] &  [-15.25, c27] &   [-0.2, c28] &  [-14.32, c29] &  [-13.51, c30] &  [-10.97, c31] &  [-23.44, c32] &  [-0.25, c33] &  [-19.18, c34] &  [-28.85, c35] &  [-7.95, c36] &  [-27.54, c37] &  [-7.56, c38] &  [-13.35, c39] &  [-1.82, c40] &  [-3.04, c41] &  [-27.54, c42] &  [-41.19, c43] &  [-18.74, c44] &  [-8.86, c45] &  [-19.79, c46] &  [-1.18, c47] &  [-19.52, c48] &  [-9.29, c49] &  [-4.0, c50] &  [-11.37, c51] &  [-0.29, c52] \\
c40         &  [-0.36, new\_cluster] &  [-22.88, c1] &  [-0.79, c2] &  [-11.03, c3] &  [-28.72, c4] &  [-4.15, c5] &  [-19.03, c6] &  [-11.03, c7] &  [-9.45, c8] &  [-15.15, c9] &  [-1.72, c10] &  [-0.91, c11] &  [-6.63, c12] &  [-7.96, c13] &  [-2.56, c14] &  [-1.59, c15] &  [-29.84, c16] &  [-15.83, c17] &  [-12.04, c18] &  [-14.21, c19] &  [-2.77, c20] &  [-0.64, c21] &  [-18.04, c22] &   [-5.7, c23] &  [-4.22, c24] &  [-7.29, c25] &  [-32.14, c26] &   [-15.3, c27] &  [-0.24, c28] &  [-14.28, c29] &  [-12.91, c30] &  [-11.68, c31] &   [-23.7, c32] &  [-0.26, c33] &  [-19.72, c34] &  [-28.85, c35] &   [-7.6, c36] &  [-27.54, c37] &  [-7.56, c38] &  [-13.45, c39] &  [-1.76, c40] &  [-3.04, c41] &  [-27.54, c42] &  [-41.19, c43] &   [-24.8, c44] &  [-8.82, c45] &  [-19.41, c46] &  [-1.22, c47] &  [-19.52, c48] &  [-9.31, c49] &  [-4.0, c50] &  [-11.37, c51] &  [-0.29, c52] \\
c41         &  [-0.36, new\_cluster] &  [-22.86, c1] &  [-0.88, c2] &  [-11.24, c3] &  [-29.18, c4] &  [-3.98, c5] &  [-20.45, c6] &  [-10.97, c7] &  [-9.27, c8] &  [-15.95, c9] &  [-1.65, c10] &  [-0.84, c11] &  [-6.35, c12] &  [-8.01, c13] &  [-2.56, c14] &  [-1.59, c15] &   [-30.6, c16] &  [-17.13, c17] &  [-11.74, c18] &  [-14.51, c19] &  [-2.79, c20] &  [-0.72, c21] &  [-18.35, c22] &   [-5.9, c23] &  [-4.07, c24] &  [-7.29, c25] &  [-30.84, c26] &  [-16.63, c27] &  [-0.24, c28] &  [-14.24, c29] &  [-13.39, c30] &  [-11.18, c31] &  [-23.69, c32] &  [-0.36, c33] &  [-19.41, c34] &  [-28.85, c35] &   [-8.1, c36] &  [-27.54, c37] &  [-7.56, c38] &  [-13.33, c39] &  [-1.67, c40] &  [-3.04, c41] &  [-27.54, c42] &  [-41.19, c43] &  [-37.43, c44] &  [-8.78, c45] &   [-19.8, c46] &  [-1.21, c47] &  [-19.52, c48] &  [-8.63, c49] &  [-4.0, c50] &  [-11.37, c51] &  [-0.29, c52] \\
c42         &  [-0.36, new\_cluster] &  [-22.05, c1] &  [-0.77, c2] &  [-11.08, c3] &   [-28.6, c4] &  [-4.05, c5] &  [-19.64, c6] &   [-11.6, c7] &   [-9.3, c8] &   [-15.7, c9] &  [-1.84, c10] &  [-0.71, c11] &  [-6.27, c12] &  [-7.55, c13] &  [-2.71, c14] &  [-1.59, c15] &  [-30.24, c16] &  [-16.26, c17] &  [-11.43, c18] &  [-14.47, c19] &  [-2.77, c20] &  [-0.72, c21] &  [-18.33, c22] &  [-5.45, c23] &  [-4.33, c24] &  [-7.29, c25] &  [-32.98, c26] &  [-15.74, c27] &  [-0.26, c28] &  [-14.82, c29] &  [-12.97, c30] &  [-10.92, c31] &  [-23.82, c32] &  [-0.45, c33] &  [-19.73, c34] &  [-28.85, c35] &  [-8.25, c36] &  [-27.54, c37] &  [-7.56, c38] &  [-13.86, c39] &  [-1.69, c40] &  [-3.04, c41] &  [-27.54, c42] &  [-41.19, c43] &  [-29.38, c44] &  [-8.79, c45] &  [-19.31, c46] &  [-1.18, c47] &  [-19.52, c48] &  [-9.18, c49] &  [-4.0, c50] &  [-11.37, c51] &  [-0.29, c52] \\
c43         &  [-0.36, new\_cluster] &  [-22.26, c1] &  [-0.93, c2] &  [-11.28, c3] &  [-28.57, c4] &  [-3.99, c5] &  [-19.46, c6] &  [-10.68, c7] &  [-9.65, c8] &  [-15.49, c9] &  [-1.66, c10] &  [-0.78, c11] &  [-6.88, c12] &  [-7.65, c13] &  [-2.72, c14] &  [-1.59, c15] &  [-29.38, c16] &   [-15.9, c17] &   [-12.1, c18] &  [-14.36, c19] &  [-2.75, c20] &  [-0.68, c21] &  [-17.53, c22] &  [-5.96, c23] &  [-4.19, c24] &  [-7.29, c25] &  [-32.09, c26] &  [-16.08, c27] &   [-0.2, c28] &  [-14.73, c29] &  [-13.35, c30] &  [-10.71, c31] &  [-23.51, c32] &  [-0.35, c33] &  [-20.04, c34] &  [-28.85, c35] &  [-8.37, c36] &  [-27.54, c37] &  [-7.56, c38] &  [-13.79, c39] &  [-1.87, c40] &  [-3.04, c41] &  [-27.54, c42] &  [-41.19, c43] &   [-36.5, c44] &  [-8.81, c45] &   [-19.6, c46] &   [-1.2, c47] &  [-19.52, c48] &  [-9.08, c49] &  [-4.0, c50] &  [-11.37, c51] &  [-0.29, c52] \\
c44         &  [-0.36, new\_cluster] &   [-22.7, c1] &  [-0.83, c2] &  [-10.95, c3] &  [-28.57, c4] &  [-4.41, c5] &  [-20.09, c6] &  [-10.81, c7] &  [-9.25, c8] &  [-16.32, c9] &  [-1.64, c10] &   [-0.9, c11] &  [-6.23, c12] &  [-8.35, c13] &  [-2.73, c14] &  [-1.59, c15] &  [-30.22, c16] &  [-18.51, c17] &  [-11.09, c18] &  [-14.13, c19] &  [-2.83, c20] &  [-0.72, c21] &  [-18.05, c22] &  [-5.38, c23] &  [-4.23, c24] &  [-7.29, c25] &  [-31.53, c26] &  [-14.87, c27] &   [-0.2, c28] &  [-14.12, c29] &   [-13.0, c30] &  [-11.37, c31] &  [-24.21, c32] &  [-0.32, c33] &  [-19.46, c34] &  [-28.85, c35] &   [-7.8, c36] &  [-27.54, c37] &  [-7.56, c38] &  [-13.57, c39] &  [-1.73, c40] &  [-3.04, c41] &  [-27.54, c42] &  [-41.19, c43] &  [-29.75, c44] &  [-8.79, c45] &  [-19.89, c46] &  [-1.18, c47] &  [-19.52, c48] &  [-9.07, c49] &  [-4.0, c50] &  [-11.37, c51] &  [-0.29, c52] \\
c45         &  [-0.36, new\_cluster] &  [-22.62, c1] &  [-0.97, c2] &  [-10.89, c3] &  [-29.55, c4] &  [-4.23, c5] &  [-20.01, c6] &  [-10.74, c7] &  [-9.51, c8] &  [-15.72, c9] &  [-1.53, c10] &  [-0.75, c11] &  [-6.39, c12] &  [-7.65, c13] &  [-2.85, c14] &  [-1.59, c15] &  [-30.64, c16] &   [-16.3, c17] &  [-11.37, c18] &  [-14.18, c19] &   [-2.8, c20] &  [-0.68, c21] &  [-17.55, c22] &  [-5.79, c23] &  [-4.99, c24] &  [-7.29, c25] &   [-31.6, c26] &  [-17.22, c27] &  [-0.19, c28] &  [-14.61, c29] &  [-13.23, c30] &  [-11.19, c31] &  [-24.05, c32] &  [-0.36, c33] &   [-19.4, c34] &  [-28.85, c35] &  [-8.38, c36] &  [-27.54, c37] &  [-7.56, c38] &  [-13.72, c39] &  [-1.91, c40] &  [-3.04, c41] &  [-27.54, c42] &  [-41.19, c43] &  [-26.68, c44] &  [-8.78, c45] &  [-19.75, c46] &  [-1.19, c47] &  [-19.52, c48] &   [-8.9, c49] &  [-4.0, c50] &  [-11.37, c51] &  [-0.29, c52] \\
c46         &  [-0.36, new\_cluster] &  [-22.88, c1] &  [-0.82, c2] &  [-10.95, c3] &  [-29.07, c4] &   [-4.3, c5] &  [-20.36, c6] &  [-10.81, c7] &  [-9.15, c8] &   [-15.9, c9] &  [-1.74, c10] &  [-0.83, c11] &  [-6.24, c12] &  [-8.03, c13] &  [-2.69, c14] &  [-1.59, c15] &  [-29.91, c16] &  [-17.79, c17] &  [-11.65, c18] &  [-13.95, c19] &  [-2.91, c20] &  [-0.68, c21] &  [-18.12, c22] &  [-5.78, c23] &  [-4.11, c24] &  [-7.29, c25] &  [-30.77, c26] &  [-16.51, c27] &  [-0.29, c28] &  [-14.45, c29] &  [-13.13, c30] &  [-10.85, c31] &  [-23.65, c32] &  [-0.32, c33] &  [-19.54, c34] &  [-28.85, c35] &  [-7.86, c36] &  [-27.54, c37] &  [-7.56, c38] &  [-13.98, c39] &  [-1.79, c40] &  [-3.04, c41] &  [-27.54, c42] &  [-41.19, c43] &  [-34.39, c44] &  [-8.95, c45] &  [-18.89, c46] &   [-1.2, c47] &  [-19.52, c48] &  [-9.24, c49] &  [-4.0, c50] &  [-11.37, c51] &  [-0.29, c52] \\
c47         &  [-0.36, new\_cluster] &  [-22.73, c1] &  [-0.94, c2] &  [-10.71, c3] &  [-28.74, c4] &  [-4.19, c5] &  [-19.61, c6] &  [-10.74, c7] &   [-9.9, c8] &   [-16.1, c9] &  [-1.49, c10] &  [-0.89, c11] &  [-6.39, c12] &  [-7.79, c13] &  [-2.86, c14] &  [-1.59, c15] &  [-29.29, c16] &   [-16.3, c17] &  [-12.14, c18] &  [-14.55, c19] &  [-2.83, c20] &  [-0.66, c21] &  [-18.33, c22] &  [-5.89, c23] &  [-4.14, c24] &  [-7.29, c25] &  [-32.19, c26] &  [-15.19, c27] &  [-0.26, c28] &  [-13.97, c29] &  [-13.23, c30] &  [-11.15, c31] &   [-23.6, c32] &  [-0.37, c33] &  [-19.24, c34] &  [-28.85, c35] &  [-7.95, c36] &  [-27.54, c37] &  [-7.56, c38] &  [-13.46, c39] &  [-1.86, c40] &  [-3.04, c41] &  [-27.54, c42] &  [-41.19, c43] &  [-35.16, c44] &  [-9.09, c45] &   [-19.7, c46] &  [-1.16, c47] &  [-19.52, c48] &   [-9.3, c49] &  [-4.0, c50] &  [-11.37, c51] &  [-0.29, c52] \\
c48         &  [-0.36, new\_cluster] &  [-22.22, c1] &  [-0.89, c2] &  [-10.97, c3] &  [-28.64, c4] &  [-3.91, c5] &  [-19.82, c6] &  [-11.11, c7] &  [-9.62, c8] &  [-15.24, c9] &  [-1.78, c10] &  [-0.96, c11] &  [-6.06, c12] &  [-7.32, c13] &  [-2.76, c14] &  [-1.59, c15] &  [-29.14, c16] &  [-18.44, c17] &  [-12.28, c18] &   [-14.4, c19] &   [-2.8, c20] &  [-0.64, c21] &  [-18.07, c22] &  [-5.77, c23] &  [-4.16, c24] &  [-7.29, c25] &  [-32.56, c26] &  [-13.31, c27] &  [-0.27, c28] &  [-14.25, c29] &  [-13.15, c30] &  [-11.16, c31] &   [-23.9, c32] &  [-0.36, c33] &  [-19.89, c34] &  [-28.85, c35] &  [-7.98, c36] &  [-27.54, c37] &  [-7.56, c38] &  [-13.92, c39] &  [-1.69, c40] &  [-3.04, c41] &  [-27.54, c42] &  [-41.19, c43] &  [-31.49, c44] &  [-8.95, c45] &   [-19.7, c46] &  [-1.18, c47] &  [-19.52, c48] &  [-8.81, c49] &  [-4.0, c50] &  [-11.37, c51] &  [-0.29, c52] \\
c49         &  [-0.36, new\_cluster] &  [-22.67, c1] &  [-0.81, c2] &  [-11.24, c3] &  [-28.76, c4] &  [-4.33, c5] &  [-20.15, c6] &  [-11.19, c7] &  [-9.17, c8] &  [-15.48, c9] &  [-1.65, c10] &  [-0.79, c11] &  [-6.73, c12] &  [-7.76, c13] &  [-2.76, c14] &  [-1.59, c15] &  [-29.87, c16] &  [-15.03, c17] &  [-12.63, c18] &  [-13.94, c19] &  [-2.86, c20] &  [-0.72, c21] &  [-17.59, c22] &   [-5.7, c23] &  [-4.51, c24] &  [-7.29, c25] &   [-32.7, c26] &  [-14.62, c27] &  [-0.24, c28] &  [-14.48, c29] &  [-13.29, c30] &  [-11.33, c31] &  [-23.51, c32] &  [-0.33, c33] &  [-19.67, c34] &  [-28.85, c35] &  [-8.11, c36] &  [-27.54, c37] &  [-7.56, c38] &  [-13.54, c39] &  [-1.72, c40] &  [-3.04, c41] &  [-27.54, c42] &  [-41.19, c43] &  [-27.41, c44] &  [-8.78, c45] &  [-19.12, c46] &  [-1.18, c47] &  [-19.52, c48] &  [-8.83, c49] &  [-4.0, c50] &  [-11.37, c51] &  [-0.29, c52] \\
c50         &  [-0.36, new\_cluster] &  [-22.72, c1] &  [-0.83, c2] &  [-10.96, c3] &  [-28.91, c4] &  [-4.08, c5] &  [-20.72, c6] &   [-10.5, c7] &  [-9.58, c8] &  [-15.41, c9] &  [-1.43, c10] &  [-0.77, c11] &  [-6.04, c12] &  [-7.71, c13] &  [-2.86, c14] &  [-1.59, c15] &  [-29.87, c16] &  [-15.59, c17] &   [-11.6, c18] &  [-14.29, c19] &  [-2.76, c20] &  [-0.77, c21] &  [-18.46, c22] &  [-5.72, c23] &  [-4.49, c24] &  [-7.29, c25] &   [-32.2, c26] &  [-15.12, c27] &  [-0.21, c28] &  [-14.16, c29] &  [-13.16, c30] &  [-11.29, c31] &  [-23.92, c32] &  [-0.31, c33] &  [-19.62, c34] &  [-28.85, c35] &  [-8.37, c36] &  [-27.54, c37] &  [-7.56, c38] &  [-13.94, c39] &  [-1.68, c40] &  [-3.04, c41] &  [-27.54, c42] &  [-41.19, c43] &   [-32.6, c44] &  [-9.03, c45] &  [-19.26, c46] &  [-1.24, c47] &  [-19.52, c48] &  [-9.12, c49] &  [-4.0, c50] &  [-11.37, c51] &  [-0.29, c52] \\
c51         &  [-0.36, new\_cluster] &  [-21.67, c1] &  [-0.89, c2] &  [-10.88, c3] &  [-29.73, c4] &  [-4.12, c5] &  [-19.45, c6] &  [-10.46, c7] &  [-9.29, c8] &  [-16.02, c9] &   [-1.6, c10] &  [-0.84, c11] &  [-6.55, c12] &  [-7.75, c13] &  [-2.73, c14] &  [-1.59, c15] &  [-29.67, c16] &  [-16.18, c17] &  [-11.31, c18] &  [-15.07, c19] &  [-2.77, c20] &   [-0.7, c21] &  [-17.95, c22] &  [-5.74, c23] &  [-4.08, c24] &  [-7.29, c25] &  [-31.37, c26] &   [-14.0, c27] &  [-0.21, c28] &  [-14.46, c29] &  [-13.08, c30] &  [-11.18, c31] &  [-23.72, c32] &  [-0.39, c33] &  [-20.22, c34] &  [-28.85, c35] &  [-8.07, c36] &  [-27.54, c37] &  [-7.56, c38] &  [-14.22, c39] &  [-1.78, c40] &  [-3.04, c41] &  [-27.54, c42] &  [-41.19, c43] &  [-30.57, c44] &  [-8.92, c45] &  [-20.09, c46] &  [-1.21, c47] &  [-19.52, c48] &  [-8.68, c49] &  [-4.0, c50] &  [-11.37, c51] &  [-0.29, c52] \\
c52         &  [-0.36, new\_cluster] &  [-22.62, c1] &  [-0.93, c2] &  [-10.85, c3] &  [-28.37, c4] &  [-4.25, c5] &  [-19.86, c6] &  [-10.62, c7] &  [-9.29, c8] &   [-15.6, c9] &   [-1.6, c10] &  [-0.97, c11] &  [-6.23, c12] &  [-7.45, c13] &  [-2.97, c14] &  [-1.59, c15] &  [-30.43, c16] &  [-17.79, c17] &  [-12.25, c18] &  [-14.33, c19] &  [-2.87, c20] &   [-0.7, c21] &   [-18.0, c22] &  [-5.87, c23] &  [-4.06, c24] &  [-7.29, c25] &  [-33.41, c26] &  [-15.93, c27] &   [-0.3, c28] &  [-14.22, c29] &  [-13.07, c30] &  [-10.75, c31] &  [-23.91, c32] &  [-0.34, c33] &  [-19.72, c34] &  [-28.85, c35] &  [-8.13, c36] &  [-27.54, c37] &  [-7.56, c38] &  [-13.74, c39] &  [-1.84, c40] &  [-3.04, c41] &  [-27.54, c42] &  [-41.19, c43] &  [-18.06, c44] &  [-9.01, c45] &  [-20.43, c46] &   [-1.2, c47] &  [-19.52, c48] &  [-8.95, c49] &  [-4.0, c50] &  [-11.37, c51] &  [-0.29, c52] \\
\bottomrule
\end{tabular}

