Seed: 0
Experiment_path: AE_Model_2/Epochs//V5/Experiment_05
Dataset_Path: ../_00_Datasets/03_SimDaten_Quiroga2020/C_Difficult2_noise015.mat
Dataset_name: ['03_SimDaten_Quiroga2020', 'C_Difficult2_noise015.mat']
Variant_name: Variant_05_Online_Autoencoder_QLearning
Visualisation_Path: AE_Model_2/Epochs//V5/Experiment_05/C_Difficult2_noise015.mat/Variant_05_Online_Autoencoder_QLearning/2023_04_25-19_29_34
Normalisation: False
Template Matching: False
Optimising Autoencoder: False
Update Factor: 1
Noisy Batches: False
Noisy Factor: 0.1
Epochs: 20
Batch Size: 1
maximal Spikes for Autoencoder Training : 700
maximal Spikes for Training: 1000
Input Size: 47
Chosen Model: Convolutional Autoencoder
ConvolutionalAutoencoder(
  (encoder): Sequential(
    (0): Conv1d(1, 6, kernel_size=(6,), stride=(1,))
    (1): LeakyReLU(negative_slope=0.01)
    (2): Conv1d(6, 1, kernel_size=(6,), stride=(1,))
    (3): Flatten(start_dim=1, end_dim=-1)
    (4): Linear(in_features=37, out_features=2, bias=True)
  )
  (decoder): Sequential(
    (0): ConvTranspose1d(1, 6, kernel_size=(6,), stride=(1,))
    (1): LeakyReLU(negative_slope=0.01)
    (2): ConvTranspose1d(6, 1, kernel_size=(6,), stride=(1,))
    (3): Flatten(start_dim=1, end_dim=-1)
    (4): Linear(in_features=12, out_features=47, bias=True)
  )
)
MSELoss()
Adam (
Parameter Group 0
    amsgrad: False
    betas: (0.9, 0.999)
    capturable: False
    differentiable: False
    eps: 1e-08
    foreach: None
    fused: False
    lr: 0.001
    maximize: False
    weight_decay: 0
)
---Q Learning Parameters---
Normalisation: False
Punishment Coefficient: 0.7
Alpha: 0.8
Epsilon: 0.01
Gamma: 0.97
Initial Episode Number: 0
Episode Number Coefficient: 1.4
Number of Random Features: 20
Planning Number: 20
Max Random Features: 60
New Episode Number: 72
New Episode Number: 143
New Episode Number: 215
New Episode Number: 286
New Episode Number: 358
New Episode Number: 429
                0     1      2     3     4     5      6
new_cluster -5.49 -3.73 -11.29 -4.27 -6.07 -3.93 -16.10
c1          -5.50 -3.79 -12.25 -4.24 -6.82 -3.86 -16.00
c2          -5.45 -3.77 -11.46 -4.36 -6.80 -3.77 -15.87
c3          -5.46 -3.71 -12.48 -4.28 -5.92 -3.83 -16.12
c4          -5.49 -3.83 -11.90 -4.34 -6.52 -3.88 -15.97
c5          -5.55 -3.69 -11.58 -4.37 -6.53 -3.80 -16.71
c6          -5.50 -3.65 -11.70 -4.28 -6.56 -3.83   0.00
\begin{tabular}{lrrrrrrr}
\toprule
{} &     0 &     1 &      2 &     3 &     4 &     5 &      6 \\
\midrule
new\_cluster & -5.49 & -3.73 & -11.29 & -4.27 & -6.07 & -3.93 & -16.10 \\
c1          & -5.50 & -3.79 & -12.25 & -4.24 & -6.82 & -3.86 & -16.00 \\
c2          & -5.45 & -3.77 & -11.46 & -4.36 & -6.80 & -3.77 & -15.87 \\
c3          & -5.46 & -3.71 & -12.48 & -4.28 & -5.92 & -3.83 & -16.12 \\
c4          & -5.49 & -3.83 & -11.90 & -4.34 & -6.52 & -3.88 & -15.97 \\
c5          & -5.55 & -3.69 & -11.58 & -4.37 & -6.53 & -3.80 & -16.71 \\
c6          & -5.50 & -3.65 & -11.70 & -4.28 & -6.56 & -3.83 &   0.00 \\
\bottomrule
\end{tabular}

                                0            1  ...            5             6
new_cluster  [-1.96, new_cluster]  [-0.07, c1]  ...  [-0.35, c5]   [-16.1, c6]
c1           [-1.96, new_cluster]  [-0.14, c1]  ...   [-0.3, c5]   [-16.0, c6]
c2           [-1.96, new_cluster]  [-0.12, c1]  ...  [-0.22, c5]  [-15.87, c6]
c3           [-1.96, new_cluster]  [-0.06, c1]  ...  [-0.25, c5]  [-16.12, c6]
c4           [-1.96, new_cluster]  [-0.16, c1]  ...   [-0.3, c5]  [-15.97, c6]
c5           [-1.96, new_cluster]  [-0.07, c1]  ...  [-0.29, c5]  [-16.71, c6]
c6           [-1.96, new_cluster]  [-0.05, c1]  ...  [-0.26, c5]         [0, ]

[7 rows x 7 columns]
\begin{tabular}{llllllll}
\toprule
{} &                     0 &            1 &            2 &            3 &            4 &            5 &             6 \\
\midrule
new\_cluster &  [-1.96, new\_cluster] &  [-0.07, c1] &  [-7.75, c2] &  [-0.68, c3] &  [-2.46, c4] &  [-0.35, c5] &   [-16.1, c6] \\
c1          &  [-1.96, new\_cluster] &  [-0.14, c1] &   [-8.6, c2] &  [-0.73, c3] &  [-3.14, c4] &   [-0.3, c5] &   [-16.0, c6] \\
c2          &  [-1.96, new\_cluster] &  [-0.12, c1] &  [-7.81, c2] &  [-0.78, c3] &  [-3.12, c4] &  [-0.22, c5] &  [-15.87, c6] \\
c3          &  [-1.96, new\_cluster] &  [-0.06, c1] &  [-8.94, c2] &  [-0.76, c3] &   [-2.3, c4] &  [-0.25, c5] &  [-16.12, c6] \\
c4          &  [-1.96, new\_cluster] &  [-0.16, c1] &  [-8.36, c2] &  [-0.82, c3] &  [-2.81, c4] &   [-0.3, c5] &  [-15.97, c6] \\
c5          &  [-1.96, new\_cluster] &  [-0.07, c1] &  [-8.04, c2] &  [-0.85, c3] &  [-2.84, c4] &  [-0.29, c5] &  [-16.71, c6] \\
c6          &  [-1.96, new\_cluster] &  [-0.05, c1] &  [-8.07, c2] &  [-0.76, c3] &  [-2.86, c4] &  [-0.26, c5] &         [0, ] \\
\bottomrule
\end{tabular}

