Experiment_path: AE_Model_1/Epochs//V5/Experiment_05
Dataset_Path: ../_00_Datasets/03_SimDaten_Quiroga2020/C_Difficult1_noise015.mat
Dataset_name: ['03_SimDaten_Quiroga2020', 'C_Difficult1_noise015.mat']
Variant_name: Variant_05_Online_Autoencoder_QLearning
Visualisation_Path: AE_Model_1/Epochs//V5/Experiment_05/C_Difficult1_noise015.mat/Variant_05_Online_Autoencoder_QLearning/2023_04_25-14_10_24
Punishment_Coefficient: 0.6
<_01_LoadDataset.ExternCode.spike_class.spike_dataclass object at 0x0000018A30870710>
Sampling rate: 24000.0
Raw: [ 0.04887081  0.02693095 -0.0154249  ... -0.09301659 -0.11629005
 -0.14613101]
Times: [    340     491     641 ... 1439047 1439065 1439816]
Cluster: [1 1 1 ... 3 2 2]
Number of different clusters:  3
Number of Spikes: 3472
First aligned Spike Frame: [ 0.12751554  0.12305882  0.10482977  0.09479529  0.10214978  0.11675932
  0.11777927  0.09307299  0.04670706 -0.00574343 -0.06143573 -0.14637617
 -0.20942665 -0.00208103  0.52241508  0.81651544  0.46446121 -0.19226425
 -0.60927882 -0.6713583  -0.57871227 -0.49011309 -0.4269388  -0.3668903
 -0.30523219 -0.24747124 -0.19738203 -0.15189972 -0.10449507 -0.05533325
 -0.01452429  0.01008816  0.02570853  0.04365027  0.06334113  0.07980397
  0.08484457  0.07688513  0.06142919  0.04320028  0.02240626  0.00477291
 -0.00393242 -0.00135684  0.00575182  0.0026944  -0.01541647]
Cluster 0, Occurrences: 1159
Cluster 1, Occurrences: 1172
Cluster 2, Occurrences: 1141
Number of Clusters: 3
Online_Training [1/700]: mean_loss=0.1177328135818243
Online_Training [2/700]: mean_loss=0.13097251951694489
Online_Training [3/700]: mean_loss=0.12545825354754925
Online_Training [4/700]: mean_loss=0.09567058086395264
Online_Training [5/700]: mean_loss=0.11421315371990204
Online_Training [6/700]: mean_loss=0.10566837340593338
Online_Training [7/700]: mean_loss=0.0890898983925581
Online_Training [8/700]: mean_loss=0.1603798195719719
Online_Training [9/700]: mean_loss=0.10386079177260399
Online_Training [10/700]: mean_loss=0.12965449318289757
Online_Training [11/700]: mean_loss=0.07407327555119991
Online_Training [12/700]: mean_loss=0.16437965258955956
Online_Training [13/700]: mean_loss=0.07509958371520042
Online_Training [14/700]: mean_loss=0.09818971529603004
Online_Training [15/700]: mean_loss=0.15174799785017967
Online_Training [16/700]: mean_loss=0.041143300011754036
Online_Training [17/700]: mean_loss=0.05699035990983248
Online_Training [18/700]: mean_loss=0.07920763455331326
Online_Training [19/700]: mean_loss=0.053622644394636154
Online_Training [20/700]: mean_loss=0.09164094552397728
Online_Training [21/700]: mean_loss=0.11214890517294407
Online_Training [22/700]: mean_loss=0.0609409436583519
Online_Training [23/700]: mean_loss=0.07391691394150257
Online_Training [24/700]: mean_loss=0.0704185701906681
Online_Training [25/700]: mean_loss=0.05482206679880619
Online_Training [26/700]: mean_loss=0.030578540172427893
Online_Training [27/700]: mean_loss=0.02978448709473014
Online_Training [28/700]: mean_loss=0.028973762411624193
Online_Training [29/700]: mean_loss=0.059858023189008236
Online_Training [30/700]: mean_loss=0.057351245544850826
Online_Training [31/700]: mean_loss=0.1210969015955925
Online_Training [32/700]: mean_loss=0.05168934725224972
Online_Training [33/700]: mean_loss=0.03172662295401096
Online_Training [34/700]: mean_loss=0.02321912767365575
Online_Training [35/700]: mean_loss=0.011678893584758043
Online_Training [36/700]: mean_loss=0.10412319377064705
Online_Training [37/700]: mean_loss=0.024651147425174713
Online_Training [38/700]: mean_loss=0.024423806928098202
Online_Training [39/700]: mean_loss=0.06674426980316639
Online_Training [40/700]: mean_loss=0.023248742800205946
Online_Training [41/700]: mean_loss=0.06516247428953648
Online_Training [42/700]: mean_loss=0.0279178274795413
Online_Training [43/700]: mean_loss=0.03372887149453163
Online_Training [44/700]: mean_loss=0.014849850442260504
Online_Training [45/700]: mean_loss=0.014671061653643847
Online_Training [46/700]: mean_loss=0.02793914917856455
Online_Training [47/700]: mean_loss=0.014791954075917602
Online_Training [48/700]: mean_loss=0.025760748889297247
Online_Training [49/700]: mean_loss=0.005110179423354566
Online_Training [50/700]: mean_loss=0.031901135109364986
Online_Training [51/700]: mean_loss=0.0487197432667017
Online_Training [52/700]: mean_loss=0.09700590744614601
Online_Training [53/700]: mean_loss=0.011348364409059286
Online_Training [54/700]: mean_loss=0.012068818788975477
Online_Training [55/700]: mean_loss=0.026290154550224543
Online_Training [56/700]: mean_loss=0.0551314577460289
Online_Training [57/700]: mean_loss=0.05596264265477657
Online_Training [58/700]: mean_loss=0.054396314546465874
Online_Training [59/700]: mean_loss=0.04099657665938139
Online_Training [60/700]: mean_loss=0.06048082746565342
Online_Training [61/700]: mean_loss=0.036408497020602226
Online_Training [62/700]: mean_loss=0.06916733644902706
Online_Training [63/700]: mean_loss=0.035000222735106945
Online_Training [64/700]: mean_loss=0.025782656390219927
Online_Training [65/700]: mean_loss=0.028067888226360083
Online_Training [66/700]: mean_loss=0.025118427351117134
Online_Training [67/700]: mean_loss=0.038969483226537704
Online_Training [68/700]: mean_loss=0.011176400119438767
Online_Training [69/700]: mean_loss=0.014630747260525823
Online_Training [70/700]: mean_loss=0.045582469552755356
Online_Training [71/700]: mean_loss=0.044905222952365875
Online_Training [72/700]: mean_loss=0.01573088811710477
Online_Training [73/700]: mean_loss=0.033309598453342915
Online_Training [74/700]: mean_loss=0.037341524846851826
Online_Training [75/700]: mean_loss=0.03778644185513258
Online_Training [76/700]: mean_loss=0.0190579891204834
Online_Training [77/700]: mean_loss=0.028984243515878916
Online_Training [78/700]: mean_loss=0.03550322912633419
Online_Training [79/700]: mean_loss=0.013791913399472833
Online_Training [80/700]: mean_loss=0.019706115126609802
Online_Training [81/700]: mean_loss=0.07682394236326218
Online_Training [82/700]: mean_loss=0.05028904974460602
Online_Training [83/700]: mean_loss=0.026105119846761227
Online_Training [84/700]: mean_loss=0.034442126750946045
Online_Training [85/700]: mean_loss=0.008827737299725413
Online_Training [86/700]: mean_loss=0.02295422414317727
Online_Training [87/700]: mean_loss=0.15121345594525337
Online_Training [88/700]: mean_loss=0.1112425159662962
Online_Training [89/700]: mean_loss=0.020871629007160664
Online_Training [90/700]: mean_loss=0.010226465528830886
Online_Training [91/700]: mean_loss=0.010662228101864457
Online_Training [92/700]: mean_loss=0.08194828778505325
Online_Training [93/700]: mean_loss=0.028172646649181843
Online_Training [94/700]: mean_loss=0.025661147199571133
Online_Training [95/700]: mean_loss=0.038611097261309624
Online_Training [96/700]: mean_loss=0.022597022354602814
Online_Training [97/700]: mean_loss=0.042423502542078495
Online_Training [98/700]: mean_loss=0.025777155067771673
Online_Training [99/700]: mean_loss=0.056902251206338406
Online_Training [100/700]: mean_loss=0.021439197473227978
Online_Training [101/700]: mean_loss=0.020668170880526304
Online_Training [102/700]: mean_loss=0.028782990761101246
Online_Training [103/700]: mean_loss=0.008304888848215342
Online_Training [104/700]: mean_loss=0.05538383685052395
Online_Training [105/700]: mean_loss=0.04316816944628954
Online_Training [106/700]: mean_loss=0.045016213320195675
Online_Training [107/700]: mean_loss=0.022741857450455427
Online_Training [108/700]: mean_loss=0.01117241708561778
Online_Training [109/700]: mean_loss=0.01087472797371447
Online_Training [110/700]: mean_loss=0.01587875816039741
Online_Training [111/700]: mean_loss=0.021280724089592695
Online_Training [112/700]: mean_loss=0.03336910344660282
Online_Training [113/700]: mean_loss=0.11916983313858509
Online_Training [114/700]: mean_loss=0.0715157762169838
Online_Training [115/700]: mean_loss=0.01931337919086218
Online_Training [116/700]: mean_loss=0.04065472446382046
Online_Training [117/700]: mean_loss=0.02196979895234108
Online_Training [118/700]: mean_loss=0.02809154475107789
Online_Training [119/700]: mean_loss=0.032122474163770676
Online_Training [120/700]: mean_loss=0.010524031007662416
Online_Training [121/700]: mean_loss=0.05990904103964567
Online_Training [122/700]: mean_loss=0.06077171862125397
Online_Training [123/700]: mean_loss=0.020372610073536634
Online_Training [124/700]: mean_loss=0.017119386699050665
Online_Training [125/700]: mean_loss=0.04178683925420046
Online_Training [126/700]: mean_loss=0.1799277514219284
Online_Training [127/700]: mean_loss=0.045965530909597874
Online_Training [128/700]: mean_loss=0.04138952121138573
Online_Training [129/700]: mean_loss=0.03257235884666443
Online_Training [130/700]: mean_loss=0.04118938837200403
Online_Training [131/700]: mean_loss=0.11506199836730957
Online_Training [132/700]: mean_loss=0.13277647644281387
Online_Training [133/700]: mean_loss=0.017296175472438335
Online_Training [134/700]: mean_loss=0.0297255739569664
Online_Training [135/700]: mean_loss=0.05683358106762171
Online_Training [136/700]: mean_loss=0.16262120380997658
Online_Training [137/700]: mean_loss=0.01344913081265986
Online_Training [138/700]: mean_loss=0.042139820754528046
Online_Training [139/700]: mean_loss=0.029003247618675232
Online_Training [140/700]: mean_loss=0.0208647265098989
Online_Training [141/700]: mean_loss=0.02625158103182912
Online_Training [142/700]: mean_loss=0.05134260095655918
Online_Training [143/700]: mean_loss=0.010583481984212995
Online_Training [144/700]: mean_loss=0.016865351237356663
Online_Training [145/700]: mean_loss=0.01937299780547619
Online_Training [146/700]: mean_loss=0.023189189843833447
Online_Training [147/700]: mean_loss=0.01500450586900115
Online_Training [148/700]: mean_loss=0.02264578267931938
Online_Training [149/700]: mean_loss=0.019891252741217613
Online_Training [150/700]: mean_loss=0.016822727862745523
Online_Training [151/700]: mean_loss=0.009881685953587294
Online_Training [152/700]: mean_loss=0.01847985666245222
Online_Training [153/700]: mean_loss=0.041555856354534626
Online_Training [154/700]: mean_loss=0.011357392882928252
Online_Training [155/700]: mean_loss=0.030533199664205313
Online_Training [156/700]: mean_loss=0.03713862784206867
Online_Training [157/700]: mean_loss=0.02611867291852832
Online_Training [158/700]: mean_loss=0.027796169742941856
Online_Training [159/700]: mean_loss=0.013771201251074672
Online_Training [160/700]: mean_loss=0.03542440850287676
Online_Training [161/700]: mean_loss=0.02280472917482257
Online_Training [162/700]: mean_loss=0.038645011372864246
Online_Training [163/700]: mean_loss=0.013304501306265593
Online_Training [164/700]: mean_loss=0.025552480481565
Online_Training [165/700]: mean_loss=0.02342078136280179
Online_Training [166/700]: mean_loss=0.02542475564405322
Online_Training [167/700]: mean_loss=0.026994572952389717
Online_Training [168/700]: mean_loss=0.03388012107461691
Online_Training [169/700]: mean_loss=0.03634237125515938
Online_Training [170/700]: mean_loss=0.019549995195120573
Online_Training [171/700]: mean_loss=0.02548618707805872
Online_Training [172/700]: mean_loss=0.016548066399991512
Online_Training [173/700]: mean_loss=0.021182214841246605
Online_Training [174/700]: mean_loss=0.026481527369469404
Online_Training [175/700]: mean_loss=0.03276412095874548
Online_Training [176/700]: mean_loss=0.05402829684317112
Online_Training [177/700]: mean_loss=0.014304782263934612
Online_Training [178/700]: mean_loss=0.017896361649036407
Online_Training [179/700]: mean_loss=0.018836405128240585
Online_Training [180/700]: mean_loss=0.01465799123980105
Online_Training [181/700]: mean_loss=0.011737938039004803
Online_Training [182/700]: mean_loss=0.059975942596793175
Online_Training [183/700]: mean_loss=0.009901931043714285
Online_Training [184/700]: mean_loss=0.01825041975826025
Online_Training [185/700]: mean_loss=0.029280669521540403
Online_Training [186/700]: mean_loss=0.02177454438060522
Online_Training [187/700]: mean_loss=0.016985112335532904
Online_Training [188/700]: mean_loss=0.029141198843717575
Online_Training [189/700]: mean_loss=0.027604921720921993
Online_Training [190/700]: mean_loss=0.018076318316161633
Online_Training [191/700]: mean_loss=0.023947379551827908
Online_Training [192/700]: mean_loss=0.010523115983232856
Online_Training [193/700]: mean_loss=0.02499100612476468
Online_Training [194/700]: mean_loss=0.02729355078190565
Online_Training [195/700]: mean_loss=0.029171353671699762
Online_Training [196/700]: mean_loss=0.06722126714885235
Online_Training [197/700]: mean_loss=0.048268139362335205
Online_Training [198/700]: mean_loss=0.024003223981708288
Online_Training [199/700]: mean_loss=0.03732363600283861
Online_Training [200/700]: mean_loss=0.024536137003451586
Online_Training [201/700]: mean_loss=0.009427738841623068
Online_Training [202/700]: mean_loss=0.02845164993777871
Online_Training [203/700]: mean_loss=0.01610627444460988
Online_Training [204/700]: mean_loss=0.016559967771172523
Online_Training [205/700]: mean_loss=0.01106546726077795
Online_Training [206/700]: mean_loss=0.03493357356637716
Online_Training [207/700]: mean_loss=0.014375526458024979
Online_Training [208/700]: mean_loss=0.025712925009429455
Online_Training [209/700]: mean_loss=0.02231099270284176
Online_Training [210/700]: mean_loss=0.025173883885145187
Online_Training [211/700]: mean_loss=0.012679644161835313
Online_Training [212/700]: mean_loss=0.02949981950223446
Online_Training [213/700]: mean_loss=0.016302157659083605
Online_Training [214/700]: mean_loss=0.023499544244259596
Online_Training [215/700]: mean_loss=0.018482628278434277
Online_Training [216/700]: mean_loss=0.023040782194584608
Online_Training [217/700]: mean_loss=0.012056677602231503
Online_Training [218/700]: mean_loss=0.011899614706635475
Online_Training [219/700]: mean_loss=0.011116980575025082
Online_Training [220/700]: mean_loss=0.02096577500924468
Online_Training [221/700]: mean_loss=0.017408098094165325
Online_Training [222/700]: mean_loss=0.019913687370717525
Online_Training [223/700]: mean_loss=0.04996871016919613
Online_Training [224/700]: mean_loss=0.03502336982637644
Online_Training [225/700]: mean_loss=0.012422419153153896
Online_Training [226/700]: mean_loss=0.00958848325535655
Online_Training [227/700]: mean_loss=0.02681153966113925
Online_Training [228/700]: mean_loss=0.10303417034447193
Online_Training [229/700]: mean_loss=0.09143042005598545
Online_Training [230/700]: mean_loss=0.015179039211943746
Online_Training [231/700]: mean_loss=0.020934846717864275
Online_Training [232/700]: mean_loss=0.014034359017387033
Online_Training [233/700]: mean_loss=0.013501259498298168
Online_Training [234/700]: mean_loss=0.03183854138478637
Online_Training [235/700]: mean_loss=0.023337814025580883
Online_Training [236/700]: mean_loss=0.017961126286536455
Online_Training [237/700]: mean_loss=0.02188858762383461
Online_Training [238/700]: mean_loss=0.03740125801414251
Online_Training [239/700]: mean_loss=0.026675188448280096
Online_Training [240/700]: mean_loss=0.01349098957143724
Online_Training [241/700]: mean_loss=0.022862931713461876
Online_Training [242/700]: mean_loss=0.0165069829672575
Online_Training [243/700]: mean_loss=0.016892133746296167
Online_Training [244/700]: mean_loss=0.012468534288927913
Online_Training [245/700]: mean_loss=0.015239819418638945
Online_Training [246/700]: mean_loss=0.023527412209659815
Online_Training [247/700]: mean_loss=0.03543176595121622
Online_Training [248/700]: mean_loss=0.016525606624782085
Online_Training [249/700]: mean_loss=0.014364792965352535
Online_Training [250/700]: mean_loss=0.010969051159918308
Online_Training [251/700]: mean_loss=0.011000999016687274
Online_Training [252/700]: mean_loss=0.024517774116247892
Online_Training [253/700]: mean_loss=0.015707865124568343
Online_Training [254/700]: mean_loss=0.0037200694787316024
Online_Training [255/700]: mean_loss=0.018838252406567335
Online_Training [256/700]: mean_loss=0.0326862595975399
Online_Training [257/700]: mean_loss=0.06188581883907318
Online_Training [258/700]: mean_loss=0.09496425464749336
Online_Training [259/700]: mean_loss=0.06691641919314861
Online_Training [260/700]: mean_loss=0.044057819060981274
Online_Training [261/700]: mean_loss=0.01136920996941626
Online_Training [262/700]: mean_loss=0.009939189068973064
Online_Training [263/700]: mean_loss=0.1316082812845707
Online_Training [264/700]: mean_loss=0.06886249966919422
Online_Training [265/700]: mean_loss=0.04369738418608904
Online_Training [266/700]: mean_loss=0.040534745901823044
Online_Training [267/700]: mean_loss=0.02006314881145954
Online_Training [268/700]: mean_loss=0.018052853178232908
Online_Training [269/700]: mean_loss=0.027940322179347277
Online_Training [270/700]: mean_loss=0.012509401654824615
Online_Training [271/700]: mean_loss=0.01597294444218278
Online_Training [272/700]: mean_loss=0.005370885715819895
Online_Training [273/700]: mean_loss=0.00886672385968268
Online_Training [274/700]: mean_loss=0.08533404022455215
Online_Training [275/700]: mean_loss=0.05330541729927063
Online_Training [276/700]: mean_loss=0.03848129138350487
Online_Training [277/700]: mean_loss=0.016073048347607255
Online_Training [278/700]: mean_loss=0.024573185481131077
Online_Training [279/700]: mean_loss=0.02959942864254117
Online_Training [280/700]: mean_loss=0.018284993711858988
Online_Training [281/700]: mean_loss=0.15455461293458939
Online_Training [282/700]: mean_loss=0.18795111030340195
Online_Training [283/700]: mean_loss=0.10412919335067272
Online_Training [284/700]: mean_loss=0.029113647993654013
Online_Training [285/700]: mean_loss=0.038151899352669716
Online_Training [286/700]: mean_loss=0.03679109737277031
Online_Training [287/700]: mean_loss=0.04072537366300821
Online_Training [288/700]: mean_loss=0.02275490155443549
Online_Training [289/700]: mean_loss=0.021499874535948038
Online_Training [290/700]: mean_loss=0.016485087107867002
Online_Training [291/700]: mean_loss=0.10800624452531338
Online_Training [292/700]: mean_loss=0.017324788495898247
Online_Training [293/700]: mean_loss=0.010456451214849949
Online_Training [294/700]: mean_loss=0.005169381038285792
Online_Training [295/700]: mean_loss=0.02707497589290142
Online_Training [296/700]: mean_loss=0.013608451932668686
Online_Training [297/700]: mean_loss=0.024593753274530172
Online_Training [298/700]: mean_loss=0.006663826992735267
Online_Training [299/700]: mean_loss=0.010386537527665496
Online_Training [300/700]: mean_loss=0.016224717255681753
Online_Training [301/700]: mean_loss=0.01971879880875349
Online_Training [302/700]: mean_loss=0.00870215124450624
Online_Training [303/700]: mean_loss=0.009888857137411833
Online_Training [304/700]: mean_loss=0.01333347731269896
Online_Training [305/700]: mean_loss=0.023425716906785965
Online_Training [306/700]: mean_loss=0.009464257163926959
Online_Training [307/700]: mean_loss=0.013998136622831225
Online_Training [308/700]: mean_loss=0.03211468085646629
Online_Training [309/700]: mean_loss=0.006962469080463052
Online_Training [310/700]: mean_loss=0.016815542709082365
Online_Training [311/700]: mean_loss=0.023640215396881104
Online_Training [312/700]: mean_loss=0.02512233378365636
Online_Training [313/700]: mean_loss=0.01987048937007785
Online_Training [314/700]: mean_loss=0.02200544159859419
Online_Training [315/700]: mean_loss=0.015492456266656518
Online_Training [316/700]: mean_loss=0.015247257892042398
Online_Training [317/700]: mean_loss=0.031034454237669706
Online_Training [318/700]: mean_loss=0.02221172209829092
Online_Training [319/700]: mean_loss=0.018475559074431658
Online_Training [320/700]: mean_loss=0.014993901131674647
Online_Training [321/700]: mean_loss=0.027067873626947403
Online_Training [322/700]: mean_loss=0.029416127130389214
Online_Training [323/700]: mean_loss=0.007950968574732542
Online_Training [324/700]: mean_loss=0.009638141375035048
Online_Training [325/700]: mean_loss=0.008290655445307493
Online_Training [326/700]: mean_loss=0.031371420715004206
Online_Training [327/700]: mean_loss=0.005429203389212489
Online_Training [328/700]: mean_loss=0.011932183057069778
Online_Training [329/700]: mean_loss=0.023814938962459564
Online_Training [330/700]: mean_loss=0.03531043231487274
Online_Training [331/700]: mean_loss=0.02901988150551915
Online_Training [332/700]: mean_loss=0.02213082928210497
Online_Training [333/700]: mean_loss=0.01704545971006155
Online_Training [334/700]: mean_loss=0.019162403885275126
Online_Training [335/700]: mean_loss=0.025593751575797796
Online_Training [336/700]: mean_loss=0.013973863795399666
Online_Training [337/700]: mean_loss=0.02053230255842209
Online_Training [338/700]: mean_loss=0.020772068295627832
Online_Training [339/700]: mean_loss=0.012147752800956368
Online_Training [340/700]: mean_loss=0.03204662445932627
Online_Training [341/700]: mean_loss=0.026717390399426222
Online_Training [342/700]: mean_loss=0.007923439145088196
Online_Training [343/700]: mean_loss=0.009292065864428878
Online_Training [344/700]: mean_loss=0.02015774929895997
Online_Training [345/700]: mean_loss=0.028915121220052242
Online_Training [346/700]: mean_loss=0.009870186448097229
Online_Training [347/700]: mean_loss=0.015755380736663938
Online_Training [348/700]: mean_loss=0.02839901065453887
Online_Training [349/700]: mean_loss=0.019295239355415106
Online_Training [350/700]: mean_loss=0.01996104884892702
Online_Training [351/700]: mean_loss=0.0216748109087348
Online_Training [352/700]: mean_loss=0.02596177812665701
Online_Training [353/700]: mean_loss=0.012967414921149611
Online_Training [354/700]: mean_loss=0.012072354787960649
Online_Training [355/700]: mean_loss=0.024315804708749056
Online_Training [356/700]: mean_loss=0.010636512190103531
Online_Training [357/700]: mean_loss=0.013060501776635647
Online_Training [358/700]: mean_loss=0.017820230685174465
Online_Training [359/700]: mean_loss=0.01851763343438506
Online_Training [360/700]: mean_loss=0.02877282863482833
Online_Training [361/700]: mean_loss=0.01032106694765389
Online_Training [362/700]: mean_loss=0.014938721898943186
Online_Training [363/700]: mean_loss=0.03097830293700099
Online_Training [364/700]: mean_loss=0.00907392124645412
Online_Training [365/700]: mean_loss=0.011911623645573854
Online_Training [366/700]: mean_loss=0.029602956492453814
Online_Training [367/700]: mean_loss=0.0124097247608006
Online_Training [368/700]: mean_loss=0.057898093946278095
Online_Training [369/700]: mean_loss=0.014050063444301486
Online_Training [370/700]: mean_loss=0.02045741816982627
Online_Training [371/700]: mean_loss=0.03239636588841677
Online_Training [372/700]: mean_loss=0.008844082243740559
Online_Training [373/700]: mean_loss=0.006368398782797158
Online_Training [374/700]: mean_loss=0.015929837245494127
Online_Training [375/700]: mean_loss=0.021889674942940474
Online_Training [376/700]: mean_loss=0.017951203044503927
Online_Training [377/700]: mean_loss=0.009617418516427279
Online_Training [378/700]: mean_loss=0.013331293128430843
Online_Training [379/700]: mean_loss=0.017562925349920988
Online_Training [380/700]: mean_loss=0.0192044866271317
Online_Training [381/700]: mean_loss=0.014678576029837132
Online_Training [382/700]: mean_loss=0.024738481268286705
Online_Training [383/700]: mean_loss=0.02105042990297079
Online_Training [384/700]: mean_loss=0.1583690419793129
Online_Training [385/700]: mean_loss=0.04094370920211077
Online_Training [386/700]: mean_loss=0.020693309605121613
Online_Training [387/700]: mean_loss=0.012922398513182998
Online_Training [388/700]: mean_loss=0.012152677634730935
Online_Training [389/700]: mean_loss=0.015651827212423086
Online_Training [390/700]: mean_loss=0.014884703094139695
Online_Training [391/700]: mean_loss=0.011856110533699393
Online_Training [392/700]: mean_loss=0.008583645103499293
Online_Training [393/700]: mean_loss=0.02702666586264968
Online_Training [394/700]: mean_loss=0.0070174382999539375
Online_Training [395/700]: mean_loss=0.011134344153106213
Online_Training [396/700]: mean_loss=0.023093923460692167
Online_Training [397/700]: mean_loss=0.010151689639315009
Online_Training [398/700]: mean_loss=0.011447946773841977
Online_Training [399/700]: mean_loss=0.028606680687516928
Online_Training [400/700]: mean_loss=0.025617389008402824
Online_Training [401/700]: mean_loss=0.022435608319938183
Online_Training [402/700]: mean_loss=0.10978992655873299
Online_Training [403/700]: mean_loss=0.021362475585192442
Online_Training [404/700]: mean_loss=0.023236761800944805
Online_Training [405/700]: mean_loss=0.025884004775434732
Online_Training [406/700]: mean_loss=0.028792183846235275
Online_Training [407/700]: mean_loss=0.017164994031190872
Online_Training [408/700]: mean_loss=0.01799752190709114
Online_Training [409/700]: mean_loss=0.027756601572036743
Online_Training [410/700]: mean_loss=0.008903367910534143
Online_Training [411/700]: mean_loss=0.0367842772975564
Online_Training [412/700]: mean_loss=0.006956442957744002
Online_Training [413/700]: mean_loss=0.02095665456727147
Online_Training [414/700]: mean_loss=0.023569630458950996
Online_Training [415/700]: mean_loss=0.013837111415341496
Online_Training [416/700]: mean_loss=0.012459482764825225
Online_Training [417/700]: mean_loss=0.10987910255789757
Online_Training [418/700]: mean_loss=0.07401062920689583
Online_Training [419/700]: mean_loss=0.015446561155840755
Online_Training [420/700]: mean_loss=0.034857054241001606
Online_Training [421/700]: mean_loss=0.007997226202860475
Online_Training [422/700]: mean_loss=0.019220758695155382
Online_Training [423/700]: mean_loss=0.00832829624414444
Online_Training [424/700]: mean_loss=0.021465815138071775
Online_Training [425/700]: mean_loss=0.019152472261339426
Online_Training [426/700]: mean_loss=0.0358639033511281
Online_Training [427/700]: mean_loss=0.017359977588057518
Online_Training [428/700]: mean_loss=0.02559196762740612
Online_Training [429/700]: mean_loss=0.016634810250252485
Online_Training [430/700]: mean_loss=0.023777551483362913
Online_Training [431/700]: mean_loss=0.007147246738895774
Online_Training [432/700]: mean_loss=0.022125912830233574
Online_Training [433/700]: mean_loss=0.01453810278326273
Online_Training [434/700]: mean_loss=0.008706494932994246
Online_Training [435/700]: mean_loss=0.010045161005109549
Online_Training [436/700]: mean_loss=0.0360184321179986
Online_Training [437/700]: mean_loss=0.011885065585374832
Online_Training [438/700]: mean_loss=0.05078635364770889
Online_Training [439/700]: mean_loss=0.01755624543875456
Online_Training [440/700]: mean_loss=0.009722977643832564
Online_Training [441/700]: mean_loss=0.10700458288192749
Online_Training [442/700]: mean_loss=0.07356427982449532
Online_Training [443/700]: mean_loss=0.010358072351664305
Online_Training [444/700]: mean_loss=0.01792964991182089
Online_Training [445/700]: mean_loss=0.03299689386039972
Online_Training [446/700]: mean_loss=0.016113972757011652
Online_Training [447/700]: mean_loss=0.009745117276906967
Online_Training [448/700]: mean_loss=0.05880861170589924
Online_Training [449/700]: mean_loss=0.05196105036884546
Online_Training [450/700]: mean_loss=0.047419906593859196
Online_Training [451/700]: mean_loss=0.040972680784761906
Online_Training [452/700]: mean_loss=0.024374451953917742
Online_Training [453/700]: mean_loss=0.02574201487004757
Online_Training [454/700]: mean_loss=0.0136691820807755
Online_Training [455/700]: mean_loss=0.009426292730495334
Online_Training [456/700]: mean_loss=0.017132075037807226
Online_Training [457/700]: mean_loss=0.013231792720034719
Online_Training [458/700]: mean_loss=0.017205219250172377
Online_Training [459/700]: mean_loss=0.005228521069511771
Online_Training [460/700]: mean_loss=0.03215061314404011
Online_Training [461/700]: mean_loss=0.017736148554831743
Online_Training [462/700]: mean_loss=0.0151296048425138
Online_Training [463/700]: mean_loss=0.021012133453041315
Online_Training [464/700]: mean_loss=0.025400253012776375
Online_Training [465/700]: mean_loss=0.01981859840452671
Online_Training [466/700]: mean_loss=0.012492259731516242
Online_Training [467/700]: mean_loss=0.005376736633479595
Online_Training [468/700]: mean_loss=0.009296745527535677
Online_Training [469/700]: mean_loss=0.01853943709284067
Online_Training [470/700]: mean_loss=0.009909284301102161
Online_Training [471/700]: mean_loss=0.014006257755681872
Online_Training [472/700]: mean_loss=0.007514830329455435
Online_Training [473/700]: mean_loss=0.007075360859744251
Online_Training [474/700]: mean_loss=0.08044604770839214
Online_Training [475/700]: mean_loss=0.1448604203760624
Online_Training [476/700]: mean_loss=0.004125928971916437
Online_Training [477/700]: mean_loss=0.012702811509370804
Online_Training [478/700]: mean_loss=0.03636826574802399
Online_Training [479/700]: mean_loss=0.013842054875567555
Online_Training [480/700]: mean_loss=0.00974555080756545
Online_Training [481/700]: mean_loss=0.008130814181640744
Online_Training [482/700]: mean_loss=0.019371161703020334
Online_Training [483/700]: mean_loss=0.014025688171386719
Online_Training [484/700]: mean_loss=0.018639829009771347
Online_Training [485/700]: mean_loss=0.07605660334229469
Online_Training [486/700]: mean_loss=0.009889975655823946
Online_Training [487/700]: mean_loss=0.019691356923431158
Online_Training [488/700]: mean_loss=0.026052355766296387
Online_Training [489/700]: mean_loss=0.013162651564925909
Online_Training [490/700]: mean_loss=0.015085903694853187
Online_Training [491/700]: mean_loss=0.010461238212883472
Online_Training [492/700]: mean_loss=0.011554907774552703
Online_Training [493/700]: mean_loss=0.008440701523795724
Online_Training [494/700]: mean_loss=0.0068913528230041265
Online_Training [495/700]: mean_loss=0.027265898883342743
Online_Training [496/700]: mean_loss=0.02429058775305748
Online_Training [497/700]: mean_loss=0.011888392502442002
Online_Training [498/700]: mean_loss=0.021478808484971523
Online_Training [499/700]: mean_loss=0.04118351824581623
Online_Training [500/700]: mean_loss=0.0060469243908301
Online_Training [501/700]: mean_loss=0.017426256090402603
Online_Training [502/700]: mean_loss=0.01638706773519516
Online_Training [503/700]: mean_loss=0.09726266004145145
Online_Training [504/700]: mean_loss=0.02185207838192582
Online_Training [505/700]: mean_loss=0.03002814669162035
Online_Training [506/700]: mean_loss=0.05944622214883566
Online_Training [507/700]: mean_loss=0.050833651795983315
Online_Training [508/700]: mean_loss=0.009800167521461844
Online_Training [509/700]: mean_loss=0.021749500185251236
Online_Training [510/700]: mean_loss=0.016760701313614845
Online_Training [511/700]: mean_loss=0.01011251239106059
Online_Training [512/700]: mean_loss=0.02289671590551734
Online_Training [513/700]: mean_loss=0.004557539941743016
Online_Training [514/700]: mean_loss=0.013306921580806375
Online_Training [515/700]: mean_loss=0.012860927497968078
Online_Training [516/700]: mean_loss=0.010077489539980888
Online_Training [517/700]: mean_loss=0.004052026197314262
Online_Training [518/700]: mean_loss=0.007381352828815579
Online_Training [519/700]: mean_loss=0.03955236170440912
Online_Training [520/700]: mean_loss=0.02252278570085764
Online_Training [521/700]: mean_loss=0.014979424187913537
Online_Training [522/700]: mean_loss=0.017529157921671867
Online_Training [523/700]: mean_loss=0.01915884017944336
Online_Training [524/700]: mean_loss=0.014600144233554602
Online_Training [525/700]: mean_loss=0.01670891512185335
Online_Training [526/700]: mean_loss=0.008249573409557343
Online_Training [527/700]: mean_loss=0.007186214439570904
Online_Training [528/700]: mean_loss=0.02418806403875351
Online_Training [529/700]: mean_loss=0.01885146275162697
Online_Training [530/700]: mean_loss=0.015316602075472474
Online_Training [531/700]: mean_loss=0.0264437235891819
Online_Training [532/700]: mean_loss=0.021498735062777996
Online_Training [533/700]: mean_loss=0.012781876605004072
Online_Training [534/700]: mean_loss=0.0182817280292511
Online_Training [535/700]: mean_loss=0.007681809249334037
Online_Training [536/700]: mean_loss=0.024298627860844135
Online_Training [537/700]: mean_loss=0.019011457450687885
Online_Training [538/700]: mean_loss=0.006931692594662309
Online_Training [539/700]: mean_loss=0.026018706616014242
Online_Training [540/700]: mean_loss=0.017815052531659603
Online_Training [541/700]: mean_loss=0.008511816151440144
Online_Training [542/700]: mean_loss=0.006855581887066364
Online_Training [543/700]: mean_loss=0.019871740601956844
Online_Training [544/700]: mean_loss=0.02960091643035412
Online_Training [545/700]: mean_loss=0.018360216170549393
Online_Training [546/700]: mean_loss=0.010606239316985011
Online_Training [547/700]: mean_loss=0.009414146654307842
Online_Training [548/700]: mean_loss=0.045024086721241474
Online_Training [549/700]: mean_loss=0.03663699235767126
Online_Training [550/700]: mean_loss=0.00500686198938638
Online_Training [551/700]: mean_loss=0.02321447152644396
Online_Training [552/700]: mean_loss=0.02758844941854477
Online_Training [553/700]: mean_loss=0.0170316812582314
Online_Training [554/700]: mean_loss=0.007538357982411981
Online_Training [555/700]: mean_loss=0.04351939260959625
Online_Training [556/700]: mean_loss=0.012012446764856577
Online_Training [557/700]: mean_loss=0.01734405942261219
Online_Training [558/700]: mean_loss=0.006907123955897987
Online_Training [559/700]: mean_loss=0.02398044802248478
Online_Training [560/700]: mean_loss=0.01686573401093483
Online_Training [561/700]: mean_loss=0.012572456616908312
Online_Training [562/700]: mean_loss=0.01686749793589115
Online_Training [563/700]: mean_loss=0.012414815137162805
Online_Training [564/700]: mean_loss=0.005000297212973237
Online_Training [565/700]: mean_loss=0.03344636736437678
Online_Training [566/700]: mean_loss=0.006594744394533336
Online_Training [567/700]: mean_loss=0.00987623748369515
Online_Training [568/700]: mean_loss=0.025171258952468634
Online_Training [569/700]: mean_loss=0.009004893247038126
Online_Training [570/700]: mean_loss=0.031245140824466944
Online_Training [571/700]: mean_loss=0.020826501306146383
Online_Training [572/700]: mean_loss=0.020540879108011723
Online_Training [573/700]: mean_loss=0.026916060596704483
Online_Training [574/700]: mean_loss=0.012746862368658185
Online_Training [575/700]: mean_loss=0.023581399582326412
Online_Training [576/700]: mean_loss=0.016236498951911926
Online_Training [577/700]: mean_loss=0.022061257623136044
Online_Training [578/700]: mean_loss=0.010060750180855393
Online_Training [579/700]: mean_loss=0.014960825210437179
Online_Training [580/700]: mean_loss=0.01727944053709507
Online_Training [581/700]: mean_loss=0.01980894571170211
Online_Training [582/700]: mean_loss=0.028463983442634344
Online_Training [583/700]: mean_loss=0.017854708712548018
Online_Training [584/700]: mean_loss=0.01310746930539608
Online_Training [585/700]: mean_loss=0.07359988056123257
Online_Training [586/700]: mean_loss=0.06831429339945316
Online_Training [587/700]: mean_loss=0.008766964776441455
Online_Training [588/700]: mean_loss=0.024181047454476357
Online_Training [589/700]: mean_loss=0.02058068523183465
Online_Training [590/700]: mean_loss=0.03831775300204754
Online_Training [591/700]: mean_loss=0.018640729133039713
Online_Training [592/700]: mean_loss=0.02000143053010106
Online_Training [593/700]: mean_loss=0.006923989043571055
Online_Training [594/700]: mean_loss=0.066444993019104
Online_Training [595/700]: mean_loss=0.00552447244990617
Online_Training [596/700]: mean_loss=0.017085182946175337
Online_Training [597/700]: mean_loss=0.02728466223925352
Online_Training [598/700]: mean_loss=0.01044247136451304
Online_Training [599/700]: mean_loss=0.008584380382671952
Online_Training [600/700]: mean_loss=0.015329519985243678
Online_Training [601/700]: mean_loss=0.015503961592912674
Online_Training [602/700]: mean_loss=0.018620339687913656
Online_Training [603/700]: mean_loss=0.014795995084568858
Online_Training [604/700]: mean_loss=0.008075281046330929
Online_Training [605/700]: mean_loss=0.020169135183095932
Online_Training [606/700]: mean_loss=0.011059537762776017
Online_Training [607/700]: mean_loss=0.13681359216570854
Online_Training [608/700]: mean_loss=0.03863818384706974
Online_Training [609/700]: mean_loss=0.016182177234441042
Online_Training [610/700]: mean_loss=0.037156544625759125
Online_Training [611/700]: mean_loss=0.031319675501435995
Online_Training [612/700]: mean_loss=0.022329249884933233
Online_Training [613/700]: mean_loss=0.025011331774294376
Online_Training [614/700]: mean_loss=0.010293796891346574
Online_Training [615/700]: mean_loss=0.015138976043090224
Online_Training [616/700]: mean_loss=0.012635454069823027
Online_Training [617/700]: mean_loss=0.016326777637004852
Online_Training [618/700]: mean_loss=0.008123775012791157
Online_Training [619/700]: mean_loss=0.009234318742528558
Online_Training [620/700]: mean_loss=0.020350683946162462
Online_Training [621/700]: mean_loss=0.012325806310400367
Online_Training [622/700]: mean_loss=0.00405806559138
Online_Training [623/700]: mean_loss=0.007459726766683161
Online_Training [624/700]: mean_loss=0.02223218511790037
Online_Training [625/700]: mean_loss=0.011601306265220046
Online_Training [626/700]: mean_loss=0.024689100682735443
Online_Training [627/700]: mean_loss=0.00953447725623846
Online_Training [628/700]: mean_loss=0.01756518892943859
Online_Training [629/700]: mean_loss=0.028188100550323725
Online_Training [630/700]: mean_loss=0.008854798972606659
Online_Training [631/700]: mean_loss=0.035720355808734894
Online_Training [632/700]: mean_loss=0.008834214881062508
Online_Training [633/700]: mean_loss=0.007750168559141457
Online_Training [634/700]: mean_loss=0.008339370833709836
Online_Training [635/700]: mean_loss=0.009774667909368873
Online_Training [636/700]: mean_loss=0.011677904985845089
Online_Training [637/700]: mean_loss=0.011575259733945131
Online_Training [638/700]: mean_loss=0.026428319048136473
Online_Training [639/700]: mean_loss=0.023043701890856028
Online_Training [640/700]: mean_loss=0.016340650152415037
Online_Training [641/700]: mean_loss=0.012379571562632918
Online_Training [642/700]: mean_loss=0.009529154980555177
Online_Training [643/700]: mean_loss=0.049464927054941654
Online_Training [644/700]: mean_loss=0.010061033070087433
Online_Training [645/700]: mean_loss=0.01338337385095656
Online_Training [646/700]: mean_loss=0.017567992210388184
Online_Training [647/700]: mean_loss=0.012991749914363027
Online_Training [648/700]: mean_loss=0.01043221796862781
Online_Training [649/700]: mean_loss=0.01572920149192214
Online_Training [650/700]: mean_loss=0.019773102831095457
Online_Training [651/700]: mean_loss=0.017670060507953167
Online_Training [652/700]: mean_loss=0.027078716084361076
Online_Training [653/700]: mean_loss=0.008526693796738982
Online_Training [654/700]: mean_loss=0.021980102639645338
Online_Training [655/700]: mean_loss=0.014667847892269492
Online_Training [656/700]: mean_loss=0.02886373456567526
Online_Training [657/700]: mean_loss=0.006385489134117961
Online_Training [658/700]: mean_loss=0.03692121058702469
Online_Training [659/700]: mean_loss=0.08325880579650402
Online_Training [660/700]: mean_loss=0.07849793508648872
Online_Training [661/700]: mean_loss=0.026471314951777458
Online_Training [662/700]: mean_loss=0.023317471146583557
Online_Training [663/700]: mean_loss=0.017369876615703106
Online_Training [664/700]: mean_loss=0.018128350377082825
Online_Training [665/700]: mean_loss=0.025860465597361326
Online_Training [666/700]: mean_loss=0.027694421354681253
Online_Training [667/700]: mean_loss=0.015304291853681207
Online_Training [668/700]: mean_loss=0.016595487017184496
Online_Training [669/700]: mean_loss=0.0158901943359524
Online_Training [670/700]: mean_loss=0.04404483921825886
Online_Training [671/700]: mean_loss=0.03411442693322897
Online_Training [672/700]: mean_loss=0.008510299259796739
Online_Training [673/700]: mean_loss=0.024884237442165613
Online_Training [674/700]: mean_loss=0.023576869629323483
Online_Training [675/700]: mean_loss=0.006324793677777052
Online_Training [676/700]: mean_loss=0.009838522179052234
Online_Training [677/700]: mean_loss=0.02644026279449463
Online_Training [678/700]: mean_loss=0.008844105061143637
Online_Training [679/700]: mean_loss=0.013182242633774877
Online_Training [680/700]: mean_loss=0.015732804546132684
Online_Training [681/700]: mean_loss=0.0278620645403862
Online_Training [682/700]: mean_loss=0.014532465720549226
Online_Training [683/700]: mean_loss=0.0065348471980541945
Online_Training [684/700]: mean_loss=0.010195460636168718
Online_Training [685/700]: mean_loss=0.053919016383588314
Online_Training [686/700]: mean_loss=0.06332386191934347
Online_Training [687/700]: mean_loss=0.00845070043578744
Online_Training [688/700]: mean_loss=0.009690452367067337
Online_Training [689/700]: mean_loss=0.013218634063377976
Online_Training [690/700]: mean_loss=0.011651090811938047
Online_Training [691/700]: mean_loss=0.034014830365777016
Online_Training [692/700]: mean_loss=0.018760627135634422
Online_Training [693/700]: mean_loss=0.006100165192037821
Online_Training [694/700]: mean_loss=0.007389505277387798
Online_Training [695/700]: mean_loss=0.008444484090432525
Online_Training [696/700]: mean_loss=0.020908743143081665
Online_Training [697/700]: mean_loss=0.018858203198760748
Online_Training [698/700]: mean_loss=0.005079168593510985
Online_Training [699/700]: mean_loss=0.01812975713983178
Online_Training [700/700]: mean_loss=0.07708061300218105
Number of Samples after Autoencoder testing: 300
First Spike after testing: [1.0013661 0.4374555]
[2, 0, 1, 0, 0, 1, 1, 2, 1, 1, 1, 0, 0, 1, 2, 1, 0, 1, 1, 1, 1, 0, 2, 1, 0, 0, 0, 0, 2, 1, 0, 1, 2, 1, 1, 0, 2, 0, 1, 0, 2, 0, 2, 1, 2, 0, 2, 0, 1, 0, 2, 0, 0, 1, 2, 2, 1, 0, 0, 2, 2, 2, 1, 2, 0, 2, 1, 0, 1, 0, 1, 0, 1, 1, 1, 0, 0, 1, 2, 2, 1, 2, 1, 0, 2, 1, 2, 2, 0, 0, 1, 2, 1, 0, 1, 2, 2, 0, 1, 1, 2, 2, 1, 2, 1, 2, 0, 2, 1, 0, 1, 2, 2, 2, 1, 1, 2, 1, 2, 0, 1, 1, 2, 2, 1, 2, 2, 2, 0, 2, 1, 2, 0, 2, 1, 2, 1, 2, 1, 0, 2, 0, 2, 1, 0, 0, 2, 2, 1, 2, 0, 1, 2, 1, 2, 0, 0, 0, 1, 1, 1, 1, 2, 2, 2, 2, 1, 0, 0, 1, 1, 0, 0, 0, 0, 1, 1, 0, 0, 2, 0, 1, 1, 0, 2, 0, 2, 1, 0, 1, 0, 2, 2, 0, 1, 0, 0, 2, 0, 1, 2, 2, 2, 1, 2, 1, 0, 0, 2, 0, 1, 1, 2, 1, 0, 2, 2, 0, 1, 1, 0, 2, 0, 0, 1, 2, 2, 1, 2, 2, 2, 2, 1, 0, 2, 1, 0, 1, 2, 0, 0, 2, 0, 0, 0, 1, 1, 0, 1, 0, 1, 1, 0, 2, 2, 0, 0, 2, 1, 1, 1, 2, 2, 1, 2, 1, 1, 0, 2, 1, 1, 0, 0, 1, 2, 1, 1, 0, 0, 1, 1, 1, 2, 1, 0, 1, 2, 2, 1, 2, 0, 2, 1, 1, 2, 1, 2, 0, 1, 2]
[0, 0, 0, 0, 0, 0, 0, 0, 0, 0, 0, 0, 0, 0, 0, 0, 0, 0, 0, 0, 0, 0, 0, 1, 1, 0, 0, 0, 0, 0, 0, 0, 0, 0, 0, 0, 0, 0, 0, 0, 1, 0, 0, 0, 0, 0, 1, 1, 0, 0, 0, 0, 0, 0, 1, 1, 0, 0, 0, 0, 0, 0, 0, 1, 0, 0, 0, 0, 0, 1, 0, 0, 0, 0, 0, 0, 0, 0, 0, 1, 0, 1, 0, 0, 1, 1, 1, 1, 0, 0, 0, 0, 1, 0, 0, 1, 0, 0, 0, 0, 1, 1, 0, 0, 0, 1, 0, 1, 0, 0, 0, 0, 1, 1, 0, 0, 1, 0, 1, 0, 0, 0, 1, 1, 1, 0, 1, 1, 0, 1, 0, 1, 0, 1, 0, 1, 0, 1, 1, 0, 1, 1, 1, 0, 0, 0, 1, 1, 1, 1, 0, 1, 1, 0, 1, 0, 0, 0, 1, 0, 0, 0, 0, 1, 1, 0, 0, 0, 0, 0, 0, 0, 0, 0, 0, 0, 0, 0, 0, 1, 0, 0, 0, 1, 1, 0, 1, 1, 1, 0, 0, 1, 1, 0, 0, 0, 0, 1, 0, 0, 0, 1, 1, 1, 1, 0, 0, 0, 0, 1, 0, 0, 1, 1, 0, 1, 1, 0, 0, 0, 0, 1, 0, 0, 1, 1, 1, 0, 1, 1, 1, 0, 0, 0, 1, 2, 0, 0, 1, 1, 0, 1, 0, 0, 0, 0, 0, 0, 0, 0, 1, 1, 1, 1, 1, 0, 0, 1, 0, 0, 0, 1, 1, 0, 1, 0, 0, 0, 1, 0, 1, 0, 0, 0, 1, 0, 0, 0, 0, 0, 0, 0, 1, 0, 0, 0, 1, 1, 1, 0, 0, 0, 0, 1, 1, 0, 1, 0, 1, 1]
Centroids: [[0.25114098, 0.19620608], [0.2094905, 0.4297805], [0.8005159, 0.5968492]]
Centroids: [[0.20219621, 0.325516], [0.86526173, 0.5809526], [-0.9096427, 1.3676004]]
Contingency Matrix: 
[[83  9  0]
 [90 18  1]
 [27 72  0]]
[[83, 9, 0], [90, 18, 1], [27, 72, 0]]
[[83, 9, 0], [90, 18, 1], [27, 72, 0]]
[0, 1, 2]
[[-1, 9, 0], [-1, -1, -1], [-1, 72, 0]]
[[-1, -1, 0], [-1, -1, -1], [-1, -1, -1]]
[[-1, -1, -1], [-1, -1, -1], [-1, -1, -1]]
Match_Labels: {1: 0, 2: 1, 0: 2}
New Contingency Matrix: 
[[ 0 83  9]
 [ 1 90 18]
 [ 0 27 72]]
New Clustered Label Sequence: [2, 0, 1]
Diagonal_Elements: [0, 90, 72], Sum: 162
All_Elements: [0, 83, 9, 1, 90, 18, 0, 27, 72], Sum: 300
Accuracy: 0.54
