Experiment_path: AE_Model_2/Epochs//V4/Experiment_04
Dataset_Path: ../_00_Datasets/03_SimDaten_Quiroga2020/C_Easy1_noise040.mat
Dataset_name: ['03_SimDaten_Quiroga2020', 'C_Easy1_noise040.mat']
Variant_name: Variant_04_Offline_Autoencoder_QLearning
Visualisation_Path: AE_Model_2/Epochs//V4/Experiment_04/C_Easy1_noise040.mat/Variant_04_Offline_Autoencoder_QLearning/2023_04_25-19_12_42
Punishment_Coefficient: 1.4
<_01_LoadDataset.ExternCode.spike_class.spike_dataclass object at 0x0000028AF1D23588>
Sampling rate: 24000.0
Raw: [ 0.09290294  0.20189621  0.33053674 ... -0.20677271 -0.1502611
 -0.11999569]
Times: [    239     439     824 ... 1439203 1439286 1439464]
Cluster: [1 3 1 ... 3 1 2]
Number of different clusters:  3
Number of Spikes: 3386
First aligned Spike Frame: [ 0.35272875  0.22782651  0.09804678  0.0330907   0.01763465 -0.00716808
 -0.07676483 -0.17393839 -0.25156268 -0.27611297 -0.26424986 -0.2572748
 -0.14070033  0.3091543   0.84618672  0.8657919   0.33633627 -0.19287563
 -0.36620283 -0.28464978 -0.16625656 -0.0936908  -0.03935964  0.02291416
  0.0699242   0.05739865 -0.02453232 -0.1465012  -0.24130255 -0.27021376
 -0.25598501 -0.22429694 -0.17333633 -0.09081612  0.03499496  0.1799287
  0.31672358  0.42401557  0.47266498  0.4416574   0.34587776  0.22594898
  0.10664098 -0.02537482 -0.17575272 -0.29850509 -0.34589514]
Cluster 0, Occurrences: 1079
Cluster 1, Occurrences: 1158
Cluster 2, Occurrences: 1149
Train Index: 3047
x_train: 3047
y_train: 3047
x_test: 339
y_test: 339
<torch.utils.data.dataloader.DataLoader object at 0x0000028AEC326400>
<torch.utils.data.dataloader.DataLoader object at 0x0000028AEC326F28>
Epoch [1/18]: mean_loss=0.0015165153469047978
Epoch [2/18]: mean_loss=0.001269689684383471
Epoch [3/18]: mean_loss=0.0012886896261821272
Epoch [4/18]: mean_loss=0.0011803491959855093
Epoch [5/18]: mean_loss=0.0011012009429049406
Epoch [6/18]: mean_loss=0.001060655257414903
Epoch [7/18]: mean_loss=0.001039328402342916
Epoch [8/18]: mean_loss=0.001027156929276128
Epoch [9/18]: mean_loss=0.0010203506784103407
Epoch [10/18]: mean_loss=0.0010144851761306158
Epoch [11/18]: mean_loss=0.0010101744598850564
Epoch [12/18]: mean_loss=0.0010079223299499884
Epoch [13/18]: mean_loss=0.0010080282711786132
Epoch [14/18]: mean_loss=0.0010089353429936644
Epoch [15/18]: mean_loss=0.001005692472592764
Epoch [16/18]: mean_loss=0.0010003961254709621
Epoch [17/18]: mean_loss=0.0010105802521383446
Epoch [18/18]: mean_loss=0.0010084610271613285
Number of Clusters: 3
Number of Samples after Autoencoder testing: 339
First Spike after testing: [-0.6982036  4.0213604]
[0, 2, 1, 0, 0, 1, 1, 0, 1, 2, 0, 1, 0, 0, 0, 0, 0, 1, 2, 2, 2, 0, 2, 2, 2, 0, 2, 1, 0, 0, 2, 0, 2, 2, 2, 2, 1, 1, 2, 0, 1, 1, 0, 2, 1, 2, 1, 2, 1, 0, 0, 0, 2, 2, 2, 2, 2, 0, 1, 0, 0, 0, 2, 1, 1, 1, 2, 2, 0, 2, 0, 1, 2, 0, 2, 2, 0, 0, 2, 1, 0, 1, 1, 2, 0, 0, 1, 1, 2, 1, 2, 1, 1, 1, 0, 1, 2, 1, 2, 1, 1, 1, 0, 2, 1, 0, 0, 2, 0, 0, 2, 0, 2, 2, 2, 2, 1, 1, 2, 0, 0, 1, 0, 0, 0, 2, 1, 0, 2, 2, 2, 2, 0, 1, 1, 0, 0, 2, 2, 1, 2, 2, 0, 1, 2, 1, 2, 0, 0, 0, 0, 2, 2, 0, 1, 1, 0, 1, 0, 1, 2, 0, 2, 0, 1, 2, 1, 2, 0, 1, 0, 1, 1, 2, 0, 2, 2, 1, 2, 0, 1, 2, 0, 0, 1, 2, 1, 1, 2, 2, 2, 2, 0, 1, 1, 1, 1, 0, 2, 1, 2, 2, 2, 2, 2, 0, 1, 1, 0, 1, 1, 0, 2, 1, 2, 0, 0, 1, 1, 1, 1, 2, 1, 2, 2, 1, 2, 1, 2, 2, 2, 2, 2, 0, 1, 2, 1, 0, 2, 1, 1, 1, 0, 2, 0, 0, 1, 2, 1, 1, 0, 0, 1, 0, 1, 0, 0, 1, 1, 0, 0, 2, 1, 2, 2, 0, 2, 0, 2, 2, 0, 2, 1, 2, 2, 0, 2, 1, 2, 1, 2, 0, 2, 0, 0, 2, 2, 1, 0, 2, 1, 0, 2, 1, 2, 1, 0, 0, 1, 2, 0, 2, 0, 1, 1, 1, 0, 0, 0, 0, 2, 1, 2, 1, 0, 2, 0, 0, 1, 2, 2, 1, 1, 0, 2, 0, 2, 2, 1, 0, 1, 0, 1, 0, 1, 2, 2, 0, 1]
[0, 0, 1, 0, 0, 1, 1, 0, 1, 0, 2, 1, 2, 0, 2, 2, 2, 1, 0, 0, 0, 0, 0, 0, 0, 2, 0, 1, 2, 2, 0, 2, 1, 0, 0, 0, 1, 1, 0, 2, 1, 1, 2, 0, 1, 0, 1, 0, 1, 2, 2, 2, 3, 0, 0, 0, 0, 2, 1, 2, 2, 2, 0, 1, 1, 1, 0, 3, 2, 0, 2, 1, 0, 0, 0, 0, 0, 0, 0, 1, 2, 3, 1, 2, 2, 2, 1, 1, 0, 3, 0, 1, 1, 3, 2, 3, 0, 3, 0, 3, 3, 1, 0, 0, 1, 2, 2, 0, 2, 2, 0, 2, 0, 0, 0, 0, 1, 1, 0, 2, 0, 1, 2, 2, 2, 0, 3, 0, 0, 0, 0, 0, 2, 1, 1, 2, 2, 0, 0, 3, 0, 2, 2, 1, 0, 1, 0, 2, 0, 2, 2, 0, 0, 2, 1, 1, 2, 1, 2, 1, 0, 2, 0, 4, 1, 0, 3, 0, 2, 3, 2, 1, 1, 0, 2, 0, 0, 1, 0, 4, 1, 0, 0, 2, 3, 0, 1, 1, 0, 3, 2, 0, 4, 3, 1, 1, 1, 2, 0, 1, 0, 0, 0, 0, 0, 2, 1, 1, 2, 5, 3, 2, 0, 1, 0, 2, 2, 1, 1, 1, 1, 0, 1, 3, 0, 1, 0, 1, 3, 0, 0, 0, 0, 2, 1, 0, 1, 2, 2, 1, 1, 1, 4, 0, 2, 2, 1, 0, 3, 1, 2, 2, 1, 2, 1, 2, 2, 1, 3, 4, 2, 0, 1, 0, 0, 4, 0, 2, 0, 0, 4, 0, 1, 0, 0, 2, 0, 1, 0, 1, 0, 0, 0, 2, 4, 0, 0, 1, 4, 0, 1, 2, 3, 1, 0, 1, 2, 2, 3, 0, 4, 0, 2, 1, 1, 1, 2, 2, 4, 2, 0, 1, 0, 1, 2, 3, 0, 2, 1, 2, 0, 1, 3, 2, 0, 2, 0, 0, 1, 2, 1, 2, 1, 2, 1, 0, 0, 4, 1]
Centroids: [[-0.8764801, 2.6714897], [-0.40446258, -2.58479], [1.2384974, 2.9821408]]
Centroids: [[1.1471337, 3.2963784], [-0.5225282, -2.7238963], [-0.87166053, 2.4230847], [0.5853693, -1.4624652], [-1.791658, 3.603526], [-2.6573157, -6.1063895]]
Contingency Matrix: 
[[ 16   0  81   0  12   0]
 [  0  89   0  18   0   1]
 [109   1   5   7   0   0]]
[[16, 0, 81, 0, 12, 0], [0, 89, 0, 18, 0, 1], [109, 1, 5, 7, 0, 0]]
[[16, 0, 81, 0, 12, 0], [0, 89, 0, 18, 0, 1], [109, 1, 5, 7, 0, 0]]
[0, 1, 2, 3, 4, 5]
[[-1, 0, 81, 0, 12, 0], [-1, 89, 0, 18, 0, 1], [-1, -1, -1, -1, -1, -1]]
[[-1, -1, 81, 0, 12, 0], [-1, -1, -1, -1, -1, -1], [-1, -1, -1, -1, -1, -1]]
[[-1, -1, -1, -1, -1, -1], [-1, -1, -1, -1, -1, -1], [-1, -1, -1, -1, -1, -1]]
Match_Labels: {2: 0, 1: 1, 0: 2}
New Contingency Matrix: 
[[ 81   0  16   0  12   0]
 [  0  89   0  18   0   1]
 [  5   1 109   7   0   0]]
New Clustered Label Sequence: [2, 1, 0, 3, 4, 5]
Diagonal_Elements: [81, 89, 109], Sum: 279
All_Elements: [81, 0, 16, 0, 12, 0, 0, 89, 0, 18, 0, 1, 5, 1, 109, 7, 0, 0], Sum: 339
Accuracy: 0.8230088495575221
