Experiment_path: AE_Model_2/Normalization/Experiment_04
Dataset_Path: ../_00_Datasets/03_SimDaten_Quiroga2020/C_Difficult2_noise020.mat
Dataset_name: ['03_SimDaten_Quiroga2020', 'C_Difficult2_noise020.mat']
Variant_name: V04_Off_AE_QL
Visualisation_Path: AE_Model_2/Normalization/Experiment_04/C_Difficult2_noise020.mat/V04_Off_AE_QL/2023_06_04-19_42_23
Punishment_Coefficient: 1.3
<_01_LoadDataset.ExternCode.spike_class.spike_dataclass object at 0x000001B1EF661438>
Sampling rate: 24000.0
Raw: [-0.05920843 -0.02398302  0.01513494 ...  0.2971695   0.32984394
  0.35872829]
Times: [    337    1080    1305 ... 1438651 1438787 1439662]
Cluster: [2 1 1 ... 2 1 3]
Number of different clusters:  3
Number of Spikes: 3493
First aligned Spike Frame: [ 0.50880334  0.56984686  0.60721022  0.60769692  0.58122704  0.55003969
  0.51479324  0.46436685  0.40848987  0.36206071  0.31750134  0.26828304
  0.23270096  0.2305818   0.25904633  0.30599383  0.36680145  0.45670025
  0.60261795  0.8012213   1.02149976  1.23478943  1.38977263  1.39868415
  1.211664    0.88028336  0.50425138  0.15449729 -0.12937778 -0.32272009
 -0.40685817 -0.38921932 -0.31829776 -0.24412685 -0.18860857 -0.1442941
 -0.0976923  -0.0504865  -0.01384986  0.00955437  0.03047694  0.05600466
  0.07308225  0.06101434  0.01148826 -0.0607151  -0.13636803]
Cluster 0, Occurrences: 1151
Cluster 1, Occurrences: 1195
Cluster 2, Occurrences: 1147
Train Index: 3144
x_train: 3144
y_train: 3144
x_test: 349
y_test: 349
<torch.utils.data.dataloader.DataLoader object at 0x000001B1F3C4CA58>
<torch.utils.data.dataloader.DataLoader object at 0x000001B1F3C4CC50>
Epoch [1/8]: mean_loss=0.0006123049292504863
Epoch [2/8]: mean_loss=0.0003207043420852804
Epoch [3/8]: mean_loss=0.00029552207838177546
Epoch [4/8]: mean_loss=0.00028960418273664006
Epoch [5/8]: mean_loss=0.000289070800686748
Epoch [6/8]: mean_loss=0.00028673770589251595
Epoch [7/8]: mean_loss=0.00028540843042590045
Epoch [8/8]: mean_loss=0.0002830714624524401
Number of Clusters: 3
Number of Samples after Autoencoder testing: 349
First Spike after testing: [-1.5634235  1.4795244]
[1, 2, 2, 0, 1, 0, 2, 2, 0, 1, 1, 0, 0, 1, 2, 2, 1, 2, 0, 1, 1, 0, 1, 2, 1, 0, 2, 2, 1, 1, 2, 0, 0, 1, 2, 2, 0, 2, 0, 2, 1, 2, 0, 1, 0, 2, 1, 0, 2, 1, 0, 0, 2, 2, 1, 2, 1, 1, 2, 1, 2, 0, 1, 0, 1, 0, 0, 1, 0, 1, 2, 2, 0, 2, 2, 1, 2, 2, 2, 0, 1, 0, 0, 1, 2, 1, 0, 0, 2, 2, 0, 1, 0, 2, 1, 1, 1, 2, 0, 1, 1, 2, 1, 0, 2, 0, 0, 1, 2, 0, 0, 1, 2, 0, 1, 1, 1, 2, 1, 2, 1, 0, 1, 2, 1, 2, 2, 1, 1, 0, 2, 2, 0, 1, 1, 1, 0, 2, 1, 1, 1, 1, 2, 1, 0, 2, 0, 2, 2, 2, 1, 1, 0, 1, 1, 1, 0, 0, 1, 2, 0, 0, 1, 0, 1, 0, 2, 0, 1, 1, 0, 0, 0, 1, 0, 1, 0, 1, 0, 0, 0, 1, 0, 1, 2, 2, 1, 2, 2, 0, 2, 0, 2, 0, 1, 2, 0, 1, 1, 2, 2, 2, 1, 0, 2, 0, 0, 2, 1, 2, 1, 1, 0, 1, 2, 1, 0, 0, 0, 0, 1, 0, 1, 0, 1, 2, 1, 0, 1, 0, 2, 1, 2, 1, 0, 1, 2, 2, 2, 2, 0, 1, 0, 2, 1, 0, 1, 1, 2, 1, 2, 0, 2, 1, 0, 1, 0, 1, 2, 0, 2, 1, 0, 2, 0, 2, 1, 0, 1, 0, 1, 1, 0, 1, 2, 0, 1, 2, 2, 0, 2, 2, 0, 1, 0, 2, 0, 2, 0, 2, 1, 0, 2, 1, 2, 0, 2, 0, 1, 0, 1, 0, 1, 0, 0, 2, 0, 2, 1, 0, 1, 0, 2, 1, 0, 1, 0, 2, 2, 0, 2, 0, 1, 0, 0, 0, 2, 2, 2, 1, 1, 0, 1, 1, 0, 2, 1, 0, 0, 0, 0, 1, 0, 2, 0, 1, 1, 0, 2]
[0, 1, 1, 1, 0, 1, 1, 1, 1, 0, 0, 1, 1, 0, 1, 1, 0, 1, 1, 0, 0, 1, 0, 1, 0, 1, 1, 1, 0, 0, 1, 1, 1, 0, 1, 1, 1, 1, 1, 1, 0, 1, 1, 0, 1, 1, 0, 1, 1, 0, 1, 1, 1, 1, 0, 1, 0, 0, 1, 0, 1, 1, 0, 1, 0, 1, 1, 0, 1, 0, 1, 1, 1, 1, 1, 0, 1, 1, 1, 1, 0, 1, 1, 0, 1, 0, 1, 1, 1, 1, 1, 0, 1, 1, 0, 0, 0, 1, 1, 0, 0, 1, 0, 1, 1, 1, 1, 0, 1, 1, 1, 0, 1, 1, 0, 0, 0, 1, 0, 1, 0, 1, 0, 1, 0, 1, 1, 0, 0, 1, 1, 1, 1, 0, 0, 0, 1, 1, 0, 0, 0, 0, 1, 0, 2, 1, 2, 1, 1, 1, 0, 0, 2, 0, 0, 0, 1, 2, 0, 1, 2, 1, 0, 1, 0, 1, 1, 1, 0, 0, 1, 1, 1, 0, 2, 0, 1, 0, 1, 2, 2, 0, 1, 0, 1, 1, 0, 1, 1, 1, 1, 1, 1, 2, 0, 1, 1, 0, 0, 1, 1, 1, 0, 2, 1, 2, 2, 1, 0, 1, 0, 0, 2, 0, 1, 0, 1, 1, 2, 2, 0, 1, 0, 1, 0, 1, 0, 2, 0, 2, 1, 0, 1, 0, 1, 0, 1, 1, 1, 1, 2, 0, 1, 1, 0, 1, 0, 0, 1, 0, 1, 1, 1, 0, 2, 0, 1, 0, 1, 1, 2, 0, 2, 1, 1, 1, 0, 2, 0, 2, 0, 0, 2, 0, 1, 1, 0, 1, 1, 2, 1, 1, 1, 0, 1, 2, 2, 1, 2, 1, 0, 2, 1, 0, 1, 2, 1, 2, 0, 2, 0, 2, 0, 1, 2, 1, 2, 1, 0, 2, 0, 2, 1, 0, 1, 0, 2, 2, 1, 2, 1, 2, 0, 1, 2, 2, 1, 2, 1, 0, 0, 2, 0, 0, 1, 1, 0, 2, 1, 1, 1, 0, 2, 1, 2, 0, 0, 2, 1]
Centroids: [[-1.4085749, -2.0408988], [-2.5344222, 1.9989878], [-1.9426553, -1.2969588]]
Centroids: [[-2.5344222, 1.9989878], [-1.7912844, -1.5305903], [-1.1736817, -2.285333]]
Standard Derivations: [0.32161397, 0.4296167, 0.3657478]
Cluster Distances: [3.4425998, 0.22843766, 3.4425998, 2.5532846, 0.22843766, 2.553285]
Minimal Cluster Distance: 0.2284376621246338
Contingency Matrix: 
[[  0  76  45]
 [122   0   0]
 [  0 102   4]]
[[0, 76, 45], [122, 0, 0], [0, 102, 4]]
[[0, 76, 45], [122, 0, 0], [0, 102, 4]]
[0, 1, 2]
[[-1, 76, 45], [-1, -1, -1], [-1, 102, 4]]
[[-1, -1, 45], [-1, -1, -1], [-1, -1, -1]]
[[-1, -1, -1], [-1, -1, -1], [-1, -1, -1]]
Match_Labels: {1: 0, 2: 1, 0: 2}
New Contingency Matrix: 
[[ 45   0  76]
 [  0 122   0]
 [  4   0 102]]
New Clustered Label Sequence: [2, 0, 1]
Diagonal_Elements: [45, 122, 102], Sum: 269
All_Elements: [45, 0, 76, 0, 122, 0, 4, 0, 102], Sum: 349
Accuracy: 0.7707736389684814
