Seed: 0
Experiment_path: AE_Model_1/Epochs//V5/Experiment_05
Dataset_Path: ../_00_Datasets/03_SimDaten_Quiroga2020/C_Easy1_noise015.mat
Dataset_name: ['03_SimDaten_Quiroga2020', 'C_Easy1_noise015.mat']
Variant_name: Variant_05_Online_Autoencoder_QLearning
Visualisation_Path: AE_Model_1/Epochs//V5/Experiment_05/C_Easy1_noise015.mat/Variant_05_Online_Autoencoder_QLearning/2023_04_25-16_56_45
Normalisation: False
Template Matching: False
Optimising Autoencoder: False
Update Factor: 1
Noisy Batches: False
Noisy Factor: 0.1
Epochs: 16
Batch Size: 1
maximal Spikes for Autoencoder Training : 700
maximal Spikes for Training: 1000
Input Size: 47
Chosen Model: Autoencoder
Autoencoder(
  (encoder): Sequential(
    (0): Linear(in_features=47, out_features=12, bias=True)
    (1): LeakyReLU(negative_slope=0.01)
    (2): Linear(in_features=12, out_features=2, bias=True)
  )
  (decoder): Sequential(
    (0): Linear(in_features=2, out_features=12, bias=True)
    (1): LeakyReLU(negative_slope=0.01)
    (2): Linear(in_features=12, out_features=47, bias=True)
  )
)
MSELoss()
Adam (
Parameter Group 0
    amsgrad: False
    betas: (0.9, 0.999)
    capturable: False
    differentiable: False
    eps: 1e-08
    foreach: None
    fused: False
    lr: 0.001
    maximize: False
    weight_decay: 0
)
---Q Learning Parameters---
Normalisation: False
Punishment Coefficient: 0.9
Alpha: 0.8
Epsilon: 0.01
Gamma: 0.97
Initial Episode Number: 0
Episode Number Coefficient: 1.4
Number of Random Features: 20
Planning Number: 20
Max Random Features: 60
New Episode Number: 72
New Episode Number: 143
New Episode Number: 215
New Episode Number: 286
                0     1     2     3     4
new_cluster -5.72 -2.55 -4.53 -4.18 -8.85
c1          -5.72 -2.61 -4.37 -4.39 -8.82
c2          -5.72 -2.61 -4.28 -4.27 -8.85
c3          -5.72 -2.60 -4.51 -4.37 -8.86
c4          -5.71 -2.61 -4.55 -4.29 -8.82
\begin{tabular}{lrrrrr}
\toprule
{} &     0 &     1 &     2 &     3 &     4 \\
\midrule
new\_cluster & -5.72 & -2.55 & -4.53 & -4.18 & -8.85 \\
c1          & -5.72 & -2.61 & -4.37 & -4.39 & -8.82 \\
c2          & -5.72 & -2.61 & -4.28 & -4.27 & -8.85 \\
c3          & -5.72 & -2.60 & -4.51 & -4.37 & -8.86 \\
c4          & -5.71 & -2.61 & -4.55 & -4.29 & -8.82 \\
\bottomrule
\end{tabular}

                                0            1  ...            3            4
new_cluster  [-3.24, new_cluster]  [-0.06, c1]  ...  [-1.69, c3]  [-6.33, c4]
c1           [-3.24, new_cluster]  [-0.07, c1]  ...  [-1.87, c3]  [-6.33, c4]
c2           [-3.24, new_cluster]  [-0.08, c1]  ...  [-1.76, c3]  [-6.33, c4]
c3           [-3.24, new_cluster]  [-0.07, c1]  ...  [-1.85, c3]  [-6.33, c4]
c4           [-3.24, new_cluster]  [-0.08, c1]  ...  [-1.77, c3]  [-6.33, c4]

[5 rows x 5 columns]
\begin{tabular}{llllll}
\toprule
{} &                     0 &            1 &            2 &            3 &            4 \\
\midrule
new\_cluster &  [-3.24, new\_cluster] &  [-0.06, c1] &  [-2.04, c2] &  [-1.69, c3] &  [-6.33, c4] \\
c1          &  [-3.24, new\_cluster] &  [-0.07, c1] &  [-1.84, c2] &  [-1.87, c3] &  [-6.33, c4] \\
c2          &  [-3.24, new\_cluster] &  [-0.08, c1] &  [-1.76, c2] &  [-1.76, c3] &  [-6.33, c4] \\
c3          &  [-3.24, new\_cluster] &  [-0.07, c1] &  [-1.98, c2] &  [-1.85, c3] &  [-6.33, c4] \\
c4          &  [-3.24, new\_cluster] &  [-0.08, c1] &  [-2.03, c2] &  [-1.77, c3] &  [-6.33, c4] \\
\bottomrule
\end{tabular}

