Experiment_path: AE_Model_2/Epochs_2_4_6_8_20/06_Experiment_05_Epochs
Dataset_Path: ../_00_Datasets/03_SimDaten_Quiroga2020/C_Easy1_noise025.mat
Dataset_name: ['03_SimDaten_Quiroga2020', 'C_Easy1_noise025.mat']
Variant_name: V05_Online_AE_QL
Visualisation_Path: AE_Model_2/Epochs_2_4_6_8_20/06_Experiment_05_Epochs/C_Easy1_noise025.mat/V05_Online_AE_QL/2023_05_11-01_17_07
Punishment_Coefficient: 1.1
<_01_LoadDataset.ExternCode.spike_class.spike_dataclass object at 0x000002733F7F61D0>
Sampling rate: 24000.0
Raw: [-0.1861928  -0.15538047 -0.11159897 ... -0.04566289 -0.07495693
 -0.11387027]
Times: [    288     764     962 ... 1439565 1439599 1439750]
Cluster: [2 1 1 ... 1 2 3]
Number of different clusters:  3
Number of Spikes: 3298
First aligned Spike Frame: [ 0.30343498  0.30504401  0.30003499  0.28306832  0.25612953  0.20234245
  0.11026158  0.00607927 -0.07206812 -0.11511366 -0.12845949 -0.13294027
 -0.18390234 -0.33132976 -0.53531084 -0.64122966 -0.43321471  0.14319913
  0.78508862  1.13178271  1.12964756  0.95557126  0.768731    0.62108183
  0.50039946  0.39401216  0.30447426  0.22854935  0.15922545  0.09984913
  0.06405489  0.05593058  0.05062423  0.00682243 -0.07060307 -0.1367616
 -0.15929316 -0.15555753 -0.15669153 -0.16914157 -0.17192467 -0.15578403
 -0.14071413 -0.14785593 -0.17738608 -0.22110055 -0.28163013]
Cluster 0, Occurrences: 1094
Cluster 1, Occurrences: 1089
Cluster 2, Occurrences: 1115
Number of Clusters: 3
Online_Training [1/700]: mean_loss=0.20614544798930487
Online_Training [2/700]: mean_loss=0.20170057068268457
Online_Training [3/700]: mean_loss=0.15935849150021872
Online_Training [4/700]: mean_loss=0.27930885553359985
Online_Training [5/700]: mean_loss=0.15186736981074014
Online_Training [6/700]: mean_loss=0.14577389260133108
Online_Training [7/700]: mean_loss=0.20589648187160492
Online_Training [8/700]: mean_loss=0.10590061917901039
Online_Training [9/700]: mean_loss=0.14597926288843155
Online_Training [10/700]: mean_loss=0.12476901958386104
Online_Training [11/700]: mean_loss=0.4057086110115051
Online_Training [12/700]: mean_loss=0.12180707355340321
Online_Training [13/700]: mean_loss=0.20164847125609717
Online_Training [14/700]: mean_loss=0.12558026115099588
Online_Training [15/700]: mean_loss=0.13410828014214835
Online_Training [16/700]: mean_loss=0.19646652539571127
Online_Training [17/700]: mean_loss=0.10106628636519115
Online_Training [18/700]: mean_loss=0.335907702644666
Online_Training [19/700]: mean_loss=0.15425562858581543
Online_Training [20/700]: mean_loss=0.4349433283011119
Online_Training [21/700]: mean_loss=0.24913393209377924
Online_Training [22/700]: mean_loss=0.3639051665862401
Online_Training [23/700]: mean_loss=0.3746742109457652
Online_Training [24/700]: mean_loss=0.315757617354393
Online_Training [25/700]: mean_loss=0.13983792811632156
Online_Training [26/700]: mean_loss=0.08911975473165512
Online_Training [27/700]: mean_loss=0.2312126805384954
Online_Training [28/700]: mean_loss=0.18468082944552103
Online_Training [29/700]: mean_loss=0.24726521720488867
Online_Training [30/700]: mean_loss=0.3486294746398926
Online_Training [31/700]: mean_loss=0.24764043341080347
Online_Training [32/700]: mean_loss=0.287565956513087
Online_Training [33/700]: mean_loss=0.1501176655292511
Online_Training [34/700]: mean_loss=0.17959629247585931
Online_Training [35/700]: mean_loss=0.2946496407190959
Online_Training [36/700]: mean_loss=0.08008094504475594
Online_Training [37/700]: mean_loss=0.08220064391692479
Online_Training [38/700]: mean_loss=0.07303948452075322
Online_Training [39/700]: mean_loss=0.10438617567221324
Online_Training [40/700]: mean_loss=0.12471593047181766
Online_Training [41/700]: mean_loss=0.11673830077052116
Online_Training [42/700]: mean_loss=0.20298475523789725
Online_Training [43/700]: mean_loss=0.1330076977610588
Online_Training [44/700]: mean_loss=0.15235951791206995
Online_Training [45/700]: mean_loss=0.13677163670460382
Online_Training [46/700]: mean_loss=0.0886123056213061
Online_Training [47/700]: mean_loss=0.10278014341990153
Online_Training [48/700]: mean_loss=0.20031967014074326
Online_Training [49/700]: mean_loss=0.09236562624573708
Online_Training [50/700]: mean_loss=0.17555920282999674
Online_Training [51/700]: mean_loss=0.113064909974734
Online_Training [52/700]: mean_loss=0.08321262523531914
Online_Training [53/700]: mean_loss=0.162643829981486
Online_Training [54/700]: mean_loss=0.03943795276184877
Online_Training [55/700]: mean_loss=0.13523581872383753
Online_Training [56/700]: mean_loss=0.3087824136018753
Online_Training [57/700]: mean_loss=0.05877218643824259
Online_Training [58/700]: mean_loss=0.025300224622090656
Online_Training [59/700]: mean_loss=0.21381887793540955
Online_Training [60/700]: mean_loss=0.06311112021406491
Online_Training [61/700]: mean_loss=0.041864089046915375
Online_Training [62/700]: mean_loss=0.15606972575187683
Online_Training [63/700]: mean_loss=0.28425833582878113
Online_Training [64/700]: mean_loss=0.11954888080557187
Online_Training [65/700]: mean_loss=0.11230643341938655
Online_Training [66/700]: mean_loss=0.17671968539555868
Online_Training [67/700]: mean_loss=0.19655754417181015
Online_Training [68/700]: mean_loss=0.612025648355484
Online_Training [69/700]: mean_loss=0.1893597717086474
Online_Training [70/700]: mean_loss=0.08884226779143016
Online_Training [71/700]: mean_loss=0.08481161048014958
Online_Training [72/700]: mean_loss=0.1640847995877266
Online_Training [73/700]: mean_loss=0.06879191224773724
Online_Training [74/700]: mean_loss=0.19307581583658853
Online_Training [75/700]: mean_loss=0.055842275420824684
Online_Training [76/700]: mean_loss=0.1694597452878952
Online_Training [77/700]: mean_loss=0.06326950838168462
Online_Training [78/700]: mean_loss=0.1167313779393832
Online_Training [79/700]: mean_loss=0.11187451705336571
Online_Training [80/700]: mean_loss=0.12915011246999106
Online_Training [81/700]: mean_loss=0.11340166876713435
Online_Training [82/700]: mean_loss=0.03935155955453714
Online_Training [83/700]: mean_loss=0.1362463186184565
Online_Training [84/700]: mean_loss=0.2735148494442304
Online_Training [85/700]: mean_loss=0.3897303193807602
Online_Training [86/700]: mean_loss=0.2353004515171051
Online_Training [87/700]: mean_loss=0.10170741006731987
Online_Training [88/700]: mean_loss=0.10472749918699265
Online_Training [89/700]: mean_loss=0.15576198448737463
Online_Training [90/700]: mean_loss=0.12762139240900675
Online_Training [91/700]: mean_loss=0.10220783452192943
Online_Training [92/700]: mean_loss=0.21838530153036118
Online_Training [93/700]: mean_loss=0.17655948797861734
Online_Training [94/700]: mean_loss=0.26900382339954376
Online_Training [95/700]: mean_loss=0.12273263807098071
Online_Training [96/700]: mean_loss=0.10729821150501569
Online_Training [97/700]: mean_loss=0.16734886914491653
Online_Training [98/700]: mean_loss=0.1109663558502992
Online_Training [99/700]: mean_loss=0.09699842457969983
Online_Training [100/700]: mean_loss=0.08478067566951115
Online_Training [101/700]: mean_loss=0.03886036388576031
Online_Training [102/700]: mean_loss=0.08666756624976794
Online_Training [103/700]: mean_loss=0.07834568619728088
Online_Training [104/700]: mean_loss=0.0741185334821542
Online_Training [105/700]: mean_loss=0.11292167504628499
Online_Training [106/700]: mean_loss=0.3048419902722041
Online_Training [107/700]: mean_loss=0.1449804206689199
Online_Training [108/700]: mean_loss=0.0933610772093137
Online_Training [109/700]: mean_loss=0.23448285708824793
Online_Training [110/700]: mean_loss=0.1878837694724401
Online_Training [111/700]: mean_loss=0.12141149242719014
Online_Training [112/700]: mean_loss=0.0943210981786251
Online_Training [113/700]: mean_loss=0.017498867275814216
Online_Training [114/700]: mean_loss=0.026374136718610924
Online_Training [115/700]: mean_loss=0.30736902356147766
Online_Training [116/700]: mean_loss=0.026529393158853054
Online_Training [117/700]: mean_loss=0.10118445878227551
Online_Training [118/700]: mean_loss=0.14348538716634116
Online_Training [119/700]: mean_loss=0.2555911714831988
Online_Training [120/700]: mean_loss=0.16514762739340463
Online_Training [121/700]: mean_loss=0.07731852680444717
Online_Training [122/700]: mean_loss=0.06918528179327647
Online_Training [123/700]: mean_loss=0.13015412290891012
Online_Training [124/700]: mean_loss=0.11691846946875255
Online_Training [125/700]: mean_loss=0.12631292641162872
Online_Training [126/700]: mean_loss=0.09413740411400795
Online_Training [127/700]: mean_loss=0.04428385881086191
Online_Training [128/700]: mean_loss=0.12479941298564275
Online_Training [129/700]: mean_loss=0.23164701710144678
Online_Training [130/700]: mean_loss=0.12027876079082489
Online_Training [131/700]: mean_loss=0.06905206168691318
Online_Training [132/700]: mean_loss=0.05934386576215426
Online_Training [133/700]: mean_loss=0.09040962532162666
Online_Training [134/700]: mean_loss=0.07385970776279767
Online_Training [135/700]: mean_loss=0.07368745778997739
Online_Training [136/700]: mean_loss=0.05390288059910139
Online_Training [137/700]: mean_loss=0.07442740723490715
Online_Training [138/700]: mean_loss=0.08556631828347842
Online_Training [139/700]: mean_loss=0.061255885288119316
Online_Training [140/700]: mean_loss=0.11227304364244144
Online_Training [141/700]: mean_loss=0.07150098805626233
Online_Training [142/700]: mean_loss=0.0602706049879392
Online_Training [143/700]: mean_loss=0.16581287483374277
Online_Training [144/700]: mean_loss=0.06389760412275791
Online_Training [145/700]: mean_loss=0.05177910812199116
Online_Training [146/700]: mean_loss=0.19162506113449732
Online_Training [147/700]: mean_loss=0.10480630646149318
Online_Training [148/700]: mean_loss=0.10103373974561691
Online_Training [149/700]: mean_loss=0.01984783137838046
Online_Training [150/700]: mean_loss=0.04234511343141397
Online_Training [151/700]: mean_loss=0.01750202818463246
Online_Training [152/700]: mean_loss=0.0479112925628821
Online_Training [153/700]: mean_loss=0.02626849804073572
Online_Training [154/700]: mean_loss=0.013852493992696205
Online_Training [155/700]: mean_loss=0.04415027921398481
Online_Training [156/700]: mean_loss=0.15566649287939072
Online_Training [157/700]: mean_loss=0.04746892054875692
Online_Training [158/700]: mean_loss=0.08584262058138847
Online_Training [159/700]: mean_loss=0.06755010845760505
Online_Training [160/700]: mean_loss=0.01549581422780951
Online_Training [161/700]: mean_loss=0.18767475336790085
Online_Training [162/700]: mean_loss=0.1240859404206276
Online_Training [163/700]: mean_loss=0.028409431067605812
Online_Training [164/700]: mean_loss=0.0653773695230484
Online_Training [165/700]: mean_loss=0.14468870063622793
Online_Training [166/700]: mean_loss=0.03644524763027827
Online_Training [167/700]: mean_loss=0.08705828338861465
Online_Training [168/700]: mean_loss=0.15222791830698648
Online_Training [169/700]: mean_loss=0.15283892303705215
Online_Training [170/700]: mean_loss=0.07338727389772733
Online_Training [171/700]: mean_loss=0.05511580469707648
Online_Training [172/700]: mean_loss=0.030392081787188847
Online_Training [173/700]: mean_loss=0.08659328271945317
Online_Training [174/700]: mean_loss=0.09880513573686282
Online_Training [175/700]: mean_loss=0.2258016417423884
Online_Training [176/700]: mean_loss=0.0547540138165156
Online_Training [177/700]: mean_loss=0.1454323927561442
Online_Training [178/700]: mean_loss=0.0887433619548877
Online_Training [179/700]: mean_loss=0.06432952731847763
Online_Training [180/700]: mean_loss=0.11342659468452136
Online_Training [181/700]: mean_loss=0.06425938196480274
Online_Training [182/700]: mean_loss=0.11760965610543887
Online_Training [183/700]: mean_loss=0.14167849719524384
Online_Training [184/700]: mean_loss=0.08288368086020152
Online_Training [185/700]: mean_loss=0.0554511658847332
Online_Training [186/700]: mean_loss=0.10188718761006992
Online_Training [187/700]: mean_loss=0.1381654068827629
Online_Training [188/700]: mean_loss=0.0728497641781966
Online_Training [189/700]: mean_loss=0.10170054311553638
Online_Training [190/700]: mean_loss=0.10981139664848645
Online_Training [191/700]: mean_loss=0.08810985585053761
Online_Training [192/700]: mean_loss=0.0447536576539278
Online_Training [193/700]: mean_loss=0.06264229925970237
Online_Training [194/700]: mean_loss=0.10974036157131195
Online_Training [195/700]: mean_loss=0.10197712108492851
Online_Training [196/700]: mean_loss=0.10684112459421158
Online_Training [197/700]: mean_loss=0.08799900487065315
Online_Training [198/700]: mean_loss=0.08679226785898209
Online_Training [199/700]: mean_loss=0.1418049136797587
Online_Training [200/700]: mean_loss=0.11682963122924168
Online_Training [201/700]: mean_loss=0.09981467078129451
Online_Training [202/700]: mean_loss=0.2163506125410398
Online_Training [203/700]: mean_loss=0.11323615660270055
Online_Training [204/700]: mean_loss=0.1772074600060781
Online_Training [205/700]: mean_loss=0.07334611440698306
Online_Training [206/700]: mean_loss=0.22874306390682855
Online_Training [207/700]: mean_loss=0.032267097383737564
Online_Training [208/700]: mean_loss=0.0489062728981177
Online_Training [209/700]: mean_loss=0.0302177748332421
Online_Training [210/700]: mean_loss=0.11056795095403989
Online_Training [211/700]: mean_loss=0.0948731005191803
Online_Training [212/700]: mean_loss=0.07999348143736522
Online_Training [213/700]: mean_loss=0.0878013347585996
Online_Training [214/700]: mean_loss=0.04368245601654053
Online_Training [215/700]: mean_loss=0.08857097725073497
Online_Training [216/700]: mean_loss=0.11504145339131355
Online_Training [217/700]: mean_loss=0.07532722627123196
Online_Training [218/700]: mean_loss=0.11999782671531041
Online_Training [219/700]: mean_loss=0.05931497054795424
Online_Training [220/700]: mean_loss=0.08312795559565227
Online_Training [221/700]: mean_loss=0.16521278272072473
Online_Training [222/700]: mean_loss=0.07948925470312436
Online_Training [223/700]: mean_loss=0.0663180910050869
Online_Training [224/700]: mean_loss=0.08297452827294667
Online_Training [225/700]: mean_loss=0.025756194566686947
Online_Training [226/700]: mean_loss=0.030023771959046524
Online_Training [227/700]: mean_loss=0.031210085997978847
Online_Training [228/700]: mean_loss=0.037365770588318505
Online_Training [229/700]: mean_loss=0.07028146336476009
Online_Training [230/700]: mean_loss=0.022030149586498737
Online_Training [231/700]: mean_loss=0.07637537891666095
Online_Training [232/700]: mean_loss=0.0602603101481994
Online_Training [233/700]: mean_loss=0.1275262472530206
Online_Training [234/700]: mean_loss=0.06454040793081124
Online_Training [235/700]: mean_loss=0.10089428101976712
Online_Training [236/700]: mean_loss=0.08106422424316406
Online_Training [237/700]: mean_loss=0.13025383527080217
Online_Training [238/700]: mean_loss=0.035315598671634994
Online_Training [239/700]: mean_loss=0.09742412095268567
Online_Training [240/700]: mean_loss=0.07736173272132874
Online_Training [241/700]: mean_loss=0.06990186000863712
Online_Training [242/700]: mean_loss=0.11546369766195615
Online_Training [243/700]: mean_loss=0.10458549484610558
Online_Training [244/700]: mean_loss=0.16477597256501517
Online_Training [245/700]: mean_loss=0.04461041030784448
Online_Training [246/700]: mean_loss=0.09051609163482983
Online_Training [247/700]: mean_loss=0.06186066009104252
Online_Training [248/700]: mean_loss=0.027559962434073288
Online_Training [249/700]: mean_loss=0.05515233799815178
Online_Training [250/700]: mean_loss=0.05721749675770601
Online_Training [251/700]: mean_loss=0.092678668598334
Online_Training [252/700]: mean_loss=0.020488815071682136
Online_Training [253/700]: mean_loss=0.5125602533419927
Online_Training [254/700]: mean_loss=0.10250694801410039
Online_Training [255/700]: mean_loss=0.09820825979113579
Online_Training [256/700]: mean_loss=0.10357824340462685
Online_Training [257/700]: mean_loss=0.1490702604254087
Online_Training [258/700]: mean_loss=0.06428282211224239
Online_Training [259/700]: mean_loss=0.14137348905205727
Online_Training [260/700]: mean_loss=0.12467664604385693
Online_Training [261/700]: mean_loss=0.07110478356480598
Online_Training [262/700]: mean_loss=0.03787772295375665
Online_Training [263/700]: mean_loss=0.04733088860909144
Online_Training [264/700]: mean_loss=0.028573500613371532
Online_Training [265/700]: mean_loss=0.022900828160345554
Online_Training [266/700]: mean_loss=0.07999560981988907
Online_Training [267/700]: mean_loss=0.021199447102844715
Online_Training [268/700]: mean_loss=0.014388125855475664
Online_Training [269/700]: mean_loss=0.06063849044342836
Online_Training [270/700]: mean_loss=0.06898874044418335
Online_Training [271/700]: mean_loss=0.05273640466233095
Online_Training [272/700]: mean_loss=0.13314214100440344
Online_Training [273/700]: mean_loss=0.06461383029818535
Online_Training [274/700]: mean_loss=0.11070369308193524
Online_Training [275/700]: mean_loss=0.06738553941249847
Online_Training [276/700]: mean_loss=0.060364725068211555
Online_Training [277/700]: mean_loss=0.03618978150188923
Online_Training [278/700]: mean_loss=0.13648938139279684
Online_Training [279/700]: mean_loss=0.02828987470517556
Online_Training [280/700]: mean_loss=0.1020972691476345
Online_Training [281/700]: mean_loss=0.05639342653254668
Online_Training [282/700]: mean_loss=0.04406597403188547
Online_Training [283/700]: mean_loss=0.05073455162346363
Online_Training [284/700]: mean_loss=0.2078685387969017
Online_Training [285/700]: mean_loss=0.14727516969045004
Online_Training [286/700]: mean_loss=0.11596003298958142
Online_Training [287/700]: mean_loss=0.07711189426481724
Online_Training [288/700]: mean_loss=0.0441385085384051
Online_Training [289/700]: mean_loss=0.13849470019340515
Online_Training [290/700]: mean_loss=0.09284580623110135
Online_Training [291/700]: mean_loss=0.12942923481265703
Online_Training [292/700]: mean_loss=0.028789939048389595
Online_Training [293/700]: mean_loss=0.02807364147156477
Online_Training [294/700]: mean_loss=0.07847251867254575
Online_Training [295/700]: mean_loss=0.07033506532510121
Online_Training [296/700]: mean_loss=0.030930853138367336
Online_Training [297/700]: mean_loss=0.10417421162128448
Online_Training [298/700]: mean_loss=0.07156583418448766
Online_Training [299/700]: mean_loss=0.03193613514304161
Online_Training [300/700]: mean_loss=0.06185424762467543
Online_Training [301/700]: mean_loss=0.01735921235134204
Online_Training [302/700]: mean_loss=0.08361764376362164
Online_Training [303/700]: mean_loss=0.03337695263326168
Online_Training [304/700]: mean_loss=0.022725972657402355
Online_Training [305/700]: mean_loss=0.017858429811894894
Online_Training [306/700]: mean_loss=0.08218688517808914
Online_Training [307/700]: mean_loss=0.03252016877134641
Online_Training [308/700]: mean_loss=0.026743195640544098
Online_Training [309/700]: mean_loss=0.027531289495527744
Online_Training [310/700]: mean_loss=0.04232692097624143
Online_Training [311/700]: mean_loss=0.04359798443814119
Online_Training [312/700]: mean_loss=0.1809670627117157
Online_Training [313/700]: mean_loss=0.044088443741202354
Online_Training [314/700]: mean_loss=0.03481530770659447
Online_Training [315/700]: mean_loss=0.03862973799308141
Online_Training [316/700]: mean_loss=0.15351781249046326
Online_Training [317/700]: mean_loss=0.03518670114378134
Online_Training [318/700]: mean_loss=0.1346607469022274
Online_Training [319/700]: mean_loss=0.032141040079295635
Online_Training [320/700]: mean_loss=0.01077561965212226
Online_Training [321/700]: mean_loss=0.11187882473071416
Online_Training [322/700]: mean_loss=0.1064709263543288
Online_Training [323/700]: mean_loss=0.12847907344500223
Online_Training [324/700]: mean_loss=0.03424744742612044
Online_Training [325/700]: mean_loss=0.02772510889917612
Online_Training [326/700]: mean_loss=0.04373396995166937
Online_Training [327/700]: mean_loss=0.0780130165318648
Online_Training [328/700]: mean_loss=0.028269866481423378
Online_Training [329/700]: mean_loss=0.04488351382315159
Online_Training [330/700]: mean_loss=0.1321241557598114
Online_Training [331/700]: mean_loss=0.02606995465854804
Online_Training [332/700]: mean_loss=0.045052015533049904
Online_Training [333/700]: mean_loss=0.04031729387740294
Online_Training [334/700]: mean_loss=0.028911692711214226
Online_Training [335/700]: mean_loss=0.11846467231710751
Online_Training [336/700]: mean_loss=0.04002054842809836
Online_Training [337/700]: mean_loss=0.05724163539707661
Online_Training [338/700]: mean_loss=0.038897872592012085
Online_Training [339/700]: mean_loss=0.02924577643473943
Online_Training [340/700]: mean_loss=0.05418152237931887
Online_Training [341/700]: mean_loss=0.023705519425372284
Online_Training [342/700]: mean_loss=0.12292362749576569
Online_Training [343/700]: mean_loss=0.03720158524811268
Online_Training [344/700]: mean_loss=0.0672832801938057
Online_Training [345/700]: mean_loss=0.0676966638614734
Online_Training [346/700]: mean_loss=0.08051969607671101
Online_Training [347/700]: mean_loss=0.08823328837752342
Online_Training [348/700]: mean_loss=0.09701801588137944
Online_Training [349/700]: mean_loss=0.12450320273637772
Online_Training [350/700]: mean_loss=0.12996302917599678
Online_Training [351/700]: mean_loss=0.5311757524808248
Online_Training [352/700]: mean_loss=0.05956511137386163
Online_Training [353/700]: mean_loss=0.10028967261314392
Online_Training [354/700]: mean_loss=0.02502739584694306
Online_Training [355/700]: mean_loss=0.014414724428206682
Online_Training [356/700]: mean_loss=0.04665969250102838
Online_Training [357/700]: mean_loss=0.018756873905658722
Online_Training [358/700]: mean_loss=0.15425864607095718
Online_Training [359/700]: mean_loss=0.10376611972848575
Online_Training [360/700]: mean_loss=0.20072105278571448
Online_Training [361/700]: mean_loss=0.11501115188002586
Online_Training [362/700]: mean_loss=0.03610921464860439
Online_Training [363/700]: mean_loss=0.029544054841001827
Online_Training [364/700]: mean_loss=0.04047544362644354
Online_Training [365/700]: mean_loss=0.06399828443924586
Online_Training [366/700]: mean_loss=0.04409847470621268
Online_Training [367/700]: mean_loss=0.031772674061357975
Online_Training [368/700]: mean_loss=0.2302059903740883
Online_Training [369/700]: mean_loss=0.021545863710343838
Online_Training [370/700]: mean_loss=0.08019293223818143
Online_Training [371/700]: mean_loss=0.048188394556442894
Online_Training [372/700]: mean_loss=0.018068474096556503
Online_Training [373/700]: mean_loss=0.14437912901242575
Online_Training [374/700]: mean_loss=0.03999128130575021
Online_Training [375/700]: mean_loss=0.021225268952548504
Online_Training [376/700]: mean_loss=0.04326095556219419
Online_Training [377/700]: mean_loss=0.03694356915851434
Online_Training [378/700]: mean_loss=0.04247484045724074
Online_Training [379/700]: mean_loss=0.040402213111519814
Online_Training [380/700]: mean_loss=0.037467422584692635
Online_Training [381/700]: mean_loss=0.03308938009043535
Online_Training [382/700]: mean_loss=0.04206771527727445
Online_Training [383/700]: mean_loss=0.2268212487300237
Online_Training [384/700]: mean_loss=0.08121154208978017
Online_Training [385/700]: mean_loss=0.06089408571521441
Online_Training [386/700]: mean_loss=0.013364959818621477
Online_Training [387/700]: mean_loss=0.026641803483168285
Online_Training [388/700]: mean_loss=0.14076164116462073
Online_Training [389/700]: mean_loss=0.17701874673366547
Online_Training [390/700]: mean_loss=0.03716565730671088
Online_Training [391/700]: mean_loss=0.029176433570683002
Online_Training [392/700]: mean_loss=0.02772519178688526
Online_Training [393/700]: mean_loss=0.028996914625167847
Online_Training [394/700]: mean_loss=0.03509327210485935
Online_Training [395/700]: mean_loss=0.033201951843996845
Online_Training [396/700]: mean_loss=0.015107532497495413
Online_Training [397/700]: mean_loss=0.027183557239671547
Online_Training [398/700]: mean_loss=0.07406487688422203
Online_Training [399/700]: mean_loss=0.018271987326443195
Online_Training [400/700]: mean_loss=0.027121372210482757
Online_Training [401/700]: mean_loss=0.0095868402471145
Online_Training [402/700]: mean_loss=0.039160613591472306
Online_Training [403/700]: mean_loss=0.06021858317156633
Online_Training [404/700]: mean_loss=0.03161784168332815
Online_Training [405/700]: mean_loss=0.05390045729776224
Online_Training [406/700]: mean_loss=0.10439741984009743
Online_Training [407/700]: mean_loss=0.03508375274638335
Online_Training [408/700]: mean_loss=0.0476301604261001
Online_Training [409/700]: mean_loss=0.029940946338077385
Online_Training [410/700]: mean_loss=0.04798555249969164
Online_Training [411/700]: mean_loss=0.07914554327726364
Online_Training [412/700]: mean_loss=0.037531555319825806
Online_Training [413/700]: mean_loss=0.05893090429405371
Online_Training [414/700]: mean_loss=0.03076215274631977
Online_Training [415/700]: mean_loss=0.12825005998214087
Online_Training [416/700]: mean_loss=0.027851119327048462
Online_Training [417/700]: mean_loss=0.029651749568680923
Online_Training [418/700]: mean_loss=0.06015347006420294
Online_Training [419/700]: mean_loss=0.036913263921936355
Online_Training [420/700]: mean_loss=0.03482220073541006
Online_Training [421/700]: mean_loss=0.04786619357764721
Online_Training [422/700]: mean_loss=0.1866384670138359
Online_Training [423/700]: mean_loss=0.01790936446438233
Online_Training [424/700]: mean_loss=0.06764616072177887
Online_Training [425/700]: mean_loss=0.03647712245583534
Online_Training [426/700]: mean_loss=0.040501886357863746
Online_Training [427/700]: mean_loss=0.08300227920214336
Online_Training [428/700]: mean_loss=0.10565068200230598
Online_Training [429/700]: mean_loss=0.08200217659274738
Online_Training [430/700]: mean_loss=0.0075320645701140165
Online_Training [431/700]: mean_loss=0.008309334749355912
Online_Training [432/700]: mean_loss=0.0618559525658687
Online_Training [433/700]: mean_loss=0.05636966601014137
Online_Training [434/700]: mean_loss=0.05243378443022569
Online_Training [435/700]: mean_loss=0.09247373913725217
Online_Training [436/700]: mean_loss=0.014212715129057566
Online_Training [437/700]: mean_loss=0.09724754343430202
Online_Training [438/700]: mean_loss=0.08275829876462619
Online_Training [439/700]: mean_loss=0.056014482552806534
Online_Training [440/700]: mean_loss=0.06769525508085887
Online_Training [441/700]: mean_loss=0.04765382098654906
Online_Training [442/700]: mean_loss=0.032208685763180256
Online_Training [443/700]: mean_loss=0.024489760709305603
Online_Training [444/700]: mean_loss=0.04017982259392738
Online_Training [445/700]: mean_loss=0.09378364309668541
Online_Training [446/700]: mean_loss=0.2024154638250669
Online_Training [447/700]: mean_loss=0.16905451814333597
Online_Training [448/700]: mean_loss=0.0863867737352848
Online_Training [449/700]: mean_loss=0.01845639230062564
Online_Training [450/700]: mean_loss=0.01345016248524189
Online_Training [451/700]: mean_loss=0.04175319770971934
Online_Training [452/700]: mean_loss=0.05735571992894014
Online_Training [453/700]: mean_loss=0.039800627157092094
Online_Training [454/700]: mean_loss=0.015196587424725294
Online_Training [455/700]: mean_loss=0.01019325495387117
Online_Training [456/700]: mean_loss=0.03791981687148412
Online_Training [457/700]: mean_loss=0.0980789785583814
Online_Training [458/700]: mean_loss=0.08228460823496182
Online_Training [459/700]: mean_loss=0.05578371696174145
Online_Training [460/700]: mean_loss=0.1405482143163681
Online_Training [461/700]: mean_loss=0.08287237460414569
Online_Training [462/700]: mean_loss=0.13511843731005987
Online_Training [463/700]: mean_loss=0.040052255615592
Online_Training [464/700]: mean_loss=0.07084524879852931
Online_Training [465/700]: mean_loss=0.032880327043433986
Online_Training [466/700]: mean_loss=0.06527986625830333
Online_Training [467/700]: mean_loss=0.0961137426396211
Online_Training [468/700]: mean_loss=0.05848340752224127
Online_Training [469/700]: mean_loss=0.015134675738712152
Online_Training [470/700]: mean_loss=0.04843643121421337
Online_Training [471/700]: mean_loss=0.02349259362866481
Online_Training [472/700]: mean_loss=0.018418435628215473
Online_Training [473/700]: mean_loss=0.04773127349714438
Online_Training [474/700]: mean_loss=0.040789018695553146
Online_Training [475/700]: mean_loss=0.05121824952463309
Online_Training [476/700]: mean_loss=0.027320117068787415
Online_Training [477/700]: mean_loss=0.03441839230557283
Online_Training [478/700]: mean_loss=0.007984355247269074
Online_Training [479/700]: mean_loss=0.10377708077430725
Online_Training [480/700]: mean_loss=0.010620740242302418
Online_Training [481/700]: mean_loss=0.06871845200657845
Online_Training [482/700]: mean_loss=0.0797984500726064
Online_Training [483/700]: mean_loss=0.0634301273773114
Online_Training [484/700]: mean_loss=0.010571666061878204
Online_Training [485/700]: mean_loss=0.0388894435018301
Online_Training [486/700]: mean_loss=0.10287598644693692
Online_Training [487/700]: mean_loss=0.06296271023650964
Online_Training [488/700]: mean_loss=0.053954375286897026
Online_Training [489/700]: mean_loss=0.0566750510285298
Online_Training [490/700]: mean_loss=0.014306037065883478
Online_Training [491/700]: mean_loss=0.031179380603134632
Online_Training [492/700]: mean_loss=0.06556480377912521
Online_Training [493/700]: mean_loss=0.014712862049539885
Online_Training [494/700]: mean_loss=0.06284474333127339
Online_Training [495/700]: mean_loss=0.07640227923790614
Online_Training [496/700]: mean_loss=0.061958170806368194
Online_Training [497/700]: mean_loss=0.02156665486594041
Online_Training [498/700]: mean_loss=0.021137619701524574
Online_Training [499/700]: mean_loss=0.08916633203625679
Online_Training [500/700]: mean_loss=0.018217797080675762
Online_Training [501/700]: mean_loss=0.027999734816451866
Online_Training [502/700]: mean_loss=0.032839213187495865
Online_Training [503/700]: mean_loss=0.02940300976236661
Online_Training [504/700]: mean_loss=0.05550513478616873
Online_Training [505/700]: mean_loss=0.04196608314911524
Online_Training [506/700]: mean_loss=0.05050320799152056
Online_Training [507/700]: mean_loss=0.025564109285672505
Online_Training [508/700]: mean_loss=0.04062488985558351
Online_Training [509/700]: mean_loss=0.07154942055543263
Online_Training [510/700]: mean_loss=0.11092183863123257
Online_Training [511/700]: mean_loss=0.08067631845672925
Online_Training [512/700]: mean_loss=0.05037622153759003
Online_Training [513/700]: mean_loss=0.045121691500147186
Online_Training [514/700]: mean_loss=0.0681755505502224
Online_Training [515/700]: mean_loss=0.09760371595621109
Online_Training [516/700]: mean_loss=0.0465668390194575
Online_Training [517/700]: mean_loss=0.08521692951520284
Online_Training [518/700]: mean_loss=0.01594001892954111
Online_Training [519/700]: mean_loss=0.04218910137812296
Online_Training [520/700]: mean_loss=0.0479752141982317
Online_Training [521/700]: mean_loss=0.06684811599552631
Online_Training [522/700]: mean_loss=0.1447456752260526
Online_Training [523/700]: mean_loss=0.06989991292357445
Online_Training [524/700]: mean_loss=0.05083506492276987
Online_Training [525/700]: mean_loss=0.04241633415222168
Online_Training [526/700]: mean_loss=0.05286211520433426
Online_Training [527/700]: mean_loss=0.13780978818734488
Online_Training [528/700]: mean_loss=0.07921671743194263
Online_Training [529/700]: mean_loss=0.04782916481296221
Online_Training [530/700]: mean_loss=0.10584002236525218
Online_Training [531/700]: mean_loss=0.03290501981973648
Online_Training [532/700]: mean_loss=0.04055368279417356
Online_Training [533/700]: mean_loss=0.07384845738609631
Online_Training [534/700]: mean_loss=0.04796519378821055
Online_Training [535/700]: mean_loss=0.029371645922462147
Online_Training [536/700]: mean_loss=0.023328781748811405
Online_Training [537/700]: mean_loss=0.03485421153406302
Online_Training [538/700]: mean_loss=0.09787371878822644
Online_Training [539/700]: mean_loss=0.08399076014757156
Online_Training [540/700]: mean_loss=0.04790812979141871
Online_Training [541/700]: mean_loss=0.16539684683084488
Online_Training [542/700]: mean_loss=0.07110562237600486
Online_Training [543/700]: mean_loss=0.15056749184926352
Online_Training [544/700]: mean_loss=0.035279261569182076
Online_Training [545/700]: mean_loss=0.043880692993601166
Online_Training [546/700]: mean_loss=0.01593974605202675
Online_Training [547/700]: mean_loss=0.08723954980572064
Online_Training [548/700]: mean_loss=0.1227137732009093
Online_Training [549/700]: mean_loss=0.021850045459965866
Online_Training [550/700]: mean_loss=0.03376199988027414
Online_Training [551/700]: mean_loss=0.00789804143520693
Online_Training [552/700]: mean_loss=0.03439973543087641
Online_Training [553/700]: mean_loss=0.027672164142131805
Online_Training [554/700]: mean_loss=0.03381561612089475
Online_Training [555/700]: mean_loss=0.05514294964571794
Online_Training [556/700]: mean_loss=0.030699214277168114
Online_Training [557/700]: mean_loss=0.045245026548703514
Online_Training [558/700]: mean_loss=0.03388164813319842
Online_Training [559/700]: mean_loss=0.024430468988915283
Online_Training [560/700]: mean_loss=0.049765036751826607
Online_Training [561/700]: mean_loss=0.05061697897811731
Online_Training [562/700]: mean_loss=0.04229583963751793
Online_Training [563/700]: mean_loss=0.04192928597331047
Online_Training [564/700]: mean_loss=0.027846400315562885
Online_Training [565/700]: mean_loss=0.1359699765841166
Online_Training [566/700]: mean_loss=0.044089715306957565
Online_Training [567/700]: mean_loss=0.020297722270091374
Online_Training [568/700]: mean_loss=0.01717641142507394
Online_Training [569/700]: mean_loss=0.12556630869706473
Online_Training [570/700]: mean_loss=0.03846675095458826
Online_Training [571/700]: mean_loss=0.009292439247171084
Online_Training [572/700]: mean_loss=0.0825600524743398
Online_Training [573/700]: mean_loss=0.02053335091720025
Online_Training [574/700]: mean_loss=0.06528578450282414
Online_Training [575/700]: mean_loss=0.10302164529760678
Online_Training [576/700]: mean_loss=0.09790376201272011
Online_Training [577/700]: mean_loss=0.13062568505605063
Online_Training [578/700]: mean_loss=0.038326105723778404
Online_Training [579/700]: mean_loss=0.033667437732219696
Online_Training [580/700]: mean_loss=0.03192978662749132
Online_Training [581/700]: mean_loss=0.041389750937620796
Online_Training [582/700]: mean_loss=0.021829337812960148
Online_Training [583/700]: mean_loss=0.05414476618170738
Online_Training [584/700]: mean_loss=0.021375624152521294
Online_Training [585/700]: mean_loss=0.10564470415314038
Online_Training [586/700]: mean_loss=0.025599354257186253
Online_Training [587/700]: mean_loss=0.09015907098849614
Online_Training [588/700]: mean_loss=0.0483268778771162
Online_Training [589/700]: mean_loss=0.12277206405997276
Online_Training [590/700]: mean_loss=0.0371090987076362
Online_Training [591/700]: mean_loss=0.07264167442917824
Online_Training [592/700]: mean_loss=0.0117710727887849
Online_Training [593/700]: mean_loss=0.07393224413196246
Online_Training [594/700]: mean_loss=0.03593630033234755
Online_Training [595/700]: mean_loss=0.07904336228966713
Online_Training [596/700]: mean_loss=0.030680401250720024
Online_Training [597/700]: mean_loss=0.03503459816177686
Online_Training [598/700]: mean_loss=0.05312543051938216
Online_Training [599/700]: mean_loss=0.020244209716717403
Online_Training [600/700]: mean_loss=0.04370821143190066
Online_Training [601/700]: mean_loss=0.04836617472271124
Online_Training [602/700]: mean_loss=0.1609970654050509
Online_Training [603/700]: mean_loss=0.38512398799260456
Online_Training [604/700]: mean_loss=0.024499553876618545
Online_Training [605/700]: mean_loss=0.09577772517999013
Online_Training [606/700]: mean_loss=0.04685034602880478
Online_Training [607/700]: mean_loss=0.04694769096871217
Online_Training [608/700]: mean_loss=0.035802304123838745
Online_Training [609/700]: mean_loss=0.053736177583535515
Online_Training [610/700]: mean_loss=0.03304323802391688
Online_Training [611/700]: mean_loss=0.08937458445628484
Online_Training [612/700]: mean_loss=0.029849923836688202
Online_Training [613/700]: mean_loss=0.07577561462918918
Online_Training [614/700]: mean_loss=0.06281792558729649
Online_Training [615/700]: mean_loss=0.05105170980095863
Online_Training [616/700]: mean_loss=0.12166382124026616
Online_Training [617/700]: mean_loss=0.04626607211927573
Online_Training [618/700]: mean_loss=0.06461530427138011
Online_Training [619/700]: mean_loss=0.04008481713632742
Online_Training [620/700]: mean_loss=0.016577346560855705
Online_Training [621/700]: mean_loss=0.025067110545933247
Online_Training [622/700]: mean_loss=0.07855613902211189
Online_Training [623/700]: mean_loss=0.18289866795142493
Online_Training [624/700]: mean_loss=0.07114715750018756
Online_Training [625/700]: mean_loss=0.056836711863676705
Online_Training [626/700]: mean_loss=0.03312632907181978
Online_Training [627/700]: mean_loss=0.042559087897340454
Online_Training [628/700]: mean_loss=0.13609335819880167
Online_Training [629/700]: mean_loss=0.062180918330947556
Online_Training [630/700]: mean_loss=0.17457111924886703
Online_Training [631/700]: mean_loss=0.01861525947848956
Online_Training [632/700]: mean_loss=0.2224900225798289
Online_Training [633/700]: mean_loss=0.04809147554139296
Online_Training [634/700]: mean_loss=0.011819591590513786
Online_Training [635/700]: mean_loss=0.022354362532496452
Online_Training [636/700]: mean_loss=0.05915351336201032
Online_Training [637/700]: mean_loss=0.01805179255704085
Online_Training [638/700]: mean_loss=0.03661867665747801
Online_Training [639/700]: mean_loss=0.16629758973916373
Online_Training [640/700]: mean_loss=0.03440448082983494
Online_Training [641/700]: mean_loss=0.03045826529463132
Online_Training [642/700]: mean_loss=0.03461213347812494
Online_Training [643/700]: mean_loss=0.03396264277398586
Online_Training [644/700]: mean_loss=0.06350894458591938
Online_Training [645/700]: mean_loss=0.030866557111342747
Online_Training [646/700]: mean_loss=0.03714523588617643
Online_Training [647/700]: mean_loss=0.018887773777047794
Online_Training [648/700]: mean_loss=0.03924004174768925
Online_Training [649/700]: mean_loss=0.05326713249087334
Online_Training [650/700]: mean_loss=0.058196415503819786
Online_Training [651/700]: mean_loss=0.03248336414496104
Online_Training [652/700]: mean_loss=0.0797393371661504
Online_Training [653/700]: mean_loss=0.07875921453038852
Online_Training [654/700]: mean_loss=0.027035177685320377
Online_Training [655/700]: mean_loss=0.1074083757897218
Online_Training [656/700]: mean_loss=0.030436111924548943
Online_Training [657/700]: mean_loss=0.057605390747388206
Online_Training [658/700]: mean_loss=0.02821128877500693
Online_Training [659/700]: mean_loss=0.0916581613322099
Online_Training [660/700]: mean_loss=0.0267130717014273
Online_Training [661/700]: mean_loss=0.06534050777554512
Online_Training [662/700]: mean_loss=0.07942242672046025
Online_Training [663/700]: mean_loss=0.12252675741910934
Online_Training [664/700]: mean_loss=0.039818852518995605
Online_Training [665/700]: mean_loss=0.07567514975865682
Online_Training [666/700]: mean_loss=0.02964803793778022
Online_Training [667/700]: mean_loss=0.05063538874189059
Online_Training [668/700]: mean_loss=0.07545098414023717
Online_Training [669/700]: mean_loss=0.04667027108371258
Online_Training [670/700]: mean_loss=0.014120031769076983
Online_Training [671/700]: mean_loss=0.04190381430089474
Online_Training [672/700]: mean_loss=0.09592133263746898
Online_Training [673/700]: mean_loss=0.2673118859529495
Online_Training [674/700]: mean_loss=0.038655235742529236
Online_Training [675/700]: mean_loss=0.13448003182808557
Online_Training [676/700]: mean_loss=0.03299381770193577
Online_Training [677/700]: mean_loss=0.05192918951312701
Online_Training [678/700]: mean_loss=0.0632798441996177
Online_Training [679/700]: mean_loss=0.11328318963448207
Online_Training [680/700]: mean_loss=0.034253242736061416
Online_Training [681/700]: mean_loss=0.030683385208249092
Online_Training [682/700]: mean_loss=0.048338603849212326
Online_Training [683/700]: mean_loss=0.03109356388449669
Online_Training [684/700]: mean_loss=0.02723706451555093
Online_Training [685/700]: mean_loss=0.06651107966899872
Online_Training [686/700]: mean_loss=0.015274411688248316
Online_Training [687/700]: mean_loss=0.023120164560774963
Online_Training [688/700]: mean_loss=0.06350477039813995
Online_Training [689/700]: mean_loss=0.032745590743919216
Online_Training [690/700]: mean_loss=0.07060250639915466
Online_Training [691/700]: mean_loss=0.0416534747928381
Online_Training [692/700]: mean_loss=0.08506578703721364
Online_Training [693/700]: mean_loss=0.014284727318833271
Online_Training [694/700]: mean_loss=0.03271576203405857
Online_Training [695/700]: mean_loss=0.07706921299298604
Online_Training [696/700]: mean_loss=0.0444671797255675
Online_Training [697/700]: mean_loss=0.12099947780370712
Online_Training [698/700]: mean_loss=0.04420906553665797
Online_Training [699/700]: mean_loss=0.04898796354730924
Online_Training [700/700]: mean_loss=0.06804031878709793
Number of Samples after Autoencoder testing: 300
First Spike after testing: [0.827533   0.36913425]
[0, 2, 2, 2, 1, 0, 2, 2, 2, 0, 2, 1, 0, 1, 1, 1, 0, 0, 1, 0, 1, 2, 0, 0, 1, 2, 2, 0, 2, 0, 1, 2, 2, 1, 2, 0, 2, 1, 0, 1, 1, 0, 2, 0, 1, 1, 1, 1, 1, 1, 0, 0, 2, 2, 2, 0, 0, 1, 2, 0, 1, 0, 0, 2, 0, 2, 1, 0, 1, 1, 0, 2, 2, 0, 0, 2, 1, 1, 0, 2, 1, 1, 2, 1, 2, 1, 0, 2, 2, 1, 1, 2, 1, 1, 2, 1, 0, 1, 2, 1, 1, 2, 1, 2, 0, 0, 1, 0, 2, 0, 2, 2, 1, 2, 1, 0, 1, 1, 2, 2, 2, 0, 1, 2, 0, 1, 1, 2, 2, 0, 1, 2, 2, 1, 2, 2, 0, 2, 2, 0, 2, 1, 2, 2, 0, 0, 0, 2, 0, 1, 0, 1, 0, 1, 2, 2, 2, 0, 2, 0, 1, 2, 1, 1, 0, 2, 0, 2, 2, 2, 1, 1, 1, 0, 0, 2, 2, 0, 2, 2, 2, 0, 2, 1, 2, 1, 0, 2, 2, 2, 0, 2, 0, 2, 1, 1, 2, 0, 2, 2, 1, 1, 0, 2, 1, 0, 0, 1, 1, 2, 0, 1, 2, 1, 2, 2, 2, 1, 2, 0, 1, 2, 1, 1, 1, 2, 2, 1, 2, 1, 1, 2, 1, 1, 2, 0, 2, 0, 1, 2, 1, 1, 1, 0, 1, 0, 2, 1, 0, 1, 2, 1, 1, 0, 1, 0, 0, 2, 2, 2, 2, 1, 2, 2, 1, 2, 1, 0, 0, 1, 0, 1, 0, 0, 0, 2, 0, 0, 2, 1, 2, 2, 0, 2, 2, 1, 2, 1, 2, 2, 0, 1, 1, 1, 1, 0, 0, 1, 0, 0]
[0, 1, 1, 1, 2, 0, 1, 1, 1, 0, 1, 2, 0, 2, 2, 2, 0, 0, 2, 0, 2, 1, 0, 0, 2, 1, 1, 1, 1, 0, 2, 1, 1, 2, 1, 0, 1, 2, 0, 2, 2, 0, 1, 0, 2, 2, 2, 2, 2, 2, 0, 0, 1, 1, 1, 0, 0, 2, 1, 0, 2, 0, 0, 1, 0, 0, 2, 0, 2, 2, 0, 1, 1, 1, 0, 1, 2, 2, 0, 1, 2, 2, 1, 2, 1, 2, 0, 1, 1, 2, 2, 1, 2, 2, 1, 2, 0, 2, 1, 2, 2, 1, 2, 1, 0, 0, 2, 0, 1, 1, 1, 1, 2, 1, 2, 0, 2, 2, 1, 1, 1, 0, 2, 1, 0, 2, 2, 1, 1, 0, 2, 1, 1, 2, 1, 1, 0, 1, 1, 0, 1, 2, 1, 1, 1, 0, 0, 1, 0, 2, 0, 2, 0, 2, 1, 1, 1, 0, 1, 0, 2, 1, 2, 2, 1, 1, 0, 1, 1, 1, 2, 2, 2, 0, 0, 1, 1, 0, 1, 1, 1, 0, 1, 1, 1, 2, 0, 1, 1, 1, 0, 1, 0, 1, 2, 2, 1, 0, 1, 1, 2, 2, 0, 1, 2, 0, 0, 2, 2, 1, 0, 2, 0, 2, 1, 1, 1, 2, 1, 0, 2, 1, 2, 2, 2, 1, 1, 2, 1, 2, 2, 1, 2, 2, 1, 0, 1, 0, 2, 1, 2, 2, 2, 0, 2, 0, 1, 2, 0, 2, 1, 2, 2, 0, 2, 0, 0, 1, 1, 1, 1, 2, 1, 1, 2, 1, 2, 0, 0, 2, 0, 2, 0, 0, 0, 1, 0, 0, 1, 2, 1, 1, 0, 1, 1, 2, 1, 2, 1, 1, 0, 2, 2, 2, 2, 0, 0, 2, 0, 0]
Centroids: [[0.70561975, 0.56178826], [-0.124319606, -1.504584], [-1.7453622, 1.7894324]]
Centroids: [[0.7881944, 0.51002485], [-1.751087, 1.7809417], [-0.096212566, -1.5217158]]
Contingency Matrix: 
[[ 80   5   0]
 [  0   1 102]
 [  2 110   0]]
[[80, 5, 0], [0, 1, 102], [2, 110, 0]]
[[80, 5, 0], [0, 1, 102], [2, 110, 0]]
[0, 1, 2]
[[80, -1, 0], [0, -1, 102], [-1, -1, -1]]
[[80, -1, -1], [-1, -1, -1], [-1, -1, -1]]
[[-1, -1, -1], [-1, -1, -1], [-1, -1, -1]]
Match_Labels: {2: 1, 1: 2, 0: 0}
New Contingency Matrix: 
[[ 80   0   5]
 [  0 102   1]
 [  2   0 110]]
New Clustered Label Sequence: [0, 2, 1]
Diagonal_Elements: [80, 102, 110], Sum: 292
All_Elements: [80, 0, 5, 0, 102, 1, 2, 0, 110], Sum: 300
Accuracy: 0.9733333333333334
