Seed: 1
Experiment_path: AE_Model_2/Random_Seeds//V5/Experiment_05_1
Dataset_Path: ../_00_Datasets/03_SimDaten_Quiroga2020/C_Easy1_noise035.mat
Dataset_name: ['03_SimDaten_Quiroga2020', 'C_Easy1_noise035.mat']
Variant_name: Variant_05_Online_Autoencoder_QLearning
Visualisation_Path: Random_Seeds//V5/Experiment_05_1/C_Easy1_noise035.mat/Variant_05_Online_Autoencoder_QLearning/2023_04_21-14_57_19
Normalisation: False
Template Matching: False
Optimising Autoencoder: False
Update Factor: 1
Noisy Batches: False
Noisy Factor: 0.1
Epochs: 8
Batch Size: 1
maximal Spikes for Autoencoder Training : 700
maximal Spikes for Training: 1000
Input Size: 47
Chosen Model: Convolutional Autoencoder
ConvolutionalAutoencoder(
  (encoder): Sequential(
    (0): Conv1d(1, 6, kernel_size=(6,), stride=(1,))
    (1): LeakyReLU(negative_slope=0.01)
    (2): Conv1d(6, 1, kernel_size=(6,), stride=(1,))
    (3): Flatten(start_dim=1, end_dim=-1)
    (4): Linear(in_features=37, out_features=2, bias=True)
  )
  (decoder): Sequential(
    (0): ConvTranspose1d(1, 6, kernel_size=(6,), stride=(1,))
    (1): LeakyReLU(negative_slope=0.01)
    (2): ConvTranspose1d(6, 1, kernel_size=(6,), stride=(1,))
    (3): Flatten(start_dim=1, end_dim=-1)
    (4): Linear(in_features=12, out_features=47, bias=True)
  )
)
MSELoss()
Adam (
Parameter Group 0
    amsgrad: False
    betas: (0.9, 0.999)
    capturable: False
    differentiable: False
    eps: 1e-08
    foreach: None
    fused: False
    lr: 0.001
    maximize: False
    weight_decay: 0
)
---Q Learning Parameters---
Normalisation: False
Punishment Coefficient: 1.5
Alpha: 0.8
Epsilon: 0.01
Gamma: 0.97
Initial Episode Number: 0
Episode Number Coefficient: 1.4
Number of Random Features: 20
Planning Number: 20
Max Random Features: 60
New Episode Number: 72
New Episode Number: 143
New Episode Number: 215
New Episode Number: 286
New Episode Number: 358
New Episode Number: 429
New Episode Number: 500
                 0       1      2      3       4       5      6      7
new_cluster -93.25 -104.24 -87.89 -88.24 -119.15 -134.24 -98.27 -86.72
c1          -93.12 -102.93 -87.01 -88.84 -121.04 -134.23 -95.43 -86.99
c2          -93.12 -103.31 -88.01 -89.15 -122.57 -134.24 -94.44 -86.60
c3          -93.19 -104.09 -88.83 -88.85 -120.06 -134.24 -94.03 -87.13
c4          -93.12 -105.94 -88.10 -88.86 -120.06 -134.27 -96.06 -86.41
c5          -93.29 -102.18 -86.95 -89.91 -120.65 -134.27 -97.63 -86.83
c6          -93.37 -105.55 -87.88 -88.91 -121.53 -134.23 -96.82 -87.09
c7          -93.19 -102.74 -89.51 -89.35 -120.00 -134.25 -94.73 -86.64
\begin{tabular}{lrrrrrrrr}
\toprule
{} &      0 &       1 &      2 &      3 &       4 &       5 &      6 &      7 \\
\midrule
new\_cluster & -93.25 & -104.24 & -87.89 & -88.24 & -119.15 & -134.24 & -98.27 & -86.72 \\
c1          & -93.12 & -102.93 & -87.01 & -88.84 & -121.04 & -134.23 & -95.43 & -86.99 \\
c2          & -93.12 & -103.31 & -88.01 & -89.15 & -122.57 & -134.24 & -94.44 & -86.60 \\
c3          & -93.19 & -104.09 & -88.83 & -88.85 & -120.06 & -134.24 & -94.03 & -87.13 \\
c4          & -93.12 & -105.94 & -88.10 & -88.86 & -120.06 & -134.27 & -96.06 & -86.41 \\
c5          & -93.29 & -102.18 & -86.95 & -89.91 & -120.65 & -134.27 & -97.63 & -86.83 \\
c6          & -93.37 & -105.55 & -87.88 & -88.91 & -121.53 & -134.23 & -96.82 & -87.09 \\
c7          & -93.19 & -102.74 & -89.51 & -89.35 & -120.00 & -134.25 & -94.73 & -86.64 \\
\bottomrule
\end{tabular}

                               0             1  ...             6            7
new_cluster  [-9.0, new_cluster]  [-19.71, c1]  ...  [-13.81, c6]  [-2.35, c7]
c1           [-9.0, new_cluster]   [-18.5, c1]  ...  [-10.95, c6]  [-2.78, c7]
c2           [-9.0, new_cluster]  [-18.27, c1]  ...  [-10.05, c6]  [-2.57, c7]
c3           [-9.0, new_cluster]  [-19.26, c1]  ...   [-9.54, c6]  [-2.78, c7]
c4           [-9.0, new_cluster]  [-21.55, c1]  ...  [-11.56, c6]  [-2.37, c7]
c5           [-9.0, new_cluster]  [-17.37, c1]  ...  [-13.16, c6]  [-2.57, c7]
c6           [-9.0, new_cluster]  [-21.03, c1]  ...   [-12.8, c6]  [-2.68, c7]
c7           [-9.0, new_cluster]  [-18.32, c1]  ...  [-10.42, c6]  [-2.77, c7]

[8 rows x 8 columns]
\begin{tabular}{lllllllll}
\toprule
{} &                    0 &             1 &            2 &            3 &             4 &             5 &             6 &            7 \\
\midrule
new\_cluster &  [-9.0, new\_cluster] &  [-19.71, c1] &  [-3.39, c2] &  [-3.77, c3] &  [-35.33, c4] &  [-50.02, c5] &  [-13.81, c6] &  [-2.35, c7] \\
c1          &  [-9.0, new\_cluster] &   [-18.5, c1] &  [-2.92, c2] &  [-4.32, c3] &  [-37.12, c4] &  [-50.02, c5] &  [-10.95, c6] &  [-2.78, c7] \\
c2          &  [-9.0, new\_cluster] &  [-18.27, c1] &  [-3.57, c2] &  [-4.62, c3] &  [-38.72, c4] &  [-50.02, c5] &  [-10.05, c6] &  [-2.57, c7] \\
c3          &  [-9.0, new\_cluster] &  [-19.26, c1] &  [-4.21, c2] &  [-4.33, c3] &  [-36.22, c4] &  [-50.02, c5] &   [-9.54, c6] &  [-2.78, c7] \\
c4          &  [-9.0, new\_cluster] &  [-21.55, c1] &  [-3.65, c2] &  [-4.16, c3] &  [-36.23, c4] &  [-50.02, c5] &  [-11.56, c6] &  [-2.37, c7] \\
c5          &  [-9.0, new\_cluster] &  [-17.37, c1] &  [-2.86, c2] &  [-5.28, c3] &   [-36.8, c4] &  [-50.02, c5] &  [-13.16, c6] &  [-2.57, c7] \\
c6          &  [-9.0, new\_cluster] &  [-21.03, c1] &  [-3.25, c2] &  [-4.29, c3] &   [-37.7, c4] &  [-50.02, c5] &   [-12.8, c6] &  [-2.68, c7] \\
c7          &  [-9.0, new\_cluster] &  [-18.32, c1] &   [-5.5, c2] &  [-4.82, c3] &  [-36.17, c4] &  [-50.02, c5] &  [-10.42, c6] &  [-2.77, c7] \\
\bottomrule
\end{tabular}

