Experiment_path: AE_Model_1/Random_Seeds_DV5//V5_2/Experiment_05_5_opt_temp
Dataset_Path: ../_00_Datasets/03_SimDaten_Quiroga2020/C_Drift_Easy2_noise015.mat
Dataset_name: ['03_SimDaten_Quiroga2020', 'C_Drift_Easy2_noise015.mat']
Variant_name: Variant_05_Online_Autoencoder_QLearning_opt_temp
Visualisation_Path: AE_Model_1/Random_Seeds_DV5//V5_2/Experiment_05_5_opt_temp/C_Drift_Easy2_noise015.mat/Variant_05_Online_Autoencoder_QLearning_opt_temp/2023_04_24-16_53_49
Punishment_Coefficient: 0.7
<_01_LoadDataset.ExternCode.spike_class.spike_dataclass object at 0x00000242A4560390>
Sampling rate: 24000.0
Raw: [-0.11406566 -0.12673582 -0.13859424 ... -0.1533925  -0.11314303
 -0.07599672]
Times: [    141    1662    1690 ... 1437394 1438167 1439221]
Cluster: [3 3 1 ... 1 3 1]
Number of different clusters:  3
Number of Spikes: 3444
First aligned Spike Frame: [-1.36998177e-01 -1.49794115e-01 -1.51139147e-01 -1.34027918e-01
 -1.09988960e-01 -9.86934846e-02 -1.08483729e-01 -1.27522960e-01
 -1.35591044e-01 -1.26517001e-01 -9.48742956e-02 -8.16393331e-04
  2.25765217e-01  5.72256463e-01  8.98736621e-01  1.04373325e+00
  9.77396764e-01  8.07455467e-01  6.41295597e-01  5.04504644e-01
  3.89667525e-01  2.93991016e-01  2.08446734e-01  1.08695180e-01
 -1.90255699e-02 -1.51076860e-01 -2.47294168e-01 -3.00867038e-01
 -3.38922213e-01 -3.74759690e-01 -3.88805853e-01 -3.48577503e-01
 -2.56264435e-01 -1.52199911e-01 -7.91585816e-02 -5.05132281e-02
 -5.44251469e-02 -6.88811373e-02 -7.02917794e-02 -5.09609752e-02
 -2.91934475e-02 -2.32878628e-02 -2.62245500e-02 -1.24323704e-02
  2.48287815e-02  6.36178972e-02  8.45690766e-02]
Cluster 0, Occurrences: 1142
Cluster 1, Occurrences: 1180
Cluster 2, Occurrences: 1122
Number of Clusters: 3
Online_Training [1/700]: mean_loss=0.17983289062976837
Online_Training [2/700]: mean_loss=0.1938898954540491
Online_Training [3/700]: mean_loss=0.3002454861998558
Online_Training [4/700]: mean_loss=0.12822521571069956
Online_Training [5/700]: mean_loss=0.17268164455890656
Online_Training [6/700]: mean_loss=0.16311401687562466
Online_Training [7/700]: mean_loss=0.06064222473651171
Online_Training [8/700]: mean_loss=0.10424151364713907
Online_Training [9/700]: mean_loss=0.14412008225917816
Online_Training [10/700]: mean_loss=0.13113506883382797
Online_Training [11/700]: mean_loss=0.0720610162243247
Online_Training [12/700]: mean_loss=0.0565093457698822
Online_Training [13/700]: mean_loss=0.11624100897461176
Online_Training [14/700]: mean_loss=0.15752964839339256
Online_Training [15/700]: mean_loss=0.08764811512082815
Online_Training [16/700]: mean_loss=0.10908054001629353
Online_Training [17/700]: mean_loss=0.06580543611198664
Online_Training [18/700]: mean_loss=0.1366068311035633
Online_Training [19/700]: mean_loss=0.045565211679786444
Online_Training [20/700]: mean_loss=0.1081771831959486
Online_Training [21/700]: mean_loss=0.03990712994709611
Online_Training [22/700]: mean_loss=0.09392805956304073
Online_Training [23/700]: mean_loss=0.05656501743942499
Online_Training [24/700]: mean_loss=0.1022401712834835
Online_Training [25/700]: mean_loss=0.05498964246362448
Online_Training [26/700]: mean_loss=0.1367182731628418
Online_Training [27/700]: mean_loss=0.12312854826450348
Online_Training [28/700]: mean_loss=0.08444374985992908
Online_Training [29/700]: mean_loss=0.054725336376577616
Online_Training [30/700]: mean_loss=0.07198826875537634
Online_Training [31/700]: mean_loss=0.11091502569615841
Online_Training [32/700]: mean_loss=0.050245318096131086
Online_Training [33/700]: mean_loss=0.03449802380055189
Online_Training [34/700]: mean_loss=0.04119056696072221
Online_Training [35/700]: mean_loss=0.0541657623834908
Online_Training [36/700]: mean_loss=0.04338077595457435
Online_Training [37/700]: mean_loss=0.051250741351395845
Online_Training [38/700]: mean_loss=0.07645370671525598
Online_Training [39/700]: mean_loss=0.07136787753552198
Online_Training [40/700]: mean_loss=0.05665899347513914
Online_Training [41/700]: mean_loss=0.049189645797014236
Online_Training [42/700]: mean_loss=0.021341696847230196
Online_Training [43/700]: mean_loss=0.03029399528168142
Online_Training [44/700]: mean_loss=0.03143588057719171
Online_Training [45/700]: mean_loss=0.023945932975038886
Online_Training [46/700]: mean_loss=0.043772061821073294
Online_Training [47/700]: mean_loss=0.01911321678198874
Online_Training [48/700]: mean_loss=0.021796715445816517
Online_Training [49/700]: mean_loss=0.017752497922629118
Online_Training [50/700]: mean_loss=0.04118062136694789
Online_Training [51/700]: mean_loss=0.06314040487632155
Online_Training [52/700]: mean_loss=0.014277146314270794
Online_Training [53/700]: mean_loss=0.03502100007608533
Online_Training [54/700]: mean_loss=0.01820074813440442
Online_Training [55/700]: mean_loss=0.040286903735250235
Online_Training [56/700]: mean_loss=0.019395112060010433
Online_Training [57/700]: mean_loss=0.030825783498585224
Online_Training [58/700]: mean_loss=0.042485018726438284
Online_Training [59/700]: mean_loss=0.02616005833260715
Online_Training [60/700]: mean_loss=0.038398842327296734
Online_Training [61/700]: mean_loss=0.04757922561839223
Online_Training [62/700]: mean_loss=0.11223449930548668
Online_Training [63/700]: mean_loss=0.051840261090546846
Online_Training [64/700]: mean_loss=0.031083001056686044
Online_Training [65/700]: mean_loss=0.028252090327441692
Online_Training [66/700]: mean_loss=0.023593519814312458
Online_Training [67/700]: mean_loss=0.04249623790383339
Online_Training [68/700]: mean_loss=0.04461057251319289
Online_Training [69/700]: mean_loss=0.06106952577829361
Online_Training [70/700]: mean_loss=0.02083740453235805
Online_Training [71/700]: mean_loss=0.010931230266578496
Online_Training [72/700]: mean_loss=0.03483702940866351
Online_Training [73/700]: mean_loss=0.028257945319637656
Online_Training [74/700]: mean_loss=0.0353789827786386
Online_Training [75/700]: mean_loss=0.013271744828671217
Online_Training [76/700]: mean_loss=0.057487820740789175
Online_Training [77/700]: mean_loss=0.02441042335703969
Online_Training [78/700]: mean_loss=0.0428711180575192
Online_Training [79/700]: mean_loss=0.0879933275282383
Online_Training [80/700]: mean_loss=0.07476675231009722
Online_Training [81/700]: mean_loss=0.014232785324566066
Online_Training [82/700]: mean_loss=0.0359949916601181
Online_Training [83/700]: mean_loss=0.029834003886207938
Online_Training [84/700]: mean_loss=0.015699461684562266
Online_Training [85/700]: mean_loss=0.051412851084023714
Online_Training [86/700]: mean_loss=0.024629116291180253
Online_Training [87/700]: mean_loss=0.09464757144451141
Online_Training [88/700]: mean_loss=0.020358016714453697
Online_Training [89/700]: mean_loss=0.02319661108776927
Online_Training [90/700]: mean_loss=0.07736983895301819
Online_Training [91/700]: mean_loss=0.00866940466221422
Online_Training [92/700]: mean_loss=0.015739745693281293
Online_Training [93/700]: mean_loss=0.04912754939869046
Online_Training [94/700]: mean_loss=0.016604967648163438
Online_Training [95/700]: mean_loss=0.012911552446894348
Online_Training [96/700]: mean_loss=0.045571773778647184
Online_Training [97/700]: mean_loss=0.01553554367274046
Online_Training [98/700]: mean_loss=0.008250990067608654
Online_Training [99/700]: mean_loss=0.11340048070997
Online_Training [100/700]: mean_loss=0.05205754330381751
Online_Training [101/700]: mean_loss=0.019696936011314392
Online_Training [102/700]: mean_loss=0.01953340764157474
Online_Training [103/700]: mean_loss=0.031110916752368212
Online_Training [104/700]: mean_loss=0.020464972127228975
Online_Training [105/700]: mean_loss=0.007308279338758439
Online_Training [106/700]: mean_loss=0.014208814478479326
Online_Training [107/700]: mean_loss=0.011915655224584043
Online_Training [108/700]: mean_loss=0.026058632880449295
Online_Training [109/700]: mean_loss=0.008978879312053323
Online_Training [110/700]: mean_loss=0.030933318426832557
Online_Training [111/700]: mean_loss=0.0349292722530663
Online_Training [112/700]: mean_loss=0.004729939624667168
Online_Training [113/700]: mean_loss=0.014933113008737564
Online_Training [114/700]: mean_loss=0.02468608459457755
Online_Training [115/700]: mean_loss=0.02230697264894843
Online_Training [116/700]: mean_loss=0.020921714371070266
Online_Training [117/700]: mean_loss=0.03889566287398338
Online_Training [118/700]: mean_loss=0.01370556850451976
Online_Training [119/700]: mean_loss=0.15027272701263428
Online_Training [120/700]: mean_loss=0.10997916292399168
Online_Training [121/700]: mean_loss=0.08557589538395405
Online_Training [122/700]: mean_loss=0.1551882941275835
Online_Training [123/700]: mean_loss=0.0342236019205302
Online_Training [124/700]: mean_loss=0.035335827851668
Online_Training [125/700]: mean_loss=0.044296646025031805
Online_Training [126/700]: mean_loss=0.012764966115355492
Online_Training [127/700]: mean_loss=0.059399694204330444
Online_Training [128/700]: mean_loss=0.03848979342728853
Online_Training [129/700]: mean_loss=0.08610665611922741
Online_Training [130/700]: mean_loss=0.027575059793889523
Online_Training [131/700]: mean_loss=0.07277366844937205
Online_Training [132/700]: mean_loss=0.014796431874856353
Online_Training [133/700]: mean_loss=0.02890626131556928
Online_Training [134/700]: mean_loss=0.01113534637261182
Online_Training [135/700]: mean_loss=0.02394572366029024
Online_Training [136/700]: mean_loss=0.006412874499801546
Online_Training [137/700]: mean_loss=0.015902392682619393
Online_Training [138/700]: mean_loss=0.028039695462211967
Online_Training [139/700]: mean_loss=0.0054659495945088565
Online_Training [140/700]: mean_loss=0.013491426361724734
Online_Training [141/700]: mean_loss=0.010523309116251767
Online_Training [142/700]: mean_loss=0.021536423126235604
Online_Training [143/700]: mean_loss=0.057550608180463314
Online_Training [144/700]: mean_loss=0.03743625013157725
Online_Training [145/700]: mean_loss=0.030711731407791376
Online_Training [146/700]: mean_loss=0.04959620675072074
Online_Training [147/700]: mean_loss=0.041285044979304075
Online_Training [148/700]: mean_loss=0.015095972921699286
Online_Training [149/700]: mean_loss=0.03420883067883551
Online_Training [150/700]: mean_loss=0.01759275607764721
Online_Training [151/700]: mean_loss=0.016092321136966348
Online_Training [152/700]: mean_loss=0.013759951223619282
Online_Training [153/700]: mean_loss=0.01577883993741125
Online_Training [154/700]: mean_loss=0.059187468606978655
Online_Training [155/700]: mean_loss=0.012302134418860078
Online_Training [156/700]: mean_loss=0.04547559702768922
Online_Training [157/700]: mean_loss=0.04864410264417529
Online_Training [158/700]: mean_loss=0.01751924166455865
Online_Training [159/700]: mean_loss=0.0035494147741701454
Online_Training [160/700]: mean_loss=0.025691451970487833
Online_Training [161/700]: mean_loss=0.025617557344958186
Online_Training [162/700]: mean_loss=0.019325828412547708
Online_Training [163/700]: mean_loss=0.024140615249052644
Online_Training [164/700]: mean_loss=0.017739518894813955
Online_Training [165/700]: mean_loss=0.012324401293881238
Online_Training [166/700]: mean_loss=0.04825213458389044
Online_Training [167/700]: mean_loss=0.02919913036748767
Online_Training [168/700]: mean_loss=0.020120711531490088
Online_Training [169/700]: mean_loss=0.011807606439106166
Online_Training [170/700]: mean_loss=0.03464194247499108
Online_Training [171/700]: mean_loss=0.014992107404395938
Online_Training [172/700]: mean_loss=0.022825715597718954
Online_Training [173/700]: mean_loss=0.0073179942555725574
Online_Training [174/700]: mean_loss=0.014423984102904797
Online_Training [175/700]: mean_loss=0.0100469981553033
Online_Training [176/700]: mean_loss=0.018094736384227872
Online_Training [177/700]: mean_loss=0.03506436990574002
Online_Training [178/700]: mean_loss=0.019878526218235493
Online_Training [179/700]: mean_loss=0.036182968178763986
Online_Training [180/700]: mean_loss=0.013839690131135285
Online_Training [181/700]: mean_loss=0.017118970397859812
Online_Training [182/700]: mean_loss=0.014128897455520928
Online_Training [183/700]: mean_loss=0.00955187575891614
Online_Training [184/700]: mean_loss=0.01251683768350631
Online_Training [185/700]: mean_loss=0.018303884891793132
Online_Training [186/700]: mean_loss=0.05353241600096226
Online_Training [187/700]: mean_loss=0.012658835970796645
Online_Training [188/700]: mean_loss=0.0372174633666873
Online_Training [189/700]: mean_loss=0.03899071738123894
Online_Training [190/700]: mean_loss=0.01354130869731307
Online_Training [191/700]: mean_loss=0.022138857748359442
Online_Training [192/700]: mean_loss=0.030000713653862476
Online_Training [193/700]: mean_loss=0.04043548181653023
Online_Training [194/700]: mean_loss=0.008608184638433158
Online_Training [195/700]: mean_loss=0.027231763349846005
Online_Training [196/700]: mean_loss=0.01773934136144817
Online_Training [197/700]: mean_loss=0.021647097310051322
Online_Training [198/700]: mean_loss=0.009050670836586505
Online_Training [199/700]: mean_loss=0.008103492669761181
Online_Training [200/700]: mean_loss=0.014582002069801092
Online_Training [201/700]: mean_loss=0.004060662497067824
Online_Training [202/700]: mean_loss=0.08299745060503483
Online_Training [203/700]: mean_loss=0.08249928336590528
Online_Training [204/700]: mean_loss=0.027724446495994925
Online_Training [205/700]: mean_loss=0.026786535745486617
Online_Training [206/700]: mean_loss=0.01090155087877065
Online_Training [207/700]: mean_loss=0.01933563663624227
Online_Training [208/700]: mean_loss=0.02195897465571761
Online_Training [209/700]: mean_loss=0.03268471593037248
Online_Training [210/700]: mean_loss=0.020515426760539412
Online_Training [211/700]: mean_loss=0.034478490706533194
Online_Training [212/700]: mean_loss=0.03466131631284952
Online_Training [213/700]: mean_loss=0.011948576662689447
Online_Training [214/700]: mean_loss=0.012089953059330583
Online_Training [215/700]: mean_loss=0.016083035967312753
Online_Training [216/700]: mean_loss=0.01845004502683878
Online_Training [217/700]: mean_loss=0.012602586764842272
Online_Training [218/700]: mean_loss=0.027538137044757605
Online_Training [219/700]: mean_loss=0.008381787512917072
Online_Training [220/700]: mean_loss=0.06764079490676522
Online_Training [221/700]: mean_loss=0.024259798461571336
Online_Training [222/700]: mean_loss=0.18095742911100388
Online_Training [223/700]: mean_loss=0.04723980138078332
Online_Training [224/700]: mean_loss=0.022754855686798692
Online_Training [225/700]: mean_loss=0.021750123938545585
Online_Training [226/700]: mean_loss=0.025017954176291823
Online_Training [227/700]: mean_loss=0.018542713718488812
Online_Training [228/700]: mean_loss=0.018978118430823088
Online_Training [229/700]: mean_loss=0.02207182627171278
Online_Training [230/700]: mean_loss=0.01189413364045322
Online_Training [231/700]: mean_loss=0.014065714436583221
Online_Training [232/700]: mean_loss=0.025676515186205506
Online_Training [233/700]: mean_loss=0.04554082499817014
Online_Training [234/700]: mean_loss=0.03725329088047147
Online_Training [235/700]: mean_loss=0.011397655587643385
Online_Training [236/700]: mean_loss=0.0332548248115927
Online_Training [237/700]: mean_loss=0.01801302353851497
Online_Training [238/700]: mean_loss=0.008613812562543899
Online_Training [239/700]: mean_loss=0.04332688916474581
Online_Training [240/700]: mean_loss=0.05777508486062288
Online_Training [241/700]: mean_loss=0.029708454152569175
Online_Training [242/700]: mean_loss=0.0342488712631166
Online_Training [243/700]: mean_loss=0.010464538354426622
Online_Training [244/700]: mean_loss=0.03357156319543719
Online_Training [245/700]: mean_loss=0.02081596781499684
Online_Training [246/700]: mean_loss=0.021285878028720617
Online_Training [247/700]: mean_loss=0.02560651022940874
Online_Training [248/700]: mean_loss=0.022882711607962847
Online_Training [249/700]: mean_loss=0.009146651136688888
Online_Training [250/700]: mean_loss=0.016899400274269283
Online_Training [251/700]: mean_loss=0.02231537248007953
Online_Training [252/700]: mean_loss=0.010074848192743957
Online_Training [253/700]: mean_loss=0.009753555757924914
Online_Training [254/700]: mean_loss=0.031116654397919774
Online_Training [255/700]: mean_loss=0.02202024986036122
Online_Training [256/700]: mean_loss=0.013984067714773118
Online_Training [257/700]: mean_loss=0.03113274066708982
Online_Training [258/700]: mean_loss=0.13475513271987438
Online_Training [259/700]: mean_loss=0.15667138062417507
Online_Training [260/700]: mean_loss=0.017820544075220823
Online_Training [261/700]: mean_loss=0.010727864573709667
Online_Training [262/700]: mean_loss=0.013989625149406493
Online_Training [263/700]: mean_loss=0.02928419318050146
Online_Training [264/700]: mean_loss=0.028561672195792198
Online_Training [265/700]: mean_loss=0.026822169544175267
Online_Training [266/700]: mean_loss=0.010233963024802506
Online_Training [267/700]: mean_loss=0.013834076118655503
Online_Training [268/700]: mean_loss=0.07578233070671558
Online_Training [269/700]: mean_loss=0.009465264272876084
Online_Training [270/700]: mean_loss=0.008813791442662477
Online_Training [271/700]: mean_loss=0.02074925124179572
Online_Training [272/700]: mean_loss=0.02266242983750999
Online_Training [273/700]: mean_loss=0.05438688863068819
Online_Training [274/700]: mean_loss=0.009518462757114321
Online_Training [275/700]: mean_loss=0.01295811403542757
Online_Training [276/700]: mean_loss=0.013596126693300903
Online_Training [277/700]: mean_loss=0.022563704289495945
Online_Training [278/700]: mean_loss=0.015776065294630826
Online_Training [279/700]: mean_loss=0.03275287873111665
Online_Training [280/700]: mean_loss=0.009204213274642825
Online_Training [281/700]: mean_loss=0.01859739562496543
Online_Training [282/700]: mean_loss=0.026793805183842778
Online_Training [283/700]: mean_loss=0.021854989463463426
Online_Training [284/700]: mean_loss=0.01797580160200596
Online_Training [285/700]: mean_loss=0.0140471700578928
Online_Training [286/700]: mean_loss=0.01119159406516701
Online_Training [287/700]: mean_loss=0.012788093299604952
Online_Training [288/700]: mean_loss=0.03136298339813948
Online_Training [289/700]: mean_loss=0.014632549369707704
Online_Training [290/700]: mean_loss=0.031890723621472716
Online_Training [291/700]: mean_loss=0.018866529338993132
Online_Training [292/700]: mean_loss=0.006956865836400539
Online_Training [293/700]: mean_loss=0.0357572827488184
Online_Training [294/700]: mean_loss=0.014807186205871403
Online_Training [295/700]: mean_loss=0.009409862919710577
Online_Training [296/700]: mean_loss=0.03514422615990043
Online_Training [297/700]: mean_loss=0.02049181587062776
Online_Training [298/700]: mean_loss=0.02223717560991645
Online_Training [299/700]: mean_loss=0.053815489169210196
Online_Training [300/700]: mean_loss=0.009497648919932544
Online_Training [301/700]: mean_loss=0.013485994888469577
Online_Training [302/700]: mean_loss=0.008656757418066263
Online_Training [303/700]: mean_loss=0.023678545840084553
Online_Training [304/700]: mean_loss=0.04992579761892557
Online_Training [305/700]: mean_loss=0.007055357389617711
Online_Training [306/700]: mean_loss=0.036787353688851
Online_Training [307/700]: mean_loss=0.013180040288716555
Online_Training [308/700]: mean_loss=0.026567680295556784
Online_Training [309/700]: mean_loss=0.014297408983111382
Online_Training [310/700]: mean_loss=0.021086816675961018
Online_Training [311/700]: mean_loss=0.00957638764521107
Online_Training [312/700]: mean_loss=0.026940666371956468
Online_Training [313/700]: mean_loss=0.02181221265345812
Online_Training [314/700]: mean_loss=0.01883332314901054
Online_Training [315/700]: mean_loss=0.018749800277873874
Online_Training [316/700]: mean_loss=0.02855589217506349
Online_Training [317/700]: mean_loss=0.020885040517896414
Online_Training [318/700]: mean_loss=0.023709737230092287
Online_Training [319/700]: mean_loss=0.008032122859731317
Online_Training [320/700]: mean_loss=0.03128662961535156
Online_Training [321/700]: mean_loss=0.03614047868177295
Online_Training [322/700]: mean_loss=0.07468012347817421
Online_Training [323/700]: mean_loss=0.08369288267567754
Online_Training [324/700]: mean_loss=0.08428094256669283
Online_Training [325/700]: mean_loss=0.09109489433467388
Online_Training [326/700]: mean_loss=0.03555175196379423
Online_Training [327/700]: mean_loss=0.032881394028663635
Online_Training [328/700]: mean_loss=0.029155679512768984
Online_Training [329/700]: mean_loss=0.016243642894551158
Online_Training [330/700]: mean_loss=0.015936927404254675
Online_Training [331/700]: mean_loss=0.15496324375271797
Online_Training [332/700]: mean_loss=0.3758709616959095
Online_Training [333/700]: mean_loss=0.03970909537747502
Online_Training [334/700]: mean_loss=0.03282014676369727
Online_Training [335/700]: mean_loss=0.03179734549485147
Online_Training [336/700]: mean_loss=0.01650548621546477
Online_Training [337/700]: mean_loss=0.03828061372041702
Online_Training [338/700]: mean_loss=0.07022774592041969
Online_Training [339/700]: mean_loss=0.04720856202766299
Online_Training [340/700]: mean_loss=0.01667256816290319
Online_Training [341/700]: mean_loss=0.024231925839558244
Online_Training [342/700]: mean_loss=0.020645471522584558
Online_Training [343/700]: mean_loss=0.03165935189463198
Online_Training [344/700]: mean_loss=0.0163161545060575
Online_Training [345/700]: mean_loss=0.04102144902572036
Online_Training [346/700]: mean_loss=0.01873735198751092
Online_Training [347/700]: mean_loss=0.0144166206009686
Online_Training [348/700]: mean_loss=0.008806559373624623
Online_Training [349/700]: mean_loss=0.0808665519580245
Online_Training [350/700]: mean_loss=0.102485247887671
Online_Training [351/700]: mean_loss=0.022902600234374404
Online_Training [352/700]: mean_loss=0.04153834795579314
Online_Training [353/700]: mean_loss=0.0769828874617815
Online_Training [354/700]: mean_loss=0.041006103390827775
Online_Training [355/700]: mean_loss=0.009265423635952175
Online_Training [356/700]: mean_loss=0.043268763925880194
Online_Training [357/700]: mean_loss=0.02686891844496131
Online_Training [358/700]: mean_loss=0.017465724609792233
Online_Training [359/700]: mean_loss=0.01551498135086149
Online_Training [360/700]: mean_loss=0.02400609292089939
Online_Training [361/700]: mean_loss=0.023072389652952552
Online_Training [362/700]: mean_loss=0.008515896741300821
Online_Training [363/700]: mean_loss=0.013016430893912911
Online_Training [364/700]: mean_loss=0.023985897889360785
Online_Training [365/700]: mean_loss=0.03292047209106386
Online_Training [366/700]: mean_loss=0.0032805249793455005
Online_Training [367/700]: mean_loss=0.016995519516058266
Online_Training [368/700]: mean_loss=0.03309670835733414
Online_Training [369/700]: mean_loss=0.029905744129791856
Online_Training [370/700]: mean_loss=0.013358140015043318
Online_Training [371/700]: mean_loss=0.05291362106800079
Online_Training [372/700]: mean_loss=0.01257993618492037
Online_Training [373/700]: mean_loss=0.03478614124469459
Online_Training [374/700]: mean_loss=0.008914026315324008
Online_Training [375/700]: mean_loss=0.025260526221245527
Online_Training [376/700]: mean_loss=0.03915706695988774
Online_Training [377/700]: mean_loss=0.013478818931616843
Online_Training [378/700]: mean_loss=0.01455269823782146
Online_Training [379/700]: mean_loss=0.01480824186000973
Online_Training [380/700]: mean_loss=0.01725775422528386
Online_Training [381/700]: mean_loss=0.011776170926168561
Online_Training [382/700]: mean_loss=0.010752195958048105
Online_Training [383/700]: mean_loss=0.015128108556382358
Online_Training [384/700]: mean_loss=0.022903719218447804
Online_Training [385/700]: mean_loss=0.008690874965395778
Online_Training [386/700]: mean_loss=0.03013068879954517
Online_Training [387/700]: mean_loss=0.016692729433998466
Online_Training [388/700]: mean_loss=0.01097049773670733
Online_Training [389/700]: mean_loss=0.021648799069225788
Online_Training [390/700]: mean_loss=0.021702692843973637
Online_Training [391/700]: mean_loss=0.01987423561513424
Online_Training [392/700]: mean_loss=0.008590827172156423
Online_Training [393/700]: mean_loss=0.01657696475740522
Online_Training [394/700]: mean_loss=0.016628987505100667
Online_Training [395/700]: mean_loss=0.00843914644792676
Online_Training [396/700]: mean_loss=0.02231238898821175
Online_Training [397/700]: mean_loss=0.03620414575561881
Online_Training [398/700]: mean_loss=0.0104077213909477
Online_Training [399/700]: mean_loss=0.01319699827581644
Online_Training [400/700]: mean_loss=0.06100025773048401
Online_Training [401/700]: mean_loss=0.005905937752686441
Online_Training [402/700]: mean_loss=0.03121690987609327
Online_Training [403/700]: mean_loss=0.015357378753833473
Online_Training [404/700]: mean_loss=0.010920966393314302
Online_Training [405/700]: mean_loss=0.04463524371385574
Online_Training [406/700]: mean_loss=0.01188912137877196
Online_Training [407/700]: mean_loss=0.010556600405834615
Online_Training [408/700]: mean_loss=0.013382409350015223
Online_Training [409/700]: mean_loss=0.03258117334917188
Online_Training [410/700]: mean_loss=0.022013507317751646
Online_Training [411/700]: mean_loss=0.025037073763087392
Online_Training [412/700]: mean_loss=0.01428048952948302
Online_Training [413/700]: mean_loss=0.024374220287427306
Online_Training [414/700]: mean_loss=0.013622676720842719
Online_Training [415/700]: mean_loss=0.021589825628325343
Online_Training [416/700]: mean_loss=0.004339055245509371
Online_Training [417/700]: mean_loss=0.009992355015128851
Online_Training [418/700]: mean_loss=0.008066732436418533
Online_Training [419/700]: mean_loss=0.00846359203569591
Online_Training [420/700]: mean_loss=0.01863611559383571
Online_Training [421/700]: mean_loss=0.00896481133531779
Online_Training [422/700]: mean_loss=0.005344976903870702
Online_Training [423/700]: mean_loss=0.004553195321932435
Online_Training [424/700]: mean_loss=0.013567071873694658
Online_Training [425/700]: mean_loss=0.013733605155721307
Online_Training [426/700]: mean_loss=0.016864378238096833
Online_Training [427/700]: mean_loss=0.003840576682705432
Online_Training [428/700]: mean_loss=0.012395642348565161
Online_Training [429/700]: mean_loss=0.025483459001407027
Online_Training [430/700]: mean_loss=0.028406182071194053
Online_Training [431/700]: mean_loss=0.023293860256671906
Online_Training [432/700]: mean_loss=0.0185036004986614
Online_Training [433/700]: mean_loss=0.03382677165791392
Online_Training [434/700]: mean_loss=0.009239024366252124
Online_Training [435/700]: mean_loss=0.007600496814120561
Online_Training [436/700]: mean_loss=0.016625019838102162
Online_Training [437/700]: mean_loss=0.005507095251232386
Online_Training [438/700]: mean_loss=0.01687722560018301
Online_Training [439/700]: mean_loss=0.01455490686930716
Online_Training [440/700]: mean_loss=0.014381641172803938
Online_Training [441/700]: mean_loss=0.02597762644290924
Online_Training [442/700]: mean_loss=0.049820500891655684
Online_Training [443/700]: mean_loss=0.024889961117878556
Online_Training [444/700]: mean_loss=0.009906914900057018
Online_Training [445/700]: mean_loss=0.014844926772639155
Online_Training [446/700]: mean_loss=0.02657165308482945
Online_Training [447/700]: mean_loss=0.007317819865420461
Online_Training [448/700]: mean_loss=0.08943928498774767
Online_Training [449/700]: mean_loss=0.20059155486524105
Online_Training [450/700]: mean_loss=0.019256686558946967
Online_Training [451/700]: mean_loss=0.018781800754368305
Online_Training [452/700]: mean_loss=0.0162194415461272
Online_Training [453/700]: mean_loss=0.03869885625317693
Online_Training [454/700]: mean_loss=0.009724669042043388
Online_Training [455/700]: mean_loss=0.0122159383026883
Online_Training [456/700]: mean_loss=0.03469886630773544
Online_Training [457/700]: mean_loss=0.008172546979039907
Online_Training [458/700]: mean_loss=0.008421329490374774
Online_Training [459/700]: mean_loss=0.01606502174399793
Online_Training [460/700]: mean_loss=0.02313698036596179
Online_Training [461/700]: mean_loss=0.02088831434957683
Online_Training [462/700]: mean_loss=0.016794814146123827
Online_Training [463/700]: mean_loss=0.008713339921087027
Online_Training [464/700]: mean_loss=0.018149867421016097
Online_Training [465/700]: mean_loss=0.020844797370955348
Online_Training [466/700]: mean_loss=0.020456713857129216
Online_Training [467/700]: mean_loss=0.030918441014364362
Online_Training [468/700]: mean_loss=0.02478402224369347
Online_Training [469/700]: mean_loss=0.018994926940649748
Online_Training [470/700]: mean_loss=0.01955717825330794
Online_Training [471/700]: mean_loss=0.012390412506647408
Online_Training [472/700]: mean_loss=0.02322526089847088
Online_Training [473/700]: mean_loss=0.008136577904224396
Online_Training [474/700]: mean_loss=0.006702402723021805
Online_Training [475/700]: mean_loss=0.009595106123015285
Online_Training [476/700]: mean_loss=0.0036312468291725963
Online_Training [477/700]: mean_loss=0.022661090595647693
Online_Training [478/700]: mean_loss=0.006972975737880915
Online_Training [479/700]: mean_loss=0.002268018142785877
Online_Training [480/700]: mean_loss=0.008652518270537257
Online_Training [481/700]: mean_loss=0.007906697632279247
Online_Training [482/700]: mean_loss=0.008578016189858317
Online_Training [483/700]: mean_loss=0.09099653456360102
Online_Training [484/700]: mean_loss=0.11615777108818293
Online_Training [485/700]: mean_loss=0.06912591261789203
Online_Training [486/700]: mean_loss=0.012878413428552449
Online_Training [487/700]: mean_loss=0.023566178511828184
Online_Training [488/700]: mean_loss=0.00760750868357718
Online_Training [489/700]: mean_loss=0.018396604689769447
Online_Training [490/700]: mean_loss=0.07468854170292616
Online_Training [491/700]: mean_loss=0.011260770610533655
Online_Training [492/700]: mean_loss=0.02862457185983658
Online_Training [493/700]: mean_loss=0.016080733039416373
Online_Training [494/700]: mean_loss=0.03151832288131118
Online_Training [495/700]: mean_loss=0.03744478174485266
Online_Training [496/700]: mean_loss=0.02246685978025198
Online_Training [497/700]: mean_loss=0.014531968045048416
Online_Training [498/700]: mean_loss=0.010287234443239868
Online_Training [499/700]: mean_loss=0.0027432043862063438
Online_Training [500/700]: mean_loss=0.031399848172441125
Online_Training [501/700]: mean_loss=0.0199705739505589
Online_Training [502/700]: mean_loss=0.00601826241472736
Online_Training [503/700]: mean_loss=0.03135069808922708
Online_Training [504/700]: mean_loss=0.01826057955622673
Online_Training [505/700]: mean_loss=0.10254331957548857
Online_Training [506/700]: mean_loss=0.12353959679603577
Online_Training [507/700]: mean_loss=0.014594350825063884
Online_Training [508/700]: mean_loss=0.030595225049182773
Online_Training [509/700]: mean_loss=0.011496477294713259
Online_Training [510/700]: mean_loss=0.07685569673776627
Online_Training [511/700]: mean_loss=0.010670855874195695
Online_Training [512/700]: mean_loss=0.018895710352808237
Online_Training [513/700]: mean_loss=0.01717882719822228
Online_Training [514/700]: mean_loss=0.005207100184634328
Online_Training [515/700]: mean_loss=0.014206174528226256
Online_Training [516/700]: mean_loss=0.005888689367566258
Online_Training [517/700]: mean_loss=0.012707570800557733
Online_Training [518/700]: mean_loss=0.009990571299567819
Online_Training [519/700]: mean_loss=0.02836292376741767
Online_Training [520/700]: mean_loss=0.03192261978983879
Online_Training [521/700]: mean_loss=0.011035380652174354
Online_Training [522/700]: mean_loss=0.025631947442889214
Online_Training [523/700]: mean_loss=0.01773787708953023
Online_Training [524/700]: mean_loss=0.013663348741829395
Online_Training [525/700]: mean_loss=0.024759928230196238
Online_Training [526/700]: mean_loss=0.011449726764112711
Online_Training [527/700]: mean_loss=0.018070719437673688
Online_Training [528/700]: mean_loss=0.04461574461311102
Online_Training [529/700]: mean_loss=0.016146412235684693
Online_Training [530/700]: mean_loss=0.008415240503381938
Online_Training [531/700]: mean_loss=0.011643848149105906
Online_Training [532/700]: mean_loss=0.020776171470060945
Online_Training [533/700]: mean_loss=0.02067610388621688
Online_Training [534/700]: mean_loss=0.02448287350125611
Online_Training [535/700]: mean_loss=0.028784909518435597
Online_Training [536/700]: mean_loss=0.017185925040394068
Online_Training [537/700]: mean_loss=0.01961775671225041
Online_Training [538/700]: mean_loss=0.022215328877791762
Online_Training [539/700]: mean_loss=0.017907943576574326
Online_Training [540/700]: mean_loss=0.029096147743985057
Online_Training [541/700]: mean_loss=0.01367918704636395
Online_Training [542/700]: mean_loss=0.023915747413411736
Online_Training [543/700]: mean_loss=0.037285783095285296
Online_Training [544/700]: mean_loss=0.012778025236912072
Online_Training [545/700]: mean_loss=0.0213589770719409
Online_Training [546/700]: mean_loss=0.01992340199649334
Online_Training [547/700]: mean_loss=0.008669431903399527
Online_Training [548/700]: mean_loss=0.014034494757652283
Online_Training [549/700]: mean_loss=0.05941011290997267
Online_Training [550/700]: mean_loss=0.018878211500123143
Online_Training [551/700]: mean_loss=0.013863314699847251
Online_Training [552/700]: mean_loss=0.02269844990223646
Online_Training [553/700]: mean_loss=0.03643734334036708
Online_Training [554/700]: mean_loss=0.02770346263423562
Online_Training [555/700]: mean_loss=0.007978946203365922
Online_Training [556/700]: mean_loss=0.017808694625273347
Online_Training [557/700]: mean_loss=0.016437878599390388
Online_Training [558/700]: mean_loss=0.01965082949027419
Online_Training [559/700]: mean_loss=0.0046803305158391595
Online_Training [560/700]: mean_loss=0.02054216549731791
Online_Training [561/700]: mean_loss=0.01699919195380062
Online_Training [562/700]: mean_loss=0.002768688922515139
Online_Training [563/700]: mean_loss=0.00903600500896573
Online_Training [564/700]: mean_loss=0.024726211791858077
Online_Training [565/700]: mean_loss=0.016466850182041526
Online_Training [566/700]: mean_loss=0.019132530316710472
Online_Training [567/700]: mean_loss=0.009493892430327833
Online_Training [568/700]: mean_loss=0.03455193410627544
Online_Training [569/700]: mean_loss=0.034481413662433624
Online_Training [570/700]: mean_loss=0.01621944853104651
Online_Training [571/700]: mean_loss=0.013932518078945577
Online_Training [572/700]: mean_loss=0.03501203563064337
Online_Training [573/700]: mean_loss=0.019370764726772904
Online_Training [574/700]: mean_loss=0.014091747114434838
Online_Training [575/700]: mean_loss=0.025309228571131825
Online_Training [576/700]: mean_loss=0.007529069553129375
Online_Training [577/700]: mean_loss=0.009277457022108138
Online_Training [578/700]: mean_loss=0.012356325867585838
Online_Training [579/700]: mean_loss=0.00843396014533937
Online_Training [580/700]: mean_loss=0.022699079243466258
Online_Training [581/700]: mean_loss=0.004025870992336422
Online_Training [582/700]: mean_loss=0.007133113802410662
Online_Training [583/700]: mean_loss=0.012526215170510113
Online_Training [584/700]: mean_loss=0.012757280957885087
Online_Training [585/700]: mean_loss=0.03773157810792327
Online_Training [586/700]: mean_loss=0.02207712666131556
Online_Training [587/700]: mean_loss=0.019605614244937897
Online_Training [588/700]: mean_loss=0.026346711674705148
Online_Training [589/700]: mean_loss=0.007648483093362302
Online_Training [590/700]: mean_loss=0.017930816626176238
Online_Training [591/700]: mean_loss=0.011747659533284605
Online_Training [592/700]: mean_loss=0.008577412576414645
Online_Training [593/700]: mean_loss=0.031840689247474074
Online_Training [594/700]: mean_loss=0.01348073035478592
Online_Training [595/700]: mean_loss=0.0063874516054056585
Online_Training [596/700]: mean_loss=0.00780506560113281
Online_Training [597/700]: mean_loss=0.008002152317203581
Online_Training [598/700]: mean_loss=0.014006135053932667
Online_Training [599/700]: mean_loss=0.011010177782736719
Online_Training [600/700]: mean_loss=0.03300949465483427
Online_Training [601/700]: mean_loss=0.03727469826117158
Online_Training [602/700]: mean_loss=0.009340258780866861
Online_Training [603/700]: mean_loss=0.008722412341739982
Online_Training [604/700]: mean_loss=0.015592185780405998
Online_Training [605/700]: mean_loss=0.010574026615358889
Online_Training [606/700]: mean_loss=0.01458465843461454
Online_Training [607/700]: mean_loss=0.014139078324660659
Online_Training [608/700]: mean_loss=0.00735362886916846
Online_Training [609/700]: mean_loss=0.0147470582742244
Online_Training [610/700]: mean_loss=0.02792310807853937
Online_Training [611/700]: mean_loss=0.01932920445688069
Online_Training [612/700]: mean_loss=0.027909023920074105
Online_Training [613/700]: mean_loss=0.009329700493253767
Online_Training [614/700]: mean_loss=0.026082308497279882
Online_Training [615/700]: mean_loss=0.01235529500991106
Online_Training [616/700]: mean_loss=0.0231508263386786
Online_Training [617/700]: mean_loss=0.01369122858159244
Online_Training [618/700]: mean_loss=0.006722529127728194
Online_Training [619/700]: mean_loss=0.007193060300778598
Online_Training [620/700]: mean_loss=0.00907373963855207
Online_Training [621/700]: mean_loss=0.024464315734803677
Online_Training [622/700]: mean_loss=0.013545086840167642
Online_Training [623/700]: mean_loss=0.025294112041592598
Online_Training [624/700]: mean_loss=0.025835735024884343
Online_Training [625/700]: mean_loss=0.009392441366799176
Online_Training [626/700]: mean_loss=0.026189211755990982
Online_Training [627/700]: mean_loss=0.03094018390402198
Online_Training [628/700]: mean_loss=0.013360266340896487
Online_Training [629/700]: mean_loss=0.03715898608788848
Online_Training [630/700]: mean_loss=0.007042393961455673
Online_Training [631/700]: mean_loss=0.014636540901847184
Online_Training [632/700]: mean_loss=0.017591282492503524
Online_Training [633/700]: mean_loss=0.01490587426815182
Online_Training [634/700]: mean_loss=0.007203195535112172
Online_Training [635/700]: mean_loss=0.008540285984054208
Online_Training [636/700]: mean_loss=0.020267853746190667
Online_Training [637/700]: mean_loss=0.01221522327978164
Online_Training [638/700]: mean_loss=0.023536319145932794
Online_Training [639/700]: mean_loss=0.016885946039110422
Online_Training [640/700]: mean_loss=0.020190609619021416
Online_Training [641/700]: mean_loss=0.026475971564650536
Online_Training [642/700]: mean_loss=0.03154162620194256
Online_Training [643/700]: mean_loss=0.009590865694917738
Online_Training [644/700]: mean_loss=0.004801129922270775
Online_Training [645/700]: mean_loss=0.01862191129475832
Online_Training [646/700]: mean_loss=0.03223949810490012
Online_Training [647/700]: mean_loss=0.06480747321620584
Online_Training [648/700]: mean_loss=0.01300084835384041
Online_Training [649/700]: mean_loss=0.0223789953161031
Online_Training [650/700]: mean_loss=0.0425250343978405
Online_Training [651/700]: mean_loss=0.014922860893420875
Online_Training [652/700]: mean_loss=0.012690808158367872
Online_Training [653/700]: mean_loss=0.0128161427564919
Online_Training [654/700]: mean_loss=0.014797586016356945
Online_Training [655/700]: mean_loss=0.01827740971930325
Online_Training [656/700]: mean_loss=0.010978461359627545
Online_Training [657/700]: mean_loss=0.06121476273983717
Online_Training [658/700]: mean_loss=0.04664267785847187
Online_Training [659/700]: mean_loss=0.020490351365879178
Online_Training [660/700]: mean_loss=0.031210950575768948
Online_Training [661/700]: mean_loss=0.034149148501455784
Online_Training [662/700]: mean_loss=0.014681177330203354
Online_Training [663/700]: mean_loss=0.03794492827728391
Online_Training [664/700]: mean_loss=0.03307745326310396
Online_Training [665/700]: mean_loss=0.009564581327140331
Online_Training [666/700]: mean_loss=0.03530882764607668
Online_Training [667/700]: mean_loss=0.010856103850528598
Online_Training [668/700]: mean_loss=0.017898850957863033
Online_Training [669/700]: mean_loss=0.14206633903086185
Online_Training [670/700]: mean_loss=0.04832447925582528
Online_Training [671/700]: mean_loss=0.031024827621877193
Online_Training [672/700]: mean_loss=0.023706058505922556
Online_Training [673/700]: mean_loss=0.025634191697463393
Online_Training [674/700]: mean_loss=0.017595211160369217
Online_Training [675/700]: mean_loss=0.01123006152920425
Online_Training [676/700]: mean_loss=0.035537346033379436
Online_Training [677/700]: mean_loss=0.0032064214756246656
Online_Training [678/700]: mean_loss=0.0074119494529441
Online_Training [679/700]: mean_loss=0.009772212826646864
Online_Training [680/700]: mean_loss=0.01704071252606809
Online_Training [681/700]: mean_loss=0.01317737833596766
Online_Training [682/700]: mean_loss=0.10106774047017097
Online_Training [683/700]: mean_loss=0.012308521545492113
Online_Training [684/700]: mean_loss=0.010866415803320706
Online_Training [685/700]: mean_loss=0.010221897857263684
Online_Training [686/700]: mean_loss=0.013165580574423075
Online_Training [687/700]: mean_loss=0.04333174414932728
Online_Training [688/700]: mean_loss=0.03496065828949213
Online_Training [689/700]: mean_loss=0.013478358974680305
Online_Training [690/700]: mean_loss=0.007236811390612274
Online_Training [691/700]: mean_loss=0.008298978384118527
Online_Training [692/700]: mean_loss=0.012676290818490088
Online_Training [693/700]: mean_loss=0.01654013234656304
Online_Training [694/700]: mean_loss=0.008037580351810902
Online_Training [695/700]: mean_loss=0.024933232693001628
Online_Training [696/700]: mean_loss=0.0034028986701741815
Online_Training [697/700]: mean_loss=0.022947906516492367
Online_Training [698/700]: mean_loss=0.02530966093763709
Online_Training [699/700]: mean_loss=0.01038776698987931
Online_Training [700/700]: mean_loss=0.017223343369551003
Q_Learning [1/300]: mean_loss=0.17983289062976837
Q_Learning [2/300]: mean_loss=0.1938898954540491
Q_Learning [3/300]: mean_loss=0.3002454861998558
Q_Learning [4/300]: mean_loss=0.12822521571069956
Q_Learning [5/300]: mean_loss=0.17268164455890656
Q_Learning [6/300]: mean_loss=0.16311401687562466
Q_Learning [7/300]: mean_loss=0.06064222473651171
Q_Learning [8/300]: mean_loss=0.10424151364713907
Q_Learning [9/300]: mean_loss=0.14412008225917816
Q_Learning [10/300]: mean_loss=0.13113506883382797
Q_Learning [11/300]: mean_loss=0.0720610162243247
Q_Learning [12/300]: mean_loss=0.0565093457698822
Q_Learning [13/300]: mean_loss=0.11624100897461176
Q_Learning [14/300]: mean_loss=0.15752964839339256
Q_Learning [15/300]: mean_loss=0.08764811512082815
Q_Learning [16/300]: mean_loss=0.10908054001629353
Q_Learning [17/300]: mean_loss=0.06580543611198664
Q_Learning [18/300]: mean_loss=0.1366068311035633
Q_Learning [19/300]: mean_loss=0.045565211679786444
Q_Learning [20/300]: mean_loss=0.1081771831959486
Q_Learning [21/300]: mean_loss=0.03990712994709611
Q_Learning [22/300]: mean_loss=0.09392805956304073
Q_Learning [23/300]: mean_loss=0.05656501743942499
Q_Learning [24/300]: mean_loss=0.1022401712834835
Q_Learning [25/300]: mean_loss=0.05498964246362448
Q_Learning [26/300]: mean_loss=0.1367182731628418
Q_Learning [27/300]: mean_loss=0.12312854826450348
Q_Learning [28/300]: mean_loss=0.08444374985992908
Q_Learning [29/300]: mean_loss=0.054725336376577616
Q_Learning [30/300]: mean_loss=0.07198826875537634
Q_Learning [31/300]: mean_loss=0.11091502569615841
Q_Learning [32/300]: mean_loss=0.050245318096131086
Q_Learning [33/300]: mean_loss=0.03449802380055189
Q_Learning [34/300]: mean_loss=0.04119056696072221
Q_Learning [35/300]: mean_loss=0.0541657623834908
Q_Learning [36/300]: mean_loss=0.04338077595457435
Q_Learning [37/300]: mean_loss=0.051250741351395845
Q_Learning [38/300]: mean_loss=0.07645370671525598
Q_Learning [39/300]: mean_loss=0.07136787753552198
Q_Learning [40/300]: mean_loss=0.05665899347513914
Q_Learning [41/300]: mean_loss=0.049189645797014236
Q_Learning [42/300]: mean_loss=0.021341696847230196
Q_Learning [43/300]: mean_loss=0.03029399528168142
Q_Learning [44/300]: mean_loss=0.03143588057719171
Q_Learning [45/300]: mean_loss=0.023945932975038886
Q_Learning [46/300]: mean_loss=0.043772061821073294
Q_Learning [47/300]: mean_loss=0.01911321678198874
Q_Learning [48/300]: mean_loss=0.021796715445816517
Q_Learning [49/300]: mean_loss=0.017752497922629118
Q_Learning [50/300]: mean_loss=0.04118062136694789
Q_Learning [51/300]: mean_loss=0.06314040487632155
Q_Learning [52/300]: mean_loss=0.014277146314270794
Q_Learning [53/300]: mean_loss=0.03502100007608533
Q_Learning [54/300]: mean_loss=0.01820074813440442
Q_Learning [55/300]: mean_loss=0.040286903735250235
Q_Learning [56/300]: mean_loss=0.019395112060010433
Q_Learning [57/300]: mean_loss=0.030825783498585224
Q_Learning [58/300]: mean_loss=0.042485018726438284
Q_Learning [59/300]: mean_loss=0.02616005833260715
Q_Learning [60/300]: mean_loss=0.038398842327296734
Q_Learning [61/300]: mean_loss=0.04757922561839223
Q_Learning [62/300]: mean_loss=0.11223449930548668
Q_Learning [63/300]: mean_loss=0.051840261090546846
Q_Learning [64/300]: mean_loss=0.031083001056686044
Q_Learning [65/300]: mean_loss=0.028252090327441692
Q_Learning [66/300]: mean_loss=0.023593519814312458
Q_Learning [67/300]: mean_loss=0.04249623790383339
Q_Learning [68/300]: mean_loss=0.04461057251319289
Q_Learning [69/300]: mean_loss=0.06106952577829361
Q_Learning [70/300]: mean_loss=0.02083740453235805
Q_Learning [71/300]: mean_loss=0.010931230266578496
Q_Learning [72/300]: mean_loss=0.03483702940866351
Q_Learning [73/300]: mean_loss=0.028257945319637656
Q_Learning [74/300]: mean_loss=0.0353789827786386
Q_Learning [75/300]: mean_loss=0.013271744828671217
Q_Learning [76/300]: mean_loss=0.057487820740789175
Q_Learning [77/300]: mean_loss=0.02441042335703969
Q_Learning [78/300]: mean_loss=0.0428711180575192
Q_Learning [79/300]: mean_loss=0.0879933275282383
Q_Learning [80/300]: mean_loss=0.07476675231009722
Q_Learning [81/300]: mean_loss=0.014232785324566066
Q_Learning [82/300]: mean_loss=0.0359949916601181
Q_Learning [83/300]: mean_loss=0.029834003886207938
Q_Learning [84/300]: mean_loss=0.015699461684562266
Q_Learning [85/300]: mean_loss=0.051412851084023714
Q_Learning [86/300]: mean_loss=0.024629116291180253
Q_Learning [87/300]: mean_loss=0.09464757144451141
Q_Learning [88/300]: mean_loss=0.020358016714453697
Q_Learning [89/300]: mean_loss=0.02319661108776927
Q_Learning [90/300]: mean_loss=0.07736983895301819
Q_Learning [91/300]: mean_loss=0.00866940466221422
Q_Learning [92/300]: mean_loss=0.015739745693281293
Q_Learning [93/300]: mean_loss=0.04912754939869046
Q_Learning [94/300]: mean_loss=0.016604967648163438
Q_Learning [95/300]: mean_loss=0.012911552446894348
Q_Learning [96/300]: mean_loss=0.045571773778647184
Q_Learning [97/300]: mean_loss=0.01553554367274046
Q_Learning [98/300]: mean_loss=0.008250990067608654
Q_Learning [99/300]: mean_loss=0.11340048070997
Q_Learning [100/300]: mean_loss=0.05205754330381751
Q_Learning [101/300]: mean_loss=0.019696936011314392
Q_Learning [102/300]: mean_loss=0.01953340764157474
Q_Learning [103/300]: mean_loss=0.031110916752368212
Q_Learning [104/300]: mean_loss=0.020464972127228975
Q_Learning [105/300]: mean_loss=0.007308279338758439
Q_Learning [106/300]: mean_loss=0.014208814478479326
Q_Learning [107/300]: mean_loss=0.011915655224584043
Q_Learning [108/300]: mean_loss=0.026058632880449295
Q_Learning [109/300]: mean_loss=0.008978879312053323
Q_Learning [110/300]: mean_loss=0.030933318426832557
Q_Learning [111/300]: mean_loss=0.0349292722530663
Q_Learning [112/300]: mean_loss=0.004729939624667168
Q_Learning [113/300]: mean_loss=0.014933113008737564
Q_Learning [114/300]: mean_loss=0.02468608459457755
Q_Learning [115/300]: mean_loss=0.02230697264894843
Q_Learning [116/300]: mean_loss=0.020921714371070266
Q_Learning [117/300]: mean_loss=0.03889566287398338
Q_Learning [118/300]: mean_loss=0.01370556850451976
Q_Learning [119/300]: mean_loss=0.15027272701263428
Q_Learning [120/300]: mean_loss=0.10997916292399168
Q_Learning [121/300]: mean_loss=0.08557589538395405
Q_Learning [122/300]: mean_loss=0.1551882941275835
Q_Learning [123/300]: mean_loss=0.0342236019205302
Q_Learning [124/300]: mean_loss=0.035335827851668
Q_Learning [125/300]: mean_loss=0.044296646025031805
Q_Learning [126/300]: mean_loss=0.012764966115355492
Q_Learning [127/300]: mean_loss=0.059399694204330444
Q_Learning [128/300]: mean_loss=0.03848979342728853
Q_Learning [129/300]: mean_loss=0.08610665611922741
Q_Learning [130/300]: mean_loss=0.027575059793889523
Q_Learning [131/300]: mean_loss=0.07277366844937205
Q_Learning [132/300]: mean_loss=0.014796431874856353
Q_Learning [133/300]: mean_loss=0.02890626131556928
Q_Learning [134/300]: mean_loss=0.01113534637261182
Q_Learning [135/300]: mean_loss=0.02394572366029024
Q_Learning [136/300]: mean_loss=0.006412874499801546
Q_Learning [137/300]: mean_loss=0.015902392682619393
Q_Learning [138/300]: mean_loss=0.028039695462211967
Q_Learning [139/300]: mean_loss=0.0054659495945088565
Q_Learning [140/300]: mean_loss=0.013491426361724734
Q_Learning [141/300]: mean_loss=0.010523309116251767
Q_Learning [142/300]: mean_loss=0.021536423126235604
Q_Learning [143/300]: mean_loss=0.057550608180463314
Q_Learning [144/300]: mean_loss=0.03743625013157725
Q_Learning [145/300]: mean_loss=0.030711731407791376
Q_Learning [146/300]: mean_loss=0.04959620675072074
Q_Learning [147/300]: mean_loss=0.041285044979304075
Q_Learning [148/300]: mean_loss=0.015095972921699286
Q_Learning [149/300]: mean_loss=0.03420883067883551
Q_Learning [150/300]: mean_loss=0.01759275607764721
Q_Learning [151/300]: mean_loss=0.016092321136966348
Q_Learning [152/300]: mean_loss=0.013759951223619282
Q_Learning [153/300]: mean_loss=0.01577883993741125
Q_Learning [154/300]: mean_loss=0.059187468606978655
Q_Learning [155/300]: mean_loss=0.012302134418860078
Q_Learning [156/300]: mean_loss=0.04547559702768922
Q_Learning [157/300]: mean_loss=0.04864410264417529
Q_Learning [158/300]: mean_loss=0.01751924166455865
Q_Learning [159/300]: mean_loss=0.0035494147741701454
Q_Learning [160/300]: mean_loss=0.025691451970487833
Q_Learning [161/300]: mean_loss=0.025617557344958186
Q_Learning [162/300]: mean_loss=0.019325828412547708
Q_Learning [163/300]: mean_loss=0.024140615249052644
Q_Learning [164/300]: mean_loss=0.017739518894813955
Q_Learning [165/300]: mean_loss=0.012324401293881238
Q_Learning [166/300]: mean_loss=0.04825213458389044
Q_Learning [167/300]: mean_loss=0.02919913036748767
Q_Learning [168/300]: mean_loss=0.020120711531490088
Q_Learning [169/300]: mean_loss=0.011807606439106166
Q_Learning [170/300]: mean_loss=0.03464194247499108
Q_Learning [171/300]: mean_loss=0.014992107404395938
Q_Learning [172/300]: mean_loss=0.022825715597718954
Q_Learning [173/300]: mean_loss=0.0073179942555725574
Q_Learning [174/300]: mean_loss=0.014423984102904797
Q_Learning [175/300]: mean_loss=0.0100469981553033
Q_Learning [176/300]: mean_loss=0.018094736384227872
Q_Learning [177/300]: mean_loss=0.03506436990574002
Q_Learning [178/300]: mean_loss=0.019878526218235493
Q_Learning [179/300]: mean_loss=0.036182968178763986
Q_Learning [180/300]: mean_loss=0.013839690131135285
Q_Learning [181/300]: mean_loss=0.017118970397859812
Q_Learning [182/300]: mean_loss=0.014128897455520928
Q_Learning [183/300]: mean_loss=0.00955187575891614
Q_Learning [184/300]: mean_loss=0.01251683768350631
Q_Learning [185/300]: mean_loss=0.018303884891793132
Q_Learning [186/300]: mean_loss=0.05353241600096226
Q_Learning [187/300]: mean_loss=0.012658835970796645
Q_Learning [188/300]: mean_loss=0.0372174633666873
Q_Learning [189/300]: mean_loss=0.03899071738123894
Q_Learning [190/300]: mean_loss=0.01354130869731307
Q_Learning [191/300]: mean_loss=0.022138857748359442
Q_Learning [192/300]: mean_loss=0.030000713653862476
Q_Learning [193/300]: mean_loss=0.04043548181653023
Q_Learning [194/300]: mean_loss=0.008608184638433158
Q_Learning [195/300]: mean_loss=0.027231763349846005
Q_Learning [196/300]: mean_loss=0.01773934136144817
Q_Learning [197/300]: mean_loss=0.021647097310051322
Q_Learning [198/300]: mean_loss=0.009050670836586505
Q_Learning [199/300]: mean_loss=0.008103492669761181
Q_Learning [200/300]: mean_loss=0.014582002069801092
Q_Learning [201/300]: mean_loss=0.004060662497067824
Q_Learning [202/300]: mean_loss=0.08299745060503483
Q_Learning [203/300]: mean_loss=0.08249928336590528
Q_Learning [204/300]: mean_loss=0.027724446495994925
Q_Learning [205/300]: mean_loss=0.026786535745486617
Q_Learning [206/300]: mean_loss=0.01090155087877065
Q_Learning [207/300]: mean_loss=0.01933563663624227
Q_Learning [208/300]: mean_loss=0.02195897465571761
Q_Learning [209/300]: mean_loss=0.03268471593037248
Q_Learning [210/300]: mean_loss=0.020515426760539412
Q_Learning [211/300]: mean_loss=0.034478490706533194
Q_Learning [212/300]: mean_loss=0.03466131631284952
Q_Learning [213/300]: mean_loss=0.011948576662689447
Q_Learning [214/300]: mean_loss=0.012089953059330583
Q_Learning [215/300]: mean_loss=0.016083035967312753
Q_Learning [216/300]: mean_loss=0.01845004502683878
Q_Learning [217/300]: mean_loss=0.012602586764842272
Q_Learning [218/300]: mean_loss=0.027538137044757605
Q_Learning [219/300]: mean_loss=0.008381787512917072
Q_Learning [220/300]: mean_loss=0.06764079490676522
Q_Learning [221/300]: mean_loss=0.024259798461571336
Q_Learning [222/300]: mean_loss=0.18095742911100388
Q_Learning [223/300]: mean_loss=0.04723980138078332
Q_Learning [224/300]: mean_loss=0.022754855686798692
Q_Learning [225/300]: mean_loss=0.021750123938545585
Q_Learning [226/300]: mean_loss=0.025017954176291823
Q_Learning [227/300]: mean_loss=0.018542713718488812
Q_Learning [228/300]: mean_loss=0.018978118430823088
Q_Learning [229/300]: mean_loss=0.02207182627171278
Q_Learning [230/300]: mean_loss=0.01189413364045322
Q_Learning [231/300]: mean_loss=0.014065714436583221
Q_Learning [232/300]: mean_loss=0.025676515186205506
Q_Learning [233/300]: mean_loss=0.04554082499817014
Q_Learning [234/300]: mean_loss=0.03725329088047147
Q_Learning [235/300]: mean_loss=0.011397655587643385
Q_Learning [236/300]: mean_loss=0.0332548248115927
Q_Learning [237/300]: mean_loss=0.01801302353851497
Q_Learning [238/300]: mean_loss=0.008613812562543899
Q_Learning [239/300]: mean_loss=0.04332688916474581
Q_Learning [240/300]: mean_loss=0.05777508486062288
Q_Learning [241/300]: mean_loss=0.029708454152569175
Q_Learning [242/300]: mean_loss=0.0342488712631166
Q_Learning [243/300]: mean_loss=0.010464538354426622
Q_Learning [244/300]: mean_loss=0.03357156319543719
Q_Learning [245/300]: mean_loss=0.02081596781499684
Q_Learning [246/300]: mean_loss=0.021285878028720617
Q_Learning [247/300]: mean_loss=0.02560651022940874
Q_Learning [248/300]: mean_loss=0.022882711607962847
Q_Learning [249/300]: mean_loss=0.009146651136688888
Q_Learning [250/300]: mean_loss=0.016899400274269283
Q_Learning [251/300]: mean_loss=0.02231537248007953
Q_Learning [252/300]: mean_loss=0.010074848192743957
Q_Learning [253/300]: mean_loss=0.009753555757924914
Q_Learning [254/300]: mean_loss=0.031116654397919774
Q_Learning [255/300]: mean_loss=0.02202024986036122
Q_Learning [256/300]: mean_loss=0.013984067714773118
Q_Learning [257/300]: mean_loss=0.03113274066708982
Q_Learning [258/300]: mean_loss=0.13475513271987438
Q_Learning [259/300]: mean_loss=0.15667138062417507
Q_Learning [260/300]: mean_loss=0.017820544075220823
Q_Learning [261/300]: mean_loss=0.010727864573709667
Q_Learning [262/300]: mean_loss=0.013989625149406493
Q_Learning [263/300]: mean_loss=0.02928419318050146
Q_Learning [264/300]: mean_loss=0.028561672195792198
Q_Learning [265/300]: mean_loss=0.026822169544175267
Q_Learning [266/300]: mean_loss=0.010233963024802506
Q_Learning [267/300]: mean_loss=0.013834076118655503
Q_Learning [268/300]: mean_loss=0.07578233070671558
Q_Learning [269/300]: mean_loss=0.009465264272876084
Q_Learning [270/300]: mean_loss=0.008813791442662477
Q_Learning [271/300]: mean_loss=0.02074925124179572
Q_Learning [272/300]: mean_loss=0.02266242983750999
Q_Learning [273/300]: mean_loss=0.05438688863068819
Q_Learning [274/300]: mean_loss=0.009518462757114321
Q_Learning [275/300]: mean_loss=0.01295811403542757
Q_Learning [276/300]: mean_loss=0.013596126693300903
Q_Learning [277/300]: mean_loss=0.022563704289495945
Q_Learning [278/300]: mean_loss=0.015776065294630826
Q_Learning [279/300]: mean_loss=0.03275287873111665
Q_Learning [280/300]: mean_loss=0.009204213274642825
Q_Learning [281/300]: mean_loss=0.01859739562496543
Q_Learning [282/300]: mean_loss=0.026793805183842778
Q_Learning [283/300]: mean_loss=0.021854989463463426
Q_Learning [284/300]: mean_loss=0.01797580160200596
Q_Learning [285/300]: mean_loss=0.0140471700578928
Q_Learning [286/300]: mean_loss=0.01119159406516701
Q_Learning [287/300]: mean_loss=0.012788093299604952
Q_Learning [288/300]: mean_loss=0.03136298339813948
Q_Learning [289/300]: mean_loss=0.014632549369707704
Q_Learning [290/300]: mean_loss=0.031890723621472716
Q_Learning [291/300]: mean_loss=0.018866529338993132
Q_Learning [292/300]: mean_loss=0.006956865836400539
Q_Learning [293/300]: mean_loss=0.0357572827488184
Q_Learning [294/300]: mean_loss=0.014807186205871403
Q_Learning [295/300]: mean_loss=0.009409862919710577
Q_Learning [296/300]: mean_loss=0.03514422615990043
Q_Learning [297/300]: mean_loss=0.02049181587062776
Q_Learning [298/300]: mean_loss=0.02223717560991645
Q_Learning [299/300]: mean_loss=0.053815489169210196
Q_Learning [300/300]: mean_loss=0.009497648919932544
Number of Samples after Autoencoder testing: 300
First Spike after testing: [0.86041874 0.0526443 ]
[1, 2, 1, 2, 1, 1, 1, 2, 0, 1, 2, 0, 0, 2, 1, 1, 2, 1, 1, 2, 2, 2, 2, 2, 0, 1, 0, 1, 1, 1, 1, 1, 1, 2, 2, 1, 2, 1, 2, 0, 1, 2, 1, 1, 1, 2, 1, 0, 0, 1, 0, 1, 0, 2, 1, 1, 2, 1, 1, 0, 1, 1, 1, 1, 2, 2, 2, 1, 2, 0, 1, 1, 1, 0, 1, 2, 0, 0, 2, 0, 0, 2, 0, 0, 1, 0, 0, 1, 0, 0, 1, 2, 2, 0, 0, 1, 1, 2, 1, 0, 0, 0, 2, 1, 2, 0, 2, 2, 0, 0, 1, 2, 1, 1, 0, 2, 2, 1, 2, 0, 0, 2, 1, 2, 1, 1, 2, 0, 0, 0, 0, 0, 1, 1, 1, 1, 0, 2, 1, 0, 2, 0, 2, 2, 1, 2, 1, 0, 1, 2, 0, 2, 0, 1, 1, 2, 1, 0, 0, 1, 2, 0, 1, 2, 2, 2, 0, 2, 1, 2, 1, 1, 1, 1, 2, 2, 2, 2, 1, 0, 0, 2, 0, 1, 2, 1, 1, 0, 0, 2, 0, 0, 2, 0, 1, 0, 0, 1, 1, 1, 0, 2, 1, 2, 1, 1, 1, 2, 2, 1, 2, 0, 1, 0, 2, 2, 1, 2, 1, 0, 2, 0, 1, 2, 1, 2, 0, 0, 1, 1, 2, 1, 1, 2, 2, 2, 1, 1, 1, 2, 1, 0, 0, 1, 2, 1, 0, 0, 0, 2, 2, 1, 1, 2, 2, 0, 1, 0, 1, 0, 2, 0, 1, 2, 2, 0, 0, 2, 2, 2, 0, 1, 2, 2, 0, 2, 1, 2, 2, 2, 1, 0, 1, 1, 0, 0, 2, 0, 1, 0, 1, 1, 1, 1, 2, 0, 1, 0, 2, 1]
[0, 1, 0, 1, 0, 0, 0, 1, 0, 0, 1, 0, 0, 1, 0, 0, 1, 0, 0, 1, 1, 1, 1, 1, 2, 0, 2, 0, 0, 0, 0, 0, 0, 1, 1, 2, 1, 0, 1, 2, 0, 1, 0, 0, 0, 1, 0, 2, 2, 0, 0, 0, 2, 1, 0, 0, 1, 0, 0, 2, 0, 0, 0, 0, 1, 1, 1, 0, 1, 2, 0, 0, 0, 3, 3, 4, 2, 2, 1, 2, 2, 1, 2, 2, 0, 2, 2, 0, 2, 2, 0, 1, 1, 2, 2, 2, 0, 1, 0, 2, 2, 2, 0, 1, 1, 2, 1, 1, 2, 2, 0, 1, 0, 0, 2, 1, 1, 0, 1, 2, 2, 1, 0, 1, 0, 0, 1, 0, 2, 2, 2, 2, 0, 0, 2, 2, 2, 1, 0, 2, 2, 0, 1, 1, 0, 1, 0, 2, 0, 1, 0, 1, 2, 0, 2, 4, 0, 2, 2, 0, 1, 2, 0, 1, 1, 1, 2, 1, 0, 1, 0, 0, 2, 0, 1, 1, 1, 1, 2, 2, 2, 1, 2, 0, 1, 0, 0, 2, 2, 1, 0, 2, 1, 0, 0, 0, 2, 0, 0, 0, 2, 1, 0, 1, 0, 0, 0, 1, 1, 0, 1, 2, 2, 2, 1, 1, 0, 1, 0, 2, 1, 2, 0, 1, 0, 1, 2, 2, 0, 0, 1, 0, 2, 4, 1, 1, 0, 0, 0, 1, 0, 3, 2, 0, 1, 0, 2, 2, 2, 1, 1, 0, 0, 1, 1, 2, 0, 2, 0, 2, 1, 2, 2, 1, 1, 2, 2, 1, 1, 1, 0, 0, 1, 1, 2, 1, 0, 1, 1, 1, 0, 2, 0, 0, 2, 2, 1, 3, 3, 2, 1, 0, 0, 0, 1, 2, 0, 0, 1, 0]
Centroids: [[1.2538741, -0.8471781], [0.4612793, -0.04321111], [-0.92354244, -0.12986903]]
Centroids: [[0.43006027, 0.041608676], [-0.89878494, -0.08226326], [1.2247138, -0.90112907], [2.3208783, -1.9496561], [-1.7562929, -1.3086958]]
Contingency Matrix: 
[[ 12   0  71   3   0]
 [102   2  10   2   0]
 [  1  93   1   0   3]]
[[12, 0, 71, 3, 0], [102, 2, 10, 2, 0], [1, 93, 1, 0, 3]]
[[12, 0, 71, 3, 0], [102, 2, 10, 2, 0], [1, 93, 1, 0, 3]]
[0, 1, 2, 3, 4]
[[-1, 0, 71, 3, 0], [-1, -1, -1, -1, -1], [-1, 93, 1, 0, 3]]
[[-1, -1, 71, 3, 0], [-1, -1, -1, -1, -1], [-1, -1, -1, -1, -1]]
[[-1, -1, -1, -1, -1], [-1, -1, -1, -1, -1], [-1, -1, -1, -1, -1]]
Match_Labels: {1: 0, 2: 1, 0: 2}
New Contingency Matrix: 
[[ 71  12   0   3   0]
 [ 10 102   2   2   0]
 [  1   1  93   0   3]]
New Clustered Label Sequence: [2, 0, 1, 3, 4]
Diagonal_Elements: [71, 102, 93], Sum: 266
All_Elements: [71, 12, 0, 3, 0, 10, 102, 2, 2, 0, 1, 1, 93, 0, 3], Sum: 300
Accuracy: 0.8866666666666667
