Seed: 0
Experiment_path: Experiment_03
Dataset_Path: ../_00_Datasets/03_SimDaten_Quiroga2020/C_Easy1_noise035.mat
Dataset_name: ['03_SimDaten_Quiroga2020', 'C_Easy1_noise035.mat']
Variant_name: Variant_03_PCA_QLearning
Visualisation_Path: Grid_Search_PC//V3/C_Easy1_noise035.mat/Variant_03_PCA_QLearning/2023_04_07-19_16_00
PCA Components: 2
Q Learning Size: 300
---Q Learning Parameters---
Normalisation: False
Punishment Coefficient: 0.8000000000000003
Alpha: 0.8
Epsilon: 0.01
Gamma: 0.97
Initial Episode Number: 0
Episode Number Coefficient: 1.4
Number of Random Features: 20
Planning Number: 20
Max Random Features: 60
New Episode Number: 72
New Episode Number: 143
New Episode Number: 215
New Episode Number: 286
New Episode Number: 358
New Episode Number: 429
New Episode Number: 500
New Episode Number: 572
New Episode Number: 643
New Episode Number: 715
New Episode Number: 786
New Episode Number: 858
New Episode Number: 929
New Episode Number: 1000
New Episode Number: 1072
New Episode Number: 1143
New Episode Number: 1215
New Episode Number: 1286
New Episode Number: 1358
               0     1      2      3      4   ...     15     16     17     18    19
new_cluster -3.55 -4.39 -19.95 -11.53 -25.82  ... -14.82 -14.72 -14.63 -13.95 -4.73
c1          -3.57 -4.58 -16.88 -12.92 -26.92  ... -14.83 -12.81 -13.25 -14.04 -4.48
c2          -3.59 -4.10 -20.56 -11.07 -24.53  ... -14.83 -13.53 -13.12 -13.96 -4.65
c3          -3.48 -5.40 -17.97 -11.38 -26.17  ... -14.80 -14.22 -13.25 -14.05 -4.79
c4          -3.62 -3.86 -20.42 -10.77 -26.09  ... -14.83 -14.66 -13.65 -13.95 -4.44
c5          -3.52 -4.08 -18.22 -12.13 -26.91  ... -14.82 -13.55 -13.74 -13.99 -4.39
c6          -3.47 -6.00 -19.12 -12.32 -26.13  ... -14.83 -13.13 -14.15 -13.96 -4.36
c7          -3.60 -4.90 -18.77 -11.74 -26.35  ... -14.83 -14.19 -13.32 -14.00 -4.55
c8          -3.52 -5.65 -19.48 -12.05 -27.24  ... -14.78 -13.39 -13.74 -14.04 -4.77
c9          -3.58 -5.29 -19.57 -11.74 -25.56  ... -14.78 -12.33 -12.71 -14.02 -4.34
c10         -3.59 -5.42 -18.39 -13.08 -27.24  ... -14.83 -13.58 -13.88 -13.93 -4.25
c11         -3.53 -4.77 -17.74 -12.81 -26.36  ... -14.77 -13.56 -13.58 -13.99 -4.67
c12         -3.55 -4.79 -17.56 -12.63 -27.18  ... -14.83 -14.35 -14.12 -14.00 -4.41
c13         -3.52 -4.14 -19.49 -12.41 -26.93  ... -14.82 -13.03 -12.94 -13.94 -4.66
c14         -3.53 -4.53 -18.37 -12.21 -27.26  ... -14.77 -13.30 -14.98 -14.05 -4.52
c15         -3.53 -4.19 -18.67 -11.48 -24.82  ... -14.83 -13.18 -13.59 -13.95 -4.16
c16         -3.59 -4.59 -17.51 -11.63 -25.24  ... -14.77 -13.97 -13.55 -13.93 -4.32
c17         -3.59 -5.18 -20.32 -11.64 -26.65  ... -14.83 -12.84 -12.41 -13.99 -4.28
c18         -3.61 -4.63 -19.22 -12.72 -26.14  ... -14.83 -12.65 -14.67 -13.95 -4.36
c19         -3.59 -5.43 -19.49 -12.40 -27.82  ... -14.83 -13.46 -14.05 -14.05  0.00

[20 rows x 20 columns]
\begin{tabular}{lrrrrrrrrrrrrrrrrrrrr}
\toprule
{} &    0  &    1  &     2  &     3  &     4  &    5  &    6  &     7  &    8  &    9  &     10 &     11 &     12 &     13 &     14 &     15 &     16 &     17 &     18 &    19 \\
\midrule
new\_cluster & -3.55 & -4.39 & -19.95 & -11.53 & -25.82 & -3.11 & -4.46 & -36.78 & -5.45 & -0.99 & -15.35 & -29.23 & -24.87 & -18.01 & -31.38 & -14.82 & -14.72 & -14.63 & -13.95 & -4.73 \\
c1          & -3.57 & -4.58 & -16.88 & -12.92 & -26.92 & -4.38 & -4.02 & -33.60 & -5.61 & -1.00 & -15.50 & -27.29 & -25.20 & -17.10 & -31.39 & -14.83 & -12.81 & -13.25 & -14.04 & -4.48 \\
c2          & -3.59 & -4.10 & -20.56 & -11.07 & -24.53 & -4.07 & -4.52 & -34.80 & -5.21 & -0.93 & -16.48 & -29.60 & -23.10 & -18.95 & -31.38 & -14.83 & -13.53 & -13.12 & -13.96 & -4.65 \\
c3          & -3.48 & -5.40 & -17.97 & -11.38 & -26.17 & -4.48 & -4.77 & -37.13 & -4.90 & -1.03 & -15.41 & -26.60 & -26.81 & -17.55 & -31.38 & -14.80 & -14.22 & -13.25 & -14.05 & -4.79 \\
c4          & -3.62 & -3.86 & -20.42 & -10.77 & -26.09 & -4.65 & -3.73 & -37.18 & -5.50 & -1.07 & -14.78 & -28.10 & -23.19 & -17.95 & -31.39 & -14.83 & -14.66 & -13.65 & -13.95 & -4.44 \\
c5          & -3.52 & -4.08 & -18.22 & -12.13 & -26.91 & -5.05 & -5.07 & -39.24 & -5.10 & -1.01 & -16.24 & -28.67 & -24.16 & -19.07 & -31.38 & -14.82 & -13.55 & -13.74 & -13.99 & -4.39 \\
c6          & -3.47 & -6.00 & -19.12 & -12.32 & -26.13 & -4.91 & -5.06 & -35.62 & -5.19 & -0.98 & -15.26 & -26.55 & -25.46 & -17.22 & -31.37 & -14.83 & -13.13 & -14.15 & -13.96 & -4.36 \\
c7          & -3.60 & -4.90 & -18.77 & -11.74 & -26.35 & -5.14 & -4.78 & -36.11 & -5.14 & -1.09 & -15.71 & -27.38 & -24.12 & -17.33 & -31.42 & -14.83 & -14.19 & -13.32 & -14.00 & -4.55 \\
c8          & -3.52 & -5.65 & -19.48 & -12.05 & -27.24 & -4.45 & -4.32 & -34.68 & -5.88 & -1.00 & -15.58 & -29.58 & -24.54 & -19.04 & -31.38 & -14.78 & -13.39 & -13.74 & -14.04 & -4.77 \\
c9          & -3.58 & -5.29 & -19.57 & -11.74 & -25.56 & -4.49 & -4.23 & -36.51 & -5.43 & -1.00 & -15.37 & -28.33 & -23.95 & -17.10 & -31.38 & -14.78 & -12.33 & -12.71 & -14.02 & -4.34 \\
c10         & -3.59 & -5.42 & -18.39 & -13.08 & -27.24 & -4.82 & -4.54 & -37.48 & -5.65 & -0.99 & -16.93 & -28.47 & -24.06 & -16.95 & -31.39 & -14.83 & -13.58 & -13.88 & -13.93 & -4.25 \\
c11         & -3.53 & -4.77 & -17.74 & -12.81 & -26.36 & -4.64 & -4.52 & -34.99 & -5.11 & -0.93 & -15.36 & -28.81 & -26.08 & -16.99 & -31.35 & -14.77 & -13.56 & -13.58 & -13.99 & -4.67 \\
c12         & -3.55 & -4.79 & -17.56 & -12.63 & -27.18 & -3.81 & -5.90 & -35.73 & -5.96 & -0.96 & -15.59 & -27.13 & -23.14 & -17.37 & -31.39 & -14.83 & -14.35 & -14.12 & -14.00 & -4.41 \\
c13         & -3.52 & -4.14 & -19.49 & -12.41 & -26.93 & -3.92 & -4.77 & -34.65 & -4.65 & -0.96 & -15.74 & -29.22 & -23.37 & -18.71 & -31.43 & -14.82 & -13.03 & -12.94 & -13.94 & -4.66 \\
c14         & -3.53 & -4.53 & -18.37 & -12.21 & -27.26 & -4.24 & -4.82 & -36.39 & -6.09 & -1.11 & -16.14 & -28.90 & -23.05 & -17.67 & -31.35 & -14.77 & -13.30 & -14.98 & -14.05 & -4.52 \\
c15         & -3.53 & -4.19 & -18.67 & -11.48 & -24.82 & -4.07 & -4.51 & -37.47 & -5.65 & -1.06 & -15.82 & -31.68 & -23.13 & -18.25 & -31.38 & -14.83 & -13.18 & -13.59 & -13.95 & -4.16 \\
c16         & -3.59 & -4.59 & -17.51 & -11.63 & -25.24 & -4.51 & -5.13 & -36.80 & -4.80 & -1.02 & -16.33 & -28.67 & -24.71 & -19.27 & -31.37 & -14.77 & -13.97 & -13.55 & -13.93 & -4.32 \\
c17         & -3.59 & -5.18 & -20.32 & -11.64 & -26.65 & -3.99 & -4.29 & -35.30 & -5.79 & -0.98 & -16.07 & -30.37 & -28.23 & -18.27 & -31.37 & -14.83 & -12.84 & -12.41 & -13.99 & -4.28 \\
c18         & -3.61 & -4.63 & -19.22 & -12.72 & -26.14 & -4.44 & -3.71 & -36.83 & -4.88 & -1.00 & -15.73 & -25.62 & -25.37 & -17.89 & -31.38 & -14.83 & -12.65 & -14.67 & -13.95 & -4.36 \\
c19         & -3.59 & -5.43 & -19.49 & -12.40 & -27.82 & -4.28 & -4.21 & -37.05 & -5.40 & -0.98 & -15.02 & -29.22 & -24.10 & -19.61 & -31.35 & -14.83 & -13.46 & -14.05 & -14.05 &  0.00 \\
\bottomrule
\end{tabular}

                               0            1   ...            18            19
new_cluster  [-2.56, new_cluster]  [-3.45, c1]  ...  [-13.0, c18]  [-4.73, c19]
c1           [-2.56, new_cluster]   [-3.6, c1]  ...  [-13.0, c18]  [-4.48, c19]
c2           [-2.56, new_cluster]  [-3.15, c1]  ...  [-13.0, c18]  [-4.65, c19]
c3           [-2.56, new_cluster]  [-4.46, c1]  ...  [-13.0, c18]  [-4.79, c19]
c4           [-2.56, new_cluster]  [-2.89, c1]  ...  [-13.0, c18]  [-4.44, c19]
c5           [-2.56, new_cluster]  [-3.11, c1]  ...  [-13.0, c18]  [-4.39, c19]
c6           [-2.56, new_cluster]  [-5.03, c1]  ...  [-13.0, c18]  [-4.36, c19]
c7           [-2.56, new_cluster]  [-3.91, c1]  ...  [-13.0, c18]  [-4.55, c19]
c8           [-2.56, new_cluster]  [-4.71, c1]  ...  [-13.0, c18]  [-4.77, c19]
c9           [-2.56, new_cluster]  [-4.32, c1]  ...  [-13.0, c18]  [-4.34, c19]
c10          [-2.56, new_cluster]  [-4.47, c1]  ...  [-13.0, c18]  [-4.25, c19]
c11          [-2.56, new_cluster]  [-3.81, c1]  ...  [-13.0, c18]  [-4.67, c19]
c12          [-2.56, new_cluster]   [-3.8, c1]  ...  [-13.0, c18]  [-4.41, c19]
c13          [-2.56, new_cluster]  [-3.17, c1]  ...  [-13.0, c18]  [-4.66, c19]
c14          [-2.56, new_cluster]  [-3.57, c1]  ...  [-13.0, c18]  [-4.52, c19]
c15          [-2.56, new_cluster]  [-3.24, c1]  ...  [-13.0, c18]  [-4.16, c19]
c16          [-2.56, new_cluster]  [-3.62, c1]  ...  [-13.0, c18]  [-4.32, c19]
c17          [-2.56, new_cluster]  [-4.22, c1]  ...  [-13.0, c18]  [-4.28, c19]
c18          [-2.56, new_cluster]  [-3.64, c1]  ...  [-13.0, c18]  [-4.36, c19]
c19          [-2.56, new_cluster]  [-4.47, c1]  ...  [-13.0, c18]         [0, ]

[20 rows x 20 columns]
\begin{tabular}{lllllllllllllllllllll}
\toprule
{} &                    0  &           1  &            2  &            3  &            4  &           5  &           6  &            7  &           8  &           9  &             10 &             11 &             12 &             13 &            14 &             15 &             16 &             17 &            18 &            19 \\
\midrule
new\_cluster &  [-2.56, new\_cluster] &  [-3.45, c1] &  [-19.05, c2] &  [-10.43, c3] &  [-24.77, c4] &  [-2.13, c5] &   [-3.5, c6] &  [-35.73, c7] &  [-4.48, c8] &   [-0.0, c9] &  [-14.36, c10] &  [-28.22, c11] &  [-23.94, c12] &  [-16.99, c13] &  [-30.3, c14] &  [-13.78, c15] &  [-13.67, c16] &  [-13.68, c17] &  [-13.0, c18] &  [-4.73, c19] \\
c1          &  [-2.56, new\_cluster] &   [-3.6, c1] &  [-15.87, c2] &  [-11.82, c3] &  [-25.85, c4] &  [-3.42, c5] &  [-2.99, c6] &  [-32.55, c7] &  [-4.64, c8] &  [-0.04, c9] &  [-14.44, c10] &  [-26.36, c11] &  [-24.26, c12] &  [-16.18, c13] &  [-30.3, c14] &  [-13.78, c15] &  [-11.82, c16] &  [-12.25, c17] &  [-13.0, c18] &  [-4.48, c19] \\
c2          &  [-2.56, new\_cluster] &  [-3.15, c1] &  [-19.55, c2] &  [-10.04, c3] &  [-23.48, c4] &  [-3.11, c5] &   [-3.5, c6] &  [-33.75, c7] &  [-4.24, c8] &  [-0.01, c9] &  [-15.43, c10] &  [-28.58, c11] &  [-22.15, c12] &  [-17.91, c13] &  [-30.3, c14] &  [-13.78, c15] &  [-12.53, c16] &  [-12.07, c17] &  [-13.0, c18] &  [-4.65, c19] \\
c3          &  [-2.56, new\_cluster] &  [-4.46, c1] &   [-17.0, c2] &  [-10.36, c3] &  [-25.12, c4] &   [-3.5, c5] &  [-3.73, c6] &  [-36.09, c7] &  [-3.93, c8] &  [-0.08, c9] &  [-14.44, c10] &  [-25.57, c11] &  [-25.86, c12] &  [-16.59, c13] &  [-30.3, c14] &  [-13.78, c15] &  [-13.19, c16] &   [-12.3, c17] &  [-13.0, c18] &  [-4.79, c19] \\
c4          &  [-2.56, new\_cluster] &  [-2.89, c1] &   [-19.5, c2] &   [-9.69, c3] &  [-25.02, c4] &  [-3.68, c5] &   [-2.7, c6] &  [-36.17, c7] &  [-4.53, c8] &  [-0.06, c9] &  [-13.79, c10] &  [-27.09, c11] &  [-22.26, c12] &  [-16.87, c13] &  [-30.3, c14] &  [-13.78, c15] &  [-13.66, c16] &  [-12.61, c17] &  [-13.0, c18] &  [-4.44, c19] \\
c5          &  [-2.56, new\_cluster] &  [-3.11, c1] &  [-17.24, c2] &  [-11.02, c3] &  [-25.86, c4] &  [-4.08, c5] &  [-4.04, c6] &  [-38.23, c7] &  [-4.13, c8] &  [-0.07, c9] &  [-15.26, c10] &  [-27.66, c11] &  [-23.23, c12] &  [-18.06, c13] &  [-30.3, c14] &  [-13.78, c15] &  [-12.57, c16] &  [-12.78, c17] &  [-13.0, c18] &  [-4.39, c19] \\
c6          &  [-2.56, new\_cluster] &  [-5.03, c1] &  [-18.12, c2] &  [-11.31, c3] &  [-25.06, c4] &  [-3.93, c5] &  [-4.02, c6] &  [-34.57, c7] &  [-4.22, c8] &  [-0.02, c9] &   [-14.2, c10] &  [-25.52, c11] &  [-24.53, c12] &  [-16.25, c13] &  [-30.3, c14] &  [-13.78, c15] &  [-12.15, c16] &   [-13.1, c17] &  [-13.0, c18] &  [-4.36, c19] \\
c7          &  [-2.56, new\_cluster] &  [-3.91, c1] &  [-17.82, c2] &  [-10.72, c3] &  [-25.31, c4] &  [-4.17, c5] &  [-3.82, c6] &  [-35.06, c7] &  [-4.17, c8] &  [-0.03, c9] &  [-14.67, c10] &  [-26.37, c11] &  [-23.19, c12] &   [-16.3, c13] &  [-30.3, c14] &  [-13.78, c15] &  [-13.16, c16] &  [-12.27, c17] &  [-13.0, c18] &  [-4.55, c19] \\
c8          &  [-2.56, new\_cluster] &  [-4.71, c1] &  [-18.47, c2] &  [-10.99, c3] &  [-26.17, c4] &  [-3.49, c5] &  [-3.28, c6] &  [-33.63, c7] &  [-4.91, c8] &  [-0.02, c9] &  [-14.51, c10] &  [-28.55, c11] &  [-23.59, c12] &  [-17.93, c13] &  [-30.3, c14] &  [-13.78, c15] &  [-12.39, c16] &  [-12.78, c17] &  [-13.0, c18] &  [-4.77, c19] \\
c9          &  [-2.56, new\_cluster] &  [-4.32, c1] &  [-18.65, c2] &  [-10.72, c3] &  [-24.49, c4] &  [-3.71, c5] &  [-3.27, c6] &  [-35.46, c7] &  [-4.46, c8] &   [-0.0, c9] &  [-14.32, c10] &   [-27.3, c11] &  [-23.02, c12] &  [-16.16, c13] &  [-30.3, c14] &  [-13.78, c15] &  [-11.33, c16] &  [-11.75, c17] &  [-13.0, c18] &  [-4.34, c19] \\
c10         &  [-2.56, new\_cluster] &  [-4.47, c1] &  [-17.39, c2] &  [-12.02, c3] &  [-26.17, c4] &  [-3.84, c5] &   [-3.5, c6] &  [-36.42, c7] &  [-4.68, c8] &  [-0.07, c9] &  [-15.88, c10] &  [-27.46, c11] &  [-23.11, c12] &  [-15.95, c13] &  [-30.3, c14] &  [-13.78, c15] &  [-12.53, c16] &  [-12.84, c17] &  [-13.0, c18] &  [-4.25, c19] \\
c11         &  [-2.56, new\_cluster] &  [-3.81, c1] &  [-16.74, c2] &  [-11.75, c3] &  [-25.28, c4] &  [-3.67, c5] &  [-3.58, c6] &  [-33.95, c7] &  [-4.14, c8] &  [-0.01, c9] &  [-14.29, c10] &  [-27.88, c11] &  [-25.15, c12] &  [-16.06, c13] &  [-30.3, c14] &  [-13.78, c15] &  [-12.53, c16] &  [-12.52, c17] &  [-13.0, c18] &  [-4.67, c19] \\
c12         &  [-2.56, new\_cluster] &   [-3.8, c1] &  [-16.56, c2] &  [-11.61, c3] &  [-26.14, c4] &  [-2.84, c5] &  [-4.86, c6] &  [-34.67, c7] &  [-4.99, c8] &  [-0.01, c9] &  [-14.53, c10] &  [-26.12, c11] &  [-22.21, c12] &  [-16.42, c13] &  [-30.3, c14] &  [-13.78, c15] &  [-13.35, c16] &  [-13.16, c17] &  [-13.0, c18] &  [-4.41, c19] \\
c13         &  [-2.56, new\_cluster] &  [-3.17, c1] &  [-18.47, c2] &  [-11.39, c3] &  [-25.86, c4] &  [-2.94, c5] &  [-3.73, c6] &  [-33.61, c7] &  [-3.68, c8] &  [-0.02, c9] &  [-14.76, c10] &  [-28.19, c11] &  [-22.44, c12] &  [-17.79, c13] &  [-30.3, c14] &  [-13.78, c15] &  [-12.01, c16] &  [-11.99, c17] &  [-13.0, c18] &  [-4.66, c19] \\
c14         &  [-2.56, new\_cluster] &  [-3.57, c1] &  [-17.43, c2] &   [-11.1, c3] &  [-26.18, c4] &  [-3.26, c5] &  [-3.78, c6] &  [-35.34, c7] &  [-5.12, c8] &  [-0.08, c9] &  [-15.07, c10] &  [-27.88, c11] &  [-22.12, c12] &   [-16.6, c13] &  [-30.3, c14] &  [-13.78, c15] &  [-12.31, c16] &  [-13.93, c17] &  [-13.0, c18] &  [-4.52, c19] \\
c15         &  [-2.56, new\_cluster] &  [-3.24, c1] &  [-17.75, c2] &  [-10.35, c3] &  [-23.75, c4] &  [-3.09, c5] &  [-3.48, c6] &  [-36.41, c7] &  [-4.68, c8] &  [-0.06, c9] &  [-14.82, c10] &  [-30.66, c11] &   [-22.2, c12] &  [-17.23, c13] &  [-30.3, c14] &  [-13.78, c15] &  [-12.14, c16] &  [-12.54, c17] &  [-13.0, c18] &  [-4.16, c19] \\
c16         &  [-2.56, new\_cluster] &  [-3.62, c1] &  [-16.59, c2] &   [-10.5, c3] &  [-24.17, c4] &  [-3.55, c5] &   [-4.1, c6] &  [-35.79, c7] &  [-3.83, c8] &   [-0.0, c9] &  [-15.26, c10] &  [-27.72, c11] &  [-23.77, c12] &  [-18.34, c13] &  [-30.3, c14] &  [-13.78, c15] &  [-12.93, c16] &  [-12.52, c17] &  [-13.0, c18] &  [-4.32, c19] \\
c17         &  [-2.56, new\_cluster] &  [-4.22, c1] &  [-19.32, c2] &  [-10.64, c3] &  [-25.57, c4] &  [-3.02, c5] &  [-3.25, c6] &  [-34.25, c7] &  [-4.82, c8] &  [-0.01, c9] &  [-15.07, c10] &  [-29.34, c11] &  [-27.28, c12] &  [-17.25, c13] &  [-30.3, c14] &  [-13.78, c15] &  [-11.85, c16] &  [-11.45, c17] &  [-13.0, c18] &  [-4.28, c19] \\
c18         &  [-2.56, new\_cluster] &  [-3.64, c1] &  [-18.25, c2] &  [-11.64, c3] &  [-25.06, c4] &  [-3.47, c5] &  [-2.75, c6] &  [-35.78, c7] &  [-3.91, c8] &  [-0.02, c9] &  [-14.67, c10] &  [-24.69, c11] &  [-24.45, c12] &  [-16.94, c13] &  [-30.3, c14] &  [-13.78, c15] &  [-11.75, c16] &  [-13.62, c17] &  [-13.0, c18] &  [-4.36, c19] \\
c19         &  [-2.56, new\_cluster] &  [-4.47, c1] &  [-18.48, c2] &   [-11.3, c3] &  [-26.74, c4] &  [-3.32, c5] &  [-3.18, c6] &   [-36.0, c7] &  [-4.43, c8] &  [-0.01, c9] &  [-13.95, c10] &  [-28.29, c11] &  [-23.15, c12] &  [-18.58, c13] &  [-30.3, c14] &  [-13.78, c15] &  [-12.47, c16] &  [-13.01, c17] &  [-13.0, c18] &         [0, ] \\
\bottomrule
\end{tabular}

