Seed: 0
Experiment_path: AE_Model_2/Normalization/Experiment_04_norm
Dataset_Path: ../_00_Datasets/03_SimDaten_Quiroga2020/C_Difficult1_noise020.mat
Dataset_name: ['03_SimDaten_Quiroga2020', 'C_Difficult1_noise020.mat']
Variant_name: V04_Off_AE_QL_norm
Visualisation_Path: AE_Model_2/Normalization/Experiment_04_norm/C_Difficult1_noise020.mat/V04_Off_AE_QL_norm/2023_06_04-19_36_52
Split Ratio: 0.9
Epochs: 8
Batch Size: 1
Input Size: 47
Number of Features: 2
Chosen Model: Convolutional Autoencoder
ConvolutionalAutoencoder(
  (encoder): Sequential(
    (0): Conv1d(1, 6, kernel_size=(6,), stride=(1,))
    (1): LeakyReLU(negative_slope=0.01)
    (2): Conv1d(6, 1, kernel_size=(6,), stride=(1,))
    (3): Flatten(start_dim=1, end_dim=-1)
    (4): Linear(in_features=37, out_features=2, bias=True)
  )
  (decoder): Sequential(
    (0): ConvTranspose1d(1, 6, kernel_size=(6,), stride=(1,))
    (1): LeakyReLU(negative_slope=0.01)
    (2): ConvTranspose1d(6, 1, kernel_size=(6,), stride=(1,))
    (3): Flatten(start_dim=1, end_dim=-1)
    (4): Linear(in_features=12, out_features=47, bias=True)
  )
)
MSELoss()
Adam (
Parameter Group 0
    amsgrad: False
    betas: (0.9, 0.999)
    capturable: False
    differentiable: False
    eps: 1e-08
    foreach: None
    fused: False
    lr: 0.001
    maximize: False
    weight_decay: 0
)
---Q Learning Parameters---
Normalisation: True
Punishment Coefficient: 0.6
Alpha: 0.8
Epsilon: 0.01
Gamma: 0.97
Initial Episode Number: 0
Episode Number Coefficient: 1.4
Number of Random Features: 20
Planning Number: 20
Max Random Features: 60
New Episode Number: 72
New Episode Number: 143
New Episode Number: 215
                0      1     2     3
new_cluster -2.32 -16.55 -4.96 -0.91
c1          -2.33 -16.55 -5.38 -0.93
c2          -2.33 -16.54 -5.05 -0.89
c3          -2.33 -16.55 -5.56 -0.90
\begin{tabular}{lrrrr}
\toprule
{} &     0 &      1 &     2 &     3 \\
\midrule
new\_cluster & -2.32 & -16.55 & -4.96 & -0.91 \\
c1          & -2.33 & -16.55 & -5.38 & -0.93 \\
c2          & -2.33 & -16.54 & -5.05 & -0.89 \\
c3          & -2.33 & -16.55 & -5.56 & -0.90 \\
\bottomrule
\end{tabular}

                                0             1            2            3
new_cluster  [-1.44, new_cluster]  [-15.65, c1]  [-4.09, c2]  [-0.04, c3]
c1           [-1.44, new_cluster]  [-15.65, c1]  [-4.51, c2]  [-0.05, c3]
c2           [-1.44, new_cluster]  [-15.65, c1]  [-4.19, c2]  [-0.03, c3]
c3           [-1.44, new_cluster]  [-15.65, c1]   [-4.7, c2]  [-0.02, c3]
\begin{tabular}{lllll}
\toprule
{} &                     0 &             1 &            2 &            3 \\
\midrule
new\_cluster &  [-1.44, new\_cluster] &  [-15.65, c1] &  [-4.09, c2] &  [-0.04, c3] \\
c1          &  [-1.44, new\_cluster] &  [-15.65, c1] &  [-4.51, c2] &  [-0.05, c3] \\
c2          &  [-1.44, new\_cluster] &  [-15.65, c1] &  [-4.19, c2] &  [-0.03, c3] \\
c3          &  [-1.44, new\_cluster] &  [-15.65, c1] &   [-4.7, c2] &  [-0.02, c3] \\
\bottomrule
\end{tabular}

