Experiment_path: AE_Model_2/Normalization/Experiment_04_norm
Dataset_Path: ../_00_Datasets/03_SimDaten_Quiroga2020/C_Burst_Easy2_noise015.mat
Dataset_name: ['03_SimDaten_Quiroga2020', 'C_Burst_Easy2_noise015.mat']
Variant_name: V04_Off_AE_QL_norm
Visualisation_Path: AE_Model_2/Normalization/Experiment_04_norm/C_Burst_Easy2_noise015.mat/V04_Off_AE_QL_norm/2023_06_04-19_32_32
Punishment_Coefficient: 1.0
<_01_LoadDataset.ExternCode.spike_class.spike_dataclass object at 0x0000018FB7032208>
Sampling rate: 24000.0
Raw: [ 0.24336953  0.26920333  0.26782334 ... -0.02629827 -0.02223585
 -0.02239043]
Times: [    195     430     737 ... 1439108 1439373 1439782]
Cluster: [2 1 1 ... 2 3 1]
Number of different clusters:  3
Number of Spikes: 3442
First aligned Spike Frame: [-0.01689698 -0.02635498 -0.01562648  0.02897143  0.09419909  0.16126917
  0.22354469  0.27941475  0.32258352  0.34699582  0.35463705  0.34576274
  0.299707    0.15447276 -0.11443537 -0.29135945 -0.02374047  0.60144887
  1.08218794  1.17595279  1.04108946  0.87905736  0.74420278  0.62460764
  0.52287424  0.43951429  0.36219288  0.28506818  0.21680111  0.17041962
  0.1410207   0.12802623  0.13803385  0.16548243  0.19507167  0.22209636
  0.24476727  0.25441697  0.2415664   0.21156445  0.18433246  0.16716092
  0.15280507  0.14158827  0.14947965  0.19464084  0.26501024]
Cluster 0, Occurrences: 1159
Cluster 1, Occurrences: 1156
Cluster 2, Occurrences: 1127
Train Index: 3098
x_train: 3098
y_train: 3098
x_test: 344
y_test: 344
<torch.utils.data.dataloader.DataLoader object at 0x0000018FB7032A20>
<torch.utils.data.dataloader.DataLoader object at 0x0000018FB7032A90>
Epoch [1/8]: mean_loss=0.00043623112087974326
Epoch [2/8]: mean_loss=0.0002325139135624937
Epoch [3/8]: mean_loss=0.00020088065811538116
Epoch [4/8]: mean_loss=0.00019023229841207828
Epoch [5/8]: mean_loss=0.0001873133354294225
Epoch [6/8]: mean_loss=0.00018730721276510794
Epoch [7/8]: mean_loss=0.0001866477653606668
Epoch [8/8]: mean_loss=0.00018654716651456214
Number of Clusters: 3
Number of Samples after Autoencoder testing: 342
First Spike after testing: [-0.24134961 -1.4187478 ]
[1, 1, 2, 2, 0, 1, 2, 2, 0, 0, 1, 0, 2, 1, 0, 0, 1, 2, 0, 2, 0, 2, 0, 2, 0, 0, 2, 2, 2, 1, 0, 2, 0, 1, 1, 1, 2, 0, 0, 2, 1, 1, 1, 0, 0, 1, 0, 2, 1, 1, 0, 2, 2, 0, 2, 0, 1, 2, 1, 0, 1, 0, 1, 0, 2, 1, 0, 0, 2, 0, 1, 1, 2, 1, 2, 2, 2, 2, 1, 0, 1, 2, 0, 1, 2, 0, 0, 2, 2, 2, 0, 2, 2, 0, 1, 1, 2, 0, 2, 0, 1, 1, 2, 0, 2, 1, 2, 1, 0, 0, 0, 0, 2, 1, 2, 1, 1, 2, 0, 0, 1, 2, 1, 2, 2, 0, 1, 0, 0, 1, 2, 0, 1, 2, 2, 2, 2, 2, 0, 2, 0, 1, 0, 2, 1, 1, 0, 2, 1, 0, 1, 2, 0, 2, 2, 0, 1, 2, 1, 0, 0, 1, 2, 2, 0, 2, 0, 0, 1, 2, 0, 2, 0, 2, 1, 0, 0, 2, 0, 0, 2, 0, 1, 1, 0, 0, 1, 2, 2, 1, 1, 1, 2, 2, 0, 2, 0, 2, 0, 2, 2, 1, 1, 1, 0, 0, 0, 0, 1, 2, 0, 1, 0, 2, 1, 0, 0, 2, 1, 0, 1, 1, 0, 1, 1, 1, 0, 2, 2, 0, 0, 0, 2, 0, 1, 0, 2, 0, 0, 1, 2, 2, 1, 2, 2, 1, 0, 1, 2, 0, 2, 0, 2, 2, 1, 0, 0, 1, 0, 2, 2, 2, 0, 2, 0, 0, 2, 2, 2, 1, 1, 0, 0, 2, 0, 2, 1, 0, 0, 1, 1, 2, 0, 1, 2, 2, 1, 2, 0, 1, 2, 1, 2, 2, 0, 2, 2, 2, 1, 1, 2, 1, 0, 1, 0, 0, 0, 2, 2, 1, 0, 2, 0, 1, 0, 0, 0, 1, 1, 1, 1, 1, 2, 0, 1, 0, 0, 1, 1, 1, 1, 1, 1, 0, 0, 1, 2, 1, 2, 1, 2, 0]
[0, 0, 0, 0, 0, 0, 0, 0, 0, 0, 0, 0, 0, 0, 0, 0, 0, 0, 0, 0, 0, 0, 0, 0, 0, 0, 0, 0, 0, 0, 0, 0, 0, 0, 0, 0, 0, 0, 0, 0, 0, 0, 0, 0, 0, 0, 0, 0, 0, 0, 0, 0, 0, 0, 0, 0, 0, 0, 0, 0, 0, 0, 0, 0, 0, 0, 0, 0, 0, 0, 0, 0, 0, 0, 0, 0, 0, 0, 0, 0, 0, 0, 0, 0, 0, 0, 0, 0, 0, 0, 0, 0, 0, 0, 0, 0, 0, 0, 0, 0, 0, 0, 0, 0, 0, 0, 0, 0, 0, 0, 0, 0, 0, 0, 0, 0, 0, 0, 0, 0, 0, 0, 0, 0, 0, 0, 0, 0, 0, 0, 0, 0, 0, 0, 0, 0, 0, 0, 0, 0, 0, 0, 0, 0, 0, 0, 0, 0, 0, 0, 0, 0, 0, 0, 0, 0, 0, 0, 0, 0, 0, 0, 0, 0, 0, 0, 0, 0, 0, 0, 0, 0, 0, 0, 0, 0, 0, 0, 0, 0, 0, 0, 0, 0, 0, 0, 0, 0, 0, 0, 0, 0, 0, 0, 0, 0, 0, 0, 0, 0, 0, 0, 0, 0, 0, 0, 0, 0, 0, 0, 0, 0, 0, 0, 0, 0, 0, 0, 0, 0, 0, 0, 0, 0, 0, 0, 0, 0, 0, 0, 0, 0, 0, 0, 0, 0, 0, 0, 0, 0, 0, 0, 0, 0, 0, 0, 0, 0, 0, 0, 0, 0, 0, 0, 0, 0, 0, 0, 0, 0, 0, 0, 0, 0, 0, 0, 0, 0, 0, 0, 0, 0, 0, 0, 0, 0, 0, 0, 0, 0, 0, 0, 0, 0, 0, 0, 0, 0, 0, 0, 0, 0, 0, 0, 0, 0, 0, 0, 0, 0, 0, 0, 0, 0, 0, 0, 0, 0, 0, 0, 0, 0, 0, 0, 0, 0, 0, 0, 0, 0, 0, 0, 0, 0, 0, 0, 0, 0, 0, 0, 0, 0, 0, 0, 0, 0, 0, 0, 0, 0, 0, 0]
Centroids: [[-0.88133216, -2.4766693], [-0.12350437, -1.3734893], [2.8327546, 0.29723015]]
Centroids: [[0.6132989, -1.1938933]]
Standard Derivations: [0.36595294, 0.48633453, 0.45448345]
Cluster Distances: [0.48611048, 3.8151817, 0.48611048, 2.454881, 3.8151817, 2.454881]
Minimal Cluster Distance: 0.48611047863960266
Contingency Matrix: 
[[120]
 [106]
 [116]]
[[120], [106], [116]]
[[120, 0, 0], [106, 0, 0], [116, 0, 0]]
[0, 1, 2]
[[-1, -1, -1], [-1, 0, 0], [-1, 0, 0]]
[[-1, -1, -1], [-1, -1, -1], [-1, -1, 0]]
[[-1, -1, -1], [-1, -1, -1], [-1, -1, -1]]
Match_Labels: {0: 0, 1: 1, 2: 2}
New Contingency Matrix: 
[[120   0   0]
 [106   0   0]
 [116   0   0]]
New Clustered Label Sequence: [0, 1, 2]
Diagonal_Elements: [120, 0, 0], Sum: 120
All_Elements: [120, 0, 0, 106, 0, 0, 116, 0, 0], Sum: 342
Accuracy: 0.3508771929824561
Centroids: [[0.08770617937899947, -0.24939868108121602]]
