Seed: 3
Experiment_path: Random_Seeds_DV5//V5_2/Experiment_05_3_opt_temp
Dataset_Path: ../_00_Datasets/03_SimDaten_Quiroga2020/C_Difficult2_noise005.mat
Dataset_name: ['03_SimDaten_Quiroga2020', 'C_Difficult2_noise005.mat']
Variant_name: Variant_05_Online_Autoencoder_QLearning_opt_temp
Visualisation_Path: Random_Seeds_DV5//V5_2/Experiment_05_3_opt_temp/C_Difficult2_noise005.mat/Variant_05_Online_Autoencoder_QLearning_opt_temp/2023_04_05-09_42_22
Normalisation: False
Template Matching: True
Optimising Autoencoder: True
Update Factor: 100
Noisy Batches: False
Noisy Factor: 0.1
Epochs: 8
Batch Size: 1
maximal Spikes for Autoencoder Training : 700
maximal Spikes for Training: 1000
Input Size: 47
Chosen Model: Autoencoder
Autoencoder(
  (encoder): Sequential(
    (0): Linear(in_features=47, out_features=12, bias=True)
    (1): LeakyReLU(negative_slope=0.01)
    (2): Linear(in_features=12, out_features=2, bias=True)
  )
  (decoder): Sequential(
    (0): Linear(in_features=2, out_features=12, bias=True)
    (1): LeakyReLU(negative_slope=0.01)
    (2): Linear(in_features=12, out_features=47, bias=True)
  )
)
MSELoss()
Adam (
Parameter Group 0
    amsgrad: False
    betas: (0.9, 0.999)
    capturable: False
    differentiable: False
    eps: 1e-08
    foreach: None
    fused: False
    lr: 0.001
    maximize: False
    weight_decay: 0
)
---Q Learning Parameters---
Normalisation: False
Punishment Coefficient: 0.37
Alpha: 0.8
Epsilon: 0.01
Gamma: 0.97
Initial Episode Number: 0
Episode Number Coefficient: 1.4
Number of Random Features: 20
Planning Number: 20
Max Random Features: 60
New Episode Number: 72
New Episode Number: 143
New Episode Number: 215
New Episode Number: 286
New Episode Number: 358
New Episode Number: 429
New Episode Number: 500
New Episode Number: 572
New Episode Number: 643
New Episode Number: 715
New Episode Number: 786
New Episode Number: 858
               0     1     2     3     4   ...    8     9     10    11    12
new_cluster -0.96 -0.92 -1.04 -0.62 -1.15  ... -2.76 -0.42 -2.37 -1.68 -4.68
c1          -0.93 -0.86 -1.00 -0.59 -1.16  ... -2.72 -0.43 -2.32 -1.61 -4.69
c2          -0.96 -0.79 -1.06 -0.63 -1.24  ... -2.72 -0.40 -2.26 -1.73 -4.68
c3          -0.96 -0.80 -1.18 -0.62 -1.12  ... -2.75 -0.42 -2.41 -1.54 -4.69
c4          -0.96 -0.74 -1.14 -0.62 -1.18  ... -2.76 -0.41 -2.45 -1.82 -4.67
c5          -0.94 -0.84 -1.06 -0.64 -1.19  ... -2.72 -0.42 -2.45 -1.70 -4.69
c6          -0.96 -0.79 -1.13 -0.59 -1.07  ... -2.76 -0.44 -2.40 -1.65 -4.69
c7          -0.96 -0.79 -1.13 -0.62 -1.11  ... -2.76 -0.43 -2.29 -1.76 -4.68
c8          -0.96 -0.76 -1.05 -0.68 -1.13  ... -2.72 -0.45 -2.26 -1.67 -4.68
c9          -0.96 -0.83 -1.00 -0.61 -1.13  ... -2.75 -0.43 -2.25 -1.68 -4.68
c10         -0.96 -0.87 -1.06 -0.63 -1.17  ... -2.76 -0.42 -2.38 -1.77 -4.68
c11         -0.96 -0.79 -1.09 -0.65 -1.12  ... -2.75 -0.43 -2.32 -1.69 -4.69
c12         -0.96 -0.81 -1.12 -0.61 -1.16  ... -2.75 -0.42 -2.31 -1.71 -4.69

[13 rows x 13 columns]
                               0            1   ...            11            12
new_cluster  [-0.55, new_cluster]  [-0.51, c1]  ...  [-1.27, c11]  [-4.27, c12]
c1           [-0.55, new_cluster]  [-0.44, c1]  ...   [-1.2, c11]  [-4.27, c12]
c2           [-0.55, new_cluster]  [-0.39, c1]  ...  [-1.32, c11]  [-4.27, c12]
c3           [-0.55, new_cluster]  [-0.38, c1]  ...  [-1.15, c11]  [-4.27, c12]
c4           [-0.55, new_cluster]  [-0.32, c1]  ...   [-1.4, c11]  [-4.27, c12]
c5           [-0.55, new_cluster]  [-0.42, c1]  ...  [-1.29, c11]  [-4.27, c12]
c6           [-0.55, new_cluster]  [-0.38, c1]  ...  [-1.27, c11]  [-4.27, c12]
c7           [-0.55, new_cluster]  [-0.39, c1]  ...  [-1.34, c11]  [-4.27, c12]
c8           [-0.55, new_cluster]  [-0.36, c1]  ...  [-1.25, c11]  [-4.27, c12]
c9           [-0.55, new_cluster]  [-0.42, c1]  ...  [-1.27, c11]  [-4.27, c12]
c10          [-0.55, new_cluster]  [-0.45, c1]  ...  [-1.36, c11]  [-4.27, c12]
c11          [-0.55, new_cluster]  [-0.38, c1]  ...  [-1.28, c11]  [-4.27, c12]
c12          [-0.55, new_cluster]  [-0.39, c1]  ...   [-1.3, c11]  [-4.27, c12]

[13 rows x 13 columns]
