Seed: 4
Experiment_path: Random_Seeds//V5/Experiment_05_4
Dataset_Path: ../_00_Datasets/03_SimDaten_Quiroga2020/C_Difficult1_noise015.mat
Dataset_name: ['03_SimDaten_Quiroga2020', 'C_Difficult1_noise015.mat']
Variant_name: Variant_05_Online_Autoencoder_QLearning
Visualisation_Path: Random_Seeds//V5/Experiment_05_4/C_Difficult1_noise015.mat/Variant_05_Online_Autoencoder_QLearning/2023_03_22-10_05_55
Normalisation: False
Template Matching: False
Optimising Autoencoder: False
Update Factor: 10
Noisy Batches: False
Noisy Factor: 0.1
Epochs: 8
Batch Size: 1
maximal Spikes for Autoencoder Training : 700
maximal Spikes for Training: 1000
Input Size: 47
Chosen Model: Autoencoder
Autoencoder(
  (encoder): Sequential(
    (0): Linear(in_features=47, out_features=12, bias=True)
    (1): LeakyReLU(negative_slope=0.01)
    (2): Linear(in_features=12, out_features=2, bias=True)
  )
  (decoder): Sequential(
    (0): Linear(in_features=2, out_features=12, bias=True)
    (1): LeakyReLU(negative_slope=0.01)
    (2): Linear(in_features=12, out_features=47, bias=True)
  )
)
MSELoss()
Adam (
Parameter Group 0
    amsgrad: False
    betas: (0.9, 0.999)
    capturable: False
    differentiable: False
    eps: 1e-08
    foreach: None
    fused: False
    lr: 0.001
    maximize: False
    weight_decay: 0
)
---Q Learning Parameters---
Normalisation: False
Punishment Coefficient: 0.35
Alpha: 0.8
Epsilon: 0.01
Gamma: 0.97
Initial Episode Number: 0
Episode Number Coefficient: 1.4
Number of Random Features: 20
Planning Number: 20
Max Random Features: 60
New Episode Number: 72
New Episode Number: 143
New Episode Number: 215
New Episode Number: 286
New Episode Number: 358
New Episode Number: 429
New Episode Number: 500
New Episode Number: 572
                0     1     2     3     4     5     6     7     8
new_cluster -4.58 -4.33 -4.78 -5.87 -4.89 -4.21 -7.49 -5.38 -8.82
c1          -4.59 -4.32 -4.76 -5.85 -4.95 -4.22 -7.67 -5.37 -8.82
c2          -4.58 -4.20 -4.79 -5.90 -4.99 -4.19 -7.48 -5.39 -8.82
c3          -4.62 -4.33 -4.91 -5.82 -4.96 -4.31 -7.39 -5.40 -8.82
c4          -4.59 -4.40 -4.88 -5.84 -4.98 -4.22 -7.55 -5.36 -8.82
c5          -4.59 -4.24 -4.78 -5.88 -4.90 -4.28 -7.42 -5.38 -8.82
c6          -4.58 -4.39 -4.83 -5.99 -4.83 -4.26 -7.63 -5.34 -8.82
c7          -4.60 -4.22 -4.77 -6.11 -4.88 -4.31 -7.64 -5.31 -8.82
c8          -4.59 -4.26 -4.82 -5.96 -5.00 -4.26 -7.46 -5.36  0.00
                                0            1  ...            7            8
new_cluster  [-0.49, new_cluster]  [-0.17, c1]  ...  [-1.22, c7]  [-8.82, c8]
c1           [-0.49, new_cluster]  [-0.21, c1]  ...  [-1.28, c7]  [-8.82, c8]
c2           [-0.49, new_cluster]  [-0.08, c1]  ...  [-1.23, c7]  [-8.82, c8]
c3           [-0.49, new_cluster]  [-0.14, c1]  ...  [-1.24, c7]  [-8.82, c8]
c4           [-0.49, new_cluster]  [-0.22, c1]  ...  [-1.26, c7]  [-8.82, c8]
c5           [-0.49, new_cluster]  [-0.15, c1]  ...  [-1.22, c7]  [-8.82, c8]
c6           [-0.49, new_cluster]  [-0.22, c1]  ...  [-1.23, c7]  [-8.82, c8]
c7           [-0.49, new_cluster]  [-0.12, c1]  ...   [-1.2, c7]  [-8.82, c8]
c8           [-0.49, new_cluster]  [-0.09, c1]  ...   [-1.2, c7]        [0, ]

[9 rows x 9 columns]
