Seed: 4
Experiment_path: AE_Model_1/Random_Seeds_DV5//V5_2/Experiment_05_4_opt_temp
Dataset_Path: ../_00_Datasets/03_SimDaten_Quiroga2020/C_Difficult2_noise010.mat
Dataset_name: ['03_SimDaten_Quiroga2020', 'C_Difficult2_noise010.mat']
Variant_name: Variant_05_Online_Autoencoder_QLearning_opt_temp
Visualisation_Path: AE_Model_1/Random_Seeds_DV5//V5_2/Experiment_05_4_opt_temp/C_Difficult2_noise010.mat/Variant_05_Online_Autoencoder_QLearning_opt_temp/2023_04_24-16_46_27
Normalisation: False
Template Matching: True
Optimising Autoencoder: True
Update Factor: 1
Noisy Batches: False
Noisy Factor: 0.1
Epochs: 8
Batch Size: 1
maximal Spikes for Autoencoder Training : 700
maximal Spikes for Training: 1000
Input Size: 47
Chosen Model: Autoencoder
Autoencoder(
  (encoder): Sequential(
    (0): Linear(in_features=47, out_features=12, bias=True)
    (1): LeakyReLU(negative_slope=0.01)
    (2): Linear(in_features=12, out_features=2, bias=True)
  )
  (decoder): Sequential(
    (0): Linear(in_features=2, out_features=12, bias=True)
    (1): LeakyReLU(negative_slope=0.01)
    (2): Linear(in_features=12, out_features=47, bias=True)
  )
)
MSELoss()
Adam (
Parameter Group 0
    amsgrad: False
    betas: (0.9, 0.999)
    capturable: False
    differentiable: False
    eps: 1e-08
    foreach: None
    fused: False
    lr: 0.001
    maximize: False
    weight_decay: 0
)
---Q Learning Parameters---
Normalisation: False
Punishment Coefficient: 0.3
Alpha: 0.8
Epsilon: 0.01
Gamma: 0.97
Initial Episode Number: 0
Episode Number Coefficient: 1.4
Number of Random Features: 20
Planning Number: 20
Max Random Features: 60
New Episode Number: 72
New Episode Number: 143
New Episode Number: 215
New Episode Number: 286
New Episode Number: 358
New Episode Number: 429
New Episode Number: 500
New Episode Number: 572
New Episode Number: 643
New Episode Number: 715
New Episode Number: 786
New Episode Number: 858
               0      1     2      3      4   ...    8     9     10     11    12
new_cluster -1.33 -13.60 -5.87 -16.28 -14.77  ... -1.85 -1.05 -2.64 -22.47 -1.72
c1          -1.33 -13.50 -5.65 -15.97 -14.98  ... -1.89 -1.07 -2.49 -20.94 -1.72
c2          -1.38 -13.55 -5.81 -16.09 -14.73  ... -1.88 -1.07 -2.56 -22.51 -1.72
c3          -1.38 -13.50 -5.70 -16.21 -14.96  ... -1.85 -1.08 -2.55 -22.66 -1.71
c4          -1.37 -13.61 -5.83 -15.88 -15.22  ... -1.86 -1.06 -2.52 -21.75 -1.72
c5          -1.38 -13.59 -5.42 -15.80 -14.53  ... -1.87 -1.06 -2.73 -21.62 -1.72
c6          -1.37 -13.59 -6.01 -16.37 -15.47  ... -1.89 -1.11 -2.64 -22.54 -1.70
c7          -1.38 -13.99 -5.47 -15.69 -14.87  ... -1.87 -1.06 -2.61 -22.47 -1.66
c8          -1.38 -13.66 -5.67 -15.90 -14.91  ... -1.99 -1.11 -2.53 -21.80 -1.71
c9          -1.38 -13.46 -5.19 -16.08 -14.75  ... -1.86 -1.07 -2.70 -21.29 -1.72
c10         -1.37 -13.59 -5.48 -15.88 -15.15  ... -1.80 -1.06 -2.68 -21.33 -1.66
c11         -1.37 -13.73 -5.60 -16.35 -14.81  ... -1.86 -1.06 -2.46 -21.36 -1.65
c12         -1.37 -13.92 -5.95 -15.52 -14.83  ... -1.98 -1.09 -2.56 -21.24 -1.72

[13 rows x 13 columns]
\begin{tabular}{lrrrrrrrrrrrrr}
\toprule
{} &    0  &     1  &    2  &     3  &     4  &     5  &    6  &    7  &    8  &    9  &    10 &     11 &    12 \\
\midrule
new\_cluster & -1.33 & -13.60 & -5.87 & -16.28 & -14.77 & -17.84 & -3.44 & -8.40 & -1.85 & -1.05 & -2.64 & -22.47 & -1.72 \\
c1          & -1.33 & -13.50 & -5.65 & -15.97 & -14.98 & -17.91 & -3.62 & -8.42 & -1.89 & -1.07 & -2.49 & -20.94 & -1.72 \\
c2          & -1.38 & -13.55 & -5.81 & -16.09 & -14.73 & -17.92 & -3.55 & -8.42 & -1.88 & -1.07 & -2.56 & -22.51 & -1.72 \\
c3          & -1.38 & -13.50 & -5.70 & -16.21 & -14.96 & -18.35 & -3.78 & -8.39 & -1.85 & -1.08 & -2.55 & -22.66 & -1.71 \\
c4          & -1.37 & -13.61 & -5.83 & -15.88 & -15.22 & -18.07 & -3.41 & -8.41 & -1.86 & -1.06 & -2.52 & -21.75 & -1.72 \\
c5          & -1.38 & -13.59 & -5.42 & -15.80 & -14.53 & -18.88 & -3.35 & -8.41 & -1.87 & -1.06 & -2.73 & -21.62 & -1.72 \\
c6          & -1.37 & -13.59 & -6.01 & -16.37 & -15.47 & -18.21 & -3.68 & -8.42 & -1.89 & -1.11 & -2.64 & -22.54 & -1.70 \\
c7          & -1.38 & -13.99 & -5.47 & -15.69 & -14.87 & -18.14 & -3.30 & -8.40 & -1.87 & -1.06 & -2.61 & -22.47 & -1.66 \\
c8          & -1.38 & -13.66 & -5.67 & -15.90 & -14.91 & -18.50 & -3.34 & -8.42 & -1.99 & -1.11 & -2.53 & -21.80 & -1.71 \\
c9          & -1.38 & -13.46 & -5.19 & -16.08 & -14.75 & -18.95 & -3.45 & -8.42 & -1.86 & -1.07 & -2.70 & -21.29 & -1.72 \\
c10         & -1.37 & -13.59 & -5.48 & -15.88 & -15.15 & -18.39 & -3.47 & -8.41 & -1.80 & -1.06 & -2.68 & -21.33 & -1.66 \\
c11         & -1.37 & -13.73 & -5.60 & -16.35 & -14.81 & -18.27 & -3.51 & -8.41 & -1.86 & -1.06 & -2.46 & -21.36 & -1.65 \\
c12         & -1.37 & -13.92 & -5.95 & -15.52 & -14.83 & -18.59 & -3.35 & -8.41 & -1.98 & -1.09 & -2.56 & -21.24 & -1.72 \\
\bottomrule
\end{tabular}

                               0             1   ...             11            12
new_cluster  [-0.36, new_cluster]  [-12.56, c1]  ...  [-21.64, c11]  [-0.66, c12]
c1           [-0.36, new_cluster]  [-12.47, c1]  ...  [-20.94, c11]  [-0.66, c12]
c2           [-0.36, new_cluster]  [-12.52, c1]  ...  [-21.52, c11]  [-0.66, c12]
c3           [-0.36, new_cluster]  [-12.46, c1]  ...  [-21.66, c11]  [-0.66, c12]
c4           [-0.36, new_cluster]   [-12.6, c1]  ...  [-21.75, c11]  [-0.66, c12]
c5           [-0.36, new_cluster]  [-12.56, c1]  ...  [-21.62, c11]  [-0.66, c12]
c6           [-0.36, new_cluster]  [-12.55, c1]  ...  [-21.71, c11]  [-0.66, c12]
c7           [-0.36, new_cluster]  [-12.96, c1]  ...  [-21.48, c11]  [-0.66, c12]
c8           [-0.36, new_cluster]  [-12.64, c1]  ...  [-20.96, c11]  [-0.66, c12]
c9           [-0.36, new_cluster]  [-12.43, c1]  ...  [-21.21, c11]  [-0.66, c12]
c10          [-0.36, new_cluster]  [-12.55, c1]  ...  [-21.33, c11]  [-0.66, c12]
c11          [-0.36, new_cluster]  [-12.72, c1]  ...  [-21.36, c11]  [-0.66, c12]
c12          [-0.36, new_cluster]   [-12.9, c1]  ...  [-21.24, c11]  [-0.66, c12]

[13 rows x 13 columns]
\begin{tabular}{llllllllllllll}
\toprule
{} &                    0  &            1  &           2  &            3  &            4  &            5  &           6  &           7  &           8  &           9  &            10 &             11 &            12 \\
\midrule
new\_cluster &  [-0.36, new\_cluster] &  [-12.56, c1] &  [-4.83, c2] &  [-15.26, c3] &  [-13.87, c4] &  [-16.82, c5] &   [-2.4, c6] &  [-7.39, c7] &  [-0.78, c8] &  [-0.02, c9] &  [-1.61, c10] &  [-21.64, c11] &  [-0.66, c12] \\
c1          &  [-0.36, new\_cluster] &  [-12.47, c1] &  [-4.61, c2] &  [-15.06, c3] &  [-13.95, c4] &  [-16.88, c5] &  [-2.54, c6] &  [-7.39, c7] &  [-0.82, c8] &  [-0.02, c9] &  [-1.48, c10] &  [-20.94, c11] &  [-0.66, c12] \\
c2          &  [-0.36, new\_cluster] &  [-12.52, c1] &  [-4.77, c2] &  [-15.07, c3] &   [-13.7, c4] &  [-16.94, c5] &  [-2.49, c6] &  [-7.39, c7] &  [-0.81, c8] &  [-0.02, c9] &  [-1.53, c10] &  [-21.52, c11] &  [-0.66, c12] \\
c3          &  [-0.36, new\_cluster] &  [-12.46, c1] &  [-4.67, c2] &  [-15.19, c3] &  [-13.96, c4] &  [-17.44, c5] &   [-2.7, c6] &  [-7.39, c7] &  [-0.79, c8] &  [-0.03, c9] &  [-1.53, c10] &  [-21.66, c11] &  [-0.66, c12] \\
c4          &  [-0.36, new\_cluster] &   [-12.6, c1] &   [-4.8, c2] &  [-14.86, c3] &  [-14.19, c4] &  [-17.05, c5] &  [-2.33, c6] &  [-7.39, c7] &   [-0.8, c8] &  [-0.01, c9] &   [-1.5, c10] &  [-21.75, c11] &  [-0.66, c12] \\
c5          &  [-0.36, new\_cluster] &  [-12.56, c1] &  [-4.38, c2] &  [-14.76, c3] &   [-13.5, c4] &  [-17.85, c5] &  [-2.31, c6] &  [-7.39, c7] &  [-0.81, c8] &  [-0.02, c9] &   [-1.7, c10] &  [-21.62, c11] &  [-0.66, c12] \\
c6          &  [-0.36, new\_cluster] &  [-12.55, c1] &  [-4.97, c2] &  [-15.33, c3] &  [-14.44, c4] &  [-17.18, c5] &  [-2.61, c6] &  [-7.39, c7] &  [-0.81, c8] &  [-0.07, c9] &  [-1.61, c10] &  [-21.71, c11] &  [-0.66, c12] \\
c7          &  [-0.36, new\_cluster] &  [-12.96, c1] &  [-4.43, c2] &  [-14.64, c3] &  [-13.97, c4] &  [-17.12, c5] &  [-2.23, c6] &  [-7.39, c7] &   [-0.8, c8] &  [-0.02, c9] &  [-1.58, c10] &  [-21.48, c11] &  [-0.66, c12] \\
c8          &  [-0.36, new\_cluster] &  [-12.64, c1] &  [-4.63, c2] &  [-14.86, c3] &  [-13.88, c4] &  [-17.59, c5] &  [-2.28, c6] &  [-7.39, c7] &  [-0.91, c8] &  [-0.06, c9] &  [-1.56, c10] &  [-20.96, c11] &  [-0.66, c12] \\
c9          &  [-0.36, new\_cluster] &  [-12.43, c1] &  [-4.15, c2] &  [-15.04, c3] &  [-13.72, c4] &  [-17.92, c5] &  [-2.37, c6] &  [-7.39, c7] &  [-0.79, c8] &  [-0.04, c9] &  [-1.67, c10] &  [-21.21, c11] &  [-0.66, c12] \\
c10         &  [-0.36, new\_cluster] &  [-12.55, c1] &  [-4.44, c2] &  [-14.84, c3] &  [-14.12, c4] &  [-17.38, c5] &  [-2.41, c6] &  [-7.39, c7] &  [-0.73, c8] &  [-0.02, c9] &  [-1.64, c10] &  [-21.33, c11] &  [-0.66, c12] \\
c11         &  [-0.36, new\_cluster] &  [-12.72, c1] &  [-4.56, c2] &   [-15.3, c3] &  [-13.78, c4] &  [-17.25, c5] &  [-2.43, c6] &  [-7.39, c7] &  [-0.79, c8] &  [-0.03, c9] &   [-1.5, c10] &  [-21.36, c11] &  [-0.66, c12] \\
c12         &  [-0.36, new\_cluster] &   [-12.9, c1] &   [-4.9, c2] &  [-14.61, c3] &  [-13.82, c4] &  [-17.57, c5] &  [-2.29, c6] &  [-7.39, c7] &   [-0.9, c8] &  [-0.05, c9] &  [-1.53, c10] &  [-21.24, c11] &  [-0.66, c12] \\
\bottomrule
\end{tabular}

