Seed: 0
Experiment_path: AE_Model_2/Reduce_Training//V5_100/Experiment_05
Dataset_Path: ../_00_Datasets/03_SimDaten_Quiroga2020/C_Easy2_noise015.mat
Dataset_name: ['03_SimDaten_Quiroga2020', 'C_Easy2_noise015.mat']
Variant_name: Variant_05_Online_Autoencoder_QLearning
Visualisation_Path: AE_Model_2/Reduce_Training//V5_100/Experiment_05/C_Easy2_noise015.mat/Variant_05_Online_Autoencoder_QLearning/1.0
Normalisation: False
Template Matching: False
Optimising Autoencoder: False
Update Factor: 1
Noisy Batches: False
Noisy Factor: 0.001
Epochs: 8
Batch Size: 1
maximal Spikes for Autoencoder Training : 100
maximal Spikes for Training: 400
Input Size: 47
Chosen Model: Convolutional Autoencoder
ConvolutionalAutoencoder(
  (encoder): Sequential(
    (0): Conv1d(1, 6, kernel_size=(6,), stride=(1,))
    (1): LeakyReLU(negative_slope=0.01)
    (2): Conv1d(6, 1, kernel_size=(6,), stride=(1,))
    (3): Flatten(start_dim=1, end_dim=-1)
    (4): Linear(in_features=37, out_features=2, bias=True)
  )
  (decoder): Sequential(
    (0): ConvTranspose1d(1, 6, kernel_size=(6,), stride=(1,))
    (1): LeakyReLU(negative_slope=0.01)
    (2): ConvTranspose1d(6, 1, kernel_size=(6,), stride=(1,))
    (3): Flatten(start_dim=1, end_dim=-1)
    (4): Linear(in_features=12, out_features=47, bias=True)
  )
)
MSELoss()
Adam (
Parameter Group 0
    amsgrad: False
    betas: (0.9, 0.999)
    capturable: False
    differentiable: False
    eps: 1e-08
    foreach: None
    fused: False
    lr: 0.001
    maximize: False
    weight_decay: 0
)
---Q Learning Parameters---
Normalisation: False
Punishment Coefficient: 1.0
Alpha: 0.8
Epsilon: 0.01
Gamma: 0.97
Initial Episode Number: 0
Episode Number Coefficient: 1.4
Number of Random Features: 20
Planning Number: 20
Max Random Features: 60
New Episode Number: 72
New Episode Number: 143
New Episode Number: 215
New Episode Number: 286
New Episode Number: 358
                0     1      2     3     4       5
new_cluster -8.15 -4.25 -37.71 -8.55 -5.70 -106.42
c1          -8.11 -4.32 -42.50 -8.55 -5.68 -106.39
c2          -8.12 -4.39 -39.60 -8.32 -6.07 -106.38
c3          -8.13 -4.34 -37.55 -8.32 -5.79 -106.38
c4          -8.23 -4.34 -35.81 -9.11 -5.33 -106.42
c5          -8.11 -4.29 -39.65 -8.81 -6.02 -106.77
\begin{tabular}{lrrrrrr}
\toprule
{} &     0 &     1 &      2 &     3 &     4 &       5 \\
\midrule
new\_cluster & -8.15 & -4.25 & -37.71 & -8.55 & -5.70 & -106.42 \\
c1          & -8.11 & -4.32 & -42.50 & -8.55 & -5.68 & -106.39 \\
c2          & -8.12 & -4.39 & -39.60 & -8.32 & -6.07 & -106.38 \\
c3          & -8.13 & -4.34 & -37.55 & -8.32 & -5.79 & -106.38 \\
c4          & -8.23 & -4.34 & -35.81 & -9.11 & -5.33 & -106.42 \\
c5          & -8.11 & -4.29 & -39.65 & -8.81 & -6.02 & -106.77 \\
\bottomrule
\end{tabular}

                               0            1  ...            4              5
new_cluster  [-4.0, new_cluster]  [-0.04, c1]  ...  [-1.49, c4]  [-102.27, c5]
c1           [-4.0, new_cluster]  [-0.09, c1]  ...  [-1.47, c4]  [-102.27, c5]
c2           [-4.0, new_cluster]  [-0.13, c1]  ...  [-1.82, c4]  [-102.27, c5]
c3           [-4.0, new_cluster]  [-0.11, c1]  ...  [-1.57, c4]  [-102.27, c5]
c4           [-4.0, new_cluster]  [-0.11, c1]  ...  [-1.12, c4]  [-102.27, c5]
c5           [-4.0, new_cluster]  [-0.07, c1]  ...  [-1.68, c4]  [-102.27, c5]

[6 rows x 6 columns]
\begin{tabular}{lllllll}
\toprule
{} &                    0 &            1 &             2 &            3 &            4 &              5 \\
\midrule
new\_cluster &  [-4.0, new\_cluster] &  [-0.04, c1] &  [-33.46, c2] &  [-4.28, c3] &  [-1.49, c4] &  [-102.27, c5] \\
c1          &  [-4.0, new\_cluster] &  [-0.09, c1] &  [-38.25, c2] &  [-4.27, c3] &  [-1.47, c4] &  [-102.27, c5] \\
c2          &  [-4.0, new\_cluster] &  [-0.13, c1] &  [-35.33, c2] &   [-4.1, c3] &  [-1.82, c4] &  [-102.27, c5] \\
c3          &  [-4.0, new\_cluster] &  [-0.11, c1] &  [-33.29, c2] &  [-4.09, c3] &  [-1.57, c4] &  [-102.27, c5] \\
c4          &  [-4.0, new\_cluster] &  [-0.11, c1] &  [-31.49, c2] &  [-4.49, c3] &  [-1.12, c4] &  [-102.27, c5] \\
c5          &  [-4.0, new\_cluster] &  [-0.07, c1] &  [-35.38, c2] &  [-4.53, c3] &  [-1.68, c4] &  [-102.27, c5] \\
\bottomrule
\end{tabular}

