Experiment_path: AE_Model_2/Random_Seeds//V2/Experiment_02_9
Dataset_Path: ../_00_Datasets/03_SimDaten_Quiroga2020/C_Difficult1_noise005.mat
Dataset_name: ['03_SimDaten_Quiroga2020', 'C_Difficult1_noise005.mat']
Variant_name: Variant_02_Autoencoder_KMeans
Visualisation_Path: Random_Seeds//V2/Experiment_02_9/C_Difficult1_noise005.mat/Variant_02_Autoencoder_KMeans/2023_04_20-15_15_00
<_01_LoadDataset.ExternCode.spike_class.spike_dataclass object at 0x0000021A8D5A3160>
Sampling rate: 24000.0
Raw: [-0.02396372 -0.02524464 -0.02236968 ... -0.00445509 -0.00436778
 -0.00470578]
Times: [    634     868    2584 ... 1437994 1438740 1439460]
Cluster: [3 2 3 ... 1 2 3]
Number of different clusters:  3
Number of Spikes: 3383
First aligned Spike Frame: [ 0.00503762 -0.00373478 -0.02417005 -0.05492281 -0.07823403 -0.07649548
 -0.06285267 -0.06865366 -0.09676273 -0.11004904 -0.09516198 -0.02689536
  0.18218225  0.56508663  0.95357316  1.00263054  0.57634096 -0.04324787
 -0.47305592 -0.6155027  -0.61852552 -0.60964372 -0.60484482 -0.57289026
 -0.52334621 -0.49235523 -0.47468281 -0.4416077  -0.40763637 -0.38725194
 -0.36627613 -0.33462257 -0.30781191 -0.30310449 -0.30176569 -0.28764362
 -0.27487686 -0.27588822 -0.27512317 -0.25186462 -0.21649826 -0.18877803
 -0.16831802 -0.15216626 -0.15550926 -0.17919117 -0.19056035]
Cluster 0, Occurrences: 1115
Cluster 1, Occurrences: 1113
Cluster 2, Occurrences: 1155
<torch.utils.data.dataloader.DataLoader object at 0x0000021A8D5A3320>
Epoch [1/8]: mean_loss=0.00019271075724178944
Epoch [2/8]: mean_loss=0.00012393047232147798
Epoch [3/8]: mean_loss=0.0001238703483673258
Epoch [4/8]: mean_loss=0.0001236543951579762
Epoch [5/8]: mean_loss=0.00012347066776065513
Epoch [6/8]: mean_loss=0.0001239077306589034
Epoch [7/8]: mean_loss=0.0001227634678053263
Epoch [8/8]: mean_loss=0.00012140966243100411
Number of Clusters: 3
Number of Samples after Autoencoder testing: 3383
First Spike after testing: [-1.5973148  1.1498075]
[2 1 2 ... 0 1 2]
[1 2 1 ... 0 2 1]
Cluster 0 Occurrences: 1115; KMEANS: 1084
Cluster 1 Occurrences: 1113; KMEANS: 1214
Cluster 2 Occurrences: 1155; KMEANS: 1085
Centroids: [[-1.3364103, 0.20621428], [-0.2972856, 0.67046595], [-1.2934835, 1.4659516]]
Centroids: [[-1.3330091, 0.16528705], [-1.3038135, 1.4805584], [-0.26464343, 0.638491]]
Contingency Matrix: 
[[1078   28    9]
 [   4   38 1071]
 [   2 1148    5]]
[[1078, 28, 9], [4, 38, 1071], [2, 1148, 5]]
[[1078, 28, 9], [4, 38, 1071], [2, 1148, 5]]
[0, 1, 2]
[[1078, -1, 9], [4, -1, 1071], [-1, -1, -1]]
[[-1, -1, -1], [-1, -1, 1071], [-1, -1, -1]]
[[-1, -1, -1], [-1, -1, -1], [-1, -1, -1]]
Match_Labels: {2: 1, 0: 0, 1: 2}
New Contingency Matrix: 
[[1078    9   28]
 [   4 1071   38]
 [   2    5 1148]]
New Clustered Label Sequence: [0, 2, 1]
Diagonal_Elements: [1078, 1071, 1148], Sum: 3297
All_Elements: [1078, 9, 28, 4, 1071, 38, 2, 5, 1148], Sum: 3383
Accuracy: 0.9745787762341117
