Seed: 0
Experiment_path: Experiment_05
Dataset_Path: ../_00_Datasets/03_SimDaten_Quiroga2020/C_Easy1_noise035.mat
Dataset_name: ['03_SimDaten_Quiroga2020', 'C_Easy1_noise035.mat']
Variant_name: Variant_05_Online_Autoencoder_QLearning
Visualisation_Path: AE_Model_2/Epochs_GS_PC//V5_2/C_Easy1_noise035.mat/Variant_05_Online_Autoencoder_QLearning/0.9
Normalisation: False
Template Matching: False
Optimising Autoencoder: False
Update Factor: 1
Noisy Batches: False
Noisy Factor: 0.001
Epochs: 2
Batch Size: 1
maximal Spikes for Autoencoder Training : 700
maximal Spikes for Training: 1000
Input Size: 47
Chosen Model: Convolutional Autoencoder
ConvolutionalAutoencoder(
  (encoder): Sequential(
    (0): Conv1d(1, 6, kernel_size=(6,), stride=(1,))
    (1): LeakyReLU(negative_slope=0.01)
    (2): Conv1d(6, 1, kernel_size=(6,), stride=(1,))
    (3): Flatten(start_dim=1, end_dim=-1)
    (4): Linear(in_features=37, out_features=2, bias=True)
  )
  (decoder): Sequential(
    (0): ConvTranspose1d(1, 6, kernel_size=(6,), stride=(1,))
    (1): LeakyReLU(negative_slope=0.01)
    (2): ConvTranspose1d(6, 1, kernel_size=(6,), stride=(1,))
    (3): Flatten(start_dim=1, end_dim=-1)
    (4): Linear(in_features=12, out_features=47, bias=True)
  )
)
MSELoss()
Adam (
Parameter Group 0
    amsgrad: False
    betas: (0.9, 0.999)
    capturable: False
    differentiable: False
    eps: 1e-08
    foreach: None
    fused: False
    lr: 0.001
    maximize: False
    weight_decay: 0
)
---Q Learning Parameters---
Normalisation: False
Punishment Coefficient: 0.9
Alpha: 0.8
Epsilon: 0.01
Gamma: 0.97
Initial Episode Number: 0
Episode Number Coefficient: 1.4
Number of Random Features: 20
Planning Number: 20
Max Random Features: 60
New Episode Number: 72
New Episode Number: 143
New Episode Number: 215
New Episode Number: 286
New Episode Number: 358
New Episode Number: 429
New Episode Number: 500
New Episode Number: 572
New Episode Number: 643
New Episode Number: 715
New Episode Number: 786
New Episode Number: 858
New Episode Number: 929
New Episode Number: 1000
New Episode Number: 1072
New Episode Number: 1143
New Episode Number: 1215
                0       1      2       3   ...      14      15     16     17
new_cluster -73.71 -102.92 -74.65 -120.60  ... -136.34 -107.38 -83.02 -81.58
c1          -74.38 -101.45 -73.07 -121.10  ... -136.33 -107.19 -83.67 -81.60
c2          -73.91 -101.72 -74.06 -120.86  ... -136.38 -107.40 -83.08 -81.57
c3          -73.91 -101.18 -74.26 -119.87  ... -136.41 -107.33 -83.68 -81.59
c4          -73.06 -101.55 -73.24 -122.41  ... -136.36 -107.31 -83.64 -81.72
c5          -74.22 -103.41 -73.83 -119.07  ... -136.33 -107.40 -83.10 -81.57
c6          -73.62 -102.19 -74.63 -120.14  ... -136.34 -107.41 -83.58 -81.42
c7          -73.91 -101.82 -73.80 -120.47  ... -136.28 -107.40 -83.50 -81.57
c8          -73.60 -101.46 -73.93 -120.33  ... -136.59 -107.00 -83.64 -81.58
c9          -73.68 -102.64 -73.53 -120.31  ... -136.53 -107.21 -82.91 -81.71
c10         -73.52 -100.72 -74.12 -118.29  ... -136.38 -107.34 -83.08 -81.55
c11         -74.44  -99.01 -74.64 -119.40  ... -136.59 -107.40 -83.52 -81.59
c12         -73.87 -101.60 -75.02 -118.17  ... -136.33 -107.21 -83.33 -81.60
c13         -74.27 -101.27 -74.31 -120.10  ... -136.39 -107.41 -83.44 -81.71
c14         -74.27 -100.51 -72.96 -121.92  ... -136.41 -107.41 -83.45 -81.57
c15         -73.70 -103.88 -73.97 -118.97  ... -136.28 -106.98 -83.52 -81.57
c16         -73.91 -101.16 -73.86 -120.32  ... -136.59 -106.93 -83.45 -81.07
c17         -74.36  -99.26 -73.38 -122.29  ... -136.33 -107.39 -83.64 -81.57

[18 rows x 18 columns]
\begin{tabular}{lrrrrrrrrrrrrrrrrrr}
\toprule
{} &     0  &      1  &     2  &      3  &     4  &     5  &     6  &     7  &     8  &      9  &      10 &     11 &     12 &     13 &      14 &      15 &     16 &     17 \\
\midrule
new\_cluster & -73.71 & -102.92 & -74.65 & -120.60 & -79.47 & -91.18 & -75.62 & -82.33 & -82.73 & -104.21 & -115.45 & -73.38 & -77.47 & -74.63 & -136.34 & -107.38 & -83.02 & -81.58 \\
c1          & -74.38 & -101.45 & -73.07 & -121.10 & -77.91 & -90.76 & -74.86 & -83.03 & -81.63 & -103.28 & -114.49 & -73.01 & -77.91 & -75.00 & -136.33 & -107.19 & -83.67 & -81.60 \\
c2          & -73.91 & -101.72 & -74.06 & -120.86 & -78.42 & -90.82 & -74.23 & -83.49 & -81.75 & -103.67 & -116.47 & -73.34 & -81.06 & -75.65 & -136.38 & -107.40 & -83.08 & -81.57 \\
c3          & -73.91 & -101.18 & -74.26 & -119.87 & -77.68 & -90.87 & -74.36 & -81.12 & -83.99 & -104.97 & -116.01 & -73.05 & -77.04 & -73.85 & -136.41 & -107.33 & -83.68 & -81.59 \\
c4          & -73.06 & -101.55 & -73.24 & -122.41 & -78.92 & -91.37 & -75.19 & -83.37 & -82.57 & -105.11 & -116.50 & -73.29 & -77.65 & -74.12 & -136.36 & -107.31 & -83.64 & -81.72 \\
c5          & -74.22 & -103.41 & -73.83 & -119.07 & -76.94 & -89.14 & -73.84 & -82.43 & -83.27 & -104.96 & -116.98 & -73.11 & -77.80 & -74.48 & -136.33 & -107.40 & -83.10 & -81.57 \\
c6          & -73.62 & -102.19 & -74.63 & -120.14 & -79.02 & -91.39 & -75.55 & -82.13 & -81.13 & -104.59 & -114.56 & -73.61 & -78.63 & -75.33 & -136.34 & -107.41 & -83.58 & -81.42 \\
c7          & -73.91 & -101.82 & -73.80 & -120.47 & -76.76 & -92.39 & -74.90 & -83.49 & -81.91 & -105.11 & -117.07 & -73.45 & -77.08 & -74.27 & -136.28 & -107.40 & -83.50 & -81.57 \\
c8          & -73.60 & -101.46 & -73.93 & -120.33 & -79.15 & -90.09 & -74.29 & -83.01 & -83.42 & -105.80 & -115.05 & -72.78 & -78.40 & -74.34 & -136.59 & -107.00 & -83.64 & -81.58 \\
c9          & -73.68 & -102.64 & -73.53 & -120.31 & -78.15 & -90.48 & -75.13 & -83.81 & -82.70 & -103.91 & -117.76 & -73.53 & -76.85 & -74.87 & -136.53 & -107.21 & -82.91 & -81.71 \\
c10         & -73.52 & -100.72 & -74.12 & -118.29 & -77.53 & -89.61 & -74.33 & -83.58 & -81.58 & -104.71 & -115.61 & -73.83 & -76.73 & -75.14 & -136.38 & -107.34 & -83.08 & -81.55 \\
c11         & -74.44 &  -99.01 & -74.64 & -119.40 & -79.10 & -89.30 & -76.51 & -83.77 & -83.01 & -105.39 & -115.47 & -74.24 & -78.44 & -74.80 & -136.59 & -107.40 & -83.52 & -81.59 \\
c12         & -73.87 & -101.60 & -75.02 & -118.17 & -78.09 & -90.96 & -75.91 & -82.70 & -82.28 & -104.31 & -117.26 & -74.29 & -77.61 & -73.92 & -136.33 & -107.21 & -83.33 & -81.60 \\
c13         & -74.27 & -101.27 & -74.31 & -120.10 & -79.05 & -89.66 & -73.67 & -83.46 & -82.19 & -105.18 & -115.03 & -73.42 & -79.15 & -74.98 & -136.39 & -107.41 & -83.44 & -81.71 \\
c14         & -74.27 & -100.51 & -72.96 & -121.92 & -79.23 & -89.56 & -75.42 & -81.69 & -81.25 & -105.59 & -116.51 & -73.90 & -77.22 & -74.86 & -136.41 & -107.41 & -83.45 & -81.57 \\
c15         & -73.70 & -103.88 & -73.97 & -118.97 & -79.78 & -89.10 & -74.89 & -83.09 & -82.36 & -104.86 & -116.82 & -73.69 & -77.50 & -74.82 & -136.28 & -106.98 & -83.52 & -81.57 \\
c16         & -73.91 & -101.16 & -73.86 & -120.32 & -78.29 & -89.98 & -75.02 & -83.79 & -83.85 & -103.97 & -115.20 & -73.79 & -78.11 & -74.64 & -136.59 & -106.93 & -83.45 & -81.07 \\
c17         & -74.36 &  -99.26 & -73.38 & -122.29 & -79.93 & -91.46 & -74.16 & -84.05 & -81.21 & -105.23 & -115.73 & -73.28 & -78.46 & -74.39 & -136.33 & -107.39 & -83.64 & -81.57 \\
\bottomrule
\end{tabular}

                               0             1   ...             16             17
new_cluster  [-3.24, new_cluster]  [-32.89, c1]  ...  [-12.12, c16]  [-10.48, c17]
c1           [-3.24, new_cluster]  [-31.56, c1]  ...  [-12.12, c16]  [-10.48, c17]
c2           [-3.24, new_cluster]  [-31.83, c1]  ...  [-12.12, c16]  [-10.48, c17]
c3           [-3.24, new_cluster]  [-31.28, c1]  ...  [-12.12, c16]  [-10.48, c17]
c4           [-3.24, new_cluster]  [-31.62, c1]  ...  [-12.12, c16]  [-10.48, c17]
c5           [-3.24, new_cluster]  [-32.78, c1]  ...  [-12.12, c16]  [-10.48, c17]
c6           [-3.24, new_cluster]  [-32.29, c1]  ...  [-12.12, c16]  [-10.48, c17]
c7           [-3.24, new_cluster]  [-31.92, c1]  ...  [-12.12, c16]  [-10.48, c17]
c8           [-3.24, new_cluster]  [-30.82, c1]  ...  [-12.12, c16]  [-10.48, c17]
c9           [-3.24, new_cluster]  [-32.01, c1]  ...  [-12.12, c16]  [-10.48, c17]
c10          [-3.24, new_cluster]   [-30.7, c1]  ...  [-12.12, c16]  [-10.48, c17]
c11          [-3.24, new_cluster]  [-29.11, c1]  ...  [-12.12, c16]  [-10.48, c17]
c12          [-3.24, new_cluster]  [-31.68, c1]  ...  [-12.12, c16]  [-10.48, c17]
c13          [-3.24, new_cluster]  [-31.37, c1]  ...  [-12.12, c16]  [-10.48, c17]
c14          [-3.24, new_cluster]  [-30.61, c1]  ...  [-12.12, c16]  [-10.48, c17]
c15          [-3.24, new_cluster]  [-33.28, c1]  ...  [-12.12, c16]  [-10.48, c17]
c16          [-3.24, new_cluster]  [-30.53, c1]  ...  [-12.12, c16]  [-10.48, c17]
c17          [-3.24, new_cluster]  [-29.36, c1]  ...  [-12.12, c16]  [-10.48, c17]

[18 rows x 18 columns]
\begin{tabular}{lllllllllllllllllll}
\toprule
{} &                    0  &            1  &           2  &            3  &           4  &            5  &           6  &            7  &            8  &            9  &             10 &            11 &            12 &            13 &             14 &            15 &             16 &             17 \\
\midrule
new\_cluster &  [-3.24, new\_cluster] &  [-32.89, c1] &  [-4.21, c2] &  [-49.77, c3] &  [-8.55, c4] &  [-20.87, c5] &  [-4.26, c6] &  [-11.49, c7] &  [-12.17, c8] &  [-32.86, c9] &  [-44.37, c10] &   [-1.8, c11] &  [-5.92, c12] &  [-3.77, c13] &  [-65.49, c14] &  [-36.5, c15] &  [-12.12, c16] &  [-10.48, c17] \\
c1          &  [-3.24, new\_cluster] &  [-31.56, c1] &  [-2.63, c2] &  [-50.27, c3] &  [-7.93, c4] &  [-20.24, c5] &  [-4.21, c6] &  [-12.18, c7] &  [-11.86, c8] &  [-32.69, c9] &  [-44.37, c10] &  [-1.86, c11] &  [-6.27, c12] &  [-3.79, c13] &  [-65.49, c14] &  [-36.5, c15] &  [-12.12, c16] &  [-10.48, c17] \\
c2          &  [-3.24, new\_cluster] &  [-31.83, c1] &  [-3.18, c2] &   [-50.0, c3] &  [-7.72, c4] &  [-20.51, c5] &  [-3.73, c6] &  [-12.64, c7] &   [-11.2, c8] &  [-32.47, c9] &  [-45.39, c10] &  [-2.22, c11] &  [-9.61, c12] &  [-4.83, c13] &  [-65.49, c14] &  [-36.5, c15] &  [-12.12, c16] &  [-10.48, c17] \\
c3          &  [-3.24, new\_cluster] &  [-31.28, c1] &  [-3.88, c2] &  [-49.03, c3] &   [-7.7, c4] &  [-20.45, c5] &  [-3.16, c6] &  [-10.22, c7] &  [-13.59, c8] &  [-33.66, c9] &  [-45.73, c10] &  [-1.97, c11] &   [-5.7, c12] &  [-2.66, c13] &  [-65.49, c14] &  [-36.5, c15] &  [-12.12, c16] &  [-10.48, c17] \\
c4          &  [-3.24, new\_cluster] &  [-31.62, c1] &  [-3.08, c2] &   [-51.6, c3] &  [-8.95, c4] &  [-21.03, c5] &  [-4.53, c6] &  [-12.53, c7] &   [-12.0, c8] &  [-33.79, c9] &  [-45.42, c10] &  [-2.19, c11] &   [-6.0, c12] &  [-3.25, c13] &  [-65.49, c14] &  [-36.5, c15] &  [-12.12, c16] &  [-10.48, c17] \\
c5          &  [-3.24, new\_cluster] &  [-32.78, c1] &  [-3.73, c2] &  [-48.21, c3] &  [-6.96, c4] &  [-18.62, c5] &  [-2.49, c6] &  [-11.59, c7] &  [-13.27, c8] &  [-33.75, c9] &  [-45.73, c10] &  [-1.76, c11] &  [-6.16, c12] &  [-3.24, c13] &  [-65.49, c14] &  [-36.5, c15] &  [-12.12, c16] &  [-10.48, c17] \\
c6          &  [-3.24, new\_cluster] &  [-32.29, c1] &  [-3.59, c2] &   [-49.3, c3] &  [-8.33, c4] &  [-20.55, c5] &  [-4.29, c6] &  [-11.28, c7] &  [-11.51, c8] &  [-33.39, c9] &   [-43.6, c10] &  [-2.43, c11] &  [-7.35, c12] &  [-4.25, c13] &  [-65.49, c14] &  [-36.5, c15] &  [-12.12, c16] &  [-10.48, c17] \\
c7          &  [-3.24, new\_cluster] &  [-31.92, c1] &  [-2.91, c2] &  [-50.09, c3] &  [-6.79, c4] &   [-21.9, c5] &  [-3.54, c6] &  [-12.47, c7] &  [-12.29, c8] &  [-33.79, c9] &  [-46.11, c10] &  [-2.54, c11] &  [-5.92, c12] &  [-3.78, c13] &  [-65.49, c14] &  [-36.5, c15] &  [-12.12, c16] &  [-10.48, c17] \\
c8          &  [-3.24, new\_cluster] &  [-30.82, c1] &  [-3.05, c2] &  [-49.47, c3] &  [-9.15, c4] &  [-19.21, c5] &  [-2.92, c6] &  [-12.14, c7] &  [-13.02, c8] &  [-34.51, c9] &  [-44.93, c10] &  [-1.76, c11] &  [-6.78, c12] &  [-3.25, c13] &  [-65.49, c14] &  [-36.5, c15] &  [-12.12, c16] &  [-10.48, c17] \\
c9          &  [-3.24, new\_cluster] &  [-32.01, c1] &  [-3.37, c2] &  [-49.53, c3] &  [-8.17, c4] &  [-19.69, c5] &  [-3.93, c6] &  [-12.97, c7] &  [-13.06, c8] &  [-32.73, c9] &  [-46.69, c10] &  [-3.43, c11] &  [-5.81, c12] &  [-3.96, c13] &  [-65.49, c14] &  [-36.5, c15] &  [-12.12, c16] &  [-10.48, c17] \\
c10         &  [-3.24, new\_cluster] &   [-30.7, c1] &  [-4.01, c2] &  [-47.53, c3] &  [-6.83, c4] &   [-19.3, c5] &  [-2.96, c6] &  [-11.73, c7] &  [-11.97, c8] &  [-33.39, c9] &  [-45.48, c10] &  [-2.24, c11] &  [-5.14, c12] &  [-3.98, c13] &  [-65.49, c14] &  [-36.5, c15] &  [-12.12, c16] &  [-10.48, c17] \\
c11         &  [-3.24, new\_cluster] &  [-29.11, c1] &  [-3.61, c2] &  [-48.64, c3] &   [-8.4, c4] &  [-18.78, c5] &  [-5.11, c6] &  [-12.86, c7] &  [-12.45, c8] &  [-34.24, c9] &  [-44.39, c10] &  [-2.76, c11] &  [-6.78, c12] &  [-3.97, c13] &  [-65.49, c14] &  [-36.5, c15] &  [-12.12, c16] &  [-10.48, c17] \\
c12         &  [-3.24, new\_cluster] &  [-31.68, c1] &  [-4.09, c2] &  [-47.83, c3] &  [-7.35, c4] &  [-20.17, c5] &  [-4.51, c6] &  [-11.86, c7] &  [-11.89, c8] &  [-32.99, c9] &  [-47.07, c10] &  [-2.39, c11] &  [-6.32, c12] &  [-3.44, c13] &  [-65.49, c14] &  [-36.5, c15] &  [-12.12, c16] &  [-10.48, c17] \\
c13         &  [-3.24, new\_cluster] &  [-31.37, c1] &  [-4.21, c2] &  [-49.41, c3] &  [-8.36, c4] &  [-18.88, c5] &  [-3.17, c6] &  [-12.62, c7] &  [-11.62, c8] &  [-33.88, c9] &  [-44.71, c10] &  [-2.24, c11] &  [-7.59, c12] &  [-4.16, c13] &  [-65.49, c14] &  [-36.5, c15] &  [-12.12, c16] &  [-10.48, c17] \\
c14         &  [-3.24, new\_cluster] &  [-30.61, c1] &  [-2.86, c2] &  [-51.11, c3] &  [-8.54, c4] &  [-19.26, c5] &  [-3.94, c6] &  [-10.85, c7] &  [-11.64, c8] &   [-33.8, c9] &  [-45.25, c10] &  [-2.77, c11] &  [-6.06, c12] &  [-3.65, c13] &  [-65.49, c14] &  [-36.5, c15] &  [-12.12, c16] &  [-10.48, c17] \\
c15         &  [-3.24, new\_cluster] &  [-33.28, c1] &  [-3.87, c2] &  [-48.22, c3] &  [-9.74, c4] &  [-18.62, c5] &  [-3.53, c6] &  [-11.91, c7] &  [-11.96, c8] &  [-33.57, c9] &  [-45.73, c10] &  [-1.83, c11] &  [-6.06, c12] &  [-3.99, c13] &  [-65.49, c14] &  [-36.5, c15] &  [-12.12, c16] &  [-10.48, c17] \\
c16         &  [-3.24, new\_cluster] &  [-30.53, c1] &  [-3.72, c2] &  [-49.48, c3] &  [-7.62, c4] &  [-19.49, c5] &  [-3.61, c6] &  [-12.93, c7] &  [-13.45, c8] &  [-32.64, c9] &  [-45.08, c10] &  [-2.44, c11] &  [-6.98, c12] &  [-3.82, c13] &  [-65.49, c14] &  [-36.5, c15] &  [-12.12, c16] &  [-10.48, c17] \\
c17         &  [-3.24, new\_cluster] &  [-29.36, c1] &  [-3.27, c2] &  [-51.47, c3] &  [-9.07, c4] &  [-20.92, c5] &  [-2.76, c6] &  [-12.96, c7] &  [-10.81, c8] &  [-33.93, c9] &  [-45.59, c10] &  [-2.58, c11] &  [-7.13, c12] &  [-3.57, c13] &  [-65.49, c14] &  [-36.5, c15] &  [-12.12, c16] &  [-10.48, c17] \\
\bottomrule
\end{tabular}

