Seed: 0
Experiment_path: AE_Model_1/Base_Line_W_PC//0.6/Experiment_03
Dataset_Path: ../_00_Datasets/03_SimDaten_Quiroga2020/C_Difficult2_noise020.mat
Dataset_name: ['03_SimDaten_Quiroga2020', 'C_Difficult2_noise020.mat']
Variant_name: Variant_03_PCA_QLearning
Visualisation_Path: Base_Line_W_PC//0.6/Experiment_03/C_Difficult2_noise020.mat/Variant_03_PCA_QLearning/2023_04_09-18_30_09
PCA Components: 2
Q Learning Size: 300
---Q Learning Parameters---
Normalisation: False
Punishment Coefficient: 0.6
Alpha: 0.8
Epsilon: 0.01
Gamma: 0.97
Initial Episode Number: 0
Episode Number Coefficient: 1.4
Number of Random Features: 20
Planning Number: 20
Max Random Features: 60
New Episode Number: 72
New Episode Number: 143
New Episode Number: 215
New Episode Number: 286
New Episode Number: 358
New Episode Number: 429
New Episode Number: 500
New Episode Number: 572
New Episode Number: 643
New Episode Number: 715
New Episode Number: 786
New Episode Number: 858
New Episode Number: 929
New Episode Number: 1000
                0      1      2      3   ...     11     12     13     14
new_cluster -11.09 -11.47 -19.03 -24.78  ... -17.97 -44.91 -25.59 -12.43
c1          -10.90 -11.32 -19.51 -23.49  ... -18.08 -45.24 -25.47 -12.43
c2          -10.95 -11.69 -19.21 -23.21  ... -18.02 -45.24 -27.01 -12.43
c3          -10.99 -11.09 -18.82 -23.49  ... -17.89 -45.19 -28.27 -12.43
c4          -11.01 -11.59 -19.46 -23.90  ... -18.35 -45.18 -26.44 -12.43
c5          -10.88 -11.48 -19.10 -22.89  ... -18.61 -45.17 -26.05 -12.43
c6          -11.09 -11.22 -18.87 -24.16  ... -16.87 -45.22 -27.59 -12.43
c7          -10.98 -11.11 -19.37 -24.08  ... -17.25 -45.18 -27.97 -12.43
c8          -10.99 -11.14 -20.22 -24.77  ... -18.01 -45.07 -27.63 -12.43
c9          -11.09 -11.55 -19.19 -24.73  ... -17.64 -45.26 -26.78 -12.43
c10         -10.98 -11.29 -19.41 -24.08  ... -18.42 -45.18 -27.39 -12.43
c11         -11.09 -11.31 -19.95 -23.47  ... -18.32 -45.09 -26.83 -12.43
c12         -11.06 -11.86 -20.35 -24.35  ... -19.00 -45.16 -26.64 -12.43
c13         -10.99 -11.15 -19.52 -23.97  ... -18.27 -45.15 -26.73 -12.43
c14         -11.08 -11.24 -19.35 -24.11  ... -18.55 -45.21 -27.28   0.00

[15 rows x 15 columns]
\begin{tabular}{lrrrrrrrrrrrrrrr}
\toprule
{} &     0  &     1  &     2  &     3  &     4  &     5  &     6  &     7  &     8  &     9  &     10 &     11 &     12 &     13 &     14 \\
\midrule
new\_cluster & -11.09 & -11.47 & -19.03 & -24.78 & -19.42 & -17.10 &  -9.97 & -10.12 & -31.96 & -10.36 & -25.27 & -17.97 & -44.91 & -25.59 & -12.43 \\
c1          & -10.90 & -11.32 & -19.51 & -23.49 & -19.49 & -16.51 &  -9.88 & -10.29 & -31.71 & -10.31 & -25.74 & -18.08 & -45.24 & -25.47 & -12.43 \\
c2          & -10.95 & -11.69 & -19.21 & -23.21 & -19.97 & -16.74 & -10.09 & -10.14 & -31.58 & -10.22 & -25.47 & -18.02 & -45.24 & -27.01 & -12.43 \\
c3          & -10.99 & -11.09 & -18.82 & -23.49 & -18.94 & -15.56 &  -9.92 & -10.22 & -32.01 & -10.32 & -25.19 & -17.89 & -45.19 & -28.27 & -12.43 \\
c4          & -11.01 & -11.59 & -19.46 & -23.90 & -18.78 & -17.00 & -10.04 &  -9.98 & -32.89 & -10.29 & -25.68 & -18.35 & -45.18 & -26.44 & -12.43 \\
c5          & -10.88 & -11.48 & -19.10 & -22.89 & -18.03 & -17.29 & -10.17 & -10.11 & -33.13 & -10.14 & -24.95 & -18.61 & -45.17 & -26.05 & -12.43 \\
c6          & -11.09 & -11.22 & -18.87 & -24.16 & -19.68 & -17.29 & -10.02 & -10.10 & -31.71 & -10.27 & -25.16 & -16.87 & -45.22 & -27.59 & -12.43 \\
c7          & -10.98 & -11.11 & -19.37 & -24.08 & -19.07 & -16.64 & -10.02 & -10.32 & -32.97 & -10.18 & -25.35 & -17.25 & -45.18 & -27.97 & -12.43 \\
c8          & -10.99 & -11.14 & -20.22 & -24.77 & -19.36 & -17.38 & -10.08 & -10.02 & -32.85 & -10.34 & -26.04 & -18.01 & -45.07 & -27.63 & -12.43 \\
c9          & -11.09 & -11.55 & -19.19 & -24.73 & -20.45 & -17.11 & -10.01 & -10.38 & -32.49 & -10.34 & -24.81 & -17.64 & -45.26 & -26.78 & -12.43 \\
c10         & -10.98 & -11.29 & -19.41 & -24.08 & -19.49 & -16.47 & -10.10 & -10.30 & -32.47 & -10.41 & -25.57 & -18.42 & -45.18 & -27.39 & -12.43 \\
c11         & -11.09 & -11.31 & -19.95 & -23.47 & -18.48 & -16.80 & -10.01 & -10.32 & -32.29 & -10.01 & -25.16 & -18.32 & -45.09 & -26.83 & -12.43 \\
c12         & -11.06 & -11.86 & -20.35 & -24.35 & -19.23 & -16.81 & -10.04 & -10.08 & -33.49 & -10.15 & -24.80 & -19.00 & -45.16 & -26.64 & -12.43 \\
c13         & -10.99 & -11.15 & -19.52 & -23.97 & -18.77 & -16.98 & -10.13 & -10.58 & -31.34 & -10.25 & -25.65 & -18.27 & -45.15 & -26.73 & -12.43 \\
c14         & -11.08 & -11.24 & -19.35 & -24.11 & -19.04 & -16.99 &  -9.95 & -10.03 & -31.79 & -10.53 & -25.26 & -18.55 & -45.21 & -27.28 &   0.00 \\
\bottomrule
\end{tabular}

                               0            1   ...             13             14
new_cluster  [-1.44, new_cluster]  [-1.94, c1]  ...  [-15.89, c13]  [-12.43, c14]
c1           [-1.44, new_cluster]  [-1.79, c1]  ...  [-15.77, c13]  [-12.43, c14]
c2           [-1.44, new_cluster]  [-2.18, c1]  ...  [-17.26, c13]  [-12.43, c14]
c3           [-1.44, new_cluster]  [-1.59, c1]  ...  [-18.52, c13]  [-12.43, c14]
c4           [-1.44, new_cluster]  [-2.06, c1]  ...   [-16.7, c13]  [-12.43, c14]
c5           [-1.44, new_cluster]  [-1.96, c1]  ...  [-16.31, c13]  [-12.43, c14]
c6           [-1.44, new_cluster]  [-1.68, c1]  ...  [-17.83, c13]  [-12.43, c14]
c7           [-1.44, new_cluster]  [-1.53, c1]  ...  [-18.27, c13]  [-12.43, c14]
c8           [-1.44, new_cluster]  [-1.61, c1]  ...   [-17.9, c13]  [-12.43, c14]
c9           [-1.44, new_cluster]  [-2.04, c1]  ...   [-17.4, c13]  [-12.43, c14]
c10          [-1.44, new_cluster]  [-1.76, c1]  ...  [-17.66, c13]  [-12.43, c14]
c11          [-1.44, new_cluster]  [-1.78, c1]  ...  [-17.09, c13]  [-12.43, c14]
c12          [-1.44, new_cluster]  [-2.33, c1]  ...  [-16.89, c13]  [-12.43, c14]
c13          [-1.44, new_cluster]  [-1.56, c1]  ...  [-17.12, c13]  [-12.43, c14]
c14          [-1.44, new_cluster]  [-1.74, c1]  ...  [-17.51, c13]          [0, ]

[15 rows x 15 columns]
\begin{tabular}{llllllllllllllll}
\toprule
{} &                    0  &           1  &            2  &            3  &            4  &           5  &           6  &           7  &            8  &           9  &             10 &            11 &             12 &             13 &             14 \\
\midrule
new\_cluster &  [-1.44, new\_cluster] &  [-1.94, c1] &   [-9.25, c2] &  [-15.21, c3] &   [-9.75, c4] &  [-7.29, c5] &  [-0.23, c6] &  [-0.39, c7] &  [-22.39, c8] &  [-0.65, c9] &  [-15.48, c10] &  [-8.51, c11] &  [-35.52, c12] &  [-15.89, c13] &  [-12.43, c14] \\
c1          &  [-1.44, new\_cluster] &  [-1.79, c1] &   [-9.83, c2] &  [-13.91, c3] &   [-9.82, c4] &   [-6.8, c5] &  [-0.16, c6] &  [-0.72, c7] &  [-22.14, c8] &  [-0.72, c9] &  [-15.95, c10] &  [-8.37, c11] &  [-35.52, c12] &  [-15.77, c13] &  [-12.43, c14] \\
c2          &  [-1.44, new\_cluster] &  [-2.18, c1] &   [-9.44, c2] &   [-13.8, c3] &   [-10.3, c4] &  [-6.95, c5] &  [-0.34, c6] &  [-0.58, c7] &  [-22.01, c8] &  [-0.63, c9] &  [-15.68, c10] &  [-8.54, c11] &  [-35.52, c12] &  [-17.26, c13] &  [-12.43, c14] \\
c3          &  [-1.44, new\_cluster] &  [-1.59, c1] &    [-9.2, c2] &   [-13.9, c3] &   [-9.26, c4] &  [-5.75, c5] &  [-0.18, c6] &  [-0.48, c7] &  [-22.69, c8] &  [-0.71, c9] &  [-15.44, c10] &  [-8.89, c11] &  [-35.52, c12] &  [-18.52, c13] &  [-12.43, c14] \\
c4          &  [-1.44, new\_cluster] &  [-2.06, c1] &   [-9.77, c2] &  [-14.46, c3] &   [-9.11, c4] &  [-7.36, c5] &  [-0.35, c6] &  [-0.54, c7] &  [-23.25, c8] &  [-0.74, c9] &  [-15.93, c10] &  [-8.82, c11] &  [-35.52, c12] &   [-16.7, c13] &  [-12.43, c14] \\
c5          &  [-1.44, new\_cluster] &  [-1.96, c1] &    [-9.4, c2] &  [-13.41, c3] &   [-8.49, c4] &   [-7.5, c5] &  [-0.46, c6] &  [-0.67, c7] &  [-23.51, c8] &  [-0.55, c9] &   [-15.2, c10] &  [-9.01, c11] &  [-35.52, c12] &  [-16.31, c13] &  [-12.43, c14] \\
c6          &  [-1.44, new\_cluster] &  [-1.68, c1] &   [-9.02, c2] &  [-14.69, c3] &  [-10.18, c4] &  [-7.47, c5] &  [-0.35, c6] &  [-0.51, c7] &  [-22.38, c8] &  [-0.68, c9] &  [-15.41, c10] &  [-7.27, c11] &  [-35.52, c12] &  [-17.83, c13] &  [-12.43, c14] \\
c7          &  [-1.44, new\_cluster] &  [-1.53, c1] &    [-9.6, c2] &  [-14.49, c3] &   [-9.41, c4] &  [-6.84, c5] &  [-0.33, c6] &  [-0.59, c7] &  [-23.65, c8] &  [-0.67, c9] &  [-15.58, c10] &  [-7.56, c11] &  [-35.52, c12] &  [-18.27, c13] &  [-12.43, c14] \\
c8          &  [-1.44, new\_cluster] &  [-1.61, c1] &  [-10.43, c2] &  [-15.25, c3] &   [-9.72, c4] &  [-7.58, c5] &  [-0.35, c6] &   [-0.5, c7] &  [-23.29, c8] &  [-0.75, c9] &   [-16.5, c10] &  [-8.42, c11] &  [-35.52, c12] &   [-17.9, c13] &  [-12.43, c14] \\
c9          &  [-1.44, new\_cluster] &  [-2.04, c1] &   [-9.38, c2] &  [-15.33, c3] &  [-10.88, c4] &  [-7.29, c5] &  [-0.29, c6] &  [-0.68, c7] &  [-22.92, c8] &  [-0.75, c9] &  [-15.04, c10] &  [-8.09, c11] &  [-35.52, c12] &   [-17.4, c13] &  [-12.43, c14] \\
c10         &  [-1.44, new\_cluster] &  [-1.76, c1] &   [-9.64, c2] &  [-14.49, c3] &   [-9.86, c4] &  [-7.09, c5] &  [-0.33, c6] &  [-0.57, c7] &  [-22.77, c8] &  [-0.82, c9] &  [-15.88, c10] &  [-8.71, c11] &  [-35.52, c12] &  [-17.66, c13] &  [-12.43, c14] \\
c11         &  [-1.44, new\_cluster] &  [-1.78, c1] &  [-10.18, c2] &   [-14.0, c3] &    [-8.8, c4] &  [-7.01, c5] &  [-0.26, c6] &  [-0.63, c7] &  [-22.97, c8] &  [-0.56, c9] &  [-15.88, c10] &  [-8.62, c11] &  [-35.52, c12] &  [-17.09, c13] &  [-12.43, c14] \\
c12         &  [-1.44, new\_cluster] &  [-2.33, c1] &  [-10.59, c2] &  [-15.16, c3] &   [-9.76, c4] &   [-7.0, c5] &   [-0.3, c6] &   [-0.5, c7] &  [-23.79, c8] &  [-0.56, c9] &   [-15.3, c10] &   [-9.3, c11] &  [-35.52, c12] &  [-16.89, c13] &  [-12.43, c14] \\
c13         &  [-1.44, new\_cluster] &  [-1.56, c1] &   [-9.74, c2] &  [-14.51, c3] &   [-9.23, c4] &  [-7.21, c5] &  [-0.41, c6] &  [-0.79, c7] &  [-22.02, c8] &  [-0.66, c9] &  [-15.89, c10] &  [-8.59, c11] &  [-35.52, c12] &  [-17.12, c13] &  [-12.43, c14] \\
c14         &  [-1.44, new\_cluster] &  [-1.74, c1] &   [-9.65, c2] &  [-14.74, c3] &   [-9.36, c4] &  [-7.23, c5] &  [-0.17, c6] &  [-0.59, c7] &  [-22.08, c8] &  [-0.94, c9] &  [-15.48, c10] &  [-8.94, c11] &  [-35.52, c12] &  [-17.51, c13] &          [0, ] \\
\bottomrule
\end{tabular}

