Seed: 4
Experiment_path: Random_Seeds_DV5//V5_3/Experiment_05_4_opt_temp_noisy
Dataset_Path: ../_00_Datasets/03_SimDaten_Quiroga2020/C_Easy1_noise020.mat
Dataset_name: ['03_SimDaten_Quiroga2020', 'C_Easy1_noise020.mat']
Variant_name: Variant_05_Online_Autoencoder_QLearning_opt_temp_noisy
Visualisation_Path: Random_Seeds_DV5//V5_3/Experiment_05_4_opt_temp_noisy/C_Easy1_noise020.mat/Variant_05_Online_Autoencoder_QLearning_opt_temp_noisy/2023_04_05-09_23_59
Normalisation: False
Template Matching: True
Optimising Autoencoder: True
Update Factor: 100
Noisy Batches: True
Noisy Factor: 0.1
Epochs: 8
Batch Size: 1
maximal Spikes for Autoencoder Training : 700
maximal Spikes for Training: 1000
Input Size: 47
Chosen Model: Autoencoder
Autoencoder(
  (encoder): Sequential(
    (0): Linear(in_features=47, out_features=12, bias=True)
    (1): LeakyReLU(negative_slope=0.01)
    (2): Linear(in_features=12, out_features=2, bias=True)
  )
  (decoder): Sequential(
    (0): Linear(in_features=2, out_features=12, bias=True)
    (1): LeakyReLU(negative_slope=0.01)
    (2): Linear(in_features=12, out_features=47, bias=True)
  )
)
MSELoss()
Adam (
Parameter Group 0
    amsgrad: False
    betas: (0.9, 0.999)
    capturable: False
    differentiable: False
    eps: 1e-08
    foreach: None
    fused: False
    lr: 0.001
    maximize: False
    weight_decay: 0
)
---Q Learning Parameters---
Normalisation: False
Punishment Coefficient: 0.8
Alpha: 0.8
Epsilon: 0.01
Gamma: 0.97
Initial Episode Number: 0
Episode Number Coefficient: 1.4
Number of Random Features: 20
Planning Number: 20
Max Random Features: 60
New Episode Number: 72
New Episode Number: 143
New Episode Number: 215
New Episode Number: 286
New Episode Number: 358
New Episode Number: 429
                 0      1      2      3      4      5      6
new_cluster -26.41 -24.58 -33.60 -30.40 -41.65 -45.68 -59.99
c1          -26.39 -25.25 -33.12 -29.71 -41.14 -44.88 -60.17
c2          -26.41 -24.96 -32.78 -30.22 -42.16 -45.41 -60.00
c3          -26.41 -25.23 -33.90 -30.87 -42.24 -45.47 -60.14
c4          -26.41 -25.35 -33.97 -30.77 -41.85 -44.96 -60.17
c5          -26.41 -24.61 -34.79 -30.28 -42.04 -45.27 -60.02
c6          -26.41 -24.90 -33.54 -30.37 -40.61 -44.97 -60.16
                                0            1  ...             5             6
new_cluster  [-2.56, new_cluster]  [-0.66, c1]  ...  [-21.82, c5]  [-36.02, c6]
c1           [-2.56, new_cluster]  [-0.88, c1]  ...  [-21.12, c5]  [-36.02, c6]
c2           [-2.56, new_cluster]  [-0.65, c1]  ...  [-21.55, c5]  [-36.02, c6]
c3           [-2.56, new_cluster]  [-0.81, c1]  ...  [-21.61, c5]  [-36.02, c6]
c4           [-2.56, new_cluster]  [-0.89, c1]  ...  [-21.31, c5]  [-36.02, c6]
c5           [-2.56, new_cluster]  [-0.55, c1]  ...  [-21.48, c5]  [-36.02, c6]
c6           [-2.56, new_cluster]  [-0.68, c1]  ...   [-21.1, c5]  [-36.02, c6]

[7 rows x 7 columns]
