Seed: 1
Experiment_path: AE_Model_2/Random_Seeds_DV5//V5_3/Experiment_05_1_opt_temp_noisy
Dataset_Path: ../_00_Datasets/03_SimDaten_Quiroga2020/C_Difficult2_noise010.mat
Dataset_name: ['03_SimDaten_Quiroga2020', 'C_Difficult2_noise010.mat']
Variant_name: Variant_05_Online_Autoencoder_QLearning_opt_temp_noisy
Visualisation_Path: AE_Model_2/Random_Seeds_DV5//V5_3/Experiment_05_1_opt_temp_noisy/C_Difficult2_noise010.mat/Variant_05_Online_Autoencoder_QLearning_opt_temp_noisy/2023_04_24-14_17_03
Normalisation: False
Template Matching: True
Optimising Autoencoder: True
Update Factor: 1
Noisy Batches: True
Noisy Factor: 0.1
Epochs: 8
Batch Size: 1
maximal Spikes for Autoencoder Training : 700
maximal Spikes for Training: 1000
Input Size: 47
Chosen Model: Convolutional Autoencoder
ConvolutionalAutoencoder(
  (encoder): Sequential(
    (0): Conv1d(1, 6, kernel_size=(6,), stride=(1,))
    (1): LeakyReLU(negative_slope=0.01)
    (2): Conv1d(6, 1, kernel_size=(6,), stride=(1,))
    (3): Flatten(start_dim=1, end_dim=-1)
    (4): Linear(in_features=37, out_features=2, bias=True)
  )
  (decoder): Sequential(
    (0): ConvTranspose1d(1, 6, kernel_size=(6,), stride=(1,))
    (1): LeakyReLU(negative_slope=0.01)
    (2): ConvTranspose1d(6, 1, kernel_size=(6,), stride=(1,))
    (3): Flatten(start_dim=1, end_dim=-1)
    (4): Linear(in_features=12, out_features=47, bias=True)
  )
)
MSELoss()
Adam (
Parameter Group 0
    amsgrad: False
    betas: (0.9, 0.999)
    capturable: False
    differentiable: False
    eps: 1e-08
    foreach: None
    fused: False
    lr: 0.001
    maximize: False
    weight_decay: 0
)
---Q Learning Parameters---
Normalisation: False
Punishment Coefficient: 0.5
Alpha: 0.8
Epsilon: 0.01
Gamma: 0.97
Initial Episode Number: 0
Episode Number Coefficient: 1.4
Number of Random Features: 20
Planning Number: 20
Max Random Features: 60
New Episode Number: 72
New Episode Number: 143
New Episode Number: 215
New Episode Number: 286
New Episode Number: 358
New Episode Number: 429
New Episode Number: 500
New Episode Number: 572
New Episode Number: 643
New Episode Number: 715
New Episode Number: 786
New Episode Number: 858
New Episode Number: 929
New Episode Number: 1000
New Episode Number: 1072
New Episode Number: 1143
New Episode Number: 1215
               0      1      2      3      4   ...    13     14    15    16     17
new_cluster -4.82 -34.34 -26.43 -48.56 -46.60  ... -5.46 -26.48 -3.94 -4.15 -20.38
c1          -4.82 -35.04 -25.66 -48.73 -43.45  ... -5.32 -25.32 -3.90 -4.15 -20.38
c2          -4.82 -34.73 -25.36 -47.81 -46.42  ... -4.87 -25.86 -3.80 -4.21 -20.38
c3          -4.82 -35.79 -25.34 -48.96 -46.98  ... -4.74 -26.70 -3.72 -4.15 -20.38
c4          -4.82 -34.63 -26.35 -48.78 -46.64  ... -4.93 -26.55 -3.81 -4.33 -20.39
c5          -4.83 -35.58 -25.60 -48.70 -47.39  ... -5.15 -25.34 -3.69 -4.15 -20.38
c6          -4.82 -36.47 -26.22 -46.97 -48.23  ... -5.03 -27.88 -3.77 -4.16 -20.38
c7          -4.82 -35.77 -25.75 -49.13 -47.32  ... -5.04 -26.46 -3.91 -4.15 -20.38
c8          -4.82 -34.98 -26.74 -48.76 -47.46  ... -5.09 -25.75 -3.89 -4.14 -20.38
c9          -4.82 -34.13 -26.15 -48.19 -47.68  ... -5.00 -25.86 -3.85 -4.13 -20.40
c10         -4.82 -33.89 -27.00 -49.06 -48.39  ... -4.80 -26.35 -3.91 -4.15 -20.40
c11         -4.82 -36.48 -25.31 -50.06 -46.44  ... -4.88 -25.72 -4.04 -4.15 -20.38
c12         -4.82 -33.76 -27.18 -48.39 -46.24  ... -5.04 -25.98 -3.74 -4.16 -20.39
c13         -4.82 -34.82 -25.11 -49.19 -47.53  ... -4.84 -25.93 -3.85 -4.15 -20.41
c14         -4.82 -35.34 -26.36 -48.81 -47.34  ... -4.88 -25.63 -3.91 -4.38 -20.37
c15         -4.82 -34.15 -26.40 -48.13 -45.99  ... -5.26 -26.05 -3.89 -4.15 -20.38
c16         -4.82 -33.76 -26.09 -49.95 -46.93  ... -5.02 -26.67 -3.85 -4.15 -20.35
c17         -4.82 -33.75 -26.21 -48.44 -46.80  ... -5.19 -25.72 -3.80 -4.37 -20.38

[18 rows x 18 columns]
\begin{tabular}{lrrrrrrrrrrrrrrrrrr}
\toprule
{} &    0  &     1  &     2  &     3  &     4  &     5  &     6  &     7  &     8  &    9  &     10 &     11 &     12 &    13 &     14 &    15 &    16 &     17 \\
\midrule
new\_cluster & -4.82 & -34.34 & -26.43 & -48.56 & -46.60 & -19.74 & -32.61 & -19.24 & -13.06 & -8.62 & -27.29 & -42.93 & -51.49 & -5.46 & -26.48 & -3.94 & -4.15 & -20.38 \\
c1          & -4.82 & -35.04 & -25.66 & -48.73 & -43.45 & -19.26 & -32.61 & -19.24 & -12.02 & -8.13 & -28.50 & -42.34 & -52.56 & -5.32 & -25.32 & -3.90 & -4.15 & -20.38 \\
c2          & -4.82 & -34.73 & -25.36 & -47.81 & -46.42 & -19.68 & -33.63 & -19.24 & -12.83 & -8.16 & -27.18 & -42.15 & -52.94 & -4.87 & -25.86 & -3.80 & -4.21 & -20.38 \\
c3          & -4.82 & -35.79 & -25.34 & -48.96 & -46.98 & -18.94 & -33.49 & -19.24 & -12.16 & -9.21 & -27.48 & -44.97 & -52.66 & -4.74 & -26.70 & -3.72 & -4.15 & -20.38 \\
c4          & -4.82 & -34.63 & -26.35 & -48.78 & -46.64 & -19.13 & -33.75 & -19.24 & -12.60 & -7.51 & -28.22 & -43.02 & -51.31 & -4.93 & -26.55 & -3.81 & -4.33 & -20.39 \\
c5          & -4.83 & -35.58 & -25.60 & -48.70 & -47.39 & -19.02 & -33.05 & -19.24 & -11.17 & -8.33 & -29.09 & -41.75 & -52.04 & -5.15 & -25.34 & -3.69 & -4.15 & -20.38 \\
c6          & -4.82 & -36.47 & -26.22 & -46.97 & -48.23 & -19.93 & -33.34 & -19.22 & -12.23 & -8.18 & -28.05 & -41.64 & -53.66 & -5.03 & -27.88 & -3.77 & -4.16 & -20.38 \\
c7          & -4.82 & -35.77 & -25.75 & -49.13 & -47.32 & -19.45 & -33.71 & -19.24 & -11.65 & -8.59 & -28.41 & -43.40 & -51.72 & -5.04 & -26.46 & -3.91 & -4.15 & -20.38 \\
c8          & -4.82 & -34.98 & -26.74 & -48.76 & -47.46 & -18.32 & -31.67 & -19.24 & -12.71 & -8.55 & -27.28 & -42.05 & -52.33 & -5.09 & -25.75 & -3.89 & -4.14 & -20.38 \\
c9          & -4.82 & -34.13 & -26.15 & -48.19 & -47.68 & -19.64 & -32.99 & -19.24 & -11.61 & -8.31 & -28.44 & -44.20 & -53.51 & -5.00 & -25.86 & -3.85 & -4.13 & -20.40 \\
c10         & -4.82 & -33.89 & -27.00 & -49.06 & -48.39 & -19.46 & -32.43 & -19.22 & -12.46 & -8.58 & -27.43 & -41.97 & -53.45 & -4.80 & -26.35 & -3.91 & -4.15 & -20.40 \\
c11         & -4.82 & -36.48 & -25.31 & -50.06 & -46.44 & -20.04 & -31.88 & -19.24 & -12.45 & -8.78 & -27.78 & -41.43 & -51.41 & -4.88 & -25.72 & -4.04 & -4.15 & -20.38 \\
c12         & -4.82 & -33.76 & -27.18 & -48.39 & -46.24 & -19.55 & -33.38 & -19.24 & -11.48 & -9.09 & -27.85 & -44.27 & -52.63 & -5.04 & -25.98 & -3.74 & -4.16 & -20.39 \\
c13         & -4.82 & -34.82 & -25.11 & -49.19 & -47.53 & -20.13 & -33.85 & -19.24 & -11.56 & -8.84 & -28.12 & -43.27 & -52.86 & -4.84 & -25.93 & -3.85 & -4.15 & -20.41 \\
c14         & -4.82 & -35.34 & -26.36 & -48.81 & -47.34 & -19.67 & -32.24 & -19.24 & -12.94 & -8.25 & -28.14 & -44.05 & -51.22 & -4.88 & -25.63 & -3.91 & -4.38 & -20.37 \\
c15         & -4.82 & -34.15 & -26.40 & -48.13 & -45.99 & -19.56 & -33.93 & -19.24 & -11.77 & -8.39 & -28.11 & -43.89 & -51.82 & -5.26 & -26.05 & -3.89 & -4.15 & -20.38 \\
c16         & -4.82 & -33.76 & -26.09 & -49.95 & -46.93 & -18.77 & -33.48 & -19.24 & -11.44 & -8.21 & -28.21 & -44.25 & -52.12 & -5.02 & -26.67 & -3.85 & -4.15 & -20.35 \\
c17         & -4.82 & -33.75 & -26.21 & -48.44 & -46.80 & -18.74 & -32.33 & -19.24 & -12.19 & -8.42 & -28.69 & -43.20 & -53.18 & -5.19 & -25.72 & -3.80 & -4.37 & -20.38 \\
\bottomrule
\end{tabular}

                              0             1   ...            16             17
new_cluster  [-1.0, new_cluster]  [-30.56, c1]  ...  [-0.41, c16]  [-16.69, c17]
c1           [-1.0, new_cluster]  [-31.27, c1]  ...  [-0.41, c16]  [-16.69, c17]
c2           [-1.0, new_cluster]  [-30.95, c1]  ...  [-0.41, c16]  [-16.69, c17]
c3           [-1.0, new_cluster]  [-32.01, c1]  ...  [-0.41, c16]  [-16.69, c17]
c4           [-1.0, new_cluster]  [-30.85, c1]  ...  [-0.41, c16]  [-16.69, c17]
c5           [-1.0, new_cluster]  [-31.78, c1]  ...  [-0.41, c16]  [-16.69, c17]
c6           [-1.0, new_cluster]  [-32.67, c1]  ...  [-0.41, c16]  [-16.69, c17]
c7           [-1.0, new_cluster]  [-31.99, c1]  ...  [-0.41, c16]  [-16.69, c17]
c8           [-1.0, new_cluster]   [-31.2, c1]  ...  [-0.41, c16]  [-16.69, c17]
c9           [-1.0, new_cluster]  [-30.36, c1]  ...  [-0.41, c16]  [-16.69, c17]
c10          [-1.0, new_cluster]  [-30.02, c1]  ...  [-0.41, c16]  [-16.69, c17]
c11          [-1.0, new_cluster]   [-32.7, c1]  ...  [-0.41, c16]  [-16.69, c17]
c12          [-1.0, new_cluster]  [-29.99, c1]  ...  [-0.41, c16]  [-16.69, c17]
c13          [-1.0, new_cluster]  [-31.04, c1]  ...  [-0.41, c16]  [-16.69, c17]
c14          [-1.0, new_cluster]  [-31.56, c1]  ...  [-0.41, c16]  [-16.69, c17]
c15          [-1.0, new_cluster]  [-30.28, c1]  ...  [-0.41, c16]  [-16.69, c17]
c16          [-1.0, new_cluster]  [-29.98, c1]  ...  [-0.41, c16]  [-16.69, c17]
c17          [-1.0, new_cluster]  [-29.96, c1]  ...  [-0.41, c16]  [-16.69, c17]

[18 rows x 18 columns]
\begin{tabular}{lllllllllllllllllll}
\toprule
{} &                   0  &            1  &            2  &            3  &            4  &            5  &            6  &            7  &           8  &           9  &             10 &             11 &             12 &            13 &             14 &            15 &            16 &             17 \\
\midrule
new\_cluster &  [-1.0, new\_cluster] &  [-30.56, c1] &  [-22.74, c2] &  [-44.95, c3] &  [-42.79, c4] &  [-16.12, c5] &  [-28.96, c6] &  [-15.45, c7] &  [-9.29, c8] &  [-4.88, c9] &  [-23.51, c10] &  [-39.01, c11] &  [-47.76, c12] &  [-1.73, c13] &  [-22.68, c14] &  [-0.07, c15] &  [-0.41, c16] &  [-16.69, c17] \\
c1          &  [-1.0, new\_cluster] &  [-31.27, c1] &  [-21.98, c2] &  [-45.12, c3] &  [-39.73, c4] &  [-15.64, c5] &  [-28.95, c6] &  [-15.45, c7] &  [-8.25, c8] &  [-4.39, c9] &  [-24.72, c10] &  [-38.42, c11] &  [-48.91, c12] &  [-1.58, c13] &  [-21.53, c14] &  [-0.17, c15] &  [-0.41, c16] &  [-16.69, c17] \\
c2          &  [-1.0, new\_cluster] &  [-30.95, c1] &   [-21.7, c2] &  [-44.19, c3] &  [-42.71, c4] &   [-16.1, c5] &  [-29.98, c6] &  [-15.45, c7] &  [-9.05, c8] &  [-4.42, c9] &  [-23.43, c10] &  [-38.24, c11] &  [-49.29, c12] &  [-1.12, c13] &  [-22.06, c14] &  [-0.09, c15] &  [-0.41, c16] &  [-16.69, c17] \\
c3          &  [-1.0, new\_cluster] &  [-32.01, c1] &  [-21.65, c2] &  [-45.34, c3] &  [-43.26, c4] &  [-15.32, c5] &  [-29.83, c6] &  [-15.45, c7] &  [-8.32, c8] &  [-5.47, c9] &  [-23.73, c10] &  [-41.06, c11] &  [-49.03, c12] &   [-1.0, c13] &  [-22.91, c14] &  [-0.12, c15] &  [-0.41, c16] &  [-16.69, c17] \\
c4          &  [-1.0, new\_cluster] &  [-30.85, c1] &  [-22.66, c2] &  [-45.16, c3] &  [-42.94, c4] &  [-15.51, c5] &  [-30.09, c6] &  [-15.45, c7] &  [-8.86, c8] &  [-3.78, c9] &  [-24.43, c10] &  [-39.11, c11] &  [-47.68, c12] &   [-1.2, c13] &  [-22.75, c14] &  [-0.11, c15] &  [-0.41, c16] &  [-16.69, c17] \\
c5          &  [-1.0, new\_cluster] &  [-31.78, c1] &  [-21.94, c2] &  [-45.09, c3] &  [-43.68, c4] &  [-15.44, c5] &   [-29.4, c6] &  [-15.45, c7] &  [-7.43, c8] &  [-4.57, c9] &   [-25.3, c10] &  [-37.84, c11] &  [-48.41, c12] &  [-1.37, c13] &  [-21.54, c14] &  [-0.08, c15] &  [-0.41, c16] &  [-16.69, c17] \\
c6          &  [-1.0, new\_cluster] &  [-32.67, c1] &  [-22.56, c2] &  [-43.35, c3] &  [-44.52, c4] &   [-16.2, c5] &  [-29.69, c6] &  [-15.45, c7] &  [-8.46, c8] &  [-4.43, c9] &  [-24.26, c10] &  [-37.73, c11] &  [-50.03, c12] &  [-1.29, c13] &  [-24.09, c14] &   [-0.1, c15] &  [-0.41, c16] &  [-16.69, c17] \\
c7          &  [-1.0, new\_cluster] &  [-31.99, c1] &  [-22.07, c2] &  [-45.51, c3] &  [-43.61, c4] &  [-15.86, c5] &  [-29.83, c6] &  [-15.45, c7] &   [-7.8, c8] &  [-4.86, c9] &  [-24.61, c10] &  [-39.48, c11] &  [-48.07, c12] &   [-1.3, c13] &  [-22.66, c14] &  [-0.07, c15] &  [-0.41, c16] &  [-16.69, c17] \\
c8          &  [-1.0, new\_cluster] &   [-31.2, c1] &  [-23.05, c2] &  [-45.15, c3] &  [-43.77, c4] &  [-14.71, c5] &  [-28.02, c6] &  [-15.45, c7] &  [-8.97, c8] &  [-4.81, c9] &  [-23.48, c10] &  [-38.14, c11] &   [-48.7, c12] &  [-1.32, c13] &  [-21.95, c14] &  [-0.16, c15] &  [-0.41, c16] &  [-16.69, c17] \\
c9          &  [-1.0, new\_cluster] &  [-30.36, c1] &  [-22.46, c2] &  [-44.58, c3] &  [-43.96, c4] &   [-15.9, c5] &  [-29.33, c6] &  [-15.45, c7] &  [-7.89, c8] &  [-4.58, c9] &  [-24.65, c10] &  [-40.28, c11] &  [-49.87, c12] &  [-1.27, c13] &  [-22.07, c14] &  [-0.15, c15] &  [-0.41, c16] &  [-16.69, c17] \\
c10         &  [-1.0, new\_cluster] &  [-30.02, c1] &  [-23.32, c2] &  [-45.43, c3] &  [-44.65, c4] &  [-15.87, c5] &  [-28.78, c6] &  [-15.45, c7] &  [-8.67, c8] &  [-4.84, c9] &  [-23.65, c10] &  [-38.06, c11] &   [-49.8, c12] &  [-1.06, c13] &  [-22.56, c14] &   [-0.2, c15] &  [-0.41, c16] &  [-16.69, c17] \\
c11         &  [-1.0, new\_cluster] &   [-32.7, c1] &  [-21.52, c2] &  [-46.39, c3] &  [-42.73, c4] &  [-16.45, c5] &  [-28.22, c6] &  [-15.45, c7] &  [-8.68, c8] &  [-5.04, c9] &  [-23.99, c10] &  [-37.52, c11] &  [-47.78, c12] &  [-1.14, c13] &  [-21.92, c14] &  [-0.14, c15] &  [-0.41, c16] &  [-16.69, c17] \\
c12         &  [-1.0, new\_cluster] &  [-29.99, c1] &  [-23.49, c2] &  [-44.77, c3] &  [-42.53, c4] &  [-15.96, c5] &  [-29.73, c6] &  [-15.45, c7] &  [-7.72, c8] &  [-5.36, c9] &  [-24.07, c10] &  [-40.35, c11] &   [-49.0, c12] &  [-1.27, c13] &  [-22.19, c14] &  [-0.08, c15] &  [-0.41, c16] &  [-16.69, c17] \\
c13         &  [-1.0, new\_cluster] &  [-31.04, c1] &  [-21.43, c2] &  [-45.58, c3] &  [-43.71, c4] &  [-16.55, c5] &   [-30.2, c6] &  [-15.45, c7] &  [-7.82, c8] &   [-5.1, c9] &  [-24.34, c10] &  [-39.35, c11] &  [-49.21, c12] &  [-1.11, c13] &  [-22.14, c14] &  [-0.19, c15] &  [-0.41, c16] &  [-16.69, c17] \\
c14         &  [-1.0, new\_cluster] &  [-31.56, c1] &  [-22.68, c2] &  [-45.13, c3] &  [-43.64, c4] &  [-16.08, c5] &  [-28.57, c6] &  [-15.45, c7] &   [-9.1, c8] &  [-4.51, c9] &  [-24.37, c10] &  [-40.13, c11] &  [-47.57, c12] &  [-1.15, c13] &  [-21.84, c14] &  [-0.15, c15] &  [-0.41, c16] &  [-16.69, c17] \\
c15         &  [-1.0, new\_cluster] &  [-30.28, c1] &  [-22.71, c2] &  [-44.52, c3] &  [-42.27, c4] &  [-15.98, c5] &  [-30.28, c6] &  [-15.45, c7] &  [-8.03, c8] &  [-4.65, c9] &  [-24.32, c10] &  [-39.97, c11] &  [-48.17, c12] &  [-1.52, c13] &  [-22.26, c14] &  [-0.15, c15] &  [-0.41, c16] &  [-16.69, c17] \\
c16         &  [-1.0, new\_cluster] &  [-29.98, c1] &   [-22.4, c2] &  [-46.34, c3] &  [-43.11, c4] &  [-15.16, c5] &  [-29.83, c6] &  [-15.45, c7] &   [-7.6, c8] &  [-4.48, c9] &  [-24.42, c10] &  [-40.33, c11] &  [-48.49, c12] &  [-1.28, c13] &  [-22.87, c14] &  [-0.18, c15] &  [-0.41, c16] &  [-16.69, c17] \\
c17         &  [-1.0, new\_cluster] &  [-29.96, c1] &  [-22.54, c2] &  [-44.75, c3] &  [-43.09, c4] &  [-15.16, c5] &  [-28.67, c6] &  [-15.45, c7] &  [-8.42, c8] &  [-4.68, c9] &  [-24.92, c10] &  [-39.53, c11] &  [-49.53, c12] &  [-1.45, c13] &  [-21.93, c14] &  [-0.11, c15] &  [-0.41, c16] &  [-16.69, c17] \\
\bottomrule
\end{tabular}

