Seed: 0
Experiment_path: AE_Model_2/Epochs_2_4_6_8_20/04_Experiment_05_Epochs
Dataset_Path: ../_00_Datasets/03_SimDaten_Quiroga2020/C_Difficult2_noise010.mat
Dataset_name: ['03_SimDaten_Quiroga2020', 'C_Difficult2_noise010.mat']
Variant_name: V05_Online_AE_QL
Visualisation_Path: AE_Model_2/Epochs_2_4_6_8_20/04_Experiment_05_Epochs/C_Difficult2_noise010.mat/V05_Online_AE_QL/2023_05_11-01_10_20
Normalisation: False
Template Matching: False
Optimising Autoencoder: False
Update Factor: 1
Noisy Batches: False
Noisy Factor: 0.001
Epochs: 4
Batch Size: 1
maximal Spikes for Autoencoder Training : 700
maximal Spikes for Training: 1000
Input Size: 47
Chosen Model: Convolutional Autoencoder
ConvolutionalAutoencoder(
  (encoder): Sequential(
    (0): Conv1d(1, 6, kernel_size=(6,), stride=(1,))
    (1): LeakyReLU(negative_slope=0.01)
    (2): Conv1d(6, 1, kernel_size=(6,), stride=(1,))
    (3): Flatten(start_dim=1, end_dim=-1)
    (4): Linear(in_features=37, out_features=2, bias=True)
  )
  (decoder): Sequential(
    (0): ConvTranspose1d(1, 6, kernel_size=(6,), stride=(1,))
    (1): LeakyReLU(negative_slope=0.01)
    (2): ConvTranspose1d(6, 1, kernel_size=(6,), stride=(1,))
    (3): Flatten(start_dim=1, end_dim=-1)
    (4): Linear(in_features=12, out_features=47, bias=True)
  )
)
MSELoss()
Adam (
Parameter Group 0
    amsgrad: False
    betas: (0.9, 0.999)
    capturable: False
    differentiable: False
    eps: 1e-08
    foreach: None
    fused: False
    lr: 0.001
    maximize: False
    weight_decay: 0
)
---Q Learning Parameters---
Normalisation: False
Punishment Coefficient: 0.8
Alpha: 0.8
Epsilon: 0.01
Gamma: 0.97
Initial Episode Number: 0
Episode Number Coefficient: 1.4
Number of Random Features: 20
Planning Number: 20
Max Random Features: 60
New Episode Number: 72
New Episode Number: 143
New Episode Number: 215
New Episode Number: 286
New Episode Number: 358
                0      1     2      3      4      5
new_cluster -5.93 -15.35 -3.47 -26.98 -29.94 -39.54
c1          -5.93 -14.79 -3.56 -27.16 -29.95 -39.45
c2          -6.01 -14.59 -3.45 -27.08 -29.98 -39.47
c3          -5.94 -15.07 -3.53 -26.91 -29.95 -39.45
c4          -5.95 -14.73 -3.53 -28.32 -29.94 -39.46
c5          -5.95 -15.17 -3.46 -27.07 -29.96 -39.46
\begin{tabular}{lrrrrrr}
\toprule
{} &     0 &      1 &     2 &      3 &      4 &      5 \\
\midrule
new\_cluster & -5.93 & -15.35 & -3.47 & -26.98 & -29.94 & -39.54 \\
c1          & -5.93 & -14.79 & -3.56 & -27.16 & -29.95 & -39.45 \\
c2          & -6.01 & -14.59 & -3.45 & -27.08 & -29.98 & -39.47 \\
c3          & -5.94 & -15.07 & -3.53 & -26.91 & -29.95 & -39.45 \\
c4          & -5.95 & -14.73 & -3.53 & -28.32 & -29.94 & -39.46 \\
c5          & -5.95 & -15.17 & -3.46 & -27.07 & -29.96 & -39.46 \\
\bottomrule
\end{tabular}

                                0             1  ...             4            5
new_cluster  [-2.56, new_cluster]   [-11.9, c1]  ...  [-26.52, c4]  [-36.1, c5]
c1           [-2.56, new_cluster]  [-11.32, c1]  ...  [-26.52, c4]  [-36.1, c5]
c2           [-2.56, new_cluster]  [-11.14, c1]  ...  [-26.52, c4]  [-36.1, c5]
c3           [-2.56, new_cluster]   [-11.6, c1]  ...  [-26.52, c4]  [-36.1, c5]
c4           [-2.56, new_cluster]  [-11.27, c1]  ...  [-26.52, c4]  [-36.1, c5]
c5           [-2.56, new_cluster]  [-11.72, c1]  ...  [-26.52, c4]  [-36.1, c5]

[6 rows x 6 columns]
\begin{tabular}{lllllll}
\toprule
{} &                     0 &             1 &            2 &             3 &             4 &            5 \\
\midrule
new\_cluster &  [-2.56, new\_cluster] &   [-11.9, c1] &  [-0.08, c2] &  [-23.56, c3] &  [-26.52, c4] &  [-36.1, c5] \\
c1          &  [-2.56, new\_cluster] &  [-11.32, c1] &   [-0.1, c2] &  [-23.74, c3] &  [-26.52, c4] &  [-36.1, c5] \\
c2          &  [-2.56, new\_cluster] &  [-11.14, c1] &  [-0.08, c2] &  [-23.66, c3] &  [-26.52, c4] &  [-36.1, c5] \\
c3          &  [-2.56, new\_cluster] &   [-11.6, c1] &  [-0.04, c2] &  [-23.47, c3] &  [-26.52, c4] &  [-36.1, c5] \\
c4          &  [-2.56, new\_cluster] &  [-11.27, c1] &  [-0.08, c2] &  [-24.89, c3] &  [-26.52, c4] &  [-36.1, c5] \\
c5          &  [-2.56, new\_cluster] &  [-11.72, c1] &  [-0.07, c2] &  [-23.64, c3] &  [-26.52, c4] &  [-36.1, c5] \\
\bottomrule
\end{tabular}

