Experiment_path: AE_Model_1/Epochs//V5/Experiment_05
Dataset_Path: ../_00_Datasets/03_SimDaten_Quiroga2020/C_Easy2_noise005.mat
Dataset_name: ['03_SimDaten_Quiroga2020', 'C_Easy2_noise005.mat']
Variant_name: Variant_05_Online_Autoencoder_QLearning
Visualisation_Path: AE_Model_1/Epochs//V5/Experiment_05/C_Easy2_noise005.mat/Variant_05_Online_Autoencoder_QLearning/2023_04_25-17_45_11
Punishment_Coefficient: 0.5
<_01_LoadDataset.ExternCode.spike_class.spike_dataclass object at 0x0000025ED157FCC0>
Sampling rate: 24000.0
Raw: [ 0.11862069  0.1123084   0.10401825 ... -0.10219323 -0.10268373
 -0.08956559]
Times: [    346     799    1005 ... 1436867 1437273 1437800]
Cluster: [3 3 3 ... 3 1 3]
Number of different clusters:  3
Number of Spikes: 3410
First aligned Spike Frame: [ 2.05661766e-03  8.27536867e-03  1.66427268e-02  2.31246655e-02
  2.28936935e-02  1.99169368e-02  2.25281834e-02  3.37605443e-02
  4.94182133e-02  6.24484568e-02  8.42111946e-02  1.71357846e-01
  3.88441746e-01  6.99052305e-01  9.59509287e-01  1.03608873e+00
  9.29169963e-01  7.55567481e-01  6.10726415e-01  5.06818519e-01
  4.23878029e-01  3.55610047e-01  3.01970228e-01  2.53702042e-01
  1.98274486e-01  1.32802904e-01  6.40690121e-02  7.96454927e-04
 -5.66201776e-02 -1.11669131e-01 -1.62581026e-01 -2.01746625e-01
 -2.23071447e-01 -2.29516190e-01 -2.30160694e-01 -2.27148529e-01
 -2.18080531e-01 -2.04276810e-01 -1.90750996e-01 -1.81098693e-01
 -1.72421418e-01 -1.61640218e-01 -1.48460304e-01 -1.32332846e-01
 -1.13338953e-01 -9.43725979e-02 -7.56249106e-02]
Cluster 0, Occurrences: 1130
Cluster 1, Occurrences: 1113
Cluster 2, Occurrences: 1167
Number of Clusters: 3
Online_Training [1/700]: mean_loss=0.1348351604408688
Online_Training [2/700]: mean_loss=0.10294830840494898
Online_Training [3/700]: mean_loss=0.07681766773263614
Online_Training [4/700]: mean_loss=0.09172082899345292
Online_Training [5/700]: mean_loss=0.13988388453920683
Online_Training [6/700]: mean_loss=0.0976129492951764
Online_Training [7/700]: mean_loss=0.14761176125870812
Online_Training [8/700]: mean_loss=0.05014528561797407
Online_Training [9/700]: mean_loss=0.024268274298972554
Online_Training [10/700]: mean_loss=0.030571083538234234
Online_Training [11/700]: mean_loss=0.10981551640563542
Online_Training [12/700]: mean_loss=0.011664208154090576
Online_Training [13/700]: mean_loss=0.008793064548323551
Online_Training [14/700]: mean_loss=0.004282278784861167
Online_Training [15/700]: mean_loss=0.05054860251645247
Online_Training [16/700]: mean_loss=0.00929476411288811
Online_Training [17/700]: mean_loss=0.06839211657643318
Online_Training [18/700]: mean_loss=0.04631512860457102
Online_Training [19/700]: mean_loss=0.035911399560670056
Online_Training [20/700]: mean_loss=0.022004147991538048
Online_Training [21/700]: mean_loss=0.01976753015898996
Online_Training [22/700]: mean_loss=0.027978395732740562
Online_Training [23/700]: mean_loss=0.005388575185659445
Online_Training [24/700]: mean_loss=0.03456965585549673
Online_Training [25/700]: mean_loss=0.006880609111653434
Online_Training [26/700]: mean_loss=0.0034784634933910435
Online_Training [27/700]: mean_loss=0.0018321849703271356
Online_Training [28/700]: mean_loss=0.0038498276068518558
Online_Training [29/700]: mean_loss=0.022480530043443043
Online_Training [30/700]: mean_loss=0.0140344329799215
Online_Training [31/700]: mean_loss=0.003134891494280762
Online_Training [32/700]: mean_loss=0.0062850163214736516
Online_Training [33/700]: mean_loss=0.011079111395196782
Online_Training [34/700]: mean_loss=0.0027383233860342037
Online_Training [35/700]: mean_loss=0.008715054046155678
Online_Training [36/700]: mean_loss=0.06179772689938545
Online_Training [37/700]: mean_loss=0.015870871539745066
Online_Training [38/700]: mean_loss=0.005322446826741927
Online_Training [39/700]: mean_loss=0.02649364744623502
Online_Training [40/700]: mean_loss=0.0039946499810968004
Online_Training [41/700]: mean_loss=0.0018157067889761594
Online_Training [42/700]: mean_loss=0.017340918744189873
Online_Training [43/700]: mean_loss=0.007142213794092338
Online_Training [44/700]: mean_loss=0.0021269851196039882
Online_Training [45/700]: mean_loss=0.002163171260488323
Online_Training [46/700]: mean_loss=0.03440314924551381
Online_Training [47/700]: mean_loss=0.0328754001400537
Online_Training [48/700]: mean_loss=0.009324535779241059
Online_Training [49/700]: mean_loss=0.016915361448708508
Online_Training [50/700]: mean_loss=0.0847473098999924
Online_Training [51/700]: mean_loss=0.027692336071696546
Online_Training [52/700]: mean_loss=0.0074569316348060966
Online_Training [53/700]: mean_loss=0.015278846232427491
Online_Training [54/700]: mean_loss=0.020750348973605368
Online_Training [55/700]: mean_loss=0.012621687983887063
Online_Training [56/700]: mean_loss=0.01871028935743703
Online_Training [57/700]: mean_loss=0.005552141655546923
Online_Training [58/700]: mean_loss=0.028915600540737312
Online_Training [59/700]: mean_loss=0.005159476894833561
Online_Training [60/700]: mean_loss=0.0014561352404093163
Online_Training [61/700]: mean_loss=0.0018658174716013793
Online_Training [62/700]: mean_loss=0.00650183588732034
Online_Training [63/700]: mean_loss=0.014764266347305642
Online_Training [64/700]: mean_loss=0.0039570026306642424
Online_Training [65/700]: mean_loss=0.010989873954612348
Online_Training [66/700]: mean_loss=0.002557064849598747
Online_Training [67/700]: mean_loss=0.0028100488028333834
Online_Training [68/700]: mean_loss=0.005650046132763641
Online_Training [69/700]: mean_loss=0.003502253358924968
Online_Training [70/700]: mean_loss=0.004921849435454028
Online_Training [71/700]: mean_loss=0.02037054683185286
Online_Training [72/700]: mean_loss=0.003315984264999214
Online_Training [73/700]: mean_loss=0.011447947627554337
Online_Training [74/700]: mean_loss=0.002752406755462289
Online_Training [75/700]: mean_loss=0.004881520031227006
Online_Training [76/700]: mean_loss=0.0019491320320715506
Online_Training [77/700]: mean_loss=0.0009009429631987587
Online_Training [78/700]: mean_loss=0.016153198925571308
Online_Training [79/700]: mean_loss=0.012114498091654645
Online_Training [80/700]: mean_loss=0.002382149095258986
Online_Training [81/700]: mean_loss=0.007987778271651931
Online_Training [82/700]: mean_loss=0.0017429333173721614
Online_Training [83/700]: mean_loss=0.0016270519263343886
Online_Training [84/700]: mean_loss=0.002532002247688878
Online_Training [85/700]: mean_loss=0.0036299113352369103
Online_Training [86/700]: mean_loss=0.008642421155754063
Online_Training [87/700]: mean_loss=0.0024324332933045095
Online_Training [88/700]: mean_loss=0.009784578992467787
Online_Training [89/700]: mean_loss=0.007474677042207784
Online_Training [90/700]: mean_loss=0.004549643897917122
Online_Training [91/700]: mean_loss=0.001376209542892563
Online_Training [92/700]: mean_loss=0.007053478232895334
Online_Training [93/700]: mean_loss=0.005960469289372365
Online_Training [94/700]: mean_loss=0.012854541289723583
Online_Training [95/700]: mean_loss=0.01713354533745183
Online_Training [96/700]: mean_loss=0.005058520285981811
Online_Training [97/700]: mean_loss=0.002254749496286321
Online_Training [98/700]: mean_loss=0.00830466527905729
Online_Training [99/700]: mean_loss=0.002855787263898593
Online_Training [100/700]: mean_loss=0.002838828342242373
Online_Training [101/700]: mean_loss=0.001812493908801116
Online_Training [102/700]: mean_loss=0.003880343568097386
Online_Training [103/700]: mean_loss=0.0026317431475035846
Online_Training [104/700]: mean_loss=0.1324642019139396
Online_Training [105/700]: mean_loss=0.07966161767641704
Online_Training [106/700]: mean_loss=0.019096127556016047
Online_Training [107/700]: mean_loss=0.02381950156349275
Online_Training [108/700]: mean_loss=0.026031095043031707
Online_Training [109/700]: mean_loss=0.004563024823760821
Online_Training [110/700]: mean_loss=0.001677099259621981
Online_Training [111/700]: mean_loss=0.0025991267304764027
Online_Training [112/700]: mean_loss=0.006753631479417284
Online_Training [113/700]: mean_loss=0.005339583407880532
Online_Training [114/700]: mean_loss=0.027228904163671866
Online_Training [115/700]: mean_loss=0.007826213818690222
Online_Training [116/700]: mean_loss=0.03069106075498793
Online_Training [117/700]: mean_loss=0.0032170723166523706
Online_Training [118/700]: mean_loss=0.009632604765809245
Online_Training [119/700]: mean_loss=0.0057730839277307195
Online_Training [120/700]: mean_loss=0.0035486690337873166
Online_Training [121/700]: mean_loss=0.0036300839532891083
Online_Training [122/700]: mean_loss=0.005667727401790519
Online_Training [123/700]: mean_loss=0.0028922277075859406
Online_Training [124/700]: mean_loss=0.004634561573362185
Online_Training [125/700]: mean_loss=0.0025582714847082067
Online_Training [126/700]: mean_loss=0.0033415271706568697
Online_Training [127/700]: mean_loss=0.0013795714751015315
Online_Training [128/700]: mean_loss=0.0028276821928254017
Online_Training [129/700]: mean_loss=0.004743970646005537
Online_Training [130/700]: mean_loss=0.0013385031197685748
Online_Training [131/700]: mean_loss=0.0024820951803121716
Online_Training [132/700]: mean_loss=0.0038857812501697075
Online_Training [133/700]: mean_loss=0.04327190336253908
Online_Training [134/700]: mean_loss=0.0022921610183806885
Online_Training [135/700]: mean_loss=0.014543864901901947
Online_Training [136/700]: mean_loss=0.0015214869878642883
Online_Training [137/700]: mean_loss=0.003231504265891595
Online_Training [138/700]: mean_loss=0.0041115705518879825
Online_Training [139/700]: mean_loss=0.0018380617774609062
Online_Training [140/700]: mean_loss=0.008987595469483899
Online_Training [141/700]: mean_loss=0.004464502226457828
Online_Training [142/700]: mean_loss=0.0023574187394438516
Online_Training [143/700]: mean_loss=0.001160877624190309
Online_Training [144/700]: mean_loss=0.003085708666023695
Online_Training [145/700]: mean_loss=0.005991048671098219
Online_Training [146/700]: mean_loss=0.008571314664247135
Online_Training [147/700]: mean_loss=0.0104989989195019
Online_Training [148/700]: mean_loss=0.0023304380592890084
Online_Training [149/700]: mean_loss=0.0018931407830677927
Online_Training [150/700]: mean_loss=0.002554149958693112
Online_Training [151/700]: mean_loss=0.0026145654329512683
Online_Training [152/700]: mean_loss=0.0008858150508280636
Online_Training [153/700]: mean_loss=0.0058746748189959265
Online_Training [154/700]: mean_loss=0.00919999095559534
Online_Training [155/700]: mean_loss=0.012549111878292428
Online_Training [156/700]: mean_loss=0.009232001068691412
Online_Training [157/700]: mean_loss=0.0056040286112369764
Online_Training [158/700]: mean_loss=0.008407596938519014
Online_Training [159/700]: mean_loss=0.004363425690422041
Online_Training [160/700]: mean_loss=0.010384875905906988
Online_Training [161/700]: mean_loss=0.0027017959154262724
Online_Training [162/700]: mean_loss=0.009677738727380833
Online_Training [163/700]: mean_loss=0.0027263272657162612
Online_Training [164/700]: mean_loss=0.0008730605897855841
Online_Training [165/700]: mean_loss=0.0012237853871839535
Online_Training [166/700]: mean_loss=0.00202155497067401
Online_Training [167/700]: mean_loss=0.0038470096931430614
Online_Training [168/700]: mean_loss=0.004455698919223828
Online_Training [169/700]: mean_loss=0.007002550836962958
Online_Training [170/700]: mean_loss=0.0013283100173187752
Online_Training [171/700]: mean_loss=0.003124031500192359
Online_Training [172/700]: mean_loss=0.002661351651315474
Online_Training [173/700]: mean_loss=0.002362772971132977
Online_Training [174/700]: mean_loss=0.0014928057902984114
Online_Training [175/700]: mean_loss=0.004274305350716329
Online_Training [176/700]: mean_loss=0.006735337199643254
Online_Training [177/700]: mean_loss=0.009362694238209061
Online_Training [178/700]: mean_loss=0.002189524517032421
Online_Training [179/700]: mean_loss=0.0064981786999851465
Online_Training [180/700]: mean_loss=0.006126551086910897
Online_Training [181/700]: mean_loss=0.0024548661636395585
Online_Training [182/700]: mean_loss=0.009388274021653665
Online_Training [183/700]: mean_loss=0.009093217577578293
Online_Training [184/700]: mean_loss=0.005287906995767521
Online_Training [185/700]: mean_loss=0.0025088701610608646
Online_Training [186/700]: mean_loss=0.0045646044244575835
Online_Training [187/700]: mean_loss=0.027629304987688858
Online_Training [188/700]: mean_loss=0.047752876196884446
Online_Training [189/700]: mean_loss=0.028390776676436264
Online_Training [190/700]: mean_loss=0.01489802292134199
Online_Training [191/700]: mean_loss=0.0176189539488405
Online_Training [192/700]: mean_loss=0.03311740493194924
Online_Training [193/700]: mean_loss=0.01895169737852282
Online_Training [194/700]: mean_loss=0.005725585519232684
Online_Training [195/700]: mean_loss=0.004205863651198645
Online_Training [196/700]: mean_loss=0.002466261212248355
Online_Training [197/700]: mean_loss=0.00788752098257343
Online_Training [198/700]: mean_loss=0.004308423906978633
Online_Training [199/700]: mean_loss=0.0034033199642888373
Online_Training [200/700]: mean_loss=0.003877187988513874
Online_Training [201/700]: mean_loss=0.0028239419851969513
Online_Training [202/700]: mean_loss=0.0060823756114890175
Online_Training [203/700]: mean_loss=0.0031443164399307636
Online_Training [204/700]: mean_loss=0.0067206441631747615
Online_Training [205/700]: mean_loss=0.006017825747322705
Online_Training [206/700]: mean_loss=0.004564529498262952
Online_Training [207/700]: mean_loss=0.006401221604189939
Online_Training [208/700]: mean_loss=0.011141675731374158
Online_Training [209/700]: mean_loss=0.0026009894208982587
Online_Training [210/700]: mean_loss=0.002722947447586598
Online_Training [211/700]: mean_loss=0.004717080931489666
Online_Training [212/700]: mean_loss=0.003147560892911214
Online_Training [213/700]: mean_loss=0.00339701515622437
Online_Training [214/700]: mean_loss=0.0034206576205583084
Online_Training [215/700]: mean_loss=0.0023559790845158407
Online_Training [216/700]: mean_loss=0.005537954663547377
Online_Training [217/700]: mean_loss=0.006319794105365872
Online_Training [218/700]: mean_loss=0.003011512259642283
Online_Training [219/700]: mean_loss=0.002946192010616263
Online_Training [220/700]: mean_loss=0.006414592317822907
Online_Training [221/700]: mean_loss=0.007104801738427745
Online_Training [222/700]: mean_loss=0.007785413828161027
Online_Training [223/700]: mean_loss=0.0021106824666882553
Online_Training [224/700]: mean_loss=0.0067827940737414695
Online_Training [225/700]: mean_loss=0.003501686810826262
Online_Training [226/700]: mean_loss=0.0025440301008832953
Online_Training [227/700]: mean_loss=0.00619781684751312
Online_Training [228/700]: mean_loss=0.0012181417680241996
Online_Training [229/700]: mean_loss=0.0016920835882451178
Online_Training [230/700]: mean_loss=0.0027372505024282467
Online_Training [231/700]: mean_loss=0.045240266972945795
Online_Training [232/700]: mean_loss=0.010040881784839762
Online_Training [233/700]: mean_loss=0.001930949530409028
Online_Training [234/700]: mean_loss=0.0015780845359485182
Online_Training [235/700]: mean_loss=0.003719119510302941
Online_Training [236/700]: mean_loss=0.04578187968581915
Online_Training [237/700]: mean_loss=0.09621804787053002
Online_Training [238/700]: mean_loss=0.03246289057036241
Online_Training [239/700]: mean_loss=0.010694085439253185
Online_Training [240/700]: mean_loss=0.02838483639061451
Online_Training [241/700]: mean_loss=0.0047461839858442545
Online_Training [242/700]: mean_loss=0.10005409850014581
Online_Training [243/700]: mean_loss=0.06492819057570563
Online_Training [244/700]: mean_loss=0.02589220915817552
Online_Training [245/700]: mean_loss=0.016148763036148414
Online_Training [246/700]: mean_loss=0.017645282049973805
Online_Training [247/700]: mean_loss=0.00555337867182162
Online_Training [248/700]: mean_loss=0.007443622660098804
Online_Training [249/700]: mean_loss=0.0026975415271913838
Online_Training [250/700]: mean_loss=0.010843549829183353
Online_Training [251/700]: mean_loss=0.0059626598635481465
Online_Training [252/700]: mean_loss=0.002733619754306144
Online_Training [253/700]: mean_loss=0.006299021084689432
Online_Training [254/700]: mean_loss=0.0032788777542817923
Online_Training [255/700]: mean_loss=0.004910143894246883
Online_Training [256/700]: mean_loss=0.0016196045487756943
Online_Training [257/700]: mean_loss=0.002025864381317256
Online_Training [258/700]: mean_loss=0.004795809949023856
Online_Training [259/700]: mean_loss=0.0072931689986338215
Online_Training [260/700]: mean_loss=0.003313728194269869
Online_Training [261/700]: mean_loss=0.0032236238734589685
Online_Training [262/700]: mean_loss=0.0033984516630880535
Online_Training [263/700]: mean_loss=0.002173894641196562
Online_Training [264/700]: mean_loss=0.006800273097016745
Online_Training [265/700]: mean_loss=0.0067476806903464925
Online_Training [266/700]: mean_loss=0.003694275846808321
Online_Training [267/700]: mean_loss=0.0016853829405994879
Online_Training [268/700]: mean_loss=0.0022824607440270483
Online_Training [269/700]: mean_loss=0.005735910549345944
Online_Training [270/700]: mean_loss=0.009504429452742139
Online_Training [271/700]: mean_loss=0.0012136636489433134
Online_Training [272/700]: mean_loss=0.002618949433478216
Online_Training [273/700]: mean_loss=0.003455338928486324
Online_Training [274/700]: mean_loss=0.002472534756331394
Online_Training [275/700]: mean_loss=0.0028416702278061872
Online_Training [276/700]: mean_loss=0.0023635998497613603
Online_Training [277/700]: mean_loss=0.008061025602122148
Online_Training [278/700]: mean_loss=0.004135602438408468
Online_Training [279/700]: mean_loss=0.004945995738833315
Online_Training [280/700]: mean_loss=0.0018409735768929953
Online_Training [281/700]: mean_loss=0.0008719773064108773
Online_Training [282/700]: mean_loss=0.004157603149198824
Online_Training [283/700]: mean_loss=0.005121649294677708
Online_Training [284/700]: mean_loss=0.003938288453759419
Online_Training [285/700]: mean_loss=0.001648309388353179
Online_Training [286/700]: mean_loss=0.0012168611509777191
Online_Training [287/700]: mean_loss=0.013414221660544475
Online_Training [288/700]: mean_loss=0.012443500933133893
Online_Training [289/700]: mean_loss=0.007023021992709901
Online_Training [290/700]: mean_loss=0.004755189797530572
Online_Training [291/700]: mean_loss=0.001592133313857226
Online_Training [292/700]: mean_loss=0.002293000935525116
Online_Training [293/700]: mean_loss=0.0026914835648818147
Online_Training [294/700]: mean_loss=0.0014068085939571676
Online_Training [295/700]: mean_loss=0.002507010290476804
Online_Training [296/700]: mean_loss=0.001961487468280312
Online_Training [297/700]: mean_loss=0.001073817117786449
Online_Training [298/700]: mean_loss=0.002573518076031986
Online_Training [299/700]: mean_loss=0.0024718205612670216
Online_Training [300/700]: mean_loss=0.0026994171429477218
Online_Training [301/700]: mean_loss=0.0035704172850172552
Online_Training [302/700]: mean_loss=0.0021315410590937566
Online_Training [303/700]: mean_loss=0.034370880780948534
Online_Training [304/700]: mean_loss=0.003735969050063027
Online_Training [305/700]: mean_loss=0.001738600183873334
Online_Training [306/700]: mean_loss=0.0015190259437076747
Online_Training [307/700]: mean_loss=0.0151097206140144
Online_Training [308/700]: mean_loss=0.004090463794353936
Online_Training [309/700]: mean_loss=0.004331355668707854
Online_Training [310/700]: mean_loss=0.004270640796878272
Online_Training [311/700]: mean_loss=0.0035828548069629404
Online_Training [312/700]: mean_loss=0.004371695569716394
Online_Training [313/700]: mean_loss=0.004423441533516679
Online_Training [314/700]: mean_loss=0.0029982818588097063
Online_Training [315/700]: mean_loss=0.0024405199995574853
Online_Training [316/700]: mean_loss=0.0012498275189298308
Online_Training [317/700]: mean_loss=0.0023657564630007576
Online_Training [318/700]: mean_loss=0.003942728249563111
Online_Training [319/700]: mean_loss=0.005092376261018217
Online_Training [320/700]: mean_loss=0.0026157091294104853
Online_Training [321/700]: mean_loss=0.0014754711850805
Online_Training [322/700]: mean_loss=0.002206415966308365
Online_Training [323/700]: mean_loss=0.001175849881191324
Online_Training [324/700]: mean_loss=0.004971890451593531
Online_Training [325/700]: mean_loss=0.0027930865827430454
Online_Training [326/700]: mean_loss=0.003604293671540088
Online_Training [327/700]: mean_loss=0.0072513675938049955
Online_Training [328/700]: mean_loss=0.002473453253818055
Online_Training [329/700]: mean_loss=0.001863087165272898
Online_Training [330/700]: mean_loss=0.005833268346678879
Online_Training [331/700]: mean_loss=0.006093244572790961
Online_Training [332/700]: mean_loss=0.004317315127183165
Online_Training [333/700]: mean_loss=0.01706337933945987
Online_Training [334/700]: mean_loss=0.03936071585242947
Online_Training [335/700]: mean_loss=0.009686897612280317
Online_Training [336/700]: mean_loss=0.02065545656821794
Online_Training [337/700]: mean_loss=0.005530617432668805
Online_Training [338/700]: mean_loss=0.0015966830380623126
Online_Training [339/700]: mean_loss=0.006344384669015805
Online_Training [340/700]: mean_loss=0.007839028025045991
Online_Training [341/700]: mean_loss=0.004714149567815993
Online_Training [342/700]: mean_loss=0.0021051258243258214
Online_Training [343/700]: mean_loss=0.016731078167342477
Online_Training [344/700]: mean_loss=0.00877417851653364
Online_Training [345/700]: mean_loss=0.0028425887770329914
Online_Training [346/700]: mean_loss=0.0003720160869609875
Online_Training [347/700]: mean_loss=0.0032689282670617104
Online_Training [348/700]: mean_loss=0.0047965079494234585
Online_Training [349/700]: mean_loss=0.011595339928236272
Online_Training [350/700]: mean_loss=0.0033154748250833815
Online_Training [351/700]: mean_loss=0.00695808317201833
Online_Training [352/700]: mean_loss=0.001339998299954459
Online_Training [353/700]: mean_loss=0.002947560311036391
Online_Training [354/700]: mean_loss=0.00469004192079107
Online_Training [355/700]: mean_loss=0.00212024042977848
Online_Training [356/700]: mean_loss=0.0022792143087523677
Online_Training [357/700]: mean_loss=0.004628191391626994
Online_Training [358/700]: mean_loss=0.0014290515747335223
Online_Training [359/700]: mean_loss=0.0033841616111911004
Online_Training [360/700]: mean_loss=0.002730311644780967
Online_Training [361/700]: mean_loss=0.003203689030164646
Online_Training [362/700]: mean_loss=0.0010833578740453555
Online_Training [363/700]: mean_loss=0.0044380276231095195
Online_Training [364/700]: mean_loss=0.0022509894075079095
Online_Training [365/700]: mean_loss=0.003517586362755133
Online_Training [366/700]: mean_loss=0.0021687217651762897
Online_Training [367/700]: mean_loss=0.0032791794187182356
Online_Training [368/700]: mean_loss=0.005153333561287986
Online_Training [369/700]: mean_loss=0.0015747654930843662
Online_Training [370/700]: mean_loss=0.0012632271035626116
Online_Training [371/700]: mean_loss=0.020639461271154385
Online_Training [372/700]: mean_loss=0.04216224472555849
Online_Training [373/700]: mean_loss=0.012286171679281525
Online_Training [374/700]: mean_loss=0.025601635738793347
Online_Training [375/700]: mean_loss=0.0012199026791171895
Online_Training [376/700]: mean_loss=0.00428169290535152
Online_Training [377/700]: mean_loss=0.004617317786647214
Online_Training [378/700]: mean_loss=0.017315427255299356
Online_Training [379/700]: mean_loss=0.007544356708725293
Online_Training [380/700]: mean_loss=0.0028598869232357377
Online_Training [381/700]: mean_loss=0.0017008940792746013
Online_Training [382/700]: mean_loss=0.004193204868998792
Online_Training [383/700]: mean_loss=0.002959699143603858
Online_Training [384/700]: mean_loss=0.00324341068820407
Online_Training [385/700]: mean_loss=0.0069186486717727445
Online_Training [386/700]: mean_loss=0.0020379962774717975
Online_Training [387/700]: mean_loss=0.0061554019598083366
Online_Training [388/700]: mean_loss=0.004317341721616685
Online_Training [389/700]: mean_loss=0.004415932590038412
Online_Training [390/700]: mean_loss=0.003230226045060489
Online_Training [391/700]: mean_loss=0.0020794657046078807
Online_Training [392/700]: mean_loss=0.0027701427849630513
Online_Training [393/700]: mean_loss=0.0027700787500685286
Online_Training [394/700]: mean_loss=0.004143899047954215
Online_Training [395/700]: mean_loss=0.0010709406746577264
Online_Training [396/700]: mean_loss=0.002686693727607942
Online_Training [397/700]: mean_loss=0.0028024199483398762
Online_Training [398/700]: mean_loss=0.004032472032122314
Online_Training [399/700]: mean_loss=0.000699306757370424
Online_Training [400/700]: mean_loss=0.00406734428058068
Online_Training [401/700]: mean_loss=0.001521244192392462
Online_Training [402/700]: mean_loss=0.0013032012179286943
Online_Training [403/700]: mean_loss=0.00355570864242812
Online_Training [404/700]: mean_loss=0.022428401590635378
Online_Training [405/700]: mean_loss=0.0022839665277084955
Online_Training [406/700]: mean_loss=0.007265594322234392
Online_Training [407/700]: mean_loss=0.0034571178063439825
Online_Training [408/700]: mean_loss=0.0015651382725789314
Online_Training [409/700]: mean_loss=0.006906113263943957
Online_Training [410/700]: mean_loss=0.005893971551106208
Online_Training [411/700]: mean_loss=0.005481331247008509
Online_Training [412/700]: mean_loss=0.002695478214364913
Online_Training [413/700]: mean_loss=0.0037436667286480465
Online_Training [414/700]: mean_loss=0.002756653069001105
Online_Training [415/700]: mean_loss=0.0023582009727963144
Online_Training [416/700]: mean_loss=0.003422746764651189
Online_Training [417/700]: mean_loss=0.06590370875265864
Online_Training [418/700]: mean_loss=0.11175602798660596
Online_Training [419/700]: mean_loss=0.009230340287710229
Online_Training [420/700]: mean_loss=0.010195677453238104
Online_Training [421/700]: mean_loss=0.0201495172869828
Online_Training [422/700]: mean_loss=0.01132332088632716
Online_Training [423/700]: mean_loss=0.003958974887306492
Online_Training [424/700]: mean_loss=0.003477661922160122
Online_Training [425/700]: mean_loss=0.0023303895140998065
Online_Training [426/700]: mean_loss=0.010334008243969746
Online_Training [427/700]: mean_loss=0.0027622105553746223
Online_Training [428/700]: mean_loss=0.003225463494244549
Online_Training [429/700]: mean_loss=0.004632947772430877
Online_Training [430/700]: mean_loss=0.004681079933005903
Online_Training [431/700]: mean_loss=0.005723198332513372
Online_Training [432/700]: mean_loss=0.0025467118313018647
Online_Training [433/700]: mean_loss=0.05812363057500786
Online_Training [434/700]: mean_loss=0.04886542462433378
Online_Training [435/700]: mean_loss=0.02164880543326338
Online_Training [436/700]: mean_loss=0.024099235836830404
Online_Training [437/700]: mean_loss=0.011207757440085212
Online_Training [438/700]: mean_loss=0.0024759076186455786
Online_Training [439/700]: mean_loss=0.0024951625511878068
Online_Training [440/700]: mean_loss=0.0059420936094183065
Online_Training [441/700]: mean_loss=0.004082495954612063
Online_Training [442/700]: mean_loss=0.0030260602878924045
Online_Training [443/700]: mean_loss=0.004873286686941153
Online_Training [444/700]: mean_loss=0.003572439373884764
Online_Training [445/700]: mean_loss=0.0014608368316354852
Online_Training [446/700]: mean_loss=0.03789674894263347
Online_Training [447/700]: mean_loss=0.01952425105911162
Online_Training [448/700]: mean_loss=0.006163379048100776
Online_Training [449/700]: mean_loss=0.003574587340052757
Online_Training [450/700]: mean_loss=0.006523248946501149
Online_Training [451/700]: mean_loss=0.008459332942341765
Online_Training [452/700]: mean_loss=0.0039614058203167385
Online_Training [453/700]: mean_loss=0.0040439213367385995
Online_Training [454/700]: mean_loss=0.004192548208973474
Online_Training [455/700]: mean_loss=0.003964771917607222
Online_Training [456/700]: mean_loss=0.0018425779934558603
Online_Training [457/700]: mean_loss=0.006504192198109295
Online_Training [458/700]: mean_loss=0.0007000240568433785
Online_Training [459/700]: mean_loss=0.0020989893366479212
Online_Training [460/700]: mean_loss=0.0008573333050460658
Online_Training [461/700]: mean_loss=0.004795118817128241
Online_Training [462/700]: mean_loss=0.003908609861456271
Online_Training [463/700]: mean_loss=0.008409875212237239
Online_Training [464/700]: mean_loss=0.0022318724788621897
Online_Training [465/700]: mean_loss=0.0010749486165069458
Online_Training [466/700]: mean_loss=0.002447436802968797
Online_Training [467/700]: mean_loss=0.002115677809342742
Online_Training [468/700]: mean_loss=0.0036284123133454057
Online_Training [469/700]: mean_loss=0.0013514904939155611
Online_Training [470/700]: mean_loss=0.0021989233921178514
Online_Training [471/700]: mean_loss=0.0012562925144771321
Online_Training [472/700]: mean_loss=0.004344133078120649
Online_Training [473/700]: mean_loss=0.0015697501884359452
Online_Training [474/700]: mean_loss=0.0020269224510735106
Online_Training [475/700]: mean_loss=0.0025209257922445736
Online_Training [476/700]: mean_loss=0.0018146143928687605
Online_Training [477/700]: mean_loss=0.0012011106171283042
Online_Training [478/700]: mean_loss=0.001053724583471194
Online_Training [479/700]: mean_loss=0.0024446139642451373
Online_Training [480/700]: mean_loss=0.004257620829674933
Online_Training [481/700]: mean_loss=0.003962335228506062
Online_Training [482/700]: mean_loss=0.0018745610205870536
Online_Training [483/700]: mean_loss=0.0010413968023688842
Online_Training [484/700]: mean_loss=0.002244184414545695
Online_Training [485/700]: mean_loss=0.0017454685488094885
Online_Training [486/700]: mean_loss=0.0014926314211657478
Online_Training [487/700]: mean_loss=0.0010888979142893935
Online_Training [488/700]: mean_loss=0.003003931785416272
Online_Training [489/700]: mean_loss=0.0053518446576264166
Online_Training [490/700]: mean_loss=0.0016106760692006599
Online_Training [491/700]: mean_loss=0.0030279798666015267
Online_Training [492/700]: mean_loss=0.08620988184379207
Online_Training [493/700]: mean_loss=0.0343403894868162
Online_Training [494/700]: mean_loss=0.03440952466593848
Online_Training [495/700]: mean_loss=0.042773656288368836
Online_Training [496/700]: mean_loss=0.07615030774225791
Online_Training [497/700]: mean_loss=0.009188639905510677
Online_Training [498/700]: mean_loss=0.026281760798560247
Online_Training [499/700]: mean_loss=0.010174467823364668
Online_Training [500/700]: mean_loss=0.003438567768575417
Online_Training [501/700]: mean_loss=0.00847862301290863
Online_Training [502/700]: mean_loss=0.005849126674648788
Online_Training [503/700]: mean_loss=0.008593909726995561
Online_Training [504/700]: mean_loss=0.003201553365215659
Online_Training [505/700]: mean_loss=0.0029526702128350735
Online_Training [506/700]: mean_loss=0.0018563155382354227
Online_Training [507/700]: mean_loss=0.00607308246091836
Online_Training [508/700]: mean_loss=0.0075017791241407394
Online_Training [509/700]: mean_loss=0.0036171942612984115
Online_Training [510/700]: mean_loss=0.00370428956941598
Online_Training [511/700]: mean_loss=0.006739056100034052
Online_Training [512/700]: mean_loss=0.0022847489712552894
Online_Training [513/700]: mean_loss=0.0019328943001002902
Online_Training [514/700]: mean_loss=0.0023257754639618928
Online_Training [515/700]: mean_loss=0.004524241589630644
Online_Training [516/700]: mean_loss=0.005687018520095282
Online_Training [517/700]: mean_loss=0.0038800700697013074
Online_Training [518/700]: mean_loss=0.00394535761895693
Online_Training [519/700]: mean_loss=0.001488973195793935
Online_Training [520/700]: mean_loss=0.0029485553904022607
Online_Training [521/700]: mean_loss=0.0016678793375225116
Online_Training [522/700]: mean_loss=0.0025701988811811637
Online_Training [523/700]: mean_loss=0.007161037375529607
Online_Training [524/700]: mean_loss=0.0028325650815127622
Online_Training [525/700]: mean_loss=0.003546025513464378
Online_Training [526/700]: mean_loss=0.0027124336597302724
Online_Training [527/700]: mean_loss=0.013977857513560189
Online_Training [528/700]: mean_loss=0.0021128358105973652
Online_Training [529/700]: mean_loss=0.005494633999963601
Online_Training [530/700]: mean_loss=0.0023035411399582196
Online_Training [531/700]: mean_loss=0.08094652949108018
Online_Training [532/700]: mean_loss=0.08377381165822347
Online_Training [533/700]: mean_loss=0.011142340928523077
Online_Training [534/700]: mean_loss=0.016609681252804067
Online_Training [535/700]: mean_loss=0.0025966911279182467
Online_Training [536/700]: mean_loss=0.00889905410197874
Online_Training [537/700]: mean_loss=0.006274232796082894
Online_Training [538/700]: mean_loss=0.0011389346359970255
Online_Training [539/700]: mean_loss=0.00443235959392041
Online_Training [540/700]: mean_loss=0.004122185223321948
Online_Training [541/700]: mean_loss=0.003907318252863156
Online_Training [542/700]: mean_loss=0.003522155405436125
Online_Training [543/700]: mean_loss=0.003274924794418944
Online_Training [544/700]: mean_loss=0.0046808569847295685
Online_Training [545/700]: mean_loss=0.0033533440501843062
Online_Training [546/700]: mean_loss=0.00540583033580333
Online_Training [547/700]: mean_loss=0.004488825888579918
Online_Training [548/700]: mean_loss=0.0020519218135935566
Online_Training [549/700]: mean_loss=0.0025544805620383057
Online_Training [550/700]: mean_loss=0.002061329652658767
Online_Training [551/700]: mean_loss=0.06551540829241276
Online_Training [552/700]: mean_loss=0.04039646964520216
Online_Training [553/700]: mean_loss=0.01714991322822041
Online_Training [554/700]: mean_loss=0.016668941515187424
Online_Training [555/700]: mean_loss=0.007086344321982728
Online_Training [556/700]: mean_loss=0.0029042515476855137
Online_Training [557/700]: mean_loss=0.0024988329516620273
Online_Training [558/700]: mean_loss=0.002021152616685463
Online_Training [559/700]: mean_loss=0.0025079721947097117
Online_Training [560/700]: mean_loss=0.005362570298732155
Online_Training [561/700]: mean_loss=0.003217278514057398
Online_Training [562/700]: mean_loss=0.0029295850609843102
Online_Training [563/700]: mean_loss=0.001731097646471527
Online_Training [564/700]: mean_loss=0.0018685696413740516
Online_Training [565/700]: mean_loss=0.003017188703072154
Online_Training [566/700]: mean_loss=0.004757564877056413
Online_Training [567/700]: mean_loss=0.0033508233027532697
Online_Training [568/700]: mean_loss=0.004618008556361828
Online_Training [569/700]: mean_loss=0.0045632881034786505
Online_Training [570/700]: mean_loss=0.0004971773418623747
Online_Training [571/700]: mean_loss=0.0008127644929724435
Online_Training [572/700]: mean_loss=0.001447922517804222
Online_Training [573/700]: mean_loss=0.002523413917515427
Online_Training [574/700]: mean_loss=0.005505328402957982
Online_Training [575/700]: mean_loss=0.0036359088650594154
Online_Training [576/700]: mean_loss=0.002555525583577239
Online_Training [577/700]: mean_loss=0.0015119442185904416
Online_Training [578/700]: mean_loss=0.0031635365125516225
Online_Training [579/700]: mean_loss=0.023957614735182788
Online_Training [580/700]: mean_loss=0.0038855515498047075
Online_Training [581/700]: mean_loss=0.006161420088675287
Online_Training [582/700]: mean_loss=0.0030502669332135054
Online_Training [583/700]: mean_loss=0.003035834615325762
Online_Training [584/700]: mean_loss=0.007636394364655846
Online_Training [585/700]: mean_loss=0.004848134846219586
Online_Training [586/700]: mean_loss=0.002017111097100294
Online_Training [587/700]: mean_loss=0.004080307100796037
Online_Training [588/700]: mean_loss=0.0013049705432624454
Online_Training [589/700]: mean_loss=0.002947650325950235
Online_Training [590/700]: mean_loss=0.0050873669226550395
Online_Training [591/700]: mean_loss=0.005329265155726009
Online_Training [592/700]: mean_loss=0.002432174081655426
Online_Training [593/700]: mean_loss=0.000786915518498669
Online_Training [594/700]: mean_loss=0.0068529849458071924
Online_Training [595/700]: mean_loss=0.0033698913304963047
Online_Training [596/700]: mean_loss=0.0033441069535911083
Online_Training [597/700]: mean_loss=0.0016779456830893953
Online_Training [598/700]: mean_loss=0.007025917164153523
Online_Training [599/700]: mean_loss=0.0013183824873218934
Online_Training [600/700]: mean_loss=0.004702715216101044
Online_Training [601/700]: mean_loss=0.003419745791082581
Online_Training [602/700]: mean_loss=0.001434303891275906
Online_Training [603/700]: mean_loss=0.0013105345747640564
Online_Training [604/700]: mean_loss=0.002315980731509626
Online_Training [605/700]: mean_loss=0.0005568151827901602
Online_Training [606/700]: mean_loss=0.001696228256656064
Online_Training [607/700]: mean_loss=0.0012248511160982566
Online_Training [608/700]: mean_loss=0.0235710260975692
Online_Training [609/700]: mean_loss=0.0019828637660894957
Online_Training [610/700]: mean_loss=0.014707358605745766
Online_Training [611/700]: mean_loss=0.007564326929342415
Online_Training [612/700]: mean_loss=0.011445380643837981
Online_Training [613/700]: mean_loss=0.004807223436526126
Online_Training [614/700]: mean_loss=0.0010217574324795147
Online_Training [615/700]: mean_loss=0.0016354783373470935
Online_Training [616/700]: mean_loss=0.0031144337909710077
Online_Training [617/700]: mean_loss=0.0023287311843079
Online_Training [618/700]: mean_loss=0.0026187734911218286
Online_Training [619/700]: mean_loss=0.0035073846294027236
Online_Training [620/700]: mean_loss=0.004925856172728042
Online_Training [621/700]: mean_loss=0.0017254195602921147
Online_Training [622/700]: mean_loss=0.003896896119436456
Online_Training [623/700]: mean_loss=0.0023227595504269833
Online_Training [624/700]: mean_loss=0.0013005733328302288
Online_Training [625/700]: mean_loss=0.0011677496562091012
Online_Training [626/700]: mean_loss=0.0021873164223507047
Online_Training [627/700]: mean_loss=0.0037147223742471803
Online_Training [628/700]: mean_loss=0.001475500709299619
Online_Training [629/700]: mean_loss=0.0011089663312304765
Online_Training [630/700]: mean_loss=0.0016710315054903428
Online_Training [631/700]: mean_loss=0.006950068326356511
Online_Training [632/700]: mean_loss=0.002510156298133855
Online_Training [633/700]: mean_loss=0.006553617021482851
Online_Training [634/700]: mean_loss=0.003525000505356325
Online_Training [635/700]: mean_loss=0.10098167094919416
Online_Training [636/700]: mean_loss=0.10088702705171373
Online_Training [637/700]: mean_loss=0.014296155681626664
Online_Training [638/700]: mean_loss=0.041019840269452996
Online_Training [639/700]: mean_loss=0.05077485378003783
Online_Training [640/700]: mean_loss=0.14139790336290994
Online_Training [641/700]: mean_loss=0.07823459928234418
Online_Training [642/700]: mean_loss=0.012758959653890796
Online_Training [643/700]: mean_loss=0.026050715914203063
Online_Training [644/700]: mean_loss=0.006980876231359111
Online_Training [645/700]: mean_loss=0.002662032473987589
Online_Training [646/700]: mean_loss=0.011729857159985436
Online_Training [647/700]: mean_loss=0.004213778767734766
Online_Training [648/700]: mean_loss=0.006669212469003267
Online_Training [649/700]: mean_loss=0.0034718389829827678
Online_Training [650/700]: mean_loss=0.004810291872773733
Online_Training [651/700]: mean_loss=0.005672199095392393
Online_Training [652/700]: mean_loss=0.007281259297289782
Online_Training [653/700]: mean_loss=0.0034705561249413425
Online_Training [654/700]: mean_loss=0.002909500526988672
Online_Training [655/700]: mean_loss=0.005139113248636325
Online_Training [656/700]: mean_loss=0.0020172149719049535
Online_Training [657/700]: mean_loss=0.0010636304472831802
Online_Training [658/700]: mean_loss=0.07922336645424366
Online_Training [659/700]: mean_loss=0.12546075342430008
Online_Training [660/700]: mean_loss=0.052777140815224916
Online_Training [661/700]: mean_loss=0.08680092315706942
Online_Training [662/700]: mean_loss=0.03370941678682963
Online_Training [663/700]: mean_loss=0.016381995597233374
Online_Training [664/700]: mean_loss=0.011494445200595591
Online_Training [665/700]: mean_loss=0.02070611182393299
Online_Training [666/700]: mean_loss=0.010794619357006418
Online_Training [667/700]: mean_loss=0.006657322868704796
Online_Training [668/700]: mean_loss=0.003611355205066502
Online_Training [669/700]: mean_loss=0.0021511237525070706
Online_Training [670/700]: mean_loss=0.004936503311101761
Online_Training [671/700]: mean_loss=0.0019604306499887672
Online_Training [672/700]: mean_loss=0.004408425961931546
Online_Training [673/700]: mean_loss=0.0018498883453301257
Online_Training [674/700]: mean_loss=0.003620459827490979
Online_Training [675/700]: mean_loss=0.005350115062254999
Online_Training [676/700]: mean_loss=0.0022820646150244605
Online_Training [677/700]: mean_loss=0.0039589056589951115
Online_Training [678/700]: mean_loss=0.08782827729980151
Online_Training [679/700]: mean_loss=0.023048704179624718
Online_Training [680/700]: mean_loss=0.061111750081181526
Online_Training [681/700]: mean_loss=0.044844786533051066
Online_Training [682/700]: mean_loss=0.011559709182216061
Online_Training [683/700]: mean_loss=0.006162054681529601
Online_Training [684/700]: mean_loss=0.0051882874427570235
Online_Training [685/700]: mean_loss=0.006832084489158458
Online_Training [686/700]: mean_loss=0.006803979929019179
Online_Training [687/700]: mean_loss=0.00869039262437986
Online_Training [688/700]: mean_loss=0.009374811883187957
Online_Training [689/700]: mean_loss=0.0018225342177578972
Online_Training [690/700]: mean_loss=0.0013360423035919666
Online_Training [691/700]: mean_loss=0.006552866918759214
Online_Training [692/700]: mean_loss=0.005113895594452818
Online_Training [693/700]: mean_loss=0.0026155263832252887
Online_Training [694/700]: mean_loss=0.002777567249722779
Online_Training [695/700]: mean_loss=0.002606324961460713
Online_Training [696/700]: mean_loss=0.004801961567459835
Online_Training [697/700]: mean_loss=0.007223815527848071
Online_Training [698/700]: mean_loss=0.010949106473061774
Online_Training [699/700]: mean_loss=0.003990368464858168
Online_Training [700/700]: mean_loss=0.004692468546434409
Number of Samples after Autoencoder testing: 300
First Spike after testing: [0.263138   0.39201477]
[2, 2, 1, 0, 2, 1, 0, 1, 2, 0, 2, 0, 2, 2, 0, 1, 2, 0, 2, 2, 2, 1, 2, 0, 2, 1, 2, 1, 0, 1, 2, 0, 2, 2, 2, 1, 1, 2, 0, 0, 2, 2, 0, 0, 2, 0, 0, 2, 2, 0, 1, 1, 1, 0, 2, 0, 0, 2, 2, 1, 2, 2, 0, 1, 1, 1, 0, 1, 1, 2, 0, 2, 0, 0, 0, 1, 2, 0, 2, 1, 1, 1, 1, 0, 1, 1, 2, 0, 1, 2, 0, 0, 2, 1, 1, 2, 0, 2, 1, 2, 0, 2, 1, 0, 0, 1, 0, 1, 1, 0, 1, 1, 0, 0, 2, 0, 0, 2, 0, 2, 2, 0, 2, 1, 0, 1, 0, 2, 2, 0, 2, 1, 1, 2, 1, 0, 1, 2, 1, 2, 2, 1, 2, 2, 2, 2, 0, 1, 0, 1, 2, 1, 2, 0, 2, 2, 1, 1, 0, 1, 2, 1, 2, 0, 1, 2, 1, 0, 0, 0, 0, 0, 1, 2, 0, 2, 2, 2, 2, 0, 1, 2, 1, 1, 2, 0, 0, 2, 1, 1, 0, 0, 0, 1, 0, 0, 2, 2, 0, 2, 1, 0, 2, 0, 2, 0, 1, 0, 2, 2, 2, 0, 0, 1, 1, 2, 2, 1, 0, 2, 0, 1, 2, 0, 1, 2, 1, 2, 2, 0, 1, 0, 0, 1, 2, 1, 0, 0, 0, 1, 0, 2, 1, 0, 2, 0, 2, 1, 1, 1, 0, 2, 2, 2, 2, 1, 0, 1, 1, 0, 0, 1, 1, 0, 0, 2, 2, 1, 2, 1, 0, 2, 0, 0, 2, 2, 2, 1, 1, 0, 0, 2, 0, 2, 2, 0, 2, 0, 2, 0, 1, 0, 2, 0, 0, 2, 1, 2, 2, 0]
[0, 0, 1, 1, 0, 1, 1, 1, 0, 1, 0, 1, 0, 0, 1, 0, 0, 1, 0, 0, 0, 1, 0, 1, 0, 0, 0, 0, 1, 1, 0, 1, 0, 0, 0, 1, 0, 0, 1, 1, 0, 0, 1, 1, 0, 1, 1, 0, 0, 1, 1, 0, 0, 1, 0, 1, 1, 0, 0, 0, 0, 0, 1, 0, 0, 0, 2, 1, 1, 3, 1, 0, 1, 1, 1, 0, 4, 0, 0, 0, 1, 0, 0, 1, 1, 0, 0, 4, 0, 0, 1, 1, 0, 0, 0, 0, 2, 3, 0, 0, 1, 0, 0, 1, 1, 0, 1, 1, 0, 1, 1, 0, 1, 1, 0, 1, 1, 0, 1, 0, 0, 1, 0, 1, 1, 0, 1, 0, 0, 1, 0, 0, 0, 0, 1, 1, 0, 0, 1, 0, 0, 1, 0, 0, 0, 0, 1, 0, 1, 0, 0, 0, 0, 1, 0, 0, 0, 0, 1, 0, 0, 1, 3, 1, 0, 0, 0, 1, 1, 1, 1, 1, 1, 0, 1, 0, 0, 0, 0, 1, 0, 0, 0, 0, 0, 1, 1, 0, 0, 0, 1, 1, 1, 1, 1, 1, 0, 0, 1, 0, 0, 1, 0, 1, 0, 1, 0, 1, 0, 0, 0, 1, 1, 0, 0, 0, 0, 1, 1, 0, 1, 0, 0, 1, 2, 5, 0, 0, 0, 1, 0, 1, 1, 0, 0, 0, 1, 1, 1, 0, 1, 0, 0, 1, 0, 1, 0, 1, 1, 1, 1, 0, 0, 0, 0, 1, 1, 0, 2, 4, 1, 0, 0, 1, 1, 0, 0, 0, 0, 0, 1, 0, 1, 1, 0, 0, 0, 0, 0, 1, 1, 0, 1, 0, 0, 1, 0, 1, 0, 1, 0, 1, 0, 1, 1, 0, 0, 0, 0, 1]
Centroids: [[-0.5297725, -0.99515384], [0.15734972, -0.46266994], [0.2882015, 0.42107818]]
Centroids: [[0.26040122, 0.11571273], [-0.43304986, -0.91316766], [-0.70182306, -1.4675442], [1.2645799, 0.7822225], [-0.968376, -0.46187308], [2.7822287, 1.5859128]]
Contingency Matrix: 
[[  1  98   2   0   2   0]
 [ 60  25   2   0   0   0]
 [105   0   0   3   1   1]]
[[1, 98, 2, 0, 2, 0], [60, 25, 2, 0, 0, 0], [105, 0, 0, 3, 1, 1]]
[[1, 98, 2, 0, 2, 0], [60, 25, 2, 0, 0, 0], [105, 0, 0, 3, 1, 1]]
[0, 1, 2, 3, 4, 5]
[[-1, 98, 2, 0, 2, 0], [-1, 25, 2, 0, 0, 0], [-1, -1, -1, -1, -1, -1]]
[[-1, -1, -1, -1, -1, -1], [-1, -1, 2, 0, 0, 0], [-1, -1, -1, -1, -1, -1]]
[[-1, -1, -1, -1, -1, -1], [-1, -1, -1, -1, -1, -1], [-1, -1, -1, -1, -1, -1]]
Match_Labels: {2: 0, 0: 1, 1: 2}
New Contingency Matrix: 
[[ 98   2   1   0   2   0]
 [ 25   2  60   0   0   0]
 [  0   0 105   3   1   1]]
New Clustered Label Sequence: [1, 2, 0, 3, 4, 5]
Diagonal_Elements: [98, 2, 105], Sum: 205
All_Elements: [98, 2, 1, 0, 2, 0, 25, 2, 60, 0, 0, 0, 0, 0, 105, 3, 1, 1], Sum: 300
Accuracy: 0.6833333333333333
