Seed: 4
Experiment_path: AE_Model_1/Random_Seeds_DV5//V5_2/Experiment_05_4_opt_temp
Dataset_Path: ../_00_Datasets/03_SimDaten_Quiroga2020/C_Difficult1_noise005.mat
Dataset_name: ['03_SimDaten_Quiroga2020', 'C_Difficult1_noise005.mat']
Variant_name: Variant_05_Online_Autoencoder_QLearning_opt_temp
Visualisation_Path: AE_Model_1/Random_Seeds_DV5//V5_2/Experiment_05_4_opt_temp/C_Difficult1_noise005.mat/Variant_05_Online_Autoencoder_QLearning_opt_temp/2023_04_24-16_38_02
Normalisation: False
Template Matching: True
Optimising Autoencoder: True
Update Factor: 1
Noisy Batches: False
Noisy Factor: 0.1
Epochs: 8
Batch Size: 1
maximal Spikes for Autoencoder Training : 700
maximal Spikes for Training: 1000
Input Size: 47
Chosen Model: Autoencoder
Autoencoder(
  (encoder): Sequential(
    (0): Linear(in_features=47, out_features=12, bias=True)
    (1): LeakyReLU(negative_slope=0.01)
    (2): Linear(in_features=12, out_features=2, bias=True)
  )
  (decoder): Sequential(
    (0): Linear(in_features=2, out_features=12, bias=True)
    (1): LeakyReLU(negative_slope=0.01)
    (2): Linear(in_features=12, out_features=47, bias=True)
  )
)
MSELoss()
Adam (
Parameter Group 0
    amsgrad: False
    betas: (0.9, 0.999)
    capturable: False
    differentiable: False
    eps: 1e-08
    foreach: None
    fused: False
    lr: 0.001
    maximize: False
    weight_decay: 0
)
---Q Learning Parameters---
Normalisation: False
Punishment Coefficient: 0.3
Alpha: 0.8
Epsilon: 0.01
Gamma: 0.97
Initial Episode Number: 0
Episode Number Coefficient: 1.4
Number of Random Features: 20
Planning Number: 20
Max Random Features: 60
New Episode Number: 72
New Episode Number: 143
New Episode Number: 215
New Episode Number: 286
New Episode Number: 358
New Episode Number: 429
New Episode Number: 500
                0     1     2     3     4     5     6     7
new_cluster -0.78 -0.90 -0.94 -0.52 -1.08 -0.44 -0.79 -1.11
c1          -0.78 -0.98 -1.10 -0.49 -1.10 -0.44 -0.70 -1.19
c2          -0.78 -0.93 -0.98 -0.50 -1.09 -0.44 -0.81 -1.10
c3          -0.78 -0.93 -0.89 -0.51 -1.08 -0.43 -0.72 -1.16
c4          -0.78 -0.99 -1.06 -0.50 -1.15 -0.44 -0.69 -1.09
c5          -0.78 -0.88 -1.02 -0.49 -1.08 -0.44 -0.82 -1.15
c6          -0.78 -0.97 -0.90 -0.48 -1.09 -0.43  0.00  0.00
c7          -0.76 -0.90 -1.07 -0.48 -1.09 -0.44  0.00  0.00
\begin{tabular}{lrrrrrrrr}
\toprule
{} &     0 &     1 &     2 &     3 &     4 &     5 &     6 &     7 \\
\midrule
new\_cluster & -0.78 & -0.90 & -0.94 & -0.52 & -1.08 & -0.44 & -0.79 & -1.11 \\
c1          & -0.78 & -0.98 & -1.10 & -0.49 & -1.10 & -0.44 & -0.70 & -1.19 \\
c2          & -0.78 & -0.93 & -0.98 & -0.50 & -1.09 & -0.44 & -0.81 & -1.10 \\
c3          & -0.78 & -0.93 & -0.89 & -0.51 & -1.08 & -0.43 & -0.72 & -1.16 \\
c4          & -0.78 & -0.99 & -1.06 & -0.50 & -1.15 & -0.44 & -0.69 & -1.09 \\
c5          & -0.78 & -0.88 & -1.02 & -0.49 & -1.08 & -0.44 & -0.82 & -1.15 \\
c6          & -0.78 & -0.97 & -0.90 & -0.48 & -1.09 & -0.43 &  0.00 &  0.00 \\
c7          & -0.76 & -0.90 & -1.07 & -0.48 & -1.09 & -0.44 &  0.00 &  0.00 \\
\bottomrule
\end{tabular}

                                0            1  ...            6            7
new_cluster  [-0.36, new_cluster]  [-0.48, c1]  ...  [-0.79, c6]  [-1.11, c7]
c1           [-0.36, new_cluster]  [-0.57, c1]  ...   [-0.7, c6]  [-1.19, c7]
c2           [-0.36, new_cluster]   [-0.5, c1]  ...  [-0.81, c6]   [-1.1, c7]
c3           [-0.36, new_cluster]  [-0.51, c1]  ...  [-0.72, c6]  [-1.16, c7]
c4           [-0.36, new_cluster]  [-0.56, c1]  ...  [-0.69, c6]  [-1.09, c7]
c5           [-0.36, new_cluster]  [-0.47, c1]  ...  [-0.82, c6]  [-1.15, c7]
c6           [-0.36, new_cluster]  [-0.54, c1]  ...        [0, ]        [0, ]
c7           [-0.36, new_cluster]  [-0.47, c1]  ...        [0, ]        [0, ]

[8 rows x 8 columns]
\begin{tabular}{lllllllll}
\toprule
{} &                     0 &            1 &            2 &            3 &            4 &            5 &            6 &            7 \\
\midrule
new\_cluster &  [-0.36, new\_cluster] &  [-0.48, c1] &  [-0.53, c2] &  [-0.11, c3] &  [-0.66, c4] &  [-0.01, c5] &  [-0.79, c6] &  [-1.11, c7] \\
c1          &  [-0.36, new\_cluster] &  [-0.57, c1] &  [-0.68, c2] &  [-0.07, c3] &  [-0.68, c4] &  [-0.02, c5] &   [-0.7, c6] &  [-1.19, c7] \\
c2          &  [-0.36, new\_cluster] &   [-0.5, c1] &  [-0.57, c2] &  [-0.09, c3] &  [-0.66, c4] &  [-0.02, c5] &  [-0.81, c6] &   [-1.1, c7] \\
c3          &  [-0.36, new\_cluster] &  [-0.51, c1] &  [-0.48, c2] &  [-0.09, c3] &  [-0.66, c4] &  [-0.01, c5] &  [-0.72, c6] &  [-1.16, c7] \\
c4          &  [-0.36, new\_cluster] &  [-0.56, c1] &  [-0.65, c2] &  [-0.09, c3] &  [-0.72, c4] &  [-0.01, c5] &  [-0.69, c6] &  [-1.09, c7] \\
c5          &  [-0.36, new\_cluster] &  [-0.47, c1] &   [-0.6, c2] &  [-0.08, c3] &  [-0.66, c4] &  [-0.01, c5] &  [-0.82, c6] &  [-1.15, c7] \\
c6          &  [-0.36, new\_cluster] &  [-0.54, c1] &  [-0.48, c2] &  [-0.06, c3] &  [-0.67, c4] &  [-0.01, c5] &        [0, ] &        [0, ] \\
c7          &  [-0.36, new\_cluster] &  [-0.47, c1] &  [-0.65, c2] &  [-0.06, c3] &  [-0.66, c4] &  [-0.01, c5] &        [0, ] &        [0, ] \\
\bottomrule
\end{tabular}

