Seed: 7
Experiment_path: Random_Seeds_DV5//V5_1/Experiment_05_7_opt
Dataset_Path: ../_00_Datasets/03_SimDaten_Quiroga2020/C_Difficult1_noise015.mat
Dataset_name: ['03_SimDaten_Quiroga2020', 'C_Difficult1_noise015.mat']
Variant_name: Variant_05_Online_Autoencoder_QLearning_opt
Visualisation_Path: Random_Seeds_DV5//V5_1/Experiment_05_7_opt/C_Difficult1_noise015.mat/Variant_05_Online_Autoencoder_QLearning_opt/2023_04_05-09_35_52
Normalisation: False
Template Matching: False
Optimising Autoencoder: True
Update Factor: 100
Noisy Batches: False
Noisy Factor: 0.1
Epochs: 8
Batch Size: 1
maximal Spikes for Autoencoder Training : 700
maximal Spikes for Training: 1000
Input Size: 47
Chosen Model: Autoencoder
Autoencoder(
  (encoder): Sequential(
    (0): Linear(in_features=47, out_features=12, bias=True)
    (1): LeakyReLU(negative_slope=0.01)
    (2): Linear(in_features=12, out_features=2, bias=True)
  )
  (decoder): Sequential(
    (0): Linear(in_features=2, out_features=12, bias=True)
    (1): LeakyReLU(negative_slope=0.01)
    (2): Linear(in_features=12, out_features=47, bias=True)
  )
)
MSELoss()
Adam (
Parameter Group 0
    amsgrad: False
    betas: (0.9, 0.999)
    capturable: False
    differentiable: False
    eps: 1e-08
    foreach: None
    fused: False
    lr: 0.001
    maximize: False
    weight_decay: 0
)
---Q Learning Parameters---
Normalisation: False
Punishment Coefficient: 0.35
Alpha: 0.8
Epsilon: 0.01
Gamma: 0.97
Initial Episode Number: 0
Episode Number Coefficient: 1.4
Number of Random Features: 20
Planning Number: 20
Max Random Features: 60
New Episode Number: 72
New Episode Number: 143
New Episode Number: 215
New Episode Number: 286
New Episode Number: 358
New Episode Number: 429
                0     1     2     3     4     5     6
new_cluster -2.39 -2.50 -3.41 -1.96 -2.57 -2.33 -4.64
c1          -2.39 -2.51 -3.42 -1.99 -2.62 -2.37 -4.64
c2          -2.40 -2.55 -3.24 -2.01 -2.61 -2.27 -4.64
c3          -2.39 -2.41 -3.23 -1.97 -2.60 -2.37 -4.64
c4          -2.40 -2.50 -3.49 -1.96 -2.53 -2.29 -4.64
c5          -2.41 -2.46 -3.41 -2.04 -2.68 -2.31 -4.64
c6          -2.40 -2.47 -3.33 -2.01 -2.44 -2.24  0.00
                                0            1  ...            5            6
new_cluster  [-0.49, new_cluster]  [-0.56, c1]  ...  [-0.34, c5]  [-4.64, c6]
c1           [-0.49, new_cluster]  [-0.54, c1]  ...  [-0.39, c5]  [-4.64, c6]
c2           [-0.49, new_cluster]  [-0.62, c1]  ...   [-0.3, c5]  [-4.64, c6]
c3           [-0.49, new_cluster]  [-0.48, c1]  ...  [-0.39, c5]  [-4.64, c6]
c4           [-0.49, new_cluster]  [-0.56, c1]  ...   [-0.3, c5]  [-4.64, c6]
c5           [-0.49, new_cluster]  [-0.52, c1]  ...  [-0.33, c5]  [-4.64, c6]
c6           [-0.49, new_cluster]  [-0.54, c1]  ...  [-0.27, c5]        [0, ]

[7 rows x 7 columns]
