Seed: 0
Experiment_path: AE_Model_2/Epochs_2_4_6_8_20/20_Experiment_05_Epochs
Dataset_Path: ../_00_Datasets/03_SimDaten_Quiroga2020/C_Burst_Easy2_noise015.mat
Dataset_name: ['03_SimDaten_Quiroga2020', 'C_Burst_Easy2_noise015.mat']
Variant_name: V05_Online_AE_QL
Visualisation_Path: AE_Model_2/Epochs_2_4_6_8_20/20_Experiment_05_Epochs/C_Burst_Easy2_noise015.mat/V05_Online_AE_QL/2023_05_11-01_06_20
Normalisation: False
Template Matching: False
Optimising Autoencoder: False
Update Factor: 1
Noisy Batches: False
Noisy Factor: 0.001
Epochs: 20
Batch Size: 1
maximal Spikes for Autoencoder Training : 700
maximal Spikes for Training: 1000
Input Size: 47
Chosen Model: Convolutional Autoencoder
ConvolutionalAutoencoder(
  (encoder): Sequential(
    (0): Conv1d(1, 6, kernel_size=(6,), stride=(1,))
    (1): LeakyReLU(negative_slope=0.01)
    (2): Conv1d(6, 1, kernel_size=(6,), stride=(1,))
    (3): Flatten(start_dim=1, end_dim=-1)
    (4): Linear(in_features=37, out_features=2, bias=True)
  )
  (decoder): Sequential(
    (0): ConvTranspose1d(1, 6, kernel_size=(6,), stride=(1,))
    (1): LeakyReLU(negative_slope=0.01)
    (2): ConvTranspose1d(6, 1, kernel_size=(6,), stride=(1,))
    (3): Flatten(start_dim=1, end_dim=-1)
    (4): Linear(in_features=12, out_features=47, bias=True)
  )
)
MSELoss()
Adam (
Parameter Group 0
    amsgrad: False
    betas: (0.9, 0.999)
    capturable: False
    differentiable: False
    eps: 1e-08
    foreach: None
    fused: False
    lr: 0.001
    maximize: False
    weight_decay: 0
)
---Q Learning Parameters---
Normalisation: False
Punishment Coefficient: 0.5
Alpha: 0.8
Epsilon: 0.01
Gamma: 0.97
Initial Episode Number: 0
Episode Number Coefficient: 1.4
Number of Random Features: 20
Planning Number: 20
Max Random Features: 60
New Episode Number: 72
New Episode Number: 143
New Episode Number: 215
New Episode Number: 286
New Episode Number: 358
New Episode Number: 429
New Episode Number: 500
New Episode Number: 572
New Episode Number: 643
New Episode Number: 715
                0      1      2      3   ...     7      8      9      10
new_cluster -21.51 -28.54 -21.73 -24.25  ... -24.18 -47.74 -44.37 -32.90
c1          -21.32 -27.55 -21.59 -23.85  ... -24.12 -47.52 -44.38 -32.87
c2          -21.83 -27.81 -21.76 -24.09  ... -24.44 -47.52 -44.39 -32.90
c3          -21.79 -28.21 -21.51 -23.89  ... -24.06 -47.52 -44.35 -32.89
c4          -21.77 -28.34 -21.18 -23.90  ... -24.43 -47.73 -44.40 -32.89
c5          -21.78 -27.99 -21.70 -24.24  ... -24.31 -47.78 -44.38 -32.90
c6          -21.49 -28.40 -21.46 -23.76  ... -23.94 -47.74 -44.37 -32.89
c7          -21.84 -28.11 -21.00 -23.90  ... -24.71 -47.74 -44.40 -32.89
c8          -21.49 -27.84 -21.37 -23.98  ... -23.85 -47.73 -44.39 -32.90
c9          -21.82 -28.21 -21.87 -24.14  ... -23.84 -47.52 -44.37 -32.89
c10         -21.32 -28.46 -21.99 -23.81  ... -24.07 -47.74 -44.37 -32.85

[11 rows x 11 columns]
\begin{tabular}{lrrrrrrrrrrr}
\toprule
{} &     0  &     1  &     2  &     3  &     4  &     5  &     6  &     7  &     8  &     9  &     10 \\
\midrule
new\_cluster & -21.51 & -28.54 & -21.73 & -24.25 & -33.06 & -21.49 & -24.41 & -24.18 & -47.74 & -44.37 & -32.90 \\
c1          & -21.32 & -27.55 & -21.59 & -23.85 & -32.82 & -21.37 & -23.95 & -24.12 & -47.52 & -44.38 & -32.87 \\
c2          & -21.83 & -27.81 & -21.76 & -24.09 & -33.01 & -21.48 & -24.40 & -24.44 & -47.52 & -44.39 & -32.90 \\
c3          & -21.79 & -28.21 & -21.51 & -23.89 & -32.45 & -21.21 & -24.25 & -24.06 & -47.52 & -44.35 & -32.89 \\
c4          & -21.77 & -28.34 & -21.18 & -23.90 & -32.34 & -21.37 & -24.21 & -24.43 & -47.73 & -44.40 & -32.89 \\
c5          & -21.78 & -27.99 & -21.70 & -24.24 & -31.14 & -21.59 & -23.90 & -24.31 & -47.78 & -44.38 & -32.90 \\
c6          & -21.49 & -28.40 & -21.46 & -23.76 & -32.86 & -21.10 & -24.55 & -23.94 & -47.74 & -44.37 & -32.89 \\
c7          & -21.84 & -28.11 & -21.00 & -23.90 & -32.90 & -21.43 & -24.28 & -24.71 & -47.74 & -44.40 & -32.89 \\
c8          & -21.49 & -27.84 & -21.37 & -23.98 & -32.11 & -21.33 & -24.36 & -23.85 & -47.73 & -44.39 & -32.90 \\
c9          & -21.82 & -28.21 & -21.87 & -24.14 & -33.56 & -21.24 & -24.16 & -23.84 & -47.52 & -44.37 & -32.89 \\
c10         & -21.32 & -28.46 & -21.99 & -23.81 & -32.84 & -21.16 & -24.26 & -24.07 & -47.74 & -44.37 & -32.85 \\
\bottomrule
\end{tabular}

                              0            1   ...            9              10
new_cluster  [-1.0, new_cluster]  [-7.89, c1]  ...  [-23.79, c9]  [-12.38, c10]
c1           [-1.0, new_cluster]  [-7.13, c1]  ...  [-23.79, c9]  [-12.38, c10]
c2           [-1.0, new_cluster]  [-7.13, c1]  ...  [-23.79, c9]  [-12.38, c10]
c3           [-1.0, new_cluster]  [-7.66, c1]  ...  [-23.79, c9]  [-12.38, c10]
c4           [-1.0, new_cluster]  [-7.67, c1]  ...  [-23.79, c9]  [-12.38, c10]
c5           [-1.0, new_cluster]  [-7.32, c1]  ...  [-23.79, c9]  [-12.38, c10]
c6           [-1.0, new_cluster]  [-7.86, c1]  ...  [-23.79, c9]  [-12.38, c10]
c7           [-1.0, new_cluster]  [-7.53, c1]  ...  [-23.79, c9]  [-12.38, c10]
c8           [-1.0, new_cluster]  [-7.21, c1]  ...  [-23.79, c9]  [-12.38, c10]
c9           [-1.0, new_cluster]  [-7.56, c1]  ...  [-23.79, c9]  [-12.38, c10]
c10          [-1.0, new_cluster]  [-7.85, c1]  ...  [-23.79, c9]  [-12.38, c10]

[11 rows x 11 columns]
\begin{tabular}{llllllllllll}
\toprule
{} &                   0  &           1  &           2  &           3  &            4  &           5  &           6  &           7  &           8  &            9  &             10 \\
\midrule
new\_cluster &  [-1.0, new\_cluster] &  [-7.89, c1] &  [-0.97, c2] &  [-3.69, c3] &  [-12.52, c4] &  [-0.72, c5] &  [-4.03, c6] &  [-3.83, c7] &  [-27.1, c8] &  [-23.79, c9] &  [-12.38, c10] \\
c1          &  [-1.0, new\_cluster] &  [-7.13, c1] &  [-0.96, c2] &  [-3.28, c3] &   [-12.3, c4] &  [-0.62, c5] &  [-3.93, c6] &  [-3.74, c7] &  [-27.1, c8] &  [-23.79, c9] &  [-12.38, c10] \\
c2          &  [-1.0, new\_cluster] &  [-7.13, c1] &   [-1.2, c2] &  [-3.51, c3] &  [-12.47, c4] &  [-0.78, c5] &  [-4.03, c6] &  [-4.07, c7] &  [-27.1, c8] &  [-23.79, c9] &  [-12.38, c10] \\
c3          &  [-1.0, new\_cluster] &  [-7.66, c1] &  [-1.07, c2] &  [-3.31, c3] &  [-11.93, c4] &  [-0.69, c5] &  [-3.88, c6] &   [-3.7, c7] &  [-27.1, c8] &  [-23.79, c9] &  [-12.38, c10] \\
c4          &  [-1.0, new\_cluster] &  [-7.67, c1] &  [-1.09, c2] &  [-3.32, c3] &   [-11.8, c4] &  [-0.59, c5] &  [-3.83, c6] &  [-4.06, c7] &  [-27.1, c8] &  [-23.79, c9] &  [-12.38, c10] \\
c5          &  [-1.0, new\_cluster] &  [-7.32, c1] &  [-0.83, c2] &  [-3.66, c3] &   [-10.6, c4] &  [-0.99, c5] &  [-3.88, c6] &  [-3.94, c7] &  [-27.1, c8] &  [-23.79, c9] &  [-12.38, c10] \\
c6          &  [-1.0, new\_cluster] &  [-7.86, c1] &   [-0.9, c2] &  [-3.19, c3] &  [-12.33, c4] &  [-0.42, c5] &  [-4.08, c6] &  [-3.57, c7] &  [-27.1, c8] &  [-23.79, c9] &  [-12.38, c10] \\
c7          &  [-1.0, new\_cluster] &  [-7.53, c1] &  [-0.89, c2] &  [-3.33, c3] &  [-12.38, c4] &  [-0.74, c5] &  [-3.83, c6] &  [-4.34, c7] &  [-27.1, c8] &  [-23.79, c9] &  [-12.38, c10] \\
c8          &  [-1.0, new\_cluster] &  [-7.21, c1] &  [-0.92, c2] &  [-3.41, c3] &  [-11.67, c4] &  [-0.74, c5] &  [-3.98, c6] &  [-3.48, c7] &  [-27.1, c8] &  [-23.79, c9] &  [-12.38, c10] \\
c9          &  [-1.0, new\_cluster] &  [-7.56, c1] &  [-1.29, c2] &  [-3.57, c3] &  [-13.04, c4] &  [-0.65, c5] &  [-4.13, c6] &  [-3.47, c7] &  [-27.1, c8] &  [-23.79, c9] &  [-12.38, c10] \\
c10         &  [-1.0, new\_cluster] &  [-7.85, c1] &  [-1.09, c2] &  [-3.24, c3] &   [-12.3, c4] &  [-0.59, c5] &  [-3.88, c6] &   [-3.7, c7] &  [-27.1, c8] &  [-23.79, c9] &  [-12.38, c10] \\
\bottomrule
\end{tabular}

