Seed: 0
Experiment_path: AE_Model_2/Epochs//V5/Experiment_05
Dataset_Path: ../_00_Datasets/03_SimDaten_Quiroga2020/C_Easy1_noise025.mat
Dataset_name: ['03_SimDaten_Quiroga2020', 'C_Easy1_noise025.mat']
Variant_name: Variant_05_Online_Autoencoder_QLearning
Visualisation_Path: AE_Model_2/Epochs//V5/Experiment_05/C_Easy1_noise025.mat/Variant_05_Online_Autoencoder_QLearning/2023_04_25-19_35_15
Normalisation: False
Template Matching: False
Optimising Autoencoder: False
Update Factor: 1
Noisy Batches: False
Noisy Factor: 0.1
Epochs: 20
Batch Size: 1
maximal Spikes for Autoencoder Training : 700
maximal Spikes for Training: 1000
Input Size: 47
Chosen Model: Convolutional Autoencoder
ConvolutionalAutoencoder(
  (encoder): Sequential(
    (0): Conv1d(1, 6, kernel_size=(6,), stride=(1,))
    (1): LeakyReLU(negative_slope=0.01)
    (2): Conv1d(6, 1, kernel_size=(6,), stride=(1,))
    (3): Flatten(start_dim=1, end_dim=-1)
    (4): Linear(in_features=37, out_features=2, bias=True)
  )
  (decoder): Sequential(
    (0): ConvTranspose1d(1, 6, kernel_size=(6,), stride=(1,))
    (1): LeakyReLU(negative_slope=0.01)
    (2): ConvTranspose1d(6, 1, kernel_size=(6,), stride=(1,))
    (3): Flatten(start_dim=1, end_dim=-1)
    (4): Linear(in_features=12, out_features=47, bias=True)
  )
)
MSELoss()
Adam (
Parameter Group 0
    amsgrad: False
    betas: (0.9, 0.999)
    capturable: False
    differentiable: False
    eps: 1e-08
    foreach: None
    fused: False
    lr: 0.001
    maximize: False
    weight_decay: 0
)
---Q Learning Parameters---
Normalisation: False
Punishment Coefficient: 1.2
Alpha: 0.8
Epsilon: 0.01
Gamma: 0.97
Initial Episode Number: 0
Episode Number Coefficient: 1.4
Number of Random Features: 20
Planning Number: 20
Max Random Features: 60
New Episode Number: 72
New Episode Number: 143
New Episode Number: 215
                 0      1      2      3
new_cluster -25.40 -20.39 -21.30 -20.34
c1          -25.02 -20.60 -21.58 -20.63
c2          -25.02 -20.56 -21.62 -20.38
c3          -25.40 -21.02 -21.92 -20.36
\begin{tabular}{lrrrr}
\toprule
{} &      0 &      1 &      2 &      3 \\
\midrule
new\_cluster & -25.40 & -20.39 & -21.30 & -20.34 \\
c1          & -25.02 & -20.60 & -21.58 & -20.63 \\
c2          & -25.02 & -20.56 & -21.62 & -20.38 \\
c3          & -25.40 & -21.02 & -21.92 & -20.36 \\
\bottomrule
\end{tabular}

                                0            1            2            3
new_cluster  [-5.76, new_cluster]  [-0.87, c1]  [-1.74, c2]  [-0.71, c3]
c1           [-5.76, new_cluster]  [-1.08, c1]  [-2.16, c2]   [-1.0, c3]
c2           [-5.76, new_cluster]  [-1.05, c1]   [-1.9, c2]  [-0.85, c3]
c3           [-5.76, new_cluster]  [-1.51, c1]  [-2.39, c2]  [-0.72, c3]
\begin{tabular}{lllll}
\toprule
{} &                     0 &            1 &            2 &            3 \\
\midrule
new\_cluster &  [-5.76, new\_cluster] &  [-0.87, c1] &  [-1.74, c2] &  [-0.71, c3] \\
c1          &  [-5.76, new\_cluster] &  [-1.08, c1] &  [-2.16, c2] &   [-1.0, c3] \\
c2          &  [-5.76, new\_cluster] &  [-1.05, c1] &   [-1.9, c2] &  [-0.85, c3] \\
c3          &  [-5.76, new\_cluster] &  [-1.51, c1] &  [-2.39, c2] &  [-0.72, c3] \\
\bottomrule
\end{tabular}

