Seed: 0
Experiment_path: AE_Model_2/Epochs//V5/Experiment_05
Dataset_Path: ../_00_Datasets/03_SimDaten_Quiroga2020/C_Easy2_noise020.mat
Dataset_name: ['03_SimDaten_Quiroga2020', 'C_Easy2_noise020.mat']
Variant_name: Variant_05_Online_Autoencoder_QLearning
Visualisation_Path: AE_Model_2/Epochs//V5/Experiment_05/C_Easy2_noise020.mat/Variant_05_Online_Autoencoder_QLearning/2023_04_25-14_51_16
Normalisation: False
Template Matching: False
Optimising Autoencoder: False
Update Factor: 1
Noisy Batches: False
Noisy Factor: 0.1
Epochs: 6
Batch Size: 1
maximal Spikes for Autoencoder Training : 700
maximal Spikes for Training: 1000
Input Size: 47
Chosen Model: Convolutional Autoencoder
ConvolutionalAutoencoder(
  (encoder): Sequential(
    (0): Conv1d(1, 6, kernel_size=(6,), stride=(1,))
    (1): LeakyReLU(negative_slope=0.01)
    (2): Conv1d(6, 1, kernel_size=(6,), stride=(1,))
    (3): Flatten(start_dim=1, end_dim=-1)
    (4): Linear(in_features=37, out_features=2, bias=True)
  )
  (decoder): Sequential(
    (0): ConvTranspose1d(1, 6, kernel_size=(6,), stride=(1,))
    (1): LeakyReLU(negative_slope=0.01)
    (2): ConvTranspose1d(6, 1, kernel_size=(6,), stride=(1,))
    (3): Flatten(start_dim=1, end_dim=-1)
    (4): Linear(in_features=12, out_features=47, bias=True)
  )
)
MSELoss()
Adam (
Parameter Group 0
    amsgrad: False
    betas: (0.9, 0.999)
    capturable: False
    differentiable: False
    eps: 1e-08
    foreach: None
    fused: False
    lr: 0.001
    maximize: False
    weight_decay: 0
)
---Q Learning Parameters---
Normalisation: False
Punishment Coefficient: 1.1
Alpha: 0.8
Epsilon: 0.01
Gamma: 0.97
Initial Episode Number: 0
Episode Number Coefficient: 1.4
Number of Random Features: 20
Planning Number: 20
Max Random Features: 60
New Episode Number: 72
New Episode Number: 143
New Episode Number: 215
                0     1      2     3
new_cluster -8.48 -5.24 -14.58 -3.71
c1          -8.44 -5.03 -14.87 -3.64
c2          -8.44 -5.15 -14.84 -3.86
c3          -8.44 -4.89 -14.16 -3.90
\begin{tabular}{lrrrr}
\toprule
{} &     0 &     1 &      2 &     3 \\
\midrule
new\_cluster & -8.48 & -5.24 & -14.58 & -3.71 \\
c1          & -8.44 & -5.03 & -14.87 & -3.64 \\
c2          & -8.44 & -5.15 & -14.84 & -3.86 \\
c3          & -8.44 & -4.89 & -14.16 & -3.90 \\
\bottomrule
\end{tabular}

                                0            1             2            3
new_cluster  [-4.84, new_cluster]  [-1.71, c1]  [-10.95, c2]  [-0.08, c3]
c1           [-4.84, new_cluster]  [-1.49, c1]  [-11.23, c2]  [-0.01, c3]
c2           [-4.84, new_cluster]  [-1.62, c1]  [-11.17, c2]  [-0.11, c3]
c3           [-4.84, new_cluster]  [-1.36, c1]  [-10.53, c2]  [-0.16, c3]
\begin{tabular}{lllll}
\toprule
{} &                     0 &            1 &             2 &            3 \\
\midrule
new\_cluster &  [-4.84, new\_cluster] &  [-1.71, c1] &  [-10.95, c2] &  [-0.08, c3] \\
c1          &  [-4.84, new\_cluster] &  [-1.49, c1] &  [-11.23, c2] &  [-0.01, c3] \\
c2          &  [-4.84, new\_cluster] &  [-1.62, c1] &  [-11.17, c2] &  [-0.11, c3] \\
c3          &  [-4.84, new\_cluster] &  [-1.36, c1] &  [-10.53, c2] &  [-0.16, c3] \\
\bottomrule
\end{tabular}

