Seed: 1
Experiment_path: AE_Model_1/Random_Seeds//V4/Experiment_04_1
Dataset_Path: ../_00_Datasets/03_SimDaten_Quiroga2020/C_Easy1_noise030.mat
Dataset_name: ['03_SimDaten_Quiroga2020', 'C_Easy1_noise030.mat']
Variant_name: Variant_04_Offline_Autoencoder_QLearning
Visualisation_Path: Random_Seeds//V4/Experiment_04_1/C_Easy1_noise030.mat/Variant_04_Offline_Autoencoder_QLearning/2023_04_15-13_12_47
Split Ratio: 0.9
Epochs: 8
Batch Size: 1
Input Size: 47
Number of Features: 2
Chosen Model: Autoencoder
Autoencoder(
  (encoder): Sequential(
    (0): Linear(in_features=47, out_features=12, bias=True)
    (1): LeakyReLU(negative_slope=0.01)
    (2): Linear(in_features=12, out_features=2, bias=True)
  )
  (decoder): Sequential(
    (0): Linear(in_features=2, out_features=12, bias=True)
    (1): LeakyReLU(negative_slope=0.01)
    (2): Linear(in_features=12, out_features=47, bias=True)
  )
)
MSELoss()
Adam (
Parameter Group 0
    amsgrad: False
    betas: (0.9, 0.999)
    capturable: False
    differentiable: False
    eps: 1e-08
    foreach: None
    fused: False
    lr: 0.001
    maximize: False
    weight_decay: 0
)
---Q Learning Parameters---
Normalisation: False
Punishment Coefficient: 0.8
Alpha: 0.8
Epsilon: 0.01
Gamma: 0.97
Initial Episode Number: 0
Episode Number Coefficient: 1.4
Number of Random Features: 20
Planning Number: 20
Max Random Features: 60
New Episode Number: 72
New Episode Number: 143
New Episode Number: 215
New Episode Number: 286
New Episode Number: 358
New Episode Number: 429
New Episode Number: 500
New Episode Number: 572
New Episode Number: 643
New Episode Number: 715
               0      1     2      3      4   ...    6     7     8     9     10
new_cluster -8.34 -23.88 -6.02 -29.97 -18.45  ... -9.00 -9.09 -7.29 -7.50 -7.91
c1          -8.40 -25.11 -6.28 -28.84 -19.49  ... -8.62 -9.43 -6.84 -7.43 -7.41
c2          -8.40 -26.00 -6.23 -29.22 -18.89  ... -8.90 -9.55 -7.18 -7.80 -7.89
c3          -8.39 -24.63 -6.27 -30.93 -18.55  ... -9.02 -9.11 -6.94 -7.67 -7.68
c4          -8.12 -26.00 -6.24 -29.63 -18.19  ... -8.41 -9.11 -7.18 -7.51 -7.99
c5          -8.34 -25.14 -6.25 -29.73 -18.39  ... -8.67 -9.80 -6.91 -7.61 -7.47
c6          -8.46 -26.19 -6.19 -31.22 -18.96  ... -8.75 -9.28 -6.88 -7.45 -7.74
c7          -8.34 -25.91 -6.24 -29.10 -18.36  ... -8.34 -9.51 -7.15 -7.65 -7.89
c8          -8.40 -25.62 -6.20 -28.94 -19.86  ... -8.65 -9.54 -6.95 -7.48 -7.66
c9          -8.39 -25.50 -6.18 -30.29 -18.78  ... -8.33 -9.73 -6.80 -7.58 -7.86
c10         -8.40 -24.67 -6.22 -29.08 -17.90  ... -7.89 -9.08 -6.96 -7.79 -8.05

[11 rows x 11 columns]
\begin{tabular}{lrrrrrrrrrrr}
\toprule
{} &    0  &     1  &    2  &     3  &     4  &     5  &    6  &    7  &    8  &    9  &    10 \\
\midrule
new\_cluster & -8.34 & -23.88 & -6.02 & -29.97 & -18.45 & -24.83 & -9.00 & -9.09 & -7.29 & -7.50 & -7.91 \\
c1          & -8.40 & -25.11 & -6.28 & -28.84 & -19.49 & -24.50 & -8.62 & -9.43 & -6.84 & -7.43 & -7.41 \\
c2          & -8.40 & -26.00 & -6.23 & -29.22 & -18.89 & -24.43 & -8.90 & -9.55 & -7.18 & -7.80 & -7.89 \\
c3          & -8.39 & -24.63 & -6.27 & -30.93 & -18.55 & -25.11 & -9.02 & -9.11 & -6.94 & -7.67 & -7.68 \\
c4          & -8.12 & -26.00 & -6.24 & -29.63 & -18.19 & -25.11 & -8.41 & -9.11 & -7.18 & -7.51 & -7.99 \\
c5          & -8.34 & -25.14 & -6.25 & -29.73 & -18.39 & -25.77 & -8.67 & -9.80 & -6.91 & -7.61 & -7.47 \\
c6          & -8.46 & -26.19 & -6.19 & -31.22 & -18.96 & -25.43 & -8.75 & -9.28 & -6.88 & -7.45 & -7.74 \\
c7          & -8.34 & -25.91 & -6.24 & -29.10 & -18.36 & -25.32 & -8.34 & -9.51 & -7.15 & -7.65 & -7.89 \\
c8          & -8.40 & -25.62 & -6.20 & -28.94 & -19.86 & -24.55 & -8.65 & -9.54 & -6.95 & -7.48 & -7.66 \\
c9          & -8.39 & -25.50 & -6.18 & -30.29 & -18.78 & -24.78 & -8.33 & -9.73 & -6.80 & -7.58 & -7.86 \\
c10         & -8.40 & -24.67 & -6.22 & -29.08 & -17.90 & -24.21 & -7.89 & -9.08 & -6.96 & -7.79 & -8.05 \\
\bottomrule
\end{tabular}

                               0             1   ...           9             10
new_cluster  [-2.56, new_cluster]  [-17.79, c1]  ...  [-1.55, c9]  [-1.89, c10]
c1           [-2.56, new_cluster]  [-19.03, c1]  ...  [-1.45, c9]  [-1.43, c10]
c2           [-2.56, new_cluster]  [-19.92, c1]  ...  [-1.81, c9]  [-1.87, c10]
c3           [-2.56, new_cluster]  [-18.55, c1]  ...   [-1.7, c9]  [-1.68, c10]
c4           [-2.56, new_cluster]  [-19.92, c1]  ...  [-1.52, c9]  [-1.98, c10]
c5           [-2.56, new_cluster]  [-19.04, c1]  ...  [-1.61, c9]  [-1.44, c10]
c6           [-2.56, new_cluster]  [-20.11, c1]  ...  [-1.51, c9]  [-1.72, c10]
c7           [-2.56, new_cluster]  [-19.81, c1]  ...  [-1.66, c9]  [-1.86, c10]
c8           [-2.56, new_cluster]  [-19.55, c1]  ...  [-1.52, c9]  [-1.63, c10]
c9           [-2.56, new_cluster]  [-19.43, c1]  ...  [-1.58, c9]  [-1.86, c10]
c10          [-2.56, new_cluster]  [-18.59, c1]  ...  [-1.79, c9]  [-2.02, c10]

[11 rows x 11 columns]
\begin{tabular}{llllllllllll}
\toprule
{} &                    0  &            1  &           2  &            3  &            4  &            5  &           6  &           7  &           8  &           9  &            10 \\
\midrule
new\_cluster &  [-2.56, new\_cluster] &  [-17.79, c1] &  [-0.07, c2] &   [-23.9, c3] &   [-12.4, c4] &  [-18.73, c5] &  [-3.14, c6] &  [-3.08, c7] &  [-1.28, c8] &  [-1.55, c9] &  [-1.89, c10] \\
c1          &  [-2.56, new\_cluster] &  [-19.03, c1] &  [-0.18, c2] &  [-22.86, c3] &  [-13.53, c4] &  [-18.73, c5] &  [-2.65, c6] &  [-3.35, c7] &  [-0.88, c8] &  [-1.45, c9] &  [-1.43, c10] \\
c2          &  [-2.56, new\_cluster] &  [-19.92, c1] &  [-0.14, c2] &  [-23.16, c3] &  [-12.84, c4] &  [-18.34, c5] &  [-2.91, c6] &   [-3.5, c7] &  [-1.16, c8] &  [-1.81, c9] &  [-1.87, c10] \\
c3          &  [-2.56, new\_cluster] &  [-18.55, c1] &   [-0.2, c2] &  [-24.87, c3] &  [-12.49, c4] &  [-19.01, c5] &   [-3.2, c6] &  [-3.34, c7] &  [-0.93, c8] &   [-1.7, c9] &  [-1.68, c10] \\
c4          &  [-2.56, new\_cluster] &  [-19.92, c1] &   [-0.1, c2] &  [-23.52, c3] &  [-12.14, c4] &  [-19.01, c5] &  [-2.49, c6] &  [-3.35, c7] &  [-1.17, c8] &  [-1.52, c9] &  [-1.98, c10] \\
c5          &  [-2.56, new\_cluster] &  [-19.04, c1] &  [-0.17, c2] &  [-23.65, c3] &  [-12.33, c4] &  [-19.67, c5] &  [-2.72, c6] &  [-3.81, c7] &   [-0.9, c8] &  [-1.61, c9] &  [-1.44, c10] \\
c6          &  [-2.56, new\_cluster] &  [-20.11, c1] &  [-0.08, c2] &  [-25.14, c3] &  [-12.91, c4] &  [-19.36, c5] &  [-2.83, c6] &  [-3.21, c7] &  [-0.99, c8] &  [-1.51, c9] &  [-1.72, c10] \\
c7          &  [-2.56, new\_cluster] &  [-19.81, c1] &  [-0.17, c2] &  [-23.03, c3] &  [-12.31, c4] &  [-19.22, c5] &  [-2.48, c6] &  [-3.49, c7] &  [-1.21, c8] &  [-1.66, c9] &  [-1.86, c10] \\
c8          &  [-2.56, new\_cluster] &  [-19.55, c1] &  [-0.08, c2] &  [-22.88, c3] &  [-13.81, c4] &  [-18.49, c5] &   [-2.8, c6] &   [-3.5, c7] &  [-0.99, c8] &  [-1.52, c9] &  [-1.63, c10] \\
c9          &  [-2.56, new\_cluster] &  [-19.43, c1] &  [-0.09, c2] &  [-24.24, c3] &  [-12.73, c4] &  [-18.68, c5] &  [-2.51, c6] &  [-3.65, c7] &  [-1.11, c8] &  [-1.58, c9] &  [-1.86, c10] \\
c10         &  [-2.56, new\_cluster] &  [-18.59, c1] &  [-0.14, c2] &  [-22.99, c3] &  [-11.85, c4] &  [-18.19, c5] &  [-1.89, c6] &  [-3.07, c7] &  [-0.95, c8] &  [-1.79, c9] &  [-2.02, c10] \\
\bottomrule
\end{tabular}

