Seed: 0
Experiment_path: AE_Model_2/Normalization/Experiment_04
Dataset_Path: ../_00_Datasets/03_SimDaten_Quiroga2020/C_Easy1_noise015.mat
Dataset_name: ['03_SimDaten_Quiroga2020', 'C_Easy1_noise015.mat']
Variant_name: V04_Off_AE_QL
Visualisation_Path: AE_Model_2/Normalization/Experiment_04/C_Easy1_noise015.mat/V04_Off_AE_QL/2023_06_04-19_47_06
Split Ratio: 0.9
Epochs: 8
Batch Size: 1
Input Size: 47
Number of Features: 2
Chosen Model: Convolutional Autoencoder
ConvolutionalAutoencoder(
  (encoder): Sequential(
    (0): Conv1d(1, 6, kernel_size=(6,), stride=(1,))
    (1): LeakyReLU(negative_slope=0.01)
    (2): Conv1d(6, 1, kernel_size=(6,), stride=(1,))
    (3): Flatten(start_dim=1, end_dim=-1)
    (4): Linear(in_features=37, out_features=2, bias=True)
  )
  (decoder): Sequential(
    (0): ConvTranspose1d(1, 6, kernel_size=(6,), stride=(1,))
    (1): LeakyReLU(negative_slope=0.01)
    (2): ConvTranspose1d(6, 1, kernel_size=(6,), stride=(1,))
    (3): Flatten(start_dim=1, end_dim=-1)
    (4): Linear(in_features=12, out_features=47, bias=True)
  )
)
MSELoss()
Adam (
Parameter Group 0
    amsgrad: False
    betas: (0.9, 0.999)
    capturable: False
    differentiable: False
    eps: 1e-08
    foreach: None
    fused: False
    lr: 0.001
    maximize: False
    weight_decay: 0
)
---Q Learning Parameters---
Normalisation: False
Punishment Coefficient: 1.4
Alpha: 0.8
Epsilon: 0.01
Gamma: 0.97
Initial Episode Number: 0
Episode Number Coefficient: 1.4
Number of Random Features: 20
Planning Number: 20
Max Random Features: 60
New Episode Number: 72
New Episode Number: 143
New Episode Number: 215
New Episode Number: 286
                 0      1      2      3      4
new_cluster -21.99 -52.39 -14.58 -44.18 -15.56
c1          -21.99 -50.32 -13.83 -43.73 -15.26
c2          -21.98 -52.88 -14.00 -45.78 -15.31
c3          -21.72 -52.25 -14.14 -46.07 -14.35
c4          -21.97 -50.34 -14.63 -45.97   0.00
\begin{tabular}{lrrrrr}
\toprule
{} &      0 &      1 &      2 &      3 &      4 \\
\midrule
new\_cluster & -21.99 & -52.39 & -14.58 & -44.18 & -15.56 \\
c1          & -21.99 & -50.32 & -13.83 & -43.73 & -15.26 \\
c2          & -21.98 & -52.88 & -14.00 & -45.78 & -15.31 \\
c3          & -21.72 & -52.25 & -14.14 & -46.07 & -14.35 \\
c4          & -21.97 & -50.34 & -14.63 & -45.97 &   0.00 \\
\bottomrule
\end{tabular}

                                0             1  ...             3             4
new_cluster  [-7.84, new_cluster]  [-38.52, c1]  ...  [-30.46, c3]  [-15.56, c4]
c1           [-7.84, new_cluster]  [-36.47, c1]  ...  [-29.95, c3]  [-15.26, c4]
c2           [-7.84, new_cluster]  [-39.02, c1]  ...  [-31.98, c3]  [-15.31, c4]
c3           [-7.84, new_cluster]  [-38.39, c1]  ...  [-32.33, c3]  [-14.35, c4]
c4           [-7.84, new_cluster]   [-36.6, c1]  ...  [-32.21, c3]         [0, ]

[5 rows x 5 columns]
\begin{tabular}{llllll}
\toprule
{} &                     0 &             1 &            2 &             3 &             4 \\
\midrule
new\_cluster &  [-7.84, new\_cluster] &  [-38.52, c1] &  [-0.33, c2] &  [-30.46, c3] &  [-15.56, c4] \\
c1          &  [-7.84, new\_cluster] &  [-36.47, c1] &  [-0.02, c2] &  [-29.95, c3] &  [-15.26, c4] \\
c2          &  [-7.84, new\_cluster] &  [-39.02, c1] &  [-0.28, c2] &  [-31.98, c3] &  [-15.31, c4] \\
c3          &  [-7.84, new\_cluster] &  [-38.39, c1] &  [-0.08, c2] &  [-32.33, c3] &  [-14.35, c4] \\
c4          &  [-7.84, new\_cluster] &   [-36.6, c1] &  [-0.32, c2] &  [-32.21, c3] &         [0, ] \\
\bottomrule
\end{tabular}

