Seed: 0
Experiment_path: AE_Model_2/Epochs_2_4_6_8_20/06_Experiment_05_Epochs
Dataset_Path: ../_00_Datasets/03_SimDaten_Quiroga2020/C_Difficult1_noise005.mat
Dataset_name: ['03_SimDaten_Quiroga2020', 'C_Difficult1_noise005.mat']
Variant_name: Variant_05_Epochs_6
Visualisation_Path: AE_Model_2/Epochs_2_4_6_8_20/06_Experiment_05_Epochs/C_Difficult1_noise005.mat/V05_Online_AE_QL/2023_05_11-01_06_55
Normalisation: False
Template Matching: False
Optimising Autoencoder: False
Update Factor: 1
Noisy Batches: False
Noisy Factor: 0.001
Epochs: 6
Batch Size: 1
maximal Spikes for Autoencoder Training : 700
maximal Spikes for Training: 1000
Input Size: 47
Chosen Model: Convolutional Autoencoder
ConvolutionalAutoencoder(
  (encoder): Sequential(
    (0): Conv1d(1, 6, kernel_size=(6,), stride=(1,))
    (1): LeakyReLU(negative_slope=0.01)
    (2): Conv1d(6, 1, kernel_size=(6,), stride=(1,))
    (3): Flatten(start_dim=1, end_dim=-1)
    (4): Linear(in_features=37, out_features=2, bias=True)
  )
  (decoder): Sequential(
    (0): ConvTranspose1d(1, 6, kernel_size=(6,), stride=(1,))
    (1): LeakyReLU(negative_slope=0.01)
    (2): ConvTranspose1d(6, 1, kernel_size=(6,), stride=(1,))
    (3): Flatten(start_dim=1, end_dim=-1)
    (4): Linear(in_features=12, out_features=47, bias=True)
  )
)
MSELoss()
Adam (
Parameter Group 0
    amsgrad: False
    betas: (0.9, 0.999)
    capturable: False
    differentiable: False
    eps: 1e-08
    foreach: None
    fused: False
    lr: 0.001
    maximize: False
    weight_decay: 0
)
---Q Learning Parameters---
Normalisation: False
Punishment Coefficient: 0.4
Alpha: 0.8
Epsilon: 0.01
Gamma: 0.97
Initial Episode Number: 0
Episode Number Coefficient: 1.4
Number of Random Features: 20
Planning Number: 20
Max Random Features: 60
New Episode Number: 72
New Episode Number: 143
New Episode Number: 215
New Episode Number: 286
                0     1     2     3     4
new_cluster -2.74 -2.89 -3.17 -2.20 -2.74
c1          -2.76 -2.89 -3.08 -2.16 -2.84
c2          -2.73 -3.05 -3.20 -2.18 -3.42
c3          -2.77 -3.00 -3.21 -2.17 -3.17
c4          -2.77 -2.92 -3.30 -2.25 -2.89
\begin{tabular}{lrrrrr}
\toprule
{} &     0 &     1 &     2 &     3 &     4 \\
\midrule
new\_cluster & -2.74 & -2.89 & -3.17 & -2.20 & -2.74 \\
c1          & -2.76 & -2.89 & -3.08 & -2.16 & -2.84 \\
c2          & -2.73 & -3.05 & -3.20 & -2.18 & -3.42 \\
c3          & -2.77 & -3.00 & -3.21 & -2.17 & -3.17 \\
c4          & -2.77 & -2.92 & -3.30 & -2.25 & -2.89 \\
\bottomrule
\end{tabular}

                                0            1  ...            3            4
new_cluster  [-0.64, new_cluster]  [-0.79, c1]  ...  [-0.08, c3]  [-0.54, c4]
c1           [-0.64, new_cluster]  [-0.78, c1]  ...  [-0.05, c3]  [-0.63, c4]
c2           [-0.64, new_cluster]  [-0.95, c1]  ...  [-0.07, c3]  [-1.21, c4]
c3           [-0.64, new_cluster]  [-0.91, c1]  ...  [-0.06, c3]  [-0.96, c4]
c4           [-0.64, new_cluster]  [-0.82, c1]  ...  [-0.14, c3]  [-0.68, c4]

[5 rows x 5 columns]
\begin{tabular}{llllll}
\toprule
{} &                     0 &            1 &            2 &            3 &            4 \\
\midrule
new\_cluster &  [-0.64, new\_cluster] &  [-0.79, c1] &  [-1.06, c2] &  [-0.08, c3] &  [-0.54, c4] \\
c1          &  [-0.64, new\_cluster] &  [-0.78, c1] &  [-0.96, c2] &  [-0.05, c3] &  [-0.63, c4] \\
c2          &  [-0.64, new\_cluster] &  [-0.95, c1] &  [-1.09, c2] &  [-0.07, c3] &  [-1.21, c4] \\
c3          &  [-0.64, new\_cluster] &  [-0.91, c1] &  [-1.09, c2] &  [-0.06, c3] &  [-0.96, c4] \\
c4          &  [-0.64, new\_cluster] &  [-0.82, c1] &  [-1.18, c2] &  [-0.14, c3] &  [-0.68, c4] \\
\bottomrule
\end{tabular}

