Experiment_path: AE_Model_2/Epochs//V2/Experiment_02
Dataset_Path: ../_00_Datasets/03_SimDaten_Quiroga2020/C_Easy2_noise005.mat
Dataset_name: ['03_SimDaten_Quiroga2020', 'C_Easy2_noise005.mat']
Variant_name: Variant_02_Autoencoder_KMeans
Visualisation_Path: AE_Model_2/Epochs//V2/Experiment_02/C_Easy2_noise005.mat/Variant_02_Autoencoder_KMeans/2023_04_25-18_19_25
<_01_LoadDataset.ExternCode.spike_class.spike_dataclass object at 0x0000023E29FEC4E0>
Sampling rate: 24000.0
Raw: [ 0.11862069  0.1123084   0.10401825 ... -0.10219323 -0.10268373
 -0.08956559]
Times: [    346     799    1005 ... 1436867 1437273 1437800]
Cluster: [3 3 3 ... 3 1 3]
Number of different clusters:  3
Number of Spikes: 3410
First aligned Spike Frame: [ 2.05661766e-03  8.27536867e-03  1.66427268e-02  2.31246655e-02
  2.28936935e-02  1.99169368e-02  2.25281834e-02  3.37605443e-02
  4.94182133e-02  6.24484568e-02  8.42111946e-02  1.71357846e-01
  3.88441746e-01  6.99052305e-01  9.59509287e-01  1.03608873e+00
  9.29169963e-01  7.55567481e-01  6.10726415e-01  5.06818519e-01
  4.23878029e-01  3.55610047e-01  3.01970228e-01  2.53702042e-01
  1.98274486e-01  1.32802904e-01  6.40690121e-02  7.96454927e-04
 -5.66201776e-02 -1.11669131e-01 -1.62581026e-01 -2.01746625e-01
 -2.23071447e-01 -2.29516190e-01 -2.30160694e-01 -2.27148529e-01
 -2.18080531e-01 -2.04276810e-01 -1.90750996e-01 -1.81098693e-01
 -1.72421418e-01 -1.61640218e-01 -1.48460304e-01 -1.32332846e-01
 -1.13338953e-01 -9.43725979e-02 -7.56249106e-02]
Cluster 0, Occurrences: 1130
Cluster 1, Occurrences: 1113
Cluster 2, Occurrences: 1167
<torch.utils.data.dataloader.DataLoader object at 0x0000023E2A1CB438>
Epoch [1/16]: mean_loss=0.00021247888723718785
Epoch [2/16]: mean_loss=8.878167080242306e-05
Epoch [3/16]: mean_loss=8.636277617580773e-05
Epoch [4/16]: mean_loss=8.209474689308062e-05
Epoch [5/16]: mean_loss=7.642074515414903e-05
Epoch [6/16]: mean_loss=6.967349385206323e-05
Epoch [7/16]: mean_loss=6.534310767517215e-05
Epoch [8/16]: mean_loss=6.242818035229036e-05
Epoch [9/16]: mean_loss=6.0891884527936624e-05
Epoch [10/16]: mean_loss=5.9604906300192046e-05
Epoch [11/16]: mean_loss=5.824186849746514e-05
Epoch [12/16]: mean_loss=5.75042126513881e-05
Epoch [13/16]: mean_loss=5.642544569330197e-05
Epoch [14/16]: mean_loss=5.5633079007273415e-05
Epoch [15/16]: mean_loss=5.48524419671946e-05
Epoch [16/16]: mean_loss=5.4556808159263296e-05
Number of Clusters: 3
Number of Samples after Autoencoder testing: 3410
First Spike after testing: [-0.19724214  1.7742523 ]
[2 2 2 ... 2 0 2]
[1 1 1 ... 1 0 1]
Cluster 0 Occurrences: 1130; KMEANS: 1173
Cluster 1 Occurrences: 1113; KMEANS: 1181
Cluster 2 Occurrences: 1167; KMEANS: 1056
Centroids: [[-1.4474589, -1.4504824], [-0.16185917, -1.3003402], [-0.17045148, 1.6441289]]
Centroids: [[-1.4454399, -1.4739835], [-0.18225239, 1.6334379], [-0.09844085, -1.2952013]]
Contingency Matrix: 
[[1126    4    0]
 [  45   13 1055]
 [   2 1164    1]]
[[1126, 4, 0], [45, 13, 1055], [2, 1164, 1]]
[[1126, 4, 0], [45, 13, 1055], [2, 1164, 1]]
[0, 1, 2]
[[1126, -1, 0], [45, -1, 1055], [-1, -1, -1]]
[[-1, -1, -1], [-1, -1, 1055], [-1, -1, -1]]
[[-1, -1, -1], [-1, -1, -1], [-1, -1, -1]]
Match_Labels: {2: 1, 0: 0, 1: 2}
New Contingency Matrix: 
[[1126    0    4]
 [  45 1055   13]
 [   2    1 1164]]
New Clustered Label Sequence: [0, 2, 1]
Diagonal_Elements: [1126, 1055, 1164], Sum: 3345
All_Elements: [1126, 0, 4, 45, 1055, 13, 2, 1, 1164], Sum: 3410
Accuracy: 0.9809384164222874
