Seed: 4
Experiment_path: AE_Model_2/Random_Seeds//V4/Experiment_04_4
Dataset_Path: ../_00_Datasets/03_SimDaten_Quiroga2020/C_Burst_Easy2_noise015.mat
Dataset_name: ['03_SimDaten_Quiroga2020', 'C_Burst_Easy2_noise015.mat']
Variant_name: Variant_04_Offline_Autoencoder_QLearning
Visualisation_Path: Random_Seeds//V4/Experiment_04_4/C_Burst_Easy2_noise015.mat/Variant_04_Offline_Autoencoder_QLearning/2023_04_21-13_10_11
Split Ratio: 0.9
Epochs: 8
Batch Size: 1
Input Size: 47
Number of Features: 2
Chosen Model: Convolutional Autoencoder
ConvolutionalAutoencoder(
  (encoder): Sequential(
    (0): Conv1d(1, 6, kernel_size=(6,), stride=(1,))
    (1): LeakyReLU(negative_slope=0.01)
    (2): Conv1d(6, 1, kernel_size=(6,), stride=(1,))
    (3): Flatten(start_dim=1, end_dim=-1)
    (4): Linear(in_features=37, out_features=2, bias=True)
  )
  (decoder): Sequential(
    (0): ConvTranspose1d(1, 6, kernel_size=(6,), stride=(1,))
    (1): LeakyReLU(negative_slope=0.01)
    (2): ConvTranspose1d(6, 1, kernel_size=(6,), stride=(1,))
    (3): Flatten(start_dim=1, end_dim=-1)
    (4): Linear(in_features=12, out_features=47, bias=True)
  )
)
MSELoss()
Adam (
Parameter Group 0
    amsgrad: False
    betas: (0.9, 0.999)
    capturable: False
    differentiable: False
    eps: 1e-08
    foreach: None
    fused: False
    lr: 0.001
    maximize: False
    weight_decay: 0
)
---Q Learning Parameters---
Normalisation: False
Punishment Coefficient: 1.0
Alpha: 0.8
Epsilon: 0.01
Gamma: 0.97
Initial Episode Number: 0
Episode Number Coefficient: 1.4
Number of Random Features: 20
Planning Number: 20
Max Random Features: 60
New Episode Number: 72
New Episode Number: 143
New Episode Number: 215
New Episode Number: 286
New Episode Number: 358
                0      1     2      3     4      5
new_cluster -9.65 -14.91 -8.06 -32.19 -6.01 -12.57
c1          -9.56 -16.00 -7.78 -33.54 -5.73 -12.20
c2          -9.56 -16.14 -7.44 -32.98 -5.57 -12.18
c3          -9.65 -15.72 -7.70 -32.44 -5.79 -12.26
c4          -9.79 -15.39 -8.17 -32.39 -5.89 -12.55
c5          -9.65 -15.50 -8.04 -32.67 -5.82 -12.65
\begin{tabular}{lrrrrrr}
\toprule
{} &     0 &      1 &     2 &      3 &     4 &      5 \\
\midrule
new\_cluster & -9.65 & -14.91 & -8.06 & -32.19 & -6.01 & -12.57 \\
c1          & -9.56 & -16.00 & -7.78 & -33.54 & -5.73 & -12.20 \\
c2          & -9.56 & -16.14 & -7.44 & -32.98 & -5.57 & -12.18 \\
c3          & -9.65 & -15.72 & -7.70 & -32.44 & -5.79 & -12.26 \\
c4          & -9.79 & -15.39 & -8.17 & -32.39 & -5.89 & -12.55 \\
c5          & -9.65 & -15.50 & -8.04 & -32.67 & -5.82 & -12.65 \\
\bottomrule
\end{tabular}

                               0             1  ...            4            5
new_cluster  [-4.0, new_cluster]   [-9.49, c1]  ...  [-0.34, c4]  [-6.98, c5]
c1           [-4.0, new_cluster]  [-10.58, c1]  ...   [-0.2, c4]  [-6.86, c5]
c2           [-4.0, new_cluster]  [-10.76, c1]  ...  [-0.15, c4]  [-6.84, c5]
c3           [-4.0, new_cluster]  [-10.29, c1]  ...  [-0.14, c4]  [-6.92, c5]
c4           [-4.0, new_cluster]   [-9.87, c1]  ...  [-0.37, c4]  [-7.21, c5]
c5           [-4.0, new_cluster]  [-10.07, c1]  ...  [-0.19, c4]  [-7.31, c5]

[6 rows x 6 columns]
\begin{tabular}{lllllll}
\toprule
{} &                    0 &             1 &            2 &             3 &            4 &            5 \\
\midrule
new\_cluster &  [-4.0, new\_cluster] &   [-9.49, c1] &  [-2.65, c2] &  [-26.83, c3] &  [-0.34, c4] &  [-6.98, c5] \\
c1          &  [-4.0, new\_cluster] &  [-10.58, c1] &  [-2.32, c2] &  [-28.25, c3] &   [-0.2, c4] &  [-6.86, c5] \\
c2          &  [-4.0, new\_cluster] &  [-10.76, c1] &  [-2.12, c2] &  [-27.42, c3] &  [-0.15, c4] &  [-6.84, c5] \\
c3          &  [-4.0, new\_cluster] &  [-10.29, c1] &  [-2.29, c2] &  [-27.15, c3] &  [-0.14, c4] &  [-6.92, c5] \\
c4          &  [-4.0, new\_cluster] &   [-9.87, c1] &  [-2.77, c2] &  [-27.04, c3] &  [-0.37, c4] &  [-7.21, c5] \\
c5          &  [-4.0, new\_cluster] &  [-10.07, c1] &  [-2.63, c2] &  [-27.37, c3] &  [-0.19, c4] &  [-7.31, c5] \\
\bottomrule
\end{tabular}

