Experiment_path: Random_Seeds//V4/Experiment_04_5
Dataset_Path: ../_00_Datasets/03_SimDaten_Quiroga2020/C_Drift_Easy2_noise015.mat
Dataset_name: ['03_SimDaten_Quiroga2020', 'C_Drift_Easy2_noise015.mat']
Variant_name: Variant_04_Offline_Autoencoder_QLearning
Visualisation_Path: Random_Seeds//V4/Experiment_04_5/C_Drift_Easy2_noise015.mat/Variant_04_Offline_Autoencoder_QLearning/2023_03_22-10_22_32
Punishment_Coefficient: 0.62
<_01_LoadDataset.ExternCode.spike_class.spike_dataclass object at 0x000001CB531EB4E0>
Sampling rate: 24000.0
Raw: [-0.11406566 -0.12673582 -0.13859424 ... -0.1533925  -0.11314303
 -0.07599672]
Times: [    141    1662    1690 ... 1437394 1438167 1439221]
Cluster: [3 3 1 ... 1 3 1]
Number of different clusters:  3
Number of Spikes: 3444
First aligned Spike Frame: [-1.36998177e-01 -1.49794115e-01 -1.51139147e-01 -1.34027918e-01
 -1.09988960e-01 -9.86934846e-02 -1.08483729e-01 -1.27522960e-01
 -1.35591044e-01 -1.26517001e-01 -9.48742956e-02 -8.16393331e-04
  2.25765217e-01  5.72256463e-01  8.98736621e-01  1.04373325e+00
  9.77396764e-01  8.07455467e-01  6.41295597e-01  5.04504644e-01
  3.89667525e-01  2.93991016e-01  2.08446734e-01  1.08695180e-01
 -1.90255699e-02 -1.51076860e-01 -2.47294168e-01 -3.00867038e-01
 -3.38922213e-01 -3.74759690e-01 -3.88805853e-01 -3.48577503e-01
 -2.56264435e-01 -1.52199911e-01 -7.91585816e-02 -5.05132281e-02
 -5.44251469e-02 -6.88811373e-02 -7.02917794e-02 -5.09609752e-02
 -2.91934475e-02 -2.32878628e-02 -2.62245500e-02 -1.24323704e-02
  2.48287815e-02  6.36178972e-02  8.45690766e-02]
Cluster 0, Occurrences: 1142
Cluster 1, Occurrences: 1180
Cluster 2, Occurrences: 1122
Train Index: 3100
x_train: 3100
y_train: 3100
x_test: 344
y_test: 344
<torch.utils.data.dataloader.DataLoader object at 0x000001CB5B4DA8D0>
<torch.utils.data.dataloader.DataLoader object at 0x000001CB5AE86320>
Epoch 1
-------------------------------
loss: 0.188702  [    0/ 3100]
loss: 0.095452  [  100/ 3100]
loss: 0.066576  [  200/ 3100]
loss: 0.026221  [  300/ 3100]
loss: 0.023450  [  400/ 3100]
loss: 0.031025  [  500/ 3100]
loss: 0.043594  [  600/ 3100]
loss: 0.024208  [  700/ 3100]
loss: 0.008372  [  800/ 3100]
loss: 0.028435  [  900/ 3100]
loss: 0.008732  [ 1000/ 3100]
loss: 0.020307  [ 1100/ 3100]
loss: 0.013571  [ 1200/ 3100]
loss: 0.036284  [ 1300/ 3100]
loss: 0.112497  [ 1400/ 3100]
loss: 0.012546  [ 1500/ 3100]
loss: 0.011002  [ 1600/ 3100]
loss: 0.013033  [ 1700/ 3100]
loss: 0.015697  [ 1800/ 3100]
loss: 0.014566  [ 1900/ 3100]
loss: 0.005873  [ 2000/ 3100]
loss: 0.018957  [ 2100/ 3100]
loss: 0.028111  [ 2200/ 3100]
loss: 0.021370  [ 2300/ 3100]
loss: 0.005500  [ 2400/ 3100]
loss: 0.010746  [ 2500/ 3100]
loss: 0.007673  [ 2600/ 3100]
loss: 0.011964  [ 2700/ 3100]
loss: 0.013861  [ 2800/ 3100]
loss: 0.009026  [ 2900/ 3100]
loss: 0.016909  [ 3000/ 3100]
Epoch 2
-------------------------------
loss: 0.019035  [    0/ 3100]
loss: 0.007639  [  100/ 3100]
loss: 0.005309  [  200/ 3100]
loss: 0.018138  [  300/ 3100]
loss: 0.011028  [  400/ 3100]
loss: 0.008190  [  500/ 3100]
loss: 0.024602  [  600/ 3100]
loss: 0.026935  [  700/ 3100]
loss: 0.006734  [  800/ 3100]
loss: 0.016191  [  900/ 3100]
loss: 0.009514  [ 1000/ 3100]
loss: 0.014300  [ 1100/ 3100]
loss: 0.005976  [ 1200/ 3100]
loss: 0.015360  [ 1300/ 3100]
loss: 0.114130  [ 1400/ 3100]
loss: 0.006814  [ 1500/ 3100]
loss: 0.011428  [ 1600/ 3100]
loss: 0.008167  [ 1700/ 3100]
loss: 0.018167  [ 1800/ 3100]
loss: 0.008329  [ 1900/ 3100]
loss: 0.009540  [ 2000/ 3100]
loss: 0.016852  [ 2100/ 3100]
loss: 0.023186  [ 2200/ 3100]
loss: 0.013762  [ 2300/ 3100]
loss: 0.005067  [ 2400/ 3100]
loss: 0.005444  [ 2500/ 3100]
loss: 0.007910  [ 2600/ 3100]
loss: 0.009276  [ 2700/ 3100]
loss: 0.015147  [ 2800/ 3100]
loss: 0.009774  [ 2900/ 3100]
loss: 0.014198  [ 3000/ 3100]
Epoch 3
-------------------------------
loss: 0.017991  [    0/ 3100]
loss: 0.008205  [  100/ 3100]
loss: 0.005563  [  200/ 3100]
loss: 0.017568  [  300/ 3100]
loss: 0.010464  [  400/ 3100]
loss: 0.007093  [  500/ 3100]
loss: 0.030467  [  600/ 3100]
loss: 0.026190  [  700/ 3100]
loss: 0.007147  [  800/ 3100]
loss: 0.018321  [  900/ 3100]
loss: 0.009389  [ 1000/ 3100]
loss: 0.011980  [ 1100/ 3100]
loss: 0.004082  [ 1200/ 3100]
loss: 0.013761  [ 1300/ 3100]
loss: 0.114024  [ 1400/ 3100]
loss: 0.007219  [ 1500/ 3100]
loss: 0.010472  [ 1600/ 3100]
loss: 0.007472  [ 1700/ 3100]
loss: 0.018364  [ 1800/ 3100]
loss: 0.008750  [ 1900/ 3100]
loss: 0.008748  [ 2000/ 3100]
loss: 0.016538  [ 2100/ 3100]
loss: 0.021042  [ 2200/ 3100]
loss: 0.012899  [ 2300/ 3100]
loss: 0.004813  [ 2400/ 3100]
loss: 0.004855  [ 2500/ 3100]
loss: 0.007467  [ 2600/ 3100]
loss: 0.008189  [ 2700/ 3100]
loss: 0.015182  [ 2800/ 3100]
loss: 0.010125  [ 2900/ 3100]
loss: 0.012956  [ 3000/ 3100]
Epoch 4
-------------------------------
loss: 0.018151  [    0/ 3100]
loss: 0.007826  [  100/ 3100]
loss: 0.005692  [  200/ 3100]
loss: 0.016994  [  300/ 3100]
loss: 0.009972  [  400/ 3100]
loss: 0.007260  [  500/ 3100]
loss: 0.030036  [  600/ 3100]
loss: 0.025491  [  700/ 3100]
loss: 0.007170  [  800/ 3100]
loss: 0.018971  [  900/ 3100]
loss: 0.009708  [ 1000/ 3100]
loss: 0.010788  [ 1100/ 3100]
loss: 0.004083  [ 1200/ 3100]
loss: 0.013243  [ 1300/ 3100]
loss: 0.114390  [ 1400/ 3100]
loss: 0.007430  [ 1500/ 3100]
loss: 0.010220  [ 1600/ 3100]
loss: 0.007135  [ 1700/ 3100]
loss: 0.018555  [ 1800/ 3100]
loss: 0.009247  [ 1900/ 3100]
loss: 0.006720  [ 2000/ 3100]
loss: 0.016543  [ 2100/ 3100]
loss: 0.020545  [ 2200/ 3100]
loss: 0.012414  [ 2300/ 3100]
loss: 0.004929  [ 2400/ 3100]
loss: 0.004604  [ 2500/ 3100]
loss: 0.007290  [ 2600/ 3100]
loss: 0.007653  [ 2700/ 3100]
loss: 0.015119  [ 2800/ 3100]
loss: 0.010582  [ 2900/ 3100]
loss: 0.012550  [ 3000/ 3100]
Epoch 5
-------------------------------
loss: 0.018051  [    0/ 3100]
loss: 0.007774  [  100/ 3100]
loss: 0.005791  [  200/ 3100]
loss: 0.016723  [  300/ 3100]
loss: 0.009812  [  400/ 3100]
loss: 0.007575  [  500/ 3100]
loss: 0.026837  [  600/ 3100]
loss: 0.025258  [  700/ 3100]
loss: 0.006962  [  800/ 3100]
loss: 0.019609  [  900/ 3100]
loss: 0.010180  [ 1000/ 3100]
loss: 0.010245  [ 1100/ 3100]
loss: 0.003818  [ 1200/ 3100]
loss: 0.013383  [ 1300/ 3100]
loss: 0.115087  [ 1400/ 3100]
loss: 0.007182  [ 1500/ 3100]
loss: 0.010034  [ 1600/ 3100]
loss: 0.007213  [ 1700/ 3100]
loss: 0.018559  [ 1800/ 3100]
loss: 0.009220  [ 1900/ 3100]
loss: 0.005106  [ 2000/ 3100]
loss: 0.016570  [ 2100/ 3100]
loss: 0.020662  [ 2200/ 3100]
loss: 0.012252  [ 2300/ 3100]
loss: 0.005055  [ 2400/ 3100]
loss: 0.004347  [ 2500/ 3100]
loss: 0.007112  [ 2600/ 3100]
loss: 0.007664  [ 2700/ 3100]
loss: 0.015049  [ 2800/ 3100]
loss: 0.010762  [ 2900/ 3100]
loss: 0.012601  [ 3000/ 3100]
Epoch 6
-------------------------------
loss: 0.017504  [    0/ 3100]
loss: 0.007962  [  100/ 3100]
loss: 0.005804  [  200/ 3100]
loss: 0.016451  [  300/ 3100]
loss: 0.009747  [  400/ 3100]
loss: 0.007737  [  500/ 3100]
loss: 0.023855  [  600/ 3100]
loss: 0.025270  [  700/ 3100]
loss: 0.006855  [  800/ 3100]
loss: 0.019686  [  900/ 3100]
loss: 0.010486  [ 1000/ 3100]
loss: 0.010030  [ 1100/ 3100]
loss: 0.003598  [ 1200/ 3100]
loss: 0.013405  [ 1300/ 3100]
loss: 0.115660  [ 1400/ 3100]
loss: 0.007018  [ 1500/ 3100]
loss: 0.009807  [ 1600/ 3100]
loss: 0.007375  [ 1700/ 3100]
loss: 0.018489  [ 1800/ 3100]
loss: 0.009172  [ 1900/ 3100]
loss: 0.004347  [ 2000/ 3100]
loss: 0.016477  [ 2100/ 3100]
loss: 0.020828  [ 2200/ 3100]
loss: 0.011910  [ 2300/ 3100]
loss: 0.005335  [ 2400/ 3100]
loss: 0.004190  [ 2500/ 3100]
loss: 0.007123  [ 2600/ 3100]
loss: 0.007578  [ 2700/ 3100]
loss: 0.014960  [ 2800/ 3100]
loss: 0.010943  [ 2900/ 3100]
loss: 0.012823  [ 3000/ 3100]
Epoch 7
-------------------------------
loss: 0.017092  [    0/ 3100]
loss: 0.007910  [  100/ 3100]
loss: 0.005925  [  200/ 3100]
loss: 0.016443  [  300/ 3100]
loss: 0.009810  [  400/ 3100]
loss: 0.007766  [  500/ 3100]
loss: 0.021578  [  600/ 3100]
loss: 0.025363  [  700/ 3100]
loss: 0.006751  [  800/ 3100]
loss: 0.019688  [  900/ 3100]
loss: 0.010562  [ 1000/ 3100]
loss: 0.010159  [ 1100/ 3100]
loss: 0.003509  [ 1200/ 3100]
loss: 0.013198  [ 1300/ 3100]
loss: 0.115676  [ 1400/ 3100]
loss: 0.006900  [ 1500/ 3100]
loss: 0.009614  [ 1600/ 3100]
loss: 0.007526  [ 1700/ 3100]
loss: 0.018309  [ 1800/ 3100]
loss: 0.009169  [ 1900/ 3100]
loss: 0.003989  [ 2000/ 3100]
loss: 0.016449  [ 2100/ 3100]
loss: 0.021020  [ 2200/ 3100]
loss: 0.011872  [ 2300/ 3100]
loss: 0.005715  [ 2400/ 3100]
loss: 0.004100  [ 2500/ 3100]
loss: 0.007051  [ 2600/ 3100]
loss: 0.007845  [ 2700/ 3100]
loss: 0.014938  [ 2800/ 3100]
loss: 0.011045  [ 2900/ 3100]
loss: 0.012878  [ 3000/ 3100]
Epoch 8
-------------------------------
loss: 0.016771  [    0/ 3100]
loss: 0.008107  [  100/ 3100]
loss: 0.006040  [  200/ 3100]
loss: 0.016409  [  300/ 3100]
loss: 0.009920  [  400/ 3100]
loss: 0.007820  [  500/ 3100]
loss: 0.020184  [  600/ 3100]
loss: 0.025616  [  700/ 3100]
loss: 0.006850  [  800/ 3100]
loss: 0.019806  [  900/ 3100]
loss: 0.010624  [ 1000/ 3100]
loss: 0.010123  [ 1100/ 3100]
loss: 0.003528  [ 1200/ 3100]
loss: 0.012810  [ 1300/ 3100]
loss: 0.115487  [ 1400/ 3100]
loss: 0.006671  [ 1500/ 3100]
loss: 0.009469  [ 1600/ 3100]
loss: 0.007647  [ 1700/ 3100]
loss: 0.018140  [ 1800/ 3100]
loss: 0.009223  [ 1900/ 3100]
loss: 0.003729  [ 2000/ 3100]
loss: 0.016413  [ 2100/ 3100]
loss: 0.021292  [ 2200/ 3100]
loss: 0.011989  [ 2300/ 3100]
loss: 0.006055  [ 2400/ 3100]
loss: 0.004120  [ 2500/ 3100]
loss: 0.007036  [ 2600/ 3100]
loss: 0.007682  [ 2700/ 3100]
loss: 0.015049  [ 2800/ 3100]
loss: 0.011238  [ 2900/ 3100]
loss: 0.013146  [ 3000/ 3100]
Number of Clusters: 3
Q_Learning:     1/  344]
Q_Learning:     2/  344]
Q_Learning:     3/  344]
Q_Learning:     4/  344]
Q_Learning:     5/  344]
Q_Learning:     6/  344]
Q_Learning:     7/  344]
Q_Learning:     8/  344]
Q_Learning:     9/  344]
Q_Learning:    10/  344]
Q_Learning:    11/  344]
Q_Learning:    12/  344]
Q_Learning:    13/  344]
Q_Learning:    14/  344]
Q_Learning:    15/  344]
Q_Learning:    16/  344]
Q_Learning:    17/  344]
Q_Learning:    18/  344]
Q_Learning:    19/  344]
Q_Learning:    20/  344]
Q_Learning:    21/  344]
Q_Learning:    22/  344]
Q_Learning:    23/  344]
Q_Learning:    24/  344]
Q_Learning:    25/  344]
Q_Learning:    26/  344]
Q_Learning:    27/  344]
Q_Learning:    28/  344]
Q_Learning:    29/  344]
Q_Learning:    30/  344]
Q_Learning:    31/  344]
Q_Learning:    32/  344]
Q_Learning:    33/  344]
Q_Learning:    34/  344]
Q_Learning:    35/  344]
Q_Learning:    36/  344]
Q_Learning:    37/  344]
Q_Learning:    38/  344]
Q_Learning:    39/  344]
Q_Learning:    40/  344]
Q_Learning:    41/  344]
Q_Learning:    42/  344]
Q_Learning:    43/  344]
Q_Learning:    44/  344]
Q_Learning:    45/  344]
Q_Learning:    46/  344]
Q_Learning:    47/  344]
Q_Learning:    48/  344]
Q_Learning:    49/  344]
Q_Learning:    50/  344]
Q_Learning:    51/  344]
Q_Learning:    52/  344]
Q_Learning:    53/  344]
Q_Learning:    54/  344]
Q_Learning:    55/  344]
Q_Learning:    56/  344]
Q_Learning:    57/  344]
Q_Learning:    58/  344]
Q_Learning:    59/  344]
Q_Learning:    60/  344]
Q_Learning:    61/  344]
Q_Learning:    62/  344]
Q_Learning:    63/  344]
Q_Learning:    64/  344]
Q_Learning:    65/  344]
Q_Learning:    66/  344]
Q_Learning:    67/  344]
Q_Learning:    68/  344]
Q_Learning:    69/  344]
Q_Learning:    70/  344]
Q_Learning:    71/  344]
Q_Learning:    72/  344]
Q_Learning:    73/  344]
Q_Learning:    74/  344]
Q_Learning:    75/  344]
Q_Learning:    76/  344]
Q_Learning:    77/  344]
Q_Learning:    78/  344]
Q_Learning:    79/  344]
Q_Learning:    80/  344]
Q_Learning:    81/  344]
Q_Learning:    82/  344]
Q_Learning:    83/  344]
Q_Learning:    84/  344]
Q_Learning:    85/  344]
Q_Learning:    86/  344]
Q_Learning:    87/  344]
Q_Learning:    88/  344]
Q_Learning:    89/  344]
Q_Learning:    90/  344]
Q_Learning:    91/  344]
Q_Learning:    92/  344]
Q_Learning:    93/  344]
Q_Learning:    94/  344]
Q_Learning:    95/  344]
Q_Learning:    96/  344]
Q_Learning:    97/  344]
Q_Learning:    98/  344]
Q_Learning:    99/  344]
Q_Learning:   100/  344]
Q_Learning:   101/  344]
Q_Learning:   102/  344]
Q_Learning:   103/  344]
Q_Learning:   104/  344]
Q_Learning:   105/  344]
Q_Learning:   106/  344]
Q_Learning:   107/  344]
Q_Learning:   108/  344]
Q_Learning:   109/  344]
Q_Learning:   110/  344]
Q_Learning:   111/  344]
Q_Learning:   112/  344]
Q_Learning:   113/  344]
Q_Learning:   114/  344]
Q_Learning:   115/  344]
Q_Learning:   116/  344]
Q_Learning:   117/  344]
Q_Learning:   118/  344]
Q_Learning:   119/  344]
Q_Learning:   120/  344]
Q_Learning:   121/  344]
Q_Learning:   122/  344]
Q_Learning:   123/  344]
Q_Learning:   124/  344]
Q_Learning:   125/  344]
Q_Learning:   126/  344]
Q_Learning:   127/  344]
Q_Learning:   128/  344]
Q_Learning:   129/  344]
Q_Learning:   130/  344]
Q_Learning:   131/  344]
Q_Learning:   132/  344]
Q_Learning:   133/  344]
Q_Learning:   134/  344]
Q_Learning:   135/  344]
Q_Learning:   136/  344]
Q_Learning:   137/  344]
Q_Learning:   138/  344]
Q_Learning:   139/  344]
Q_Learning:   140/  344]
Q_Learning:   141/  344]
Q_Learning:   142/  344]
Q_Learning:   143/  344]
Q_Learning:   144/  344]
Q_Learning:   145/  344]
Q_Learning:   146/  344]
Q_Learning:   147/  344]
Q_Learning:   148/  344]
Q_Learning:   149/  344]
Q_Learning:   150/  344]
Q_Learning:   151/  344]
Q_Learning:   152/  344]
Q_Learning:   153/  344]
Q_Learning:   154/  344]
Q_Learning:   155/  344]
Q_Learning:   156/  344]
Q_Learning:   157/  344]
Q_Learning:   158/  344]
Q_Learning:   159/  344]
Q_Learning:   160/  344]
Q_Learning:   161/  344]
Q_Learning:   162/  344]
Q_Learning:   163/  344]
Q_Learning:   164/  344]
Q_Learning:   165/  344]
Q_Learning:   166/  344]
Q_Learning:   167/  344]
Q_Learning:   168/  344]
Q_Learning:   169/  344]
Q_Learning:   170/  344]
Q_Learning:   171/  344]
Q_Learning:   172/  344]
Q_Learning:   173/  344]
Q_Learning:   174/  344]
Q_Learning:   175/  344]
Q_Learning:   176/  344]
Q_Learning:   177/  344]
Q_Learning:   178/  344]
Q_Learning:   179/  344]
Q_Learning:   180/  344]
Q_Learning:   181/  344]
Q_Learning:   182/  344]
Q_Learning:   183/  344]
Q_Learning:   184/  344]
Q_Learning:   185/  344]
Q_Learning:   186/  344]
Q_Learning:   187/  344]
Q_Learning:   188/  344]
Q_Learning:   189/  344]
Q_Learning:   190/  344]
Q_Learning:   191/  344]
Q_Learning:   192/  344]
Q_Learning:   193/  344]
Q_Learning:   194/  344]
Q_Learning:   195/  344]
Q_Learning:   196/  344]
Q_Learning:   197/  344]
Q_Learning:   198/  344]
Q_Learning:   199/  344]
Q_Learning:   200/  344]
Q_Learning:   201/  344]
Q_Learning:   202/  344]
Q_Learning:   203/  344]
Q_Learning:   204/  344]
Q_Learning:   205/  344]
Q_Learning:   206/  344]
Q_Learning:   207/  344]
Q_Learning:   208/  344]
Q_Learning:   209/  344]
Q_Learning:   210/  344]
Q_Learning:   211/  344]
Q_Learning:   212/  344]
Q_Learning:   213/  344]
Q_Learning:   214/  344]
Q_Learning:   215/  344]
Q_Learning:   216/  344]
Q_Learning:   217/  344]
Q_Learning:   218/  344]
Q_Learning:   219/  344]
Q_Learning:   220/  344]
Q_Learning:   221/  344]
Q_Learning:   222/  344]
Q_Learning:   223/  344]
Q_Learning:   224/  344]
Q_Learning:   225/  344]
Q_Learning:   226/  344]
Q_Learning:   227/  344]
Q_Learning:   228/  344]
Q_Learning:   229/  344]
Q_Learning:   230/  344]
Q_Learning:   231/  344]
Q_Learning:   232/  344]
Q_Learning:   233/  344]
Q_Learning:   234/  344]
Q_Learning:   235/  344]
Q_Learning:   236/  344]
Q_Learning:   237/  344]
Q_Learning:   238/  344]
Q_Learning:   239/  344]
Q_Learning:   240/  344]
Q_Learning:   241/  344]
Q_Learning:   242/  344]
Q_Learning:   243/  344]
Q_Learning:   244/  344]
Q_Learning:   245/  344]
Q_Learning:   246/  344]
Q_Learning:   247/  344]
Q_Learning:   248/  344]
Q_Learning:   249/  344]
Q_Learning:   250/  344]
Q_Learning:   251/  344]
Q_Learning:   252/  344]
Q_Learning:   253/  344]
Q_Learning:   254/  344]
Q_Learning:   255/  344]
Q_Learning:   256/  344]
Q_Learning:   257/  344]
Q_Learning:   258/  344]
Q_Learning:   259/  344]
Q_Learning:   260/  344]
Q_Learning:   261/  344]
Q_Learning:   262/  344]
Q_Learning:   263/  344]
Q_Learning:   264/  344]
Q_Learning:   265/  344]
Q_Learning:   266/  344]
Q_Learning:   267/  344]
Q_Learning:   268/  344]
Q_Learning:   269/  344]
Q_Learning:   270/  344]
Q_Learning:   271/  344]
Q_Learning:   272/  344]
Q_Learning:   273/  344]
Q_Learning:   274/  344]
Q_Learning:   275/  344]
Q_Learning:   276/  344]
Q_Learning:   277/  344]
Q_Learning:   278/  344]
Q_Learning:   279/  344]
Q_Learning:   280/  344]
Q_Learning:   281/  344]
Q_Learning:   282/  344]
Q_Learning:   283/  344]
Q_Learning:   284/  344]
Q_Learning:   285/  344]
Q_Learning:   286/  344]
Q_Learning:   287/  344]
Q_Learning:   288/  344]
Q_Learning:   289/  344]
Q_Learning:   290/  344]
Q_Learning:   291/  344]
Q_Learning:   292/  344]
Q_Learning:   293/  344]
Q_Learning:   294/  344]
Q_Learning:   295/  344]
Q_Learning:   296/  344]
Q_Learning:   297/  344]
Q_Learning:   298/  344]
Q_Learning:   299/  344]
Q_Learning:   300/  344]
Q_Learning:   301/  344]
Q_Learning:   302/  344]
Q_Learning:   303/  344]
Q_Learning:   304/  344]
Q_Learning:   305/  344]
Q_Learning:   306/  344]
Q_Learning:   307/  344]
Q_Learning:   308/  344]
Q_Learning:   309/  344]
Q_Learning:   310/  344]
Q_Learning:   311/  344]
Q_Learning:   312/  344]
Q_Learning:   313/  344]
Q_Learning:   314/  344]
Q_Learning:   315/  344]
Q_Learning:   316/  344]
Q_Learning:   317/  344]
Q_Learning:   318/  344]
Q_Learning:   319/  344]
Q_Learning:   320/  344]
Q_Learning:   321/  344]
Q_Learning:   322/  344]
Q_Learning:   323/  344]
Q_Learning:   324/  344]
Q_Learning:   325/  344]
Q_Learning:   326/  344]
Q_Learning:   327/  344]
Q_Learning:   328/  344]
Q_Learning:   329/  344]
Q_Learning:   330/  344]
Q_Learning:   331/  344]
Q_Learning:   332/  344]
Q_Learning:   333/  344]
Q_Learning:   334/  344]
Q_Learning:   335/  344]
Q_Learning:   336/  344]
Q_Learning:   337/  344]
Q_Learning:   338/  344]
Q_Learning:   339/  344]
Q_Learning:   340/  344]
Q_Learning:   341/  344]
Q_Learning:   342/  344]
Q_Learning:   343/  344]
Q_Learning:   344/  344]
Number of Samples after Autoencoder testing: 344
First Spike after testing: [-0.46304238 -1.0909446 ]
[2, 2, 1, 1, 1, 1, 2, 1, 1, 2, 2, 0, 1, 1, 2, 0, 0, 1, 1, 2, 0, 2, 1, 0, 2, 1, 1, 2, 1, 1, 0, 0, 1, 2, 0, 2, 1, 1, 0, 0, 1, 1, 1, 1, 0, 2, 0, 0, 2, 1, 2, 0, 0, 1, 0, 0, 0, 1, 2, 1, 2, 2, 1, 0, 0, 2, 1, 2, 1, 1, 1, 1, 1, 1, 2, 1, 1, 1, 0, 0, 1, 2, 2, 2, 1, 2, 1, 2, 0, 0, 0, 1, 0, 2, 2, 2, 1, 1, 0, 2, 1, 2, 2, 2, 1, 1, 0, 1, 0, 1, 2, 2, 0, 0, 2, 1, 1, 0, 1, 2, 0, 2, 1, 0, 0, 0, 0, 2, 2, 1, 0, 0, 2, 1, 2, 1, 0, 2, 2, 1, 0, 1, 1, 0, 0, 0, 0, 1, 0, 1, 0, 1, 1, 1, 1, 1, 1, 1, 1, 1, 1, 1, 0, 2, 2, 1, 0, 0, 1, 1, 1, 0, 1, 0, 0, 0, 1, 0, 1, 2, 0, 0, 1, 0, 2, 2, 1, 1, 2, 1, 2, 0, 1, 2, 2, 1, 1, 1, 0, 2, 1, 2, 1, 1, 1, 1, 2, 0, 0, 1, 1, 2, 0, 1, 1, 1, 2, 1, 2, 0, 2, 0, 2, 1, 2, 1, 0, 2, 0, 2, 0, 1, 1, 2, 2, 2, 2, 0, 1, 2, 1, 2, 0, 0, 1, 0, 0, 1, 2, 1, 2, 1, 0, 2, 0, 0, 0, 2, 0, 1, 0, 0, 1, 0, 0, 1, 2, 2, 2, 0, 2, 2, 1, 2, 0, 2, 0, 1, 1, 2, 0, 0, 0, 1, 0, 2, 1, 1, 1, 2, 2, 1, 1, 0, 0, 1, 1, 2, 2, 0, 1, 0, 0, 2, 2, 1, 2, 1, 0, 2, 0, 0, 2, 2, 2, 2, 1, 0, 2, 0, 0, 2, 1, 2, 2, 1, 1, 2, 2, 2, 2, 1, 2, 1, 1, 2, 0, 1, 1, 1, 1, 0, 2, 0]
[0, 1, 2, 2, 2, 2, 1, 2, 2, 1, 1, 2, 2, 0, 1, 2, 2, 2, 2, 0, 2, 1, 2, 2, 1, 2, 2, 1, 0, 2, 2, 2, 2, 1, 2, 1, 0, 2, 2, 2, 2, 0, 2, 2, 2, 1, 2, 2, 1, 2, 1, 2, 2, 2, 2, 3, 2, 2, 1, 3, 1, 1, 2, 2, 2, 1, 2, 1, 2, 2, 2, 2, 0, 2, 1, 2, 2, 2, 2, 2, 2, 1, 1, 1, 2, 1, 2, 1, 2, 3, 2, 0, 3, 1, 0, 1, 2, 2, 3, 1, 0, 1, 1, 1, 0, 2, 0, 2, 3, 2, 1, 1, 3, 3, 1, 2, 0, 2, 0, 1, 2, 1, 2, 2, 3, 2, 2, 1, 1, 2, 2, 2, 1, 2, 1, 2, 2, 1, 1, 2, 2, 2, 2, 2, 2, 2, 2, 2, 3, 0, 3, 3, 2, 2, 2, 2, 2, 2, 2, 3, 2, 2, 2, 1, 1, 2, 2, 2, 0, 2, 2, 2, 0, 2, 2, 2, 2, 2, 0, 1, 2, 3, 2, 2, 1, 1, 0, 0, 1, 0, 1, 2, 0, 1, 1, 2, 2, 2, 3, 1, 2, 1, 2, 0, 2, 2, 1, 2, 3, 2, 2, 1, 2, 2, 0, 2, 1, 2, 1, 2, 1, 3, 1, 2, 1, 0, 0, 1, 2, 1, 2, 0, 2, 1, 1, 1, 1, 3, 0, 1, 0, 1, 2, 3, 2, 2, 2, 2, 1, 2, 1, 0, 2, 1, 3, 3, 3, 1, 3, 2, 2, 3, 2, 3, 2, 2, 1, 1, 1, 3, 1, 1, 0, 0, 2, 1, 2, 2, 2, 1, 2, 2, 2, 2, 0, 1, 0, 2, 2, 1, 1, 3, 2, 0, 3, 2, 2, 1, 1, 2, 2, 3, 3, 1, 1, 2, 1, 2, 3, 1, 2, 2, 1, 1, 1, 1, 2, 2, 1, 2, 3, 1, 2, 1, 1, 2, 0, 1, 1, 1, 1, 2, 1, 2, 2, 1, 2, 2, 2, 0, 2, 2, 1, 2]
Centroids: [[0.9933125, -0.043402445], [0.35810542, -0.1516827], [-1.5245593, -0.11437095]]
Centroids: [[0.3727166, -0.62612784], [-1.5752623, -0.08738441], [0.5181037, 0.04338982], [1.4470761, -0.39054495]]
Contingency Matrix: 
[[  4   0  71  28]
 [ 29   0 102   4]
 [  4 102   0   0]]
[[4, 0, -1, 28], [-1, -1, -1, -1], [4, 102, -1, 0]]
[[4, -1, -1, 28], [-1, -1, -1, -1], [-1, -1, -1, -1]]
[[-1, -1, -1, -1], [-1, -1, -1, -1], [-1, -1, -1, -1]]
Match_Labels: {1: 2, 2: 1, 0: 3}
New Contingency Matrix: 
[[ 28  71   0   4]
 [  4 102   0  29]
 [  0   0 102   4]]
New Clustered Label Sequence: [3, 2, 1, 0]
Diagonal_Elements: [28, 102, 102], Sum: 232
All_Elements: [28, 71, 0, 4, 4, 102, 0, 29, 0, 0, 102, 4], Sum: 344
Accuracy: 0.6744186046511628
Done!
