Experiment_path: Experiment_05
Dataset_Path: ../_00_Datasets/03_SimDaten_Quiroga2020/C_Difficult1_noise015.mat
Dataset_name: ['03_SimDaten_Quiroga2020', 'C_Difficult1_noise015.mat']
Variant_name: Variant_05_Online_Autoencoder_QLearning
Visualisation_Path: Grid_Search_PC//V5/C_Difficult1_noise015.mat/Variant_05_Online_Autoencoder_QLearning/2023_04_07-20_32_26
Punishment_Coefficient: 0.30000000000000004
<_01_LoadDataset.ExternCode.spike_class.spike_dataclass object at 0x0000025D542B74A8>
Sampling rate: 24000.0
Raw: [ 0.04887081  0.02693095 -0.0154249  ... -0.09301659 -0.11629005
 -0.14613101]
Times: [    340     491     641 ... 1439047 1439065 1439816]
Cluster: [1 1 1 ... 3 2 2]
Number of different clusters:  3
Number of Spikes: 3472
First aligned Spike Frame: [ 0.12751554  0.12305882  0.10482977  0.09479529  0.10214978  0.11675932
  0.11777927  0.09307299  0.04670706 -0.00574343 -0.06143573 -0.14637617
 -0.20942665 -0.00208103  0.52241508  0.81651544  0.46446121 -0.19226425
 -0.60927882 -0.6713583  -0.57871227 -0.49011309 -0.4269388  -0.3668903
 -0.30523219 -0.24747124 -0.19738203 -0.15189972 -0.10449507 -0.05533325
 -0.01452429  0.01008816  0.02570853  0.04365027  0.06334113  0.07980397
  0.08484457  0.07688513  0.06142919  0.04320028  0.02240626  0.00477291
 -0.00393242 -0.00135684  0.00575182  0.0026944  -0.01541647]
Cluster 0, Occurrences: 1159
Cluster 1, Occurrences: 1172
Cluster 2, Occurrences: 1141
Number of Clusters: 3
Online_Training [1/700]: mean_loss=0.11452505737543106
Online_Training [2/700]: mean_loss=0.12286604847759008
Online_Training [3/700]: mean_loss=0.1125080082565546
Online_Training [4/700]: mean_loss=0.07903880346566439
Online_Training [5/700]: mean_loss=0.09404812753200531
Online_Training [6/700]: mean_loss=0.07868586201220751
Online_Training [7/700]: mean_loss=0.0606397558003664
Online_Training [8/700]: mean_loss=0.11190820764750242
Online_Training [9/700]: mean_loss=0.06396129913628101
Online_Training [10/700]: mean_loss=0.07325481809675694
Online_Training [11/700]: mean_loss=0.025020424742251635
Online_Training [12/700]: mean_loss=0.058630918618291616
Online_Training [13/700]: mean_loss=0.052979147993028164
Online_Training [14/700]: mean_loss=0.08431755937635899
Online_Training [15/700]: mean_loss=0.04011352779343724
Online_Training [16/700]: mean_loss=0.019416645169258118
Online_Training [17/700]: mean_loss=0.026610340923070908
Online_Training [18/700]: mean_loss=0.02553033479489386
Online_Training [19/700]: mean_loss=0.027535422705113888
Online_Training [20/700]: mean_loss=0.05358461709693074
Online_Training [21/700]: mean_loss=0.060485297348350286
Online_Training [22/700]: mean_loss=0.01957715256139636
Online_Training [23/700]: mean_loss=0.05261479131877422
Online_Training [24/700]: mean_loss=0.03474119585007429
Online_Training [25/700]: mean_loss=0.024018157739192247
Online_Training [26/700]: mean_loss=0.03348887641914189
Online_Training [27/700]: mean_loss=0.014617856941185892
Online_Training [28/700]: mean_loss=0.019644309300929308
Online_Training [29/700]: mean_loss=0.03734914865344763
Online_Training [30/700]: mean_loss=0.035829363856464624
Online_Training [31/700]: mean_loss=0.10275942087173462
Online_Training [32/700]: mean_loss=0.047692416701465845
Online_Training [33/700]: mean_loss=0.023541813483461738
Online_Training [34/700]: mean_loss=0.024764121742919087
Online_Training [35/700]: mean_loss=0.013673546724021435
Online_Training [36/700]: mean_loss=0.09302422124892473
Online_Training [37/700]: mean_loss=0.027787036495283246
Online_Training [38/700]: mean_loss=0.02418093802407384
Online_Training [39/700]: mean_loss=0.05868676770478487
Online_Training [40/700]: mean_loss=0.018363194540143013
Online_Training [41/700]: mean_loss=0.05558938067406416
Online_Training [42/700]: mean_loss=0.031537000788375735
Online_Training [43/700]: mean_loss=0.03786466410383582
Online_Training [44/700]: mean_loss=0.012031250051222742
Online_Training [45/700]: mean_loss=0.009695895365439355
Online_Training [46/700]: mean_loss=0.028702711686491966
Online_Training [47/700]: mean_loss=0.012058540596626699
Online_Training [48/700]: mean_loss=0.019997877068817616
Online_Training [49/700]: mean_loss=0.005776928854174912
Online_Training [50/700]: mean_loss=0.02449186611920595
Online_Training [51/700]: mean_loss=0.040228829719126225
Online_Training [52/700]: mean_loss=0.09060150478035212
Online_Training [53/700]: mean_loss=0.010391368414275348
Online_Training [54/700]: mean_loss=0.010511340107768774
Online_Training [55/700]: mean_loss=0.022368059027940035
Online_Training [56/700]: mean_loss=0.056170722004026175
Online_Training [57/700]: mean_loss=0.042031475342810154
Online_Training [58/700]: mean_loss=0.05293815862387419
Online_Training [59/700]: mean_loss=0.030930373119190335
Online_Training [60/700]: mean_loss=0.04715071991086006
Online_Training [61/700]: mean_loss=0.019463549717329443
Online_Training [62/700]: mean_loss=0.057066469453275204
Online_Training [63/700]: mean_loss=0.0345034571364522
Online_Training [64/700]: mean_loss=0.021290735574439168
Online_Training [65/700]: mean_loss=0.025646028574556112
Online_Training [66/700]: mean_loss=0.019857717910781503
Online_Training [67/700]: mean_loss=0.020248326007276773
Online_Training [68/700]: mean_loss=0.011092916480265558
Online_Training [69/700]: mean_loss=0.009155855746939778
Online_Training [70/700]: mean_loss=0.03245477401651442
Online_Training [71/700]: mean_loss=0.02687597181648016
Online_Training [72/700]: mean_loss=0.017490802449174225
Online_Training [73/700]: mean_loss=0.024914590874686837
Online_Training [74/700]: mean_loss=0.02115410123951733
Online_Training [75/700]: mean_loss=0.031885365257039666
Online_Training [76/700]: mean_loss=0.008388315560296178
Online_Training [77/700]: mean_loss=0.03108401456847787
Online_Training [78/700]: mean_loss=0.03305193269625306
Online_Training [79/700]: mean_loss=0.013847325812093914
Online_Training [80/700]: mean_loss=0.02066673105582595
Online_Training [81/700]: mean_loss=0.0819245157763362
Online_Training [82/700]: mean_loss=0.04087289422750473
Online_Training [83/700]: mean_loss=0.024386291159316897
Online_Training [84/700]: mean_loss=0.021847014548256993
Online_Training [85/700]: mean_loss=0.014158139238134027
Online_Training [86/700]: mean_loss=0.01249864709097892
Online_Training [87/700]: mean_loss=0.12792170234024525
Online_Training [88/700]: mean_loss=0.07548149675130844
Online_Training [89/700]: mean_loss=0.023146377177909017
Online_Training [90/700]: mean_loss=0.02000107034109533
Online_Training [91/700]: mean_loss=0.013297210563905537
Online_Training [92/700]: mean_loss=0.07104547508060932
Online_Training [93/700]: mean_loss=0.02533710189163685
Online_Training [94/700]: mean_loss=0.025695702992379665
Online_Training [95/700]: mean_loss=0.030637355521321297
Online_Training [96/700]: mean_loss=0.020838814321905375
Online_Training [97/700]: mean_loss=0.04243307141587138
Online_Training [98/700]: mean_loss=0.01796004269272089
Online_Training [99/700]: mean_loss=0.03973923763260245
Online_Training [100/700]: mean_loss=0.022904420038685203
Online_Training [101/700]: mean_loss=0.011179125867784023
Online_Training [102/700]: mean_loss=0.024076184257864952
Online_Training [103/700]: mean_loss=0.011168009950779378
Online_Training [104/700]: mean_loss=0.04410015977919102
Online_Training [105/700]: mean_loss=0.030735703418031335
Online_Training [106/700]: mean_loss=0.021500154631212354
Online_Training [107/700]: mean_loss=0.020472096744924784
Online_Training [108/700]: mean_loss=0.010446345550008118
Online_Training [109/700]: mean_loss=0.014937754138372838
Online_Training [110/700]: mean_loss=0.014186595217324793
Online_Training [111/700]: mean_loss=0.015146935707889497
Online_Training [112/700]: mean_loss=0.04084659134969115
Online_Training [113/700]: mean_loss=0.1174379289150238
Online_Training [114/700]: mean_loss=0.07032138202339411
Online_Training [115/700]: mean_loss=0.02362474612891674
Online_Training [116/700]: mean_loss=0.03654236067086458
Online_Training [117/700]: mean_loss=0.02522852038964629
Online_Training [118/700]: mean_loss=0.023621366824954748
Online_Training [119/700]: mean_loss=0.015931619913317263
Online_Training [120/700]: mean_loss=0.010914132581092417
Online_Training [121/700]: mean_loss=0.05424237670376897
Online_Training [122/700]: mean_loss=0.043461382389068604
Online_Training [123/700]: mean_loss=0.016154728597030044
Online_Training [124/700]: mean_loss=0.01418726984411478
Online_Training [125/700]: mean_loss=0.030583154410123825
Online_Training [126/700]: mean_loss=0.15498407930135727
Online_Training [127/700]: mean_loss=0.0425130152143538
Online_Training [128/700]: mean_loss=0.036981997545808554
Online_Training [129/700]: mean_loss=0.013798561180010438
Online_Training [130/700]: mean_loss=0.026788569521158934
Online_Training [131/700]: mean_loss=0.12685637641698122
Online_Training [132/700]: mean_loss=0.13166550919413567
Online_Training [133/700]: mean_loss=0.014614588464610279
Online_Training [134/700]: mean_loss=0.026344201993197203
Online_Training [135/700]: mean_loss=0.047470676712691784
Online_Training [136/700]: mean_loss=0.15265467204153538
Online_Training [137/700]: mean_loss=0.012860535993240774
Online_Training [138/700]: mean_loss=0.025677352445200086
Online_Training [139/700]: mean_loss=0.028110451996326447
Online_Training [140/700]: mean_loss=0.016525269020348787
Online_Training [141/700]: mean_loss=0.029215562157332897
Online_Training [142/700]: mean_loss=0.027197330025956035
Online_Training [143/700]: mean_loss=0.012654625461436808
Online_Training [144/700]: mean_loss=0.014199828496202826
Online_Training [145/700]: mean_loss=0.012796835042536259
Online_Training [146/700]: mean_loss=0.014833191642537713
Online_Training [147/700]: mean_loss=0.010705631808377802
Online_Training [148/700]: mean_loss=0.01728960801847279
Online_Training [149/700]: mean_loss=0.01495587092358619
Online_Training [150/700]: mean_loss=0.01384461554698646
Online_Training [151/700]: mean_loss=0.008368771814275533
Online_Training [152/700]: mean_loss=0.01653560996055603
Online_Training [153/700]: mean_loss=0.031774438451975584
Online_Training [154/700]: mean_loss=0.00959590740967542
Online_Training [155/700]: mean_loss=0.02253341069445014
Online_Training [156/700]: mean_loss=0.028565448243170977
Online_Training [157/700]: mean_loss=0.016525169019587338
Online_Training [158/700]: mean_loss=0.028614460723474622
Online_Training [159/700]: mean_loss=0.01667821640148759
Online_Training [160/700]: mean_loss=0.02626446494832635
Online_Training [161/700]: mean_loss=0.0121026246342808
Online_Training [162/700]: mean_loss=0.026969479396939278
Online_Training [163/700]: mean_loss=0.008654329052660614
Online_Training [164/700]: mean_loss=0.012171729351393878
Online_Training [165/700]: mean_loss=0.02087441016919911
Online_Training [166/700]: mean_loss=0.029428939567878842
Online_Training [167/700]: mean_loss=0.02970109786838293
Online_Training [168/700]: mean_loss=0.027784283505752683
Online_Training [169/700]: mean_loss=0.02011120575480163
Online_Training [170/700]: mean_loss=0.01816331106238067
Online_Training [171/700]: mean_loss=0.011113678920082748
Online_Training [172/700]: mean_loss=0.017161486437544227
Online_Training [173/700]: mean_loss=0.01805153605528176
Online_Training [174/700]: mean_loss=0.022571458481252193
Online_Training [175/700]: mean_loss=0.027314338367432356
Online_Training [176/700]: mean_loss=0.04133910359814763
Online_Training [177/700]: mean_loss=0.009002120874356478
Online_Training [178/700]: mean_loss=0.01478980656247586
Online_Training [179/700]: mean_loss=0.00989695911994204
Online_Training [180/700]: mean_loss=0.014356556464917958
Online_Training [181/700]: mean_loss=0.005598271091002971
Online_Training [182/700]: mean_loss=0.027699489379301667
Online_Training [183/700]: mean_loss=0.013331314898096025
Online_Training [184/700]: mean_loss=0.015721080359071493
Online_Training [185/700]: mean_loss=0.022545209852978587
Online_Training [186/700]: mean_loss=0.02360877231694758
Online_Training [187/700]: mean_loss=0.015537836821749806
Online_Training [188/700]: mean_loss=0.015299598569981754
Online_Training [189/700]: mean_loss=0.02441550325602293
Online_Training [190/700]: mean_loss=0.008187663566786796
Online_Training [191/700]: mean_loss=0.02101817261427641
Online_Training [192/700]: mean_loss=0.007772348297294229
Online_Training [193/700]: mean_loss=0.012144298176281154
Online_Training [194/700]: mean_loss=0.026828834554180503
Online_Training [195/700]: mean_loss=0.021093807416036725
Online_Training [196/700]: mean_loss=0.05441597243770957
Online_Training [197/700]: mean_loss=0.07038845960050821
Online_Training [198/700]: mean_loss=0.012870572041720152
Online_Training [199/700]: mean_loss=0.0185518212383613
Online_Training [200/700]: mean_loss=0.025710884481668472
Online_Training [201/700]: mean_loss=0.01631109823938459
Online_Training [202/700]: mean_loss=0.028298351680859923
Online_Training [203/700]: mean_loss=0.006982799095567316
Online_Training [204/700]: mean_loss=0.016440708423033357
Online_Training [205/700]: mean_loss=0.006273608363699168
Online_Training [206/700]: mean_loss=0.03166104410775006
Online_Training [207/700]: mean_loss=0.011962630087509751
Online_Training [208/700]: mean_loss=0.026453272439539433
Online_Training [209/700]: mean_loss=0.014367596013471484
Online_Training [210/700]: mean_loss=0.01621281635016203
Online_Training [211/700]: mean_loss=0.010831914492882788
Online_Training [212/700]: mean_loss=0.0239094365388155
Online_Training [213/700]: mean_loss=0.0177985776681453
Online_Training [214/700]: mean_loss=0.025336363120004535
Online_Training [215/700]: mean_loss=0.002736610680585727
Online_Training [216/700]: mean_loss=0.01687435631174594
Online_Training [217/700]: mean_loss=0.0062650698237121105
Online_Training [218/700]: mean_loss=0.013629289460368454
Online_Training [219/700]: mean_loss=0.011784316273406148
Online_Training [220/700]: mean_loss=0.01918664760887623
Online_Training [221/700]: mean_loss=0.011622882448136806
Online_Training [222/700]: mean_loss=0.018474809359759092
Online_Training [223/700]: mean_loss=0.031137357465922832
Online_Training [224/700]: mean_loss=0.024949318496510386
Online_Training [225/700]: mean_loss=0.012201786623336375
Online_Training [226/700]: mean_loss=0.009023947874084115
Online_Training [227/700]: mean_loss=0.02812325139530003
Online_Training [228/700]: mean_loss=0.09680692479014397
Online_Training [229/700]: mean_loss=0.0863223671913147
Online_Training [230/700]: mean_loss=0.013346440740860999
Online_Training [231/700]: mean_loss=0.023548969766125083
Online_Training [232/700]: mean_loss=0.016040317830629647
Online_Training [233/700]: mean_loss=0.014244655380025506
Online_Training [234/700]: mean_loss=0.032456305576488376
Online_Training [235/700]: mean_loss=0.01721879653632641
Online_Training [236/700]: mean_loss=0.017109756590798497
Online_Training [237/700]: mean_loss=0.02154092933051288
Online_Training [238/700]: mean_loss=0.024208798771724105
Online_Training [239/700]: mean_loss=0.023790677776560187
Online_Training [240/700]: mean_loss=0.012008887366391718
Online_Training [241/700]: mean_loss=0.022368928883224726
Online_Training [242/700]: mean_loss=0.013330349000170827
Online_Training [243/700]: mean_loss=0.023526161909103394
Online_Training [244/700]: mean_loss=0.007460320834070444
Online_Training [245/700]: mean_loss=0.01170017896220088
Online_Training [246/700]: mean_loss=0.022006656043231487
Online_Training [247/700]: mean_loss=0.030441882321611047
Online_Training [248/700]: mean_loss=0.020220594247803092
Online_Training [249/700]: mean_loss=0.012578753638081253
Online_Training [250/700]: mean_loss=0.013934977701865137
Online_Training [251/700]: mean_loss=0.007407703727949411
Online_Training [252/700]: mean_loss=0.025514402659609914
Online_Training [253/700]: mean_loss=0.006571781414095312
Online_Training [254/700]: mean_loss=0.003955746622523293
Online_Training [255/700]: mean_loss=0.010248159524053335
Online_Training [256/700]: mean_loss=0.029251623433083296
Online_Training [257/700]: mean_loss=0.051011021714657545
Online_Training [258/700]: mean_loss=0.08689657226204872
Online_Training [259/700]: mean_loss=0.033502134028822184
Online_Training [260/700]: mean_loss=0.044715159106999636
Online_Training [261/700]: mean_loss=0.014102477696724236
Online_Training [262/700]: mean_loss=0.012110068462789059
Online_Training [263/700]: mean_loss=0.12217503599822521
Online_Training [264/700]: mean_loss=0.0666895261965692
Online_Training [265/700]: mean_loss=0.04501978028565645
Online_Training [266/700]: mean_loss=0.024128879886120558
Online_Training [267/700]: mean_loss=0.022089699050411582
Online_Training [268/700]: mean_loss=0.022847501561045647
Online_Training [269/700]: mean_loss=0.026540121994912624
Online_Training [270/700]: mean_loss=0.012167780776508152
Online_Training [271/700]: mean_loss=0.01176161807961762
Online_Training [272/700]: mean_loss=0.005738907610066235
Online_Training [273/700]: mean_loss=0.009860895341262221
Online_Training [274/700]: mean_loss=0.08988936711102724
Online_Training [275/700]: mean_loss=0.05030027264729142
Online_Training [276/700]: mean_loss=0.03290757862851024
Online_Training [277/700]: mean_loss=0.019602704094722867
Online_Training [278/700]: mean_loss=0.02010860713198781
Online_Training [279/700]: mean_loss=0.021180340321734548
Online_Training [280/700]: mean_loss=0.009707654942758381
Online_Training [281/700]: mean_loss=0.14262577891349792
Online_Training [282/700]: mean_loss=0.1669924221932888
Online_Training [283/700]: mean_loss=0.09092746675014496
Online_Training [284/700]: mean_loss=0.032250584568828344
Online_Training [285/700]: mean_loss=0.03683440526947379
Online_Training [286/700]: mean_loss=0.029085116926580667
Online_Training [287/700]: mean_loss=0.04047934338450432
Online_Training [288/700]: mean_loss=0.020865062717348337
Online_Training [289/700]: mean_loss=0.022264965809881687
Online_Training [290/700]: mean_loss=0.009775520535185933
Online_Training [291/700]: mean_loss=0.10237253457307816
Online_Training [292/700]: mean_loss=0.013401824748143554
Online_Training [293/700]: mean_loss=0.007987649762071669
Online_Training [294/700]: mean_loss=0.0052384749869816005
Online_Training [295/700]: mean_loss=0.021049909759312868
Online_Training [296/700]: mean_loss=0.011707742349244654
Online_Training [297/700]: mean_loss=0.019653644412755966
Online_Training [298/700]: mean_loss=0.007831713824998587
Online_Training [299/700]: mean_loss=0.010531166102737188
Online_Training [300/700]: mean_loss=0.017923805629834533
Online_Training [301/700]: mean_loss=0.018795645097270608
Online_Training [302/700]: mean_loss=0.006049522839020938
Online_Training [303/700]: mean_loss=0.01052177615929395
Online_Training [304/700]: mean_loss=0.013423192431218922
Online_Training [305/700]: mean_loss=0.017457679146900773
Online_Training [306/700]: mean_loss=0.007082308933604509
Online_Training [307/700]: mean_loss=0.0189070759806782
Online_Training [308/700]: mean_loss=0.02367651043459773
Online_Training [309/700]: mean_loss=0.006760981399565935
Online_Training [310/700]: mean_loss=0.014554792433045805
Online_Training [311/700]: mean_loss=0.016768117900937796
Online_Training [312/700]: mean_loss=0.017782864393666387
Online_Training [313/700]: mean_loss=0.01378355990163982
Online_Training [314/700]: mean_loss=0.02928353357128799
Online_Training [315/700]: mean_loss=0.01663231384009123
Online_Training [316/700]: mean_loss=0.01352678274270147
Online_Training [317/700]: mean_loss=0.02048542187549174
Online_Training [318/700]: mean_loss=0.019929422298446298
Online_Training [319/700]: mean_loss=0.01906265993602574
Online_Training [320/700]: mean_loss=0.015251346165314317
Online_Training [321/700]: mean_loss=0.02126912330277264
Online_Training [322/700]: mean_loss=0.029426291352137923
Online_Training [323/700]: mean_loss=0.008853104431182146
Online_Training [324/700]: mean_loss=0.008095028344541788
Online_Training [325/700]: mean_loss=0.005920623545534909
Online_Training [326/700]: mean_loss=0.029588235076516867
Online_Training [327/700]: mean_loss=0.0059936378384009
Online_Training [328/700]: mean_loss=0.008398528443649411
Online_Training [329/700]: mean_loss=0.023510955274105072
Online_Training [330/700]: mean_loss=0.028824397828429937
Online_Training [331/700]: mean_loss=0.026605189312249422
Online_Training [332/700]: mean_loss=0.017612412571907043
Online_Training [333/700]: mean_loss=0.014300346840173006
Online_Training [334/700]: mean_loss=0.01757369819097221
Online_Training [335/700]: mean_loss=0.03505394887179136
Online_Training [336/700]: mean_loss=0.015634101233445108
Online_Training [337/700]: mean_loss=0.02698672143742442
Online_Training [338/700]: mean_loss=0.020732602337375283
Online_Training [339/700]: mean_loss=0.01100148435216397
Online_Training [340/700]: mean_loss=0.02893577516078949
Online_Training [341/700]: mean_loss=0.018707837676629424
Online_Training [342/700]: mean_loss=0.005627934355288744
Online_Training [343/700]: mean_loss=0.010931441676802933
Online_Training [344/700]: mean_loss=0.014951838180422783
Online_Training [345/700]: mean_loss=0.022906967671588063
Online_Training [346/700]: mean_loss=0.011182713904418051
Online_Training [347/700]: mean_loss=0.009815026423893869
Online_Training [348/700]: mean_loss=0.03184964321553707
Online_Training [349/700]: mean_loss=0.015532618388533592
Online_Training [350/700]: mean_loss=0.019152282970026135
Online_Training [351/700]: mean_loss=0.021068837260827422
Online_Training [352/700]: mean_loss=0.027122485684230924
Online_Training [353/700]: mean_loss=0.013047470827586949
Online_Training [354/700]: mean_loss=0.009147246484644711
Online_Training [355/700]: mean_loss=0.02450985531322658
Online_Training [356/700]: mean_loss=0.011244463734328747
Online_Training [357/700]: mean_loss=0.013297677505761385
Online_Training [358/700]: mean_loss=0.016632464015856385
Online_Training [359/700]: mean_loss=0.013660439872182906
Online_Training [360/700]: mean_loss=0.01683711400255561
Online_Training [361/700]: mean_loss=0.0100528096081689
Online_Training [362/700]: mean_loss=0.017462445655837655
Online_Training [363/700]: mean_loss=0.03187110065482557
Online_Training [364/700]: mean_loss=0.011923467391170561
Online_Training [365/700]: mean_loss=0.014540481031872332
Online_Training [366/700]: mean_loss=0.025546686723828316
Online_Training [367/700]: mean_loss=0.011479606851935387
Online_Training [368/700]: mean_loss=0.05915613751858473
Online_Training [369/700]: mean_loss=0.015630010631866753
Online_Training [370/700]: mean_loss=0.022366730263456702
Online_Training [371/700]: mean_loss=0.023692965740337968
Online_Training [372/700]: mean_loss=0.0076442803256213665
Online_Training [373/700]: mean_loss=0.006669097580015659
Online_Training [374/700]: mean_loss=0.021250391146168113
Online_Training [375/700]: mean_loss=0.021954566007480025
Online_Training [376/700]: mean_loss=0.017755711916834116
Online_Training [377/700]: mean_loss=0.008862138842232525
Online_Training [378/700]: mean_loss=0.013832055730745196
Online_Training [379/700]: mean_loss=0.021034902427345514
Online_Training [380/700]: mean_loss=0.01907082460820675
Online_Training [381/700]: mean_loss=0.011931742075830698
Online_Training [382/700]: mean_loss=0.02722019050270319
Online_Training [383/700]: mean_loss=0.01955737778916955
Online_Training [384/700]: mean_loss=0.1420589853078127
Online_Training [385/700]: mean_loss=0.0489254342392087
Online_Training [386/700]: mean_loss=0.030305391643196344
Online_Training [387/700]: mean_loss=0.013426193152554333
Online_Training [388/700]: mean_loss=0.013825850444845855
Online_Training [389/700]: mean_loss=0.01676393288653344
Online_Training [390/700]: mean_loss=0.01423029787838459
Online_Training [391/700]: mean_loss=0.009920838521793485
Online_Training [392/700]: mean_loss=0.007112050952855498
Online_Training [393/700]: mean_loss=0.023401188664138317
Online_Training [394/700]: mean_loss=0.00788009405368939
Online_Training [395/700]: mean_loss=0.013347682310268283
Online_Training [396/700]: mean_loss=0.024925338570028543
Online_Training [397/700]: mean_loss=0.009460893808864057
Online_Training [398/700]: mean_loss=0.01010548579506576
Online_Training [399/700]: mean_loss=0.02258528070524335
Online_Training [400/700]: mean_loss=0.023050067713484168
Online_Training [401/700]: mean_loss=0.0172561916988343
Online_Training [402/700]: mean_loss=0.10780472029000521
Online_Training [403/700]: mean_loss=0.024274393916130066
Online_Training [404/700]: mean_loss=0.022305260645225644
Online_Training [405/700]: mean_loss=0.029573222855105996
Online_Training [406/700]: mean_loss=0.025692761642858386
Online_Training [407/700]: mean_loss=0.01552674314007163
Online_Training [408/700]: mean_loss=0.017917026299983263
Online_Training [409/700]: mean_loss=0.03199558868072927
Online_Training [410/700]: mean_loss=0.014655514969490469
Online_Training [411/700]: mean_loss=0.0319389917422086
Online_Training [412/700]: mean_loss=0.009899382246658206
Online_Training [413/700]: mean_loss=0.018880478106439114
Online_Training [414/700]: mean_loss=0.028191775316372514
Online_Training [415/700]: mean_loss=0.013308103661984205
Online_Training [416/700]: mean_loss=0.011202101362869143
Online_Training [417/700]: mean_loss=0.10276366490870714
Online_Training [418/700]: mean_loss=0.0677111791446805
Online_Training [419/700]: mean_loss=0.010526909958571196
Online_Training [420/700]: mean_loss=0.0462291119620204
Online_Training [421/700]: mean_loss=0.011055707931518555
Online_Training [422/700]: mean_loss=0.01652356202248484
Online_Training [423/700]: mean_loss=0.005990469944663346
Online_Training [424/700]: mean_loss=0.022949841571971774
Online_Training [425/700]: mean_loss=0.01726141758263111
Online_Training [426/700]: mean_loss=0.03361452370882034
Online_Training [427/700]: mean_loss=0.014101230422966182
Online_Training [428/700]: mean_loss=0.017620733007788658
Online_Training [429/700]: mean_loss=0.01598611252848059
Online_Training [430/700]: mean_loss=0.02411912428215146
Online_Training [431/700]: mean_loss=0.008189827436581254
Online_Training [432/700]: mean_loss=0.024665865348652005
Online_Training [433/700]: mean_loss=0.012861359165981412
Online_Training [434/700]: mean_loss=0.007446818286553025
Online_Training [435/700]: mean_loss=0.010947855771519244
Online_Training [436/700]: mean_loss=0.03767582634463906
Online_Training [437/700]: mean_loss=0.012517266441136599
Online_Training [438/700]: mean_loss=0.03140959236770868
Online_Training [439/700]: mean_loss=0.017009377013891935
Online_Training [440/700]: mean_loss=0.010642759152688086
Online_Training [441/700]: mean_loss=0.10247872304171324
Online_Training [442/700]: mean_loss=0.0695300530642271
Online_Training [443/700]: mean_loss=0.010276026325300336
Online_Training [444/700]: mean_loss=0.026328066596761346
Online_Training [445/700]: mean_loss=0.03194441297091544
Online_Training [446/700]: mean_loss=0.022771924966946244
Online_Training [447/700]: mean_loss=0.00974300445523113
Online_Training [448/700]: mean_loss=0.059455341193825006
Online_Training [449/700]: mean_loss=0.05032553384080529
Online_Training [450/700]: mean_loss=0.049672798719257116
Online_Training [451/700]: mean_loss=0.0364313970785588
Online_Training [452/700]: mean_loss=0.035252861212939024
Online_Training [453/700]: mean_loss=0.0237982461694628
Online_Training [454/700]: mean_loss=0.01768364803865552
Online_Training [455/700]: mean_loss=0.011952940025366843
Online_Training [456/700]: mean_loss=0.018277791561558843
Online_Training [457/700]: mean_loss=0.017037096084095538
Online_Training [458/700]: mean_loss=0.019831697456538677
Online_Training [459/700]: mean_loss=0.004727802937850356
Online_Training [460/700]: mean_loss=0.034050125163048506
Online_Training [461/700]: mean_loss=0.02367751148995012
Online_Training [462/700]: mean_loss=0.017012027790769935
Online_Training [463/700]: mean_loss=0.016107950592413545
Online_Training [464/700]: mean_loss=0.027799611911177635
Online_Training [465/700]: mean_loss=0.018114221515133977
Online_Training [466/700]: mean_loss=0.01131430163513869
Online_Training [467/700]: mean_loss=0.004802951298188418
Online_Training [468/700]: mean_loss=0.01178246142808348
Online_Training [469/700]: mean_loss=0.018708826042711735
Online_Training [470/700]: mean_loss=0.008678283891640604
Online_Training [471/700]: mean_loss=0.014519148273393512
Online_Training [472/700]: mean_loss=0.005839082587044686
Online_Training [473/700]: mean_loss=0.005811796756461263
Online_Training [474/700]: mean_loss=0.08168805204331875
Online_Training [475/700]: mean_loss=0.1443149410188198
Online_Training [476/700]: mean_loss=0.004957417375408113
Online_Training [477/700]: mean_loss=0.012180100078694522
Online_Training [478/700]: mean_loss=0.03754567075520754
Online_Training [479/700]: mean_loss=0.017487924313172698
Online_Training [480/700]: mean_loss=0.01203840458765626
Online_Training [481/700]: mean_loss=0.01010885916184634
Online_Training [482/700]: mean_loss=0.021765824873000383
Online_Training [483/700]: mean_loss=0.013771689729765058
Online_Training [484/700]: mean_loss=0.01659096102230251
Online_Training [485/700]: mean_loss=0.07822594232857227
Online_Training [486/700]: mean_loss=0.009005048079416156
Online_Training [487/700]: mean_loss=0.020987083669751883
Online_Training [488/700]: mean_loss=0.030751863261684775
Online_Training [489/700]: mean_loss=0.011556890793144703
Online_Training [490/700]: mean_loss=0.01666256261523813
Online_Training [491/700]: mean_loss=0.007894133974332362
Online_Training [492/700]: mean_loss=0.012231556698679924
Online_Training [493/700]: mean_loss=0.00845877849496901
Online_Training [494/700]: mean_loss=0.005954427237156779
Online_Training [495/700]: mean_loss=0.023451995104551315
Online_Training [496/700]: mean_loss=0.02492090640589595
Online_Training [497/700]: mean_loss=0.01289796782657504
Online_Training [498/700]: mean_loss=0.021582960383966565
Online_Training [499/700]: mean_loss=0.038113439455628395
Online_Training [500/700]: mean_loss=0.007119881105609238
Online_Training [501/700]: mean_loss=0.016828272840939462
Online_Training [502/700]: mean_loss=0.016598789021372795
Online_Training [503/700]: mean_loss=0.09515528660267591
Online_Training [504/700]: mean_loss=0.019723011180758476
Online_Training [505/700]: mean_loss=0.03468821616843343
Online_Training [506/700]: mean_loss=0.06577301723882556
Online_Training [507/700]: mean_loss=0.04291319660842419
Online_Training [508/700]: mean_loss=0.010726320440880954
Online_Training [509/700]: mean_loss=0.022594249807298183
Online_Training [510/700]: mean_loss=0.019410240463912487
Online_Training [511/700]: mean_loss=0.012025475269183517
Online_Training [512/700]: mean_loss=0.021649980917572975
Online_Training [513/700]: mean_loss=0.00454155498300679
Online_Training [514/700]: mean_loss=0.009831445757299662
Online_Training [515/700]: mean_loss=0.011440036469139159
Online_Training [516/700]: mean_loss=0.011375094996765256
Online_Training [517/700]: mean_loss=0.0028415823762770742
Online_Training [518/700]: mean_loss=0.009222906664945185
Online_Training [519/700]: mean_loss=0.035018188413232565
Online_Training [520/700]: mean_loss=0.022656858898699284
Online_Training [521/700]: mean_loss=0.014482392580248415
Online_Training [522/700]: mean_loss=0.011525501380674541
Online_Training [523/700]: mean_loss=0.022823170758783817
Online_Training [524/700]: mean_loss=0.016312493244186044
Online_Training [525/700]: mean_loss=0.0176583977881819
Online_Training [526/700]: mean_loss=0.008463190286420286
Online_Training [527/700]: mean_loss=0.00917349278461188
Online_Training [528/700]: mean_loss=0.02829842735081911
Online_Training [529/700]: mean_loss=0.019443478900939226
Online_Training [530/700]: mean_loss=0.013941080891527236
Online_Training [531/700]: mean_loss=0.01870099187362939
Online_Training [532/700]: mean_loss=0.020549315260723233
Online_Training [533/700]: mean_loss=0.013205845723859966
Online_Training [534/700]: mean_loss=0.02179392473772168
Online_Training [535/700]: mean_loss=0.006690254784189165
Online_Training [536/700]: mean_loss=0.02933412278071046
Online_Training [537/700]: mean_loss=0.01941166748292744
Online_Training [538/700]: mean_loss=0.0061429159832187
Online_Training [539/700]: mean_loss=0.0281273047439754
Online_Training [540/700]: mean_loss=0.017651699716225266
Online_Training [541/700]: mean_loss=0.008309086435474455
Online_Training [542/700]: mean_loss=0.00722096097888425
Online_Training [543/700]: mean_loss=0.017991058994084597
Online_Training [544/700]: mean_loss=0.024787877686321735
Online_Training [545/700]: mean_loss=0.020892215659841895
Online_Training [546/700]: mean_loss=0.009160916088148952
Online_Training [547/700]: mean_loss=0.011057378142140806
Online_Training [548/700]: mean_loss=0.035668982192873955
Online_Training [549/700]: mean_loss=0.02243405790068209
Online_Training [550/700]: mean_loss=0.007153196667786688
Online_Training [551/700]: mean_loss=0.018744289642199874
Online_Training [552/700]: mean_loss=0.021849165204912424
Online_Training [553/700]: mean_loss=0.01840091636404395
Online_Training [554/700]: mean_loss=0.008301198889967054
Online_Training [555/700]: mean_loss=0.03332835342735052
Online_Training [556/700]: mean_loss=0.013538129162043333
Online_Training [557/700]: mean_loss=0.01904868963174522
Online_Training [558/700]: mean_loss=0.00749203359009698
Online_Training [559/700]: mean_loss=0.016046422882936895
Online_Training [560/700]: mean_loss=0.017195635242387652
Online_Training [561/700]: mean_loss=0.010835398337803781
Online_Training [562/700]: mean_loss=0.016485053463838995
Online_Training [563/700]: mean_loss=0.014990230440162122
Online_Training [564/700]: mean_loss=0.0053580692037940025
Online_Training [565/700]: mean_loss=0.017517182743176818
Online_Training [566/700]: mean_loss=0.007142474292777479
Online_Training [567/700]: mean_loss=0.01691464171744883
Online_Training [568/700]: mean_loss=0.029454238479956985
Online_Training [569/700]: mean_loss=0.007875839015468955
Online_Training [570/700]: mean_loss=0.03328845323994756
Online_Training [571/700]: mean_loss=0.01823569624684751
Online_Training [572/700]: mean_loss=0.019668808905407786
Online_Training [573/700]: mean_loss=0.03306533629074693
Online_Training [574/700]: mean_loss=0.012532427092082798
Online_Training [575/700]: mean_loss=0.019623763160780072
Online_Training [576/700]: mean_loss=0.020050482358783484
Online_Training [577/700]: mean_loss=0.02657693880610168
Online_Training [578/700]: mean_loss=0.011498802341520786
Online_Training [579/700]: mean_loss=0.011993181193247437
Online_Training [580/700]: mean_loss=0.014570699306204915
Online_Training [581/700]: mean_loss=0.020406846422702074
Online_Training [582/700]: mean_loss=0.02506067743524909
Online_Training [583/700]: mean_loss=0.015753855579532683
Online_Training [584/700]: mean_loss=0.014138293103314936
Online_Training [585/700]: mean_loss=0.07175972312688828
Online_Training [586/700]: mean_loss=0.0592870251275599
Online_Training [587/700]: mean_loss=0.012508108979091048
Online_Training [588/700]: mean_loss=0.030424294993281364
Online_Training [589/700]: mean_loss=0.020275807473808527
Online_Training [590/700]: mean_loss=0.0334525085054338
Online_Training [591/700]: mean_loss=0.019543037749826908
Online_Training [592/700]: mean_loss=0.018289922969415784
Online_Training [593/700]: mean_loss=0.007949889113660902
Online_Training [594/700]: mean_loss=0.05582276498898864
Online_Training [595/700]: mean_loss=0.004952483111992478
Online_Training [596/700]: mean_loss=0.017448344035074115
Online_Training [597/700]: mean_loss=0.022621683310717344
Online_Training [598/700]: mean_loss=0.01167392369825393
Online_Training [599/700]: mean_loss=0.009771296405233443
Online_Training [600/700]: mean_loss=0.013221320230513811
Online_Training [601/700]: mean_loss=0.015965161379426718
Online_Training [602/700]: mean_loss=0.01951945759356022
Online_Training [603/700]: mean_loss=0.015255702310241759
Online_Training [604/700]: mean_loss=0.009298379067331553
Online_Training [605/700]: mean_loss=0.019443929893895984
Online_Training [606/700]: mean_loss=0.013428074074909091
Online_Training [607/700]: mean_loss=0.13643196038901806
Online_Training [608/700]: mean_loss=0.04966523125767708
Online_Training [609/700]: mean_loss=0.015193685539998114
Online_Training [610/700]: mean_loss=0.040497378911823034
Online_Training [611/700]: mean_loss=0.028894897550344467
Online_Training [612/700]: mean_loss=0.024929494597017765
Online_Training [613/700]: mean_loss=0.03289242438040674
Online_Training [614/700]: mean_loss=0.008900993736460805
Online_Training [615/700]: mean_loss=0.01700751727912575
Online_Training [616/700]: mean_loss=0.01103978045284748
Online_Training [617/700]: mean_loss=0.015665898914448917
Online_Training [618/700]: mean_loss=0.01041041174903512
Online_Training [619/700]: mean_loss=0.007164173235651106
Online_Training [620/700]: mean_loss=0.021640792954713106
Online_Training [621/700]: mean_loss=0.014734286000020802
Online_Training [622/700]: mean_loss=0.005240458413027227
Online_Training [623/700]: mean_loss=0.007122573384549469
Online_Training [624/700]: mean_loss=0.022923004813492298
Online_Training [625/700]: mean_loss=0.012629616423510015
Online_Training [626/700]: mean_loss=0.021434921538457274
Online_Training [627/700]: mean_loss=0.006125577550847083
Online_Training [628/700]: mean_loss=0.014065750525332987
Online_Training [629/700]: mean_loss=0.030549396527931094
Online_Training [630/700]: mean_loss=0.009054763591848314
Online_Training [631/700]: mean_loss=0.039128901436924934
Online_Training [632/700]: mean_loss=0.008163167105522007
Online_Training [633/700]: mean_loss=0.010783826815895736
Online_Training [634/700]: mean_loss=0.007301046105567366
Online_Training [635/700]: mean_loss=0.006925550173036754
Online_Training [636/700]: mean_loss=0.00973038503434509
Online_Training [637/700]: mean_loss=0.0109254535054788
Online_Training [638/700]: mean_loss=0.024384666699916124
Online_Training [639/700]: mean_loss=0.030883297557011247
Online_Training [640/700]: mean_loss=0.01630528853274882
Online_Training [641/700]: mean_loss=0.009100235882215202
Online_Training [642/700]: mean_loss=0.008355686906725168
Online_Training [643/700]: mean_loss=0.05224779108539224
Online_Training [644/700]: mean_loss=0.00927644968032837
Online_Training [645/700]: mean_loss=0.015650712768547237
Online_Training [646/700]: mean_loss=0.019387870095670223
Online_Training [647/700]: mean_loss=0.013204844435676932
Online_Training [648/700]: mean_loss=0.009889486595056951
Online_Training [649/700]: mean_loss=0.01820494863204658
Online_Training [650/700]: mean_loss=0.0182851271238178
Online_Training [651/700]: mean_loss=0.01771991653367877
Online_Training [652/700]: mean_loss=0.021286227274686098
Online_Training [653/700]: mean_loss=0.01192670059390366
Online_Training [654/700]: mean_loss=0.02065906021744013
Online_Training [655/700]: mean_loss=0.01800454081967473
Online_Training [656/700]: mean_loss=0.029154256684705615
Online_Training [657/700]: mean_loss=0.0046829532366245985
Online_Training [658/700]: mean_loss=0.0352150066755712
Online_Training [659/700]: mean_loss=0.08533679600805044
Online_Training [660/700]: mean_loss=0.0724246995523572
Online_Training [661/700]: mean_loss=0.030031101778149605
Online_Training [662/700]: mean_loss=0.018048993428237736
Online_Training [663/700]: mean_loss=0.016604742384515703
Online_Training [664/700]: mean_loss=0.014817019458860159
Online_Training [665/700]: mean_loss=0.02628241409547627
Online_Training [666/700]: mean_loss=0.02985798171721399
Online_Training [667/700]: mean_loss=0.013689376646652818
Online_Training [668/700]: mean_loss=0.012957511004060507
Online_Training [669/700]: mean_loss=0.013100631535053253
Online_Training [670/700]: mean_loss=0.04649921879172325
Online_Training [671/700]: mean_loss=0.0347418503370136
Online_Training [672/700]: mean_loss=0.007784272835124284
Online_Training [673/700]: mean_loss=0.021844778209924698
Online_Training [674/700]: mean_loss=0.02533452515490353
Online_Training [675/700]: mean_loss=0.00970987870823592
Online_Training [676/700]: mean_loss=0.009101084782741964
Online_Training [677/700]: mean_loss=0.01926866825670004
Online_Training [678/700]: mean_loss=0.008962340420112014
Online_Training [679/700]: mean_loss=0.009965875069610775
Online_Training [680/700]: mean_loss=0.015515464125201106
Online_Training [681/700]: mean_loss=0.025109653593972325
Online_Training [682/700]: mean_loss=0.013534744968637824
Online_Training [683/700]: mean_loss=0.007743641850538552
Online_Training [684/700]: mean_loss=0.01168137788772583
Online_Training [685/700]: mean_loss=0.047550507821142673
Online_Training [686/700]: mean_loss=0.06605280563235283
Online_Training [687/700]: mean_loss=0.011164486990310252
Online_Training [688/700]: mean_loss=0.008953600656241179
Online_Training [689/700]: mean_loss=0.012894759303890169
Online_Training [690/700]: mean_loss=0.00945299060549587
Online_Training [691/700]: mean_loss=0.02964854589663446
Online_Training [692/700]: mean_loss=0.02624290995299816
Online_Training [693/700]: mean_loss=0.007778849918395281
Online_Training [694/700]: mean_loss=0.007181445602327585
Online_Training [695/700]: mean_loss=0.00958618673030287
Online_Training [696/700]: mean_loss=0.02210642397403717
Online_Training [697/700]: mean_loss=0.015549250761978328
Online_Training [698/700]: mean_loss=0.005463647481519729
Online_Training [699/700]: mean_loss=0.012499206815846264
Online_Training [700/700]: mean_loss=0.07245089299976826
Number of Samples after Autoencoder testing: 300
First Spike after testing: [0.8873298  0.24575187]
[2, 0, 1, 0, 0, 1, 1, 2, 1, 1, 1, 0, 0, 1, 2, 1, 0, 1, 1, 1, 1, 0, 2, 1, 0, 0, 0, 0, 2, 1, 0, 1, 2, 1, 1, 0, 2, 0, 1, 0, 2, 0, 2, 1, 2, 0, 2, 0, 1, 0, 2, 0, 0, 1, 2, 2, 1, 0, 0, 2, 2, 2, 1, 2, 0, 2, 1, 0, 1, 0, 1, 0, 1, 1, 1, 0, 0, 1, 2, 2, 1, 2, 1, 0, 2, 1, 2, 2, 0, 0, 1, 2, 1, 0, 1, 2, 2, 0, 1, 1, 2, 2, 1, 2, 1, 2, 0, 2, 1, 0, 1, 2, 2, 2, 1, 1, 2, 1, 2, 0, 1, 1, 2, 2, 1, 2, 2, 2, 0, 2, 1, 2, 0, 2, 1, 2, 1, 2, 1, 0, 2, 0, 2, 1, 0, 0, 2, 2, 1, 2, 0, 1, 2, 1, 2, 0, 0, 0, 1, 1, 1, 1, 2, 2, 2, 2, 1, 0, 0, 1, 1, 0, 0, 0, 0, 1, 1, 0, 0, 2, 0, 1, 1, 0, 2, 0, 2, 1, 0, 1, 0, 2, 2, 0, 1, 0, 0, 2, 0, 1, 2, 2, 2, 1, 2, 1, 0, 0, 2, 0, 1, 1, 2, 1, 0, 2, 2, 0, 1, 1, 0, 2, 0, 0, 1, 2, 2, 1, 2, 2, 2, 2, 1, 0, 2, 1, 0, 1, 2, 0, 0, 2, 0, 0, 0, 1, 1, 0, 1, 0, 1, 1, 0, 2, 2, 0, 0, 2, 1, 1, 1, 2, 2, 1, 2, 1, 1, 0, 2, 1, 1, 0, 0, 1, 2, 1, 1, 0, 0, 1, 1, 1, 2, 1, 0, 1, 2, 2, 1, 2, 0, 2, 1, 1, 2, 1, 2, 0, 1, 2]
[0, 1, 0, 1, 1, 2, 1, 1, 0, 1, 0, 1, 1, 1, 0, 1, 3, 1, 1, 2, 3, 1, 0, 4, 4, 0, 3, 0, 0, 3, 3, 1, 5, 0, 2, 3, 0, 3, 1, 0, 5, 1, 0, 3, 0, 3, 5, 0, 1, 1, 0, 1, 0, 2, 0, 6, 0, 0, 1, 5, 1, 0, 1, 0, 3, 0, 2, 2, 1, 0, 2, 0, 2, 2, 1, 3, 3, 1, 0, 6, 0, 6, 1, 1, 6, 0, 5, 6, 3, 3, 0, 0, 0, 3, 1, 0, 0, 3, 2, 1, 6, 6, 2, 0, 1, 0, 4, 0, 0, 1, 2, 0, 5, 0, 2, 2, 0, 1, 0, 2, 2, 1, 6, 6, 4, 1, 5, 0, 3, 6, 2, 5, 3, 5, 3, 5, 2, 1, 0, 3, 5, 0, 0, 1, 2, 1, 6, 5, 0, 4, 3, 0, 5, 1, 6, 3, 2, 3, 0, 5, 1, 4, 1, 0, 6, 3, 1, 3, 2, 1, 2, 3, 1, 3, 3, 2, 2, 3, 3, 0, 0, 1, 1, 0, 6, 2, 0, 4, 4, 2, 3, 5, 6, 1, 1, 3, 3, 6, 3, 1, 1, 5, 6, 0, 6, 3, 3, 2, 1, 4, 1, 2, 5, 5, 3, 5, 5, 4, 0, 1, 3, 4, 3, 3, 5, 6, 1, 7, 6, 5, 4, 3, 2, 2, 0, 8, 3, 2, 0, 4, 3, 7, 3, 3, 3, 2, 2, 3, 2, 2, 0, 1, 4, 0, 0, 2, 0, 0, 1, 2, 2, 6, 5, 1, 6, 1, 5, 3, 6, 1, 5, 3, 3, 1, 6, 2, 2, 2, 1, 1, 1, 2, 0, 3, 3, 1, 6, 4, 0, 1, 3, 0, 2, 5, 6, 1, 0, 1, 0, 6]
Centroids: [[0.25035906, -0.06810924], [0.080972664, 0.22367717], [0.67050093, 0.35800672]]
Centroids: [[0.60804206, 0.19247645], [0.13116707, 0.18657295], [-0.3464412, 0.20288022], [0.24004206, -0.19163252], [0.8972593, -0.033549048], [0.45408085, 0.58976424], [1.0206093, 0.45352727], [-0.053321615, 0.8368162], [-1.6972626, 1.030864]]
Contingency Matrix: 
[[12 17 11 45  7  0  0  0  0]
 [19 40 32  6  4  6  0  1  1]
 [36  9  0  2  4 20 27  1  0]]
[[12, 17, 11, 45, 7, 0, 0, 0, 0], [19, 40, 32, 6, 4, 6, 0, 1, 1], [36, 9, 0, 2, 4, 20, 27, 1, 0]]
[[12, 17, 11, 45, 7, 0, 0, 0, 0], [19, 40, 32, 6, 4, 6, 0, 1, 1], [36, 9, 0, 2, 4, 20, 27, 1, 0]]
[0, 1, 2, 3, 4, 5, 6, 7, 8]
[[-1, -1, -1, -1, -1, -1, -1, -1, -1], [19, 40, 32, -1, 4, 6, 0, 1, 1], [36, 9, 0, -1, 4, 20, 27, 1, 0]]
[[-1, -1, -1, -1, -1, -1, -1, -1, -1], [-1, -1, -1, -1, -1, -1, -1, -1, -1], [36, -1, 0, -1, 4, 20, 27, 1, 0]]
[[-1, -1, -1, -1, -1, -1, -1, -1, -1], [-1, -1, -1, -1, -1, -1, -1, -1, -1], [-1, -1, -1, -1, -1, -1, -1, -1, -1]]
Match_Labels: {0: 3, 1: 1, 2: 0}
New Contingency Matrix: 
[[45 17 12 11  7  0  0  0  0]
 [ 6 40 19 32  4  6  0  1  1]
 [ 2  9 36  0  4 20 27  1  0]]
New Clustered Label Sequence: [3, 1, 0, 2, 4, 5, 6, 7, 8]
Diagonal_Elements: [45, 40, 36], Sum: 121
All_Elements: [45, 17, 12, 11, 7, 0, 0, 0, 0, 6, 40, 19, 32, 4, 6, 0, 1, 1, 2, 9, 36, 0, 4, 20, 27, 1, 0], Sum: 300
Accuracy: 0.4033333333333333
