Seed: 6
Experiment_path: AE_Model_2/Random_Seeds_DV5//V5_1/Experiment_05_6_opt
Dataset_Path: ../_00_Datasets/03_SimDaten_Quiroga2020/C_Easy2_noise015.mat
Dataset_name: ['03_SimDaten_Quiroga2020', 'C_Easy2_noise015.mat']
Variant_name: Variant_05_Online_Autoencoder_QLearning_opt
Visualisation_Path: AE_Model_2/Random_Seeds_DV5//V5_1/Experiment_05_6_opt/C_Easy2_noise015.mat/Variant_05_Online_Autoencoder_QLearning_opt/2023_04_23-16_24_02
Normalisation: False
Template Matching: False
Optimising Autoencoder: True
Update Factor: 1
Noisy Batches: False
Noisy Factor: 0.1
Epochs: 8
Batch Size: 1
maximal Spikes for Autoencoder Training : 700
maximal Spikes for Training: 1000
Input Size: 47
Chosen Model: Convolutional Autoencoder
ConvolutionalAutoencoder(
  (encoder): Sequential(
    (0): Conv1d(1, 6, kernel_size=(6,), stride=(1,))
    (1): LeakyReLU(negative_slope=0.01)
    (2): Conv1d(6, 1, kernel_size=(6,), stride=(1,))
    (3): Flatten(start_dim=1, end_dim=-1)
    (4): Linear(in_features=37, out_features=2, bias=True)
  )
  (decoder): Sequential(
    (0): ConvTranspose1d(1, 6, kernel_size=(6,), stride=(1,))
    (1): LeakyReLU(negative_slope=0.01)
    (2): ConvTranspose1d(6, 1, kernel_size=(6,), stride=(1,))
    (3): Flatten(start_dim=1, end_dim=-1)
    (4): Linear(in_features=12, out_features=47, bias=True)
  )
)
MSELoss()
Adam (
Parameter Group 0
    amsgrad: False
    betas: (0.9, 0.999)
    capturable: False
    differentiable: False
    eps: 1e-08
    foreach: None
    fused: False
    lr: 0.001
    maximize: False
    weight_decay: 0
)
---Q Learning Parameters---
Normalisation: False
Punishment Coefficient: 1.0
Alpha: 0.8
Epsilon: 0.01
Gamma: 0.97
Initial Episode Number: 0
Episode Number Coefficient: 1.4
Number of Random Features: 20
Planning Number: 20
Max Random Features: 60
New Episode Number: 72
New Episode Number: 143
New Episode Number: 215
New Episode Number: 286
                 0      1     2      3      4
new_cluster -13.47 -15.20 -9.95 -13.68 -11.22
c1          -13.65 -14.96 -9.87 -13.75 -10.91
c2          -13.65 -15.17 -9.86 -14.49 -11.02
c3          -13.63 -14.36 -9.90 -13.39 -11.01
c4          -13.65 -14.17 -9.83 -13.94 -11.06
\begin{tabular}{lrrrrr}
\toprule
{} &      0 &      1 &     2 &      3 &      4 \\
\midrule
new\_cluster & -13.47 & -15.20 & -9.95 & -13.68 & -11.22 \\
c1          & -13.65 & -14.96 & -9.87 & -13.75 & -10.91 \\
c2          & -13.65 & -15.17 & -9.86 & -14.49 & -11.02 \\
c3          & -13.63 & -14.36 & -9.90 & -13.39 & -11.01 \\
c4          & -13.65 & -14.17 & -9.83 & -13.94 & -11.06 \\
\bottomrule
\end{tabular}

                               0            1  ...            3            4
new_cluster  [-4.0, new_cluster]  [-5.56, c1]  ...  [-4.07, c3]  [-1.69, c4]
c1           [-4.0, new_cluster]  [-5.32, c1]  ...  [-4.13, c3]  [-1.45, c4]
c2           [-4.0, new_cluster]  [-5.53, c1]  ...  [-4.88, c3]  [-1.49, c4]
c3           [-4.0, new_cluster]  [-4.72, c1]  ...  [-3.87, c3]  [-1.48, c4]
c4           [-4.0, new_cluster]  [-4.53, c1]  ...  [-4.37, c3]  [-1.53, c4]

[5 rows x 5 columns]
\begin{tabular}{llllll}
\toprule
{} &                    0 &            1 &            2 &            3 &            4 \\
\midrule
new\_cluster &  [-4.0, new\_cluster] &  [-5.56, c1] &  [-0.26, c2] &  [-4.07, c3] &  [-1.69, c4] \\
c1          &  [-4.0, new\_cluster] &  [-5.32, c1] &  [-0.29, c2] &  [-4.13, c3] &  [-1.45, c4] \\
c2          &  [-4.0, new\_cluster] &  [-5.53, c1] &  [-0.24, c2] &  [-4.88, c3] &  [-1.49, c4] \\
c3          &  [-4.0, new\_cluster] &  [-4.72, c1] &  [-0.29, c2] &  [-3.87, c3] &  [-1.48, c4] \\
c4          &  [-4.0, new\_cluster] &  [-4.53, c1] &  [-0.18, c2] &  [-4.37, c3] &  [-1.53, c4] \\
\bottomrule
\end{tabular}

