Experiment_path: AE_Model_2/Base_Line_W_PC//0.8/Experiment_02
Dataset_Path: ../_00_Datasets/03_SimDaten_Quiroga2020/C_Easy2_noise015.mat
Dataset_name: ['03_SimDaten_Quiroga2020', 'C_Easy2_noise015.mat']
Variant_name: Variant_02_Autoencoder_KMeans
Visualisation_Path: AE_Model_2/Base_Line_W_PC//0.8/Experiment_02/C_Easy2_noise015.mat/Variant_02_Autoencoder_KMeans/2023_04_23-22_03_48
<_01_LoadDataset.ExternCode.spike_class.spike_dataclass object at 0x0000020F5A6F9160>
Sampling rate: 24000.0
Raw: [0.10609669 0.12118301 0.13260104 ... 0.04210554 0.02260723 0.01955233]
Times: [    280    1061    1071 ... 1439631 1439716 1439810]
Cluster: [1 3 1 ... 2 2 3]
Number of different clusters:  3
Number of Spikes: 3411
First aligned Spike Frame: [ 2.02686231e-02  4.10226375e-02  5.47302833e-02  6.75455965e-02
  7.31110476e-02  7.55341824e-02  6.24087212e-02  3.48405580e-02
  4.67612510e-03  3.11249190e-03  8.94324356e-03  4.24616810e-04
 -6.85644094e-02 -1.88193358e-01 -2.95062164e-01 -3.04804993e-01
 -1.80968869e-01  9.08445140e-02  4.69281397e-01  8.12588139e-01
  1.01247328e+00  1.07477323e+00  1.05264776e+00  9.80941312e-01
  8.59493136e-01  7.23747425e-01  6.30635083e-01  6.09810792e-01
  6.21566307e-01  6.10615318e-01  5.92057940e-01  5.70062731e-01
  5.39545035e-01  4.88086979e-01  4.33332627e-01  3.78964556e-01
  3.25819622e-01  2.83509204e-01  2.65213838e-01  2.75311674e-01
  2.95781207e-01  3.01368080e-01  2.86879888e-01  2.42452837e-01
  1.98600507e-01  1.34431645e-01  5.92612532e-02]
Cluster 0, Occurrences: 1181
Cluster 1, Occurrences: 1098
Cluster 2, Occurrences: 1132
<torch.utils.data.dataloader.DataLoader object at 0x0000020F5E400FD0>
Epoch [1/8]: mean_loss=0.00045888945629601256
Epoch [2/8]: mean_loss=0.00023314665736233565
Epoch [3/8]: mean_loss=0.00021910022613020436
Epoch [4/8]: mean_loss=0.0002138412208603523
Epoch [5/8]: mean_loss=0.00021108795167363326
Epoch [6/8]: mean_loss=0.0002095885432156841
Epoch [7/8]: mean_loss=0.00020826130097104513
Epoch [8/8]: mean_loss=0.00020640043102748684
Number of Clusters: 3
Number of Samples after Autoencoder testing: 3411
First Spike after testing: [-0.96963847 -2.3942442 ]
[0 2 0 ... 1 1 2]
[2 1 0 ... 0 0 1]
Cluster 0 Occurrences: 1181; KMEANS: 1087
Cluster 1 Occurrences: 1098; KMEANS: 1117
Cluster 2 Occurrences: 1132; KMEANS: 1207
Centroids: [[-0.99596673, -2.0962765], [-0.110902295, -1.2717437], [2.3108544, -0.39050177]]
Centroids: [[-0.052873407, -1.2336965], [2.330009, -0.3724839], [-1.0167915, -2.1185024]]
Contingency Matrix: 
[[  64    0 1117]
 [1008    0   90]
 [  15 1117    0]]
[[64, 0, 1117], [1008, 0, 90], [15, 1117, 0]]
[[64, 0, 1117], [1008, 0, 90], [15, 1117, 0]]
[0, 1, 2]
[[-1, -1, -1], [1008, 0, -1], [15, 1117, -1]]
[[-1, -1, -1], [1008, -1, -1], [-1, -1, -1]]
[[-1, -1, -1], [-1, -1, -1], [-1, -1, -1]]
Match_Labels: {0: 2, 2: 1, 1: 0}
New Contingency Matrix: 
[[1117   64    0]
 [  90 1008    0]
 [   0   15 1117]]
New Clustered Label Sequence: [2, 0, 1]
Diagonal_Elements: [1117, 1008, 1117], Sum: 3242
All_Elements: [1117, 64, 0, 90, 1008, 0, 0, 15, 1117], Sum: 3411
Accuracy: 0.950454412195837
