Seed: 7
Experiment_path: AE_Model_2/Random_Seeds//V4/Experiment_04_7
Dataset_Path: ../_00_Datasets/03_SimDaten_Quiroga2020/C_Easy1_noise010.mat
Dataset_name: ['03_SimDaten_Quiroga2020', 'C_Easy1_noise010.mat']
Variant_name: Variant_04_Offline_Autoencoder_QLearning
Visualisation_Path: Random_Seeds//V4/Experiment_04_7/C_Easy1_noise010.mat/Variant_04_Offline_Autoencoder_QLearning/2023_04_21-15_36_11
Split Ratio: 0.9
Epochs: 8
Batch Size: 1
Input Size: 47
Number of Features: 2
Chosen Model: Convolutional Autoencoder
ConvolutionalAutoencoder(
  (encoder): Sequential(
    (0): Conv1d(1, 6, kernel_size=(6,), stride=(1,))
    (1): LeakyReLU(negative_slope=0.01)
    (2): Conv1d(6, 1, kernel_size=(6,), stride=(1,))
    (3): Flatten(start_dim=1, end_dim=-1)
    (4): Linear(in_features=37, out_features=2, bias=True)
  )
  (decoder): Sequential(
    (0): ConvTranspose1d(1, 6, kernel_size=(6,), stride=(1,))
    (1): LeakyReLU(negative_slope=0.01)
    (2): ConvTranspose1d(6, 1, kernel_size=(6,), stride=(1,))
    (3): Flatten(start_dim=1, end_dim=-1)
    (4): Linear(in_features=12, out_features=47, bias=True)
  )
)
MSELoss()
Adam (
Parameter Group 0
    amsgrad: False
    betas: (0.9, 0.999)
    capturable: False
    differentiable: False
    eps: 1e-08
    foreach: None
    fused: False
    lr: 0.001
    maximize: False
    weight_decay: 0
)
---Q Learning Parameters---
Normalisation: False
Punishment Coefficient: 1.3
Alpha: 0.8
Epsilon: 0.01
Gamma: 0.97
Initial Episode Number: 0
Episode Number Coefficient: 1.4
Number of Random Features: 20
Planning Number: 20
Max Random Features: 60
New Episode Number: 72
New Episode Number: 143
New Episode Number: 215
New Episode Number: 286
                0     1      2      3      4
new_cluster -8.02 -1.29 -12.41 -11.55 -35.00
c1          -8.01 -1.31 -12.98 -11.11 -35.00
c2          -8.04 -1.28 -11.48 -10.93 -35.00
c3          -8.03 -1.32 -12.15 -11.12 -35.01
c4          -8.02 -1.33 -12.73 -11.76 -34.98
\begin{tabular}{lrrrrr}
\toprule
{} &     0 &     1 &      2 &      3 &      4 \\
\midrule
new\_cluster & -8.02 & -1.29 & -12.41 & -11.55 & -35.00 \\
c1          & -8.01 & -1.31 & -12.98 & -11.11 & -35.00 \\
c2          & -8.04 & -1.28 & -11.48 & -10.93 & -35.00 \\
c3          & -8.03 & -1.32 & -12.15 & -11.12 & -35.01 \\
c4          & -8.02 & -1.33 & -12.73 & -11.76 & -34.98 \\
\bottomrule
\end{tabular}

                                0            1  ...             3             4
new_cluster  [-6.76, new_cluster]  [-0.02, c1]  ...  [-10.27, c3]  [-33.69, c4]
c1           [-6.76, new_cluster]  [-0.05, c1]  ...   [-9.79, c3]  [-33.69, c4]
c2           [-6.76, new_cluster]  [-0.01, c1]  ...   [-9.64, c3]  [-33.69, c4]
c3           [-6.76, new_cluster]  [-0.02, c1]  ...   [-9.84, c3]  [-33.69, c4]
c4           [-6.76, new_cluster]  [-0.06, c1]  ...  [-10.43, c3]  [-33.69, c4]

[5 rows x 5 columns]
\begin{tabular}{llllll}
\toprule
{} &                     0 &            1 &             2 &             3 &             4 \\
\midrule
new\_cluster &  [-6.76, new\_cluster] &  [-0.02, c1] &  [-11.16, c2] &  [-10.27, c3] &  [-33.69, c4] \\
c1          &  [-6.76, new\_cluster] &  [-0.05, c1] &  [-11.68, c2] &   [-9.79, c3] &  [-33.69, c4] \\
c2          &  [-6.76, new\_cluster] &  [-0.01, c1] &  [-10.24, c2] &   [-9.64, c3] &  [-33.69, c4] \\
c3          &  [-6.76, new\_cluster] &  [-0.02, c1] &  [-10.91, c2] &   [-9.84, c3] &  [-33.69, c4] \\
c4          &  [-6.76, new\_cluster] &  [-0.06, c1] &  [-11.47, c2] &  [-10.43, c3] &  [-33.69, c4] \\
\bottomrule
\end{tabular}

