Seed: 0
Experiment_path: Experiment_05
Dataset_Path: ../_00_Datasets/03_SimDaten_Quiroga2020/C_Easy2_noise005.mat
Dataset_name: ['03_SimDaten_Quiroga2020', 'C_Easy2_noise005.mat']
Variant_name: Variant_05_Online_Autoencoder_QLearning
Visualisation_Path: AE_Model_2/Epochs_GS_PC//V5_4/C_Easy2_noise005.mat/Variant_05_Online_Autoencoder_QLearning/0.9
Normalisation: False
Template Matching: False
Optimising Autoencoder: False
Update Factor: 1
Noisy Batches: False
Noisy Factor: 0.001
Epochs: 4
Batch Size: 1
maximal Spikes for Autoencoder Training : 700
maximal Spikes for Training: 1000
Input Size: 47
Chosen Model: Convolutional Autoencoder
ConvolutionalAutoencoder(
  (encoder): Sequential(
    (0): Conv1d(1, 6, kernel_size=(6,), stride=(1,))
    (1): LeakyReLU(negative_slope=0.01)
    (2): Conv1d(6, 1, kernel_size=(6,), stride=(1,))
    (3): Flatten(start_dim=1, end_dim=-1)
    (4): Linear(in_features=37, out_features=2, bias=True)
  )
  (decoder): Sequential(
    (0): ConvTranspose1d(1, 6, kernel_size=(6,), stride=(1,))
    (1): LeakyReLU(negative_slope=0.01)
    (2): ConvTranspose1d(6, 1, kernel_size=(6,), stride=(1,))
    (3): Flatten(start_dim=1, end_dim=-1)
    (4): Linear(in_features=12, out_features=47, bias=True)
  )
)
MSELoss()
Adam (
Parameter Group 0
    amsgrad: False
    betas: (0.9, 0.999)
    capturable: False
    differentiable: False
    eps: 1e-08
    foreach: None
    fused: False
    lr: 0.001
    maximize: False
    weight_decay: 0
)
---Q Learning Parameters---
Normalisation: False
Punishment Coefficient: 0.9
Alpha: 0.8
Epsilon: 0.01
Gamma: 0.97
Initial Episode Number: 0
Episode Number Coefficient: 1.4
Number of Random Features: 20
Planning Number: 20
Max Random Features: 60
New Episode Number: 72
New Episode Number: 143
New Episode Number: 215
New Episode Number: 286
New Episode Number: 358
New Episode Number: 429
New Episode Number: 500
                0      1     2     3     4      5     6     7
new_cluster -3.62 -19.06 -5.81 -0.40 -4.72  -6.86 -53.3 -6.49
c1          -3.62 -18.75 -6.06 -0.41 -5.01 -10.45 -53.3 -6.49
c2          -3.62 -18.99 -5.69 -0.41 -4.66  -8.57 -53.3 -6.48
c3          -3.59 -18.75 -6.03 -0.40 -5.21 -19.98 -53.3 -6.49
c4          -3.62 -18.79 -5.94 -0.40 -4.47 -14.82 -53.3 -6.49
c5          -3.62 -18.69 -5.88 -0.40 -3.88 -14.82 -53.3 -6.49
c6          -3.62 -18.99 -5.40 -0.40 -4.93 -17.31 -53.3 -6.46
c7          -3.62 -18.85 -5.71 -0.40 -4.65 -17.31 -53.3 -6.49
\begin{tabular}{lrrrrrrrr}
\toprule
{} &     0 &      1 &     2 &     3 &     4 &      5 &     6 &     7 \\
\midrule
new\_cluster & -3.62 & -19.06 & -5.81 & -0.40 & -4.72 &  -6.86 & -53.3 & -6.49 \\
c1          & -3.62 & -18.75 & -6.06 & -0.41 & -5.01 & -10.45 & -53.3 & -6.49 \\
c2          & -3.62 & -18.99 & -5.69 & -0.41 & -4.66 &  -8.57 & -53.3 & -6.48 \\
c3          & -3.59 & -18.75 & -6.03 & -0.40 & -5.21 & -19.98 & -53.3 & -6.49 \\
c4          & -3.62 & -18.79 & -5.94 & -0.40 & -4.47 & -14.82 & -53.3 & -6.49 \\
c5          & -3.62 & -18.69 & -5.88 & -0.40 & -3.88 & -14.82 & -53.3 & -6.49 \\
c6          & -3.62 & -18.99 & -5.40 & -0.40 & -4.93 & -17.31 & -53.3 & -6.46 \\
c7          & -3.62 & -18.85 & -5.71 & -0.40 & -4.65 & -17.31 & -53.3 & -6.49 \\
\bottomrule
\end{tabular}

                                0             1  ...             6            7
new_cluster  [-3.24, new_cluster]  [-18.67, c1]  ...  [-52.91, c6]  [-6.11, c7]
c1           [-3.24, new_cluster]  [-18.36, c1]  ...  [-52.91, c6]  [-6.11, c7]
c2           [-3.24, new_cluster]  [-18.59, c1]  ...  [-52.91, c6]  [-6.11, c7]
c3           [-3.24, new_cluster]  [-18.36, c1]  ...  [-52.91, c6]  [-6.11, c7]
c4           [-3.24, new_cluster]   [-18.4, c1]  ...  [-52.91, c6]  [-6.11, c7]
c5           [-3.24, new_cluster]   [-18.3, c1]  ...  [-52.91, c6]  [-6.11, c7]
c6           [-3.24, new_cluster]   [-18.6, c1]  ...  [-52.91, c6]  [-6.11, c7]
c7           [-3.24, new_cluster]  [-18.46, c1]  ...  [-52.91, c6]  [-6.11, c7]

[8 rows x 8 columns]
\begin{tabular}{lllllllll}
\toprule
{} &                     0 &             1 &            2 &            3 &            4 &             5 &             6 &            7 \\
\midrule
new\_cluster &  [-3.24, new\_cluster] &  [-18.67, c1] &  [-5.42, c2] &  [-0.01, c3] &  [-4.35, c4] &   [-6.49, c5] &  [-52.91, c6] &  [-6.11, c7] \\
c1          &  [-3.24, new\_cluster] &  [-18.36, c1] &  [-5.66, c2] &  [-0.02, c3] &  [-4.62, c4] &  [-10.07, c5] &  [-52.91, c6] &  [-6.11, c7] \\
c2          &  [-3.24, new\_cluster] &  [-18.59, c1] &  [-5.31, c2] &  [-0.02, c3] &  [-4.27, c4] &   [-8.18, c5] &  [-52.91, c6] &  [-6.11, c7] \\
c3          &  [-3.24, new\_cluster] &  [-18.36, c1] &  [-5.64, c2] &  [-0.02, c3] &  [-4.83, c4] &  [-19.59, c5] &  [-52.91, c6] &  [-6.11, c7] \\
c4          &  [-3.24, new\_cluster] &   [-18.4, c1] &  [-5.54, c2] &  [-0.02, c3] &  [-4.08, c4] &  [-14.44, c5] &  [-52.91, c6] &  [-6.11, c7] \\
c5          &  [-3.24, new\_cluster] &   [-18.3, c1] &  [-5.49, c2] &  [-0.01, c3] &  [-3.51, c4] &  [-14.44, c5] &  [-52.91, c6] &  [-6.11, c7] \\
c6          &  [-3.24, new\_cluster] &   [-18.6, c1] &  [-5.01, c2] &  [-0.01, c3] &  [-4.54, c4] &  [-16.92, c5] &  [-52.91, c6] &  [-6.11, c7] \\
c7          &  [-3.24, new\_cluster] &  [-18.46, c1] &  [-5.35, c2] &  [-0.01, c3] &  [-4.27, c4] &  [-16.92, c5] &  [-52.91, c6] &  [-6.11, c7] \\
\bottomrule
\end{tabular}

