Seed: 8
Experiment_path: AE_Model_1/Random_Seeds_DV5//V5_2/Experiment_05_8_opt_temp
Dataset_Path: ../_00_Datasets/03_SimDaten_Quiroga2020/C_Easy1_noise025.mat
Dataset_name: ['03_SimDaten_Quiroga2020', 'C_Easy1_noise025.mat']
Variant_name: Variant_05_Online_Autoencoder_QLearning_opt_temp
Visualisation_Path: AE_Model_1/Random_Seeds_DV5//V5_2/Experiment_05_8_opt_temp/C_Easy1_noise025.mat/Variant_05_Online_Autoencoder_QLearning_opt_temp/2023_04_24-17_01_02
Normalisation: False
Template Matching: True
Optimising Autoencoder: True
Update Factor: 1
Noisy Batches: False
Noisy Factor: 0.1
Epochs: 8
Batch Size: 1
maximal Spikes for Autoencoder Training : 700
maximal Spikes for Training: 1000
Input Size: 47
Chosen Model: Autoencoder
Autoencoder(
  (encoder): Sequential(
    (0): Linear(in_features=47, out_features=12, bias=True)
    (1): LeakyReLU(negative_slope=0.01)
    (2): Linear(in_features=12, out_features=2, bias=True)
  )
  (decoder): Sequential(
    (0): Linear(in_features=2, out_features=12, bias=True)
    (1): LeakyReLU(negative_slope=0.01)
    (2): Linear(in_features=12, out_features=47, bias=True)
  )
)
MSELoss()
Adam (
Parameter Group 0
    amsgrad: False
    betas: (0.9, 0.999)
    capturable: False
    differentiable: False
    eps: 1e-08
    foreach: None
    fused: False
    lr: 0.001
    maximize: False
    weight_decay: 0
)
---Q Learning Parameters---
Normalisation: False
Punishment Coefficient: 0.8
Alpha: 0.8
Epsilon: 0.01
Gamma: 0.97
Initial Episode Number: 0
Episode Number Coefficient: 1.4
Number of Random Features: 20
Planning Number: 20
Max Random Features: 60
New Episode Number: 72
New Episode Number: 143
New Episode Number: 215
New Episode Number: 286
New Episode Number: 358
New Episode Number: 429
New Episode Number: 500
                0     1      2     3      4     5      6      7
new_cluster -9.09 -6.79 -10.27 -9.03 -12.54 -8.69 -14.24 -13.28
c1          -8.88 -6.83 -10.62 -9.28 -12.75 -8.38 -14.19 -12.84
c2          -9.09 -6.63 -10.46 -9.07 -12.51 -8.70 -14.09 -13.32
c3          -8.88 -7.08 -10.87 -9.38 -12.09 -8.10 -14.12 -13.49
c4          -9.13 -7.06 -10.90 -9.32 -12.42 -8.60 -14.21 -13.49
c5          -9.09 -6.72 -10.68 -9.22 -13.50 -8.19 -14.20 -14.18
c6          -8.88 -6.68 -11.11 -9.04 -12.60 -8.58 -14.08 -13.06
c7          -9.09 -6.98 -10.93 -9.37 -12.71 -8.67 -14.32 -13.29
\begin{tabular}{lrrrrrrrr}
\toprule
{} &     0 &     1 &      2 &     3 &      4 &     5 &      6 &      7 \\
\midrule
new\_cluster & -9.09 & -6.79 & -10.27 & -9.03 & -12.54 & -8.69 & -14.24 & -13.28 \\
c1          & -8.88 & -6.83 & -10.62 & -9.28 & -12.75 & -8.38 & -14.19 & -12.84 \\
c2          & -9.09 & -6.63 & -10.46 & -9.07 & -12.51 & -8.70 & -14.09 & -13.32 \\
c3          & -8.88 & -7.08 & -10.87 & -9.38 & -12.09 & -8.10 & -14.12 & -13.49 \\
c4          & -9.13 & -7.06 & -10.90 & -9.32 & -12.42 & -8.60 & -14.21 & -13.49 \\
c5          & -9.09 & -6.72 & -10.68 & -9.22 & -13.50 & -8.19 & -14.20 & -14.18 \\
c6          & -8.88 & -6.68 & -11.11 & -9.04 & -12.60 & -8.58 & -14.08 & -13.06 \\
c7          & -9.09 & -6.98 & -10.93 & -9.37 & -12.71 & -8.67 & -14.32 & -13.29 \\
\bottomrule
\end{tabular}

                                0            1  ...            6            7
new_cluster  [-2.56, new_cluster]  [-0.17, c1]  ...  [-7.77, c6]  [-6.67, c7]
c1           [-2.56, new_cluster]  [-0.09, c1]  ...  [-7.71, c6]  [-6.41, c7]
c2           [-2.56, new_cluster]  [-0.03, c1]  ...  [-7.75, c6]  [-6.88, c7]
c3           [-2.56, new_cluster]  [-0.38, c1]  ...  [-7.65, c6]  [-7.06, c7]
c4           [-2.56, new_cluster]   [-0.4, c1]  ...  [-7.87, c6]  [-6.84, c7]
c5           [-2.56, new_cluster]   [-0.1, c1]  ...  [-7.71, c6]  [-7.48, c7]
c6           [-2.56, new_cluster]   [-0.1, c1]  ...  [-7.61, c6]  [-6.63, c7]
c7           [-2.56, new_cluster]  [-0.29, c1]  ...  [-7.77, c6]  [-6.58, c7]

[8 rows x 8 columns]
\begin{tabular}{lllllllll}
\toprule
{} &                     0 &            1 &            2 &            3 &            4 &            5 &            6 &            7 \\
\midrule
new\_cluster &  [-2.56, new\_cluster] &  [-0.17, c1] &   [-3.9, c2] &  [-2.33, c3] &  [-5.69, c4] &  [-2.19, c5] &  [-7.77, c6] &  [-6.67, c7] \\
c1          &  [-2.56, new\_cluster] &  [-0.09, c1] &  [-4.19, c2] &  [-2.44, c3] &  [-5.89, c4] &  [-1.93, c5] &  [-7.71, c6] &  [-6.41, c7] \\
c2          &  [-2.56, new\_cluster] &  [-0.03, c1] &  [-4.03, c2] &  [-2.35, c3] &  [-5.59, c4] &  [-2.37, c5] &  [-7.75, c6] &  [-6.88, c7] \\
c3          &  [-2.56, new\_cluster] &  [-0.38, c1] &  [-4.49, c2] &  [-2.51, c3] &  [-5.17, c4] &  [-1.64, c5] &  [-7.65, c6] &  [-7.06, c7] \\
c4          &  [-2.56, new\_cluster] &   [-0.4, c1] &  [-4.53, c2] &  [-2.58, c3] &  [-5.46, c4] &  [-2.33, c5] &  [-7.87, c6] &  [-6.84, c7] \\
c5          &  [-2.56, new\_cluster] &   [-0.1, c1] &  [-4.25, c2] &  [-2.38, c3] &  [-6.55, c4] &  [-1.94, c5] &  [-7.71, c6] &  [-7.48, c7] \\
c6          &  [-2.56, new\_cluster] &   [-0.1, c1] &  [-4.68, c2] &  [-2.56, c3] &   [-5.7, c4] &  [-2.11, c5] &  [-7.61, c6] &  [-6.63, c7] \\
c7          &  [-2.56, new\_cluster] &  [-0.29, c1] &  [-4.51, c2] &  [-2.54, c3] &  [-5.81, c4] &  [-2.22, c5] &  [-7.77, c6] &  [-6.58, c7] \\
\bottomrule
\end{tabular}

