Seed: 9
Experiment_path: AE_Model_2/Random_Seeds_DV5//V5_2/Experiment_05_9_opt_temp
Dataset_Path: ../_00_Datasets/03_SimDaten_Quiroga2020/C_Easy1_noise030.mat
Dataset_name: ['03_SimDaten_Quiroga2020', 'C_Easy1_noise030.mat']
Variant_name: Variant_05_Online_Autoencoder_QLearning_opt_temp
Visualisation_Path: AE_Model_2/Random_Seeds_DV5//V5_2/Experiment_05_9_opt_temp/C_Easy1_noise030.mat/Variant_05_Online_Autoencoder_QLearning_opt_temp/2023_05_04-17_18_01
Normalisation: False
Template Matching: True
Optimising Autoencoder: True
Update Factor: 1
Noisy Batches: False
Noisy Factor: 0.001
Epochs: 8
Batch Size: 1
maximal Spikes for Autoencoder Training : 700
maximal Spikes for Training: 1000
Input Size: 47
Chosen Model: Convolutional Autoencoder
ConvolutionalAutoencoder(
  (encoder): Sequential(
    (0): Conv1d(1, 6, kernel_size=(6,), stride=(1,))
    (1): LeakyReLU(negative_slope=0.01)
    (2): Conv1d(6, 1, kernel_size=(6,), stride=(1,))
    (3): Flatten(start_dim=1, end_dim=-1)
    (4): Linear(in_features=37, out_features=2, bias=True)
  )
  (decoder): Sequential(
    (0): ConvTranspose1d(1, 6, kernel_size=(6,), stride=(1,))
    (1): LeakyReLU(negative_slope=0.01)
    (2): ConvTranspose1d(6, 1, kernel_size=(6,), stride=(1,))
    (3): Flatten(start_dim=1, end_dim=-1)
    (4): Linear(in_features=12, out_features=47, bias=True)
  )
)
MSELoss()
Adam (
Parameter Group 0
    amsgrad: False
    betas: (0.9, 0.999)
    capturable: False
    differentiable: False
    eps: 1e-08
    foreach: None
    fused: False
    lr: 0.001
    maximize: False
    weight_decay: 0
)
---Q Learning Parameters---
Normalisation: False
Punishment Coefficient: 1.5
Alpha: 0.8
Epsilon: 0.01
Gamma: 0.97
Initial Episode Number: 0
Episode Number Coefficient: 1.4
Number of Random Features: 20
Planning Number: 20
Max Random Features: 60
New Episode Number: 72
New Episode Number: 143
New Episode Number: 215
New Episode Number: 286
New Episode Number: 358
New Episode Number: 429
New Episode Number: 500
                 0      1     2      3      4      5      6      7
new_cluster -15.49 -14.62 -6.69 -19.86 -17.42 -17.41 -36.58 -11.38
c1          -15.57 -14.87 -6.91 -20.86 -18.97 -17.01 -41.78 -11.13
c2          -15.57 -13.20 -7.06 -18.94 -20.43 -19.31 -37.19 -11.29
c3          -15.50 -13.45 -6.91 -21.47 -20.08 -19.12 -41.30 -11.16
c4          -15.49 -14.84 -7.14 -15.04 -19.21 -14.59 -38.47 -13.46
c5          -15.50 -14.28 -6.94 -18.27 -20.49 -19.35 -36.34 -14.04
c6          -15.50 -13.20 -6.89 -20.61 -19.10 -15.97   0.00   0.00
c7          -15.49 -13.24 -6.98 -18.00 -20.26 -17.46   0.00   0.00
\begin{tabular}{lrrrrrrrr}
\toprule
{} &      0 &      1 &     2 &      3 &      4 &      5 &      6 &      7 \\
\midrule
new\_cluster & -15.49 & -14.62 & -6.69 & -19.86 & -17.42 & -17.41 & -36.58 & -11.38 \\
c1          & -15.57 & -14.87 & -6.91 & -20.86 & -18.97 & -17.01 & -41.78 & -11.13 \\
c2          & -15.57 & -13.20 & -7.06 & -18.94 & -20.43 & -19.31 & -37.19 & -11.29 \\
c3          & -15.50 & -13.45 & -6.91 & -21.47 & -20.08 & -19.12 & -41.30 & -11.16 \\
c4          & -15.49 & -14.84 & -7.14 & -15.04 & -19.21 & -14.59 & -38.47 & -13.46 \\
c5          & -15.50 & -14.28 & -6.94 & -18.27 & -20.49 & -19.35 & -36.34 & -14.04 \\
c6          & -15.50 & -13.20 & -6.89 & -20.61 & -19.10 & -15.97 &   0.00 &   0.00 \\
c7          & -15.49 & -13.24 & -6.98 & -18.00 & -20.26 & -17.46 &   0.00 &   0.00 \\
\bottomrule
\end{tabular}

                               0            1  ...             6             7
new_cluster  [-9.0, new_cluster]  [-7.93, c1]  ...  [-36.58, c6]  [-11.38, c7]
c1           [-9.0, new_cluster]  [-8.17, c1]  ...  [-41.78, c6]  [-11.13, c7]
c2           [-9.0, new_cluster]  [-6.49, c1]  ...  [-37.19, c6]  [-11.29, c7]
c3           [-9.0, new_cluster]  [-6.76, c1]  ...   [-41.3, c6]  [-11.16, c7]
c4           [-9.0, new_cluster]  [-8.02, c1]  ...  [-38.47, c6]  [-13.46, c7]
c5           [-9.0, new_cluster]  [-7.43, c1]  ...  [-36.34, c6]  [-14.04, c7]
c6           [-9.0, new_cluster]   [-6.5, c1]  ...         [0, ]         [0, ]
c7           [-9.0, new_cluster]  [-6.54, c1]  ...         [0, ]         [0, ]

[8 rows x 8 columns]
\begin{tabular}{lllllllll}
\toprule
{} &                    0 &            1 &            2 &             3 &             4 &             5 &             6 &             7 \\
\midrule
new\_cluster &  [-9.0, new\_cluster] &  [-7.93, c1] &  [-0.03, c2] &  [-13.18, c3] &  [-10.48, c4] &  [-10.74, c5] &  [-36.58, c6] &  [-11.38, c7] \\
c1          &  [-9.0, new\_cluster] &  [-8.17, c1] &  [-0.21, c2] &  [-14.18, c3] &  [-12.04, c4] &  [-10.19, c5] &  [-41.78, c6] &  [-11.13, c7] \\
c2          &  [-9.0, new\_cluster] &  [-6.49, c1] &  [-0.26, c2] &  [-11.91, c3] &   [-13.5, c4] &  [-12.64, c5] &  [-37.19, c6] &  [-11.29, c7] \\
c3          &  [-9.0, new\_cluster] &  [-6.76, c1] &  [-0.13, c2] &  [-14.45, c3] &  [-13.15, c4] &  [-12.28, c5] &   [-41.3, c6] &  [-11.16, c7] \\
c4          &  [-9.0, new\_cluster] &  [-8.02, c1] &  [-0.43, c2] &   [-8.36, c3] &  [-12.28, c4] &   [-7.87, c5] &  [-38.47, c6] &  [-13.46, c7] \\
c5          &  [-9.0, new\_cluster] &  [-7.43, c1] &  [-0.16, c2] &   [-11.6, c3] &  [-13.55, c4] &  [-12.64, c5] &  [-36.34, c6] &  [-14.04, c7] \\
c6          &  [-9.0, new\_cluster] &   [-6.5, c1] &  [-0.06, c2] &  [-13.62, c3] &  [-12.13, c4] &    [-9.3, c5] &         [0, ] &         [0, ] \\
c7          &  [-9.0, new\_cluster] &  [-6.54, c1] &  [-0.14, c2] &   [-11.3, c3] &  [-13.33, c4] &  [-10.74, c5] &         [0, ] &         [0, ] \\
\bottomrule
\end{tabular}

