Experiment_path: AE_Model_2/Epochs_2_4_6_8_20/04_Experiment_05_Epochs
Dataset_Path: ../_00_Datasets/03_SimDaten_Quiroga2020/C_Easy1_noise040.mat
Dataset_name: ['03_SimDaten_Quiroga2020', 'C_Easy1_noise040.mat']
Variant_name: Variant_05_Epochs_4
Visualisation_Path: AE_Model_2/Epochs_2_4_6_8_20/04_Experiment_05_Epochs/C_Easy1_noise040.mat/V05_Online_AE_QL/2023_05_11-01_18_37
Punishment_Coefficient: 1.5
<_01_LoadDataset.ExternCode.spike_class.spike_dataclass object at 0x000001F41720C550>
Sampling rate: 24000.0
Raw: [ 0.09290294  0.20189621  0.33053674 ... -0.20677271 -0.1502611
 -0.11999569]
Times: [    239     439     824 ... 1439203 1439286 1439464]
Cluster: [1 3 1 ... 3 1 2]
Number of different clusters:  3
Number of Spikes: 3386
First aligned Spike Frame: [ 0.35272875  0.22782651  0.09804678  0.0330907   0.01763465 -0.00716808
 -0.07676483 -0.17393839 -0.25156268 -0.27611297 -0.26424986 -0.2572748
 -0.14070033  0.3091543   0.84618672  0.8657919   0.33633627 -0.19287563
 -0.36620283 -0.28464978 -0.16625656 -0.0936908  -0.03935964  0.02291416
  0.0699242   0.05739865 -0.02453232 -0.1465012  -0.24130255 -0.27021376
 -0.25598501 -0.22429694 -0.17333633 -0.09081612  0.03499496  0.1799287
  0.31672358  0.42401557  0.47266498  0.4416574   0.34587776  0.22594898
  0.10664098 -0.02537482 -0.17575272 -0.29850509 -0.34589514]
Cluster 0, Occurrences: 1079
Cluster 1, Occurrences: 1158
Cluster 2, Occurrences: 1149
Number of Clusters: 3
Online_Training [1/700]: mean_loss=0.11141625791788101
Online_Training [2/700]: mean_loss=0.23407532647252083
Online_Training [3/700]: mean_loss=0.2282969355583191
Online_Training [4/700]: mean_loss=0.23740825429558754
Online_Training [5/700]: mean_loss=0.1571895107626915
Online_Training [6/700]: mean_loss=0.809584841132164
Online_Training [7/700]: mean_loss=0.29525572061538696
Online_Training [8/700]: mean_loss=0.10760720260441303
Online_Training [9/700]: mean_loss=0.3897564113140106
Online_Training [10/700]: mean_loss=0.31449608504772186
Online_Training [11/700]: mean_loss=0.31690797209739685
Online_Training [12/700]: mean_loss=0.23753349483013153
Online_Training [13/700]: mean_loss=0.25501180440187454
Online_Training [14/700]: mean_loss=0.44516412913799286
Online_Training [15/700]: mean_loss=0.6532636731863022
Online_Training [16/700]: mean_loss=0.35273998975753784
Online_Training [17/700]: mean_loss=0.24506691470742226
Online_Training [18/700]: mean_loss=0.2317577227950096
Online_Training [19/700]: mean_loss=0.16255395486950874
Online_Training [20/700]: mean_loss=0.845582902431488
Online_Training [21/700]: mean_loss=0.22406398877501488
Online_Training [22/700]: mean_loss=0.21923347935080528
Online_Training [23/700]: mean_loss=0.1649307906627655
Online_Training [24/700]: mean_loss=0.41669469326734543
Online_Training [25/700]: mean_loss=0.390669085085392
Online_Training [26/700]: mean_loss=0.1779993325471878
Online_Training [27/700]: mean_loss=0.28291696310043335
Online_Training [28/700]: mean_loss=0.34815286099910736
Online_Training [29/700]: mean_loss=0.4579666629433632
Online_Training [30/700]: mean_loss=0.17411502450704575
Online_Training [31/700]: mean_loss=0.10382679291069508
Online_Training [32/700]: mean_loss=0.17460951581597328
Online_Training [33/700]: mean_loss=0.1827843002974987
Online_Training [34/700]: mean_loss=0.0656779371201992
Online_Training [35/700]: mean_loss=0.2117324322462082
Online_Training [36/700]: mean_loss=0.20153814181685448
Online_Training [37/700]: mean_loss=0.19824327155947685
Online_Training [38/700]: mean_loss=0.12264245189726353
Online_Training [39/700]: mean_loss=0.15129583328962326
Online_Training [40/700]: mean_loss=0.2735157608985901
Online_Training [41/700]: mean_loss=0.12035676464438438
Online_Training [42/700]: mean_loss=0.5086237639188766
Online_Training [43/700]: mean_loss=0.13349481113255024
Online_Training [44/700]: mean_loss=0.4722348228096962
Online_Training [45/700]: mean_loss=0.21103351563215256
Online_Training [46/700]: mean_loss=0.24712571874260902
Online_Training [47/700]: mean_loss=0.3289245292544365
Online_Training [48/700]: mean_loss=0.09126938506960869
Online_Training [49/700]: mean_loss=0.12183008715510368
Online_Training [50/700]: mean_loss=0.11876211874186993
Online_Training [51/700]: mean_loss=0.24180194735527039
Online_Training [52/700]: mean_loss=0.22375938668847084
Online_Training [53/700]: mean_loss=0.08323639072477818
Online_Training [54/700]: mean_loss=0.12989487871527672
Online_Training [55/700]: mean_loss=0.08590405248105526
Online_Training [56/700]: mean_loss=0.07119879685342312
Online_Training [57/700]: mean_loss=0.18575873598456383
Online_Training [58/700]: mean_loss=0.302767813205719
Online_Training [59/700]: mean_loss=0.1149861216545105
Online_Training [60/700]: mean_loss=0.14618964865803719
Online_Training [61/700]: mean_loss=0.2238483652472496
Online_Training [62/700]: mean_loss=0.19771775975823402
Online_Training [63/700]: mean_loss=0.3541890010237694
Online_Training [64/700]: mean_loss=0.14232244342565536
Online_Training [65/700]: mean_loss=0.09082781337201595
Online_Training [66/700]: mean_loss=0.2925240099430084
Online_Training [67/700]: mean_loss=0.1501140557229519
Online_Training [68/700]: mean_loss=0.04983382672071457
Online_Training [69/700]: mean_loss=0.053205763921141624
Online_Training [70/700]: mean_loss=0.21179500967264175
Online_Training [71/700]: mean_loss=0.18349169939756393
Online_Training [72/700]: mean_loss=0.10014074668288231
Online_Training [73/700]: mean_loss=0.3175623044371605
Online_Training [74/700]: mean_loss=0.0717229638248682
Online_Training [75/700]: mean_loss=0.06266938149929047
Online_Training [76/700]: mean_loss=0.0700817983597517
Online_Training [77/700]: mean_loss=0.17956475168466568
Online_Training [78/700]: mean_loss=0.12853532657027245
Online_Training [79/700]: mean_loss=0.180086899548769
Online_Training [80/700]: mean_loss=0.08582279458642006
Online_Training [81/700]: mean_loss=0.09136034362018108
Online_Training [82/700]: mean_loss=0.03777026943862438
Online_Training [83/700]: mean_loss=0.41272053867578506
Online_Training [84/700]: mean_loss=0.10502739250659943
Online_Training [85/700]: mean_loss=0.17040010914206505
Online_Training [86/700]: mean_loss=0.2613128051161766
Online_Training [87/700]: mean_loss=0.1920568309724331
Online_Training [88/700]: mean_loss=0.17452969402074814
Online_Training [89/700]: mean_loss=0.044719588942825794
Online_Training [90/700]: mean_loss=0.16722571849822998
Online_Training [91/700]: mean_loss=0.4476458355784416
Online_Training [92/700]: mean_loss=0.07312818430364132
Online_Training [93/700]: mean_loss=0.12440579757094383
Online_Training [94/700]: mean_loss=0.18601499870419502
Online_Training [95/700]: mean_loss=0.19161619991064072
Online_Training [96/700]: mean_loss=0.07003518752753735
Online_Training [97/700]: mean_loss=0.04950619209557772
Online_Training [98/700]: mean_loss=0.06575912609696388
Online_Training [99/700]: mean_loss=0.09165344573557377
Online_Training [100/700]: mean_loss=0.23693524673581123
Online_Training [101/700]: mean_loss=0.1673377826809883
Online_Training [102/700]: mean_loss=0.19742536172270775
Online_Training [103/700]: mean_loss=0.24541616439819336
Online_Training [104/700]: mean_loss=0.21765770390629768
Online_Training [105/700]: mean_loss=0.12267379648983479
Online_Training [106/700]: mean_loss=0.11429241672158241
Online_Training [107/700]: mean_loss=0.20130299031734467
Online_Training [108/700]: mean_loss=0.12866198644042015
Online_Training [109/700]: mean_loss=0.08897112868726254
Online_Training [110/700]: mean_loss=0.3625754415988922
Online_Training [111/700]: mean_loss=0.04345370549708605
Online_Training [112/700]: mean_loss=0.13692914322018623
Online_Training [113/700]: mean_loss=0.03556711971759796
Online_Training [114/700]: mean_loss=0.11691007576882839
Online_Training [115/700]: mean_loss=0.11004440672695637
Online_Training [116/700]: mean_loss=0.14267316088080406
Online_Training [117/700]: mean_loss=0.130631010979414
Online_Training [118/700]: mean_loss=0.16246798262000084
Online_Training [119/700]: mean_loss=0.1590329222381115
Online_Training [120/700]: mean_loss=0.08199107274413109
Online_Training [121/700]: mean_loss=0.046630644239485264
Online_Training [122/700]: mean_loss=0.1616021804511547
Online_Training [123/700]: mean_loss=0.07592766359448433
Online_Training [124/700]: mean_loss=0.06871376372873783
Online_Training [125/700]: mean_loss=0.07269606180489063
Online_Training [126/700]: mean_loss=0.20540808513760567
Online_Training [127/700]: mean_loss=0.14773961156606674
Online_Training [128/700]: mean_loss=0.2234671413898468
Online_Training [129/700]: mean_loss=0.09486179053783417
Online_Training [130/700]: mean_loss=0.4131889343261719
Online_Training [131/700]: mean_loss=0.13158833980560303
Online_Training [132/700]: mean_loss=0.13555580750107765
Online_Training [133/700]: mean_loss=0.07058853469789028
Online_Training [134/700]: mean_loss=0.2527623698115349
Online_Training [135/700]: mean_loss=0.1625448316335678
Online_Training [136/700]: mean_loss=0.12359138205647469
Online_Training [137/700]: mean_loss=0.14581380411982536
Online_Training [138/700]: mean_loss=0.08418853208422661
Online_Training [139/700]: mean_loss=0.21634182333946228
Online_Training [140/700]: mean_loss=0.10894878022372723
Online_Training [141/700]: mean_loss=0.11080760508775711
Online_Training [142/700]: mean_loss=0.031056264881044626
Online_Training [143/700]: mean_loss=0.25218936055898666
Online_Training [144/700]: mean_loss=0.06445417180657387
Online_Training [145/700]: mean_loss=0.19730090722441673
Online_Training [146/700]: mean_loss=0.0455296840518713
Online_Training [147/700]: mean_loss=0.3384868949651718
Online_Training [148/700]: mean_loss=0.15303772687911987
Online_Training [149/700]: mean_loss=0.3697822317481041
Online_Training [150/700]: mean_loss=0.17005055770277977
Online_Training [151/700]: mean_loss=0.3497854322195053
Online_Training [152/700]: mean_loss=0.22902562841773033
Online_Training [153/700]: mean_loss=0.22721679508686066
Online_Training [154/700]: mean_loss=0.4439992904663086
Online_Training [155/700]: mean_loss=0.3654627576470375
Online_Training [156/700]: mean_loss=0.04803268611431122
Online_Training [157/700]: mean_loss=0.16583936288952827
Online_Training [158/700]: mean_loss=0.06275530997663736
Online_Training [159/700]: mean_loss=0.06342362239956856
Online_Training [160/700]: mean_loss=0.15422391891479492
Online_Training [161/700]: mean_loss=0.21136989817023277
Online_Training [162/700]: mean_loss=0.0861190240830183
Online_Training [163/700]: mean_loss=0.28585998713970184
Online_Training [164/700]: mean_loss=0.15791995078325272
Online_Training [165/700]: mean_loss=0.41660454869270325
Online_Training [166/700]: mean_loss=0.0884670726954937
Online_Training [167/700]: mean_loss=0.1302286684513092
Online_Training [168/700]: mean_loss=0.09242691658437252
Online_Training [169/700]: mean_loss=0.31949709355831146
Online_Training [170/700]: mean_loss=0.26943881809711456
Online_Training [171/700]: mean_loss=0.42499711364507675
Online_Training [172/700]: mean_loss=0.2293930947780609
Online_Training [173/700]: mean_loss=0.13891905173659325
Online_Training [174/700]: mean_loss=0.07800396345555782
Online_Training [175/700]: mean_loss=0.16695121675729752
Online_Training [176/700]: mean_loss=0.1846209056675434
Online_Training [177/700]: mean_loss=0.20410282164812088
Online_Training [178/700]: mean_loss=0.1114326510578394
Online_Training [179/700]: mean_loss=0.21200775355100632
Online_Training [180/700]: mean_loss=0.08630811795592308
Online_Training [181/700]: mean_loss=0.1411156766116619
Online_Training [182/700]: mean_loss=0.1159528847783804
Online_Training [183/700]: mean_loss=0.16351712122559547
Online_Training [184/700]: mean_loss=0.2957042157649994
Online_Training [185/700]: mean_loss=0.2436801753938198
Online_Training [186/700]: mean_loss=0.17430851608514786
Online_Training [187/700]: mean_loss=0.07353557273745537
Online_Training [188/700]: mean_loss=0.19026761874556541
Online_Training [189/700]: mean_loss=0.2951536029577255
Online_Training [190/700]: mean_loss=0.34840041399002075
Online_Training [191/700]: mean_loss=0.09184119291603565
Online_Training [192/700]: mean_loss=0.12881536968052387
Online_Training [193/700]: mean_loss=0.16027342528104782
Online_Training [194/700]: mean_loss=0.23549466952681541
Online_Training [195/700]: mean_loss=0.09584750235080719
Online_Training [196/700]: mean_loss=0.10986928083002567
Online_Training [197/700]: mean_loss=0.33477143198251724
Online_Training [198/700]: mean_loss=0.08893762156367302
Online_Training [199/700]: mean_loss=0.1967882290482521
Online_Training [200/700]: mean_loss=0.2877344563603401
Online_Training [201/700]: mean_loss=0.14606516808271408
Online_Training [202/700]: mean_loss=0.09445619955658913
Online_Training [203/700]: mean_loss=0.17997947707772255
Online_Training [204/700]: mean_loss=0.17187798023223877
Online_Training [205/700]: mean_loss=0.3114936798810959
Online_Training [206/700]: mean_loss=0.06679611280560493
Online_Training [207/700]: mean_loss=0.1905704215168953
Online_Training [208/700]: mean_loss=0.11005700007081032
Online_Training [209/700]: mean_loss=0.6430144160985947
Online_Training [210/700]: mean_loss=0.3778004050254822
Online_Training [211/700]: mean_loss=0.14744270220398903
Online_Training [212/700]: mean_loss=0.26902222633361816
Online_Training [213/700]: mean_loss=0.039865998551249504
Online_Training [214/700]: mean_loss=0.16108302399516106
Online_Training [215/700]: mean_loss=0.08081316389143467
Online_Training [216/700]: mean_loss=0.2781662791967392
Online_Training [217/700]: mean_loss=0.0926961600780487
Online_Training [218/700]: mean_loss=0.10356077738106251
Online_Training [219/700]: mean_loss=0.1991439200937748
Online_Training [220/700]: mean_loss=0.18569538369774818
Online_Training [221/700]: mean_loss=0.08348918706178665
Online_Training [222/700]: mean_loss=0.21923141553997993
Online_Training [223/700]: mean_loss=0.09741021506488323
Online_Training [224/700]: mean_loss=0.2547006905078888
Online_Training [225/700]: mean_loss=0.19585761800408363
Online_Training [226/700]: mean_loss=0.08819080330431461
Online_Training [227/700]: mean_loss=0.20421703904867172
Online_Training [228/700]: mean_loss=0.3382043018937111
Online_Training [229/700]: mean_loss=0.18691111728549004
Online_Training [230/700]: mean_loss=0.3457063362002373
Online_Training [231/700]: mean_loss=0.24295566231012344
Online_Training [232/700]: mean_loss=0.8514343500137329
Online_Training [233/700]: mean_loss=0.19835249707102776
Online_Training [234/700]: mean_loss=0.20624079927802086
Online_Training [235/700]: mean_loss=0.1514033079147339
Online_Training [236/700]: mean_loss=0.09846905246376991
Online_Training [237/700]: mean_loss=0.3001726493239403
Online_Training [238/700]: mean_loss=0.2214912585914135
Online_Training [239/700]: mean_loss=0.2282210774719715
Online_Training [240/700]: mean_loss=0.14513421803712845
Online_Training [241/700]: mean_loss=0.1359877586364746
Online_Training [242/700]: mean_loss=0.0892379842698574
Online_Training [243/700]: mean_loss=0.21444780752062798
Online_Training [244/700]: mean_loss=0.2140815705060959
Online_Training [245/700]: mean_loss=0.1407446227967739
Online_Training [246/700]: mean_loss=0.15121709927916527
Online_Training [247/700]: mean_loss=0.166812926530838
Online_Training [248/700]: mean_loss=0.1176182460039854
Online_Training [249/700]: mean_loss=0.2254173830151558
Online_Training [250/700]: mean_loss=0.22870570421218872
Online_Training [251/700]: mean_loss=0.12295003794133663
Online_Training [252/700]: mean_loss=0.07439330592751503
Online_Training [253/700]: mean_loss=0.09905165061354637
Online_Training [254/700]: mean_loss=0.22746433690190315
Online_Training [255/700]: mean_loss=0.4632303938269615
Online_Training [256/700]: mean_loss=0.395736888051033
Online_Training [257/700]: mean_loss=0.11952066421508789
Online_Training [258/700]: mean_loss=0.565770834684372
Online_Training [259/700]: mean_loss=0.23483756184577942
Online_Training [260/700]: mean_loss=0.13674121722579002
Online_Training [261/700]: mean_loss=0.21471748873591423
Online_Training [262/700]: mean_loss=0.2901485711336136
Online_Training [263/700]: mean_loss=0.13853682205080986
Online_Training [264/700]: mean_loss=0.18729202449321747
Online_Training [265/700]: mean_loss=0.16367392614483833
Online_Training [266/700]: mean_loss=0.16042854264378548
Online_Training [267/700]: mean_loss=0.10486337915062904
Online_Training [268/700]: mean_loss=0.09017031453549862
Online_Training [269/700]: mean_loss=0.08695384301245213
Online_Training [270/700]: mean_loss=0.09230677410960197
Online_Training [271/700]: mean_loss=0.09327456168830395
Online_Training [272/700]: mean_loss=0.08286771923303604
Online_Training [273/700]: mean_loss=0.12388450279831886
Online_Training [274/700]: mean_loss=0.06047891266644001
Online_Training [275/700]: mean_loss=0.14774654060602188
Online_Training [276/700]: mean_loss=0.04996636975556612
Online_Training [277/700]: mean_loss=0.07127398997545242
Online_Training [278/700]: mean_loss=0.10010197199881077
Online_Training [279/700]: mean_loss=0.0711784828454256
Online_Training [280/700]: mean_loss=0.16235065460205078
Online_Training [281/700]: mean_loss=0.15569396689534187
Online_Training [282/700]: mean_loss=0.4428793787956238
Online_Training [283/700]: mean_loss=0.12501032836735249
Online_Training [284/700]: mean_loss=0.28507431596517563
Online_Training [285/700]: mean_loss=0.07517461851239204
Online_Training [286/700]: mean_loss=0.2625047564506531
Online_Training [287/700]: mean_loss=0.1352255828678608
Online_Training [288/700]: mean_loss=0.24019920080900192
Online_Training [289/700]: mean_loss=0.23132307082414627
Online_Training [290/700]: mean_loss=0.22481684386730194
Online_Training [291/700]: mean_loss=0.15221012383699417
Online_Training [292/700]: mean_loss=0.10173992067575455
Online_Training [293/700]: mean_loss=0.3806946203112602
Online_Training [294/700]: mean_loss=0.04704371467232704
Online_Training [295/700]: mean_loss=0.1637178622186184
Online_Training [296/700]: mean_loss=0.0922844260931015
Online_Training [297/700]: mean_loss=0.14972631260752678
Online_Training [298/700]: mean_loss=0.3930288925766945
Online_Training [299/700]: mean_loss=0.24214429035782814
Online_Training [300/700]: mean_loss=0.1543695107102394
Online_Training [301/700]: mean_loss=0.1756688840687275
Online_Training [302/700]: mean_loss=0.24316807091236115
Online_Training [303/700]: mean_loss=0.2284885123372078
Online_Training [304/700]: mean_loss=0.08211052790284157
Online_Training [305/700]: mean_loss=0.10078338533639908
Online_Training [306/700]: mean_loss=0.06498613953590393
Online_Training [307/700]: mean_loss=0.16533180326223373
Online_Training [308/700]: mean_loss=0.09627221152186394
Online_Training [309/700]: mean_loss=0.10082356818020344
Online_Training [310/700]: mean_loss=0.25126711279153824
Online_Training [311/700]: mean_loss=0.19285374134778976
Online_Training [312/700]: mean_loss=0.2671622037887573
Online_Training [313/700]: mean_loss=0.04456218425184488
Online_Training [314/700]: mean_loss=0.17954041063785553
Online_Training [315/700]: mean_loss=0.1227667685598135
Online_Training [316/700]: mean_loss=0.19879572838544846
Online_Training [317/700]: mean_loss=0.18628348410129547
Online_Training [318/700]: mean_loss=0.3567117378115654
Online_Training [319/700]: mean_loss=0.17008134350180626
Online_Training [320/700]: mean_loss=0.21598997339606285
Online_Training [321/700]: mean_loss=0.04558025952428579
Online_Training [322/700]: mean_loss=0.12460006959736347
Online_Training [323/700]: mean_loss=0.11258240416646004
Online_Training [324/700]: mean_loss=0.04428708180785179
Online_Training [325/700]: mean_loss=0.06783086806535721
Online_Training [326/700]: mean_loss=0.12494822032749653
Online_Training [327/700]: mean_loss=0.15979915112257004
Online_Training [328/700]: mean_loss=0.07908878475427628
Online_Training [329/700]: mean_loss=0.06705647334456444
Online_Training [330/700]: mean_loss=0.09394441731274128
Online_Training [331/700]: mean_loss=0.2273343913257122
Online_Training [332/700]: mean_loss=0.1046824436634779
Online_Training [333/700]: mean_loss=0.10180317237973213
Online_Training [334/700]: mean_loss=0.04896073415875435
Online_Training [335/700]: mean_loss=0.22029143199324608
Online_Training [336/700]: mean_loss=0.11762392893433571
Online_Training [337/700]: mean_loss=0.15532001480460167
Online_Training [338/700]: mean_loss=0.46831202507019043
Online_Training [339/700]: mean_loss=0.05238739959895611
Online_Training [340/700]: mean_loss=0.12650513090193272
Online_Training [341/700]: mean_loss=0.07486360892653465
Online_Training [342/700]: mean_loss=0.03330692369490862
Online_Training [343/700]: mean_loss=0.06678658537566662
Online_Training [344/700]: mean_loss=0.05858186539262533
Online_Training [345/700]: mean_loss=0.16076616942882538
Online_Training [346/700]: mean_loss=0.27924565970897675
Online_Training [347/700]: mean_loss=0.43970606476068497
Online_Training [348/700]: mean_loss=0.0534651642665267
Online_Training [349/700]: mean_loss=0.2329174540936947
Online_Training [350/700]: mean_loss=0.21918197721242905
Online_Training [351/700]: mean_loss=0.11441326886415482
Online_Training [352/700]: mean_loss=0.10764103941619396
Online_Training [353/700]: mean_loss=0.11104697547852993
Online_Training [354/700]: mean_loss=0.04174571018666029
Online_Training [355/700]: mean_loss=0.023451528511941433
Online_Training [356/700]: mean_loss=0.13516420498490334
Online_Training [357/700]: mean_loss=0.20303840562701225
Online_Training [358/700]: mean_loss=0.13833460211753845
Online_Training [359/700]: mean_loss=0.05733075737953186
Online_Training [360/700]: mean_loss=0.15261639654636383
Online_Training [361/700]: mean_loss=0.06270051002502441
Online_Training [362/700]: mean_loss=0.19751713424921036
Online_Training [363/700]: mean_loss=0.16085004433989525
Online_Training [364/700]: mean_loss=0.13692865520715714
Online_Training [365/700]: mean_loss=0.20191891491413116
Online_Training [366/700]: mean_loss=0.032406898215413094
Online_Training [367/700]: mean_loss=0.17477209120988846
Online_Training [368/700]: mean_loss=0.07549037411808968
Online_Training [369/700]: mean_loss=0.3637121394276619
Online_Training [370/700]: mean_loss=0.16866841912269592
Online_Training [371/700]: mean_loss=0.17566369473934174
Online_Training [372/700]: mean_loss=0.4780401587486267
Online_Training [373/700]: mean_loss=0.19330457970499992
Online_Training [374/700]: mean_loss=0.1964208111166954
Online_Training [375/700]: mean_loss=0.053781877271831036
Online_Training [376/700]: mean_loss=0.15579185262322426
Online_Training [377/700]: mean_loss=0.08917346224188805
Online_Training [378/700]: mean_loss=0.0658949427306652
Online_Training [379/700]: mean_loss=0.09084173664450645
Online_Training [380/700]: mean_loss=0.1882227435708046
Online_Training [381/700]: mean_loss=0.1173374205827713
Online_Training [382/700]: mean_loss=0.05213315412402153
Online_Training [383/700]: mean_loss=0.046884567476809025
Online_Training [384/700]: mean_loss=0.040673619136214256
Online_Training [385/700]: mean_loss=0.29012907296419144
Online_Training [386/700]: mean_loss=0.2160954363644123
Online_Training [387/700]: mean_loss=0.2170858010649681
Online_Training [388/700]: mean_loss=0.05345418583601713
Online_Training [389/700]: mean_loss=0.1723749041557312
Online_Training [390/700]: mean_loss=0.30139320343732834
Online_Training [391/700]: mean_loss=0.1467488557100296
Online_Training [392/700]: mean_loss=0.05854224879294634
Online_Training [393/700]: mean_loss=0.30517881363630295
Online_Training [394/700]: mean_loss=0.08894268423318863
Online_Training [395/700]: mean_loss=0.022890225052833557
Online_Training [396/700]: mean_loss=0.11423633061349392
Online_Training [397/700]: mean_loss=0.16457468271255493
Online_Training [398/700]: mean_loss=0.22039304673671722
Online_Training [399/700]: mean_loss=0.06616094335913658
Online_Training [400/700]: mean_loss=0.24665213003754616
Online_Training [401/700]: mean_loss=0.27022450417280197
Online_Training [402/700]: mean_loss=0.20328209921717644
Online_Training [403/700]: mean_loss=0.14150339365005493
Online_Training [404/700]: mean_loss=0.2632235810160637
Online_Training [405/700]: mean_loss=0.11123261414468288
Online_Training [406/700]: mean_loss=0.16096581146121025
Online_Training [407/700]: mean_loss=0.7042445540428162
Online_Training [408/700]: mean_loss=0.2201022207736969
Online_Training [409/700]: mean_loss=0.20335238799452782
Online_Training [410/700]: mean_loss=0.3558126911520958
Online_Training [411/700]: mean_loss=0.05576784722507
Online_Training [412/700]: mean_loss=0.05889448523521423
Online_Training [413/700]: mean_loss=0.01891240943223238
Online_Training [414/700]: mean_loss=0.05941374320536852
Online_Training [415/700]: mean_loss=0.1670447587966919
Online_Training [416/700]: mean_loss=0.11879711784422398
Online_Training [417/700]: mean_loss=0.2032751329243183
Online_Training [418/700]: mean_loss=0.7420266419649124
Online_Training [419/700]: mean_loss=0.5740950703620911
Online_Training [420/700]: mean_loss=0.21781259030103683
Online_Training [421/700]: mean_loss=0.2532152384519577
Online_Training [422/700]: mean_loss=0.20193977281451225
Online_Training [423/700]: mean_loss=0.04357082862406969
Online_Training [424/700]: mean_loss=0.2072695791721344
Online_Training [425/700]: mean_loss=0.08410659991204739
Online_Training [426/700]: mean_loss=0.06554894521832466
Online_Training [427/700]: mean_loss=0.20863502845168114
Online_Training [428/700]: mean_loss=0.21803923323750496
Online_Training [429/700]: mean_loss=0.0762056615203619
Online_Training [430/700]: mean_loss=0.09066449292004108
Online_Training [431/700]: mean_loss=0.081635732203722
Online_Training [432/700]: mean_loss=0.12021498195827007
Online_Training [433/700]: mean_loss=0.11520814709365368
Online_Training [434/700]: mean_loss=0.09142697416245937
Online_Training [435/700]: mean_loss=0.0790643896907568
Online_Training [436/700]: mean_loss=0.16571013256907463
Online_Training [437/700]: mean_loss=0.13292709738016129
Online_Training [438/700]: mean_loss=0.10992162860929966
Online_Training [439/700]: mean_loss=0.07833604142069817
Online_Training [440/700]: mean_loss=0.17366574332118034
Online_Training [441/700]: mean_loss=0.15659648180007935
Online_Training [442/700]: mean_loss=0.02450492838397622
Online_Training [443/700]: mean_loss=0.11607916466891766
Online_Training [444/700]: mean_loss=0.29707734286785126
Online_Training [445/700]: mean_loss=0.22766698896884918
Online_Training [446/700]: mean_loss=0.10946557857096195
Online_Training [447/700]: mean_loss=0.1497410200536251
Online_Training [448/700]: mean_loss=0.19956523552536964
Online_Training [449/700]: mean_loss=0.19771844521164894
Online_Training [450/700]: mean_loss=0.22085099294781685
Online_Training [451/700]: mean_loss=0.05990179721266031
Online_Training [452/700]: mean_loss=0.10887938551604748
Online_Training [453/700]: mean_loss=0.18996189162135124
Online_Training [454/700]: mean_loss=0.2141719087958336
Online_Training [455/700]: mean_loss=0.14510582014918327
Online_Training [456/700]: mean_loss=0.21318822354078293
Online_Training [457/700]: mean_loss=0.05554184038192034
Online_Training [458/700]: mean_loss=0.15175776183605194
Online_Training [459/700]: mean_loss=0.12437566556036472
Online_Training [460/700]: mean_loss=0.0555699123069644
Online_Training [461/700]: mean_loss=0.06897018011659384
Online_Training [462/700]: mean_loss=0.031116982456296682
Online_Training [463/700]: mean_loss=0.05916111450642347
Online_Training [464/700]: mean_loss=0.026974890381097794
Online_Training [465/700]: mean_loss=0.11520683951675892
Online_Training [466/700]: mean_loss=0.08104632049798965
Online_Training [467/700]: mean_loss=0.02323954924941063
Online_Training [468/700]: mean_loss=0.06783458963036537
Online_Training [469/700]: mean_loss=0.10461556725203991
Online_Training [470/700]: mean_loss=0.12470316514372826
Online_Training [471/700]: mean_loss=0.13500968739390373
Online_Training [472/700]: mean_loss=0.06999554112553596
Online_Training [473/700]: mean_loss=0.3235311582684517
Online_Training [474/700]: mean_loss=0.07935367338359356
Online_Training [475/700]: mean_loss=0.14554528892040253
Online_Training [476/700]: mean_loss=0.07598116435110569
Online_Training [477/700]: mean_loss=0.04302614834159613
Online_Training [478/700]: mean_loss=0.02990183560177684
Online_Training [479/700]: mean_loss=0.3348802998661995
Online_Training [480/700]: mean_loss=0.3883241191506386
Online_Training [481/700]: mean_loss=0.08419470302760601
Online_Training [482/700]: mean_loss=0.1345972791314125
Online_Training [483/700]: mean_loss=0.7697935700416565
Online_Training [484/700]: mean_loss=0.060953063890337944
Online_Training [485/700]: mean_loss=0.07958557829260826
Online_Training [486/700]: mean_loss=0.12503395974636078
Online_Training [487/700]: mean_loss=0.09376746416091919
Online_Training [488/700]: mean_loss=0.15629619732499123
Online_Training [489/700]: mean_loss=0.25996923446655273
Online_Training [490/700]: mean_loss=0.5179207921028137
Online_Training [491/700]: mean_loss=0.1749713160097599
Online_Training [492/700]: mean_loss=0.05683839786797762
Online_Training [493/700]: mean_loss=0.1396370604634285
Online_Training [494/700]: mean_loss=0.23008175194263458
Online_Training [495/700]: mean_loss=0.02578891022130847
Online_Training [496/700]: mean_loss=0.2481740415096283
Online_Training [497/700]: mean_loss=0.2666073366999626
Online_Training [498/700]: mean_loss=0.05747578665614128
Online_Training [499/700]: mean_loss=0.09078083746135235
Online_Training [500/700]: mean_loss=0.12659199349582195
Online_Training [501/700]: mean_loss=0.07447891682386398
Online_Training [502/700]: mean_loss=0.26013263314962387
Online_Training [503/700]: mean_loss=0.09603982232511044
Online_Training [504/700]: mean_loss=0.054612817242741585
Online_Training [505/700]: mean_loss=0.08002916723489761
Online_Training [506/700]: mean_loss=0.22509581595659256
Online_Training [507/700]: mean_loss=0.08060435205698013
Online_Training [508/700]: mean_loss=0.11227095685899258
Online_Training [509/700]: mean_loss=0.05606335122138262
Online_Training [510/700]: mean_loss=0.5911870002746582
Online_Training [511/700]: mean_loss=0.056752112694084644
Online_Training [512/700]: mean_loss=0.08782409504055977
Online_Training [513/700]: mean_loss=0.11846496723592281
Online_Training [514/700]: mean_loss=0.22955511510372162
Online_Training [515/700]: mean_loss=0.34685538709163666
Online_Training [516/700]: mean_loss=0.2156876064836979
Online_Training [517/700]: mean_loss=0.17565098777413368
Online_Training [518/700]: mean_loss=0.06741183809936047
Online_Training [519/700]: mean_loss=0.04750772751867771
Online_Training [520/700]: mean_loss=0.07279853709042072
Online_Training [521/700]: mean_loss=0.08882124163210392
Online_Training [522/700]: mean_loss=0.07856286875903606
Online_Training [523/700]: mean_loss=0.23648542538285255
Online_Training [524/700]: mean_loss=0.055863323621451855
Online_Training [525/700]: mean_loss=0.11179216019809246
Online_Training [526/700]: mean_loss=0.13888322561979294
Online_Training [527/700]: mean_loss=0.08040456101298332
Online_Training [528/700]: mean_loss=0.12848315760493279
Online_Training [529/700]: mean_loss=0.038903635926544666
Online_Training [530/700]: mean_loss=0.1948075033724308
Online_Training [531/700]: mean_loss=0.23498844355344772
Online_Training [532/700]: mean_loss=0.05081823654472828
Online_Training [533/700]: mean_loss=0.09616691805422306
Online_Training [534/700]: mean_loss=0.08466713689267635
Online_Training [535/700]: mean_loss=0.1468997336924076
Online_Training [536/700]: mean_loss=0.16021234914660454
Online_Training [537/700]: mean_loss=0.025704942177981138
Online_Training [538/700]: mean_loss=0.11260047182440758
Online_Training [539/700]: mean_loss=0.13607283309102058
Online_Training [540/700]: mean_loss=0.04790632613003254
Online_Training [541/700]: mean_loss=0.360142357647419
Online_Training [542/700]: mean_loss=0.12605248019099236
Online_Training [543/700]: mean_loss=0.17769473046064377
Online_Training [544/700]: mean_loss=0.057051004841923714
Online_Training [545/700]: mean_loss=0.11672703363001347
Online_Training [546/700]: mean_loss=0.11620818823575974
Online_Training [547/700]: mean_loss=0.2572011649608612
Online_Training [548/700]: mean_loss=0.1800127811729908
Online_Training [549/700]: mean_loss=0.2945021539926529
Online_Training [550/700]: mean_loss=0.02680610166862607
Online_Training [551/700]: mean_loss=0.1721518337726593
Online_Training [552/700]: mean_loss=0.15875708311796188
Online_Training [553/700]: mean_loss=0.10570603236556053
Online_Training [554/700]: mean_loss=0.11549738049507141
Online_Training [555/700]: mean_loss=0.10458637401461601
Online_Training [556/700]: mean_loss=0.2271319143474102
Online_Training [557/700]: mean_loss=0.04888678062707186
Online_Training [558/700]: mean_loss=0.20116358250379562
Online_Training [559/700]: mean_loss=0.17788254469633102
Online_Training [560/700]: mean_loss=0.06770627945661545
Online_Training [561/700]: mean_loss=0.041145061142742634
Online_Training [562/700]: mean_loss=0.032921845093369484
Online_Training [563/700]: mean_loss=0.15238237008452415
Online_Training [564/700]: mean_loss=0.10731157287955284
Online_Training [565/700]: mean_loss=0.09888966754078865
Online_Training [566/700]: mean_loss=0.2913123220205307
Online_Training [567/700]: mean_loss=0.09516879543662071
Online_Training [568/700]: mean_loss=0.030347601044923067
Online_Training [569/700]: mean_loss=0.197191059589386
Online_Training [570/700]: mean_loss=0.04131349083036184
Online_Training [571/700]: mean_loss=0.1141700241714716
Online_Training [572/700]: mean_loss=0.04902847670018673
Online_Training [573/700]: mean_loss=0.12487877532839775
Online_Training [574/700]: mean_loss=0.3473471626639366
Online_Training [575/700]: mean_loss=0.14745773375034332
Online_Training [576/700]: mean_loss=0.1503257043659687
Online_Training [577/700]: mean_loss=0.12485058978199959
Online_Training [578/700]: mean_loss=0.19291029125452042
Online_Training [579/700]: mean_loss=0.043118723668158054
Online_Training [580/700]: mean_loss=0.05075058899819851
Online_Training [581/700]: mean_loss=0.0860010664910078
Online_Training [582/700]: mean_loss=0.1119988914579153
Online_Training [583/700]: mean_loss=0.163770642131567
Online_Training [584/700]: mean_loss=0.07235251739621162
Online_Training [585/700]: mean_loss=0.23658665642142296
Online_Training [586/700]: mean_loss=0.34114204347133636
Online_Training [587/700]: mean_loss=0.055760081857442856
Online_Training [588/700]: mean_loss=0.18092026561498642
Online_Training [589/700]: mean_loss=0.05111175775527954
Online_Training [590/700]: mean_loss=0.13312941789627075
Online_Training [591/700]: mean_loss=0.16485785692930222
Online_Training [592/700]: mean_loss=0.06187177449464798
Online_Training [593/700]: mean_loss=0.2593459486961365
Online_Training [594/700]: mean_loss=0.1324576623737812
Online_Training [595/700]: mean_loss=0.07815603911876678
Online_Training [596/700]: mean_loss=0.08594929240643978
Online_Training [597/700]: mean_loss=0.030003321822732687
Online_Training [598/700]: mean_loss=0.03337953984737396
Online_Training [599/700]: mean_loss=0.048249248415231705
Online_Training [600/700]: mean_loss=0.19128233939409256
Online_Training [601/700]: mean_loss=0.16560282185673714
Online_Training [602/700]: mean_loss=0.13861189037561417
Online_Training [603/700]: mean_loss=0.07964319735765457
Online_Training [604/700]: mean_loss=0.1621827483177185
Online_Training [605/700]: mean_loss=0.2757222279906273
Online_Training [606/700]: mean_loss=0.30902788043022156
Online_Training [607/700]: mean_loss=0.06194786913692951
Online_Training [608/700]: mean_loss=0.16009095683693886
Online_Training [609/700]: mean_loss=0.04309281148016453
Online_Training [610/700]: mean_loss=0.1869000755250454
Online_Training [611/700]: mean_loss=0.06073300167918205
Online_Training [612/700]: mean_loss=0.06753134727478027
Online_Training [613/700]: mean_loss=0.17509234324097633
Online_Training [614/700]: mean_loss=0.11583133228123188
Online_Training [615/700]: mean_loss=0.10634016804397106
Online_Training [616/700]: mean_loss=0.05511385016143322
Online_Training [617/700]: mean_loss=0.2992904558777809
Online_Training [618/700]: mean_loss=0.3379253149032593
Online_Training [619/700]: mean_loss=0.06849238276481628
Online_Training [620/700]: mean_loss=0.12707269378006458
Online_Training [621/700]: mean_loss=0.2973647862672806
Online_Training [622/700]: mean_loss=0.11634314060211182
Online_Training [623/700]: mean_loss=0.16209125146269798
Online_Training [624/700]: mean_loss=0.056948866695165634
Online_Training [625/700]: mean_loss=0.04857464786618948
Online_Training [626/700]: mean_loss=0.07764801569283009
Online_Training [627/700]: mean_loss=0.1604803502559662
Online_Training [628/700]: mean_loss=0.06080075912177563
Online_Training [629/700]: mean_loss=0.2435864470899105
Online_Training [630/700]: mean_loss=0.28449172526597977
Online_Training [631/700]: mean_loss=0.03842059802263975
Online_Training [632/700]: mean_loss=0.03808485344052315
Online_Training [633/700]: mean_loss=0.22066178545355797
Online_Training [634/700]: mean_loss=0.048424962908029556
Online_Training [635/700]: mean_loss=0.4117646962404251
Online_Training [636/700]: mean_loss=0.12450263649225235
Online_Training [637/700]: mean_loss=0.09882264398038387
Online_Training [638/700]: mean_loss=0.08414513058960438
Online_Training [639/700]: mean_loss=0.1562846451997757
Online_Training [640/700]: mean_loss=0.05876156594604254
Online_Training [641/700]: mean_loss=0.12425137683749199
Online_Training [642/700]: mean_loss=0.0693228431046009
Online_Training [643/700]: mean_loss=0.1750141978263855
Online_Training [644/700]: mean_loss=0.05614598747342825
Online_Training [645/700]: mean_loss=0.1477208472788334
Online_Training [646/700]: mean_loss=0.09525631926953793
Online_Training [647/700]: mean_loss=0.1830269917845726
Online_Training [648/700]: mean_loss=0.06630891561508179
Online_Training [649/700]: mean_loss=0.07081087864935398
Online_Training [650/700]: mean_loss=0.16023767739534378
Online_Training [651/700]: mean_loss=0.8571195304393768
Online_Training [652/700]: mean_loss=0.17441029474139214
Online_Training [653/700]: mean_loss=0.02601689752191305
Online_Training [654/700]: mean_loss=0.07054020650684834
Online_Training [655/700]: mean_loss=0.14367177709937096
Online_Training [656/700]: mean_loss=0.2434755116701126
Online_Training [657/700]: mean_loss=0.21273273229599
Online_Training [658/700]: mean_loss=0.08409629389643669
Online_Training [659/700]: mean_loss=0.11269927211105824
Online_Training [660/700]: mean_loss=0.1705435961484909
Online_Training [661/700]: mean_loss=0.09224015474319458
Online_Training [662/700]: mean_loss=0.10218274220824242
Online_Training [663/700]: mean_loss=0.04118751175701618
Online_Training [664/700]: mean_loss=0.24220728501677513
Online_Training [665/700]: mean_loss=0.03878066502511501
Online_Training [666/700]: mean_loss=0.23161356896162033
Online_Training [667/700]: mean_loss=0.07567750662565231
Online_Training [668/700]: mean_loss=0.13453815504908562
Online_Training [669/700]: mean_loss=0.1010904535651207
Online_Training [670/700]: mean_loss=0.1168912835419178
Online_Training [671/700]: mean_loss=0.18968235328793526
Online_Training [672/700]: mean_loss=0.07964416034519672
Online_Training [673/700]: mean_loss=0.10718585178256035
Online_Training [674/700]: mean_loss=0.07272568717598915
Online_Training [675/700]: mean_loss=0.10027943924069405
Online_Training [676/700]: mean_loss=0.05815710220485926
Online_Training [677/700]: mean_loss=0.09988731518387794
Online_Training [678/700]: mean_loss=0.10256654396653175
Online_Training [679/700]: mean_loss=0.2800302952528
Online_Training [680/700]: mean_loss=0.331456795334816
Online_Training [681/700]: mean_loss=0.352626696228981
Online_Training [682/700]: mean_loss=0.10233759135007858
Online_Training [683/700]: mean_loss=0.035670400597155094
Online_Training [684/700]: mean_loss=0.06042236648499966
Online_Training [685/700]: mean_loss=0.09424243494868279
Online_Training [686/700]: mean_loss=0.14447730407118797
Online_Training [687/700]: mean_loss=0.04363204259425402
Online_Training [688/700]: mean_loss=0.06492337957024574
Online_Training [689/700]: mean_loss=0.14793650433421135
Online_Training [690/700]: mean_loss=0.25437337160110474
Online_Training [691/700]: mean_loss=0.09898847714066505
Online_Training [692/700]: mean_loss=0.06940932758152485
Online_Training [693/700]: mean_loss=0.1420004405081272
Online_Training [694/700]: mean_loss=0.07063779048621655
Online_Training [695/700]: mean_loss=0.0774995181709528
Online_Training [696/700]: mean_loss=0.07017333060503006
Online_Training [697/700]: mean_loss=0.061337798833847046
Online_Training [698/700]: mean_loss=0.11270486749708652
Online_Training [699/700]: mean_loss=0.10475070774555206
Online_Training [700/700]: mean_loss=0.12077763490378857
Number of Samples after Autoencoder testing: 300
First Spike after testing: [0.56246334 2.6290097 ]
[0, 1, 0, 0, 0, 2, 2, 1, 0, 0, 1, 0, 2, 2, 1, 1, 1, 0, 2, 0, 1, 2, 1, 0, 0, 2, 0, 2, 1, 1, 2, 1, 2, 0, 0, 0, 0, 0, 2, 1, 1, 0, 1, 2, 2, 1, 0, 2, 1, 0, 1, 2, 2, 2, 0, 1, 1, 2, 2, 0, 2, 1, 1, 2, 2, 1, 0, 1, 2, 0, 1, 1, 0, 1, 2, 1, 2, 1, 1, 2, 0, 2, 1, 0, 1, 2, 1, 2, 0, 1, 2, 2, 1, 0, 2, 1, 0, 2, 1, 2, 2, 1, 1, 0, 2, 0, 0, 0, 1, 2, 2, 2, 2, 0, 1, 0, 2, 0, 0, 0, 2, 2, 0, 1, 1, 0, 0, 1, 0, 2, 2, 1, 0, 0, 2, 0, 2, 1, 1, 2, 1, 2, 2, 0, 2, 0, 1, 1, 2, 2, 1, 2, 0, 0, 0, 0, 2, 1, 0, 2, 2, 0, 2, 0, 0, 1, 2, 2, 1, 2, 2, 1, 1, 2, 1, 1, 0, 2, 2, 2, 1, 0, 0, 0, 1, 2, 0, 0, 2, 1, 1, 1, 0, 1, 0, 1, 0, 2, 0, 0, 0, 2, 1, 2, 1, 0, 2, 0, 2, 0, 1, 0, 1, 2, 2, 2, 1, 1, 1, 1, 2, 1, 0, 1, 1, 0, 2, 0, 1, 1, 0, 0, 1, 0, 0, 1, 0, 0, 0, 1, 0, 2, 2, 0, 2, 2, 1, 1, 2, 0, 0, 1, 1, 2, 1, 1, 0, 0, 0, 0, 0, 2, 1, 0, 2, 2, 0, 1, 0, 0, 0, 1, 1, 2, 1, 0, 2, 2, 0, 2, 1, 1, 2, 1, 2, 2, 0, 0, 0, 2, 1, 1, 0, 1, 1, 0, 0, 1, 1, 2]
[0, 1, 0, 0, 0, 2, 2, 1, 0, 0, 1, 0, 2, 2, 1, 1, 1, 0, 2, 0, 1, 0, 1, 0, 0, 2, 0, 2, 1, 1, 2, 1, 2, 0, 0, 0, 0, 1, 2, 1, 2, 2, 1, 2, 2, 3, 0, 2, 1, 0, 2, 2, 2, 2, 0, 1, 1, 2, 2, 0, 4, 1, 1, 2, 2, 3, 2, 1, 2, 0, 1, 1, 0, 1, 2, 1, 2, 1, 1, 2, 2, 2, 1, 0, 1, 2, 1, 2, 0, 0, 2, 2, 1, 2, 2, 1, 0, 1, 1, 1, 2, 1, 1, 2, 4, 0, 0, 0, 1, 2, 2, 2, 4, 0, 1, 0, 2, 0, 0, 0, 2, 2, 2, 1, 1, 0, 0, 5, 0, 2, 2, 1, 0, 0, 2, 0, 4, 5, 1, 2, 1, 4, 2, 0, 2, 2, 1, 1, 2, 2, 5, 4, 2, 0, 0, 0, 2, 1, 0, 2, 2, 0, 1, 0, 0, 1, 2, 2, 1, 2, 2, 2, 5, 2, 1, 1, 0, 4, 2, 2, 3, 3, 2, 0, 1, 0, 0, 0, 2, 1, 1, 1, 0, 5, 0, 1, 2, 5, 0, 0, 0, 2, 1, 4, 3, 0, 4, 0, 2, 0, 3, 0, 5, 2, 2, 5, 1, 5, 1, 1, 5, 1, 0, 1, 3, 0, 4, 0, 1, 1, 0, 1, 1, 0, 0, 0, 0, 0, 0, 1, 0, 4, 5, 0, 4, 2, 1, 1, 2, 0, 0, 1, 1, 2, 1, 1, 0, 0, 0, 0, 2, 2, 1, 0, 2, 5, 0, 5, 2, 0, 0, 1, 1, 4, 3, 0, 2, 2, 0, 2, 3, 1, 2, 1, 4, 2, 0, 0, 0, 2, 5, 1, 0, 1, 5, 0, 2, 1, 1, 2]
Centroids: [[-0.54100406, 1.2390815], [0.7996049, -1.6120105], [2.1569118, 2.3119967]]
Centroids: [[-0.69450283, 1.1804825], [0.7394152, -1.688527], [1.7295264, 2.3870869], [-1.8167847, -2.1163018], [3.5465717, 3.0005555], [3.2348378, -0.9036527]]
Contingency Matrix: 
[[88  2 13  1  0  0]
 [ 2 77  3  8  0 10]
 [ 2  3 72  0 14  5]]
[[88, 2, 13, 1, 0, 0], [2, 77, 3, 8, 0, 10], [2, 3, 72, 0, 14, 5]]
[[88, 2, 13, 1, 0, 0], [2, 77, 3, 8, 0, 10], [2, 3, 72, 0, 14, 5]]
[0, 1, 2, 3, 4, 5]
[[-1, -1, -1, -1, -1, -1], [-1, 77, 3, 8, 0, 10], [-1, 3, 72, 0, 14, 5]]
[[-1, -1, -1, -1, -1, -1], [-1, -1, -1, -1, -1, -1], [-1, -1, 72, 0, 14, 5]]
[[-1, -1, -1, -1, -1, -1], [-1, -1, -1, -1, -1, -1], [-1, -1, -1, -1, -1, -1]]
Match_Labels: {0: 0, 1: 1, 2: 2}
New Contingency Matrix: 
[[88  2 13  1  0  0]
 [ 2 77  3  8  0 10]
 [ 2  3 72  0 14  5]]
New Clustered Label Sequence: [0, 1, 2, 3, 4, 5]
Diagonal_Elements: [88, 77, 72], Sum: 237
All_Elements: [88, 2, 13, 1, 0, 0, 2, 77, 3, 8, 0, 10, 2, 3, 72, 0, 14, 5], Sum: 300
Accuracy: 0.79
