Seed: 0
Experiment_path: AE_Model_2/Epochs_2_4_6_8_20/04_Experiment_05_Epochs
Dataset_Path: ../_00_Datasets/03_SimDaten_Quiroga2020/C_Easy1_noise040.mat
Dataset_name: ['03_SimDaten_Quiroga2020', 'C_Easy1_noise040.mat']
Variant_name: Variant_05_Epochs_4
Visualisation_Path: AE_Model_2/Epochs_2_4_6_8_20/04_Experiment_05_Epochs/C_Easy1_noise040.mat/V05_Online_AE_QL/2023_05_11-01_18_37
Normalisation: False
Template Matching: False
Optimising Autoencoder: False
Update Factor: 1
Noisy Batches: False
Noisy Factor: 0.001
Epochs: 4
Batch Size: 1
maximal Spikes for Autoencoder Training : 700
maximal Spikes for Training: 1000
Input Size: 47
Chosen Model: Convolutional Autoencoder
ConvolutionalAutoencoder(
  (encoder): Sequential(
    (0): Conv1d(1, 6, kernel_size=(6,), stride=(1,))
    (1): LeakyReLU(negative_slope=0.01)
    (2): Conv1d(6, 1, kernel_size=(6,), stride=(1,))
    (3): Flatten(start_dim=1, end_dim=-1)
    (4): Linear(in_features=37, out_features=2, bias=True)
  )
  (decoder): Sequential(
    (0): ConvTranspose1d(1, 6, kernel_size=(6,), stride=(1,))
    (1): LeakyReLU(negative_slope=0.01)
    (2): ConvTranspose1d(6, 1, kernel_size=(6,), stride=(1,))
    (3): Flatten(start_dim=1, end_dim=-1)
    (4): Linear(in_features=12, out_features=47, bias=True)
  )
)
MSELoss()
Adam (
Parameter Group 0
    amsgrad: False
    betas: (0.9, 0.999)
    capturable: False
    differentiable: False
    eps: 1e-08
    foreach: None
    fused: False
    lr: 0.001
    maximize: False
    weight_decay: 0
)
---Q Learning Parameters---
Normalisation: False
Punishment Coefficient: 1.5
Alpha: 0.8
Epsilon: 0.01
Gamma: 0.97
Initial Episode Number: 0
Episode Number Coefficient: 1.4
Number of Random Features: 20
Planning Number: 20
Max Random Features: 60
New Episode Number: 72
New Episode Number: 143
New Episode Number: 215
New Episode Number: 286
New Episode Number: 358
New Episode Number: 429
                 0      1      2      3      4      5      6
new_cluster -50.55 -49.63 -67.66 -42.84 -84.71 -45.56 -62.87
c1          -50.55 -50.94 -68.06 -42.34 -82.56 -47.24 -61.81
c2          -50.55 -51.74 -68.00 -42.58 -83.96 -45.82 -61.55
c3          -50.56 -51.14 -68.76 -42.84 -81.35 -45.79 -65.45
c4          -50.79 -52.51 -69.21 -42.20 -83.16 -44.65 -60.69
c5          -50.60 -51.36 -70.01 -42.43 -85.38 -46.42 -65.01
c6          -50.56 -52.34 -67.60 -42.01 -87.16 -44.74 -63.13
\begin{tabular}{lrrrrrrr}
\toprule
{} &      0 &      1 &      2 &      3 &      4 &      5 &      6 \\
\midrule
new\_cluster & -50.55 & -49.63 & -67.66 & -42.84 & -84.71 & -45.56 & -62.87 \\
c1          & -50.55 & -50.94 & -68.06 & -42.34 & -82.56 & -47.24 & -61.81 \\
c2          & -50.55 & -51.74 & -68.00 & -42.58 & -83.96 & -45.82 & -61.55 \\
c3          & -50.56 & -51.14 & -68.76 & -42.84 & -81.35 & -45.79 & -65.45 \\
c4          & -50.79 & -52.51 & -69.21 & -42.20 & -83.16 & -44.65 & -60.69 \\
c5          & -50.60 & -51.36 & -70.01 & -42.43 & -85.38 & -46.42 & -65.01 \\
c6          & -50.56 & -52.34 & -67.60 & -42.01 & -87.16 & -44.74 & -63.13 \\
\bottomrule
\end{tabular}

                               0             1  ...            5             6
new_cluster  [-9.0, new_cluster]   [-8.66, c1]  ...  [-4.49, c5]  [-22.23, c6]
c1           [-9.0, new_cluster]   [-9.87, c1]  ...  [-6.13, c5]  [-21.14, c6]
c2           [-9.0, new_cluster]  [-10.69, c1]  ...  [-4.76, c5]   [-20.9, c6]
c3           [-9.0, new_cluster]  [-10.07, c1]  ...   [-4.7, c5]  [-24.59, c6]
c4           [-9.0, new_cluster]  [-11.55, c1]  ...  [-3.55, c5]  [-20.04, c6]
c5           [-9.0, new_cluster]  [-10.29, c1]  ...  [-5.44, c5]  [-24.27, c6]
c6           [-9.0, new_cluster]  [-11.28, c1]  ...  [-3.58, c5]  [-22.38, c6]

[7 rows x 7 columns]
\begin{tabular}{llllllll}
\toprule
{} &                    0 &             1 &             2 &            3 &             4 &            5 &             6 \\
\midrule
new\_cluster &  [-9.0, new\_cluster] &   [-8.66, c1] &  [-26.61, c2] &  [-1.79, c3] &  [-43.16, c4] &  [-4.49, c5] &  [-22.23, c6] \\
c1          &  [-9.0, new\_cluster] &   [-9.87, c1] &  [-26.78, c2] &  [-1.35, c3] &   [-41.5, c4] &  [-6.13, c5] &  [-21.14, c6] \\
c2          &  [-9.0, new\_cluster] &  [-10.69, c1] &  [-26.97, c2] &  [-1.11, c3] &   [-42.4, c4] &  [-4.76, c5] &   [-20.9, c6] \\
c3          &  [-9.0, new\_cluster] &  [-10.07, c1] &  [-27.77, c2] &  [-1.85, c3] &  [-40.42, c4] &   [-4.7, c5] &  [-24.59, c6] \\
c4          &  [-9.0, new\_cluster] &  [-11.55, c1] &   [-27.9, c2] &  [-1.02, c3] &   [-42.1, c4] &  [-3.55, c5] &  [-20.04, c6] \\
c5          &  [-9.0, new\_cluster] &  [-10.29, c1] &  [-28.65, c2] &  [-1.34, c3] &  [-44.32, c4] &  [-5.44, c5] &  [-24.27, c6] \\
c6          &  [-9.0, new\_cluster] &  [-11.28, c1] &  [-26.29, c2] &  [-1.02, c3] &   [-45.6, c4] &  [-3.58, c5] &  [-22.38, c6] \\
\bottomrule
\end{tabular}

