Seed: 0
Experiment_path: AE_Model_1/Epochs//V4/Experiment_04
Dataset_Path: ../_00_Datasets/03_SimDaten_Quiroga2020/C_Easy1_noise030.mat
Dataset_name: ['03_SimDaten_Quiroga2020', 'C_Easy1_noise030.mat']
Variant_name: Variant_04_Offline_Autoencoder_QLearning
Visualisation_Path: AE_Model_1/Epochs//V4/Experiment_04/C_Easy1_noise030.mat/Variant_04_Offline_Autoencoder_QLearning/2023_04_25-14_21_12
Split Ratio: 0.9
Epochs: 4
Batch Size: 1
Input Size: 47
Number of Features: 2
Chosen Model: Autoencoder
Autoencoder(
  (encoder): Sequential(
    (0): Linear(in_features=47, out_features=12, bias=True)
    (1): LeakyReLU(negative_slope=0.01)
    (2): Linear(in_features=12, out_features=2, bias=True)
  )
  (decoder): Sequential(
    (0): Linear(in_features=2, out_features=12, bias=True)
    (1): LeakyReLU(negative_slope=0.01)
    (2): Linear(in_features=12, out_features=47, bias=True)
  )
)
MSELoss()
Adam (
Parameter Group 0
    amsgrad: False
    betas: (0.9, 0.999)
    capturable: False
    differentiable: False
    eps: 1e-08
    foreach: None
    fused: False
    lr: 0.001
    maximize: False
    weight_decay: 0
)
---Q Learning Parameters---
Normalisation: False
Punishment Coefficient: 0.8
Alpha: 0.8
Epsilon: 0.01
Gamma: 0.97
Initial Episode Number: 0
Episode Number Coefficient: 1.4
Number of Random Features: 20
Planning Number: 20
Max Random Features: 60
New Episode Number: 72
New Episode Number: 143
New Episode Number: 215
New Episode Number: 286
New Episode Number: 358
                0     1     2      3     4      5
new_cluster -4.89 -7.59 -2.39 -20.78 -3.00  -8.90
c1          -4.88 -7.05 -2.43 -17.02 -2.94  -8.23
c2          -4.93 -6.98 -2.45 -20.86 -3.04  -9.37
c3          -5.01 -6.82 -2.45 -18.11 -2.91  -9.48
c4          -4.89 -8.06 -2.56 -18.58 -2.83 -10.22
c5          -4.88 -7.09 -2.42 -19.20 -2.86   0.00
\begin{tabular}{lrrrrrr}
\toprule
{} &     0 &     1 &     2 &      3 &     4 &      5 \\
\midrule
new\_cluster & -4.89 & -7.59 & -2.39 & -20.78 & -3.00 &  -8.90 \\
c1          & -4.88 & -7.05 & -2.43 & -17.02 & -2.94 &  -8.23 \\
c2          & -4.93 & -6.98 & -2.45 & -20.86 & -3.04 &  -9.37 \\
c3          & -5.01 & -6.82 & -2.45 & -18.11 & -2.91 &  -9.48 \\
c4          & -4.89 & -8.06 & -2.56 & -18.58 & -2.83 & -10.22 \\
c5          & -4.88 & -7.09 & -2.42 & -19.20 & -2.86 &   0.00 \\
\bottomrule
\end{tabular}

                                0            1  ...            4             5
new_cluster  [-2.56, new_cluster]  [-5.23, c1]  ...  [-0.47, c4]    [-8.9, c5]
c1           [-2.56, new_cluster]  [-4.64, c1]  ...  [-0.42, c4]   [-8.23, c5]
c2           [-2.56, new_cluster]  [-4.63, c1]  ...  [-0.51, c4]   [-9.37, c5]
c3           [-2.56, new_cluster]  [-4.47, c1]  ...  [-0.38, c4]   [-9.48, c5]
c4           [-2.56, new_cluster]   [-5.7, c1]  ...  [-0.33, c4]  [-10.22, c5]
c5           [-2.56, new_cluster]  [-4.75, c1]  ...  [-0.38, c4]         [0, ]

[6 rows x 6 columns]
\begin{tabular}{lllllll}
\toprule
{} &                     0 &            1 &            2 &             3 &            4 &             5 \\
\midrule
new\_cluster &  [-2.56, new\_cluster] &  [-5.23, c1] &  [-0.06, c2] &  [-18.44, c3] &  [-0.47, c4] &    [-8.9, c5] \\
c1          &  [-2.56, new\_cluster] &  [-4.64, c1] &  [-0.07, c2] &  [-14.68, c3] &  [-0.42, c4] &   [-8.23, c5] \\
c2          &  [-2.56, new\_cluster] &  [-4.63, c1] &  [-0.06, c2] &  [-18.51, c3] &  [-0.51, c4] &   [-9.37, c5] \\
c3          &  [-2.56, new\_cluster] &  [-4.47, c1] &  [-0.08, c2] &  [-15.73, c3] &  [-0.38, c4] &   [-9.48, c5] \\
c4          &  [-2.56, new\_cluster] &   [-5.7, c1] &  [-0.17, c2] &   [-16.2, c3] &  [-0.33, c4] &  [-10.22, c5] \\
c5          &  [-2.56, new\_cluster] &  [-4.75, c1] &  [-0.04, c2] &  [-16.82, c3] &  [-0.38, c4] &         [0, ] \\
\bottomrule
\end{tabular}

