Seed: 0
Experiment_path: Experiment_07
Dataset_Path: ../_00_Datasets/03_SimDaten_Quiroga2020/C_Difficult1_noise015.mat
Dataset_name: ['03_SimDaten_Quiroga2020', 'C_Difficult1_noise015.mat']
Variant_name: Variant_05_Online_Autoencoder_QLearning_opt_temp
Visualisation_Path: AE_Model_2/Grid_Search_PC//V5_2/C_Difficult1_noise015.mat/Variant_05_Online_Autoencoder_QLearning_opt_temp/2023_05_03-15_00_23
Normalisation: False
Template Matching: True
Optimising Autoencoder: True
Update Factor: 1
Noisy Batches: False
Noisy Factor: 0.001
Epochs: 8
Batch Size: 1
maximal Spikes for Autoencoder Training : 700
maximal Spikes for Training: 1000
Input Size: 47
Chosen Model: Convolutional Autoencoder
ConvolutionalAutoencoder(
  (encoder): Sequential(
    (0): Conv1d(1, 6, kernel_size=(6,), stride=(1,))
    (1): LeakyReLU(negative_slope=0.01)
    (2): Conv1d(6, 1, kernel_size=(6,), stride=(1,))
    (3): Flatten(start_dim=1, end_dim=-1)
    (4): Linear(in_features=37, out_features=2, bias=True)
  )
  (decoder): Sequential(
    (0): ConvTranspose1d(1, 6, kernel_size=(6,), stride=(1,))
    (1): LeakyReLU(negative_slope=0.01)
    (2): ConvTranspose1d(6, 1, kernel_size=(6,), stride=(1,))
    (3): Flatten(start_dim=1, end_dim=-1)
    (4): Linear(in_features=12, out_features=47, bias=True)
  )
)
MSELoss()
Adam (
Parameter Group 0
    amsgrad: False
    betas: (0.9, 0.999)
    capturable: False
    differentiable: False
    eps: 1e-08
    foreach: None
    fused: False
    lr: 0.001
    maximize: False
    weight_decay: 0
)
---Q Learning Parameters---
Normalisation: False
Punishment Coefficient: 0.6
Alpha: 0.8
Epsilon: 0.01
Gamma: 0.97
Initial Episode Number: 0
Episode Number Coefficient: 1.4
Number of Random Features: 20
Planning Number: 20
Max Random Features: 60
New Episode Number: 72
New Episode Number: 143
New Episode Number: 215
New Episode Number: 286
New Episode Number: 358
New Episode Number: 429
New Episode Number: 500
New Episode Number: 572
New Episode Number: 643
New Episode Number: 715
New Episode Number: 786
               0     1     2     3     4   ...     7      8     9      10     11
new_cluster -4.66 -4.49 -4.86 -8.10 -4.32  ... -17.95 -13.67 -3.33  -9.25 -11.23
c1          -4.61 -4.63 -4.95 -7.87 -5.28  ... -19.65 -14.82 -3.44 -15.30 -11.24
c2          -4.67 -4.65 -5.01 -8.13 -4.87  ... -18.21 -15.35 -3.43 -15.92 -11.24
c3          -4.64 -4.46 -5.30 -8.12 -4.36  ... -17.73 -14.91 -3.49 -11.73 -11.24
c4          -4.66 -4.49 -5.10 -7.93 -4.62  ... -17.66 -15.12 -3.35 -19.63 -11.23
c5          -4.67 -4.53 -4.84 -8.17 -4.49  ... -18.79 -14.93 -3.52 -14.65 -11.23
c6          -4.66 -4.26 -4.95 -8.03 -4.73  ... -19.06 -14.05 -3.45 -11.32 -11.25
c7          -4.64 -4.28 -4.73 -8.39 -4.89  ... -17.53 -14.54 -3.37 -17.94 -11.23
c8          -4.66 -4.35 -4.97 -8.49 -4.90  ... -18.42 -14.25 -3.29 -10.68 -11.23
c9          -4.61 -4.40 -5.00 -8.30 -5.25  ... -19.10 -15.17 -3.45 -10.69 -11.23
c10         -4.67 -4.61 -5.10 -8.07 -5.25  ... -18.33 -15.33 -3.50 -11.53 -11.23
c11         -4.73 -4.40 -5.19 -7.66 -5.13  ... -18.76 -14.04 -3.27 -14.22 -11.24

[12 rows x 12 columns]
\begin{tabular}{lrrrrrrrrrrrr}
\toprule
{} &    0  &    1  &    2  &    3  &    4  &     5  &    6  &     7  &     8  &    9  &     10 &     11 \\
\midrule
new\_cluster & -4.66 & -4.49 & -4.86 & -8.10 & -4.32 & -11.68 & -6.26 & -17.95 & -13.67 & -3.33 &  -9.25 & -11.23 \\
c1          & -4.61 & -4.63 & -4.95 & -7.87 & -5.28 & -11.29 & -6.20 & -19.65 & -14.82 & -3.44 & -15.30 & -11.24 \\
c2          & -4.67 & -4.65 & -5.01 & -8.13 & -4.87 & -10.64 & -5.81 & -18.21 & -15.35 & -3.43 & -15.92 & -11.24 \\
c3          & -4.64 & -4.46 & -5.30 & -8.12 & -4.36 & -11.04 & -6.19 & -17.73 & -14.91 & -3.49 & -11.73 & -11.24 \\
c4          & -4.66 & -4.49 & -5.10 & -7.93 & -4.62 & -10.69 & -6.65 & -17.66 & -15.12 & -3.35 & -19.63 & -11.23 \\
c5          & -4.67 & -4.53 & -4.84 & -8.17 & -4.49 & -10.96 & -5.65 & -18.79 & -14.93 & -3.52 & -14.65 & -11.23 \\
c6          & -4.66 & -4.26 & -4.95 & -8.03 & -4.73 & -11.42 & -6.11 & -19.06 & -14.05 & -3.45 & -11.32 & -11.25 \\
c7          & -4.64 & -4.28 & -4.73 & -8.39 & -4.89 & -11.12 & -6.11 & -17.53 & -14.54 & -3.37 & -17.94 & -11.23 \\
c8          & -4.66 & -4.35 & -4.97 & -8.49 & -4.90 & -11.27 & -5.86 & -18.42 & -14.25 & -3.29 & -10.68 & -11.23 \\
c9          & -4.61 & -4.40 & -5.00 & -8.30 & -5.25 & -11.87 & -6.18 & -19.10 & -15.17 & -3.45 & -10.69 & -11.23 \\
c10         & -4.67 & -4.61 & -5.10 & -8.07 & -5.25 & -11.60 & -6.13 & -18.33 & -15.33 & -3.50 & -11.53 & -11.23 \\
c11         & -4.73 & -4.40 & -5.19 & -7.66 & -5.13 & -11.02 & -6.01 & -18.76 & -14.04 & -3.27 & -14.22 & -11.24 \\
\bottomrule
\end{tabular}

                               0            1   ...             10            11
new_cluster  [-1.44, new_cluster]  [-1.19, c1]  ...   [-5.92, c10]  [-8.06, c11]
c1           [-1.44, new_cluster]  [-1.28, c1]  ...  [-11.94, c10]  [-8.06, c11]
c2           [-1.44, new_cluster]  [-1.28, c1]  ...  [-12.58, c10]  [-8.06, c11]
c3           [-1.44, new_cluster]  [-1.12, c1]  ...   [-8.35, c10]  [-8.06, c11]
c4           [-1.44, new_cluster]  [-1.17, c1]  ...  [-16.36, c10]  [-8.06, c11]
c5           [-1.44, new_cluster]  [-1.19, c1]  ...  [-11.31, c10]  [-8.06, c11]
c6           [-1.44, new_cluster]  [-0.92, c1]  ...   [-7.93, c10]  [-8.06, c11]
c7           [-1.44, new_cluster]  [-0.94, c1]  ...   [-14.6, c10]  [-8.06, c11]
c8           [-1.44, new_cluster]  [-1.01, c1]  ...    [-7.3, c10]  [-8.06, c11]
c9           [-1.44, new_cluster]  [-1.07, c1]  ...    [-7.3, c10]  [-8.06, c11]
c10          [-1.44, new_cluster]  [-1.27, c1]  ...   [-8.13, c10]  [-8.06, c11]
c11          [-1.44, new_cluster]  [-1.06, c1]  ...   [-10.9, c10]  [-8.06, c11]

[12 rows x 12 columns]
\begin{tabular}{lllllllllllll}
\toprule
{} &                    0  &           1  &           2  &           3  &           4  &           5  &           6  &            7  &            8  &           9  &             10 &            11 \\
\midrule
new\_cluster &  [-1.44, new\_cluster] &  [-1.19, c1] &  [-1.61, c2] &  [-4.71, c3] &   [-1.1, c4] &  [-8.33, c5] &  [-2.97, c6] &  [-14.76, c7] &  [-10.46, c8] &  [-0.05, c9] &   [-5.92, c10] &  [-8.06, c11] \\
c1          &  [-1.44, new\_cluster] &  [-1.28, c1] &  [-1.63, c2] &  [-4.48, c3] &  [-2.21, c4] &  [-7.88, c5] &  [-2.86, c6] &  [-16.46, c7] &  [-11.63, c8] &  [-0.12, c9] &  [-11.94, c10] &  [-8.06, c11] \\
c2          &  [-1.44, new\_cluster] &  [-1.28, c1] &   [-1.7, c2] &  [-4.75, c3] &  [-1.63, c4] &   [-7.3, c5] &  [-2.52, c6] &  [-14.88, c7] &  [-12.16, c8] &  [-0.15, c9] &  [-12.58, c10] &  [-8.06, c11] \\
c3          &  [-1.44, new\_cluster] &  [-1.12, c1] &  [-1.99, c2] &  [-4.73, c3] &  [-1.28, c4] &  [-7.55, c5] &  [-2.89, c6] &  [-14.53, c7] &  [-11.71, c8] &  [-0.14, c9] &   [-8.35, c10] &  [-8.06, c11] \\
c4          &  [-1.44, new\_cluster] &  [-1.17, c1] &  [-1.85, c2] &  [-4.55, c3] &  [-1.53, c4] &  [-7.29, c5] &  [-3.36, c6] &  [-14.47, c7] &  [-11.82, c8] &  [-0.02, c9] &  [-16.36, c10] &  [-8.06, c11] \\
c5          &  [-1.44, new\_cluster] &  [-1.19, c1] &  [-1.54, c2] &  [-4.78, c3] &  [-1.24, c4] &  [-7.49, c5] &  [-2.36, c6] &  [-15.65, c7] &  [-11.73, c8] &   [-0.2, c9] &  [-11.31, c10] &  [-8.06, c11] \\
c6          &  [-1.44, new\_cluster] &  [-0.92, c1] &  [-1.64, c2] &  [-4.66, c3] &  [-1.65, c4] &  [-8.06, c5] &  [-2.78, c6] &  [-15.84, c7] &  [-10.83, c8] &  [-0.08, c9] &   [-7.93, c10] &  [-8.06, c11] \\
c7          &  [-1.44, new\_cluster] &  [-0.94, c1] &  [-1.41, c2] &  [-5.07, c3] &  [-1.72, c4] &  [-7.78, c5] &  [-2.77, c6] &  [-14.34, c7] &  [-11.34, c8] &  [-0.05, c9] &   [-14.6, c10] &  [-8.06, c11] \\
c8          &  [-1.44, new\_cluster] &  [-1.01, c1] &  [-1.65, c2] &  [-5.16, c3] &  [-1.69, c4] &  [-7.93, c5] &  [-2.52, c6] &  [-15.23, c7] &  [-11.05, c8] &  [-0.08, c9] &    [-7.3, c10] &  [-8.06, c11] \\
c9          &  [-1.44, new\_cluster] &  [-1.07, c1] &  [-1.76, c2] &  [-4.91, c3] &  [-2.03, c4] &  [-8.46, c5] &  [-2.85, c6] &  [-15.91, c7] &  [-11.96, c8] &  [-0.09, c9] &    [-7.3, c10] &  [-8.06, c11] \\
c10         &  [-1.44, new\_cluster] &  [-1.27, c1] &  [-1.84, c2] &  [-4.68, c3] &  [-2.17, c4] &  [-8.23, c5] &   [-2.8, c6] &  [-15.14, c7] &  [-12.13, c8] &  [-0.14, c9] &   [-8.13, c10] &  [-8.06, c11] \\
c11         &  [-1.44, new\_cluster] &  [-1.06, c1] &  [-1.95, c2] &  [-4.28, c3] &  [-1.92, c4] &  [-7.69, c5] &  [-2.67, c6] &  [-15.57, c7] &  [-10.84, c8] &  [-0.06, c9] &   [-10.9, c10] &  [-8.06, c11] \\
\bottomrule
\end{tabular}

