Seed: 0
Experiment_path: AE_Model_2/Epochs_2_4_6_8_20/06_Experiment_05_Epochs
Dataset_Path: ../_00_Datasets/03_SimDaten_Quiroga2020/C_Easy1_noise020.mat
Dataset_name: ['03_SimDaten_Quiroga2020', 'C_Easy1_noise020.mat']
Variant_name: Variant_05_Epochs_6
Visualisation_Path: AE_Model_2/Epochs_2_4_6_8_20/06_Experiment_05_Epochs/C_Easy1_noise020.mat/V05_Online_AE_QL/2023_05_11-01_16_11
Normalisation: False
Template Matching: False
Optimising Autoencoder: False
Update Factor: 1
Noisy Batches: False
Noisy Factor: 0.001
Epochs: 6
Batch Size: 1
maximal Spikes for Autoencoder Training : 700
maximal Spikes for Training: 1000
Input Size: 47
Chosen Model: Convolutional Autoencoder
ConvolutionalAutoencoder(
  (encoder): Sequential(
    (0): Conv1d(1, 6, kernel_size=(6,), stride=(1,))
    (1): LeakyReLU(negative_slope=0.01)
    (2): Conv1d(6, 1, kernel_size=(6,), stride=(1,))
    (3): Flatten(start_dim=1, end_dim=-1)
    (4): Linear(in_features=37, out_features=2, bias=True)
  )
  (decoder): Sequential(
    (0): ConvTranspose1d(1, 6, kernel_size=(6,), stride=(1,))
    (1): LeakyReLU(negative_slope=0.01)
    (2): ConvTranspose1d(6, 1, kernel_size=(6,), stride=(1,))
    (3): Flatten(start_dim=1, end_dim=-1)
    (4): Linear(in_features=12, out_features=47, bias=True)
  )
)
MSELoss()
Adam (
Parameter Group 0
    amsgrad: False
    betas: (0.9, 0.999)
    capturable: False
    differentiable: False
    eps: 1e-08
    foreach: None
    fused: False
    lr: 0.001
    maximize: False
    weight_decay: 0
)
---Q Learning Parameters---
Normalisation: False
Punishment Coefficient: 1.1
Alpha: 0.8
Epsilon: 0.01
Gamma: 0.97
Initial Episode Number: 0
Episode Number Coefficient: 1.4
Number of Random Features: 20
Planning Number: 20
Max Random Features: 60
New Episode Number: 72
New Episode Number: 143
New Episode Number: 215
                0     1      2      3
new_cluster -7.26 -2.49  -9.43 -16.46
c1          -7.27 -2.56  -9.02 -15.83
c2          -7.26 -2.57 -11.24 -16.17
c3          -7.25 -2.56  -9.55 -16.03
\begin{tabular}{lrrrr}
\toprule
{} &     0 &     1 &      2 &      3 \\
\midrule
new\_cluster & -7.26 & -2.49 &  -9.43 & -16.46 \\
c1          & -7.27 & -2.56 &  -9.02 & -15.83 \\
c2          & -7.26 & -2.57 & -11.24 & -16.17 \\
c3          & -7.25 & -2.56 &  -9.55 & -16.03 \\
\bottomrule
\end{tabular}

                                0            1            2             3
new_cluster  [-4.84, new_cluster]  [-0.06, c1]  [-6.98, c2]  [-13.99, c3]
c1           [-4.84, new_cluster]   [-0.1, c1]  [-6.58, c2]  [-13.34, c3]
c2           [-4.84, new_cluster]  [-0.08, c1]  [-8.79, c2]   [-13.7, c3]
c3           [-4.84, new_cluster]  [-0.07, c1]  [-7.09, c2]  [-13.57, c3]
\begin{tabular}{lllll}
\toprule
{} &                     0 &            1 &            2 &             3 \\
\midrule
new\_cluster &  [-4.84, new\_cluster] &  [-0.06, c1] &  [-6.98, c2] &  [-13.99, c3] \\
c1          &  [-4.84, new\_cluster] &   [-0.1, c1] &  [-6.58, c2] &  [-13.34, c3] \\
c2          &  [-4.84, new\_cluster] &  [-0.08, c1] &  [-8.79, c2] &   [-13.7, c3] \\
c3          &  [-4.84, new\_cluster] &  [-0.07, c1] &  [-7.09, c2] &  [-13.57, c3] \\
\bottomrule
\end{tabular}

