Seed: 0
Experiment_path: AE_Model_2/Epochs_2_4_6_8_20/04_Experiment_05_Epochs
Dataset_Path: ../_00_Datasets/03_SimDaten_Quiroga2020/C_Easy1_noise025.mat
Dataset_name: ['03_SimDaten_Quiroga2020', 'C_Easy1_noise025.mat']
Variant_name: V05_Online_AE_QL
Visualisation_Path: AE_Model_2/Epochs_2_4_6_8_20/04_Experiment_05_Epochs/C_Easy1_noise025.mat/V05_Online_AE_QL/2023_05_11-01_16_01
Normalisation: False
Template Matching: False
Optimising Autoencoder: False
Update Factor: 1
Noisy Batches: False
Noisy Factor: 0.001
Epochs: 4
Batch Size: 1
maximal Spikes for Autoencoder Training : 700
maximal Spikes for Training: 1000
Input Size: 47
Chosen Model: Convolutional Autoencoder
ConvolutionalAutoencoder(
  (encoder): Sequential(
    (0): Conv1d(1, 6, kernel_size=(6,), stride=(1,))
    (1): LeakyReLU(negative_slope=0.01)
    (2): Conv1d(6, 1, kernel_size=(6,), stride=(1,))
    (3): Flatten(start_dim=1, end_dim=-1)
    (4): Linear(in_features=37, out_features=2, bias=True)
  )
  (decoder): Sequential(
    (0): ConvTranspose1d(1, 6, kernel_size=(6,), stride=(1,))
    (1): LeakyReLU(negative_slope=0.01)
    (2): ConvTranspose1d(6, 1, kernel_size=(6,), stride=(1,))
    (3): Flatten(start_dim=1, end_dim=-1)
    (4): Linear(in_features=12, out_features=47, bias=True)
  )
)
MSELoss()
Adam (
Parameter Group 0
    amsgrad: False
    betas: (0.9, 0.999)
    capturable: False
    differentiable: False
    eps: 1e-08
    foreach: None
    fused: False
    lr: 0.001
    maximize: False
    weight_decay: 0
)
---Q Learning Parameters---
Normalisation: False
Punishment Coefficient: 1.4
Alpha: 0.8
Epsilon: 0.01
Gamma: 0.97
Initial Episode Number: 0
Episode Number Coefficient: 1.4
Number of Random Features: 20
Planning Number: 20
Max Random Features: 60
New Episode Number: 72
New Episode Number: 143
New Episode Number: 215
New Episode Number: 286
                 0      1      2      3      4
new_cluster -39.98 -34.91 -39.44 -53.22 -33.55
c1          -40.24 -35.09 -39.36 -56.35 -33.64
c2          -39.66 -33.81 -39.48 -55.54 -32.85
c3          -39.66 -34.42 -39.79 -57.42 -32.79
c4          -39.66 -35.67 -39.86 -55.19 -33.80
\begin{tabular}{lrrrrr}
\toprule
{} &      0 &      1 &      2 &      3 &      4 \\
\midrule
new\_cluster & -39.98 & -34.91 & -39.44 & -53.22 & -33.55 \\
c1          & -40.24 & -35.09 & -39.36 & -56.35 & -33.64 \\
c2          & -39.66 & -33.81 & -39.48 & -55.54 & -32.85 \\
c3          & -39.66 & -34.42 & -39.79 & -57.42 & -32.79 \\
c4          & -39.66 & -35.67 & -39.86 & -55.19 & -33.80 \\
\bottomrule
\end{tabular}

                                0            1  ...             3            4
new_cluster  [-7.84, new_cluster]  [-2.65, c1]  ...  [-21.42, c3]  [-0.95, c4]
c1           [-7.84, new_cluster]  [-2.54, c1]  ...  [-24.53, c3]  [-0.87, c4]
c2           [-7.84, new_cluster]  [-1.59, c1]  ...  [-23.77, c3]  [-0.43, c4]
c3           [-7.84, new_cluster]  [-1.88, c1]  ...  [-25.67, c3]  [-0.63, c4]
c4           [-7.84, new_cluster]  [-3.13, c1]  ...  [-23.41, c3]  [-1.13, c4]

[5 rows x 5 columns]
\begin{tabular}{llllll}
\toprule
{} &                     0 &            1 &            2 &             3 &            4 \\
\midrule
new\_cluster &  [-7.84, new\_cluster] &  [-2.65, c1] &  [-7.58, c2] &  [-21.42, c3] &  [-0.95, c4] \\
c1          &  [-7.84, new\_cluster] &  [-2.54, c1] &   [-7.5, c2] &  [-24.53, c3] &  [-0.87, c4] \\
c2          &  [-7.84, new\_cluster] &  [-1.59, c1] &  [-7.62, c2] &  [-23.77, c3] &  [-0.43, c4] \\
c3          &  [-7.84, new\_cluster] &  [-1.88, c1] &  [-7.93, c2] &  [-25.67, c3] &  [-0.63, c4] \\
c4          &  [-7.84, new\_cluster] &  [-3.13, c1] &  [-8.03, c2] &  [-23.41, c3] &  [-1.13, c4] \\
\bottomrule
\end{tabular}

