Seed: 0
Experiment_path: Experiment_06
Dataset_Path: ../_00_Datasets/03_SimDaten_Quiroga2020/C_Drift_Easy2_noise015.mat
Dataset_name: ['03_SimDaten_Quiroga2020', 'C_Drift_Easy2_noise015.mat']
Variant_name: Variant_05_Online_Autoencoder_QLearning_opt
Visualisation_Path: AE_Model_2/Grid_Search_PC//V5_1/C_Drift_Easy2_noise015.mat/Variant_05_Online_Autoencoder_QLearning_opt/2023_05_03-19_17_13
Normalisation: False
Template Matching: False
Optimising Autoencoder: True
Update Factor: 1
Noisy Batches: False
Noisy Factor: 0.001
Epochs: 8
Batch Size: 1
maximal Spikes for Autoencoder Training : 700
maximal Spikes for Training: 1000
Input Size: 47
Chosen Model: Convolutional Autoencoder
ConvolutionalAutoencoder(
  (encoder): Sequential(
    (0): Conv1d(1, 6, kernel_size=(6,), stride=(1,))
    (1): LeakyReLU(negative_slope=0.01)
    (2): Conv1d(6, 1, kernel_size=(6,), stride=(1,))
    (3): Flatten(start_dim=1, end_dim=-1)
    (4): Linear(in_features=37, out_features=2, bias=True)
  )
  (decoder): Sequential(
    (0): ConvTranspose1d(1, 6, kernel_size=(6,), stride=(1,))
    (1): LeakyReLU(negative_slope=0.01)
    (2): ConvTranspose1d(6, 1, kernel_size=(6,), stride=(1,))
    (3): Flatten(start_dim=1, end_dim=-1)
    (4): Linear(in_features=12, out_features=47, bias=True)
  )
)
MSELoss()
Adam (
Parameter Group 0
    amsgrad: False
    betas: (0.9, 0.999)
    capturable: False
    differentiable: False
    eps: 1e-08
    foreach: None
    fused: False
    lr: 0.001
    maximize: False
    weight_decay: 0
)
---Q Learning Parameters---
Normalisation: False
Punishment Coefficient: 1.3
Alpha: 0.8
Epsilon: 0.01
Gamma: 0.97
Initial Episode Number: 0
Episode Number Coefficient: 1.4
Number of Random Features: 20
Planning Number: 20
Max Random Features: 60
New Episode Number: 72
New Episode Number: 143
New Episode Number: 215
New Episode Number: 286
                 0     1      2      3      4
new_cluster -13.64 -7.14 -13.37 -12.52 -30.79
c1          -13.62 -7.28 -13.12 -12.37 -31.20
c2          -13.42 -7.42 -12.91 -11.76 -32.70
c3          -13.67 -7.38 -13.07 -12.66 -29.34
c4          -13.44 -7.37 -12.67 -11.35 -30.10
\begin{tabular}{lrrrrr}
\toprule
{} &      0 &     1 &      2 &      3 &      4 \\
\midrule
new\_cluster & -13.64 & -7.14 & -13.37 & -12.52 & -30.79 \\
c1          & -13.62 & -7.28 & -13.12 & -12.37 & -31.20 \\
c2          & -13.42 & -7.42 & -12.91 & -11.76 & -32.70 \\
c3          & -13.67 & -7.38 & -13.07 & -12.66 & -29.34 \\
c4          & -13.44 & -7.37 & -12.67 & -11.35 & -30.10 \\
\bottomrule
\end{tabular}

                                0            1  ...            3             4
new_cluster  [-6.76, new_cluster]  [-0.14, c1]  ...  [-5.42, c3]  [-23.72, c4]
c1           [-6.76, new_cluster]  [-0.22, c1]  ...  [-5.27, c3]  [-24.07, c4]
c2           [-6.76, new_cluster]  [-0.43, c1]  ...   [-4.7, c3]   [-25.9, c4]
c3           [-6.76, new_cluster]  [-0.32, c1]  ...  [-5.52, c3]  [-22.52, c4]
c4           [-6.76, new_cluster]   [-0.3, c1]  ...  [-4.46, c3]   [-23.3, c4]

[5 rows x 5 columns]
\begin{tabular}{llllll}
\toprule
{} &                     0 &            1 &            2 &            3 &             4 \\
\midrule
new\_cluster &  [-6.76, new\_cluster] &  [-0.14, c1] &   [-6.4, c2] &  [-5.42, c3] &  [-23.72, c4] \\
c1          &  [-6.76, new\_cluster] &  [-0.22, c1] &  [-5.96, c2] &  [-5.27, c3] &  [-24.07, c4] \\
c2          &  [-6.76, new\_cluster] &  [-0.43, c1] &  [-5.75, c2] &   [-4.7, c3] &   [-25.9, c4] \\
c3          &  [-6.76, new\_cluster] &  [-0.32, c1] &   [-6.1, c2] &  [-5.52, c3] &  [-22.52, c4] \\
c4          &  [-6.76, new\_cluster] &   [-0.3, c1] &  [-5.47, c2] &  [-4.46, c3] &   [-23.3, c4] \\
\bottomrule
\end{tabular}

