Seed: 5
Experiment_path: Random_Seeds//V5/Experiment_05_5
Dataset_Path: ../_00_Datasets/03_SimDaten_Quiroga2020/C_Difficult2_noise010.mat
Dataset_name: ['03_SimDaten_Quiroga2020', 'C_Difficult2_noise010.mat']
Variant_name: Variant_05_Online_Autoencoder_QLearning
Visualisation_Path: Random_Seeds//V5/Experiment_05_5/C_Difficult2_noise010.mat/Variant_05_Online_Autoencoder_QLearning/2023_03_22-10_10_59
Normalisation: False
Template Matching: False
Optimising Autoencoder: False
Update Factor: 10
Noisy Batches: False
Noisy Factor: 0.1
Epochs: 8
Batch Size: 1
maximal Spikes for Autoencoder Training : 700
maximal Spikes for Training: 1000
Input Size: 47
Chosen Model: Autoencoder
Autoencoder(
  (encoder): Sequential(
    (0): Linear(in_features=47, out_features=12, bias=True)
    (1): LeakyReLU(negative_slope=0.01)
    (2): Linear(in_features=12, out_features=2, bias=True)
  )
  (decoder): Sequential(
    (0): Linear(in_features=2, out_features=12, bias=True)
    (1): LeakyReLU(negative_slope=0.01)
    (2): Linear(in_features=12, out_features=47, bias=True)
  )
)
MSELoss()
Adam (
Parameter Group 0
    amsgrad: False
    betas: (0.9, 0.999)
    capturable: False
    differentiable: False
    eps: 1e-08
    foreach: None
    fused: False
    lr: 0.001
    maximize: False
    weight_decay: 0
)
---Q Learning Parameters---
Normalisation: False
Punishment Coefficient: 0.37
Alpha: 0.8
Epsilon: 0.01
Gamma: 0.97
Initial Episode Number: 0
Episode Number Coefficient: 1.4
Number of Random Features: 20
Planning Number: 20
Max Random Features: 60
New Episode Number: 72
New Episode Number: 143
New Episode Number: 215
New Episode Number: 286
New Episode Number: 358
New Episode Number: 429
New Episode Number: 500
                0     1     2      3     4     5     6      7
new_cluster -3.14 -6.96 -2.68 -10.22 -2.71 -4.39 -9.08 -10.18
c1          -3.17 -6.84 -2.71 -10.64 -2.74 -4.27 -9.08 -10.18
c2          -3.14 -6.85 -2.73 -10.61 -2.70 -4.19 -9.08 -10.18
c3          -3.14 -7.02 -2.72 -10.39 -2.70 -4.14 -9.08 -10.18
c4          -3.14 -6.90 -2.74 -10.10 -2.83 -4.48 -9.08 -10.18
c5          -3.14 -7.07 -2.67 -10.53 -2.76  0.00  0.00   0.00
c6          -3.14 -7.09 -2.68 -10.14 -2.78  0.00  0.00   0.00
c7          -3.14 -6.86 -2.68 -10.51 -2.69  0.00  0.00   0.00
                                0            1  ...            6             7
new_cluster  [-0.55, new_cluster]  [-4.33, c1]  ...  [-9.08, c6]  [-10.18, c7]
c1           [-0.55, new_cluster]   [-4.2, c1]  ...  [-9.08, c6]  [-10.18, c7]
c2           [-0.55, new_cluster]  [-4.22, c1]  ...  [-9.08, c6]  [-10.18, c7]
c3           [-0.55, new_cluster]  [-4.39, c1]  ...  [-9.08, c6]  [-10.18, c7]
c4           [-0.55, new_cluster]  [-4.26, c1]  ...  [-9.08, c6]  [-10.18, c7]
c5           [-0.55, new_cluster]  [-4.44, c1]  ...        [0, ]         [0, ]
c6           [-0.55, new_cluster]  [-4.45, c1]  ...        [0, ]         [0, ]
c7           [-0.55, new_cluster]  [-4.24, c1]  ...        [0, ]         [0, ]

[8 rows x 8 columns]
