Seed: 6
Experiment_path: AE_Model_2/Random_Seeds_DV5//V5_2/Experiment_05_6_opt_temp
Dataset_Path: ../_00_Datasets/03_SimDaten_Quiroga2020/C_Difficult2_noise010.mat
Dataset_name: ['03_SimDaten_Quiroga2020', 'C_Difficult2_noise010.mat']
Variant_name: Variant_05_Online_Autoencoder_QLearning_opt_temp
Visualisation_Path: AE_Model_2/Random_Seeds_DV5//V5_2/Experiment_05_6_opt_temp/C_Difficult2_noise010.mat/Variant_05_Online_Autoencoder_QLearning_opt_temp/2023_04_23-13_26_34
Normalisation: False
Template Matching: True
Optimising Autoencoder: True
Update Factor: 1
Noisy Batches: False
Noisy Factor: 0.1
Epochs: 8
Batch Size: 1
maximal Spikes for Autoencoder Training : 700
maximal Spikes for Training: 1000
Input Size: 47
Chosen Model: Convolutional Autoencoder
ConvolutionalAutoencoder(
  (encoder): Sequential(
    (0): Conv1d(1, 6, kernel_size=(6,), stride=(1,))
    (1): LeakyReLU(negative_slope=0.01)
    (2): Conv1d(6, 1, kernel_size=(6,), stride=(1,))
    (3): Flatten(start_dim=1, end_dim=-1)
    (4): Linear(in_features=37, out_features=2, bias=True)
  )
  (decoder): Sequential(
    (0): ConvTranspose1d(1, 6, kernel_size=(6,), stride=(1,))
    (1): LeakyReLU(negative_slope=0.01)
    (2): ConvTranspose1d(6, 1, kernel_size=(6,), stride=(1,))
    (3): Flatten(start_dim=1, end_dim=-1)
    (4): Linear(in_features=12, out_features=47, bias=True)
  )
)
MSELoss()
Adam (
Parameter Group 0
    amsgrad: False
    betas: (0.9, 0.999)
    capturable: False
    differentiable: False
    eps: 1e-08
    foreach: None
    fused: False
    lr: 0.001
    maximize: False
    weight_decay: 0
)
---Q Learning Parameters---
Normalisation: False
Punishment Coefficient: 0.5
Alpha: 0.8
Epsilon: 0.01
Gamma: 0.97
Initial Episode Number: 0
Episode Number Coefficient: 1.4
Number of Random Features: 20
Planning Number: 20
Max Random Features: 60
New Episode Number: 72
New Episode Number: 143
New Episode Number: 215
New Episode Number: 286
New Episode Number: 358
New Episode Number: 429
New Episode Number: 500
New Episode Number: 572
New Episode Number: 643
New Episode Number: 715
New Episode Number: 786
New Episode Number: 858
New Episode Number: 929
New Episode Number: 1000
               0      1     2      3      4   ...     10     11     12    13    14
new_cluster -2.60 -13.41 -2.27 -10.40 -17.43  ... -24.47 -14.68 -20.51 -2.67 -5.16
c1          -2.54 -12.88 -2.57 -10.69 -18.14  ... -24.10 -14.64 -19.63 -2.60 -5.16
c2          -2.56 -12.47 -2.44 -10.17 -17.78  ... -25.17 -14.64 -19.29 -3.06 -5.16
c3          -2.60 -12.76 -2.38 -10.28 -18.08  ... -23.73 -14.62 -20.09 -3.01 -5.16
c4          -2.58 -13.56 -2.45 -10.31 -18.48  ... -23.65 -14.66 -20.61 -3.05 -5.16
c5          -2.60 -13.93 -2.38 -10.75 -17.95  ... -24.09 -14.66 -18.81 -2.88 -5.16
c6          -2.61 -13.00 -2.48 -10.38 -17.73  ... -23.77 -14.67 -18.93 -2.92 -5.16
c7          -2.61 -13.34 -2.39 -10.62 -18.36  ... -24.51 -14.72 -19.54 -3.13 -5.16
c8          -2.59 -13.01 -2.23 -10.52 -17.97  ... -23.56 -14.72 -19.29 -2.65 -5.16
c9          -2.60 -12.79 -2.47 -10.30 -18.04  ... -23.48 -14.64 -19.45 -2.61 -5.16
c10         -2.60 -13.41 -2.24 -10.78 -18.82  ... -22.53 -14.64 -19.71 -2.88 -5.16
c11         -2.60 -12.37 -2.40 -10.21 -17.59  ... -24.29 -14.65 -19.67 -2.88 -5.16
c12         -2.60 -11.93 -2.46 -10.06 -18.01  ... -23.82 -14.64 -18.86 -2.74 -5.16
c13         -2.61 -13.81 -2.73 -10.26 -18.58  ... -23.46 -14.64 -19.32 -2.99 -5.16
c14         -2.61 -11.40 -2.39 -10.43 -17.91  ... -23.84 -14.64 -19.74 -2.90  0.00

[15 rows x 15 columns]
\begin{tabular}{lrrrrrrrrrrrrrrr}
\toprule
{} &    0  &     1  &    2  &     3  &     4  &    5  &     6  &    7  &    8  &    9  &     10 &     11 &     12 &    13 &    14 \\
\midrule
new\_cluster & -2.60 & -13.41 & -2.27 & -10.40 & -17.43 & -8.52 & -11.27 & -2.19 & -1.66 & -3.80 & -24.47 & -14.68 & -20.51 & -2.67 & -5.16 \\
c1          & -2.54 & -12.88 & -2.57 & -10.69 & -18.14 & -7.76 & -11.29 & -2.18 & -1.55 & -3.38 & -24.10 & -14.64 & -19.63 & -2.60 & -5.16 \\
c2          & -2.56 & -12.47 & -2.44 & -10.17 & -17.78 & -8.04 & -12.18 & -2.47 & -1.55 & -3.66 & -25.17 & -14.64 & -19.29 & -3.06 & -5.16 \\
c3          & -2.60 & -12.76 & -2.38 & -10.28 & -18.08 & -8.74 & -11.39 & -2.46 & -1.55 & -3.45 & -23.73 & -14.62 & -20.09 & -3.01 & -5.16 \\
c4          & -2.58 & -13.56 & -2.45 & -10.31 & -18.48 & -7.74 & -12.22 & -2.92 & -1.63 & -3.87 & -23.65 & -14.66 & -20.61 & -3.05 & -5.16 \\
c5          & -2.60 & -13.93 & -2.38 & -10.75 & -17.95 & -8.71 & -11.22 & -2.92 & -1.57 & -3.65 & -24.09 & -14.66 & -18.81 & -2.88 & -5.16 \\
c6          & -2.61 & -13.00 & -2.48 & -10.38 & -17.73 & -8.88 & -11.81 & -2.94 & -1.62 & -3.37 & -23.77 & -14.67 & -18.93 & -2.92 & -5.16 \\
c7          & -2.61 & -13.34 & -2.39 & -10.62 & -18.36 & -8.50 & -11.21 & -2.28 & -1.56 & -3.42 & -24.51 & -14.72 & -19.54 & -3.13 & -5.16 \\
c8          & -2.59 & -13.01 & -2.23 & -10.52 & -17.97 & -8.43 & -12.01 & -2.85 & -1.63 & -3.71 & -23.56 & -14.72 & -19.29 & -2.65 & -5.16 \\
c9          & -2.60 & -12.79 & -2.47 & -10.30 & -18.04 & -8.56 & -11.12 & -2.37 & -1.60 & -3.45 & -23.48 & -14.64 & -19.45 & -2.61 & -5.16 \\
c10         & -2.60 & -13.41 & -2.24 & -10.78 & -18.82 & -8.40 & -11.82 & -2.80 & -1.56 & -3.14 & -22.53 & -14.64 & -19.71 & -2.88 & -5.16 \\
c11         & -2.60 & -12.37 & -2.40 & -10.21 & -17.59 & -8.34 & -11.40 & -3.15 & -1.53 & -3.16 & -24.29 & -14.65 & -19.67 & -2.88 & -5.16 \\
c12         & -2.60 & -11.93 & -2.46 & -10.06 & -18.01 & -8.72 & -11.58 & -2.68 & -1.57 & -3.55 & -23.82 & -14.64 & -18.86 & -2.74 & -5.16 \\
c13         & -2.61 & -13.81 & -2.73 & -10.26 & -18.58 & -8.08 & -11.33 & -3.53 & -1.64 & -3.48 & -23.46 & -14.64 & -19.32 & -2.99 & -5.16 \\
c14         & -2.61 & -11.40 & -2.39 & -10.43 & -17.91 & -8.31 & -10.97 & -2.41 & -1.57 & -3.89 & -23.84 & -14.64 & -19.74 & -2.90 &  0.00 \\
\bottomrule
\end{tabular}

                              0             1   ...            13            14
new_cluster  [-1.0, new_cluster]  [-11.91, c1]  ...  [-1.08, c13]  [-5.16, c14]
c1           [-1.0, new_cluster]  [-11.38, c1]  ...  [-1.01, c13]  [-5.16, c14]
c2           [-1.0, new_cluster]  [-10.96, c1]  ...  [-1.44, c13]  [-5.16, c14]
c3           [-1.0, new_cluster]  [-11.25, c1]  ...  [-1.38, c13]  [-5.16, c14]
c4           [-1.0, new_cluster]  [-12.06, c1]  ...  [-1.45, c13]  [-5.16, c14]
c5           [-1.0, new_cluster]  [-12.42, c1]  ...  [-1.29, c13]  [-5.16, c14]
c6           [-1.0, new_cluster]  [-11.49, c1]  ...  [-1.29, c13]  [-5.16, c14]
c7           [-1.0, new_cluster]  [-11.83, c1]  ...  [-1.53, c13]  [-5.16, c14]
c8           [-1.0, new_cluster]  [-11.47, c1]  ...  [-1.03, c13]  [-5.16, c14]
c9           [-1.0, new_cluster]  [-11.29, c1]  ...  [-1.01, c13]  [-5.16, c14]
c10          [-1.0, new_cluster]   [-11.9, c1]  ...  [-1.29, c13]  [-5.16, c14]
c11          [-1.0, new_cluster]  [-10.87, c1]  ...  [-1.29, c13]  [-5.16, c14]
c12          [-1.0, new_cluster]  [-10.42, c1]  ...  [-1.15, c13]  [-5.16, c14]
c13          [-1.0, new_cluster]   [-12.3, c1]  ...  [-1.36, c13]  [-5.16, c14]
c14          [-1.0, new_cluster]    [-9.9, c1]  ...  [-1.31, c13]         [0, ]

[15 rows x 15 columns]
\begin{tabular}{llllllllllllllll}
\toprule
{} &                   0  &            1  &           2  &           3  &            4  &           5  &            6  &           7  &           8  &           9  &             10 &             11 &             12 &            13 &            14 \\
\midrule
new\_cluster &  [-1.0, new\_cluster] &  [-11.91, c1] &   [-0.7, c2] &  [-8.88, c3] &  [-15.84, c4] &  [-6.99, c5] &   [-9.69, c6] &  [-0.68, c7] &  [-0.05, c8] &  [-2.24, c9] &  [-22.83, c10] &  [-13.15, c11] &  [-18.98, c12] &  [-1.08, c13] &  [-5.16, c14] \\
c1          &  [-1.0, new\_cluster] &  [-11.38, c1] &  [-1.03, c2] &  [-9.17, c3] &  [-16.55, c4] &  [-6.23, c5] &   [-9.71, c6] &  [-0.67, c7] &  [-0.02, c8] &  [-1.82, c9] &  [-22.57, c10] &  [-13.15, c11] &  [-18.01, c12] &  [-1.01, c13] &  [-5.16, c14] \\
c2          &  [-1.0, new\_cluster] &  [-10.96, c1] &  [-0.94, c2] &  [-8.61, c3] &  [-16.24, c4] &  [-6.43, c5] &  [-10.61, c6] &  [-0.95, c7] &  [-0.06, c8] &   [-2.1, c9] &   [-23.6, c10] &  [-13.15, c11] &  [-17.77, c12] &  [-1.44, c13] &  [-5.16, c14] \\
c3          &  [-1.0, new\_cluster] &  [-11.25, c1] &  [-0.85, c2] &  [-8.77, c3] &  [-16.54, c4] &   [-7.2, c5] &   [-9.82, c6] &  [-0.95, c7] &  [-0.02, c8] &   [-1.9, c9] &  [-22.21, c10] &  [-13.15, c11] &  [-18.57, c12] &  [-1.38, c13] &  [-5.16, c14] \\
c4          &  [-1.0, new\_cluster] &  [-12.06, c1] &  [-0.96, c2] &   [-8.8, c3] &  [-17.09, c4] &  [-6.12, c5] &  [-10.64, c6] &  [-1.39, c7] &  [-0.05, c8] &  [-2.32, c9] &  [-22.13, c10] &  [-13.15, c11] &  [-19.09, c12] &  [-1.45, c13] &  [-5.16, c14] \\
c5          &  [-1.0, new\_cluster] &  [-12.42, c1] &  [-0.86, c2] &  [-9.24, c3] &   [-16.4, c4] &   [-7.1, c5] &   [-9.67, c6] &  [-1.41, c7] &  [-0.05, c8] &   [-2.1, c9] &  [-22.57, c10] &  [-13.15, c11] &  [-17.28, c12] &  [-1.29, c13] &  [-5.16, c14] \\
c6          &  [-1.0, new\_cluster] &  [-11.49, c1] &  [-0.95, c2] &  [-8.87, c3] &  [-16.19, c4] &  [-7.26, c5] &  [-10.36, c6] &  [-1.42, c7] &  [-0.09, c8] &  [-1.81, c9] &  [-22.17, c10] &  [-13.15, c11] &  [-17.43, c12] &  [-1.29, c13] &  [-5.16, c14] \\
c7          &  [-1.0, new\_cluster] &  [-11.83, c1] &  [-0.95, c2] &   [-9.1, c3] &  [-16.83, c4] &  [-6.97, c5] &   [-9.63, c6] &  [-0.76, c7] &  [-0.03, c8] &  [-1.87, c9] &  [-22.99, c10] &  [-13.15, c11] &  [-18.01, c12] &  [-1.53, c13] &  [-5.16, c14] \\
c8          &  [-1.0, new\_cluster] &  [-11.47, c1] &  [-0.73, c2] &  [-9.02, c3] &  [-16.38, c4] &  [-6.81, c5] &  [-10.43, c6] &  [-1.33, c7] &  [-0.01, c8] &  [-2.16, c9] &  [-22.05, c10] &  [-13.15, c11] &  [-17.76, c12] &  [-1.03, c13] &  [-5.16, c14] \\
c9          &  [-1.0, new\_cluster] &  [-11.29, c1] &  [-0.91, c2] &  [-8.78, c3] &   [-16.5, c4] &  [-6.94, c5] &   [-9.55, c6] &  [-0.85, c7] &  [-0.06, c8] &  [-1.89, c9] &  [-21.86, c10] &  [-13.15, c11] &  [-17.92, c12] &  [-1.01, c13] &  [-5.16, c14] \\
c10         &  [-1.0, new\_cluster] &   [-11.9, c1] &  [-0.71, c2] &  [-9.25, c3] &  [-17.26, c4] &  [-6.87, c5] &  [-10.37, c6] &   [-1.3, c7] &  [-0.02, c8] &  [-1.59, c9] &  [-20.96, c10] &  [-13.15, c11] &  [-18.19, c12] &  [-1.29, c13] &  [-5.16, c14] \\
c11         &  [-1.0, new\_cluster] &  [-10.87, c1] &  [-0.82, c2] &  [-8.68, c3] &  [-16.05, c4] &  [-6.81, c5] &   [-9.83, c6] &  [-1.64, c7] &  [-0.02, c8] &   [-1.6, c9] &  [-22.76, c10] &  [-13.15, c11] &  [-18.14, c12] &  [-1.29, c13] &  [-5.16, c14] \\
c12         &  [-1.0, new\_cluster] &  [-10.42, c1] &  [-0.89, c2] &  [-8.54, c3] &  [-16.47, c4] &   [-7.2, c5] &   [-10.0, c6] &  [-1.16, c7] &  [-0.04, c8] &   [-2.0, c9] &  [-22.23, c10] &  [-13.15, c11] &  [-17.25, c12] &  [-1.15, c13] &  [-5.16, c14] \\
c13         &  [-1.0, new\_cluster] &   [-12.3, c1] &  [-1.15, c2] &  [-8.75, c3] &  [-17.04, c4] &  [-6.55, c5] &   [-9.76, c6] &  [-2.01, c7] &  [-0.05, c8] &  [-1.93, c9] &  [-21.94, c10] &  [-13.15, c11] &   [-17.8, c12] &  [-1.36, c13] &  [-5.16, c14] \\
c14         &  [-1.0, new\_cluster] &    [-9.9, c1] &  [-0.88, c2] &  [-8.92, c3] &  [-16.31, c4] &  [-6.73, c5] &    [-9.4, c6] &  [-0.92, c7] &  [-0.03, c8] &  [-2.28, c9] &  [-22.33, c10] &  [-13.15, c11] &  [-18.22, c12] &  [-1.31, c13] &         [0, ] \\
\bottomrule
\end{tabular}

