Seed: 7
Experiment_path: AE_Model_2/Random_Seeds//V5/Experiment_05_7
Dataset_Path: ../_00_Datasets/03_SimDaten_Quiroga2020/C_Burst_Easy2_noise015.mat
Dataset_name: ['03_SimDaten_Quiroga2020', 'C_Burst_Easy2_noise015.mat']
Variant_name: Variant_05_Online_Autoencoder_QLearning
Visualisation_Path: Random_Seeds//V5/Experiment_05_7/C_Burst_Easy2_noise015.mat/Variant_05_Online_Autoencoder_QLearning/2023_04_21-13_10_11
Normalisation: False
Template Matching: False
Optimising Autoencoder: False
Update Factor: 1
Noisy Batches: False
Noisy Factor: 0.1
Epochs: 8
Batch Size: 1
maximal Spikes for Autoencoder Training : 700
maximal Spikes for Training: 1000
Input Size: 47
Chosen Model: Convolutional Autoencoder
ConvolutionalAutoencoder(
  (encoder): Sequential(
    (0): Conv1d(1, 6, kernel_size=(6,), stride=(1,))
    (1): LeakyReLU(negative_slope=0.01)
    (2): Conv1d(6, 1, kernel_size=(6,), stride=(1,))
    (3): Flatten(start_dim=1, end_dim=-1)
    (4): Linear(in_features=37, out_features=2, bias=True)
  )
  (decoder): Sequential(
    (0): ConvTranspose1d(1, 6, kernel_size=(6,), stride=(1,))
    (1): LeakyReLU(negative_slope=0.01)
    (2): ConvTranspose1d(6, 1, kernel_size=(6,), stride=(1,))
    (3): Flatten(start_dim=1, end_dim=-1)
    (4): Linear(in_features=12, out_features=47, bias=True)
  )
)
MSELoss()
Adam (
Parameter Group 0
    amsgrad: False
    betas: (0.9, 0.999)
    capturable: False
    differentiable: False
    eps: 1e-08
    foreach: None
    fused: False
    lr: 0.001
    maximize: False
    weight_decay: 0
)
---Q Learning Parameters---
Normalisation: False
Punishment Coefficient: 0.9
Alpha: 0.8
Epsilon: 0.01
Gamma: 0.97
Initial Episode Number: 0
Episode Number Coefficient: 1.4
Number of Random Features: 20
Planning Number: 20
Max Random Features: 60
New Episode Number: 72
New Episode Number: 143
New Episode Number: 215
New Episode Number: 286
New Episode Number: 358
New Episode Number: 429
New Episode Number: 500
                 0      1      2      3      4      5      6      7
new_cluster -41.60 -55.31 -42.24 -39.52 -59.75 -42.75 -77.92 -50.46
c1          -41.59 -56.20 -44.05 -39.33 -59.47 -42.33 -77.28 -50.55
c2          -41.58 -56.34 -43.78 -39.50 -59.27 -42.11 -77.60 -50.85
c3          -41.65 -56.09 -42.31 -39.00 -61.02 -42.49 -76.73 -50.74
c4          -41.76 -55.73 -43.24 -39.48 -60.04 -42.36 -76.96 -50.63
c5          -41.69 -55.34 -43.29 -39.27 -59.59 -42.19 -74.54 -51.11
c6          -41.58 -55.70 -42.79 -38.62 -59.55 -43.33 -77.44 -50.29
c7          -41.58 -55.26 -42.93 -39.61 -58.11 -42.26 -77.33 -50.17
\begin{tabular}{lrrrrrrrr}
\toprule
{} &      0 &      1 &      2 &      3 &      4 &      5 &      6 &      7 \\
\midrule
new\_cluster & -41.60 & -55.31 & -42.24 & -39.52 & -59.75 & -42.75 & -77.92 & -50.46 \\
c1          & -41.59 & -56.20 & -44.05 & -39.33 & -59.47 & -42.33 & -77.28 & -50.55 \\
c2          & -41.58 & -56.34 & -43.78 & -39.50 & -59.27 & -42.11 & -77.60 & -50.85 \\
c3          & -41.65 & -56.09 & -42.31 & -39.00 & -61.02 & -42.49 & -76.73 & -50.74 \\
c4          & -41.76 & -55.73 & -43.24 & -39.48 & -60.04 & -42.36 & -76.96 & -50.63 \\
c5          & -41.69 & -55.34 & -43.29 & -39.27 & -59.59 & -42.19 & -74.54 & -51.11 \\
c6          & -41.58 & -55.70 & -42.79 & -38.62 & -59.55 & -43.33 & -77.44 & -50.29 \\
c7          & -41.58 & -55.26 & -42.93 & -39.61 & -58.11 & -42.26 & -77.33 & -50.17 \\
\bottomrule
\end{tabular}

                                0             1  ...             6             7
new_cluster  [-3.24, new_cluster]  [-17.15, c1]  ...  [-39.94, c6]  [-12.03, c7]
c1           [-3.24, new_cluster]  [-18.04, c1]  ...  [-39.72, c6]  [-12.13, c7]
c2           [-3.24, new_cluster]  [-18.16, c1]  ...  [-39.61, c6]  [-12.43, c7]
c3           [-3.24, new_cluster]  [-17.94, c1]  ...  [-38.75, c6]  [-12.32, c7]
c4           [-3.24, new_cluster]  [-17.54, c1]  ...  [-38.95, c6]  [-12.19, c7]
c5           [-3.24, new_cluster]  [-17.19, c1]  ...  [-37.05, c6]  [-12.69, c7]
c6           [-3.24, new_cluster]  [-17.51, c1]  ...  [-39.31, c6]  [-11.87, c7]
c7           [-3.24, new_cluster]  [-17.11, c1]  ...  [-39.34, c6]  [-11.75, c7]

[8 rows x 8 columns]
\begin{tabular}{lllllllll}
\toprule
{} &                     0 &             1 &            2 &            3 &             4 &            5 &             6 &             7 \\
\midrule
new\_cluster &  [-3.24, new\_cluster] &  [-17.15, c1] &  [-3.92, c2] &   [-1.2, c3] &  [-21.45, c4] &  [-4.63, c5] &  [-39.94, c6] &  [-12.03, c7] \\
c1          &  [-3.24, new\_cluster] &  [-18.04, c1] &  [-5.69, c2] &  [-1.03, c3] &  [-21.16, c4] &  [-4.11, c5] &  [-39.72, c6] &  [-12.13, c7] \\
c2          &  [-3.24, new\_cluster] &  [-18.16, c1] &  [-5.44, c2] &  [-1.15, c3] &  [-20.84, c4] &  [-3.91, c5] &  [-39.61, c6] &  [-12.43, c7] \\
c3          &  [-3.24, new\_cluster] &  [-17.94, c1] &  [-3.98, c2] &  [-1.34, c3] &  [-22.68, c4] &  [-4.15, c5] &  [-38.75, c6] &  [-12.32, c7] \\
c4          &  [-3.24, new\_cluster] &  [-17.54, c1] &  [-4.91, c2] &  [-1.19, c3] &   [-21.6, c4] &  [-4.26, c5] &  [-38.95, c6] &  [-12.19, c7] \\
c5          &  [-3.24, new\_cluster] &  [-17.19, c1] &  [-4.98, c2] &  [-0.92, c3] &  [-21.15, c4] &  [-4.09, c5] &  [-37.05, c6] &  [-12.69, c7] \\
c6          &  [-3.24, new\_cluster] &  [-17.51, c1] &  [-4.47, c2] &   [-0.8, c3] &  [-21.23, c4] &  [-4.51, c5] &  [-39.31, c6] &  [-11.87, c7] \\
c7          &  [-3.24, new\_cluster] &  [-17.11, c1] &  [-4.59, c2] &  [-1.17, c3] &  [-20.57, c4] &  [-4.14, c5] &  [-39.34, c6] &  [-11.75, c7] \\
\bottomrule
\end{tabular}

