Experiment_path: AE_Model_2/Epochs//V4/Experiment_04
Dataset_Path: ../_00_Datasets/03_SimDaten_Quiroga2020/C_Easy1_noise040.mat
Dataset_name: ['03_SimDaten_Quiroga2020', 'C_Easy1_noise040.mat']
Variant_name: Variant_04_Offline_Autoencoder_QLearning
Visualisation_Path: AE_Model_2/Epochs//V4/Experiment_04/C_Easy1_noise040.mat/Variant_04_Offline_Autoencoder_QLearning/2023_04_25-14_58_58
Punishment_Coefficient: 1.4
<_01_LoadDataset.ExternCode.spike_class.spike_dataclass object at 0x00000226FFAFBDD8>
Sampling rate: 24000.0
Raw: [ 0.09290294  0.20189621  0.33053674 ... -0.20677271 -0.1502611
 -0.11999569]
Times: [    239     439     824 ... 1439203 1439286 1439464]
Cluster: [1 3 1 ... 3 1 2]
Number of different clusters:  3
Number of Spikes: 3386
First aligned Spike Frame: [ 0.35272875  0.22782651  0.09804678  0.0330907   0.01763465 -0.00716808
 -0.07676483 -0.17393839 -0.25156268 -0.27611297 -0.26424986 -0.2572748
 -0.14070033  0.3091543   0.84618672  0.8657919   0.33633627 -0.19287563
 -0.36620283 -0.28464978 -0.16625656 -0.0936908  -0.03935964  0.02291416
  0.0699242   0.05739865 -0.02453232 -0.1465012  -0.24130255 -0.27021376
 -0.25598501 -0.22429694 -0.17333633 -0.09081612  0.03499496  0.1799287
  0.31672358  0.42401557  0.47266498  0.4416574   0.34587776  0.22594898
  0.10664098 -0.02537482 -0.17575272 -0.29850509 -0.34589514]
Cluster 0, Occurrences: 1079
Cluster 1, Occurrences: 1158
Cluster 2, Occurrences: 1149
Train Index: 3047
x_train: 3047
y_train: 3047
x_test: 339
y_test: 339
<torch.utils.data.dataloader.DataLoader object at 0x000002268229EBA8>
<torch.utils.data.dataloader.DataLoader object at 0x00000226FFBB4400>
Epoch [1/6]: mean_loss=0.0015165153469047978
Epoch [2/6]: mean_loss=0.001269689684383471
Epoch [3/6]: mean_loss=0.0012886896261821272
Epoch [4/6]: mean_loss=0.0011803491959855093
Epoch [5/6]: mean_loss=0.0011012009429049406
Epoch [6/6]: mean_loss=0.001060655257414903
Number of Clusters: 3
Number of Samples after Autoencoder testing: 339
First Spike after testing: [-0.69585466  3.6581004 ]
[0, 2, 1, 0, 0, 1, 1, 0, 1, 2, 0, 1, 0, 0, 0, 0, 0, 1, 2, 2, 2, 0, 2, 2, 2, 0, 2, 1, 0, 0, 2, 0, 2, 2, 2, 2, 1, 1, 2, 0, 1, 1, 0, 2, 1, 2, 1, 2, 1, 0, 0, 0, 2, 2, 2, 2, 2, 0, 1, 0, 0, 0, 2, 1, 1, 1, 2, 2, 0, 2, 0, 1, 2, 0, 2, 2, 0, 0, 2, 1, 0, 1, 1, 2, 0, 0, 1, 1, 2, 1, 2, 1, 1, 1, 0, 1, 2, 1, 2, 1, 1, 1, 0, 2, 1, 0, 0, 2, 0, 0, 2, 0, 2, 2, 2, 2, 1, 1, 2, 0, 0, 1, 0, 0, 0, 2, 1, 0, 2, 2, 2, 2, 0, 1, 1, 0, 0, 2, 2, 1, 2, 2, 0, 1, 2, 1, 2, 0, 0, 0, 0, 2, 2, 0, 1, 1, 0, 1, 0, 1, 2, 0, 2, 0, 1, 2, 1, 2, 0, 1, 0, 1, 1, 2, 0, 2, 2, 1, 2, 0, 1, 2, 0, 0, 1, 2, 1, 1, 2, 2, 2, 2, 0, 1, 1, 1, 1, 0, 2, 1, 2, 2, 2, 2, 2, 0, 1, 1, 0, 1, 1, 0, 2, 1, 2, 0, 0, 1, 1, 1, 1, 2, 1, 2, 2, 1, 2, 1, 2, 2, 2, 2, 2, 0, 1, 2, 1, 0, 2, 1, 1, 1, 0, 2, 0, 0, 1, 2, 1, 1, 0, 0, 1, 0, 1, 0, 0, 1, 1, 0, 0, 2, 1, 2, 2, 0, 2, 0, 2, 2, 0, 2, 1, 2, 2, 0, 2, 1, 2, 1, 2, 0, 2, 0, 0, 2, 2, 1, 0, 2, 1, 0, 2, 1, 2, 1, 0, 0, 1, 2, 0, 2, 0, 1, 1, 1, 0, 0, 0, 0, 2, 1, 2, 1, 0, 2, 0, 0, 1, 2, 2, 1, 1, 0, 2, 0, 2, 2, 1, 0, 1, 0, 1, 0, 1, 2, 2, 0, 1]
[0, 0, 1, 0, 0, 1, 1, 0, 1, 0, 2, 1, 2, 0, 2, 2, 2, 1, 0, 0, 3, 0, 0, 0, 0, 2, 3, 1, 0, 2, 0, 2, 1, 3, 0, 3, 1, 1, 0, 2, 1, 1, 2, 0, 1, 0, 1, 3, 1, 2, 2, 2, 4, 3, 3, 3, 3, 2, 1, 2, 2, 0, 0, 1, 1, 1, 3, 4, 2, 0, 0, 1, 3, 0, 3, 3, 0, 0, 3, 1, 2, 1, 1, 2, 0, 2, 1, 1, 0, 4, 3, 4, 1, 4, 0, 4, 3, 4, 3, 4, 4, 1, 0, 3, 1, 2, 2, 3, 2, 0, 0, 0, 0, 3, 0, 3, 1, 1, 0, 2, 3, 1, 2, 2, 2, 3, 4, 0, 3, 3, 0, 3, 2, 1, 1, 2, 2, 3, 3, 4, 0, 2, 2, 1, 3, 1, 3, 2, 0, 2, 2, 0, 0, 2, 1, 1, 2, 1, 2, 1, 0, 2, 0, 2, 1, 0, 4, 3, 2, 4, 2, 1, 1, 3, 2, 0, 0, 1, 3, 2, 1, 3, 0, 2, 4, 0, 1, 1, 3, 4, 2, 3, 2, 4, 1, 1, 1, 2, 0, 1, 3, 3, 3, 0, 0, 2, 1, 1, 0, 5, 4, 0, 0, 1, 3, 2, 0, 1, 4, 1, 1, 3, 1, 4, 3, 1, 0, 1, 4, 2, 3, 0, 3, 2, 1, 3, 1, 2, 2, 1, 1, 1, 2, 3, 2, 2, 1, 3, 4, 1, 2, 2, 1, 0, 1, 2, 2, 1, 4, 0, 2, 3, 1, 0, 3, 2, 3, 0, 3, 0, 2, 0, 1, 0, 0, 2, 3, 1, 0, 1, 3, 3, 3, 2, 0, 0, 0, 1, 0, 0, 1, 2, 4, 1, 3, 1, 2, 2, 1, 3, 2, 0, 2, 1, 1, 1, 2, 2, 2, 2, 3, 1, 3, 1, 2, 4, 0, 0, 1, 2, 3, 1, 1, 2, 0, 2, 0, 0, 1, 2, 1, 2, 1, 2, 1, 3, 3, 2, 1]
Centroids: [[-0.68193686, 2.3241708], [-0.11095338, -2.9813716], [1.0892508, 2.8514867]]
Centroids: [[0.27586862, 3.3250947], [-0.16978687, -3.1521597], [-0.8055841, 2.0215757], [1.5479245, 2.8580508], [0.5483639, -1.3198814], [-1.7612293, -6.595821]]
Contingency Matrix: 
[[30  0 77  2  0  0]
 [ 0 90  0  0 17  1]
 [48  1  6 60  7  0]]
[[30, 0, 77, 2, 0, 0], [0, 90, 0, 0, 17, 1], [48, 1, 6, 60, 7, 0]]
[[30, 0, 77, 2, 0, 0], [0, 90, 0, 0, 17, 1], [48, 1, 6, 60, 7, 0]]
[0, 1, 2, 3, 4, 5]
[[30, -1, 77, 2, 0, 0], [-1, -1, -1, -1, -1, -1], [48, -1, 6, 60, 7, 0]]
[[-1, -1, -1, -1, -1, -1], [-1, -1, -1, -1, -1, -1], [48, -1, -1, 60, 7, 0]]
[[-1, -1, -1, -1, -1, -1], [-1, -1, -1, -1, -1, -1], [-1, -1, -1, -1, -1, -1]]
Match_Labels: {1: 1, 0: 2, 2: 3}
New Contingency Matrix: 
[[77  0  2 30  0  0]
 [ 0 90  0  0 17  1]
 [ 6  1 60 48  7  0]]
New Clustered Label Sequence: [2, 1, 3, 0, 4, 5]
Diagonal_Elements: [77, 90, 60], Sum: 227
All_Elements: [77, 0, 2, 30, 0, 0, 0, 90, 0, 0, 17, 1, 6, 1, 60, 48, 7, 0], Sum: 339
Accuracy: 0.6696165191740413
