Seed: 0
Experiment_path: Experiment_05
Dataset_Path: ../_00_Datasets/03_SimDaten_Quiroga2020/C_Difficult2_noise010.mat
Dataset_name: ['03_SimDaten_Quiroga2020', 'C_Difficult2_noise010.mat']
Variant_name: Variant_05_Online_Autoencoder_QLearning
Visualisation_Path: AE_Model_2/Epochs_GS_PC//V5_6/C_Difficult2_noise010.mat/Variant_05_Online_Autoencoder_QLearning/0.2
Normalisation: False
Template Matching: False
Optimising Autoencoder: False
Update Factor: 1
Noisy Batches: False
Noisy Factor: 0.001
Epochs: 6
Batch Size: 1
maximal Spikes for Autoencoder Training : 700
maximal Spikes for Training: 1000
Input Size: 47
Chosen Model: Convolutional Autoencoder
ConvolutionalAutoencoder(
  (encoder): Sequential(
    (0): Conv1d(1, 6, kernel_size=(6,), stride=(1,))
    (1): LeakyReLU(negative_slope=0.01)
    (2): Conv1d(6, 1, kernel_size=(6,), stride=(1,))
    (3): Flatten(start_dim=1, end_dim=-1)
    (4): Linear(in_features=37, out_features=2, bias=True)
  )
  (decoder): Sequential(
    (0): ConvTranspose1d(1, 6, kernel_size=(6,), stride=(1,))
    (1): LeakyReLU(negative_slope=0.01)
    (2): ConvTranspose1d(6, 1, kernel_size=(6,), stride=(1,))
    (3): Flatten(start_dim=1, end_dim=-1)
    (4): Linear(in_features=12, out_features=47, bias=True)
  )
)
MSELoss()
Adam (
Parameter Group 0
    amsgrad: False
    betas: (0.9, 0.999)
    capturable: False
    differentiable: False
    eps: 1e-08
    foreach: None
    fused: False
    lr: 0.001
    maximize: False
    weight_decay: 0
)
---Q Learning Parameters---
Normalisation: False
Punishment Coefficient: 0.2
Alpha: 0.8
Epsilon: 0.01
Gamma: 0.97
Initial Episode Number: 0
Episode Number Coefficient: 1.4
Number of Random Features: 20
Planning Number: 20
Max Random Features: 60
New Episode Number: 72
New Episode Number: 143
New Episode Number: 215
New Episode Number: 286
New Episode Number: 358
New Episode Number: 429
New Episode Number: 500
New Episode Number: 572
New Episode Number: 643
New Episode Number: 715
New Episode Number: 786
New Episode Number: 858
New Episode Number: 929
New Episode Number: 1000
New Episode Number: 1072
New Episode Number: 1143
New Episode Number: 1215
New Episode Number: 1286
New Episode Number: 1358
New Episode Number: 1429
New Episode Number: 1501
New Episode Number: 1572
New Episode Number: 1643
New Episode Number: 1715
New Episode Number: 1786
               0     1     2     3     4   ...    21     22     23     24     25
new_cluster -0.42 -9.52 -0.41 -8.06 -0.48  ... -0.74 -18.12 -18.24 -18.73 -18.55
c1          -0.42 -9.69 -0.46 -8.33 -0.47  ... -0.83 -18.10 -17.59 -18.73 -18.55
c2          -0.42 -9.68 -0.47 -8.24 -0.46  ... -0.74 -18.11 -17.99 -18.73 -18.55
c3          -0.42 -9.54 -0.47 -8.18 -0.50  ... -0.79 -18.12 -17.82 -18.73 -18.55
c4          -0.42 -9.26 -0.47 -8.31 -0.46  ... -0.79 -18.11 -17.63 -18.73 -18.55
c5          -0.43 -9.22 -0.43 -8.08 -0.45  ... -0.74 -18.13 -17.98 -18.73 -18.55
c6          -0.42 -9.55 -0.43 -8.40 -0.46  ... -0.74 -18.11 -18.10 -18.73 -18.55
c7          -0.42 -9.45 -0.43 -8.37 -0.44  ... -0.76 -18.12 -17.79 -18.73 -18.55
c8          -0.42 -9.48 -0.48 -8.26 -0.48  ... -0.75 -18.13 -18.04 -18.73 -18.55
c9          -0.42 -9.56 -0.44 -8.29 -0.47  ... -0.76 -18.13 -17.78 -18.73 -18.55
c10         -0.42 -9.25 -0.45 -8.27 -0.47  ... -0.82 -18.10 -18.01 -18.73 -18.55
c11         -0.42 -9.59 -0.46 -8.36 -0.48  ... -0.73 -18.12 -18.07 -18.73 -18.55
c12         -0.42 -9.41 -0.45 -8.34 -0.49  ... -0.81 -18.12 -17.93 -18.73 -18.55
c13         -0.42 -9.49 -0.48 -8.41 -0.51  ... -0.77 -18.12 -17.75 -18.73 -18.55
c14         -0.42 -9.45 -0.46 -8.64 -0.43  ... -0.74 -18.11 -18.38 -18.73 -18.55
c15         -0.42 -9.42 -0.49 -8.73 -0.48  ... -0.76 -18.12 -18.01 -18.73 -18.55
c16         -0.42 -9.47 -0.46 -8.47 -0.49  ... -0.78 -18.13 -17.83 -18.73   0.00
c17         -0.42 -9.28 -0.49 -8.57 -0.44  ... -0.79 -18.12 -18.22 -18.73 -18.55
c18         -0.42 -9.45 -0.45 -8.66 -0.45  ... -0.75 -18.13 -17.95 -18.73 -18.55
c19         -0.42 -9.19 -0.43 -8.24 -0.46  ... -0.79 -18.11 -18.08 -18.73 -18.55
c20         -0.42 -9.21 -0.45 -8.08 -0.46  ... -0.71 -18.13 -17.97 -18.73 -18.55
c21         -0.42 -9.46 -0.47 -8.08 -0.48  ... -0.76 -18.12 -18.06 -18.70 -18.55
c22         -0.42 -9.70 -0.49 -8.40 -0.44  ... -0.77 -18.09 -17.93 -18.73 -18.55
c23         -0.42 -9.46 -0.47 -8.42 -0.45  ... -0.80 -18.13 -17.58 -18.73 -18.55
c24         -0.42 -9.72 -0.46 -8.45 -0.53  ... -0.77 -18.12 -17.84   0.00   0.00
c25         -0.42 -9.60 -0.47 -8.43 -0.49  ... -0.76 -18.12 -17.94   0.00   0.00

[26 rows x 26 columns]
\begin{tabular}{lrrrrrrrrrrrrrrrrrrrrrrrrrr}
\toprule
{} &    0  &    1  &    2  &    3  &    4  &     5  &    6  &    7  &     8  &    9  &    10 &     11 &    12 &    13 &     14 &    15 &     16 &    17 &    18 &     19 &    20 &    21 &     22 &     23 &     24 &     25 \\
\midrule
new\_cluster & -0.42 & -9.52 & -0.41 & -8.06 & -0.48 & -16.23 & -7.80 & -0.28 & -14.35 & -1.18 & -6.96 & -16.30 & -0.78 & -1.19 & -18.48 & -0.45 & -13.84 & -9.42 & -4.95 & -10.86 & -0.46 & -0.74 & -18.12 & -18.24 & -18.73 & -18.55 \\
c1          & -0.42 & -9.69 & -0.46 & -8.33 & -0.47 & -15.86 & -7.65 & -0.29 & -14.02 & -1.09 & -7.25 & -16.03 & -0.82 & -1.17 & -17.67 & -0.45 & -14.09 & -9.03 & -4.96 & -11.07 & -0.50 & -0.83 & -18.10 & -17.59 & -18.73 & -18.55 \\
c2          & -0.42 & -9.68 & -0.47 & -8.24 & -0.46 & -15.89 & -7.73 & -0.28 & -14.53 & -1.07 & -7.30 & -16.15 & -0.74 & -1.17 & -18.30 & -0.45 & -13.79 & -9.18 & -4.95 & -11.24 & -0.50 & -0.74 & -18.11 & -17.99 & -18.73 & -18.55 \\
c3          & -0.42 & -9.54 & -0.47 & -8.18 & -0.50 & -15.80 & -7.53 & -0.29 & -13.84 & -1.11 & -7.26 & -15.73 & -0.81 & -1.17 & -18.34 & -0.43 & -13.81 & -8.95 & -4.95 & -11.38 & -0.49 & -0.79 & -18.12 & -17.82 & -18.73 & -18.55 \\
c4          & -0.42 & -9.26 & -0.47 & -8.31 & -0.46 & -16.01 & -7.50 & -0.29 & -13.97 & -1.07 & -7.18 & -16.21 & -0.80 & -1.17 & -17.62 & -0.41 & -13.76 & -9.10 & -4.95 & -11.13 & -0.49 & -0.79 & -18.11 & -17.63 & -18.73 & -18.55 \\
c5          & -0.43 & -9.22 & -0.43 & -8.08 & -0.45 & -16.20 & -7.50 & -0.30 & -13.85 & -1.11 & -7.16 & -16.13 & -0.85 & -1.17 & -18.19 & -0.43 & -13.54 & -8.93 & -4.95 & -11.44 & -0.53 & -0.74 & -18.13 & -17.98 & -18.73 & -18.55 \\
c6          & -0.42 & -9.55 & -0.43 & -8.40 & -0.46 & -16.28 & -7.59 & -0.30 & -14.01 & -1.09 & -7.11 & -15.91 & -0.74 & -1.17 & -17.56 & -0.43 & -13.33 & -9.01 & -4.96 & -10.77 & -0.49 & -0.74 & -18.11 & -18.10 & -18.73 & -18.55 \\
c7          & -0.42 & -9.45 & -0.43 & -8.37 & -0.44 & -16.38 & -7.71 & -0.29 & -14.35 & -1.03 & -7.01 & -16.01 & -0.85 & -1.17 & -17.97 & -0.41 & -13.93 & -8.79 & -4.95 & -11.04 & -0.53 & -0.76 & -18.12 & -17.79 & -18.73 & -18.55 \\
c8          & -0.42 & -9.48 & -0.48 & -8.26 & -0.48 & -15.96 & -7.63 & -0.28 & -14.09 & -1.15 & -7.16 & -16.40 & -0.78 & -1.17 & -17.99 & -0.41 & -14.08 & -9.05 & -4.95 & -11.27 & -0.48 & -0.75 & -18.13 & -18.04 & -18.73 & -18.55 \\
c9          & -0.42 & -9.56 & -0.44 & -8.29 & -0.47 & -16.11 & -7.46 & -0.29 & -14.31 & -1.15 & -7.18 & -15.86 & -0.78 & -1.18 & -18.19 & -0.41 & -13.48 & -9.23 & -4.95 & -11.25 & -0.51 & -0.76 & -18.13 & -17.78 & -18.73 & -18.55 \\
c10         & -0.42 & -9.25 & -0.45 & -8.27 & -0.47 & -16.18 & -7.63 & -0.28 & -14.17 & -1.13 & -7.23 & -15.88 & -0.73 & -1.17 & -17.86 & -0.44 & -13.75 & -8.88 & -4.95 & -11.13 & -0.47 & -0.82 & -18.10 & -18.01 & -18.73 & -18.55 \\
c11         & -0.42 & -9.59 & -0.46 & -8.36 & -0.48 & -16.07 & -7.43 & -0.29 & -14.27 & -1.05 & -7.10 & -16.61 & -0.75 & -1.17 & -18.23 & -0.43 & -13.62 & -9.13 & -4.95 & -11.74 & -0.50 & -0.73 & -18.12 & -18.07 & -18.73 & -18.55 \\
c12         & -0.42 & -9.41 & -0.45 & -8.34 & -0.49 & -15.37 & -7.67 & -0.28 & -14.52 & -1.19 & -7.40 & -16.20 & -0.74 & -1.17 & -17.83 & -0.42 & -13.21 & -9.03 & -4.95 & -10.99 & -0.51 & -0.81 & -18.12 & -17.93 & -18.73 & -18.55 \\
c13         & -0.42 & -9.49 & -0.48 & -8.41 & -0.51 & -16.04 & -7.60 & -0.28 & -14.54 & -1.16 & -7.19 & -16.03 & -0.82 & -1.17 & -17.89 & -0.40 & -13.87 & -8.93 & -4.95 & -11.20 & -0.47 & -0.77 & -18.12 & -17.75 & -18.73 & -18.55 \\
c14         & -0.42 & -9.45 & -0.46 & -8.64 & -0.43 & -15.99 & -7.43 & -0.28 & -14.27 & -1.21 & -7.18 & -15.88 & -0.75 & -1.19 & -17.61 & -0.42 & -13.47 & -9.59 & -4.96 & -11.16 & -0.49 & -0.74 & -18.11 & -18.38 & -18.73 & -18.55 \\
c15         & -0.42 & -9.42 & -0.49 & -8.73 & -0.48 & -15.80 & -7.67 & -0.31 & -14.16 & -1.09 & -7.04 & -16.09 & -0.72 & -1.17 & -17.64 & -0.41 & -13.70 & -8.89 & -4.96 & -11.17 & -0.49 & -0.76 & -18.12 & -18.01 & -18.73 & -18.55 \\
c16         & -0.42 & -9.47 & -0.46 & -8.47 & -0.49 & -15.95 & -7.58 & -0.30 & -14.42 & -1.10 & -7.08 & -16.08 & -0.78 & -1.17 & -17.82 & -0.42 & -13.86 & -9.19 & -4.95 & -11.12 & -0.51 & -0.78 & -18.13 & -17.83 & -18.73 &   0.00 \\
c17         & -0.42 & -9.28 & -0.49 & -8.57 & -0.44 & -15.51 & -7.59 & -0.30 & -14.34 & -1.16 & -7.28 & -16.14 & -0.80 & -1.17 & -18.09 & -0.40 & -13.55 & -9.56 & -4.95 & -11.43 & -0.49 & -0.79 & -18.12 & -18.22 & -18.73 & -18.55 \\
c18         & -0.42 & -9.45 & -0.45 & -8.66 & -0.45 & -15.96 & -7.69 & -0.30 & -14.24 & -1.14 & -7.24 & -15.91 & -0.78 & -1.17 & -18.24 & -0.41 & -13.41 & -9.43 & -4.95 & -11.57 & -0.49 & -0.75 & -18.13 & -17.95 & -18.73 & -18.55 \\
c19         & -0.42 & -9.19 & -0.43 & -8.24 & -0.46 & -16.50 & -7.45 & -0.30 & -13.84 & -1.14 & -7.37 & -16.13 & -0.79 & -1.17 & -18.35 & -0.41 & -13.71 & -9.10 & -4.96 & -11.05 & -0.53 & -0.79 & -18.11 & -18.08 & -18.73 & -18.55 \\
c20         & -0.42 & -9.21 & -0.45 & -8.08 & -0.46 & -15.88 & -7.31 & -0.30 & -14.04 & -1.05 & -7.17 & -15.98 & -0.76 & -1.17 & -18.13 & -0.46 & -13.59 & -9.11 & -4.95 & -11.20 & -0.51 & -0.71 & -18.13 & -17.97 & -18.73 & -18.55 \\
c21         & -0.42 & -9.46 & -0.47 & -8.08 & -0.48 & -15.83 & -7.49 & -0.28 & -13.99 & -1.26 & -7.23 & -15.95 & -0.73 & -1.17 & -17.87 & -0.43 & -13.79 & -9.35 & -4.96 & -11.31 & -0.51 & -0.76 & -18.12 & -18.06 & -18.70 & -18.55 \\
c22         & -0.42 & -9.70 & -0.49 & -8.40 & -0.44 & -16.58 & -7.40 & -0.30 & -14.14 & -1.15 & -6.91 & -15.99 & -0.79 & -1.17 & -17.68 & -0.42 & -13.85 & -9.16 & -4.95 & -11.13 & -0.52 & -0.77 & -18.09 & -17.93 & -18.73 & -18.55 \\
c23         & -0.42 & -9.46 & -0.47 & -8.42 & -0.45 & -15.69 & -7.34 & -0.30 & -13.83 & -1.13 & -7.24 & -16.03 & -0.80 & -1.17 & -17.96 & -0.44 & -13.70 & -9.20 & -4.95 & -11.10 & -0.52 & -0.80 & -18.13 & -17.58 & -18.73 & -18.55 \\
c24         & -0.42 & -9.72 & -0.46 & -8.45 & -0.53 & -15.79 & -7.53 & -0.29 & -14.23 & -1.10 & -7.13 & -15.97 & -0.82 & -1.19 & -17.91 & -0.41 & -13.46 & -8.70 & -4.95 & -11.10 & -0.52 & -0.77 & -18.12 & -17.84 &   0.00 &   0.00 \\
c25         & -0.42 & -9.60 & -0.47 & -8.43 & -0.49 & -16.13 & -7.38 & -0.28 & -14.65 & -1.12 & -6.94 & -16.08 & -0.83 & -1.17 & -18.48 & -0.41 & -13.60 & -9.19 & -4.95 & -10.88 & -0.50 & -0.76 & -18.12 & -17.94 &   0.00 &   0.00 \\
\bottomrule
\end{tabular}

                               0            1   ...             24             25
new_cluster  [-0.16, new_cluster]  [-9.24, c1]  ...  [-18.73, c24]  [-18.55, c25]
c1           [-0.16, new_cluster]  [-9.41, c1]  ...  [-18.73, c24]  [-18.55, c25]
c2           [-0.16, new_cluster]   [-9.4, c1]  ...  [-18.73, c24]  [-18.55, c25]
c3           [-0.16, new_cluster]  [-9.26, c1]  ...  [-18.73, c24]  [-18.55, c25]
c4           [-0.16, new_cluster]  [-8.98, c1]  ...  [-18.73, c24]  [-18.55, c25]
c5           [-0.16, new_cluster]  [-8.94, c1]  ...  [-18.73, c24]  [-18.55, c25]
c6           [-0.16, new_cluster]  [-9.28, c1]  ...  [-18.73, c24]  [-18.55, c25]
c7           [-0.16, new_cluster]  [-9.17, c1]  ...  [-18.73, c24]  [-18.55, c25]
c8           [-0.16, new_cluster]  [-9.21, c1]  ...  [-18.73, c24]  [-18.55, c25]
c9           [-0.16, new_cluster]  [-9.28, c1]  ...  [-18.73, c24]  [-18.55, c25]
c10          [-0.16, new_cluster]  [-8.97, c1]  ...  [-18.73, c24]  [-18.55, c25]
c11          [-0.16, new_cluster]  [-9.32, c1]  ...  [-18.73, c24]  [-18.55, c25]
c12          [-0.16, new_cluster]  [-9.14, c1]  ...  [-18.73, c24]  [-18.55, c25]
c13          [-0.16, new_cluster]  [-9.22, c1]  ...  [-18.73, c24]  [-18.55, c25]
c14          [-0.16, new_cluster]  [-9.17, c1]  ...  [-18.73, c24]  [-18.55, c25]
c15          [-0.16, new_cluster]  [-9.14, c1]  ...  [-18.73, c24]  [-18.55, c25]
c16          [-0.16, new_cluster]   [-9.2, c1]  ...  [-18.73, c24]          [0, ]
c17          [-0.16, new_cluster]   [-9.0, c1]  ...  [-18.73, c24]  [-18.55, c25]
c18          [-0.16, new_cluster]  [-9.16, c1]  ...  [-18.73, c24]  [-18.55, c25]
c19          [-0.16, new_cluster]  [-8.91, c1]  ...  [-18.73, c24]  [-18.55, c25]
c20          [-0.16, new_cluster]  [-8.93, c1]  ...  [-18.73, c24]  [-18.55, c25]
c21          [-0.16, new_cluster]  [-9.18, c1]  ...  [-18.73, c24]  [-18.55, c25]
c22          [-0.16, new_cluster]  [-9.41, c1]  ...  [-18.73, c24]  [-18.55, c25]
c23          [-0.16, new_cluster]  [-9.18, c1]  ...  [-18.73, c24]  [-18.55, c25]
c24          [-0.16, new_cluster]  [-9.44, c1]  ...          [0, ]          [0, ]
c25          [-0.16, new_cluster]  [-9.32, c1]  ...          [0, ]          [0, ]

[26 rows x 26 columns]
\begin{tabular}{lllllllllllllllllllllllllll}
\toprule
{} &                    0  &           1  &           2  &           3  &           4  &            5  &           6  &           7  &            8  &           9  &            10 &             11 &            12 &           13 &             14 &            15 &             16 &            17 &            18 &             19 &            20 &            21 &             22 &             23 &             24 &             25 \\
\midrule
new\_cluster &  [-0.16, new\_cluster] &  [-9.24, c1] &  [-0.14, c2] &  [-7.78, c3] &  [-0.19, c4] &  [-15.94, c5] &  [-7.51, c6] &   [-0.0, c7] &  [-14.06, c8] &  [-0.91, c9] &  [-6.68, c10] &  [-16.01, c11] &  [-0.51, c12] &  [-0.9, c13] &  [-18.21, c14] &  [-0.16, c15] &  [-13.84, c16] &  [-9.14, c17] &  [-4.67, c18] &  [-10.58, c19] &  [-0.17, c20] &  [-0.46, c21] &  [-17.83, c22] &  [-17.96, c23] &  [-18.73, c24] &  [-18.55, c25] \\
c1          &  [-0.16, new\_cluster] &  [-9.41, c1] &  [-0.19, c2] &  [-8.04, c3] &  [-0.18, c4] &  [-15.57, c5] &  [-7.36, c6] &  [-0.01, c7] &  [-13.72, c8] &   [-0.8, c9] &   [-7.0, c10] &  [-15.75, c11] &  [-0.55, c12] &  [-0.9, c13] &   [-17.4, c14] &  [-0.16, c15] &  [-14.09, c16] &  [-8.75, c17] &  [-4.67, c18] &  [-10.78, c19] &  [-0.21, c20] &  [-0.56, c21] &  [-17.81, c22] &  [-17.31, c23] &  [-18.73, c24] &  [-18.55, c25] \\
c2          &  [-0.16, new\_cluster] &   [-9.4, c1] &   [-0.2, c2] &  [-7.96, c3] &  [-0.18, c4] &  [-15.61, c5] &  [-7.44, c6] &   [-0.0, c7] &  [-14.25, c8] &  [-0.79, c9] &  [-7.03, c10] &  [-15.87, c11] &  [-0.46, c12] &  [-0.9, c13] &  [-18.03, c14] &  [-0.16, c15] &  [-13.79, c16] &   [-8.9, c17] &  [-4.67, c18] &  [-10.95, c19] &  [-0.21, c20] &  [-0.47, c21] &  [-17.83, c22] &   [-17.7, c23] &  [-18.73, c24] &  [-18.55, c25] \\
c3          &  [-0.16, new\_cluster] &  [-9.26, c1] &   [-0.2, c2] &   [-7.9, c3] &  [-0.21, c4] &  [-15.51, c5] &  [-7.24, c6] &  [-0.01, c7] &  [-13.57, c8] &  [-0.83, c9] &  [-6.99, c10] &  [-15.44, c11] &  [-0.53, c12] &  [-0.9, c13] &  [-18.06, c14] &  [-0.14, c15] &  [-13.81, c16] &  [-8.66, c17] &  [-4.67, c18] &  [-11.09, c19] &   [-0.2, c20] &   [-0.5, c21] &  [-17.84, c22] &  [-17.53, c23] &  [-18.73, c24] &  [-18.55, c25] \\
c4          &  [-0.16, new\_cluster] &  [-8.98, c1] &   [-0.2, c2] &  [-8.03, c3] &  [-0.18, c4] &  [-15.72, c5] &  [-7.21, c6] &  [-0.01, c7] &  [-13.68, c8] &  [-0.78, c9] &   [-6.9, c10] &  [-15.93, c11] &  [-0.52, c12] &  [-0.9, c13] &  [-17.35, c14] &  [-0.11, c15] &  [-13.76, c16] &  [-8.81, c17] &  [-4.67, c18] &  [-10.84, c19] &   [-0.2, c20] &  [-0.52, c21] &  [-17.83, c22] &  [-17.34, c23] &  [-18.73, c24] &  [-18.55, c25] \\
c5          &  [-0.16, new\_cluster] &  [-8.94, c1] &  [-0.14, c2] &   [-7.8, c3] &  [-0.16, c4] &  [-15.92, c5] &   [-7.2, c6] &  [-0.01, c7] &  [-13.58, c8] &  [-0.83, c9] &  [-6.89, c10] &  [-15.85, c11] &  [-0.58, c12] &  [-0.9, c13] &  [-17.92, c14] &  [-0.13, c15] &  [-13.54, c16] &  [-8.65, c17] &  [-4.67, c18] &  [-11.14, c19] &  [-0.24, c20] &  [-0.46, c21] &  [-17.84, c22] &  [-17.69, c23] &  [-18.73, c24] &  [-18.55, c25] \\
c6          &  [-0.16, new\_cluster] &  [-9.28, c1] &  [-0.16, c2] &  [-8.12, c3] &  [-0.18, c4] &   [-16.0, c5] &   [-7.3, c6] &  [-0.02, c7] &  [-13.73, c8] &  [-0.81, c9] &  [-6.83, c10] &  [-15.62, c11] &  [-0.47, c12] &  [-0.9, c13] &  [-17.29, c14] &  [-0.14, c15] &  [-13.33, c16] &  [-8.72, c17] &  [-4.67, c18] &  [-10.48, c19] &   [-0.2, c20] &  [-0.46, c21] &  [-17.82, c22] &  [-17.81, c23] &  [-18.73, c24] &  [-18.55, c25] \\
c7          &  [-0.16, new\_cluster] &  [-9.17, c1] &  [-0.15, c2] &  [-8.08, c3] &  [-0.16, c4] &   [-16.1, c5] &  [-7.42, c6] &  [-0.01, c7] &  [-14.07, c8] &  [-0.75, c9] &  [-6.72, c10] &  [-15.73, c11] &  [-0.57, c12] &  [-0.9, c13] &  [-17.69, c14] &  [-0.12, c15] &  [-13.93, c16] &   [-8.5, c17] &  [-4.67, c18] &  [-10.76, c19] &  [-0.24, c20] &  [-0.49, c21] &  [-17.84, c22] &  [-17.51, c23] &  [-18.73, c24] &  [-18.55, c25] \\
c8          &  [-0.16, new\_cluster] &  [-9.21, c1] &  [-0.21, c2] &  [-7.98, c3] &   [-0.2, c4] &  [-15.67, c5] &  [-7.33, c6] &  [-0.01, c7] &  [-13.81, c8] &  [-0.87, c9] &  [-6.87, c10] &  [-16.12, c11] &   [-0.5, c12] &  [-0.9, c13] &  [-17.72, c14] &  [-0.12, c15] &  [-14.08, c16] &  [-8.77, c17] &  [-4.67, c18] &  [-10.98, c19] &  [-0.19, c20] &  [-0.47, c21] &  [-17.84, c22] &  [-17.76, c23] &  [-18.73, c24] &  [-18.55, c25] \\
c9          &  [-0.16, new\_cluster] &  [-9.28, c1] &  [-0.17, c2] &   [-8.0, c3] &  [-0.19, c4] &  [-15.82, c5] &  [-7.17, c6] &  [-0.01, c7] &  [-14.02, c8] &  [-0.86, c9] &   [-6.9, c10] &  [-15.58, c11] &  [-0.51, c12] &  [-0.9, c13] &  [-17.92, c14] &  [-0.12, c15] &  [-13.48, c16] &  [-8.95, c17] &  [-4.67, c18] &  [-10.95, c19] &  [-0.22, c20] &  [-0.49, c21] &  [-17.84, c22] &  [-17.49, c23] &  [-18.73, c24] &  [-18.55, c25] \\
c10         &  [-0.16, new\_cluster] &  [-8.97, c1] &  [-0.18, c2] &  [-7.99, c3] &  [-0.18, c4] &   [-15.9, c5] &  [-7.34, c6] &  [-0.01, c7] &  [-13.87, c8] &  [-0.84, c9] &  [-6.95, c10] &   [-15.6, c11] &  [-0.44, c12] &  [-0.9, c13] &  [-17.59, c14] &  [-0.15, c15] &  [-13.75, c16] &   [-8.6, c17] &  [-4.67, c18] &  [-10.85, c19] &  [-0.18, c20] &  [-0.54, c21] &  [-17.81, c22] &  [-17.72, c23] &  [-18.73, c24] &  [-18.55, c25] \\
c11         &  [-0.16, new\_cluster] &  [-9.32, c1] &  [-0.19, c2] &  [-8.08, c3] &   [-0.2, c4] &  [-15.79, c5] &  [-7.14, c6] &  [-0.01, c7] &  [-13.98, c8] &  [-0.77, c9] &  [-6.84, c10] &  [-16.33, c11] &  [-0.48, c12] &  [-0.9, c13] &  [-17.95, c14] &  [-0.14, c15] &  [-13.62, c16] &  [-8.85, c17] &  [-4.67, c18] &  [-11.45, c19] &  [-0.21, c20] &  [-0.46, c21] &  [-17.84, c22] &   [-17.8, c23] &  [-18.73, c24] &  [-18.55, c25] \\
c12         &  [-0.16, new\_cluster] &  [-9.14, c1] &  [-0.17, c2] &  [-8.06, c3] &   [-0.2, c4] &  [-15.08, c5] &  [-7.38, c6] &   [-0.0, c7] &  [-14.24, c8] &  [-0.91, c9] &  [-7.13, c10] &  [-15.91, c11] &  [-0.46, c12] &  [-0.9, c13] &  [-17.56, c14] &  [-0.13, c15] &  [-13.21, c16] &  [-8.75, c17] &  [-4.67, c18] &   [-10.7, c19] &  [-0.22, c20] &  [-0.54, c21] &  [-17.84, c22] &  [-17.64, c23] &  [-18.73, c24] &  [-18.55, c25] \\
c13         &  [-0.16, new\_cluster] &  [-9.22, c1] &   [-0.2, c2] &  [-8.12, c3] &  [-0.23, c4] &  [-15.75, c5] &   [-7.3, c6] &   [-0.0, c7] &  [-14.25, c8] &  [-0.88, c9] &  [-6.92, c10] &  [-15.75, c11] &  [-0.54, c12] &  [-0.9, c13] &  [-17.62, c14] &  [-0.11, c15] &  [-13.87, c16] &  [-8.65, c17] &  [-4.67, c18] &  [-10.91, c19] &  [-0.18, c20] &  [-0.49, c21] &  [-17.83, c22] &  [-17.46, c23] &  [-18.73, c24] &  [-18.55, c25] \\
c14         &  [-0.16, new\_cluster] &  [-9.17, c1] &  [-0.19, c2] &  [-8.36, c3] &  [-0.15, c4] &  [-15.71, c5] &  [-7.14, c6] &  [-0.01, c7] &  [-13.98, c8] &  [-0.92, c9] &  [-6.91, c10] &  [-15.59, c11] &  [-0.49, c12] &  [-0.9, c13] &  [-17.33, c14] &  [-0.13, c15] &  [-13.47, c16] &  [-9.31, c17] &  [-4.67, c18] &  [-10.87, c19] &   [-0.2, c20] &  [-0.46, c21] &  [-17.83, c22] &  [-18.09, c23] &  [-18.73, c24] &  [-18.55, c25] \\
c15         &  [-0.16, new\_cluster] &  [-9.14, c1] &  [-0.22, c2] &  [-8.44, c3] &  [-0.19, c4] &  [-15.51, c5] &  [-7.37, c6] &  [-0.02, c7] &  [-13.89, c8] &  [-0.83, c9] &  [-6.76, c10] &  [-15.81, c11] &  [-0.44, c12] &  [-0.9, c13] &  [-17.36, c14] &  [-0.12, c15] &   [-13.7, c16] &  [-8.61, c17] &  [-4.67, c18] &  [-10.88, c19] &   [-0.2, c20] &  [-0.48, c21] &  [-17.83, c22] &  [-17.72, c23] &  [-18.73, c24] &  [-18.55, c25] \\
c16         &  [-0.16, new\_cluster] &   [-9.2, c1] &  [-0.19, c2] &  [-8.19, c3] &   [-0.2, c4] &  [-15.65, c5] &  [-7.29, c6] &  [-0.02, c7] &  [-14.13, c8] &  [-0.83, c9] &  [-6.83, c10] &  [-15.81, c11] &  [-0.51, c12] &  [-0.9, c13] &  [-17.55, c14] &  [-0.13, c15] &  [-13.86, c16] &  [-8.91, c17] &  [-4.67, c18] &  [-10.84, c19] &  [-0.21, c20] &  [-0.51, c21] &  [-17.85, c22] &  [-17.55, c23] &  [-18.73, c24] &          [0, ] \\
c17         &  [-0.16, new\_cluster] &   [-9.0, c1] &  [-0.22, c2] &  [-8.28, c3] &  [-0.15, c4] &  [-15.22, c5] &   [-7.3, c6] &  [-0.01, c7] &  [-14.07, c8] &  [-0.89, c9] &   [-7.0, c10] &  [-15.86, c11] &  [-0.53, c12] &  [-0.9, c13] &  [-17.82, c14] &  [-0.11, c15] &  [-13.55, c16] &  [-9.27, c17] &  [-4.67, c18] &  [-11.13, c19] &   [-0.2, c20] &  [-0.51, c21] &  [-17.83, c22] &  [-17.93, c23] &  [-18.73, c24] &  [-18.55, c25] \\
c18         &  [-0.16, new\_cluster] &  [-9.16, c1] &  [-0.17, c2] &  [-8.38, c3] &  [-0.17, c4] &  [-15.67, c5] &   [-7.4, c6] &  [-0.01, c7] &  [-13.96, c8] &  [-0.86, c9] &  [-6.95, c10] &  [-15.64, c11] &  [-0.51, c12] &  [-0.9, c13] &  [-17.97, c14] &  [-0.11, c15] &  [-13.41, c16] &  [-9.15, c17] &  [-4.67, c18] &  [-11.28, c19] &   [-0.2, c20] &  [-0.47, c21] &  [-17.84, c22] &  [-17.66, c23] &  [-18.73, c24] &  [-18.55, c25] \\
c19         &  [-0.16, new\_cluster] &  [-8.91, c1] &  [-0.16, c2] &  [-7.95, c3] &  [-0.17, c4] &  [-16.21, c5] &  [-7.15, c6] &  [-0.01, c7] &  [-13.56, c8] &  [-0.87, c9] &  [-7.09, c10] &  [-15.84, c11] &   [-0.5, c12] &  [-0.9, c13] &  [-18.07, c14] &  [-0.11, c15] &  [-13.71, c16] &  [-8.82, c17] &  [-4.67, c18] &  [-10.76, c19] &  [-0.24, c20] &  [-0.52, c21] &  [-17.82, c22] &  [-17.79, c23] &  [-18.73, c24] &  [-18.55, c25] \\
c20         &  [-0.16, new\_cluster] &  [-8.93, c1] &  [-0.18, c2] &   [-7.8, c3] &  [-0.18, c4] &   [-15.6, c5] &  [-7.02, c6] &  [-0.01, c7] &  [-13.76, c8] &  [-0.76, c9] &   [-6.9, c10] &  [-15.71, c11] &  [-0.49, c12] &  [-0.9, c13] &  [-17.86, c14] &  [-0.17, c15] &  [-13.59, c16] &  [-8.83, c17] &  [-4.67, c18] &  [-10.92, c19] &  [-0.21, c20] &  [-0.44, c21] &  [-17.84, c22] &  [-17.68, c23] &  [-18.73, c24] &  [-18.55, c25] \\
c21         &  [-0.16, new\_cluster] &  [-9.18, c1] &  [-0.19, c2] &  [-7.79, c3] &   [-0.2, c4] &  [-15.54, c5] &   [-7.2, c6] &  [-0.01, c7] &  [-13.72, c8] &  [-0.98, c9] &  [-6.94, c10] &  [-15.67, c11] &  [-0.45, c12] &  [-0.9, c13] &   [-17.6, c14] &  [-0.14, c15] &  [-13.79, c16] &  [-9.06, c17] &  [-4.67, c18] &  [-11.03, c19] &  [-0.22, c20] &  [-0.49, c21] &  [-17.83, c22] &  [-17.78, c23] &  [-18.73, c24] &  [-18.55, c25] \\
c22         &  [-0.16, new\_cluster] &  [-9.41, c1] &  [-0.21, c2] &  [-8.12, c3] &  [-0.16, c4] &  [-16.29, c5] &  [-7.11, c6] &  [-0.02, c7] &  [-13.87, c8] &  [-0.87, c9] &  [-6.64, c10] &  [-15.71, c11] &  [-0.52, c12] &  [-0.9, c13] &  [-17.41, c14] &  [-0.13, c15] &  [-13.85, c16] &  [-8.88, c17] &  [-4.67, c18] &  [-10.85, c19] &  [-0.22, c20] &  [-0.48, c21] &   [-17.8, c22] &  [-17.65, c23] &  [-18.73, c24] &  [-18.55, c25] \\
c23         &  [-0.16, new\_cluster] &  [-9.18, c1] &   [-0.2, c2] &  [-8.14, c3] &  [-0.17, c4] &   [-15.4, c5] &  [-7.05, c6] &  [-0.01, c7] &  [-13.55, c8] &  [-0.85, c9] &  [-6.97, c10] &  [-15.74, c11] &  [-0.53, c12] &  [-0.9, c13] &  [-17.69, c14] &  [-0.15, c15] &   [-13.7, c16] &  [-8.91, c17] &  [-4.67, c18] &  [-10.81, c19] &  [-0.23, c20] &  [-0.51, c21] &  [-17.84, c22] &  [-17.29, c23] &  [-18.73, c24] &  [-18.55, c25] \\
c24         &  [-0.16, new\_cluster] &  [-9.44, c1] &  [-0.18, c2] &  [-8.17, c3] &  [-0.24, c4] &  [-15.51, c5] &  [-7.24, c6] &  [-0.01, c7] &  [-13.95, c8] &  [-0.84, c9] &  [-6.86, c10] &  [-15.68, c11] &  [-0.55, c12] &  [-0.9, c13] &  [-17.63, c14] &  [-0.11, c15] &  [-13.46, c16] &  [-8.42, c17] &  [-4.67, c18] &  [-10.81, c19] &  [-0.23, c20] &  [-0.49, c21] &  [-17.83, c22] &  [-17.55, c23] &          [0, ] &          [0, ] \\
c25         &  [-0.16, new\_cluster] &  [-9.32, c1] &   [-0.2, c2] &  [-8.14, c3] &   [-0.2, c4] &  [-15.84, c5] &  [-7.09, c6] &  [-0.01, c7] &  [-14.35, c8] &  [-0.83, c9] &  [-6.66, c10] &  [-15.81, c11] &  [-0.56, c12] &  [-0.9, c13] &  [-18.21, c14] &  [-0.11, c15] &   [-13.6, c16] &   [-8.9, c17] &  [-4.67, c18] &   [-10.6, c19] &  [-0.21, c20] &  [-0.48, c21] &  [-17.84, c22] &  [-17.65, c23] &          [0, ] &          [0, ] \\
\bottomrule
\end{tabular}

