Experiment_path: AE_Model_2/Epochs//V4/Experiment_04
Dataset_Path: ../_00_Datasets/03_SimDaten_Quiroga2020/C_Difficult1_noise020.mat
Dataset_name: ['03_SimDaten_Quiroga2020', 'C_Difficult1_noise020.mat']
Variant_name: Variant_04_Offline_Autoencoder_QLearning
Visualisation_Path: AE_Model_2/Epochs//V4/Experiment_04/C_Difficult1_noise020.mat/Variant_04_Offline_Autoencoder_QLearning/2023_04_25-19_34_42
Punishment_Coefficient: 0.6
<_01_LoadDataset.ExternCode.spike_class.spike_dataclass object at 0x0000017288562240>
Sampling rate: 24000.0
Raw: [0.07805807 0.0565915  0.02594138 ... 0.2738422  0.26036418 0.26764671]
Times: [    368     630     648 ... 1439484 1439672 1439764]
Cluster: [2 2 1 ... 1 1 3]
Number of different clusters:  3
Number of Spikes: 3414
First aligned Spike Frame: [-0.38605838 -0.38126768 -0.38226316 -0.39416749 -0.41080739 -0.41171959
 -0.38717544 -0.35786686 -0.38107535 -0.49467824 -0.61843181 -0.58172559
 -0.24572387  0.35672948  0.89024247  1.0117557   0.76459666  0.43756704
  0.20139815  0.0394919  -0.09249478 -0.19279146 -0.23446076 -0.21807174
 -0.17478611 -0.12910555 -0.08593802 -0.03628316  0.029471    0.09510752
  0.13901987  0.15819091  0.1762069   0.21560464  0.27527193  0.33233202
  0.36740003  0.38309659  0.39850514  0.42031497  0.43304033  0.41207346
  0.35038997  0.26929981  0.20084763  0.15457014  0.10809812]
Cluster 0, Occurrences: 1136
Cluster 1, Occurrences: 1099
Cluster 2, Occurrences: 1179
Train Index: 3073
x_train: 3073
y_train: 3073
x_test: 341
y_test: 341
<torch.utils.data.dataloader.DataLoader object at 0x00000172883ED978>
<torch.utils.data.dataloader.DataLoader object at 0x00000172883EDA20>
Epoch [1/20]: mean_loss=0.00046517900132149546
Epoch [2/20]: mean_loss=0.00032081418078825524
Epoch [3/20]: mean_loss=0.0003159331059913138
Epoch [4/20]: mean_loss=0.0003141220207448856
Epoch [5/20]: mean_loss=0.00031322197354614754
Epoch [6/20]: mean_loss=0.00031265052865246315
Epoch [7/20]: mean_loss=0.00031232906067837847
Epoch [8/20]: mean_loss=0.0003119894872236787
Epoch [9/20]: mean_loss=0.0003118609734973029
Epoch [10/20]: mean_loss=0.0003115946316065402
Epoch [11/20]: mean_loss=0.0003113557557004731
Epoch [12/20]: mean_loss=0.0003112881437424065
Epoch [13/20]: mean_loss=0.00031098179407648105
Epoch [14/20]: mean_loss=0.00031098077259169817
Epoch [15/20]: mean_loss=0.00031091089975943484
Epoch [16/20]: mean_loss=0.0003109081650411621
Epoch [17/20]: mean_loss=0.0003108679457257595
Epoch [18/20]: mean_loss=0.000310977904372744
Epoch [19/20]: mean_loss=0.00031096768346359046
Epoch [20/20]: mean_loss=0.0003109446707343167
Number of Clusters: 3
Number of Samples after Autoencoder testing: 341
First Spike after testing: [-0.65972185 -0.23084858]
[0, 2, 1, 0, 1, 0, 0, 2, 1, 0, 2, 2, 2, 0, 2, 0, 2, 1, 0, 1, 2, 1, 2, 0, 2, 2, 1, 1, 2, 2, 2, 0, 0, 2, 2, 0, 0, 2, 0, 2, 2, 0, 1, 0, 1, 2, 2, 1, 0, 2, 0, 1, 2, 1, 1, 2, 0, 2, 1, 1, 1, 2, 0, 2, 1, 1, 2, 1, 2, 0, 2, 1, 1, 2, 2, 0, 1, 2, 0, 1, 2, 0, 1, 0, 1, 0, 2, 2, 0, 0, 2, 0, 2, 1, 0, 0, 2, 1, 1, 2, 1, 2, 1, 2, 1, 1, 2, 1, 1, 1, 0, 2, 1, 2, 0, 1, 2, 0, 2, 1, 0, 1, 0, 1, 0, 1, 0, 1, 2, 0, 1, 0, 0, 0, 0, 1, 2, 1, 2, 0, 1, 2, 1, 0, 0, 2, 1, 0, 2, 1, 2, 0, 2, 2, 1, 2, 2, 1, 2, 1, 2, 1, 0, 1, 1, 0, 1, 1, 0, 2, 0, 2, 0, 1, 0, 0, 1, 2, 2, 1, 1, 1, 2, 0, 2, 0, 1, 2, 1, 2, 0, 2, 0, 1, 2, 0, 2, 1, 0, 1, 1, 2, 1, 1, 2, 1, 2, 1, 1, 2, 1, 1, 2, 0, 2, 0, 1, 1, 2, 1, 2, 2, 0, 2, 1, 2, 2, 2, 0, 1, 0, 2, 1, 0, 2, 0, 0, 2, 0, 0, 1, 0, 1, 2, 2, 0, 2, 0, 1, 1, 1, 0, 1, 2, 0, 2, 1, 0, 1, 2, 2, 0, 0, 1, 2, 1, 2, 1, 0, 2, 0, 2, 1, 0, 1, 1, 0, 1, 2, 0, 2, 0, 2, 2, 1, 2, 0, 2, 2, 1, 2, 1, 0, 0, 2, 0, 2, 0, 0, 0, 0, 1, 1, 2, 2, 0, 1, 2, 0, 1, 1, 2, 1, 2, 1, 1, 1, 0, 2, 2, 1, 1, 2, 1, 0, 1, 0, 1, 2, 2, 2, 0, 1, 2, 1, 2, 0, 2, 0, 0, 2]
[0, 0, 0, 0, 0, 0, 0, 0, 0, 0, 0, 0, 0, 0, 0, 0, 0, 0, 0, 0, 0, 0, 0, 0, 0, 0, 0, 0, 0, 0, 0, 0, 0, 0, 0, 0, 0, 0, 0, 0, 0, 0, 0, 0, 0, 0, 0, 0, 0, 0, 0, 0, 0, 0, 0, 0, 0, 0, 0, 0, 0, 0, 0, 0, 0, 0, 0, 0, 0, 0, 0, 0, 0, 0, 0, 0, 0, 0, 0, 0, 0, 0, 0, 0, 0, 0, 0, 0, 0, 0, 0, 0, 0, 0, 0, 0, 0, 0, 0, 0, 0, 0, 0, 0, 0, 0, 0, 0, 0, 0, 0, 0, 0, 0, 0, 0, 0, 0, 0, 0, 0, 0, 0, 0, 0, 0, 0, 0, 0, 0, 0, 0, 0, 0, 0, 0, 0, 0, 0, 0, 0, 0, 0, 0, 0, 0, 0, 0, 0, 0, 0, 0, 0, 0, 0, 0, 0, 0, 0, 0, 0, 0, 0, 0, 0, 0, 0, 0, 0, 0, 0, 0, 0, 0, 0, 0, 0, 0, 0, 0, 0, 0, 0, 0, 0, 0, 0, 0, 0, 0, 0, 0, 0, 0, 0, 0, 0, 1, 1, 0, 0, 0, 0, 1, 0, 1, 0, 0, 1, 0, 1, 1, 0, 1, 0, 0, 1, 1, 0, 0, 0, 1, 0, 0, 1, 1, 0, 0, 1, 1, 0, 0, 1, 1, 1, 1, 1, 0, 0, 1, 1, 1, 0, 1, 0, 1, 0, 0, 0, 0, 1, 1, 1, 0, 0, 0, 0, 0, 1, 1, 0, 0, 1, 1, 0, 1, 1, 0, 0, 0, 1, 0, 0, 1, 1, 1, 1, 0, 0, 0, 0, 1, 0, 1, 1, 0, 1, 0, 0, 0, 0, 0, 1, 0, 0, 0, 1, 0, 1, 0, 0, 1, 0, 0, 0, 0, 0, 0, 1, 1, 0, 0, 1, 0, 1, 0, 1, 0, 0, 0, 1, 0, 0, 1, 0, 0, 0, 1, 1, 0, 0, 0, 1, 1, 0, 0, 1, 0, 0, 1, 0]
Centroids: [[-0.6420863, -0.43119314], [-0.7229817, -0.29186356], [-1.00105, -0.42971653]]
Centroids: [[-0.8321269, -0.43508402], [-0.6443363, -0.14057343]]
Contingency Matrix: 
[[ 81  21]
 [ 87  29]
 [113  10]]
[[81, 21], [87, 29], [113, 10]]
[[81, 21, 0], [87, 29, 0], [113, 10, 0]]
[0, 1, 2]
[[-1, 21, 0], [-1, 29, 0], [-1, -1, -1]]
[[-1, -1, 0], [-1, -1, -1], [-1, -1, -1]]
[[-1, -1, -1], [-1, -1, -1], [-1, -1, -1]]
Match_Labels: {2: 0, 1: 1, 0: 2}
New Contingency Matrix: 
[[  0  21  81]
 [  0  29  87]
 [  0  10 113]]
New Clustered Label Sequence: [2, 1, 0]
Diagonal_Elements: [0, 29, 113], Sum: 142
All_Elements: [0, 21, 81, 0, 29, 87, 0, 10, 113], Sum: 341
Accuracy: 0.41642228739002934
