Experiment_path: AE_Model_2/Random_Seeds//V2/Experiment_02_1
Dataset_Path: ../_00_Datasets/03_SimDaten_Quiroga2020/C_Easy1_noise030.mat
Dataset_name: ['03_SimDaten_Quiroga2020', 'C_Easy1_noise030.mat']
Variant_name: Variant_02_Autoencoder_KMeans
Visualisation_Path: Random_Seeds//V2/Experiment_02_1/C_Easy1_noise030.mat/Variant_02_Autoencoder_KMeans/2023_04_20-18_40_16
<_01_LoadDataset.ExternCode.spike_class.spike_dataclass object at 0x000001F60D5445C0>
Sampling rate: 24000.0
Raw: [0.08699461 0.08768749 0.09047398 ... 0.00793535 0.04192906 0.07540523]
Times: [    109     286     672 ... 1438732 1439041 1439176]
Cluster: [3 2 3 ... 2 1 2]
Number of different clusters:  3
Number of Spikes: 3475
First aligned Spike Frame: [ 0.24838055  0.3968745   0.4994273   0.56717131  0.62437383  0.6710342
  0.6751285   0.62114176  0.54776115  0.51498001  0.55727438  0.67535688
  0.8518956   1.0665341   1.2479893   1.28963743  1.15621047  0.92299039
  0.68934948  0.49064578  0.29688022  0.08718391 -0.09567419 -0.18884929
 -0.19110403 -0.16315565 -0.16207475 -0.19314602 -0.21851792 -0.21534689
 -0.19320808 -0.18259624 -0.20407859 -0.25441706 -0.31051347 -0.35274265
 -0.36843999 -0.35552317 -0.31821193 -0.2558418  -0.17609511 -0.11324907
 -0.10743416 -0.17666352 -0.28550824 -0.38347104 -0.44318272]
Cluster 0, Occurrences: 1162
Cluster 1, Occurrences: 1164
Cluster 2, Occurrences: 1149
<torch.utils.data.dataloader.DataLoader object at 0x000001F6110D35C0>
Epoch [1/8]: mean_loss=0.0009275567598587318
Epoch [2/8]: mean_loss=0.0006092614179356492
Epoch [3/8]: mean_loss=0.000554087945936824
Epoch [4/8]: mean_loss=0.0005421351309088494
Epoch [5/8]: mean_loss=0.0005343226595319432
Epoch [6/8]: mean_loss=0.0005291725207361386
Epoch [7/8]: mean_loss=0.0005246279999720965
Epoch [8/8]: mean_loss=0.0005244347415596461
Number of Clusters: 3
Number of Samples after Autoencoder testing: 3475
First Spike after testing: [-2.3345392   0.15438765]
[2 1 2 ... 1 0 1]
[0 1 0 ... 1 2 1]
Cluster 0 Occurrences: 1162; KMEANS: 1164
Cluster 1 Occurrences: 1164; KMEANS: 1158
Cluster 2 Occurrences: 1149; KMEANS: 1153
Centroids: [[-2.0242066, -3.0052328], [3.0814297, -0.4896104], [-4.254955, -0.9086303]]
Centroids: [[-4.2943487, -0.9160097], [3.1223648, -0.48046863], [-1.9699597, -3.0211494]]
Contingency Matrix: 
[[  45    5 1112]
 [   9 1148    7]
 [1110    5   34]]
[[45, 5, 1112], [9, 1148, 7], [1110, 5, 34]]
[[45, 5, 1112], [9, 1148, 7], [1110, 5, 34]]
[0, 1, 2]
[[45, -1, 1112], [-1, -1, -1], [1110, -1, 34]]
[[-1, -1, -1], [-1, -1, -1], [1110, -1, -1]]
[[-1, -1, -1], [-1, -1, -1], [-1, -1, -1]]
Match_Labels: {1: 1, 0: 2, 2: 0}
New Contingency Matrix: 
[[1112    5   45]
 [   7 1148    9]
 [  34    5 1110]]
New Clustered Label Sequence: [2, 1, 0]
Diagonal_Elements: [1112, 1148, 1110], Sum: 3370
All_Elements: [1112, 5, 45, 7, 1148, 9, 34, 5, 1110], Sum: 3475
Accuracy: 0.9697841726618706
