Experiment_path: AE_Model_2/Epochs//V2/Experiment_02
Dataset_Path: ../_00_Datasets/03_SimDaten_Quiroga2020/C_Difficult1_noise020.mat
Dataset_name: ['03_SimDaten_Quiroga2020', 'C_Difficult1_noise020.mat']
Variant_name: Variant_02_Autoencoder_KMeans
Visualisation_Path: AE_Model_2/Epochs//V2/Experiment_02/C_Difficult1_noise020.mat/Variant_02_Autoencoder_KMeans/2023_04_25-14_41_00
<_01_LoadDataset.ExternCode.spike_class.spike_dataclass object at 0x000001F4E2C7F0F0>
Sampling rate: 24000.0
Raw: [0.07805807 0.0565915  0.02594138 ... 0.2738422  0.26036418 0.26764671]
Times: [    368     630     648 ... 1439484 1439672 1439764]
Cluster: [2 2 1 ... 1 1 3]
Number of different clusters:  3
Number of Spikes: 3414
First aligned Spike Frame: [-0.38605838 -0.38126768 -0.38226316 -0.39416749 -0.41080739 -0.41171959
 -0.38717544 -0.35786686 -0.38107535 -0.49467824 -0.61843181 -0.58172559
 -0.24572387  0.35672948  0.89024247  1.0117557   0.76459666  0.43756704
  0.20139815  0.0394919  -0.09249478 -0.19279146 -0.23446076 -0.21807174
 -0.17478611 -0.12910555 -0.08593802 -0.03628316  0.029471    0.09510752
  0.13901987  0.15819091  0.1762069   0.21560464  0.27527193  0.33233202
  0.36740003  0.38309659  0.39850514  0.42031497  0.43304033  0.41207346
  0.35038997  0.26929981  0.20084763  0.15457014  0.10809812]
Cluster 0, Occurrences: 1136
Cluster 1, Occurrences: 1099
Cluster 2, Occurrences: 1179
<torch.utils.data.dataloader.DataLoader object at 0x000001F4E6128550>
Epoch [1/6]: mean_loss=0.00044855595073664333
Epoch [2/6]: mean_loss=0.00031494844719051753
Epoch [3/6]: mean_loss=0.0003105430134343486
Epoch [4/6]: mean_loss=0.0003089623410619171
Epoch [5/6]: mean_loss=0.0003083893059745789
Epoch [6/6]: mean_loss=0.0003080125145208228
Number of Clusters: 3
Number of Samples after Autoencoder testing: 3414
First Spike after testing: [-0.31897238 -0.8731436 ]
[1 1 0 ... 0 0 2]
[2 1 0 ... 2 1 0]
Cluster 0 Occurrences: 1136; KMEANS: 1031
Cluster 1 Occurrences: 1099; KMEANS: 1179
Cluster 2 Occurrences: 1179; KMEANS: 1204
Centroids: [[-1.0199507, -0.6747468], [-1.0927757, -0.522751], [-1.4597099, -0.68180704]]
Centroids: [[-1.5658262, -0.73250604], [-1.1114445, -0.24223831], [-0.9600188, -0.91698796]]
Contingency Matrix: 
[[134 382 620]
 [179 553 367]
 [718 244 217]]
[[134, 382, 620], [179, 553, 367], [718, 244, 217]]
[[134, 382, 620], [179, 553, 367], [718, 244, 217]]
[0, 1, 2]
[[-1, 382, 620], [-1, 553, 367], [-1, -1, -1]]
[[-1, -1, -1], [-1, 553, -1], [-1, -1, -1]]
[[-1, -1, -1], [-1, -1, -1], [-1, -1, -1]]
Match_Labels: {2: 0, 0: 2, 1: 1}
New Contingency Matrix: 
[[620 382 134]
 [367 553 179]
 [217 244 718]]
New Clustered Label Sequence: [2, 1, 0]
Diagonal_Elements: [620, 553, 718], Sum: 1891
All_Elements: [620, 382, 134, 367, 553, 179, 217, 244, 718], Sum: 3414
Accuracy: 0.5538957234915056
