Seed: 5
Experiment_path: AE_Model_2/Random_Seeds_DV5//V5_3/Experiment_05_5_opt_temp_noisy
Dataset_Path: ../_00_Datasets/03_SimDaten_Quiroga2020/C_Easy1_noise010.mat
Dataset_name: ['03_SimDaten_Quiroga2020', 'C_Easy1_noise010.mat']
Variant_name: Variant_05_Online_Autoencoder_QLearning_opt_temp_noisy
Visualisation_Path: AE_Model_2/Random_Seeds_DV5//V5_3/Experiment_05_5_opt_temp_noisy/C_Easy1_noise010.mat/Variant_05_Online_Autoencoder_QLearning_opt_temp_noisy/2023_04_24-15_12_57
Normalisation: False
Template Matching: True
Optimising Autoencoder: True
Update Factor: 1
Noisy Batches: True
Noisy Factor: 0.1
Epochs: 8
Batch Size: 1
maximal Spikes for Autoencoder Training : 700
maximal Spikes for Training: 1000
Input Size: 47
Chosen Model: Convolutional Autoencoder
ConvolutionalAutoencoder(
  (encoder): Sequential(
    (0): Conv1d(1, 6, kernel_size=(6,), stride=(1,))
    (1): LeakyReLU(negative_slope=0.01)
    (2): Conv1d(6, 1, kernel_size=(6,), stride=(1,))
    (3): Flatten(start_dim=1, end_dim=-1)
    (4): Linear(in_features=37, out_features=2, bias=True)
  )
  (decoder): Sequential(
    (0): ConvTranspose1d(1, 6, kernel_size=(6,), stride=(1,))
    (1): LeakyReLU(negative_slope=0.01)
    (2): ConvTranspose1d(6, 1, kernel_size=(6,), stride=(1,))
    (3): Flatten(start_dim=1, end_dim=-1)
    (4): Linear(in_features=12, out_features=47, bias=True)
  )
)
MSELoss()
Adam (
Parameter Group 0
    amsgrad: False
    betas: (0.9, 0.999)
    capturable: False
    differentiable: False
    eps: 1e-08
    foreach: None
    fused: False
    lr: 0.001
    maximize: False
    weight_decay: 0
)
---Q Learning Parameters---
Normalisation: False
Punishment Coefficient: 1.0
Alpha: 0.8
Epsilon: 0.01
Gamma: 0.97
Initial Episode Number: 0
Episode Number Coefficient: 1.4
Number of Random Features: 20
Planning Number: 20
Max Random Features: 60
New Episode Number: 72
New Episode Number: 143
New Episode Number: 215
New Episode Number: 286
New Episode Number: 358
New Episode Number: 429
New Episode Number: 500
New Episode Number: 572
New Episode Number: 643
New Episode Number: 715
New Episode Number: 786
                0      1      2      3   ...      8      9      10     11
new_cluster -30.12 -29.08 -39.06 -36.85  ... -121.22 -26.90 -65.44 -77.28
c1          -30.49 -30.84 -37.47 -37.99  ... -123.90 -26.15 -66.67 -77.28
c2          -30.24 -29.94 -39.13 -38.59  ... -118.42 -26.69 -65.47 -77.28
c3          -30.11 -31.31 -40.05 -36.08  ... -124.24 -26.89 -66.19 -77.28
c4          -30.24 -30.59 -38.13 -35.41  ... -128.49 -28.17 -66.39 -77.28
c5          -30.17 -30.83 -40.66 -36.40  ... -131.32 -26.26 -67.80 -77.28
c6          -30.24 -29.12 -37.31 -37.00  ... -124.95 -26.13 -65.16 -77.28
c7          -30.83 -30.99 -39.03 -36.38  ... -118.51 -27.83 -67.63 -77.28
c8          -30.12 -30.63 -38.83 -34.96  ... -126.09 -27.69 -64.67 -77.28
c9          -30.11 -30.52 -37.38 -38.15  ... -122.23 -26.22 -63.20 -77.28
c10         -30.09 -30.00 -37.19 -36.38  ... -121.71 -27.13   0.00   0.00
c11         -30.84 -30.50 -38.86 -35.72  ... -123.54 -27.38   0.00   0.00

[12 rows x 12 columns]
\begin{tabular}{lrrrrrrrrrrrr}
\toprule
{} &     0  &     1  &     2  &     3  &     4  &     5  &     6  &     7  &      8  &     9  &     10 &     11 \\
\midrule
new\_cluster & -30.12 & -29.08 & -39.06 & -36.85 & -48.73 & -33.31 & -65.52 & -64.77 & -121.22 & -26.90 & -65.44 & -77.28 \\
c1          & -30.49 & -30.84 & -37.47 & -37.99 & -48.81 & -33.12 & -66.43 & -63.39 & -123.90 & -26.15 & -66.67 & -77.28 \\
c2          & -30.24 & -29.94 & -39.13 & -38.59 & -48.91 & -34.56 & -64.99 & -60.99 & -118.42 & -26.69 & -65.47 & -77.28 \\
c3          & -30.11 & -31.31 & -40.05 & -36.08 & -48.77 & -34.46 & -66.46 & -62.67 & -124.24 & -26.89 & -66.19 & -77.28 \\
c4          & -30.24 & -30.59 & -38.13 & -35.41 & -48.11 & -33.60 & -65.75 & -65.97 & -128.49 & -28.17 & -66.39 & -77.28 \\
c5          & -30.17 & -30.83 & -40.66 & -36.40 & -51.19 & -33.31 & -65.92 & -63.31 & -131.32 & -26.26 & -67.80 & -77.28 \\
c6          & -30.24 & -29.12 & -37.31 & -37.00 & -50.86 & -33.31 & -67.06 & -61.73 & -124.95 & -26.13 & -65.16 & -77.28 \\
c7          & -30.83 & -30.99 & -39.03 & -36.38 & -50.21 & -33.60 & -65.98 & -63.48 & -118.51 & -27.83 & -67.63 & -77.28 \\
c8          & -30.12 & -30.63 & -38.83 & -34.96 & -51.08 & -34.01 & -62.16 & -63.43 & -126.09 & -27.69 & -64.67 & -77.28 \\
c9          & -30.11 & -30.52 & -37.38 & -38.15 & -49.93 & -34.55 & -62.11 & -64.31 & -122.23 & -26.22 & -63.20 & -77.28 \\
c10         & -30.09 & -30.00 & -37.19 & -36.38 & -50.83 & -33.29 & -64.05 & -64.60 & -121.71 & -27.13 &   0.00 &   0.00 \\
c11         & -30.84 & -30.50 & -38.86 & -35.72 & -49.93 & -33.60 & -64.89 & -64.97 & -123.54 & -27.38 &   0.00 &   0.00 \\
\bottomrule
\end{tabular}

                              0            1   ...             10             11
new_cluster  [-4.0, new_cluster]  [-3.65, c1]  ...  [-65.44, c10]  [-77.28, c11]
c1           [-4.0, new_cluster]  [-4.94, c1]  ...  [-66.67, c10]  [-77.28, c11]
c2           [-4.0, new_cluster]  [-3.96, c1]  ...  [-65.47, c10]  [-77.28, c11]
c3           [-4.0, new_cluster]  [-4.57, c1]  ...  [-66.19, c10]  [-77.28, c11]
c4           [-4.0, new_cluster]  [-4.62, c1]  ...  [-66.39, c10]  [-77.28, c11]
c5           [-4.0, new_cluster]  [-4.33, c1]  ...   [-67.8, c10]  [-77.28, c11]
c6           [-4.0, new_cluster]  [-3.63, c1]  ...  [-65.16, c10]  [-77.28, c11]
c7           [-4.0, new_cluster]  [-4.23, c1]  ...  [-67.63, c10]  [-77.28, c11]
c8           [-4.0, new_cluster]  [-3.89, c1]  ...  [-64.67, c10]  [-77.28, c11]
c9           [-4.0, new_cluster]  [-4.87, c1]  ...   [-63.2, c10]  [-77.28, c11]
c10          [-4.0, new_cluster]  [-4.35, c1]  ...          [0, ]          [0, ]
c11          [-4.0, new_cluster]  [-3.73, c1]  ...          [0, ]          [0, ]

[12 rows x 12 columns]
\begin{tabular}{lllllllllllll}
\toprule
{} &                   0  &           1  &            2  &            3  &            4  &           5  &            6  &            7  &             8  &           9  &             10 &             11 \\
\midrule
new\_cluster &  [-4.0, new\_cluster] &  [-3.65, c1] &  [-12.59, c2] &   [-9.88, c3] &  [-21.41, c4] &  [-7.53, c5] &  [-40.02, c6] &  [-37.78, c7] &   [-94.36, c8] &  [-0.99, c9] &  [-65.44, c10] &  [-77.28, c11] \\
c1          &  [-4.0, new\_cluster] &  [-4.94, c1] &  [-10.89, c2] &  [-11.09, c3] &  [-21.56, c4] &  [-7.53, c5] &  [-40.41, c6] &  [-36.43, c7] &   [-97.04, c8] &  [-0.64, c9] &  [-66.67, c10] &  [-77.28, c11] \\
c2          &  [-4.0, new\_cluster] &  [-3.96, c1] &  [-12.57, c2] &   [-12.1, c3] &  [-21.58, c4] &  [-7.53, c5] &   [-38.5, c6] &  [-33.99, c7] &   [-91.56, c8] &  [-1.12, c9] &  [-65.47, c10] &  [-77.28, c11] \\
c3          &  [-4.0, new\_cluster] &  [-4.57, c1] &  [-12.98, c2] &   [-9.55, c3] &  [-21.45, c4] &  [-7.53, c5] &  [-40.27, c6] &  [-35.67, c7] &   [-97.52, c8] &  [-1.07, c9] &  [-66.19, c10] &  [-77.28, c11] \\
c4          &  [-4.0, new\_cluster] &  [-4.62, c1] &  [-11.05, c2] &   [-9.25, c3] &   [-22.1, c4] &  [-7.53, c5] &  [-39.59, c6] &  [-39.01, c7] &  [-102.45, c8] &  [-1.05, c9] &  [-66.39, c10] &  [-77.28, c11] \\
c5          &  [-4.0, new\_cluster] &  [-4.33, c1] &  [-13.42, c2] &   [-9.84, c3] &  [-23.91, c4] &  [-7.53, c5] &  [-39.65, c6] &  [-36.27, c7] &  [-104.46, c8] &  [-0.89, c9] &   [-67.8, c10] &  [-77.28, c11] \\
c6          &  [-4.0, new\_cluster] &  [-3.63, c1] &   [-11.3, c2] &   [-10.8, c3] &  [-23.54, c4] &  [-7.53, c5] &  [-40.88, c6] &  [-35.85, c7] &   [-98.78, c8] &  [-0.71, c9] &  [-65.16, c10] &  [-77.28, c11] \\
c7          &  [-4.0, new\_cluster] &  [-4.23, c1] &  [-12.47, c2] &   [-9.71, c3] &  [-22.89, c4] &  [-7.53, c5] &  [-39.89, c6] &  [-37.42, c7] &   [-91.65, c8] &  [-1.12, c9] &  [-67.63, c10] &  [-77.28, c11] \\
c8          &  [-4.0, new\_cluster] &  [-3.89, c1] &  [-12.25, c2] &   [-8.78, c3] &  [-23.75, c4] &  [-7.53, c5] &  [-36.78, c6] &  [-36.44, c7] &   [-99.23, c8] &  [-0.92, c9] &  [-64.67, c10] &  [-77.28, c11] \\
c9          &  [-4.0, new\_cluster] &  [-4.87, c1] &  [-10.77, c2] &  [-11.17, c3] &   [-22.6, c4] &  [-7.53, c5] &  [-35.61, c6] &  [-37.31, c7] &   [-95.37, c8] &  [-1.04, c9] &   [-63.2, c10] &  [-77.28, c11] \\
c10         &  [-4.0, new\_cluster] &  [-4.35, c1] &  [-10.61, c2] &  [-10.12, c3] &  [-23.52, c4] &  [-7.53, c5] &  [-37.86, c6] &  [-37.59, c7] &   [-94.85, c8] &  [-0.69, c9] &          [0, ] &          [0, ] \\
c11         &  [-4.0, new\_cluster] &  [-3.73, c1] &  [-11.75, c2] &   [-9.55, c3] &  [-22.61, c4] &  [-7.53, c5] &  [-38.68, c6] &  [-37.91, c7] &   [-96.68, c8] &  [-1.23, c9] &          [0, ] &          [0, ] \\
\bottomrule
\end{tabular}

