Seed: 2
Experiment_path: AE_Model_2/Random_Seeds//V5/Experiment_05_2
Dataset_Path: ../_00_Datasets/03_SimDaten_Quiroga2020/C_Easy1_noise010.mat
Dataset_name: ['03_SimDaten_Quiroga2020', 'C_Easy1_noise010.mat']
Variant_name: Variant_05_Online_Autoencoder_QLearning
Visualisation_Path: Random_Seeds//V5/Experiment_05_2/C_Easy1_noise010.mat/Variant_05_Online_Autoencoder_QLearning/2023_04_21-14_20_10
Normalisation: False
Template Matching: False
Optimising Autoencoder: False
Update Factor: 1
Noisy Batches: False
Noisy Factor: 0.1
Epochs: 8
Batch Size: 1
maximal Spikes for Autoencoder Training : 700
maximal Spikes for Training: 1000
Input Size: 47
Chosen Model: Convolutional Autoencoder
ConvolutionalAutoencoder(
  (encoder): Sequential(
    (0): Conv1d(1, 6, kernel_size=(6,), stride=(1,))
    (1): LeakyReLU(negative_slope=0.01)
    (2): Conv1d(6, 1, kernel_size=(6,), stride=(1,))
    (3): Flatten(start_dim=1, end_dim=-1)
    (4): Linear(in_features=37, out_features=2, bias=True)
  )
  (decoder): Sequential(
    (0): ConvTranspose1d(1, 6, kernel_size=(6,), stride=(1,))
    (1): LeakyReLU(negative_slope=0.01)
    (2): ConvTranspose1d(6, 1, kernel_size=(6,), stride=(1,))
    (3): Flatten(start_dim=1, end_dim=-1)
    (4): Linear(in_features=12, out_features=47, bias=True)
  )
)
MSELoss()
Adam (
Parameter Group 0
    amsgrad: False
    betas: (0.9, 0.999)
    capturable: False
    differentiable: False
    eps: 1e-08
    foreach: None
    fused: False
    lr: 0.001
    maximize: False
    weight_decay: 0
)
---Q Learning Parameters---
Normalisation: False
Punishment Coefficient: 1.0
Alpha: 0.8
Epsilon: 0.01
Gamma: 0.97
Initial Episode Number: 0
Episode Number Coefficient: 1.4
Number of Random Features: 20
Planning Number: 20
Max Random Features: 60
New Episode Number: 72
New Episode Number: 143
New Episode Number: 215
New Episode Number: 286
New Episode Number: 358
                0     1      2     3      4      5
new_cluster -7.38 -3.47 -10.38 -6.97 -15.40 -18.99
c1          -7.39 -3.56 -10.53 -6.87 -15.80 -16.96
c2          -7.60 -3.54 -11.14 -7.67 -15.29 -16.99
c3          -7.37 -3.47 -11.36 -7.79 -15.65  -9.79
c4          -7.38 -3.45 -10.65 -7.19 -16.10 -10.95
c5          -7.37 -3.46 -10.34 -6.82 -15.91 -13.46
\begin{tabular}{lrrrrrr}
\toprule
{} &     0 &     1 &      2 &     3 &      4 &      5 \\
\midrule
new\_cluster & -7.38 & -3.47 & -10.38 & -6.97 & -15.40 & -18.99 \\
c1          & -7.39 & -3.56 & -10.53 & -6.87 & -15.80 & -16.96 \\
c2          & -7.60 & -3.54 & -11.14 & -7.67 & -15.29 & -16.99 \\
c3          & -7.37 & -3.47 & -11.36 & -7.79 & -15.65 &  -9.79 \\
c4          & -7.38 & -3.45 & -10.65 & -7.19 & -16.10 & -10.95 \\
c5          & -7.37 & -3.46 & -10.34 & -6.82 & -15.91 & -13.46 \\
\bottomrule
\end{tabular}

                               0            1  ...             4             5
new_cluster  [-4.0, new_cluster]  [-0.12, c1]  ...  [-12.08, c4]   [-15.6, c5]
c1           [-4.0, new_cluster]  [-0.15, c1]  ...  [-12.44, c4]   [-13.4, c5]
c2           [-4.0, new_cluster]  [-0.12, c1]  ...  [-11.94, c4]  [-13.63, c5]
c3           [-4.0, new_cluster]  [-0.08, c1]  ...  [-12.31, c4]   [-6.43, c5]
c4           [-4.0, new_cluster]  [-0.04, c1]  ...  [-12.78, c4]   [-7.59, c5]
c5           [-4.0, new_cluster]  [-0.09, c1]  ...  [-12.59, c4]   [-10.1, c5]

[6 rows x 6 columns]
\begin{tabular}{lllllll}
\toprule
{} &                    0 &            1 &            2 &            3 &             4 &             5 \\
\midrule
new\_cluster &  [-4.0, new\_cluster] &  [-0.12, c1] &  [-6.94, c2] &   [-3.6, c3] &  [-12.08, c4] &   [-15.6, c5] \\
c1          &  [-4.0, new\_cluster] &  [-0.15, c1] &  [-7.09, c2] &   [-3.5, c3] &  [-12.44, c4] &   [-13.4, c5] \\
c2          &  [-4.0, new\_cluster] &  [-0.12, c1] &   [-7.7, c2] &   [-4.3, c3] &  [-11.94, c4] &  [-13.63, c5] \\
c3          &  [-4.0, new\_cluster] &  [-0.08, c1] &  [-7.92, c2] &  [-4.28, c3] &  [-12.31, c4] &   [-6.43, c5] \\
c4          &  [-4.0, new\_cluster] &  [-0.04, c1] &  [-7.18, c2] &  [-3.78, c3] &  [-12.78, c4] &   [-7.59, c5] \\
c5          &  [-4.0, new\_cluster] &  [-0.09, c1] &   [-6.9, c2] &  [-3.31, c3] &  [-12.59, c4] &   [-10.1, c5] \\
\bottomrule
\end{tabular}

