Seed: 6
Experiment_path: Random_Seeds//V5/Experiment_05_6
Dataset_Path: ../_00_Datasets/03_SimDaten_Quiroga2020/C_Easy1_noise035.mat
Dataset_name: ['03_SimDaten_Quiroga2020', 'C_Easy1_noise035.mat']
Variant_name: Variant_05_Online_Autoencoder_QLearning
Visualisation_Path: Random_Seeds//V5/Experiment_05_6/C_Easy1_noise035.mat/Variant_05_Online_Autoencoder_QLearning/2023_03_22-09_53_54
Normalisation: False
Template Matching: False
Optimising Autoencoder: False
Update Factor: 10
Noisy Batches: False
Noisy Factor: 0.1
Epochs: 8
Batch Size: 1
maximal Spikes for Autoencoder Training : 700
maximal Spikes for Training: 1000
Input Size: 47
Chosen Model: Autoencoder
Autoencoder(
  (encoder): Sequential(
    (0): Linear(in_features=47, out_features=12, bias=True)
    (1): LeakyReLU(negative_slope=0.01)
    (2): Linear(in_features=12, out_features=2, bias=True)
  )
  (decoder): Sequential(
    (0): Linear(in_features=2, out_features=12, bias=True)
    (1): LeakyReLU(negative_slope=0.01)
    (2): Linear(in_features=12, out_features=47, bias=True)
  )
)
MSELoss()
Adam (
Parameter Group 0
    amsgrad: False
    betas: (0.9, 0.999)
    capturable: False
    differentiable: False
    eps: 1e-08
    foreach: None
    fused: False
    lr: 0.001
    maximize: False
    weight_decay: 0
)
---Q Learning Parameters---
Normalisation: False
Punishment Coefficient: 0.9
Alpha: 0.8
Epsilon: 0.01
Gamma: 0.97
Initial Episode Number: 0
Episode Number Coefficient: 1.4
Number of Random Features: 20
Planning Number: 20
Max Random Features: 60
New Episode Number: 72
New Episode Number: 143
New Episode Number: 215
New Episode Number: 286
New Episode Number: 358
New Episode Number: 429
New Episode Number: 500
New Episode Number: 572
New Episode Number: 643
New Episode Number: 715
New Episode Number: 786
New Episode Number: 858
New Episode Number: 929
                0      1      2      3   ...     10     11     12     13
new_cluster -14.31 -26.56 -10.81 -39.29  ... -33.89 -61.54 -57.27 -40.12
c1          -13.85 -26.76 -10.69 -39.20  ... -34.23 -61.67 -57.27 -40.32
c2          -14.34 -27.62 -10.48 -39.51  ... -33.45 -61.89 -57.27 -40.08
c3          -14.28 -29.01 -10.47 -41.79  ... -34.77 -61.46 -57.25 -41.29
c4          -14.34 -27.84 -10.53 -40.80  ... -33.62 -62.23 -57.25 -41.29
c5          -14.33 -27.43 -10.49 -42.46  ... -34.46 -61.97 -57.25 -40.12
c6          -13.85 -26.36 -10.49 -40.82  ... -33.40 -61.99 -57.27 -40.30
c7          -14.34 -24.41 -10.63 -41.23  ... -34.07 -61.46 -57.27 -40.31
c8          -13.84 -25.15 -10.49 -40.80  ... -34.16 -61.89 -57.38 -40.32
c9          -13.85 -26.87 -10.43 -41.83  ... -33.98 -61.98 -57.26 -40.32
c10         -13.84 -25.30 -10.45 -40.54  ... -34.57 -61.95 -57.97 -41.20
c11         -14.34 -27.74 -10.44 -40.45  ... -33.96 -61.89 -57.35 -40.54
c12         -14.39 -26.66 -10.63 -41.17  ... -34.75 -62.26 -57.40 -41.29
c13         -14.30 -24.37 -10.50 -38.30  ... -33.87 -61.87 -57.24 -40.31

[14 rows x 14 columns]
                               0             1   ...             12             13
new_cluster  [-3.24, new_cluster]  [-15.53, c1]  ...  [-46.93, c12]  [-29.88, c13]
c1           [-3.24, new_cluster]  [-15.67, c1]  ...  [-46.93, c12]  [-29.88, c13]
c2           [-3.24, new_cluster]  [-16.54, c1]  ...  [-46.93, c12]  [-29.88, c13]
c3           [-3.24, new_cluster]  [-17.92, c1]  ...  [-46.93, c12]  [-29.88, c13]
c4           [-3.24, new_cluster]  [-16.75, c1]  ...  [-46.93, c12]  [-29.88, c13]
c5           [-3.24, new_cluster]  [-16.33, c1]  ...  [-46.93, c12]  [-29.88, c13]
c6           [-3.24, new_cluster]  [-15.32, c1]  ...  [-46.93, c12]  [-29.88, c13]
c7           [-3.24, new_cluster]  [-13.69, c1]  ...  [-46.93, c12]  [-29.88, c13]
c8           [-3.24, new_cluster]  [-14.05, c1]  ...  [-46.93, c12]  [-29.88, c13]
c9           [-3.24, new_cluster]  [-15.77, c1]  ...  [-46.93, c12]  [-29.88, c13]
c10          [-3.24, new_cluster]  [-14.21, c1]  ...  [-46.93, c12]  [-29.88, c13]
c11          [-3.24, new_cluster]  [-16.65, c1]  ...  [-46.93, c12]  [-29.88, c13]
c12          [-3.24, new_cluster]  [-15.57, c1]  ...  [-46.93, c12]  [-29.88, c13]
c13          [-3.24, new_cluster]  [-13.28, c1]  ...  [-46.93, c12]  [-29.88, c13]

[14 rows x 14 columns]
