Seed: 0
Experiment_path: AE_Model_2/Epochs_2_4_6_8_20/02_Experiment_05_Epochs
Dataset_Path: ../_00_Datasets/03_SimDaten_Quiroga2020/C_Burst_Easy2_noise015.mat
Dataset_name: ['03_SimDaten_Quiroga2020', 'C_Burst_Easy2_noise015.mat']
Variant_name: V05_Online_AE_QL
Visualisation_Path: AE_Model_2/Epochs_2_4_6_8_20/02_Experiment_05_Epochs/C_Burst_Easy2_noise015.mat/V05_Online_AE_QL/2023_05_11-01_06_20
Normalisation: False
Template Matching: False
Optimising Autoencoder: False
Update Factor: 1
Noisy Batches: False
Noisy Factor: 0.001
Epochs: 2
Batch Size: 1
maximal Spikes for Autoencoder Training : 700
maximal Spikes for Training: 1000
Input Size: 47
Chosen Model: Convolutional Autoencoder
ConvolutionalAutoencoder(
  (encoder): Sequential(
    (0): Conv1d(1, 6, kernel_size=(6,), stride=(1,))
    (1): LeakyReLU(negative_slope=0.01)
    (2): Conv1d(6, 1, kernel_size=(6,), stride=(1,))
    (3): Flatten(start_dim=1, end_dim=-1)
    (4): Linear(in_features=37, out_features=2, bias=True)
  )
  (decoder): Sequential(
    (0): ConvTranspose1d(1, 6, kernel_size=(6,), stride=(1,))
    (1): LeakyReLU(negative_slope=0.01)
    (2): ConvTranspose1d(6, 1, kernel_size=(6,), stride=(1,))
    (3): Flatten(start_dim=1, end_dim=-1)
    (4): Linear(in_features=12, out_features=47, bias=True)
  )
)
MSELoss()
Adam (
Parameter Group 0
    amsgrad: False
    betas: (0.9, 0.999)
    capturable: False
    differentiable: False
    eps: 1e-08
    foreach: None
    fused: False
    lr: 0.001
    maximize: False
    weight_decay: 0
)
---Q Learning Parameters---
Normalisation: False
Punishment Coefficient: 1.2
Alpha: 0.8
Epsilon: 0.01
Gamma: 0.97
Initial Episode Number: 0
Episode Number Coefficient: 1.4
Number of Random Features: 20
Planning Number: 20
Max Random Features: 60
New Episode Number: 72
New Episode Number: 143
New Episode Number: 215
New Episode Number: 286
New Episode Number: 358
New Episode Number: 429
New Episode Number: 500
                 0      1      2      3      4      5       6      7
new_cluster -36.62 -62.90 -38.26 -32.00 -74.45 -34.85 -109.65 -52.57
c1          -37.01 -63.54 -37.02 -32.45 -67.01 -34.35 -109.80 -52.70
c2          -36.53 -66.07 -39.64 -31.54 -73.64 -33.55 -109.80 -52.57
c3          -36.57 -63.40 -37.97 -32.13 -71.77 -34.50 -109.41 -52.57
c4          -37.01 -62.41 -37.38 -31.62 -62.86 -34.29 -109.98 -52.58
c5          -36.62 -62.74 -37.32 -32.21 -69.37 -34.30 -109.67 -52.57
c6          -36.52 -65.81 -38.04 -31.98 -73.20 -34.60 -109.61 -52.67
c7          -36.77 -60.68 -37.29 -32.18 -73.45 -34.96 -110.29 -52.74
\begin{tabular}{lrrrrrrrr}
\toprule
{} &      0 &      1 &      2 &      3 &      4 &      5 &       6 &      7 \\
\midrule
new\_cluster & -36.62 & -62.90 & -38.26 & -32.00 & -74.45 & -34.85 & -109.65 & -52.57 \\
c1          & -37.01 & -63.54 & -37.02 & -32.45 & -67.01 & -34.35 & -109.80 & -52.70 \\
c2          & -36.53 & -66.07 & -39.64 & -31.54 & -73.64 & -33.55 & -109.80 & -52.57 \\
c3          & -36.57 & -63.40 & -37.97 & -32.13 & -71.77 & -34.50 & -109.41 & -52.57 \\
c4          & -37.01 & -62.41 & -37.38 & -31.62 & -62.86 & -34.29 & -109.98 & -52.58 \\
c5          & -36.62 & -62.74 & -37.32 & -32.21 & -69.37 & -34.30 & -109.67 & -52.57 \\
c6          & -36.52 & -65.81 & -38.04 & -31.98 & -73.20 & -34.60 & -109.61 & -52.67 \\
c7          & -36.77 & -60.68 & -37.29 & -32.18 & -73.45 & -34.96 & -110.29 & -52.74 \\
\bottomrule
\end{tabular}

                                0             1  ...             6             7
new_cluster  [-5.76, new_cluster]  [-31.42, c1]  ...  [-78.61, c6]  [-21.35, c7]
c1           [-5.76, new_cluster]  [-32.06, c1]  ...  [-78.75, c6]  [-21.35, c7]
c2           [-5.76, new_cluster]  [-34.49, c1]  ...  [-78.77, c6]  [-21.35, c7]
c3           [-5.76, new_cluster]   [-31.9, c1]  ...  [-78.39, c6]  [-21.35, c7]
c4           [-5.76, new_cluster]  [-30.93, c1]  ...  [-78.97, c6]  [-21.35, c7]
c5           [-5.76, new_cluster]  [-31.26, c1]  ...  [-78.65, c6]  [-21.35, c7]
c6           [-5.76, new_cluster]  [-34.34, c1]  ...  [-78.38, c6]  [-21.35, c7]
c7           [-5.76, new_cluster]   [-29.2, c1]  ...  [-79.15, c6]  [-21.35, c7]

[8 rows x 8 columns]
\begin{tabular}{lllllllll}
\toprule
{} &                     0 &             1 &            2 &            3 &             4 &            5 &             6 &             7 \\
\midrule
new\_cluster &  [-5.76, new\_cluster] &  [-31.42, c1] &  [-7.53, c2] &  [-0.71, c3] &  [-43.57, c4] &  [-3.58, c5] &  [-78.61, c6] &  [-21.35, c7] \\
c1          &  [-5.76, new\_cluster] &  [-32.06, c1] &  [-6.38, c2] &  [-0.99, c3] &  [-36.48, c4] &   [-3.1, c5] &  [-78.75, c6] &  [-21.35, c7] \\
c2          &  [-5.76, new\_cluster] &  [-34.49, c1] &  [-8.85, c2] &  [-0.35, c3] &   [-42.9, c4] &   [-2.3, c5] &  [-78.77, c6] &  [-21.35, c7] \\
c3          &  [-5.76, new\_cluster] &   [-31.9, c1] &  [-7.26, c2] &  [-0.72, c3] &  [-41.08, c4] &  [-3.25, c5] &  [-78.39, c6] &  [-21.35, c7] \\
c4          &  [-5.76, new\_cluster] &  [-30.93, c1] &  [-6.77, c2] &  [-0.45, c3] &  [-32.18, c4] &  [-2.94, c5] &  [-78.97, c6] &  [-21.35, c7] \\
c5          &  [-5.76, new\_cluster] &  [-31.26, c1] &  [-6.74, c2] &  [-1.11, c3] &  [-38.78, c4] &  [-3.04, c5] &  [-78.65, c6] &  [-21.35, c7] \\
c6          &  [-5.76, new\_cluster] &  [-34.34, c1] &  [-7.45, c2] &  [-0.89, c3] &  [-42.32, c4] &  [-3.35, c5] &  [-78.38, c6] &  [-21.35, c7] \\
c7          &  [-5.76, new\_cluster] &   [-29.2, c1] &  [-6.71, c2] &  [-0.98, c3] &  [-42.58, c4] &  [-3.58, c5] &  [-79.15, c6] &  [-21.35, c7] \\
\bottomrule
\end{tabular}

