Seed: 0
Experiment_path: AE_Model_2/Epochs_2_4_6_8_20/20_Experiment_05_Epochs
Dataset_Path: ../_00_Datasets/03_SimDaten_Quiroga2020/C_Easy2_noise010.mat
Dataset_name: ['03_SimDaten_Quiroga2020', 'C_Easy2_noise010.mat']
Variant_name: V05_Online_AE_QL
Visualisation_Path: AE_Model_2/Epochs_2_4_6_8_20/20_Experiment_05_Epochs/C_Easy2_noise010.mat/V05_Online_AE_QL/2023_05_11-01_32_15
Normalisation: False
Template Matching: False
Optimising Autoencoder: False
Update Factor: 1
Noisy Batches: False
Noisy Factor: 0.001
Epochs: 20
Batch Size: 1
maximal Spikes for Autoencoder Training : 700
maximal Spikes for Training: 1000
Input Size: 47
Chosen Model: Convolutional Autoencoder
ConvolutionalAutoencoder(
  (encoder): Sequential(
    (0): Conv1d(1, 6, kernel_size=(6,), stride=(1,))
    (1): LeakyReLU(negative_slope=0.01)
    (2): Conv1d(6, 1, kernel_size=(6,), stride=(1,))
    (3): Flatten(start_dim=1, end_dim=-1)
    (4): Linear(in_features=37, out_features=2, bias=True)
  )
  (decoder): Sequential(
    (0): ConvTranspose1d(1, 6, kernel_size=(6,), stride=(1,))
    (1): LeakyReLU(negative_slope=0.01)
    (2): ConvTranspose1d(6, 1, kernel_size=(6,), stride=(1,))
    (3): Flatten(start_dim=1, end_dim=-1)
    (4): Linear(in_features=12, out_features=47, bias=True)
  )
)
MSELoss()
Adam (
Parameter Group 0
    amsgrad: False
    betas: (0.9, 0.999)
    capturable: False
    differentiable: False
    eps: 1e-08
    foreach: None
    fused: False
    lr: 0.001
    maximize: False
    weight_decay: 0
)
---Q Learning Parameters---
Normalisation: False
Punishment Coefficient: 0.5
Alpha: 0.8
Epsilon: 0.01
Gamma: 0.97
Initial Episode Number: 0
Episode Number Coefficient: 1.4
Number of Random Features: 20
Planning Number: 20
Max Random Features: 60
New Episode Number: 72
New Episode Number: 143
New Episode Number: 215
New Episode Number: 286
                 0      1      2      3      4
new_cluster -11.00 -10.60 -12.60 -11.24 -10.29
c1          -10.98 -10.50 -12.23 -11.39 -10.33
c2          -11.00 -10.52 -12.75 -11.41 -10.15
c3          -10.98 -10.50 -12.59 -11.38 -10.37
c4          -10.98 -10.64 -12.57 -11.55 -10.28
\begin{tabular}{lrrrrr}
\toprule
{} &      0 &      1 &      2 &      3 &      4 \\
\midrule
new\_cluster & -11.00 & -10.60 & -12.60 & -11.24 & -10.29 \\
c1          & -10.98 & -10.50 & -12.23 & -11.39 & -10.33 \\
c2          & -11.00 & -10.52 & -12.75 & -11.41 & -10.15 \\
c3          & -10.98 & -10.50 & -12.59 & -11.38 & -10.37 \\
c4          & -10.98 & -10.64 & -12.57 & -11.55 & -10.28 \\
\bottomrule
\end{tabular}

                               0            1  ...            3            4
new_cluster  [-1.0, new_cluster]  [-0.46, c1]  ...  [-1.18, c3]   [-0.3, c4]
c1           [-1.0, new_cluster]  [-0.44, c1]  ...  [-1.33, c3]  [-0.34, c4]
c2           [-1.0, new_cluster]  [-0.48, c1]  ...  [-1.33, c3]  [-0.17, c4]
c3           [-1.0, new_cluster]  [-0.43, c1]  ...  [-1.32, c3]  [-0.35, c4]
c4           [-1.0, new_cluster]  [-0.58, c1]  ...  [-1.44, c3]   [-0.2, c4]

[5 rows x 5 columns]
\begin{tabular}{llllll}
\toprule
{} &                    0 &            1 &            2 &            3 &            4 \\
\midrule
new\_cluster &  [-1.0, new\_cluster] &  [-0.46, c1] &   [-2.7, c2] &  [-1.18, c3] &   [-0.3, c4] \\
c1          &  [-1.0, new\_cluster] &  [-0.44, c1] &  [-2.32, c2] &  [-1.33, c3] &  [-0.34, c4] \\
c2          &  [-1.0, new\_cluster] &  [-0.48, c1] &  [-2.84, c2] &  [-1.33, c3] &  [-0.17, c4] \\
c3          &  [-1.0, new\_cluster] &  [-0.43, c1] &  [-2.73, c2] &  [-1.32, c3] &  [-0.35, c4] \\
c4          &  [-1.0, new\_cluster] &  [-0.58, c1] &  [-2.66, c2] &  [-1.44, c3] &   [-0.2, c4] \\
\bottomrule
\end{tabular}

