Seed: 0
Experiment_path: AE_Model_2/Experiment_04
Dataset_Path: ../_00_Datasets/03_SimDaten_Quiroga2020/C_Easy2_noise020.mat
Dataset_name: ['03_SimDaten_Quiroga2020', 'C_Easy2_noise020.mat']
Variant_name: Variant_04_Offline_Autoencoder_QLearning
Visualisation_Path: Grid_Search_PC//V4/C_Easy2_noise020.mat/Variant_04_Offline_Autoencoder_QLearning/2023_04_21-10_01_19
Split Ratio: 0.9
Epochs: 8
Batch Size: 1
Input Size: 47
Number of Features: 2
Chosen Model: Convolutional Autoencoder
ConvolutionalAutoencoder(
  (encoder): Sequential(
    (0): Conv1d(1, 6, kernel_size=(6,), stride=(1,))
    (1): LeakyReLU(negative_slope=0.01)
    (2): Conv1d(6, 1, kernel_size=(6,), stride=(1,))
    (3): Flatten(start_dim=1, end_dim=-1)
    (4): Linear(in_features=37, out_features=2, bias=True)
  )
  (decoder): Sequential(
    (0): ConvTranspose1d(1, 6, kernel_size=(6,), stride=(1,))
    (1): LeakyReLU(negative_slope=0.01)
    (2): ConvTranspose1d(6, 1, kernel_size=(6,), stride=(1,))
    (3): Flatten(start_dim=1, end_dim=-1)
    (4): Linear(in_features=12, out_features=47, bias=True)
  )
)
MSELoss()
Adam (
Parameter Group 0
    amsgrad: False
    betas: (0.9, 0.999)
    capturable: False
    differentiable: False
    eps: 1e-08
    foreach: None
    fused: False
    lr: 0.001
    maximize: False
    weight_decay: 0
)
---Q Learning Parameters---
Normalisation: False
Punishment Coefficient: 1.1
Alpha: 0.8
Epsilon: 0.01
Gamma: 0.97
Initial Episode Number: 0
Episode Number Coefficient: 1.4
Number of Random Features: 20
Planning Number: 20
Max Random Features: 60
New Episode Number: 72
New Episode Number: 143
New Episode Number: 215
New Episode Number: 286
New Episode Number: 358
                0     1      2      3     4      5
new_cluster -7.18 -2.41 -15.86 -10.46 -3.11 -23.51
c1          -7.18 -2.47 -15.92  -9.93 -3.38 -24.20
c2          -7.19 -2.33 -15.71 -10.50 -3.24 -24.00
c3          -7.18 -2.58 -16.47  -9.73 -3.59 -24.71
c4          -7.18 -2.36 -14.89 -10.59 -3.23 -24.28
c5          -7.23 -2.35 -15.63  -9.06 -3.15 -25.08
\begin{tabular}{lrrrrrr}
\toprule
{} &     0 &     1 &      2 &      3 &     4 &      5 \\
\midrule
new\_cluster & -7.18 & -2.41 & -15.86 & -10.46 & -3.11 & -23.51 \\
c1          & -7.18 & -2.47 & -15.92 &  -9.93 & -3.38 & -24.20 \\
c2          & -7.19 & -2.33 & -15.71 & -10.50 & -3.24 & -24.00 \\
c3          & -7.18 & -2.58 & -16.47 &  -9.73 & -3.59 & -24.71 \\
c4          & -7.18 & -2.36 & -14.89 & -10.59 & -3.23 & -24.28 \\
c5          & -7.23 & -2.35 & -15.63 &  -9.06 & -3.15 & -25.08 \\
\bottomrule
\end{tabular}

                                0            1  ...            4             5
new_cluster  [-4.84, new_cluster]  [-0.13, c1]  ...  [-0.81, c4]  [-21.23, c5]
c1           [-4.84, new_cluster]  [-0.25, c1]  ...  [-1.08, c4]  [-21.91, c5]
c2           [-4.84, new_cluster]  [-0.04, c1]  ...  [-0.93, c4]  [-21.61, c5]
c3           [-4.84, new_cluster]  [-0.21, c1]  ...   [-1.3, c4]  [-22.44, c5]
c4           [-4.84, new_cluster]  [-0.07, c1]  ...  [-0.93, c4]  [-21.99, c5]
c5           [-4.84, new_cluster]  [-0.09, c1]  ...  [-0.85, c4]  [-22.77, c5]

[6 rows x 6 columns]
\begin{tabular}{lllllll}
\toprule
{} &                     0 &            1 &             2 &            3 &            4 &             5 \\
\midrule
new\_cluster &  [-4.84, new\_cluster] &  [-0.13, c1] &   [-13.6, c2] &  [-8.05, c3] &  [-0.81, c4] &  [-21.23, c5] \\
c1          &  [-4.84, new\_cluster] &  [-0.25, c1] &   [-13.6, c2] &   [-7.5, c3] &  [-1.08, c4] &  [-21.91, c5] \\
c2          &  [-4.84, new\_cluster] &  [-0.04, c1] &  [-13.37, c2] &  [-8.09, c3] &  [-0.93, c4] &  [-21.61, c5] \\
c3          &  [-4.84, new\_cluster] &  [-0.21, c1] &   [-14.2, c2] &  [-7.32, c3] &   [-1.3, c4] &  [-22.44, c5] \\
c4          &  [-4.84, new\_cluster] &  [-0.07, c1] &  [-12.63, c2] &  [-8.18, c3] &  [-0.93, c4] &  [-21.99, c5] \\
c5          &  [-4.84, new\_cluster] &  [-0.09, c1] &  [-13.36, c2] &  [-6.65, c3] &  [-0.85, c4] &  [-22.77, c5] \\
\bottomrule
\end{tabular}

