Experiment_path: AE_Model_2/Epochs_2_4_6_8_20/20_Experiment_05_Epochs
Dataset_Path: ../_00_Datasets/03_SimDaten_Quiroga2020/C_Difficult1_noise015.mat
Dataset_name: ['03_SimDaten_Quiroga2020', 'C_Difficult1_noise015.mat']
Variant_name: Variant_05_Epochs_20
Visualisation_Path: AE_Model_2/Epochs_2_4_6_8_20/20_Experiment_05_Epochs/C_Difficult1_noise015.mat/V05_Online_AE_QL/2023_05_11-01_13_23
Punishment_Coefficient: 0.6
<_01_LoadDataset.ExternCode.spike_class.spike_dataclass object at 0x0000020906688DD8>
Sampling rate: 24000.0
Raw: [ 0.04887081  0.02693095 -0.0154249  ... -0.09301659 -0.11629005
 -0.14613101]
Times: [    340     491     641 ... 1439047 1439065 1439816]
Cluster: [1 1 1 ... 3 2 2]
Number of different clusters:  3
Number of Spikes: 3472
First aligned Spike Frame: [ 0.12751554  0.12305882  0.10482977  0.09479529  0.10214978  0.11675932
  0.11777927  0.09307299  0.04670706 -0.00574343 -0.06143573 -0.14637617
 -0.20942665 -0.00208103  0.52241508  0.81651544  0.46446121 -0.19226425
 -0.60927882 -0.6713583  -0.57871227 -0.49011309 -0.4269388  -0.3668903
 -0.30523219 -0.24747124 -0.19738203 -0.15189972 -0.10449507 -0.05533325
 -0.01452429  0.01008816  0.02570853  0.04365027  0.06334113  0.07980397
  0.08484457  0.07688513  0.06142919  0.04320028  0.02240626  0.00477291
 -0.00393242 -0.00135684  0.00575182  0.0026944  -0.01541647]
Cluster 0, Occurrences: 1159
Cluster 1, Occurrences: 1172
Cluster 2, Occurrences: 1141
Number of Clusters: 3
Online_Training [1/700]: mean_loss=0.08959559798240661
Online_Training [2/700]: mean_loss=0.09145848900079727
Online_Training [3/700]: mean_loss=0.06823714263737202
Online_Training [4/700]: mean_loss=0.025713219447061418
Online_Training [5/700]: mean_loss=0.03718292051926255
Online_Training [6/700]: mean_loss=0.007876648055389523
Online_Training [7/700]: mean_loss=0.019145873561501502
Online_Training [8/700]: mean_loss=0.039405035227537154
Online_Training [9/700]: mean_loss=0.017958562495186924
Online_Training [10/700]: mean_loss=0.016698505613021553
Online_Training [11/700]: mean_loss=0.009977540280669928
Online_Training [12/700]: mean_loss=0.01792138023301959
Online_Training [13/700]: mean_loss=0.05577305648475885
Online_Training [14/700]: mean_loss=0.0788521058857441
Online_Training [15/700]: mean_loss=0.082028504088521
Online_Training [16/700]: mean_loss=0.02805775422602892
Online_Training [17/700]: mean_loss=0.026745081320405005
Online_Training [18/700]: mean_loss=0.02000916884280741
Online_Training [19/700]: mean_loss=0.030368488281965256
Online_Training [20/700]: mean_loss=0.03528662780299783
Online_Training [21/700]: mean_loss=0.07975308150053025
Online_Training [22/700]: mean_loss=0.014141586702316999
Online_Training [23/700]: mean_loss=0.05434873607009649
Online_Training [24/700]: mean_loss=0.03315869150683284
Online_Training [25/700]: mean_loss=0.021245120698586105
Online_Training [26/700]: mean_loss=0.03861313024535775
Online_Training [27/700]: mean_loss=0.015398862864822149
Online_Training [28/700]: mean_loss=0.019842590717598797
Online_Training [29/700]: mean_loss=0.04565775608643889
Online_Training [30/700]: mean_loss=0.03222725242376327
Online_Training [31/700]: mean_loss=0.10963744185864925
Online_Training [32/700]: mean_loss=0.05414604432880878
Online_Training [33/700]: mean_loss=0.05211618524044752
Online_Training [34/700]: mean_loss=0.026610824372619392
Online_Training [35/700]: mean_loss=0.01553764520213008
Online_Training [36/700]: mean_loss=0.08945049457252026
Online_Training [37/700]: mean_loss=0.03234957093372941
Online_Training [38/700]: mean_loss=0.024804441165179013
Online_Training [39/700]: mean_loss=0.05653025414794684
Online_Training [40/700]: mean_loss=0.01837857812643051
Online_Training [41/700]: mean_loss=0.04693432152271271
Online_Training [42/700]: mean_loss=0.04078114423900843
Online_Training [43/700]: mean_loss=0.039235898200422524
Online_Training [44/700]: mean_loss=0.012917469721287489
Online_Training [45/700]: mean_loss=0.010365675250068308
Online_Training [46/700]: mean_loss=0.030516085866838693
Online_Training [47/700]: mean_loss=0.01691850172355771
Online_Training [48/700]: mean_loss=0.036803098022937776
Online_Training [49/700]: mean_loss=0.011057545896619558
Online_Training [50/700]: mean_loss=0.03566098706796765
Online_Training [51/700]: mean_loss=0.050119043327867985
Online_Training [52/700]: mean_loss=0.08987914584577084
Online_Training [53/700]: mean_loss=0.016171128256246448
Online_Training [54/700]: mean_loss=0.010813519591465592
Online_Training [55/700]: mean_loss=0.023482367303222416
Online_Training [56/700]: mean_loss=0.06065377611666918
Online_Training [57/700]: mean_loss=0.08041107393801213
Online_Training [58/700]: mean_loss=0.06493654400110245
Online_Training [59/700]: mean_loss=0.04035910591483116
Online_Training [60/700]: mean_loss=0.05798343103379011
Online_Training [61/700]: mean_loss=0.018996245181187987
Online_Training [62/700]: mean_loss=0.09528079107403756
Online_Training [63/700]: mean_loss=0.043196456506848335
Online_Training [64/700]: mean_loss=0.030201106611639262
Online_Training [65/700]: mean_loss=0.023538321908563375
Online_Training [66/700]: mean_loss=0.025735674891620874
Online_Training [67/700]: mean_loss=0.031417978927493095
Online_Training [68/700]: mean_loss=0.01447917460463941
Online_Training [69/700]: mean_loss=0.019767381949350238
Online_Training [70/700]: mean_loss=0.038759101368486884
Online_Training [71/700]: mean_loss=0.055512428563088176
Online_Training [72/700]: mean_loss=0.02565620681270957
Online_Training [73/700]: mean_loss=0.02310325400903821
Online_Training [74/700]: mean_loss=0.028111558966338636
Online_Training [75/700]: mean_loss=0.028359014447778462
Online_Training [76/700]: mean_loss=0.018612118158489465
Online_Training [77/700]: mean_loss=0.03668020255863667
Online_Training [78/700]: mean_loss=0.029216079879552125
Online_Training [79/700]: mean_loss=0.014842967782169581
Online_Training [80/700]: mean_loss=0.02352180369198322
Online_Training [81/700]: mean_loss=0.07397637180984021
Online_Training [82/700]: mean_loss=0.029185954295098782
Online_Training [83/700]: mean_loss=0.026483328174799682
Online_Training [84/700]: mean_loss=0.028671209700405598
Online_Training [85/700]: mean_loss=0.01468003410845995
Online_Training [86/700]: mean_loss=0.020081681478768588
Online_Training [87/700]: mean_loss=0.06943196905776858
Online_Training [88/700]: mean_loss=0.06171107776463032
Online_Training [89/700]: mean_loss=0.02342961388640106
Online_Training [90/700]: mean_loss=0.016930962912738323
Online_Training [91/700]: mean_loss=0.00958731786813587
Online_Training [92/700]: mean_loss=0.05606986619532108
Online_Training [93/700]: mean_loss=0.02275678012520075
Online_Training [94/700]: mean_loss=0.023999061435461044
Online_Training [95/700]: mean_loss=0.021519254287704827
Online_Training [96/700]: mean_loss=0.02773588476702571
Online_Training [97/700]: mean_loss=0.027771785296499728
Online_Training [98/700]: mean_loss=0.027797220181673764
Online_Training [99/700]: mean_loss=0.027621629368513822
Online_Training [100/700]: mean_loss=0.02208091742359102
Online_Training [101/700]: mean_loss=0.010046200291253627
Online_Training [102/700]: mean_loss=0.02437507500872016
Online_Training [103/700]: mean_loss=0.008541158656589687
Online_Training [104/700]: mean_loss=0.04248794363811612
Online_Training [105/700]: mean_loss=0.021541567146778108
Online_Training [106/700]: mean_loss=0.021604011580348016
Online_Training [107/700]: mean_loss=0.023265913408249617
Online_Training [108/700]: mean_loss=0.010290524386800826
Online_Training [109/700]: mean_loss=0.010903042275458574
Online_Training [110/700]: mean_loss=0.015290851891040801
Online_Training [111/700]: mean_loss=0.016011778637766837
Online_Training [112/700]: mean_loss=0.031587764900177714
Online_Training [113/700]: mean_loss=0.10182612761855125
Online_Training [114/700]: mean_loss=0.07879531979560853
Online_Training [115/700]: mean_loss=0.02980923354625702
Online_Training [116/700]: mean_loss=0.018472683755680917
Online_Training [117/700]: mean_loss=0.020435377862304448
Online_Training [118/700]: mean_loss=0.0276158451102674
Online_Training [119/700]: mean_loss=0.01827909885905683
Online_Training [120/700]: mean_loss=0.009255607845261693
Online_Training [121/700]: mean_loss=0.05349832400679588
Online_Training [122/700]: mean_loss=0.04668986052274704
Online_Training [123/700]: mean_loss=0.021127352304756642
Online_Training [124/700]: mean_loss=0.01280645621009171
Online_Training [125/700]: mean_loss=0.020327498158439993
Online_Training [126/700]: mean_loss=0.16128989458084106
Online_Training [127/700]: mean_loss=0.042156066931784156
Online_Training [128/700]: mean_loss=0.039581858552992344
Online_Training [129/700]: mean_loss=0.012680065026506782
Online_Training [130/700]: mean_loss=0.026419760286808015
Online_Training [131/700]: mean_loss=0.1324025522917509
Online_Training [132/700]: mean_loss=0.1399008572101593
Online_Training [133/700]: mean_loss=0.014909147145226597
Online_Training [134/700]: mean_loss=0.025696301367133856
Online_Training [135/700]: mean_loss=0.05389308091253042
Online_Training [136/700]: mean_loss=0.12747324928641318
Online_Training [137/700]: mean_loss=0.019027487374842167
Online_Training [138/700]: mean_loss=0.017863984499126673
Online_Training [139/700]: mean_loss=0.024336293712258338
Online_Training [140/700]: mean_loss=0.023853113781660794
Online_Training [141/700]: mean_loss=0.02364154187962413
Online_Training [142/700]: mean_loss=0.019659453164786102
Online_Training [143/700]: mean_loss=0.015001115249469876
Online_Training [144/700]: mean_loss=0.013826419692486524
Online_Training [145/700]: mean_loss=0.01104393070563674
Online_Training [146/700]: mean_loss=0.019900411693379284
Online_Training [147/700]: mean_loss=0.009090593131259084
Online_Training [148/700]: mean_loss=0.013373010698705912
Online_Training [149/700]: mean_loss=0.019767105486243962
Online_Training [150/700]: mean_loss=0.02180486861616373
Online_Training [151/700]: mean_loss=0.00725154576357454
Online_Training [152/700]: mean_loss=0.01720155165530741
Online_Training [153/700]: mean_loss=0.0203088175971061
Online_Training [154/700]: mean_loss=0.011107090953737497
Online_Training [155/700]: mean_loss=0.03594534117728472
Online_Training [156/700]: mean_loss=0.02400256982073188
Online_Training [157/700]: mean_loss=0.016269547445699573
Online_Training [158/700]: mean_loss=0.04091562330722809
Online_Training [159/700]: mean_loss=0.014408608805388213
Online_Training [160/700]: mean_loss=0.028601942490786313
Online_Training [161/700]: mean_loss=0.019133069086819887
Online_Training [162/700]: mean_loss=0.029381335712969303
Online_Training [163/700]: mean_loss=0.010599521896801889
Online_Training [164/700]: mean_loss=0.00959288903977722
Online_Training [165/700]: mean_loss=0.014101711614057422
Online_Training [166/700]: mean_loss=0.03063213350251317
Online_Training [167/700]: mean_loss=0.02460410352796316
Online_Training [168/700]: mean_loss=0.030934084299951793
Online_Training [169/700]: mean_loss=0.00678127717692405
Online_Training [170/700]: mean_loss=0.021989189740270376
Online_Training [171/700]: mean_loss=0.027392007876187563
Online_Training [172/700]: mean_loss=0.013115504989400506
Online_Training [173/700]: mean_loss=0.017283823527395725
Online_Training [174/700]: mean_loss=0.019502312783151864
Online_Training [175/700]: mean_loss=0.037599428463727234
Online_Training [176/700]: mean_loss=0.029783066548407077
Online_Training [177/700]: mean_loss=0.008804770396091044
Online_Training [178/700]: mean_loss=0.019508644053712488
Online_Training [179/700]: mean_loss=0.009591957367956639
Online_Training [180/700]: mean_loss=0.01456707352772355
Online_Training [181/700]: mean_loss=0.006411032495088875
Online_Training [182/700]: mean_loss=0.016042976453900338
Online_Training [183/700]: mean_loss=0.013600537460297346
Online_Training [184/700]: mean_loss=0.012216658424586057
Online_Training [185/700]: mean_loss=0.024109780602157117
Online_Training [186/700]: mean_loss=0.01454089256003499
Online_Training [187/700]: mean_loss=0.01747794491238892
Online_Training [188/700]: mean_loss=0.01531558302231133
Online_Training [189/700]: mean_loss=0.03314381223171949
Online_Training [190/700]: mean_loss=0.0027640492306090893
Online_Training [191/700]: mean_loss=0.021993780229240655
Online_Training [192/700]: mean_loss=0.01060120463371277
Online_Training [193/700]: mean_loss=0.01818817830644548
Online_Training [194/700]: mean_loss=0.020462813321501017
Online_Training [195/700]: mean_loss=0.018729140469804405
Online_Training [196/700]: mean_loss=0.03611491583287716
Online_Training [197/700]: mean_loss=0.06627302020788192
Online_Training [198/700]: mean_loss=0.009442831692285835
Online_Training [199/700]: mean_loss=0.019389084447175263
Online_Training [200/700]: mean_loss=0.02562782084569335
Online_Training [201/700]: mean_loss=0.011612754687666893
Online_Training [202/700]: mean_loss=0.02337669050320983
Online_Training [203/700]: mean_loss=0.006904725730419159
Online_Training [204/700]: mean_loss=0.012364387884736061
Online_Training [205/700]: mean_loss=0.005838099843822419
Online_Training [206/700]: mean_loss=0.036356490291655066
Online_Training [207/700]: mean_loss=0.0119455901440233
Online_Training [208/700]: mean_loss=0.034919761773198846
Online_Training [209/700]: mean_loss=0.023371354583650826
Online_Training [210/700]: mean_loss=0.02282182276248932
Online_Training [211/700]: mean_loss=0.014358719624578953
Online_Training [212/700]: mean_loss=0.021456177206709982
Online_Training [213/700]: mean_loss=0.017341150203719735
Online_Training [214/700]: mean_loss=0.02642273046076298
Online_Training [215/700]: mean_loss=0.004340201441664249
Online_Training [216/700]: mean_loss=0.024252999247983097
Online_Training [217/700]: mean_loss=0.007881392212584614
Online_Training [218/700]: mean_loss=0.014054746693000197
Online_Training [219/700]: mean_loss=0.012702514277771115
Online_Training [220/700]: mean_loss=0.012985847843810915
Online_Training [221/700]: mean_loss=0.013806739682331681
Online_Training [222/700]: mean_loss=0.01706987083889544
Online_Training [223/700]: mean_loss=0.027945683477446435
Online_Training [224/700]: mean_loss=0.01698297872208059
Online_Training [225/700]: mean_loss=0.009410262829624117
Online_Training [226/700]: mean_loss=0.007686714106239378
Online_Training [227/700]: mean_loss=0.023532107751816512
Online_Training [228/700]: mean_loss=0.06629366260021925
Online_Training [229/700]: mean_loss=0.07064946703612804
Online_Training [230/700]: mean_loss=0.018042556336149575
Online_Training [231/700]: mean_loss=0.02494302876293659
Online_Training [232/700]: mean_loss=0.010364420339465141
Online_Training [233/700]: mean_loss=0.009920751396566629
Online_Training [234/700]: mean_loss=0.013962908717803656
Online_Training [235/700]: mean_loss=0.009770023706369101
Online_Training [236/700]: mean_loss=0.012312062550336123
Online_Training [237/700]: mean_loss=0.022948550712317228
Online_Training [238/700]: mean_loss=0.03172942586243153
Online_Training [239/700]: mean_loss=0.036498462315648794
Online_Training [240/700]: mean_loss=0.021313353162258863
Online_Training [241/700]: mean_loss=0.018274208623915912
Online_Training [242/700]: mean_loss=0.01756098782643676
Online_Training [243/700]: mean_loss=0.01851257639937103
Online_Training [244/700]: mean_loss=0.00814039062242955
Online_Training [245/700]: mean_loss=0.012927467050030828
Online_Training [246/700]: mean_loss=0.01913171852938831
Online_Training [247/700]: mean_loss=0.03972204569727182
Online_Training [248/700]: mean_loss=0.016439828649163248
Online_Training [249/700]: mean_loss=0.009513288992457092
Online_Training [250/700]: mean_loss=0.01200682930648327
Online_Training [251/700]: mean_loss=0.01195796907413751
Online_Training [252/700]: mean_loss=0.0264417190104723
Online_Training [253/700]: mean_loss=0.008033829042688012
Online_Training [254/700]: mean_loss=0.00400039847008884
Online_Training [255/700]: mean_loss=0.009068743651732802
Online_Training [256/700]: mean_loss=0.030043466202914714
Online_Training [257/700]: mean_loss=0.05298369955271483
Online_Training [258/700]: mean_loss=0.08926032781600952
Online_Training [259/700]: mean_loss=0.04901731740683317
Online_Training [260/700]: mean_loss=0.04738567098975181
Online_Training [261/700]: mean_loss=0.013878800207749009
Online_Training [262/700]: mean_loss=0.012361738411709667
Online_Training [263/700]: mean_loss=0.1154494222253561
Online_Training [264/700]: mean_loss=0.08104059733450412
Online_Training [265/700]: mean_loss=0.03948184819892049
Online_Training [266/700]: mean_loss=0.017303677182644604
Online_Training [267/700]: mean_loss=0.013558340957388282
Online_Training [268/700]: mean_loss=0.019802687829360364
Online_Training [269/700]: mean_loss=0.029981805197894573
Online_Training [270/700]: mean_loss=0.010042030969634652
Online_Training [271/700]: mean_loss=0.014013624656945467
Online_Training [272/700]: mean_loss=0.011083085974678396
Online_Training [273/700]: mean_loss=0.00945770931430161
Online_Training [274/700]: mean_loss=0.07519009616225958
Online_Training [275/700]: mean_loss=0.052107260562479496
Online_Training [276/700]: mean_loss=0.03156813951209188
Online_Training [277/700]: mean_loss=0.027846918674185872
Online_Training [278/700]: mean_loss=0.015395349264144898
Online_Training [279/700]: mean_loss=0.01780367540195584
Online_Training [280/700]: mean_loss=0.009054951299913228
Online_Training [281/700]: mean_loss=0.1529629435390234
Online_Training [282/700]: mean_loss=0.14350402727723122
Online_Training [283/700]: mean_loss=0.06075744293630123
Online_Training [284/700]: mean_loss=0.04720700979232788
Online_Training [285/700]: mean_loss=0.032914784550666806
Online_Training [286/700]: mean_loss=0.02955487659201026
Online_Training [287/700]: mean_loss=0.024933225102722646
Online_Training [288/700]: mean_loss=0.015118055697530507
Online_Training [289/700]: mean_loss=0.01860676151700318
Online_Training [290/700]: mean_loss=0.0064641706412658095
Online_Training [291/700]: mean_loss=0.10144749879837037
Online_Training [292/700]: mean_loss=0.017654306767508388
Online_Training [293/700]: mean_loss=0.009839294105768203
Online_Training [294/700]: mean_loss=0.004083945415914059
Online_Training [295/700]: mean_loss=0.018636452872306107
Online_Training [296/700]: mean_loss=0.012242923863232136
Online_Training [297/700]: mean_loss=0.02722294693812728
Online_Training [298/700]: mean_loss=0.007891652476973831
Online_Training [299/700]: mean_loss=0.00943474608939141
Online_Training [300/700]: mean_loss=0.015587359759956598
Online_Training [301/700]: mean_loss=0.019054446602240205
Online_Training [302/700]: mean_loss=0.0060006980784237385
Online_Training [303/700]: mean_loss=0.010004405910149217
Online_Training [304/700]: mean_loss=0.01530401101335883
Online_Training [305/700]: mean_loss=0.025889728218317032
Online_Training [306/700]: mean_loss=0.009747938509099186
Online_Training [307/700]: mean_loss=0.016496237460523845
Online_Training [308/700]: mean_loss=0.02207907885313034
Online_Training [309/700]: mean_loss=0.007503188890404999
Online_Training [310/700]: mean_loss=0.01331753320991993
Online_Training [311/700]: mean_loss=0.01851845453493297
Online_Training [312/700]: mean_loss=0.02016409356147051
Online_Training [313/700]: mean_loss=0.009674400649964809
Online_Training [314/700]: mean_loss=0.03126728404313326
Online_Training [315/700]: mean_loss=0.014657636266201734
Online_Training [316/700]: mean_loss=0.010698464000597596
Online_Training [317/700]: mean_loss=0.015342570701614022
Online_Training [318/700]: mean_loss=0.018781714234501125
Online_Training [319/700]: mean_loss=0.019628224615007638
Online_Training [320/700]: mean_loss=0.012720536068081855
Online_Training [321/700]: mean_loss=0.01700996868312359
Online_Training [322/700]: mean_loss=0.023490212950855495
Online_Training [323/700]: mean_loss=0.010294921835884452
Online_Training [324/700]: mean_loss=0.008405656646937132
Online_Training [325/700]: mean_loss=0.007438920415006578
Online_Training [326/700]: mean_loss=0.034005568269640206
Online_Training [327/700]: mean_loss=0.005418867187108845
Online_Training [328/700]: mean_loss=0.0047740117064677175
Online_Training [329/700]: mean_loss=0.021014253329485654
Online_Training [330/700]: mean_loss=0.019315519044175743
Online_Training [331/700]: mean_loss=0.032395240012556316
Online_Training [332/700]: mean_loss=0.017948719719424844
Online_Training [333/700]: mean_loss=0.015506561705842614
Online_Training [334/700]: mean_loss=0.012714285729452967
Online_Training [335/700]: mean_loss=0.037135481089353564
Online_Training [336/700]: mean_loss=0.01636865148320794
Online_Training [337/700]: mean_loss=0.02318279678002
Online_Training [338/700]: mean_loss=0.02405979260802269
Online_Training [339/700]: mean_loss=0.011868116864934563
Online_Training [340/700]: mean_loss=0.02597636515274644
Online_Training [341/700]: mean_loss=0.022257086634635926
Online_Training [342/700]: mean_loss=0.006483992259018123
Online_Training [343/700]: mean_loss=0.010774746537208557
Online_Training [344/700]: mean_loss=0.010429114615544677
Online_Training [345/700]: mean_loss=0.0169962870888412
Online_Training [346/700]: mean_loss=0.00786220484878868
Online_Training [347/700]: mean_loss=0.009284119796939194
Online_Training [348/700]: mean_loss=0.027917738445103167
Online_Training [349/700]: mean_loss=0.01743250172585249
Online_Training [350/700]: mean_loss=0.018913990072906017
Online_Training [351/700]: mean_loss=0.017353663174435496
Online_Training [352/700]: mean_loss=0.026870552450418472
Online_Training [353/700]: mean_loss=0.013443609979003669
Online_Training [354/700]: mean_loss=0.007134726736694574
Online_Training [355/700]: mean_loss=0.01698139403015375
Online_Training [356/700]: mean_loss=0.009327151416800916
Online_Training [357/700]: mean_loss=0.009308685455471278
Online_Training [358/700]: mean_loss=0.014064101688563823
Online_Training [359/700]: mean_loss=0.005867234524339437
Online_Training [360/700]: mean_loss=0.006908458610996604
Online_Training [361/700]: mean_loss=0.01293876776471734
Online_Training [362/700]: mean_loss=0.019893553759902715
Online_Training [363/700]: mean_loss=0.02870370550081134
Online_Training [364/700]: mean_loss=0.00859835771843791
Online_Training [365/700]: mean_loss=0.011295183328911662
Online_Training [366/700]: mean_loss=0.020404644263908266
Online_Training [367/700]: mean_loss=0.008392279664985836
Online_Training [368/700]: mean_loss=0.05337453298270702
Online_Training [369/700]: mean_loss=0.024558010697364806
Online_Training [370/700]: mean_loss=0.019229997973889114
Online_Training [371/700]: mean_loss=0.030792873445898296
Online_Training [372/700]: mean_loss=0.009683818696066738
Online_Training [373/700]: mean_loss=0.0074974114540964365
Online_Training [374/700]: mean_loss=0.017594274086877703
Online_Training [375/700]: mean_loss=0.01929392796009779
Online_Training [376/700]: mean_loss=0.018624702002853155
Online_Training [377/700]: mean_loss=0.009271065262146294
Online_Training [378/700]: mean_loss=0.012356730131432413
Online_Training [379/700]: mean_loss=0.021124522015452386
Online_Training [380/700]: mean_loss=0.01719811265356839
Online_Training [381/700]: mean_loss=0.012728802394121885
Online_Training [382/700]: mean_loss=0.019854749320074916
Online_Training [383/700]: mean_loss=0.01759956292808056
Online_Training [384/700]: mean_loss=0.1219920575618744
Online_Training [385/700]: mean_loss=0.05498022362589836
Online_Training [386/700]: mean_loss=0.035681340377777815
Online_Training [387/700]: mean_loss=0.010994068626314402
Online_Training [388/700]: mean_loss=0.015844457736238837
Online_Training [389/700]: mean_loss=0.015222649602219463
Online_Training [390/700]: mean_loss=0.011753173638135194
Online_Training [391/700]: mean_loss=0.0119269706774503
Online_Training [392/700]: mean_loss=0.005473848432302475
Online_Training [393/700]: mean_loss=0.021288777142763136
Online_Training [394/700]: mean_loss=0.01658932724967599
Online_Training [395/700]: mean_loss=0.012570948014035821
Online_Training [396/700]: mean_loss=0.025730970408767463
Online_Training [397/700]: mean_loss=0.010825771605595946
Online_Training [398/700]: mean_loss=0.006205365667119623
Online_Training [399/700]: mean_loss=0.022196552157402037
Online_Training [400/700]: mean_loss=0.016972194844856858
Online_Training [401/700]: mean_loss=0.026110530039295553
Online_Training [402/700]: mean_loss=0.09960333742201329
Online_Training [403/700]: mean_loss=0.022231760341674088
Online_Training [404/700]: mean_loss=0.02628294238820672
Online_Training [405/700]: mean_loss=0.0319594070315361
Online_Training [406/700]: mean_loss=0.02142010275274515
Online_Training [407/700]: mean_loss=0.012943375436589123
Online_Training [408/700]: mean_loss=0.02056632488965988
Online_Training [409/700]: mean_loss=0.027151613496243954
Online_Training [410/700]: mean_loss=0.020172668248414995
Online_Training [411/700]: mean_loss=0.02585628964006901
Online_Training [412/700]: mean_loss=0.014127357676625252
Online_Training [413/700]: mean_loss=0.01722367973998189
Online_Training [414/700]: mean_loss=0.03231629421934486
Online_Training [415/700]: mean_loss=0.012935344688594341
Online_Training [416/700]: mean_loss=0.01076495018787682
Online_Training [417/700]: mean_loss=0.08989821150898933
Online_Training [418/700]: mean_loss=0.05453628823161125
Online_Training [419/700]: mean_loss=0.012515314016491174
Online_Training [420/700]: mean_loss=0.03705729059875011
Online_Training [421/700]: mean_loss=0.008192931138910352
Online_Training [422/700]: mean_loss=0.009604745521210134
Online_Training [423/700]: mean_loss=0.005367980711162091
Online_Training [424/700]: mean_loss=0.019185242615640162
Online_Training [425/700]: mean_loss=0.014941671350970864
Online_Training [426/700]: mean_loss=0.02693170923739672
Online_Training [427/700]: mean_loss=0.011775927245616912
Online_Training [428/700]: mean_loss=0.010019687772728502
Online_Training [429/700]: mean_loss=0.015740425465628503
Online_Training [430/700]: mean_loss=0.028858162835240363
Online_Training [431/700]: mean_loss=0.007726365886628628
Online_Training [432/700]: mean_loss=0.023067384539172054
Online_Training [433/700]: mean_loss=0.011961551941931247
Online_Training [434/700]: mean_loss=0.006765569979324937
Online_Training [435/700]: mean_loss=0.008748148404993116
Online_Training [436/700]: mean_loss=0.03175869481638074
Online_Training [437/700]: mean_loss=0.010781672550365329
Online_Training [438/700]: mean_loss=0.03905396657064557
Online_Training [439/700]: mean_loss=0.020215373672544956
Online_Training [440/700]: mean_loss=0.015265375096350908
Online_Training [441/700]: mean_loss=0.09992808625102043
Online_Training [442/700]: mean_loss=0.06874907612800599
Online_Training [443/700]: mean_loss=0.011884073237888515
Online_Training [444/700]: mean_loss=0.027678516600281
Online_Training [445/700]: mean_loss=0.02753026019781828
Online_Training [446/700]: mean_loss=0.020958608016371727
Online_Training [447/700]: mean_loss=0.012195701897144317
Online_Training [448/700]: mean_loss=0.050403600372374055
Online_Training [449/700]: mean_loss=0.03656589100137353
Online_Training [450/700]: mean_loss=0.04555272925645113
Online_Training [451/700]: mean_loss=0.01606322282459587
Online_Training [452/700]: mean_loss=0.03493545977398753
Online_Training [453/700]: mean_loss=0.0196593102067709
Online_Training [454/700]: mean_loss=0.018582960451021792
Online_Training [455/700]: mean_loss=0.012674582749605178
Online_Training [456/700]: mean_loss=0.013885260187089443
Online_Training [457/700]: mean_loss=0.008818515948951245
Online_Training [458/700]: mean_loss=0.020431141182780267
Online_Training [459/700]: mean_loss=0.008606514905113726
Online_Training [460/700]: mean_loss=0.03997088065370917
Online_Training [461/700]: mean_loss=0.014952068589627743
Online_Training [462/700]: mean_loss=0.009715918404981493
Online_Training [463/700]: mean_loss=0.012624857528135181
Online_Training [464/700]: mean_loss=0.02195985084399581
Online_Training [465/700]: mean_loss=0.016712402785196902
Online_Training [466/700]: mean_loss=0.008276227791793645
Online_Training [467/700]: mean_loss=0.006447989586740732
Online_Training [468/700]: mean_loss=0.010271865362301468
Online_Training [469/700]: mean_loss=0.01552517586387694
Online_Training [470/700]: mean_loss=0.010662460792809724
Online_Training [471/700]: mean_loss=0.013569174241274596
Online_Training [472/700]: mean_loss=0.005356367398053408
Online_Training [473/700]: mean_loss=0.0031075484585016966
Online_Training [474/700]: mean_loss=0.08734010644257069
Online_Training [475/700]: mean_loss=0.13733693286776544
Online_Training [476/700]: mean_loss=0.01529458628501743
Online_Training [477/700]: mean_loss=0.013333010766655207
Online_Training [478/700]: mean_loss=0.035581936687231065
Online_Training [479/700]: mean_loss=0.00906852218322456
Online_Training [480/700]: mean_loss=0.01796100349165499
Online_Training [481/700]: mean_loss=0.008713750867173076
Online_Training [482/700]: mean_loss=0.020698448363691568
Online_Training [483/700]: mean_loss=0.013639138825237752
Online_Training [484/700]: mean_loss=0.016497076116502286
Online_Training [485/700]: mean_loss=0.07801146060228348
Online_Training [486/700]: mean_loss=0.0070616768440231684
Online_Training [487/700]: mean_loss=0.022645639721304178
Online_Training [488/700]: mean_loss=0.030696069449186326
Online_Training [489/700]: mean_loss=0.009134740545414388
Online_Training [490/700]: mean_loss=0.01520476583391428
Online_Training [491/700]: mean_loss=0.005135505436919629
Online_Training [492/700]: mean_loss=0.012534963944926859
Online_Training [493/700]: mean_loss=0.009881537314504385
Online_Training [494/700]: mean_loss=0.0054463572334498165
Online_Training [495/700]: mean_loss=0.0206181101500988
Online_Training [496/700]: mean_loss=0.02254990627989173
Online_Training [497/700]: mean_loss=0.014044995559379459
Online_Training [498/700]: mean_loss=0.02252065632492304
Online_Training [499/700]: mean_loss=0.032925134804099795
Online_Training [500/700]: mean_loss=0.006283339508809149
Online_Training [501/700]: mean_loss=0.014940587151795626
Online_Training [502/700]: mean_loss=0.01817817804403603
Online_Training [503/700]: mean_loss=0.08922376967966557
Online_Training [504/700]: mean_loss=0.019754892401397228
Online_Training [505/700]: mean_loss=0.035553463734686375
Online_Training [506/700]: mean_loss=0.04606130244210362
Online_Training [507/700]: mean_loss=0.007693059637676925
Online_Training [508/700]: mean_loss=0.011301472689956427
Online_Training [509/700]: mean_loss=0.020937353651970626
Online_Training [510/700]: mean_loss=0.014783626608550548
Online_Training [511/700]: mean_loss=0.011895959870889783
Online_Training [512/700]: mean_loss=0.021223106421530247
Online_Training [513/700]: mean_loss=0.004376056487672031
Online_Training [514/700]: mean_loss=0.007629987411201
Online_Training [515/700]: mean_loss=0.013667641300708055
Online_Training [516/700]: mean_loss=0.012811851943843067
Online_Training [517/700]: mean_loss=0.0036733999964781105
Online_Training [518/700]: mean_loss=0.009810585528612137
Online_Training [519/700]: mean_loss=0.033777985256165266
Online_Training [520/700]: mean_loss=0.020049806963652373
Online_Training [521/700]: mean_loss=0.01511814221739769
Online_Training [522/700]: mean_loss=0.008998912805691362
Online_Training [523/700]: mean_loss=0.01571714892052114
Online_Training [524/700]: mean_loss=0.013395468005910516
Online_Training [525/700]: mean_loss=0.020465369429439308
Online_Training [526/700]: mean_loss=0.007289740792475641
Online_Training [527/700]: mean_loss=0.010709683457389475
Online_Training [528/700]: mean_loss=0.016185677517205475
Online_Training [529/700]: mean_loss=0.016040178062394262
Online_Training [530/700]: mean_loss=0.015018930193036795
Online_Training [531/700]: mean_loss=0.014547600969672203
Online_Training [532/700]: mean_loss=0.017725556110963225
Online_Training [533/700]: mean_loss=0.0094484425149858
Online_Training [534/700]: mean_loss=0.028727042861282824
Online_Training [535/700]: mean_loss=0.005982822948135435
Online_Training [536/700]: mean_loss=0.02733148094266653
Online_Training [537/700]: mean_loss=0.020735257677733897
Online_Training [538/700]: mean_loss=0.005374473647680134
Online_Training [539/700]: mean_loss=0.028630247805267572
Online_Training [540/700]: mean_loss=0.017618320183828473
Online_Training [541/700]: mean_loss=0.008419613889418542
Online_Training [542/700]: mean_loss=0.00701145853381604
Online_Training [543/700]: mean_loss=0.013537154626101255
Online_Training [544/700]: mean_loss=0.022815250791609287
Online_Training [545/700]: mean_loss=0.021631147433072328
Online_Training [546/700]: mean_loss=0.00965147279202938
Online_Training [547/700]: mean_loss=0.012164608389139176
Online_Training [548/700]: mean_loss=0.025108721945434807
Online_Training [549/700]: mean_loss=0.0067981177708134055
Online_Training [550/700]: mean_loss=0.011502005439251662
Online_Training [551/700]: mean_loss=0.018549949629232287
Online_Training [552/700]: mean_loss=0.011137316701933742
Online_Training [553/700]: mean_loss=0.014962679240852594
Online_Training [554/700]: mean_loss=0.008498715166933835
Online_Training [555/700]: mean_loss=0.016390448436141014
Online_Training [556/700]: mean_loss=0.013856404460966587
Online_Training [557/700]: mean_loss=0.0205231842584908
Online_Training [558/700]: mean_loss=0.01102888914756477
Online_Training [559/700]: mean_loss=0.009030556562356651
Online_Training [560/700]: mean_loss=0.020651970617473127
Online_Training [561/700]: mean_loss=0.012690819194540381
Online_Training [562/700]: mean_loss=0.01435818113386631
Online_Training [563/700]: mean_loss=0.01879924084059894
Online_Training [564/700]: mean_loss=0.005292069213464856
Online_Training [565/700]: mean_loss=0.0076114448951557275
Online_Training [566/700]: mean_loss=0.004762326297350228
Online_Training [567/700]: mean_loss=0.017079675011336802
Online_Training [568/700]: mean_loss=0.030741194263100624
Online_Training [569/700]: mean_loss=0.007823895919136703
Online_Training [570/700]: mean_loss=0.02911957576870918
Online_Training [571/700]: mean_loss=0.0148373294621706
Online_Training [572/700]: mean_loss=0.016520077688619496
Online_Training [573/700]: mean_loss=0.03313395380973816
Online_Training [574/700]: mean_loss=0.01581770614720881
Online_Training [575/700]: mean_loss=0.021909371949732304
Online_Training [576/700]: mean_loss=0.019861893402412532
Online_Training [577/700]: mean_loss=0.02307075010612607
Online_Training [578/700]: mean_loss=0.008714988711290061
Online_Training [579/700]: mean_loss=0.012103348830714821
Online_Training [580/700]: mean_loss=0.011694543389603495
Online_Training [581/700]: mean_loss=0.020299178455024956
Online_Training [582/700]: mean_loss=0.022721896320581435
Online_Training [583/700]: mean_loss=0.012636201595887542
Online_Training [584/700]: mean_loss=0.017896852595731615
Online_Training [585/700]: mean_loss=0.07448945548385381
Online_Training [586/700]: mean_loss=0.047773048467934134
Online_Training [587/700]: mean_loss=0.013656436139717698
Online_Training [588/700]: mean_loss=0.032688725646585225
Online_Training [589/700]: mean_loss=0.02079998776316643
Online_Training [590/700]: mean_loss=0.023805036954581738
Online_Training [591/700]: mean_loss=0.019356733839958905
Online_Training [592/700]: mean_loss=0.016708278050646185
Online_Training [593/700]: mean_loss=0.010008240235038102
Online_Training [594/700]: mean_loss=0.04069531494751573
Online_Training [595/700]: mean_loss=0.003645487374160439
Online_Training [596/700]: mean_loss=0.014293743390589952
Online_Training [597/700]: mean_loss=0.020529215363785623
Online_Training [598/700]: mean_loss=0.015533958654850721
Online_Training [599/700]: mean_loss=0.009095980133861304
Online_Training [600/700]: mean_loss=0.012004660349339247
Online_Training [601/700]: mean_loss=0.012208812963217497
Online_Training [602/700]: mean_loss=0.018441162165254356
Online_Training [603/700]: mean_loss=0.012521629966795445
Online_Training [604/700]: mean_loss=0.010137283196672797
Online_Training [605/700]: mean_loss=0.020449574571102858
Online_Training [606/700]: mean_loss=0.012076814752072096
Online_Training [607/700]: mean_loss=0.1310586165636778
Online_Training [608/700]: mean_loss=0.058537833578884604
Online_Training [609/700]: mean_loss=0.015099189896136522
Online_Training [610/700]: mean_loss=0.03693148149177432
Online_Training [611/700]: mean_loss=0.026675359345972538
Online_Training [612/700]: mean_loss=0.02291767792776227
Online_Training [613/700]: mean_loss=0.037137772887945175
Online_Training [614/700]: mean_loss=0.011566817294806242
Online_Training [615/700]: mean_loss=0.01765024443157017
Online_Training [616/700]: mean_loss=0.009533099853433669
Online_Training [617/700]: mean_loss=0.013126333057880402
Online_Training [618/700]: mean_loss=0.013810033537447452
Online_Training [619/700]: mean_loss=0.005750814080238342
Online_Training [620/700]: mean_loss=0.02082645073533058
Online_Training [621/700]: mean_loss=0.014736423268914223
Online_Training [622/700]: mean_loss=0.004777074931189418
Online_Training [623/700]: mean_loss=0.007748198183253408
Online_Training [624/700]: mean_loss=0.02054789857938886
Online_Training [625/700]: mean_loss=0.010979638388380408
Online_Training [626/700]: mean_loss=0.019333459436893463
Online_Training [627/700]: mean_loss=0.004362153389956802
Online_Training [628/700]: mean_loss=0.011031267791986465
Online_Training [629/700]: mean_loss=0.03354896679520607
Online_Training [630/700]: mean_loss=0.011108708614483476
Online_Training [631/700]: mean_loss=0.037879231851547956
Online_Training [632/700]: mean_loss=0.012654246343299747
Online_Training [633/700]: mean_loss=0.011171081848442555
Online_Training [634/700]: mean_loss=0.00894120594020933
Online_Training [635/700]: mean_loss=0.00667788265272975
Online_Training [636/700]: mean_loss=0.009468284226022661
Online_Training [637/700]: mean_loss=0.012486105738207697
Online_Training [638/700]: mean_loss=0.024799695052206517
Online_Training [639/700]: mean_loss=0.03187656681984663
Online_Training [640/700]: mean_loss=0.01494423085823655
Online_Training [641/700]: mean_loss=0.010392485093325377
Online_Training [642/700]: mean_loss=0.0033912520157173276
Online_Training [643/700]: mean_loss=0.05247540418058634
Online_Training [644/700]: mean_loss=0.012129700114019214
Online_Training [645/700]: mean_loss=0.013857126329094171
Online_Training [646/700]: mean_loss=0.01596044101752341
Online_Training [647/700]: mean_loss=0.012131119472905993
Online_Training [648/700]: mean_loss=0.01076640198007226
Online_Training [649/700]: mean_loss=0.018426789343357085
Online_Training [650/700]: mean_loss=0.01790087753906846
Online_Training [651/700]: mean_loss=0.017234677635133266
Online_Training [652/700]: mean_loss=0.01940249092876911
Online_Training [653/700]: mean_loss=0.00886128752026707
Online_Training [654/700]: mean_loss=0.013343492615967989
Online_Training [655/700]: mean_loss=0.01686852751299739
Online_Training [656/700]: mean_loss=0.02551640123128891
Online_Training [657/700]: mean_loss=0.0043462963541969655
Online_Training [658/700]: mean_loss=0.03439510622993112
Online_Training [659/700]: mean_loss=0.06297814529389142
Online_Training [660/700]: mean_loss=0.0428575249388814
Online_Training [661/700]: mean_loss=0.03337960382923484
Online_Training [662/700]: mean_loss=0.02188960313796997
Online_Training [663/700]: mean_loss=0.01692630504257977
Online_Training [664/700]: mean_loss=0.009309030906297266
Online_Training [665/700]: mean_loss=0.022112895734608173
Online_Training [666/700]: mean_loss=0.025352186243981122
Online_Training [667/700]: mean_loss=0.013604374369606376
Online_Training [668/700]: mean_loss=0.008715954003855586
Online_Training [669/700]: mean_loss=0.010279019130393863
Online_Training [670/700]: mean_loss=0.04879284780472517
Online_Training [671/700]: mean_loss=0.029971014242619276
Online_Training [672/700]: mean_loss=0.007899446459487081
Online_Training [673/700]: mean_loss=0.02087706970050931
Online_Training [674/700]: mean_loss=0.024376348685473205
Online_Training [675/700]: mean_loss=0.009749649558216333
Online_Training [676/700]: mean_loss=0.009149270411580802
Online_Training [677/700]: mean_loss=0.011295629246160389
Online_Training [678/700]: mean_loss=0.008421346265822648
Online_Training [679/700]: mean_loss=0.006109800119884312
Online_Training [680/700]: mean_loss=0.015460310922935604
Online_Training [681/700]: mean_loss=0.02493576817214489
Online_Training [682/700]: mean_loss=0.006979368848260492
Online_Training [683/700]: mean_loss=0.006707526952959597
Online_Training [684/700]: mean_loss=0.008744536712765694
Online_Training [685/700]: mean_loss=0.04528672341257334
Online_Training [686/700]: mean_loss=0.0599019393324852
Online_Training [687/700]: mean_loss=0.008110853936523199
Online_Training [688/700]: mean_loss=0.009835854545235634
Online_Training [689/700]: mean_loss=0.01323287612758577
Online_Training [690/700]: mean_loss=0.009556156513281167
Online_Training [691/700]: mean_loss=0.022830177564173937
Online_Training [692/700]: mean_loss=0.03078162306919694
Online_Training [693/700]: mean_loss=0.006329198251478374
Online_Training [694/700]: mean_loss=0.00511037833057344
Online_Training [695/700]: mean_loss=0.010074307443574071
Online_Training [696/700]: mean_loss=0.019118486903607845
Online_Training [697/700]: mean_loss=0.009987168433144688
Online_Training [698/700]: mean_loss=0.0044821879593655465
Online_Training [699/700]: mean_loss=0.005402836401481181
Online_Training [700/700]: mean_loss=0.07027899660170078
Number of Samples after Autoencoder testing: 300
First Spike after testing: [-0.87231976  0.41549182]
[2, 0, 1, 0, 0, 1, 1, 2, 1, 1, 1, 0, 0, 1, 2, 1, 0, 1, 1, 1, 1, 0, 2, 1, 0, 0, 0, 0, 2, 1, 0, 1, 2, 1, 1, 0, 2, 0, 1, 0, 2, 0, 2, 1, 2, 0, 2, 0, 1, 0, 2, 0, 0, 1, 2, 2, 1, 0, 0, 2, 2, 2, 1, 2, 0, 2, 1, 0, 1, 0, 1, 0, 1, 1, 1, 0, 0, 1, 2, 2, 1, 2, 1, 0, 2, 1, 2, 2, 0, 0, 1, 2, 1, 0, 1, 2, 2, 0, 1, 1, 2, 2, 1, 2, 1, 2, 0, 2, 1, 0, 1, 2, 2, 2, 1, 1, 2, 1, 2, 0, 1, 1, 2, 2, 1, 2, 2, 2, 0, 2, 1, 2, 0, 2, 1, 2, 1, 2, 1, 0, 2, 0, 2, 1, 0, 0, 2, 2, 1, 2, 0, 1, 2, 1, 2, 0, 0, 0, 1, 1, 1, 1, 2, 2, 2, 2, 1, 0, 0, 1, 1, 0, 0, 0, 0, 1, 1, 0, 0, 2, 0, 1, 1, 0, 2, 0, 2, 1, 0, 1, 0, 2, 2, 0, 1, 0, 0, 2, 0, 1, 2, 2, 2, 1, 2, 1, 0, 0, 2, 0, 1, 1, 2, 1, 0, 2, 2, 0, 1, 1, 0, 2, 0, 0, 1, 2, 2, 1, 2, 2, 2, 2, 1, 0, 2, 1, 0, 1, 2, 0, 0, 2, 0, 0, 0, 1, 1, 0, 1, 0, 1, 1, 0, 2, 2, 0, 0, 2, 1, 1, 1, 2, 2, 1, 2, 1, 1, 0, 2, 1, 1, 0, 0, 1, 2, 1, 1, 0, 0, 1, 1, 1, 2, 1, 0, 1, 2, 2, 1, 2, 0, 2, 1, 1, 2, 1, 2, 0, 1, 2]
[0, 0, 0, 0, 0, 1, 0, 0, 0, 0, 0, 0, 0, 0, 0, 0, 0, 0, 0, 1, 0, 0, 0, 2, 2, 2, 0, 2, 0, 0, 0, 0, 0, 0, 1, 0, 0, 0, 0, 0, 0, 0, 0, 0, 0, 0, 0, 2, 0, 0, 0, 0, 0, 1, 2, 2, 0, 0, 0, 0, 1, 0, 0, 2, 0, 0, 1, 1, 0, 2, 1, 2, 1, 1, 1, 0, 0, 0, 2, 2, 0, 2, 1, 0, 0, 0, 2, 2, 0, 0, 0, 2, 2, 0, 0, 2, 0, 0, 1, 1, 2, 2, 1, 0, 0, 2, 2, 2, 0, 1, 1, 2, 0, 0, 1, 1, 0, 0, 2, 1, 1, 1, 2, 2, 2, 0, 0, 2, 0, 2, 1, 0, 0, 0, 0, 0, 1, 0, 2, 0, 2, 2, 2, 1, 1, 0, 2, 0, 0, 2, 2, 2, 0, 1, 2, 0, 1, 1, 0, 1, 1, 1, 1, 2, 2, 0, 1, 0, 1, 1, 1, 2, 0, 0, 0, 1, 1, 0, 1, 2, 0, 1, 1, 2, 2, 1, 2, 2, 2, 1, 2, 0, 2, 0, 1, 0, 2, 2, 2, 1, 0, 0, 2, 0, 2, 0, 0, 1, 0, 2, 0, 1, 0, 0, 1, 0, 0, 2, 2, 1, 0, 2, 0, 0, 0, 2, 0, 1, 2, 0, 2, 0, 1, 1, 0, 3, 0, 1, 0, 2, 0, 1, 0, 2, 0, 1, 1, 0, 1, 1, 2, 0, 2, 2, 0, 1, 0, 0, 1, 1, 1, 2, 2, 0, 2, 0, 0, 0, 2, 1, 0, 0, 0, 1, 2, 1, 1, 1, 1, 1, 0, 1, 2, 0, 0, 1, 2, 2, 2, 0, 0, 0, 1, 0, 2, 0, 0, 0, 0, 2]
Centroids: [[-0.057896864, 0.43575615], [0.023352169, -0.067222536], [-0.65678436, 0.17082089]]
Centroids: [[-0.18995476, 0.1833853], [0.27987406, -0.1790668], [-0.78288627, 0.47135192], [0.94485, -1.1610225]]
Contingency Matrix: 
[[56 16 20  0]
 [45 54  9  1]
 [47  3 49  0]]
[[56, 16, 20, 0], [45, 54, 9, 1], [47, 3, 49, 0]]
[[56, 16, 20, 0], [45, 54, 9, 1], [47, 3, 49, 0]]
[0, 1, 2, 3]
[[-1, -1, -1, -1], [-1, 54, 9, 1], [-1, 3, 49, 0]]
[[-1, -1, -1, -1], [-1, -1, -1, -1], [-1, -1, 49, 0]]
[[-1, -1, -1, -1], [-1, -1, -1, -1], [-1, -1, -1, -1]]
Match_Labels: {0: 0, 1: 1, 2: 2}
New Contingency Matrix: 
[[56 16 20  0]
 [45 54  9  1]
 [47  3 49  0]]
New Clustered Label Sequence: [0, 1, 2, 3]
Diagonal_Elements: [56, 54, 49], Sum: 159
All_Elements: [56, 16, 20, 0, 45, 54, 9, 1, 47, 3, 49, 0], Sum: 300
Accuracy: 0.53
