Seed: 0
Experiment_path: AE_Model_2/Epochs_2_4_6_8_20/20_Experiment_05_Epochs
Dataset_Path: ../_00_Datasets/03_SimDaten_Quiroga2020/C_Difficult1_noise015.mat
Dataset_name: ['03_SimDaten_Quiroga2020', 'C_Difficult1_noise015.mat']
Variant_name: V05_Online_AE_QL
Visualisation_Path: AE_Model_2/Epochs_2_4_6_8_20/20_Experiment_05_Epochs/C_Difficult1_noise015.mat/V05_Online_AE_QL/2023_05_11-01_13_23
Normalisation: False
Template Matching: False
Optimising Autoencoder: False
Update Factor: 1
Noisy Batches: False
Noisy Factor: 0.001
Epochs: 20
Batch Size: 1
maximal Spikes for Autoencoder Training : 700
maximal Spikes for Training: 1000
Input Size: 47
Chosen Model: Convolutional Autoencoder
ConvolutionalAutoencoder(
  (encoder): Sequential(
    (0): Conv1d(1, 6, kernel_size=(6,), stride=(1,))
    (1): LeakyReLU(negative_slope=0.01)
    (2): Conv1d(6, 1, kernel_size=(6,), stride=(1,))
    (3): Flatten(start_dim=1, end_dim=-1)
    (4): Linear(in_features=37, out_features=2, bias=True)
  )
  (decoder): Sequential(
    (0): ConvTranspose1d(1, 6, kernel_size=(6,), stride=(1,))
    (1): LeakyReLU(negative_slope=0.01)
    (2): ConvTranspose1d(6, 1, kernel_size=(6,), stride=(1,))
    (3): Flatten(start_dim=1, end_dim=-1)
    (4): Linear(in_features=12, out_features=47, bias=True)
  )
)
MSELoss()
Adam (
Parameter Group 0
    amsgrad: False
    betas: (0.9, 0.999)
    capturable: False
    differentiable: False
    eps: 1e-08
    foreach: None
    fused: False
    lr: 0.001
    maximize: False
    weight_decay: 0
)
---Q Learning Parameters---
Normalisation: False
Punishment Coefficient: 0.6
Alpha: 0.8
Epsilon: 0.01
Gamma: 0.97
Initial Episode Number: 0
Episode Number Coefficient: 1.4
Number of Random Features: 20
Planning Number: 20
Max Random Features: 60
New Episode Number: 72
New Episode Number: 143
New Episode Number: 215
New Episode Number: 286
                0     1     2     3     4
new_cluster -4.72 -4.14 -5.46 -3.37 -7.01
c1          -4.76 -3.96 -5.48 -3.24 -7.01
c2          -4.71 -4.16 -5.64 -3.31 -7.01
c3          -4.72 -4.05 -5.46 -3.30 -7.01
c4          -4.72 -4.31 -5.59 -3.30  0.00
\begin{tabular}{lrrrrr}
\toprule
{} &     0 &     1 &     2 &     3 &     4 \\
\midrule
new\_cluster & -4.72 & -4.14 & -5.46 & -3.37 & -7.01 \\
c1          & -4.76 & -3.96 & -5.48 & -3.24 & -7.01 \\
c2          & -4.71 & -4.16 & -5.64 & -3.31 & -7.01 \\
c3          & -4.72 & -4.05 & -5.46 & -3.30 & -7.01 \\
c4          & -4.72 & -4.31 & -5.59 & -3.30 &  0.00 \\
\bottomrule
\end{tabular}

                                0            1  ...            3            4
new_cluster  [-1.44, new_cluster]   [-1.0, c1]  ...  [-0.17, c3]  [-7.01, c4]
c1           [-1.44, new_cluster]  [-0.82, c1]  ...  [-0.04, c3]  [-7.01, c4]
c2           [-1.44, new_cluster]  [-1.01, c1]  ...  [-0.11, c3]  [-7.01, c4]
c3           [-1.44, new_cluster]  [-0.85, c1]  ...  [-0.09, c3]  [-7.01, c4]
c4           [-1.44, new_cluster]  [-1.03, c1]  ...   [-0.1, c3]        [0, ]

[5 rows x 5 columns]
\begin{tabular}{llllll}
\toprule
{} &                     0 &            1 &            2 &            3 &            4 \\
\midrule
new\_cluster &  [-1.44, new\_cluster] &   [-1.0, c1] &  [-2.24, c2] &  [-0.17, c3] &  [-7.01, c4] \\
c1          &  [-1.44, new\_cluster] &  [-0.82, c1] &  [-2.26, c2] &  [-0.04, c3] &  [-7.01, c4] \\
c2          &  [-1.44, new\_cluster] &  [-1.01, c1] &  [-2.42, c2] &  [-0.11, c3] &  [-7.01, c4] \\
c3          &  [-1.44, new\_cluster] &  [-0.85, c1] &  [-2.23, c2] &  [-0.09, c3] &  [-7.01, c4] \\
c4          &  [-1.44, new\_cluster] &  [-1.03, c1] &  [-2.33, c2] &   [-0.1, c3] &        [0, ] \\
\bottomrule
\end{tabular}

