Experiment_path: AE_Model_1/Normalization/Experiment_04
Dataset_Path: ../_00_Datasets/03_SimDaten_Quiroga2020/C_Difficult1_noise005.mat
Dataset_name: ['03_SimDaten_Quiroga2020', 'C_Difficult1_noise005.mat']
Variant_name: V04_Off_AE_QL
Visualisation_Path: AE_Model_1/Normalization/Experiment_04/C_Difficult1_noise005.mat/V04_Off_AE_QL/2023_06_04-20_23_12
Punishment_Coefficient: 0.4
<_01_LoadDataset.ExternCode.spike_class.spike_dataclass object at 0x0000022648E732E8>
Sampling rate: 24000.0
Raw: [-0.02396372 -0.02524464 -0.02236968 ... -0.00445509 -0.00436778
 -0.00470578]
Times: [    634     868    2584 ... 1437994 1438740 1439460]
Cluster: [3 2 3 ... 1 2 3]
Number of different clusters:  3
Number of Spikes: 3383
First aligned Spike Frame: [ 0.00503762 -0.00373478 -0.02417005 -0.05492281 -0.07823403 -0.07649548
 -0.06285267 -0.06865366 -0.09676273 -0.11004904 -0.09516198 -0.02689536
  0.18218225  0.56508663  0.95357316  1.00263054  0.57634096 -0.04324787
 -0.47305592 -0.6155027  -0.61852552 -0.60964372 -0.60484482 -0.57289026
 -0.52334621 -0.49235523 -0.47468281 -0.4416077  -0.40763637 -0.38725194
 -0.36627613 -0.33462257 -0.30781191 -0.30310449 -0.30176569 -0.28764362
 -0.27487686 -0.27588822 -0.27512317 -0.25186462 -0.21649826 -0.18877803
 -0.16831802 -0.15216626 -0.15550926 -0.17919117 -0.19056035]
Cluster 0, Occurrences: 1115
Cluster 1, Occurrences: 1113
Cluster 2, Occurrences: 1155
Train Index: 3045
x_train: 3045
y_train: 3045
x_test: 338
y_test: 338
<torch.utils.data.dataloader.DataLoader object at 0x0000022649351320>
<torch.utils.data.dataloader.DataLoader object at 0x0000022649351CF8>
Epoch [1/8]: mean_loss=0.00021253928311982718
Epoch [2/8]: mean_loss=0.00011679565400949547
Epoch [3/8]: mean_loss=0.00010726174109497632
Epoch [4/8]: mean_loss=0.00010507775586073964
Epoch [5/8]: mean_loss=0.00010362101870945277
Epoch [6/8]: mean_loss=0.00010223861417483862
Epoch [7/8]: mean_loss=0.00010191301061283975
Epoch [8/8]: mean_loss=0.00010150749664921895
Number of Clusters: 3
Number of Samples after Autoencoder testing: 338
First Spike after testing: [-0.3953288  0.4326045]
[0, 1, 2, 2, 1, 1, 2, 0, 2, 2, 2, 0, 1, 1, 1, 2, 1, 2, 0, 0, 0, 1, 0, 1, 1, 0, 0, 0, 0, 0, 0, 0, 1, 2, 2, 0, 0, 0, 1, 2, 1, 0, 0, 0, 2, 1, 1, 2, 1, 1, 0, 0, 1, 1, 2, 2, 2, 1, 2, 0, 2, 0, 2, 0, 0, 2, 1, 0, 2, 0, 0, 1, 2, 2, 0, 0, 2, 1, 1, 0, 2, 0, 0, 2, 2, 1, 0, 1, 0, 0, 0, 1, 2, 2, 2, 0, 0, 2, 2, 1, 2, 1, 0, 1, 0, 2, 0, 1, 2, 1, 1, 2, 0, 2, 2, 0, 0, 0, 0, 2, 0, 1, 2, 0, 2, 0, 2, 2, 2, 0, 0, 1, 0, 0, 0, 0, 0, 2, 1, 0, 1, 2, 0, 0, 0, 1, 2, 0, 0, 2, 1, 1, 2, 0, 2, 1, 0, 0, 0, 2, 1, 0, 1, 2, 2, 0, 2, 0, 0, 1, 0, 1, 1, 2, 2, 2, 1, 0, 0, 2, 2, 0, 1, 0, 2, 2, 2, 0, 2, 0, 2, 2, 1, 2, 1, 1, 2, 1, 2, 2, 1, 2, 2, 2, 2, 2, 1, 1, 0, 1, 0, 0, 2, 1, 0, 1, 0, 2, 0, 1, 1, 1, 0, 0, 1, 1, 0, 0, 1, 0, 2, 0, 2, 2, 0, 0, 2, 2, 2, 2, 2, 1, 0, 2, 2, 1, 1, 2, 2, 1, 0, 0, 1, 0, 1, 1, 0, 1, 1, 0, 1, 1, 0, 0, 1, 1, 2, 2, 1, 0, 1, 2, 1, 2, 0, 2, 2, 2, 1, 0, 2, 2, 0, 0, 0, 1, 0, 0, 0, 1, 0, 2, 2, 1, 2, 1, 0, 2, 2, 0, 1, 2, 0, 1, 0, 2, 2, 2, 1, 0, 2, 2, 0, 2, 2, 0, 1, 0, 1, 2, 2, 1, 2, 2, 1, 2, 0, 2, 2, 1, 2, 0, 1, 0, 2, 0, 1, 2]
[0, 1, 1, 1, 1, 1, 1, 0, 1, 1, 1, 0, 1, 1, 1, 1, 1, 1, 0, 0, 0, 2, 0, 2, 1, 0, 0, 0, 0, 0, 0, 0, 2, 1, 1, 0, 0, 0, 2, 1, 2, 0, 0, 0, 1, 2, 2, 1, 2, 1, 0, 0, 2, 2, 1, 1, 1, 1, 1, 0, 1, 0, 1, 0, 0, 1, 2, 0, 1, 0, 0, 3, 3, 1, 0, 0, 1, 2, 2, 0, 1, 0, 0, 1, 1, 2, 0, 2, 0, 0, 0, 2, 1, 0, 1, 0, 0, 1, 1, 1, 1, 2, 0, 2, 0, 1, 0, 2, 1, 2, 2, 1, 0, 1, 1, 0, 0, 0, 0, 1, 0, 2, 1, 0, 1, 0, 1, 1, 1, 0, 0, 2, 0, 0, 0, 0, 0, 1, 2, 0, 2, 1, 0, 0, 0, 2, 1, 0, 0, 0, 2, 2, 1, 0, 1, 1, 0, 0, 0, 1, 2, 2, 0, 1, 1, 1, 1, 0, 0, 2, 0, 2, 2, 1, 1, 1, 2, 0, 0, 1, 1, 4, 2, 0, 1, 1, 1, 0, 4, 4, 1, 1, 2, 1, 2, 2, 4, 2, 1, 1, 2, 1, 1, 1, 1, 1, 2, 2, 0, 2, 0, 0, 1, 2, 0, 2, 0, 3, 5, 0, 2, 2, 0, 0, 2, 2, 0, 0, 2, 0, 1, 0, 1, 1, 0, 0, 1, 1, 1, 1, 4, 2, 0, 4, 1, 3, 2, 1, 1, 2, 0, 0, 2, 0, 2, 2, 0, 2, 2, 0, 2, 0, 0, 0, 2, 2, 4, 1, 2, 0, 2, 4, 3, 3, 0, 1, 4, 1, 2, 0, 1, 4, 0, 0, 0, 2, 0, 0, 0, 2, 0, 1, 1, 2, 1, 2, 0, 1, 2, 0, 3, 4, 0, 2, 0, 1, 1, 1, 2, 0, 1, 3, 0, 4, 1, 0, 2, 0, 2, 1, 1, 2, 4, 1, 2, 1, 0, 4, 1, 2, 1, 0, 2, 3, 1, 0, 2, 1]
Centroids: [[-0.33632472, 0.40379545], [0.44144744, -0.19955364], [0.49856564, 0.5272194]]
Centroids: [[-0.35351238, 0.38898295], [0.49086973, 0.43166363], [0.42423552, -0.24961418], [1.2516717, 0.3041932], [0.28415075, 0.8839364], [-0.76671696, 1.6670512]]
Standard Derivations: [0.23268197, 0.25347778, 0.17756185]
Cluster Distances: [0.4981977, 0.43372026, 0.49819767, 0.2979744, 0.43372023, 0.29797438]
Minimal Cluster Distance: 0.2979743778705597
Contingency Matrix: 
[[117   1   1   1   2   1]
 [  3  12  76   4   0   0]
 [  2 101   1   4  12   0]]
[[117, 1, 1, 1, 2, 1], [3, 12, 76, 4, 0, 0], [2, 101, 1, 4, 12, 0]]
[[117, 1, 1, 1, 2, 1], [3, 12, 76, 4, 0, 0], [2, 101, 1, 4, 12, 0]]
[0, 1, 2, 3, 4, 5]
[[-1, -1, -1, -1, -1, -1], [-1, 12, 76, 4, 0, 0], [-1, 101, 1, 4, 12, 0]]
[[-1, -1, -1, -1, -1, -1], [-1, -1, 76, 4, 0, 0], [-1, -1, -1, -1, -1, -1]]
[[-1, -1, -1, -1, -1, -1], [-1, -1, -1, -1, -1, -1], [-1, -1, -1, -1, -1, -1]]
Match_Labels: {0: 0, 2: 1, 1: 2}
New Contingency Matrix: 
[[117   1   1   1   2   1]
 [  3  76  12   4   0   0]
 [  2   1 101   4  12   0]]
New Clustered Label Sequence: [0, 2, 1, 3, 4, 5]
Diagonal_Elements: [117, 76, 101], Sum: 294
All_Elements: [117, 1, 1, 1, 2, 1, 3, 76, 12, 4, 0, 0, 2, 1, 101, 4, 12, 0], Sum: 338
Accuracy: 0.8698224852071006
