Seed: 7
Experiment_path: Random_Seeds_DV5//V5_3/Experiment_05_7_opt_temp_noisy
Dataset_Path: ../_00_Datasets/03_SimDaten_Quiroga2020/C_Easy1_noise020.mat
Dataset_name: ['03_SimDaten_Quiroga2020', 'C_Easy1_noise020.mat']
Variant_name: Variant_05_Online_Autoencoder_QLearning_opt_temp_noisy
Visualisation_Path: Random_Seeds_DV5//V5_3/Experiment_05_7_opt_temp_noisy/C_Easy1_noise020.mat/Variant_05_Online_Autoencoder_QLearning_opt_temp_noisy/2023_04_16-16_29_32
Normalisation: False
Template Matching: True
Optimising Autoencoder: True
Update Factor: 100
Noisy Batches: True
Noisy Factor: 0.1
Epochs: 8
Batch Size: 1
maximal Spikes for Autoencoder Training : 700
maximal Spikes for Training: 1000
Input Size: 47
Chosen Model: Autoencoder
Autoencoder(
  (encoder): Sequential(
    (0): Linear(in_features=47, out_features=12, bias=True)
    (1): LeakyReLU(negative_slope=0.01)
    (2): Linear(in_features=12, out_features=2, bias=True)
  )
  (decoder): Sequential(
    (0): Linear(in_features=2, out_features=12, bias=True)
    (1): LeakyReLU(negative_slope=0.01)
    (2): Linear(in_features=12, out_features=47, bias=True)
  )
)
MSELoss()
Adam (
Parameter Group 0
    amsgrad: False
    betas: (0.9, 0.999)
    capturable: False
    differentiable: False
    eps: 1e-08
    foreach: None
    fused: False
    lr: 0.001
    maximize: False
    weight_decay: 0
)
---Q Learning Parameters---
Normalisation: False
Punishment Coefficient: 0.7
Alpha: 0.8
Epsilon: 0.01
Gamma: 0.97
Initial Episode Number: 0
Episode Number Coefficient: 1.4
Number of Random Features: 20
Planning Number: 20
Max Random Features: 60
New Episode Number: 72
New Episode Number: 143
New Episode Number: 215
New Episode Number: 286
New Episode Number: 358
New Episode Number: 429
New Episode Number: 500
                0     1      2      3     4      5      6     7
new_cluster -6.58 -6.78 -10.72 -30.55 -4.70 -12.80 -31.78 -6.77
c1          -6.58 -6.62 -11.13 -32.03 -4.77 -12.70 -30.85 -6.77
c2          -6.58 -6.50 -10.57 -31.09 -4.80 -12.64 -31.43 -6.77
c3          -6.58 -6.37 -10.89 -31.26 -4.65 -12.05 -33.28 -6.77
c4          -6.58 -6.02 -10.53 -32.84 -4.62 -12.62 -31.86 -6.76
c5          -6.54 -6.36 -10.11 -30.65 -4.63 -12.98 -33.03 -6.77
c6          -6.58 -6.56 -10.54 -31.91 -4.84 -12.02 -31.40 -6.77
c7          -6.58 -6.50 -11.18 -31.93 -4.77 -12.09 -30.98 -6.76
\begin{tabular}{lrrrrrrrr}
\toprule
{} &     0 &     1 &      2 &      3 &     4 &      5 &      6 &     7 \\
\midrule
new\_cluster & -6.58 & -6.78 & -10.72 & -30.55 & -4.70 & -12.80 & -31.78 & -6.77 \\
c1          & -6.58 & -6.62 & -11.13 & -32.03 & -4.77 & -12.70 & -30.85 & -6.77 \\
c2          & -6.58 & -6.50 & -10.57 & -31.09 & -4.80 & -12.64 & -31.43 & -6.77 \\
c3          & -6.58 & -6.37 & -10.89 & -31.26 & -4.65 & -12.05 & -33.28 & -6.77 \\
c4          & -6.58 & -6.02 & -10.53 & -32.84 & -4.62 & -12.62 & -31.86 & -6.76 \\
c5          & -6.54 & -6.36 & -10.11 & -30.65 & -4.63 & -12.98 & -33.03 & -6.77 \\
c6          & -6.58 & -6.56 & -10.54 & -31.91 & -4.84 & -12.02 & -31.40 & -6.77 \\
c7          & -6.58 & -6.50 & -11.18 & -31.93 & -4.77 & -12.09 & -30.98 & -6.76 \\
\bottomrule
\end{tabular}

                                0            1  ...             6            7
new_cluster  [-1.96, new_cluster]  [-2.14, c1]  ...  [-27.08, c6]  [-2.15, c7]
c1           [-1.96, new_cluster]  [-1.98, c1]  ...  [-26.16, c6]  [-2.15, c7]
c2           [-1.96, new_cluster]   [-1.8, c1]  ...  [-26.73, c6]  [-2.15, c7]
c3           [-1.96, new_cluster]  [-1.66, c1]  ...   [-28.6, c6]  [-2.15, c7]
c4           [-1.96, new_cluster]  [-1.39, c1]  ...  [-27.16, c6]  [-2.15, c7]
c5           [-1.96, new_cluster]  [-1.57, c1]  ...  [-28.33, c6]  [-2.15, c7]
c6           [-1.96, new_cluster]  [-1.93, c1]  ...  [-26.72, c6]  [-2.15, c7]
c7           [-1.96, new_cluster]  [-1.85, c1]  ...   [-26.3, c6]  [-2.15, c7]

[8 rows x 8 columns]
\begin{tabular}{lllllllll}
\toprule
{} &                     0 &            1 &            2 &             3 &            4 &            5 &             6 &            7 \\
\midrule
new\_cluster &  [-1.96, new\_cluster] &  [-2.14, c1] &  [-6.07, c2] &  [-25.97, c3] &   [-0.2, c4] &  [-8.23, c5] &  [-27.08, c6] &  [-2.15, c7] \\
c1          &  [-1.96, new\_cluster] &  [-1.98, c1] &  [-6.48, c2] &  [-27.45, c3] &  [-0.17, c4] &  [-8.12, c5] &  [-26.16, c6] &  [-2.15, c7] \\
c2          &  [-1.96, new\_cluster] &   [-1.8, c1] &  [-5.91, c2] &  [-25.97, c3] &  [-0.18, c4] &  [-8.05, c5] &  [-26.73, c6] &  [-2.15, c7] \\
c3          &  [-1.96, new\_cluster] &  [-1.66, c1] &  [-6.24, c2] &  [-26.73, c3] &  [-0.14, c4] &  [-7.54, c5] &   [-28.6, c6] &  [-2.15, c7] \\
c4          &  [-1.96, new\_cluster] &  [-1.39, c1] &  [-5.88, c2] &  [-27.76, c3] &  [-0.07, c4] &  [-8.13, c5] &  [-27.16, c6] &  [-2.15, c7] \\
c5          &  [-1.96, new\_cluster] &  [-1.57, c1] &  [-5.46, c2] &  [-26.04, c3] &  [-0.12, c4] &  [-8.37, c5] &  [-28.33, c6] &  [-2.15, c7] \\
c6          &  [-1.96, new\_cluster] &  [-1.93, c1] &  [-5.86, c2] &  [-27.34, c3] &  [-0.16, c4] &  [-7.44, c5] &  [-26.72, c6] &  [-2.15, c7] \\
c7          &  [-1.96, new\_cluster] &  [-1.85, c1] &  [-6.52, c2] &  [-27.36, c3] &  [-0.18, c4] &  [-7.48, c5] &   [-26.3, c6] &  [-2.15, c7] \\
\bottomrule
\end{tabular}

