Seed: 0
Experiment_path: Experiment_05
Dataset_Path: ../_00_Datasets/03_SimDaten_Quiroga2020/C_Easy1_noise035.mat
Dataset_name: ['03_SimDaten_Quiroga2020', 'C_Easy1_noise035.mat']
Variant_name: Variant_05_Online_Autoencoder_QLearning
Visualisation_Path: Grid_Search_PC//V5/C_Easy1_noise035.mat/Variant_05_Online_Autoencoder_QLearning/2023_04_07-19_28_24
Normalisation: False
Template Matching: False
Optimising Autoencoder: False
Update Factor: 100
Noisy Batches: False
Noisy Factor: 0.1
Epochs: 8
Batch Size: 1
maximal Spikes for Autoencoder Training : 700
maximal Spikes for Training: 1000
Input Size: 47
Chosen Model: Autoencoder
Autoencoder(
  (encoder): Sequential(
    (0): Linear(in_features=47, out_features=12, bias=True)
    (1): LeakyReLU(negative_slope=0.01)
    (2): Linear(in_features=12, out_features=2, bias=True)
  )
  (decoder): Sequential(
    (0): Linear(in_features=2, out_features=12, bias=True)
    (1): LeakyReLU(negative_slope=0.01)
    (2): Linear(in_features=12, out_features=47, bias=True)
  )
)
MSELoss()
Adam (
Parameter Group 0
    amsgrad: False
    betas: (0.9, 0.999)
    capturable: False
    differentiable: False
    eps: 1e-08
    foreach: None
    fused: False
    lr: 0.001
    maximize: False
    weight_decay: 0
)
---Q Learning Parameters---
Normalisation: False
Punishment Coefficient: 0.4000000000000001
Alpha: 0.8
Epsilon: 0.01
Gamma: 0.97
Initial Episode Number: 0
Episode Number Coefficient: 1.4
Number of Random Features: 20
Planning Number: 20
Max Random Features: 60
New Episode Number: 72
New Episode Number: 143
New Episode Number: 215
New Episode Number: 286
New Episode Number: 358
New Episode Number: 429
New Episode Number: 500
New Episode Number: 572
New Episode Number: 643
New Episode Number: 715
New Episode Number: 786
New Episode Number: 858
New Episode Number: 929
New Episode Number: 1000
New Episode Number: 1072
New Episode Number: 1143
New Episode Number: 1215
New Episode Number: 1286
New Episode Number: 1358
New Episode Number: 1429
New Episode Number: 1501
New Episode Number: 1572
New Episode Number: 1643
New Episode Number: 1715
New Episode Number: 1786
New Episode Number: 1858
New Episode Number: 1929
New Episode Number: 2000
               0      1     2      3      4   ...     24    25    26   27    28
new_cluster -4.09 -14.76 -4.68 -10.70 -20.75  ... -18.73 -6.57 -5.03 -6.0 -5.63
c1          -4.16 -14.77 -4.47 -10.37 -21.26  ... -14.12 -6.95 -5.03 -6.0 -5.64
c2          -4.11 -14.66 -4.61 -11.18 -20.73  ... -11.66 -6.95 -5.03 -6.0 -5.64
c3          -4.16 -13.58 -4.46 -11.14 -21.01  ... -16.63 -6.41 -5.00 -6.0 -5.59
c4          -4.16 -14.37 -4.66 -11.09 -19.98  ... -14.21 -6.52 -5.03 -6.0 -5.37
c5          -4.16 -14.64 -4.82 -11.03 -20.53  ... -13.18 -6.78 -5.03 -6.0 -5.64
c6          -4.15 -14.74 -4.62 -11.18 -21.15  ... -13.59 -6.74 -4.98 -6.0 -5.64
c7          -4.15 -13.78 -4.54 -11.28 -20.81  ... -10.04 -6.59 -5.03 -6.0 -5.64
c8          -4.12 -14.33 -4.62 -10.46 -20.63  ... -11.91 -6.36 -5.03  0.0 -5.63
c9          -4.16 -14.57 -4.45 -10.72 -20.81  ... -14.60 -6.34 -4.81 -6.0 -5.63
c10         -4.15 -13.77 -4.55 -11.45 -19.54  ... -14.34 -7.00 -5.02 -6.0 -5.63
c11         -3.90 -13.48 -4.61 -10.91 -21.27  ... -13.30 -7.01 -5.02 -6.0  0.00
c12         -4.15 -14.58 -4.56 -11.31 -20.99  ... -14.77 -6.78 -5.02 -6.0 -5.60
c13         -3.94 -13.38 -4.59 -11.05 -21.08  ... -15.30 -6.78 -5.02 -6.0 -5.64
c14         -4.15 -13.46 -4.67 -11.20 -21.13  ... -12.76 -6.76 -5.02 -6.0 -5.64
c15         -4.16 -14.38 -4.62 -10.90 -20.49  ...  -9.28 -6.62 -5.03 -6.0 -5.64
c16         -4.15 -13.97 -4.63 -10.55 -20.47  ... -15.71 -6.79 -5.02 -6.0 -5.64
c17         -4.16 -15.14 -4.65 -11.48 -20.43  ... -14.08 -6.62 -5.01 -6.0 -5.64
c18         -4.16 -15.13 -4.66 -11.36 -20.46  ... -12.61 -6.83 -5.02 -6.0 -5.64
c19         -4.16 -14.76 -4.78 -10.83 -20.24  ... -14.04 -6.60 -5.03 -6.0 -5.64
c20         -4.16 -14.19 -4.67 -11.05 -19.78  ... -10.38 -6.74 -5.03 -6.0 -5.64
c21         -4.15 -14.14 -4.55 -11.15 -21.04  ... -15.76 -6.64 -4.99 -6.0 -5.60
c22         -4.15 -14.43 -4.63 -10.44 -20.76  ... -16.34 -6.52 -4.81 -6.0 -5.64
c23         -4.16 -14.18 -4.38 -11.47 -20.27  ... -13.61 -6.74 -5.02 -6.0 -5.63
c24         -4.15 -13.72 -4.52 -11.22 -21.00  ... -15.16 -6.70 -5.02 -6.0 -5.63
c25         -4.16 -13.84 -4.57 -10.94 -20.77  ... -13.55 -6.62 -5.02 -6.0 -5.59
c26         -4.09 -14.39 -4.63 -11.83 -20.34  ... -13.79 -6.79 -4.99 -6.0 -5.64
c27         -4.16 -14.39 -4.53 -10.59 -20.58  ... -15.14 -6.69 -5.02  0.0  0.00
c28         -4.15 -14.26 -4.55 -11.24 -20.57  ... -10.72 -6.67 -5.03 -6.0 -5.64

[29 rows x 29 columns]
\begin{tabular}{lrrrrrrrrrrrrrrrrrrrrrrrrrrrrr}
\toprule
{} &    0  &     1  &    2  &     3  &     4  &    5  &    6  &    7  &    8  &     9  &    10 &    11 &    12 &     13 &     14 &    15 &     16 &     17 &     18 &     19 &    20 &     21 &     22 &     23 &     24 &    25 &    26 &   27 &    28 \\
\midrule
new\_cluster & -4.09 & -14.76 & -4.68 & -10.70 & -20.75 & -4.74 & -6.25 & -6.45 & -4.22 &  -9.98 & -6.22 & -6.57 & -3.63 & -14.58 & -14.96 & -4.80 & -17.89 &  -9.72 & -16.63 & -15.87 & -5.89 & -27.36 & -32.48 & -18.82 & -18.73 & -6.57 & -5.03 & -6.0 & -5.63 \\
c1          & -4.16 & -14.77 & -4.47 & -10.37 & -21.26 & -4.89 & -6.67 & -6.27 & -3.88 & -10.29 & -6.40 & -6.13 & -3.46 & -12.88 & -14.75 & -4.83 & -17.52 & -10.30 & -16.73 & -15.86 & -5.87 & -27.36 & -32.43 & -18.84 & -14.12 & -6.95 & -5.03 & -6.0 & -5.64 \\
c2          & -4.11 & -14.66 & -4.61 & -11.18 & -20.73 & -4.65 & -6.71 & -6.68 & -3.57 & -10.56 & -6.25 & -6.45 & -3.54 & -13.47 & -14.75 & -5.05 & -17.72 &  -9.99 & -16.54 & -15.81 & -5.79 & -27.36 & -32.44 & -18.75 & -11.66 & -6.95 & -5.03 & -6.0 & -5.64 \\
c3          & -4.16 & -13.58 & -4.46 & -11.14 & -21.01 & -4.83 & -6.44 & -6.21 & -3.55 & -10.17 & -5.98 & -6.20 & -3.47 & -14.32 & -14.96 & -4.93 & -16.80 & -10.83 & -16.66 & -15.87 & -5.71 & -27.36 & -32.44 & -18.84 & -16.63 & -6.41 & -5.00 & -6.0 & -5.59 \\
c4          & -4.16 & -14.37 & -4.66 & -11.09 & -19.98 & -4.81 & -6.14 & -6.12 & -4.27 & -10.11 & -5.83 & -6.28 & -3.58 & -13.90 & -14.92 & -4.81 & -17.12 & -10.18 & -16.60 & -15.81 & -6.15 & -27.36 & -32.42 & -18.82 & -14.21 & -6.52 & -5.03 & -6.0 & -5.37 \\
c5          & -4.16 & -14.64 & -4.82 & -11.03 & -20.53 & -4.79 & -6.26 & -6.81 & -3.75 & -10.10 & -6.21 & -6.46 & -3.44 & -13.92 & -14.96 & -4.82 & -17.14 & -10.31 & -16.63 & -15.89 & -6.08 & -27.36 & -32.46 & -18.86 & -13.18 & -6.78 & -5.03 & -6.0 & -5.64 \\
c6          & -4.15 & -14.74 & -4.62 & -11.18 & -21.15 & -4.62 & -6.60 & -6.31 & -4.09 & -10.01 & -5.80 & -6.36 & -3.31 & -13.54 & -14.96 & -5.00 & -16.62 & -10.38 & -16.57 & -15.88 & -6.00 & -27.36 & -32.44 & -18.84 & -13.59 & -6.74 & -4.98 & -6.0 & -5.64 \\
c7          & -4.15 & -13.78 & -4.54 & -11.28 & -20.81 & -4.80 & -6.65 & -6.50 & -3.97 &  -9.92 & -6.31 & -6.59 & -3.54 & -13.95 & -14.94 & -4.84 & -17.73 & -10.37 & -16.72 & -15.81 & -6.06 & -27.36 & -32.27 & -18.84 & -10.04 & -6.59 & -5.03 & -6.0 & -5.64 \\
c8          & -4.12 & -14.33 & -4.62 & -10.46 & -20.63 & -4.84 & -6.89 & -6.19 & -4.27 &  -9.60 & -6.42 & -6.30 & -3.38 & -13.71 & -14.95 & -4.61 & -16.64 & -10.13 & -16.62 & -15.79 & -6.11 & -27.36 & -32.48 & -18.84 & -11.91 & -6.36 & -5.03 &  0.0 & -5.63 \\
c9          & -4.16 & -14.57 & -4.45 & -10.72 & -20.81 & -4.81 & -6.66 & -6.62 & -4.02 &  -9.73 & -5.94 & -6.43 & -3.51 & -14.32 & -14.76 & -4.88 & -17.24 &  -9.99 & -16.59 & -15.90 & -6.20 & -27.36 & -32.44 & -18.84 & -14.60 & -6.34 & -4.81 & -6.0 & -5.63 \\
c10         & -4.15 & -13.77 & -4.55 & -11.45 & -19.54 & -4.71 & -6.90 & -6.35 & -4.24 & -10.14 & -5.96 & -6.29 & -3.51 & -15.03 & -14.96 & -4.76 & -16.89 & -10.33 & -16.58 & -15.90 & -5.87 & -27.36 & -32.40 & -18.84 & -14.34 & -7.00 & -5.02 & -6.0 & -5.63 \\
c11         & -3.90 & -13.48 & -4.61 & -10.91 & -21.27 & -4.34 & -6.28 & -6.75 & -3.85 & -10.70 & -5.77 & -6.16 & -3.60 & -12.82 & -14.96 & -4.55 & -16.61 &  -9.93 & -16.54 & -15.87 & -6.18 & -27.63 & -32.46 & -18.85 & -13.30 & -7.01 & -5.02 & -6.0 &  0.00 \\
c12         & -4.15 & -14.58 & -4.56 & -11.31 & -20.99 & -4.58 & -6.80 & -6.05 & -4.50 &  -9.78 & -6.08 & -6.20 & -3.51 & -14.03 & -14.92 & -4.80 & -17.22 & -10.12 & -16.61 & -15.81 & -5.91 & -27.36 & -32.48 & -18.86 & -14.77 & -6.78 & -5.02 & -6.0 & -5.60 \\
c13         & -3.94 & -13.38 & -4.59 & -11.05 & -21.08 & -4.52 & -6.34 & -6.84 & -4.07 & -10.04 & -6.44 & -6.11 & -3.55 & -12.95 & -14.95 & -4.79 & -17.20 & -10.39 & -16.75 & -15.90 & -6.01 & -27.36 & -32.44 & -18.83 & -15.30 & -6.78 & -5.02 & -6.0 & -5.64 \\
c14         & -4.15 & -13.46 & -4.67 & -11.20 & -21.13 & -4.49 & -6.88 & -6.17 & -4.56 &  -9.84 & -6.07 & -6.52 & -3.58 & -13.53 & -14.95 & -4.68 & -16.85 & -10.50 & -16.68 & -15.87 & -5.57 & -27.36 & -32.44 & -18.82 & -12.76 & -6.76 & -5.02 & -6.0 & -5.64 \\
c15         & -4.16 & -14.38 & -4.62 & -10.90 & -20.49 & -4.94 & -6.82 & -6.66 & -4.19 &  -9.99 & -5.91 & -6.08 & -3.47 & -14.30 & -14.96 & -4.71 & -16.85 & -10.27 & -16.65 & -15.81 & -5.75 & -27.36 & -32.25 & -18.75 &  -9.28 & -6.62 & -5.03 & -6.0 & -5.64 \\
c16         & -4.15 & -13.97 & -4.63 & -10.55 & -20.47 & -4.76 & -6.50 & -6.58 & -3.98 & -10.08 & -6.21 & -6.49 & -3.50 & -13.50 & -14.92 & -4.68 & -17.62 & -10.14 & -16.63 & -15.86 & -5.66 & -27.36 & -32.44 & -18.75 & -15.71 & -6.79 & -5.02 & -6.0 & -5.64 \\
c17         & -4.16 & -15.14 & -4.65 & -11.48 & -20.43 & -4.61 & -6.52 & -6.70 & -4.45 &  -9.74 & -6.11 & -6.49 & -3.51 & -14.70 & -14.92 & -4.99 & -17.15 & -10.23 & -16.64 & -15.90 & -5.90 & -27.63 & -32.45 & -18.83 & -14.08 & -6.62 & -5.01 & -6.0 & -5.64 \\
c18         & -4.16 & -15.13 & -4.66 & -11.36 & -20.46 & -4.84 & -6.59 & -6.74 & -3.94 & -10.41 & -6.18 & -6.51 & -3.58 & -13.58 & -14.95 & -4.62 & -17.17 & -10.07 & -16.58 & -15.86 & -5.94 & -27.42 & -32.52 & -18.84 & -12.61 & -6.83 & -5.02 & -6.0 & -5.64 \\
c19         & -4.16 & -14.76 & -4.78 & -10.83 & -20.24 & -4.68 & -6.69 & -6.40 & -3.83 & -10.55 & -6.24 & -6.39 & -3.42 & -14.12 & -14.96 & -4.34 & -16.80 &  -9.92 & -16.53 & -15.87 & -5.76 & -27.36 & -32.33 & -18.75 & -14.04 & -6.60 & -5.03 & -6.0 & -5.64 \\
c20         & -4.16 & -14.19 & -4.67 & -11.05 & -19.78 & -4.62 & -6.32 & -6.58 & -3.55 & -10.24 & -6.03 & -6.48 & -3.50 & -12.95 & -14.75 & -4.74 & -17.64 &  -9.98 & -16.71 & -15.86 & -5.86 & -27.36 & -32.44 & -18.75 & -10.38 & -6.74 & -5.03 & -6.0 & -5.64 \\
c21         & -4.15 & -14.14 & -4.55 & -11.15 & -21.04 & -4.69 & -6.43 & -6.51 & -4.13 & -10.16 & -5.89 & -6.45 & -3.36 & -13.62 & -14.95 & -4.69 & -17.25 &  -9.87 & -16.61 & -15.76 & -6.03 & -27.40 & -32.45 & -18.82 & -15.76 & -6.64 & -4.99 & -6.0 & -5.60 \\
c22         & -4.15 & -14.43 & -4.63 & -10.44 & -20.76 & -4.77 & -6.58 & -6.53 & -3.99 &  -9.76 & -5.89 & -6.15 & -3.57 & -13.17 & -14.76 & -4.67 & -17.09 & -10.21 & -16.71 & -15.87 & -6.02 & -27.36 & -32.42 & -18.84 & -16.34 & -6.52 & -4.81 & -6.0 & -5.64 \\
c23         & -4.16 & -14.18 & -4.38 & -11.47 & -20.27 & -4.65 & -6.42 & -6.75 & -4.21 &  -9.64 & -5.94 & -6.24 & -3.60 & -13.51 & -14.96 & -4.90 & -16.66 &  -9.99 & -16.56 & -15.90 & -5.88 & -27.36 & -32.43 & -18.84 & -13.61 & -6.74 & -5.02 & -6.0 & -5.63 \\
c24         & -4.15 & -13.72 & -4.52 & -11.22 & -21.00 & -4.76 & -6.78 & -6.51 & -4.01 &  -9.71 & -6.03 & -6.20 & -3.52 & -14.41 & -14.96 & -4.85 & -17.15 & -10.11 & -16.62 & -15.87 & -5.63 & -27.36 & -32.41 & -18.83 & -15.16 & -6.70 & -5.02 & -6.0 & -5.63 \\
c25         & -4.16 & -13.84 & -4.57 & -10.94 & -20.77 & -4.73 & -6.79 & -6.48 & -4.33 &  -9.51 & -6.11 & -6.27 & -3.56 & -13.61 & -14.96 & -4.48 & -16.72 & -10.28 & -16.58 & -15.87 & -6.20 & -27.36 & -32.31 & -18.84 & -13.55 & -6.62 & -5.02 & -6.0 & -5.59 \\
c26         & -4.09 & -14.39 & -4.63 & -11.83 & -20.34 & -4.72 & -6.38 & -6.16 & -4.60 &  -9.93 & -5.83 & -6.58 & -3.50 & -13.46 & -14.95 & -4.79 & -17.76 & -10.03 & -16.72 & -15.87 & -5.75 & -27.36 & -32.43 & -18.84 & -13.79 & -6.79 & -4.99 & -6.0 & -5.64 \\
c27         & -4.16 & -14.39 & -4.53 & -10.59 & -20.58 & -4.67 & -6.58 & -6.32 & -3.96 & -10.73 & -6.31 & -6.58 & -3.55 & -14.88 & -14.96 & -4.75 & -17.45 & -10.40 & -16.68 & -15.86 & -6.13 & -27.36 & -32.51 & -18.75 & -15.14 & -6.69 & -5.02 &  0.0 &  0.00 \\
c28         & -4.15 & -14.26 & -4.55 & -11.24 & -20.57 & -4.80 & -6.26 & -7.01 & -4.74 & -10.11 & -6.05 & -6.29 & -3.58 & -13.91 & -14.92 & -4.61 & -17.96 & -10.22 & -16.57 & -15.87 & -5.81 & -27.36 & -32.47 & -18.75 & -10.72 & -6.67 & -5.03 & -6.0 & -5.64 \\
\bottomrule
\end{tabular}

                               0             1   ...           27            28
new_cluster  [-0.64, new_cluster]  [-11.21, c1]  ...  [-6.0, c27]  [-2.16, c28]
c1           [-0.64, new_cluster]  [-11.39, c1]  ...  [-6.0, c27]  [-2.16, c28]
c2           [-0.64, new_cluster]   [-11.3, c1]  ...  [-6.0, c27]  [-2.16, c28]
c3           [-0.64, new_cluster]  [-10.21, c1]  ...  [-6.0, c27]  [-2.16, c28]
c4           [-0.64, new_cluster]  [-10.97, c1]  ...  [-6.0, c27]  [-2.16, c28]
c5           [-0.64, new_cluster]  [-11.29, c1]  ...  [-6.0, c27]  [-2.16, c28]
c6           [-0.64, new_cluster]  [-11.48, c1]  ...  [-6.0, c27]  [-2.16, c28]
c7           [-0.64, new_cluster]  [-10.45, c1]  ...  [-6.0, c27]  [-2.16, c28]
c8           [-0.64, new_cluster]  [-10.97, c1]  ...        [0, ]  [-2.16, c28]
c9           [-0.64, new_cluster]  [-11.21, c1]  ...  [-6.0, c27]  [-2.16, c28]
c10          [-0.64, new_cluster]  [-10.41, c1]  ...  [-6.0, c27]  [-2.16, c28]
c11          [-0.64, new_cluster]   [-10.1, c1]  ...  [-6.0, c27]         [0, ]
c12          [-0.64, new_cluster]  [-11.22, c1]  ...  [-6.0, c27]  [-2.16, c28]
c13          [-0.64, new_cluster]  [-10.11, c1]  ...  [-6.0, c27]  [-2.16, c28]
c14          [-0.64, new_cluster]   [-10.1, c1]  ...  [-6.0, c27]  [-2.16, c28]
c15          [-0.64, new_cluster]  [-10.94, c1]  ...  [-6.0, c27]  [-2.16, c28]
c16          [-0.64, new_cluster]  [-10.58, c1]  ...  [-6.0, c27]  [-2.16, c28]
c17          [-0.64, new_cluster]  [-11.73, c1]  ...  [-6.0, c27]  [-2.16, c28]
c18          [-0.64, new_cluster]  [-11.76, c1]  ...  [-6.0, c27]  [-2.16, c28]
c19          [-0.64, new_cluster]  [-11.37, c1]  ...  [-6.0, c27]  [-2.16, c28]
c20          [-0.64, new_cluster]  [-10.82, c1]  ...  [-6.0, c27]  [-2.16, c28]
c21          [-0.64, new_cluster]  [-10.74, c1]  ...  [-6.0, c27]  [-2.16, c28]
c22          [-0.64, new_cluster]  [-11.05, c1]  ...  [-6.0, c27]  [-2.16, c28]
c23          [-0.64, new_cluster]  [-10.92, c1]  ...  [-6.0, c27]  [-2.16, c28]
c24          [-0.64, new_cluster]  [-10.36, c1]  ...  [-6.0, c27]  [-2.16, c28]
c25          [-0.64, new_cluster]  [-10.57, c1]  ...  [-6.0, c27]  [-2.16, c28]
c26          [-0.64, new_cluster]  [-11.03, c1]  ...  [-6.0, c27]  [-2.16, c28]
c27          [-0.64, new_cluster]  [-11.06, c1]  ...        [0, ]         [0, ]
c28          [-0.64, new_cluster]  [-10.93, c1]  ...  [-6.0, c27]  [-2.16, c28]

[29 rows x 29 columns]
\begin{tabular}{llllllllllllllllllllllllllllll}
\toprule
{} &                    0  &            1  &           2  &           3  &            4  &           5  &           6  &           7  &           8  &           9  &            10 &            11 &            12 &             13 &             14 &            15 &             16 &            17 &             18 &             19 &            20 &             21 &             22 &             23 &             24 &            25 &            26 &           27 &            28 \\
\midrule
new\_cluster &  [-0.64, new\_cluster] &  [-11.21, c1] &  [-1.24, c2] &  [-7.33, c3] &  [-17.28, c4] &  [-1.37, c5] &  [-3.04, c6] &  [-2.97, c7] &  [-4.22, c8] &  [-6.57, c9] &  [-2.83, c10] &  [-6.57, c11] &  [-0.12, c12] &  [-11.17, c13] &  [-11.48, c14] &  [-1.41, c15] &  [-14.31, c16] &  [-6.23, c17] &  [-13.24, c18] &  [-12.56, c19] &  [-2.49, c20] &  [-24.11, c21] &  [-28.97, c22] &  [-15.35, c23] &  [-15.33, c24] &  [-3.12, c25] &  [-1.59, c26] &  [-6.0, c27] &  [-2.16, c28] \\
c1          &  [-0.64, new\_cluster] &  [-11.39, c1] &  [-1.09, c2] &  [-7.05, c3] &  [-17.78, c4] &   [-1.5, c5] &  [-3.46, c6] &  [-2.83, c7] &  [-3.88, c8] &   [-6.9, c9] &  [-2.99, c10] &  [-6.13, c11] &  [-0.07, c12] &   [-9.46, c13] &  [-11.48, c14] &  [-1.47, c15] &  [-14.14, c16] &  [-6.85, c17] &  [-13.28, c18] &  [-12.56, c19] &  [-2.46, c20] &  [-24.11, c21] &  [-28.97, c22] &  [-15.35, c23] &  [-10.78, c24] &   [-3.5, c25] &  [-1.59, c26] &  [-6.0, c27] &  [-2.16, c28] \\
c2          &  [-0.64, new\_cluster] &   [-11.3, c1] &  [-1.18, c2] &  [-7.82, c3] &  [-17.26, c4] &  [-1.29, c5] &  [-3.49, c6] &  [-3.25, c7] &  [-3.57, c8] &  [-7.12, c9] &  [-2.85, c10] &  [-6.45, c11] &   [-0.1, c12] &   [-10.2, c13] &  [-11.48, c14] &  [-1.69, c15] &  [-14.27, c16] &  [-6.52, c17] &  [-13.09, c18] &  [-12.56, c19] &  [-2.34, c20] &  [-24.11, c21] &  [-28.97, c22] &  [-15.35, c23] &   [-8.23, c24] &   [-3.5, c25] &  [-1.59, c26] &  [-6.0, c27] &  [-2.16, c28] \\
c3          &  [-0.64, new\_cluster] &  [-10.21, c1] &  [-1.04, c2] &  [-7.77, c3] &  [-17.53, c4] &  [-1.41, c5] &  [-3.23, c6] &  [-2.77, c7] &  [-3.55, c8] &  [-6.78, c9] &  [-2.58, c10] &   [-6.2, c11] &  [-0.08, c12] &   [-10.9, c13] &  [-11.48, c14] &  [-1.54, c15] &  [-13.45, c16] &  [-7.42, c17] &   [-13.2, c18] &  [-12.56, c19] &  [-2.26, c20] &  [-24.11, c21] &  [-28.97, c22] &  [-15.35, c23] &  [-13.21, c24] &  [-2.96, c25] &  [-1.59, c26] &  [-6.0, c27] &  [-2.16, c28] \\
c4          &  [-0.64, new\_cluster] &  [-10.97, c1] &  [-1.28, c2] &  [-7.73, c3] &  [-16.51, c4] &  [-1.42, c5] &  [-2.93, c6] &  [-2.69, c7] &  [-4.27, c8] &   [-6.7, c9] &  [-2.46, c10] &  [-6.28, c11] &  [-0.13, c12] &  [-10.45, c13] &  [-11.48, c14] &  [-1.44, c15] &  [-13.71, c16] &  [-6.68, c17] &  [-13.14, c18] &  [-12.56, c19] &  [-2.72, c20] &  [-24.11, c21] &  [-28.97, c22] &  [-15.35, c23] &  [-10.78, c24] &  [-3.07, c25] &  [-1.59, c26] &  [-6.0, c27] &  [-2.16, c28] \\
c5          &  [-0.64, new\_cluster] &  [-11.29, c1] &   [-1.4, c2] &  [-7.67, c3] &  [-17.05, c4] &   [-1.4, c5] &  [-3.05, c6] &  [-3.33, c7] &  [-3.75, c8] &  [-6.69, c9] &  [-2.82, c10] &  [-6.46, c11] &  [-0.09, c12] &  [-10.48, c13] &  [-11.48, c14] &  [-1.45, c15] &  [-13.74, c16] &  [-6.82, c17] &  [-13.18, c18] &  [-12.56, c19] &  [-2.65, c20] &  [-24.11, c21] &  [-28.97, c22] &  [-15.35, c23] &   [-9.74, c24] &  [-3.33, c25] &  [-1.59, c26] &  [-6.0, c27] &  [-2.16, c28] \\
c6          &  [-0.64, new\_cluster] &  [-11.48, c1] &  [-1.19, c2] &  [-7.82, c3] &  [-17.71, c4] &   [-1.2, c5] &  [-3.39, c6] &  [-2.84, c7] &  [-4.09, c8] &  [-6.69, c9] &  [-2.45, c10] &  [-6.36, c11] &  [-0.12, c12] &  [-10.13, c13] &  [-11.48, c14] &  [-1.61, c15] &  [-13.23, c16] &  [-6.98, c17] &  [-13.16, c18] &  [-12.56, c19] &  [-2.56, c20] &  [-24.11, c21] &  [-28.97, c22] &  [-15.35, c23] &  [-10.19, c24] &  [-3.29, c25] &  [-1.59, c26] &  [-6.0, c27] &  [-2.16, c28] \\
c7          &  [-0.64, new\_cluster] &  [-10.45, c1] &  [-1.12, c2] &  [-7.91, c3] &   [-17.5, c4] &  [-1.38, c5] &  [-3.44, c6] &  [-3.09, c7] &  [-3.97, c8] &  [-6.51, c9] &  [-2.94, c10] &  [-6.59, c11] &  [-0.14, c12] &  [-10.52, c13] &  [-11.48, c14] &  [-1.48, c15] &  [-14.33, c16] &  [-6.92, c17] &  [-13.33, c18] &  [-12.56, c19] &  [-2.67, c20] &  [-24.11, c21] &  [-28.97, c22] &  [-15.35, c23] &    [-6.6, c24] &  [-3.14, c25] &  [-1.59, c26] &  [-6.0, c27] &  [-2.16, c28] \\
c8          &  [-0.64, new\_cluster] &  [-10.97, c1] &  [-1.24, c2] &   [-7.1, c3] &  [-17.34, c4] &  [-1.46, c5] &  [-3.29, c6] &  [-2.72, c7] &  [-4.27, c8] &  [-6.19, c9] &  [-3.07, c10] &   [-6.3, c11] &  [-0.08, c12] &  [-10.27, c13] &  [-11.48, c14] &  [-1.23, c15] &  [-13.29, c16] &  [-6.72, c17] &  [-13.17, c18] &  [-12.56, c19] &  [-2.66, c20] &  [-24.11, c21] &  [-28.97, c22] &  [-15.35, c23] &   [-8.49, c24] &  [-2.91, c25] &  [-1.59, c26] &        [0, ] &  [-2.16, c28] \\
c9          &  [-0.64, new\_cluster] &  [-11.21, c1] &  [-1.06, c2] &  [-7.35, c3] &  [-17.36, c4] &  [-1.46, c5] &  [-3.45, c6] &  [-3.13, c7] &  [-4.02, c8] &  [-6.34, c9] &  [-2.55, c10] &  [-6.43, c11] &  [-0.16, c12] &  [-10.89, c13] &  [-11.48, c14] &   [-1.5, c15] &  [-13.82, c16] &  [-6.55, c17] &  [-13.19, c18] &  [-12.56, c19] &  [-2.81, c20] &  [-24.11, c21] &  [-28.97, c22] &  [-15.35, c23] &  [-11.24, c24] &  [-2.89, c25] &  [-1.59, c26] &  [-6.0, c27] &  [-2.16, c28] \\
c10         &  [-0.64, new\_cluster] &  [-10.41, c1] &  [-1.13, c2] &  [-8.09, c3] &  [-16.24, c4] &  [-1.33, c5] &  [-3.68, c6] &  [-2.88, c7] &  [-4.24, c8] &  [-6.75, c9] &  [-2.57, c10] &  [-6.29, c11] &  [-0.11, c12] &  [-11.69, c13] &  [-11.48, c14] &   [-1.4, c15] &   [-13.5, c16] &  [-6.84, c17] &  [-13.19, c18] &  [-12.56, c19] &  [-2.67, c20] &  [-24.11, c21] &  [-28.97, c22] &  [-15.35, c23] &  [-10.93, c24] &  [-3.55, c25] &  [-1.59, c26] &  [-6.0, c27] &  [-2.16, c28] \\
c11         &  [-0.64, new\_cluster] &   [-10.1, c1] &  [-1.18, c2] &  [-7.64, c3] &  [-17.81, c4] &  [-1.13, c5] &  [-3.03, c6] &  [-3.27, c7] &  [-3.85, c8] &  [-7.29, c9] &  [-2.38, c10] &  [-6.16, c11] &  [-0.17, c12] &   [-9.38, c13] &  [-11.48, c14] &  [-1.19, c15] &  [-13.21, c16] &   [-6.5, c17] &  [-13.16, c18] &  [-12.56, c19] &  [-2.78, c20] &  [-24.11, c21] &  [-28.97, c22] &  [-15.35, c23] &   [-9.89, c24] &  [-3.55, c25] &  [-1.59, c26] &  [-6.0, c27] &         [0, ] \\
c12         &  [-0.64, new\_cluster] &  [-11.22, c1] &  [-1.13, c2] &  [-7.95, c3] &  [-17.58, c4] &  [-1.21, c5] &  [-3.59, c6] &  [-2.64, c7] &   [-4.5, c8] &  [-6.37, c9] &  [-2.76, c10] &   [-6.2, c11] &  [-0.11, c12] &  [-10.62, c13] &  [-11.48, c14] &  [-1.44, c15] &  [-13.83, c16] &  [-6.63, c17] &  [-13.16, c18] &  [-12.56, c19] &  [-2.51, c20] &  [-24.11, c21] &  [-28.97, c22] &  [-15.35, c23] &  [-11.36, c24] &  [-3.33, c25] &  [-1.59, c26] &  [-6.0, c27] &  [-2.16, c28] \\
c13         &  [-0.64, new\_cluster] &  [-10.11, c1] &  [-1.21, c2] &  [-7.78, c3] &  [-17.61, c4] &   [-1.2, c5] &  [-3.13, c6] &  [-3.38, c7] &  [-4.07, c8] &  [-6.64, c9] &  [-3.03, c10] &  [-6.11, c11] &   [-0.1, c12] &   [-9.51, c13] &  [-11.48, c14] &   [-1.4, c15] &   [-13.8, c16] &  [-6.94, c17] &   [-13.3, c18] &  [-12.56, c19] &  [-2.57, c20] &  [-24.11, c21] &  [-28.97, c22] &  [-15.35, c23] &  [-11.89, c24] &  [-3.33, c25] &  [-1.59, c26] &  [-6.0, c27] &  [-2.16, c28] \\
c14         &  [-0.64, new\_cluster] &   [-10.1, c1] &  [-1.24, c2] &  [-7.83, c3] &  [-17.69, c4] &  [-1.15, c5] &  [-3.67, c6] &  [-2.74, c7] &  [-4.56, c8] &  [-6.43, c9] &  [-2.67, c10] &  [-6.52, c11] &  [-0.14, c12] &  [-10.09, c13] &  [-11.48, c14] &  [-1.32, c15] &  [-13.43, c16] &  [-7.01, c17] &  [-13.23, c18] &  [-12.56, c19] &  [-2.37, c20] &  [-24.11, c21] &  [-28.97, c22] &  [-15.35, c23] &   [-9.33, c24] &  [-3.33, c25] &  [-1.59, c26] &  [-6.0, c27] &  [-2.16, c28] \\
c15         &  [-0.64, new\_cluster] &  [-10.94, c1] &  [-1.19, c2] &  [-7.65, c3] &  [-17.02, c4] &  [-1.52, c5] &  [-3.53, c6] &  [-3.18, c7] &  [-4.19, c8] &  [-6.59, c9] &  [-2.55, c10] &  [-6.08, c11] &   [-0.1, c12] &  [-10.86, c13] &  [-11.48, c14] &  [-1.35, c15] &  [-13.43, c16] &  [-6.79, c17] &  [-13.24, c18] &  [-12.56, c19] &  [-2.35, c20] &  [-24.11, c21] &  [-28.97, c22] &  [-15.35, c23] &   [-5.82, c24] &  [-3.17, c25] &  [-1.59, c26] &  [-6.0, c27] &  [-2.16, c28] \\
c16         &  [-0.64, new\_cluster] &  [-10.58, c1] &   [-1.2, c2] &   [-7.3, c3] &  [-17.15, c4] &  [-1.37, c5] &  [-3.29, c6] &   [-3.1, c7] &  [-3.98, c8] &  [-6.53, c9] &  [-2.81, c10] &  [-6.49, c11] &   [-0.1, c12] &  [-10.06, c13] &  [-11.48, c14] &  [-1.31, c15] &  [-14.22, c16] &  [-6.67, c17] &  [-13.16, c18] &  [-12.56, c19] &  [-2.46, c20] &  [-24.11, c21] &  [-28.97, c22] &  [-15.35, c23] &  [-12.29, c24] &  [-3.33, c25] &  [-1.59, c26] &  [-6.0, c27] &  [-2.16, c28] \\
c17         &  [-0.64, new\_cluster] &  [-11.73, c1] &  [-1.22, c2] &  [-8.11, c3] &  [-16.96, c4] &  [-1.21, c5] &   [-3.3, c6] &  [-3.22, c7] &  [-4.45, c8] &  [-6.33, c9] &  [-2.71, c10] &  [-6.49, c11] &  [-0.15, c12] &  [-11.26, c13] &  [-11.48, c14] &   [-1.6, c15] &   [-13.7, c16] &  [-6.83, c17] &  [-13.09, c18] &  [-12.56, c19] &   [-2.5, c20] &  [-24.11, c21] &  [-28.97, c22] &  [-15.35, c23] &  [-10.64, c24] &  [-3.17, c25] &  [-1.59, c26] &  [-6.0, c27] &  [-2.16, c28] \\
c18         &  [-0.64, new\_cluster] &  [-11.76, c1] &  [-1.24, c2] &  [-7.96, c3] &  [-16.99, c4] &  [-1.41, c5] &  [-3.38, c6] &  [-3.27, c7] &  [-3.94, c8] &  [-7.02, c9] &  [-2.78, c10] &  [-6.51, c11] &  [-0.11, c12] &  [-10.13, c13] &  [-11.48, c14] &  [-1.23, c15] &  [-13.74, c16] &  [-6.65, c17] &   [-13.2, c18] &  [-12.56, c19] &   [-2.5, c20] &  [-24.11, c21] &  [-28.97, c22] &  [-15.35, c23] &   [-9.21, c24] &  [-3.38, c25] &  [-1.59, c26] &  [-6.0, c27] &  [-2.16, c28] \\
c19         &  [-0.64, new\_cluster] &  [-11.37, c1] &  [-1.35, c2] &  [-7.47, c3] &   [-16.9, c4] &  [-1.25, c5] &  [-3.48, c6] &  [-2.93, c7] &  [-3.83, c8] &  [-7.14, c9] &  [-2.84, c10] &  [-6.39, c11] &  [-0.04, c12] &  [-10.72, c13] &  [-11.48, c14] &  [-1.04, c15] &  [-13.38, c16] &  [-6.44, c17] &  [-13.06, c18] &  [-12.56, c19] &  [-2.36, c20] &  [-24.11, c21] &  [-28.97, c22] &  [-15.35, c23] &  [-10.64, c24] &  [-3.12, c25] &  [-1.59, c26] &  [-6.0, c27] &  [-2.16, c28] \\
c20         &  [-0.64, new\_cluster] &  [-10.82, c1] &  [-1.25, c2] &  [-7.67, c3] &  [-16.31, c4] &   [-1.2, c5] &  [-3.11, c6] &   [-3.1, c7] &  [-3.55, c8] &  [-6.92, c9] &  [-2.63, c10] &  [-6.48, c11] &  [-0.09, c12] &   [-9.51, c13] &  [-11.48, c14] &  [-1.37, c15] &  [-14.25, c16] &   [-6.5, c17] &  [-13.32, c18] &  [-12.56, c19] &  [-2.42, c20] &  [-24.11, c21] &  [-28.97, c22] &  [-15.35, c23] &   [-7.01, c24] &  [-3.28, c25] &  [-1.59, c26] &  [-6.0, c27] &  [-2.16, c28] \\
c21         &  [-0.64, new\_cluster] &  [-10.74, c1] &  [-1.16, c2] &  [-7.81, c3] &   [-17.6, c4] &  [-1.27, c5] &  [-3.22, c6] &  [-3.04, c7] &  [-4.13, c8] &  [-6.79, c9] &  [-2.48, c10] &  [-6.45, c11] &  [-0.04, c12] &  [-10.18, c13] &  [-11.48, c14] &  [-1.32, c15] &  [-13.82, c16] &  [-6.41, c17] &  [-13.23, c18] &  [-12.56, c19] &  [-2.62, c20] &  [-24.11, c21] &  [-28.97, c22] &  [-15.35, c23] &  [-12.34, c24] &  [-3.17, c25] &  [-1.59, c26] &  [-6.0, c27] &  [-2.16, c28] \\
c22         &  [-0.64, new\_cluster] &  [-11.05, c1] &  [-1.21, c2] &  [-7.07, c3] &  [-17.32, c4] &  [-1.39, c5] &  [-3.37, c6] &  [-3.08, c7] &  [-3.99, c8] &  [-6.36, c9] &  [-2.52, c10] &  [-6.15, c11] &  [-0.16, c12] &   [-9.72, c13] &  [-11.48, c14] &  [-1.29, c15] &  [-13.73, c16] &  [-6.78, c17] &  [-13.26, c18] &  [-12.56, c19] &  [-2.63, c20] &  [-24.11, c21] &  [-28.97, c22] &  [-15.35, c23] &  [-12.92, c24] &  [-3.07, c25] &  [-1.59, c26] &  [-6.0, c27] &  [-2.16, c28] \\
c23         &  [-0.64, new\_cluster] &  [-10.92, c1] &  [-0.95, c2] &  [-8.11, c3] &  [-16.98, c4] &  [-1.26, c5] &  [-3.21, c6] &  [-3.26, c7] &  [-4.21, c8] &  [-6.24, c9] &  [-2.58, c10] &  [-6.24, c11] &  [-0.19, c12] &   [-9.98, c13] &  [-11.48, c14] &  [-1.53, c15] &  [-13.26, c16] &  [-6.53, c17] &   [-13.1, c18] &  [-12.56, c19] &  [-2.49, c20] &  [-24.11, c21] &  [-28.97, c22] &  [-15.35, c23] &  [-10.25, c24] &  [-3.28, c25] &  [-1.59, c26] &  [-6.0, c27] &  [-2.16, c28] \\
c24         &  [-0.64, new\_cluster] &  [-10.36, c1] &  [-1.13, c2] &  [-7.86, c3] &  [-17.52, c4] &   [-1.4, c5] &  [-3.57, c6] &  [-3.08, c7] &  [-4.01, c8] &   [-6.3, c9] &  [-2.68, c10] &   [-6.2, c11] &  [-0.07, c12] &  [-10.99, c13] &  [-11.48, c14] &  [-1.48, c15] &  [-13.76, c16] &  [-6.69, c17] &  [-13.07, c18] &  [-12.56, c19] &  [-2.43, c20] &  [-24.11, c21] &  [-28.97, c22] &  [-15.35, c23] &  [-11.89, c24] &  [-3.22, c25] &  [-1.59, c26] &  [-6.0, c27] &  [-2.16, c28] \\
c25         &  [-0.64, new\_cluster] &  [-10.57, c1] &  [-1.14, c2] &  [-7.54, c3] &  [-17.32, c4] &   [-1.3, c5] &  [-3.58, c6] &   [-3.0, c7] &  [-4.33, c8] &   [-6.1, c9] &  [-2.71, c10] &  [-6.27, c11] &  [-0.06, c12] &  [-10.17, c13] &  [-11.48, c14] &  [-1.22, c15] &  [-13.33, c16] &  [-6.81, c17] &  [-13.19, c18] &  [-12.56, c19] &  [-2.75, c20] &  [-24.11, c21] &  [-28.97, c22] &  [-15.35, c23] &  [-10.25, c24] &  [-3.17, c25] &  [-1.59, c26] &  [-6.0, c27] &  [-2.16, c28] \\
c26         &  [-0.64, new\_cluster] &  [-11.03, c1] &  [-1.19, c2] &  [-8.47, c3] &  [-16.86, c4] &   [-1.3, c5] &  [-3.17, c6] &  [-2.72, c7] &   [-4.6, c8] &  [-6.52, c9] &  [-2.43, c10] &  [-6.58, c11] &  [-0.08, c12] &  [-10.02, c13] &  [-11.48, c14] &  [-1.39, c15] &  [-14.33, c16] &  [-6.54, c17] &  [-13.26, c18] &  [-12.56, c19] &  [-2.31, c20] &  [-24.11, c21] &  [-28.97, c22] &  [-15.35, c23] &  [-10.37, c24] &  [-3.33, c25] &  [-1.59, c26] &  [-6.0, c27] &  [-2.16, c28] \\
c27         &  [-0.64, new\_cluster] &  [-11.06, c1] &  [-1.11, c2] &  [-7.17, c3] &  [-17.13, c4] &  [-1.29, c5] &  [-3.36, c6] &  [-2.85, c7] &  [-3.96, c8] &  [-7.32, c9] &  [-2.96, c10] &  [-6.58, c11] &  [-0.12, c12] &  [-11.44, c13] &  [-11.48, c14] &  [-1.39, c15] &  [-14.04, c16] &  [-6.93, c17] &  [-13.27, c18] &  [-12.56, c19] &  [-2.68, c20] &  [-24.11, c21] &  [-28.97, c22] &  [-15.35, c23] &  [-11.75, c24] &  [-3.23, c25] &  [-1.59, c26] &        [0, ] &         [0, ] \\
c28         &  [-0.64, new\_cluster] &  [-10.93, c1] &  [-1.11, c2] &  [-7.88, c3] &  [-17.29, c4] &  [-1.43, c5] &  [-3.05, c6] &  [-3.58, c7] &  [-4.74, c8] &  [-6.71, c9] &  [-2.65, c10] &  [-6.29, c11] &  [-0.07, c12] &  [-10.49, c13] &  [-11.48, c14] &  [-1.23, c15] &  [-14.53, c16] &  [-6.75, c17] &  [-13.18, c18] &  [-12.56, c19] &  [-2.37, c20] &  [-24.11, c21] &  [-28.97, c22] &  [-15.35, c23] &   [-7.45, c24] &  [-3.22, c25] &  [-1.59, c26] &  [-6.0, c27] &  [-2.16, c28] \\
\bottomrule
\end{tabular}

