Experiment_path: AE_Model_2/Random_Seeds//V2/Experiment_02_7
Dataset_Path: ../_00_Datasets/03_SimDaten_Quiroga2020/C_Difficult1_noise020.mat
Dataset_name: ['03_SimDaten_Quiroga2020', 'C_Difficult1_noise020.mat']
Variant_name: Variant_02_Autoencoder_KMeans
Visualisation_Path: Random_Seeds//V2/Experiment_02_7/C_Difficult1_noise020.mat/Variant_02_Autoencoder_KMeans/2023_04_20-16_45_07
<_01_LoadDataset.ExternCode.spike_class.spike_dataclass object at 0x000001B4970255C0>
Sampling rate: 24000.0
Raw: [0.07805807 0.0565915  0.02594138 ... 0.2738422  0.26036418 0.26764671]
Times: [    368     630     648 ... 1439484 1439672 1439764]
Cluster: [2 2 1 ... 1 1 3]
Number of different clusters:  3
Number of Spikes: 3414
First aligned Spike Frame: [-0.38605838 -0.38126768 -0.38226316 -0.39416749 -0.41080739 -0.41171959
 -0.38717544 -0.35786686 -0.38107535 -0.49467824 -0.61843181 -0.58172559
 -0.24572387  0.35672948  0.89024247  1.0117557   0.76459666  0.43756704
  0.20139815  0.0394919  -0.09249478 -0.19279146 -0.23446076 -0.21807174
 -0.17478611 -0.12910555 -0.08593802 -0.03628316  0.029471    0.09510752
  0.13901987  0.15819091  0.1762069   0.21560464  0.27527193  0.33233202
  0.36740003  0.38309659  0.39850514  0.42031497  0.43304033  0.41207346
  0.35038997  0.26929981  0.20084763  0.15457014  0.10809812]
Cluster 0, Occurrences: 1136
Cluster 1, Occurrences: 1099
Cluster 2, Occurrences: 1179
<torch.utils.data.dataloader.DataLoader object at 0x000001B49AD9E390>
Epoch [1/8]: mean_loss=0.00043118422371938203
Epoch [2/8]: mean_loss=0.00031402776839989594
Epoch [3/8]: mean_loss=0.00031030494130506245
Epoch [4/8]: mean_loss=0.00030932243827208833
Epoch [5/8]: mean_loss=0.0003087072343771211
Epoch [6/8]: mean_loss=0.000308206259351012
Epoch [7/8]: mean_loss=0.0003078602413703073
Epoch [8/8]: mean_loss=0.0003073167090763037
Number of Clusters: 3
Number of Samples after Autoencoder testing: 3414
First Spike after testing: [-0.7246078  -0.02294321]
[1 1 0 ... 0 0 2]
[1 2 0 ... 1 2 0]
Cluster 0 Occurrences: 1136; KMEANS: 965
Cluster 1 Occurrences: 1099; KMEANS: 1122
Cluster 2 Occurrences: 1179; KMEANS: 1327
Centroids: [[0.16300559, 0.33889362], [0.38973534, 0.2027247], [0.5675405, 0.7344244]]
Centroids: [[0.5448428, 0.938331], [-0.17964914, 0.62644386], [0.72224325, -0.10150369]]
Contingency Matrix: 
[[138 576 422]
 [170 347 582]
 [657 199 323]]
[[138, 576, 422], [170, 347, 582], [657, 199, 323]]
[[138, 576, 422], [170, 347, 582], [657, 199, 323]]
[0, 1, 2]
[[-1, 576, 422], [-1, 347, 582], [-1, -1, -1]]
[[-1, 576, -1], [-1, -1, -1], [-1, -1, -1]]
[[-1, -1, -1], [-1, -1, -1], [-1, -1, -1]]
Match_Labels: {2: 0, 1: 2, 0: 1}
New Contingency Matrix: 
[[576 422 138]
 [347 582 170]
 [199 323 657]]
New Clustered Label Sequence: [1, 2, 0]
Diagonal_Elements: [576, 582, 657], Sum: 1815
All_Elements: [576, 422, 138, 347, 582, 170, 199, 323, 657], Sum: 3414
Accuracy: 0.531634446397188
