Seed: 6
Experiment_path: AE_Model_1/Random_Seeds_DV5//V5_2/Experiment_05_6_opt_temp
Dataset_Path: ../_00_Datasets/03_SimDaten_Quiroga2020/C_Easy1_noise040.mat
Dataset_name: ['03_SimDaten_Quiroga2020', 'C_Easy1_noise040.mat']
Variant_name: Variant_05_Online_Autoencoder_QLearning_opt_temp
Visualisation_Path: AE_Model_1/Random_Seeds_DV5//V5_2/Experiment_05_6_opt_temp/C_Easy1_noise040.mat/Variant_05_Online_Autoencoder_QLearning_opt_temp/2023_04_24-17_33_40
Normalisation: False
Template Matching: True
Optimising Autoencoder: True
Update Factor: 1
Noisy Batches: False
Noisy Factor: 0.1
Epochs: 8
Batch Size: 1
maximal Spikes for Autoencoder Training : 700
maximal Spikes for Training: 1000
Input Size: 47
Chosen Model: Autoencoder
Autoencoder(
  (encoder): Sequential(
    (0): Linear(in_features=47, out_features=12, bias=True)
    (1): LeakyReLU(negative_slope=0.01)
    (2): Linear(in_features=12, out_features=2, bias=True)
  )
  (decoder): Sequential(
    (0): Linear(in_features=2, out_features=12, bias=True)
    (1): LeakyReLU(negative_slope=0.01)
    (2): Linear(in_features=12, out_features=47, bias=True)
  )
)
MSELoss()
Adam (
Parameter Group 0
    amsgrad: False
    betas: (0.9, 0.999)
    capturable: False
    differentiable: False
    eps: 1e-08
    foreach: None
    fused: False
    lr: 0.001
    maximize: False
    weight_decay: 0
)
---Q Learning Parameters---
Normalisation: False
Punishment Coefficient: 1.4
Alpha: 0.8
Epsilon: 0.01
Gamma: 0.97
Initial Episode Number: 0
Episode Number Coefficient: 1.4
Number of Random Features: 20
Planning Number: 20
Max Random Features: 60
New Episode Number: 72
New Episode Number: 143
New Episode Number: 215
New Episode Number: 286
New Episode Number: 358
New Episode Number: 429
New Episode Number: 500
New Episode Number: 572
New Episode Number: 643
                 0      1      2      3  ...      6      7      8      9
new_cluster -16.20 -12.68 -38.24 -25.56  ... -12.34 -17.04 -46.95 -12.51
c1          -16.03 -12.53 -40.08 -25.01  ... -11.20 -17.66 -45.34 -12.23
c2          -16.21 -13.16 -35.67 -25.67  ... -11.66 -20.44 -41.54 -12.13
c3          -16.15 -13.70 -36.49 -27.64  ... -13.48 -19.19 -40.36 -11.95
c4          -16.20 -13.26 -43.08 -26.54  ... -12.87 -22.75 -44.66 -11.55
c5          -16.17 -13.41 -37.96 -25.58  ... -12.45 -19.85 -45.32 -13.13
c6          -16.21 -13.24 -38.98 -25.41  ... -14.56 -20.23 -48.06 -12.19
c7          -16.17 -14.01 -35.81 -24.54  ... -12.35 -19.36 -44.92 -12.86
c8          -16.17 -13.42 -36.32 -25.23  ... -11.83 -20.06 -45.86 -12.18
c9          -16.02 -13.86 -38.01 -23.57  ... -11.32 -19.61 -44.53 -12.65

[10 rows x 10 columns]
\begin{tabular}{lrrrrrrrrrr}
\toprule
{} &      0 &      1 &      2 &      3 &     4 &      5 &      6 &      7 &      8 &      9 \\
\midrule
new\_cluster & -16.20 & -12.68 & -38.24 & -25.56 & -8.62 & -29.05 & -12.34 & -17.04 & -46.95 & -12.51 \\
c1          & -16.03 & -12.53 & -40.08 & -25.01 & -8.55 & -30.78 & -11.20 & -17.66 & -45.34 & -12.23 \\
c2          & -16.21 & -13.16 & -35.67 & -25.67 & -8.77 & -34.85 & -11.66 & -20.44 & -41.54 & -12.13 \\
c3          & -16.15 & -13.70 & -36.49 & -27.64 & -8.67 & -37.26 & -13.48 & -19.19 & -40.36 & -11.95 \\
c4          & -16.20 & -13.26 & -43.08 & -26.54 & -8.13 & -32.25 & -12.87 & -22.75 & -44.66 & -11.55 \\
c5          & -16.17 & -13.41 & -37.96 & -25.58 & -8.30 & -34.33 & -12.45 & -19.85 & -45.32 & -13.13 \\
c6          & -16.21 & -13.24 & -38.98 & -25.41 & -8.37 & -33.21 & -14.56 & -20.23 & -48.06 & -12.19 \\
c7          & -16.17 & -14.01 & -35.81 & -24.54 & -8.21 & -29.96 & -12.35 & -19.36 & -44.92 & -12.86 \\
c8          & -16.17 & -13.42 & -36.32 & -25.23 & -8.55 & -33.95 & -11.83 & -20.06 & -45.86 & -12.18 \\
c9          & -16.02 & -13.86 & -38.01 & -23.57 & -8.06 & -30.19 & -11.32 & -19.61 & -44.53 & -12.65 \\
\bottomrule
\end{tabular}

                                0            1  ...             8            9
new_cluster  [-7.84, new_cluster]  [-4.53, c1]  ...  [-38.54, c8]  [-4.39, c9]
c1           [-7.84, new_cluster]  [-4.41, c1]  ...  [-37.03, c8]   [-4.1, c9]
c2           [-7.84, new_cluster]  [-4.87, c1]  ...  [-33.22, c8]  [-4.08, c9]
c3           [-7.84, new_cluster]  [-5.41, c1]  ...  [-32.04, c8]  [-3.83, c9]
c4           [-7.84, new_cluster]  [-5.14, c1]  ...  [-36.35, c8]  [-3.42, c9]
c5           [-7.84, new_cluster]  [-5.13, c1]  ...   [-37.0, c8]  [-5.01, c9]
c6           [-7.84, new_cluster]  [-4.95, c1]  ...  [-39.74, c8]  [-4.07, c9]
c7           [-7.84, new_cluster]  [-5.72, c1]  ...   [-36.6, c8]  [-4.73, c9]
c8           [-7.84, new_cluster]  [-5.14, c1]  ...  [-37.44, c8]  [-4.06, c9]
c9           [-7.84, new_cluster]   [-5.6, c1]  ...  [-36.12, c8]  [-4.52, c9]

[10 rows x 10 columns]
\begin{tabular}{lllllllllll}
\toprule
{} &                     0 &            1 &             2 &             3 &            4 &             5 &            6 &             7 &             8 &            9 \\
\midrule
new\_cluster &  [-7.84, new\_cluster] &  [-4.53, c1] &  [-29.73, c2] &  [-17.26, c3] &  [-0.31, c4] &  [-20.98, c5] &  [-3.77, c6] &   [-8.56, c7] &  [-38.54, c8] &  [-4.39, c9] \\
c1          &  [-7.84, new\_cluster] &  [-4.41, c1] &  [-31.57, c2] &  [-16.63, c3] &  [-0.23, c4] &  [-22.39, c5] &  [-2.75, c6] &   [-9.45, c7] &  [-37.03, c8] &   [-4.1, c9] \\
c2          &  [-7.84, new\_cluster] &  [-4.87, c1] &  [-27.23, c2] &  [-17.26, c3] &  [-0.25, c4] &  [-26.45, c5] &  [-3.21, c6] &  [-12.26, c7] &  [-33.22, c8] &  [-4.08, c9] \\
c3          &  [-7.84, new\_cluster] &  [-5.41, c1] &  [-28.01, c2] &  [-19.24, c3] &  [-0.34, c4] &  [-28.86, c5] &  [-4.92, c6] &  [-10.93, c7] &  [-32.04, c8] &  [-3.83, c9] \\
c4          &  [-7.84, new\_cluster] &  [-5.14, c1] &  [-34.47, c2] &  [-18.21, c3] &   [-0.1, c4] &  [-23.85, c5] &  [-4.66, c6] &  [-14.24, c7] &  [-36.35, c8] &  [-3.42, c9] \\
c5          &  [-7.84, new\_cluster] &  [-5.13, c1] &  [-29.43, c2] &  [-17.17, c3] &  [-0.19, c4] &  [-25.88, c5] &   [-3.9, c6] &  [-11.72, c7] &   [-37.0, c8] &  [-5.01, c9] \\
c6          &  [-7.84, new\_cluster] &  [-4.95, c1] &  [-30.54, c2] &  [-17.03, c3] &  [-0.37, c4] &  [-24.76, c5] &  [-5.99, c6] &  [-12.05, c7] &  [-39.74, c8] &  [-4.07, c9] \\
c7          &  [-7.84, new\_cluster] &  [-5.72, c1] &  [-27.39, c2] &  [-16.13, c3] &  [-0.31, c4] &  [-21.57, c5] &  [-3.78, c6] &  [-10.89, c7] &   [-36.6, c8] &  [-4.73, c9] \\
c8          &  [-7.84, new\_cluster] &  [-5.14, c1] &  [-27.81, c2] &  [-16.84, c3] &  [-0.54, c4] &   [-25.5, c5] &  [-3.33, c6] &  [-11.59, c7] &  [-37.44, c8] &  [-4.06, c9] \\
c9          &  [-7.84, new\_cluster] &   [-5.6, c1] &   [-29.5, c2] &  [-15.17, c3] &  [-0.16, c4] &  [-22.07, c5] &  [-2.83, c6] &  [-11.35, c7] &  [-36.12, c8] &  [-4.52, c9] \\
\bottomrule
\end{tabular}

