Seed: 0
Experiment_path: Experiment_07
Dataset_Path: ../_00_Datasets/03_SimDaten_Quiroga2020/C_Difficult2_noise005.mat
Dataset_name: ['03_SimDaten_Quiroga2020', 'C_Difficult2_noise005.mat']
Variant_name: Variant_05_Online_Autoencoder_QLearning_opt_temp
Visualisation_Path: AE_Model_2/Grid_Search_PC//V5_2/C_Difficult2_noise005.mat/Variant_05_Online_Autoencoder_QLearning_opt_temp/2023_05_03-16_30_10
Normalisation: False
Template Matching: True
Optimising Autoencoder: True
Update Factor: 1
Noisy Batches: False
Noisy Factor: 0.001
Epochs: 8
Batch Size: 1
maximal Spikes for Autoencoder Training : 700
maximal Spikes for Training: 1000
Input Size: 47
Chosen Model: Convolutional Autoencoder
ConvolutionalAutoencoder(
  (encoder): Sequential(
    (0): Conv1d(1, 6, kernel_size=(6,), stride=(1,))
    (1): LeakyReLU(negative_slope=0.01)
    (2): Conv1d(6, 1, kernel_size=(6,), stride=(1,))
    (3): Flatten(start_dim=1, end_dim=-1)
    (4): Linear(in_features=37, out_features=2, bias=True)
  )
  (decoder): Sequential(
    (0): ConvTranspose1d(1, 6, kernel_size=(6,), stride=(1,))
    (1): LeakyReLU(negative_slope=0.01)
    (2): ConvTranspose1d(6, 1, kernel_size=(6,), stride=(1,))
    (3): Flatten(start_dim=1, end_dim=-1)
    (4): Linear(in_features=12, out_features=47, bias=True)
  )
)
MSELoss()
Adam (
Parameter Group 0
    amsgrad: False
    betas: (0.9, 0.999)
    capturable: False
    differentiable: False
    eps: 1e-08
    foreach: None
    fused: False
    lr: 0.001
    maximize: False
    weight_decay: 0
)
---Q Learning Parameters---
Normalisation: False
Punishment Coefficient: 0.7
Alpha: 0.8
Epsilon: 0.01
Gamma: 0.97
Initial Episode Number: 0
Episode Number Coefficient: 1.4
Number of Random Features: 20
Planning Number: 20
Max Random Features: 60
New Episode Number: 72
New Episode Number: 143
New Episode Number: 215
New Episode Number: 286
New Episode Number: 358
New Episode Number: 429
New Episode Number: 500
New Episode Number: 572
New Episode Number: 643
New Episode Number: 715
New Episode Number: 786
New Episode Number: 858
New Episode Number: 929
New Episode Number: 1000
New Episode Number: 1072
New Episode Number: 1143
New Episode Number: 1215
                0      1      2      3   ...     14     15     16    17
new_cluster -15.54 -17.25 -30.18 -17.36  ... -39.60 -27.79 -25.29 -53.6
c1          -15.87 -17.02 -30.12 -16.72  ... -39.58 -27.79 -25.31 -53.6
c2          -15.83 -16.40 -30.06 -16.69  ... -39.60 -27.79 -25.31 -53.6
c3          -15.87 -16.37 -30.22 -16.86  ... -39.60 -27.79 -25.20 -53.6
c4          -15.94 -16.23 -30.32 -17.21  ... -39.54 -27.78 -25.54 -53.6
c5          -15.87 -16.77 -31.44 -16.89  ... -39.60 -27.79 -25.49 -53.6
c6          -15.97 -17.07 -30.90 -17.09  ... -39.60 -27.79 -25.56 -53.6
c7          -15.95 -17.08 -29.93 -17.05  ... -39.58 -27.79 -25.27   0.0
c8          -15.95 -16.35 -31.69 -16.85  ... -39.59 -27.79 -25.53 -53.6
c9          -15.95 -16.79 -31.14 -17.24  ... -39.60 -27.78 -25.56 -53.6
c10         -15.71 -16.82 -29.86 -16.80  ... -39.60 -27.79 -25.20 -53.6
c11         -15.95 -16.49 -30.28 -17.27  ... -39.60 -27.79 -25.49 -53.6
c12         -15.96 -16.33 -29.99 -16.94  ... -39.60 -27.79 -25.27 -53.6
c13         -15.93 -16.86 -30.60 -16.55  ... -39.59 -27.79 -25.30 -53.6
c14         -15.89 -16.06 -29.94 -16.47  ... -39.48 -27.79 -25.29 -53.6
c15         -15.87 -17.25 -30.44 -16.31  ... -39.59 -27.79 -25.25 -53.6
c16         -15.95 -16.80 -30.31 -16.48  ... -39.59 -27.78 -25.47 -53.6
c17         -15.53 -17.08 -30.48 -16.87  ... -39.60 -27.78   0.00   0.0

[18 rows x 18 columns]
\begin{tabular}{lrrrrrrrrrrrrrrrrrr}
\toprule
{} &     0  &     1  &     2  &     3  &     4  &     5  &     6  &     7  &     8  &     9  &     10 &     11 &     12 &     13 &     14 &     15 &     16 &    17 \\
\midrule
new\_cluster & -15.54 & -17.25 & -30.18 & -17.36 & -34.80 & -17.22 & -14.43 & -18.83 & -49.65 & -18.73 & -15.70 & -69.89 & -24.33 & -50.35 & -39.60 & -27.79 & -25.29 & -53.6 \\
c1          & -15.87 & -17.02 & -30.12 & -16.72 & -35.92 & -16.82 & -14.21 & -16.60 & -50.54 & -18.99 & -15.22 & -69.93 & -23.83 & -50.41 & -39.58 & -27.79 & -25.31 & -53.6 \\
c2          & -15.83 & -16.40 & -30.06 & -16.69 & -35.69 & -16.81 & -14.26 & -17.59 & -52.36 & -18.99 & -15.85 & -69.94 & -23.60 & -50.41 & -39.60 & -27.79 & -25.31 & -53.6 \\
c3          & -15.87 & -16.37 & -30.22 & -16.86 & -35.23 & -17.07 & -14.47 & -18.72 & -50.21 & -18.76 & -15.51 & -70.07 & -24.05 & -50.34 & -39.60 & -27.79 & -25.20 & -53.6 \\
c4          & -15.94 & -16.23 & -30.32 & -17.21 & -34.77 & -17.14 & -14.16 & -17.06 & -48.38 & -18.54 & -15.43 & -69.92 & -23.04 & -50.35 & -39.54 & -27.78 & -25.54 & -53.6 \\
c5          & -15.87 & -16.77 & -31.44 & -16.89 & -35.09 & -17.00 & -14.33 & -17.83 & -48.84 & -18.77 & -15.42 & -69.72 & -24.09 & -50.12 & -39.60 & -27.79 & -25.49 & -53.6 \\
c6          & -15.97 & -17.07 & -30.90 & -17.09 & -34.69 & -16.64 & -13.97 & -17.32 & -49.39 & -18.25 & -15.54 & -69.90 & -23.36 & -50.35 & -39.60 & -27.79 & -25.56 & -53.6 \\
c7          & -15.95 & -17.08 & -29.93 & -17.05 & -34.95 & -17.03 & -14.33 & -19.04 & -50.77 & -18.51 & -15.54 & -69.89 & -23.26 & -50.13 & -39.58 & -27.79 & -25.27 &   0.0 \\
c8          & -15.95 & -16.35 & -31.69 & -16.85 & -35.56 & -17.44 & -14.11 & -18.12 & -49.80 & -19.05 & -15.73 & -70.07 & -24.19 & -50.29 & -39.59 & -27.79 & -25.53 & -53.6 \\
c9          & -15.95 & -16.79 & -31.14 & -17.24 & -35.72 & -17.30 & -14.33 & -17.58 & -49.74 & -18.73 & -15.29 & -70.07 & -23.17 & -50.34 & -39.60 & -27.78 & -25.56 & -53.6 \\
c10         & -15.71 & -16.82 & -29.86 & -16.80 & -34.50 & -16.69 & -14.25 & -18.18 & -50.73 & -19.20 & -15.22 & -70.10 & -23.57 & -50.40 & -39.60 & -27.79 & -25.20 & -53.6 \\
c11         & -15.95 & -16.49 & -30.28 & -17.27 & -36.21 & -17.04 & -14.08 & -16.53 & -50.18 & -19.04 & -15.38 & -69.91 & -24.70 & -50.39 & -39.60 & -27.79 & -25.49 & -53.6 \\
c12         & -15.96 & -16.33 & -29.99 & -16.94 & -35.38 & -17.36 & -14.06 & -17.56 & -51.35 & -19.08 & -15.14 & -70.10 & -23.28 & -50.40 & -39.60 & -27.79 & -25.27 & -53.6 \\
c13         & -15.93 & -16.86 & -30.60 & -16.55 & -35.35 & -17.17 & -14.00 & -18.88 & -51.40 & -18.88 & -15.23 & -69.93 & -23.39 & -50.33 & -39.59 & -27.79 & -25.30 & -53.6 \\
c14         & -15.89 & -16.06 & -29.94 & -16.47 & -34.90 & -17.16 & -14.08 & -18.42 & -49.88 & -18.82 & -15.16 & -69.77 & -22.96 & -50.34 & -39.48 & -27.79 & -25.29 & -53.6 \\
c15         & -15.87 & -17.25 & -30.44 & -16.31 & -36.10 & -17.37 & -14.28 & -17.07 & -50.29 & -19.03 & -15.27 & -69.91 & -23.51 & -50.13 & -39.59 & -27.79 & -25.25 & -53.6 \\
c16         & -15.95 & -16.80 & -30.31 & -16.48 & -35.03 & -16.91 & -14.14 & -17.30 & -47.84 & -18.89 & -15.50 & -70.10 & -24.03 & -50.11 & -39.59 & -27.78 & -25.47 & -53.6 \\
c17         & -15.53 & -17.08 & -30.48 & -16.87 & -36.05 & -17.55 & -14.10 & -17.57 & -47.72 & -18.61 & -15.79 & -69.94 & -22.84 & -50.34 & -39.60 & -27.78 &   0.00 &   0.0 \\
\bottomrule
\end{tabular}

                               0            1   ...             16            17
new_cluster  [-1.96, new_cluster]  [-3.67, c1]  ...  [-11.54, c16]  [-53.6, c17]
c1           [-1.96, new_cluster]  [-3.25, c1]  ...  [-11.54, c16]  [-53.6, c17]
c2           [-1.96, new_cluster]  [-2.82, c1]  ...  [-11.54, c16]  [-53.6, c17]
c3           [-1.96, new_cluster]   [-2.8, c1]  ...  [-11.54, c16]  [-53.6, c17]
c4           [-1.96, new_cluster]  [-2.49, c1]  ...  [-11.54, c16]  [-53.6, c17]
c5           [-1.96, new_cluster]   [-3.0, c1]  ...  [-11.54, c16]  [-53.6, c17]
c6           [-1.96, new_cluster]  [-3.33, c1]  ...  [-11.54, c16]  [-53.6, c17]
c7           [-1.96, new_cluster]  [-3.29, c1]  ...  [-11.54, c16]         [0, ]
c8           [-1.96, new_cluster]  [-2.77, c1]  ...  [-11.54, c16]  [-53.6, c17]
c9           [-1.96, new_cluster]  [-3.21, c1]  ...  [-11.54, c16]  [-53.6, c17]
c10          [-1.96, new_cluster]  [-3.25, c1]  ...  [-11.54, c16]  [-53.6, c17]
c11          [-1.96, new_cluster]  [-2.91, c1]  ...  [-11.54, c16]  [-53.6, c17]
c12          [-1.96, new_cluster]  [-2.58, c1]  ...  [-11.54, c16]  [-53.6, c17]
c13          [-1.96, new_cluster]  [-3.12, c1]  ...  [-11.54, c16]  [-53.6, c17]
c14          [-1.96, new_cluster]  [-2.29, c1]  ...  [-11.54, c16]  [-53.6, c17]
c15          [-1.96, new_cluster]  [-3.47, c1]  ...  [-11.54, c16]  [-53.6, c17]
c16          [-1.96, new_cluster]  [-3.22, c1]  ...  [-11.54, c16]  [-53.6, c17]
c17          [-1.96, new_cluster]  [-3.51, c1]  ...          [0, ]         [0, ]

[18 rows x 18 columns]
\begin{tabular}{lllllllllllllllllll}
\toprule
{} &                    0  &           1  &            2  &           3  &            4  &           5  &           6  &            7  &            8  &           9  &            10 &             11 &             12 &             13 &             14 &             15 &             16 &            17 \\
\midrule
new\_cluster &  [-1.96, new\_cluster] &  [-3.67, c1] &  [-16.71, c2] &  [-3.32, c3] &  [-20.83, c4] &  [-3.33, c5] &  [-0.51, c6] &  [-18.83, c7] &  [-35.67, c8] &  [-4.83, c9] &  [-1.62, c10] &  [-56.23, c11] &  [-10.51, c12] &  [-36.75, c13] &  [-25.94, c14] &  [-13.94, c15] &  [-11.54, c16] &  [-53.6, c17] \\
c1          &  [-1.96, new\_cluster] &  [-3.25, c1] &  [-16.64, c2] &  [-2.69, c3] &   [-22.0, c4] &  [-2.92, c5] &   [-0.4, c6] &   [-16.6, c7] &  [-36.62, c8] &  [-5.09, c9] &  [-1.49, c10] &  [-56.23, c11] &   [-9.75, c12] &  [-36.75, c13] &  [-25.94, c14] &  [-13.94, c15] &  [-11.54, c16] &  [-53.6, c17] \\
c2          &  [-1.96, new\_cluster] &  [-2.82, c1] &  [-16.12, c2] &  [-2.65, c3] &  [-21.76, c4] &  [-2.91, c5] &  [-0.36, c6] &  [-17.59, c7] &  [-38.37, c8] &   [-5.1, c9] &   [-1.9, c10] &  [-56.23, c11] &   [-9.51, c12] &  [-36.75, c13] &  [-25.94, c14] &  [-13.94, c15] &  [-11.54, c16] &  [-53.6, c17] \\
c3          &  [-1.96, new\_cluster] &   [-2.8, c1] &  [-16.37, c2] &  [-2.82, c3] &  [-21.55, c4] &  [-3.17, c5] &  [-0.47, c6] &  [-18.72, c7] &  [-36.52, c8] &  [-4.86, c9] &  [-1.44, c10] &  [-56.23, c11] &  [-10.31, c12] &  [-36.75, c13] &  [-25.94, c14] &  [-13.94, c15] &  [-11.54, c16] &  [-53.6, c17] \\
c4          &  [-1.96, new\_cluster] &  [-2.49, c1] &  [-16.49, c2] &  [-3.17, c3] &   [-21.0, c4] &  [-3.27, c5] &  [-0.42, c6] &  [-17.06, c7] &  [-34.55, c8] &  [-4.65, c9] &  [-1.34, c10] &  [-56.23, c11] &   [-8.96, c12] &  [-36.75, c13] &  [-25.94, c14] &  [-13.94, c15] &  [-11.54, c16] &  [-53.6, c17] \\
c5          &  [-1.96, new\_cluster] &   [-3.0, c1] &   [-17.5, c2] &  [-2.85, c3] &  [-21.45, c4] &  [-3.12, c5] &  [-0.45, c6] &  [-17.83, c7] &  [-35.13, c8] &  [-4.87, c9] &  [-1.55, c10] &  [-56.23, c11] &  [-10.05, c12] &  [-36.75, c13] &  [-25.94, c14] &  [-13.94, c15] &  [-11.54, c16] &  [-53.6, c17] \\
c6          &  [-1.96, new\_cluster] &  [-3.33, c1] &  [-17.06, c2] &  [-3.05, c3] &  [-20.73, c4] &  [-2.84, c5] &  [-0.45, c6] &  [-17.32, c7] &  [-35.75, c8] &  [-4.36, c9] &  [-1.71, c10] &  [-56.23, c11] &   [-9.68, c12] &  [-36.75, c13] &  [-25.94, c14] &  [-13.94, c15] &  [-11.54, c16] &  [-53.6, c17] \\
c7          &  [-1.96, new\_cluster] &  [-3.29, c1] &  [-15.99, c2] &  [-3.01, c3] &  [-21.22, c4] &  [-3.33, c5] &  [-0.42, c6] &  [-19.04, c7] &  [-36.98, c8] &  [-4.61, c9] &  [-1.54, c10] &  [-56.23, c11] &    [-9.2, c12] &  [-36.75, c13] &  [-25.94, c14] &  [-13.94, c15] &  [-11.54, c16] &         [0, ] \\
c8          &  [-1.96, new\_cluster] &  [-2.77, c1] &  [-17.86, c2] &   [-2.9, c3] &  [-21.94, c4] &  [-3.54, c5] &  [-0.35, c6] &  [-18.12, c7] &  [-35.89, c8] &  [-5.16, c9] &  [-1.65, c10] &  [-56.23, c11] &  [-10.25, c12] &  [-36.75, c13] &  [-25.94, c14] &  [-13.94, c15] &  [-11.54, c16] &  [-53.6, c17] \\
c9          &  [-1.96, new\_cluster] &  [-3.21, c1] &  [-17.28, c2] &   [-3.1, c3] &  [-21.74, c4] &  [-3.42, c5] &  [-0.47, c6] &  [-17.58, c7] &  [-35.75, c8] &  [-5.21, c9] &  [-1.41, c10] &  [-56.23, c11] &   [-9.44, c12] &  [-36.75, c13] &  [-25.94, c14] &  [-13.94, c15] &  [-11.54, c16] &  [-53.6, c17] \\
c10         &  [-1.96, new\_cluster] &  [-3.25, c1] &  [-16.42, c2] &  [-2.78, c3] &  [-20.87, c4] &   [-2.9, c5] &  [-0.49, c6] &  [-18.18, c7] &  [-36.98, c8] &  [-5.32, c9] &  [-1.61, c10] &  [-56.23, c11] &   [-9.83, c12] &  [-36.75, c13] &  [-25.94, c14] &  [-13.94, c15] &  [-11.54, c16] &  [-53.6, c17] \\
c11         &  [-1.96, new\_cluster] &  [-2.91, c1] &  [-16.45, c2] &  [-3.25, c3] &  [-22.23, c4] &  [-3.14, c5] &  [-0.45, c6] &  [-16.53, c7] &  [-36.57, c8] &  [-5.14, c9] &  [-1.53, c10] &  [-56.23, c11] &  [-10.59, c12] &  [-36.75, c13] &  [-25.94, c14] &  [-13.94, c15] &  [-11.54, c16] &  [-53.6, c17] \\
c12         &  [-1.96, new\_cluster] &  [-2.58, c1] &  [-16.16, c2] &  [-2.89, c3] &  [-21.41, c4] &  [-3.57, c5] &  [-0.51, c6] &  [-17.56, c7] &  [-37.37, c8] &  [-5.18, c9] &  [-1.52, c10] &  [-56.23, c11] &   [-9.54, c12] &  [-36.75, c13] &  [-25.94, c14] &  [-13.94, c15] &  [-11.54, c16] &  [-53.6, c17] \\
c13         &  [-1.96, new\_cluster] &  [-3.12, c1] &  [-16.65, c2] &  [-2.57, c3] &  [-21.37, c4] &  [-3.38, c5] &  [-0.32, c6] &  [-18.88, c7] &  [-37.41, c8] &  [-5.14, c9] &  [-1.35, c10] &  [-56.23, c11] &   [-9.35, c12] &  [-36.75, c13] &  [-25.94, c14] &  [-13.94, c15] &  [-11.54, c16] &  [-53.6, c17] \\
c14         &  [-1.96, new\_cluster] &  [-2.29, c1] &  [-16.09, c2] &  [-2.43, c3] &  [-20.98, c4] &  [-3.28, c5] &  [-0.35, c6] &  [-18.42, c7] &  [-35.89, c8] &  [-5.01, c9] &  [-1.76, c10] &  [-56.23, c11] &   [-8.88, c12] &  [-36.75, c13] &  [-25.94, c14] &  [-13.94, c15] &  [-11.54, c16] &  [-53.6, c17] \\
c15         &  [-1.96, new\_cluster] &  [-3.47, c1] &  [-16.61, c2] &  [-2.26, c3] &  [-22.19, c4] &  [-3.48, c5] &  [-0.57, c6] &  [-17.07, c7] &   [-36.3, c8] &  [-5.14, c9] &  [-1.42, c10] &  [-56.23, c11] &    [-9.8, c12] &  [-36.75, c13] &  [-25.94, c14] &  [-13.94, c15] &  [-11.54, c16] &  [-53.6, c17] \\
c16         &  [-1.96, new\_cluster] &  [-3.22, c1] &  [-16.46, c2] &  [-2.44, c3] &  [-21.07, c4] &  [-3.02, c5] &  [-0.37, c6] &   [-17.3, c7] &  [-33.98, c8] &  [-4.99, c9] &  [-1.42, c10] &  [-56.23, c11] &   [-10.3, c12] &  [-36.75, c13] &  [-25.94, c14] &  [-13.94, c15] &  [-11.54, c16] &  [-53.6, c17] \\
c17         &  [-1.96, new\_cluster] &  [-3.51, c1] &  [-16.65, c2] &  [-2.93, c3] &  [-22.07, c4] &  [-3.66, c5] &  [-0.46, c6] &  [-17.57, c7] &  [-33.98, c8] &  [-4.72, c9] &  [-1.83, c10] &  [-56.23, c11] &    [-9.1, c12] &  [-36.75, c13] &  [-25.94, c14] &  [-13.94, c15] &          [0, ] &         [0, ] \\
\bottomrule
\end{tabular}

