Seed: 3
Experiment_path: Random_Seeds_DV5//V5_1/Experiment_05_3_opt
Dataset_Path: ../_00_Datasets/03_SimDaten_Quiroga2020/C_Burst_Easy2_noise015.mat
Dataset_name: ['03_SimDaten_Quiroga2020', 'C_Burst_Easy2_noise015.mat']
Variant_name: Variant_05_Online_Autoencoder_QLearning_opt
Visualisation_Path: Random_Seeds_DV5//V5_1/Experiment_05_3_opt/C_Burst_Easy2_noise015.mat/Variant_05_Online_Autoencoder_QLearning_opt/2023_04_05-09_47_34
Normalisation: False
Template Matching: False
Optimising Autoencoder: True
Update Factor: 100
Noisy Batches: False
Noisy Factor: 0.1
Epochs: 8
Batch Size: 1
maximal Spikes for Autoencoder Training : 700
maximal Spikes for Training: 1000
Input Size: 47
Chosen Model: Autoencoder
Autoencoder(
  (encoder): Sequential(
    (0): Linear(in_features=47, out_features=12, bias=True)
    (1): LeakyReLU(negative_slope=0.01)
    (2): Linear(in_features=12, out_features=2, bias=True)
  )
  (decoder): Sequential(
    (0): Linear(in_features=2, out_features=12, bias=True)
    (1): LeakyReLU(negative_slope=0.01)
    (2): Linear(in_features=12, out_features=47, bias=True)
  )
)
MSELoss()
Adam (
Parameter Group 0
    amsgrad: False
    betas: (0.9, 0.999)
    capturable: False
    differentiable: False
    eps: 1e-08
    foreach: None
    fused: False
    lr: 0.001
    maximize: False
    weight_decay: 0
)
---Q Learning Parameters---
Normalisation: False
Punishment Coefficient: 0.56
Alpha: 0.8
Epsilon: 0.01
Gamma: 0.97
Initial Episode Number: 0
Episode Number Coefficient: 1.4
Number of Random Features: 20
Planning Number: 20
Max Random Features: 60
New Episode Number: 72
New Episode Number: 143
New Episode Number: 215
New Episode Number: 286
New Episode Number: 358
New Episode Number: 429
New Episode Number: 500
New Episode Number: 572
New Episode Number: 643
                 0      1      2      3  ...      6     7      8      9
new_cluster -10.34 -21.33 -10.33 -24.68  ... -23.85 -9.35 -47.89 -13.05
c1          -10.33 -22.77 -10.44 -24.30  ... -24.53 -9.13 -47.94 -13.05
c2          -10.33 -21.79 -10.35 -24.89  ... -24.89 -9.38 -47.84 -12.98
c3          -10.32 -22.63 -10.40 -24.41  ... -24.40 -9.25 -47.85 -12.90
c4          -10.34 -21.97 -10.69 -24.93  ... -24.80 -9.37 -47.90 -13.05
c5          -10.33 -21.96 -10.37 -23.72  ... -25.01 -9.41 -47.88 -13.05
c6          -10.33 -21.63 -10.32 -24.25  ... -25.23 -9.20 -47.85 -13.05
c7          -10.18 -21.80 -10.43 -24.34  ... -24.77 -9.16 -47.85 -13.04
c8          -10.37 -21.50 -10.22 -25.14  ... -24.90 -9.28 -47.84 -13.05
c9          -10.38 -21.33 -10.37 -24.47  ... -24.25 -9.20 -47.83 -13.05

[10 rows x 10 columns]
                                0             1  ...             8            9
new_cluster  [-1.25, new_cluster]  [-12.43, c1]  ...  [-38.83, c8]  [-3.94, c9]
c1           [-1.25, new_cluster]  [-13.76, c1]  ...  [-38.83, c8]  [-3.94, c9]
c2           [-1.25, new_cluster]  [-12.91, c1]  ...  [-38.83, c8]  [-3.94, c9]
c3           [-1.25, new_cluster]  [-13.62, c1]  ...  [-38.83, c8]  [-3.94, c9]
c4           [-1.25, new_cluster]  [-12.98, c1]  ...  [-38.83, c8]  [-3.94, c9]
c5           [-1.25, new_cluster]  [-13.06, c1]  ...  [-38.83, c8]  [-3.94, c9]
c6           [-1.25, new_cluster]  [-12.84, c1]  ...  [-38.83, c8]  [-3.94, c9]
c7           [-1.25, new_cluster]  [-12.79, c1]  ...  [-38.83, c8]  [-3.94, c9]
c8           [-1.25, new_cluster]   [-12.5, c1]  ...  [-38.83, c8]  [-3.94, c9]
c9           [-1.25, new_cluster]  [-12.44, c1]  ...  [-38.83, c8]  [-3.94, c9]

[10 rows x 10 columns]
