Seed: 4
Experiment_path: Random_Seeds_DV5//V5_1/Experiment_05_4_opt
Dataset_Path: ../_00_Datasets/03_SimDaten_Quiroga2020/C_Easy1_noise015.mat
Dataset_name: ['03_SimDaten_Quiroga2020', 'C_Easy1_noise015.mat']
Variant_name: Variant_05_Online_Autoencoder_QLearning_opt
Visualisation_Path: Random_Seeds_DV5//V5_1/Experiment_05_4_opt/C_Easy1_noise015.mat/Variant_05_Online_Autoencoder_QLearning_opt/2023_04_16-16_26_08
Normalisation: False
Template Matching: False
Optimising Autoencoder: True
Update Factor: 100
Noisy Batches: False
Noisy Factor: 0.1
Epochs: 8
Batch Size: 1
maximal Spikes for Autoencoder Training : 700
maximal Spikes for Training: 1000
Input Size: 47
Chosen Model: Autoencoder
Autoencoder(
  (encoder): Sequential(
    (0): Linear(in_features=47, out_features=12, bias=True)
    (1): LeakyReLU(negative_slope=0.01)
    (2): Linear(in_features=12, out_features=2, bias=True)
  )
  (decoder): Sequential(
    (0): Linear(in_features=2, out_features=12, bias=True)
    (1): LeakyReLU(negative_slope=0.01)
    (2): Linear(in_features=12, out_features=47, bias=True)
  )
)
MSELoss()
Adam (
Parameter Group 0
    amsgrad: False
    betas: (0.9, 0.999)
    capturable: False
    differentiable: False
    eps: 1e-08
    foreach: None
    fused: False
    lr: 0.001
    maximize: False
    weight_decay: 0
)
---Q Learning Parameters---
Normalisation: False
Punishment Coefficient: 0.9
Alpha: 0.8
Epsilon: 0.01
Gamma: 0.97
Initial Episode Number: 0
Episode Number Coefficient: 1.4
Number of Random Features: 20
Planning Number: 20
Max Random Features: 60
New Episode Number: 72
New Episode Number: 143
New Episode Number: 215
New Episode Number: 286
                 0      1      2      3      4
new_cluster -18.04 -19.60 -16.42 -14.78 -22.40
c1          -18.04 -19.44 -16.35 -14.55 -22.65
c2          -18.03 -19.59 -16.59 -14.68 -22.56
c3          -18.04 -19.51 -16.32 -14.56 -22.66
c4          -17.60 -19.92 -16.50 -14.67 -22.31
\begin{tabular}{lrrrrr}
\toprule
{} &      0 &      1 &      2 &      3 &      4 \\
\midrule
new\_cluster & -18.04 & -19.60 & -16.42 & -14.78 & -22.40 \\
c1          & -18.04 & -19.44 & -16.35 & -14.55 & -22.65 \\
c2          & -18.03 & -19.59 & -16.59 & -14.68 & -22.56 \\
c3          & -18.04 & -19.51 & -16.32 & -14.56 & -22.66 \\
c4          & -17.60 & -19.92 & -16.50 & -14.67 & -22.31 \\
\bottomrule
\end{tabular}

                                0            1  ...            3            4
new_cluster  [-3.24, new_cluster]  [-5.21, c1]  ...  [-0.54, c3]  [-7.98, c4]
c1           [-3.24, new_cluster]  [-5.27, c1]  ...  [-0.41, c3]  [-7.98, c4]
c2           [-3.24, new_cluster]  [-5.39, c1]  ...  [-0.44, c3]  [-8.18, c4]
c3           [-3.24, new_cluster]  [-5.37, c1]  ...  [-0.35, c3]  [-7.97, c4]
c4           [-3.24, new_cluster]  [-5.49, c1]  ...  [-0.54, c3]  [-7.97, c4]

[5 rows x 5 columns]
\begin{tabular}{llllll}
\toprule
{} &                     0 &            1 &            2 &            3 &            4 \\
\midrule
new\_cluster &  [-3.24, new\_cluster] &  [-5.21, c1] &  [-2.01, c2] &  [-0.54, c3] &  [-7.98, c4] \\
c1          &  [-3.24, new\_cluster] &  [-5.27, c1] &   [-2.1, c2] &  [-0.41, c3] &  [-7.98, c4] \\
c2          &  [-3.24, new\_cluster] &  [-5.39, c1] &   [-2.3, c2] &  [-0.44, c3] &  [-8.18, c4] \\
c3          &  [-3.24, new\_cluster] &  [-5.37, c1] &  [-2.09, c2] &  [-0.35, c3] &  [-7.97, c4] \\
c4          &  [-3.24, new\_cluster] &  [-5.49, c1] &  [-2.26, c2] &  [-0.54, c3] &  [-7.97, c4] \\
\bottomrule
\end{tabular}

