Seed: 0
Experiment_path: Experiment_05
Dataset_Path: ../_00_Datasets/03_SimDaten_Quiroga2020/C_Easy1_noise035.mat
Dataset_name: ['03_SimDaten_Quiroga2020', 'C_Easy1_noise035.mat']
Variant_name: Variant_05_Online_Autoencoder_QLearning
Visualisation_Path: AE_Model_2/Epochs_GS_PC//V5_4/C_Easy1_noise035.mat/Variant_05_Online_Autoencoder_QLearning/0.9
Normalisation: False
Template Matching: False
Optimising Autoencoder: False
Update Factor: 1
Noisy Batches: False
Noisy Factor: 0.001
Epochs: 4
Batch Size: 1
maximal Spikes for Autoencoder Training : 700
maximal Spikes for Training: 1000
Input Size: 47
Chosen Model: Convolutional Autoencoder
ConvolutionalAutoencoder(
  (encoder): Sequential(
    (0): Conv1d(1, 6, kernel_size=(6,), stride=(1,))
    (1): LeakyReLU(negative_slope=0.01)
    (2): Conv1d(6, 1, kernel_size=(6,), stride=(1,))
    (3): Flatten(start_dim=1, end_dim=-1)
    (4): Linear(in_features=37, out_features=2, bias=True)
  )
  (decoder): Sequential(
    (0): ConvTranspose1d(1, 6, kernel_size=(6,), stride=(1,))
    (1): LeakyReLU(negative_slope=0.01)
    (2): ConvTranspose1d(6, 1, kernel_size=(6,), stride=(1,))
    (3): Flatten(start_dim=1, end_dim=-1)
    (4): Linear(in_features=12, out_features=47, bias=True)
  )
)
MSELoss()
Adam (
Parameter Group 0
    amsgrad: False
    betas: (0.9, 0.999)
    capturable: False
    differentiable: False
    eps: 1e-08
    foreach: None
    fused: False
    lr: 0.001
    maximize: False
    weight_decay: 0
)
---Q Learning Parameters---
Normalisation: False
Punishment Coefficient: 0.9
Alpha: 0.8
Epsilon: 0.01
Gamma: 0.97
Initial Episode Number: 0
Episode Number Coefficient: 1.4
Number of Random Features: 20
Planning Number: 20
Max Random Features: 60
New Episode Number: 72
New Episode Number: 143
New Episode Number: 215
New Episode Number: 286
New Episode Number: 358
New Episode Number: 429
New Episode Number: 500
New Episode Number: 572
New Episode Number: 643
New Episode Number: 715
New Episode Number: 786
               0      1     2     3     4   ...     7      8     9      10     11
new_cluster -7.03 -16.08 -6.82 -7.21 -7.36  ... -12.18  -8.37 -3.91 -31.61 -28.16
c1          -7.03 -18.03 -6.32 -6.34 -6.77  ... -12.08  -9.01 -3.79 -29.60 -28.74
c2          -7.02 -16.07 -6.71 -7.05 -6.86  ... -10.09  -8.59 -3.77 -30.73 -28.52
c3          -7.00 -17.15 -6.60 -7.39 -6.60  ... -12.44 -10.66 -3.85 -29.65 -28.35
c4          -7.03 -16.85 -7.03 -6.86 -6.73  ... -11.46 -10.24 -3.71 -27.16 -27.04
c5          -7.03 -18.01 -6.56 -6.72 -5.70  ... -11.24  -8.83 -3.76 -30.34 -27.86
c6          -7.01 -17.29 -6.65 -6.50 -6.34  ... -10.49  -8.53 -3.66 -31.19 -28.08
c7          -7.02 -19.15 -5.73 -6.33 -6.68  ... -10.92 -10.06 -3.74 -31.29 -26.98
c8          -7.03 -16.91 -6.09 -7.73 -6.00  ... -12.22  -9.06 -3.96 -29.78 -28.28
c9          -7.00 -16.71 -6.62 -7.06 -6.29  ... -10.78  -8.74 -3.92 -31.59 -27.24
c10         -7.02 -15.63 -6.31 -7.35 -6.86  ... -10.07  -9.55 -3.66 -28.68 -27.23
c11         -7.04 -17.70 -6.76 -7.25 -6.95  ...  -9.61  -8.63 -3.74 -28.41 -28.06

[12 rows x 12 columns]
\begin{tabular}{lrrrrrrrrrrrr}
\toprule
{} &    0  &     1  &    2  &    3  &    4  &     5  &     6  &     7  &     8  &    9  &     10 &     11 \\
\midrule
new\_cluster & -7.03 & -16.08 & -6.82 & -7.21 & -7.36 & -17.44 & -24.60 & -12.18 &  -8.37 & -3.91 & -31.61 & -28.16 \\
c1          & -7.03 & -18.03 & -6.32 & -6.34 & -6.77 & -17.43 & -25.34 & -12.08 &  -9.01 & -3.79 & -29.60 & -28.74 \\
c2          & -7.02 & -16.07 & -6.71 & -7.05 & -6.86 & -16.56 & -26.30 & -10.09 &  -8.59 & -3.77 & -30.73 & -28.52 \\
c3          & -7.00 & -17.15 & -6.60 & -7.39 & -6.60 & -17.08 & -25.51 & -12.44 & -10.66 & -3.85 & -29.65 & -28.35 \\
c4          & -7.03 & -16.85 & -7.03 & -6.86 & -6.73 & -17.66 & -24.30 & -11.46 & -10.24 & -3.71 & -27.16 & -27.04 \\
c5          & -7.03 & -18.01 & -6.56 & -6.72 & -5.70 & -18.42 & -23.71 & -11.24 &  -8.83 & -3.76 & -30.34 & -27.86 \\
c6          & -7.01 & -17.29 & -6.65 & -6.50 & -6.34 & -16.84 & -25.53 & -10.49 &  -8.53 & -3.66 & -31.19 & -28.08 \\
c7          & -7.02 & -19.15 & -5.73 & -6.33 & -6.68 & -17.06 & -24.45 & -10.92 & -10.06 & -3.74 & -31.29 & -26.98 \\
c8          & -7.03 & -16.91 & -6.09 & -7.73 & -6.00 & -16.55 & -24.27 & -12.22 &  -9.06 & -3.96 & -29.78 & -28.28 \\
c9          & -7.00 & -16.71 & -6.62 & -7.06 & -6.29 & -17.63 & -25.52 & -10.78 &  -8.74 & -3.92 & -31.59 & -27.24 \\
c10         & -7.02 & -15.63 & -6.31 & -7.35 & -6.86 & -17.22 & -25.13 & -10.07 &  -9.55 & -3.66 & -28.68 & -27.23 \\
c11         & -7.04 & -17.70 & -6.76 & -7.25 & -6.95 & -15.71 & -24.77 &  -9.61 &  -8.63 & -3.74 & -28.41 & -28.06 \\
\bottomrule
\end{tabular}

                               0             1   ...             10             11
new_cluster  [-3.24, new_cluster]  [-12.41, c1]  ...  [-27.97, c10]  [-24.45, c11]
c1           [-3.24, new_cluster]  [-14.36, c1]  ...  [-25.97, c10]   [-25.1, c11]
c2           [-3.24, new_cluster]  [-12.41, c1]  ...   [-27.1, c10]  [-24.88, c11]
c3           [-3.24, new_cluster]  [-13.49, c1]  ...  [-26.08, c10]  [-24.65, c11]
c4           [-3.24, new_cluster]  [-13.19, c1]  ...  [-23.56, c10]  [-23.43, c11]
c5           [-3.24, new_cluster]  [-14.34, c1]  ...  [-26.71, c10]  [-24.21, c11]
c6           [-3.24, new_cluster]  [-13.66, c1]  ...  [-27.58, c10]  [-24.37, c11]
c7           [-3.24, new_cluster]  [-15.52, c1]  ...  [-27.72, c10]  [-23.27, c11]
c8           [-3.24, new_cluster]  [-13.24, c1]  ...  [-26.21, c10]  [-24.57, c11]
c9           [-3.24, new_cluster]  [-13.05, c1]  ...  [-28.03, c10]   [-23.6, c11]
c10          [-3.24, new_cluster]  [-11.97, c1]  ...  [-25.12, c10]  [-23.53, c11]
c11          [-3.24, new_cluster]  [-14.08, c1]  ...  [-24.85, c10]  [-24.42, c11]

[12 rows x 12 columns]
\begin{tabular}{lllllllllllll}
\toprule
{} &                    0  &            1  &           2  &           3  &           4  &            5  &            6  &           7  &           8  &           9  &             10 &             11 \\
\midrule
new\_cluster &  [-3.24, new\_cluster] &  [-12.41, c1] &  [-3.15, c2] &  [-3.49, c3] &  [-3.75, c4] &  [-13.67, c5] &  [-21.06, c6] &  [-8.59, c7] &  [-4.49, c8] &  [-0.22, c9] &  [-27.97, c10] &  [-24.45, c11] \\
c1          &  [-3.24, new\_cluster] &  [-14.36, c1] &  [-2.57, c2] &  [-2.61, c3] &  [-3.17, c4] &  [-13.76, c5] &  [-21.79, c6] &  [-8.49, c7] &  [-5.17, c8] &  [-0.06, c9] &  [-25.97, c10] &   [-25.1, c11] \\
c2          &  [-3.24, new\_cluster] &  [-12.41, c1] &  [-2.97, c2] &  [-3.32, c3] &  [-3.26, c4] &   [-12.9, c5] &  [-22.77, c6] &  [-6.48, c7] &  [-4.68, c8] &  [-0.12, c9] &   [-27.1, c10] &  [-24.88, c11] \\
c3          &  [-3.24, new\_cluster] &  [-13.49, c1] &  [-2.85, c2] &  [-3.66, c3] &  [-2.99, c4] &   [-13.4, c5] &  [-21.99, c6] &  [-8.82, c7] &  [-6.67, c8] &  [-0.07, c9] &  [-26.08, c10] &  [-24.65, c11] \\
c4          &  [-3.24, new\_cluster] &  [-13.19, c1] &  [-3.29, c2] &  [-3.13, c3] &  [-3.13, c4] &   [-14.0, c5] &  [-20.96, c6] &  [-7.88, c7] &  [-6.23, c8] &  [-0.03, c9] &  [-23.56, c10] &  [-23.43, c11] \\
c5          &  [-3.24, new\_cluster] &  [-14.34, c1] &  [-2.82, c2] &  [-2.99, c3] &  [-2.13, c4] &  [-14.76, c5] &  [-20.36, c6] &  [-7.75, c7] &  [-4.99, c8] &  [-0.12, c9] &  [-26.71, c10] &  [-24.21, c11] \\
c6          &  [-3.24, new\_cluster] &  [-13.66, c1] &  [-2.92, c2] &  [-2.79, c3] &  [-2.73, c4] &  [-13.18, c5] &  [-22.11, c6] &   [-6.9, c7] &  [-4.69, c8] &  [-0.01, c9] &  [-27.58, c10] &  [-24.37, c11] \\
c7          &  [-3.24, new\_cluster] &  [-15.52, c1] &  [-2.06, c2] &  [-2.61, c3] &  [-3.09, c4] &  [-13.37, c5] &  [-20.94, c6] &  [-7.33, c7] &  [-6.22, c8] &  [-0.03, c9] &  [-27.72, c10] &  [-23.27, c11] \\
c8          &  [-3.24, new\_cluster] &  [-13.24, c1] &  [-2.42, c2] &  [-4.03, c3] &  [-2.39, c4] &  [-12.82, c5] &  [-20.92, c6] &  [-8.59, c7] &  [-5.22, c8] &  [-0.32, c9] &  [-26.21, c10] &  [-24.57, c11] \\
c9          &  [-3.24, new\_cluster] &  [-13.05, c1] &  [-2.88, c2] &  [-3.36, c3] &  [-2.65, c4] &  [-13.94, c5] &  [-21.96, c6] &  [-7.18, c7] &  [-4.75, c8] &  [-0.22, c9] &  [-28.03, c10] &   [-23.6, c11] \\
c10         &  [-3.24, new\_cluster] &  [-11.97, c1] &  [-2.63, c2] &  [-3.66, c3] &  [-3.25, c4] &  [-13.53, c5] &  [-21.58, c6] &  [-6.45, c7] &   [-5.7, c8] &  [-0.03, c9] &  [-25.12, c10] &  [-23.53, c11] \\
c11         &  [-3.24, new\_cluster] &  [-14.08, c1] &  [-3.03, c2] &  [-3.52, c3] &  [-3.35, c4] &  [-12.01, c5] &  [-21.42, c6] &   [-6.0, c7] &  [-4.75, c8] &  [-0.09, c9] &  [-24.85, c10] &  [-24.42, c11] \\
\bottomrule
\end{tabular}

