Seed: 0
Experiment_path: Experiment_06
Dataset_Path: ../_00_Datasets/03_SimDaten_Quiroga2020/C_Easy1_noise035.mat
Dataset_name: ['03_SimDaten_Quiroga2020', 'C_Easy1_noise035.mat']
Variant_name: Variant_05_Online_Autoencoder_QLearning_opt
Visualisation_Path: AE_Model_2/Grid_Search_PC//V5_1/C_Easy1_noise035.mat/Variant_05_Online_Autoencoder_QLearning_opt/2023_05_04-00_57_09
Normalisation: False
Template Matching: False
Optimising Autoencoder: True
Update Factor: 1
Noisy Batches: False
Noisy Factor: 0.001
Epochs: 8
Batch Size: 1
maximal Spikes for Autoencoder Training : 700
maximal Spikes for Training: 1000
Input Size: 47
Chosen Model: Convolutional Autoencoder
ConvolutionalAutoencoder(
  (encoder): Sequential(
    (0): Conv1d(1, 6, kernel_size=(6,), stride=(1,))
    (1): LeakyReLU(negative_slope=0.01)
    (2): Conv1d(6, 1, kernel_size=(6,), stride=(1,))
    (3): Flatten(start_dim=1, end_dim=-1)
    (4): Linear(in_features=37, out_features=2, bias=True)
  )
  (decoder): Sequential(
    (0): ConvTranspose1d(1, 6, kernel_size=(6,), stride=(1,))
    (1): LeakyReLU(negative_slope=0.01)
    (2): ConvTranspose1d(6, 1, kernel_size=(6,), stride=(1,))
    (3): Flatten(start_dim=1, end_dim=-1)
    (4): Linear(in_features=12, out_features=47, bias=True)
  )
)
MSELoss()
Adam (
Parameter Group 0
    amsgrad: False
    betas: (0.9, 0.999)
    capturable: False
    differentiable: False
    eps: 1e-08
    foreach: None
    fused: False
    lr: 0.001
    maximize: False
    weight_decay: 0
)
---Q Learning Parameters---
Normalisation: False
Punishment Coefficient: 0.6
Alpha: 0.8
Epsilon: 0.01
Gamma: 0.97
Initial Episode Number: 0
Episode Number Coefficient: 1.4
Number of Random Features: 20
Planning Number: 20
Max Random Features: 60
New Episode Number: 72
New Episode Number: 143
New Episode Number: 215
New Episode Number: 286
New Episode Number: 358
New Episode Number: 429
New Episode Number: 500
New Episode Number: 572
New Episode Number: 643
New Episode Number: 715
New Episode Number: 786
New Episode Number: 858
New Episode Number: 929
New Episode Number: 1000
New Episode Number: 1072
New Episode Number: 1143
New Episode Number: 1215
New Episode Number: 1286
New Episode Number: 1358
New Episode Number: 1429
New Episode Number: 1501
New Episode Number: 1572
                0      1      2      3   ...     19     20     21     22
new_cluster -21.34 -43.80 -21.15 -32.84  ... -80.83 -23.69 -29.73 -24.22
c1          -21.35 -45.39 -20.74 -33.46  ... -80.63 -23.73 -29.85 -23.88
c2          -21.34 -44.93 -21.02 -32.44  ... -80.93 -23.43 -30.34 -24.24
c3          -21.34 -44.36 -20.92 -32.34  ... -80.83 -24.13 -29.92 -24.26
c4          -21.34 -44.35 -21.03 -33.26  ... -80.79 -24.08 -29.27 -24.19
c5          -21.34 -45.82 -21.33 -31.72  ... -80.62 -24.14 -29.63 -23.90
c6          -21.34 -45.46 -21.09 -32.76  ... -80.79 -23.94 -29.45 -24.24
c7          -21.38 -44.51 -21.13 -32.34  ... -80.35 -23.89 -30.04 -24.15
c8          -21.34 -43.79 -21.24 -33.92  ... -80.92 -24.50 -30.07 -24.17
c9          -21.34 -43.92 -21.19 -32.58  ... -80.90 -23.57 -29.51 -24.22
c10         -21.34 -46.16 -20.93 -32.79  ... -80.62 -24.06 -29.25 -24.24
c11         -21.34 -44.92 -21.13 -32.97  ... -80.56 -23.53 -29.67 -24.24
c12         -21.34 -44.51 -20.80 -32.31  ... -80.64 -23.56 -29.70 -24.22
c13         -21.42 -44.58 -20.52 -33.11  ... -80.85 -23.57 -29.72 -24.18
c14         -21.37 -44.89 -21.19 -33.33  ... -80.78 -23.81 -28.95 -24.26
c15         -21.45 -45.40 -21.22 -32.18  ... -80.80 -23.86 -29.88 -24.09
c16         -21.34 -44.83 -21.07 -31.60  ... -80.61 -23.82 -29.40 -24.25
c17         -21.37 -44.43 -21.34 -32.94  ... -80.78 -24.13 -29.15 -24.24
c18         -21.34 -44.65 -21.22 -33.67  ... -80.64 -24.28 -29.30 -24.19
c19         -21.38 -44.90 -21.15 -32.60  ... -80.84 -23.72 -29.71 -24.25
c20         -21.34 -43.06 -21.08 -33.99  ... -80.94 -23.64 -29.28 -24.25
c21         -21.34 -43.82 -20.95 -32.60  ... -80.80 -24.32 -29.55 -24.25
c22         -21.37 -43.30 -21.13 -32.25  ... -80.56 -23.61 -29.39 -24.23

[23 rows x 23 columns]
\begin{tabular}{lrrrrrrrrrrrrrrrrrrrrrrr}
\toprule
{} &     0  &     1  &     2  &     3  &     4  &     5  &     6  &     7  &     8  &     9  &     10 &     11 &     12 &     13 &     14 &     15 &     16 &     17 &     18 &     19 &     20 &     21 &     22 \\
\midrule
new\_cluster & -21.34 & -43.80 & -21.15 & -32.84 & -23.04 & -35.29 & -29.75 & -28.01 & -20.51 & -46.71 & -36.25 & -22.06 & -27.43 & -48.63 & -49.95 & -41.50 & -35.99 & -44.42 & -61.67 & -80.83 & -23.69 & -29.73 & -24.22 \\
c1          & -21.35 & -45.39 & -20.74 & -33.46 & -22.69 & -35.10 & -30.26 & -27.72 & -21.07 & -46.25 & -37.92 & -21.44 & -27.27 & -48.63 & -50.91 & -40.96 & -36.21 & -43.71 & -61.69 & -80.63 & -23.73 & -29.85 & -23.88 \\
c2          & -21.34 & -44.93 & -21.02 & -32.44 & -22.89 & -35.11 & -30.16 & -27.86 & -21.08 & -45.90 & -36.60 & -22.20 & -27.76 & -48.63 & -51.39 & -41.23 & -35.46 & -44.04 & -61.70 & -80.93 & -23.43 & -30.34 & -24.24 \\
c3          & -21.34 & -44.36 & -20.92 & -32.34 & -23.37 & -34.00 & -29.48 & -27.80 & -20.08 & -47.09 & -36.88 & -21.26 & -26.91 & -48.13 & -50.22 & -40.92 & -35.44 & -44.23 & -61.68 & -80.83 & -24.13 & -29.92 & -24.26 \\
c4          & -21.34 & -44.35 & -21.03 & -33.26 & -23.36 & -34.42 & -30.48 & -28.25 & -20.96 & -46.76 & -37.29 & -20.96 & -27.59 & -48.31 & -50.37 & -40.97 & -35.39 & -45.06 & -61.67 & -80.79 & -24.08 & -29.27 & -24.19 \\
c5          & -21.34 & -45.82 & -21.33 & -31.72 & -23.54 & -33.67 & -29.01 & -27.21 & -20.82 & -47.02 & -36.67 & -21.44 & -26.72 & -48.63 & -52.15 & -40.94 & -35.67 & -44.86 & -61.68 & -80.62 & -24.14 & -29.63 & -23.90 \\
c6          & -21.34 & -45.46 & -21.09 & -32.76 & -22.57 & -34.97 & -30.14 & -28.37 & -20.79 & -48.41 & -36.89 & -21.51 & -26.91 & -48.73 & -50.50 & -41.32 & -36.01 & -45.34 & -61.25 & -80.79 & -23.94 & -29.45 & -24.24 \\
c7          & -21.38 & -44.51 & -21.13 & -32.34 & -23.06 & -34.26 & -30.59 & -26.82 & -20.99 & -49.98 & -36.55 & -21.42 & -27.57 & -48.73 & -50.71 & -40.71 & -35.12 & -44.58 & -61.14 & -80.35 & -23.89 & -30.04 & -24.15 \\
c8          & -21.34 & -43.79 & -21.24 & -33.92 & -23.02 & -35.46 & -30.54 & -28.38 & -21.19 & -46.87 & -37.30 & -21.49 & -27.91 & -48.65 & -50.91 & -40.71 & -35.26 & -45.13 & -61.58 & -80.92 & -24.50 & -30.07 & -24.17 \\
c9          & -21.34 & -43.92 & -21.19 & -32.58 & -23.49 & -36.00 & -30.18 & -27.42 & -21.01 & -45.53 & -38.24 & -21.41 & -27.26 & -48.63 & -51.75 & -41.00 & -35.73 & -44.54 & -61.69 & -80.90 & -23.57 & -29.51 & -24.22 \\
c10         & -21.34 & -46.16 & -20.93 & -32.79 & -23.53 & -34.34 & -29.60 & -28.17 & -20.72 & -47.63 & -36.48 & -21.31 & -26.62 & -48.13 & -52.35 & -40.99 & -35.40 & -45.13 & -61.60 & -80.62 & -24.06 & -29.25 & -24.24 \\
c11         & -21.34 & -44.92 & -21.13 & -32.97 & -22.99 & -35.00 & -29.70 & -28.73 & -20.77 & -48.05 & -37.27 & -21.35 & -26.86 & -48.13 & -51.37 & -40.44 & -35.28 & -44.63 & -61.70 & -80.56 & -23.53 & -29.67 & -24.24 \\
c12         & -21.34 & -44.51 & -20.80 & -32.31 & -23.28 & -35.45 & -30.66 & -27.67 & -20.78 & -47.61 & -36.73 & -21.29 & -28.27 & -48.63 & -52.05 & -41.46 & -36.18 & -45.73 & -61.67 & -80.64 & -23.56 & -29.70 & -24.22 \\
c13         & -21.42 & -44.58 & -20.52 & -33.11 & -22.98 & -33.82 & -30.28 & -27.16 & -21.00 & -46.17 & -37.79 & -20.79 & -27.26 & -48.14 & -50.88 & -41.94 & -35.54 & -44.59 & -61.58 & -80.85 & -23.57 & -29.72 & -24.18 \\
c14         & -21.37 & -44.89 & -21.19 & -33.33 & -22.92 & -36.24 & -29.17 & -27.55 & -20.88 & -47.57 & -37.00 & -21.27 & -26.81 & -48.73 & -51.42 & -40.63 & -35.79 & -44.16 & -61.67 & -80.78 & -23.81 & -28.95 & -24.26 \\
c15         & -21.45 & -45.40 & -21.22 & -32.18 & -22.64 & -34.80 & -30.17 & -28.47 & -20.89 & -48.83 & -36.57 & -21.64 & -27.45 & -48.75 & -51.28 & -41.04 & -35.61 & -44.81 & -61.56 & -80.80 & -23.86 & -29.88 & -24.09 \\
c16         & -21.34 & -44.83 & -21.07 & -31.60 & -23.52 & -33.90 & -30.62 & -26.69 & -20.78 & -47.70 & -37.74 & -21.73 & -26.90 & -48.63 & -53.01 & -41.67 & -35.57 & -44.03 & -61.18 & -80.61 & -23.82 & -29.40 & -24.25 \\
c17         & -21.37 & -44.43 & -21.34 & -32.94 & -23.25 & -35.18 & -29.74 & -27.48 & -20.97 & -44.02 & -36.51 & -21.62 & -28.52 & -48.63 & -52.65 & -40.92 & -35.26 & -45.25 & -61.70 & -80.78 & -24.13 & -29.15 & -24.24 \\
c18         & -21.34 & -44.65 & -21.22 & -33.67 & -22.91 & -35.22 & -28.80 & -27.74 & -21.14 & -45.58 & -37.36 & -21.43 & -27.00 & -48.26 & -50.20 & -40.77 & -35.60 & -44.77 & -61.67 & -80.64 & -24.28 & -29.30 & -24.19 \\
c19         & -21.38 & -44.90 & -21.15 & -32.60 & -22.61 & -34.62 & -29.90 & -26.97 & -21.00 & -47.88 & -37.46 & -20.82 & -27.02 & -48.63 & -50.94 & -42.00 & -35.39 & -44.87 & -61.68 & -80.84 & -23.72 & -29.71 & -24.25 \\
c20         & -21.34 & -43.06 & -21.08 & -33.99 & -22.68 & -34.77 & -29.61 & -28.43 & -20.14 & -47.40 & -35.99 & -21.60 & -27.15 & -48.75 & -51.52 & -41.71 & -35.99 & -44.78 & -61.25 & -80.94 & -23.64 & -29.28 & -24.25 \\
c21         & -21.34 & -43.82 & -20.95 & -32.60 & -22.88 & -35.31 & -30.41 & -27.66 & -20.82 & -46.04 & -38.00 & -21.51 & -27.55 & -48.73 & -51.58 & -41.30 & -35.13 & -43.74 & -61.70 & -80.80 & -24.32 & -29.55 & -24.25 \\
c22         & -21.37 & -43.30 & -21.13 & -32.25 & -23.05 & -34.56 & -29.35 & -28.11 & -20.89 & -47.89 & -37.14 & -21.60 & -26.49 & -48.73 & -51.68 & -41.27 & -36.33 & -45.17 & -61.61 & -80.56 & -23.61 & -29.39 & -24.23 \\
\bottomrule
\end{tabular}

                               0             1   ...             21           22
new_cluster  [-1.44, new_cluster]  [-23.68, c1]  ...    [-9.7, c21]  [-4.0, c22]
c1           [-1.44, new_cluster]  [-25.29, c1]  ...   [-9.87, c21]  [-4.0, c22]
c2           [-1.44, new_cluster]  [-24.84, c1]  ...  [-10.21, c21]  [-4.0, c22]
c3           [-1.44, new_cluster]  [-24.24, c1]  ...   [-9.88, c21]  [-4.0, c22]
c4           [-1.44, new_cluster]  [-24.23, c1]  ...   [-9.36, c21]  [-4.0, c22]
c5           [-1.44, new_cluster]  [-25.72, c1]  ...   [-9.54, c21]  [-4.0, c22]
c6           [-1.44, new_cluster]  [-25.35, c1]  ...   [-9.36, c21]  [-4.0, c22]
c7           [-1.44, new_cluster]  [-24.41, c1]  ...   [-9.87, c21]  [-4.0, c22]
c8           [-1.44, new_cluster]  [-23.72, c1]  ...  [-10.23, c21]  [-4.0, c22]
c9           [-1.44, new_cluster]   [-23.8, c1]  ...   [-9.38, c21]  [-4.0, c22]
c10          [-1.44, new_cluster]   [-25.9, c1]  ...   [-9.03, c21]  [-4.0, c22]
c11          [-1.44, new_cluster]   [-24.8, c1]  ...   [-9.53, c21]  [-4.0, c22]
c12          [-1.44, new_cluster]  [-24.41, c1]  ...   [-9.54, c21]  [-4.0, c22]
c13          [-1.44, new_cluster]  [-24.47, c1]  ...   [-9.68, c21]  [-4.0, c22]
c14          [-1.44, new_cluster]  [-24.78, c1]  ...   [-8.87, c21]  [-4.0, c22]
c15          [-1.44, new_cluster]  [-25.28, c1]  ...  [-10.05, c21]  [-4.0, c22]
c16          [-1.44, new_cluster]  [-24.72, c1]  ...    [-9.2, c21]  [-4.0, c22]
c17          [-1.44, new_cluster]  [-24.32, c1]  ...   [-9.02, c21]  [-4.0, c22]
c18          [-1.44, new_cluster]  [-24.55, c1]  ...   [-9.19, c21]  [-4.0, c22]
c19          [-1.44, new_cluster]  [-24.79, c1]  ...   [-9.54, c21]  [-4.0, c22]
c20          [-1.44, new_cluster]  [-23.22, c1]  ...    [-9.2, c21]  [-4.0, c22]
c21          [-1.44, new_cluster]  [-23.71, c1]  ...   [-9.36, c21]  [-4.0, c22]
c22          [-1.44, new_cluster]  [-23.19, c1]  ...   [-9.19, c21]  [-4.0, c22]

[23 rows x 23 columns]
\begin{tabular}{llllllllllllllllllllllll}
\toprule
{} &                    0  &            1  &           2  &            3  &           4  &            5  &            6  &           7  &           8  &            9  &             10 &            11 &            12 &             13 &             14 &             15 &             16 &             17 &             18 &             19 &            20 &             21 &           22 \\
\midrule
new\_cluster &  [-1.44, new\_cluster] &  [-23.68, c1] &  [-0.83, c2] &  [-13.36, c3] &  [-3.07, c4] &  [-15.11, c5] &    [-9.9, c6] &  [-7.78, c7] &  [-0.76, c8] &  [-26.53, c9] &  [-16.11, c10] &  [-1.98, c11] &   [-7.3, c12] &  [-28.85, c13] &  [-29.81, c14] &  [-21.68, c15] &  [-15.89, c16] &  [-24.38, c17] &  [-41.19, c18] &  [-60.77, c19] &  [-4.15, c20] &    [-9.7, c21] &  [-4.0, c22] \\
c1          &  [-1.44, new\_cluster] &  [-25.29, c1] &  [-0.71, c2] &  [-13.98, c3] &  [-2.83, c4] &  [-15.08, c5] &  [-10.07, c6] &  [-7.47, c7] &   [-0.7, c8] &  [-26.08, c9] &  [-17.83, c10] &  [-1.31, c11] &  [-7.12, c12] &  [-28.85, c13] &  [-30.81, c14] &  [-21.25, c15] &  [-16.12, c16] &  [-23.62, c17] &  [-41.19, c18] &  [-60.77, c19] &  [-4.19, c20] &   [-9.87, c21] &  [-4.0, c22] \\
c2          &  [-1.44, new\_cluster] &  [-24.84, c1] &  [-0.91, c2] &  [-12.96, c3] &  [-3.04, c4] &  [-14.95, c5] &   [-9.99, c6] &  [-7.55, c7] &   [-0.8, c8] &  [-25.73, c9] &  [-16.49, c10] &  [-2.06, c11] &  [-7.61, c12] &  [-28.85, c13] &  [-31.14, c14] &   [-21.0, c15] &  [-15.31, c16] &  [-23.79, c17] &  [-41.19, c18] &  [-60.77, c19] &  [-3.79, c20] &  [-10.21, c21] &  [-4.0, c22] \\
c3          &  [-1.44, new\_cluster] &  [-24.24, c1] &  [-0.88, c2] &  [-12.86, c3] &  [-3.51, c4] &  [-13.81, c5] &   [-9.66, c6] &  [-7.45, c7] &  [-0.43, c8] &  [-26.75, c9] &  [-16.79, c10] &  [-1.21, c11] &  [-6.77, c12] &  [-28.85, c13] &  [-30.04, c14] &  [-21.13, c15] &  [-15.29, c16] &  [-23.96, c17] &  [-41.19, c18] &  [-60.77, c19] &  [-4.54, c20] &   [-9.88, c21] &  [-4.0, c22] \\
c4          &  [-1.44, new\_cluster] &  [-24.23, c1] &  [-0.66, c2] &  [-13.78, c3] &  [-3.05, c4] &  [-14.68, c5] &  [-10.41, c6] &  [-7.95, c7] &  [-0.76, c8] &  [-26.42, c9] &  [-17.25, c10] &  [-0.92, c11] &  [-7.42, c12] &  [-28.85, c13] &  [-30.21, c14] &  [-20.71, c15] &  [-15.29, c16] &  [-24.72, c17] &  [-41.19, c18] &  [-60.77, c19] &  [-4.45, c20] &   [-9.36, c21] &  [-4.0, c22] \\
c5          &  [-1.44, new\_cluster] &  [-25.72, c1] &  [-0.95, c2] &  [-12.24, c3] &  [-3.59, c4] &  [-13.48, c5] &   [-9.13, c6] &  [-7.12, c7] &  [-0.48, c8] &  [-26.84, c9] &   [-16.6, c10] &   [-1.3, c11] &  [-6.56, c12] &  [-28.85, c13] &  [-31.91, c14] &  [-21.27, c15] &  [-15.52, c16] &   [-24.8, c17] &  [-41.19, c18] &  [-60.77, c19] &  [-4.06, c20] &   [-9.54, c21] &  [-4.0, c22] \\
c6          &  [-1.44, new\_cluster] &  [-25.35, c1] &  [-0.84, c2] &  [-13.28, c3] &   [-2.6, c4] &  [-14.96, c5] &   [-9.98, c6] &  [-8.11, c7] &  [-0.69, c8] &  [-28.23, c9] &  [-16.86, c10] &  [-1.81, c11] &  [-6.75, c12] &  [-28.85, c13] &  [-30.25, c14] &  [-21.06, c15] &  [-15.91, c16] &  [-25.07, c17] &  [-41.19, c18] &  [-60.77, c19] &  [-4.38, c20] &   [-9.36, c21] &  [-4.0, c22] \\
c7          &  [-1.44, new\_cluster] &  [-24.41, c1] &  [-0.81, c2] &  [-12.85, c3] &  [-3.21, c4] &  [-14.08, c5] &  [-10.31, c6] &  [-7.08, c7] &  [-0.56, c8] &  [-29.64, c9] &  [-16.77, c10] &  [-1.36, c11] &  [-7.44, c12] &  [-28.85, c13] &  [-30.79, c14] &  [-20.56, c15] &  [-14.97, c16] &  [-24.54, c17] &  [-41.19, c18] &  [-60.77, c19] &  [-4.34, c20] &   [-9.87, c21] &  [-4.0, c22] \\
c8          &  [-1.44, new\_cluster] &  [-23.72, c1] &  [-0.88, c2] &  [-14.44, c3] &  [-3.16, c4] &  [-15.27, c5] &  [-10.37, c6] &  [-8.02, c7] &  [-0.89, c8] &  [-26.69, c9] &   [-17.7, c10] &  [-1.21, c11] &  [-7.78, c12] &  [-28.85, c13] &  [-30.72, c14] &  [-20.55, c15] &  [-15.11, c16] &  [-24.82, c17] &  [-41.19, c18] &  [-60.77, c19] &  [-4.95, c20] &  [-10.23, c21] &  [-4.0, c22] \\
c9          &  [-1.44, new\_cluster] &   [-23.8, c1] &   [-0.8, c2] &   [-13.1, c3] &  [-3.26, c4] &  [-15.81, c5] &   [-10.0, c6] &  [-7.21, c7] &  [-0.62, c8] &  [-25.35, c9] &   [-18.2, c10] &  [-1.12, c11] &   [-7.1, c12] &  [-28.85, c13] &  [-31.53, c14] &  [-20.77, c15] &  [-15.59, c16] &  [-24.56, c17] &  [-41.19, c18] &  [-60.77, c19] &  [-3.91, c20] &   [-9.38, c21] &  [-4.0, c22] \\
c10         &  [-1.44, new\_cluster] &   [-25.9, c1] &  [-0.86, c2] &  [-13.31, c3] &  [-3.28, c4] &  [-14.29, c5] &   [-9.56, c6] &  [-8.15, c7] &  [-0.46, c8] &  [-27.29, c9] &  [-16.52, c10] &  [-1.13, c11] &   [-7.1, c12] &  [-28.85, c13] &  [-32.11, c14] &  [-21.13, c15] &  [-15.31, c16] &   [-25.1, c17] &  [-41.19, c18] &  [-60.77, c19] &   [-4.5, c20] &   [-9.03, c21] &  [-4.0, c22] \\
c11         &  [-1.44, new\_cluster] &   [-24.8, c1] &  [-0.76, c2] &  [-13.49, c3] &  [-3.05, c4] &  [-14.96, c5] &   [-9.47, c6] &   [-8.4, c7] &   [-0.5, c8] &   [-27.7, c9] &  [-17.38, c10] &  [-1.19, c11] &  [-6.76, c12] &  [-28.85, c13] &  [-31.12, c14] &  [-20.35, c15] &  [-15.18, c16] &  [-24.54, c17] &  [-41.19, c18] &  [-60.77, c19] &  [-3.97, c20] &   [-9.53, c21] &  [-4.0, c22] \\
c12         &  [-1.44, new\_cluster] &  [-24.41, c1] &  [-0.74, c2] &  [-12.82, c3] &  [-2.98, c4] &  [-15.25, c5] &  [-10.49, c6] &  [-7.34, c7] &  [-0.45, c8] &  [-27.43, c9] &  [-16.68, c10] &  [-1.23, c11] &  [-8.11, c12] &  [-28.85, c13] &  [-31.86, c14] &  [-21.29, c15] &  [-16.03, c16] &  [-25.69, c17] &  [-41.19, c18] &  [-60.77, c19] &  [-4.02, c20] &   [-9.54, c21] &  [-4.0, c22] \\
c13         &  [-1.44, new\_cluster] &  [-24.47, c1] &   [-0.6, c2] &  [-13.63, c3] &  [-3.13, c4] &  [-13.64, c5] &  [-10.13, c6] &  [-7.08, c7] &  [-0.71, c8] &   [-26.0, c9] &  [-17.69, c10] &  [-1.13, c11] &   [-7.1, c12] &  [-28.85, c13] &  [-30.94, c14] &  [-21.68, c15] &  [-15.39, c16] &  [-24.32, c17] &  [-41.19, c18] &  [-60.77, c19] &  [-4.03, c20] &   [-9.68, c21] &  [-4.0, c22] \\
c14         &  [-1.44, new\_cluster] &  [-24.78, c1] &  [-0.82, c2] &  [-13.85, c3] &  [-2.69, c4] &  [-16.09, c5] &    [-9.0, c6] &  [-7.51, c7] &  [-0.59, c8] &  [-27.39, c9] &   [-16.9, c10] &  [-1.13, c11] &  [-6.65, c12] &  [-28.85, c13] &  [-31.17, c14] &  [-20.45, c15] &  [-15.63, c16] &  [-24.13, c17] &  [-41.19, c18] &  [-60.77, c19] &  [-4.25, c20] &   [-8.87, c21] &  [-4.0, c22] \\
c15         &  [-1.44, new\_cluster] &  [-25.28, c1] &  [-0.83, c2] &   [-12.7, c3] &  [-2.77, c4] &  [-14.76, c5] &   [-9.99, c6] &   [-8.2, c7] &  [-0.57, c8] &  [-28.65, c9] &  [-16.47, c10] &  [-1.59, c11] &  [-7.71, c12] &  [-28.85, c13] &  [-31.04, c14] &  [-20.86, c15] &  [-15.47, c16] &  [-24.72, c17] &  [-41.19, c18] &  [-60.77, c19] &   [-4.2, c20] &  [-10.05, c21] &  [-4.0, c22] \\
c16         &  [-1.44, new\_cluster] &  [-24.72, c1] &  [-0.98, c2] &  [-12.12, c3] &  [-3.67, c4] &  [-13.71, c5] &  [-10.45, c6] &  [-6.43, c7] &  [-0.63, c8] &  [-27.32, c9] &  [-17.64, c10] &   [-1.6, c11] &  [-6.87, c12] &  [-28.85, c13] &  [-32.76, c14] &  [-21.57, c15] &  [-15.43, c16] &  [-23.71, c17] &  [-41.19, c18] &  [-60.77, c19] &  [-3.68, c20] &    [-9.2, c21] &  [-4.0, c22] \\
c17         &  [-1.44, new\_cluster] &  [-24.32, c1] &  [-0.96, c2] &  [-13.46, c3] &   [-3.4, c4] &  [-15.01, c5] &   [-9.58, c6] &  [-7.22, c7] &  [-0.66, c8] &  [-23.87, c9] &   [-16.4, c10] &  [-1.49, c11] &  [-8.31, c12] &  [-28.85, c13] &   [-32.4, c14] &   [-21.1, c15] &  [-15.39, c16] &   [-24.9, c17] &  [-41.19, c18] &  [-60.77, c19] &  [-4.48, c20] &   [-9.02, c21] &  [-4.0, c22] \\
c18         &  [-1.44, new\_cluster] &  [-24.55, c1] &  [-1.04, c2] &  [-14.19, c3] &  [-2.95, c4] &  [-15.04, c5] &   [-8.63, c6] &  [-7.66, c7] &  [-0.99, c8] &   [-25.2, c9] &  [-17.27, c10] &  [-1.27, c11] &  [-6.87, c12] &  [-28.85, c13] &  [-30.26, c14] &  [-21.08, c15] &  [-15.45, c16] &  [-24.74, c17] &  [-41.19, c18] &  [-60.77, c19] &  [-4.63, c20] &   [-9.19, c21] &  [-4.0, c22] \\
c19         &  [-1.44, new\_cluster] &  [-24.79, c1] &  [-1.06, c2] &  [-13.12, c3] &  [-2.76, c4] &  [-14.43, c5] &  [-10.05, c6] &   [-7.3, c7] &  [-0.66, c8] &   [-27.7, c9] &   [-17.4, c10] &  [-1.11, c11] &  [-6.86, c12] &  [-28.85, c13] &  [-30.72, c14] &  [-21.93, c15] &  [-15.29, c16] &  [-24.54, c17] &  [-41.19, c18] &  [-60.77, c19] &  [-4.16, c20] &   [-9.54, c21] &  [-4.0, c22] \\
c20         &  [-1.44, new\_cluster] &  [-23.22, c1] &   [-0.7, c2] &  [-14.51, c3] &  [-2.68, c4] &  [-14.59, c5] &   [-9.46, c6] &  [-8.12, c7] &  [-0.49, c8] &  [-27.23, c9] &  [-15.89, c10] &  [-1.46, c11] &   [-7.0, c12] &  [-28.85, c13] &   [-31.3, c14] &  [-21.86, c15] &  [-15.84, c16] &  [-24.74, c17] &  [-41.19, c18] &  [-60.77, c19] &  [-3.99, c20] &    [-9.2, c21] &  [-4.0, c22] \\
c21         &  [-1.44, new\_cluster] &  [-23.71, c1] &  [-0.63, c2] &  [-13.11, c3] &  [-3.03, c4] &  [-15.14, c5] &  [-10.26, c6] &  [-7.43, c7] &  [-0.69, c8] &  [-25.87, c9] &  [-17.89, c10] &  [-1.38, c11] &  [-7.48, c12] &  [-28.85, c13] &   [-31.4, c14] &  [-21.21, c15] &  [-14.97, c16] &  [-23.46, c17] &  [-41.19, c18] &  [-60.77, c19] &  [-4.27, c20] &   [-9.36, c21] &  [-4.0, c22] \\
c22         &  [-1.44, new\_cluster] &  [-23.19, c1] &  [-0.79, c2] &  [-12.78, c3] &  [-3.08, c4] &  [-14.37, c5] &   [-9.18, c6] &  [-7.77, c7] &  [-0.71, c8] &  [-27.72, c9] &  [-17.04, c10] &  [-1.47, c11] &  [-6.33, c12] &  [-28.85, c13] &  [-31.44, c14] &  [-21.17, c15] &  [-16.19, c16] &   [-25.1, c17] &  [-41.19, c18] &  [-60.77, c19] &  [-3.97, c20] &   [-9.19, c21] &  [-4.0, c22] \\
\bottomrule
\end{tabular}

