Seed: 6
Experiment_path: AE_Model_1/Random_Seeds_DV5//V5_1/Experiment_05_6_opt
Dataset_Path: ../_00_Datasets/03_SimDaten_Quiroga2020/C_Difficult1_noise005.mat
Dataset_name: ['03_SimDaten_Quiroga2020', 'C_Difficult1_noise005.mat']
Variant_name: Variant_05_Online_Autoencoder_QLearning_opt
Visualisation_Path: AE_Model_1/Random_Seeds_DV5//V5_1/Experiment_05_6_opt/C_Difficult1_noise005.mat/Variant_05_Online_Autoencoder_QLearning_opt/2023_04_24-16_41_04
Normalisation: False
Template Matching: False
Optimising Autoencoder: True
Update Factor: 1
Noisy Batches: False
Noisy Factor: 0.1
Epochs: 8
Batch Size: 1
maximal Spikes for Autoencoder Training : 700
maximal Spikes for Training: 1000
Input Size: 47
Chosen Model: Autoencoder
Autoencoder(
  (encoder): Sequential(
    (0): Linear(in_features=47, out_features=12, bias=True)
    (1): LeakyReLU(negative_slope=0.01)
    (2): Linear(in_features=12, out_features=2, bias=True)
  )
  (decoder): Sequential(
    (0): Linear(in_features=2, out_features=12, bias=True)
    (1): LeakyReLU(negative_slope=0.01)
    (2): Linear(in_features=12, out_features=47, bias=True)
  )
)
MSELoss()
Adam (
Parameter Group 0
    amsgrad: False
    betas: (0.9, 0.999)
    capturable: False
    differentiable: False
    eps: 1e-08
    foreach: None
    fused: False
    lr: 0.001
    maximize: False
    weight_decay: 0
)
---Q Learning Parameters---
Normalisation: False
Punishment Coefficient: 0.3
Alpha: 0.8
Epsilon: 0.01
Gamma: 0.97
Initial Episode Number: 0
Episode Number Coefficient: 1.4
Number of Random Features: 20
Planning Number: 20
Max Random Features: 60
New Episode Number: 72
New Episode Number: 143
New Episode Number: 215
New Episode Number: 286
New Episode Number: 358
New Episode Number: 429
New Episode Number: 500
New Episode Number: 572
New Episode Number: 643
New Episode Number: 715
New Episode Number: 786
New Episode Number: 858
New Episode Number: 929
New Episode Number: 1000
New Episode Number: 1072
New Episode Number: 1143
New Episode Number: 1215
New Episode Number: 1286
New Episode Number: 1358
New Episode Number: 1429
New Episode Number: 1501
New Episode Number: 1572
New Episode Number: 1643
New Episode Number: 1715
New Episode Number: 1786
New Episode Number: 1858
New Episode Number: 1929
New Episode Number: 2000
New Episode Number: 2072
New Episode Number: 2143
New Episode Number: 2215
New Episode Number: 2286
New Episode Number: 2358
New Episode Number: 2429
               0      1      2      3   ...     31     32     33     34
new_cluster -9.49 -21.82 -15.82 -18.47  ... -10.13 -39.00 -21.42 -22.78
c1          -9.50 -21.81 -15.85 -18.85  ... -10.49 -38.50 -21.47 -22.82
c2          -9.41 -21.51 -15.63 -18.59  ... -10.04 -39.25 -22.07   0.00
c3          -9.49 -21.45 -15.81 -18.36  ... -10.33 -39.73 -21.84 -23.14
c4          -9.56 -22.01 -16.06 -18.30  ... -10.39 -38.75 -21.78 -22.86
c5          -9.56 -21.49 -15.64 -18.33  ... -10.43 -39.73 -21.35   0.00
c6          -9.56 -21.47 -15.70 -18.73  ... -10.12 -39.21 -21.64 -22.94
c7          -9.49 -21.57 -15.71 -18.44  ... -10.21 -38.65 -21.84 -22.88
c8          -9.48 -21.66 -15.85 -18.46  ... -10.40 -39.73 -21.40 -23.06
c9          -9.52 -21.83 -15.78 -18.90  ... -10.25 -38.86 -21.80 -22.97
c10         -9.49 -21.90 -15.87 -18.89  ... -10.09 -38.62 -21.58 -22.96
c11         -9.50 -21.99 -16.13 -18.62  ... -10.19 -38.77 -21.73 -22.98
c12         -9.38 -21.71 -16.13 -18.52  ... -10.21 -39.48 -21.79 -22.98
c13         -9.51 -21.86 -15.76 -18.50  ... -10.08 -39.96 -21.87 -23.02
c14         -9.38 -21.50 -15.56 -18.51  ... -10.20 -39.25 -21.59 -22.89
c15         -9.37 -21.44 -15.66 -18.24  ... -10.26 -39.49 -21.55 -23.04
c16         -9.53 -21.67 -15.37 -18.42  ... -10.34 -40.23 -21.61 -22.92
c17         -9.49 -21.61 -16.03 -19.01  ... -10.36 -38.76 -21.60 -22.86
c18         -9.37 -21.76 -16.14 -18.41  ... -10.10 -39.23 -21.33 -22.95
c19         -9.54 -21.73 -15.97 -18.82  ... -10.39 -39.00 -21.80 -22.71
c20         -9.54 -21.67 -15.52 -18.43  ... -10.33 -38.71 -21.57 -22.92
c21         -9.50 -21.47 -16.11 -18.71  ... -10.34 -39.68 -21.04 -22.88
c22         -9.53 -21.71 -15.80 -18.58  ... -10.36 -39.59 -22.13 -22.69
c23         -9.53 -21.66 -15.88 -18.52  ... -10.40 -39.25 -21.61 -22.90
c24         -9.44 -21.81 -15.79 -18.41  ... -10.46 -38.63 -22.17 -22.90
c25         -9.53 -21.97 -15.87 -18.68  ... -10.49 -38.96 -22.12 -22.86
c26         -9.43 -22.00 -16.01 -18.61  ... -10.03 -39.71 -21.94 -22.84
c27         -9.55 -21.67 -16.00 -18.86  ...  -9.99 -38.45 -21.68 -22.94
c28         -9.55 -21.65 -16.05 -18.10  ... -10.33 -38.76 -21.41 -22.85
c29         -9.23 -21.52 -15.60 -18.71  ... -10.28 -40.48 -20.51 -22.93
c30         -9.42 -22.17 -15.72 -18.54  ... -10.14 -38.73 -21.71 -22.82
c31         -9.56 -21.41 -15.55 -18.59  ... -10.04 -39.49 -21.87 -22.86
c32         -9.43 -21.70 -15.45 -18.41  ... -10.31 -39.72 -21.74 -22.96
c33         -9.50 -21.79 -16.00 -18.62  ... -10.32 -39.20 -22.07 -22.89
c34         -9.41 -21.75 -16.10 -18.43  ... -10.42   0.00   0.00   0.00

[35 rows x 35 columns]
\begin{tabular}{lrrrrrrrrrrrrrrrrrrrrrrrrrrrrrrrrrrr}
\toprule
{} &    0  &     1  &     2  &     3  &     4  &     5  &     6  &     7  &     8  &     9  &     10 &     11 &     12 &     13 &     14 &     15 &     16 &     17 &     18 &     19 &     20 &     21 &     22 &     23 &     24 &     25 &     26 &    27 &     28 &     29 &     30 &     31 &     32 &     33 &     34 \\
\midrule
new\_cluster & -9.49 & -21.82 & -15.82 & -18.47 & -31.51 & -29.45 & -28.70 & -22.08 & -14.11 & -12.77 & -21.88 & -15.41 & -12.24 & -14.31 & -17.31 & -45.55 & -11.79 & -32.76 & -11.65 & -12.53 & -64.01 & -59.63 & -11.53 & -17.03 & -23.16 & -10.00 & -12.89 & -9.51 & -35.88 & -12.36 & -28.90 & -10.13 & -39.00 & -21.42 & -22.78 \\
c1          & -9.50 & -21.81 & -15.85 & -18.85 & -31.38 & -29.48 & -27.84 & -22.54 & -14.09 & -12.76 & -21.95 & -15.17 & -11.27 & -14.38 & -17.62 & -45.55 & -11.44 & -32.39 & -11.67 & -12.36 & -64.01 & -59.73 & -11.71 & -16.40 & -23.24 &  -9.93 & -12.50 & -9.41 & -35.93 & -12.23 & -29.51 & -10.49 & -38.50 & -21.47 & -22.82 \\
c2          & -9.41 & -21.51 & -15.63 & -18.59 & -31.32 & -29.78 & -27.78 & -23.24 & -14.61 & -12.69 & -21.74 & -15.39 & -12.53 & -14.60 & -17.58 & -45.53 & -11.69 & -33.21 & -11.39 & -12.53 & -64.00 & -59.63 & -11.37 & -16.61 & -22.58 & -10.22 & -13.31 & -9.22 & -37.14 & -12.53 & -29.02 & -10.04 & -39.25 & -22.07 &   0.00 \\
c3          & -9.49 & -21.45 & -15.81 & -18.36 & -32.02 & -28.93 & -27.51 & -22.65 & -14.26 & -12.49 & -22.11 & -15.61 & -15.06 & -14.39 & -17.41 & -45.57 & -11.85 & -32.76 & -11.39 & -12.58 & -64.01 & -59.63 & -11.61 & -16.32 & -23.45 & -10.00 & -12.86 & -9.35 & -36.31 & -12.25 & -28.88 & -10.33 & -39.73 & -21.84 & -23.14 \\
c4          & -9.56 & -22.01 & -16.06 & -18.30 & -32.09 & -29.22 & -28.70 & -21.99 & -14.16 & -12.50 & -22.13 & -15.60 & -10.61 & -14.61 & -17.40 & -45.53 & -11.72 & -33.29 & -11.62 & -12.58 & -64.00 & -59.63 & -11.52 & -16.62 & -22.37 & -10.10 & -12.78 & -9.34 & -36.54 & -12.31 & -29.05 & -10.39 & -38.75 & -21.78 & -22.86 \\
c5          & -9.56 & -21.49 & -15.64 & -18.33 & -31.44 & -29.69 & -27.47 & -22.51 & -14.41 & -12.64 & -21.95 & -15.46 & -12.37 & -14.40 & -17.54 & -45.47 & -11.69 & -33.12 & -11.51 & -12.36 & -63.96 & -59.63 & -11.49 & -16.50 & -22.56 &  -9.96 & -13.07 & -9.41 & -37.36 & -12.59 & -28.96 & -10.43 & -39.73 & -21.35 &   0.00 \\
c6          & -9.56 & -21.47 & -15.70 & -18.73 & -31.12 & -28.68 & -27.57 & -22.36 & -14.38 & -12.93 & -21.64 & -15.58 & -11.45 & -14.43 & -17.65 & -45.40 & -11.50 & -33.06 & -11.66 & -12.50 & -64.01 & -59.63 & -11.66 & -16.37 & -22.68 &  -9.92 & -13.01 & -9.41 & -36.19 & -12.25 & -29.42 & -10.12 & -39.21 & -21.64 & -22.94 \\
c7          & -9.49 & -21.57 & -15.71 & -18.44 & -31.46 & -29.97 & -28.03 & -22.66 & -14.43 & -12.69 & -22.07 & -15.25 &  -9.74 & -14.36 & -17.19 & -45.57 & -11.82 & -33.11 & -11.56 & -12.42 & -63.96 & -59.54 & -11.69 & -16.21 & -22.29 & -10.04 & -13.04 & -9.47 & -35.89 & -12.12 & -29.28 & -10.21 & -38.65 & -21.84 & -22.88 \\
c8          & -9.48 & -21.66 & -15.85 & -18.46 & -32.06 & -29.78 & -27.78 & -22.57 & -14.41 & -12.93 & -22.30 & -15.10 & -12.44 & -14.16 & -17.41 & -45.56 & -11.55 & -32.69 & -11.64 & -12.62 & -64.01 & -59.63 & -11.60 & -16.32 & -22.69 &  -9.82 & -13.31 & -9.21 & -36.09 & -12.10 & -29.27 & -10.40 & -39.73 & -21.40 & -23.06 \\
c9          & -9.52 & -21.83 & -15.78 & -18.90 & -31.42 & -29.66 & -28.25 & -22.45 & -14.43 & -12.80 & -22.35 & -14.94 & -12.68 & -14.36 & -17.27 & -45.57 & -11.59 & -33.32 & -11.67 & -12.63 & -64.00 & -59.63 & -11.54 & -16.92 & -23.17 & -10.11 & -13.08 & -9.45 & -36.35 & -12.13 & -28.97 & -10.25 & -38.86 & -21.80 & -22.97 \\
c10         & -9.49 & -21.90 & -15.87 & -18.89 & -31.23 & -28.45 & -27.78 & -22.46 & -14.18 & -12.68 & -21.79 & -15.26 & -12.54 & -14.44 & -17.20 & -45.50 & -11.72 & -33.30 & -11.45 & -12.61 & -63.95 & -59.63 & -11.72 & -16.54 & -22.64 &  -9.95 & -12.73 & -9.31 & -37.00 & -12.36 & -29.00 & -10.09 & -38.62 & -21.58 & -22.96 \\
c11         & -9.50 & -21.99 & -16.13 & -18.62 & -31.64 & -29.49 & -27.97 & -22.29 & -14.53 & -12.73 & -21.94 & -15.34 & -12.55 & -14.36 & -17.51 & -45.56 & -11.28 & -33.35 & -11.63 & -12.59 & -64.01 & -59.63 & -11.77 & -16.64 & -22.21 &  -9.99 & -13.24 & -9.31 & -36.42 & -12.20 & -28.71 & -10.19 & -38.77 & -21.73 & -22.98 \\
c12         & -9.38 & -21.71 & -16.13 & -18.52 & -30.99 & -30.04 & -28.37 & -22.23 & -14.62 & -13.03 & -21.27 & -15.15 & -14.39 & -14.48 & -17.34 & -45.57 & -11.60 & -32.79 & -11.35 & -12.57 & -63.96 & -59.62 & -11.56 & -16.60 & -22.72 &  -9.99 & -12.95 & -9.30 & -36.26 & -12.05 & -29.19 & -10.21 & -39.48 & -21.79 & -22.98 \\
c13         & -9.51 & -21.86 & -15.76 & -18.50 & -30.84 & -28.69 & -27.92 & -22.14 & -14.43 & -13.04 & -22.42 & -15.33 & -12.11 & -14.36 & -17.73 & -45.56 & -11.32 & -32.71 & -11.39 & -12.60 & -64.01 & -59.63 & -11.53 & -16.11 & -22.94 &  -9.99 & -13.03 & -9.40 & -36.16 & -12.21 & -29.59 & -10.08 & -39.96 & -21.87 & -23.02 \\
c14         & -9.38 & -21.50 & -15.56 & -18.51 & -30.68 & -28.93 & -27.94 & -22.64 & -14.51 & -12.56 & -22.22 & -15.15 & -11.17 & -14.30 & -17.64 & -45.47 & -11.74 & -33.17 & -11.65 & -12.75 & -64.01 & -59.63 & -11.68 & -16.71 & -22.52 &  -9.82 & -13.14 & -9.44 & -36.26 & -12.22 & -28.96 & -10.20 & -39.25 & -21.59 & -22.89 \\
c15         & -9.37 & -21.44 & -15.66 & -18.24 & -30.60 & -29.48 & -27.80 & -22.39 & -14.34 & -12.98 & -22.36 & -15.21 & -10.72 & -14.30 & -17.48 & -45.56 & -11.97 & -33.48 & -11.46 & -12.57 & -64.01 & -59.63 & -11.58 & -16.62 & -22.81 & -10.12 & -13.17 & -9.40 & -36.88 & -12.65 & -29.01 & -10.26 & -39.49 & -21.55 & -23.04 \\
c16         & -9.53 & -21.67 & -15.37 & -18.42 & -31.06 & -29.52 & -27.65 & -22.42 & -14.41 & -12.74 & -21.89 & -15.12 & -11.79 & -14.59 & -17.48 & -45.56 & -11.67 & -33.62 & -11.42 & -12.56 & -63.98 & -59.63 & -11.30 & -16.37 & -22.79 & -10.07 & -13.00 & -9.43 & -36.16 & -12.26 & -29.58 & -10.34 & -40.23 & -21.61 & -22.92 \\
c17         & -9.49 & -21.61 & -16.03 & -19.01 & -30.67 & -28.85 & -27.89 & -22.54 & -14.34 & -12.63 & -22.16 & -15.59 & -13.36 & -14.63 & -17.32 & -45.56 & -11.78 & -33.53 & -11.47 & -12.67 & -64.01 & -59.63 & -11.87 & -16.77 & -22.67 & -10.05 & -13.39 & -9.42 & -36.05 & -12.23 & -29.25 & -10.36 & -38.76 & -21.60 & -22.86 \\
c18         & -9.37 & -21.76 & -16.14 & -18.41 & -31.53 & -28.52 & -27.84 & -22.26 & -14.40 & -12.56 & -21.73 & -15.62 & -11.76 & -14.57 & -17.49 & -45.56 & -11.69 & -32.81 & -11.36 & -12.61 & -63.96 & -59.62 & -11.62 & -16.27 & -22.37 & -10.12 & -12.70 & -9.28 & -36.34 & -12.46 & -29.22 & -10.10 & -39.23 & -21.33 & -22.95 \\
c19         & -9.54 & -21.73 & -15.97 & -18.82 & -31.79 & -28.82 & -27.35 & -22.65 & -14.16 & -12.58 & -21.60 & -15.62 & -11.76 & -14.45 & -17.61 & -45.57 & -11.53 & -32.61 & -11.60 & -12.70 & -64.00 & -59.63 & -11.38 & -16.65 & -22.83 & -10.09 & -13.06 & -9.28 & -35.96 & -12.50 & -29.07 & -10.39 & -39.00 & -21.80 & -22.71 \\
c20         & -9.54 & -21.67 & -15.52 & -18.43 & -31.18 & -28.50 & -28.04 & -22.76 & -14.66 & -12.82 & -21.88 & -15.56 & -14.28 & -14.57 & -17.64 & -45.53 & -11.34 & -33.96 & -11.56 & -12.66 & -64.01 & -59.63 & -11.80 & -16.34 & -22.43 & -10.05 & -13.11 & -9.21 & -36.54 & -12.17 & -29.03 & -10.33 & -38.71 & -21.57 & -22.92 \\
c21         & -9.50 & -21.47 & -16.11 & -18.71 & -30.85 & -28.45 & -27.97 & -22.60 & -14.17 & -12.65 & -22.40 & -15.06 & -10.92 & -14.36 & -17.44 & -45.49 & -11.99 & -33.18 & -11.61 & -12.62 & -64.01 & -59.63 & -11.60 & -16.39 & -23.02 & -10.20 & -13.29 & -9.18 & -36.43 & -12.57 & -28.86 & -10.34 & -39.68 & -21.04 & -22.88 \\
c22         & -9.53 & -21.71 & -15.80 & -18.58 & -31.49 & -29.41 & -27.94 & -21.99 & -14.35 & -13.00 & -21.92 & -15.46 & -11.39 & -14.49 & -17.53 & -45.56 & -11.73 & -32.98 & -11.38 & -12.44 & -64.01 & -59.63 & -11.58 & -16.42 & -22.99 & -10.00 & -12.82 & -9.28 & -36.04 & -12.46 & -28.97 & -10.36 & -39.59 & -22.13 & -22.69 \\
c23         & -9.53 & -21.66 & -15.88 & -18.52 & -30.52 & -29.19 & -28.01 & -22.37 & -14.70 & -13.01 & -21.57 & -15.49 & -12.72 & -14.39 & -17.33 & -45.56 & -11.48 & -33.19 & -11.63 & -12.47 & -64.01 & -59.63 & -11.63 & -16.51 & -22.92 & -10.18 & -13.53 & -9.37 & -37.40 & -12.17 & -28.96 & -10.40 & -39.25 & -21.61 & -22.90 \\
c24         & -9.44 & -21.81 & -15.79 & -18.41 & -31.41 & -29.55 & -27.72 & -22.54 & -14.51 & -12.67 & -22.28 & -15.35 &  -9.96 & -14.36 & -17.48 & -45.56 & -11.52 & -32.63 & -11.43 & -12.69 & -64.01 & -59.63 & -11.62 & -16.27 & -21.97 &  -9.86 & -13.02 & -9.39 & -36.99 & -12.17 & -28.87 & -10.46 & -38.63 & -22.17 & -22.90 \\
c25         & -9.53 & -21.97 & -15.87 & -18.68 & -30.80 & -30.16 & -27.46 & -22.57 & -14.47 & -12.44 & -22.01 & -15.85 & -12.41 & -14.42 & -17.68 & -45.55 & -11.67 & -33.32 & -11.67 & -12.50 & -63.84 & -59.63 & -11.78 & -16.56 & -22.21 &  -9.75 & -13.18 & -9.41 & -36.17 & -12.51 & -28.68 & -10.49 & -38.96 & -22.12 & -22.86 \\
c26         & -9.43 & -22.00 & -16.01 & -18.61 & -31.51 & -29.30 & -27.72 & -22.57 & -14.67 & -13.04 & -22.78 & -15.57 & -11.06 & -14.49 & -17.40 & -45.56 & -11.64 & -32.63 & -11.40 & -12.74 & -64.00 & -59.63 & -11.45 & -16.50 & -22.54 & -10.12 & -13.21 & -9.49 & -35.52 & -12.27 & -29.07 & -10.03 & -39.71 & -21.94 & -22.84 \\
c27         & -9.55 & -21.67 & -16.00 & -18.86 & -31.48 & -29.06 & -28.19 & -22.96 & -14.39 & -12.59 & -21.78 & -15.54 & -12.28 & -14.53 & -17.89 & -45.56 & -11.90 & -32.87 & -11.38 & -12.68 & -64.01 & -59.63 & -11.62 & -16.74 & -23.18 &  -9.99 & -12.77 & -9.49 & -36.28 & -12.22 & -28.60 &  -9.99 & -38.45 & -21.68 & -22.94 \\
c28         & -9.55 & -21.65 & -16.05 & -18.10 & -30.70 & -29.19 & -27.55 & -22.49 & -14.53 & -12.65 & -21.67 & -15.43 & -11.83 & -14.53 & -18.22 & -45.55 & -11.39 & -33.49 & -11.37 & -12.29 & -63.96 & -59.64 & -11.41 & -16.60 & -22.29 & -10.19 & -12.95 & -9.45 & -36.23 & -12.58 & -28.96 & -10.33 & -38.76 & -21.41 & -22.85 \\
c29         & -9.23 & -21.52 & -15.60 & -18.71 & -31.74 & -29.00 & -27.67 & -22.29 & -14.17 & -12.91 & -21.96 & -15.64 & -10.23 & -14.25 & -17.71 & -45.57 & -11.52 & -33.09 & -11.45 & -12.73 & -64.00 & -59.63 & -11.69 & -16.22 & -22.38 & -10.16 & -13.16 & -9.43 & -36.60 & -12.25 & -29.06 & -10.28 & -40.48 & -20.51 & -22.93 \\
c30         & -9.42 & -22.17 & -15.72 & -18.54 & -31.51 & -29.34 & -27.31 & -22.76 & -14.62 & -12.81 & -22.04 & -15.40 & -13.64 & -14.64 & -17.58 & -45.49 & -11.23 & -33.23 & -11.45 & -12.53 & -64.01 & -59.63 & -11.66 & -16.51 & -23.57 &  -9.98 & -12.96 & -9.43 & -36.56 & -12.51 & -29.38 & -10.14 & -38.73 & -21.71 & -22.82 \\
c31         & -9.56 & -21.41 & -15.55 & -18.59 & -31.81 & -29.55 & -28.09 & -22.14 & -14.51 & -12.87 & -21.65 & -15.36 & -12.05 & -14.44 & -17.40 & -45.39 & -11.71 & -32.15 & -11.39 & -12.70 & -64.00 & -59.63 & -11.55 & -16.30 & -22.79 & -10.07 & -13.16 & -9.41 & -36.03 & -12.02 & -29.11 & -10.04 & -39.49 & -21.87 & -22.86 \\
c32         & -9.43 & -21.70 & -15.45 & -18.41 & -31.19 & -28.83 & -27.53 & -22.68 & -14.44 & -12.98 & -21.92 & -15.63 &  -9.77 & -14.32 & -17.61 & -45.57 & -11.78 & -32.03 & -11.66 & -12.83 & -63.98 & -59.63 & -11.69 & -16.18 & -22.60 & -10.03 & -12.76 & -9.39 & -36.33 & -12.01 & -28.88 & -10.31 & -39.72 & -21.74 & -22.96 \\
c33         & -9.50 & -21.79 & -16.00 & -18.62 & -31.56 & -29.29 & -27.94 & -22.36 & -14.51 & -12.78 & -21.94 & -15.33 & -13.36 & -14.19 & -17.59 & -45.57 & -11.47 & -33.36 & -11.56 & -12.68 & -63.75 & -59.61 & -11.60 & -16.72 & -22.54 & -10.07 & -13.35 & -9.51 & -36.44 & -12.56 & -29.07 & -10.32 & -39.20 & -22.07 & -22.89 \\
c34         & -9.41 & -21.75 & -16.10 & -18.43 & -31.03 & -29.23 & -28.10 & -22.21 & -14.55 & -12.67 & -22.07 & -15.69 & -10.29 & -14.63 & -17.43 & -45.56 & -11.46 & -32.85 & -11.54 & -12.62 & -64.01 & -59.63 & -11.49 & -16.01 & -22.02 &  -9.77 & -13.41 & -9.54 & -36.39 & -12.16 & -28.96 & -10.42 &   0.00 &   0.00 &   0.00 \\
\bottomrule
\end{tabular}

                               0             1   ...             33             34
new_cluster  [-0.36, new_cluster]  [-12.65, c1]  ...  [-12.45, c33]  [-22.78, c34]
c1           [-0.36, new_cluster]   [-12.7, c1]  ...  [-12.53, c33]  [-22.82, c34]
c2           [-0.36, new_cluster]  [-12.36, c1]  ...  [-12.97, c33]          [0, ]
c3           [-0.36, new_cluster]  [-12.51, c1]  ...  [-12.64, c33]  [-23.14, c34]
c4           [-0.36, new_cluster]  [-12.89, c1]  ...  [-12.64, c33]  [-22.86, c34]
c5           [-0.36, new_cluster]  [-12.35, c1]  ...  [-12.44, c33]          [0, ]
c6           [-0.36, new_cluster]  [-12.36, c1]  ...  [-12.53, c33]  [-22.94, c34]
c7           [-0.36, new_cluster]  [-12.37, c1]  ...  [-12.73, c33]  [-22.88, c34]
c8           [-0.36, new_cluster]  [-12.49, c1]  ...  [-12.26, c33]  [-23.06, c34]
c9           [-0.36, new_cluster]  [-12.79, c1]  ...   [-12.7, c33]  [-22.97, c34]
c10          [-0.36, new_cluster]  [-12.81, c1]  ...  [-12.65, c33]  [-22.96, c34]
c11          [-0.36, new_cluster]   [-12.8, c1]  ...   [-12.6, c33]  [-22.98, c34]
c12          [-0.36, new_cluster]  [-12.54, c1]  ...  [-12.65, c33]  [-22.98, c34]
c13          [-0.36, new_cluster]  [-12.72, c1]  ...  [-12.74, c33]  [-23.02, c34]
c14          [-0.36, new_cluster]  [-12.36, c1]  ...  [-12.65, c33]  [-22.89, c34]
c15          [-0.36, new_cluster]   [-12.5, c1]  ...  [-12.39, c33]  [-23.04, c34]
c16          [-0.36, new_cluster]  [-12.49, c1]  ...  [-12.51, c33]  [-22.92, c34]
c17          [-0.36, new_cluster]  [-12.47, c1]  ...  [-12.47, c33]  [-22.86, c34]
c18          [-0.36, new_cluster]   [-12.7, c1]  ...  [-12.39, c33]  [-22.95, c34]
c19          [-0.36, new_cluster]  [-12.66, c1]  ...   [-12.7, c33]  [-22.71, c34]
c20          [-0.36, new_cluster]   [-12.6, c1]  ...  [-12.62, c33]  [-22.92, c34]
c21          [-0.36, new_cluster]  [-12.41, c1]  ...  [-11.91, c33]  [-22.88, c34]
c22          [-0.36, new_cluster]  [-12.56, c1]  ...  [-12.94, c33]  [-22.69, c34]
c23          [-0.36, new_cluster]  [-12.48, c1]  ...   [-12.5, c33]   [-22.9, c34]
c24          [-0.36, new_cluster]  [-12.83, c1]  ...  [-12.97, c33]   [-22.9, c34]
c25          [-0.36, new_cluster]  [-12.79, c1]  ...  [-12.98, c33]  [-22.86, c34]
c26          [-0.36, new_cluster]  [-12.84, c1]  ...  [-12.85, c33]  [-22.84, c34]
c27          [-0.36, new_cluster]  [-12.56, c1]  ...  [-12.53, c33]  [-22.94, c34]
c28          [-0.36, new_cluster]  [-12.48, c1]  ...  [-12.28, c33]  [-22.85, c34]
c29          [-0.36, new_cluster]  [-12.55, c1]  ...   [-11.6, c33]  [-22.93, c34]
c30          [-0.36, new_cluster]   [-13.0, c1]  ...   [-12.6, c33]  [-22.82, c34]
c31          [-0.36, new_cluster]  [-12.27, c1]  ...  [-12.93, c33]  [-22.86, c34]
c32          [-0.36, new_cluster]  [-12.65, c1]  ...  [-12.64, c33]  [-22.96, c34]
c33          [-0.36, new_cluster]  [-12.59, c1]  ...  [-12.97, c33]  [-22.89, c34]
c34          [-0.36, new_cluster]  [-12.58, c1]  ...          [0, ]          [0, ]

[35 rows x 35 columns]
\begin{tabular}{llllllllllllllllllllllllllllllllllll}
\toprule
{} &                    0  &            1  &            2  &            3  &            4  &            5  &            6  &            7  &           8  &           9  &             10 &            11 &            12 &            13 &            14 &             15 &            16 &             17 &            18 &            19 &             20 &             21 &            22 &            23 &             24 &            25 &            26 &            27 &             28 &            29 &             30 &            31 &             32 &             33 &             34 \\
\midrule
new\_cluster &  [-0.36, new\_cluster] &  [-12.65, c1] &  [-15.82, c2] &   [-9.55, c3] &  [-22.55, c4] &  [-29.45, c5] &  [-19.74, c6] &  [-13.08, c7] &  [-5.17, c8] &  [-3.75, c9] &  [-12.86, c10] &  [-6.54, c11] &  [-3.22, c12] &  [-5.45, c13] &  [-8.22, c14] &  [-36.48, c15] &  [-2.66, c16] &  [-23.63, c17] &   [-2.7, c18] &  [-3.55, c19] &  [-55.07, c20] &  [-50.72, c21] &  [-2.52, c22] &  [-7.95, c23] &  [-14.19, c24] &  [-0.91, c25] &  [-4.03, c26] &  [-0.27, c27] &  [-26.77, c28] &  [-3.49, c29] &  [-20.09, c30] &  [-1.16, c31] &  [-30.02, c32] &  [-12.45, c33] &  [-22.78, c34] \\
c1          &  [-0.36, new\_cluster] &   [-12.7, c1] &  [-15.85, c2] &   [-9.79, c3] &  [-22.42, c4] &  [-29.48, c5] &  [-18.89, c6] &  [-13.39, c7] &  [-5.16, c8] &  [-3.68, c9] &  [-12.92, c10] &  [-6.26, c11] &  [-2.25, c12] &  [-5.52, c13] &  [-8.53, c14] &  [-36.48, c15] &  [-2.55, c16] &  [-23.61, c17] &  [-2.68, c18] &  [-3.45, c19] &  [-55.07, c20] &  [-50.72, c21] &   [-2.7, c22] &  [-7.33, c23] &  [-14.27, c24] &  [-1.03, c25] &  [-3.62, c26] &  [-0.37, c27] &  [-26.78, c28] &  [-3.29, c29] &  [-20.39, c30] &  [-1.33, c31] &  [-29.53, c32] &  [-12.53, c33] &  [-22.82, c34] \\
c2          &  [-0.36, new\_cluster] &  [-12.36, c1] &  [-15.63, c2] &   [-9.67, c3] &  [-22.26, c4] &  [-29.78, c5] &  [-18.84, c6] &  [-14.11, c7] &  [-5.68, c8] &  [-3.91, c9] &  [-12.79, c10] &  [-6.31, c11] &  [-3.59, c12] &  [-5.53, c13] &  [-8.51, c14] &  [-36.48, c15] &  [-2.55, c16] &  [-24.08, c17] &  [-2.64, c18] &  [-3.53, c19] &  [-55.07, c20] &  [-50.72, c21] &  [-2.37, c22] &  [-7.63, c23] &  [-13.62, c24] &  [-1.13, c25] &  [-4.21, c26] &  [-0.32, c27] &  [-28.21, c28] &  [-3.58, c29] &  [-20.22, c30] &  [-1.05, c31] &  [-30.27, c32] &  [-12.97, c33] &          [0, ] \\
c3          &  [-0.36, new\_cluster] &  [-12.51, c1] &  [-15.81, c2] &   [-9.44, c3] &  [-23.06, c4] &  [-28.93, c5] &  [-18.39, c6] &  [-13.47, c7] &  [-5.37, c8] &  [-3.71, c9] &  [-13.07, c10] &  [-6.71, c11] &  [-6.06, c12] &  [-5.53, c13] &  [-8.49, c14] &  [-36.48, c15] &  [-2.71, c16] &  [-23.98, c17] &  [-2.64, c18] &   [-3.6, c19] &  [-55.07, c20] &  [-50.72, c21] &  [-2.66, c22] &  [-7.35, c23] &   [-14.5, c24] &  [-0.88, c25] &  [-3.76, c26] &  [-0.29, c27] &  [-27.23, c28] &  [-3.29, c29] &  [-19.76, c30] &  [-1.17, c31] &  [-30.76, c32] &  [-12.64, c33] &  [-23.14, c34] \\
c4          &  [-0.36, new\_cluster] &  [-12.89, c1] &  [-16.06, c2] &   [-9.38, c3] &  [-23.05, c4] &  [-29.22, c5] &  [-19.61, c6] &   [-13.0, c7] &  [-5.23, c8] &  [-3.72, c9] &  [-13.11, c10] &  [-6.52, c11] &  [-1.59, c12] &  [-5.54, c13] &  [-8.36, c14] &  [-36.48, c15] &  [-2.57, c16] &  [-24.17, c17] &  [-2.67, c18] &  [-3.59, c19] &  [-55.07, c20] &  [-50.72, c21] &  [-2.52, c22] &  [-7.54, c23] &  [-13.29, c24] &  [-0.98, c25] &  [-3.68, c26] &  [-0.29, c27] &  [-27.42, c28] &  [-3.46, c29] &  [-19.98, c30] &  [-1.26, c31] &  [-29.78, c32] &  [-12.64, c33] &  [-22.86, c34] \\
c5          &  [-0.36, new\_cluster] &  [-12.35, c1] &  [-15.64, c2] &   [-9.42, c3] &  [-22.59, c4] &  [-29.69, c5] &  [-18.38, c6] &  [-13.54, c7] &  [-5.48, c8] &  [-3.86, c9] &  [-12.92, c10] &  [-6.37, c11] &  [-3.35, c12] &  [-5.54, c13] &  [-8.44, c14] &  [-36.48, c15] &   [-2.6, c16] &  [-23.99, c17] &  [-2.75, c18] &  [-3.45, c19] &  [-55.07, c20] &  [-50.72, c21] &  [-2.58, c22] &  [-7.41, c23] &  [-13.67, c24] &  [-0.84, c25] &  [-3.97, c26] &  [-0.28, c27] &  [-28.22, c28] &  [-3.65, c29] &  [-20.19, c30] &   [-1.3, c31] &  [-30.75, c32] &  [-12.44, c33] &          [0, ] \\
c6          &  [-0.36, new\_cluster] &  [-12.36, c1] &   [-15.7, c2] &   [-9.82, c3] &  [-22.08, c4] &  [-28.68, c5] &  [-18.45, c6] &  [-13.23, c7] &  [-5.45, c8] &  [-3.86, c9] &  [-12.68, c10] &  [-6.57, c11] &  [-2.44, c12] &  [-5.57, c13] &  [-8.55, c14] &  [-36.48, c15] &  [-2.73, c16] &  [-23.99, c17] &  [-2.67, c18] &  [-3.51, c19] &  [-55.07, c20] &  [-50.72, c21] &  [-2.71, c22] &  [-7.29, c23] &  [-13.71, c24] &   [-1.0, c25] &  [-4.13, c26] &  [-0.25, c27] &  [-27.09, c28] &  [-3.39, c29] &  [-20.35, c30] &  [-1.12, c31] &  [-30.26, c32] &  [-12.53, c33] &  [-22.94, c34] \\
c7          &  [-0.36, new\_cluster] &  [-12.37, c1] &  [-15.71, c2] &   [-9.53, c3] &   [-22.5, c4] &  [-29.97, c5] &  [-19.23, c6] &  [-13.47, c7] &  [-5.51, c8] &  [-3.67, c9] &  [-13.03, c10] &  [-6.19, c11] &  [-0.72, c12] &  [-5.51, c13] &  [-8.11, c14] &  [-36.48, c15] &  [-2.69, c16] &  [-23.98, c17] &   [-2.6, c18] &  [-3.43, c19] &  [-55.07, c20] &  [-50.72, c21] &  [-2.69, c22] &  [-7.23, c23] &  [-13.32, c24] &   [-0.9, c25] &  [-3.94, c26] &   [-0.3, c27] &  [-26.96, c28] &  [-3.28, c29] &  [-20.47, c30] &  [-1.08, c31] &  [-29.54, c32] &  [-12.73, c33] &  [-22.88, c34] \\
c8          &  [-0.36, new\_cluster] &  [-12.49, c1] &  [-15.85, c2] &   [-9.43, c3] &   [-23.1, c4] &  [-29.78, c5] &   [-18.7, c6] &  [-13.62, c7] &  [-5.48, c8] &  [-3.86, c9] &  [-13.34, c10] &  [-6.04, c11] &  [-3.43, c12] &  [-5.36, c13] &  [-8.32, c14] &  [-36.48, c15] &  [-2.48, c16] &  [-23.63, c17] &  [-2.68, c18] &  [-3.62, c19] &  [-55.07, c20] &  [-50.72, c21] &  [-2.65, c22] &  [-7.35, c23] &  [-13.72, c24] &   [-0.9, c25] &  [-4.16, c26] &  [-0.32, c27] &  [-27.15, c28] &  [-3.17, c29] &  [-20.15, c30] &  [-1.24, c31] &  [-30.76, c32] &  [-12.26, c33] &  [-23.06, c34] \\
c9          &  [-0.36, new\_cluster] &  [-12.79, c1] &  [-15.78, c2] &   [-9.86, c3] &  [-22.46, c4] &  [-29.66, c5] &   [-19.4, c6] &  [-13.31, c7] &   [-5.5, c8] &  [-4.02, c9] &  [-13.31, c10] &  [-6.14, c11] &  [-3.66, c12] &   [-5.5, c13] &  [-8.42, c14] &  [-36.48, c15] &  [-2.71, c16] &  [-24.25, c17] &  [-2.72, c18] &  [-3.63, c19] &  [-55.07, c20] &  [-50.72, c21] &  [-2.53, c22] &  [-7.86, c23] &  [-14.21, c24] &  [-1.02, c25] &  [-3.94, c26] &  [-0.26, c27] &  [-27.21, c28] &  [-3.18, c29] &  [-19.96, c30] &  [-1.16, c31] &  [-30.02, c32] &   [-12.7, c33] &  [-22.97, c34] \\
c10         &  [-0.36, new\_cluster] &  [-12.81, c1] &  [-15.87, c2] &   [-9.86, c3] &  [-22.28, c4] &  [-28.45, c5] &  [-18.67, c6] &  [-13.47, c7] &  [-5.24, c8] &   [-3.9, c9] &  [-13.03, c10] &  [-6.22, c11] &  [-3.53, c12] &  [-5.58, c13] &  [-8.25, c14] &  [-36.48, c15] &  [-2.62, c16] &  [-24.16, c17] &   [-2.7, c18] &  [-3.63, c19] &  [-55.07, c20] &  [-50.72, c21] &  [-2.77, c22] &  [-7.45, c23] &  [-13.67, c24] &  [-0.78, c25] &  [-3.85, c26] &  [-0.25, c27] &  [-27.92, c28] &  [-3.43, c29] &  [-19.94, c30] &  [-1.13, c31] &  [-29.77, c32] &  [-12.65, c33] &  [-22.96, c34] \\
c11         &  [-0.36, new\_cluster] &   [-12.8, c1] &  [-16.13, c2] &    [-9.7, c3] &  [-22.69, c4] &  [-29.49, c5] &  [-19.05, c6] &  [-13.38, c7] &   [-5.6, c8] &  [-3.71, c9] &  [-12.91, c10] &  [-6.43, c11] &  [-3.53, c12] &  [-5.49, c13] &  [-8.42, c14] &  [-36.48, c15] &  [-2.42, c16] &  [-24.29, c17] &  [-2.68, c18] &  [-3.59, c19] &  [-55.07, c20] &  [-50.72, c21] &  [-2.79, c22] &  [-7.56, c23] &  [-13.24, c24] &   [-0.9, c25] &  [-4.36, c26] &  [-0.27, c27] &  [-27.48, c28] &  [-3.26, c29] &  [-19.59, c30] &  [-1.11, c31] &  [-29.79, c32] &   [-12.6, c33] &  [-22.98, c34] \\
c12         &  [-0.36, new\_cluster] &  [-12.54, c1] &  [-16.13, c2] &   [-9.62, c3] &  [-21.95, c4] &  [-30.04, c5] &  [-19.41, c6] &  [-13.23, c7] &  [-5.68, c8] &  [-3.96, c9] &  [-12.24, c10] &  [-6.18, c11] &  [-5.38, c12] &  [-5.63, c13] &  [-8.27, c14] &  [-36.48, c15] &  [-2.46, c16] &  [-24.01, c17] &   [-2.6, c18] &  [-3.74, c19] &  [-55.07, c20] &  [-50.72, c21] &  [-2.55, c22] &  [-7.51, c23] &   [-13.8, c24] &  [-0.89, c25] &  [-3.81, c26] &  [-0.31, c27] &  [-27.15, c28] &  [-3.19, c29] &  [-20.12, c30] &   [-1.1, c31] &   [-30.5, c32] &  [-12.65, c33] &  [-22.98, c34] \\
c13         &  [-0.36, new\_cluster] &  [-12.72, c1] &  [-15.76, c2] &   [-9.58, c3] &  [-21.79, c4] &  [-28.69, c5] &  [-18.81, c6] &  [-13.38, c7] &   [-5.5, c8] &   [-3.9, c9] &  [-13.38, c10] &  [-6.56, c11] &  [-3.34, c12] &  [-5.57, c13] &  [-8.64, c14] &  [-36.48, c15] &  [-2.56, c16] &  [-23.58, c17] &  [-2.63, c18] &   [-3.6, c19] &  [-55.07, c20] &  [-50.72, c21] &  [-2.53, c22] &  [-7.13, c23] &  [-13.98, c24] &  [-0.85, c25] &  [-4.15, c26] &  [-0.25, c27] &  [-27.22, c28] &  [-3.27, c29] &  [-20.57, c30] &  [-1.27, c31] &  [-31.01, c32] &  [-12.74, c33] &  [-23.02, c34] \\
c14         &  [-0.36, new\_cluster] &  [-12.36, c1] &  [-15.56, c2] &   [-9.59, c3] &  [-21.72, c4] &  [-28.93, c5] &  [-18.85, c6] &  [-13.46, c7] &  [-5.58, c8] &  [-3.78, c9] &  [-13.18, c10] &  [-6.26, c11] &  [-2.15, c12] &  [-5.44, c13] &  [-8.56, c14] &  [-36.48, c15] &   [-2.6, c16] &  [-24.05, c17] &  [-2.65, c18] &  [-3.75, c19] &  [-55.07, c20] &  [-50.72, c21] &  [-2.68, c22] &  [-7.73, c23] &  [-13.55, c24] &   [-0.9, c25] &  [-4.25, c26] &  [-0.29, c27] &  [-27.35, c28] &  [-3.28, c29] &  [-19.95, c30] &   [-1.2, c31] &  [-30.27, c32] &  [-12.65, c33] &  [-22.89, c34] \\
c15         &  [-0.36, new\_cluster] &   [-12.5, c1] &  [-15.66, c2] &   [-9.22, c3] &  [-21.67, c4] &  [-29.48, c5] &  [-18.68, c6] &  [-13.39, c7] &   [-5.4, c8] &   [-3.9, c9] &  [-13.34, c10] &  [-6.16, c11] &   [-1.7, c12] &  [-5.44, c13] &  [-8.38, c14] &  [-36.48, c15] &  [-2.83, c16] &  [-24.36, c17] &  [-2.71, c18] &  [-3.57, c19] &  [-55.07, c20] &  [-50.72, c21] &  [-2.58, c22] &  [-7.53, c23] &  [-13.84, c24] &  [-0.98, c25] &  [-4.28, c26] &   [-0.3, c27] &   [-27.8, c28] &   [-3.7, c29] &  [-19.95, c30] &  [-1.13, c31] &  [-30.52, c32] &  [-12.39, c33] &  [-23.04, c34] \\
c16         &  [-0.36, new\_cluster] &  [-12.49, c1] &  [-15.37, c2] &   [-9.51, c3] &   [-22.0, c4] &  [-29.52, c5] &  [-18.53, c6] &  [-13.23, c7] &  [-5.48, c8] &  [-3.96, c9] &  [-12.85, c10] &  [-6.37, c11] &  [-2.77, c12] &  [-5.52, c13] &  [-8.51, c14] &  [-36.48, c15] &  [-2.81, c16] &  [-24.65, c17] &  [-2.67, c18] &  [-3.56, c19] &  [-55.07, c20] &  [-50.72, c21] &  [-2.56, c22] &  [-7.39, c23] &  [-13.71, c24] &  [-0.98, c25] &  [-3.86, c26] &  [-0.25, c27] &  [-27.04, c28] &  [-3.31, c29] &  [-20.52, c30] &  [-1.24, c31] &  [-31.51, c32] &  [-12.51, c33] &  [-22.92, c34] \\
c17         &  [-0.36, new\_cluster] &  [-12.47, c1] &  [-16.03, c2] &  [-10.09, c3] &  [-21.72, c4] &  [-28.85, c5] &   [-18.8, c6] &   [-13.4, c7] &  [-5.39, c8] &  [-3.85, c9] &  [-13.19, c10] &  [-6.57, c11] &  [-4.34, c12] &  [-5.51, c13] &  [-8.28, c14] &  [-36.48, c15] &  [-2.64, c16] &  [-24.47, c17] &  [-2.72, c18] &  [-3.68, c19] &  [-55.07, c20] &  [-50.72, c21] &  [-2.86, c22] &   [-7.7, c23] &   [-13.7, c24] &  [-0.96, c25] &  [-4.29, c26] &  [-0.31, c27] &  [-26.97, c28] &   [-3.3, c29] &  [-20.34, c30] &   [-1.2, c31] &  [-29.79, c32] &  [-12.47, c33] &  [-22.86, c34] \\
c18         &  [-0.36, new\_cluster] &   [-12.7, c1] &  [-16.14, c2] &   [-9.38, c3] &  [-22.57, c4] &  [-28.52, c5] &  [-18.88, c6] &  [-13.08, c7] &  [-5.47, c8] &  [-3.79, c9] &  [-12.69, c10] &   [-6.6, c11] &  [-2.76, c12] &  [-5.69, c13] &  [-8.42, c14] &  [-36.48, c15] &  [-2.63, c16] &  [-23.67, c17] &   [-2.6, c18] &  [-3.62, c19] &  [-55.07, c20] &  [-50.72, c21] &  [-2.63, c22] &  [-7.18, c23] &   [-13.4, c24] &  [-1.04, c25] &  [-3.82, c26] &  [-0.25, c27] &  [-27.43, c28] &  [-3.61, c29] &   [-20.1, c30] &  [-0.97, c31] &  [-30.28, c32] &  [-12.39, c33] &  [-22.95, c34] \\
c19         &  [-0.36, new\_cluster] &  [-12.66, c1] &  [-15.97, c2] &   [-9.78, c3] &  [-22.86, c4] &  [-28.82, c5] &  [-18.39, c6] &   [-13.7, c7] &  [-5.23, c8] &   [-3.8, c9] &  [-12.57, c10] &  [-6.57, c11] &  [-2.74, c12] &   [-5.6, c13] &  [-8.51, c14] &  [-36.48, c15] &  [-2.64, c16] &  [-23.48, c17] &  [-2.65, c18] &   [-3.7, c19] &  [-55.07, c20] &  [-50.72, c21] &  [-2.37, c22] &  [-7.57, c23] &  [-13.87, c24] &  [-0.96, c25] &  [-4.17, c26] &  [-0.27, c27] &  [-26.81, c28] &  [-3.54, c29] &   [-20.0, c30] &  [-1.29, c31] &  [-30.03, c32] &   [-12.7, c33] &  [-22.71, c34] \\
c20         &  [-0.36, new\_cluster] &   [-12.6, c1] &  [-15.52, c2] &   [-9.51, c3] &  [-22.21, c4] &   [-28.5, c5] &  [-19.08, c6] &  [-13.61, c7] &  [-5.72, c8] &  [-3.76, c9] &  [-12.83, c10] &  [-6.47, c11] &  [-5.51, c12] &   [-5.5, c13] &  [-8.58, c14] &  [-36.48, c15] &  [-2.46, c16] &  [-24.83, c17] &   [-2.6, c18] &  [-3.66, c19] &  [-55.07, c20] &  [-50.72, c21] &   [-2.8, c22] &  [-7.25, c23] &   [-13.4, c24] &  [-0.92, c25] &  [-3.97, c26] &   [-0.2, c27] &  [-27.42, c28] &  [-3.32, c29] &  [-19.96, c30] &   [-1.2, c31] &  [-29.78, c32] &  [-12.62, c33] &  [-22.92, c34] \\
c21         &  [-0.36, new\_cluster] &  [-12.41, c1] &  [-16.11, c2] &   [-9.79, c3] &  [-21.93, c4] &  [-28.45, c5] &  [-18.88, c6] &  [-13.46, c7] &  [-5.24, c8] &  [-3.56, c9] &  [-13.36, c10] &  [-6.09, c11] &  [-1.97, c12] &  [-5.51, c13] &  [-8.35, c14] &  [-36.48, c15] &  [-2.85, c16] &  [-24.06, c17] &  [-2.66, c18] &  [-3.62, c19] &  [-55.07, c20] &  [-50.72, c21] &   [-2.6, c22] &  [-7.51, c23] &  [-14.09, c24] &   [-1.0, c25] &   [-4.2, c26] &   [-0.3, c27] &  [-27.46, c28] &  [-3.61, c29] &  [-19.85, c30] &  [-1.18, c31] &  [-30.77, c32] &  [-11.91, c33] &  [-22.88, c34] \\
c22         &  [-0.36, new\_cluster] &  [-12.56, c1] &   [-15.8, c2] &   [-9.66, c3] &  [-22.53, c4] &  [-29.41, c5] &  [-18.88, c6] &  [-13.23, c7] &  [-5.42, c8] &  [-3.93, c9] &   [-12.9, c10] &  [-6.67, c11] &  [-2.37, c12] &  [-5.62, c13] &  [-8.45, c14] &  [-36.48, c15] &  [-2.64, c16] &  [-23.86, c17] &  [-2.62, c18] &  [-3.53, c19] &  [-55.07, c20] &  [-50.72, c21] &  [-2.76, c22] &  [-7.37, c23] &  [-14.03, c24] &  [-0.91, c25] &  [-3.93, c26] &  [-0.27, c27] &   [-27.1, c28] &  [-3.61, c29] &  [-19.91, c30] &  [-1.21, c31] &  [-30.77, c32] &  [-12.94, c33] &  [-22.69, c34] \\
c23         &  [-0.36, new\_cluster] &  [-12.48, c1] &  [-15.88, c2] &   [-9.48, c3] &  [-21.56, c4] &  [-29.19, c5] &  [-18.94, c6] &  [-13.23, c7] &  [-5.77, c8] &  [-3.99, c9] &  [-12.55, c10] &  [-6.45, c11] &  [-3.71, c12] &  [-5.52, c13] &  [-8.35, c14] &  [-36.48, c15] &   [-2.6, c16] &  [-24.06, c17] &  [-2.64, c18] &  [-3.47, c19] &  [-55.07, c20] &  [-50.72, c21] &  [-2.63, c22] &  [-7.42, c23] &  [-13.95, c24] &  [-1.06, c25] &  [-4.38, c26] &  [-0.25, c27] &  [-28.32, c28] &  [-3.33, c29] &  [-19.89, c30] &  [-1.25, c31] &  [-30.28, c32] &   [-12.5, c33] &   [-22.9, c34] \\
c24         &  [-0.36, new\_cluster] &  [-12.83, c1] &  [-15.79, c2] &    [-9.5, c3] &  [-22.49, c4] &  [-29.55, c5] &  [-18.59, c6] &  [-13.39, c7] &  [-5.58, c8] &  [-3.65, c9] &  [-13.26, c10] &  [-6.27, c11] &  [-0.94, c12] &  [-5.51, c13] &  [-8.52, c14] &  [-36.48, c15] &  [-2.44, c16] &  [-23.51, c17] &  [-2.68, c18] &  [-3.69, c19] &  [-55.07, c20] &  [-50.72, c21] &  [-2.67, c22] &  [-7.28, c23] &   [-13.0, c24] &  [-0.93, c25] &  [-3.92, c26] &  [-0.22, c27] &  [-28.05, c28] &  [-3.33, c29] &  [-19.81, c30] &  [-1.29, c31] &  [-29.77, c32] &  [-12.97, c33] &   [-22.9, c34] \\
c25         &  [-0.36, new\_cluster] &  [-12.79, c1] &  [-15.87, c2] &   [-9.77, c3] &  [-21.84, c4] &  [-30.16, c5] &   [-18.5, c6] &  [-13.38, c7] &  [-5.54, c8] &  [-3.66, c9] &  [-12.97, c10] &   [-6.8, c11] &  [-3.39, c12] &  [-5.57, c13] &  [-8.59, c14] &  [-36.48, c15] &  [-2.53, c16] &  [-24.55, c17] &  [-2.68, c18] &   [-3.5, c19] &  [-55.07, c20] &  [-50.72, c21] &  [-2.78, c22] &  [-7.49, c23] &  [-13.24, c24] &  [-0.95, c25] &   [-4.3, c26] &  [-0.31, c27] &  [-27.23, c28] &  [-3.65, c29] &  [-19.91, c30] &  [-1.36, c31] &  [-30.03, c32] &  [-12.98, c33] &  [-22.86, c34] \\
c26         &  [-0.36, new\_cluster] &  [-12.84, c1] &  [-16.01, c2] &    [-9.7, c3] &  [-22.47, c4] &   [-29.3, c5] &  [-18.78, c6] &  [-13.39, c7] &  [-5.64, c8] &  [-3.98, c9] &  [-13.77, c10] &  [-6.49, c11] &  [-2.13, c12] &  [-5.62, c13] &  [-8.35, c14] &  [-36.48, c15] &  [-2.54, c16] &  [-23.57, c17] &  [-2.64, c18] &  [-3.74, c19] &  [-55.07, c20] &  [-50.72, c21] &  [-2.48, c22] &  [-7.51, c23] &  [-13.59, c24] &  [-0.95, c25] &  [-4.07, c26] &  [-0.33, c27] &  [-26.58, c28] &  [-3.33, c29] &  [-20.01, c30] &  [-1.04, c31] &  [-30.76, c32] &  [-12.85, c33] &  [-22.84, c34] \\
c27         &  [-0.36, new\_cluster] &  [-12.56, c1] &   [-16.0, c2] &   [-9.83, c3] &  [-22.44, c4] &  [-29.06, c5] &  [-19.08, c6] &  [-13.77, c7] &  [-5.46, c8] &  [-3.81, c9] &   [-12.8, c10] &   [-6.5, c11] &  [-3.32, c12] &  [-5.46, c13] &  [-8.82, c14] &  [-36.48, c15] &  [-2.77, c16] &  [-24.09, c17] &  [-2.62, c18] &   [-3.7, c19] &  [-55.07, c20] &  [-50.72, c21] &  [-2.61, c22] &  [-7.67, c23] &  [-14.22, c24] &   [-0.9, c25] &  [-3.91, c26] &  [-0.28, c27] &  [-27.23, c28] &  [-3.29, c29] &  [-19.58, c30] &  [-1.12, c31] &  [-29.52, c32] &  [-12.53, c33] &  [-22.94, c34] \\
c28         &  [-0.36, new\_cluster] &  [-12.48, c1] &  [-16.05, c2] &   [-9.18, c3] &  [-21.77, c4] &  [-29.19, c5] &  [-18.43, c6] &  [-13.31, c7] &   [-5.6, c8] &  [-3.87, c9] &  [-12.63, c10] &  [-6.55, c11] &  [-2.81, c12] &  [-5.48, c13] &  [-9.13, c14] &  [-36.48, c15] &  [-2.53, c16] &  [-24.37, c17] &  [-2.61, c18] &  [-3.45, c19] &  [-55.07, c20] &  [-50.72, c21] &   [-2.5, c22] &  [-7.52, c23] &  [-13.33, c24] &  [-1.06, c25] &  [-3.86, c26] &  [-0.24, c27] &  [-27.15, c28] &  [-3.62, c29] &  [-19.94, c30] &  [-1.22, c31] &  [-29.79, c32] &  [-12.28, c33] &  [-22.85, c34] \\
c29         &  [-0.36, new\_cluster] &  [-12.55, c1] &   [-15.6, c2] &   [-9.79, c3] &  [-22.79, c4] &   [-29.0, c5] &  [-18.58, c6] &  [-13.15, c7] &  [-5.24, c8] &  [-3.77, c9] &  [-12.93, c10] &  [-6.73, c11] &  [-1.21, c12] &  [-5.39, c13] &  [-8.74, c14] &  [-36.48, c15] &  [-2.66, c16] &  [-23.95, c17] &  [-2.69, c18] &  [-3.73, c19] &  [-55.07, c20] &  [-50.72, c21] &  [-2.69, c22] &  [-7.23, c23] &  [-13.46, c24] &  [-1.01, c25] &  [-4.02, c26] &  [-0.29, c27] &  [-27.53, c28] &   [-3.3, c29] &  [-19.94, c30] &  [-1.31, c31] &  [-31.51, c32] &   [-11.6, c33] &  [-22.93, c34] \\
c30         &  [-0.36, new\_cluster] &   [-13.0, c1] &  [-15.72, c2] &    [-9.5, c3] &  [-22.47, c4] &  [-29.34, c5] &  [-18.38, c6] &  [-13.61, c7] &  [-5.73, c8] &  [-3.74, c9] &  [-13.26, c10] &  [-6.32, c11] &  [-4.64, c12] &  [-5.56, c13] &  [-8.79, c14] &  [-36.48, c15] &  [-2.35, c16] &  [-24.16, c17] &  [-2.69, c18] &  [-3.53, c19] &  [-55.07, c20] &  [-50.72, c21] &  [-2.72, c22] &  [-7.66, c23] &  [-14.61, c24] &  [-0.89, c25] &  [-4.07, c26] &  [-0.23, c27] &  [-27.62, c28] &  [-3.64, c29] &  [-20.25, c30] &  [-1.13, c31] &  [-29.78, c32] &   [-12.6, c33] &  [-22.82, c34] \\
c31         &  [-0.36, new\_cluster] &  [-12.27, c1] &  [-15.55, c2] &   [-9.67, c3] &  [-22.85, c4] &  [-29.55, c5] &   [-19.0, c6] &  [-13.15, c7] &  [-5.58, c8] &  [-3.85, c9] &  [-12.87, c10] &   [-6.5, c11] &  [-3.13, c12] &  [-5.56, c13] &  [-8.36, c14] &  [-36.48, c15] &  [-2.61, c16] &  [-23.09, c17] &  [-2.63, c18] &   [-3.7, c19] &  [-55.07, c20] &  [-50.72, c21] &  [-2.56, c22] &  [-7.23, c23] &  [-13.82, c24] &  [-0.93, c25] &  [-4.03, c26] &  [-0.28, c27] &  [-26.88, c28] &  [-3.08, c29] &  [-20.03, c30] &  [-1.05, c31] &  [-30.52, c32] &  [-12.93, c33] &  [-22.86, c34] \\
c32         &  [-0.36, new\_cluster] &  [-12.65, c1] &  [-15.45, c2] &   [-9.38, c3] &  [-22.23, c4] &  [-28.83, c5] &  [-18.41, c6] &  [-13.54, c7] &  [-5.51, c8] &  [-3.96, c9] &  [-12.94, c10] &  [-6.62, c11] &  [-0.77, c12] &  [-5.46, c13] &  [-8.52, c14] &  [-36.48, c15] &  [-2.64, c16] &  [-23.25, c17] &  [-2.65, c18] &  [-3.84, c19] &  [-55.07, c20] &  [-50.72, c21] &  [-2.74, c22] &  [-7.22, c23] &  [-13.63, c24] &  [-0.94, c25] &  [-3.88, c26] &  [-0.25, c27] &  [-27.39, c28] &  [-3.07, c29] &  [-20.08, c30] &   [-1.2, c31] &  [-30.76, c32] &  [-12.64, c33] &  [-22.96, c34] \\
c33         &  [-0.36, new\_cluster] &  [-12.59, c1] &   [-16.0, c2] &    [-9.7, c3] &  [-22.61, c4] &  [-29.29, c5] &  [-18.85, c6] &  [-13.46, c7] &  [-5.58, c8] &  [-3.64, c9] &   [-12.9, c10] &  [-6.42, c11] &  [-4.36, c12] &  [-5.32, c13] &   [-8.5, c14] &  [-36.48, c15] &  [-2.33, c16] &   [-24.3, c17] &  [-2.59, c18] &  [-3.68, c19] &  [-55.07, c20] &  [-50.72, c21] &  [-2.61, c22] &  [-7.74, c23] &  [-13.62, c24] &  [-0.94, c25] &  [-4.22, c26] &  [-0.29, c27] &  [-27.36, c28] &  [-3.71, c29] &  [-20.07, c30] &  [-1.18, c31] &  [-30.27, c32] &  [-12.97, c33] &  [-22.89, c34] \\
c34         &  [-0.36, new\_cluster] &  [-12.58, c1] &   [-16.1, c2] &   [-9.39, c3] &  [-22.07, c4] &  [-29.23, c5] &  [-18.97, c6] &  [-13.08, c7] &  [-5.62, c8] &   [-3.9, c9] &  [-13.04, c10] &  [-6.64, c11] &  [-1.28, c12] &  [-5.56, c13] &  [-8.36, c14] &  [-36.48, c15] &  [-2.36, c16] &  [-23.76, c17] &  [-2.59, c18] &  [-3.62, c19] &  [-55.07, c20] &  [-50.72, c21] &   [-2.5, c22] &  [-7.04, c23] &  [-13.05, c24] &  [-0.85, c25] &  [-4.26, c26] &  [-0.31, c27] &  [-27.47, c28] &  [-3.21, c29] &  [-19.89, c30] &  [-1.26, c31] &          [0, ] &          [0, ] &          [0, ] \\
\bottomrule
\end{tabular}

