Seed: 9
Experiment_path: AE_Model_2/Random_Seeds_DV5//V5_2/Experiment_05_9_opt_temp
Dataset_Path: ../_00_Datasets/03_SimDaten_Quiroga2020/C_Burst_Easy2_noise015.mat
Dataset_name: ['03_SimDaten_Quiroga2020', 'C_Burst_Easy2_noise015.mat']
Variant_name: Variant_05_Online_Autoencoder_QLearning_opt_temp
Visualisation_Path: AE_Model_2/Random_Seeds_DV5//V5_2/Experiment_05_9_opt_temp/C_Burst_Easy2_noise015.mat/Variant_05_Online_Autoencoder_QLearning_opt_temp/2023_05_04-13_18_25
Normalisation: False
Template Matching: True
Optimising Autoencoder: True
Update Factor: 1
Noisy Batches: False
Noisy Factor: 0.001
Epochs: 8
Batch Size: 1
maximal Spikes for Autoencoder Training : 700
maximal Spikes for Training: 1000
Input Size: 47
Chosen Model: Convolutional Autoencoder
ConvolutionalAutoencoder(
  (encoder): Sequential(
    (0): Conv1d(1, 6, kernel_size=(6,), stride=(1,))
    (1): LeakyReLU(negative_slope=0.01)
    (2): Conv1d(6, 1, kernel_size=(6,), stride=(1,))
    (3): Flatten(start_dim=1, end_dim=-1)
    (4): Linear(in_features=37, out_features=2, bias=True)
  )
  (decoder): Sequential(
    (0): ConvTranspose1d(1, 6, kernel_size=(6,), stride=(1,))
    (1): LeakyReLU(negative_slope=0.01)
    (2): ConvTranspose1d(6, 1, kernel_size=(6,), stride=(1,))
    (3): Flatten(start_dim=1, end_dim=-1)
    (4): Linear(in_features=12, out_features=47, bias=True)
  )
)
MSELoss()
Adam (
Parameter Group 0
    amsgrad: False
    betas: (0.9, 0.999)
    capturable: False
    differentiable: False
    eps: 1e-08
    foreach: None
    fused: False
    lr: 0.001
    maximize: False
    weight_decay: 0
)
---Q Learning Parameters---
Normalisation: False
Punishment Coefficient: 1.0
Alpha: 0.8
Epsilon: 0.01
Gamma: 0.97
Initial Episode Number: 0
Episode Number Coefficient: 1.4
Number of Random Features: 20
Planning Number: 20
Max Random Features: 60
New Episode Number: 72
New Episode Number: 143
New Episode Number: 215
New Episode Number: 286
New Episode Number: 358
New Episode Number: 429
New Episode Number: 500
New Episode Number: 572
New Episode Number: 643
New Episode Number: 715
New Episode Number: 786
New Episode Number: 858
New Episode Number: 929
New Episode Number: 1000
New Episode Number: 1072
New Episode Number: 1143
New Episode Number: 1215
                 0       1       2       3   ...      14      15      16   17
new_cluster -114.08 -163.25 -128.43 -117.37  ... -224.46 -141.66 -130.55  0.0
c1          -113.67 -164.27 -128.61 -116.02  ... -224.46 -141.66 -130.63  0.0
c2          -112.78 -166.26 -127.29 -117.11  ... -224.46 -141.66 -131.05  0.0
c3          -112.57 -165.42 -127.74 -117.26  ... -224.49 -141.79 -131.08  0.0
c4          -113.80 -168.56 -128.72 -115.18  ... -224.60 -141.66 -130.53  0.0
c5          -114.03 -166.68 -128.00 -117.89  ... -224.49 -141.66 -131.15  0.0
c6          -113.54 -166.56 -128.32 -117.70  ... -224.47 -141.67 -130.53  0.0
c7          -113.70 -166.57 -126.81 -115.03  ... -224.47 -141.67 -130.64  0.0
c8          -113.80 -168.42 -129.35 -116.94  ... -224.49 -141.67 -130.55  0.0
c9          -113.59 -167.90 -126.30 -116.45  ... -224.46 -141.67 -130.55  0.0
c10         -113.79 -168.75 -128.52 -116.03  ... -224.47 -141.67 -130.53  0.0
c11         -113.29 -162.69 -127.78 -115.42  ... -224.46 -141.66 -131.15  0.0
c12         -113.63 -163.87 -127.36 -115.61  ... -224.49 -141.66 -131.07  0.0
c13         -114.14 -167.58 -126.15 -117.77  ... -224.46 -141.89 -131.49  0.0
c14         -113.83 -165.24 -127.93 -117.90  ... -224.47 -141.67 -130.65  0.0
c15         -114.12 -169.43 -128.98 -115.26  ... -224.46 -141.67 -130.53  0.0
c16         -112.07 -163.50 -126.23 -116.14  ... -224.46 -141.67 -131.05  0.0
c17            0.00    0.00    0.00    0.00  ...    0.00    0.00    0.00  0.0

[18 rows x 18 columns]
\begin{tabular}{lrrrrrrrrrrrrrrrrrr}
\toprule
{} &      0  &      1  &      2  &      3  &      4  &      5  &      6  &      7  &      8  &      9  &      10 &      11 &      12 &      13 &      14 &      15 &      16 &   17 \\
\midrule
new\_cluster & -114.08 & -163.25 & -128.43 & -117.37 & -180.28 & -135.44 & -182.59 & -120.88 & -113.54 & -115.10 & -117.20 & -221.87 & -133.90 & -287.78 & -224.46 & -141.66 & -130.55 &  0.0 \\
c1          & -113.67 & -164.27 & -128.61 & -116.02 & -183.24 & -133.52 & -186.45 & -119.70 & -112.45 & -113.72 & -118.12 & -220.63 & -134.17 & -288.97 & -224.46 & -141.66 & -130.63 &  0.0 \\
c2          & -112.78 & -166.26 & -127.29 & -117.11 & -181.84 & -133.46 & -180.87 & -122.96 & -113.62 & -114.55 & -117.98 & -220.83 & -132.52 & -287.97 & -224.46 & -141.66 & -131.05 &  0.0 \\
c3          & -112.57 & -165.42 & -127.74 & -117.26 & -179.99 & -133.51 & -177.19 & -121.27 & -112.52 & -114.34 & -117.11 & -220.88 & -133.92 & -289.40 & -224.49 & -141.79 & -131.08 &  0.0 \\
c4          & -113.80 & -168.56 & -128.72 & -115.18 & -180.78 & -133.17 & -179.90 & -120.22 & -112.72 & -112.86 & -118.37 & -220.63 & -134.12 & -287.73 & -224.60 & -141.66 & -130.53 &  0.0 \\
c5          & -114.03 & -166.68 & -128.00 & -117.89 & -176.66 & -131.90 & -178.80 & -118.91 & -112.99 & -114.83 & -118.38 & -221.80 & -133.82 & -287.78 & -224.49 & -141.66 & -131.15 &  0.0 \\
c6          & -113.54 & -166.56 & -128.32 & -117.70 & -180.70 & -132.91 & -182.44 & -117.79 & -112.48 & -113.98 & -117.80 & -220.64 & -133.38 & -287.74 & -224.47 & -141.67 & -130.53 &  0.0 \\
c7          & -113.70 & -166.57 & -126.81 & -115.03 & -185.55 & -131.75 & -178.17 & -119.90 & -113.76 & -113.82 & -117.38 & -221.80 & -134.14 & -287.74 & -224.47 & -141.67 & -130.64 &  0.0 \\
c8          & -113.80 & -168.42 & -129.35 & -116.94 & -183.79 & -133.34 & -184.21 & -118.44 & -113.75 & -115.63 & -118.87 & -220.87 & -134.02 & -287.83 & -224.49 & -141.67 & -130.55 &  0.0 \\
c9          & -113.59 & -167.90 & -126.30 & -116.45 & -180.90 & -134.69 & -183.11 & -122.28 & -113.66 & -114.86 & -116.96 & -221.84 & -134.14 & -287.98 & -224.46 & -141.67 & -130.55 &  0.0 \\
c10         & -113.79 & -168.75 & -128.52 & -116.03 & -183.11 & -135.43 & -185.90 & -120.03 & -112.73 & -112.02 & -117.97 & -221.80 & -133.39 & -287.78 & -224.47 & -141.67 & -130.53 &  0.0 \\
c11         & -113.29 & -162.69 & -127.78 & -115.42 & -184.00 & -132.69 & -178.21 & -118.91 & -112.82 & -114.99 & -118.35 & -222.04 & -132.91 & -287.78 & -224.46 & -141.66 & -131.15 &  0.0 \\
c12         & -113.63 & -163.87 & -127.36 & -115.61 & -179.37 & -131.37 & -180.76 & -120.79 & -111.64 & -114.31 & -118.61 & -222.03 & -133.84 & -288.23 & -224.49 & -141.66 & -131.07 &  0.0 \\
c13         & -114.14 & -167.58 & -126.15 & -117.77 & -180.78 & -132.14 & -186.93 & -118.53 & -112.56 & -114.29 & -119.35 & -221.80 & -134.10 & -287.98 & -224.46 & -141.89 & -131.49 &  0.0 \\
c14         & -113.83 & -165.24 & -127.93 & -117.90 & -180.29 & -133.15 & -183.04 & -119.44 & -111.43 & -113.31 & -119.32 & -220.62 & -132.93 & -287.81 & -224.47 & -141.67 & -130.65 &  0.0 \\
c15         & -114.12 & -169.43 & -128.98 & -115.26 & -176.96 & -132.94 & -175.86 & -118.38 & -111.38 & -113.94 & -117.52 & -220.64 & -134.10 & -287.75 & -224.46 & -141.67 & -130.53 &  0.0 \\
c16         & -112.07 & -163.50 & -126.23 & -116.14 & -181.16 & -133.61 & -184.30 & -120.99 & -113.30 & -114.11 & -117.03 & -220.62 & -133.46 & -287.73 & -224.46 & -141.67 & -131.05 &  0.0 \\
c17         &    0.00 &    0.00 &    0.00 &    0.00 &    0.00 &    0.00 &    0.00 &    0.00 &    0.00 &    0.00 &    0.00 &    0.00 &    0.00 &    0.00 &    0.00 &    0.00 &    0.00 &  0.0 \\
\bottomrule
\end{tabular}

                              0             1   ...             16     17
new_cluster  [-4.0, new_cluster]   [-54.8, c1]  ...  [-22.46, c16]  [0, ]
c1           [-4.0, new_cluster]  [-55.19, c1]  ...  [-22.46, c16]  [0, ]
c2           [-4.0, new_cluster]  [-57.18, c1]  ...  [-22.46, c16]  [0, ]
c3           [-4.0, new_cluster]   [-57.8, c1]  ...  [-22.46, c16]  [0, ]
c4           [-4.0, new_cluster]  [-59.55, c1]  ...  [-22.46, c16]  [0, ]
c5           [-4.0, new_cluster]  [-57.87, c1]  ...  [-22.46, c16]  [0, ]
c6           [-4.0, new_cluster]  [-57.72, c1]  ...  [-22.46, c16]  [0, ]
c7           [-4.0, new_cluster]  [-57.49, c1]  ...  [-22.46, c16]  [0, ]
c8           [-4.0, new_cluster]  [-59.35, c1]  ...  [-22.46, c16]  [0, ]
c9           [-4.0, new_cluster]  [-58.88, c1]  ...  [-22.46, c16]  [0, ]
c10          [-4.0, new_cluster]  [-61.46, c1]  ...  [-22.46, c16]  [0, ]
c11          [-4.0, new_cluster]  [-53.69, c1]  ...  [-22.46, c16]  [0, ]
c12          [-4.0, new_cluster]  [-55.16, c1]  ...  [-22.46, c16]  [0, ]
c13          [-4.0, new_cluster]  [-58.51, c1]  ...  [-22.46, c16]  [0, ]
c14          [-4.0, new_cluster]  [-56.52, c1]  ...  [-22.46, c16]  [0, ]
c15          [-4.0, new_cluster]  [-60.45, c1]  ...  [-22.46, c16]  [0, ]
c16          [-4.0, new_cluster]  [-54.79, c1]  ...  [-22.46, c16]  [0, ]
c17                        [0, ]         [0, ]  ...          [0, ]  [0, ]

[18 rows x 18 columns]
\begin{tabular}{lllllllllllllllllll}
\toprule
{} &                   0  &            1  &            2  &           3  &            4  &            5  &            6  &            7  &           8  &           9  &             10 &              11 &             12 &              13 &              14 &             15 &             16 &     17 \\
\midrule
new\_cluster &  [-4.0, new\_cluster] &   [-54.8, c1] &  [-19.45, c2] &  [-8.35, c3] &  [-71.93, c4] &  [-26.76, c5] &   [-73.7, c6] &  [-11.56, c7] &  [-4.07, c8] &  [-5.46, c9] &   [-8.64, c10] &  [-112.65, c11] &  [-25.86, c12] &  [-180.57, c13] &  [-116.38, c14] &  [-33.63, c15] &  [-22.46, c16] &  [0, ] \\
c1          &  [-4.0, new\_cluster] &  [-55.19, c1] &  [-19.23, c2] &  [-7.31, c3] &  [-74.24, c4] &  [-25.78, c5] &  [-77.62, c6] &  [-11.48, c7] &  [-2.91, c8] &  [-4.88, c9] &   [-9.96, c10] &  [-112.65, c11] &  [-25.86, c12] &  [-180.57, c13] &  [-116.38, c14] &  [-33.63, c15] &  [-22.46, c16] &  [0, ] \\
c2          &  [-4.0, new\_cluster] &  [-57.18, c1] &  [-18.39, c2] &  [-9.34, c3] &  [-72.87, c4] &  [-24.87, c5] &  [-72.62, c6] &  [-12.92, c7] &  [-3.95, c8] &  [-4.67, c9] &   [-9.74, c10] &  [-112.65, c11] &  [-25.86, c12] &  [-180.57, c13] &  [-116.38, c14] &  [-33.63, c15] &  [-22.46, c16] &  [0, ] \\
c3          &  [-4.0, new\_cluster] &   [-57.8, c1] &  [-18.84, c2] &   [-8.4, c3] &  [-70.69, c4] &  [-24.12, c5] &  [-68.34, c6] &  [-11.39, c7] &  [-3.44, c8] &  [-5.43, c9] &   [-8.95, c10] &  [-112.65, c11] &  [-25.86, c12] &  [-180.57, c13] &  [-116.38, c14] &  [-33.63, c15] &  [-22.46, c16] &  [0, ] \\
c4          &  [-4.0, new\_cluster] &  [-59.55, c1] &  [-19.85, c2] &  [-7.35, c3] &  [-72.75, c4] &  [-23.74, c5] &  [-70.85, c6] &  [-10.89, c7] &  [-3.31, c8] &  [-3.54, c9] &   [-9.71, c10] &  [-112.65, c11] &  [-25.86, c12] &  [-180.57, c13] &  [-116.38, c14] &  [-33.63, c15] &  [-22.46, c16] &  [0, ] \\
c5          &  [-4.0, new\_cluster] &  [-57.87, c1] &  [-19.14, c2] &   [-9.0, c3] &  [-67.67, c4] &  [-22.47, c5] &  [-69.97, c6] &  [-10.57, c7] &  [-3.34, c8] &  [-5.76, c9] &   [-9.66, c10] &  [-112.65, c11] &  [-25.86, c12] &  [-180.57, c13] &  [-116.38, c14] &  [-33.63, c15] &  [-22.46, c16] &  [0, ] \\
c6          &  [-4.0, new\_cluster] &  [-57.72, c1] &  [-19.42, c2] &  [-8.85, c3] &  [-72.59, c4] &  [-24.21, c5] &  [-73.37, c6] &   [-9.77, c7] &  [-3.64, c8] &  [-5.45, c9] &   [-9.21, c10] &  [-112.65, c11] &  [-25.86, c12] &  [-180.57, c13] &  [-116.38, c14] &  [-33.63, c15] &  [-22.46, c16] &  [0, ] \\
c7          &  [-4.0, new\_cluster] &  [-57.49, c1] &  [-17.83, c2] &  [-7.32, c3] &  [-76.54, c4] &   [-23.0, c5] &  [-69.92, c6] &  [-10.64, c7] &  [-3.55, c8] &  [-4.85, c9] &   [-8.34, c10] &  [-112.65, c11] &  [-25.86, c12] &  [-180.57, c13] &  [-116.38, c14] &  [-33.63, c15] &  [-22.46, c16] &  [0, ] \\
c8          &  [-4.0, new\_cluster] &  [-59.35, c1] &  [-19.52, c2] &  [-7.86, c3] &  [-75.75, c4] &  [-23.91, c5] &  [-75.96, c6] &   [-9.06, c7] &  [-3.82, c8] &  [-6.02, c9] &  [-10.21, c10] &  [-112.65, c11] &  [-25.86, c12] &  [-180.57, c13] &  [-116.38, c14] &  [-33.63, c15] &  [-22.46, c16] &  [0, ] \\
c9          &  [-4.0, new\_cluster] &  [-58.88, c1] &  [-17.43, c2] &  [-8.45, c3] &  [-71.78, c4] &  [-26.51, c5] &  [-74.22, c6] &  [-12.19, c7] &   [-3.8, c8] &  [-5.11, c9] &   [-8.81, c10] &  [-112.65, c11] &  [-25.86, c12] &  [-180.57, c13] &  [-116.38, c14] &  [-33.63, c15] &  [-22.46, c16] &  [0, ] \\
c10         &  [-4.0, new\_cluster] &  [-61.46, c1] &  [-19.49, c2] &   [-8.1, c3] &  [-74.03, c4] &  [-25.91, c5] &  [-77.14, c6] &  [-10.66, c7] &  [-3.84, c8] &  [-4.23, c9] &   [-9.62, c10] &  [-112.65, c11] &  [-25.86, c12] &  [-180.57, c13] &  [-116.38, c14] &  [-33.63, c15] &  [-22.46, c16] &  [0, ] \\
c11         &  [-4.0, new\_cluster] &  [-53.69, c1] &  [-18.92, c2] &  [-7.74, c3] &  [-76.46, c4] &  [-23.26, c5] &  [-69.38, c6] &  [-10.85, c7] &   [-3.6, c8] &   [-5.7, c9] &   [-9.58, c10] &  [-112.65, c11] &  [-25.86, c12] &  [-180.57, c13] &  [-116.38, c14] &  [-33.63, c15] &  [-22.46, c16] &  [0, ] \\
c12         &  [-4.0, new\_cluster] &  [-55.16, c1] &  [-18.48, c2] &  [-7.88, c3] &  [-71.33, c4] &  [-22.78, c5] &  [-72.38, c6] &  [-11.67, c7] &  [-2.15, c8] &  [-5.34, c9] &   [-9.97, c10] &  [-112.65, c11] &  [-25.86, c12] &  [-180.57, c13] &  [-116.38, c14] &  [-33.63, c15] &  [-22.46, c16] &  [0, ] \\
c13         &  [-4.0, new\_cluster] &  [-58.51, c1] &  [-17.26, c2] &  [-8.63, c3] &  [-71.69, c4] &  [-22.88, c5] &   [-78.1, c6] &   [-10.3, c7] &  [-2.74, c8] &  [-4.93, c9] &  [-10.12, c10] &  [-112.65, c11] &  [-25.86, c12] &  [-180.57, c13] &  [-116.38, c14] &  [-33.63, c15] &  [-22.46, c16] &  [0, ] \\
c14         &  [-4.0, new\_cluster] &  [-56.52, c1] &  [-18.64, c2] &  [-8.85, c3] &  [-71.21, c4] &  [-23.82, c5] &  [-73.99, c6] &  [-10.35, c7] &  [-3.26, c8] &  [-5.37, c9] &  [-10.65, c10] &  [-112.65, c11] &  [-25.86, c12] &  [-180.57, c13] &  [-116.38, c14] &  [-33.63, c15] &  [-22.46, c16] &  [0, ] \\
c15         &  [-4.0, new\_cluster] &  [-60.45, c1] &  [-20.09, c2] &  [-7.56, c3] &  [-68.93, c4] &  [-24.18, c5] &  [-67.11, c6] &  [-10.14, c7] &  [-2.86, c8] &  [-4.96, c9] &   [-9.16, c10] &  [-112.65, c11] &  [-25.86, c12] &  [-180.57, c13] &  [-116.38, c14] &  [-33.63, c15] &  [-22.46, c16] &  [0, ] \\
c16         &  [-4.0, new\_cluster] &  [-54.79, c1] &  [-17.25, c2] &  [-8.26, c3] &  [-72.97, c4] &  [-24.63, c5] &  [-75.54, c6] &  [-10.88, c7] &  [-3.75, c8] &  [-5.27, c9] &   [-8.44, c10] &  [-112.65, c11] &  [-25.86, c12] &  [-180.57, c13] &  [-116.38, c14] &  [-33.63, c15] &  [-22.46, c16] &  [0, ] \\
c17         &                [0, ] &         [0, ] &         [0, ] &        [0, ] &         [0, ] &         [0, ] &         [0, ] &         [0, ] &        [0, ] &        [0, ] &          [0, ] &           [0, ] &          [0, ] &           [0, ] &           [0, ] &          [0, ] &          [0, ] &  [0, ] \\
\bottomrule
\end{tabular}

