Seed: 0
Experiment_path: Experiment_05
Dataset_Path: ../_00_Datasets/03_SimDaten_Quiroga2020/C_Easy1_noise030.mat
Dataset_name: ['03_SimDaten_Quiroga2020', 'C_Easy1_noise030.mat']
Variant_name: Variant_05_Online_Autoencoder_QLearning
Visualisation_Path: AE_Model_2/Epochs_GS_PC//V5_2/C_Easy1_noise030.mat/Variant_05_Online_Autoencoder_QLearning/0.4
Normalisation: False
Template Matching: False
Optimising Autoencoder: False
Update Factor: 1
Noisy Batches: False
Noisy Factor: 0.001
Epochs: 2
Batch Size: 1
maximal Spikes for Autoencoder Training : 700
maximal Spikes for Training: 1000
Input Size: 47
Chosen Model: Convolutional Autoencoder
ConvolutionalAutoencoder(
  (encoder): Sequential(
    (0): Conv1d(1, 6, kernel_size=(6,), stride=(1,))
    (1): LeakyReLU(negative_slope=0.01)
    (2): Conv1d(6, 1, kernel_size=(6,), stride=(1,))
    (3): Flatten(start_dim=1, end_dim=-1)
    (4): Linear(in_features=37, out_features=2, bias=True)
  )
  (decoder): Sequential(
    (0): ConvTranspose1d(1, 6, kernel_size=(6,), stride=(1,))
    (1): LeakyReLU(negative_slope=0.01)
    (2): ConvTranspose1d(6, 1, kernel_size=(6,), stride=(1,))
    (3): Flatten(start_dim=1, end_dim=-1)
    (4): Linear(in_features=12, out_features=47, bias=True)
  )
)
MSELoss()
Adam (
Parameter Group 0
    amsgrad: False
    betas: (0.9, 0.999)
    capturable: False
    differentiable: False
    eps: 1e-08
    foreach: None
    fused: False
    lr: 0.001
    maximize: False
    weight_decay: 0
)
---Q Learning Parameters---
Normalisation: False
Punishment Coefficient: 0.4
Alpha: 0.8
Epsilon: 0.01
Gamma: 0.97
Initial Episode Number: 0
Episode Number Coefficient: 1.4
Number of Random Features: 20
Planning Number: 20
Max Random Features: 60
New Episode Number: 72
New Episode Number: 143
New Episode Number: 215
New Episode Number: 286
New Episode Number: 358
New Episode Number: 429
New Episode Number: 500
New Episode Number: 572
New Episode Number: 643
New Episode Number: 715
New Episode Number: 786
New Episode Number: 858
New Episode Number: 929
New Episode Number: 1000
New Episode Number: 1072
New Episode Number: 1143
New Episode Number: 1215
New Episode Number: 1286
New Episode Number: 1358
New Episode Number: 1429
New Episode Number: 1501
New Episode Number: 1572
New Episode Number: 1643
New Episode Number: 1715
New Episode Number: 1786
New Episode Number: 1858
New Episode Number: 1929
New Episode Number: 2000
New Episode Number: 2072
New Episode Number: 2143
New Episode Number: 2215
New Episode Number: 2286
New Episode Number: 2358
New Episode Number: 2429
New Episode Number: 2500
New Episode Number: 2572
New Episode Number: 2643
New Episode Number: 2715
New Episode Number: 2786
New Episode Number: 2858
New Episode Number: 2929
               0      1      2     3      4   ...     37     38     39     40    41
new_cluster -5.89 -26.51 -22.01 -5.61 -26.05  ...  -8.45 -31.17 -38.56 -23.32 -5.51
c1          -5.99 -26.47 -21.42 -5.46 -24.68  ...  -7.52 -31.65 -38.66 -23.32 -5.39
c2          -5.90 -26.10 -20.75 -5.47 -26.29  ... -10.20 -31.63 -38.68 -23.32 -5.53
c3          -5.98 -26.27 -22.45 -5.63 -25.19  ...  -8.74 -30.89 -38.59 -23.32 -5.52
c4          -5.97 -25.63 -21.32 -5.56 -24.95  ...  -8.03 -32.32 -38.65 -23.32 -5.48
c5          -5.94 -25.17 -21.31 -5.61 -26.13  ...  -8.37 -31.43 -38.60 -23.32 -5.50
c6          -5.91 -26.82 -22.36 -5.51 -25.40  ...  -8.36 -31.05 -38.52 -23.32 -5.52
c7          -5.98 -26.01 -21.60 -5.50 -25.85  ...  -8.03 -32.07 -38.64 -23.32 -5.48
c8          -5.34 -25.85 -20.84 -5.59 -25.06  ...  -9.10 -31.86 -38.55 -23.32 -5.57
c9          -5.96 -26.72 -20.97 -5.58 -24.86  ...  -7.68 -30.83 -38.67 -23.32 -5.54
c10         -5.72 -25.66 -22.13 -5.55 -24.37  ...  -7.66 -29.16 -38.63 -23.32 -5.46
c11         -5.81 -27.39 -20.93 -5.30 -25.70  ...  -7.95 -31.43 -38.66 -23.32 -4.98
c12         -5.88 -26.20 -21.71 -5.53 -25.33  ...  -6.72 -31.06 -38.69 -23.32 -5.52
c13         -5.96 -27.00 -21.40 -5.56 -26.22  ...  -7.30 -31.01 -38.61 -23.32  0.00
c14         -5.78 -25.97 -21.62 -5.45 -26.80  ...  -7.14 -31.65 -38.57 -23.32 -5.54
c15         -5.96 -26.04 -21.39 -5.47 -23.29  ...  -7.93 -31.15 -38.63 -23.32 -5.53
c16         -5.95 -27.49 -21.47 -5.49 -25.97  ...  -8.80 -31.56 -38.67 -23.32 -5.51
c17         -6.00 -25.52 -21.41 -5.25 -25.09  ...  -9.75 -31.99 -38.52 -23.32 -5.56
c18         -5.99 -25.85 -21.98 -5.61 -24.69  ...  -7.63 -31.80 -38.67 -23.32 -5.56
c19         -5.98 -26.51 -21.44 -5.50 -25.90  ...  -7.00 -30.83 -38.53 -23.32  0.00
c20         -5.76 -26.89 -21.25 -5.42 -25.34  ...  -7.19 -30.26 -38.69 -23.32 -5.45
c21         -5.82 -26.62 -21.27 -5.42 -25.92  ...  -7.49 -31.28 -38.26 -23.32 -5.55
c22         -5.81 -26.46 -20.62 -5.53 -23.99  ... -10.07 -31.22 -38.56 -23.32 -4.99
c23         -5.88 -26.62 -21.78 -5.49 -25.02  ...  -8.43 -30.97 -38.61 -23.32 -5.53
c24         -5.75 -25.83 -21.07 -5.52 -25.68  ...  -8.85 -31.23 -38.32 -23.32 -5.53
c25         -5.45 -25.30 -21.68 -5.51 -26.29  ...  -8.02 -30.92 -38.65 -23.32  0.00
c26         -5.98 -26.03 -20.97 -5.52 -25.39  ...  -6.55 -31.18 -38.66 -23.32 -5.46
c27         -5.95 -25.47 -20.85 -5.56 -24.49  ...  -7.29 -31.66 -38.56 -23.32 -5.53
c28         -5.88 -25.83 -20.15 -5.51 -24.96  ...  -4.03 -30.97 -38.69 -23.32 -5.41
c29         -5.99 -26.33 -22.69 -4.52 -26.91  ...  -7.94 -31.44 -38.60 -23.32 -5.54
c30         -5.97 -25.91 -21.54 -5.52 -25.24  ...  -7.95 -30.67 -37.65 -23.32 -5.45
c31         -5.96 -27.09 -20.93 -5.42 -25.84  ...  -8.32 -31.34 -38.54 -23.32 -5.27
c32         -5.99 -25.81 -21.07 -5.47 -25.42  ...  -9.75 -30.44 -37.90 -23.32 -5.54
c33         -5.47 -25.86 -21.33 -5.43 -25.35  ...  -8.73 -31.69 -38.64 -23.32 -5.55
c34         -5.99 -26.19 -21.23 -5.64 -24.52  ...  -7.86 -31.44 -38.61 -23.32 -5.53
c35         -5.61 -26.24 -21.79 -5.52 -24.83  ...  -8.39 -31.09 -38.59   0.00 -5.43
c36         -5.97 -26.03 -21.30 -5.61 -24.65  ...  -9.72 -30.74 -38.68 -23.32 -5.50
c37         -5.91 -26.65 -21.25 -5.59 -23.50  ...  -8.02 -31.13 -38.53 -23.32 -4.85
c38         -5.91 -26.33 -21.59 -5.14 -25.47  ...  -8.35 -30.86 -38.60 -23.32 -5.50
c39         -5.99 -26.71 -20.62 -5.39 -25.52  ...  -8.26 -31.12 -38.51 -23.32 -5.50
c40         -5.90 -25.75 -21.53 -5.47 -25.48  ...  -9.18 -31.65 -38.56   0.00  0.00
c41         -6.00 -27.51 -21.61 -5.61 -25.48  ...  -8.41 -31.53 -38.46 -23.32 -5.52

[42 rows x 42 columns]
\begin{tabular}{lrrrrrrrrrrrrrrrrrrrrrrrrrrrrrrrrrrrrrrrrrr}
\toprule
{} &    0  &     1  &     2  &    3  &     4  &    5  &     6  &     7  &     8  &    9  &    10 &     11 &     12 &    13 &     14 &     15 &    16 &     17 &    18 &     19 &     20 &    21 &    22 &    23 &     24 &     25 &     26 &     27 &     28 &     29 &     30 &     31 &    32 &     33 &    34 &     35 &     36 &     37 &     38 &     39 &     40 &    41 \\
\midrule
new\_cluster & -5.89 & -26.51 & -22.01 & -5.61 & -26.05 & -6.11 & -22.94 & -15.18 & -22.95 & -5.86 & -8.86 & -18.26 & -25.03 & -8.47 & -11.13 & -15.53 & -5.94 & -16.40 & -6.44 & -22.99 & -35.76 & -8.10 & -8.72 & -6.36 & -11.73 & -17.58 & -17.10 & -13.05 & -22.61 & -23.30 & -16.82 & -17.34 & -5.77 & -36.82 & -5.71 & -37.33 & -22.86 &  -8.45 & -31.17 & -38.56 & -23.32 & -5.51 \\
c1          & -5.99 & -26.47 & -21.42 & -5.46 & -24.68 & -6.46 & -20.36 & -15.10 & -22.88 & -6.10 & -8.49 & -18.08 & -24.57 & -8.78 & -11.12 & -15.25 & -5.93 & -15.61 & -6.39 & -23.90 & -36.32 & -8.11 & -9.27 & -6.39 & -12.77 & -20.20 & -17.71 & -17.75 & -22.61 & -23.00 & -16.76 & -18.23 & -5.66 & -36.69 & -5.76 & -37.33 & -22.85 &  -7.52 & -31.65 & -38.66 & -23.32 & -5.39 \\
c2          & -5.90 & -26.10 & -20.75 & -5.47 & -26.29 & -6.45 & -20.34 & -13.98 & -23.22 & -5.91 & -8.83 & -14.78 & -25.42 & -8.74 & -11.20 & -14.46 & -5.34 & -16.48 & -6.75 & -22.41 & -36.22 & -8.11 & -8.67 & -5.97 & -12.58 & -19.69 & -17.12 & -14.85 & -23.24 & -22.77 & -16.48 & -18.54 & -6.10 & -36.69 & -5.74 & -37.33 & -23.45 & -10.20 & -31.63 & -38.68 & -23.32 & -5.53 \\
c3          & -5.98 & -26.27 & -22.45 & -5.63 & -25.19 & -6.62 & -20.86 & -15.32 & -22.85 & -6.02 & -8.83 & -17.51 & -23.80 & -8.47 & -10.88 & -13.93 & -5.85 & -16.76 & -5.79 & -22.74 & -36.74 & -8.25 & -9.04 & -6.36 & -12.97 & -14.07 & -17.26 & -10.74 & -23.16 & -23.32 & -15.00 & -18.59 & -6.09 & -36.88 & -5.59 & -37.33 & -23.54 &  -8.74 & -30.89 & -38.59 & -23.32 & -5.52 \\
c4          & -5.97 & -25.63 & -21.32 & -5.56 & -24.95 & -6.27 & -20.16 & -15.56 & -23.44 & -6.16 & -8.69 & -18.12 & -22.07 & -8.05 & -10.27 & -15.13 & -5.84 & -17.01 & -6.56 & -24.25 & -36.10 & -8.11 & -9.28 & -6.25 & -12.82 & -17.78 & -16.85 & -12.74 & -23.24 & -23.07 & -16.43 & -18.54 & -5.91 & -36.79 & -5.68 & -37.33 & -23.52 &  -8.03 & -32.32 & -38.65 & -23.32 & -5.48 \\
c5          & -5.94 & -25.17 & -21.31 & -5.61 & -26.13 & -6.35 & -21.18 & -14.28 & -22.40 & -5.12 & -8.88 & -17.54 & -24.11 & -8.47 & -11.15 & -15.46 & -5.63 & -15.51 & -6.33 & -23.55 & -36.41 & -8.44 & -9.10 & -6.32 & -12.75 & -14.74 & -16.19 & -13.82 & -23.45 & -23.12 & -16.88 & -18.62 & -6.25 & -36.87 & -5.31 & -37.33 & -22.87 &  -8.37 & -31.43 & -38.60 & -23.32 & -5.50 \\
c6          & -5.91 & -26.82 & -22.36 & -5.51 & -25.40 & -6.40 & -20.97 & -15.32 & -22.54 & -5.93 & -8.50 & -17.86 & -25.21 & -8.98 & -10.49 & -15.50 & -5.95 & -16.12 & -6.61 & -23.64 & -36.37 & -8.38 & -8.67 & -6.17 & -12.66 & -13.98 & -16.88 & -11.71 & -23.02 & -23.05 & -16.68 & -18.28 & -6.18 & -36.78 & -5.57 & -37.33 & -22.99 &  -8.36 & -31.05 & -38.52 & -23.32 & -5.52 \\
c7          & -5.98 & -26.01 & -21.60 & -5.50 & -25.85 & -6.21 & -21.32 & -15.22 & -22.35 & -5.82 & -8.51 & -18.78 & -21.82 & -8.38 & -11.39 & -15.74 & -5.80 & -16.44 & -6.45 & -22.86 & -36.48 & -8.43 & -8.48 & -6.34 & -12.56 & -17.20 & -16.61 & -10.13 & -23.38 & -23.27 & -17.03 & -17.47 & -5.80 & -36.16 & -5.61 & -37.33 & -22.99 &  -8.03 & -32.07 & -38.64 & -23.32 & -5.48 \\
c8          & -5.34 & -25.85 & -20.84 & -5.59 & -25.06 & -6.45 & -20.41 & -15.43 & -22.99 & -5.99 & -8.87 & -17.61 & -25.20 & -8.78 & -10.68 & -15.64 & -5.45 & -15.86 & -6.47 & -23.39 & -36.71 & -7.40 & -8.81 & -6.27 & -12.72 & -18.02 & -17.55 & -13.51 & -23.08 & -23.24 & -16.83 & -18.28 & -5.65 & -36.79 & -5.62 & -37.33 & -22.86 &  -9.10 & -31.86 & -38.55 & -23.32 & -5.57 \\
c9          & -5.96 & -26.72 & -20.97 & -5.58 & -24.86 & -6.44 & -20.49 & -15.21 & -22.53 & -5.64 & -8.84 & -18.08 & -22.85 & -8.28 & -11.02 & -15.75 & -5.64 & -16.00 & -6.58 & -23.69 & -35.93 & -8.17 & -9.24 & -6.09 & -12.63 & -14.07 & -16.89 & -16.00 & -23.47 & -23.16 & -16.75 & -18.54 & -6.09 & -36.00 & -5.71 & -37.33 & -23.45 &  -7.68 & -30.83 & -38.67 & -23.32 & -5.54 \\
c10         & -5.72 & -25.66 & -22.13 & -5.55 & -24.37 & -6.55 & -20.59 & -14.90 & -22.14 & -5.68 & -8.78 & -17.97 & -23.81 & -8.35 & -11.08 & -15.46 & -5.95 & -17.19 & -6.50 & -23.69 & -36.50 & -8.26 & -9.08 & -6.22 & -11.81 &  -9.14 & -15.65 & -14.96 & -23.00 & -23.12 & -17.03 & -18.54 & -5.92 & -36.28 & -5.72 & -37.33 & -22.01 &  -7.66 & -29.16 & -38.63 & -23.32 & -5.46 \\
c11         & -5.81 & -27.39 & -20.93 & -5.30 & -25.70 & -6.28 & -20.97 & -15.10 & -23.34 & -5.66 & -8.77 & -18.33 & -24.26 & -9.04 & -10.46 & -15.64 & -5.56 & -16.68 & -6.49 & -23.84 & -36.57 & -7.88 & -9.00 & -6.35 & -13.19 & -12.19 & -16.57 & -12.92 & -23.33 & -23.27 & -16.20 & -18.54 & -6.24 & -36.75 & -5.57 & -37.33 & -22.87 &  -7.95 & -31.43 & -38.66 & -23.32 & -4.98 \\
c12         & -5.88 & -26.20 & -21.71 & -5.53 & -25.33 & -6.38 & -21.03 & -13.93 & -22.90 & -5.69 & -8.99 & -18.28 & -24.28 & -8.95 & -10.34 & -15.01 & -5.86 & -16.72 & -6.33 & -24.39 & -33.94 & -8.08 & -9.16 & -6.11 & -12.91 &  -9.23 & -17.31 & -11.14 & -23.50 & -23.11 & -16.45 & -18.39 & -5.72 & -36.59 & -5.42 & -37.33 & -22.97 &  -6.72 & -31.06 & -38.69 & -23.32 & -5.52 \\
c13         & -5.96 & -27.00 & -21.40 & -5.56 & -26.22 & -6.38 & -20.55 & -14.35 & -23.04 & -6.05 & -7.22 & -17.86 & -24.63 & -8.61 & -10.55 & -14.54 & -5.89 & -17.45 & -6.59 & -24.27 & -36.54 & -8.17 & -8.76 & -6.13 & -12.67 & -13.92 & -17.02 & -12.85 & -22.73 & -23.22 & -16.54 & -18.60 & -6.14 & -36.84 & -5.65 & -37.33 & -22.99 &  -7.30 & -31.01 & -38.61 & -23.32 &  0.00 \\
c14         & -5.78 & -25.97 & -21.62 & -5.45 & -26.80 & -6.42 & -20.65 & -15.54 & -22.68 & -5.89 & -8.40 & -18.13 & -24.49 & -8.37 & -10.80 & -15.39 & -5.89 & -16.24 & -6.45 & -23.64 & -36.10 & -7.89 & -9.21 & -5.84 & -12.75 & -16.62 & -16.74 & -12.59 & -22.99 & -22.98 & -16.92 & -18.22 & -5.75 & -36.61 & -5.56 & -37.33 & -22.99 &  -7.14 & -31.65 & -38.57 & -23.32 & -5.54 \\
c15         & -5.96 & -26.04 & -21.39 & -5.47 & -23.29 & -6.54 & -20.18 & -15.58 & -23.05 & -5.93 & -8.41 & -17.99 & -25.14 & -9.15 & -11.18 & -15.86 & -5.54 & -16.44 & -5.75 & -23.26 & -36.77 & -7.96 & -8.85 & -6.24 & -12.41 & -12.64 & -17.09 & -12.48 & -22.75 & -23.44 & -16.81 & -18.60 & -5.88 & -36.67 & -4.96 & -37.33 & -22.97 &  -7.93 & -31.15 & -38.63 & -23.32 & -5.53 \\
c16         & -5.95 & -27.49 & -21.47 & -5.49 & -25.97 & -6.41 & -20.12 & -14.67 & -23.02 & -5.68 & -8.95 & -17.89 & -23.09 & -9.01 & -11.06 & -15.08 & -5.97 & -17.52 & -6.63 & -23.24 & -36.24 & -8.40 & -9.04 & -6.28 & -12.98 & -16.65 & -16.69 & -14.86 & -23.16 & -23.38 & -16.73 & -18.12 & -5.87 & -36.50 & -5.68 & -37.33 & -22.85 &  -8.80 & -31.56 & -38.67 & -23.32 & -5.51 \\
c17         & -6.00 & -25.52 & -21.41 & -5.25 & -25.09 & -5.74 & -19.79 & -15.23 & -23.67 & -6.02 & -8.51 & -18.29 & -24.05 & -8.75 & -11.44 & -15.36 & -5.85 & -17.05 & -6.55 & -24.62 & -34.78 & -8.07 & -9.16 & -6.30 & -12.86 & -19.43 & -16.45 & -14.67 & -23.12 & -23.03 & -16.54 & -18.55 & -5.92 & -36.68 & -5.49 & -37.33 & -22.96 &  -9.75 & -31.99 & -38.52 & -23.32 & -5.56 \\
c18         & -5.99 & -25.85 & -21.98 & -5.61 & -24.69 & -6.48 & -20.53 & -15.18 & -23.70 & -6.01 & -7.75 & -18.33 & -25.07 & -8.84 & -10.73 & -15.41 & -5.92 & -15.57 & -6.67 & -24.01 & -36.59 & -8.26 & -8.68 & -6.26 & -12.84 &  -9.96 & -16.03 & -11.47 & -22.89 & -23.20 & -15.96 & -18.39 & -6.04 & -36.87 & -5.73 & -37.33 & -23.00 &  -7.63 & -31.80 & -38.67 & -23.32 & -5.56 \\
c19         & -5.98 & -26.51 & -21.44 & -5.50 & -25.90 & -6.45 & -21.44 & -14.77 & -22.87 & -6.04 & -8.88 & -18.22 & -23.29 & -8.35 & -10.61 & -15.91 & -5.93 & -16.91 & -6.51 & -24.12 & -36.07 & -8.33 & -8.87 & -6.30 & -11.88 & -16.34 & -16.87 & -13.64 & -22.66 & -23.20 & -16.76 & -18.03 & -6.22 & -36.83 & -5.71 & -37.33 & -23.45 &  -7.00 & -30.83 & -38.53 & -23.32 &  0.00 \\
c20         & -5.76 & -26.89 & -21.25 & -5.42 & -25.34 & -6.37 & -21.13 & -14.89 & -23.10 & -5.91 & -8.37 & -18.01 & -24.15 & -8.55 & -10.74 & -15.57 & -5.93 & -15.74 & -5.85 & -22.71 & -35.55 & -8.26 & -8.79 & -6.39 & -12.90 & -17.05 & -16.42 & -17.20 & -23.17 & -23.11 & -16.35 & -18.28 & -5.90 & -36.78 & -5.68 & -37.33 & -22.87 &  -7.19 & -30.26 & -38.69 & -23.32 & -5.45 \\
c21         & -5.82 & -26.62 & -21.27 & -5.42 & -25.92 & -6.18 & -19.55 & -15.58 & -23.09 & -6.00 & -6.27 & -18.30 & -24.41 & -8.86 & -10.88 & -15.55 & -5.95 & -16.40 & -6.18 & -23.65 & -37.10 & -7.94 & -8.99 & -5.91 & -13.26 & -17.64 & -17.27 & -12.94 & -22.93 & -23.40 & -15.99 & -18.23 & -6.15 & -36.62 & -5.30 & -37.33 & -22.99 &  -7.49 & -31.28 & -38.26 & -23.32 & -5.55 \\
c22         & -5.81 & -26.46 & -20.62 & -5.53 & -23.99 & -6.31 & -20.35 & -15.27 & -23.30 & -5.52 & -8.64 & -18.51 & -23.33 & -8.65 & -10.56 & -15.06 & -5.58 & -16.64 & -6.79 & -23.10 & -36.28 & -7.63 & -9.07 & -6.21 & -12.62 & -14.02 & -16.84 & -12.34 & -23.30 & -23.23 & -16.48 & -18.55 & -6.26 & -36.32 & -5.58 & -37.33 & -23.27 & -10.07 & -31.22 & -38.56 & -23.32 & -4.99 \\
c23         & -5.88 & -26.62 & -21.78 & -5.49 & -25.02 & -6.28 & -20.90 & -14.80 & -23.76 & -5.85 & -8.87 & -18.71 & -24.50 & -8.55 & -10.63 & -15.56 & -5.56 & -15.43 & -5.78 & -23.20 & -36.77 & -8.48 & -9.10 & -6.17 & -11.98 & -15.91 & -17.00 & -17.04 & -23.33 & -23.07 & -16.71 & -18.28 & -6.11 & -36.83 & -5.77 & -37.33 & -22.21 &  -8.43 & -30.97 & -38.61 & -23.32 & -5.53 \\
c24         & -5.75 & -25.83 & -21.07 & -5.52 & -25.68 & -6.34 & -20.55 & -15.14 & -22.88 & -5.98 & -8.65 & -18.24 & -23.54 & -8.53 & -10.39 & -15.29 & -5.93 & -15.97 & -6.46 & -23.12 & -35.79 & -8.11 & -8.79 & -6.14 & -11.65 & -13.12 & -16.17 & -14.63 & -23.75 & -23.06 & -16.87 & -18.29 & -5.97 & -36.84 & -5.75 & -37.33 & -22.35 &  -8.85 & -31.23 & -38.32 & -23.32 & -5.53 \\
c25         & -5.45 & -25.30 & -21.68 & -5.51 & -26.29 & -6.33 & -20.79 & -15.22 & -23.66 & -5.91 & -8.68 & -17.15 & -24.23 & -8.86 & -10.72 & -15.07 & -5.93 & -16.74 & -6.34 & -24.30 & -36.84 & -7.49 & -8.68 & -5.99 & -11.52 &  -8.00 & -17.43 & -15.97 & -23.01 & -23.22 & -16.88 & -18.52 & -6.09 & -36.89 & -5.72 & -37.33 & -22.97 &  -8.02 & -30.92 & -38.65 & -23.32 &  0.00 \\
c26         & -5.98 & -26.03 & -20.97 & -5.52 & -25.39 & -6.37 & -21.30 & -14.62 & -23.05 & -5.95 & -8.56 & -17.82 & -23.19 & -9.30 & -11.47 & -14.76 & -5.75 & -15.61 & -6.68 & -23.17 & -36.87 & -7.27 & -8.69 & -5.77 & -13.05 & -13.65 & -16.91 & -13.65 & -23.14 & -23.20 & -16.43 & -18.61 & -5.68 & -36.76 & -5.69 & -37.33 & -22.84 &  -6.55 & -31.18 & -38.66 & -23.32 & -5.46 \\
c27         & -5.95 & -25.47 & -20.85 & -5.56 & -24.49 & -6.42 & -20.74 & -14.77 & -22.09 & -5.93 & -9.27 & -18.87 & -24.94 & -8.87 & -11.13 & -15.77 & -5.46 & -17.53 & -5.68 & -23.24 & -36.42 & -8.40 & -9.03 & -6.34 & -12.92 & -16.16 & -16.44 & -15.00 & -22.86 & -23.22 & -16.66 & -18.53 & -6.02 & -36.84 & -5.55 & -37.33 & -22.99 &  -7.29 & -31.66 & -38.56 & -23.32 & -5.53 \\
c28         & -5.88 & -25.83 & -20.15 & -5.51 & -24.96 & -6.45 & -20.96 & -15.23 & -23.22 & -5.54 & -8.96 & -17.55 & -24.10 & -8.84 & -11.20 & -14.63 & -5.93 & -16.45 & -6.35 & -22.32 & -36.17 & -8.26 & -8.90 & -6.30 & -12.74 & -17.00 & -17.17 & -12.69 & -23.35 & -23.00 & -17.13 & -18.54 & -6.11 & -36.88 & -5.33 & -37.33 & -23.00 &  -4.03 & -30.97 & -38.69 & -23.32 & -5.41 \\
c29         & -5.99 & -26.33 & -22.69 & -4.52 & -26.91 & -6.44 & -20.86 & -14.59 & -22.82 & -5.80 & -8.83 & -18.29 & -24.52 & -7.97 & -10.68 & -15.77 & -5.86 & -16.68 & -6.33 & -23.53 & -36.26 & -7.49 & -8.75 & -6.05 & -12.90 & -15.41 & -16.51 & -12.40 & -23.34 & -23.30 & -16.81 & -18.59 & -5.98 & -36.87 & -5.71 & -37.33 & -22.97 &  -7.94 & -31.44 & -38.60 & -23.32 & -5.54 \\
c30         & -5.97 & -25.91 & -21.54 & -5.52 & -25.24 & -6.12 & -21.07 & -14.91 & -23.91 & -6.07 & -8.58 & -18.37 & -24.60 & -8.96 & -11.07 & -15.74 & -5.60 & -16.15 & -6.63 & -23.12 & -36.18 & -8.41 & -8.79 & -6.35 & -13.14 & -12.78 & -16.95 & -16.54 & -23.61 & -23.29 & -16.89 & -18.55 & -5.82 & -36.89 & -5.52 & -37.33 & -22.99 &  -7.95 & -30.67 & -37.65 & -23.32 & -5.45 \\
c31         & -5.96 & -27.09 & -20.93 & -5.42 & -25.84 & -6.36 & -20.81 & -15.04 & -23.04 & -5.76 & -8.84 & -17.71 & -24.06 & -8.32 & -10.17 & -14.49 & -5.88 & -15.81 & -6.58 & -22.81 & -35.99 & -8.08 & -8.96 & -6.28 & -13.14 & -14.61 & -17.40 & -11.77 & -23.18 & -23.10 & -16.47 & -18.53 & -5.94 & -36.83 & -5.74 & -37.33 & -23.43 &  -8.32 & -31.34 & -38.54 & -23.32 & -5.27 \\
c32         & -5.99 & -25.81 & -21.07 & -5.47 & -25.42 & -6.43 & -20.78 & -14.94 & -23.15 & -6.14 & -8.61 & -18.36 & -23.44 & -8.66 & -11.37 & -15.73 & -5.52 & -16.74 & -6.40 & -22.78 & -36.85 & -8.18 & -7.09 & -6.37 & -12.54 & -14.86 & -16.23 & -11.51 & -23.24 & -22.99 & -16.21 & -18.12 & -5.81 & -36.73 & -5.46 & -37.33 & -22.86 &  -9.75 & -30.44 & -37.90 & -23.32 & -5.54 \\
c33         & -5.47 & -25.86 & -21.33 & -5.43 & -25.35 & -6.41 & -20.34 & -15.07 & -23.49 & -5.99 & -8.01 & -17.79 & -23.67 & -9.00 & -11.17 & -15.50 & -5.35 & -16.56 & -6.55 & -23.07 & -36.46 & -7.34 & -8.39 & -6.35 & -11.70 & -17.69 & -17.37 & -14.93 & -23.17 & -23.08 & -16.59 & -18.60 & -6.13 & -36.83 & -5.64 & -37.33 & -22.99 &  -8.73 & -31.69 & -38.64 & -23.32 & -5.55 \\
c34         & -5.99 & -26.19 & -21.23 & -5.64 & -24.52 & -6.28 & -20.02 & -14.87 & -23.29 & -6.02 & -7.16 & -17.66 & -24.27 & -8.30 & -11.48 & -16.00 & -5.51 & -15.77 & -6.57 & -24.24 & -37.14 & -8.09 & -8.63 & -6.39 & -13.11 & -16.03 & -16.94 & -12.03 & -23.33 & -23.14 & -17.18 & -18.28 & -6.05 & -36.04 & -5.61 & -37.33 & -23.45 &  -7.86 & -31.44 & -38.61 & -23.32 & -5.53 \\
c35         & -5.61 & -26.24 & -21.79 & -5.52 & -24.83 & -6.37 & -20.58 & -15.14 & -23.60 & -6.05 & -6.12 & -18.35 & -24.32 & -8.77 & -11.03 & -14.47 & -5.78 & -16.89 & -6.42 & -24.87 & -36.30 & -8.33 & -8.84 & -6.34 & -10.20 & -21.69 & -16.89 & -17.14 & -23.08 & -22.95 & -16.86 & -18.47 & -5.69 & -36.87 & -5.63 & -37.33 & -22.97 &  -8.39 & -31.09 & -38.59 &   0.00 & -5.43 \\
c36         & -5.97 & -26.03 & -21.30 & -5.61 & -24.65 & -6.28 & -19.81 & -15.45 & -23.53 & -5.98 & -8.74 & -17.33 & -24.39 & -9.01 & -11.26 & -16.10 & -5.89 & -17.00 & -6.56 & -22.56 & -36.45 & -8.33 & -8.72 & -6.21 & -13.05 & -18.04 & -17.64 & -14.79 & -23.16 & -23.06 & -16.32 & -18.59 & -6.17 & -36.67 & -5.49 & -37.33 & -22.97 &  -9.72 & -30.74 & -38.68 & -23.32 & -5.50 \\
c37         & -5.91 & -26.65 & -21.25 & -5.59 & -23.50 & -6.51 & -19.48 & -14.90 & -22.25 & -5.85 & -8.95 & -16.86 & -25.17 & -8.82 & -10.95 & -15.76 & -5.88 & -14.65 & -6.58 & -23.84 & -36.60 & -7.43 & -8.48 & -5.90 & -12.97 & -14.30 & -16.67 & -14.32 & -23.42 & -23.18 & -16.67 & -18.27 & -6.15 & -36.17 & -5.44 & -37.33 & -22.78 &  -8.02 & -31.13 & -38.53 & -23.32 & -4.85 \\
c38         & -5.91 & -26.33 & -21.59 & -5.14 & -25.47 & -4.65 & -21.18 & -15.02 & -22.27 & -5.46 & -7.56 & -18.19 & -24.37 & -8.92 & -10.76 & -14.93 & -5.97 & -16.70 & -6.22 & -23.13 & -36.58 & -7.50 & -9.29 & -6.23 & -12.78 & -17.80 & -17.34 & -16.61 & -23.20 & -23.20 & -16.68 & -17.99 & -6.14 & -36.86 & -4.98 & -37.33 & -22.85 &  -8.35 & -30.86 & -38.60 & -23.32 & -5.50 \\
c39         & -5.99 & -26.71 & -20.62 & -5.39 & -25.52 & -6.40 & -21.25 & -15.41 & -23.19 & -5.70 & -8.60 & -17.88 & -24.47 & -9.03 & -11.21 & -15.42 & -5.58 & -15.59 & -6.54 & -22.20 & -36.01 & -7.43 & -9.09 & -6.29 & -13.07 & -17.37 & -16.78 & -11.54 & -22.91 & -22.75 & -16.62 & -18.27 & -6.04 & -36.35 & -5.57 & -37.33 & -22.99 &  -8.26 & -31.12 & -38.51 & -23.32 & -5.50 \\
c40         & -5.90 & -25.75 & -21.53 & -5.47 & -25.48 & -5.90 & -20.57 & -15.00 & -23.48 & -5.36 & -8.48 & -17.31 & -24.94 & -8.06 & -11.14 & -15.00 & -5.81 & -16.92 & -6.18 & -23.54 & -36.31 & -8.22 & -8.86 & -6.14 & -13.21 & -10.70 & -17.17 & -15.45 & -23.56 & -22.97 & -16.92 & -18.55 & -5.73 & -36.85 & -5.70 & -37.33 & -22.99 &  -9.18 & -31.65 & -38.56 &   0.00 &  0.00 \\
c41         & -6.00 & -27.51 & -21.61 & -5.61 & -25.48 & -6.39 & -20.70 & -15.82 & -23.23 & -6.16 & -7.87 & -18.16 & -24.07 & -8.68 & -11.02 & -14.86 & -6.09 & -16.91 & -6.38 & -23.15 & -36.74 & -8.11 & -8.82 & -6.07 & -12.87 & -21.80 & -16.26 & -13.16 & -22.97 & -23.17 & -16.23 & -17.99 & -6.10 & -36.87 & -5.72 & -37.33 & -22.74 &  -8.41 & -31.53 & -38.46 & -23.32 & -5.52 \\
\bottomrule
\end{tabular}

                               0             1   ...             40            41
new_cluster  [-0.64, new_cluster]  [-21.29, c1]  ...  [-23.32, c40]  [-0.16, c41]
c1           [-0.64, new_cluster]  [-21.24, c1]  ...  [-23.32, c40]  [-0.14, c41]
c2           [-0.64, new_cluster]  [-20.92, c1]  ...  [-23.32, c40]  [-0.19, c41]
c3           [-0.64, new_cluster]  [-21.25, c1]  ...  [-23.32, c40]  [-0.16, c41]
c4           [-0.64, new_cluster]  [-21.24, c1]  ...  [-23.32, c40]  [-0.16, c41]
c5           [-0.64, new_cluster]  [-20.87, c1]  ...  [-23.32, c40]  [-0.18, c41]
c6           [-0.64, new_cluster]  [-21.62, c1]  ...  [-23.32, c40]  [-0.17, c41]
c7           [-0.64, new_cluster]  [-20.79, c1]  ...  [-23.32, c40]  [-0.18, c41]
c8           [-0.64, new_cluster]  [-20.78, c1]  ...  [-23.32, c40]  [-0.17, c41]
c9           [-0.64, new_cluster]  [-21.49, c1]  ...  [-23.32, c40]  [-0.17, c41]
c10          [-0.64, new_cluster]  [-20.55, c1]  ...  [-23.32, c40]  [-0.15, c41]
c11          [-0.64, new_cluster]  [-22.19, c1]  ...  [-23.32, c40]  [-0.14, c41]
c12          [-0.64, new_cluster]  [-21.04, c1]  ...  [-23.32, c40]  [-0.15, c41]
c13          [-0.64, new_cluster]  [-21.91, c1]  ...  [-23.32, c40]         [0, ]
c14          [-0.64, new_cluster]  [-20.76, c1]  ...  [-23.32, c40]  [-0.16, c41]
c15          [-0.64, new_cluster]  [-20.82, c1]  ...  [-23.32, c40]  [-0.14, c41]
c16          [-0.64, new_cluster]  [-22.27, c1]  ...  [-23.32, c40]  [-0.17, c41]
c17          [-0.64, new_cluster]  [-20.31, c1]  ...  [-23.32, c40]  [-0.18, c41]
c18          [-0.64, new_cluster]  [-20.62, c1]  ...  [-23.32, c40]  [-0.17, c41]
c19          [-0.64, new_cluster]  [-21.29, c1]  ...  [-23.32, c40]         [0, ]
c20          [-0.64, new_cluster]  [-21.73, c1]  ...  [-23.32, c40]  [-0.17, c41]
c21          [-0.64, new_cluster]  [-21.39, c1]  ...  [-23.32, c40]  [-0.16, c41]
c22          [-0.64, new_cluster]  [-21.24, c1]  ...  [-23.32, c40]  [-0.16, c41]
c23          [-0.64, new_cluster]  [-21.41, c1]  ...  [-23.32, c40]  [-0.17, c41]
c24          [-0.64, new_cluster]  [-20.72, c1]  ...  [-23.32, c40]  [-0.15, c41]
c25          [-0.64, new_cluster]  [-20.54, c1]  ...  [-23.32, c40]         [0, ]
c26          [-0.64, new_cluster]  [-20.83, c1]  ...  [-23.32, c40]  [-0.14, c41]
c27          [-0.64, new_cluster]  [-20.69, c1]  ...  [-23.32, c40]  [-0.17, c41]
c28          [-0.64, new_cluster]  [-20.63, c1]  ...  [-23.32, c40]  [-0.15, c41]
c29          [-0.64, new_cluster]  [-21.12, c1]  ...  [-23.32, c40]  [-0.15, c41]
c30          [-0.64, new_cluster]  [-20.75, c1]  ...  [-23.32, c40]  [-0.16, c41]
c31          [-0.64, new_cluster]  [-21.89, c1]  ...  [-23.32, c40]  [-0.17, c41]
c32          [-0.64, new_cluster]  [-20.66, c1]  ...  [-23.32, c40]  [-0.19, c41]
c33          [-0.64, new_cluster]  [-21.34, c1]  ...  [-23.32, c40]  [-0.17, c41]
c34          [-0.64, new_cluster]   [-21.8, c1]  ...  [-23.32, c40]  [-0.15, c41]
c35          [-0.64, new_cluster]  [-21.02, c1]  ...          [0, ]  [-0.17, c41]
c36          [-0.64, new_cluster]  [-20.94, c1]  ...  [-23.32, c40]  [-0.18, c41]
c37          [-0.64, new_cluster]  [-21.43, c1]  ...  [-23.32, c40]  [-0.18, c41]
c38          [-0.64, new_cluster]  [-21.53, c1]  ...  [-23.32, c40]  [-0.19, c41]
c39          [-0.64, new_cluster]  [-21.49, c1]  ...  [-23.32, c40]  [-0.17, c41]
c40          [-0.64, new_cluster]   [-21.1, c1]  ...          [0, ]         [0, ]
c41          [-0.64, new_cluster]  [-22.29, c1]  ...  [-23.32, c40]  [-0.21, c41]

[42 rows x 42 columns]
\begin{tabular}{lllllllllllllllllllllllllllllllllllllllllll}
\toprule
{} &                    0  &            1  &            2  &           3  &            4  &           5  &            6  &            7  &            8  &           9  &            10 &             11 &             12 &            13 &            14 &             15 &            16 &             17 &            18 &             19 &             20 &            21 &            22 &            23 &            24 &             25 &             26 &             27 &             28 &             29 &             30 &             31 &            32 &            33 &            34 &             35 &             36 &            37 &             38 &             39 &             40 &            41 \\
\midrule
new\_cluster &  [-0.64, new\_cluster] &  [-21.29, c1] &  [-16.83, c2] &  [-0.25, c3] &  [-20.85, c4] &  [-1.29, c5] &  [-17.67, c6] &  [-10.06, c7] &  [-17.78, c8] &  [-0.64, c9] &  [-3.76, c10] &  [-13.65, c11] &  [-19.79, c12] &  [-8.47, c13] &  [-6.26, c14] &  [-10.73, c15] &  [-0.68, c16] &  [-11.47, c17] &   [-1.3, c18] &  [-22.99, c19] &  [-31.42, c20] &  [-3.05, c21] &  [-3.89, c22] &   [-1.2, c23] &  [-7.76, c24] &  [-17.58, c25] &  [-12.19, c26] &   [-7.86, c27] &  [-18.73, c28] &  [-19.01, c29] &  [-12.17, c30] &  [-13.51, c31] &  [-0.81, c32] &  [-31.7, c33] &   [-0.4, c34] &  [-37.33, c35] &  [-18.25, c36] &  [-4.04, c37] &  [-26.89, c38] &  [-33.46, c39] &  [-23.32, c40] &  [-0.16, c41] \\
c1          &  [-0.64, new\_cluster] &  [-21.24, c1] &   [-16.3, c2] &  [-0.16, c3] &  [-19.42, c4] &   [-1.5, c5] &  [-15.25, c6] &  [-10.21, c7] &   [-17.8, c8] &  [-0.73, c9] &  [-3.44, c10] &  [-13.58, c11] &   [-19.6, c12] &  [-8.78, c13] &  [-6.27, c14] &  [-10.65, c15] &  [-0.68, c16] &  [-11.61, c17] &  [-1.15, c18] &   [-23.9, c19] &  [-31.65, c20] &  [-3.12, c21] &  [-4.43, c22] &  [-1.09, c23] &  [-7.64, c24] &   [-20.2, c25] &  [-12.68, c26] &  [-12.54, c27] &   [-18.7, c28] &  [-18.62, c29] &  [-11.87, c30] &  [-13.51, c31] &  [-0.79, c32] &  [-31.7, c33] &  [-0.45, c34] &  [-37.33, c35] &  [-18.25, c36] &  [-3.35, c37] &  [-27.14, c38] &  [-33.46, c39] &  [-23.32, c40] &  [-0.14, c41] \\
c2          &  [-0.64, new\_cluster] &  [-20.92, c1] &  [-16.26, c2] &  [-0.18, c3] &  [-21.44, c4] &   [-1.5, c5] &  [-15.44, c6] &   [-9.79, c7] &  [-18.06, c8] &  [-0.55, c9] &  [-3.54, c10] &  [-13.53, c11] &  [-20.17, c12] &  [-8.74, c13] &  [-6.14, c14] &   [-9.65, c15] &  [-0.46, c16] &  [-12.13, c17] &  [-1.39, c18] &  [-22.41, c19] &  [-31.52, c20] &  [-2.98, c21] &  [-3.92, c22] &  [-1.05, c23] &  [-7.32, c24] &  [-19.69, c25] &  [-12.12, c26] &   [-9.57, c27] &  [-19.33, c28] &  [-18.66, c29] &  [-11.94, c30] &  [-13.51, c31] &  [-0.87, c32] &  [-31.7, c33] &  [-0.39, c34] &  [-37.33, c35] &  [-18.25, c36] &   [-5.5, c37] &  [-27.12, c38] &  [-33.46, c39] &  [-23.32, c40] &  [-0.19, c41] \\
c3          &  [-0.64, new\_cluster] &  [-21.25, c1] &  [-17.27, c2] &  [-0.27, c3] &  [-19.97, c4] &  [-1.68, c5] &   [-15.8, c6] &  [-10.02, c7] &  [-17.84, c8] &  [-0.75, c9] &  [-3.59, c10] &  [-12.68, c11] &   [-19.5, c12] &  [-8.47, c13] &  [-5.99, c14] &   [-9.68, c15] &  [-0.55, c16] &  [-11.82, c17] &  [-1.21, c18] &  [-22.74, c19] &  [-31.68, c20] &  [-3.12, c21] &   [-4.2, c22] &  [-1.06, c23] &  [-7.72, c24] &  [-14.07, c25] &   [-12.1, c26] &   [-5.88, c27] &  [-19.25, c28] &  [-18.95, c29] &  [-11.68, c30] &  [-13.51, c31] &  [-0.86, c32] &  [-31.7, c33] &   [-0.4, c34] &  [-37.33, c35] &  [-18.25, c36] &  [-4.04, c37] &  [-26.38, c38] &  [-33.46, c39] &  [-23.32, c40] &  [-0.16, c41] \\
c4          &  [-0.64, new\_cluster] &  [-21.24, c1] &  [-16.41, c2] &   [-0.2, c3] &  [-19.79, c4] &  [-1.32, c5] &  [-14.91, c6] &  [-10.27, c7] &  [-18.38, c8] &  [-0.82, c9] &  [-3.39, c10] &  [-13.34, c11] &  [-18.39, c12] &  [-8.05, c13] &  [-5.53, c14] &  [-10.35, c15] &  [-0.59, c16] &  [-12.08, c17] &  [-1.33, c18] &  [-24.25, c19] &  [-31.41, c20] &  [-3.12, c21] &  [-4.45, c22] &  [-0.93, c23] &   [-7.6, c24] &  [-17.78, c25] &  [-11.68, c26] &   [-8.45, c27] &  [-19.33, c28] &  [-18.82, c29] &  [-11.88, c30] &  [-13.51, c31] &  [-0.94, c32] &  [-31.7, c33] &  [-0.37, c34] &  [-37.33, c35] &  [-18.25, c36] &  [-3.35, c37] &  [-27.82, c38] &  [-33.46, c39] &  [-23.32, c40] &  [-0.16, c41] \\
c5          &  [-0.64, new\_cluster] &  [-20.87, c1] &  [-16.47, c2] &  [-0.25, c3] &  [-20.91, c4] &  [-1.39, c5] &  [-16.36, c6] &   [-9.75, c7] &  [-18.03, c8] &  [-0.48, c9] &  [-3.58, c10] &  [-12.72, c11] &  [-18.86, c12] &  [-8.47, c13] &  [-6.53, c14] &  [-10.68, c15] &  [-0.68, c16] &  [-11.22, c17] &  [-1.22, c18] &  [-23.55, c19] &  [-31.71, c20] &  [-3.35, c21] &  [-4.26, c22] &  [-1.05, c23] &  [-7.64, c24] &  [-14.74, c25] &  [-11.63, c26] &   [-8.89, c27] &  [-19.53, c28] &  [-18.74, c29] &  [-11.87, c30] &  [-13.51, c31] &  [-0.97, c32] &  [-31.7, c33] &  [-0.36, c34] &  [-37.33, c35] &  [-18.25, c36] &  [-3.66, c37] &   [-27.2, c38] &  [-33.46, c39] &  [-23.32, c40] &  [-0.18, c41] \\
c6          &  [-0.64, new\_cluster] &  [-21.62, c1] &  [-17.25, c2] &  [-0.16, c3] &  [-20.41, c4] &  [-1.47, c5] &  [-15.67, c6] &   [-10.1, c7] &  [-17.65, c8] &   [-0.7, c9] &  [-3.89, c10] &  [-13.75, c11] &  [-19.99, c12] &  [-8.98, c13] &  [-5.63, c14] &  [-10.71, c15] &  [-0.64, c16] &  [-11.19, c17] &  [-1.35, c18] &  [-23.64, c19] &  [-31.68, c20] &  [-3.27, c21] &  [-3.93, c22] &  [-1.12, c23] &  [-7.36, c24] &  [-13.98, c25] &  [-11.72, c26] &   [-6.49, c27] &  [-19.12, c28] &  [-18.66, c29] &  [-11.75, c30] &  [-13.51, c31] &  [-0.95, c32] &  [-31.7, c33] &  [-0.42, c34] &  [-37.33, c35] &  [-18.25, c36] &  [-3.66, c37] &  [-26.54, c38] &  [-33.46, c39] &  [-23.32, c40] &  [-0.17, c41] \\
c7          &  [-0.64, new\_cluster] &  [-20.79, c1] &  [-16.49, c2] &  [-0.22, c3] &  [-20.58, c4] &  [-1.31, c5] &  [-16.07, c6] &   [-10.3, c7] &  [-17.78, c8] &  [-0.54, c9] &   [-3.9, c10] &  [-13.97, c11] &  [-18.13, c12] &  [-8.38, c13] &  [-6.49, c14] &  [-10.93, c15] &  [-0.55, c16] &  [-11.35, c17] &  [-1.21, c18] &  [-22.86, c19] &  [-31.79, c20] &  [-3.58, c21] &  [-3.71, c22] &  [-1.06, c23] &  [-7.48, c24] &   [-17.2, c25] &  [-11.55, c26] &    [-5.2, c27] &  [-19.47, c28] &  [-18.89, c29] &  [-12.09, c30] &  [-13.51, c31] &  [-0.84, c32] &  [-31.7, c33] &  [-0.45, c34] &  [-37.33, c35] &  [-18.25, c36] &  [-3.33, c37] &  [-27.62, c38] &  [-33.46, c39] &  [-23.32, c40] &  [-0.18, c41] \\
c8          &  [-0.64, new\_cluster] &  [-20.78, c1] &  [-16.16, c2] &  [-0.26, c3] &  [-19.79, c4] &  [-1.52, c5] &  [-15.64, c6] &  [-10.44, c7] &  [-17.98, c8] &  [-0.63, c9] &  [-3.64, c10] &  [-12.78, c11] &  [-19.97, c12] &  [-8.78, c13] &  [-5.83, c14] &  [-10.84, c15] &  [-0.58, c16] &  [-11.56, c17] &  [-1.23, c18] &  [-23.39, c19] &  [-32.04, c20] &  [-3.43, c21] &  [-4.05, c22] &  [-1.08, c23] &  [-7.76, c24] &  [-18.02, c25] &  [-12.39, c26] &   [-8.64, c27] &  [-19.17, c28] &  [-18.86, c29] &   [-11.9, c30] &  [-13.51, c31] &  [-0.74, c32] &  [-31.7, c33] &   [-0.3, c34] &  [-37.33, c35] &  [-18.25, c36] &  [-4.49, c37] &   [-27.4, c38] &  [-33.46, c39] &  [-23.32, c40] &  [-0.17, c41] \\
c9          &  [-0.64, new\_cluster] &  [-21.49, c1] &  [-16.13, c2] &  [-0.22, c3] &  [-19.66, c4] &  [-1.48, c5] &  [-15.62, c6] &   [-9.98, c7] &  [-17.96, c8] &  [-0.81, c9] &  [-3.57, c10] &  [-13.34, c11] &   [-19.1, c12] &  [-8.28, c13] &  [-6.12, c14] &  [-10.97, c15] &  [-0.72, c16] &  [-11.12, c17] &  [-1.46, c18] &  [-23.69, c19] &  [-31.44, c20] &  [-3.12, c21] &  [-4.48, c22] &  [-1.19, c23] &  [-7.48, c24] &  [-14.07, c25] &  [-11.82, c26] &  [-11.07, c27] &  [-19.56, c28] &  [-18.78, c29] &  [-11.81, c30] &  [-13.51, c31] &  [-0.86, c32] &  [-31.7, c33] &  [-0.37, c34] &  [-37.33, c35] &  [-18.25, c36] &  [-2.98, c37] &  [-26.31, c38] &  [-33.46, c39] &  [-23.32, c40] &  [-0.17, c41] \\
c10         &  [-0.64, new\_cluster] &  [-20.55, c1] &  [-16.99, c2] &  [-0.19, c3] &  [-19.19, c4] &  [-1.59, c5] &  [-15.53, c6] &   [-9.68, c7] &  [-17.56, c8] &  [-0.58, c9] &  [-3.55, c10] &  [-13.15, c11] &   [-18.6, c12] &  [-8.35, c13] &  [-6.24, c14] &  [-10.76, c15] &  [-0.69, c16] &  [-12.14, c17] &  [-1.23, c18] &  [-23.69, c19] &  [-31.82, c20] &  [-3.12, c21] &  [-4.24, c22] &   [-1.0, c23] &  [-7.48, c24] &   [-9.14, c25] &  [-11.09, c26] &   [-9.77, c27] &  [-19.09, c28] &  [-18.74, c29] &   [-12.1, c30] &  [-13.51, c31] &  [-0.93, c32] &  [-31.7, c33] &  [-0.38, c34] &  [-37.33, c35] &  [-18.25, c36] &  [-2.96, c37] &  [-26.62, c38] &  [-33.46, c39] &  [-23.32, c40] &  [-0.15, c41] \\
c11         &  [-0.64, new\_cluster] &  [-22.19, c1] &  [-15.82, c2] &   [-0.2, c3] &  [-20.43, c4] &  [-1.32, c5] &  [-15.94, c6] &   [-10.0, c7] &  [-18.32, c8] &  [-0.61, c9] &  [-3.57, c10] &   [-13.5, c11] &  [-19.24, c12] &  [-9.04, c13] &  [-5.57, c14] &  [-10.83, c15] &  [-0.63, c16] &  [-11.87, c17] &  [-1.13, c18] &  [-23.84, c19] &  [-32.01, c20] &  [-3.19, c21] &  [-4.16, c22] &  [-1.12, c23] &  [-7.85, c24] &  [-12.19, c25] &  [-11.58, c26] &   [-7.64, c27] &  [-19.44, c28] &   [-18.9, c29] &  [-11.72, c30] &  [-13.51, c31] &  [-1.01, c32] &  [-31.7, c33] &  [-0.37, c34] &  [-37.33, c35] &  [-18.25, c36] &  [-3.24, c37] &  [-26.96, c38] &  [-33.46, c39] &  [-23.32, c40] &  [-0.14, c41] \\
c12         &  [-0.64, new\_cluster] &  [-21.04, c1] &  [-16.64, c2] &  [-0.27, c3] &  [-20.26, c4] &  [-1.43, c5] &  [-16.01, c6] &   [-9.38, c7] &  [-18.53, c8] &  [-0.48, c9] &  [-3.72, c10] &   [-13.6, c11] &  [-19.03, c12] &  [-8.95, c13] &  [-5.58, c14] &  [-10.47, c15] &   [-0.6, c16] &  [-11.87, c17] &  [-1.08, c18] &  [-24.39, c19] &  [-30.85, c20] &  [-2.97, c21] &  [-4.31, c22] &  [-1.07, c23] &  [-7.64, c24] &   [-9.23, c25] &  [-12.15, c26] &   [-6.45, c27] &  [-19.59, c28] &  [-18.73, c29] &  [-11.59, c30] &  [-13.51, c31] &  [-0.98, c32] &  [-31.7, c33] &  [-0.35, c34] &  [-37.33, c35] &  [-18.25, c36] &  [-2.03, c37] &  [-26.54, c38] &  [-33.46, c39] &  [-23.32, c40] &  [-0.15, c41] \\
c13         &  [-0.64, new\_cluster] &  [-21.91, c1] &  [-16.29, c2] &  [-0.22, c3] &  [-21.02, c4] &  [-1.42, c5] &  [-15.26, c6] &   [-9.82, c7] &  [-17.98, c8] &  [-0.67, c9] &  [-3.55, c10] &  [-13.74, c11] &  [-19.41, c12] &  [-8.61, c13] &   [-5.7, c14] &  [-10.51, c15] &  [-0.64, c16] &   [-12.5, c17] &  [-1.24, c18] &  [-24.27, c19] &  [-31.84, c20] &   [-3.2, c21] &  [-3.92, c22] &  [-0.93, c23] &  [-7.68, c24] &  [-13.92, c25] &  [-12.09, c26] &   [-8.23, c27] &  [-18.82, c28] &  [-18.85, c29] &  [-11.96, c30] &  [-13.51, c31] &  [-0.92, c32] &  [-31.7, c33] &  [-0.37, c34] &  [-37.33, c35] &  [-18.25, c36] &  [-2.59, c37] &  [-26.56, c38] &  [-33.46, c39] &  [-23.32, c40] &         [0, ] \\
c14         &  [-0.64, new\_cluster] &  [-20.76, c1] &  [-16.74, c2] &   [-0.2, c3] &  [-21.53, c4] &  [-1.52, c5] &  [-15.59, c6] &  [-10.57, c7] &  [-17.64, c8] &   [-0.7, c9] &  [-3.57, c10] &   [-13.3, c11] &  [-19.25, c12] &  [-8.37, c13] &  [-5.98, c14] &  [-10.58, c15] &  [-0.57, c16] &  [-11.19, c17] &  [-1.34, c18] &  [-23.64, c19] &  [-31.48, c20] &   [-2.9, c21] &  [-4.39, c22] &  [-0.96, c23] &  [-7.68, c24] &  [-16.62, c25] &  [-11.77, c26] &   [-7.66, c27] &  [-19.08, c28] &  [-18.81, c29] &  [-12.02, c30] &  [-13.51, c31] &  [-0.95, c32] &  [-31.7, c33] &  [-0.41, c34] &  [-37.33, c35] &  [-18.25, c36] &  [-2.97, c37] &  [-27.13, c38] &  [-33.46, c39] &  [-23.32, c40] &  [-0.16, c41] \\
c15         &  [-0.64, new\_cluster] &  [-20.82, c1] &  [-16.28, c2] &  [-0.23, c3] &  [-18.98, c4] &  [-1.64, c5] &  [-15.57, c6] &  [-10.36, c7] &  [-17.99, c8] &  [-0.58, c9] &  [-3.63, c10] &  [-13.16, c11] &  [-19.89, c12] &  [-9.15, c13] &  [-6.32, c14] &  [-11.07, c15] &   [-0.6, c16] &  [-11.56, c17] &  [-1.24, c18] &  [-23.26, c19] &  [-32.07, c20] &  [-2.97, c21] &   [-4.0, c22] &  [-0.94, c23] &  [-7.64, c24] &  [-12.64, c25] &  [-11.97, c26] &   [-7.62, c27] &  [-18.84, c28] &  [-19.06, c29] &  [-11.87, c30] &  [-13.51, c31] &  [-0.92, c32] &  [-31.7, c33] &  [-0.43, c34] &  [-37.33, c35] &  [-18.25, c36] &  [-3.37, c37] &  [-26.64, c38] &  [-33.46, c39] &  [-23.32, c40] &  [-0.14, c41] \\
c16         &  [-0.64, new\_cluster] &  [-22.27, c1] &  [-16.55, c2] &   [-0.2, c3] &  [-20.71, c4] &  [-1.46, c5] &  [-15.01, c6] &  [-10.16, c7] &  [-18.01, c8] &  [-0.52, c9] &  [-3.71, c10] &  [-13.06, c11] &  [-17.87, c12] &  [-9.01, c13] &   [-6.3, c14] &  [-10.31, c15] &  [-0.71, c16] &  [-12.46, c17] &  [-1.36, c18] &  [-23.24, c19] &  [-31.55, c20] &  [-3.27, c21] &   [-4.2, c22] &  [-0.99, c23] &  [-7.64, c24] &  [-16.65, c25] &  [-11.53, c26] &  [-10.12, c27] &  [-19.25, c28] &  [-18.99, c29] &  [-12.08, c30] &  [-13.51, c31] &  [-0.93, c32] &  [-31.7, c33] &  [-0.35, c34] &  [-37.33, c35] &  [-18.25, c36] &   [-4.1, c37] &  [-27.06, c38] &  [-33.46, c39] &  [-23.32, c40] &  [-0.17, c41] \\
c17         &  [-0.64, new\_cluster] &  [-20.31, c1] &   [-16.3, c2] &  [-0.24, c3] &  [-20.12, c4] &   [-1.5, c5] &  [-14.81, c6] &  [-10.09, c7] &  [-18.53, c8] &  [-0.65, c9] &  [-3.31, c10] &  [-13.48, c11] &  [-18.82, c12] &  [-8.75, c13] &  [-6.53, c14] &  [-10.56, c15] &   [-0.6, c16] &  [-12.24, c17] &  [-1.28, c18] &  [-24.62, c19] &  [-31.73, c20] &  [-3.12, c21] &  [-4.33, c22] &  [-1.06, c23] &   [-7.6, c24] &  [-19.43, c25] &  [-11.92, c26] &   [-9.73, c27] &  [-19.21, c28] &  [-18.65, c29] &  [-12.04, c30] &  [-13.51, c31] &  [-0.95, c32] &  [-31.7, c33] &  [-0.35, c34] &  [-37.33, c35] &  [-18.25, c36] &  [-5.05, c37] &  [-27.49, c38] &  [-33.46, c39] &  [-23.32, c40] &  [-0.18, c41] \\
c18         &  [-0.64, new\_cluster] &  [-20.62, c1] &   [-16.9, c2] &  [-0.26, c3] &  [-19.53, c4] &  [-1.52, c5] &  [-15.28, c6] &   [-10.6, c7] &  [-18.84, c8] &  [-0.66, c9] &  [-3.28, c10] &  [-13.51, c11] &  [-19.82, c12] &  [-8.84, c13] &  [-5.54, c14] &  [-10.72, c15] &  [-0.66, c16] &  [-11.56, c17] &  [-1.42, c18] &  [-24.01, c19] &  [-31.98, c20] &  [-3.27, c21] &  [-4.14, c22] &  [-1.05, c23] &  [-7.52, c24] &   [-9.96, c25] &  [-11.49, c26] &   [-6.75, c27] &  [-18.98, c28] &  [-18.82, c29] &  [-11.88, c30] &  [-13.51, c31] &  [-0.82, c32] &  [-31.7, c33] &  [-0.42, c34] &  [-37.33, c35] &  [-18.25, c36] &  [-2.93, c37] &  [-27.29, c38] &  [-33.46, c39] &  [-23.32, c40] &  [-0.17, c41] \\
c19         &  [-0.64, new\_cluster] &  [-21.29, c1] &  [-16.36, c2] &  [-0.19, c3] &  [-21.01, c4] &  [-1.48, c5] &  [-16.65, c6] &   [-9.85, c7] &  [-17.71, c8] &  [-0.72, c9] &  [-3.79, c10] &  [-13.39, c11] &  [-18.07, c12] &  [-8.35, c13] &   [-5.7, c14] &  [-11.13, c15] &  [-0.62, c16] &  [-11.97, c17] &  [-1.29, c18] &  [-24.12, c19] &  [-32.26, c20] &  [-3.35, c21] &  [-4.04, c22] &  [-1.01, c23] &  [-7.36, c24] &  [-16.34, c25] &  [-11.71, c26] &   [-8.79, c27] &  [-18.75, c28] &  [-18.86, c29] &  [-11.88, c30] &  [-13.51, c31] &  [-1.01, c32] &  [-31.7, c33] &  [-0.38, c34] &  [-37.33, c35] &  [-18.25, c36] &   [-2.3, c37] &  [-26.31, c38] &  [-33.46, c39] &  [-23.32, c40] &         [0, ] \\
c20         &  [-0.64, new\_cluster] &  [-21.73, c1] &  [-16.09, c2] &   [-0.2, c3] &  [-20.37, c4] &  [-1.41, c5] &  [-16.07, c6] &   [-10.0, c7] &  [-18.06, c8] &  [-0.59, c9] &  [-3.18, c10] &  [-13.19, c11] &  [-18.92, c12] &  [-8.55, c13] &  [-5.84, c14] &  [-10.77, c15] &  [-0.68, c16] &  [-11.74, c17] &  [-1.29, c18] &  [-22.71, c19] &  [-30.91, c20] &  [-3.12, c21] &  [-4.01, c22] &   [-1.1, c23] &   [-7.6, c24] &  [-17.05, c25] &  [-12.03, c26] &  [-12.25, c27] &  [-19.25, c28] &  [-18.78, c29] &  [-11.79, c30] &  [-13.51, c31] &   [-1.0, c32] &  [-31.7, c33] &  [-0.35, c34] &  [-37.33, c35] &  [-18.25, c36] &  [-2.52, c37] &   [-26.2, c38] &  [-33.46, c39] &  [-23.32, c40] &  [-0.17, c41] \\
c21         &  [-0.64, new\_cluster] &  [-21.39, c1] &  [-16.23, c2] &  [-0.24, c3] &  [-20.99, c4] &  [-1.39, c5] &  [-14.84, c6] &  [-10.29, c7] &  [-18.05, c8] &  [-0.68, c9] &  [-3.67, c10] &  [-13.48, c11] &  [-19.33, c12] &  [-8.86, c13] &  [-5.99, c14] &  [-10.75, c15] &   [-0.7, c16] &  [-11.52, c17] &  [-1.08, c18] &  [-23.65, c19] &  [-31.95, c20] &  [-3.05, c21] &  [-4.18, c22] &  [-1.19, c23] &  [-7.93, c24] &  [-17.64, c25] &  [-12.23, c26] &   [-7.68, c27] &  [-19.03, c28] &  [-19.02, c29] &  [-11.79, c30] &  [-13.51, c31] &  [-0.88, c32] &  [-31.7, c33] &  [-0.37, c34] &  [-37.33, c35] &  [-18.25, c36] &  [-2.95, c37] &  [-26.78, c38] &  [-33.46, c39] &  [-23.32, c40] &  [-0.16, c41] \\
c22         &  [-0.64, new\_cluster] &  [-21.24, c1] &  [-15.46, c2] &  [-0.19, c3] &  [-20.55, c4] &  [-1.35, c5] &  [-15.01, c6] &  [-10.66, c7] &  [-18.13, c8] &  [-0.62, c9] &  [-3.37, c10] &  [-13.72, c11] &  [-18.25, c12] &  [-8.65, c13] &  [-5.92, c14] &  [-10.27, c15] &  [-0.63, c16] &   [-11.7, c17] &  [-1.55, c18] &   [-23.1, c19] &  [-31.95, c20] &  [-3.27, c21] &   [-4.3, c22] &  [-1.09, c23] &  [-7.72, c24] &  [-14.02, c25] &   [-11.7, c26] &   [-7.48, c27] &  [-19.39, c28] &  [-18.85, c29] &  [-12.04, c30] &  [-13.51, c31] &  [-1.05, c32] &  [-31.7, c33] &  [-0.43, c34] &  [-37.33, c35] &  [-18.25, c36] &  [-5.37, c37] &  [-26.71, c38] &  [-33.46, c39] &  [-23.32, c40] &  [-0.16, c41] \\
c23         &  [-0.64, new\_cluster] &  [-21.41, c1] &   [-16.7, c2] &  [-0.18, c3] &  [-20.41, c4] &  [-1.35, c5] &  [-16.08, c6] &   [-9.81, c7] &  [-18.61, c8] &  [-0.49, c9] &  [-3.78, c10] &   [-13.9, c11] &  [-19.55, c12] &  [-8.55, c13] &  [-5.74, c14] &  [-11.14, c15] &  [-0.68, c16] &  [-11.13, c17] &  [-1.33, c18] &   [-23.2, c19] &  [-32.07, c20] &  [-3.35, c21] &  [-4.28, c22] &  [-0.89, c23] &  [-7.98, c24] &  [-15.91, c25] &  [-11.96, c26] &  [-12.27, c27] &  [-19.42, c28] &  [-18.69, c29] &  [-11.77, c30] &  [-13.51, c31] &  [-0.94, c32] &  [-31.7, c33] &  [-0.43, c34] &  [-37.33, c35] &  [-18.25, c36] &  [-3.75, c37] &  [-26.46, c38] &  [-33.46, c39] &  [-23.32, c40] &  [-0.17, c41] \\
c24         &  [-0.64, new\_cluster] &  [-20.72, c1] &  [-16.02, c2] &  [-0.22, c3] &  [-20.47, c4] &  [-1.37, c5] &  [-15.78, c6] &  [-10.18, c7] &  [-17.77, c8] &  [-0.77, c9] &  [-3.43, c10] &  [-13.41, c11] &   [-19.1, c12] &  [-8.53, c13] &  [-6.16, c14] &  [-10.48, c15] &  [-0.76, c16] &  [-11.98, c17] &  [-1.33, c18] &  [-23.12, c19] &  [-31.09, c20] &  [-2.97, c21] &  [-3.95, c22] &  [-1.28, c23] &   [-7.6, c24] &  [-13.12, c25] &  [-12.28, c26] &   [-9.67, c27] &  [-19.84, c28] &  [-18.69, c29] &  [-12.24, c30] &  [-13.51, c31] &   [-0.8, c32] &  [-31.7, c33] &  [-0.41, c34] &  [-37.33, c35] &  [-18.25, c36] &  [-4.15, c37] &  [-26.71, c38] &  [-33.46, c39] &  [-23.32, c40] &  [-0.15, c41] \\
c25         &  [-0.64, new\_cluster] &  [-20.54, c1] &  [-16.52, c2] &  [-0.24, c3] &  [-21.33, c4] &  [-1.39, c5] &  [-15.74, c6] &   [-9.97, c7] &  [-18.51, c8] &  [-0.55, c9] &  [-3.45, c10] &  [-13.43, c11] &  [-19.47, c12] &  [-8.86, c13] &  [-5.83, c14] &  [-10.75, c15] &  [-0.68, c16] &  [-11.87, c17] &   [-1.2, c18] &   [-24.3, c19] &  [-32.15, c20] &  [-3.13, c21] &  [-3.84, c22] &  [-1.06, c23] &  [-7.24, c24] &    [-8.0, c25] &  [-12.37, c26] &  [-11.03, c27] &  [-19.21, c28] &  [-18.83, c29] &  [-11.93, c30] &  [-13.51, c31] &  [-0.88, c32] &  [-31.7, c33] &  [-0.39, c34] &  [-37.33, c35] &  [-18.25, c36] &  [-3.32, c37] &  [-26.68, c38] &  [-33.46, c39] &  [-23.32, c40] &         [0, ] \\
c26         &  [-0.64, new\_cluster] &  [-20.83, c1] &  [-16.82, c2] &  [-0.21, c3] &  [-20.17, c4] &  [-1.41, c5] &  [-16.12, c6] &   [-9.71, c7] &  [-17.87, c8] &  [-0.62, c9] &   [-3.5, c10] &  [-13.02, c11] &   [-18.0, c12] &   [-9.3, c13] &  [-6.36, c14] &   [-10.1, c15] &   [-0.5, c16] &   [-11.6, c17] &  [-1.32, c18] &  [-23.17, c19] &  [-31.73, c20] &  [-2.97, c21] &  [-3.85, c22] &  [-0.92, c23] &  [-7.72, c24] &  [-13.65, c25] &  [-12.35, c26] &   [-8.43, c27] &  [-19.23, c28] &  [-18.82, c29] &  [-12.06, c30] &  [-13.51, c31] &  [-0.69, c32] &  [-31.7, c33] &  [-0.34, c34] &  [-37.33, c35] &  [-18.25, c36] &  [-2.01, c37] &  [-26.72, c38] &  [-33.46, c39] &  [-23.32, c40] &  [-0.14, c41] \\
c27         &  [-0.64, new\_cluster] &  [-20.69, c1] &  [-16.21, c2] &  [-0.19, c3] &  [-19.51, c4] &  [-1.46, c5] &  [-15.44, c6] &  [-10.21, c7] &  [-17.51, c8] &   [-0.7, c9] &   [-4.0, c10] &  [-14.61, c11] &  [-19.72, c12] &  [-8.87, c13] &  [-6.23, c14] &  [-10.96, c15] &  [-0.49, c16] &  [-12.65, c17] &  [-1.37, c18] &  [-23.24, c19] &  [-31.71, c20] &  [-3.27, c21] &  [-4.19, c22] &  [-1.03, c23] &  [-7.68, c24] &  [-16.16, c25] &  [-11.87, c26] &   [-9.78, c27] &  [-18.98, c28] &  [-18.83, c29] &  [-12.03, c30] &  [-13.51, c31] &  [-0.79, c32] &  [-31.7, c33] &  [-0.27, c34] &  [-37.33, c35] &  [-18.25, c36] &  [-2.61, c37] &  [-27.16, c38] &  [-33.46, c39] &  [-23.32, c40] &  [-0.17, c41] \\
c28         &  [-0.64, new\_cluster] &  [-20.63, c1] &  [-16.32, c2] &  [-0.15, c3] &  [-20.01, c4] &  [-1.49, c5] &  [-15.62, c6] &   [-9.97, c7] &  [-18.17, c8] &  [-0.81, c9] &  [-3.78, c10] &  [-12.73, c11] &  [-19.02, c12] &  [-8.84, c13] &  [-6.29, c14] &  [-10.85, c15] &  [-0.61, c16] &  [-11.57, c17] &  [-1.21, c18] &  [-22.32, c19] &  [-31.47, c20] &   [-3.2, c21] &  [-4.07, c22] &  [-1.04, c23] &  [-7.44, c24] &   [-17.0, c25] &  [-12.03, c26] &   [-7.75, c27] &  [-19.44, c28] &  [-18.62, c29] &   [-12.2, c30] &  [-13.51, c31] &  [-0.88, c32] &  [-31.7, c33] &  [-0.41, c34] &  [-37.33, c35] &  [-18.25, c36] &   [-2.0, c37] &  [-26.45, c38] &  [-33.46, c39] &  [-23.32, c40] &  [-0.15, c41] \\
c29         &  [-0.64, new\_cluster] &  [-21.12, c1] &  [-17.52, c2] &  [-0.18, c3] &  [-21.71, c4] &  [-1.49, c5] &  [-15.76, c6] &  [-10.03, c7] &  [-17.77, c8] &  [-0.74, c9] &  [-3.58, c10] &  [-13.52, c11] &  [-19.26, c12] &  [-7.97, c13] &  [-5.78, c14] &  [-10.97, c15] &   [-0.6, c16] &  [-11.81, c17] &  [-1.22, c18] &  [-23.53, c19] &   [-31.6, c20] &  [-3.12, c21] &  [-3.97, c22] &  [-1.09, c23] &  [-7.56, c24] &  [-15.41, c25] &  [-12.18, c26] &   [-7.49, c27] &  [-19.58, c28] &  [-18.91, c29] &  [-11.87, c30] &  [-13.51, c31] &  [-0.75, c32] &  [-31.7, c33] &  [-0.39, c34] &  [-37.33, c35] &  [-18.25, c36] &  [-3.32, c37] &  [-26.93, c38] &  [-33.46, c39] &  [-23.32, c40] &  [-0.15, c41] \\
c30         &  [-0.64, new\_cluster] &  [-20.75, c1] &  [-16.64, c2] &  [-0.17, c3] &  [-20.04, c4] &  [-1.32, c5] &  [-15.77, c6] &  [-10.02, c7] &  [-18.77, c8] &  [-0.69, c9] &  [-3.39, c10] &  [-13.82, c11] &  [-19.44, c12] &  [-8.96, c13] &  [-6.75, c14] &  [-11.33, c15] &  [-0.74, c16] &  [-11.21, c17] &  [-1.26, c18] &  [-23.12, c19] &  [-31.49, c20] &  [-3.43, c21] &  [-4.11, c22] &  [-1.14, c23] &  [-7.88, c24] &  [-12.78, c25] &  [-11.77, c26] &  [-11.26, c27] &   [-19.7, c28] &  [-18.94, c29] &  [-11.96, c30] &  [-13.51, c31] &  [-0.84, c32] &  [-31.7, c33] &  [-0.33, c34] &  [-37.33, c35] &  [-18.25, c36] &  [-3.25, c37] &  [-26.22, c38] &  [-33.46, c39] &  [-23.32, c40] &  [-0.16, c41] \\
c31         &  [-0.64, new\_cluster] &  [-21.89, c1] &  [-16.42, c2] &   [-0.2, c3] &  [-20.76, c4] &  [-1.41, c5] &  [-16.01, c6] &   [-10.0, c7] &  [-18.19, c8] &  [-0.58, c9] &  [-3.54, c10] &  [-12.88, c11] &  [-20.48, c12] &  [-8.32, c13] &  [-5.41, c14] &   [-9.68, c15] &  [-0.63, c16] &  [-11.47, c17] &  [-1.33, c18] &  [-22.81, c19] &  [-31.29, c20] &  [-2.98, c21] &  [-4.29, c22] &  [-1.03, c23] &   [-7.8, c24] &  [-14.61, c25] &  [-12.26, c26] &   [-6.51, c27] &  [-19.42, c28] &  [-18.71, c29] &  [-11.83, c30] &  [-13.51, c31] &  [-0.96, c32] &  [-31.7, c33] &   [-0.4, c34] &  [-37.33, c35] &  [-18.25, c36] &  [-3.79, c37] &  [-26.84, c38] &  [-33.46, c39] &  [-23.32, c40] &  [-0.17, c41] \\
c32         &  [-0.64, new\_cluster] &  [-20.66, c1] &  [-16.19, c2] &  [-0.16, c3] &  [-20.46, c4] &  [-1.47, c5] &  [-15.92, c6] &   [-9.95, c7] &  [-18.37, c8] &  [-0.79, c9] &  [-3.64, c10] &  [-13.57, c11] &  [-18.18, c12] &  [-8.66, c13] &  [-6.61, c14] &  [-10.93, c15] &  [-0.68, c16] &  [-11.81, c17] &  [-1.16, c18] &  [-22.78, c19] &  [-32.15, c20] &   [-3.2, c21] &  [-4.23, c22] &  [-1.12, c23] &  [-7.77, c24] &  [-14.86, c25] &   [-11.1, c26] &   [-6.55, c27] &  [-19.33, c28] &  [-18.69, c29] &  [-11.82, c30] &  [-13.51, c31] &  [-0.84, c32] &  [-31.7, c33] &  [-0.34, c34] &  [-37.33, c35] &  [-18.25, c36] &  [-5.05, c37] &   [-26.2, c38] &  [-33.46, c39] &  [-23.32, c40] &  [-0.19, c41] \\
c33         &  [-0.64, new\_cluster] &  [-21.34, c1] &  [-16.65, c2] &  [-0.17, c3] &  [-20.39, c4] &  [-1.48, c5] &  [-15.27, c6] &  [-10.49, c7] &  [-18.73, c8] &  [-0.72, c9] &  [-3.42, c10] &  [-13.02, c11] &  [-18.47, c12] &   [-9.0, c13] &  [-6.33, c14] &  [-10.69, c15] &  [-0.53, c16] &  [-11.69, c17] &  [-1.35, c18] &  [-23.07, c19] &  [-32.15, c20] &  [-2.97, c21] &  [-4.39, c22] &  [-1.08, c23] &  [-7.33, c24] &  [-17.69, c25] &  [-12.43, c26] &   [-11.4, c27] &  [-19.25, c28] &   [-18.7, c29] &   [-11.6, c30] &  [-13.51, c31] &  [-0.86, c32] &  [-31.7, c33] &  [-0.31, c34] &  [-37.33, c35] &  [-18.25, c36] &  [-4.04, c37] &  [-27.18, c38] &  [-33.46, c39] &  [-23.32, c40] &  [-0.17, c41] \\
c34         &  [-0.64, new\_cluster] &   [-21.8, c1] &   [-16.4, c2] &  [-0.26, c3] &  [-19.58, c4] &  [-1.39, c5] &  [-14.72, c6] &  [-10.52, c7] &  [-18.19, c8] &  [-0.68, c9] &  [-3.46, c10] &  [-12.85, c11] &  [-19.12, c12] &   [-8.3, c13] &  [-6.71, c14] &  [-11.21, c15] &  [-0.55, c16] &   [-11.5, c17] &  [-1.33, c18] &  [-24.24, c19] &  [-32.07, c20] &  [-3.12, c21] &  [-3.79, c22] &  [-1.13, c23] &  [-8.05, c24] &  [-16.03, c25] &  [-11.85, c26] &   [-6.76, c27] &  [-19.42, c28] &  [-18.75, c29] &  [-12.25, c30] &  [-13.51, c31] &  [-0.78, c32] &  [-31.7, c33] &  [-0.32, c34] &  [-37.33, c35] &  [-18.25, c36] &  [-3.34, c37] &  [-26.93, c38] &  [-33.46, c39] &  [-23.32, c40] &  [-0.15, c41] \\
c35         &  [-0.64, new\_cluster] &  [-21.02, c1] &  [-16.75, c2] &  [-0.25, c3] &  [-20.36, c4] &  [-1.41, c5] &  [-15.71, c6] &  [-10.11, c7] &  [-18.45, c8] &   [-0.7, c9] &  [-3.74, c10] &  [-13.66, c11] &  [-19.07, c12] &  [-8.77, c13] &  [-6.14, c14] &   [-9.67, c15] &  [-0.53, c16] &  [-11.95, c17] &  [-1.16, c18] &  [-24.87, c19] &  [-31.62, c20] &  [-3.35, c21] &   [-4.0, c22] &   [-1.1, c23] &   [-7.6, c24] &  [-21.69, c25] &  [-12.36, c26] &  [-12.23, c27] &  [-19.17, c28] &  [-18.57, c29] &  [-11.97, c30] &  [-13.51, c31] &  [-0.87, c32] &  [-31.7, c33] &  [-0.44, c34] &  [-37.33, c35] &  [-18.25, c36] &  [-3.69, c37] &  [-26.58, c38] &  [-33.46, c39] &          [0, ] &  [-0.17, c41] \\
c36         &  [-0.64, new\_cluster] &  [-20.94, c1] &  [-16.15, c2] &  [-0.23, c3] &  [-19.49, c4] &  [-1.32, c5] &  [-14.76, c6] &  [-10.23, c7] &  [-18.47, c8] &  [-0.65, c9] &  [-3.46, c10] &  [-13.49, c11] &  [-19.19, c12] &  [-9.01, c13] &  [-6.06, c14] &  [-11.29, c15] &  [-0.67, c16] &  [-11.91, c17] &  [-1.19, c18] &  [-22.56, c19] &  [-31.76, c20] &  [-3.35, c21] &  [-3.89, c22] &  [-0.96, c23] &   [-7.8, c24] &  [-18.04, c25] &  [-12.57, c26] &   [-9.98, c27] &  [-19.25, c28] &   [-18.7, c29] &  [-11.74, c30] &  [-13.51, c31] &  [-0.89, c32] &  [-31.7, c33] &  [-0.29, c34] &  [-37.33, c35] &  [-18.25, c36] &  [-5.02, c37] &  [-26.23, c38] &  [-33.46, c39] &  [-23.32, c40] &  [-0.18, c41] \\
c37         &  [-0.64, new\_cluster] &  [-21.43, c1] &  [-16.37, c2] &  [-0.23, c3] &  [-20.06, c4] &  [-1.56, c5] &  [-14.61, c6] &  [-10.39, c7] &  [-17.89, c8] &   [-0.6, c9] &  [-3.75, c10] &  [-12.74, c11] &  [-19.94, c12] &  [-8.82, c13] &   [-6.1, c14] &  [-10.96, c15] &  [-0.62, c16] &  [-10.69, c17] &  [-1.33, c18] &  [-23.84, c19] &  [-31.93, c20] &  [-3.12, c21] &  [-3.63, c22] &  [-1.06, c23] &  [-7.88, c24] &   [-14.3, c25] &  [-12.24, c26] &  [-10.04, c27] &  [-19.51, c28] &  [-18.82, c29] &   [-12.2, c30] &  [-13.51, c31] &  [-0.88, c32] &  [-31.7, c33] &  [-0.31, c34] &  [-37.33, c35] &  [-18.25, c36] &  [-3.31, c37] &  [-26.64, c38] &  [-33.46, c39] &  [-23.32, c40] &  [-0.18, c41] \\
c38         &  [-0.64, new\_cluster] &  [-21.53, c1] &  [-16.49, c2] &  [-0.14, c3] &  [-21.18, c4] &  [-1.57, c5] &  [-16.07, c6] &   [-10.1, c7] &  [-17.14, c8] &  [-0.55, c9] &  [-3.87, c10] &  [-13.39, c11] &  [-19.26, c12] &  [-8.92, c13] &  [-5.55, c14] &   [-10.4, c15] &  [-0.71, c16] &  [-12.41, c17] &  [-1.21, c18] &  [-23.13, c19] &  [-31.87, c20] &  [-3.12, c21] &  [-4.46, c22] &  [-0.93, c23] &   [-7.6, c24] &   [-17.8, c25] &  [-12.16, c26] &  [-11.41, c27] &   [-19.3, c28] &  [-18.82, c29] &  [-12.01, c30] &  [-13.51, c31] &  [-0.92, c32] &  [-31.7, c33] &  [-0.37, c34] &  [-37.33, c35] &  [-18.25, c36] &  [-3.66, c37] &  [-26.35, c38] &  [-33.46, c39] &  [-23.32, c40] &  [-0.19, c41] \\
c39         &  [-0.64, new\_cluster] &  [-21.49, c1] &  [-15.98, c2] &  [-0.16, c3] &   [-20.3, c4] &  [-1.48, c5] &   [-15.9, c6] &  [-10.29, c7] &  [-18.06, c8] &  [-0.54, c9] &  [-3.98, c10] &  [-13.23, c11] &  [-19.32, c12] &  [-9.03, c13] &  [-6.37, c14] &  [-10.76, c15] &  [-0.62, c16] &  [-11.58, c17] &  [-1.19, c18] &   [-22.2, c19] &  [-31.31, c20] &  [-3.12, c21] &  [-4.25, c22] &  [-0.99, c23] &  [-7.72, c24] &  [-17.37, c25] &  [-11.75, c26] &   [-6.32, c27] &   [-19.0, c28] &  [-18.53, c29] &  [-11.97, c30] &  [-13.51, c31] &  [-0.83, c32] &  [-31.7, c33] &  [-0.42, c34] &  [-37.33, c35] &  [-18.25, c36] &  [-3.66, c37] &  [-26.63, c38] &  [-33.46, c39] &  [-23.32, c40] &  [-0.17, c41] \\
c40         &  [-0.64, new\_cluster] &   [-21.1, c1] &  [-16.38, c2] &  [-0.16, c3] &  [-20.27, c4] &  [-1.76, c5] &  [-15.51, c6] &   [-9.77, c7] &  [-18.32, c8] &  [-0.82, c9] &  [-3.69, c10] &  [-12.76, c11] &  [-20.47, c12] &  [-8.06, c13] &  [-6.24, c14] &  [-10.27, c15] &   [-0.5, c16] &  [-11.82, c17] &  [-1.25, c18] &  [-23.54, c19] &  [-31.62, c20] &   [-3.2, c21] &  [-4.02, c22] &  [-1.07, c23] &  [-7.97, c24] &   [-10.7, c25] &  [-12.18, c26] &  [-10.17, c27] &  [-19.65, c28] &   [-18.6, c29] &  [-11.92, c30] &  [-13.51, c31] &  [-0.76, c32] &  [-31.7, c33] &  [-0.39, c34] &  [-37.33, c35] &  [-18.25, c36] &  [-4.48, c37] &  [-27.14, c38] &  [-33.46, c39] &          [0, ] &         [0, ] \\
c41         &  [-0.64, new\_cluster] &  [-22.29, c1] &   [-16.7, c2] &  [-0.23, c3] &  [-20.44, c4] &  [-1.43, c5] &  [-15.41, c6] &  [-10.51, c7] &  [-18.07, c8] &  [-0.85, c9] &   [-3.6, c10] &  [-13.34, c11] &  [-18.92, c12] &  [-8.68, c13] &  [-6.16, c14] &  [-10.07, c15] &  [-0.78, c16] &  [-11.82, c17] &  [-1.44, c18] &  [-23.15, c19] &  [-32.04, c20] &  [-3.12, c21] &  [-3.98, c22] &  [-1.01, c23] &  [-7.64, c24] &   [-21.8, c25] &  [-11.64, c26] &   [-8.55, c27] &  [-19.08, c28] &  [-18.79, c29] &  [-11.89, c30] &  [-13.51, c31] &  [-0.88, c32] &  [-31.7, c33] &  [-0.38, c34] &  [-37.33, c35] &  [-18.25, c36] &  [-3.71, c37] &  [-27.02, c38] &  [-33.46, c39] &  [-23.32, c40] &  [-0.21, c41] \\
\bottomrule
\end{tabular}

