Seed: 0
Experiment_path: AE_Model_1/Experiment_04
Dataset_Path: ../_00_Datasets/03_SimDaten_Quiroga2020/C_Easy2_noise020.mat
Dataset_name: ['03_SimDaten_Quiroga2020', 'C_Easy2_noise020.mat']
Variant_name: Variant_04_Offline_Autoencoder_QLearning
Visualisation_Path: Grid_Search_PC//V4/C_Easy2_noise020.mat/Variant_04_Offline_Autoencoder_QLearning/2023_04_07-20_13_46
Split Ratio: 0.9
Epochs: 8
Batch Size: 1
Input Size: 47
Number of Features: 2
Chosen Model: Autoencoder
Autoencoder(
  (encoder): Sequential(
    (0): Linear(in_features=47, out_features=12, bias=True)
    (1): LeakyReLU(negative_slope=0.01)
    (2): Linear(in_features=12, out_features=2, bias=True)
  )
  (decoder): Sequential(
    (0): Linear(in_features=2, out_features=12, bias=True)
    (1): LeakyReLU(negative_slope=0.01)
    (2): Linear(in_features=12, out_features=47, bias=True)
  )
)
MSELoss()
Adam (
Parameter Group 0
    amsgrad: False
    betas: (0.9, 0.999)
    capturable: False
    differentiable: False
    eps: 1e-08
    foreach: None
    fused: False
    lr: 0.001
    maximize: False
    weight_decay: 0
)
---Q Learning Parameters---
Normalisation: False
Punishment Coefficient: 0.4000000000000001
Alpha: 0.8
Epsilon: 0.01
Gamma: 0.97
Initial Episode Number: 0
Episode Number Coefficient: 1.4
Number of Random Features: 20
Planning Number: 20
Max Random Features: 60
New Episode Number: 72
New Episode Number: 143
New Episode Number: 215
New Episode Number: 286
New Episode Number: 358
New Episode Number: 429
New Episode Number: 500
New Episode Number: 572
New Episode Number: 643
New Episode Number: 715
New Episode Number: 786
New Episode Number: 858
New Episode Number: 929
               0     1      2      3     4   ...    9     10    11    12     13
new_cluster -4.33 -5.09 -19.99 -15.30 -3.71  ... -6.70 -4.59 -7.00 -4.44 -27.28
c1          -4.26 -5.10 -20.52 -15.25 -3.76  ... -6.78 -4.46 -7.02 -4.32 -27.25
c2          -4.41 -5.03 -19.39 -15.72 -3.94  ... -6.94 -4.58 -7.00 -4.32 -27.31
c3          -4.27 -4.83 -19.94 -15.64 -3.76  ... -6.53 -4.52 -7.00 -4.35 -27.25
c4          -4.33 -5.02 -19.93 -15.11 -3.67  ... -6.91 -4.46 -7.02 -4.38 -27.29
c5          -4.27 -5.01 -19.75 -16.31 -3.97  ... -6.68 -4.47 -7.00 -4.48 -27.26
c6          -4.33 -5.03 -19.73 -15.25 -3.78  ... -6.58 -4.58 -7.00 -4.52 -27.25
c7          -4.31 -5.08 -20.26 -14.90 -3.85  ... -6.81 -4.53 -7.00 -4.48 -27.28
c8          -4.33 -4.94 -19.97 -16.15 -3.72  ... -6.78 -4.50 -7.08 -4.41 -27.25
c9          -4.40 -4.92 -19.46 -15.17 -3.78  ... -6.51 -4.52 -7.02 -4.41 -27.26
c10         -4.41 -4.82 -20.68 -15.35 -3.79  ... -6.61 -4.55 -7.08 -4.41 -27.25
c11         -4.41 -4.92 -19.85 -15.02 -3.75  ... -6.80 -4.55 -7.02 -4.35 -27.28
c12         -4.41 -4.86 -18.93 -15.43 -3.78  ... -6.35 -4.60 -7.02 -4.48 -27.26
c13         -4.31 -5.18 -20.19 -14.97 -3.70  ... -6.83 -4.52 -7.08 -4.41 -27.28

[14 rows x 14 columns]
\begin{tabular}{lrrrrrrrrrrrrrr}
\toprule
{} &    0  &    1  &     2  &     3  &    4  &    5  &     6  &    7  &    8  &    9  &    10 &    11 &    12 &     13 \\
\midrule
new\_cluster & -4.33 & -5.09 & -19.99 & -15.30 & -3.71 & -5.60 & -14.61 & -4.02 & -4.97 & -6.70 & -4.59 & -7.00 & -4.44 & -27.28 \\
c1          & -4.26 & -5.10 & -20.52 & -15.25 & -3.76 & -5.57 & -15.31 & -4.00 & -5.06 & -6.78 & -4.46 & -7.02 & -4.32 & -27.25 \\
c2          & -4.41 & -5.03 & -19.39 & -15.72 & -3.94 & -5.62 & -14.27 & -3.97 & -5.00 & -6.94 & -4.58 & -7.00 & -4.32 & -27.31 \\
c3          & -4.27 & -4.83 & -19.94 & -15.64 & -3.76 & -5.90 & -14.80 & -4.07 & -4.85 & -6.53 & -4.52 & -7.00 & -4.35 & -27.25 \\
c4          & -4.33 & -5.02 & -19.93 & -15.11 & -3.67 & -6.08 & -15.02 & -4.21 & -5.12 & -6.91 & -4.46 & -7.02 & -4.38 & -27.29 \\
c5          & -4.27 & -5.01 & -19.75 & -16.31 & -3.97 & -5.72 & -14.85 & -3.94 & -5.09 & -6.68 & -4.47 & -7.00 & -4.48 & -27.26 \\
c6          & -4.33 & -5.03 & -19.73 & -15.25 & -3.78 & -5.84 & -14.66 & -4.02 & -5.21 & -6.58 & -4.58 & -7.00 & -4.52 & -27.25 \\
c7          & -4.31 & -5.08 & -20.26 & -14.90 & -3.85 & -5.69 & -14.95 & -4.08 & -5.05 & -6.81 & -4.53 & -7.00 & -4.48 & -27.28 \\
c8          & -4.33 & -4.94 & -19.97 & -16.15 & -3.72 & -6.01 & -14.66 & -4.13 & -4.87 & -6.78 & -4.50 & -7.08 & -4.41 & -27.25 \\
c9          & -4.40 & -4.92 & -19.46 & -15.17 & -3.78 & -5.90 & -15.21 & -4.15 & -4.87 & -6.51 & -4.52 & -7.02 & -4.41 & -27.26 \\
c10         & -4.41 & -4.82 & -20.68 & -15.35 & -3.79 & -5.59 & -13.99 & -4.17 & -5.17 & -6.61 & -4.55 & -7.08 & -4.41 & -27.25 \\
c11         & -4.41 & -4.92 & -19.85 & -15.02 & -3.75 & -5.66 & -14.28 & -4.15 & -5.06 & -6.80 & -4.55 & -7.02 & -4.35 & -27.28 \\
c12         & -4.41 & -4.86 & -18.93 & -15.43 & -3.78 & -5.83 & -14.46 & -4.11 & -5.00 & -6.35 & -4.60 & -7.02 & -4.48 & -27.26 \\
c13         & -4.31 & -5.18 & -20.19 & -14.97 & -3.70 & -5.82 & -15.79 & -4.20 & -5.00 & -6.83 & -4.52 & -7.08 & -4.41 & -27.28 \\
\bottomrule
\end{tabular}

                               0            1   ...            12            13
new_cluster  [-0.64, new_cluster]  [-1.41, c1]  ...  [-0.78, c12]  [-23.6, c13]
c1           [-0.64, new_cluster]  [-1.41, c1]  ...  [-0.65, c12]  [-23.6, c13]
c2           [-0.64, new_cluster]  [-1.32, c1]  ...  [-0.65, c12]  [-23.6, c13]
c3           [-0.64, new_cluster]  [-1.17, c1]  ...  [-0.68, c12]  [-23.6, c13]
c4           [-0.64, new_cluster]  [-1.34, c1]  ...  [-0.71, c12]  [-23.6, c13]
c5           [-0.64, new_cluster]  [-1.32, c1]  ...  [-0.82, c12]  [-23.6, c13]
c6           [-0.64, new_cluster]  [-1.34, c1]  ...  [-0.78, c12]  [-23.6, c13]
c7           [-0.64, new_cluster]  [-1.43, c1]  ...  [-0.78, c12]  [-23.6, c13]
c8           [-0.64, new_cluster]  [-1.29, c1]  ...  [-0.71, c12]  [-23.6, c13]
c9           [-0.64, new_cluster]  [-1.23, c1]  ...  [-0.74, c12]  [-23.6, c13]
c10          [-0.64, new_cluster]  [-1.14, c1]  ...  [-0.74, c12]  [-23.6, c13]
c11          [-0.64, new_cluster]  [-1.27, c1]  ...  [-0.68, c12]  [-23.6, c13]
c12          [-0.64, new_cluster]  [-1.17, c1]  ...  [-0.81, c12]  [-23.6, c13]
c13          [-0.64, new_cluster]   [-1.5, c1]  ...  [-0.74, c12]  [-23.6, c13]

[14 rows x 14 columns]
\begin{tabular}{lllllllllllllll}
\toprule
{} &                    0  &           1  &            2  &            3  &           4  &           5  &            6  &           7  &           8  &           9  &            10 &            11 &            12 &            13 \\
\midrule
new\_cluster &  [-0.64, new\_cluster] &  [-1.41, c1] &  [-16.17, c2] &  [-11.51, c3] &  [-0.12, c4] &  [-1.76, c5] &  [-10.84, c6] &  [-0.29, c7] &  [-1.26, c8] &  [-3.01, c9] &  [-0.91, c10] &  [-3.37, c11] &  [-0.78, c12] &  [-23.6, c13] \\
c1          &  [-0.64, new\_cluster] &  [-1.41, c1] &   [-16.7, c2] &  [-11.54, c3] &  [-0.11, c4] &  [-1.74, c5] &  [-11.54, c6] &  [-0.26, c7] &  [-1.34, c8] &  [-3.11, c9] &  [-0.78, c10] &  [-3.37, c11] &  [-0.65, c12] &  [-23.6, c13] \\
c2          &  [-0.64, new\_cluster] &  [-1.32, c1] &  [-15.57, c2] &  [-12.01, c3] &  [-0.17, c4] &  [-1.76, c5] &   [-10.5, c6] &  [-0.29, c7] &  [-1.29, c8] &  [-3.09, c9] &  [-0.82, c10] &  [-3.37, c11] &  [-0.65, c12] &  [-23.6, c13] \\
c3          &  [-0.64, new\_cluster] &  [-1.17, c1] &  [-16.12, c2] &  [-11.95, c3] &  [-0.16, c4] &  [-2.09, c5] &  [-11.03, c6] &  [-0.32, c7] &  [-1.22, c8] &  [-2.86, c9] &  [-0.83, c10] &  [-3.37, c11] &  [-0.68, c12] &  [-23.6, c13] \\
c4          &  [-0.64, new\_cluster] &  [-1.34, c1] &   [-16.1, c2] &   [-11.4, c3] &   [-0.1, c4] &  [-2.25, c5] &  [-11.25, c6] &  [-0.43, c7] &  [-1.41, c8] &  [-3.08, c9] &  [-0.78, c10] &  [-3.37, c11] &  [-0.71, c12] &  [-23.6, c13] \\
c5          &  [-0.64, new\_cluster] &  [-1.32, c1] &  [-15.93, c2] &  [-12.62, c3] &  [-0.19, c4] &  [-1.93, c5] &  [-11.08, c6] &  [-0.21, c7] &  [-1.38, c8] &  [-2.98, c9] &  [-0.79, c10] &  [-3.37, c11] &  [-0.82, c12] &  [-23.6, c13] \\
c6          &  [-0.64, new\_cluster] &  [-1.34, c1] &   [-15.9, c2] &  [-11.59, c3] &  [-0.18, c4] &  [-2.01, c5] &  [-10.73, c6] &  [-0.33, c7] &   [-1.5, c8] &  [-2.74, c9] &   [-0.9, c10] &  [-3.37, c11] &  [-0.78, c12] &  [-23.6, c13] \\
c7          &  [-0.64, new\_cluster] &  [-1.43, c1] &  [-16.46, c2] &  [-11.19, c3] &  [-0.15, c4] &  [-1.87, c5] &  [-11.26, c6] &  [-0.33, c7] &  [-1.31, c8] &  [-3.11, c9] &  [-0.84, c10] &  [-3.37, c11] &  [-0.78, c12] &  [-23.6, c13] \\
c8          &  [-0.64, new\_cluster] &  [-1.29, c1] &  [-16.15, c2] &  [-12.36, c3] &  [-0.12, c4] &  [-2.18, c5] &  [-10.97, c6] &  [-0.33, c7] &  [-1.25, c8] &  [-2.94, c9] &  [-0.82, c10] &  [-3.37, c11] &  [-0.71, c12] &  [-23.6, c13] \\
c9          &  [-0.64, new\_cluster] &  [-1.23, c1] &  [-15.64, c2] &  [-11.46, c3] &  [-0.13, c4] &  [-2.08, c5] &  [-11.44, c6] &  [-0.41, c7] &  [-1.24, c8] &  [-2.83, c9] &  [-0.84, c10] &  [-3.37, c11] &  [-0.74, c12] &  [-23.6, c13] \\
c10         &  [-0.64, new\_cluster] &  [-1.14, c1] &  [-16.86, c2] &  [-11.56, c3] &  [-0.13, c4] &  [-1.75, c5] &  [-10.22, c6] &  [-0.38, c7] &  [-1.45, c8] &  [-2.95, c9] &  [-0.87, c10] &  [-3.37, c11] &  [-0.74, c12] &  [-23.6, c13] \\
c11         &  [-0.64, new\_cluster] &  [-1.27, c1] &  [-16.03, c2] &  [-11.31, c3] &  [-0.07, c4] &  [-1.83, c5] &   [-10.5, c6] &  [-0.38, c7] &  [-1.43, c8] &   [-3.1, c9] &  [-0.87, c10] &  [-3.37, c11] &  [-0.68, c12] &  [-23.6, c13] \\
c12         &  [-0.64, new\_cluster] &  [-1.17, c1] &  [-15.13, c2] &  [-11.72, c3] &  [-0.07, c4] &   [-2.0, c5] &  [-10.69, c6] &  [-0.37, c7] &   [-1.3, c8] &  [-2.68, c9] &  [-0.83, c10] &  [-3.37, c11] &  [-0.81, c12] &  [-23.6, c13] \\
c13         &  [-0.64, new\_cluster] &   [-1.5, c1] &  [-16.36, c2] &  [-11.17, c3] &  [-0.11, c4] &  [-1.98, c5] &  [-12.02, c6] &  [-0.46, c7] &  [-1.37, c8] &  [-2.99, c9] &  [-0.84, c10] &  [-3.37, c11] &  [-0.74, c12] &  [-23.6, c13] \\
\bottomrule
\end{tabular}

