Seed: 7
Experiment_path: AE_Model_1/Random_Seeds//V4/Experiment_04_7
Dataset_Path: ../_00_Datasets/03_SimDaten_Quiroga2020/C_Difficult1_noise010.mat
Dataset_name: ['03_SimDaten_Quiroga2020', 'C_Difficult1_noise010.mat']
Variant_name: Variant_04_Offline_Autoencoder_QLearning
Visualisation_Path: Random_Seeds//V4/Experiment_04_7/C_Difficult1_noise010.mat/Variant_04_Offline_Autoencoder_QLearning/2023_04_15-12_06_10
Split Ratio: 0.9
Epochs: 8
Batch Size: 1
Input Size: 47
Number of Features: 2
Chosen Model: Autoencoder
Autoencoder(
  (encoder): Sequential(
    (0): Linear(in_features=47, out_features=12, bias=True)
    (1): LeakyReLU(negative_slope=0.01)
    (2): Linear(in_features=12, out_features=2, bias=True)
  )
  (decoder): Sequential(
    (0): Linear(in_features=2, out_features=12, bias=True)
    (1): LeakyReLU(negative_slope=0.01)
    (2): Linear(in_features=12, out_features=47, bias=True)
  )
)
MSELoss()
Adam (
Parameter Group 0
    amsgrad: False
    betas: (0.9, 0.999)
    capturable: False
    differentiable: False
    eps: 1e-08
    foreach: None
    fused: False
    lr: 0.001
    maximize: False
    weight_decay: 0
)
---Q Learning Parameters---
Normalisation: False
Punishment Coefficient: 0.3
Alpha: 0.8
Epsilon: 0.01
Gamma: 0.97
Initial Episode Number: 0
Episode Number Coefficient: 1.4
Number of Random Features: 20
Planning Number: 20
Max Random Features: 60
New Episode Number: 72
New Episode Number: 143
New Episode Number: 215
New Episode Number: 286
New Episode Number: 358
                0     1     2     3     4     5
new_cluster -3.31 -4.07 -3.48 -3.01 -3.38 -4.60
c1          -3.30 -3.95 -3.39 -3.05 -3.42 -4.64
c2          -3.31 -3.97 -3.31 -3.05 -3.41 -4.49
c3          -3.35 -4.07 -3.36 -2.99 -3.40 -4.45
c4          -3.28 -4.06 -3.38 -3.05 -3.45 -4.38
c5          -3.35 -3.97 -3.46 -2.99 -3.36 -4.50
\begin{tabular}{lrrrrrr}
\toprule
{} &     0 &     1 &     2 &     3 &     4 &     5 \\
\midrule
new\_cluster & -3.31 & -4.07 & -3.48 & -3.01 & -3.38 & -4.60 \\
c1          & -3.30 & -3.95 & -3.39 & -3.05 & -3.42 & -4.64 \\
c2          & -3.31 & -3.97 & -3.31 & -3.05 & -3.41 & -4.49 \\
c3          & -3.35 & -4.07 & -3.36 & -2.99 & -3.40 & -4.45 \\
c4          & -3.28 & -4.06 & -3.38 & -3.05 & -3.45 & -4.38 \\
c5          & -3.35 & -3.97 & -3.46 & -2.99 & -3.36 & -4.50 \\
\bottomrule
\end{tabular}

                                0            1  ...            4            5
new_cluster  [-0.36, new_cluster]  [-1.11, c1]  ...  [-0.34, c4]  [-1.67, c5]
c1           [-0.36, new_cluster]  [-0.99, c1]  ...  [-0.45, c4]  [-1.72, c5]
c2           [-0.36, new_cluster]  [-1.02, c1]  ...  [-0.44, c4]  [-1.57, c5]
c3           [-0.36, new_cluster]  [-1.12, c1]  ...  [-0.36, c4]  [-1.52, c5]
c4           [-0.36, new_cluster]   [-1.1, c1]  ...  [-0.41, c4]  [-1.46, c5]
c5           [-0.36, new_cluster]  [-1.01, c1]  ...  [-0.36, c4]  [-1.52, c5]

[6 rows x 6 columns]
\begin{tabular}{lllllll}
\toprule
{} &                     0 &            1 &            2 &            3 &            4 &            5 \\
\midrule
new\_cluster &  [-0.36, new\_cluster] &  [-1.11, c1] &  [-0.51, c2] &  [-0.11, c3] &  [-0.34, c4] &  [-1.67, c5] \\
c1          &  [-0.36, new\_cluster] &  [-0.99, c1] &  [-0.42, c2] &  [-0.11, c3] &  [-0.45, c4] &  [-1.72, c5] \\
c2          &  [-0.36, new\_cluster] &  [-1.02, c1] &  [-0.35, c2] &  [-0.11, c3] &  [-0.44, c4] &  [-1.57, c5] \\
c3          &  [-0.36, new\_cluster] &  [-1.12, c1] &   [-0.4, c2] &  [-0.05, c3] &  [-0.36, c4] &  [-1.52, c5] \\
c4          &  [-0.36, new\_cluster] &   [-1.1, c1] &  [-0.41, c2] &  [-0.15, c3] &  [-0.41, c4] &  [-1.46, c5] \\
c5          &  [-0.36, new\_cluster] &  [-1.01, c1] &   [-0.5, c2] &  [-0.08, c3] &  [-0.36, c4] &  [-1.52, c5] \\
\bottomrule
\end{tabular}

