Experiment_path: Base_Line_W_PC//0.4/Experiment_03
Dataset_Path: ../_00_Datasets/03_SimDaten_Quiroga2020/C_Easy1_noise015.mat
Dataset_name: ['03_SimDaten_Quiroga2020', 'C_Easy1_noise015.mat']
Variant_name: Variant_03_PCA_QLearning
Visualisation_Path: Base_Line_W_PC//0.4/Experiment_03/C_Easy1_noise015.mat/Variant_03_PCA_QLearning/2023_04_09-17_26_01
Punishment_Coefficient: 0.4
<_01_LoadDataset.ExternCode.spike_class.spike_dataclass object at 0x000001E9A4B4D588>
Sampling rate: 24000.0
Raw: [-0.11561686 -0.09151516 -0.07003629 ...  0.13067092  0.07286933
  0.02376508]
Times: [   1418    2718    2965 ... 1438324 1439204 1439256]
Cluster: [2 1 3 ... 2 2 2]
Number of different clusters:  3
Number of Spikes: 3477
First aligned Spike Frame: [-0.21672249 -0.20435022 -0.20773448 -0.23066605 -0.25048766 -0.24897994
 -0.235203   -0.22454461 -0.22637624 -0.23567647 -0.24458052 -0.29008047
 -0.46277163 -0.78005294 -1.10886208 -1.22520407 -0.93276888 -0.30507988
  0.28404034  0.5598609   0.56326036  0.46868005  0.38002586  0.308291
  0.2337485   0.15145072  0.07073965  0.00289921 -0.04579903 -0.0801131
 -0.10431654 -0.10729234 -0.08281733 -0.04721634 -0.02197862 -0.01600473
 -0.0234669  -0.0435982  -0.07322802 -0.10283475 -0.12412902 -0.14133481
 -0.1572087  -0.1697764  -0.17533489 -0.18293644 -0.19999581]
Cluster 0, Occurrences: 1132
Cluster 1, Occurrences: 1188
Cluster 2, Occurrences: 1157
Number of Samples after PCA: 3477
First Spike Frame after PCA: [2.80234994 1.14579242]
Number of Spikes for Q_Learning: 300
[0, 1, 2, 0, 2, 0, 0, 0, 1, 0, 1, 0, 1, 2, 3, 3, 1, 0, 2, 2, 1, 1, 1, 3, 2, 1, 3, 0, 1, 2, 3, 2, 0, 2, 3, 1, 0, 2, 1, 0, 2, 2, 0, 4, 2, 0, 1, 1, 1, 1, 1, 2, 3, 3, 3, 0, 1, 1, 2, 5, 1, 1, 1, 5, 0, 1, 1, 2, 2, 0, 1, 5, 5, 2, 2, 2, 0, 0, 2, 2, 0, 1, 0, 3, 2, 1, 2, 5, 5, 3, 1, 5, 0, 0, 1, 1, 0, 0, 5, 1, 2, 0, 4, 6, 1, 3, 0, 3, 1, 2, 0, 0, 2, 7, 2, 8, 0, 0, 3, 0, 5, 4, 5, 8, 3, 4, 2, 1, 5, 3, 8, 9, 5, 3, 4, 2, 1, 4, 3, 8, 5, 10, 11, 2, 8, 12, 2, 4, 2, 8, 0, 5, 1, 4, 4, 5, 2, 8, 2, 9, 2, 13, 0, 0, 0, 3, 1, 2, 8, 8, 3, 1, 3, 0, 8, 2, 5, 4, 1, 3, 4, 4, 2, 14, 2, 0, 0, 13, 3, 5, 4, 3, 2, 5, 5, 7, 2, 4, 9, 0, 0, 1, 2, 1, 2, 5, 2, 3, 4, 15, 6, 13, 2, 0, 2, 1, 9, 4, 9, 0, 2, 8, 0, 1, 1, 9, 3, 2, 4, 9, 2, 8, 1, 2, 2, 9, 1, 0, 15, 1, 0, 2, 2, 2, 4, 2, 1, 3, 5, 2, 0, 4, 1, 1, 9, 1, 4, 2, 5, 3, 4, 3, 2, 2, 2, 4, 3, 0, 1, 0, 2, 5, 1, 0, 3, 2, 1, 0, 2, 3, 0, 5, 1, 4, 2, 13, 2, 0, 2, 2, 3, 4, 1, 4, 14, 9, 2, 1, 4, 2]
{'c1': [array([2.80234994, 2.13722924, 2.53044044, 2.01022155, 2.8150761 ,
       2.62062856, 2.42398073, 2.34537509, 2.17014954, 2.58511765,
       1.91617807, 2.62606045, 2.57539327, 2.1382897 , 2.6401046 ,
       2.14560329, 2.16528164, 1.96596531, 2.5839929 , 2.53619877,
       1.83206711, 2.17537695, 1.83724696, 2.38474651, 2.10634741,
       2.61716744, 2.44701396, 2.2782819 , 2.60349004, 1.71746012,
       2.73080811, 2.22586002, 2.4606796 , 2.17118983, 2.45512195,
       2.62198099, 2.36058993, 2.62397344, 2.63141079, 2.10878453,
       2.10441839, 2.18211677, 2.65878021, 2.13997481, 2.4623604 ,
       2.49687306, 2.25756052, 2.51181611, 2.70730995, 2.17900966,
       2.37049787, 2.48532522, 2.47760434]), array([1.14579242, 1.50925224, 0.82172458, 1.03140141, 0.80244302,
       1.19838957, 0.98263282, 1.06512822, 0.74892762, 0.69140809,
       0.95642096, 1.40899969, 0.80885569, 0.83020603, 0.97755248,
       1.00888499, 0.87913266, 1.34599429, 0.79174472, 1.1132228 ,
       1.15520144, 1.08206519, 1.30116267, 0.9402531 , 1.25247273,
       0.86058951, 0.69503323, 1.22188624, 0.87261452, 1.38994666,
       1.03803096, 0.78302369, 1.02056163, 1.00624225, 1.05433646,
       0.79407532, 0.85865937, 1.07243615, 0.990601  , 1.19750561,
       1.04905272, 1.39737816, 1.02861239, 1.23061664, 1.09568983,
       0.62980138, 0.85018625, 1.0862982 , 1.18590694, 0.91780171,
       0.94436425, 1.00316746, 0.70932436])], 'c2': [array([ 0.11898526, -0.01503794, -0.32651785,  0.2930955 ,  0.08880578,
       -0.22355927, -0.470631  , -0.33142722,  0.1543795 , -0.36797593,
       -0.15826979, -0.17395538, -0.14531359, -0.29163526,  0.28191763,
        0.12443825, -0.26639594, -0.39256775,  0.02614766, -0.12483193,
        0.20128799, -0.75725911, -0.16604663, -0.1901658 , -0.54877337,
       -0.36787522, -0.09998391, -0.24654691, -0.35451275, -0.00796842,
       -0.11340767, -0.2093227 , -0.20437295,  0.14133498, -0.15663273,
       -0.01836292,  0.0996436 ,  0.08108941, -0.10358154, -0.34437706,
        0.11512881,  0.31035147, -0.3832391 , -0.20272748, -0.31647374,
        0.12241819,  0.01092748, -0.13086032, -0.57270129, -0.06603078,
       -0.29918559, -0.20403949, -0.00709889,  0.18573876,  0.05026765,
        0.07989826, -0.30059477]), array([-1.93711829, -1.47024032, -1.67002424, -2.30285653, -2.14774129,
       -1.85903499, -1.73230717, -1.83387005, -1.81128441, -2.02328781,
       -1.86876738, -1.78753474, -1.8757453 , -2.10633786, -2.13004458,
       -2.20347965, -2.0342517 , -1.70727228, -1.69003558, -2.29206878,
       -1.66691884, -1.68230371, -1.94196174, -2.1678474 , -1.74712815,
       -1.70091706, -2.00606972, -1.92018633, -1.62742828, -1.87466322,
       -1.73424576, -2.22300799, -1.61341004, -1.7856864 , -1.75525038,
       -1.71801524, -1.58410666, -1.83765929, -1.79422094, -1.83363971,
       -1.682106  , -1.74541179, -1.82191645, -1.62832853, -1.80425644,
       -1.90714713, -2.09911921, -1.79147007, -2.01684411, -1.93642074,
       -1.64087258, -1.84837812, -1.93376834, -1.85500272, -1.4621225 ,
       -2.03174428, -1.6615871 ])], 'c3': [array([-2.15985506, -2.87708767, -3.11750953, -2.64382581, -2.33039291,
       -2.90072718, -2.55874413, -2.52663092, -2.44868963, -2.63624819,
       -2.61389134, -3.00383951, -2.51787188, -2.92406536, -2.45914453,
       -2.38604323, -2.41152425, -2.39303646, -2.79568356, -2.37865518,
       -2.51776444, -2.54871468, -2.6769969 , -2.87009476, -2.97807049,
       -2.44178453, -3.00025602, -2.65307265, -2.71665347, -3.0683114 ,
       -2.8007535 , -2.47166263, -2.59702839, -2.31892728, -2.90570338,
       -2.63383801, -2.78124417, -2.56121356, -2.84181961, -2.59490887,
       -2.63538004, -2.82811089, -3.19388841, -2.43762945, -2.95818362,
       -2.26795547, -2.7524355 , -2.74605534, -3.22445247, -2.48073765,
       -2.63720453, -2.45926349, -2.96921311, -2.64974297, -2.28507516,
       -2.58903219, -2.891503  , -2.45607408, -2.74522529, -3.2135428 ]), array([0.60994689, 1.32871518, 1.14212086, 0.70731106, 1.19917999,
       0.96273056, 0.89950748, 0.79314106, 0.64725155, 0.95833029,
       0.95147708, 0.8117422 , 0.9594797 , 1.04683826, 0.91365138,
       0.63096782, 0.61733471, 0.57732304, 1.07722026, 0.76142748,
       0.84745282, 0.72383508, 0.7354138 , 0.916661  , 0.95153033,
       0.68058788, 0.87581947, 1.0098882 , 0.70440639, 1.16655041,
       1.13367919, 0.91803802, 0.96596362, 0.954976  , 0.6424259 ,
       0.87109376, 1.40281719, 0.78299702, 1.35985153, 0.91988301,
       1.1169277 , 0.69622178, 0.66076318, 0.55692324, 1.05513552,
       1.17786626, 0.76076594, 1.11546562, 1.20180579, 0.6612214 ,
       0.97793639, 0.72799183, 0.9282062 , 0.57451449, 1.03546532,
       0.95982221, 0.75303009, 0.94552861, 1.1834424 , 1.26888788])], 'c4': [array([3.09809063, 3.28700068, 3.06328982, 3.26087647, 3.21895393,
       3.02024785, 3.37916088, 2.85294304, 2.99191449, 3.27131902,
       2.77691919, 2.96360611, 3.3104994 , 3.04780482, 2.57890739,
       3.01138157, 3.29973992, 3.6291415 , 2.72227363, 2.64698624,
       3.28574723, 3.32392043, 2.86653527, 3.02026402, 2.9146262 ,
       3.22621748, 3.24051929, 3.01225578, 3.27643693, 2.75251674,
       2.72215979, 2.67050075, 3.28520702]), array([ 0.67661124,  0.95085112,  0.37611383,  0.50678799,  0.86387263,
        0.92090555,  0.33049222,  0.73890128,  0.84547824,  0.55371989,
        0.44057727,  0.71977658,  0.70872268,  0.47236918,  0.49731299,
        0.5331225 , -0.08591949,  0.84127955,  0.77899562,  0.60872614,
        0.33158801,  0.6948235 ,  0.81172997,  0.27412249,  0.46543768,
        0.8428976 ,  0.57366638,  0.32445685,  0.77138558,  0.76310056,
        0.60487091,  0.60126015,  0.30126527])], 'c5': [array([-1.94115133, -2.49961185, -1.74936696, -1.94397756, -2.08334995,
       -2.01738424, -2.0526913 , -2.21667322, -1.87228521, -2.06393993,
       -2.13351663, -2.35737072, -2.2477954 , -1.55652211, -2.06000132,
       -2.14325593, -2.17721276, -2.13400016, -2.13532082, -2.2476497 ,
       -2.19732517, -1.46451873, -1.78462981, -2.01725686, -2.18584681,
       -2.05419756]), array([ 0.29402313,  0.12183237,  0.60070808,  0.43517758,  0.41438352,
        0.5741441 ,  0.76971864,  0.59750967,  0.41142374,  0.84957511,
        0.57202533,  0.65275176,  0.60672206,  0.39541507,  0.73354341,
        0.74163653,  0.54534682,  0.63686249,  0.81522665,  0.55711258,
        0.78184146,  0.71920174, -0.07044669,  0.46426015,  0.82020909,
        0.76652788])], 'c6': [array([0.66351991, 0.46794406, 0.50155863, 0.42633964, 0.58614267,
       0.59170172, 1.09074159, 0.28373606, 0.51890757, 0.28306294,
       0.46895253, 0.25732706, 0.14881699, 0.24352691, 0.69352987,
       0.61241259, 0.66778272, 0.81211228, 0.35200663, 0.22358466,
       0.04360168, 0.4497788 , 0.64566145, 0.55841624]), array([-2.02388866, -2.04212672, -2.27594597, -1.8754212 , -2.2508665 ,
       -2.25738735, -2.1619727 , -2.26181473, -1.88746797, -2.61906283,
       -2.45065885, -2.19610367, -2.20597852, -2.41297206, -2.25577694,
       -1.65578365, -2.05223879, -1.90597048, -2.47329715, -2.08550404,
       -2.30787998, -2.21379176, -2.06950058, -2.19785047])], 'c7': [array([ 0.22397093, -0.08283309]), array([1.06624825, 1.19154547])], 'c8': [array([1.27704175, 0.79637875]), array([-1.36228701, -1.48440547])], 'c9': [array([-0.56018714, -0.41188557, -0.75883915, -0.5418997 , -0.45560376,
       -0.29378412, -0.33536015, -0.46231802, -1.12828598, -0.78718942,
       -0.28421055, -0.63497076]), array([-1.570474  , -1.60012003, -1.41277314, -1.69960323, -1.65229121,
       -1.51692692, -1.4639421 , -1.57260563, -1.1087823 , -1.31012159,
       -1.39570279, -1.70827409])], 'c10': [array([1.44356044, 1.95407949, 1.43083775, 1.79773972, 2.03016433,
       1.93866174, 1.78918298, 1.83844758, 1.96440032, 1.93149932]), array([1.35672207, 1.2985558 , 1.45150075, 1.27096549, 1.2906553 ,
       1.61422381, 1.08685798, 1.40612728, 1.61603985, 1.21715045])], 'c11': [array([1.41964615]), array([-0.38229657])], 'c12': [array([0.64192616]), array([-0.84529989])], 'c13': [array([2.64761789]), array([2.45498646])], 'c14': [array([1.58867454, 1.05420932, 1.52582512, 0.86494924]), array([-2.57765774, -2.57789964, -2.27418967, -2.81576393])], 'c15': [array([3.68716956, 3.79751411]), array([-0.00153692,  0.35503751])], 'c16': [array([-1.89316727,  0.83691808]), array([-0.40189564, -1.84710063])]}
Centroids: [[0.0705531687954315, -1.8914549027868226], [2.5021449458102585, 0.8951185686027022], [-2.4976424567081907, 0.8009638070563391]]
Centroids: [[2.361450597983196, 1.015717214289585], [-0.12586673328542589, -1.8520081743499563], [-2.672018557047245, 0.9041236090257462], [3.061453440038049, 0.5951303629638888], [-2.051417386135318, 0.569489703537373], [0.4829652179282602, -2.172469230885755], [0.07056892259975459, 1.1288968610580998], [1.03671024965869, -1.4233462439559048], [-0.5545445278424296, -1.5009680857516938], [1.8118573696358957, 1.360879877763388], [1.4196461468741621, -0.38229657456764243], [0.6419261584197135, -0.8452998869487063], [2.6476178871165654, 2.4549864632686047], [1.2584145549390486, -2.5613777453249815], [3.7423418355933267, 0.1767502931246532], [-0.528124592189018, -1.1244981343864022]]
Contingency Matrix: 
[[ 0 57  0  0  0 24  0  2 12  0  1  0  0  4  0  1]
 [53  0  0 33  0  0  2  0  0 10  0  1  1  0  2  0]
 [ 0  0 70  0 26  0  0  0  0  0  0  0  0  0  0  1]]
[[0, 57, 0, 0, 0, 24, 0, 2, 12, 0, 1, 0, 0, 4, 0, 1], [53, 0, 0, 33, 0, 0, 2, 0, 0, 10, 0, 1, 1, 0, 2, 0], [0, 0, 70, 0, 26, 0, 0, 0, 0, 0, 0, 0, 0, 0, 0, 1]]
[[0, 57, 0, 0, 0, 24, 0, 2, 12, 0, 1, 0, 0, 4, 0, 1], [53, 0, 0, 33, 0, 0, 2, 0, 0, 10, 0, 1, 1, 0, 2, 0], [0, 0, 70, 0, 26, 0, 0, 0, 0, 0, 0, 0, 0, 0, 0, 1]]
[0, 1, 2, 3, 4, 5, 6, 7, 8, 9, 10, 11, 12, 13, 14, 15]
[[0, 57, -1, 0, 0, 24, 0, 2, 12, 0, 1, 0, 0, 4, 0, 1], [53, 0, -1, 33, 0, 0, 2, 0, 0, 10, 0, 1, 1, 0, 2, 0], [-1, -1, -1, -1, -1, -1, -1, -1, -1, -1, -1, -1, -1, -1, -1, -1]]
[[-1, -1, -1, -1, -1, -1, -1, -1, -1, -1, -1, -1, -1, -1, -1, -1], [53, -1, -1, 33, 0, 0, 2, 0, 0, 10, 0, 1, 1, 0, 2, 0], [-1, -1, -1, -1, -1, -1, -1, -1, -1, -1, -1, -1, -1, -1, -1, -1]]
[[-1, -1, -1, -1, -1, -1, -1, -1, -1, -1, -1, -1, -1, -1, -1, -1], [-1, -1, -1, -1, -1, -1, -1, -1, -1, -1, -1, -1, -1, -1, -1, -1], [-1, -1, -1, -1, -1, -1, -1, -1, -1, -1, -1, -1, -1, -1, -1, -1]]
Match_Labels: {2: 2, 0: 1, 1: 0}
New Contingency Matrix: 
[[57  0  0  0  0 24  0  2 12  0  1  0  0  4  0  1]
 [ 0 53  0 33  0  0  2  0  0 10  0  1  1  0  2  0]
 [ 0  0 70  0 26  0  0  0  0  0  0  0  0  0  0  1]]
New Clustered Label Sequence: [1, 0, 2, 3, 4, 5, 6, 7, 8, 9, 10, 11, 12, 13, 14, 15]
Diagonal_Elements: [57, 53, 70], Sum: 180
All_Elements: [57, 0, 0, 0, 0, 24, 0, 2, 12, 0, 1, 0, 0, 4, 0, 1, 0, 53, 0, 33, 0, 0, 2, 0, 0, 10, 0, 1, 1, 0, 2, 0, 0, 0, 70, 0, 26, 0, 0, 0, 0, 0, 0, 0, 0, 0, 0, 1], Sum: 300
Accuracy: 0.6
