Seed: 0
Experiment_path: Experiment_05
Dataset_Path: ../_00_Datasets/03_SimDaten_Quiroga2020/C_Easy2_noise010.mat
Dataset_name: ['03_SimDaten_Quiroga2020', 'C_Easy2_noise010.mat']
Variant_name: Variant_05_Online_Autoencoder_QLearning
Visualisation_Path: AE_Model_2/Epochs_GS_PC//V5_20/C_Easy2_noise010.mat/Variant_05_Online_Autoencoder_QLearning/0.3
Normalisation: False
Template Matching: False
Optimising Autoencoder: False
Update Factor: 1
Noisy Batches: False
Noisy Factor: 0.001
Epochs: 20
Batch Size: 1
maximal Spikes for Autoencoder Training : 700
maximal Spikes for Training: 1000
Input Size: 47
Chosen Model: Convolutional Autoencoder
ConvolutionalAutoencoder(
  (encoder): Sequential(
    (0): Conv1d(1, 6, kernel_size=(6,), stride=(1,))
    (1): LeakyReLU(negative_slope=0.01)
    (2): Conv1d(6, 1, kernel_size=(6,), stride=(1,))
    (3): Flatten(start_dim=1, end_dim=-1)
    (4): Linear(in_features=37, out_features=2, bias=True)
  )
  (decoder): Sequential(
    (0): ConvTranspose1d(1, 6, kernel_size=(6,), stride=(1,))
    (1): LeakyReLU(negative_slope=0.01)
    (2): ConvTranspose1d(6, 1, kernel_size=(6,), stride=(1,))
    (3): Flatten(start_dim=1, end_dim=-1)
    (4): Linear(in_features=12, out_features=47, bias=True)
  )
)
MSELoss()
Adam (
Parameter Group 0
    amsgrad: False
    betas: (0.9, 0.999)
    capturable: False
    differentiable: False
    eps: 1e-08
    foreach: None
    fused: False
    lr: 0.001
    maximize: False
    weight_decay: 0
)
---Q Learning Parameters---
Normalisation: False
Punishment Coefficient: 0.3
Alpha: 0.8
Epsilon: 0.01
Gamma: 0.97
Initial Episode Number: 0
Episode Number Coefficient: 1.4
Number of Random Features: 20
Planning Number: 20
Max Random Features: 60
New Episode Number: 72
New Episode Number: 143
New Episode Number: 215
New Episode Number: 286
New Episode Number: 358
New Episode Number: 429
New Episode Number: 500
New Episode Number: 572
                0     1     2     3     4      5     6     7     8
new_cluster -7.37 -7.45 -9.67 -8.36 -7.39 -10.93 -8.91 -7.64 -7.23
c1          -7.37 -7.44 -9.77 -8.33 -7.35 -10.51 -8.91 -7.64 -7.23
c2          -7.37 -7.53 -9.78 -8.22 -7.48 -10.83 -8.91 -7.64 -7.23
c3          -7.37 -7.53 -9.82 -8.42 -7.24 -10.85 -8.91 -7.64 -7.23
c4          -7.37 -7.46 -9.80 -8.36 -7.39 -10.76 -8.91 -7.64 -7.23
c5          -7.37 -7.47 -9.95 -8.27 -7.31 -10.67 -8.91 -7.64 -7.23
c6          -7.37 -7.46 -9.63 -8.32 -7.24 -10.70 -8.91 -7.64 -7.23
c7          -7.37 -7.47 -9.84 -8.37 -7.31 -10.69 -8.91 -7.64 -7.23
c8          -7.37 -7.46 -9.74 -8.30 -7.32 -10.72 -8.91 -7.64 -7.23
\begin{tabular}{lrrrrrrrrr}
\toprule
{} &     0 &     1 &     2 &     3 &     4 &      5 &     6 &     7 &     8 \\
\midrule
new\_cluster & -7.37 & -7.45 & -9.67 & -8.36 & -7.39 & -10.93 & -8.91 & -7.64 & -7.23 \\
c1          & -7.37 & -7.44 & -9.77 & -8.33 & -7.35 & -10.51 & -8.91 & -7.64 & -7.23 \\
c2          & -7.37 & -7.53 & -9.78 & -8.22 & -7.48 & -10.83 & -8.91 & -7.64 & -7.23 \\
c3          & -7.37 & -7.53 & -9.82 & -8.42 & -7.24 & -10.85 & -8.91 & -7.64 & -7.23 \\
c4          & -7.37 & -7.46 & -9.80 & -8.36 & -7.39 & -10.76 & -8.91 & -7.64 & -7.23 \\
c5          & -7.37 & -7.47 & -9.95 & -8.27 & -7.31 & -10.67 & -8.91 & -7.64 & -7.23 \\
c6          & -7.37 & -7.46 & -9.63 & -8.32 & -7.24 & -10.70 & -8.91 & -7.64 & -7.23 \\
c7          & -7.37 & -7.47 & -9.84 & -8.37 & -7.31 & -10.69 & -8.91 & -7.64 & -7.23 \\
c8          & -7.37 & -7.46 & -9.74 & -8.30 & -7.32 & -10.72 & -8.91 & -7.64 & -7.23 \\
\bottomrule
\end{tabular}

                                0            1  ...            7            8
new_cluster  [-0.36, new_cluster]  [-0.44, c1]  ...  [-0.63, c7]  [-0.22, c8]
c1           [-0.36, new_cluster]  [-0.43, c1]  ...  [-0.63, c7]  [-0.22, c8]
c2           [-0.36, new_cluster]  [-0.52, c1]  ...  [-0.63, c7]  [-0.22, c8]
c3           [-0.36, new_cluster]  [-0.52, c1]  ...  [-0.63, c7]  [-0.22, c8]
c4           [-0.36, new_cluster]  [-0.45, c1]  ...  [-0.63, c7]  [-0.22, c8]
c5           [-0.36, new_cluster]  [-0.46, c1]  ...  [-0.63, c7]  [-0.22, c8]
c6           [-0.36, new_cluster]  [-0.45, c1]  ...  [-0.63, c7]  [-0.22, c8]
c7           [-0.36, new_cluster]  [-0.46, c1]  ...  [-0.63, c7]  [-0.22, c8]
c8           [-0.36, new_cluster]  [-0.45, c1]  ...  [-0.63, c7]  [-0.22, c8]

[9 rows x 9 columns]
\begin{tabular}{llllllllll}
\toprule
{} &                     0 &            1 &            2 &            3 &            4 &            5 &           6 &            7 &            8 \\
\midrule
new\_cluster &  [-0.36, new\_cluster] &  [-0.44, c1] &  [-2.66, c2] &  [-1.35, c3] &  [-0.38, c4] &  [-3.91, c5] &  [-1.9, c6] &  [-0.63, c7] &  [-0.22, c8] \\
c1          &  [-0.36, new\_cluster] &  [-0.43, c1] &  [-2.75, c2] &  [-1.32, c3] &  [-0.34, c4] &   [-3.5, c5] &  [-1.9, c6] &  [-0.63, c7] &  [-0.22, c8] \\
c2          &  [-0.36, new\_cluster] &  [-0.52, c1] &  [-2.77, c2] &  [-1.21, c3] &  [-0.47, c4] &  [-3.82, c5] &  [-1.9, c6] &  [-0.63, c7] &  [-0.22, c8] \\
c3          &  [-0.36, new\_cluster] &  [-0.52, c1] &  [-2.81, c2] &  [-1.41, c3] &  [-0.23, c4] &  [-3.83, c5] &  [-1.9, c6] &  [-0.63, c7] &  [-0.22, c8] \\
c4          &  [-0.36, new\_cluster] &  [-0.45, c1] &  [-2.79, c2] &  [-1.34, c3] &  [-0.37, c4] &  [-3.75, c5] &  [-1.9, c6] &  [-0.63, c7] &  [-0.22, c8] \\
c5          &  [-0.36, new\_cluster] &  [-0.46, c1] &  [-2.94, c2] &  [-1.26, c3] &  [-0.29, c4] &  [-3.65, c5] &  [-1.9, c6] &  [-0.63, c7] &  [-0.22, c8] \\
c6          &  [-0.36, new\_cluster] &  [-0.45, c1] &  [-2.62, c2] &  [-1.31, c3] &  [-0.23, c4] &  [-3.69, c5] &  [-1.9, c6] &  [-0.63, c7] &  [-0.22, c8] \\
c7          &  [-0.36, new\_cluster] &  [-0.46, c1] &  [-2.83, c2] &  [-1.36, c3] &  [-0.29, c4] &  [-3.68, c5] &  [-1.9, c6] &  [-0.63, c7] &  [-0.22, c8] \\
c8          &  [-0.36, new\_cluster] &  [-0.45, c1] &  [-2.73, c2] &  [-1.29, c3] &  [-0.31, c4] &  [-3.71, c5] &  [-1.9, c6] &  [-0.63, c7] &  [-0.22, c8] \\
\bottomrule
\end{tabular}

