Seed: 8
Experiment_path: AE_Model_2/Random_Seeds_DV5//V5_3/Experiment_05_8_opt_temp_noisy
Dataset_Path: ../_00_Datasets/03_SimDaten_Quiroga2020/C_Difficult1_noise005.mat
Dataset_name: ['03_SimDaten_Quiroga2020', 'C_Difficult1_noise005.mat']
Variant_name: Variant_05_Online_Autoencoder_QLearning_opt_temp_noisy
Visualisation_Path: AE_Model_2/Random_Seeds_DV5//V5_3/Experiment_05_8_opt_temp_noisy/C_Difficult1_noise005.mat/Variant_05_Online_Autoencoder_QLearning_opt_temp_noisy/2023_04_24-13_36_00
Normalisation: False
Template Matching: True
Optimising Autoencoder: True
Update Factor: 1
Noisy Batches: True
Noisy Factor: 0.1
Epochs: 8
Batch Size: 1
maximal Spikes for Autoencoder Training : 700
maximal Spikes for Training: 1000
Input Size: 47
Chosen Model: Convolutional Autoencoder
ConvolutionalAutoencoder(
  (encoder): Sequential(
    (0): Conv1d(1, 6, kernel_size=(6,), stride=(1,))
    (1): LeakyReLU(negative_slope=0.01)
    (2): Conv1d(6, 1, kernel_size=(6,), stride=(1,))
    (3): Flatten(start_dim=1, end_dim=-1)
    (4): Linear(in_features=37, out_features=2, bias=True)
  )
  (decoder): Sequential(
    (0): ConvTranspose1d(1, 6, kernel_size=(6,), stride=(1,))
    (1): LeakyReLU(negative_slope=0.01)
    (2): ConvTranspose1d(6, 1, kernel_size=(6,), stride=(1,))
    (3): Flatten(start_dim=1, end_dim=-1)
    (4): Linear(in_features=12, out_features=47, bias=True)
  )
)
MSELoss()
Adam (
Parameter Group 0
    amsgrad: False
    betas: (0.9, 0.999)
    capturable: False
    differentiable: False
    eps: 1e-08
    foreach: None
    fused: False
    lr: 0.001
    maximize: False
    weight_decay: 0
)
---Q Learning Parameters---
Normalisation: False
Punishment Coefficient: 0.4
Alpha: 0.8
Epsilon: 0.01
Gamma: 0.97
Initial Episode Number: 0
Episode Number Coefficient: 1.4
Number of Random Features: 20
Planning Number: 20
Max Random Features: 60
New Episode Number: 72
New Episode Number: 143
New Episode Number: 215
New Episode Number: 286
New Episode Number: 358
New Episode Number: 429
New Episode Number: 500
New Episode Number: 572
New Episode Number: 643
New Episode Number: 715
New Episode Number: 786
New Episode Number: 858
New Episode Number: 929
New Episode Number: 1000
New Episode Number: 1072
New Episode Number: 1143
               0     1      2     3      4   ...     12     13     14     15     16
new_cluster -8.34 -9.32 -11.79 -8.51  -9.93  ... -13.10 -15.43 -12.44 -12.90 -12.12
c1          -8.46 -9.14 -12.03 -8.47  -9.74  ... -13.12 -15.40 -12.54 -12.91 -12.00
c2          -8.38 -9.13 -12.11 -8.74  -9.93  ... -13.10 -15.03 -12.90 -12.84 -12.13
c3          -8.25 -9.34 -11.97 -8.54  -9.98  ... -13.13 -15.12 -12.14 -12.66 -12.13
c4          -8.38 -9.09 -11.55 -8.53  -9.92  ... -13.10 -15.05 -12.16 -12.89 -12.15
c5          -8.38 -9.48 -11.96 -8.47  -9.45  ... -13.12 -15.60 -12.80 -12.76 -12.12
c6          -8.40 -9.15 -12.05 -8.54  -9.75  ... -13.24 -15.47 -12.23 -12.88 -12.12
c7          -8.39 -9.25 -11.72 -8.46  -9.63  ... -13.10 -15.87 -12.39 -12.85 -12.12
c8          -8.47 -9.15 -11.95 -8.42 -10.02  ... -12.95 -15.87 -12.32 -12.86 -11.90
c9          -8.46 -9.21 -11.76 -8.50  -9.87  ... -13.01 -15.18 -12.46 -12.90 -12.15
c10         -8.47 -9.65 -11.76 -8.62  -9.92  ... -13.07 -15.43 -12.71 -12.93 -12.10
c11         -8.29 -9.02 -11.96 -8.53  -9.74  ... -13.09 -15.37 -12.52 -12.85 -12.13
c12         -8.29 -9.04 -12.37 -8.54  -9.69  ... -13.12 -15.41 -12.72 -12.71 -12.13
c13         -8.39 -9.03 -11.96 -8.62 -10.06  ... -13.12 -15.90 -12.03 -12.74 -12.12
c14         -8.39 -9.25 -11.98 -8.70  -9.48  ... -13.12 -15.24 -12.51 -12.85 -11.90
c15         -8.39 -9.14 -12.39 -8.62  -9.73  ... -13.01 -15.57 -12.45 -12.74 -12.15
c16         -8.36 -9.16 -11.93 -8.47  -9.80  ... -13.00 -15.29 -12.47 -12.89 -12.13

[17 rows x 17 columns]
\begin{tabular}{lrrrrrrrrrrrrrrrrr}
\toprule
{} &    0  &    1  &     2  &    3  &     4  &    5  &     6  &     7  &     8  &     9  &    10 &     11 &     12 &     13 &     14 &     15 &     16 \\
\midrule
new\_cluster & -8.34 & -9.32 & -11.79 & -8.51 &  -9.93 & -8.10 &  -9.98 & -10.37 & -10.68 & -16.17 & -8.54 & -10.63 & -13.10 & -15.43 & -12.44 & -12.90 & -12.12 \\
c1          & -8.46 & -9.14 & -12.03 & -8.47 &  -9.74 & -8.14 &  -9.53 & -10.25 & -10.68 & -16.41 & -8.41 & -10.67 & -13.12 & -15.40 & -12.54 & -12.91 & -12.00 \\
c2          & -8.38 & -9.13 & -12.11 & -8.74 &  -9.93 & -8.17 &  -9.95 & -10.46 & -10.68 & -15.65 & -8.22 & -10.47 & -13.10 & -15.03 & -12.90 & -12.84 & -12.13 \\
c3          & -8.25 & -9.34 & -11.97 & -8.54 &  -9.98 & -8.14 & -10.17 & -10.47 & -10.68 & -15.93 & -8.34 & -10.83 & -13.13 & -15.12 & -12.14 & -12.66 & -12.13 \\
c4          & -8.38 & -9.09 & -11.55 & -8.53 &  -9.92 & -8.11 &  -9.85 & -10.23 & -10.68 & -16.28 & -8.24 & -10.11 & -13.10 & -15.05 & -12.16 & -12.89 & -12.15 \\
c5          & -8.38 & -9.48 & -11.96 & -8.47 &  -9.45 & -8.11 & -10.22 & -10.13 & -10.68 & -16.00 & -8.36 & -10.57 & -13.12 & -15.60 & -12.80 & -12.76 & -12.12 \\
c6          & -8.40 & -9.15 & -12.05 & -8.54 &  -9.75 & -7.92 & -10.04 & -10.38 & -10.68 & -15.86 & -8.49 & -10.81 & -13.24 & -15.47 & -12.23 & -12.88 & -12.12 \\
c7          & -8.39 & -9.25 & -11.72 & -8.46 &  -9.63 & -8.03 & -10.06 & -10.03 & -10.68 & -15.52 & -8.08 & -10.27 & -13.10 & -15.87 & -12.39 & -12.85 & -12.12 \\
c8          & -8.47 & -9.15 & -11.95 & -8.42 & -10.02 & -7.91 &  -9.82 & -10.43 & -10.70 & -16.02 & -8.32 & -10.57 & -12.95 & -15.87 & -12.32 & -12.86 & -11.90 \\
c9          & -8.46 & -9.21 & -11.76 & -8.50 &  -9.87 & -8.06 &  -9.96 & -10.34 & -10.69 & -15.64 & -8.38 & -10.31 & -13.01 & -15.18 & -12.46 & -12.90 & -12.15 \\
c10         & -8.47 & -9.65 & -11.76 & -8.62 &  -9.92 & -8.03 &  -9.99 & -10.84 & -10.68 & -15.85 & -8.55 & -10.23 & -13.07 & -15.43 & -12.71 & -12.93 & -12.10 \\
c11         & -8.29 & -9.02 & -11.96 & -8.53 &  -9.74 & -8.27 &  -9.83 & -10.35 & -10.69 & -15.83 & -8.27 & -10.44 & -13.09 & -15.37 & -12.52 & -12.85 & -12.13 \\
c12         & -8.29 & -9.04 & -12.37 & -8.54 &  -9.69 & -8.08 &  -9.91 & -10.17 & -10.68 & -15.97 & -8.21 & -10.31 & -13.12 & -15.41 & -12.72 & -12.71 & -12.13 \\
c13         & -8.39 & -9.03 & -11.96 & -8.62 & -10.06 & -8.13 & -10.00 & -10.51 & -10.68 & -15.75 & -8.45 & -10.26 & -13.12 & -15.90 & -12.03 & -12.74 & -12.12 \\
c14         & -8.39 & -9.25 & -11.98 & -8.70 &  -9.48 & -8.07 &  -9.75 & -10.54 & -10.68 & -16.15 & -8.50 & -10.30 & -13.12 & -15.24 & -12.51 & -12.85 & -11.90 \\
c15         & -8.39 & -9.14 & -12.39 & -8.62 &  -9.73 & -8.05 & -10.08 & -10.67 & -10.68 & -15.49 & -8.60 & -10.21 & -13.01 & -15.57 & -12.45 & -12.74 & -12.15 \\
c16         & -8.36 & -9.16 & -11.93 & -8.47 &  -9.80 & -7.93 & -10.01 & -10.51 & -10.68 & -15.90 & -8.35 & -10.58 & -13.00 & -15.29 & -12.47 & -12.89 & -12.13 \\
\bottomrule
\end{tabular}

                               0            1   ...            15            16
new_cluster  [-0.64, new_cluster]  [-1.45, c1]  ...  [-5.21, c15]  [-4.47, c16]
c1           [-0.64, new_cluster]  [-1.35, c1]  ...  [-5.23, c15]  [-4.47, c16]
c2           [-0.64, new_cluster]  [-1.38, c1]  ...  [-5.14, c15]  [-4.47, c16]
c3           [-0.64, new_cluster]  [-1.57, c1]  ...  [-5.17, c15]  [-4.47, c16]
c4           [-0.64, new_cluster]  [-1.34, c1]  ...  [-5.19, c15]  [-4.47, c16]
c5           [-0.64, new_cluster]  [-1.69, c1]  ...  [-5.21, c15]  [-4.47, c16]
c6           [-0.64, new_cluster]  [-1.36, c1]  ...  [-5.22, c15]  [-4.47, c16]
c7           [-0.64, new_cluster]  [-1.38, c1]  ...  [-5.19, c15]  [-4.47, c16]
c8           [-0.64, new_cluster]  [-1.43, c1]  ...  [-5.16, c15]  [-4.47, c16]
c9           [-0.64, new_cluster]  [-1.42, c1]  ...   [-5.2, c15]  [-4.47, c16]
c10          [-0.64, new_cluster]  [-1.78, c1]  ...  [-5.23, c15]  [-4.47, c16]
c11          [-0.64, new_cluster]  [-1.24, c1]  ...  [-5.19, c15]  [-4.47, c16]
c12          [-0.64, new_cluster]  [-1.18, c1]  ...  [-5.22, c15]  [-4.47, c16]
c13          [-0.64, new_cluster]  [-1.25, c1]  ...  [-5.16, c15]  [-4.47, c16]
c14          [-0.64, new_cluster]  [-1.53, c1]  ...  [-5.15, c15]  [-4.47, c16]
c15          [-0.64, new_cluster]  [-1.35, c1]  ...  [-5.23, c15]  [-4.47, c16]
c16          [-0.64, new_cluster]  [-1.37, c1]  ...  [-5.19, c15]  [-4.47, c16]

[17 rows x 17 columns]
\begin{tabular}{llllllllllllllllll}
\toprule
{} &                    0  &           1  &           2  &           3  &           4  &           5  &           6  &           7  &           8  &           9  &            10 &            11 &            12 &            13 &            14 &            15 &            16 \\
\midrule
new\_cluster &  [-0.64, new\_cluster] &  [-1.45, c1] &  [-4.06, c2] &  [-0.77, c3] &  [-2.22, c4] &   [-0.2, c5] &   [-2.3, c6] &  [-2.83, c7] &  [-3.01, c8] &  [-8.39, c9] &  [-0.75, c10] &  [-2.79, c11] &  [-5.44, c12] &  [-7.55, c13] &  [-4.63, c14] &  [-5.21, c15] &  [-4.47, c16] \\
c1          &  [-0.64, new\_cluster] &  [-1.35, c1] &   [-4.3, c2] &  [-0.73, c3] &  [-2.02, c4] &  [-0.24, c5] &  [-1.85, c6] &  [-2.73, c7] &  [-3.01, c8] &  [-8.61, c9] &  [-0.62, c10] &   [-2.8, c11] &  [-5.44, c12] &  [-7.57, c13] &  [-4.87, c14] &  [-5.23, c15] &  [-4.47, c16] \\
c2          &  [-0.64, new\_cluster] &  [-1.38, c1] &  [-4.42, c2] &   [-1.0, c3] &   [-2.1, c4] &   [-0.3, c5] &  [-2.27, c6] &  [-2.89, c7] &  [-3.01, c8] &  [-7.83, c9] &  [-0.61, c10] &  [-2.59, c11] &  [-5.44, c12] &  [-7.36, c13] &  [-5.08, c14] &  [-5.14, c15] &  [-4.47, c16] \\
c3          &  [-0.64, new\_cluster] &  [-1.57, c1] &  [-4.08, c2] &  [-0.67, c3] &  [-2.16, c4] &  [-0.26, c5] &  [-2.49, c6] &  [-2.94, c7] &  [-3.01, c8] &  [-8.11, c9] &  [-0.72, c10] &  [-2.82, c11] &  [-5.44, c12] &  [-7.27, c13] &  [-4.32, c14] &  [-5.17, c15] &  [-4.47, c16] \\
c4          &  [-0.64, new\_cluster] &  [-1.34, c1] &  [-3.63, c2] &  [-0.81, c3] &   [-2.1, c4] &  [-0.19, c5] &  [-2.15, c6] &  [-2.71, c7] &  [-3.01, c8] &  [-8.48, c9] &  [-0.62, c10] &  [-2.21, c11] &  [-5.44, c12] &  [-7.52, c13] &  [-4.34, c14] &  [-5.19, c15] &  [-4.47, c16] \\
c5          &  [-0.64, new\_cluster] &  [-1.69, c1] &  [-4.24, c2] &  [-0.73, c3] &  [-1.87, c4] &  [-0.23, c5] &  [-2.53, c6] &   [-2.6, c7] &  [-3.01, c8] &   [-8.2, c9] &  [-0.75, c10] &  [-2.57, c11] &  [-5.44, c12] &  [-7.75, c13] &  [-5.02, c14] &  [-5.21, c15] &  [-4.47, c16] \\
c6          &  [-0.64, new\_cluster] &  [-1.36, c1] &  [-4.32, c2] &   [-0.8, c3] &  [-2.12, c4] &  [-0.26, c5] &  [-2.36, c6] &  [-2.65, c7] &  [-3.01, c8] &  [-8.06, c9] &  [-0.73, c10] &  [-2.91, c11] &  [-5.44, c12] &  [-7.62, c13] &  [-4.56, c14] &  [-5.22, c15] &  [-4.47, c16] \\
c7          &  [-0.64, new\_cluster] &  [-1.38, c1] &  [-3.99, c2] &  [-0.72, c3] &  [-2.04, c4] &  [-0.18, c5] &  [-2.38, c6] &  [-2.51, c7] &  [-3.01, c8] &  [-7.72, c9] &  [-0.44, c10] &  [-2.27, c11] &  [-5.44, c12] &  [-7.99, c13] &  [-4.67, c14] &  [-5.19, c15] &  [-4.47, c16] \\
c8          &  [-0.64, new\_cluster] &  [-1.43, c1] &  [-4.24, c2] &  [-0.68, c3] &  [-2.21, c4] &  [-0.26, c5] &  [-2.11, c6] &   [-2.7, c7] &  [-3.01, c8] &  [-8.21, c9] &   [-0.7, c10] &  [-2.85, c11] &  [-5.44, c12] &  [-7.99, c13] &  [-4.53, c14] &  [-5.16, c15] &  [-4.47, c16] \\
c9          &  [-0.64, new\_cluster] &  [-1.42, c1] &  [-3.87, c2] &  [-0.75, c3] &  [-2.05, c4] &   [-0.3, c5] &  [-2.27, c6] &   [-2.6, c7] &  [-3.01, c8] &  [-7.83, c9] &  [-0.62, c10] &  [-2.58, c11] &  [-5.44, c12] &  [-7.64, c13] &  [-4.65, c14] &   [-5.2, c15] &  [-4.47, c16] \\
c10         &  [-0.64, new\_cluster] &  [-1.78, c1] &  [-4.06, c2] &  [-0.75, c3] &  [-2.09, c4] &  [-0.22, c5] &  [-2.29, c6] &  [-3.31, c7] &  [-3.01, c8] &  [-8.09, c9] &  [-0.76, c10] &  [-2.24, c11] &  [-5.44, c12] &  [-7.74, c13] &  [-4.91, c14] &  [-5.23, c15] &  [-4.47, c16] \\
c11         &  [-0.64, new\_cluster] &  [-1.24, c1] &  [-4.07, c2] &  [-0.79, c3] &  [-2.09, c4] &  [-0.37, c5] &  [-2.15, c6] &  [-2.83, c7] &  [-3.01, c8] &  [-8.01, c9] &  [-0.66, c10] &  [-2.55, c11] &  [-5.44, c12] &  [-7.51, c13] &  [-4.72, c14] &  [-5.19, c15] &  [-4.47, c16] \\
c12         &  [-0.64, new\_cluster] &  [-1.18, c1] &  [-4.64, c2] &  [-0.67, c3] &  [-1.87, c4] &  [-0.23, c5] &  [-2.23, c6] &  [-2.65, c7] &  [-3.01, c8] &  [-8.15, c9] &  [-0.59, c10] &  [-2.59, c11] &  [-5.44, c12] &  [-7.55, c13] &  [-4.94, c14] &  [-5.22, c15] &  [-4.47, c16] \\
c13         &  [-0.64, new\_cluster] &  [-1.25, c1] &  [-4.24, c2] &  [-0.88, c3] &  [-2.23, c4] &  [-0.22, c5] &  [-2.32, c6] &  [-2.78, c7] &  [-3.01, c8] &  [-7.93, c9] &  [-0.69, c10] &  [-2.36, c11] &  [-5.44, c12] &  [-8.04, c13] &  [-4.38, c14] &  [-5.16, c15] &  [-4.47, c16] \\
c14         &  [-0.64, new\_cluster] &  [-1.53, c1] &  [-4.25, c2] &  [-0.83, c3] &  [-1.84, c4] &  [-0.24, c5] &  [-2.06, c6] &   [-2.8, c7] &  [-3.01, c8] &  [-8.38, c9] &  [-0.68, c10] &  [-2.35, c11] &  [-5.44, c12] &  [-7.57, c13] &  [-4.77, c14] &  [-5.15, c15] &  [-4.47, c16] \\
c15         &  [-0.64, new\_cluster] &  [-1.35, c1] &  [-4.67, c2] &  [-0.88, c3] &  [-1.87, c4] &   [-0.2, c5] &   [-2.4, c6] &  [-2.93, c7] &  [-3.01, c8] &  [-7.69, c9] &  [-0.85, c10] &  [-2.58, c11] &  [-5.44, c12] &   [-7.7, c13] &  [-4.66, c14] &  [-5.23, c15] &  [-4.47, c16] \\
c16         &  [-0.64, new\_cluster] &  [-1.37, c1] &  [-4.04, c2] &  [-0.72, c3] &  [-2.11, c4] &   [-0.2, c5] &  [-2.33, c6] &  [-2.77, c7] &  [-3.01, c8] &  [-8.08, c9] &  [-0.72, c10] &  [-2.63, c11] &  [-5.44, c12] &  [-7.44, c13] &  [-4.68, c14] &  [-5.19, c15] &  [-4.47, c16] \\
\bottomrule
\end{tabular}

