Seed: 0
Experiment_path: AE_Model_2/Epochs_2_4_6_8_20/04_Experiment_05_Epochs
Dataset_Path: ../_00_Datasets/03_SimDaten_Quiroga2020/C_Difficult1_noise020.mat
Dataset_name: ['03_SimDaten_Quiroga2020', 'C_Difficult1_noise020.mat']
Variant_name: Variant_05_Epochs_4
Visualisation_Path: AE_Model_2/Epochs_2_4_6_8_20/04_Experiment_05_Epochs/C_Difficult1_noise020.mat/V05_Online_AE_QL/2023_05_11-01_08_56
Normalisation: False
Template Matching: False
Optimising Autoencoder: False
Update Factor: 1
Noisy Batches: False
Noisy Factor: 0.001
Epochs: 4
Batch Size: 1
maximal Spikes for Autoencoder Training : 700
maximal Spikes for Training: 1000
Input Size: 47
Chosen Model: Convolutional Autoencoder
ConvolutionalAutoencoder(
  (encoder): Sequential(
    (0): Conv1d(1, 6, kernel_size=(6,), stride=(1,))
    (1): LeakyReLU(negative_slope=0.01)
    (2): Conv1d(6, 1, kernel_size=(6,), stride=(1,))
    (3): Flatten(start_dim=1, end_dim=-1)
    (4): Linear(in_features=37, out_features=2, bias=True)
  )
  (decoder): Sequential(
    (0): ConvTranspose1d(1, 6, kernel_size=(6,), stride=(1,))
    (1): LeakyReLU(negative_slope=0.01)
    (2): ConvTranspose1d(6, 1, kernel_size=(6,), stride=(1,))
    (3): Flatten(start_dim=1, end_dim=-1)
    (4): Linear(in_features=12, out_features=47, bias=True)
  )
)
MSELoss()
Adam (
Parameter Group 0
    amsgrad: False
    betas: (0.9, 0.999)
    capturable: False
    differentiable: False
    eps: 1e-08
    foreach: None
    fused: False
    lr: 0.001
    maximize: False
    weight_decay: 0
)
---Q Learning Parameters---
Normalisation: False
Punishment Coefficient: 1.4
Alpha: 0.8
Epsilon: 0.01
Gamma: 0.97
Initial Episode Number: 0
Episode Number Coefficient: 1.4
Number of Random Features: 20
Planning Number: 20
Max Random Features: 60
New Episode Number: 72
New Episode Number: 143
                 0     1     2
new_cluster -16.38 -9.24 -8.85
c1          -16.42 -9.54 -8.99
c2          -16.42 -9.50 -8.89
\begin{tabular}{lrrr}
\toprule
{} &      0 &     1 &     2 \\
\midrule
new\_cluster & -16.38 & -9.24 & -8.85 \\
c1          & -16.42 & -9.54 & -8.99 \\
c2          & -16.42 & -9.50 & -8.89 \\
\bottomrule
\end{tabular}

                                0            1            2
new_cluster  [-7.84, new_cluster]  [-0.51, c1]  [-0.16, c2]
c1           [-7.84, new_cluster]  [-0.81, c1]  [-0.34, c2]
c2           [-7.84, new_cluster]  [-0.77, c1]  [-0.24, c2]
\begin{tabular}{llll}
\toprule
{} &                     0 &            1 &            2 \\
\midrule
new\_cluster &  [-7.84, new\_cluster] &  [-0.51, c1] &  [-0.16, c2] \\
c1          &  [-7.84, new\_cluster] &  [-0.81, c1] &  [-0.34, c2] \\
c2          &  [-7.84, new\_cluster] &  [-0.77, c1] &  [-0.24, c2] \\
\bottomrule
\end{tabular}

