Seed: 0
Experiment_path: Experiment_05
Dataset_Path: ../_00_Datasets/03_SimDaten_Quiroga2020/C_Easy2_noise020.mat
Dataset_name: ['03_SimDaten_Quiroga2020', 'C_Easy2_noise020.mat']
Variant_name: Variant_05_Online_Autoencoder_QLearning
Visualisation_Path: AE_Model_2/Epochs_GS_PC//V5_20/C_Easy2_noise020.mat/Variant_05_Online_Autoencoder_QLearning/0.3
Normalisation: False
Template Matching: False
Optimising Autoencoder: False
Update Factor: 1
Noisy Batches: False
Noisy Factor: 0.001
Epochs: 20
Batch Size: 1
maximal Spikes for Autoencoder Training : 700
maximal Spikes for Training: 1000
Input Size: 47
Chosen Model: Convolutional Autoencoder
ConvolutionalAutoencoder(
  (encoder): Sequential(
    (0): Conv1d(1, 6, kernel_size=(6,), stride=(1,))
    (1): LeakyReLU(negative_slope=0.01)
    (2): Conv1d(6, 1, kernel_size=(6,), stride=(1,))
    (3): Flatten(start_dim=1, end_dim=-1)
    (4): Linear(in_features=37, out_features=2, bias=True)
  )
  (decoder): Sequential(
    (0): ConvTranspose1d(1, 6, kernel_size=(6,), stride=(1,))
    (1): LeakyReLU(negative_slope=0.01)
    (2): ConvTranspose1d(6, 1, kernel_size=(6,), stride=(1,))
    (3): Flatten(start_dim=1, end_dim=-1)
    (4): Linear(in_features=12, out_features=47, bias=True)
  )
)
MSELoss()
Adam (
Parameter Group 0
    amsgrad: False
    betas: (0.9, 0.999)
    capturable: False
    differentiable: False
    eps: 1e-08
    foreach: None
    fused: False
    lr: 0.001
    maximize: False
    weight_decay: 0
)
---Q Learning Parameters---
Normalisation: False
Punishment Coefficient: 0.3
Alpha: 0.8
Epsilon: 0.01
Gamma: 0.97
Initial Episode Number: 0
Episode Number Coefficient: 1.4
Number of Random Features: 20
Planning Number: 20
Max Random Features: 60
New Episode Number: 72
New Episode Number: 143
New Episode Number: 215
New Episode Number: 286
New Episode Number: 358
New Episode Number: 429
New Episode Number: 500
New Episode Number: 572
New Episode Number: 643
New Episode Number: 715
New Episode Number: 786
New Episode Number: 858
New Episode Number: 929
               0     1     2     3      4   ...    9     10    11    12    13
new_cluster -5.21 -4.84 -5.46 -4.95 -11.63  ... -5.50 -8.67 -5.20 -4.96 -6.05
c1          -5.08 -4.96 -5.33 -5.14 -12.09  ... -5.35 -8.81 -5.18 -5.03 -5.93
c2          -5.08 -4.75 -5.28 -4.92 -11.69  ... -5.41 -9.14 -5.36 -4.99 -6.01
c3          -5.08 -4.91 -5.30 -5.15 -11.80  ... -5.45 -8.90 -5.18 -5.06 -6.10
c4          -5.21 -4.85 -5.19 -5.13 -11.60  ... -5.48 -9.17 -5.26 -4.95 -6.13
c5          -5.21 -4.90 -5.34 -5.04 -11.60  ... -5.42 -8.98 -5.16 -5.20 -6.02
c6          -5.23 -4.83 -5.54 -5.08 -11.63  ... -5.35 -8.61 -5.38 -4.97 -6.02
c7          -5.06 -4.93 -5.22 -5.12 -11.90  ... -5.49 -8.92 -5.22 -4.95 -6.02
c8          -5.21 -4.93 -5.29 -5.10 -11.82  ... -5.52 -8.64 -5.09 -5.03 -6.08
c9          -5.08 -4.88 -5.45 -5.10 -11.52  ... -5.46 -8.84 -5.25 -4.92 -6.07
c10         -5.06 -4.99 -5.42 -5.07 -11.54  ... -5.46 -8.63 -5.27 -4.94 -6.01
c11         -5.21 -4.90 -5.37 -5.08 -11.71  ... -5.27 -8.96 -5.16 -5.05 -5.99
c12         -5.22 -4.89 -5.52 -5.04 -11.95  ... -5.26 -8.80 -5.12 -5.07 -5.99
c13         -5.22 -4.83 -5.43 -4.96 -11.23  ... -5.42 -8.87 -5.20 -4.90 -6.10

[14 rows x 14 columns]
\begin{tabular}{lrrrrrrrrrrrrrr}
\toprule
{} &    0  &    1  &    2  &    3  &     4  &    5  &    6  &    7  &    8  &    9  &    10 &    11 &    12 &    13 \\
\midrule
new\_cluster & -5.21 & -4.84 & -5.46 & -4.95 & -11.63 & -8.31 & -9.96 & -5.81 & -9.22 & -5.50 & -8.67 & -5.20 & -4.96 & -6.05 \\
c1          & -5.08 & -4.96 & -5.33 & -5.14 & -12.09 & -8.29 & -9.64 & -6.04 & -9.15 & -5.35 & -8.81 & -5.18 & -5.03 & -5.93 \\
c2          & -5.08 & -4.75 & -5.28 & -4.92 & -11.69 & -8.35 & -9.58 & -5.87 & -9.23 & -5.41 & -9.14 & -5.36 & -4.99 & -6.01 \\
c3          & -5.08 & -4.91 & -5.30 & -5.15 & -11.80 & -8.45 & -9.50 & -6.08 & -9.10 & -5.45 & -8.90 & -5.18 & -5.06 & -6.10 \\
c4          & -5.21 & -4.85 & -5.19 & -5.13 & -11.60 & -8.06 & -9.64 & -5.94 & -9.28 & -5.48 & -9.17 & -5.26 & -4.95 & -6.13 \\
c5          & -5.21 & -4.90 & -5.34 & -5.04 & -11.60 & -8.17 & -9.89 & -5.78 & -9.18 & -5.42 & -8.98 & -5.16 & -5.20 & -6.02 \\
c6          & -5.23 & -4.83 & -5.54 & -5.08 & -11.63 & -8.40 & -9.64 & -6.10 & -9.24 & -5.35 & -8.61 & -5.38 & -4.97 & -6.02 \\
c7          & -5.06 & -4.93 & -5.22 & -5.12 & -11.90 & -8.28 & -9.62 & -5.91 & -9.27 & -5.49 & -8.92 & -5.22 & -4.95 & -6.02 \\
c8          & -5.21 & -4.93 & -5.29 & -5.10 & -11.82 & -8.47 & -9.45 & -5.69 & -9.24 & -5.52 & -8.64 & -5.09 & -5.03 & -6.08 \\
c9          & -5.08 & -4.88 & -5.45 & -5.10 & -11.52 & -8.46 & -9.62 & -5.79 & -9.12 & -5.46 & -8.84 & -5.25 & -4.92 & -6.07 \\
c10         & -5.06 & -4.99 & -5.42 & -5.07 & -11.54 & -8.22 & -9.47 & -5.78 & -9.19 & -5.46 & -8.63 & -5.27 & -4.94 & -6.01 \\
c11         & -5.21 & -4.90 & -5.37 & -5.08 & -11.71 & -8.17 & -9.61 & -5.81 & -9.24 & -5.27 & -8.96 & -5.16 & -5.05 & -5.99 \\
c12         & -5.22 & -4.89 & -5.52 & -5.04 & -11.95 & -8.41 & -9.88 & -6.16 & -9.18 & -5.26 & -8.80 & -5.12 & -5.07 & -5.99 \\
c13         & -5.22 & -4.83 & -5.43 & -4.96 & -11.23 & -8.48 & -9.42 & -5.89 & -9.21 & -5.42 & -8.87 & -5.20 & -4.90 & -6.10 \\
\bottomrule
\end{tabular}

                               0            1   ...            12            13
new_cluster  [-0.36, new_cluster]   [-0.2, c1]  ...  [-0.19, c12]  [-1.37, c13]
c1           [-0.36, new_cluster]  [-0.14, c1]  ...  [-0.26, c12]  [-1.25, c13]
c2           [-0.36, new_cluster]  [-0.13, c1]  ...  [-0.16, c12]  [-1.31, c13]
c3           [-0.36, new_cluster]  [-0.17, c1]  ...  [-0.28, c12]  [-1.39, c13]
c4           [-0.36, new_cluster]  [-0.11, c1]  ...   [-0.2, c12]  [-1.35, c13]
c5           [-0.36, new_cluster]  [-0.19, c1]  ...  [-0.29, c12]  [-1.38, c13]
c6           [-0.36, new_cluster]  [-0.09, c1]  ...  [-0.22, c12]  [-1.33, c13]
c7           [-0.36, new_cluster]  [-0.16, c1]  ...   [-0.2, c12]  [-1.31, c13]
c8           [-0.36, new_cluster]  [-0.13, c1]  ...  [-0.28, c12]  [-1.31, c13]
c9           [-0.36, new_cluster]  [-0.13, c1]  ...  [-0.17, c12]  [-1.29, c13]
c10          [-0.36, new_cluster]  [-0.13, c1]  ...  [-0.16, c12]  [-1.31, c13]
c11          [-0.36, new_cluster]  [-0.12, c1]  ...  [-0.14, c12]  [-1.31, c13]
c12          [-0.36, new_cluster]  [-0.19, c1]  ...  [-0.28, c12]  [-1.31, c13]
c13          [-0.36, new_cluster]  [-0.14, c1]  ...  [-0.13, c12]  [-1.41, c13]

[14 rows x 14 columns]
\begin{tabular}{lllllllllllllll}
\toprule
{} &                    0  &           1  &           2  &           3  &           4  &           5  &           6  &           7  &           8  &           9  &            10 &            11 &            12 &            13 \\
\midrule
new\_cluster &  [-0.36, new\_cluster] &   [-0.2, c1] &  [-0.78, c2] &  [-0.21, c3] &  [-6.91, c4] &  [-3.54, c5] &  [-5.27, c6] &  [-1.15, c7] &  [-4.48, c8] &  [-0.77, c9] &  [-3.83, c10] &  [-0.57, c11] &  [-0.19, c12] &  [-1.37, c13] \\
c1          &  [-0.36, new\_cluster] &  [-0.14, c1] &  [-0.72, c2] &  [-0.29, c3] &  [-7.21, c4] &  [-3.53, c5] &  [-4.88, c6] &  [-1.21, c7] &  [-4.41, c8] &  [-0.61, c9] &  [-3.96, c10] &  [-0.56, c11] &  [-0.26, c12] &  [-1.25, c13] \\
c2          &  [-0.36, new\_cluster] &  [-0.13, c1] &  [-0.67, c2] &  [-0.21, c3] &  [-6.98, c4] &  [-3.38, c5] &  [-4.88, c6] &  [-1.23, c7] &  [-4.41, c8] &  [-0.67, c9] &  [-4.25, c10] &  [-0.59, c11] &  [-0.16, c12] &  [-1.31, c13] \\
c3          &  [-0.36, new\_cluster] &  [-0.17, c1] &  [-0.66, c2] &   [-0.3, c3] &  [-7.09, c4] &  [-3.65, c5] &  [-4.83, c6] &  [-1.35, c7] &  [-4.34, c8] &  [-0.69, c9] &  [-4.05, c10] &  [-0.53, c11] &  [-0.28, c12] &  [-1.39, c13] \\
c4          &  [-0.36, new\_cluster] &  [-0.11, c1] &  [-0.58, c2] &  [-0.29, c3] &  [-6.81, c4] &  [-3.28, c5] &  [-4.92, c6] &  [-1.21, c7] &  [-4.54, c8] &  [-0.75, c9] &  [-4.33, c10] &  [-0.48, c11] &   [-0.2, c12] &  [-1.35, c13] \\
c5          &  [-0.36, new\_cluster] &  [-0.19, c1] &  [-0.72, c2] &   [-0.3, c3] &  [-6.88, c4] &  [-3.41, c5] &  [-5.05, c6] &  [-1.11, c7] &  [-4.45, c8] &  [-0.69, c9] &  [-4.13, c10] &  [-0.51, c11] &  [-0.29, c12] &  [-1.38, c13] \\
c6          &  [-0.36, new\_cluster] &  [-0.09, c1] &  [-0.71, c2] &  [-0.22, c3] &  [-6.89, c4] &  [-3.63, c5] &  [-4.88, c6] &  [-1.35, c7] &  [-4.47, c8] &  [-0.59, c9] &  [-3.77, c10] &  [-0.53, c11] &  [-0.22, c12] &  [-1.33, c13] \\
c7          &  [-0.36, new\_cluster] &  [-0.16, c1] &   [-0.6, c2] &  [-0.28, c3] &  [-7.01, c4] &  [-3.51, c5] &  [-4.76, c6] &  [-1.17, c7] &  [-4.54, c8] &  [-0.73, c9] &  [-4.06, c10] &  [-0.56, c11] &   [-0.2, c12] &  [-1.31, c13] \\
c8          &  [-0.36, new\_cluster] &  [-0.13, c1] &  [-0.68, c2] &  [-0.25, c3] &  [-7.04, c4] &   [-3.6, c5] &  [-4.73, c6] &  [-1.03, c7] &   [-4.5, c8] &  [-0.77, c9] &  [-3.79, c10] &  [-0.44, c11] &  [-0.28, c12] &  [-1.31, c13] \\
c9          &  [-0.36, new\_cluster] &  [-0.13, c1] &  [-0.74, c2] &  [-0.34, c3] &  [-6.78, c4] &  [-3.62, c5] &  [-4.73, c6] &  [-1.12, c7] &  [-4.38, c8] &   [-0.7, c9] &  [-3.99, c10] &   [-0.6, c11] &  [-0.17, c12] &  [-1.29, c13] \\
c10         &  [-0.36, new\_cluster] &  [-0.13, c1] &  [-0.62, c2] &  [-0.22, c3] &  [-6.82, c4] &  [-3.49, c5] &  [-4.78, c6] &  [-1.13, c7] &  [-4.45, c8] &  [-0.72, c9] &  [-3.79, c10] &  [-0.49, c11] &  [-0.16, c12] &  [-1.31, c13] \\
c11         &  [-0.36, new\_cluster] &  [-0.12, c1] &  [-0.72, c2] &  [-0.23, c3] &   [-7.0, c4] &  [-3.41, c5] &  [-4.93, c6] &  [-1.14, c7] &   [-4.5, c8] &  [-0.53, c9] &  [-4.12, c10] &  [-0.51, c11] &  [-0.14, c12] &  [-1.31, c13] \\
c12         &  [-0.36, new\_cluster] &  [-0.19, c1] &  [-0.74, c2] &   [-0.3, c3] &  [-7.06, c4] &  [-3.67, c5] &  [-4.99, c6] &  [-1.22, c7] &  [-4.44, c8] &  [-0.52, c9] &  [-3.95, c10] &  [-0.47, c11] &  [-0.28, c12] &  [-1.31, c13] \\
c13         &  [-0.36, new\_cluster] &  [-0.14, c1] &  [-0.74, c2] &  [-0.21, c3] &  [-6.46, c4] &  [-3.71, c5] &  [-4.73, c6] &  [-1.24, c7] &  [-4.48, c8] &  [-0.66, c9] &  [-4.03, c10] &  [-0.58, c11] &  [-0.13, c12] &  [-1.41, c13] \\
\bottomrule
\end{tabular}

