Seed: 0
Experiment_path: AE_Model_1/Normalization/Experiment_04
Dataset_Path: ../_00_Datasets/03_SimDaten_Quiroga2020/C_Easy1_noise030.mat
Dataset_name: ['03_SimDaten_Quiroga2020', 'C_Easy1_noise030.mat']
Variant_name: V04_Off_AE_QL
Visualisation_Path: AE_Model_1/Normalization/Experiment_04/C_Easy1_noise030.mat/V04_Off_AE_QL/2023_06_04-20_34_39
Split Ratio: 0.9
Epochs: 8
Batch Size: 1
Input Size: 47
Number of Features: 2
Chosen Model: Autoencoder
Autoencoder(
  (encoder): Sequential(
    (0): Linear(in_features=47, out_features=12, bias=True)
    (1): LeakyReLU(negative_slope=0.01)
    (2): Linear(in_features=12, out_features=2, bias=True)
  )
  (decoder): Sequential(
    (0): Linear(in_features=2, out_features=12, bias=True)
    (1): LeakyReLU(negative_slope=0.01)
    (2): Linear(in_features=12, out_features=47, bias=True)
  )
)
MSELoss()
Adam (
Parameter Group 0
    amsgrad: False
    betas: (0.9, 0.999)
    capturable: False
    differentiable: False
    eps: 1e-08
    foreach: None
    fused: False
    lr: 0.001
    maximize: False
    weight_decay: 0
)
---Q Learning Parameters---
Normalisation: False
Punishment Coefficient: 0.8
Alpha: 0.8
Epsilon: 0.01
Gamma: 0.97
Initial Episode Number: 0
Episode Number Coefficient: 1.4
Number of Random Features: 20
Planning Number: 20
Max Random Features: 60
New Episode Number: 72
New Episode Number: 143
New Episode Number: 215
New Episode Number: 286
New Episode Number: 358
                0      1     2     3      4     5
new_cluster -7.22 -14.21 -4.82 -4.97 -24.56 -6.71
c1          -7.23 -13.15 -4.65 -4.97 -22.84 -6.86
c2          -7.24 -13.74 -4.71 -5.10 -21.59 -6.69
c3          -7.24 -13.90 -4.70 -5.10 -23.19 -6.27
c4          -7.15 -14.81 -4.66 -5.08 -23.84 -6.75
c5          -7.21 -14.54 -4.62 -5.08 -23.63 -6.87
\begin{tabular}{lrrrrrr}
\toprule
{} &     0 &      1 &     2 &     3 &      4 &     5 \\
\midrule
new\_cluster & -7.22 & -14.21 & -4.82 & -4.97 & -24.56 & -6.71 \\
c1          & -7.23 & -13.15 & -4.65 & -4.97 & -22.84 & -6.86 \\
c2          & -7.24 & -13.74 & -4.71 & -5.10 & -21.59 & -6.69 \\
c3          & -7.24 & -13.90 & -4.70 & -5.10 & -23.19 & -6.27 \\
c4          & -7.15 & -14.81 & -4.66 & -5.08 & -23.84 & -6.75 \\
c5          & -7.21 & -14.54 & -4.62 & -5.08 & -23.63 & -6.87 \\
\bottomrule
\end{tabular}

                                0             1  ...             4            5
new_cluster  [-2.56, new_cluster]   [-9.71, c1]  ...  [-20.04, c4]  [-2.27, c5]
c1           [-2.56, new_cluster]   [-8.65, c1]  ...  [-18.35, c4]  [-2.38, c5]
c2           [-2.56, new_cluster]   [-9.25, c1]  ...  [-17.12, c4]  [-2.21, c5]
c3           [-2.56, new_cluster]   [-9.39, c1]  ...  [-18.68, c4]  [-1.79, c5]
c4           [-2.56, new_cluster]  [-10.34, c1]  ...  [-19.36, c4]  [-2.27, c5]
c5           [-2.56, new_cluster]  [-10.05, c1]  ...  [-19.12, c4]  [-2.39, c5]

[6 rows x 6 columns]
\begin{tabular}{lllllll}
\toprule
{} &                     0 &             1 &            2 &            3 &             4 &            5 \\
\midrule
new\_cluster &  [-2.56, new\_cluster] &   [-9.71, c1] &  [-0.23, c2] &  [-0.44, c3] &  [-20.04, c4] &  [-2.27, c5] \\
c1          &  [-2.56, new\_cluster] &   [-8.65, c1] &  [-0.09, c2] &  [-0.41, c3] &  [-18.35, c4] &  [-2.38, c5] \\
c2          &  [-2.56, new\_cluster] &   [-9.25, c1] &  [-0.13, c2] &  [-0.58, c3] &  [-17.12, c4] &  [-2.21, c5] \\
c3          &  [-2.56, new\_cluster] &   [-9.39, c1] &  [-0.12, c2] &  [-0.54, c3] &  [-18.68, c4] &  [-1.79, c5] \\
c4          &  [-2.56, new\_cluster] &  [-10.34, c1] &  [-0.08, c2] &  [-0.55, c3] &  [-19.36, c4] &  [-2.27, c5] \\
c5          &  [-2.56, new\_cluster] &  [-10.05, c1] &  [-0.07, c2] &  [-0.55, c3] &  [-19.12, c4] &  [-2.39, c5] \\
\bottomrule
\end{tabular}

