Seed: 0
Experiment_path: AE_Model_2/Epochs//V5/Experiment_05
Dataset_Path: ../_00_Datasets/03_SimDaten_Quiroga2020/C_Easy1_noise040.mat
Dataset_name: ['03_SimDaten_Quiroga2020', 'C_Easy1_noise040.mat']
Variant_name: Variant_05_Online_Autoencoder_QLearning
Visualisation_Path: AE_Model_2/Epochs//V5/Experiment_05/C_Easy1_noise040.mat/Variant_05_Online_Autoencoder_QLearning/2023_04_25-15_49_56
Normalisation: False
Template Matching: False
Optimising Autoencoder: False
Update Factor: 1
Noisy Batches: False
Noisy Factor: 0.1
Epochs: 10
Batch Size: 1
maximal Spikes for Autoencoder Training : 700
maximal Spikes for Training: 1000
Input Size: 47
Chosen Model: Convolutional Autoencoder
ConvolutionalAutoencoder(
  (encoder): Sequential(
    (0): Conv1d(1, 6, kernel_size=(6,), stride=(1,))
    (1): LeakyReLU(negative_slope=0.01)
    (2): Conv1d(6, 1, kernel_size=(6,), stride=(1,))
    (3): Flatten(start_dim=1, end_dim=-1)
    (4): Linear(in_features=37, out_features=2, bias=True)
  )
  (decoder): Sequential(
    (0): ConvTranspose1d(1, 6, kernel_size=(6,), stride=(1,))
    (1): LeakyReLU(negative_slope=0.01)
    (2): ConvTranspose1d(6, 1, kernel_size=(6,), stride=(1,))
    (3): Flatten(start_dim=1, end_dim=-1)
    (4): Linear(in_features=12, out_features=47, bias=True)
  )
)
MSELoss()
Adam (
Parameter Group 0
    amsgrad: False
    betas: (0.9, 0.999)
    capturable: False
    differentiable: False
    eps: 1e-08
    foreach: None
    fused: False
    lr: 0.001
    maximize: False
    weight_decay: 0
)
---Q Learning Parameters---
Normalisation: False
Punishment Coefficient: 1.5
Alpha: 0.8
Epsilon: 0.01
Gamma: 0.97
Initial Episode Number: 0
Episode Number Coefficient: 1.4
Number of Random Features: 20
Planning Number: 20
Max Random Features: 60
New Episode Number: 72
New Episode Number: 143
New Episode Number: 215
                 0      1      2     3
new_cluster -16.58 -12.47 -24.47 -7.76
c1          -16.56 -12.46 -27.09 -7.66
c2          -16.56 -11.25 -25.32 -7.55
c3          -16.57 -11.62 -24.70 -7.76
\begin{tabular}{lrrrr}
\toprule
{} &      0 &      1 &      2 &     3 \\
\midrule
new\_cluster & -16.58 & -12.47 & -24.47 & -7.76 \\
c1          & -16.56 & -12.46 & -27.09 & -7.66 \\
c2          & -16.56 & -11.25 & -25.32 & -7.55 \\
c3          & -16.57 & -11.62 & -24.70 & -7.76 \\
\bottomrule
\end{tabular}

                               0            1             2            3
new_cluster  [-9.0, new_cluster]   [-5.0, c1]  [-17.08, c2]  [-0.23, c3]
c1           [-9.0, new_cluster]  [-4.98, c1]  [-19.77, c2]  [-0.13, c3]
c2           [-9.0, new_cluster]  [-3.78, c1]  [-17.87, c2]  [-0.01, c3]
c3           [-9.0, new_cluster]  [-4.17, c1]  [-17.32, c2]  [-0.19, c3]
\begin{tabular}{lllll}
\toprule
{} &                    0 &            1 &             2 &            3 \\
\midrule
new\_cluster &  [-9.0, new\_cluster] &   [-5.0, c1] &  [-17.08, c2] &  [-0.23, c3] \\
c1          &  [-9.0, new\_cluster] &  [-4.98, c1] &  [-19.77, c2] &  [-0.13, c3] \\
c2          &  [-9.0, new\_cluster] &  [-3.78, c1] &  [-17.87, c2] &  [-0.01, c3] \\
c3          &  [-9.0, new\_cluster] &  [-4.17, c1] &  [-17.32, c2] &  [-0.19, c3] \\
\bottomrule
\end{tabular}

