Seed: 0
Experiment_path: AE_Model_2/Epochs_2_4_6_8_20/02_Experiment_05_Epochs
Dataset_Path: ../_00_Datasets/03_SimDaten_Quiroga2020/C_Easy1_noise035.mat
Dataset_name: ['03_SimDaten_Quiroga2020', 'C_Easy1_noise035.mat']
Variant_name: Variant_05_Epochs_2
Visualisation_Path: AE_Model_2/Epochs_2_4_6_8_20/02_Experiment_05_Epochs/C_Easy1_noise035.mat/V05_Online_AE_QL/2023_05_11-01_16_07
Normalisation: False
Template Matching: False
Optimising Autoencoder: False
Update Factor: 1
Noisy Batches: False
Noisy Factor: 0.001
Epochs: 2
Batch Size: 1
maximal Spikes for Autoencoder Training : 700
maximal Spikes for Training: 1000
Input Size: 47
Chosen Model: Convolutional Autoencoder
ConvolutionalAutoencoder(
  (encoder): Sequential(
    (0): Conv1d(1, 6, kernel_size=(6,), stride=(1,))
    (1): LeakyReLU(negative_slope=0.01)
    (2): Conv1d(6, 1, kernel_size=(6,), stride=(1,))
    (3): Flatten(start_dim=1, end_dim=-1)
    (4): Linear(in_features=37, out_features=2, bias=True)
  )
  (decoder): Sequential(
    (0): ConvTranspose1d(1, 6, kernel_size=(6,), stride=(1,))
    (1): LeakyReLU(negative_slope=0.01)
    (2): ConvTranspose1d(6, 1, kernel_size=(6,), stride=(1,))
    (3): Flatten(start_dim=1, end_dim=-1)
    (4): Linear(in_features=12, out_features=47, bias=True)
  )
)
MSELoss()
Adam (
Parameter Group 0
    amsgrad: False
    betas: (0.9, 0.999)
    capturable: False
    differentiable: False
    eps: 1e-08
    foreach: None
    fused: False
    lr: 0.001
    maximize: False
    weight_decay: 0
)
---Q Learning Parameters---
Normalisation: False
Punishment Coefficient: 1.5
Alpha: 0.8
Epsilon: 0.01
Gamma: 0.97
Initial Episode Number: 0
Episode Number Coefficient: 1.4
Number of Random Features: 20
Planning Number: 20
Max Random Features: 60
New Episode Number: 72
New Episode Number: 143
New Episode Number: 215
New Episode Number: 286
New Episode Number: 358
New Episode Number: 429
New Episode Number: 500
                  0       1       2       3       4       5       6       7
new_cluster -118.14 -138.76 -112.93 -114.59 -124.02 -125.91 -153.83 -120.52
c1          -118.14 -143.69 -111.53 -113.44 -121.27 -126.39 -152.10 -120.42
c2          -116.55 -141.88 -113.32 -115.04 -121.72 -129.26 -154.36 -120.36
c3          -116.55 -140.41 -110.49 -113.24 -121.05 -128.19 -152.76 -120.31
c4          -118.14 -140.13 -112.11 -113.15 -123.22 -126.86 -154.30 -120.43
c5          -116.55 -142.37 -112.86 -112.64 -123.27 -123.61 -152.41 -120.73
c6          -116.55 -142.45 -111.64 -112.46 -122.29 -126.41 -154.02 -120.63
c7          -116.55 -142.18 -112.39 -112.02 -122.73 -129.00 -152.81 -120.61
\begin{tabular}{lrrrrrrrr}
\toprule
{} &       0 &       1 &       2 &       3 &       4 &       5 &       6 &       7 \\
\midrule
new\_cluster & -118.14 & -138.76 & -112.93 & -114.59 & -124.02 & -125.91 & -153.83 & -120.52 \\
c1          & -118.14 & -143.69 & -111.53 & -113.44 & -121.27 & -126.39 & -152.10 & -120.42 \\
c2          & -116.55 & -141.88 & -113.32 & -115.04 & -121.72 & -129.26 & -154.36 & -120.36 \\
c3          & -116.55 & -140.41 & -110.49 & -113.24 & -121.05 & -128.19 & -152.76 & -120.31 \\
c4          & -118.14 & -140.13 & -112.11 & -113.15 & -123.22 & -126.86 & -154.30 & -120.43 \\
c5          & -116.55 & -142.37 & -112.86 & -112.64 & -123.27 & -123.61 & -152.41 & -120.73 \\
c6          & -116.55 & -142.45 & -111.64 & -112.46 & -122.29 & -126.41 & -154.02 & -120.63 \\
c7          & -116.55 & -142.18 & -112.39 & -112.02 & -122.73 & -129.00 & -152.81 & -120.61 \\
\bottomrule
\end{tabular}

                               0             1  ...             6             7
new_cluster  [-9.0, new_cluster]  [-31.42, c1]  ...  [-45.96, c6]  [-12.12, c7]
c1           [-9.0, new_cluster]  [-35.83, c1]  ...  [-43.86, c6]  [-12.12, c7]
c2           [-9.0, new_cluster]  [-34.11, c1]  ...  [-46.51, c6]  [-12.12, c7]
c3           [-9.0, new_cluster]  [-32.69, c1]  ...  [-44.62, c6]  [-12.12, c7]
c4           [-9.0, new_cluster]  [-33.01, c1]  ...  [-46.03, c6]  [-12.12, c7]
c5           [-9.0, new_cluster]  [-34.53, c1]  ...  [-44.17, c6]  [-12.12, c7]
c6           [-9.0, new_cluster]  [-35.11, c1]  ...  [-46.28, c6]  [-12.12, c7]
c7           [-9.0, new_cluster]  [-34.41, c1]  ...  [-45.08, c6]  [-12.12, c7]

[8 rows x 8 columns]
\begin{tabular}{lllllllll}
\toprule
{} &                    0 &             1 &            2 &            3 &             4 &             5 &             6 &             7 \\
\midrule
new\_cluster &  [-9.0, new\_cluster] &  [-31.42, c1] &  [-3.88, c2] &  [-7.42, c3] &  [-16.11, c4] &  [-16.99, c5] &  [-45.96, c6] &  [-12.12, c7] \\
c1          &  [-9.0, new\_cluster] &  [-35.83, c1] &  [-2.42, c2] &  [-6.27, c3] &  [-13.53, c4] &  [-18.87, c5] &  [-43.86, c6] &  [-12.12, c7] \\
c2          &  [-9.0, new\_cluster] &  [-34.11, c1] &  [-3.85, c2] &  [-7.87, c3] &  [-13.79, c4] &  [-21.75, c5] &  [-46.51, c6] &  [-12.12, c7] \\
c3          &  [-9.0, new\_cluster] &  [-32.69, c1] &   [-2.6, c2] &  [-6.07, c3] &  [-13.17, c4] &  [-19.27, c5] &  [-44.62, c6] &  [-12.12, c7] \\
c4          &  [-9.0, new\_cluster] &  [-33.01, c1] &  [-2.75, c2] &   [-6.1, c3] &  [-15.29, c4] &  [-19.35, c5] &  [-46.03, c6] &  [-12.12, c7] \\
c5          &  [-9.0, new\_cluster] &  [-34.53, c1] &  [-4.55, c2] &  [-5.49, c3] &  [-15.68, c4] &   [-16.1, c5] &  [-44.17, c6] &  [-12.12, c7] \\
c6          &  [-9.0, new\_cluster] &  [-35.11, c1] &  [-2.87, c2] &  [-5.33, c3] &  [-14.33, c4] &   [-18.9, c5] &  [-46.28, c6] &  [-12.12, c7] \\
c7          &  [-9.0, new\_cluster] &  [-34.41, c1] &  [-3.66, c2] &  [-4.84, c3] &  [-14.74, c4] &  [-21.49, c5] &  [-45.08, c6] &  [-12.12, c7] \\
\bottomrule
\end{tabular}

