Seed: 3
Experiment_path: AE_Model_1/Random_Seeds//V4/Experiment_04_3
Dataset_Path: ../_00_Datasets/03_SimDaten_Quiroga2020/C_Easy1_noise015.mat
Dataset_name: ['03_SimDaten_Quiroga2020', 'C_Easy1_noise015.mat']
Variant_name: Variant_04_Offline_Autoencoder_QLearning
Visualisation_Path: Random_Seeds//V4/Experiment_04_3/C_Easy1_noise015.mat/Variant_04_Offline_Autoencoder_QLearning/2023_04_15-13_11_43
Split Ratio: 0.9
Epochs: 8
Batch Size: 1
Input Size: 47
Number of Features: 2
Chosen Model: Autoencoder
Autoencoder(
  (encoder): Sequential(
    (0): Linear(in_features=47, out_features=12, bias=True)
    (1): LeakyReLU(negative_slope=0.01)
    (2): Linear(in_features=12, out_features=2, bias=True)
  )
  (decoder): Sequential(
    (0): Linear(in_features=2, out_features=12, bias=True)
    (1): LeakyReLU(negative_slope=0.01)
    (2): Linear(in_features=12, out_features=47, bias=True)
  )
)
MSELoss()
Adam (
Parameter Group 0
    amsgrad: False
    betas: (0.9, 0.999)
    capturable: False
    differentiable: False
    eps: 1e-08
    foreach: None
    fused: False
    lr: 0.001
    maximize: False
    weight_decay: 0
)
---Q Learning Parameters---
Normalisation: False
Punishment Coefficient: 0.9
Alpha: 0.8
Epsilon: 0.01
Gamma: 0.97
Initial Episode Number: 0
Episode Number Coefficient: 1.4
Number of Random Features: 20
Planning Number: 20
Max Random Features: 60
New Episode Number: 72
New Episode Number: 143
New Episode Number: 215
New Episode Number: 286
New Episode Number: 358
New Episode Number: 429
New Episode Number: 500
                0      1     2      3     4      5     6     7
new_cluster -9.33 -23.14 -6.72 -18.17 -8.05 -42.75 -7.60 -9.01
c1          -9.69 -22.69 -6.87 -18.46 -8.04 -42.88 -8.16 -7.14
c2          -9.73 -23.65 -6.67 -17.98 -8.34 -43.33 -7.49 -8.75
c3          -9.72 -22.03 -6.46 -17.95 -8.02 -42.95 -8.48 -8.95
c4          -9.67 -21.84 -6.37 -17.82 -8.01 -42.82 -8.27 -8.42
c5          -9.63 -22.16 -6.47 -18.54 -8.19 -42.99 -7.74 -8.12
c6          -9.70 -22.98 -6.30 -18.02 -8.20 -43.13 -7.84 -7.04
c7          -9.75 -22.88 -6.70 -18.19 -8.38 -42.46 -7.59 -8.73
\begin{tabular}{lrrrrrrrr}
\toprule
{} &     0 &      1 &     2 &      3 &     4 &      5 &     6 &     7 \\
\midrule
new\_cluster & -9.33 & -23.14 & -6.72 & -18.17 & -8.05 & -42.75 & -7.60 & -9.01 \\
c1          & -9.69 & -22.69 & -6.87 & -18.46 & -8.04 & -42.88 & -8.16 & -7.14 \\
c2          & -9.73 & -23.65 & -6.67 & -17.98 & -8.34 & -43.33 & -7.49 & -8.75 \\
c3          & -9.72 & -22.03 & -6.46 & -17.95 & -8.02 & -42.95 & -8.48 & -8.95 \\
c4          & -9.67 & -21.84 & -6.37 & -17.82 & -8.01 & -42.82 & -8.27 & -8.42 \\
c5          & -9.63 & -22.16 & -6.47 & -18.54 & -8.19 & -42.99 & -7.74 & -8.12 \\
c6          & -9.70 & -22.98 & -6.30 & -18.02 & -8.20 & -43.13 & -7.84 & -7.04 \\
c7          & -9.75 & -22.88 & -6.70 & -18.19 & -8.38 & -42.46 & -7.59 & -8.73 \\
\bottomrule
\end{tabular}

                                0             1  ...            6            7
new_cluster  [-3.24, new_cluster]  [-16.51, c1]  ...  [-1.49, c6]  [-2.53, c7]
c1           [-3.24, new_cluster]  [-16.53, c1]  ...  [-2.05, c6]  [-1.37, c7]
c2           [-3.24, new_cluster]  [-17.01, c1]  ...  [-1.44, c6]  [-2.26, c7]
c3           [-3.24, new_cluster]   [-15.8, c1]  ...  [-2.37, c6]  [-2.45, c7]
c4           [-3.24, new_cluster]  [-15.98, c1]  ...  [-2.16, c6]  [-1.98, c7]
c5           [-3.24, new_cluster]  [-15.94, c1]  ...  [-1.65, c6]  [-1.65, c7]
c6           [-3.24, new_cluster]  [-16.32, c1]  ...  [-1.73, c6]   [-1.2, c7]
c7           [-3.24, new_cluster]  [-16.66, c1]  ...  [-1.52, c6]  [-2.24, c7]

[8 rows x 8 columns]
\begin{tabular}{lllllllll}
\toprule
{} &                     0 &             1 &            2 &             3 &            4 &             5 &            6 &            7 \\
\midrule
new\_cluster &  [-3.24, new\_cluster] &  [-16.51, c1] &  [-0.25, c2] &  [-12.37, c3] &  [-1.97, c4] &  [-36.59, c5] &  [-1.49, c6] &  [-2.53, c7] \\
c1          &  [-3.24, new\_cluster] &  [-16.53, c1] &   [-0.4, c2] &  [-12.28, c3] &  [-1.88, c4] &  [-36.63, c5] &  [-2.05, c6] &  [-1.37, c7] \\
c2          &  [-3.24, new\_cluster] &  [-17.01, c1] &  [-0.22, c2] &  [-12.18, c3] &  [-2.17, c4] &  [-37.08, c5] &  [-1.44, c6] &  [-2.26, c7] \\
c3          &  [-3.24, new\_cluster] &   [-15.8, c1] &  [-0.08, c2] &  [-11.78, c3] &  [-1.84, c4] &  [-36.68, c5] &  [-2.37, c6] &  [-2.45, c7] \\
c4          &  [-3.24, new\_cluster] &  [-15.98, c1] &  [-0.19, c2] &  [-12.02, c3] &  [-1.83, c4] &  [-36.57, c5] &  [-2.16, c6] &  [-1.98, c7] \\
c5          &  [-3.24, new\_cluster] &  [-15.94, c1] &  [-0.21, c2] &  [-12.37, c3] &  [-2.01, c4] &  [-36.72, c5] &  [-1.65, c6] &  [-1.65, c7] \\
c6          &  [-3.24, new\_cluster] &  [-16.32, c1] &  [-0.24, c2] &  [-11.84, c3] &  [-2.03, c4] &  [-36.86, c5] &  [-1.73, c6] &   [-1.2, c7] \\
c7          &  [-3.24, new\_cluster] &  [-16.66, c1] &  [-0.25, c2] &   [-12.4, c3] &   [-2.2, c4] &  [-36.77, c5] &  [-1.52, c6] &  [-2.24, c7] \\
\bottomrule
\end{tabular}

