Seed: 5
Experiment_path: Random_Seeds//V5/Experiment_05_5
Dataset_Path: ../_00_Datasets/03_SimDaten_Quiroga2020/C_Difficult2_noise020.mat
Dataset_name: ['03_SimDaten_Quiroga2020', 'C_Difficult2_noise020.mat']
Variant_name: Variant_05_Online_Autoencoder_QLearning
Visualisation_Path: Random_Seeds//V5/Experiment_05_5/C_Difficult2_noise020.mat/Variant_05_Online_Autoencoder_QLearning/2023_03_22-10_13_18
Normalisation: False
Template Matching: False
Optimising Autoencoder: False
Update Factor: 10
Noisy Batches: False
Noisy Factor: 0.1
Epochs: 8
Batch Size: 1
maximal Spikes for Autoencoder Training : 700
maximal Spikes for Training: 1000
Input Size: 47
Chosen Model: Autoencoder
Autoencoder(
  (encoder): Sequential(
    (0): Linear(in_features=47, out_features=12, bias=True)
    (1): LeakyReLU(negative_slope=0.01)
    (2): Linear(in_features=12, out_features=2, bias=True)
  )
  (decoder): Sequential(
    (0): Linear(in_features=2, out_features=12, bias=True)
    (1): LeakyReLU(negative_slope=0.01)
    (2): Linear(in_features=12, out_features=47, bias=True)
  )
)
MSELoss()
Adam (
Parameter Group 0
    amsgrad: False
    betas: (0.9, 0.999)
    capturable: False
    differentiable: False
    eps: 1e-08
    foreach: None
    fused: False
    lr: 0.001
    maximize: False
    weight_decay: 0
)
---Q Learning Parameters---
Normalisation: False
Punishment Coefficient: 0.7
Alpha: 0.8
Epsilon: 0.01
Gamma: 0.97
Initial Episode Number: 0
Episode Number Coefficient: 1.4
Number of Random Features: 20
Planning Number: 20
Max Random Features: 60
New Episode Number: 72
New Episode Number: 143
New Episode Number: 215
New Episode Number: 286
New Episode Number: 358
                0     1     2     3     4     5
new_cluster -6.87 -5.06 -5.96 -7.08 -6.32 -7.12
c1          -6.79 -4.78 -5.76 -6.90 -6.10 -7.09
c2          -6.87 -4.91 -5.99 -7.03 -6.17 -7.10
c3          -6.87 -4.82 -5.85 -7.05 -5.88 -7.10
c4          -6.87 -4.94 -6.22 -7.16 -6.08 -7.10
c5          -6.88 -4.89 -6.08 -7.23 -6.11 -7.10
                                0            1  ...            4            5
new_cluster  [-1.96, new_cluster]  [-0.15, c1]  ...  [-1.42, c4]  [-2.35, c5]
c1           [-1.96, new_cluster]  [-0.13, c1]  ...   [-1.3, c4]  [-2.35, c5]
c2           [-1.96, new_cluster]  [-0.25, c1]  ...  [-1.36, c4]  [-2.35, c5]
c3           [-1.96, new_cluster]  [-0.18, c1]  ...  [-1.09, c4]  [-2.35, c5]
c4           [-1.96, new_cluster]  [-0.15, c1]  ...  [-1.28, c4]  [-2.35, c5]
c5           [-1.96, new_cluster]  [-0.13, c1]  ...  [-1.31, c4]  [-2.35, c5]

[6 rows x 6 columns]
