Seed: 0
Experiment_path: AE_Model_2/Epochs_2_4_6_8_20/20_Experiment_05_Epochs
Dataset_Path: ../_00_Datasets/03_SimDaten_Quiroga2020/C_Easy1_noise020.mat
Dataset_name: ['03_SimDaten_Quiroga2020', 'C_Easy1_noise020.mat']
Variant_name: Variant_05_Epochs_20
Visualisation_Path: AE_Model_2/Epochs_2_4_6_8_20/20_Experiment_05_Epochs/C_Easy1_noise020.mat/V05_Online_AE_QL/2023_05_11-01_28_00
Normalisation: False
Template Matching: False
Optimising Autoencoder: False
Update Factor: 1
Noisy Batches: False
Noisy Factor: 0.001
Epochs: 20
Batch Size: 1
maximal Spikes for Autoencoder Training : 700
maximal Spikes for Training: 1000
Input Size: 47
Chosen Model: Convolutional Autoencoder
ConvolutionalAutoencoder(
  (encoder): Sequential(
    (0): Conv1d(1, 6, kernel_size=(6,), stride=(1,))
    (1): LeakyReLU(negative_slope=0.01)
    (2): Conv1d(6, 1, kernel_size=(6,), stride=(1,))
    (3): Flatten(start_dim=1, end_dim=-1)
    (4): Linear(in_features=37, out_features=2, bias=True)
  )
  (decoder): Sequential(
    (0): ConvTranspose1d(1, 6, kernel_size=(6,), stride=(1,))
    (1): LeakyReLU(negative_slope=0.01)
    (2): ConvTranspose1d(6, 1, kernel_size=(6,), stride=(1,))
    (3): Flatten(start_dim=1, end_dim=-1)
    (4): Linear(in_features=12, out_features=47, bias=True)
  )
)
MSELoss()
Adam (
Parameter Group 0
    amsgrad: False
    betas: (0.9, 0.999)
    capturable: False
    differentiable: False
    eps: 1e-08
    foreach: None
    fused: False
    lr: 0.001
    maximize: False
    weight_decay: 0
)
---Q Learning Parameters---
Normalisation: False
Punishment Coefficient: 0.8
Alpha: 0.8
Epsilon: 0.01
Gamma: 0.97
Initial Episode Number: 0
Episode Number Coefficient: 1.4
Number of Random Features: 20
Planning Number: 20
Max Random Features: 60
New Episode Number: 72
New Episode Number: 143
New Episode Number: 215
New Episode Number: 286
New Episode Number: 358
                0     1     2     3     4      5
new_cluster -3.95 -1.44 -4.21 -7.97 -6.99 -13.33
c1          -3.95 -1.44 -4.10 -8.64 -7.74 -11.86
c2          -4.02 -1.44 -4.46 -8.34 -7.32 -12.76
c3          -4.02 -1.47 -3.98 -8.59 -7.18 -13.40
c4          -4.02 -1.42 -4.57 -8.47 -7.26 -12.76
c5          -3.95 -1.42 -4.16 -8.49 -8.53   0.00
\begin{tabular}{lrrrrrr}
\toprule
{} &     0 &     1 &     2 &     3 &     4 &      5 \\
\midrule
new\_cluster & -3.95 & -1.44 & -4.21 & -7.97 & -6.99 & -13.33 \\
c1          & -3.95 & -1.44 & -4.10 & -8.64 & -7.74 & -11.86 \\
c2          & -4.02 & -1.44 & -4.46 & -8.34 & -7.32 & -12.76 \\
c3          & -4.02 & -1.47 & -3.98 & -8.59 & -7.18 & -13.40 \\
c4          & -4.02 & -1.42 & -4.57 & -8.47 & -7.26 & -12.76 \\
c5          & -3.95 & -1.42 & -4.16 & -8.49 & -8.53 &   0.00 \\
\bottomrule
\end{tabular}

                                0            1  ...            4             5
new_cluster  [-2.56, new_cluster]  [-0.05, c1]  ...  [-5.61, c4]  [-13.33, c5]
c1           [-2.56, new_cluster]  [-0.07, c1]  ...  [-6.32, c4]  [-11.86, c5]
c2           [-2.56, new_cluster]  [-0.07, c1]  ...  [-5.93, c4]  [-12.76, c5]
c3           [-2.56, new_cluster]  [-0.06, c1]  ...  [-5.76, c4]   [-13.4, c5]
c4           [-2.56, new_cluster]  [-0.06, c1]  ...  [-5.82, c4]  [-12.76, c5]
c5           [-2.56, new_cluster]  [-0.04, c1]  ...  [-7.14, c4]         [0, ]

[6 rows x 6 columns]
\begin{tabular}{lllllll}
\toprule
{} &                     0 &            1 &            2 &            3 &            4 &             5 \\
\midrule
new\_cluster &  [-2.56, new\_cluster] &  [-0.05, c1] &  [-2.82, c2] &  [-6.55, c3] &  [-5.61, c4] &  [-13.33, c5] \\
c1          &  [-2.56, new\_cluster] &  [-0.07, c1] &  [-2.66, c2] &  [-7.22, c3] &  [-6.32, c4] &  [-11.86, c5] \\
c2          &  [-2.56, new\_cluster] &  [-0.07, c1] &  [-3.06, c2] &  [-6.92, c3] &  [-5.93, c4] &  [-12.76, c5] \\
c3          &  [-2.56, new\_cluster] &  [-0.06, c1] &  [-2.58, c2] &  [-7.16, c3] &  [-5.76, c4] &   [-13.4, c5] \\
c4          &  [-2.56, new\_cluster] &  [-0.06, c1] &  [-3.17, c2] &  [-7.03, c3] &  [-5.82, c4] &  [-12.76, c5] \\
c5          &  [-2.56, new\_cluster] &  [-0.04, c1] &  [-2.77, c2] &  [-7.07, c3] &  [-7.14, c4] &         [0, ] \\
\bottomrule
\end{tabular}

