Seed: 2
Experiment_path: Random_Seeds_DV5//V5_3/Experiment_05_2_opt_temp_noisy
Dataset_Path: ../_00_Datasets/03_SimDaten_Quiroga2020/C_Difficult2_noise010.mat
Dataset_name: ['03_SimDaten_Quiroga2020', 'C_Difficult2_noise010.mat']
Variant_name: Variant_05_Online_Autoencoder_QLearning_opt_temp_noisy
Visualisation_Path: Random_Seeds_DV5//V5_3/Experiment_05_2_opt_temp_noisy/C_Difficult2_noise010.mat/Variant_05_Online_Autoencoder_QLearning_opt_temp_noisy/2023_04_05-09_43_10
Normalisation: False
Template Matching: True
Optimising Autoencoder: True
Update Factor: 100
Noisy Batches: True
Noisy Factor: 0.1
Epochs: 8
Batch Size: 1
maximal Spikes for Autoencoder Training : 700
maximal Spikes for Training: 1000
Input Size: 47
Chosen Model: Autoencoder
Autoencoder(
  (encoder): Sequential(
    (0): Linear(in_features=47, out_features=12, bias=True)
    (1): LeakyReLU(negative_slope=0.01)
    (2): Linear(in_features=12, out_features=2, bias=True)
  )
  (decoder): Sequential(
    (0): Linear(in_features=2, out_features=12, bias=True)
    (1): LeakyReLU(negative_slope=0.01)
    (2): Linear(in_features=12, out_features=47, bias=True)
  )
)
MSELoss()
Adam (
Parameter Group 0
    amsgrad: False
    betas: (0.9, 0.999)
    capturable: False
    differentiable: False
    eps: 1e-08
    foreach: None
    fused: False
    lr: 0.001
    maximize: False
    weight_decay: 0
)
---Q Learning Parameters---
Normalisation: False
Punishment Coefficient: 0.37
Alpha: 0.8
Epsilon: 0.01
Gamma: 0.97
Initial Episode Number: 0
Episode Number Coefficient: 1.4
Number of Random Features: 20
Planning Number: 20
Max Random Features: 60
New Episode Number: 72
New Episode Number: 143
New Episode Number: 215
New Episode Number: 286
New Episode Number: 358
New Episode Number: 429
New Episode Number: 500
                0     1     2     3     4     5     6     7
new_cluster -1.53 -2.44 -1.01 -5.25 -2.76 -7.55 -1.18 -3.41
c1          -1.50 -2.69 -0.97 -4.92 -2.94 -7.87 -1.19 -3.20
c2          -1.52 -2.47 -1.04 -5.35 -2.78 -7.98 -1.21 -3.31
c3          -1.53 -2.38 -1.03 -5.21 -2.70 -7.40 -1.13 -2.56
c4          -1.49 -2.49 -1.03 -4.94 -2.71 -7.58 -1.18 -3.08
c5          -1.53 -2.42 -1.01 -4.96 -2.68 -7.39 -1.17 -2.71
c6          -1.52 -2.36 -0.97 -5.27 -2.66 -6.99 -1.17 -2.96
c7          -1.48 -2.37 -1.02 -4.93 -2.84 -7.27 -1.16  0.00
                                0            1  ...            6            7
new_cluster  [-0.55, new_cluster]   [-1.5, c1]  ...  [-0.24, c6]  [-3.41, c7]
c1           [-0.55, new_cluster]  [-1.74, c1]  ...  [-0.25, c6]   [-3.2, c7]
c2           [-0.55, new_cluster]  [-1.52, c1]  ...  [-0.26, c6]  [-3.31, c7]
c3           [-0.55, new_cluster]  [-1.44, c1]  ...  [-0.19, c6]  [-2.56, c7]
c4           [-0.55, new_cluster]  [-1.55, c1]  ...  [-0.24, c6]  [-3.08, c7]
c5           [-0.55, new_cluster]  [-1.48, c1]  ...  [-0.23, c6]  [-2.71, c7]
c6           [-0.55, new_cluster]  [-1.42, c1]  ...  [-0.22, c6]  [-2.96, c7]
c7           [-0.55, new_cluster]  [-1.43, c1]  ...  [-0.22, c6]        [0, ]

[8 rows x 8 columns]
