Seed: 6
Experiment_path: AE_Model_1/Random_Seeds_DV5//V5_2/Experiment_05_6_opt_temp
Dataset_Path: ../_00_Datasets/03_SimDaten_Quiroga2020/C_Easy1_noise035.mat
Dataset_name: ['03_SimDaten_Quiroga2020', 'C_Easy1_noise035.mat']
Variant_name: Variant_05_Online_Autoencoder_QLearning_opt_temp
Visualisation_Path: AE_Model_1/Random_Seeds_DV5//V5_2/Experiment_05_6_opt_temp/C_Easy1_noise035.mat/Variant_05_Online_Autoencoder_QLearning_opt_temp/2023_04_24-17_31_50
Normalisation: False
Template Matching: True
Optimising Autoencoder: True
Update Factor: 1
Noisy Batches: False
Noisy Factor: 0.1
Epochs: 8
Batch Size: 1
maximal Spikes for Autoencoder Training : 700
maximal Spikes for Training: 1000
Input Size: 47
Chosen Model: Autoencoder
Autoencoder(
  (encoder): Sequential(
    (0): Linear(in_features=47, out_features=12, bias=True)
    (1): LeakyReLU(negative_slope=0.01)
    (2): Linear(in_features=12, out_features=2, bias=True)
  )
  (decoder): Sequential(
    (0): Linear(in_features=2, out_features=12, bias=True)
    (1): LeakyReLU(negative_slope=0.01)
    (2): Linear(in_features=12, out_features=47, bias=True)
  )
)
MSELoss()
Adam (
Parameter Group 0
    amsgrad: False
    betas: (0.9, 0.999)
    capturable: False
    differentiable: False
    eps: 1e-08
    foreach: None
    fused: False
    lr: 0.001
    maximize: False
    weight_decay: 0
)
---Q Learning Parameters---
Normalisation: False
Punishment Coefficient: 0.9
Alpha: 0.8
Epsilon: 0.01
Gamma: 0.97
Initial Episode Number: 0
Episode Number Coefficient: 1.4
Number of Random Features: 20
Planning Number: 20
Max Random Features: 60
New Episode Number: 72
New Episode Number: 143
New Episode Number: 215
New Episode Number: 286
New Episode Number: 358
New Episode Number: 429
New Episode Number: 500
New Episode Number: 572
New Episode Number: 643
New Episode Number: 715
New Episode Number: 786
New Episode Number: 858
New Episode Number: 929
New Episode Number: 1000
New Episode Number: 1072
New Episode Number: 1143
New Episode Number: 1215
New Episode Number: 1286
New Episode Number: 1358
New Episode Number: 1429
New Episode Number: 1501
New Episode Number: 1572
New Episode Number: 1643
New Episode Number: 1715
                0      1      2      3   ...     21     22     23     24
new_cluster -38.30 -65.22 -40.20 -55.06  ... -39.89 -60.84 -77.93 -67.60
c1          -38.42 -65.65 -40.00 -52.88  ... -39.56 -60.50 -77.88 -67.60
c2          -38.66 -66.48 -41.21 -53.80  ... -43.57 -61.35 -77.97 -67.60
c3          -38.38 -66.68 -40.77 -55.41  ... -39.97 -59.93 -77.96 -67.60
c4          -38.30 -64.12 -40.23 -53.13  ... -39.03 -61.61 -77.90 -67.60
c5          -38.32 -63.89 -39.70 -55.52  ... -35.77 -60.57 -77.90 -67.60
c6          -38.81 -64.38 -40.78 -56.63  ... -39.15 -60.88 -77.93 -67.60
c7          -38.41 -66.50 -39.69 -55.47  ... -37.67 -61.30 -77.97 -67.60
c8          -38.31 -67.54 -41.82 -54.00  ... -35.08 -61.92 -77.98 -67.60
c9          -38.31 -62.83 -40.99 -54.38  ... -40.14 -60.23 -77.72 -67.60
c10         -38.31 -64.01 -39.82 -54.75  ... -36.56 -59.49 -78.47 -67.60
c11         -38.77 -63.75 -40.55 -54.70  ... -42.86 -60.62 -77.96 -67.60
c12         -38.36 -65.06 -40.86 -55.91  ... -41.79 -60.14 -77.91 -67.60
c13         -38.31 -64.45 -42.43 -55.07  ... -40.32 -59.61 -77.80 -67.60
c14         -38.45 -65.19 -38.70 -54.89  ... -36.15 -60.72 -77.89 -67.60
c15         -38.40 -66.21 -40.86 -55.22  ... -47.09 -59.76 -77.94 -67.60
c16         -38.30 -63.83 -39.22 -54.29  ... -52.79 -60.90 -77.94 -67.60
c17         -38.31 -65.03 -42.52 -56.38  ... -40.88 -59.60 -77.89 -67.60
c18         -38.36 -66.74 -40.34 -53.16  ... -46.69 -60.49 -77.88 -67.60
c19         -38.43 -66.13 -40.79 -55.71  ... -39.68 -60.99 -77.83   0.00
c20         -38.38 -66.33 -40.38 -54.36  ... -36.23 -58.93 -77.89 -67.59
c21         -38.31 -65.11 -39.68 -55.01  ... -40.98 -61.31 -77.99 -67.60
c22         -38.32 -64.70 -40.64 -53.93  ... -36.60 -59.79 -77.93 -67.60
c23         -38.45 -66.76 -40.89 -55.93  ... -36.18 -61.79 -77.93 -67.60
c24         -38.37 -65.87 -40.61 -55.45  ... -35.34   0.00   0.00   0.00

[25 rows x 25 columns]
\begin{tabular}{lrrrrrrrrrrrrrrrrrrrrrrrrr}
\toprule
{} &     0  &     1  &     2  &     3  &     4  &     5  &     6  &     7  &     8  &     9  &     10 &     11 &     12 &     13 &     14 &      15 &      16 &      17 &     18 &     19 &     20 &     21 &     22 &     23 &     24 \\
\midrule
new\_cluster & -38.30 & -65.22 & -40.20 & -55.06 & -36.49 & -62.72 & -50.87 & -53.86 & -76.65 & -66.18 & -82.33 & -39.97 & -36.14 & -41.68 & -86.51 & -209.49 & -183.56 & -111.70 & -42.52 & -53.18 & -89.02 & -39.89 & -60.84 & -77.93 & -67.60 \\
c1          & -38.42 & -65.65 & -40.00 & -52.88 & -36.33 & -62.25 & -51.70 & -55.07 & -77.26 & -67.21 & -83.23 & -40.21 & -36.74 & -39.65 & -89.34 & -209.30 & -184.11 & -109.99 & -43.93 & -50.69 & -89.02 & -39.56 & -60.50 & -77.88 & -67.60 \\
c2          & -38.66 & -66.48 & -41.21 & -53.80 & -35.82 & -62.71 & -51.76 & -54.10 & -80.15 & -67.97 & -82.01 & -40.32 & -37.19 & -41.17 & -94.34 & -209.96 & -183.98 & -112.09 & -45.10 & -54.65 & -87.51 & -43.57 & -61.35 & -77.97 & -67.60 \\
c3          & -38.38 & -66.68 & -40.77 & -55.41 & -35.80 & -62.02 & -52.20 & -54.22 & -78.00 & -68.04 & -81.42 & -39.49 & -37.11 & -39.63 & -88.52 & -209.96 & -184.82 & -111.75 & -43.71 & -50.85 & -89.08 & -39.97 & -59.93 & -77.96 & -67.60 \\
c4          & -38.30 & -64.12 & -40.23 & -53.13 & -36.36 & -62.04 & -51.32 & -54.26 & -76.29 & -70.14 & -79.90 & -40.57 & -37.83 & -40.33 & -87.01 & -209.96 & -184.11 & -112.07 & -45.71 & -51.66 & -89.02 & -39.03 & -61.61 & -77.90 & -67.60 \\
c5          & -38.32 & -63.89 & -39.70 & -55.52 & -36.08 & -63.73 & -52.62 & -53.56 & -78.28 & -66.97 & -80.73 & -40.40 & -36.96 & -41.62 & -88.47 & -209.33 & -184.79 & -112.02 & -45.39 & -49.00 & -89.08 & -35.77 & -60.57 & -77.90 & -67.60 \\
c6          & -38.81 & -64.38 & -40.78 & -56.63 & -36.44 & -64.51 & -51.40 & -54.83 & -75.74 & -69.06 & -80.24 & -40.32 & -36.55 & -39.84 & -89.33 & -209.14 & -184.11 & -113.31 & -44.44 & -52.05 & -89.02 & -39.15 & -60.88 & -77.93 & -67.60 \\
c7          & -38.41 & -66.50 & -39.69 & -55.47 & -36.22 & -62.48 & -52.04 & -55.30 & -80.16 & -67.76 & -80.46 & -40.22 & -37.06 & -40.62 & -90.04 & -209.29 & -184.56 & -112.57 & -43.17 & -55.26 & -89.09 & -37.67 & -61.30 & -77.97 & -67.60 \\
c8          & -38.31 & -67.54 & -41.82 & -54.00 & -36.33 & -63.21 & -52.56 & -53.73 & -78.95 & -68.67 & -80.98 & -40.95 & -36.29 & -39.50 & -87.62 & -209.96 & -184.12 & -113.63 & -43.52 & -52.09 & -89.10 & -35.08 & -61.92 & -77.98 & -67.60 \\
c9          & -38.31 & -62.83 & -40.99 & -54.38 & -35.85 & -62.70 & -52.92 & -54.82 & -80.02 & -68.95 & -77.52 & -40.37 & -36.51 & -39.60 & -88.75 & -209.96 & -184.82 & -112.04 & -42.39 & -54.54 & -89.08 & -40.14 & -60.23 & -77.72 & -67.60 \\
c10         & -38.31 & -64.01 & -39.82 & -54.75 & -36.55 & -61.13 & -51.50 & -54.71 & -83.05 & -66.60 & -79.51 & -40.07 & -37.44 & -39.96 & -89.29 & -209.26 & -183.98 & -110.96 & -43.76 & -50.96 & -88.26 & -36.56 & -59.49 & -78.47 & -67.60 \\
c11         & -38.77 & -63.75 & -40.55 & -54.70 & -35.78 & -61.96 & -51.95 & -54.44 & -77.98 & -67.53 & -80.91 & -40.58 & -37.15 & -40.41 & -86.01 & -209.29 & -184.12 & -111.56 & -44.13 & -54.46 & -89.10 & -42.86 & -60.62 & -77.96 & -67.60 \\
c12         & -38.36 & -65.06 & -40.86 & -55.91 & -36.06 & -62.96 & -51.79 & -54.14 & -80.02 & -69.51 & -82.95 & -41.46 & -36.60 & -39.87 & -90.34 & -209.28 & -184.11 & -110.21 & -45.09 & -50.69 & -89.05 & -41.79 & -60.14 & -77.91 & -67.60 \\
c13         & -38.31 & -64.45 & -42.43 & -55.07 & -36.58 & -63.71 & -52.06 & -53.53 & -82.39 & -68.32 & -83.65 & -40.00 & -37.60 & -40.96 & -87.12 & -209.96 & -183.98 & -111.35 & -44.82 & -53.81 & -89.08 & -40.32 & -59.61 & -77.80 & -67.60 \\
c14         & -38.45 & -65.19 & -38.70 & -54.89 & -35.58 & -62.23 & -51.06 & -53.99 & -78.07 & -68.04 & -82.42 & -39.93 & -36.46 & -38.85 & -88.56 & -209.49 & -184.79 & -111.87 & -43.45 & -50.33 & -87.51 & -36.15 & -60.72 & -77.89 & -67.60 \\
c15         & -38.40 & -66.21 & -40.86 & -55.22 & -36.05 & -63.66 & -51.86 & -53.70 & -79.29 & -68.52 & -78.94 & -39.92 & -37.72 & -40.53 & -87.78 & -209.38 & -184.91 & -110.48 & -42.54 & -52.81 & -89.14 & -47.09 & -59.76 & -77.94 & -67.60 \\
c16         & -38.30 & -63.83 & -39.22 & -54.29 & -36.22 & -62.37 & -51.84 & -54.89 & -80.83 & -67.44 & -79.94 & -40.12 & -37.10 & -39.80 & -89.47 & -209.16 & -184.80 & -112.28 & -43.80 & -50.55 & -89.08 & -52.79 & -60.90 & -77.94 & -67.60 \\
c17         & -38.31 & -65.03 & -42.52 & -56.38 & -36.38 & -62.46 & -52.34 & -54.30 & -76.95 & -66.92 & -82.35 & -39.88 & -37.13 & -39.36 & -88.08 & -209.36 & -184.14 & -111.64 & -42.36 & -50.61 & -89.02 & -40.88 & -59.60 & -77.89 & -67.60 \\
c18         & -38.36 & -66.74 & -40.34 & -53.16 & -37.01 & -65.13 & -50.48 & -53.86 & -81.07 & -68.00 & -79.76 & -40.74 & -36.52 & -40.72 & -83.37 & -209.37 & -184.74 & -110.83 & -44.83 & -52.81 & -89.09 & -46.69 & -60.49 & -77.88 & -67.60 \\
c19         & -38.43 & -66.13 & -40.79 & -55.71 & -35.73 & -63.65 & -51.49 & -54.33 & -79.41 & -66.22 & -81.46 & -40.81 & -37.21 & -39.77 & -86.29 & -209.96 & -184.92 & -112.06 & -45.69 & -52.17 & -89.08 & -39.68 & -60.99 & -77.83 &   0.00 \\
c20         & -38.38 & -66.33 & -40.38 & -54.36 & -36.32 & -63.95 & -52.86 & -53.74 & -80.46 & -67.62 & -79.29 & -40.07 & -37.26 & -39.93 & -86.77 & -209.36 & -184.80 & -112.20 & -45.21 & -54.18 & -89.07 & -36.23 & -58.93 & -77.89 & -67.59 \\
c21         & -38.31 & -65.11 & -39.68 & -55.01 & -36.50 & -62.55 & -51.31 & -53.96 & -78.56 & -68.03 & -79.13 & -40.14 & -36.86 & -43.77 & -87.22 & -210.38 & -184.76 & -111.40 & -42.17 & -52.11 & -89.11 & -40.98 & -61.31 & -77.99 & -67.60 \\
c22         & -38.32 & -64.70 & -40.64 & -53.93 & -35.75 & -62.96 & -51.59 & -54.95 & -78.92 & -67.60 & -80.46 & -39.77 & -36.70 & -39.91 & -83.75 & -209.13 & -184.74 & -111.87 & -43.30 & -51.97 & -89.10 & -36.60 & -59.79 & -77.93 & -67.60 \\
c23         & -38.45 & -66.76 & -40.89 & -55.93 & -36.43 & -62.32 & -51.68 & -54.82 & -76.80 & -68.50 & -82.57 & -39.89 & -36.68 & -39.87 & -89.11 & -209.97 & -184.11 & -111.87 & -43.99 & -52.83 & -88.99 & -36.18 & -61.79 & -77.93 & -67.60 \\
c24         & -38.37 & -65.87 & -40.61 & -55.45 & -36.55 & -64.22 & -51.87 & -53.01 & -81.60 & -67.17 & -81.77 & -40.37 & -36.56 & -40.47 & -92.20 & -209.85 & -184.82 & -111.43 & -43.34 & -55.88 & -89.13 & -35.34 &   0.00 &   0.00 &   0.00 \\
\bottomrule
\end{tabular}

                               0             1   ...             23            24
new_cluster  [-3.24, new_cluster]  [-30.01, c1]  ...  [-42.79, c23]  [-67.6, c24]
c1           [-3.24, new_cluster]  [-30.42, c1]  ...  [-42.79, c23]  [-67.6, c24]
c2           [-3.24, new_cluster]  [-31.18, c1]  ...  [-42.79, c23]  [-67.6, c24]
c3           [-3.24, new_cluster]  [-31.47, c1]  ...  [-42.79, c23]  [-67.6, c24]
c4           [-3.24, new_cluster]  [-29.28, c1]  ...  [-42.79, c23]  [-67.6, c24]
c5           [-3.24, new_cluster]  [-28.67, c1]  ...  [-42.79, c23]  [-67.6, c24]
c6           [-3.24, new_cluster]  [-29.17, c1]  ...  [-42.79, c23]  [-67.6, c24]
c7           [-3.24, new_cluster]   [-31.3, c1]  ...  [-42.79, c23]  [-67.6, c24]
c8           [-3.24, new_cluster]  [-32.32, c1]  ...  [-42.79, c23]  [-67.6, c24]
c9           [-3.24, new_cluster]  [-27.61, c1]  ...  [-42.79, c23]  [-67.6, c24]
c10          [-3.24, new_cluster]  [-28.76, c1]  ...  [-42.79, c23]  [-67.6, c24]
c11          [-3.24, new_cluster]  [-28.51, c1]  ...  [-42.79, c23]  [-67.6, c24]
c12          [-3.24, new_cluster]  [-29.84, c1]  ...  [-42.79, c23]  [-67.6, c24]
c13          [-3.24, new_cluster]  [-29.23, c1]  ...  [-42.79, c23]  [-67.6, c24]
c14          [-3.24, new_cluster]  [-29.97, c1]  ...  [-42.79, c23]  [-67.6, c24]
c15          [-3.24, new_cluster]  [-31.01, c1]  ...  [-42.79, c23]  [-67.6, c24]
c16          [-3.24, new_cluster]   [-28.6, c1]  ...  [-42.79, c23]  [-67.6, c24]
c17          [-3.24, new_cluster]  [-29.73, c1]  ...  [-42.79, c23]  [-67.6, c24]
c18          [-3.24, new_cluster]  [-31.52, c1]  ...  [-42.79, c23]  [-67.6, c24]
c19          [-3.24, new_cluster]  [-30.82, c1]  ...  [-42.79, c23]         [0, ]
c20          [-3.24, new_cluster]  [-31.02, c1]  ...  [-42.79, c23]  [-67.6, c24]
c21          [-3.24, new_cluster]  [-29.89, c1]  ...  [-42.79, c23]  [-67.6, c24]
c22          [-3.24, new_cluster]   [-29.5, c1]  ...  [-42.79, c23]  [-67.6, c24]
c23          [-3.24, new_cluster]  [-31.46, c1]  ...  [-42.79, c23]  [-67.6, c24]
c24          [-3.24, new_cluster]  [-30.65, c1]  ...          [0, ]         [0, ]

[25 rows x 25 columns]
\begin{tabular}{llllllllllllllllllllllllll}
\toprule
{} &                    0  &            1  &           2  &            3  &           4  &            5  &            6  &            7  &            8  &            9  &             10 &            11 &            12 &            13 &             14 &             15 &              16 &             17 &             18 &             19 &             20 &             21 &             22 &             23 &            24 \\
\midrule
new\_cluster &  [-3.24, new\_cluster] &  [-30.01, c1] &  [-5.79, c2] &  [-20.28, c3] &  [-1.22, c4] &  [-28.02, c5] &  [-15.58, c6] &  [-18.53, c7] &  [-42.63, c8] &   [-31.4, c9] &  [-47.18, c10] &  [-5.29, c11] &  [-1.32, c12] &   [-6.0, c13] &  [-51.99, c14] &  [-174.4, c15] &  [-148.81, c16] &  [-76.39, c17] &   [-6.79, c18] &  [-53.18, c19] &  [-53.94, c20] &   [-4.92, c21] &  [-26.16, c22] &  [-42.79, c23] &  [-67.6, c24] \\
c1          &  [-3.24, new\_cluster] &  [-30.42, c1] &  [-5.62, c2] &  [-18.08, c3] &  [-1.16, c4] &  [-27.56, c5] &  [-16.02, c6] &  [-19.54, c7] &  [-43.24, c8] &  [-32.43, c9] &  [-47.85, c10] &  [-5.41, c11] &  [-1.75, c12] &  [-4.63, c13] &  [-54.82, c14] &  [-174.4, c15] &  [-148.81, c16] &  [-74.68, c17] &   [-8.28, c18] &  [-50.69, c19] &  [-53.94, c20] &   [-4.57, c21] &  [-25.66, c22] &  [-42.79, c23] &  [-67.6, c24] \\
c2          &  [-3.24, new\_cluster] &  [-31.18, c1] &  [-6.81, c2] &  [-19.07, c3] &  [-0.72, c4] &  [-28.02, c5] &  [-16.82, c6] &  [-18.88, c7] &   [-45.4, c8] &  [-33.16, c9] &  [-46.88, c10] &  [-5.52, c11] &  [-1.77, c12] &  [-6.22, c13] &  [-59.86, c14] &  [-174.4, c15] &  [-148.81, c16] &  [-76.28, c17] &   [-9.44, c18] &  [-54.65, c19] &  [-53.94, c20] &   [-8.33, c21] &  [-26.54, c22] &  [-42.79, c23] &  [-67.6, c24] \\
c3          &  [-3.24, new\_cluster] &  [-31.47, c1] &  [-5.89, c2] &  [-20.37, c3] &  [-1.28, c4] &  [-27.32, c5] &  [-17.26, c6] &  [-18.92, c7] &  [-43.73, c8] &  [-32.51, c9] &   [-46.3, c10] &  [-4.95, c11] &   [-1.7, c12] &  [-4.71, c13] &  [-53.97, c14] &  [-174.4, c15] &  [-148.81, c16] &  [-76.44, c17] &   [-8.27, c18] &  [-50.85, c19] &  [-53.94, c20] &    [-5.0, c21] &  [-25.23, c22] &  [-42.79, c23] &  [-67.6, c24] \\
c4          &  [-3.24, new\_cluster] &  [-29.28, c1] &  [-5.57, c2] &  [-18.41, c3] &  [-1.01, c4] &  [-27.35, c5] &  [-16.23, c6] &  [-19.08, c7] &  [-42.26, c8] &  [-35.22, c9] &  [-44.48, c10] &  [-5.86, c11] &  [-2.41, c12] &  [-5.38, c13] &   [-52.5, c14] &  [-174.4, c15] &  [-148.81, c16] &  [-76.68, c17] &   [-9.93, c18] &  [-51.66, c19] &  [-53.94, c20] &   [-3.81, c21] &  [-27.28, c22] &  [-42.79, c23] &  [-67.6, c24] \\
c5          &  [-3.24, new\_cluster] &  [-28.67, c1] &  [-5.22, c2] &  [-20.46, c3] &  [-0.82, c4] &  [-29.04, c5] &  [-17.35, c6] &  [-18.23, c7] &  [-44.23, c8] &  [-32.16, c9] &   [-45.6, c10] &  [-5.68, c11] &  [-1.55, c12] &  [-5.98, c13] &  [-54.16, c14] &  [-174.4, c15] &  [-148.81, c16] &   [-76.5, c17] &   [-9.64, c18] &   [-49.0, c19] &  [-53.94, c20] &    [-0.8, c21] &  [-25.88, c22] &  [-42.79, c23] &  [-67.6, c24] \\
c6          &  [-3.24, new\_cluster] &  [-29.17, c1] &  [-6.14, c2] &  [-21.17, c3] &  [-1.18, c4] &  [-29.82, c5] &  [-16.13, c6] &  [-19.52, c7] &  [-41.58, c8] &  [-34.28, c9] &  [-45.07, c10] &  [-5.57, c11] &  [-1.14, c12] &  [-4.15, c13] &  [-54.68, c14] &  [-174.4, c15] &  [-148.81, c16] &   [-77.5, c17] &   [-8.77, c18] &  [-52.05, c19] &  [-53.94, c20] &   [-3.83, c21] &   [-26.2, c22] &  [-42.79, c23] &  [-67.6, c24] \\
c7          &  [-3.24, new\_cluster] &   [-31.3, c1] &  [-5.32, c2] &  [-20.68, c3] &  [-1.03, c4] &  [-27.79, c5] &   [-17.1, c6] &  [-20.17, c7] &   [-46.1, c8] &  [-32.26, c9] &  [-45.05, c10] &  [-5.41, c11] &  [-2.09, c12] &  [-5.02, c13] &  [-55.52, c14] &  [-174.4, c15] &  [-148.81, c16] &  [-77.26, c17] &   [-8.02, c18] &  [-55.26, c19] &  [-53.94, c20] &   [-2.67, c21] &  [-26.56, c22] &  [-42.79, c23] &  [-67.6, c24] \\
c8          &  [-3.24, new\_cluster] &  [-32.32, c1] &  [-6.25, c2] &  [-19.15, c3] &  [-0.87, c4] &  [-28.52, c5] &  [-17.29, c6] &  [-18.56, c7] &  [-44.89, c8] &  [-33.86, c9] &   [-45.7, c10] &  [-5.83, c11] &  [-1.31, c12] &  [-4.57, c13] &  [-52.68, c14] &  [-174.4, c15] &  [-148.81, c16] &  [-78.34, c17] &   [-7.78, c18] &  [-52.09, c19] &  [-53.94, c20] &   [-0.08, c21] &  [-27.14, c22] &  [-42.79, c23] &  [-67.6, c24] \\
c9          &  [-3.24, new\_cluster] &  [-27.61, c1] &  [-5.23, c2] &   [-19.0, c3] &  [-1.15, c4] &  [-28.04, c5] &  [-17.97, c6] &  [-19.68, c7] &  [-45.96, c8] &  [-33.42, c9] &  [-41.98, c10] &  [-5.55, c11] &  [-1.53, c12] &  [-4.68, c13] &  [-54.23, c14] &  [-174.4, c15] &  [-148.81, c16] &  [-76.73, c17] &   [-8.33, c18] &  [-54.54, c19] &  [-53.94, c20] &   [-4.82, c21] &  [-25.44, c22] &  [-42.79, c23] &  [-67.6, c24] \\
c10         &  [-3.24, new\_cluster] &  [-28.76, c1] &  [-5.08, c2] &  [-19.99, c3] &  [-1.57, c4] &  [-26.44, c5] &  [-16.42, c6] &   [-19.4, c7] &  [-49.01, c8] &   [-31.3, c9] &  [-44.29, c10] &  [-5.35, c11] &  [-1.96, c12] &   [-4.3, c13] &   [-54.4, c14] &  [-174.4, c15] &  [-148.81, c16] &  [-75.65, c17] &   [-7.95, c18] &  [-50.96, c19] &  [-53.94, c20] &   [-1.24, c21] &  [-24.77, c22] &  [-42.79, c23] &  [-67.6, c24] \\
c11         &  [-3.24, new\_cluster] &  [-28.51, c1] &  [-5.78, c2] &  [-19.84, c3] &  [-1.15, c4] &  [-27.27, c5] &  [-17.01, c6] &  [-19.12, c7] &   [-44.0, c8] &  [-32.72, c9] &  [-45.69, c10] &  [-5.79, c11] &  [-2.07, c12] &  [-5.46, c13] &  [-51.49, c14] &  [-174.4, c15] &  [-148.81, c16] &  [-76.27, c17] &   [-8.73, c18] &  [-54.46, c19] &  [-53.94, c20] &   [-8.21, c21] &  [-25.23, c22] &  [-42.79, c23] &  [-67.6, c24] \\
c12         &  [-3.24, new\_cluster] &  [-29.84, c1] &  [-5.82, c2] &  [-20.37, c3] &  [-0.94, c4] &  [-28.27, c5] &  [-16.85, c6] &  [-18.73, c7] &  [-46.32, c8] &  [-33.96, c9] &  [-47.82, c10] &  [-5.68, c11] &  [-1.53, c12] &   [-4.9, c13] &  [-55.65, c14] &  [-174.4, c15] &  [-148.81, c16] &  [-74.82, c17] &   [-9.45, c18] &  [-50.69, c19] &  [-53.94, c20] &   [-6.83, c21] &  [-25.44, c22] &  [-42.79, c23] &  [-67.6, c24] \\
c13         &  [-3.24, new\_cluster] &  [-29.23, c1] &  [-6.68, c2] &  [-20.22, c3] &  [-1.38, c4] &  [-29.01, c5] &  [-16.72, c6] &  [-18.43, c7] &  [-48.34, c8] &  [-33.43, c9] &  [-48.66, c10] &  [-5.29, c11] &  [-1.69, c12] &  [-5.99, c13] &  [-52.58, c14] &  [-174.4, c15] &  [-148.81, c16] &  [-76.04, c17] &   [-8.99, c18] &  [-53.81, c19] &  [-53.94, c20] &   [-4.92, c21] &  [-24.98, c22] &  [-42.79, c23] &  [-67.6, c24] \\
c14         &  [-3.24, new\_cluster] &  [-29.97, c1] &  [-4.35, c2] &  [-20.04, c3] &  [-0.74, c4] &  [-27.54, c5] &  [-16.09, c6] &  [-18.69, c7] &  [-44.04, c8] &  [-33.12, c9] &  [-47.31, c10] &  [-5.21, c11] &  [-1.49, c12] &  [-3.87, c13] &  [-53.95, c14] &  [-174.4, c15] &  [-148.81, c16] &  [-76.56, c17] &   [-7.65, c18] &  [-50.33, c19] &  [-53.94, c20] &   [-1.19, c21] &  [-25.91, c22] &  [-42.79, c23] &  [-67.6, c24] \\
c15         &  [-3.24, new\_cluster] &  [-31.01, c1] &  [-6.49, c2] &  [-20.44, c3] &  [-0.75, c4] &  [-28.96, c5] &   [-16.9, c6] &  [-18.29, c7] &  [-46.08, c8] &  [-33.55, c9] &  [-43.77, c10] &  [-5.19, c11] &  [-2.22, c12] &  [-5.01, c13] &  [-53.23, c14] &  [-174.4, c15] &  [-148.81, c16] &  [-75.18, c17] &   [-6.89, c18] &  [-52.81, c19] &  [-53.94, c20] &  [-12.34, c21] &  [-25.06, c22] &  [-42.79, c23] &  [-67.6, c24] \\
c16         &  [-3.24, new\_cluster] &   [-28.6, c1] &  [-4.87, c2] &  [-19.22, c3] &  [-1.08, c4] &  [-27.68, c5] &  [-16.89, c6] &  [-19.57, c7] &  [-46.78, c8] &   [-32.6, c9] &  [-44.69, c10] &  [-5.31, c11] &  [-1.69, c12] &  [-4.73, c13] &  [-54.83, c14] &  [-174.4, c15] &  [-148.81, c16] &  [-76.44, c17] &   [-8.37, c18] &  [-50.55, c19] &  [-53.94, c20] &  [-17.76, c21] &  [-26.09, c22] &  [-42.79, c23] &  [-67.6, c24] \\
c17         &  [-3.24, new\_cluster] &  [-29.73, c1] &  [-6.76, c2] &  [-20.55, c3] &  [-1.19, c4] &  [-27.77, c5] &   [-16.9, c6] &  [-18.95, c7] &   [-42.9, c8] &  [-32.14, c9] &  [-47.21, c10] &  [-5.16, c11] &  [-1.72, c12] &  [-4.42, c13] &  [-53.47, c14] &  [-174.4, c15] &  [-148.81, c16] &  [-75.84, c17] &   [-7.32, c18] &  [-50.61, c19] &  [-53.94, c20] &   [-5.88, c21] &  [-25.06, c22] &  [-42.79, c23] &  [-67.6, c24] \\
c18         &  [-3.24, new\_cluster] &  [-31.52, c1] &  [-5.65, c2] &  [-18.19, c3] &  [-1.71, c4] &  [-30.44, c5] &  [-15.54, c6] &  [-18.68, c7] &  [-47.04, c8] &  [-33.08, c9] &  [-44.37, c10] &  [-5.84, c11] &  [-1.45, c12] &  [-5.74, c13] &  [-48.86, c14] &  [-174.4, c15] &  [-148.81, c16] &  [-75.54, c17] &   [-9.02, c18] &  [-52.81, c19] &  [-53.94, c20] &  [-11.36, c21] &  [-25.66, c22] &  [-42.79, c23] &  [-67.6, c24] \\
c19         &  [-3.24, new\_cluster] &  [-30.82, c1] &  [-5.87, c2] &  [-20.71, c3] &   [-1.1, c4] &  [-28.96, c5] &  [-16.36, c6] &  [-19.14, c7] &  [-44.63, c8] &   [-31.3, c9] &  [-46.33, c10] &   [-6.1, c11] &  [-2.19, c12] &  [-4.81, c13] &  [-51.76, c14] &  [-174.4, c15] &  [-148.81, c16] &  [-76.63, c17] &  [-10.21, c18] &  [-52.17, c19] &  [-53.94, c20] &   [-4.57, c21] &  [-25.91, c22] &  [-42.79, c23] &         [0, ] \\
c20         &  [-3.24, new\_cluster] &  [-31.02, c1] &  [-5.65, c2] &  [-19.13, c3] &   [-1.2, c4] &  [-29.25, c5] &  [-17.77, c6] &  [-18.44, c7] &  [-46.38, c8] &  [-32.82, c9] &  [-43.55, c10] &  [-5.36, c11] &  [-1.73, c12] &  [-4.98, c13] &  [-52.24, c14] &  [-174.4, c15] &  [-148.81, c16] &  [-76.91, c17] &   [-9.63, c18] &  [-54.18, c19] &  [-53.94, c20] &   [-1.24, c21] &  [-24.26, c22] &  [-42.79, c23] &  [-67.6, c24] \\
c21         &  [-3.24, new\_cluster] &  [-29.89, c1] &  [-4.69, c2] &  [-20.27, c3] &  [-0.97, c4] &  [-27.85, c5] &  [-16.35, c6] &   [-18.8, c7] &  [-44.49, c8] &  [-33.15, c9] &  [-43.45, c10] &  [-5.41, c11] &  [-1.87, c12] &   [-8.1, c13] &  [-52.67, c14] &  [-174.4, c15] &  [-148.81, c16] &  [-76.11, c17] &   [-6.75, c18] &  [-52.11, c19] &  [-53.94, c20] &   [-5.66, c21] &  [-26.63, c22] &  [-42.79, c23] &  [-67.6, c24] \\
c22         &  [-3.24, new\_cluster] &   [-29.5, c1] &  [-5.98, c2] &  [-19.15, c3] &  [-0.73, c4] &  [-28.27, c5] &  [-16.65, c6] &  [-19.71, c7] &  [-44.74, c8] &   [-32.8, c9] &  [-45.33, c10] &  [-4.97, c11] &  [-1.68, c12] &  [-4.86, c13] &  [-48.76, c14] &  [-174.4, c15] &  [-148.81, c16] &  [-76.58, c17] &   [-7.49, c18] &  [-51.97, c19] &  [-53.94, c20] &   [-1.56, c21] &   [-25.1, c22] &  [-42.79, c23] &  [-67.6, c24] \\
c23         &  [-3.24, new\_cluster] &  [-31.46, c1] &   [-6.0, c2] &  [-20.88, c3] &   [-1.1, c4] &  [-27.63, c5] &  [-16.24, c6] &  [-19.52, c7] &   [-42.8, c8] &   [-33.6, c9] &  [-47.16, c10] &   [-5.1, c11] &  [-1.61, c12] &  [-4.91, c13] &  [-54.59, c14] &  [-174.4, c15] &  [-148.81, c16] &  [-76.58, c17] &   [-8.51, c18] &  [-52.83, c19] &  [-53.94, c20] &   [-1.19, c21] &  [-27.07, c22] &  [-42.79, c23] &  [-67.6, c24] \\
c24         &  [-3.24, new\_cluster] &  [-30.65, c1] &  [-6.21, c2] &  [-20.25, c3] &  [-1.28, c4] &  [-29.53, c5] &  [-16.69, c6] &  [-17.59, c7] &  [-47.55, c8] &  [-32.37, c9] &  [-46.02, c10] &  [-5.64, c11] &  [-1.72, c12] &   [-5.5, c13] &  [-57.59, c14] &  [-174.4, c15] &  [-148.81, c16] &  [-76.16, c17] &   [-7.54, c18] &  [-55.88, c19] &  [-53.94, c20] &   [-0.02, c21] &          [0, ] &          [0, ] &         [0, ] \\
\bottomrule
\end{tabular}

