Experiment_path: Random_Seeds//V4/Experiment_04_8
Dataset_Path: ../_00_Datasets/03_SimDaten_Quiroga2020/C_Easy2_noise020.mat
Dataset_name: ['03_SimDaten_Quiroga2020', 'C_Easy2_noise020.mat']
Variant_name: Variant_04_Offline_Autoencoder_QLearning
Visualisation_Path: Random_Seeds//V4/Experiment_04_8/C_Easy2_noise020.mat/Variant_04_Offline_Autoencoder_QLearning/2023_03_22-10_06_21
Punishment_Coefficient: 0.58
<_01_LoadDataset.ExternCode.spike_class.spike_dataclass object at 0x000001BA61E05860>
Sampling rate: 24000.0
Raw: [ 0.06217714  0.08667759  0.11027728 ... -0.20242181 -0.23729255
 -0.22686598]
Times: [    275    1209    1637 ... 1439335 1439493 1439555]
Cluster: [3 1 3 ... 1 3 3]
Number of different clusters:  3
Number of Spikes: 3526
First aligned Spike Frame: [ 0.1985413   0.13105152  0.07019694  0.01293704 -0.04549478 -0.09355401
 -0.10898392 -0.08319484 -0.04338644 -0.02286395 -0.01669682  0.03736978
  0.228401    0.55158241  0.86822633  1.017223    0.95590368  0.7885242
  0.62729572  0.50651951  0.42415885  0.36744116  0.32697735  0.30083782
  0.28884086  0.28564604  0.27020338  0.23197964  0.18793799  0.15404375
  0.12614683  0.08867524  0.0478996   0.02814512  0.02523451  0.01117923
 -0.03609381 -0.11393271 -0.18622402 -0.21752562 -0.20411432 -0.1633565
 -0.106174   -0.0312361   0.06793406  0.17242405  0.24704307]
Cluster 0, Occurrences: 1186
Cluster 1, Occurrences: 1188
Cluster 2, Occurrences: 1152
Train Index: 3173
x_train: 3173
y_train: 3173
x_test: 353
y_test: 353
<torch.utils.data.dataloader.DataLoader object at 0x000001BA5FC961D0>
<torch.utils.data.dataloader.DataLoader object at 0x000001BA698432E8>
Epoch 1
-------------------------------
loss: 0.172326  [    0/ 3173]
loss: 0.242694  [  100/ 3173]
loss: 0.136465  [  200/ 3173]
loss: 0.084730  [  300/ 3173]
loss: 0.020527  [  400/ 3173]
loss: 0.061014  [  500/ 3173]
loss: 0.037876  [  600/ 3173]
loss: 0.022346  [  700/ 3173]
loss: 0.059501  [  800/ 3173]
loss: 0.013405  [  900/ 3173]
loss: 0.037032  [ 1000/ 3173]
loss: 0.028942  [ 1100/ 3173]
loss: 0.045515  [ 1200/ 3173]
loss: 0.039226  [ 1300/ 3173]
loss: 0.030134  [ 1400/ 3173]
loss: 0.037149  [ 1500/ 3173]
loss: 0.037121  [ 1600/ 3173]
loss: 0.020338  [ 1700/ 3173]
loss: 0.026873  [ 1800/ 3173]
loss: 0.029190  [ 1900/ 3173]
loss: 0.020001  [ 2000/ 3173]
loss: 0.179908  [ 2100/ 3173]
loss: 0.036542  [ 2200/ 3173]
loss: 0.016165  [ 2300/ 3173]
loss: 0.010118  [ 2400/ 3173]
loss: 0.014931  [ 2500/ 3173]
loss: 0.035876  [ 2600/ 3173]
loss: 0.030606  [ 2700/ 3173]
loss: 0.017136  [ 2800/ 3173]
loss: 0.016735  [ 2900/ 3173]
loss: 0.036639  [ 3000/ 3173]
loss: 0.180623  [ 3100/ 3173]
Epoch 2
-------------------------------
loss: 0.014663  [    0/ 3173]
loss: 0.036521  [  100/ 3173]
loss: 0.033763  [  200/ 3173]
loss: 0.008061  [  300/ 3173]
loss: 0.016348  [  400/ 3173]
loss: 0.054763  [  500/ 3173]
loss: 0.016960  [  600/ 3173]
loss: 0.021088  [  700/ 3173]
loss: 0.037593  [  800/ 3173]
loss: 0.011147  [  900/ 3173]
loss: 0.026850  [ 1000/ 3173]
loss: 0.017502  [ 1100/ 3173]
loss: 0.037857  [ 1200/ 3173]
loss: 0.029146  [ 1300/ 3173]
loss: 0.031130  [ 1400/ 3173]
loss: 0.026483  [ 1500/ 3173]
loss: 0.035516  [ 1600/ 3173]
loss: 0.014531  [ 1700/ 3173]
loss: 0.024502  [ 1800/ 3173]
loss: 0.020441  [ 1900/ 3173]
loss: 0.017961  [ 2000/ 3173]
loss: 0.163965  [ 2100/ 3173]
loss: 0.031007  [ 2200/ 3173]
loss: 0.016168  [ 2300/ 3173]
loss: 0.010717  [ 2400/ 3173]
loss: 0.014623  [ 2500/ 3173]
loss: 0.023435  [ 2600/ 3173]
loss: 0.024190  [ 2700/ 3173]
loss: 0.016451  [ 2800/ 3173]
loss: 0.016210  [ 2900/ 3173]
loss: 0.033872  [ 3000/ 3173]
loss: 0.176221  [ 3100/ 3173]
Epoch 3
-------------------------------
loss: 0.015289  [    0/ 3173]
loss: 0.039308  [  100/ 3173]
loss: 0.039116  [  200/ 3173]
loss: 0.011141  [  300/ 3173]
loss: 0.011431  [  400/ 3173]
loss: 0.048246  [  500/ 3173]
loss: 0.013996  [  600/ 3173]
loss: 0.020893  [  700/ 3173]
loss: 0.032101  [  800/ 3173]
loss: 0.011536  [  900/ 3173]
loss: 0.021089  [ 1000/ 3173]
loss: 0.014951  [ 1100/ 3173]
loss: 0.031347  [ 1200/ 3173]
loss: 0.023608  [ 1300/ 3173]
loss: 0.031802  [ 1400/ 3173]
loss: 0.023484  [ 1500/ 3173]
loss: 0.039347  [ 1600/ 3173]
loss: 0.014651  [ 1700/ 3173]
loss: 0.025787  [ 1800/ 3173]
loss: 0.018407  [ 1900/ 3173]
loss: 0.016757  [ 2000/ 3173]
loss: 0.171501  [ 2100/ 3173]
loss: 0.031822  [ 2200/ 3173]
loss: 0.016451  [ 2300/ 3173]
loss: 0.012284  [ 2400/ 3173]
loss: 0.014482  [ 2500/ 3173]
loss: 0.020370  [ 2600/ 3173]
loss: 0.016850  [ 2700/ 3173]
loss: 0.015706  [ 2800/ 3173]
loss: 0.014215  [ 2900/ 3173]
loss: 0.038403  [ 3000/ 3173]
loss: 0.168352  [ 3100/ 3173]
Epoch 4
-------------------------------
loss: 0.015097  [    0/ 3173]
loss: 0.041452  [  100/ 3173]
loss: 0.039975  [  200/ 3173]
loss: 0.012099  [  300/ 3173]
loss: 0.008245  [  400/ 3173]
loss: 0.043567  [  500/ 3173]
loss: 0.011313  [  600/ 3173]
loss: 0.018773  [  700/ 3173]
loss: 0.023266  [  800/ 3173]
loss: 0.011917  [  900/ 3173]
loss: 0.017695  [ 1000/ 3173]
loss: 0.014604  [ 1100/ 3173]
loss: 0.026498  [ 1200/ 3173]
loss: 0.021310  [ 1300/ 3173]
loss: 0.032535  [ 1400/ 3173]
loss: 0.019740  [ 1500/ 3173]
loss: 0.045089  [ 1600/ 3173]
loss: 0.017510  [ 1700/ 3173]
loss: 0.025181  [ 1800/ 3173]
loss: 0.017495  [ 1900/ 3173]
loss: 0.016815  [ 2000/ 3173]
loss: 0.215225  [ 2100/ 3173]
loss: 0.031541  [ 2200/ 3173]
loss: 0.016816  [ 2300/ 3173]
loss: 0.013833  [ 2400/ 3173]
loss: 0.014153  [ 2500/ 3173]
loss: 0.018765  [ 2600/ 3173]
loss: 0.014572  [ 2700/ 3173]
loss: 0.013992  [ 2800/ 3173]
loss: 0.011207  [ 2900/ 3173]
loss: 0.042956  [ 3000/ 3173]
loss: 0.160099  [ 3100/ 3173]
Epoch 5
-------------------------------
loss: 0.015109  [    0/ 3173]
loss: 0.038824  [  100/ 3173]
loss: 0.038858  [  200/ 3173]
loss: 0.010499  [  300/ 3173]
loss: 0.007825  [  400/ 3173]
loss: 0.040262  [  500/ 3173]
loss: 0.010522  [  600/ 3173]
loss: 0.017070  [  700/ 3173]
loss: 0.020777  [  800/ 3173]
loss: 0.011926  [  900/ 3173]
loss: 0.016962  [ 1000/ 3173]
loss: 0.014206  [ 1100/ 3173]
loss: 0.024605  [ 1200/ 3173]
loss: 0.021204  [ 1300/ 3173]
loss: 0.032850  [ 1400/ 3173]
loss: 0.019437  [ 1500/ 3173]
loss: 0.050333  [ 1600/ 3173]
loss: 0.019035  [ 1700/ 3173]
loss: 0.024587  [ 1800/ 3173]
loss: 0.016782  [ 1900/ 3173]
loss: 0.017085  [ 2000/ 3173]
loss: 0.251378  [ 2100/ 3173]
loss: 0.031107  [ 2200/ 3173]
loss: 0.016961  [ 2300/ 3173]
loss: 0.014276  [ 2400/ 3173]
loss: 0.013941  [ 2500/ 3173]
loss: 0.017607  [ 2600/ 3173]
loss: 0.014021  [ 2700/ 3173]
loss: 0.012462  [ 2800/ 3173]
loss: 0.010302  [ 2900/ 3173]
loss: 0.046981  [ 3000/ 3173]
loss: 0.155518  [ 3100/ 3173]
Epoch 6
-------------------------------
loss: 0.015146  [    0/ 3173]
loss: 0.037753  [  100/ 3173]
loss: 0.038191  [  200/ 3173]
loss: 0.010758  [  300/ 3173]
loss: 0.008202  [  400/ 3173]
loss: 0.039293  [  500/ 3173]
loss: 0.010092  [  600/ 3173]
loss: 0.015698  [  700/ 3173]
loss: 0.020251  [  800/ 3173]
loss: 0.012077  [  900/ 3173]
loss: 0.016888  [ 1000/ 3173]
loss: 0.013709  [ 1100/ 3173]
loss: 0.023792  [ 1200/ 3173]
loss: 0.021658  [ 1300/ 3173]
loss: 0.033145  [ 1400/ 3173]
loss: 0.019249  [ 1500/ 3173]
loss: 0.053511  [ 1600/ 3173]
loss: 0.019888  [ 1700/ 3173]
loss: 0.024316  [ 1800/ 3173]
loss: 0.016322  [ 1900/ 3173]
loss: 0.017389  [ 2000/ 3173]
loss: 0.259687  [ 2100/ 3173]
loss: 0.031095  [ 2200/ 3173]
loss: 0.016964  [ 2300/ 3173]
loss: 0.014639  [ 2400/ 3173]
loss: 0.013822  [ 2500/ 3173]
loss: 0.016978  [ 2600/ 3173]
loss: 0.013869  [ 2700/ 3173]
loss: 0.011833  [ 2800/ 3173]
loss: 0.009599  [ 2900/ 3173]
loss: 0.049120  [ 3000/ 3173]
loss: 0.153359  [ 3100/ 3173]
Epoch 7
-------------------------------
loss: 0.015591  [    0/ 3173]
loss: 0.036040  [  100/ 3173]
loss: 0.037377  [  200/ 3173]
loss: 0.010542  [  300/ 3173]
loss: 0.008705  [  400/ 3173]
loss: 0.038567  [  500/ 3173]
loss: 0.009790  [  600/ 3173]
loss: 0.014914  [  700/ 3173]
loss: 0.020442  [  800/ 3173]
loss: 0.012180  [  900/ 3173]
loss: 0.016749  [ 1000/ 3173]
loss: 0.013602  [ 1100/ 3173]
loss: 0.023308  [ 1200/ 3173]
loss: 0.021793  [ 1300/ 3173]
loss: 0.033776  [ 1400/ 3173]
loss: 0.019933  [ 1500/ 3173]
loss: 0.056126  [ 1600/ 3173]
loss: 0.023042  [ 1700/ 3173]
loss: 0.024609  [ 1800/ 3173]
loss: 0.015934  [ 1900/ 3173]
loss: 0.017734  [ 2000/ 3173]
loss: 0.266977  [ 2100/ 3173]
loss: 0.031035  [ 2200/ 3173]
loss: 0.016979  [ 2300/ 3173]
loss: 0.014678  [ 2400/ 3173]
loss: 0.013753  [ 2500/ 3173]
loss: 0.016488  [ 2600/ 3173]
loss: 0.013826  [ 2700/ 3173]
loss: 0.011834  [ 2800/ 3173]
loss: 0.009266  [ 2900/ 3173]
loss: 0.050782  [ 3000/ 3173]
loss: 0.151946  [ 3100/ 3173]
Epoch 8
-------------------------------
loss: 0.015792  [    0/ 3173]
loss: 0.034586  [  100/ 3173]
loss: 0.037091  [  200/ 3173]
loss: 0.010318  [  300/ 3173]
loss: 0.008986  [  400/ 3173]
loss: 0.038539  [  500/ 3173]
loss: 0.009543  [  600/ 3173]
loss: 0.014484  [  700/ 3173]
loss: 0.020977  [  800/ 3173]
loss: 0.012099  [  900/ 3173]
loss: 0.016549  [ 1000/ 3173]
loss: 0.013346  [ 1100/ 3173]
loss: 0.022761  [ 1200/ 3173]
loss: 0.021131  [ 1300/ 3173]
loss: 0.034168  [ 1400/ 3173]
loss: 0.020253  [ 1500/ 3173]
loss: 0.056125  [ 1600/ 3173]
loss: 0.023394  [ 1700/ 3173]
loss: 0.024790  [ 1800/ 3173]
loss: 0.015333  [ 1900/ 3173]
loss: 0.017957  [ 2000/ 3173]
loss: 0.259952  [ 2100/ 3173]
loss: 0.031219  [ 2200/ 3173]
loss: 0.017077  [ 2300/ 3173]
loss: 0.014979  [ 2400/ 3173]
loss: 0.013707  [ 2500/ 3173]
loss: 0.016041  [ 2600/ 3173]
loss: 0.013813  [ 2700/ 3173]
loss: 0.011779  [ 2800/ 3173]
loss: 0.009239  [ 2900/ 3173]
loss: 0.051683  [ 3000/ 3173]
loss: 0.150629  [ 3100/ 3173]
Number of Clusters: 3
Q_Learning:     1/  353]
Q_Learning:     2/  353]
Q_Learning:     3/  353]
Q_Learning:     4/  353]
Q_Learning:     5/  353]
Q_Learning:     6/  353]
Q_Learning:     7/  353]
Q_Learning:     8/  353]
Q_Learning:     9/  353]
Q_Learning:    10/  353]
Q_Learning:    11/  353]
Q_Learning:    12/  353]
Q_Learning:    13/  353]
Q_Learning:    14/  353]
Q_Learning:    15/  353]
Q_Learning:    16/  353]
Q_Learning:    17/  353]
Q_Learning:    18/  353]
Q_Learning:    19/  353]
Q_Learning:    20/  353]
Q_Learning:    21/  353]
Q_Learning:    22/  353]
Q_Learning:    23/  353]
Q_Learning:    24/  353]
Q_Learning:    25/  353]
Q_Learning:    26/  353]
Q_Learning:    27/  353]
Q_Learning:    28/  353]
Q_Learning:    29/  353]
Q_Learning:    30/  353]
Q_Learning:    31/  353]
Q_Learning:    32/  353]
Q_Learning:    33/  353]
Q_Learning:    34/  353]
Q_Learning:    35/  353]
Q_Learning:    36/  353]
Q_Learning:    37/  353]
Q_Learning:    38/  353]
Q_Learning:    39/  353]
Q_Learning:    40/  353]
Q_Learning:    41/  353]
Q_Learning:    42/  353]
Q_Learning:    43/  353]
Q_Learning:    44/  353]
Q_Learning:    45/  353]
Q_Learning:    46/  353]
Q_Learning:    47/  353]
Q_Learning:    48/  353]
Q_Learning:    49/  353]
Q_Learning:    50/  353]
Q_Learning:    51/  353]
Q_Learning:    52/  353]
Q_Learning:    53/  353]
Q_Learning:    54/  353]
Q_Learning:    55/  353]
Q_Learning:    56/  353]
Q_Learning:    57/  353]
Q_Learning:    58/  353]
Q_Learning:    59/  353]
Q_Learning:    60/  353]
Q_Learning:    61/  353]
Q_Learning:    62/  353]
Q_Learning:    63/  353]
Q_Learning:    64/  353]
Q_Learning:    65/  353]
Q_Learning:    66/  353]
Q_Learning:    67/  353]
Q_Learning:    68/  353]
Q_Learning:    69/  353]
Q_Learning:    70/  353]
Q_Learning:    71/  353]
Q_Learning:    72/  353]
Q_Learning:    73/  353]
Q_Learning:    74/  353]
Q_Learning:    75/  353]
Q_Learning:    76/  353]
Q_Learning:    77/  353]
Q_Learning:    78/  353]
Q_Learning:    79/  353]
Q_Learning:    80/  353]
Q_Learning:    81/  353]
Q_Learning:    82/  353]
Q_Learning:    83/  353]
Q_Learning:    84/  353]
Q_Learning:    85/  353]
Q_Learning:    86/  353]
Q_Learning:    87/  353]
Q_Learning:    88/  353]
Q_Learning:    89/  353]
Q_Learning:    90/  353]
Q_Learning:    91/  353]
Q_Learning:    92/  353]
Q_Learning:    93/  353]
Q_Learning:    94/  353]
Q_Learning:    95/  353]
Q_Learning:    96/  353]
Q_Learning:    97/  353]
Q_Learning:    98/  353]
Q_Learning:    99/  353]
Q_Learning:   100/  353]
Q_Learning:   101/  353]
Q_Learning:   102/  353]
Q_Learning:   103/  353]
Q_Learning:   104/  353]
Q_Learning:   105/  353]
Q_Learning:   106/  353]
Q_Learning:   107/  353]
Q_Learning:   108/  353]
Q_Learning:   109/  353]
Q_Learning:   110/  353]
Q_Learning:   111/  353]
Q_Learning:   112/  353]
Q_Learning:   113/  353]
Q_Learning:   114/  353]
Q_Learning:   115/  353]
Q_Learning:   116/  353]
Q_Learning:   117/  353]
Q_Learning:   118/  353]
Q_Learning:   119/  353]
Q_Learning:   120/  353]
Q_Learning:   121/  353]
Q_Learning:   122/  353]
Q_Learning:   123/  353]
Q_Learning:   124/  353]
Q_Learning:   125/  353]
Q_Learning:   126/  353]
Q_Learning:   127/  353]
Q_Learning:   128/  353]
Q_Learning:   129/  353]
Q_Learning:   130/  353]
Q_Learning:   131/  353]
Q_Learning:   132/  353]
Q_Learning:   133/  353]
Q_Learning:   134/  353]
Q_Learning:   135/  353]
Q_Learning:   136/  353]
Q_Learning:   137/  353]
Q_Learning:   138/  353]
Q_Learning:   139/  353]
Q_Learning:   140/  353]
Q_Learning:   141/  353]
Q_Learning:   142/  353]
Q_Learning:   143/  353]
Q_Learning:   144/  353]
Q_Learning:   145/  353]
Q_Learning:   146/  353]
Q_Learning:   147/  353]
Q_Learning:   148/  353]
Q_Learning:   149/  353]
Q_Learning:   150/  353]
Q_Learning:   151/  353]
Q_Learning:   152/  353]
Q_Learning:   153/  353]
Q_Learning:   154/  353]
Q_Learning:   155/  353]
Q_Learning:   156/  353]
Q_Learning:   157/  353]
Q_Learning:   158/  353]
Q_Learning:   159/  353]
Q_Learning:   160/  353]
Q_Learning:   161/  353]
Q_Learning:   162/  353]
Q_Learning:   163/  353]
Q_Learning:   164/  353]
Q_Learning:   165/  353]
Q_Learning:   166/  353]
Q_Learning:   167/  353]
Q_Learning:   168/  353]
Q_Learning:   169/  353]
Q_Learning:   170/  353]
Q_Learning:   171/  353]
Q_Learning:   172/  353]
Q_Learning:   173/  353]
Q_Learning:   174/  353]
Q_Learning:   175/  353]
Q_Learning:   176/  353]
Q_Learning:   177/  353]
Q_Learning:   178/  353]
Q_Learning:   179/  353]
Q_Learning:   180/  353]
Q_Learning:   181/  353]
Q_Learning:   182/  353]
Q_Learning:   183/  353]
Q_Learning:   184/  353]
Q_Learning:   185/  353]
Q_Learning:   186/  353]
Q_Learning:   187/  353]
Q_Learning:   188/  353]
Q_Learning:   189/  353]
Q_Learning:   190/  353]
Q_Learning:   191/  353]
Q_Learning:   192/  353]
Q_Learning:   193/  353]
Q_Learning:   194/  353]
Q_Learning:   195/  353]
Q_Learning:   196/  353]
Q_Learning:   197/  353]
Q_Learning:   198/  353]
Q_Learning:   199/  353]
Q_Learning:   200/  353]
Q_Learning:   201/  353]
Q_Learning:   202/  353]
Q_Learning:   203/  353]
Q_Learning:   204/  353]
Q_Learning:   205/  353]
Q_Learning:   206/  353]
Q_Learning:   207/  353]
Q_Learning:   208/  353]
Q_Learning:   209/  353]
Q_Learning:   210/  353]
Q_Learning:   211/  353]
Q_Learning:   212/  353]
Q_Learning:   213/  353]
Q_Learning:   214/  353]
Q_Learning:   215/  353]
Q_Learning:   216/  353]
Q_Learning:   217/  353]
Q_Learning:   218/  353]
Q_Learning:   219/  353]
Q_Learning:   220/  353]
Q_Learning:   221/  353]
Q_Learning:   222/  353]
Q_Learning:   223/  353]
Q_Learning:   224/  353]
Q_Learning:   225/  353]
Q_Learning:   226/  353]
Q_Learning:   227/  353]
Q_Learning:   228/  353]
Q_Learning:   229/  353]
Q_Learning:   230/  353]
Q_Learning:   231/  353]
Q_Learning:   232/  353]
Q_Learning:   233/  353]
Q_Learning:   234/  353]
Q_Learning:   235/  353]
Q_Learning:   236/  353]
Q_Learning:   237/  353]
Q_Learning:   238/  353]
Q_Learning:   239/  353]
Q_Learning:   240/  353]
Q_Learning:   241/  353]
Q_Learning:   242/  353]
Q_Learning:   243/  353]
Q_Learning:   244/  353]
Q_Learning:   245/  353]
Q_Learning:   246/  353]
Q_Learning:   247/  353]
Q_Learning:   248/  353]
Q_Learning:   249/  353]
Q_Learning:   250/  353]
Q_Learning:   251/  353]
Q_Learning:   252/  353]
Q_Learning:   253/  353]
Q_Learning:   254/  353]
Q_Learning:   255/  353]
Q_Learning:   256/  353]
Q_Learning:   257/  353]
Q_Learning:   258/  353]
Q_Learning:   259/  353]
Q_Learning:   260/  353]
Q_Learning:   261/  353]
Q_Learning:   262/  353]
Q_Learning:   263/  353]
Q_Learning:   264/  353]
Q_Learning:   265/  353]
Q_Learning:   266/  353]
Q_Learning:   267/  353]
Q_Learning:   268/  353]
Q_Learning:   269/  353]
Q_Learning:   270/  353]
Q_Learning:   271/  353]
Q_Learning:   272/  353]
Q_Learning:   273/  353]
Q_Learning:   274/  353]
Q_Learning:   275/  353]
Q_Learning:   276/  353]
Q_Learning:   277/  353]
Q_Learning:   278/  353]
Q_Learning:   279/  353]
Q_Learning:   280/  353]
Q_Learning:   281/  353]
Q_Learning:   282/  353]
Q_Learning:   283/  353]
Q_Learning:   284/  353]
Q_Learning:   285/  353]
Q_Learning:   286/  353]
Q_Learning:   287/  353]
Q_Learning:   288/  353]
Q_Learning:   289/  353]
Q_Learning:   290/  353]
Q_Learning:   291/  353]
Q_Learning:   292/  353]
Q_Learning:   293/  353]
Q_Learning:   294/  353]
Q_Learning:   295/  353]
Q_Learning:   296/  353]
Q_Learning:   297/  353]
Q_Learning:   298/  353]
Q_Learning:   299/  353]
Q_Learning:   300/  353]
Q_Learning:   301/  353]
Q_Learning:   302/  353]
Q_Learning:   303/  353]
Q_Learning:   304/  353]
Q_Learning:   305/  353]
Q_Learning:   306/  353]
Q_Learning:   307/  353]
Q_Learning:   308/  353]
Q_Learning:   309/  353]
Q_Learning:   310/  353]
Q_Learning:   311/  353]
Q_Learning:   312/  353]
Q_Learning:   313/  353]
Q_Learning:   314/  353]
Q_Learning:   315/  353]
Q_Learning:   316/  353]
Q_Learning:   317/  353]
Q_Learning:   318/  353]
Q_Learning:   319/  353]
Q_Learning:   320/  353]
Q_Learning:   321/  353]
Q_Learning:   322/  353]
Q_Learning:   323/  353]
Q_Learning:   324/  353]
Q_Learning:   325/  353]
Q_Learning:   326/  353]
Q_Learning:   327/  353]
Q_Learning:   328/  353]
Q_Learning:   329/  353]
Q_Learning:   330/  353]
Q_Learning:   331/  353]
Q_Learning:   332/  353]
Q_Learning:   333/  353]
Q_Learning:   334/  353]
Q_Learning:   335/  353]
Q_Learning:   336/  353]
Q_Learning:   337/  353]
Q_Learning:   338/  353]
Q_Learning:   339/  353]
Q_Learning:   340/  353]
Q_Learning:   341/  353]
Q_Learning:   342/  353]
Q_Learning:   343/  353]
Q_Learning:   344/  353]
Q_Learning:   345/  353]
Q_Learning:   346/  353]
Q_Learning:   347/  353]
Q_Learning:   348/  353]
Q_Learning:   349/  353]
Q_Learning:   350/  353]
Q_Learning:   351/  353]
Q_Learning:   352/  353]
Q_Learning:   353/  353]
Number of Samples after Autoencoder testing: 353
First Spike after testing: [ 0.867751   -0.22662733]
[2, 0, 1, 1, 2, 0, 1, 2, 1, 1, 2, 1, 0, 0, 0, 2, 1, 0, 2, 1, 0, 1, 1, 1, 2, 1, 2, 1, 2, 0, 1, 2, 0, 2, 0, 1, 0, 1, 0, 2, 0, 2, 0, 2, 1, 2, 1, 1, 2, 2, 2, 2, 0, 0, 0, 2, 0, 0, 2, 2, 1, 0, 2, 1, 1, 1, 1, 1, 0, 1, 2, 0, 0, 1, 2, 1, 2, 2, 2, 2, 0, 2, 2, 0, 0, 2, 2, 2, 2, 0, 1, 1, 1, 1, 1, 1, 1, 1, 0, 1, 1, 1, 1, 1, 2, 1, 0, 0, 0, 1, 1, 2, 2, 1, 2, 2, 0, 1, 1, 2, 0, 2, 1, 2, 2, 1, 1, 2, 2, 1, 1, 1, 1, 2, 0, 2, 1, 1, 1, 2, 1, 2, 2, 0, 0, 0, 2, 1, 2, 2, 0, 1, 0, 1, 1, 2, 1, 2, 2, 2, 0, 2, 1, 0, 0, 1, 1, 1, 2, 0, 1, 0, 2, 0, 1, 1, 0, 0, 2, 0, 2, 0, 2, 1, 1, 1, 1, 2, 0, 0, 0, 0, 0, 0, 0, 1, 1, 2, 1, 0, 2, 0, 0, 1, 1, 0, 0, 0, 2, 0, 2, 2, 2, 0, 2, 1, 0, 1, 1, 1, 1, 0, 1, 0, 2, 1, 1, 2, 1, 0, 0, 0, 1, 2, 2, 0, 0, 0, 1, 1, 1, 1, 2, 0, 2, 0, 1, 0, 2, 0, 2, 1, 2, 0, 1, 2, 1, 0, 1, 2, 1, 2, 0, 1, 0, 1, 2, 0, 2, 2, 0, 2, 0, 1, 1, 2, 0, 2, 1, 1, 1, 1, 2, 2, 2, 0, 0, 0, 2, 2, 2, 2, 2, 1, 0, 2, 1, 0, 0, 0, 0, 1, 2, 0, 0, 1, 0, 1, 2, 0, 2, 0, 1, 0, 1, 1, 0, 0, 0, 2, 2, 2, 0, 1, 0, 2, 2, 1, 0, 2, 0, 1, 0, 1, 1, 1, 0, 0, 1, 0, 1, 0, 0, 2, 0, 1, 2, 2, 0, 0, 0, 2, 2]
[0, 1, 2, 2, 3, 1, 2, 0, 2, 2, 0, 2, 1, 2, 1, 0, 2, 1, 0, 2, 1, 2, 2, 2, 0, 2, 3, 2, 3, 1, 2, 3, 1, 0, 1, 2, 2, 2, 2, 0, 1, 0, 1, 3, 2, 3, 2, 2, 3, 3, 0, 3, 2, 1, 2, 3, 1, 1, 3, 3, 2, 2, 0, 2, 1, 2, 2, 2, 1, 2, 3, 1, 1, 2, 3, 2, 0, 3, 0, 3, 1, 3, 0, 1, 1, 3, 3, 0, 3, 4, 2, 2, 2, 2, 2, 2, 2, 2, 1, 2, 2, 2, 2, 2, 0, 4, 4, 1, 1, 2, 2, 0, 3, 2, 3, 3, 1, 2, 2, 3, 2, 0, 2, 3, 3, 2, 2, 0, 3, 2, 2, 2, 2, 0, 4, 0, 2, 2, 2, 3, 2, 3, 3, 4, 1, 2, 0, 2, 3, 0, 1, 2, 1, 2, 2, 0, 2, 3, 3, 0, 1, 0, 2, 1, 1, 1, 2, 2, 0, 1, 5, 1, 0, 4, 2, 1, 4, 1, 3, 2, 3, 4, 3, 5, 2, 5, 2, 0, 1, 1, 1, 1, 1, 1, 2, 0, 2, 0, 5, 2, 3, 1, 1, 2, 2, 1, 4, 1, 3, 4, 0, 0, 3, 1, 0, 5, 1, 5, 2, 2, 2, 1, 2, 1, 0, 2, 5, 0, 2, 1, 1, 1, 2, 0, 0, 1, 1, 1, 5, 2, 5, 2, 3, 1, 0, 1, 2, 1, 3, 1, 3, 2, 3, 2, 2, 3, 1, 4, 4, 0, 2, 3, 1, 2, 4, 4, 0, 2, 3, 0, 1, 0, 1, 2, 2, 3, 4, 3, 2, 2, 2, 5, 3, 0, 0, 4, 1, 1, 3, 3, 3, 3, 3, 2, 1, 0, 2, 4, 4, 1, 4, 2, 0, 1, 1, 5, 2, 6, 3, 1, 0, 1, 2, 2, 2, 1, 1, 1, 1, 3, 3, 3, 1, 2, 1, 0, 0, 2, 1, 3, 4, 0, 1, 4, 2, 2, 1, 1, 2, 1, 7, 4, 2, 0, 1, 5, 0, 3, 1, 1, 6, 3, 3]
Centroids: [[0.33918387, 1.6033826], [-0.46575236, 1.0309002], [0.7756987, -0.7430913]]
Centroids: [[1.0865436, -0.4615578], [0.32472888, 1.548099], [-0.4611016, 1.0169007], [0.51373816, -0.956919], [0.800891, 2.0607097], [-1.1990863, 0.94828826], [-0.20011339, 2.3023539], [2.077085, 2.246348]]
Contingency Matrix: 
[[ 0 81 16  0 18  0  1  0]
 [ 2  5 99  0  4 12  1  1]
 [51  0  0 62  0  0  0  0]]
[[0, 81, -1, 0, 18, 0, 1, 0], [-1, -1, -1, -1, -1, -1, -1, -1], [51, 0, -1, 62, 0, 0, 0, 0]]
[[-1, -1, -1, -1, -1, -1, -1, -1], [-1, -1, -1, -1, -1, -1, -1, -1], [51, -1, -1, 62, 0, 0, 0, 0]]
[[-1, -1, -1, -1, -1, -1, -1, -1], [-1, -1, -1, -1, -1, -1, -1, -1], [-1, -1, -1, -1, -1, -1, -1, -1]]
Match_Labels: {1: 2, 0: 1, 2: 3}
New Contingency Matrix: 
[[81 16  0  0 18  0  1  0]
 [ 5 99  0  2  4 12  1  1]
 [ 0  0 62 51  0  0  0  0]]
New Clustered Label Sequence: [1, 2, 3, 0, 4, 5, 6, 7]
Diagonal_Elements: [81, 99, 62], Sum: 242
All_Elements: [81, 16, 0, 0, 18, 0, 1, 0, 5, 99, 0, 2, 4, 12, 1, 1, 0, 0, 62, 51, 0, 0, 0, 0], Sum: 353
Accuracy: 0.6855524079320113
Done!
