Seed: 0
Experiment_path: AE_Model_2/Normalization/Experiment_04
Dataset_Path: ../_00_Datasets/03_SimDaten_Quiroga2020/C_Difficult2_noise005.mat
Dataset_name: ['03_SimDaten_Quiroga2020', 'C_Difficult2_noise005.mat']
Variant_name: V04_Off_AE_QL
Visualisation_Path: AE_Model_2/Normalization/Experiment_04/C_Difficult2_noise005.mat/V04_Off_AE_QL/2023_06_04-19_38_32
Split Ratio: 0.9
Epochs: 8
Batch Size: 1
Input Size: 47
Number of Features: 2
Chosen Model: Convolutional Autoencoder
ConvolutionalAutoencoder(
  (encoder): Sequential(
    (0): Conv1d(1, 6, kernel_size=(6,), stride=(1,))
    (1): LeakyReLU(negative_slope=0.01)
    (2): Conv1d(6, 1, kernel_size=(6,), stride=(1,))
    (3): Flatten(start_dim=1, end_dim=-1)
    (4): Linear(in_features=37, out_features=2, bias=True)
  )
  (decoder): Sequential(
    (0): ConvTranspose1d(1, 6, kernel_size=(6,), stride=(1,))
    (1): LeakyReLU(negative_slope=0.01)
    (2): ConvTranspose1d(6, 1, kernel_size=(6,), stride=(1,))
    (3): Flatten(start_dim=1, end_dim=-1)
    (4): Linear(in_features=12, out_features=47, bias=True)
  )
)
MSELoss()
Adam (
Parameter Group 0
    amsgrad: False
    betas: (0.9, 0.999)
    capturable: False
    differentiable: False
    eps: 1e-08
    foreach: None
    fused: False
    lr: 0.001
    maximize: False
    weight_decay: 0
)
---Q Learning Parameters---
Normalisation: False
Punishment Coefficient: 0.5
Alpha: 0.8
Epsilon: 0.01
Gamma: 0.97
Initial Episode Number: 0
Episode Number Coefficient: 1.4
Number of Random Features: 20
Planning Number: 20
Max Random Features: 60
New Episode Number: 72
New Episode Number: 143
New Episode Number: 215
New Episode Number: 286
New Episode Number: 358
New Episode Number: 429
                0     1      2     3      4     5      6
new_cluster -3.89 -2.97 -19.47 -4.40 -33.38 -4.62 -13.51
c1          -3.89 -2.88 -18.94 -4.77 -33.23 -4.54 -13.51
c2          -3.89 -2.98 -19.52 -4.65 -33.74 -4.66 -13.51
c3          -3.89 -2.95 -19.29 -4.29 -32.56 -4.71 -13.51
c4          -3.89 -2.92 -19.25 -4.57 -31.84 -4.37 -13.50
c5          -3.89 -2.92 -18.76 -4.51 -33.43 -4.73 -13.51
c6          -3.89 -2.95 -19.05 -4.49 -33.27 -4.89 -13.51
\begin{tabular}{lrrrrrrr}
\toprule
{} &     0 &     1 &      2 &     3 &      4 &     5 &      6 \\
\midrule
new\_cluster & -3.89 & -2.97 & -19.47 & -4.40 & -33.38 & -4.62 & -13.51 \\
c1          & -3.89 & -2.88 & -18.94 & -4.77 & -33.23 & -4.54 & -13.51 \\
c2          & -3.89 & -2.98 & -19.52 & -4.65 & -33.74 & -4.66 & -13.51 \\
c3          & -3.89 & -2.95 & -19.29 & -4.29 & -32.56 & -4.71 & -13.51 \\
c4          & -3.89 & -2.92 & -19.25 & -4.57 & -31.84 & -4.37 & -13.50 \\
c5          & -3.89 & -2.92 & -18.76 & -4.51 & -33.43 & -4.73 & -13.51 \\
c6          & -3.89 & -2.95 & -19.05 & -4.49 & -33.27 & -4.89 & -13.51 \\
\bottomrule
\end{tabular}

                               0            1  ...            5             6
new_cluster  [-1.0, new_cluster]  [-0.13, c1]  ...  [-1.78, c5]  [-10.65, c6]
c1           [-1.0, new_cluster]  [-0.06, c1]  ...   [-1.7, c5]  [-10.65, c6]
c2           [-1.0, new_cluster]  [-0.11, c1]  ...  [-1.84, c5]  [-10.65, c6]
c3           [-1.0, new_cluster]  [-0.08, c1]  ...  [-1.88, c5]  [-10.65, c6]
c4           [-1.0, new_cluster]   [-0.1, c1]  ...  [-1.55, c5]  [-10.65, c6]
c5           [-1.0, new_cluster]  [-0.07, c1]  ...  [-1.92, c5]  [-10.65, c6]
c6           [-1.0, new_cluster]  [-0.08, c1]  ...  [-2.06, c5]  [-10.65, c6]

[7 rows x 7 columns]
\begin{tabular}{llllllll}
\toprule
{} &                    0 &            1 &             2 &            3 &             4 &            5 &             6 \\
\midrule
new\_cluster &  [-1.0, new\_cluster] &  [-0.13, c1] &  [-16.58, c2] &  [-1.54, c3] &  [-30.54, c4] &  [-1.78, c5] &  [-10.65, c6] \\
c1          &  [-1.0, new\_cluster] &  [-0.06, c1] &  [-16.05, c2] &  [-1.93, c3] &  [-30.38, c4] &   [-1.7, c5] &  [-10.65, c6] \\
c2          &  [-1.0, new\_cluster] &  [-0.11, c1] &  [-16.63, c2] &  [-1.79, c3] &  [-30.88, c4] &  [-1.84, c5] &  [-10.65, c6] \\
c3          &  [-1.0, new\_cluster] &  [-0.08, c1] &   [-16.4, c2] &  [-1.43, c3] &  [-29.68, c4] &  [-1.88, c5] &  [-10.65, c6] \\
c4          &  [-1.0, new\_cluster] &   [-0.1, c1] &  [-16.38, c2] &  [-1.71, c3] &  [-28.95, c4] &  [-1.55, c5] &  [-10.65, c6] \\
c5          &  [-1.0, new\_cluster] &  [-0.07, c1] &  [-15.87, c2] &  [-1.66, c3] &  [-30.54, c4] &  [-1.92, c5] &  [-10.65, c6] \\
c6          &  [-1.0, new\_cluster] &  [-0.08, c1] &  [-16.17, c2] &  [-1.63, c3] &  [-30.38, c4] &  [-2.06, c5] &  [-10.65, c6] \\
\bottomrule
\end{tabular}

