Experiment_path: AE_Model_1/Epochs//V4/Experiment_04
Dataset_Path: ../_00_Datasets/03_SimDaten_Quiroga2020/C_Difficult1_noise005.mat
Dataset_name: ['03_SimDaten_Quiroga2020', 'C_Difficult1_noise005.mat']
Variant_name: Variant_04_Offline_Autoencoder_QLearning
Visualisation_Path: AE_Model_1/Epochs//V4/Experiment_04/C_Difficult1_noise005.mat/Variant_04_Offline_Autoencoder_QLearning/2023_04_25-17_33_30
Punishment_Coefficient: 0.4
<_01_LoadDataset.ExternCode.spike_class.spike_dataclass object at 0x000001DA952005C0>
Sampling rate: 24000.0
Raw: [-0.02396372 -0.02524464 -0.02236968 ... -0.00445509 -0.00436778
 -0.00470578]
Times: [    634     868    2584 ... 1437994 1438740 1439460]
Cluster: [3 2 3 ... 1 2 3]
Number of different clusters:  3
Number of Spikes: 3383
First aligned Spike Frame: [ 0.00503762 -0.00373478 -0.02417005 -0.05492281 -0.07823403 -0.07649548
 -0.06285267 -0.06865366 -0.09676273 -0.11004904 -0.09516198 -0.02689536
  0.18218225  0.56508663  0.95357316  1.00263054  0.57634096 -0.04324787
 -0.47305592 -0.6155027  -0.61852552 -0.60964372 -0.60484482 -0.57289026
 -0.52334621 -0.49235523 -0.47468281 -0.4416077  -0.40763637 -0.38725194
 -0.36627613 -0.33462257 -0.30781191 -0.30310449 -0.30176569 -0.28764362
 -0.27487686 -0.27588822 -0.27512317 -0.25186462 -0.21649826 -0.18877803
 -0.16831802 -0.15216626 -0.15550926 -0.17919117 -0.19056035]
Cluster 0, Occurrences: 1115
Cluster 1, Occurrences: 1113
Cluster 2, Occurrences: 1155
Train Index: 3045
x_train: 3045
y_train: 3045
x_test: 338
y_test: 338
<torch.utils.data.dataloader.DataLoader object at 0x000001DA94E57908>
<torch.utils.data.dataloader.DataLoader object at 0x000001DA94E57860>
Epoch [1/18]: mean_loss=0.00021253928311982718
Epoch [2/18]: mean_loss=0.00011679565400949547
Epoch [3/18]: mean_loss=0.00010726174109497632
Epoch [4/18]: mean_loss=0.00010507775586073964
Epoch [5/18]: mean_loss=0.00010362101870945277
Epoch [6/18]: mean_loss=0.00010223861417483862
Epoch [7/18]: mean_loss=0.00010191301061283975
Epoch [8/18]: mean_loss=0.00010150749664921895
Epoch [9/18]: mean_loss=0.00010028391478549573
Epoch [10/18]: mean_loss=0.00010019459209996712
Epoch [11/18]: mean_loss=9.823782088109621e-05
Epoch [12/18]: mean_loss=9.867910617635217e-05
Epoch [13/18]: mean_loss=9.79595684005966e-05
Epoch [14/18]: mean_loss=9.791063581025978e-05
Epoch [15/18]: mean_loss=9.585286845026418e-05
Epoch [16/18]: mean_loss=9.435436817204154e-05
Epoch [17/18]: mean_loss=9.276142809540033e-05
Epoch [18/18]: mean_loss=9.237915095498508e-05
Number of Clusters: 3
Number of Samples after Autoencoder testing: 338
First Spike after testing: [-0.646303    0.26661873]
[0, 1, 2, 2, 1, 1, 2, 0, 2, 2, 2, 0, 1, 1, 1, 2, 1, 2, 0, 0, 0, 1, 0, 1, 1, 0, 0, 0, 0, 0, 0, 0, 1, 2, 2, 0, 0, 0, 1, 2, 1, 0, 0, 0, 2, 1, 1, 2, 1, 1, 0, 0, 1, 1, 2, 2, 2, 1, 2, 0, 2, 0, 2, 0, 0, 2, 1, 0, 2, 0, 0, 1, 2, 2, 0, 0, 2, 1, 1, 0, 2, 0, 0, 2, 2, 1, 0, 1, 0, 0, 0, 1, 2, 2, 2, 0, 0, 2, 2, 1, 2, 1, 0, 1, 0, 2, 0, 1, 2, 1, 1, 2, 0, 2, 2, 0, 0, 0, 0, 2, 0, 1, 2, 0, 2, 0, 2, 2, 2, 0, 0, 1, 0, 0, 0, 0, 0, 2, 1, 0, 1, 2, 0, 0, 0, 1, 2, 0, 0, 2, 1, 1, 2, 0, 2, 1, 0, 0, 0, 2, 1, 0, 1, 2, 2, 0, 2, 0, 0, 1, 0, 1, 1, 2, 2, 2, 1, 0, 0, 2, 2, 0, 1, 0, 2, 2, 2, 0, 2, 0, 2, 2, 1, 2, 1, 1, 2, 1, 2, 2, 1, 2, 2, 2, 2, 2, 1, 1, 0, 1, 0, 0, 2, 1, 0, 1, 0, 2, 0, 1, 1, 1, 0, 0, 1, 1, 0, 0, 1, 0, 2, 0, 2, 2, 0, 0, 2, 2, 2, 2, 2, 1, 0, 2, 2, 1, 1, 2, 2, 1, 0, 0, 1, 0, 1, 1, 0, 1, 1, 0, 1, 1, 0, 0, 1, 1, 2, 2, 1, 0, 1, 2, 1, 2, 0, 2, 2, 2, 1, 0, 2, 2, 0, 0, 0, 1, 0, 0, 0, 1, 0, 2, 2, 1, 2, 1, 0, 2, 2, 0, 1, 2, 0, 1, 0, 2, 2, 2, 1, 0, 2, 2, 0, 2, 2, 0, 1, 0, 1, 2, 2, 1, 2, 2, 1, 2, 0, 2, 2, 1, 2, 0, 1, 0, 2, 0, 1, 2]
[0, 0, 1, 1, 2, 3, 1, 0, 1, 1, 1, 0, 3, 3, 3, 1, 3, 1, 0, 0, 0, 3, 0, 3, 3, 0, 0, 0, 0, 0, 0, 0, 3, 1, 1, 0, 0, 0, 3, 1, 3, 0, 0, 0, 1, 3, 3, 1, 3, 1, 0, 0, 3, 3, 1, 1, 1, 1, 1, 0, 1, 1, 1, 0, 0, 1, 3, 0, 1, 0, 0, 4, 4, 1, 0, 0, 1, 3, 3, 0, 1, 0, 0, 1, 1, 3, 0, 3, 0, 0, 0, 3, 1, 1, 1, 0, 0, 1, 1, 3, 1, 3, 0, 3, 0, 1, 0, 3, 1, 3, 3, 1, 0, 1, 1, 0, 0, 0, 0, 1, 0, 3, 1, 0, 1, 0, 1, 1, 1, 0, 0, 3, 0, 0, 0, 0, 0, 1, 3, 0, 3, 1, 0, 0, 0, 3, 1, 0, 0, 1, 3, 3, 1, 0, 1, 2, 0, 0, 0, 1, 3, 3, 0, 1, 1, 1, 1, 0, 0, 3, 0, 3, 3, 1, 1, 1, 3, 0, 0, 1, 1, 1, 3, 0, 1, 1, 1, 0, 4, 4, 1, 1, 3, 1, 3, 3, 1, 3, 1, 1, 3, 1, 1, 1, 1, 1, 3, 3, 0, 1, 0, 0, 1, 3, 0, 3, 0, 1, 5, 3, 3, 3, 0, 0, 3, 3, 0, 0, 3, 0, 1, 0, 1, 1, 0, 0, 1, 1, 1, 1, 1, 3, 0, 1, 1, 3, 3, 1, 1, 3, 0, 0, 3, 0, 3, 3, 0, 3, 3, 0, 3, 3, 0, 0, 3, 3, 1, 1, 3, 0, 3, 1, 6, 6, 0, 1, 1, 1, 3, 0, 1, 1, 0, 0, 0, 3, 0, 0, 0, 1, 0, 1, 1, 3, 1, 3, 0, 1, 1, 0, 2, 1, 0, 3, 0, 1, 1, 1, 3, 0, 1, 1, 0, 1, 1, 0, 1, 0, 3, 1, 1, 3, 1, 1, 3, 1, 0, 1, 1, 3, 1, 0, 3, 4, 4, 0, 3, 1]
Centroids: [[-0.58835006, 0.21771833], [0.29081532, -0.38422188], [0.22749771, 0.5651543]]
Centroids: [[-0.63197184, 0.20038198], [0.19667153, 0.52537405], [1.1584808, -0.32743892], [0.27359328, -0.46878088], [0.7324813, 1.0795342], [-0.9441817, 1.4795569], [1.4187688, 0.85424364]]
Contingency Matrix: 
[[116   3   0   1   2   1   0]
 [  2   5   3  83   1   0   1]
 [  0 116   0   0   3   0   1]]
[[116, 3, 0, 1, 2, 1, 0], [2, 5, 3, 83, 1, 0, 1], [0, 116, 0, 0, 3, 0, 1]]
[[116, 3, 0, 1, 2, 1, 0], [2, 5, 3, 83, 1, 0, 1], [0, 116, 0, 0, 3, 0, 1]]
[0, 1, 2, 3, 4, 5, 6]
[[-1, -1, -1, -1, -1, -1, -1], [-1, 5, 3, 83, 1, 0, 1], [-1, 116, 0, 0, 3, 0, 1]]
[[-1, -1, -1, -1, -1, -1, -1], [-1, -1, 3, 83, 1, 0, 1], [-1, -1, -1, -1, -1, -1, -1]]
[[-1, -1, -1, -1, -1, -1, -1], [-1, -1, -1, -1, -1, -1, -1], [-1, -1, -1, -1, -1, -1, -1]]
Match_Labels: {0: 0, 2: 1, 1: 3}
New Contingency Matrix: 
[[116   1   3   0   2   1   0]
 [  2  83   5   3   1   0   1]
 [  0   0 116   0   3   0   1]]
New Clustered Label Sequence: [0, 3, 1, 2, 4, 5, 6]
Diagonal_Elements: [116, 83, 116], Sum: 315
All_Elements: [116, 1, 3, 0, 2, 1, 0, 2, 83, 5, 3, 1, 0, 1, 0, 0, 116, 0, 3, 0, 1], Sum: 338
Accuracy: 0.9319526627218935
