Experiment_path: AE_Model_1/Normalization/Experiment_04
Dataset_Path: ../_00_Datasets/03_SimDaten_Quiroga2020/C_Difficult2_noise005.mat
Dataset_name: ['03_SimDaten_Quiroga2020', 'C_Difficult2_noise005.mat']
Variant_name: V04_Off_AE_QL
Visualisation_Path: AE_Model_1/Normalization/Experiment_04/C_Difficult2_noise005.mat/V04_Off_AE_QL/2023_06_04-20_26_28
Punishment_Coefficient: 0.4
<_01_LoadDataset.ExternCode.spike_class.spike_dataclass object at 0x000002264D1FE400>
Sampling rate: 24000.0
Raw: [ 0.02085333  0.02043967  0.02052644 ... -0.02218732 -0.02150573
 -0.01811243]
Times: [   1583    1934    2430 ... 1439313 1439656 1439854]
Cluster: [3 3 3 ... 2 2 1]
Number of different clusters:  3
Number of Spikes: 3364
First aligned Spike Frame: [-0.05170878 -0.0548761  -0.06029554 -0.06053219 -0.04807119 -0.02780025
 -0.01550543 -0.01702494 -0.02945104 -0.04493807 -0.07056858 -0.07003585
  0.07629654  0.43081562  0.80470191  0.96319627  0.89198123  0.73643948
  0.58987232  0.46714337  0.36345495  0.2828462   0.22743292  0.182731
  0.13931053  0.09524506  0.05136602  0.01367166 -0.01393093 -0.03985679
 -0.07387102 -0.11218435 -0.1444455  -0.16672578 -0.17809238 -0.18020802
 -0.17953732 -0.18246903 -0.18617363 -0.18205375 -0.17299738 -0.16958427
 -0.17248955 -0.17516876 -0.1727246  -0.16696514 -0.15993314]
Cluster 0, Occurrences: 1120
Cluster 1, Occurrences: 1109
Cluster 2, Occurrences: 1135
Train Index: 3028
x_train: 3028
y_train: 3028
x_test: 336
y_test: 336
<torch.utils.data.dataloader.DataLoader object at 0x00000226497DE278>
<torch.utils.data.dataloader.DataLoader object at 0x00000226497DE860>
Epoch [1/8]: mean_loss=0.00016609623184233235
Epoch [2/8]: mean_loss=7.155334632019444e-05
Epoch [3/8]: mean_loss=6.959656477368178e-05
Epoch [4/8]: mean_loss=6.830475454266667e-05
Epoch [5/8]: mean_loss=6.74505465460358e-05
Epoch [6/8]: mean_loss=6.715854473936136e-05
Epoch [7/8]: mean_loss=6.670967394011181e-05
Epoch [8/8]: mean_loss=6.650167045935796e-05
Number of Clusters: 3
Number of Samples after Autoencoder testing: 336
First Spike after testing: [0.08011782 0.4475945 ]
[0, 1, 0, 1, 0, 1, 2, 1, 1, 2, 0, 2, 0, 2, 0, 2, 0, 1, 1, 0, 2, 0, 1, 0, 0, 1, 0, 0, 2, 0, 1, 2, 1, 1, 0, 2, 1, 1, 1, 1, 2, 2, 0, 0, 2, 0, 0, 0, 2, 1, 0, 1, 1, 2, 1, 1, 1, 0, 1, 0, 1, 0, 2, 1, 2, 0, 1, 0, 1, 2, 1, 0, 1, 1, 0, 0, 1, 0, 2, 1, 2, 0, 2, 2, 1, 2, 2, 0, 0, 1, 2, 2, 2, 1, 0, 0, 0, 2, 1, 2, 2, 0, 1, 0, 1, 1, 1, 1, 1, 2, 2, 0, 2, 0, 0, 0, 1, 2, 1, 2, 2, 0, 2, 0, 0, 0, 2, 2, 1, 2, 0, 0, 0, 2, 0, 2, 0, 1, 0, 2, 2, 0, 2, 1, 2, 1, 2, 0, 1, 1, 2, 2, 2, 0, 1, 2, 2, 1, 2, 1, 2, 2, 1, 0, 0, 1, 2, 2, 1, 0, 0, 1, 1, 0, 1, 1, 1, 2, 1, 2, 2, 0, 0, 0, 2, 1, 0, 0, 0, 1, 0, 2, 0, 2, 1, 2, 1, 2, 0, 2, 0, 1, 1, 2, 2, 2, 2, 1, 0, 2, 1, 2, 2, 1, 2, 0, 1, 0, 2, 2, 1, 0, 1, 2, 0, 2, 2, 2, 2, 2, 1, 0, 1, 1, 0, 0, 2, 0, 1, 2, 1, 1, 1, 0, 0, 0, 1, 2, 1, 0, 0, 0, 2, 1, 1, 2, 2, 0, 1, 2, 2, 0, 1, 2, 2, 0, 1, 1, 2, 0, 1, 2, 0, 2, 0, 1, 2, 0, 0, 1, 0, 2, 1, 0, 2, 2, 1, 2, 0, 0, 1, 0, 1, 2, 0, 1, 2, 1, 1, 0, 0, 0, 2, 2, 2, 1, 0, 2, 0, 2, 2, 0, 0, 1, 2, 0, 1, 2, 0, 0, 1, 2, 0, 1, 1, 1, 0, 2, 1, 1, 0, 1, 1, 1, 1, 0]
[0, 1, 2, 3, 2, 3, 0, 3, 3, 0, 2, 0, 2, 0, 2, 0, 2, 3, 3, 2, 0, 2, 3, 2, 2, 3, 2, 2, 0, 2, 3, 0, 3, 3, 2, 0, 3, 3, 3, 3, 0, 0, 2, 2, 0, 2, 2, 2, 0, 3, 2, 3, 3, 0, 3, 3, 3, 2, 3, 2, 3, 2, 0, 3, 0, 2, 3, 2, 3, 0, 3, 2, 3, 3, 2, 2, 3, 2, 0, 4, 5, 2, 0, 0, 3, 5, 0, 2, 2, 3, 0, 0, 0, 3, 2, 2, 2, 0, 3, 0, 0, 2, 3, 2, 3, 3, 3, 3, 3, 0, 0, 2, 0, 2, 2, 2, 3, 0, 3, 0, 0, 2, 0, 2, 2, 2, 0, 0, 3, 0, 2, 2, 2, 0, 2, 0, 2, 3, 2, 0, 0, 2, 0, 3, 0, 3, 0, 2, 3, 3, 0, 0, 0, 2, 3, 0, 0, 3, 0, 3, 0, 0, 3, 2, 2, 3, 0, 0, 3, 2, 2, 3, 3, 2, 3, 3, 3, 6, 3, 0, 0, 2, 2, 2, 0, 3, 2, 2, 2, 3, 2, 0, 2, 0, 3, 0, 3, 0, 2, 0, 5, 3, 3, 0, 0, 0, 0, 3, 2, 0, 3, 0, 0, 3, 0, 2, 3, 2, 0, 0, 3, 2, 3, 0, 2, 0, 0, 0, 0, 0, 3, 2, 3, 4, 5, 2, 0, 2, 3, 0, 3, 3, 3, 2, 2, 2, 3, 6, 3, 7, 2, 2, 0, 3, 3, 0, 6, 2, 3, 0, 0, 0, 0, 0, 0, 2, 3, 3, 0, 2, 3, 0, 2, 6, 2, 3, 0, 2, 6, 1, 2, 0, 3, 2, 0, 6, 1, 0, 2, 2, 3, 2, 3, 0, 2, 3, 0, 3, 3, 2, 2, 2, 0, 0, 0, 3, 2, 0, 2, 0, 0, 2, 2, 3, 6, 2, 3, 0, 2, 2, 3, 0, 2, 3, 3, 3, 2, 0, 3, 3, 2, 3, 3, 3, 3, 2]
Centroids: [[0.68749624, 0.5480483], [0.046868782, -0.9463648], [0.58791834, -0.0020462575]]
Centroids: [[0.6080932, -0.02788772], [-1.7142464, -0.46132907], [0.70685184, 0.54950976], [0.07851874, -0.95799744], [0.801288, -1.4835163], [1.4709191, 0.50396353], [-0.19808753, 0.33512974], [-1.1756016, 1.4050034]]
Standard Derivations: [0.24296725, 0.31875798, 0.25538355]
Cluster Distances: [1.0642127, 0.060683966, 1.0642127, 0.514193, 0.060683966, 0.51419306]
Minimal Cluster Distance: 0.0606839656829834
Contingency Matrix: 
[[  2   0 107   0   0   2   1   1]
 [  1   3   0 106   2   0   0   0]
 [103   0   0   0   0   2   6   0]]
[[2, 0, 107, 0, 0, 2, 1, 1], [1, 3, 0, 106, 2, 0, 0, 0], [103, 0, 0, 0, 0, 2, 6, 0]]
[[2, 0, 107, 0, 0, 2, 1, 1], [1, 3, 0, 106, 2, 0, 0, 0], [103, 0, 0, 0, 0, 2, 6, 0]]
[0, 1, 2, 3, 4, 5, 6, 7]
[[-1, -1, -1, -1, -1, -1, -1, -1], [1, 3, -1, 106, 2, 0, 0, 0], [103, 0, -1, 0, 0, 2, 6, 0]]
[[-1, -1, -1, -1, -1, -1, -1, -1], [-1, -1, -1, -1, -1, -1, -1, -1], [103, 0, -1, -1, 0, 2, 6, 0]]
[[-1, -1, -1, -1, -1, -1, -1, -1], [-1, -1, -1, -1, -1, -1, -1, -1], [-1, -1, -1, -1, -1, -1, -1, -1]]
Match_Labels: {0: 2, 1: 3, 2: 0}
New Contingency Matrix: 
[[107   0   2   0   0   2   1   1]
 [  0 106   1   3   2   0   0   0]
 [  0   0 103   0   0   2   6   0]]
New Clustered Label Sequence: [2, 3, 0, 1, 4, 5, 6, 7]
Diagonal_Elements: [107, 106, 103], Sum: 316
All_Elements: [107, 0, 2, 0, 0, 2, 1, 1, 0, 106, 1, 3, 2, 0, 0, 0, 0, 0, 103, 0, 0, 2, 6, 0], Sum: 336
Accuracy: 0.9404761904761905
