Seed: 0
Experiment_path: AE_Model_1/Normalization/Experiment_04
Dataset_Path: ../_00_Datasets/03_SimDaten_Quiroga2020/C_Difficult2_noise005.mat
Dataset_name: ['03_SimDaten_Quiroga2020', 'C_Difficult2_noise005.mat']
Variant_name: V04_Off_AE_QL
Visualisation_Path: AE_Model_1/Normalization/Experiment_04/C_Difficult2_noise005.mat/V04_Off_AE_QL/2023_06_04-20_26_28
Split Ratio: 0.9
Epochs: 8
Batch Size: 1
Input Size: 47
Number of Features: 2
Chosen Model: Autoencoder
Autoencoder(
  (encoder): Sequential(
    (0): Linear(in_features=47, out_features=12, bias=True)
    (1): LeakyReLU(negative_slope=0.01)
    (2): Linear(in_features=12, out_features=2, bias=True)
  )
  (decoder): Sequential(
    (0): Linear(in_features=2, out_features=12, bias=True)
    (1): LeakyReLU(negative_slope=0.01)
    (2): Linear(in_features=12, out_features=47, bias=True)
  )
)
MSELoss()
Adam (
Parameter Group 0
    amsgrad: False
    betas: (0.9, 0.999)
    capturable: False
    differentiable: False
    eps: 1e-08
    foreach: None
    fused: False
    lr: 0.001
    maximize: False
    weight_decay: 0
)
---Q Learning Parameters---
Normalisation: False
Punishment Coefficient: 0.4
Alpha: 0.8
Epsilon: 0.01
Gamma: 0.97
Initial Episode Number: 0
Episode Number Coefficient: 1.4
Number of Random Features: 20
Planning Number: 20
Max Random Features: 60
New Episode Number: 72
New Episode Number: 143
New Episode Number: 215
New Episode Number: 286
New Episode Number: 358
New Episode Number: 429
New Episode Number: 500
New Episode Number: 572
                0     1     2     3     4     5     6     7     8
new_cluster -1.48 -1.37 -8.36 -0.86 -3.95 -5.64 -1.60 -1.70 -4.23
c1          -1.47 -1.41 -8.40 -0.86 -3.88 -5.64 -1.45 -1.80 -4.23
c2          -1.47 -1.39 -8.58 -0.87 -3.91 -5.49 -1.48 -1.83 -4.23
c3          -1.47 -1.43 -8.13 -0.85 -3.95 -5.52 -1.33 -1.87 -4.23
c4          -1.47 -1.41 -8.23 -0.84 -4.01 -5.55 -1.28 -1.91 -4.23
c5          -1.47 -1.35 -8.24 -0.85 -4.10 -5.67 -1.44 -1.78 -4.23
c6          -1.48 -1.37 -8.08 -0.85 -3.90 -5.57 -1.62 -2.12 -4.23
c7          -1.47 -1.38 -8.44 -0.86 -3.87 -5.52 -1.52 -1.93 -4.23
c8          -1.47 -1.38 -8.32 -0.85 -3.94 -5.58 -1.40 -1.85  0.00
\begin{tabular}{lrrrrrrrrr}
\toprule
{} &     0 &     1 &     2 &     3 &     4 &     5 &     6 &     7 &     8 \\
\midrule
new\_cluster & -1.48 & -1.37 & -8.36 & -0.86 & -3.95 & -5.64 & -1.60 & -1.70 & -4.23 \\
c1          & -1.47 & -1.41 & -8.40 & -0.86 & -3.88 & -5.64 & -1.45 & -1.80 & -4.23 \\
c2          & -1.47 & -1.39 & -8.58 & -0.87 & -3.91 & -5.49 & -1.48 & -1.83 & -4.23 \\
c3          & -1.47 & -1.43 & -8.13 & -0.85 & -3.95 & -5.52 & -1.33 & -1.87 & -4.23 \\
c4          & -1.47 & -1.41 & -8.23 & -0.84 & -4.01 & -5.55 & -1.28 & -1.91 & -4.23 \\
c5          & -1.47 & -1.35 & -8.24 & -0.85 & -4.10 & -5.67 & -1.44 & -1.78 & -4.23 \\
c6          & -1.48 & -1.37 & -8.08 & -0.85 & -3.90 & -5.57 & -1.62 & -2.12 & -4.23 \\
c7          & -1.47 & -1.38 & -8.44 & -0.86 & -3.87 & -5.52 & -1.52 & -1.93 & -4.23 \\
c8          & -1.47 & -1.38 & -8.32 & -0.85 & -3.94 & -5.58 & -1.40 & -1.85 &  0.00 \\
\bottomrule
\end{tabular}

                                0            1  ...            7            8
new_cluster  [-0.64, new_cluster]  [-0.53, c1]  ...  [-0.86, c7]  [-4.23, c8]
c1           [-0.64, new_cluster]  [-0.57, c1]  ...  [-0.97, c7]  [-4.23, c8]
c2           [-0.64, new_cluster]  [-0.55, c1]  ...   [-1.0, c7]  [-4.23, c8]
c3           [-0.64, new_cluster]  [-0.59, c1]  ...  [-1.04, c7]  [-4.23, c8]
c4           [-0.64, new_cluster]  [-0.58, c1]  ...  [-1.08, c7]  [-4.23, c8]
c5           [-0.64, new_cluster]  [-0.52, c1]  ...  [-0.95, c7]  [-4.23, c8]
c6           [-0.64, new_cluster]  [-0.53, c1]  ...  [-1.28, c7]  [-4.23, c8]
c7           [-0.64, new_cluster]  [-0.55, c1]  ...   [-1.1, c7]  [-4.23, c8]
c8           [-0.64, new_cluster]  [-0.55, c1]  ...   [-1.0, c7]        [0, ]

[9 rows x 9 columns]
\begin{tabular}{llllllllll}
\toprule
{} &                     0 &            1 &            2 &            3 &            4 &            5 &            6 &            7 &            8 \\
\midrule
new\_cluster &  [-0.64, new\_cluster] &  [-0.53, c1] &  [-7.51, c2] &  [-0.03, c3] &  [-3.13, c4] &   [-4.8, c5] &  [-0.77, c6] &  [-0.86, c7] &  [-4.23, c8] \\
c1          &  [-0.64, new\_cluster] &  [-0.57, c1] &  [-7.55, c2] &  [-0.03, c3] &  [-3.07, c4] &   [-4.8, c5] &  [-0.62, c6] &  [-0.97, c7] &  [-4.23, c8] \\
c2          &  [-0.64, new\_cluster] &  [-0.55, c1] &  [-7.74, c2] &  [-0.04, c3] &  [-3.09, c4] &  [-4.66, c5] &  [-0.65, c6] &   [-1.0, c7] &  [-4.23, c8] \\
c3          &  [-0.64, new\_cluster] &  [-0.59, c1] &  [-7.27, c2] &  [-0.03, c3] &  [-3.13, c4] &  [-4.69, c5] &   [-0.5, c6] &  [-1.04, c7] &  [-4.23, c8] \\
c4          &  [-0.64, new\_cluster] &  [-0.58, c1] &  [-7.38, c2] &  [-0.01, c3] &  [-3.18, c4] &  [-4.72, c5] &  [-0.45, c6] &  [-1.08, c7] &  [-4.23, c8] \\
c5          &  [-0.64, new\_cluster] &  [-0.52, c1] &  [-7.39, c2] &  [-0.03, c3] &  [-3.28, c4] &  [-4.84, c5] &  [-0.61, c6] &  [-0.95, c7] &  [-4.23, c8] \\
c6          &  [-0.64, new\_cluster] &  [-0.53, c1] &  [-7.23, c2] &  [-0.03, c3] &  [-3.08, c4] &  [-4.74, c5] &  [-0.79, c6] &  [-1.28, c7] &  [-4.23, c8] \\
c7          &  [-0.64, new\_cluster] &  [-0.55, c1] &  [-7.59, c2] &  [-0.02, c3] &  [-3.05, c4] &  [-4.69, c5] &  [-0.69, c6] &   [-1.1, c7] &  [-4.23, c8] \\
c8          &  [-0.64, new\_cluster] &  [-0.55, c1] &  [-7.46, c2] &  [-0.02, c3] &  [-3.13, c4] &  [-4.74, c5] &  [-0.57, c6] &   [-1.0, c7] &        [0, ] \\
\bottomrule
\end{tabular}

