Seed: 2
Experiment_path: Random_Seeds_DV5//V5_3/Experiment_05_2_opt_temp_noisy
Dataset_Path: ../_00_Datasets/03_SimDaten_Quiroga2020/C_Difficult1_noise020.mat
Dataset_name: ['03_SimDaten_Quiroga2020', 'C_Difficult1_noise020.mat']
Variant_name: Variant_05_Online_Autoencoder_QLearning_opt_temp_noisy
Visualisation_Path: Random_Seeds_DV5//V5_3/Experiment_05_2_opt_temp_noisy/C_Difficult1_noise020.mat/Variant_05_Online_Autoencoder_QLearning_opt_temp_noisy/2023_04_05-09_39_32
Normalisation: False
Template Matching: True
Optimising Autoencoder: True
Update Factor: 100
Noisy Batches: True
Noisy Factor: 0.1
Epochs: 8
Batch Size: 1
maximal Spikes for Autoencoder Training : 700
maximal Spikes for Training: 1000
Input Size: 47
Chosen Model: Autoencoder
Autoencoder(
  (encoder): Sequential(
    (0): Linear(in_features=47, out_features=12, bias=True)
    (1): LeakyReLU(negative_slope=0.01)
    (2): Linear(in_features=12, out_features=2, bias=True)
  )
  (decoder): Sequential(
    (0): Linear(in_features=2, out_features=12, bias=True)
    (1): LeakyReLU(negative_slope=0.01)
    (2): Linear(in_features=12, out_features=47, bias=True)
  )
)
MSELoss()
Adam (
Parameter Group 0
    amsgrad: False
    betas: (0.9, 0.999)
    capturable: False
    differentiable: False
    eps: 1e-08
    foreach: None
    fused: False
    lr: 0.001
    maximize: False
    weight_decay: 0
)
---Q Learning Parameters---
Normalisation: False
Punishment Coefficient: 0.39
Alpha: 0.8
Epsilon: 0.01
Gamma: 0.97
Initial Episode Number: 0
Episode Number Coefficient: 1.4
Number of Random Features: 20
Planning Number: 20
Max Random Features: 60
New Episode Number: 72
New Episode Number: 143
New Episode Number: 215
New Episode Number: 286
New Episode Number: 358
New Episode Number: 429
                0     1     2     3     4     5     6
new_cluster -3.60 -3.30 -3.08 -3.98 -3.29 -3.42 -4.17
c1          -3.60 -3.40 -3.16 -4.18 -3.36 -3.44 -4.18
c2          -3.61 -3.30 -3.05 -4.07 -3.35 -3.39 -4.18
c3          -3.60 -3.30 -3.09 -4.13 -3.33 -3.47 -4.16
c4          -3.61 -3.38 -3.19 -4.44 -3.29 -3.39 -4.16
c5          -3.64 -3.29 -3.17 -4.13 -3.37 -3.32 -4.16
c6          -3.61 -3.24 -3.14 -4.45 -3.32 -3.34 -4.18
                                0            1  ...            5            6
new_cluster  [-0.61, new_cluster]  [-0.13, c1]  ...  [-0.34, c5]  [-1.11, c6]
c1           [-0.61, new_cluster]  [-0.24, c1]  ...  [-0.37, c5]  [-1.11, c6]
c2           [-0.61, new_cluster]  [-0.14, c1]  ...  [-0.31, c5]  [-1.11, c6]
c3           [-0.61, new_cluster]  [-0.13, c1]  ...  [-0.36, c5]  [-1.11, c6]
c4           [-0.61, new_cluster]  [-0.21, c1]  ...  [-0.31, c5]  [-1.11, c6]
c5           [-0.61, new_cluster]  [-0.13, c1]  ...  [-0.25, c5]  [-1.11, c6]
c6           [-0.61, new_cluster]  [-0.17, c1]  ...  [-0.26, c5]  [-1.11, c6]

[7 rows x 7 columns]
