Seed: 0
Experiment_path: Experiment_05
Dataset_Path: ../_00_Datasets/03_SimDaten_Quiroga2020/C_Difficult2_noise020.mat
Dataset_name: ['03_SimDaten_Quiroga2020', 'C_Difficult2_noise020.mat']
Variant_name: Variant_05_Online_Autoencoder_QLearning
Visualisation_Path: AE_Model_2/Epochs_GS_PC//V5_6/C_Difficult2_noise020.mat/Variant_05_Online_Autoencoder_QLearning/0.3
Normalisation: False
Template Matching: False
Optimising Autoencoder: False
Update Factor: 1
Noisy Batches: False
Noisy Factor: 0.001
Epochs: 6
Batch Size: 1
maximal Spikes for Autoencoder Training : 700
maximal Spikes for Training: 1000
Input Size: 47
Chosen Model: Convolutional Autoencoder
ConvolutionalAutoencoder(
  (encoder): Sequential(
    (0): Conv1d(1, 6, kernel_size=(6,), stride=(1,))
    (1): LeakyReLU(negative_slope=0.01)
    (2): Conv1d(6, 1, kernel_size=(6,), stride=(1,))
    (3): Flatten(start_dim=1, end_dim=-1)
    (4): Linear(in_features=37, out_features=2, bias=True)
  )
  (decoder): Sequential(
    (0): ConvTranspose1d(1, 6, kernel_size=(6,), stride=(1,))
    (1): LeakyReLU(negative_slope=0.01)
    (2): ConvTranspose1d(6, 1, kernel_size=(6,), stride=(1,))
    (3): Flatten(start_dim=1, end_dim=-1)
    (4): Linear(in_features=12, out_features=47, bias=True)
  )
)
MSELoss()
Adam (
Parameter Group 0
    amsgrad: False
    betas: (0.9, 0.999)
    capturable: False
    differentiable: False
    eps: 1e-08
    foreach: None
    fused: False
    lr: 0.001
    maximize: False
    weight_decay: 0
)
---Q Learning Parameters---
Normalisation: False
Punishment Coefficient: 0.3
Alpha: 0.8
Epsilon: 0.01
Gamma: 0.97
Initial Episode Number: 0
Episode Number Coefficient: 1.4
Number of Random Features: 20
Planning Number: 20
Max Random Features: 60
New Episode Number: 72
New Episode Number: 143
New Episode Number: 215
New Episode Number: 286
New Episode Number: 358
New Episode Number: 429
New Episode Number: 500
New Episode Number: 572
New Episode Number: 643
New Episode Number: 715
New Episode Number: 786
New Episode Number: 858
New Episode Number: 929
New Episode Number: 1000
New Episode Number: 1072
New Episode Number: 1143
New Episode Number: 1215
New Episode Number: 1286
New Episode Number: 1358
New Episode Number: 1429
New Episode Number: 1501
New Episode Number: 1572
               0     1     2     3     4   ...    18     19    20    21    22
new_cluster -3.11 -3.47 -4.46 -3.19 -5.17  ... -6.92 -10.24 -8.47 -6.55 -5.12
c1          -3.11 -3.52 -4.49 -3.01 -5.30  ... -6.88 -10.08 -8.50 -6.52 -5.13
c2          -3.11 -3.46 -4.35 -3.26 -5.43  ... -6.52 -10.12 -8.50 -6.55 -5.13
c3          -3.11 -3.53 -4.31 -3.23 -5.45  ... -7.16 -10.39 -8.53 -6.55 -5.13
c4          -3.11 -3.56 -4.32 -3.17 -5.29  ... -6.68 -10.26 -8.51 -6.55 -5.13
c5          -3.11 -3.55 -4.38 -3.16 -5.26  ... -6.88 -10.01 -8.56 -6.52 -5.13
c6          -3.11 -3.54 -4.63 -3.16 -5.28  ... -6.76  -9.81 -8.41 -6.55 -5.12
c7          -3.11 -3.54 -4.45 -3.21 -5.36  ... -6.85 -10.03 -8.44 -6.55 -5.12
c8          -3.11 -3.39 -4.57 -3.14 -5.28  ... -6.85 -10.20 -8.54 -6.55 -5.12
c9          -3.11 -3.44 -4.46 -3.19 -5.33  ... -6.80  -9.96 -8.61 -6.52 -5.12
c10         -3.11 -3.39 -4.55 -3.20 -5.34  ... -6.93 -10.18 -8.35 -6.52 -5.12
c11         -3.11 -3.51 -4.44 -3.11 -5.05  ... -6.83 -10.45 -8.37 -6.52 -5.12
c12         -3.11 -3.46 -4.52 -3.21 -5.38  ... -7.24  -9.98 -8.42 -6.51 -5.13
c13         -3.11 -3.42 -4.36 -3.21 -5.39  ... -7.13  -9.75 -8.37 -6.52 -5.12
c14         -3.11 -3.52 -4.40 -3.05 -5.56  ... -6.69 -10.17 -8.46 -6.56 -5.13
c15         -3.09 -3.42 -4.41 -3.17 -5.21  ... -6.59 -10.32 -8.56 -6.52  0.00
c16         -3.11 -3.39 -4.36 -3.07 -5.38  ... -7.05  -9.98 -8.37 -6.52 -5.12
c17         -3.11 -3.55 -4.46 -3.21 -5.53  ... -6.37  -9.92 -8.46 -6.55 -5.12
c18         -3.11 -3.58 -4.28 -3.04 -5.51  ... -6.54 -10.14 -8.42 -6.52 -5.13
c19         -3.11 -3.53 -4.40 -3.17 -5.33  ... -7.28 -10.12 -8.34 -6.52 -5.12
c20         -3.11 -3.54 -4.37 -3.12 -5.38  ... -6.85 -10.23 -8.51 -6.52 -5.12
c21         -3.11 -3.57 -4.62 -3.20 -5.47  ... -6.85 -10.32 -8.50 -6.55 -5.13
c22         -3.11 -3.50 -4.35 -3.18 -5.22  ... -6.76  -9.75 -8.41 -6.52 -5.12

[23 rows x 23 columns]
\begin{tabular}{lrrrrrrrrrrrrrrrrrrrrrrr}
\toprule
{} &    0  &    1  &    2  &    3  &    4  &    5  &    6  &    7  &     8  &     9  &    10 &    11 &     12 &    13 &    14 &    15 &    16 &    17 &    18 &     19 &    20 &    21 &    22 \\
\midrule
new\_cluster & -3.11 & -3.47 & -4.46 & -3.19 & -5.17 & -8.11 & -6.20 & -7.01 &  -9.99 &  -9.85 & -4.12 & -5.74 & -13.61 & -6.87 & -3.40 & -8.25 & -5.48 & -2.84 & -6.92 & -10.24 & -8.47 & -6.55 & -5.12 \\
c1          & -3.11 & -3.52 & -4.49 & -3.01 & -5.30 & -8.06 & -6.44 & -7.29 &  -9.84 &  -9.89 & -4.26 & -5.78 & -13.50 & -7.13 & -3.27 & -8.67 & -5.44 & -2.82 & -6.88 & -10.08 & -8.50 & -6.52 & -5.13 \\
c2          & -3.11 & -3.46 & -4.35 & -3.26 & -5.43 & -8.02 & -6.22 & -7.08 &  -9.78 & -10.54 & -4.17 & -5.69 & -13.35 & -7.07 & -3.30 & -8.69 & -5.39 & -2.81 & -6.52 & -10.12 & -8.50 & -6.55 & -5.13 \\
c3          & -3.11 & -3.53 & -4.31 & -3.23 & -5.45 & -8.08 & -6.19 & -7.07 &  -9.55 &  -9.69 & -4.25 & -6.05 & -13.59 & -7.26 & -3.21 & -8.73 & -5.50 & -2.75 & -7.16 & -10.39 & -8.53 & -6.55 & -5.13 \\
c4          & -3.11 & -3.56 & -4.32 & -3.17 & -5.29 & -8.29 & -6.30 & -7.54 & -10.05 &  -9.60 & -4.23 & -5.81 & -13.77 & -7.11 & -3.33 & -8.41 & -5.49 & -2.87 & -6.68 & -10.26 & -8.51 & -6.55 & -5.13 \\
c5          & -3.11 & -3.55 & -4.38 & -3.16 & -5.26 & -8.26 & -5.99 & -7.10 &  -9.83 &  -9.88 & -4.19 & -6.06 & -13.96 & -6.95 & -3.32 & -8.42 & -5.47 & -2.80 & -6.88 & -10.01 & -8.56 & -6.52 & -5.13 \\
c6          & -3.11 & -3.54 & -4.63 & -3.16 & -5.28 & -8.09 & -5.78 & -7.10 &  -9.90 & -10.43 & -4.30 & -5.76 & -13.16 & -7.17 & -3.56 & -8.37 & -5.50 & -2.78 & -6.76 &  -9.81 & -8.41 & -6.55 & -5.12 \\
c7          & -3.11 & -3.54 & -4.45 & -3.21 & -5.36 & -8.10 & -6.12 & -7.09 &  -9.94 &  -9.96 & -4.08 & -5.77 & -13.70 & -7.22 & -3.24 & -8.05 & -5.42 & -2.82 & -6.85 & -10.03 & -8.44 & -6.55 & -5.12 \\
c8          & -3.11 & -3.39 & -4.57 & -3.14 & -5.28 & -8.07 & -6.03 & -7.34 &  -9.67 & -10.02 & -4.32 & -5.79 & -13.31 & -7.24 & -3.48 & -7.98 & -5.40 & -2.75 & -6.85 & -10.20 & -8.54 & -6.55 & -5.12 \\
c9          & -3.11 & -3.44 & -4.46 & -3.19 & -5.33 & -8.23 & -5.94 & -7.26 &  -9.95 &  -9.71 & -4.26 & -5.67 & -14.21 & -7.22 & -3.19 & -8.41 & -5.55 & -2.79 & -6.80 &  -9.96 & -8.61 & -6.52 & -5.12 \\
c10         & -3.11 & -3.39 & -4.55 & -3.20 & -5.34 & -8.29 & -6.35 & -7.33 &  -9.60 & -10.24 & -4.16 & -5.96 & -13.29 & -7.28 & -3.36 & -8.56 & -5.46 & -2.80 & -6.93 & -10.18 & -8.35 & -6.52 & -5.12 \\
c11         & -3.11 & -3.51 & -4.44 & -3.11 & -5.05 & -8.26 & -6.36 & -7.24 &  -9.90 & -10.37 & -4.28 & -5.71 & -13.72 & -7.07 & -3.40 & -8.30 & -5.58 & -2.80 & -6.83 & -10.45 & -8.37 & -6.52 & -5.12 \\
c12         & -3.11 & -3.46 & -4.52 & -3.21 & -5.38 & -8.05 & -6.18 & -7.34 &  -9.95 & -10.15 & -4.17 & -5.86 & -13.66 & -6.99 & -3.25 & -8.51 & -5.56 & -2.81 & -7.24 &  -9.98 & -8.42 & -6.51 & -5.13 \\
c13         & -3.11 & -3.42 & -4.36 & -3.21 & -5.39 & -8.00 & -6.56 & -7.58 &  -9.96 &  -9.98 & -4.07 & -5.77 & -13.66 & -7.18 & -3.34 & -8.50 & -5.43 & -2.80 & -7.13 &  -9.75 & -8.37 & -6.52 & -5.12 \\
c14         & -3.11 & -3.52 & -4.40 & -3.05 & -5.56 & -8.44 & -6.35 & -7.01 &  -9.59 & -10.15 & -4.05 & -5.79 & -13.52 & -7.44 & -3.42 & -8.33 & -5.41 & -2.76 & -6.69 & -10.17 & -8.46 & -6.56 & -5.13 \\
c15         & -3.09 & -3.42 & -4.41 & -3.17 & -5.21 & -8.17 & -6.20 & -6.96 &  -9.94 & -10.11 & -4.02 & -5.96 & -14.51 & -7.36 & -3.36 & -8.62 & -5.34 & -2.84 & -6.59 & -10.32 & -8.56 & -6.52 &  0.00 \\
c16         & -3.11 & -3.39 & -4.36 & -3.07 & -5.38 & -7.74 & -6.07 & -6.88 & -10.07 & -10.19 & -4.18 & -5.79 & -14.12 & -7.58 & -3.23 & -8.31 & -5.31 & -2.77 & -7.05 &  -9.98 & -8.37 & -6.52 & -5.12 \\
c17         & -3.11 & -3.55 & -4.46 & -3.21 & -5.53 & -8.13 & -6.06 & -7.73 & -10.07 &  -9.30 & -4.23 & -5.99 & -14.16 & -7.26 & -3.43 & -8.58 & -5.41 & -2.79 & -6.37 &  -9.92 & -8.46 & -6.55 & -5.12 \\
c18         & -3.11 & -3.58 & -4.28 & -3.04 & -5.51 & -8.51 & -6.27 & -7.19 & -10.22 & -10.59 & -4.06 & -5.75 & -13.50 & -7.30 & -3.26 & -8.65 & -5.44 & -2.80 & -6.54 & -10.14 & -8.42 & -6.52 & -5.13 \\
c19         & -3.11 & -3.53 & -4.40 & -3.17 & -5.33 & -8.33 & -6.24 & -7.03 &  -9.99 &  -9.89 & -4.18 & -5.68 & -13.48 & -7.11 & -3.23 & -8.44 & -5.42 & -2.77 & -7.28 & -10.12 & -8.34 & -6.52 & -5.12 \\
c20         & -3.11 & -3.54 & -4.37 & -3.12 & -5.38 & -7.91 & -6.37 & -7.21 &  -9.93 &  -9.65 & -4.28 & -5.98 & -13.95 & -7.70 & -3.28 & -8.45 & -5.46 & -2.78 & -6.85 & -10.23 & -8.51 & -6.52 & -5.12 \\
c21         & -3.11 & -3.57 & -4.62 & -3.20 & -5.47 & -8.10 & -6.13 & -7.02 &  -9.94 & -10.49 & -4.23 & -5.63 & -13.65 & -7.18 & -3.29 & -8.47 & -5.57 & -2.77 & -6.85 & -10.32 & -8.50 & -6.55 & -5.13 \\
c22         & -3.11 & -3.50 & -4.35 & -3.18 & -5.22 & -8.11 & -6.41 & -7.51 & -10.34 &  -9.75 & -4.10 & -5.80 & -13.57 & -7.31 & -3.30 & -8.15 & -5.46 & -2.84 & -6.76 &  -9.75 & -8.41 & -6.52 & -5.12 \\
\bottomrule
\end{tabular}

                               0            1   ...            21            22
new_cluster  [-0.36, new_cluster]  [-0.74, c1]  ...  [-3.82, c21]  [-2.38, c22]
c1           [-0.36, new_cluster]  [-0.78, c1]  ...  [-3.82, c21]  [-2.38, c22]
c2           [-0.36, new_cluster]  [-0.73, c1]  ...  [-3.82, c21]  [-2.38, c22]
c3           [-0.36, new_cluster]   [-0.8, c1]  ...  [-3.82, c21]  [-2.38, c22]
c4           [-0.36, new_cluster]  [-0.83, c1]  ...  [-3.82, c21]  [-2.38, c22]
c5           [-0.36, new_cluster]  [-0.82, c1]  ...  [-3.82, c21]  [-2.38, c22]
c6           [-0.36, new_cluster]  [-0.81, c1]  ...  [-3.82, c21]  [-2.38, c22]
c7           [-0.36, new_cluster]   [-0.8, c1]  ...  [-3.82, c21]  [-2.38, c22]
c8           [-0.36, new_cluster]  [-0.66, c1]  ...  [-3.82, c21]  [-2.38, c22]
c9           [-0.36, new_cluster]  [-0.71, c1]  ...  [-3.82, c21]  [-2.38, c22]
c10          [-0.36, new_cluster]  [-0.66, c1]  ...  [-3.82, c21]  [-2.38, c22]
c11          [-0.36, new_cluster]  [-0.78, c1]  ...  [-3.82, c21]  [-2.38, c22]
c12          [-0.36, new_cluster]  [-0.73, c1]  ...  [-3.82, c21]  [-2.38, c22]
c13          [-0.36, new_cluster]  [-0.69, c1]  ...  [-3.82, c21]  [-2.38, c22]
c14          [-0.36, new_cluster]  [-0.75, c1]  ...  [-3.82, c21]  [-2.38, c22]
c15          [-0.36, new_cluster]  [-0.69, c1]  ...  [-3.82, c21]         [0, ]
c16          [-0.36, new_cluster]  [-0.66, c1]  ...  [-3.82, c21]  [-2.38, c22]
c17          [-0.36, new_cluster]  [-0.82, c1]  ...  [-3.82, c21]  [-2.38, c22]
c18          [-0.36, new_cluster]  [-0.86, c1]  ...  [-3.82, c21]  [-2.38, c22]
c19          [-0.36, new_cluster]   [-0.8, c1]  ...  [-3.82, c21]  [-2.38, c22]
c20          [-0.36, new_cluster]  [-0.81, c1]  ...  [-3.82, c21]  [-2.38, c22]
c21          [-0.36, new_cluster]  [-0.84, c1]  ...  [-3.82, c21]  [-2.38, c22]
c22          [-0.36, new_cluster]  [-0.76, c1]  ...  [-3.82, c21]  [-2.38, c22]

[23 rows x 23 columns]
\begin{tabular}{llllllllllllllllllllllll}
\toprule
{} &                    0  &           1  &           2  &           3  &           4  &           5  &           6  &           7  &           8  &           9  &            10 &            11 &             12 &            13 &            14 &            15 &            16 &            17 &            18 &            19 &            20 &            21 &            22 \\
\midrule
new\_cluster &  [-0.36, new\_cluster] &  [-0.74, c1] &   [-1.7, c2] &  [-0.47, c3] &  [-2.39, c4] &  [-5.32, c5] &  [-3.48, c6] &  [-4.25, c7] &  [-7.26, c8] &  [-7.06, c9] &   [-1.4, c10] &  [-2.97, c11] &  [-10.86, c12] &  [-4.14, c13] &  [-0.73, c14] &  [-8.25, c15] &  [-2.79, c16] &  [-0.09, c17] &   [-4.2, c18] &  [-7.54, c19] &  [-5.74, c20] &  [-3.82, c21] &  [-2.38, c22] \\
c1          &  [-0.36, new\_cluster] &  [-0.78, c1] &  [-1.73, c2] &  [-0.34, c3] &  [-2.48, c4] &  [-5.27, c5] &  [-3.69, c6] &  [-4.55, c7] &  [-7.17, c8] &  [-7.13, c9] &  [-1.54, c10] &  [-2.99, c11] &  [-10.77, c12] &   [-4.4, c13] &   [-0.6, c14] &  [-8.67, c15] &  [-2.71, c16] &  [-0.08, c17] &  [-4.14, c18] &  [-7.38, c19] &  [-5.74, c20] &  [-3.82, c21] &  [-2.38, c22] \\
c2          &  [-0.36, new\_cluster] &  [-0.73, c1] &  [-1.64, c2] &  [-0.54, c3] &  [-2.61, c4] &  [-5.23, c5] &  [-3.44, c6] &  [-4.32, c7] &  [-7.04, c8] &  [-7.74, c9] &  [-1.42, c10] &  [-2.92, c11] &  [-10.59, c12] &  [-4.34, c13] &  [-0.62, c14] &  [-8.69, c15] &  [-2.69, c16] &   [-0.1, c17] &  [-3.79, c18] &  [-7.41, c19] &  [-5.75, c20] &  [-3.82, c21] &  [-2.38, c22] \\
c3          &  [-0.36, new\_cluster] &   [-0.8, c1] &  [-1.56, c2] &  [-0.56, c3] &  [-2.66, c4] &   [-5.3, c5] &  [-3.49, c6] &  [-4.32, c7] &  [-6.87, c8] &  [-6.93, c9] &  [-1.52, c10] &  [-3.27, c11] &  [-10.86, c12] &  [-4.53, c13] &  [-0.53, c14] &  [-8.73, c15] &  [-2.81, c16] &  [-0.05, c17] &  [-4.42, c18] &  [-7.66, c19] &  [-5.77, c20] &  [-3.82, c21] &  [-2.38, c22] \\
c4          &  [-0.36, new\_cluster] &  [-0.83, c1] &  [-1.59, c2] &  [-0.48, c3] &  [-2.49, c4] &  [-5.51, c5] &  [-3.58, c6] &   [-4.8, c7] &  [-7.32, c8] &  [-6.84, c9] &  [-1.48, c10] &  [-3.08, c11] &  [-11.02, c12] &  [-4.38, c13] &  [-0.66, c14] &  [-8.41, c15] &  [-2.77, c16] &  [-0.12, c17] &  [-3.94, c18] &  [-7.54, c19] &  [-5.81, c20] &  [-3.82, c21] &  [-2.38, c22] \\
c5          &  [-0.36, new\_cluster] &  [-0.82, c1] &  [-1.62, c2] &  [-0.48, c3] &  [-2.48, c4] &  [-5.48, c5] &  [-3.29, c6] &  [-4.36, c7] &  [-7.16, c8] &  [-7.09, c9] &  [-1.44, c10] &  [-3.29, c11] &   [-11.2, c12] &  [-4.23, c13] &  [-0.64, c14] &  [-8.42, c15] &  [-2.77, c16] &   [-0.1, c17] &  [-4.16, c18] &   [-7.3, c19] &   [-5.8, c20] &  [-3.82, c21] &  [-2.38, c22] \\
c6          &  [-0.36, new\_cluster] &  [-0.81, c1] &  [-1.85, c2] &  [-0.48, c3] &   [-2.5, c4] &  [-5.36, c5] &  [-3.08, c6] &  [-4.37, c7] &  [-7.23, c8] &  [-7.63, c9] &  [-1.55, c10] &   [-3.0, c11] &   [-10.4, c12] &  [-4.44, c13] &  [-0.88, c14] &  [-8.37, c15] &  [-2.75, c16] &  [-0.07, c17] &  [-4.03, c18] &  [-7.12, c19] &  [-5.71, c20] &  [-3.82, c21] &  [-2.38, c22] \\
c7          &  [-0.36, new\_cluster] &   [-0.8, c1] &  [-1.73, c2] &  [-0.53, c3] &  [-2.58, c4] &  [-5.31, c5] &  [-3.42, c6] &  [-4.36, c7] &  [-7.26, c8] &  [-7.16, c9] &  [-1.32, c10] &   [-3.0, c11] &  [-10.97, c12] &  [-4.49, c13] &  [-0.57, c14] &  [-8.05, c15] &  [-2.72, c16] &  [-0.09, c17] &  [-4.13, c18] &  [-7.33, c19] &  [-5.74, c20] &  [-3.82, c21] &  [-2.38, c22] \\
c8          &  [-0.36, new\_cluster] &  [-0.66, c1] &  [-1.77, c2] &  [-0.47, c3] &  [-2.46, c4] &  [-5.28, c5] &  [-3.24, c6] &   [-4.6, c7] &  [-6.99, c8] &  [-7.22, c9] &  [-1.57, c10] &  [-3.02, c11] &  [-10.58, c12] &  [-4.51, c13] &  [-0.81, c14] &  [-7.98, c15] &   [-2.7, c16] &  [-0.06, c17] &  [-4.13, c18] &  [-7.49, c19] &  [-5.84, c20] &  [-3.82, c21] &  [-2.38, c22] \\
c9          &  [-0.36, new\_cluster] &  [-0.71, c1] &  [-1.71, c2] &  [-0.47, c3] &  [-2.54, c4] &  [-5.45, c5] &  [-3.14, c6] &  [-4.52, c7] &  [-7.27, c8] &  [-6.95, c9] &  [-1.51, c10] &  [-2.95, c11] &  [-11.45, c12] &  [-4.49, c13] &  [-0.51, c14] &  [-8.41, c15] &  [-2.83, c16] &   [-0.1, c17] &  [-4.06, c18] &  [-7.27, c19] &  [-5.92, c20] &  [-3.82, c21] &  [-2.38, c22] \\
c10         &  [-0.36, new\_cluster] &  [-0.66, c1] &  [-1.81, c2] &  [-0.53, c3] &  [-2.55, c4] &  [-5.51, c5] &  [-3.64, c6] &  [-4.59, c7] &  [-6.92, c8] &  [-7.47, c9] &  [-1.44, c10] &  [-3.19, c11] &  [-10.54, c12] &  [-4.55, c13] &  [-0.69, c14] &  [-8.56, c15] &  [-2.74, c16] &  [-0.08, c17] &  [-4.19, c18] &  [-7.48, c19] &  [-5.64, c20] &  [-3.82, c21] &  [-2.38, c22] \\
c11         &  [-0.36, new\_cluster] &  [-0.78, c1] &  [-1.71, c2] &  [-0.44, c3] &  [-2.26, c4] &   [-5.5, c5] &  [-3.64, c6] &  [-4.51, c7] &  [-7.22, c8] &  [-7.58, c9] &  [-1.56, c10] &  [-2.94, c11] &  [-10.97, c12] &  [-4.34, c13] &  [-0.72, c14] &   [-8.3, c15] &  [-2.86, c16] &   [-0.1, c17] &   [-4.1, c18] &  [-7.74, c19] &  [-5.67, c20] &  [-3.82, c21] &  [-2.38, c22] \\
c12         &  [-0.36, new\_cluster] &  [-0.73, c1] &  [-1.77, c2] &   [-0.5, c3] &   [-2.6, c4] &  [-5.26, c5] &  [-3.47, c6] &  [-4.54, c7] &  [-7.22, c8] &  [-7.39, c9] &  [-1.41, c10] &  [-3.14, c11] &  [-10.91, c12] &  [-4.27, c13] &  [-0.57, c14] &  [-8.51, c15] &  [-2.86, c16] &   [-0.1, c17] &   [-4.5, c18] &  [-7.28, c19] &  [-5.71, c20] &  [-3.82, c21] &  [-2.38, c22] \\
c13         &  [-0.36, new\_cluster] &  [-0.69, c1] &  [-1.64, c2] &  [-0.54, c3] &   [-2.6, c4] &  [-5.22, c5] &  [-3.78, c6] &  [-4.85, c7] &  [-7.29, c8] &  [-7.18, c9] &  [-1.35, c10] &   [-3.0, c11] &  [-10.93, c12] &  [-4.47, c13] &  [-0.67, c14] &   [-8.5, c15] &  [-2.71, c16] &  [-0.08, c17] &   [-4.4, c18] &  [-7.04, c19] &  [-5.67, c20] &  [-3.82, c21] &  [-2.38, c22] \\
c14         &  [-0.36, new\_cluster] &  [-0.75, c1] &  [-1.68, c2] &  [-0.36, c3] &  [-2.78, c4] &  [-5.71, c5] &  [-3.63, c6] &  [-4.27, c7] &  [-6.91, c8] &  [-7.35, c9] &  [-1.29, c10] &  [-3.02, c11] &  [-10.77, c12] &  [-4.71, c13] &  [-0.75, c14] &  [-8.33, c15] &  [-2.68, c16] &  [-0.05, c17] &  [-3.97, c18] &  [-7.45, c19] &  [-5.74, c20] &  [-3.82, c21] &  [-2.38, c22] \\
c15         &  [-0.36, new\_cluster] &  [-0.69, c1] &  [-1.67, c2] &   [-0.5, c3] &  [-2.42, c4] &   [-5.4, c5] &  [-3.48, c6] &  [-4.23, c7] &  [-7.27, c8] &  [-7.39, c9] &  [-1.29, c10] &  [-3.19, c11] &  [-11.78, c12] &  [-4.63, c13] &  [-0.68, c14] &  [-8.62, c15] &  [-2.64, c16] &  [-0.09, c17] &  [-3.87, c18] &  [-7.61, c19] &  [-5.84, c20] &  [-3.82, c21] &         [0, ] \\
c16         &  [-0.36, new\_cluster] &  [-0.66, c1] &  [-1.64, c2] &   [-0.4, c3] &  [-2.57, c4] &  [-4.95, c5] &  [-3.36, c6] &  [-4.13, c7] &  [-7.34, c8] &   [-7.4, c9] &  [-1.45, c10] &  [-3.07, c11] &  [-11.38, c12] &  [-4.87, c13] &  [-0.56, c14] &  [-8.31, c15] &  [-2.62, c16] &  [-0.08, c17] &  [-4.31, c18] &  [-7.28, c19] &  [-5.67, c20] &  [-3.82, c21] &  [-2.38, c22] \\
c17         &  [-0.36, new\_cluster] &  [-0.82, c1] &   [-1.7, c2] &  [-0.54, c3] &  [-2.74, c4] &  [-5.35, c5] &   [-3.3, c6] &   [-5.0, c7] &   [-7.4, c8] &  [-6.55, c9] &  [-1.51, c10] &  [-3.22, c11] &  [-11.41, c12] &  [-4.53, c13] &  [-0.75, c14] &  [-8.58, c15] &  [-2.71, c16] &  [-0.08, c17] &  [-3.64, c18] &  [-7.21, c19] &  [-5.74, c20] &  [-3.82, c21] &  [-2.38, c22] \\
c18         &  [-0.36, new\_cluster] &  [-0.86, c1] &  [-1.55, c2] &  [-0.36, c3] &  [-2.71, c4] &  [-5.72, c5] &  [-3.57, c6] &  [-4.45, c7] &  [-7.55, c8] &  [-7.84, c9] &  [-1.34, c10] &  [-2.97, c11] &  [-10.75, c12] &  [-4.57, c13] &  [-0.58, c14] &  [-8.65, c15] &  [-2.74, c16] &  [-0.08, c17] &   [-3.8, c18] &  [-7.44, c19] &   [-5.7, c20] &  [-3.82, c21] &  [-2.38, c22] \\
c19         &  [-0.36, new\_cluster] &   [-0.8, c1] &  [-1.64, c2] &  [-0.48, c3] &  [-2.54, c4] &  [-5.54, c5] &  [-3.52, c6] &  [-4.29, c7] &  [-7.31, c8] &  [-7.13, c9] &  [-1.43, c10] &  [-2.91, c11] &  [-10.74, c12] &  [-4.38, c13] &  [-0.56, c14] &  [-8.44, c15] &   [-2.7, c16] &  [-0.08, c17] &  [-4.56, c18] &  [-7.42, c19] &  [-5.64, c20] &  [-3.82, c21] &  [-2.38, c22] \\
c20         &  [-0.36, new\_cluster] &  [-0.81, c1] &  [-1.65, c2] &  [-0.45, c3] &  [-2.59, c4] &  [-5.13, c5] &  [-3.58, c6] &  [-4.47, c7] &  [-7.26, c8] &  [-6.89, c9] &  [-1.53, c10] &  [-3.21, c11] &  [-11.21, c12] &  [-4.97, c13] &   [-0.6, c14] &  [-8.45, c15] &  [-2.73, c16] &  [-0.08, c17] &  [-4.11, c18] &  [-7.51, c19] &  [-5.81, c20] &  [-3.82, c21] &  [-2.38, c22] \\
c21         &  [-0.36, new\_cluster] &  [-0.84, c1] &   [-1.9, c2] &  [-0.52, c3] &  [-2.68, c4] &  [-5.31, c5] &  [-3.42, c6] &  [-4.29, c7] &  [-7.21, c8] &  [-7.71, c9] &  [-1.51, c10] &  [-2.86, c11] &  [-10.92, c12] &  [-4.46, c13] &  [-0.62, c14] &  [-8.47, c15] &  [-2.88, c16] &  [-0.06, c17] &  [-4.13, c18] &  [-7.62, c19] &  [-5.77, c20] &  [-3.82, c21] &  [-2.38, c22] \\
c22         &  [-0.36, new\_cluster] &  [-0.76, c1] &  [-1.62, c2] &  [-0.51, c3] &  [-2.47, c4] &  [-5.34, c5] &   [-3.7, c6] &  [-4.78, c7] &  [-7.66, c8] &  [-6.95, c9] &  [-1.35, c10] &  [-3.07, c11] &  [-10.82, c12] &  [-4.59, c13] &  [-0.62, c14] &  [-8.15, c15] &  [-2.76, c16] &  [-0.08, c17] &  [-4.04, c18] &  [-7.03, c19] &  [-5.68, c20] &  [-3.82, c21] &  [-2.38, c22] \\
\bottomrule
\end{tabular}

