Seed: 0
Experiment_path: AE_Model_2/Epochs_2_4_6_8_20/20_Experiment_05_Epochs
Dataset_Path: ../_00_Datasets/03_SimDaten_Quiroga2020/C_Easy2_noise015.mat
Dataset_name: ['03_SimDaten_Quiroga2020', 'C_Easy2_noise015.mat']
Variant_name: V05_Online_AE_QL
Visualisation_Path: AE_Model_2/Epochs_2_4_6_8_20/20_Experiment_05_Epochs/C_Easy2_noise015.mat/V05_Online_AE_QL/2023_05_11-01_32_55
Normalisation: False
Template Matching: False
Optimising Autoencoder: False
Update Factor: 1
Noisy Batches: False
Noisy Factor: 0.001
Epochs: 20
Batch Size: 1
maximal Spikes for Autoencoder Training : 700
maximal Spikes for Training: 1000
Input Size: 47
Chosen Model: Convolutional Autoencoder
ConvolutionalAutoencoder(
  (encoder): Sequential(
    (0): Conv1d(1, 6, kernel_size=(6,), stride=(1,))
    (1): LeakyReLU(negative_slope=0.01)
    (2): Conv1d(6, 1, kernel_size=(6,), stride=(1,))
    (3): Flatten(start_dim=1, end_dim=-1)
    (4): Linear(in_features=37, out_features=2, bias=True)
  )
  (decoder): Sequential(
    (0): ConvTranspose1d(1, 6, kernel_size=(6,), stride=(1,))
    (1): LeakyReLU(negative_slope=0.01)
    (2): ConvTranspose1d(6, 1, kernel_size=(6,), stride=(1,))
    (3): Flatten(start_dim=1, end_dim=-1)
    (4): Linear(in_features=12, out_features=47, bias=True)
  )
)
MSELoss()
Adam (
Parameter Group 0
    amsgrad: False
    betas: (0.9, 0.999)
    capturable: False
    differentiable: False
    eps: 1e-08
    foreach: None
    fused: False
    lr: 0.001
    maximize: False
    weight_decay: 0
)
---Q Learning Parameters---
Normalisation: False
Punishment Coefficient: 0.5
Alpha: 0.8
Epsilon: 0.01
Gamma: 0.97
Initial Episode Number: 0
Episode Number Coefficient: 1.4
Number of Random Features: 20
Planning Number: 20
Max Random Features: 60
New Episode Number: 72
New Episode Number: 143
New Episode Number: 215
New Episode Number: 286
New Episode Number: 358
New Episode Number: 429
                0      1     2     3      4      5      6
new_cluster -9.90 -11.12 -9.17 -9.15 -10.02  -9.96 -10.16
c1          -9.90 -11.20 -9.15 -9.17 -10.14 -10.37 -10.53
c2          -9.88 -11.19 -9.25 -9.12 -10.06 -11.17 -10.40
c3          -9.90 -10.94 -9.13 -9.28 -10.09 -10.84 -10.20
c4          -9.90 -11.21 -9.05 -9.14 -10.12 -10.75 -10.72
c5          -9.89 -11.18 -9.08 -9.12 -10.05 -11.32 -10.24
c6          -9.91 -11.20 -9.11 -9.13 -10.04 -10.92 -10.34
\begin{tabular}{lrrrrrrr}
\toprule
{} &     0 &      1 &     2 &     3 &      4 &      5 &      6 \\
\midrule
new\_cluster & -9.90 & -11.12 & -9.17 & -9.15 & -10.02 &  -9.96 & -10.16 \\
c1          & -9.90 & -11.20 & -9.15 & -9.17 & -10.14 & -10.37 & -10.53 \\
c2          & -9.88 & -11.19 & -9.25 & -9.12 & -10.06 & -11.17 & -10.40 \\
c3          & -9.90 & -10.94 & -9.13 & -9.28 & -10.09 & -10.84 & -10.20 \\
c4          & -9.90 & -11.21 & -9.05 & -9.14 & -10.12 & -10.75 & -10.72 \\
c5          & -9.89 & -11.18 & -9.08 & -9.12 & -10.05 & -11.32 & -10.24 \\
c6          & -9.91 & -11.20 & -9.11 & -9.13 & -10.04 & -10.92 & -10.34 \\
\bottomrule
\end{tabular}

                               0            1  ...            5            6
new_cluster  [-1.0, new_cluster]  [-2.24, c1]  ...  [-1.16, c5]   [-1.3, c6]
c1           [-1.0, new_cluster]  [-2.33, c1]  ...  [-1.56, c5]  [-1.68, c6]
c2           [-1.0, new_cluster]  [-2.32, c1]  ...  [-2.37, c5]  [-1.56, c6]
c3           [-1.0, new_cluster]  [-2.06, c1]  ...  [-2.04, c5]  [-1.35, c6]
c4           [-1.0, new_cluster]  [-2.34, c1]  ...  [-1.95, c5]  [-1.88, c6]
c5           [-1.0, new_cluster]  [-2.31, c1]  ...  [-2.53, c5]  [-1.38, c6]
c6           [-1.0, new_cluster]   [-2.3, c1]  ...  [-2.12, c5]  [-1.48, c6]

[7 rows x 7 columns]
\begin{tabular}{llllllll}
\toprule
{} &                    0 &            1 &            2 &            3 &            4 &            5 &            6 \\
\midrule
new\_cluster &  [-1.0, new\_cluster] &  [-2.24, c1] &  [-0.25, c2] &  [-0.28, c3] &  [-1.16, c4] &  [-1.16, c5] &   [-1.3, c6] \\
c1          &  [-1.0, new\_cluster] &  [-2.33, c1] &  [-0.23, c2] &  [-0.29, c3] &  [-1.29, c4] &  [-1.56, c5] &  [-1.68, c6] \\
c2          &  [-1.0, new\_cluster] &  [-2.32, c1] &  [-0.34, c2] &  [-0.25, c3] &  [-1.26, c4] &  [-2.37, c5] &  [-1.56, c6] \\
c3          &  [-1.0, new\_cluster] &  [-2.06, c1] &  [-0.21, c2] &  [-0.42, c3] &  [-1.23, c4] &  [-2.04, c5] &  [-1.35, c6] \\
c4          &  [-1.0, new\_cluster] &  [-2.34, c1] &  [-0.21, c2] &  [-0.27, c3] &  [-1.28, c4] &  [-1.95, c5] &  [-1.88, c6] \\
c5          &  [-1.0, new\_cluster] &  [-2.31, c1] &  [-0.17, c2] &   [-0.2, c3] &  [-1.26, c4] &  [-2.53, c5] &  [-1.38, c6] \\
c6          &  [-1.0, new\_cluster] &   [-2.3, c1] &  [-0.26, c2] &  [-0.23, c3] &  [-1.19, c4] &  [-2.12, c5] &  [-1.48, c6] \\
\bottomrule
\end{tabular}

