Seed: 0
Experiment_path: Experiment_07
Dataset_Path: ../_00_Datasets/03_SimDaten_Quiroga2020/C_Easy2_noise020.mat
Dataset_name: ['03_SimDaten_Quiroga2020', 'C_Easy2_noise020.mat']
Variant_name: Variant_05_Online_Autoencoder_QLearning_opt_temp
Visualisation_Path: AE_Model_2/Grid_Search_PC//V5_2/C_Easy2_noise020.mat/Variant_05_Online_Autoencoder_QLearning_opt_temp/2023_05_04-05_37_26
Normalisation: False
Template Matching: True
Optimising Autoencoder: True
Update Factor: 1
Noisy Batches: False
Noisy Factor: 0.001
Epochs: 8
Batch Size: 1
maximal Spikes for Autoencoder Training : 700
maximal Spikes for Training: 1000
Input Size: 47
Chosen Model: Convolutional Autoencoder
ConvolutionalAutoencoder(
  (encoder): Sequential(
    (0): Conv1d(1, 6, kernel_size=(6,), stride=(1,))
    (1): LeakyReLU(negative_slope=0.01)
    (2): Conv1d(6, 1, kernel_size=(6,), stride=(1,))
    (3): Flatten(start_dim=1, end_dim=-1)
    (4): Linear(in_features=37, out_features=2, bias=True)
  )
  (decoder): Sequential(
    (0): ConvTranspose1d(1, 6, kernel_size=(6,), stride=(1,))
    (1): LeakyReLU(negative_slope=0.01)
    (2): ConvTranspose1d(6, 1, kernel_size=(6,), stride=(1,))
    (3): Flatten(start_dim=1, end_dim=-1)
    (4): Linear(in_features=12, out_features=47, bias=True)
  )
)
MSELoss()
Adam (
Parameter Group 0
    amsgrad: False
    betas: (0.9, 0.999)
    capturable: False
    differentiable: False
    eps: 1e-08
    foreach: None
    fused: False
    lr: 0.001
    maximize: False
    weight_decay: 0
)
---Q Learning Parameters---
Normalisation: False
Punishment Coefficient: 1.0
Alpha: 0.8
Epsilon: 0.01
Gamma: 0.97
Initial Episode Number: 0
Episode Number Coefficient: 1.4
Number of Random Features: 20
Planning Number: 20
Max Random Features: 60
New Episode Number: 72
New Episode Number: 143
New Episode Number: 215
New Episode Number: 286
                0     1     2     3     4
new_cluster -5.25 -1.27 -6.29 -2.52 -2.04
c1          -5.24 -1.26 -6.24 -2.72 -2.47
c2          -5.25 -1.23 -6.37 -2.86 -2.66
c3          -5.24 -1.36 -6.01 -2.75 -2.15
c4          -5.26 -1.29 -7.21 -2.70 -2.48
\begin{tabular}{lrrrrr}
\toprule
{} &     0 &     1 &     2 &     3 &     4 \\
\midrule
new\_cluster & -5.25 & -1.27 & -6.29 & -2.52 & -2.04 \\
c1          & -5.24 & -1.26 & -6.24 & -2.72 & -2.47 \\
c2          & -5.25 & -1.23 & -6.37 & -2.86 & -2.66 \\
c3          & -5.24 & -1.36 & -6.01 & -2.75 & -2.15 \\
c4          & -5.26 & -1.29 & -7.21 & -2.70 & -2.48 \\
\bottomrule
\end{tabular}

                               0            1  ...            3            4
new_cluster  [-4.0, new_cluster]  [-0.05, c1]  ...  [-1.21, c3]  [-0.76, c4]
c1           [-4.0, new_cluster]  [-0.01, c1]  ...   [-1.4, c3]  [-1.21, c4]
c2           [-4.0, new_cluster]   [-0.0, c1]  ...  [-1.55, c3]  [-1.36, c4]
c3           [-4.0, new_cluster]  [-0.06, c1]  ...  [-1.43, c3]  [-0.92, c4]
c4           [-4.0, new_cluster]  [-0.05, c1]  ...  [-1.39, c3]  [-1.18, c4]

[5 rows x 5 columns]
\begin{tabular}{llllll}
\toprule
{} &                    0 &            1 &            2 &            3 &            4 \\
\midrule
new\_cluster &  [-4.0, new\_cluster] &  [-0.05, c1] &  [-5.09, c2] &  [-1.21, c3] &  [-0.76, c4] \\
c1          &  [-4.0, new\_cluster] &  [-0.01, c1] &  [-5.05, c2] &   [-1.4, c3] &  [-1.21, c4] \\
c2          &  [-4.0, new\_cluster] &   [-0.0, c1] &  [-5.16, c2] &  [-1.55, c3] &  [-1.36, c4] \\
c3          &  [-4.0, new\_cluster] &  [-0.06, c1] &  [-4.89, c2] &  [-1.43, c3] &  [-0.92, c4] \\
c4          &  [-4.0, new\_cluster] &  [-0.05, c1] &  [-6.01, c2] &  [-1.39, c3] &  [-1.18, c4] \\
\bottomrule
\end{tabular}

