Seed: 2
Experiment_path: Random_Seeds_DV5//V5_2/Experiment_05_2_opt_temp
Dataset_Path: ../_00_Datasets/03_SimDaten_Quiroga2020/C_Difficult1_noise010.mat
Dataset_name: ['03_SimDaten_Quiroga2020', 'C_Difficult1_noise010.mat']
Variant_name: Variant_05_Online_Autoencoder_QLearning_opt_temp
Visualisation_Path: Random_Seeds_DV5//V5_2/Experiment_05_2_opt_temp/C_Difficult1_noise010.mat/Variant_05_Online_Autoencoder_QLearning_opt_temp/2023_04_16-16_14_09
Normalisation: False
Template Matching: True
Optimising Autoencoder: True
Update Factor: 100
Noisy Batches: False
Noisy Factor: 0.1
Epochs: 8
Batch Size: 1
maximal Spikes for Autoencoder Training : 700
maximal Spikes for Training: 1000
Input Size: 47
Chosen Model: Autoencoder
Autoencoder(
  (encoder): Sequential(
    (0): Linear(in_features=47, out_features=12, bias=True)
    (1): LeakyReLU(negative_slope=0.01)
    (2): Linear(in_features=12, out_features=2, bias=True)
  )
  (decoder): Sequential(
    (0): Linear(in_features=2, out_features=12, bias=True)
    (1): LeakyReLU(negative_slope=0.01)
    (2): Linear(in_features=12, out_features=47, bias=True)
  )
)
MSELoss()
Adam (
Parameter Group 0
    amsgrad: False
    betas: (0.9, 0.999)
    capturable: False
    differentiable: False
    eps: 1e-08
    foreach: None
    fused: False
    lr: 0.001
    maximize: False
    weight_decay: 0
)
---Q Learning Parameters---
Normalisation: False
Punishment Coefficient: 0.4
Alpha: 0.8
Epsilon: 0.01
Gamma: 0.97
Initial Episode Number: 0
Episode Number Coefficient: 1.4
Number of Random Features: 20
Planning Number: 20
Max Random Features: 60
New Episode Number: 72
New Episode Number: 143
New Episode Number: 215
New Episode Number: 286
New Episode Number: 358
                0     1     2     3     4     5
new_cluster -1.39 -0.78 -1.11 -0.90 -1.29 -1.75
c1          -1.39 -0.76 -1.03 -0.88 -1.13 -1.75
c2          -1.40 -0.75 -1.07 -0.97 -1.11 -1.75
c3          -1.39 -0.78 -1.02 -0.90 -1.08 -1.75
c4          -1.40 -0.77 -1.06 -0.95  0.00  0.00
c5          -1.39 -0.76 -1.07 -0.95  0.00  0.00
\begin{tabular}{lrrrrrr}
\toprule
{} &     0 &     1 &     2 &     3 &     4 &     5 \\
\midrule
new\_cluster & -1.39 & -0.78 & -1.11 & -0.90 & -1.29 & -1.75 \\
c1          & -1.39 & -0.76 & -1.03 & -0.88 & -1.13 & -1.75 \\
c2          & -1.40 & -0.75 & -1.07 & -0.97 & -1.11 & -1.75 \\
c3          & -1.39 & -0.78 & -1.02 & -0.90 & -1.08 & -1.75 \\
c4          & -1.40 & -0.77 & -1.06 & -0.95 &  0.00 &  0.00 \\
c5          & -1.39 & -0.76 & -1.07 & -0.95 &  0.00 &  0.00 \\
\bottomrule
\end{tabular}

                                0            1  ...            4            5
new_cluster  [-0.64, new_cluster]  [-0.03, c1]  ...  [-1.29, c4]  [-1.75, c5]
c1           [-0.64, new_cluster]  [-0.02, c1]  ...  [-1.13, c4]  [-1.75, c5]
c2           [-0.64, new_cluster]  [-0.01, c1]  ...  [-1.11, c4]  [-1.75, c5]
c3           [-0.64, new_cluster]  [-0.03, c1]  ...  [-1.08, c4]  [-1.75, c5]
c4           [-0.64, new_cluster]  [-0.03, c1]  ...        [0, ]        [0, ]
c5           [-0.64, new_cluster]  [-0.01, c1]  ...        [0, ]        [0, ]

[6 rows x 6 columns]
\begin{tabular}{lllllll}
\toprule
{} &                     0 &            1 &            2 &            3 &            4 &            5 \\
\midrule
new\_cluster &  [-0.64, new\_cluster] &  [-0.03, c1] &  [-0.37, c2] &  [-0.15, c3] &  [-1.29, c4] &  [-1.75, c5] \\
c1          &  [-0.64, new\_cluster] &  [-0.02, c1] &  [-0.29, c2] &  [-0.13, c3] &  [-1.13, c4] &  [-1.75, c5] \\
c2          &  [-0.64, new\_cluster] &  [-0.01, c1] &  [-0.33, c2] &  [-0.22, c3] &  [-1.11, c4] &  [-1.75, c5] \\
c3          &  [-0.64, new\_cluster] &  [-0.03, c1] &  [-0.29, c2] &  [-0.14, c3] &  [-1.08, c4] &  [-1.75, c5] \\
c4          &  [-0.64, new\_cluster] &  [-0.03, c1] &  [-0.31, c2] &   [-0.2, c3] &        [0, ] &        [0, ] \\
c5          &  [-0.64, new\_cluster] &  [-0.01, c1] &  [-0.33, c2] &  [-0.19, c3] &        [0, ] &        [0, ] \\
\bottomrule
\end{tabular}

