Seed: 0
Experiment_path: AE_Model_2/Base_Line_W_PC//0.8/Experiment_04
Dataset_Path: ../_00_Datasets/03_SimDaten_Quiroga2020/C_Difficult2_noise020.mat
Dataset_name: ['03_SimDaten_Quiroga2020', 'C_Difficult2_noise020.mat']
Variant_name: Variant_04_Offline_Autoencoder_QLearning
Visualisation_Path: AE_Model_2/Base_Line_W_PC//0.8/Experiment_04/C_Difficult2_noise020.mat/Variant_04_Offline_Autoencoder_QLearning/2023_04_23-21_54_04
Split Ratio: 0.9
Epochs: 8
Batch Size: 1
Input Size: 47
Number of Features: 2
Chosen Model: Convolutional Autoencoder
ConvolutionalAutoencoder(
  (encoder): Sequential(
    (0): Conv1d(1, 6, kernel_size=(6,), stride=(1,))
    (1): LeakyReLU(negative_slope=0.01)
    (2): Conv1d(6, 1, kernel_size=(6,), stride=(1,))
    (3): Flatten(start_dim=1, end_dim=-1)
    (4): Linear(in_features=37, out_features=2, bias=True)
  )
  (decoder): Sequential(
    (0): ConvTranspose1d(1, 6, kernel_size=(6,), stride=(1,))
    (1): LeakyReLU(negative_slope=0.01)
    (2): ConvTranspose1d(6, 1, kernel_size=(6,), stride=(1,))
    (3): Flatten(start_dim=1, end_dim=-1)
    (4): Linear(in_features=12, out_features=47, bias=True)
  )
)
MSELoss()
Adam (
Parameter Group 0
    amsgrad: False
    betas: (0.9, 0.999)
    capturable: False
    differentiable: False
    eps: 1e-08
    foreach: None
    fused: False
    lr: 0.001
    maximize: False
    weight_decay: 0
)
---Q Learning Parameters---
Normalisation: False
Punishment Coefficient: 0.8
Alpha: 0.8
Epsilon: 0.01
Gamma: 0.97
Initial Episode Number: 0
Episode Number Coefficient: 1.4
Number of Random Features: 20
Planning Number: 20
Max Random Features: 60
New Episode Number: 72
New Episode Number: 143
New Episode Number: 215
New Episode Number: 286
New Episode Number: 358
New Episode Number: 429
New Episode Number: 500
                 0      1     2      3      4      5      6      7
new_cluster -12.14 -13.91 -9.81 -19.27 -12.47 -24.08 -12.23 -32.05
c1          -12.15 -14.57 -9.56 -17.92 -13.35 -25.00 -11.71 -32.04
c2          -12.08 -14.72 -9.55 -19.09 -12.65 -23.32 -11.04 -32.08
c3          -12.14 -13.76 -9.84 -19.36 -12.39 -23.63 -11.83 -32.04
c4          -12.09 -14.05 -9.99 -19.60 -12.36 -23.41 -11.83 -32.03
c5          -12.09 -14.76 -9.72 -18.29 -12.05 -25.12 -11.64 -32.10
c6          -12.07 -14.86 -9.52 -18.46 -12.77 -24.26 -11.48 -32.23
c7          -12.14 -14.47 -9.66 -19.41 -13.13 -24.40 -11.97 -32.33
\begin{tabular}{lrrrrrrrr}
\toprule
{} &      0 &      1 &     2 &      3 &      4 &      5 &      6 &      7 \\
\midrule
new\_cluster & -12.14 & -13.91 & -9.81 & -19.27 & -12.47 & -24.08 & -12.23 & -32.05 \\
c1          & -12.15 & -14.57 & -9.56 & -17.92 & -13.35 & -25.00 & -11.71 & -32.04 \\
c2          & -12.08 & -14.72 & -9.55 & -19.09 & -12.65 & -23.32 & -11.04 & -32.08 \\
c3          & -12.14 & -13.76 & -9.84 & -19.36 & -12.39 & -23.63 & -11.83 & -32.04 \\
c4          & -12.09 & -14.05 & -9.99 & -19.60 & -12.36 & -23.41 & -11.83 & -32.03 \\
c5          & -12.09 & -14.76 & -9.72 & -18.29 & -12.05 & -25.12 & -11.64 & -32.10 \\
c6          & -12.07 & -14.86 & -9.52 & -18.46 & -12.77 & -24.26 & -11.48 & -32.23 \\
c7          & -12.14 & -14.47 & -9.66 & -19.41 & -13.13 & -24.40 & -11.97 & -32.33 \\
\bottomrule
\end{tabular}

                                0            1  ...            6             7
new_cluster  [-2.56, new_cluster]  [-4.63, c1]  ...  [-2.94, c6]  [-22.66, c7]
c1           [-2.56, new_cluster]  [-5.23, c1]  ...  [-2.16, c6]  [-22.66, c7]
c2           [-2.56, new_cluster]  [-5.39, c1]  ...  [-1.49, c6]  [-22.66, c7]
c3           [-2.56, new_cluster]  [-4.48, c1]  ...  [-2.59, c6]  [-22.66, c7]
c4           [-2.56, new_cluster]  [-4.72, c1]  ...  [-2.28, c6]  [-22.66, c7]
c5           [-2.56, new_cluster]  [-5.44, c1]  ...  [-2.08, c6]  [-22.66, c7]
c6           [-2.56, new_cluster]  [-5.31, c1]  ...  [-1.92, c6]  [-22.66, c7]
c7           [-2.56, new_cluster]   [-5.2, c1]  ...  [-2.68, c6]  [-22.66, c7]

[8 rows x 8 columns]
\begin{tabular}{lllllllll}
\toprule
{} &                     0 &            1 &            2 &             3 &            4 &             5 &            6 &             7 \\
\midrule
new\_cluster &  [-2.56, new\_cluster] &  [-4.63, c1] &  [-0.24, c2] &   [-9.71, c3] &  [-2.75, c4] &   [-14.6, c5] &  [-2.94, c6] &  [-22.66, c7] \\
c1          &  [-2.56, new\_cluster] &  [-5.23, c1] &  [-0.19, c2] &   [-8.37, c3] &  [-3.67, c4] &  [-15.52, c5] &  [-2.16, c6] &  [-22.66, c7] \\
c2          &  [-2.56, new\_cluster] &  [-5.39, c1] &  [-0.14, c2] &   [-9.28, c3] &  [-2.94, c4] &  [-13.88, c5] &  [-1.49, c6] &  [-22.66, c7] \\
c3          &  [-2.56, new\_cluster] &  [-4.48, c1] &  [-0.49, c2] &   [-9.76, c3] &   [-2.7, c4] &  [-14.15, c5] &  [-2.59, c6] &  [-22.66, c7] \\
c4          &  [-2.56, new\_cluster] &  [-4.72, c1] &  [-0.26, c2] &  [-10.06, c3] &  [-2.59, c4] &  [-13.92, c5] &  [-2.28, c6] &  [-22.66, c7] \\
c5          &  [-2.56, new\_cluster] &  [-5.44, c1] &  [-0.37, c2] &   [-8.69, c3] &  [-2.35, c4] &  [-15.64, c5] &  [-2.08, c6] &  [-22.66, c7] \\
c6          &  [-2.56, new\_cluster] &  [-5.31, c1] &  [-0.16, c2] &   [-8.91, c3] &  [-3.08, c4] &  [-14.82, c5] &  [-1.92, c6] &  [-22.66, c7] \\
c7          &  [-2.56, new\_cluster] &   [-5.2, c1] &  [-0.33, c2] &   [-9.86, c3] &  [-3.44, c4] &  [-14.91, c5] &  [-2.68, c6] &  [-22.66, c7] \\
\bottomrule
\end{tabular}

