Experiment_path: Random_Seeds//V2/Experiment_02_2
Dataset_Path: ../_00_Datasets/03_SimDaten_Quiroga2020/C_Difficult1_noise005.mat
Dataset_name: ['03_SimDaten_Quiroga2020', 'C_Difficult1_noise005.mat']
Variant_name: Variant_02_Autoencoder_KMeans
Visualisation_Path: Random_Seeds//V2/Experiment_02_2/C_Difficult1_noise005.mat/Variant_02_Autoencoder_KMeans/2023_04_15-11_51_39
<_01_LoadDataset.ExternCode.spike_class.spike_dataclass object at 0x00000289CAB8EB38>
Sampling rate: 24000.0
Raw: [-0.02396372 -0.02524464 -0.02236968 ... -0.00445509 -0.00436778
 -0.00470578]
Times: [    634     868    2584 ... 1437994 1438740 1439460]
Cluster: [3 2 3 ... 1 2 3]
Number of different clusters:  3
Number of Spikes: 3383
First aligned Spike Frame: [ 0.00503762 -0.00373478 -0.02417005 -0.05492281 -0.07823403 -0.07649548
 -0.06285267 -0.06865366 -0.09676273 -0.11004904 -0.09516198 -0.02689536
  0.18218225  0.56508663  0.95357316  1.00263054  0.57634096 -0.04324787
 -0.47305592 -0.6155027  -0.61852552 -0.60964372 -0.60484482 -0.57289026
 -0.52334621 -0.49235523 -0.47468281 -0.4416077  -0.40763637 -0.38725194
 -0.36627613 -0.33462257 -0.30781191 -0.30310449 -0.30176569 -0.28764362
 -0.27487686 -0.27588822 -0.27512317 -0.25186462 -0.21649826 -0.18877803
 -0.16831802 -0.15216626 -0.15550926 -0.17919117 -0.19056035]
Cluster 0, Occurrences: 1115
Cluster 1, Occurrences: 1113
Cluster 2, Occurrences: 1155
<torch.utils.data.dataloader.DataLoader object at 0x00000289CAB8EDD8>
Epoch [1/8]: mean_loss=0.00019407503022210787
Epoch [2/8]: mean_loss=0.00012112970945972893
Epoch [3/8]: mean_loss=0.00012055164145373475
Epoch [4/8]: mean_loss=0.00012058836203965955
Epoch [5/8]: mean_loss=0.0001208562528281774
Epoch [6/8]: mean_loss=0.00011939095925653153
Epoch [7/8]: mean_loss=0.0001172648127923879
Epoch [8/8]: mean_loss=0.00011558184655399196
Number of Clusters: 3
Number of Samples after Autoencoder testing: 3383
First Spike after testing: [-1.0224609  0.3141045]
[2 1 2 ... 0 1 2]
[2 0 2 ... 1 0 2]
Cluster 0 Occurrences: 1115; KMEANS: 1093
Cluster 1 Occurrences: 1113; KMEANS: 1063
Cluster 2 Occurrences: 1155; KMEANS: 1227
Centroids: [[-0.39915043, 0.70419264], [-0.31440404, 0.0450853], [-1.0553273, 0.21796514]]
Centroids: [[-0.28433532, 0.0315305], [-0.37142742, 0.72008884], [-1.0662442, 0.23405634]]
Contingency Matrix: 
[[  15 1060   40]
 [1069    3   41]
 [   9    0 1146]]
[[15, 1060, 40], [1069, 3, 41], [9, 0, 1146]]
[[15, 1060, 40], [1069, 3, 41], [9, 0, 1146]]
[0, 1, 2]
[[15, 1060, -1], [1069, 3, -1], [-1, -1, -1]]
[[-1, 1060, -1], [-1, -1, -1], [-1, -1, -1]]
[[-1, -1, -1], [-1, -1, -1], [-1, -1, -1]]
Match_Labels: {2: 2, 1: 0, 0: 1}
New Contingency Matrix: 
[[1060   15   40]
 [   3 1069   41]
 [   0    9 1146]]
New Clustered Label Sequence: [1, 0, 2]
Diagonal_Elements: [1060, 1069, 1146], Sum: 3275
All_Elements: [1060, 15, 40, 3, 1069, 41, 0, 9, 1146], Sum: 3383
Accuracy: 0.9680756724800473
