Seed: 0
Experiment_path: AE_Model_2/Base_Line_W_PC//0.5/Experiment_05
Dataset_Path: ../_00_Datasets/03_SimDaten_Quiroga2020/C_Easy2_noise005.mat
Dataset_name: ['03_SimDaten_Quiroga2020', 'C_Easy2_noise005.mat']
Variant_name: Variant_05_Online_Autoencoder_QLearning
Visualisation_Path: AE_Model_2/Base_Line_W_PC//0.5/Experiment_05/C_Easy2_noise005.mat/Variant_05_Online_Autoencoder_QLearning/2023_04_23-20_02_58
Normalisation: False
Template Matching: False
Optimising Autoencoder: False
Update Factor: 1
Noisy Batches: False
Noisy Factor: 0.1
Epochs: 8
Batch Size: 1
maximal Spikes for Autoencoder Training : 700
maximal Spikes for Training: 1000
Input Size: 47
Chosen Model: Convolutional Autoencoder
ConvolutionalAutoencoder(
  (encoder): Sequential(
    (0): Conv1d(1, 6, kernel_size=(6,), stride=(1,))
    (1): LeakyReLU(negative_slope=0.01)
    (2): Conv1d(6, 1, kernel_size=(6,), stride=(1,))
    (3): Flatten(start_dim=1, end_dim=-1)
    (4): Linear(in_features=37, out_features=2, bias=True)
  )
  (decoder): Sequential(
    (0): ConvTranspose1d(1, 6, kernel_size=(6,), stride=(1,))
    (1): LeakyReLU(negative_slope=0.01)
    (2): ConvTranspose1d(6, 1, kernel_size=(6,), stride=(1,))
    (3): Flatten(start_dim=1, end_dim=-1)
    (4): Linear(in_features=12, out_features=47, bias=True)
  )
)
MSELoss()
Adam (
Parameter Group 0
    amsgrad: False
    betas: (0.9, 0.999)
    capturable: False
    differentiable: False
    eps: 1e-08
    foreach: None
    fused: False
    lr: 0.001
    maximize: False
    weight_decay: 0
)
---Q Learning Parameters---
Normalisation: False
Punishment Coefficient: 0.5
Alpha: 0.8
Epsilon: 0.01
Gamma: 0.97
Initial Episode Number: 0
Episode Number Coefficient: 1.4
Number of Random Features: 20
Planning Number: 20
Max Random Features: 60
New Episode Number: 72
New Episode Number: 143
New Episode Number: 215
New Episode Number: 286
New Episode Number: 358
New Episode Number: 429
New Episode Number: 500
New Episode Number: 572
                0     1     2     3     4      5     6      7     8
new_cluster -1.08 -6.47 -1.99 -0.08 -1.69 -19.45 -0.80 -29.91 -1.88
c1          -1.08 -6.53 -1.77 -0.08 -1.65 -19.45 -0.84 -29.91 -1.88
c2          -1.09 -6.29 -1.87 -0.08 -1.90 -19.45 -0.75 -29.91 -1.88
c3          -1.08 -6.39 -2.13 -0.08 -1.67 -19.46 -0.91 -29.91 -1.88
c4          -1.08 -6.48 -1.91 -0.08 -1.90 -19.46 -1.05 -29.91 -1.88
c5          -1.08 -6.70 -1.79 -0.08 -1.60 -19.46 -1.24 -29.91 -1.88
c6          -1.08 -6.63 -1.88 -0.08 -1.61 -19.45 -0.51 -29.91 -1.88
c7          -1.08 -6.41 -1.95 -0.08 -2.06 -19.45 -0.56 -29.91 -1.88
c8          -1.08 -6.53 -2.03 -0.08 -1.87 -19.45 -0.94 -29.91  0.00
\begin{tabular}{lrrrrrrrrr}
\toprule
{} &     0 &     1 &     2 &     3 &     4 &      5 &     6 &      7 &     8 \\
\midrule
new\_cluster & -1.08 & -6.47 & -1.99 & -0.08 & -1.69 & -19.45 & -0.80 & -29.91 & -1.88 \\
c1          & -1.08 & -6.53 & -1.77 & -0.08 & -1.65 & -19.45 & -0.84 & -29.91 & -1.88 \\
c2          & -1.09 & -6.29 & -1.87 & -0.08 & -1.90 & -19.45 & -0.75 & -29.91 & -1.88 \\
c3          & -1.08 & -6.39 & -2.13 & -0.08 & -1.67 & -19.46 & -0.91 & -29.91 & -1.88 \\
c4          & -1.08 & -6.48 & -1.91 & -0.08 & -1.90 & -19.46 & -1.05 & -29.91 & -1.88 \\
c5          & -1.08 & -6.70 & -1.79 & -0.08 & -1.60 & -19.46 & -1.24 & -29.91 & -1.88 \\
c6          & -1.08 & -6.63 & -1.88 & -0.08 & -1.61 & -19.45 & -0.51 & -29.91 & -1.88 \\
c7          & -1.08 & -6.41 & -1.95 & -0.08 & -2.06 & -19.45 & -0.56 & -29.91 & -1.88 \\
c8          & -1.08 & -6.53 & -2.03 & -0.08 & -1.87 & -19.45 & -0.94 & -29.91 &  0.00 \\
\bottomrule
\end{tabular}

                               0            1  ...             7            8
new_cluster  [-1.0, new_cluster]   [-6.4, c1]  ...  [-29.83, c7]  [-1.88, c8]
c1           [-1.0, new_cluster]  [-6.45, c1]  ...  [-29.83, c7]  [-1.88, c8]
c2           [-1.0, new_cluster]  [-6.22, c1]  ...  [-29.83, c7]  [-1.88, c8]
c3           [-1.0, new_cluster]  [-6.32, c1]  ...  [-29.83, c7]  [-1.88, c8]
c4           [-1.0, new_cluster]   [-6.4, c1]  ...  [-29.83, c7]  [-1.88, c8]
c5           [-1.0, new_cluster]  [-6.63, c1]  ...  [-29.83, c7]  [-1.88, c8]
c6           [-1.0, new_cluster]  [-6.55, c1]  ...  [-29.83, c7]  [-1.88, c8]
c7           [-1.0, new_cluster]  [-6.34, c1]  ...  [-29.83, c7]  [-1.88, c8]
c8           [-1.0, new_cluster]  [-6.45, c1]  ...  [-29.83, c7]        [0, ]

[9 rows x 9 columns]
\begin{tabular}{llllllllll}
\toprule
{} &                    0 &            1 &            2 &           3 &            4 &             5 &            6 &             7 &            8 \\
\midrule
new\_cluster &  [-1.0, new\_cluster] &   [-6.4, c1] &  [-1.92, c2] &  [-0.0, c3] &  [-1.61, c4] &  [-19.37, c5] &  [-0.72, c6] &  [-29.83, c7] &  [-1.88, c8] \\
c1          &  [-1.0, new\_cluster] &  [-6.45, c1] &   [-1.7, c2] &  [-0.0, c3] &  [-1.57, c4] &  [-19.37, c5] &  [-0.76, c6] &  [-29.83, c7] &  [-1.88, c8] \\
c2          &  [-1.0, new\_cluster] &  [-6.22, c1] &  [-1.79, c2] &  [-0.0, c3] &  [-1.82, c4] &  [-19.37, c5] &  [-0.67, c6] &  [-29.83, c7] &  [-1.88, c8] \\
c3          &  [-1.0, new\_cluster] &  [-6.32, c1] &  [-2.05, c2] &  [-0.0, c3] &   [-1.6, c4] &  [-19.37, c5] &  [-0.83, c6] &  [-29.83, c7] &  [-1.88, c8] \\
c4          &  [-1.0, new\_cluster] &   [-6.4, c1] &  [-1.83, c2] &  [-0.0, c3] &  [-1.83, c4] &  [-19.37, c5] &  [-0.97, c6] &  [-29.83, c7] &  [-1.88, c8] \\
c5          &  [-1.0, new\_cluster] &  [-6.63, c1] &  [-1.71, c2] &  [-0.0, c3] &  [-1.53, c4] &  [-19.37, c5] &  [-1.16, c6] &  [-29.83, c7] &  [-1.88, c8] \\
c6          &  [-1.0, new\_cluster] &  [-6.55, c1] &  [-1.81, c2] &  [-0.0, c3] &  [-1.53, c4] &  [-19.37, c5] &  [-0.43, c6] &  [-29.83, c7] &  [-1.88, c8] \\
c7          &  [-1.0, new\_cluster] &  [-6.34, c1] &  [-1.88, c2] &  [-0.0, c3] &  [-1.98, c4] &  [-19.37, c5] &  [-0.48, c6] &  [-29.83, c7] &  [-1.88, c8] \\
c8          &  [-1.0, new\_cluster] &  [-6.45, c1] &  [-1.96, c2] &  [-0.0, c3] &  [-1.79, c4] &  [-19.37, c5] &  [-0.86, c6] &  [-29.83, c7] &        [0, ] \\
\bottomrule
\end{tabular}

