Seed: 0
Experiment_path: AE_Model_2/Epochs_2_4_6_8_20/20_Experiment_05_Epochs
Dataset_Path: ../_00_Datasets/03_SimDaten_Quiroga2020/C_Easy1_noise015.mat
Dataset_name: ['03_SimDaten_Quiroga2020', 'C_Easy1_noise015.mat']
Variant_name: V05_Online_AE_QL
Visualisation_Path: AE_Model_2/Epochs_2_4_6_8_20/20_Experiment_05_Epochs/C_Easy1_noise015.mat/V05_Online_AE_QL/2023_05_11-01_27_20
Normalisation: False
Template Matching: False
Optimising Autoencoder: False
Update Factor: 1
Noisy Batches: False
Noisy Factor: 0.001
Epochs: 20
Batch Size: 1
maximal Spikes for Autoencoder Training : 700
maximal Spikes for Training: 1000
Input Size: 47
Chosen Model: Convolutional Autoencoder
ConvolutionalAutoencoder(
  (encoder): Sequential(
    (0): Conv1d(1, 6, kernel_size=(6,), stride=(1,))
    (1): LeakyReLU(negative_slope=0.01)
    (2): Conv1d(6, 1, kernel_size=(6,), stride=(1,))
    (3): Flatten(start_dim=1, end_dim=-1)
    (4): Linear(in_features=37, out_features=2, bias=True)
  )
  (decoder): Sequential(
    (0): ConvTranspose1d(1, 6, kernel_size=(6,), stride=(1,))
    (1): LeakyReLU(negative_slope=0.01)
    (2): ConvTranspose1d(6, 1, kernel_size=(6,), stride=(1,))
    (3): Flatten(start_dim=1, end_dim=-1)
    (4): Linear(in_features=12, out_features=47, bias=True)
  )
)
MSELoss()
Adam (
Parameter Group 0
    amsgrad: False
    betas: (0.9, 0.999)
    capturable: False
    differentiable: False
    eps: 1e-08
    foreach: None
    fused: False
    lr: 0.001
    maximize: False
    weight_decay: 0
)
---Q Learning Parameters---
Normalisation: False
Punishment Coefficient: 0.6
Alpha: 0.8
Epsilon: 0.01
Gamma: 0.97
Initial Episode Number: 0
Episode Number Coefficient: 1.4
Number of Random Features: 20
Planning Number: 20
Max Random Features: 60
New Episode Number: 72
New Episode Number: 143
New Episode Number: 215
                0     1     2     3
new_cluster -3.48 -3.22 -3.68 -2.11
c1          -3.49 -3.24 -3.76 -2.17
c2          -3.47 -3.31 -3.74 -2.19
c3          -3.49 -3.38 -3.85 -2.16
\begin{tabular}{lrrrr}
\toprule
{} &     0 &     1 &     2 &     3 \\
\midrule
new\_cluster & -3.48 & -3.22 & -3.68 & -2.11 \\
c1          & -3.49 & -3.24 & -3.76 & -2.17 \\
c2          & -3.47 & -3.31 & -3.74 & -2.19 \\
c3          & -3.49 & -3.38 & -3.85 & -2.16 \\
\bottomrule
\end{tabular}

                                0            1            2            3
new_cluster  [-1.44, new_cluster]  [-1.13, c1]  [-1.56, c2]  [-0.03, c3]
c1           [-1.44, new_cluster]  [-1.14, c1]  [-1.63, c2]  [-0.07, c3]
c2           [-1.44, new_cluster]  [-1.21, c1]  [-1.65, c2]  [-0.09, c3]
c3           [-1.44, new_cluster]  [-1.28, c1]  [-1.71, c2]  [-0.06, c3]
\begin{tabular}{lllll}
\toprule
{} &                     0 &            1 &            2 &            3 \\
\midrule
new\_cluster &  [-1.44, new\_cluster] &  [-1.13, c1] &  [-1.56, c2] &  [-0.03, c3] \\
c1          &  [-1.44, new\_cluster] &  [-1.14, c1] &  [-1.63, c2] &  [-0.07, c3] \\
c2          &  [-1.44, new\_cluster] &  [-1.21, c1] &  [-1.65, c2] &  [-0.09, c3] \\
c3          &  [-1.44, new\_cluster] &  [-1.28, c1] &  [-1.71, c2] &  [-0.06, c3] \\
\bottomrule
\end{tabular}

