Seed: 0
Experiment_path: Base_Line_W_PC//0.3/Experiment_03
Dataset_Path: ../_00_Datasets/03_SimDaten_Quiroga2020/C_Difficult1_noise010.mat
Dataset_name: ['03_SimDaten_Quiroga2020', 'C_Difficult1_noise010.mat']
Variant_name: Variant_03_PCA_QLearning
Visualisation_Path: Base_Line_W_PC//0.3/Experiment_03/C_Difficult1_noise010.mat/Variant_03_PCA_QLearning/2023_04_09-17_09_19
PCA Components: 2
Q Learning Size: 300
---Q Learning Parameters---
Normalisation: False
Punishment Coefficient: 0.3
Alpha: 0.8
Epsilon: 0.01
Gamma: 0.97
Initial Episode Number: 0
Episode Number Coefficient: 1.4
Number of Random Features: 20
Planning Number: 20
Max Random Features: 60
New Episode Number: 72
New Episode Number: 143
New Episode Number: 215
New Episode Number: 286
New Episode Number: 358
New Episode Number: 429
New Episode Number: 500
New Episode Number: 572
New Episode Number: 643
New Episode Number: 715
New Episode Number: 786
New Episode Number: 858
New Episode Number: 929
New Episode Number: 1000
New Episode Number: 1072
New Episode Number: 1143
New Episode Number: 1215
New Episode Number: 1286
New Episode Number: 1358
               0     1     2     3     4   ...    15    16    17    18    19
new_cluster -1.49 -2.90 -5.63 -4.62 -1.58  ... -2.16 -5.47 -3.27 -9.48 -4.15
c1          -1.49 -2.93 -5.53 -4.33 -1.55  ... -2.15 -5.42 -3.16 -9.45 -4.18
c2          -1.49 -2.74 -5.59 -4.42 -1.58  ... -2.15 -5.42 -3.08 -9.45 -4.15
c3          -1.49 -2.85 -5.35 -4.81 -1.60  ... -2.15 -5.42 -3.22 -9.45 -4.17
c4          -1.49 -2.85 -5.59 -4.17 -1.68  ... -2.15 -5.42 -3.14 -9.46 -4.18
c5          -1.50 -3.05 -5.69 -4.35 -1.70  ... -2.15 -5.43 -3.03 -9.48 -4.22
c6          -1.49 -2.89 -5.48 -4.36 -1.59  ... -2.16 -5.42 -3.02 -9.46 -4.21
c7          -1.52 -2.95 -5.38 -4.52 -1.63  ... -2.15 -5.43 -3.16 -9.48 -4.19
c8          -1.49 -3.01 -5.64 -4.49 -1.62  ... -2.15 -5.43 -3.23 -9.43 -4.17
c9          -1.49 -2.98 -5.57 -4.60 -1.51  ... -2.15 -5.42 -3.11 -9.45 -4.19
c10         -1.49 -2.85 -5.44 -4.55 -1.57  ... -2.15 -5.43 -3.38 -9.49 -4.20
c11         -1.49 -3.04 -5.34 -4.44 -1.60  ... -2.16 -5.45 -3.08 -9.45 -4.18
c12         -1.51 -2.91 -5.18 -4.63 -1.62  ... -2.15 -5.42 -3.19 -9.46 -4.18
c13         -1.49 -2.79 -5.49 -4.30 -1.65  ... -2.15 -5.43 -3.06 -9.49 -4.16
c14         -1.49 -2.98 -5.59 -4.57 -1.57  ... -2.15 -5.42 -3.08 -9.46 -4.18
c15         -1.49 -2.91 -5.78 -4.67 -1.57  ... -2.20 -5.42 -3.27 -9.47 -4.16
c16         -1.49 -2.71 -5.55 -4.36 -1.52  ... -2.15 -5.45 -2.96 -9.49 -4.15
c17         -1.49 -2.88 -5.33 -4.50 -1.62  ... -2.15 -5.43 -3.10 -9.45 -4.18
c18         -1.49 -2.93 -5.43 -4.42 -1.60  ... -2.15 -5.45 -3.04 -9.46 -4.18
c19         -1.49 -2.95 -5.28 -4.41 -1.60  ... -2.15 -5.45 -3.03 -9.45 -4.16

[20 rows x 20 columns]
\begin{tabular}{lrrrrrrrrrrrrrrrrrrrr}
\toprule
{} &    0  &    1  &    2  &    3  &    4  &    5  &    6  &    7  &    8  &    9  &    10 &    11 &    12 &    13 &    14 &    15 &    16 &    17 &    18 &    19 \\
\midrule
new\_cluster & -1.49 & -2.90 & -5.63 & -4.62 & -1.58 & -3.58 & -3.02 & -1.17 & -2.32 & -1.72 & -6.13 & -1.41 & -1.26 & -3.48 & -9.39 & -2.16 & -5.47 & -3.27 & -9.48 & -4.15 \\
c1          & -1.49 & -2.93 & -5.53 & -4.33 & -1.55 & -3.64 & -2.98 & -1.15 & -2.45 & -1.63 & -6.12 & -1.39 & -1.24 & -3.39 & -9.53 & -2.15 & -5.42 & -3.16 & -9.45 & -4.18 \\
c2          & -1.49 & -2.74 & -5.59 & -4.42 & -1.58 & -3.58 & -2.96 & -1.15 & -2.37 & -1.75 & -5.93 & -1.38 & -1.26 & -3.60 & -9.40 & -2.15 & -5.42 & -3.08 & -9.45 & -4.15 \\
c3          & -1.49 & -2.85 & -5.35 & -4.81 & -1.60 & -3.43 & -2.90 & -1.11 & -2.56 & -1.64 & -6.43 & -1.40 & -1.23 & -3.20 & -9.39 & -2.15 & -5.42 & -3.22 & -9.45 & -4.17 \\
c4          & -1.49 & -2.85 & -5.59 & -4.17 & -1.68 & -3.57 & -2.96 & -1.16 & -2.34 & -1.58 & -6.24 & -1.38 & -1.25 & -3.41 & -9.40 & -2.15 & -5.42 & -3.14 & -9.46 & -4.18 \\
c5          & -1.50 & -3.05 & -5.69 & -4.35 & -1.70 & -3.65 & -3.04 & -1.14 & -2.51 & -1.71 & -6.31 & -1.39 & -1.23 & -3.43 & -9.39 & -2.15 & -5.43 & -3.03 & -9.48 & -4.22 \\
c6          & -1.49 & -2.89 & -5.48 & -4.36 & -1.59 & -3.63 & -2.97 & -1.12 & -2.39 & -1.61 & -5.93 & -1.40 & -1.21 & -3.47 & -9.39 & -2.16 & -5.42 & -3.02 & -9.46 & -4.21 \\
c7          & -1.52 & -2.95 & -5.38 & -4.52 & -1.63 & -3.55 & -2.79 & -1.10 & -2.52 & -1.67 & -6.24 & -1.40 & -1.25 & -3.30 & -9.39 & -2.15 & -5.43 & -3.16 & -9.48 & -4.19 \\
c8          & -1.49 & -3.01 & -5.64 & -4.49 & -1.62 & -3.45 & -2.94 & -1.20 & -2.21 & -1.69 & -6.34 & -1.40 & -1.26 & -3.19 & -9.44 & -2.15 & -5.43 & -3.23 & -9.43 & -4.17 \\
c9          & -1.49 & -2.98 & -5.57 & -4.60 & -1.51 & -3.48 & -3.07 & -1.13 & -2.36 & -1.73 & -6.18 & -1.32 & -1.25 & -3.44 & -9.39 & -2.15 & -5.42 & -3.11 & -9.45 & -4.19 \\
c10         & -1.49 & -2.85 & -5.44 & -4.55 & -1.57 & -3.55 & -2.78 & -1.10 & -2.35 & -1.84 & -5.98 & -1.34 & -1.24 & -3.36 & -9.39 & -2.15 & -5.43 & -3.38 & -9.49 & -4.20 \\
c11         & -1.49 & -3.04 & -5.34 & -4.44 & -1.60 & -3.63 & -3.07 & -1.15 & -2.26 & -1.69 & -6.16 & -1.41 & -1.26 & -3.38 & -9.39 & -2.16 & -5.45 & -3.08 & -9.45 & -4.18 \\
c12         & -1.51 & -2.91 & -5.18 & -4.63 & -1.62 & -3.54 & -3.16 & -1.15 & -2.48 & -1.69 & -5.92 & -1.41 & -1.28 & -3.41 & -9.39 & -2.15 & -5.42 & -3.19 & -9.46 & -4.18 \\
c13         & -1.49 & -2.79 & -5.49 & -4.30 & -1.65 & -3.60 & -3.01 & -1.13 & -2.28 & -1.69 & -6.01 & -1.42 & -1.22 & -3.36 & -9.40 & -2.15 & -5.43 & -3.06 & -9.49 & -4.16 \\
c14         & -1.49 & -2.98 & -5.59 & -4.57 & -1.57 & -3.58 & -2.95 & -1.13 & -2.40 & -1.70 & -6.29 & -1.35 & -1.27 & -3.39 & -9.40 & -2.15 & -5.42 & -3.08 & -9.46 & -4.18 \\
c15         & -1.49 & -2.91 & -5.78 & -4.67 & -1.57 & -3.52 & -2.95 & -1.20 & -2.35 & -1.68 & -6.28 & -1.33 & -1.24 & -3.29 & -9.45 & -2.20 & -5.42 & -3.27 & -9.47 & -4.16 \\
c16         & -1.49 & -2.71 & -5.55 & -4.36 & -1.52 & -3.57 & -2.79 & -1.14 & -2.26 & -1.63 & -6.02 & -1.36 & -1.29 & -3.28 & -9.44 & -2.15 & -5.45 & -2.96 & -9.49 & -4.15 \\
c17         & -1.49 & -2.88 & -5.33 & -4.50 & -1.62 & -3.46 & -2.82 & -1.13 & -2.37 & -1.62 & -6.01 & -1.35 & -1.28 & -3.34 & -9.39 & -2.15 & -5.43 & -3.10 & -9.45 & -4.18 \\
c18         & -1.49 & -2.93 & -5.43 & -4.42 & -1.60 & -3.49 & -3.00 & -1.09 & -2.56 & -1.60 & -6.14 & -1.41 & -1.28 & -3.16 & -9.40 & -2.15 & -5.45 & -3.04 & -9.46 & -4.18 \\
c19         & -1.49 & -2.95 & -5.28 & -4.41 & -1.60 & -3.49 & -2.90 & -1.09 & -2.32 & -1.61 & -6.26 & -1.42 & -1.29 & -3.31 & -9.39 & -2.15 & -5.45 & -3.03 & -9.45 & -4.16 \\
\bottomrule
\end{tabular}

                               0            1   ...            18            19
new_cluster  [-0.36, new_cluster]  [-1.79, c1]  ...  [-8.36, c18]  [-3.09, c19]
c1           [-0.36, new_cluster]  [-1.81, c1]  ...  [-8.36, c18]  [-3.09, c19]
c2           [-0.36, new_cluster]  [-1.63, c1]  ...  [-8.36, c18]  [-3.09, c19]
c3           [-0.36, new_cluster]  [-1.74, c1]  ...  [-8.36, c18]  [-3.09, c19]
c4           [-0.36, new_cluster]  [-1.74, c1]  ...  [-8.36, c18]  [-3.09, c19]
c5           [-0.36, new_cluster]  [-1.94, c1]  ...  [-8.36, c18]  [-3.09, c19]
c6           [-0.36, new_cluster]  [-1.77, c1]  ...  [-8.36, c18]  [-3.09, c19]
c7           [-0.36, new_cluster]  [-1.83, c1]  ...  [-8.36, c18]  [-3.09, c19]
c8           [-0.36, new_cluster]  [-1.89, c1]  ...  [-8.36, c18]  [-3.09, c19]
c9           [-0.36, new_cluster]  [-1.86, c1]  ...  [-8.36, c18]  [-3.09, c19]
c10          [-0.36, new_cluster]  [-1.73, c1]  ...  [-8.36, c18]  [-3.09, c19]
c11          [-0.36, new_cluster]  [-1.92, c1]  ...  [-8.36, c18]  [-3.09, c19]
c12          [-0.36, new_cluster]  [-1.78, c1]  ...  [-8.36, c18]  [-3.09, c19]
c13          [-0.36, new_cluster]  [-1.67, c1]  ...  [-8.36, c18]  [-3.09, c19]
c14          [-0.36, new_cluster]  [-1.87, c1]  ...  [-8.36, c18]  [-3.09, c19]
c15          [-0.36, new_cluster]  [-1.79, c1]  ...  [-8.36, c18]  [-3.09, c19]
c16          [-0.36, new_cluster]   [-1.6, c1]  ...  [-8.36, c18]  [-3.09, c19]
c17          [-0.36, new_cluster]  [-1.77, c1]  ...  [-8.36, c18]  [-3.09, c19]
c18          [-0.36, new_cluster]  [-1.82, c1]  ...  [-8.36, c18]  [-3.09, c19]
c19          [-0.36, new_cluster]  [-1.84, c1]  ...  [-8.36, c18]  [-3.09, c19]

[20 rows x 20 columns]
\begin{tabular}{lllllllllllllllllllll}
\toprule
{} &                    0  &           1  &           2  &           3  &           4  &           5  &           6  &           7  &           8  &           9  &            10 &            11 &            12 &            13 &            14 &            15 &            16 &            17 &            18 &            19 \\
\midrule
new\_cluster &  [-0.36, new\_cluster] &  [-1.79, c1] &   [-4.5, c2] &  [-3.52, c3] &  [-0.45, c4] &  [-2.47, c5] &  [-1.89, c6] &  [-0.02, c7] &  [-1.13, c8] &  [-0.61, c9] &  [-5.06, c10] &  [-0.21, c11] &  [-0.13, c12] &  [-2.33, c13] &  [-8.29, c14] &  [-0.98, c15] &  [-4.32, c16] &  [-2.05, c17] &  [-8.36, c18] &  [-3.09, c19] \\
c1          &  [-0.36, new\_cluster] &  [-1.81, c1] &   [-4.4, c2] &  [-3.25, c3] &  [-0.42, c4] &  [-2.47, c5] &  [-1.85, c6] &  [-0.02, c7] &  [-1.28, c8] &  [-0.48, c9] &  [-5.03, c10] &  [-0.19, c11] &  [-0.13, c12] &  [-2.28, c13] &  [-8.29, c14] &  [-0.98, c15] &  [-4.32, c16] &  [-2.06, c17] &  [-8.36, c18] &  [-3.09, c19] \\
c2          &  [-0.36, new\_cluster] &  [-1.63, c1] &  [-4.45, c2] &  [-3.34, c3] &  [-0.45, c4] &  [-2.44, c5] &   [-1.8, c6] &  [-0.07, c7] &  [-1.21, c8] &  [-0.66, c9] &  [-4.86, c10] &  [-0.21, c11] &  [-0.14, c12] &  [-2.51, c13] &  [-8.29, c14] &  [-0.98, c15] &  [-4.32, c16] &  [-1.99, c17] &  [-8.36, c18] &  [-3.09, c19] \\
c3          &  [-0.36, new\_cluster] &  [-1.74, c1] &  [-4.19, c2] &  [-3.62, c3] &  [-0.48, c4] &  [-2.33, c5] &  [-1.78, c6] &  [-0.03, c7] &  [-1.39, c8] &   [-0.5, c9] &  [-5.25, c10] &  [-0.22, c11] &  [-0.12, c12] &  [-2.09, c13] &  [-8.29, c14] &  [-0.98, c15] &  [-4.32, c16] &  [-2.08, c17] &  [-8.36, c18] &  [-3.09, c19] \\
c4          &  [-0.36, new\_cluster] &  [-1.74, c1] &  [-4.42, c2] &  [-3.07, c3] &  [-0.51, c4] &  [-2.46, c5] &  [-1.79, c6] &  [-0.06, c7] &  [-1.18, c8] &  [-0.48, c9] &  [-5.15, c10] &  [-0.21, c11] &  [-0.13, c12] &  [-2.32, c13] &  [-8.29, c14] &  [-0.98, c15] &  [-4.32, c16] &  [-2.05, c17] &  [-8.36, c18] &  [-3.09, c19] \\
c5          &  [-0.36, new\_cluster] &  [-1.94, c1] &  [-4.52, c2] &  [-3.23, c3] &  [-0.56, c4] &  [-2.55, c5] &  [-1.92, c6] &  [-0.03, c7] &  [-1.34, c8] &  [-0.57, c9] &  [-5.23, c10] &  [-0.22, c11] &  [-0.11, c12] &  [-2.33, c13] &  [-8.29, c14] &  [-0.98, c15] &  [-4.32, c16] &  [-1.88, c17] &  [-8.36, c18] &  [-3.09, c19] \\
c6          &  [-0.36, new\_cluster] &  [-1.77, c1] &  [-4.36, c2] &  [-3.17, c3] &  [-0.46, c4] &  [-2.52, c5] &  [-1.88, c6] &  [-0.04, c7] &  [-1.23, c8] &  [-0.51, c9] &  [-4.86, c10] &   [-0.2, c11] &   [-0.1, c12] &  [-2.36, c13] &  [-8.29, c14] &  [-0.98, c15] &  [-4.32, c16] &  [-1.92, c17] &  [-8.36, c18] &  [-3.09, c19] \\
c7          &  [-0.36, new\_cluster] &  [-1.83, c1] &  [-4.25, c2] &  [-3.44, c3] &  [-0.43, c4] &   [-2.4, c5] &  [-1.71, c6] &  [-0.03, c7] &  [-1.35, c8] &  [-0.57, c9] &  [-5.11, c10] &  [-0.23, c11] &  [-0.13, c12] &   [-2.2, c13] &  [-8.29, c14] &  [-0.98, c15] &  [-4.32, c16] &  [-2.06, c17] &  [-8.36, c18] &  [-3.09, c19] \\
c8          &  [-0.36, new\_cluster] &  [-1.89, c1] &  [-4.47, c2] &   [-3.3, c3] &  [-0.49, c4] &  [-2.35, c5] &  [-1.82, c6] &  [-0.05, c7] &  [-1.05, c8] &  [-0.59, c9] &  [-5.25, c10] &  [-0.23, c11] &  [-0.11, c12] &  [-2.09, c13] &  [-8.29, c14] &  [-0.98, c15] &  [-4.32, c16] &  [-2.13, c17] &  [-8.36, c18] &  [-3.09, c19] \\
c9          &  [-0.36, new\_cluster] &  [-1.86, c1] &  [-4.43, c2] &  [-3.52, c3] &  [-0.38, c4] &  [-2.38, c5] &  [-1.95, c6] &  [-0.02, c7] &   [-1.2, c8] &  [-0.57, c9] &  [-5.11, c10] &  [-0.16, c11] &  [-0.14, c12] &  [-2.33, c13] &  [-8.29, c14] &  [-0.98, c15] &  [-4.32, c16] &  [-2.02, c17] &  [-8.36, c18] &  [-3.09, c19] \\
c10         &  [-0.36, new\_cluster] &  [-1.73, c1] &   [-4.3, c2] &  [-3.46, c3] &  [-0.43, c4] &  [-2.44, c5] &  [-1.66, c6] &  [-0.02, c7] &  [-1.19, c8] &  [-0.74, c9] &   [-4.9, c10] &  [-0.17, c11] &  [-0.13, c12] &  [-2.27, c13] &  [-8.29, c14] &  [-0.98, c15] &  [-4.32, c16] &  [-2.21, c17] &  [-8.36, c18] &  [-3.09, c19] \\
c11         &  [-0.36, new\_cluster] &  [-1.92, c1] &  [-4.16, c2] &  [-3.34, c3] &  [-0.47, c4] &  [-2.53, c5] &   [-1.9, c6] &  [-0.07, c7] &   [-1.1, c8] &  [-0.59, c9] &  [-5.07, c10] &  [-0.22, c11] &  [-0.13, c12] &  [-2.23, c13] &  [-8.29, c14] &  [-0.98, c15] &  [-4.32, c16] &  [-1.99, c17] &  [-8.36, c18] &  [-3.09, c19] \\
c12         &  [-0.36, new\_cluster] &  [-1.78, c1] &  [-4.01, c2] &  [-3.53, c3] &   [-0.5, c4] &  [-2.44, c5] &  [-2.05, c6] &  [-0.04, c7] &  [-1.31, c8] &  [-0.59, c9] &  [-4.83, c10] &  [-0.24, c11] &  [-0.17, c12] &  [-2.32, c13] &  [-8.29, c14] &  [-0.98, c15] &  [-4.32, c16] &  [-2.04, c17] &  [-8.36, c18] &  [-3.09, c19] \\
c13         &  [-0.36, new\_cluster] &  [-1.67, c1] &  [-4.33, c2] &  [-3.22, c3] &  [-0.52, c4] &   [-2.5, c5] &  [-1.84, c6] &  [-0.03, c7] &  [-1.12, c8] &  [-0.59, c9] &  [-4.91, c10] &  [-0.24, c11] &   [-0.1, c12] &  [-2.26, c13] &  [-8.29, c14] &  [-0.98, c15] &  [-4.32, c16] &  [-1.96, c17] &  [-8.36, c18] &  [-3.09, c19] \\
c14         &  [-0.36, new\_cluster] &  [-1.87, c1] &  [-4.47, c2] &  [-3.38, c3] &  [-0.45, c4] &  [-2.44, c5] &  [-1.83, c6] &  [-0.03, c7] &  [-1.22, c8] &   [-0.6, c9] &  [-5.22, c10] &  [-0.18, c11] &  [-0.16, c12] &  [-2.25, c13] &  [-8.29, c14] &  [-0.98, c15] &  [-4.32, c16] &  [-1.93, c17] &  [-8.36, c18] &  [-3.09, c19] \\
c15         &  [-0.36, new\_cluster] &  [-1.79, c1] &  [-4.64, c2] &  [-3.49, c3] &  [-0.43, c4] &   [-2.4, c5] &  [-1.82, c6] &  [-0.05, c7] &  [-1.19, c8] &  [-0.59, c9] &  [-5.19, c10] &  [-0.16, c11] &  [-0.12, c12] &   [-2.2, c13] &  [-8.29, c14] &  [-0.98, c15] &  [-4.32, c16] &  [-2.16, c17] &  [-8.36, c18] &  [-3.09, c19] \\
c16         &  [-0.36, new\_cluster] &   [-1.6, c1] &  [-4.43, c2] &  [-3.26, c3] &   [-0.4, c4] &  [-2.46, c5] &  [-1.67, c6] &  [-0.02, c7] &   [-1.1, c8] &  [-0.53, c9] &  [-4.87, c10] &  [-0.19, c11] &  [-0.17, c12] &  [-2.17, c13] &  [-8.29, c14] &  [-0.98, c15] &  [-4.32, c16] &  [-1.87, c17] &  [-8.36, c18] &  [-3.09, c19] \\
c17         &  [-0.36, new\_cluster] &  [-1.77, c1] &  [-4.19, c2] &  [-3.41, c3] &  [-0.49, c4] &  [-2.36, c5] &   [-1.7, c6] &  [-0.03, c7] &  [-1.21, c8] &  [-0.52, c9] &  [-4.93, c10] &  [-0.18, c11] &  [-0.16, c12] &  [-2.24, c13] &  [-8.29, c14] &  [-0.98, c15] &  [-4.32, c16] &  [-1.95, c17] &  [-8.36, c18] &  [-3.09, c19] \\
c18         &  [-0.36, new\_cluster] &  [-1.82, c1] &  [-4.31, c2] &  [-3.34, c3] &  [-0.46, c4] &  [-2.39, c5] &  [-1.84, c6] &  [-0.02, c7] &   [-1.4, c8] &  [-0.51, c9] &  [-5.06, c10] &  [-0.24, c11] &  [-0.14, c12] &  [-2.07, c13] &  [-8.29, c14] &  [-0.98, c15] &  [-4.32, c16] &  [-1.93, c17] &  [-8.36, c18] &  [-3.09, c19] \\
c19         &  [-0.36, new\_cluster] &  [-1.84, c1] &  [-4.16, c2] &  [-3.31, c3] &  [-0.48, c4] &  [-2.38, c5] &  [-1.81, c6] &  [-0.02, c7] &  [-1.15, c8] &  [-0.51, c9] &  [-5.16, c10] &  [-0.26, c11] &  [-0.16, c12] &  [-2.21, c13] &  [-8.29, c14] &  [-0.98, c15] &  [-4.32, c16] &  [-1.86, c17] &  [-8.36, c18] &  [-3.09, c19] \\
\bottomrule
\end{tabular}

