Experiment_path: AE_Model_2/Random_Seeds_DV5//V5_2/Experiment_05_7_opt_temp
Dataset_Path: ../_00_Datasets/03_SimDaten_Quiroga2020/C_Easy1_noise005.mat
Dataset_name: ['03_SimDaten_Quiroga2020', 'C_Easy1_noise005.mat']
Variant_name: Variant_05_Online_Autoencoder_QLearning_opt_temp
Visualisation_Path: AE_Model_2/Random_Seeds_DV5//V5_2/Experiment_05_7_opt_temp/C_Easy1_noise005.mat/Variant_05_Online_Autoencoder_QLearning_opt_temp/2023_05_04-17_15_12
Punishment_Coefficient: 1.1
<_01_LoadDataset.ExternCode.spike_class.spike_dataclass object at 0x0000019B9D9C9208>
Sampling rate: 24000.0
Raw: [-0.05265172 -0.03124187 -0.00282162 ...  0.01798155  0.01678863
  0.0119459 ]
Times: [    283     469    1484 ... 1438285 1438773 1439067]
Cluster: [2 1 3 ... 2 1 2]
Number of different clusters:  3
Number of Spikes: 3514
First aligned Spike Frame: [-2.11647214e-02 -2.00144278e-02 -2.48166304e-02 -2.70972753e-02
 -1.11241704e-02  1.86904987e-02  3.99716833e-02  4.40400999e-02
  4.38833221e-02  5.06364129e-02  6.02243042e-02  3.59622148e-02
 -9.64451652e-02 -3.71359573e-01 -6.92987060e-01 -8.74449953e-01
 -7.13363902e-01 -1.84182190e-01  4.08997970e-01  7.26119515e-01
  7.19977210e-01  5.61000789e-01  4.04007238e-01  2.96025242e-01
  2.22861462e-01  1.69209408e-01  1.33269005e-01  1.11481721e-01
  9.67043158e-02  8.35988040e-02  6.87571423e-02  5.74871826e-02
  5.26722178e-02  4.53956038e-02  3.31356602e-02  2.21250606e-02
  1.35048482e-02 -4.41592673e-04 -2.31921908e-02 -4.69576347e-02
 -6.03503288e-02 -6.27551095e-02 -6.19812766e-02 -6.37499251e-02
 -6.42747873e-02 -5.93586264e-02 -5.06150772e-02]
Cluster 0, Occurrences: 1165
Cluster 1, Occurrences: 1157
Cluster 2, Occurrences: 1192
Number of Clusters: 3
Online_Training [1/700]: mean_loss=0.10432982351630926
Online_Training [2/700]: mean_loss=0.11267547868192196
Online_Training [3/700]: mean_loss=0.3684783913195133
Online_Training [4/700]: mean_loss=0.34293579310178757
Online_Training [5/700]: mean_loss=0.37868762388825417
Online_Training [6/700]: mean_loss=0.10561122559010983
Online_Training [7/700]: mean_loss=0.1046634754166007
Online_Training [8/700]: mean_loss=0.3337348848581314
Online_Training [9/700]: mean_loss=0.09753221832215786
Online_Training [10/700]: mean_loss=0.08801405783742666
Online_Training [11/700]: mean_loss=0.06926639191806316
Online_Training [12/700]: mean_loss=0.0564275155775249
Online_Training [13/700]: mean_loss=0.03920145006850362
Online_Training [14/700]: mean_loss=0.17500315234065056
Online_Training [15/700]: mean_loss=0.2593853287398815
Online_Training [16/700]: mean_loss=0.13290323689579964
Online_Training [17/700]: mean_loss=0.2405562773346901
Online_Training [18/700]: mean_loss=0.1686427779495716
Online_Training [19/700]: mean_loss=0.11395124346017838
Online_Training [20/700]: mean_loss=0.10449426248669624
Online_Training [21/700]: mean_loss=0.1673908457159996
Online_Training [22/700]: mean_loss=0.255802184343338
Online_Training [23/700]: mean_loss=0.28571750223636627
Online_Training [24/700]: mean_loss=0.1572090620175004
Online_Training [25/700]: mean_loss=0.11948205903172493
Online_Training [26/700]: mean_loss=0.09629970509558916
Online_Training [27/700]: mean_loss=0.06782024819403887
Online_Training [28/700]: mean_loss=0.05582661321386695
Online_Training [29/700]: mean_loss=0.14435621164739132
Online_Training [30/700]: mean_loss=0.08857010491192341
Online_Training [31/700]: mean_loss=0.1792028583586216
Online_Training [32/700]: mean_loss=0.04967538034543395
Online_Training [33/700]: mean_loss=0.03509608004242182
Online_Training [34/700]: mean_loss=0.1521548330783844
Online_Training [35/700]: mean_loss=0.01502750487998128
Online_Training [36/700]: mean_loss=0.14664592780172825
Online_Training [37/700]: mean_loss=0.1158475186675787
Online_Training [38/700]: mean_loss=0.09553774632513523
Online_Training [39/700]: mean_loss=0.08814589213579893
Online_Training [40/700]: mean_loss=0.07697164360433817
Online_Training [41/700]: mean_loss=0.07122018467634916
Online_Training [42/700]: mean_loss=0.0324185483623296
Online_Training [43/700]: mean_loss=0.06595648173242807
Online_Training [44/700]: mean_loss=0.02476020040921867
Online_Training [45/700]: mean_loss=0.1050226278603077
Online_Training [46/700]: mean_loss=0.07053669355809689
Online_Training [47/700]: mean_loss=0.19280984811484814
Online_Training [48/700]: mean_loss=0.19090128503739834
Online_Training [49/700]: mean_loss=0.019816024811007082
Online_Training [50/700]: mean_loss=0.07105738949030638
Online_Training [51/700]: mean_loss=0.018959395005367696
Online_Training [52/700]: mean_loss=0.012519165175035596
Online_Training [53/700]: mean_loss=0.06970665091648698
Online_Training [54/700]: mean_loss=0.33441242948174477
Online_Training [55/700]: mean_loss=0.10900972411036491
Online_Training [56/700]: mean_loss=0.023809855105355382
Online_Training [57/700]: mean_loss=0.08834121655672789
Online_Training [58/700]: mean_loss=0.013279801816679537
Online_Training [59/700]: mean_loss=0.23629634082317352
Online_Training [60/700]: mean_loss=0.06715408805757761
Online_Training [61/700]: mean_loss=0.0715360976755619
Online_Training [62/700]: mean_loss=0.059604172594845295
Online_Training [63/700]: mean_loss=0.0063420216902159154
Online_Training [64/700]: mean_loss=0.004535667889285833
Online_Training [65/700]: mean_loss=0.05310939019545913
Online_Training [66/700]: mean_loss=0.05225471081212163
Online_Training [67/700]: mean_loss=0.004461074742721394
Online_Training [68/700]: mean_loss=0.25270723551511765
Online_Training [69/700]: mean_loss=0.011268416768871248
Online_Training [70/700]: mean_loss=0.03648851439356804
Online_Training [71/700]: mean_loss=0.0361352963373065
Online_Training [72/700]: mean_loss=0.028005855157971382
Online_Training [73/700]: mean_loss=0.0182083080871962
Online_Training [74/700]: mean_loss=0.02688315906561911
Online_Training [75/700]: mean_loss=0.023166304687038064
Online_Training [76/700]: mean_loss=0.024275025993119925
Online_Training [77/700]: mean_loss=0.008763873134739697
Online_Training [78/700]: mean_loss=0.01740571320988238
Online_Training [79/700]: mean_loss=0.0853194510564208
Online_Training [80/700]: mean_loss=0.015804364229552448
Online_Training [81/700]: mean_loss=0.009952764841727912
Online_Training [82/700]: mean_loss=0.07124142907559872
Online_Training [83/700]: mean_loss=0.05565499747171998
Online_Training [84/700]: mean_loss=0.010899364482611418
Online_Training [85/700]: mean_loss=0.03290445823222399
Online_Training [86/700]: mean_loss=0.05052474606782198
Online_Training [87/700]: mean_loss=0.01598544674925506
Online_Training [88/700]: mean_loss=0.01843995274975896
Online_Training [89/700]: mean_loss=0.009435684536583722
Online_Training [90/700]: mean_loss=0.05497072450816631
Online_Training [91/700]: mean_loss=0.05020204791799188
Online_Training [92/700]: mean_loss=0.017548948293551803
Online_Training [93/700]: mean_loss=0.006841494527179748
Online_Training [94/700]: mean_loss=0.037938015535473824
Online_Training [95/700]: mean_loss=0.005279631557641551
Online_Training [96/700]: mean_loss=0.00761833565775305
Online_Training [97/700]: mean_loss=0.03664617380127311
Online_Training [98/700]: mean_loss=0.008828637539409101
Online_Training [99/700]: mean_loss=0.006961658567888662
Online_Training [100/700]: mean_loss=0.002074212476145476
Online_Training [101/700]: mean_loss=0.003793869575019926
Online_Training [102/700]: mean_loss=0.035120889544487
Online_Training [103/700]: mean_loss=0.01029927039053291
Online_Training [104/700]: mean_loss=0.003401776557439007
Online_Training [105/700]: mean_loss=0.029177727177739143
Online_Training [106/700]: mean_loss=0.024316569324582815
Online_Training [107/700]: mean_loss=0.003445886875852011
Online_Training [108/700]: mean_loss=0.026673669926822186
Online_Training [109/700]: mean_loss=0.00634742237161845
Online_Training [110/700]: mean_loss=0.004647998110158369
Online_Training [111/700]: mean_loss=0.0031854142725933343
Online_Training [112/700]: mean_loss=0.0038883225643076003
Online_Training [113/700]: mean_loss=0.026600147131830454
Online_Training [114/700]: mean_loss=0.007130821933969855
Online_Training [115/700]: mean_loss=0.019705657730810344
Online_Training [116/700]: mean_loss=0.00717958775931038
Online_Training [117/700]: mean_loss=0.006948723457753658
Online_Training [118/700]: mean_loss=0.004809063917491585
Online_Training [119/700]: mean_loss=0.005559360724873841
Online_Training [120/700]: mean_loss=0.011494944395963103
Online_Training [121/700]: mean_loss=0.01489100360777229
Online_Training [122/700]: mean_loss=0.016782025923021138
Online_Training [123/700]: mean_loss=0.002548094664234668
Online_Training [124/700]: mean_loss=0.010279314999934286
Online_Training [125/700]: mean_loss=0.004318753781262785
Online_Training [126/700]: mean_loss=0.005641736730467528
Online_Training [127/700]: mean_loss=0.011707793339155614
Online_Training [128/700]: mean_loss=0.010756739880889654
Online_Training [129/700]: mean_loss=0.00951673905365169
Online_Training [130/700]: mean_loss=0.0035623653093352914
Online_Training [131/700]: mean_loss=0.003513516567181796
Online_Training [132/700]: mean_loss=0.004988183252862655
Online_Training [133/700]: mean_loss=0.003953834064304829
Online_Training [134/700]: mean_loss=0.010292194259818643
Online_Training [135/700]: mean_loss=0.004858758678892627
Online_Training [136/700]: mean_loss=0.005134587961947545
Online_Training [137/700]: mean_loss=0.004556569445412606
Online_Training [138/700]: mean_loss=0.006662168190814555
Online_Training [139/700]: mean_loss=0.0034361048601567745
Online_Training [140/700]: mean_loss=0.004325288638938218
Online_Training [141/700]: mean_loss=0.004937172925565392
Online_Training [142/700]: mean_loss=0.008214685076382011
Online_Training [143/700]: mean_loss=0.0671113037969917
Online_Training [144/700]: mean_loss=0.019498782115988433
Online_Training [145/700]: mean_loss=0.20337516348809004
Online_Training [146/700]: mean_loss=0.19722019881010056
Online_Training [147/700]: mean_loss=0.029346222057938576
Online_Training [148/700]: mean_loss=0.038934309501200914
Online_Training [149/700]: mean_loss=0.018634039675816894
Online_Training [150/700]: mean_loss=0.15555294509977102
Online_Training [151/700]: mean_loss=0.28273859806358814
Online_Training [152/700]: mean_loss=0.01812849473208189
Online_Training [153/700]: mean_loss=0.03402383462525904
Online_Training [154/700]: mean_loss=0.025566836120560765
Online_Training [155/700]: mean_loss=0.041915192967280746
Online_Training [156/700]: mean_loss=0.023568740230984986
Online_Training [157/700]: mean_loss=0.02084782044403255
Online_Training [158/700]: mean_loss=0.026650802232325077
Online_Training [159/700]: mean_loss=0.006325292808469385
Online_Training [160/700]: mean_loss=0.022564804647117853
Online_Training [161/700]: mean_loss=0.007329489686526358
Online_Training [162/700]: mean_loss=0.051946528255939484
Online_Training [163/700]: mean_loss=0.2213393859565258
Online_Training [164/700]: mean_loss=0.012394061661325395
Online_Training [165/700]: mean_loss=0.021849445533007383
Online_Training [166/700]: mean_loss=0.019499117508530617
Online_Training [167/700]: mean_loss=0.018095062347128987
Online_Training [168/700]: mean_loss=0.014477770891971886
Online_Training [169/700]: mean_loss=0.002850204735295847
Online_Training [170/700]: mean_loss=0.0061147494707256556
Online_Training [171/700]: mean_loss=0.01729215821251273
Online_Training [172/700]: mean_loss=0.047039128839969635
Online_Training [173/700]: mean_loss=0.024723158916458488
Online_Training [174/700]: mean_loss=0.01615301740821451
Online_Training [175/700]: mean_loss=0.028653034707531333
Online_Training [176/700]: mean_loss=0.001672068756306544
Online_Training [177/700]: mean_loss=0.005196589394472539
Online_Training [178/700]: mean_loss=0.003477020305581391
Online_Training [179/700]: mean_loss=0.0056199863902293146
Online_Training [180/700]: mean_loss=0.007682943774852902
Online_Training [181/700]: mean_loss=0.0037481797335203737
Online_Training [182/700]: mean_loss=0.0024580206954851747
Online_Training [183/700]: mean_loss=0.008061466389335692
Online_Training [184/700]: mean_loss=0.003723287343746051
Online_Training [185/700]: mean_loss=0.005586595623753965
Online_Training [186/700]: mean_loss=0.004181964817689732
Online_Training [187/700]: mean_loss=0.002601286396384239
Online_Training [188/700]: mean_loss=0.09218350518494844
Online_Training [189/700]: mean_loss=0.09419815894216299
Online_Training [190/700]: mean_loss=0.01604342192877084
Online_Training [191/700]: mean_loss=0.03237351658754051
Online_Training [192/700]: mean_loss=0.010475057119037956
Online_Training [193/700]: mean_loss=0.011108497506938875
Online_Training [194/700]: mean_loss=0.01624300715047866
Online_Training [195/700]: mean_loss=0.0051729988772422075
Online_Training [196/700]: mean_loss=0.010007005534134805
Online_Training [197/700]: mean_loss=0.0027596664731390774
Online_Training [198/700]: mean_loss=0.004794113337993622
Online_Training [199/700]: mean_loss=0.009014567534904927
Online_Training [200/700]: mean_loss=0.007477394654415548
Online_Training [201/700]: mean_loss=0.009776901453733444
Online_Training [202/700]: mean_loss=0.0061820223345421255
Online_Training [203/700]: mean_loss=0.0019361578451935202
Online_Training [204/700]: mean_loss=0.006301684654317796
Online_Training [205/700]: mean_loss=0.0036298904451541603
Online_Training [206/700]: mean_loss=0.007200548076070845
Online_Training [207/700]: mean_loss=0.006243716110475361
Online_Training [208/700]: mean_loss=0.004877675964962691
Online_Training [209/700]: mean_loss=0.006939123384654522
Online_Training [210/700]: mean_loss=0.008791449014097452
Online_Training [211/700]: mean_loss=0.004527466284343973
Online_Training [212/700]: mean_loss=0.004564371658489108
Online_Training [213/700]: mean_loss=0.004711249377578497
Online_Training [214/700]: mean_loss=0.003914740140317008
Online_Training [215/700]: mean_loss=0.005432151898276061
Online_Training [216/700]: mean_loss=0.0026301476755179465
Online_Training [217/700]: mean_loss=0.005175727303139865
Online_Training [218/700]: mean_loss=0.002635903627378866
Online_Training [219/700]: mean_loss=0.007956823450513184
Online_Training [220/700]: mean_loss=0.00789805973181501
Online_Training [221/700]: mean_loss=0.007203125220257789
Online_Training [222/700]: mean_loss=0.0025137199845630676
Online_Training [223/700]: mean_loss=0.0006113481649663299
Online_Training [224/700]: mean_loss=0.0044058533385396
Online_Training [225/700]: mean_loss=0.0013776924897683784
Online_Training [226/700]: mean_loss=0.0015668772102799267
Online_Training [227/700]: mean_loss=0.01023399131372571
Online_Training [228/700]: mean_loss=0.006695668038446456
Online_Training [229/700]: mean_loss=0.0035299494047649205
Online_Training [230/700]: mean_loss=0.004566046176478267
Online_Training [231/700]: mean_loss=0.002094477182254195
Online_Training [232/700]: mean_loss=0.0028785457543563098
Online_Training [233/700]: mean_loss=0.004866155213676393
Online_Training [234/700]: mean_loss=0.006651013274677098
Online_Training [235/700]: mean_loss=0.00614914734615013
Online_Training [236/700]: mean_loss=0.011154228239320219
Online_Training [237/700]: mean_loss=0.00390828779200092
Online_Training [238/700]: mean_loss=0.004539430956356227
Online_Training [239/700]: mean_loss=0.0022911728592589498
Online_Training [240/700]: mean_loss=0.006899690779391676
Online_Training [241/700]: mean_loss=0.009720393631141633
Online_Training [242/700]: mean_loss=0.003880393400322646
Online_Training [243/700]: mean_loss=0.006270869984291494
Online_Training [244/700]: mean_loss=0.0024602905323263258
Online_Training [245/700]: mean_loss=0.0018955124105559662
Online_Training [246/700]: mean_loss=0.004826738673727959
Online_Training [247/700]: mean_loss=0.0013646644947584718
Online_Training [248/700]: mean_loss=0.02056861133314669
Online_Training [249/700]: mean_loss=0.010633409779984504
Online_Training [250/700]: mean_loss=0.005126916104927659
Online_Training [251/700]: mean_loss=0.013034187140874565
Online_Training [252/700]: mean_loss=0.0043809080380015075
Online_Training [253/700]: mean_loss=0.003820089652435854
Online_Training [254/700]: mean_loss=0.00360739030293189
Online_Training [255/700]: mean_loss=0.003339442133437842
Online_Training [256/700]: mean_loss=0.13133344240486622
Online_Training [257/700]: mean_loss=0.09085496235638857
Online_Training [258/700]: mean_loss=0.014653630671091378
Online_Training [259/700]: mean_loss=0.002475944216712378
Online_Training [260/700]: mean_loss=0.003870892367558554
Online_Training [261/700]: mean_loss=0.02264955244027078
Online_Training [262/700]: mean_loss=0.013879110454581678
Online_Training [263/700]: mean_loss=0.010380626190453768
Online_Training [264/700]: mean_loss=0.006848617049399763
Online_Training [265/700]: mean_loss=0.006158186530228704
Online_Training [266/700]: mean_loss=0.004182735428912565
Online_Training [267/700]: mean_loss=0.006511135579785332
Online_Training [268/700]: mean_loss=0.010541663854382932
Online_Training [269/700]: mean_loss=0.011346137383952737
Online_Training [270/700]: mean_loss=0.003546684223692864
Online_Training [271/700]: mean_loss=0.006229292368516326
Online_Training [272/700]: mean_loss=0.0023881736415205523
Online_Training [273/700]: mean_loss=0.0028979725611861795
Online_Training [274/700]: mean_loss=0.00478933313570451
Online_Training [275/700]: mean_loss=0.22558306902647018
Online_Training [276/700]: mean_loss=0.05848058918491006
Online_Training [277/700]: mean_loss=0.016437666723504663
Online_Training [278/700]: mean_loss=0.013300790102221072
Online_Training [279/700]: mean_loss=0.0022369046055246145
Online_Training [280/700]: mean_loss=0.008767563151195645
Online_Training [281/700]: mean_loss=0.004888089548330754
Online_Training [282/700]: mean_loss=0.00910836347611621
Online_Training [283/700]: mean_loss=0.009298405842855573
Online_Training [284/700]: mean_loss=0.006638670398388058
Online_Training [285/700]: mean_loss=0.008869865559972823
Online_Training [286/700]: mean_loss=0.005938493937719613
Online_Training [287/700]: mean_loss=0.004322287131799385
Online_Training [288/700]: mean_loss=0.0031771294306963682
Online_Training [289/700]: mean_loss=0.0048982297303155065
Online_Training [290/700]: mean_loss=0.0019743110169656575
Online_Training [291/700]: mean_loss=0.005752934375777841
Online_Training [292/700]: mean_loss=0.0029894792241975665
Online_Training [293/700]: mean_loss=0.004724639060441405
Online_Training [294/700]: mean_loss=0.0036857547820545733
Online_Training [295/700]: mean_loss=0.0023719880264252424
Online_Training [296/700]: mean_loss=0.18081448413431644
Online_Training [297/700]: mean_loss=0.07991214748471975
Online_Training [298/700]: mean_loss=0.014727148809470236
Online_Training [299/700]: mean_loss=0.017192375264130533
Online_Training [300/700]: mean_loss=0.007887145620770752
Online_Training [301/700]: mean_loss=0.010161267593502998
Online_Training [302/700]: mean_loss=0.006715145253110677
Online_Training [303/700]: mean_loss=0.004228757752571255
Online_Training [304/700]: mean_loss=0.006636520673055202
Online_Training [305/700]: mean_loss=0.00889621488749981
Online_Training [306/700]: mean_loss=0.013048276421613991
Online_Training [307/700]: mean_loss=0.005008767882827669
Online_Training [308/700]: mean_loss=0.002716716640861705
Online_Training [309/700]: mean_loss=0.005522910505533218
Online_Training [310/700]: mean_loss=0.003673545172205195
Online_Training [311/700]: mean_loss=0.006901014712639153
Online_Training [312/700]: mean_loss=0.0030520578438881785
Online_Training [313/700]: mean_loss=0.003200338192982599
Online_Training [314/700]: mean_loss=0.006113913899753243
Online_Training [315/700]: mean_loss=0.010651060845702887
Online_Training [316/700]: mean_loss=0.004474804765777662
Online_Training [317/700]: mean_loss=0.005556785617955029
Online_Training [318/700]: mean_loss=0.0030763983231736347
Online_Training [319/700]: mean_loss=0.0021194966102484614
Online_Training [320/700]: mean_loss=0.005437540065031499
Online_Training [321/700]: mean_loss=0.0022852170950500295
Online_Training [322/700]: mean_loss=0.0010355520935263485
Online_Training [323/700]: mean_loss=0.11440113093703985
Online_Training [324/700]: mean_loss=0.09945016354322433
Online_Training [325/700]: mean_loss=0.017053847084753215
Online_Training [326/700]: mean_loss=0.0026135596563108265
Online_Training [327/700]: mean_loss=0.0324414090719074
Online_Training [328/700]: mean_loss=0.011446100194007158
Online_Training [329/700]: mean_loss=0.005744434951338917
Online_Training [330/700]: mean_loss=0.024433752987533808
Online_Training [331/700]: mean_loss=0.0075222059385851026
Online_Training [332/700]: mean_loss=0.009428481629583985
Online_Training [333/700]: mean_loss=0.007710391451837495
Online_Training [334/700]: mean_loss=0.013137261383235455
Online_Training [335/700]: mean_loss=0.00863700284389779
Online_Training [336/700]: mean_loss=0.004908333241473883
Online_Training [337/700]: mean_loss=0.007322641293285415
Online_Training [338/700]: mean_loss=0.006379543570801616
Online_Training [339/700]: mean_loss=0.005078469926957041
Online_Training [340/700]: mean_loss=0.0016207747830776498
Online_Training [341/700]: mean_loss=0.0025794655666686594
Online_Training [342/700]: mean_loss=0.007454402861185372
Online_Training [343/700]: mean_loss=0.011761371861211956
Online_Training [344/700]: mean_loss=0.0028397242131177336
Online_Training [345/700]: mean_loss=0.0028522962820716202
Online_Training [346/700]: mean_loss=0.008030733850318938
Online_Training [347/700]: mean_loss=0.008892964047845453
Online_Training [348/700]: mean_loss=0.004309120879042894
Online_Training [349/700]: mean_loss=0.001261844503460452
Online_Training [350/700]: mean_loss=0.00749483730760403
Online_Training [351/700]: mean_loss=0.0065364434267394245
Online_Training [352/700]: mean_loss=0.0056075212778523564
Online_Training [353/700]: mean_loss=0.0048463609418831766
Online_Training [354/700]: mean_loss=0.007567659726191778
Online_Training [355/700]: mean_loss=0.003902531258063391
Online_Training [356/700]: mean_loss=0.004814722546143457
Online_Training [357/700]: mean_loss=0.0032520637614652514
Online_Training [358/700]: mean_loss=0.003811802656855434
Online_Training [359/700]: mean_loss=0.010225344682112336
Online_Training [360/700]: mean_loss=0.00860733911395073
Online_Training [361/700]: mean_loss=0.011402045958675444
Online_Training [362/700]: mean_loss=0.3094022795557976
Online_Training [363/700]: mean_loss=0.09658540692180395
Online_Training [364/700]: mean_loss=0.01934609457384795
Online_Training [365/700]: mean_loss=0.016041098861023784
Online_Training [366/700]: mean_loss=0.013743413495831192
Online_Training [367/700]: mean_loss=0.007048268103972077
Online_Training [368/700]: mean_loss=0.005187028669752181
Online_Training [369/700]: mean_loss=0.003709872020408511
Online_Training [370/700]: mean_loss=0.0028350097127258778
Online_Training [371/700]: mean_loss=0.011594232404604554
Online_Training [372/700]: mean_loss=0.003094929503276944
Online_Training [373/700]: mean_loss=0.005532557086553425
Online_Training [374/700]: mean_loss=0.06469120318070054
Online_Training [375/700]: mean_loss=0.014430245384573936
Online_Training [376/700]: mean_loss=0.005813425348605961
Online_Training [377/700]: mean_loss=0.015963229699991643
Online_Training [378/700]: mean_loss=0.01155679754447192
Online_Training [379/700]: mean_loss=0.00766422861488536
Online_Training [380/700]: mean_loss=0.004046488116728142
Online_Training [381/700]: mean_loss=0.005961089511401951
Online_Training [382/700]: mean_loss=0.007461245404556394
Online_Training [383/700]: mean_loss=0.02316014945972711
Online_Training [384/700]: mean_loss=0.004485804820433259
Online_Training [385/700]: mean_loss=0.011818483821116388
Online_Training [386/700]: mean_loss=0.015224947303067893
Online_Training [387/700]: mean_loss=0.010126617620699108
Online_Training [388/700]: mean_loss=0.08527965378016233
Online_Training [389/700]: mean_loss=0.2632665988057852
Online_Training [390/700]: mean_loss=0.08645254466682673
Online_Training [391/700]: mean_loss=0.028789079515263438
Online_Training [392/700]: mean_loss=0.011314359726384282
Online_Training [393/700]: mean_loss=0.015059917815960944
Online_Training [394/700]: mean_loss=0.0063013346516527236
Online_Training [395/700]: mean_loss=0.00845152436522767
Online_Training [396/700]: mean_loss=0.022248869645409286
Online_Training [397/700]: mean_loss=0.012887996039353311
Online_Training [398/700]: mean_loss=0.00555436173453927
Online_Training [399/700]: mean_loss=0.01164113578852266
Online_Training [400/700]: mean_loss=0.002802815622999333
Online_Training [401/700]: mean_loss=0.007043150020763278
Online_Training [402/700]: mean_loss=0.0037292191409505904
Online_Training [403/700]: mean_loss=0.004000704357167706
Online_Training [404/700]: mean_loss=0.0034360321005806327
Online_Training [405/700]: mean_loss=0.003900842828443274
Online_Training [406/700]: mean_loss=0.005021263554226607
Online_Training [407/700]: mean_loss=0.0029969234892632812
Online_Training [408/700]: mean_loss=0.003688701632199809
Online_Training [409/700]: mean_loss=0.0038774310087319463
Online_Training [410/700]: mean_loss=0.0061810658080503345
Online_Training [411/700]: mean_loss=0.004316345235565677
Online_Training [412/700]: mean_loss=0.003828705259365961
Online_Training [413/700]: mean_loss=0.0026046957937069237
Online_Training [414/700]: mean_loss=0.006278044369537383
Online_Training [415/700]: mean_loss=0.004944690503180027
Online_Training [416/700]: mean_loss=0.008213353401515633
Online_Training [417/700]: mean_loss=0.0010350708180340007
Online_Training [418/700]: mean_loss=0.0028115927416365594
Online_Training [419/700]: mean_loss=0.00176954927155748
Online_Training [420/700]: mean_loss=0.0035125369613524526
Online_Training [421/700]: mean_loss=0.01353804802056402
Online_Training [422/700]: mean_loss=0.0028785976755898446
Online_Training [423/700]: mean_loss=0.004946242494042963
Online_Training [424/700]: mean_loss=0.0009700371520011686
Online_Training [425/700]: mean_loss=0.007179101114161313
Online_Training [426/700]: mean_loss=0.08074851986020803
Online_Training [427/700]: mean_loss=0.09150280524045229
Online_Training [428/700]: mean_loss=0.012187087268102914
Online_Training [429/700]: mean_loss=0.008899361942894757
Online_Training [430/700]: mean_loss=0.012813863926567137
Online_Training [431/700]: mean_loss=0.02722175675444305
Online_Training [432/700]: mean_loss=0.023755355272442102
Online_Training [433/700]: mean_loss=0.009423840325325727
Online_Training [434/700]: mean_loss=0.00966261513531208
Online_Training [435/700]: mean_loss=0.006629330455325544
Online_Training [436/700]: mean_loss=0.014912255574017763
Online_Training [437/700]: mean_loss=0.006952234776690602
Online_Training [438/700]: mean_loss=0.008109874615911394
Online_Training [439/700]: mean_loss=0.011029740271624178
Online_Training [440/700]: mean_loss=0.0050712646334432065
Online_Training [441/700]: mean_loss=0.011643884819932282
Online_Training [442/700]: mean_loss=0.00916357384994626
Online_Training [443/700]: mean_loss=0.06419346248731017
Online_Training [444/700]: mean_loss=0.0043386809702496976
Online_Training [445/700]: mean_loss=0.0042704027146101
Online_Training [446/700]: mean_loss=0.009310336492490023
Online_Training [447/700]: mean_loss=0.00857540121069178
Online_Training [448/700]: mean_loss=0.013705559074878693
Online_Training [449/700]: mean_loss=0.0038982634141575545
Online_Training [450/700]: mean_loss=0.006173419184051454
Online_Training [451/700]: mean_loss=0.010554776788922027
Online_Training [452/700]: mean_loss=0.00963024771772325
Online_Training [453/700]: mean_loss=0.005334368092007935
Online_Training [454/700]: mean_loss=0.002257952481159009
Online_Training [455/700]: mean_loss=0.007655488036107272
Online_Training [456/700]: mean_loss=0.011114335793536156
Online_Training [457/700]: mean_loss=0.005756604950875044
Online_Training [458/700]: mean_loss=0.0008460582321276888
Online_Training [459/700]: mean_loss=0.002392617810983211
Online_Training [460/700]: mean_loss=0.019498843234032393
Online_Training [461/700]: mean_loss=0.006431524467188865
Online_Training [462/700]: mean_loss=0.09248054772615433
Online_Training [463/700]: mean_loss=0.06653314363211393
Online_Training [464/700]: mean_loss=0.01821391307748854
Online_Training [465/700]: mean_loss=0.01030147005803883
Online_Training [466/700]: mean_loss=0.004721930075902492
Online_Training [467/700]: mean_loss=0.00260146168875508
Online_Training [468/700]: mean_loss=0.008889663440641016
Online_Training [469/700]: mean_loss=0.011885327170602977
Online_Training [470/700]: mean_loss=0.007515664794482291
Online_Training [471/700]: mean_loss=0.006569513294380158
Online_Training [472/700]: mean_loss=0.0020567751489579678
Online_Training [473/700]: mean_loss=0.003986794617958367
Online_Training [474/700]: mean_loss=0.0026598820404615253
Online_Training [475/700]: mean_loss=0.0019763159652939066
Online_Training [476/700]: mean_loss=0.005157034029252827
Online_Training [477/700]: mean_loss=0.004028479859698564
Online_Training [478/700]: mean_loss=0.0035554975329432636
Online_Training [479/700]: mean_loss=0.003847145737381652
Online_Training [480/700]: mean_loss=0.005431717087049037
Online_Training [481/700]: mean_loss=0.005292492627631873
Online_Training [482/700]: mean_loss=0.012419766280800104
Online_Training [483/700]: mean_loss=0.008688488334883004
Online_Training [484/700]: mean_loss=0.004378035053377971
Online_Training [485/700]: mean_loss=0.0030516381084453315
Online_Training [486/700]: mean_loss=0.005582072073593736
Online_Training [487/700]: mean_loss=0.008444605104159564
Online_Training [488/700]: mean_loss=0.007469150586985052
Online_Training [489/700]: mean_loss=0.0075894261099165305
Online_Training [490/700]: mean_loss=0.003730096068466082
Online_Training [491/700]: mean_loss=0.005311402608640492
Online_Training [492/700]: mean_loss=0.011134386790217832
Online_Training [493/700]: mean_loss=0.0030928276828490198
Online_Training [494/700]: mean_loss=0.09172274451702833
Online_Training [495/700]: mean_loss=0.14025466796010733
Online_Training [496/700]: mean_loss=0.012074238096829504
Online_Training [497/700]: mean_loss=0.01892880874220282
Online_Training [498/700]: mean_loss=0.014409119496122003
Online_Training [499/700]: mean_loss=0.009161951194982976
Online_Training [500/700]: mean_loss=0.011341038160026073
Online_Training [501/700]: mean_loss=0.007136916276067495
Online_Training [502/700]: mean_loss=0.0066681489697657526
Online_Training [503/700]: mean_loss=0.006455701484810561
Online_Training [504/700]: mean_loss=0.010992818977683783
Online_Training [505/700]: mean_loss=0.018282418604940176
Online_Training [506/700]: mean_loss=0.008948785776738077
Online_Training [507/700]: mean_loss=0.006026602408383042
Online_Training [508/700]: mean_loss=0.002541058842325583
Online_Training [509/700]: mean_loss=0.18748661503195763
Online_Training [510/700]: mean_loss=0.02445860463194549
Online_Training [511/700]: mean_loss=0.009528748923912644
Online_Training [512/700]: mean_loss=0.19916600920259953
Online_Training [513/700]: mean_loss=0.6004264578223228
Online_Training [514/700]: mean_loss=0.2789798751473427
Online_Training [515/700]: mean_loss=0.08399223815649748
Online_Training [516/700]: mean_loss=0.08138019498437643
Online_Training [517/700]: mean_loss=0.0435823539737612
Online_Training [518/700]: mean_loss=0.10585669707506895
Online_Training [519/700]: mean_loss=0.01283292192965746
Online_Training [520/700]: mean_loss=0.01434268313460052
Online_Training [521/700]: mean_loss=0.013786122552119195
Online_Training [522/700]: mean_loss=0.03567044623196125
Online_Training [523/700]: mean_loss=0.018800171208567917
Online_Training [524/700]: mean_loss=0.012714746175333858
Online_Training [525/700]: mean_loss=0.012067339848726988
Online_Training [526/700]: mean_loss=0.014412039308808744
Online_Training [527/700]: mean_loss=0.0660294946283102
Online_Training [528/700]: mean_loss=0.2090450283139944
Online_Training [529/700]: mean_loss=0.0051861017709597945
Online_Training [530/700]: mean_loss=0.08265561703592539
Online_Training [531/700]: mean_loss=0.020670366240665317
Online_Training [532/700]: mean_loss=0.004051527415867895
Online_Training [533/700]: mean_loss=0.08144646603614092
Online_Training [534/700]: mean_loss=0.00841026910347864
Online_Training [535/700]: mean_loss=0.0036464821896515787
Online_Training [536/700]: mean_loss=0.00572687218664214
Online_Training [537/700]: mean_loss=0.009216331061907113
Online_Training [538/700]: mean_loss=0.012050840072333813
Online_Training [539/700]: mean_loss=0.007208321709185839
Online_Training [540/700]: mean_loss=0.008668801165185869
Online_Training [541/700]: mean_loss=0.0009911993402056396
Online_Training [542/700]: mean_loss=0.013209544471465051
Online_Training [543/700]: mean_loss=0.006131646747235209
Online_Training [544/700]: mean_loss=0.0018433536606607959
Online_Training [545/700]: mean_loss=0.007606678700540215
Online_Training [546/700]: mean_loss=0.014715509139932692
Online_Training [547/700]: mean_loss=0.00502816989319399
Online_Training [548/700]: mean_loss=0.005709918274078518
Online_Training [549/700]: mean_loss=0.004482099786400795
Online_Training [550/700]: mean_loss=0.0019504931988194585
Online_Training [551/700]: mean_loss=0.0031095010053832084
Online_Training [552/700]: mean_loss=0.1013417337089777
Online_Training [553/700]: mean_loss=0.008184330072253942
Online_Training [554/700]: mean_loss=0.002276853352668695
Online_Training [555/700]: mean_loss=0.0014712969423271716
Online_Training [556/700]: mean_loss=0.006478412658907473
Online_Training [557/700]: mean_loss=0.004296481958590448
Online_Training [558/700]: mean_loss=0.005814196134451777
Online_Training [559/700]: mean_loss=0.0023340973420999944
Online_Training [560/700]: mean_loss=0.010510799242183566
Online_Training [561/700]: mean_loss=0.004868910909863189
Online_Training [562/700]: mean_loss=0.005436438485048711
Online_Training [563/700]: mean_loss=0.004217597015667707
Online_Training [564/700]: mean_loss=0.003468842536676675
Online_Training [565/700]: mean_loss=0.005174356163479388
Online_Training [566/700]: mean_loss=0.0033466106688138098
Online_Training [567/700]: mean_loss=0.00811490451451391
Online_Training [568/700]: mean_loss=0.008066472713835537
Online_Training [569/700]: mean_loss=0.00477665924699977
Online_Training [570/700]: mean_loss=0.012237526825629175
Online_Training [571/700]: mean_loss=0.07515156175941229
Online_Training [572/700]: mean_loss=0.08922045677900314
Online_Training [573/700]: mean_loss=0.003949914942495525
Online_Training [574/700]: mean_loss=0.003616724628955126
Online_Training [575/700]: mean_loss=0.009106715442612767
Online_Training [576/700]: mean_loss=0.006872844358440489
Online_Training [577/700]: mean_loss=0.006056147802155465
Online_Training [578/700]: mean_loss=0.006012081692460924
Online_Training [579/700]: mean_loss=0.008675278746522963
Online_Training [580/700]: mean_loss=0.0011877590586664155
Online_Training [581/700]: mean_loss=0.004946036613546312
Online_Training [582/700]: mean_loss=0.0036561010347213596
Online_Training [583/700]: mean_loss=0.002496006214641966
Online_Training [584/700]: mean_loss=0.002919091348303482
Online_Training [585/700]: mean_loss=0.00651391816791147
Online_Training [586/700]: mean_loss=0.0014316441665869206
Online_Training [587/700]: mean_loss=0.005242270592134446
Online_Training [588/700]: mean_loss=0.005713122896850109
Online_Training [589/700]: mean_loss=0.0044591009500436485
Online_Training [590/700]: mean_loss=0.005123266950249672
Online_Training [591/700]: mean_loss=0.0030808653391432017
Online_Training [592/700]: mean_loss=0.006441813020501286
Online_Training [593/700]: mean_loss=0.0031744982698000968
Online_Training [594/700]: mean_loss=0.001241201869561337
Online_Training [595/700]: mean_loss=0.007936022651847452
Online_Training [596/700]: mean_loss=0.004881861328613013
Online_Training [597/700]: mean_loss=0.0049836779362522066
Online_Training [598/700]: mean_loss=0.003651017788797617
Online_Training [599/700]: mean_loss=0.005105184915009886
Online_Training [600/700]: mean_loss=0.005700884765246883
Online_Training [601/700]: mean_loss=0.011533285025507212
Online_Training [602/700]: mean_loss=0.004076778233866207
Online_Training [603/700]: mean_loss=0.003103376307990402
Online_Training [604/700]: mean_loss=0.005806007015053183
Online_Training [605/700]: mean_loss=0.007175123144406825
Online_Training [606/700]: mean_loss=0.005262864637188613
Online_Training [607/700]: mean_loss=0.0014813007437624037
Online_Training [608/700]: mean_loss=0.01092744548805058
Online_Training [609/700]: mean_loss=0.0022134461905807257
Online_Training [610/700]: mean_loss=0.0016565644764341414
Online_Training [611/700]: mean_loss=0.08051257580518723
Online_Training [612/700]: mean_loss=0.019864380592480302
Online_Training [613/700]: mean_loss=0.01720060408115387
Online_Training [614/700]: mean_loss=0.00440085626905784
Online_Training [615/700]: mean_loss=0.011177471023984253
Online_Training [616/700]: mean_loss=0.0026870161527767777
Online_Training [617/700]: mean_loss=0.006564297858858481
Online_Training [618/700]: mean_loss=0.002911081857746467
Online_Training [619/700]: mean_loss=0.005838639219291508
Online_Training [620/700]: mean_loss=0.002007357237744145
Online_Training [621/700]: mean_loss=0.12272798642516136
Online_Training [622/700]: mean_loss=0.019626844441518188
Online_Training [623/700]: mean_loss=0.0742093501612544
Online_Training [624/700]: mean_loss=0.10130158346146345
Online_Training [625/700]: mean_loss=0.020779459504410625
Online_Training [626/700]: mean_loss=0.02474743570201099
Online_Training [627/700]: mean_loss=0.01847976609133184
Online_Training [628/700]: mean_loss=0.01089329516980797
Online_Training [629/700]: mean_loss=0.007016114279394969
Online_Training [630/700]: mean_loss=0.002203946089139208
Online_Training [631/700]: mean_loss=0.00793983502080664
Online_Training [632/700]: mean_loss=0.003966075513744727
Online_Training [633/700]: mean_loss=0.0021084340842207894
Online_Training [634/700]: mean_loss=0.005504989007022232
Online_Training [635/700]: mean_loss=0.0053332356619648635
Online_Training [636/700]: mean_loss=0.00465323161915876
Online_Training [637/700]: mean_loss=0.008411954040639102
Online_Training [638/700]: mean_loss=0.0017438222421333194
Online_Training [639/700]: mean_loss=0.0046287765726447105
Online_Training [640/700]: mean_loss=0.0018722536187851802
Online_Training [641/700]: mean_loss=0.0737130967900157
Online_Training [642/700]: mean_loss=0.008487513812724501
Online_Training [643/700]: mean_loss=0.0023417120100930333
Online_Training [644/700]: mean_loss=0.002571198914665729
Online_Training [645/700]: mean_loss=0.005221811588853598
Online_Training [646/700]: mean_loss=0.003970212972490117
Online_Training [647/700]: mean_loss=0.09922134317457676
Online_Training [648/700]: mean_loss=0.0070208857068791986
Online_Training [649/700]: mean_loss=0.005578799813520163
Online_Training [650/700]: mean_loss=0.00988817517645657
Online_Training [651/700]: mean_loss=0.012048650183714926
Online_Training [652/700]: mean_loss=0.0013329253270057961
Online_Training [653/700]: mean_loss=0.008029978955164552
Online_Training [654/700]: mean_loss=0.007996131549589336
Online_Training [655/700]: mean_loss=0.0034825390903279185
Online_Training [656/700]: mean_loss=0.007965672353748232
Online_Training [657/700]: mean_loss=0.014221105957403779
Online_Training [658/700]: mean_loss=0.003602121039875783
Online_Training [659/700]: mean_loss=0.009301448590122163
Online_Training [660/700]: mean_loss=0.015169340767897666
Online_Training [661/700]: mean_loss=0.0051838796061929315
Online_Training [662/700]: mean_loss=0.00686308927834034
Online_Training [663/700]: mean_loss=0.007953228719998151
Online_Training [664/700]: mean_loss=0.0046930935204727575
Online_Training [665/700]: mean_loss=0.0060193181852810085
Online_Training [666/700]: mean_loss=0.006816652952693403
Online_Training [667/700]: mean_loss=0.009891481488011777
Online_Training [668/700]: mean_loss=0.009005420666653663
Online_Training [669/700]: mean_loss=0.005788650480099022
Online_Training [670/700]: mean_loss=0.0010098650673171505
Online_Training [671/700]: mean_loss=0.005081197188701481
Online_Training [672/700]: mean_loss=0.004542373935692012
Online_Training [673/700]: mean_loss=0.004135070485062897
Online_Training [674/700]: mean_loss=0.0018932146194856614
Online_Training [675/700]: mean_loss=0.003001125034643337
Online_Training [676/700]: mean_loss=0.001631687962799333
Online_Training [677/700]: mean_loss=0.0022856832219986245
Online_Training [678/700]: mean_loss=0.010410460876300931
Online_Training [679/700]: mean_loss=0.002123717888025567
Online_Training [680/700]: mean_loss=0.10673243552446365
Online_Training [681/700]: mean_loss=0.0018521969759603962
Online_Training [682/700]: mean_loss=0.004898620507447049
Online_Training [683/700]: mean_loss=0.0019368654466234148
Online_Training [684/700]: mean_loss=0.003604939643992111
Online_Training [685/700]: mean_loss=0.005622721102554351
Online_Training [686/700]: mean_loss=0.007124999654479325
Online_Training [687/700]: mean_loss=0.0026224927278235555
Online_Training [688/700]: mean_loss=0.0033536731207277626
Online_Training [689/700]: mean_loss=0.005408110475400463
Online_Training [690/700]: mean_loss=0.0036260376509744674
Online_Training [691/700]: mean_loss=0.008418214216362685
Online_Training [692/700]: mean_loss=0.003675814892631024
Online_Training [693/700]: mean_loss=0.0017498497472843155
Online_Training [694/700]: mean_loss=0.007894411741290241
Online_Training [695/700]: mean_loss=0.0029263831092976034
Online_Training [696/700]: mean_loss=0.0017813848971854895
Online_Training [697/700]: mean_loss=0.0055360845872201025
Online_Training [698/700]: mean_loss=0.004906783637125045
Online_Training [699/700]: mean_loss=0.001779464990249835
Online_Training [700/700]: mean_loss=0.008929088478907943
Q_Learning [1/300]: mean_loss=0.10432982351630926
Q_Learning [2/300]: mean_loss=0.11267547868192196
Q_Learning [3/300]: mean_loss=0.3684783913195133
Q_Learning [4/300]: mean_loss=0.34293579310178757
Q_Learning [5/300]: mean_loss=0.37868762388825417
Q_Learning [6/300]: mean_loss=0.10561122559010983
Q_Learning [7/300]: mean_loss=0.1046634754166007
Q_Learning [8/300]: mean_loss=0.3337348848581314
Q_Learning [9/300]: mean_loss=0.09753221832215786
Q_Learning [10/300]: mean_loss=0.08801405783742666
Q_Learning [11/300]: mean_loss=0.06926639191806316
Q_Learning [12/300]: mean_loss=0.0564275155775249
Q_Learning [13/300]: mean_loss=0.03920145006850362
Q_Learning [14/300]: mean_loss=0.17500315234065056
Q_Learning [15/300]: mean_loss=0.2593853287398815
Q_Learning [16/300]: mean_loss=0.13290323689579964
Q_Learning [17/300]: mean_loss=0.2405562773346901
Q_Learning [18/300]: mean_loss=0.1686427779495716
Q_Learning [19/300]: mean_loss=0.11395124346017838
Q_Learning [20/300]: mean_loss=0.10449426248669624
Q_Learning [21/300]: mean_loss=0.1673908457159996
Q_Learning [22/300]: mean_loss=0.255802184343338
Q_Learning [23/300]: mean_loss=0.28571750223636627
Q_Learning [24/300]: mean_loss=0.1572090620175004
Q_Learning [25/300]: mean_loss=0.11948205903172493
Q_Learning [26/300]: mean_loss=0.09629970509558916
Q_Learning [27/300]: mean_loss=0.06782024819403887
Q_Learning [28/300]: mean_loss=0.05582661321386695
Q_Learning [29/300]: mean_loss=0.14435621164739132
Q_Learning [30/300]: mean_loss=0.08857010491192341
Q_Learning [31/300]: mean_loss=0.1792028583586216
Q_Learning [32/300]: mean_loss=0.04967538034543395
Q_Learning [33/300]: mean_loss=0.03509608004242182
Q_Learning [34/300]: mean_loss=0.1521548330783844
Q_Learning [35/300]: mean_loss=0.01502750487998128
Q_Learning [36/300]: mean_loss=0.14664592780172825
Q_Learning [37/300]: mean_loss=0.1158475186675787
Q_Learning [38/300]: mean_loss=0.09553774632513523
Q_Learning [39/300]: mean_loss=0.08814589213579893
Q_Learning [40/300]: mean_loss=0.07697164360433817
Q_Learning [41/300]: mean_loss=0.07122018467634916
Q_Learning [42/300]: mean_loss=0.0324185483623296
Q_Learning [43/300]: mean_loss=0.06595648173242807
Q_Learning [44/300]: mean_loss=0.02476020040921867
Q_Learning [45/300]: mean_loss=0.1050226278603077
Q_Learning [46/300]: mean_loss=0.07053669355809689
Q_Learning [47/300]: mean_loss=0.19280984811484814
Q_Learning [48/300]: mean_loss=0.19090128503739834
Q_Learning [49/300]: mean_loss=0.019816024811007082
Q_Learning [50/300]: mean_loss=0.07105738949030638
Q_Learning [51/300]: mean_loss=0.018959395005367696
Q_Learning [52/300]: mean_loss=0.012519165175035596
Q_Learning [53/300]: mean_loss=0.06970665091648698
Q_Learning [54/300]: mean_loss=0.33441242948174477
Q_Learning [55/300]: mean_loss=0.10900972411036491
Q_Learning [56/300]: mean_loss=0.023809855105355382
Q_Learning [57/300]: mean_loss=0.08834121655672789
Q_Learning [58/300]: mean_loss=0.013279801816679537
Q_Learning [59/300]: mean_loss=0.23629634082317352
Q_Learning [60/300]: mean_loss=0.06715408805757761
Q_Learning [61/300]: mean_loss=0.0715360976755619
Q_Learning [62/300]: mean_loss=0.059604172594845295
Q_Learning [63/300]: mean_loss=0.0063420216902159154
Q_Learning [64/300]: mean_loss=0.004535667889285833
Q_Learning [65/300]: mean_loss=0.05310939019545913
Q_Learning [66/300]: mean_loss=0.05225471081212163
Q_Learning [67/300]: mean_loss=0.004461074742721394
Q_Learning [68/300]: mean_loss=0.25270723551511765
Q_Learning [69/300]: mean_loss=0.011268416768871248
Q_Learning [70/300]: mean_loss=0.03648851439356804
Q_Learning [71/300]: mean_loss=0.0361352963373065
Q_Learning [72/300]: mean_loss=0.028005855157971382
Q_Learning [73/300]: mean_loss=0.0182083080871962
Q_Learning [74/300]: mean_loss=0.02688315906561911
Q_Learning [75/300]: mean_loss=0.023166304687038064
Q_Learning [76/300]: mean_loss=0.024275025993119925
Q_Learning [77/300]: mean_loss=0.008763873134739697
Q_Learning [78/300]: mean_loss=0.01740571320988238
Q_Learning [79/300]: mean_loss=0.0853194510564208
Q_Learning [80/300]: mean_loss=0.015804364229552448
Q_Learning [81/300]: mean_loss=0.009952764841727912
Q_Learning [82/300]: mean_loss=0.07124142907559872
Q_Learning [83/300]: mean_loss=0.05565499747171998
Q_Learning [84/300]: mean_loss=0.010899364482611418
Q_Learning [85/300]: mean_loss=0.03290445823222399
Q_Learning [86/300]: mean_loss=0.05052474606782198
Q_Learning [87/300]: mean_loss=0.01598544674925506
Q_Learning [88/300]: mean_loss=0.01843995274975896
Q_Learning [89/300]: mean_loss=0.009435684536583722
Q_Learning [90/300]: mean_loss=0.05497072450816631
Q_Learning [91/300]: mean_loss=0.05020204791799188
Q_Learning [92/300]: mean_loss=0.017548948293551803
Q_Learning [93/300]: mean_loss=0.006841494527179748
Q_Learning [94/300]: mean_loss=0.037938015535473824
Q_Learning [95/300]: mean_loss=0.005279631557641551
Q_Learning [96/300]: mean_loss=0.00761833565775305
Q_Learning [97/300]: mean_loss=0.03664617380127311
Q_Learning [98/300]: mean_loss=0.008828637539409101
Q_Learning [99/300]: mean_loss=0.006961658567888662
Q_Learning [100/300]: mean_loss=0.002074212476145476
Q_Learning [101/300]: mean_loss=0.003793869575019926
Q_Learning [102/300]: mean_loss=0.035120889544487
Q_Learning [103/300]: mean_loss=0.01029927039053291
Q_Learning [104/300]: mean_loss=0.003401776557439007
Q_Learning [105/300]: mean_loss=0.029177727177739143
Q_Learning [106/300]: mean_loss=0.024316569324582815
Q_Learning [107/300]: mean_loss=0.003445886875852011
Q_Learning [108/300]: mean_loss=0.026673669926822186
Q_Learning [109/300]: mean_loss=0.00634742237161845
Q_Learning [110/300]: mean_loss=0.004647998110158369
Q_Learning [111/300]: mean_loss=0.0031854142725933343
Q_Learning [112/300]: mean_loss=0.0038883225643076003
Q_Learning [113/300]: mean_loss=0.026600147131830454
Q_Learning [114/300]: mean_loss=0.007130821933969855
Q_Learning [115/300]: mean_loss=0.019705657730810344
Q_Learning [116/300]: mean_loss=0.00717958775931038
Q_Learning [117/300]: mean_loss=0.006948723457753658
Q_Learning [118/300]: mean_loss=0.004809063917491585
Q_Learning [119/300]: mean_loss=0.005559360724873841
Q_Learning [120/300]: mean_loss=0.011494944395963103
Q_Learning [121/300]: mean_loss=0.01489100360777229
Q_Learning [122/300]: mean_loss=0.016782025923021138
Q_Learning [123/300]: mean_loss=0.002548094664234668
Q_Learning [124/300]: mean_loss=0.010279314999934286
Q_Learning [125/300]: mean_loss=0.004318753781262785
Q_Learning [126/300]: mean_loss=0.005641736730467528
Q_Learning [127/300]: mean_loss=0.011707793339155614
Q_Learning [128/300]: mean_loss=0.010756739880889654
Q_Learning [129/300]: mean_loss=0.00951673905365169
Q_Learning [130/300]: mean_loss=0.0035623653093352914
Q_Learning [131/300]: mean_loss=0.003513516567181796
Q_Learning [132/300]: mean_loss=0.004988183252862655
Q_Learning [133/300]: mean_loss=0.003953834064304829
Q_Learning [134/300]: mean_loss=0.010292194259818643
Q_Learning [135/300]: mean_loss=0.004858758678892627
Q_Learning [136/300]: mean_loss=0.005134587961947545
Q_Learning [137/300]: mean_loss=0.004556569445412606
Q_Learning [138/300]: mean_loss=0.006662168190814555
Q_Learning [139/300]: mean_loss=0.0034361048601567745
Q_Learning [140/300]: mean_loss=0.004325288638938218
Q_Learning [141/300]: mean_loss=0.004937172925565392
Q_Learning [142/300]: mean_loss=0.008214685076382011
Q_Learning [143/300]: mean_loss=0.0671113037969917
Q_Learning [144/300]: mean_loss=0.019498782115988433
Q_Learning [145/300]: mean_loss=0.20337516348809004
Q_Learning [146/300]: mean_loss=0.19722019881010056
Q_Learning [147/300]: mean_loss=0.029346222057938576
Q_Learning [148/300]: mean_loss=0.038934309501200914
Q_Learning [149/300]: mean_loss=0.018634039675816894
Q_Learning [150/300]: mean_loss=0.15555294509977102
Q_Learning [151/300]: mean_loss=0.28273859806358814
Q_Learning [152/300]: mean_loss=0.01812849473208189
Q_Learning [153/300]: mean_loss=0.03402383462525904
Q_Learning [154/300]: mean_loss=0.025566836120560765
Q_Learning [155/300]: mean_loss=0.041915192967280746
Q_Learning [156/300]: mean_loss=0.023568740230984986
Q_Learning [157/300]: mean_loss=0.02084782044403255
Q_Learning [158/300]: mean_loss=0.026650802232325077
Q_Learning [159/300]: mean_loss=0.006325292808469385
Q_Learning [160/300]: mean_loss=0.022564804647117853
Q_Learning [161/300]: mean_loss=0.007329489686526358
Q_Learning [162/300]: mean_loss=0.051946528255939484
Q_Learning [163/300]: mean_loss=0.2213393859565258
Q_Learning [164/300]: mean_loss=0.012394061661325395
Q_Learning [165/300]: mean_loss=0.021849445533007383
Q_Learning [166/300]: mean_loss=0.019499117508530617
Q_Learning [167/300]: mean_loss=0.018095062347128987
Q_Learning [168/300]: mean_loss=0.014477770891971886
Q_Learning [169/300]: mean_loss=0.002850204735295847
Q_Learning [170/300]: mean_loss=0.0061147494707256556
Q_Learning [171/300]: mean_loss=0.01729215821251273
Q_Learning [172/300]: mean_loss=0.047039128839969635
Q_Learning [173/300]: mean_loss=0.024723158916458488
Q_Learning [174/300]: mean_loss=0.01615301740821451
Q_Learning [175/300]: mean_loss=0.028653034707531333
Q_Learning [176/300]: mean_loss=0.001672068756306544
Q_Learning [177/300]: mean_loss=0.005196589394472539
Q_Learning [178/300]: mean_loss=0.003477020305581391
Q_Learning [179/300]: mean_loss=0.0056199863902293146
Q_Learning [180/300]: mean_loss=0.007682943774852902
Q_Learning [181/300]: mean_loss=0.0037481797335203737
Q_Learning [182/300]: mean_loss=0.0024580206954851747
Q_Learning [183/300]: mean_loss=0.008061466389335692
Q_Learning [184/300]: mean_loss=0.003723287343746051
Q_Learning [185/300]: mean_loss=0.005586595623753965
Q_Learning [186/300]: mean_loss=0.004181964817689732
Q_Learning [187/300]: mean_loss=0.002601286396384239
Q_Learning [188/300]: mean_loss=0.09218350518494844
Q_Learning [189/300]: mean_loss=0.09419815894216299
Q_Learning [190/300]: mean_loss=0.01604342192877084
Q_Learning [191/300]: mean_loss=0.03237351658754051
Q_Learning [192/300]: mean_loss=0.010475057119037956
Q_Learning [193/300]: mean_loss=0.011108497506938875
Q_Learning [194/300]: mean_loss=0.01624300715047866
Q_Learning [195/300]: mean_loss=0.0051729988772422075
Q_Learning [196/300]: mean_loss=0.010007005534134805
Q_Learning [197/300]: mean_loss=0.0027596664731390774
Q_Learning [198/300]: mean_loss=0.004794113337993622
Q_Learning [199/300]: mean_loss=0.009014567534904927
Q_Learning [200/300]: mean_loss=0.007477394654415548
Q_Learning [201/300]: mean_loss=0.009776901453733444
Q_Learning [202/300]: mean_loss=0.0061820223345421255
Q_Learning [203/300]: mean_loss=0.0019361578451935202
Q_Learning [204/300]: mean_loss=0.006301684654317796
Q_Learning [205/300]: mean_loss=0.0036298904451541603
Q_Learning [206/300]: mean_loss=0.007200548076070845
Q_Learning [207/300]: mean_loss=0.006243716110475361
Q_Learning [208/300]: mean_loss=0.004877675964962691
Q_Learning [209/300]: mean_loss=0.006939123384654522
Q_Learning [210/300]: mean_loss=0.008791449014097452
Q_Learning [211/300]: mean_loss=0.004527466284343973
Q_Learning [212/300]: mean_loss=0.004564371658489108
Q_Learning [213/300]: mean_loss=0.004711249377578497
Q_Learning [214/300]: mean_loss=0.003914740140317008
Q_Learning [215/300]: mean_loss=0.005432151898276061
Q_Learning [216/300]: mean_loss=0.0026301476755179465
Q_Learning [217/300]: mean_loss=0.005175727303139865
Q_Learning [218/300]: mean_loss=0.002635903627378866
Q_Learning [219/300]: mean_loss=0.007956823450513184
Q_Learning [220/300]: mean_loss=0.00789805973181501
Q_Learning [221/300]: mean_loss=0.007203125220257789
Q_Learning [222/300]: mean_loss=0.0025137199845630676
Q_Learning [223/300]: mean_loss=0.0006113481649663299
Q_Learning [224/300]: mean_loss=0.0044058533385396
Q_Learning [225/300]: mean_loss=0.0013776924897683784
Q_Learning [226/300]: mean_loss=0.0015668772102799267
Q_Learning [227/300]: mean_loss=0.01023399131372571
Q_Learning [228/300]: mean_loss=0.006695668038446456
Q_Learning [229/300]: mean_loss=0.0035299494047649205
Q_Learning [230/300]: mean_loss=0.004566046176478267
Q_Learning [231/300]: mean_loss=0.002094477182254195
Q_Learning [232/300]: mean_loss=0.0028785457543563098
Q_Learning [233/300]: mean_loss=0.004866155213676393
Q_Learning [234/300]: mean_loss=0.006651013274677098
Q_Learning [235/300]: mean_loss=0.00614914734615013
Q_Learning [236/300]: mean_loss=0.011154228239320219
Q_Learning [237/300]: mean_loss=0.00390828779200092
Q_Learning [238/300]: mean_loss=0.004539430956356227
Q_Learning [239/300]: mean_loss=0.0022911728592589498
Q_Learning [240/300]: mean_loss=0.006899690779391676
Q_Learning [241/300]: mean_loss=0.009720393631141633
Q_Learning [242/300]: mean_loss=0.003880393400322646
Q_Learning [243/300]: mean_loss=0.006270869984291494
Q_Learning [244/300]: mean_loss=0.0024602905323263258
Q_Learning [245/300]: mean_loss=0.0018955124105559662
Q_Learning [246/300]: mean_loss=0.004826738673727959
Q_Learning [247/300]: mean_loss=0.0013646644947584718
Q_Learning [248/300]: mean_loss=0.02056861133314669
Q_Learning [249/300]: mean_loss=0.010633409779984504
Q_Learning [250/300]: mean_loss=0.005126916104927659
Q_Learning [251/300]: mean_loss=0.013034187140874565
Q_Learning [252/300]: mean_loss=0.0043809080380015075
Q_Learning [253/300]: mean_loss=0.003820089652435854
Q_Learning [254/300]: mean_loss=0.00360739030293189
Q_Learning [255/300]: mean_loss=0.003339442133437842
Q_Learning [256/300]: mean_loss=0.13133344240486622
Q_Learning [257/300]: mean_loss=0.09085496235638857
Q_Learning [258/300]: mean_loss=0.014653630671091378
Q_Learning [259/300]: mean_loss=0.002475944216712378
Q_Learning [260/300]: mean_loss=0.003870892367558554
Q_Learning [261/300]: mean_loss=0.02264955244027078
Q_Learning [262/300]: mean_loss=0.013879110454581678
Q_Learning [263/300]: mean_loss=0.010380626190453768
Q_Learning [264/300]: mean_loss=0.006848617049399763
Q_Learning [265/300]: mean_loss=0.006158186530228704
Q_Learning [266/300]: mean_loss=0.004182735428912565
Q_Learning [267/300]: mean_loss=0.006511135579785332
Q_Learning [268/300]: mean_loss=0.010541663854382932
Q_Learning [269/300]: mean_loss=0.011346137383952737
Q_Learning [270/300]: mean_loss=0.003546684223692864
Q_Learning [271/300]: mean_loss=0.006229292368516326
Q_Learning [272/300]: mean_loss=0.0023881736415205523
Q_Learning [273/300]: mean_loss=0.0028979725611861795
Q_Learning [274/300]: mean_loss=0.00478933313570451
Q_Learning [275/300]: mean_loss=0.22558306902647018
Q_Learning [276/300]: mean_loss=0.05848058918491006
Q_Learning [277/300]: mean_loss=0.016437666723504663
Q_Learning [278/300]: mean_loss=0.013300790102221072
Q_Learning [279/300]: mean_loss=0.0022369046055246145
Q_Learning [280/300]: mean_loss=0.008767563151195645
Q_Learning [281/300]: mean_loss=0.004888089548330754
Q_Learning [282/300]: mean_loss=0.00910836347611621
Q_Learning [283/300]: mean_loss=0.009298405842855573
Q_Learning [284/300]: mean_loss=0.006638670398388058
Q_Learning [285/300]: mean_loss=0.008869865559972823
Q_Learning [286/300]: mean_loss=0.005938493937719613
Q_Learning [287/300]: mean_loss=0.004322287131799385
Q_Learning [288/300]: mean_loss=0.0031771294306963682
Q_Learning [289/300]: mean_loss=0.0048982297303155065
Q_Learning [290/300]: mean_loss=0.0019743110169656575
Q_Learning [291/300]: mean_loss=0.005752934375777841
Q_Learning [292/300]: mean_loss=0.0029894792241975665
Q_Learning [293/300]: mean_loss=0.004724639060441405
Q_Learning [294/300]: mean_loss=0.0036857547820545733
Q_Learning [295/300]: mean_loss=0.0023719880264252424
Q_Learning [296/300]: mean_loss=0.18081448413431644
Q_Learning [297/300]: mean_loss=0.07991214748471975
Q_Learning [298/300]: mean_loss=0.014727148809470236
Q_Learning [299/300]: mean_loss=0.017192375264130533
Q_Learning [300/300]: mean_loss=0.007887145620770752
Number of Samples after Autoencoder testing: 300
First Spike after testing: [ 1.8333263 -0.989443 ]
[1, 2, 0, 2, 2, 0, 0, 2, 1, 2, 2, 0, 2, 1, 1, 1, 2, 0, 1, 2, 0, 0, 2, 0, 1, 2, 2, 2, 2, 1, 1, 1, 2, 1, 2, 0, 0, 0, 2, 0, 0, 2, 1, 1, 2, 2, 2, 1, 0, 2, 0, 2, 1, 1, 1, 2, 2, 2, 1, 0, 2, 2, 2, 0, 0, 0, 1, 0, 1, 2, 0, 0, 0, 1, 0, 1, 0, 2, 2, 1, 0, 2, 0, 0, 0, 1, 2, 0, 2, 1, 2, 2, 0, 1, 2, 0, 2, 0, 2, 1, 0, 0, 1, 0, 0, 0, 2, 0, 0, 0, 2, 0, 0, 2, 1, 1, 0, 1, 2, 1, 1, 1, 0, 0, 1, 2, 0, 0, 1, 0, 1, 2, 2, 0, 1, 0, 2, 0, 0, 1, 0, 0, 2, 2, 0, 0, 1, 2, 1, 2, 0, 2, 1, 2, 0, 2, 0, 2, 1, 0, 1, 0, 1, 1, 2, 0, 1, 2, 1, 2, 1, 2, 2, 2, 2, 1, 1, 1, 2, 0, 2, 2, 2, 0, 1, 2, 0, 2, 1, 1, 1, 0, 1, 2, 0, 2, 0, 2, 2, 2, 0, 0, 1, 1, 0, 2, 0, 1, 1, 0, 1, 1, 2, 2, 2, 2, 0, 2, 0, 0, 0, 2, 2, 2, 1, 2, 2, 2, 1, 0, 1, 0, 1, 2, 0, 2, 1, 1, 2, 0, 1, 2, 1, 0, 1, 2, 0, 0, 2, 1, 0, 2, 1, 1, 1, 0, 2, 0, 1, 1, 1, 0, 1, 2, 0, 2, 2, 2, 1, 0, 2, 2, 0, 2, 2, 0, 1, 0, 1, 1, 2, 2, 0, 1, 2, 1, 1, 2, 0, 2, 1, 2, 2, 0, 0, 1, 2, 0, 2, 2]
[0, 1, 2, 1, 1, 2, 2, 1, 0, 1, 1, 2, 1, 0, 0, 0, 1, 2, 0, 1, 2, 2, 1, 2, 0, 1, 1, 1, 1, 0, 0, 0, 1, 0, 1, 2, 2, 2, 1, 2, 2, 1, 0, 0, 1, 1, 1, 0, 2, 1, 2, 1, 0, 0, 0, 1, 1, 1, 0, 2, 1, 1, 1, 2, 2, 2, 2, 2, 0, 1, 2, 2, 2, 0, 2, 0, 2, 1, 1, 0, 2, 1, 2, 2, 2, 0, 1, 2, 1, 0, 1, 1, 2, 0, 1, 2, 1, 2, 1, 0, 2, 2, 0, 2, 2, 2, 3, 4, 2, 2, 1, 2, 2, 1, 0, 0, 2, 0, 3, 1, 0, 0, 2, 2, 0, 1, 2, 2, 0, 2, 0, 1, 1, 2, 0, 2, 1, 2, 2, 0, 2, 2, 1, 1, 2, 2, 0, 1, 0, 1, 2, 1, 0, 1, 2, 1, 2, 1, 0, 2, 0, 2, 0, 0, 1, 2, 0, 1, 0, 1, 0, 1, 1, 1, 1, 0, 0, 0, 1, 2, 1, 1, 1, 2, 0, 1, 2, 1, 0, 0, 0, 2, 0, 1, 2, 1, 2, 1, 1, 1, 2, 2, 0, 0, 2, 1, 2, 0, 0, 2, 0, 0, 1, 1, 1, 1, 2, 1, 2, 2, 2, 3, 1, 1, 0, 1, 1, 1, 0, 2, 0, 2, 0, 1, 2, 1, 0, 0, 1, 2, 0, 1, 0, 2, 0, 1, 2, 2, 1, 0, 2, 1, 0, 0, 0, 2, 1, 2, 0, 0, 0, 2, 0, 1, 2, 1, 1, 1, 0, 2, 1, 1, 2, 1, 1, 2, 0, 2, 0, 0, 1, 1, 2, 5, 1, 0, 0, 1, 2, 1, 0, 1, 1, 2, 5, 0, 1, 2, 1, 1]
Centroids: [[-0.43111166, 2.4217916], [1.5458422, -1.2242855], [-4.051146, 0.17191419]]
Centroids: [[1.6426393, -1.2197614], [-4.0519485, 0.21863744], [-0.38743946, 2.3973348], [-3.746968, -1.828261], [-3.6872163, 3.4292057], [-0.7419413, -0.9917736]]
Contingency Matrix: 
[[  0   0  97   0   1   1]
 [ 86   1   1   0   0   1]
 [  0 109   0   3   0   0]]
[[0, 0, 97, 0, 1, 1], [86, 1, 1, 0, 0, 1], [0, 109, 0, 3, 0, 0]]
[[0, 0, 97, 0, 1, 1], [86, 1, 1, 0, 0, 1], [0, 109, 0, 3, 0, 0]]
[0, 1, 2, 3, 4, 5]
[[0, -1, 97, 0, 1, 1], [86, -1, 1, 0, 0, 1], [-1, -1, -1, -1, -1, -1]]
[[-1, -1, -1, -1, -1, -1], [86, -1, -1, 0, 0, 1], [-1, -1, -1, -1, -1, -1]]
[[-1, -1, -1, -1, -1, -1], [-1, -1, -1, -1, -1, -1], [-1, -1, -1, -1, -1, -1]]
Match_Labels: {2: 1, 0: 2, 1: 0}
New Contingency Matrix: 
[[ 97   0   0   0   1   1]
 [  1  86   1   0   0   1]
 [  0   0 109   3   0   0]]
New Clustered Label Sequence: [2, 0, 1, 3, 4, 5]
Diagonal_Elements: [97, 86, 109], Sum: 292
All_Elements: [97, 0, 0, 0, 1, 1, 1, 86, 1, 0, 0, 1, 0, 0, 109, 3, 0, 0], Sum: 300
Accuracy: 0.9733333333333334
