Seed: 0
Experiment_path: AE_Model_2/Epochs_2_4_6_8_20/20_Experiment_05_Epochs
Dataset_Path: ../_00_Datasets/03_SimDaten_Quiroga2020/C_Difficult2_noise010.mat
Dataset_name: ['03_SimDaten_Quiroga2020', 'C_Difficult2_noise010.mat']
Variant_name: V05_Online_AE_QL
Visualisation_Path: AE_Model_2/Epochs_2_4_6_8_20/20_Experiment_05_Epochs/C_Difficult2_noise010.mat/V05_Online_AE_QL/2023_05_11-01_21_16
Normalisation: False
Template Matching: False
Optimising Autoencoder: False
Update Factor: 1
Noisy Batches: False
Noisy Factor: 0.001
Epochs: 20
Batch Size: 1
maximal Spikes for Autoencoder Training : 700
maximal Spikes for Training: 1000
Input Size: 47
Chosen Model: Convolutional Autoencoder
ConvolutionalAutoencoder(
  (encoder): Sequential(
    (0): Conv1d(1, 6, kernel_size=(6,), stride=(1,))
    (1): LeakyReLU(negative_slope=0.01)
    (2): Conv1d(6, 1, kernel_size=(6,), stride=(1,))
    (3): Flatten(start_dim=1, end_dim=-1)
    (4): Linear(in_features=37, out_features=2, bias=True)
  )
  (decoder): Sequential(
    (0): ConvTranspose1d(1, 6, kernel_size=(6,), stride=(1,))
    (1): LeakyReLU(negative_slope=0.01)
    (2): ConvTranspose1d(6, 1, kernel_size=(6,), stride=(1,))
    (3): Flatten(start_dim=1, end_dim=-1)
    (4): Linear(in_features=12, out_features=47, bias=True)
  )
)
MSELoss()
Adam (
Parameter Group 0
    amsgrad: False
    betas: (0.9, 0.999)
    capturable: False
    differentiable: False
    eps: 1e-08
    foreach: None
    fused: False
    lr: 0.001
    maximize: False
    weight_decay: 0
)
---Q Learning Parameters---
Normalisation: False
Punishment Coefficient: 0.9
Alpha: 0.8
Epsilon: 0.01
Gamma: 0.97
Initial Episode Number: 0
Episode Number Coefficient: 1.4
Number of Random Features: 20
Planning Number: 20
Max Random Features: 60
New Episode Number: 72
New Episode Number: 143
New Episode Number: 215
New Episode Number: 286
                0     1     2     3      4
new_cluster -4.25 -2.92 -1.03 -4.92 -12.95
c1          -4.25 -3.08 -0.94 -5.01 -12.95
c2          -4.27 -3.13 -0.97 -4.86 -12.95
c3          -4.25 -3.00 -0.98  0.00   0.00
c4          -4.25 -3.01 -0.99  0.00 -12.95
\begin{tabular}{lrrrrr}
\toprule
{} &     0 &     1 &     2 &     3 &      4 \\
\midrule
new\_cluster & -4.25 & -2.92 & -1.03 & -4.92 & -12.95 \\
c1          & -4.25 & -3.08 & -0.94 & -5.01 & -12.95 \\
c2          & -4.27 & -3.13 & -0.97 & -4.86 & -12.95 \\
c3          & -4.25 & -3.00 & -0.98 &  0.00 &   0.00 \\
c4          & -4.25 & -3.01 & -0.99 &  0.00 & -12.95 \\
\bottomrule
\end{tabular}

                                0            1  ...            3             4
new_cluster  [-3.24, new_cluster]  [-1.99, c1]  ...  [-4.92, c3]  [-12.95, c4]
c1           [-3.24, new_cluster]  [-2.16, c1]  ...  [-5.01, c3]  [-12.95, c4]
c2           [-3.24, new_cluster]   [-2.2, c1]  ...  [-4.86, c3]  [-12.95, c4]
c3           [-3.24, new_cluster]  [-2.08, c1]  ...        [0, ]         [0, ]
c4           [-3.24, new_cluster]  [-2.09, c1]  ...        [0, ]  [-12.95, c4]

[5 rows x 5 columns]
\begin{tabular}{llllll}
\toprule
{} &                     0 &            1 &            2 &            3 &             4 \\
\midrule
new\_cluster &  [-3.24, new\_cluster] &  [-1.99, c1] &  [-0.09, c2] &  [-4.92, c3] &  [-12.95, c4] \\
c1          &  [-3.24, new\_cluster] &  [-2.16, c1] &   [-0.0, c2] &  [-5.01, c3] &  [-12.95, c4] \\
c2          &  [-3.24, new\_cluster] &   [-2.2, c1] &  [-0.02, c2] &  [-4.86, c3] &  [-12.95, c4] \\
c3          &  [-3.24, new\_cluster] &  [-2.08, c1] &  [-0.04, c2] &        [0, ] &         [0, ] \\
c4          &  [-3.24, new\_cluster] &  [-2.09, c1] &  [-0.04, c2] &        [0, ] &  [-12.95, c4] \\
\bottomrule
\end{tabular}

