Seed: 1
Experiment_path: AE_Model_2/Random_Seeds_DV5//V5_3/Experiment_05_1_opt_temp_noisy
Dataset_Path: ../_00_Datasets/03_SimDaten_Quiroga2020/C_Burst_Easy2_noise015.mat
Dataset_name: ['03_SimDaten_Quiroga2020', 'C_Burst_Easy2_noise015.mat']
Variant_name: Variant_05_Online_Autoencoder_QLearning_opt_temp_noisy
Visualisation_Path: AE_Model_2/Random_Seeds_DV5//V5_3/Experiment_05_1_opt_temp_noisy/C_Burst_Easy2_noise015.mat/Variant_05_Online_Autoencoder_QLearning_opt_temp_noisy/2023_05_04-13_18_26
Normalisation: False
Template Matching: True
Optimising Autoencoder: True
Update Factor: 1
Noisy Batches: True
Noisy Factor: 0.001
Epochs: 8
Batch Size: 1
maximal Spikes for Autoencoder Training : 700
maximal Spikes for Training: 1000
Input Size: 47
Chosen Model: Convolutional Autoencoder
ConvolutionalAutoencoder(
  (encoder): Sequential(
    (0): Conv1d(1, 6, kernel_size=(6,), stride=(1,))
    (1): LeakyReLU(negative_slope=0.01)
    (2): Conv1d(6, 1, kernel_size=(6,), stride=(1,))
    (3): Flatten(start_dim=1, end_dim=-1)
    (4): Linear(in_features=37, out_features=2, bias=True)
  )
  (decoder): Sequential(
    (0): ConvTranspose1d(1, 6, kernel_size=(6,), stride=(1,))
    (1): LeakyReLU(negative_slope=0.01)
    (2): ConvTranspose1d(6, 1, kernel_size=(6,), stride=(1,))
    (3): Flatten(start_dim=1, end_dim=-1)
    (4): Linear(in_features=12, out_features=47, bias=True)
  )
)
MSELoss()
Adam (
Parameter Group 0
    amsgrad: False
    betas: (0.9, 0.999)
    capturable: False
    differentiable: False
    eps: 1e-08
    foreach: None
    fused: False
    lr: 0.001
    maximize: False
    weight_decay: 0
)
---Q Learning Parameters---
Normalisation: False
Punishment Coefficient: 0.7
Alpha: 0.8
Epsilon: 0.01
Gamma: 0.97
Initial Episode Number: 0
Episode Number Coefficient: 1.4
Number of Random Features: 20
Planning Number: 20
Max Random Features: 60
New Episode Number: 72
New Episode Number: 143
New Episode Number: 215
New Episode Number: 286
New Episode Number: 358
New Episode Number: 429
New Episode Number: 500
New Episode Number: 572
New Episode Number: 643
New Episode Number: 715
New Episode Number: 786
New Episode Number: 858
New Episode Number: 929
New Episode Number: 1000
New Episode Number: 1072
New Episode Number: 1143
New Episode Number: 1215
New Episode Number: 1286
New Episode Number: 1358
New Episode Number: 1429
New Episode Number: 1501
New Episode Number: 1572
New Episode Number: 1643
New Episode Number: 1715
New Episode Number: 1786
New Episode Number: 1858
New Episode Number: 1929
New Episode Number: 2000
New Episode Number: 2072
                0       1      2      3   ...     26      27     28      29
new_cluster -60.37 -119.62 -73.80 -79.18  ... -63.40 -260.91 -62.41 -100.34
c1          -59.72 -121.38 -73.39 -80.27  ... -61.82 -260.91 -62.25 -100.34
c2          -59.62 -118.50 -73.38 -79.80  ... -63.46 -260.84 -62.20 -100.34
c3          -59.60 -118.56 -73.01 -79.44  ... -61.76 -260.43 -62.05 -100.34
c4          -59.70 -118.52 -72.79 -79.52  ... -63.16 -260.91 -62.29 -100.34
c5          -59.71 -120.90 -73.21 -77.84  ... -63.14 -260.21 -62.22 -100.34
c6          -60.45 -119.34 -73.30 -78.18  ... -63.14 -259.94 -62.38 -100.34
c7          -60.17 -117.21 -72.80 -77.70  ... -62.83 -260.92 -62.18 -100.34
c8          -60.22 -118.57 -73.10 -77.80  ... -63.09 -258.59 -62.29 -100.34
c9          -59.76 -118.41 -73.18 -78.86  ... -63.15 -260.46 -62.42 -100.34
c10         -59.70 -121.12 -74.84 -76.26  ... -63.10 -259.93 -62.03 -100.34
c11         -60.09 -116.90 -73.44 -78.61  ... -62.74 -260.76 -62.22 -100.34
c12         -60.49 -118.46 -73.92 -77.85  ... -62.83 -260.92 -62.20 -100.34
c13         -59.65 -119.31 -74.16 -74.80  ... -63.48 -260.82 -62.46 -100.34
c14         -59.61 -119.10 -72.57 -77.96  ... -63.15 -258.38 -62.26 -100.34
c15         -60.07 -120.04 -74.40 -77.17  ... -63.16 -260.02 -62.29 -100.34
c16         -59.60 -117.24 -71.48 -79.09  ... -63.08 -259.95 -62.38 -100.34
c17         -59.51 -117.76 -73.97 -77.83  ... -63.09 -260.88 -62.29 -100.34
c18         -60.09 -118.52 -74.34 -78.51  ... -62.82 -260.89 -62.42 -100.34
c19         -60.14 -120.61 -73.33 -78.37  ... -63.40 -259.89 -62.25 -100.34
c20         -59.61 -118.61 -73.60 -77.77  ... -63.47 -260.92 -62.17 -100.34
c21         -60.16 -118.77 -74.49 -77.83  ... -62.83 -260.49 -62.25 -100.34
c22         -60.14 -116.89 -73.75 -76.41  ... -63.48 -259.88 -62.40 -100.34
c23         -60.44 -118.56 -73.18 -78.19  ... -63.48 -260.67 -62.22 -100.34
c24         -59.78 -118.49 -74.96 -77.88  ... -63.08 -258.38 -62.22  -96.33
c25         -60.10 -120.46 -73.37 -79.39  ... -63.46 -258.28 -62.25 -100.34
c26         -60.42 -119.83 -73.85 -76.97  ... -63.09 -258.26 -62.42 -100.34
c27         -59.78 -118.77 -73.51 -78.15  ... -63.16 -260.91 -62.21 -100.31
c28         -60.48 -116.97 -73.22 -77.52  ... -63.47 -259.95 -62.21 -100.34
c29         -60.08 -117.87 -74.76 -77.31  ... -63.15 -256.97 -62.29    0.00

[30 rows x 30 columns]
\begin{tabular}{lrrrrrrrrrrrrrrrrrrrrrrrrrrrrrr}
\toprule
{} &     0  &      1  &     2  &     3  &     4  &      5  &     6  &      7  &      8  &      9  &     10 &     11 &     12 &     13 &     14 &     15 &     16 &      17 &      18 &      19 &     20 &      21 &      22 &      23 &      24 &     25 &     26 &      27 &     28 &      29 \\
\midrule
new\_cluster & -60.37 & -119.62 & -73.80 & -79.18 & -86.94 & -128.56 & -74.45 & -100.58 & -126.16 & -151.28 & -71.87 & -84.95 & -67.44 & -65.02 & -72.77 & -80.90 & -79.46 & -141.04 & -107.57 & -105.07 & -59.42 & -138.68 &  -86.20 & -215.02 & -179.90 & -96.99 & -63.40 & -260.91 & -62.41 & -100.34 \\
c1          & -59.72 & -121.38 & -73.39 & -80.27 & -85.28 & -135.00 & -75.02 & -100.51 & -126.57 & -147.66 & -71.23 & -84.98 & -65.76 & -64.47 & -73.31 & -79.45 & -78.68 & -143.77 & -107.84 & -105.09 & -59.87 & -139.21 &  -86.20 & -214.93 & -182.06 & -96.83 & -61.82 & -260.91 & -62.25 & -100.34 \\
c2          & -59.62 & -118.50 & -73.38 & -79.80 & -86.01 & -134.22 & -76.62 &  -99.87 & -126.09 & -149.47 & -71.03 & -85.07 & -66.50 & -64.30 & -73.03 & -79.57 & -78.26 & -140.89 & -107.81 & -105.12 & -59.44 & -135.02 &  -98.57 & -215.45 & -181.49 & -97.16 & -63.46 & -260.84 & -62.20 & -100.34 \\
c3          & -59.60 & -118.56 & -73.01 & -79.44 & -85.98 & -130.64 & -75.11 & -100.15 & -126.11 & -148.18 & -72.65 & -84.40 & -66.79 & -64.45 & -71.96 & -80.68 & -77.60 & -140.93 & -107.84 & -105.23 & -60.16 & -136.68 & -110.57 & -215.37 & -181.84 & -96.72 & -61.76 & -260.43 & -62.05 & -100.34 \\
c4          & -59.70 & -118.52 & -72.79 & -79.52 & -86.42 & -130.84 & -76.05 &  -99.93 & -126.89 & -146.60 & -71.98 & -84.82 & -67.24 & -64.48 & -73.04 & -80.36 & -80.25 & -140.48 & -107.82 & -105.01 & -59.85 & -139.11 &  -94.48 & -215.02 & -181.90 & -96.77 & -63.16 & -260.91 & -62.29 & -100.34 \\
c5          & -59.71 & -120.90 & -73.21 & -77.84 & -85.75 & -128.38 & -77.37 &  -99.92 & -126.34 & -145.41 & -72.82 & -85.21 & -67.04 & -64.68 & -72.99 & -78.92 & -82.03 & -142.78 & -107.80 & -105.11 & -59.58 & -139.30 & -111.30 & -215.27 & -181.75 & -96.82 & -63.14 & -260.21 & -62.22 & -100.34 \\
c6          & -60.45 & -119.34 & -73.30 & -78.18 & -84.33 & -128.78 & -76.99 & -100.58 & -126.38 & -149.67 & -71.95 & -85.15 & -66.31 & -64.62 & -73.95 & -80.63 & -82.00 & -141.60 & -107.71 & -105.18 & -58.87 & -137.47 &  -89.52 & -215.45 & -181.70 & -96.82 & -63.14 & -259.94 & -62.38 & -100.34 \\
c7          & -60.17 & -117.21 & -72.80 & -77.70 & -86.24 & -127.04 & -77.36 & -100.54 & -125.72 & -153.82 & -72.07 & -85.61 & -65.42 & -64.88 & -73.27 & -79.55 & -84.01 & -142.46 & -107.84 & -104.98 & -58.68 & -136.47 &  -77.94 & -214.91 & -181.53 & -96.84 & -62.83 & -260.92 & -62.18 & -100.34 \\
c8          & -60.22 & -118.57 & -73.10 & -77.80 & -86.65 & -132.74 & -76.01 &  -99.92 & -126.40 & -149.54 & -72.30 & -83.60 & -67.38 & -63.74 & -73.68 & -80.73 & -78.87 & -139.62 & -107.84 & -104.81 & -58.98 & -140.30 &  -80.75 & -215.45 & -182.32 & -96.82 & -63.09 & -258.59 & -62.29 & -100.34 \\
c9          & -59.76 & -118.41 & -73.18 & -78.86 & -86.36 & -131.16 & -75.67 &  -99.79 & -126.57 & -151.12 & -70.85 & -86.24 & -66.59 & -65.02 & -73.84 & -79.56 & -81.45 & -139.57 & -107.82 & -105.68 & -58.85 & -139.57 &  -84.87 & -215.00 & -170.35 & -95.79 & -63.15 & -260.46 & -62.42 & -100.34 \\
c10         & -59.70 & -121.12 & -74.84 & -76.26 & -85.88 & -130.70 & -73.16 &  -99.93 & -126.01 & -147.02 & -71.26 & -85.48 & -67.04 & -65.15 & -72.48 & -79.37 & -79.45 & -141.70 & -107.81 & -105.08 & -59.76 & -138.54 &  -96.09 & -214.91 & -180.25 & -96.78 & -63.10 & -259.93 & -62.03 & -100.34 \\
c11         & -60.09 & -116.90 & -73.44 & -78.61 & -85.49 & -131.28 & -76.68 &  -99.93 & -125.18 & -148.13 & -71.58 & -84.34 & -67.22 & -64.37 & -73.50 & -79.57 & -80.12 & -139.32 & -107.81 & -105.23 & -59.46 & -138.64 &  -89.81 & -215.18 & -181.94 & -96.82 & -62.74 & -260.76 & -62.22 & -100.34 \\
c12         & -60.49 & -118.46 & -73.92 & -77.85 & -85.43 & -129.84 & -75.55 &  -99.92 & -126.24 & -149.88 & -73.65 & -85.18 & -67.11 & -65.11 & -72.97 & -80.10 & -79.97 & -141.96 & -107.82 & -105.06 & -59.97 & -138.29 &  -95.86 & -215.34 & -182.49 & -96.85 & -62.83 & -260.92 & -62.20 & -100.34 \\
c13         & -59.65 & -119.31 & -74.16 & -74.80 & -84.76 & -131.04 & -75.01 & -100.59 & -126.67 & -140.88 & -71.71 & -85.52 & -66.79 & -64.00 & -72.81 & -79.20 & -80.91 & -140.91 & -107.80 & -105.09 & -59.62 & -139.54 &  -90.96 & -214.93 & -182.02 & -96.83 & -63.48 & -260.82 & -62.46 & -100.34 \\
c14         & -59.61 & -119.10 & -72.57 & -77.96 & -86.08 & -131.57 & -76.31 & -100.36 & -125.57 & -151.23 & -73.03 & -85.26 & -66.67 & -65.35 & -73.28 & -80.90 & -78.85 & -139.89 & -107.84 & -105.08 & -59.40 & -139.88 &  -84.79 & -214.93 & -181.96 & -96.90 & -63.15 & -258.38 & -62.26 & -100.34 \\
c15         & -60.07 & -120.04 & -74.40 & -77.17 & -85.04 & -129.33 & -74.57 &  -99.92 & -125.47 & -146.98 & -70.23 & -85.68 & -66.60 & -64.44 & -72.89 & -80.19 & -79.17 & -140.36 & -107.84 & -105.26 & -59.61 & -139.23 &  -93.77 & -214.94 & -182.10 & -96.81 & -63.16 & -260.02 & -62.29 & -100.34 \\
c16         & -59.60 & -117.24 & -71.48 & -79.09 & -86.78 & -129.59 & -76.57 & -100.48 & -126.28 & -148.55 & -70.94 & -83.46 & -66.95 & -64.77 & -72.33 & -79.81 & -79.76 & -140.36 & -107.84 & -105.18 & -58.62 & -139.10 & -103.80 & -214.87 & -181.88 & -96.23 & -63.08 & -259.95 & -62.38 & -100.34 \\
c17         & -59.51 & -117.76 & -73.97 & -77.83 & -86.50 & -129.34 & -75.34 & -100.58 & -126.22 & -152.03 & -71.03 & -86.11 & -66.65 & -64.87 & -74.41 & -79.90 & -80.84 & -142.64 & -107.84 & -105.23 & -60.09 & -138.40 &  -95.89 & -215.46 & -181.46 & -96.36 & -63.09 & -260.88 & -62.29 & -100.34 \\
c18         & -60.09 & -118.52 & -74.34 & -78.51 & -84.47 & -129.98 & -75.36 &  -99.92 & -127.21 & -142.84 & -71.72 & -85.23 & -66.55 & -64.65 & -73.30 & -79.34 & -79.28 & -142.54 & -107.84 & -105.54 & -59.44 & -139.36 &  -88.71 & -214.70 & -181.51 & -96.83 & -62.82 & -260.89 & -62.42 & -100.34 \\
c19         & -60.14 & -120.61 & -73.33 & -78.37 & -85.54 & -130.81 & -74.64 & -100.54 & -126.56 & -147.83 & -72.48 & -85.31 & -66.44 & -65.12 & -72.56 & -79.83 & -80.01 & -140.01 & -107.84 & -105.14 & -59.38 & -138.68 &  -94.52 & -215.28 & -181.83 & -96.82 & -63.40 & -259.89 & -62.25 & -100.34 \\
c20         & -59.61 & -118.61 & -73.60 & -77.77 & -85.55 & -132.70 & -76.48 & -100.59 & -125.76 & -145.74 & -71.92 & -85.48 & -67.80 & -65.09 & -73.16 & -79.82 & -76.42 & -142.55 & -107.84 & -105.14 & -58.27 & -138.43 &  -87.15 & -215.35 & -182.04 & -96.82 & -63.47 & -260.92 & -62.17 & -100.34 \\
c21         & -60.16 & -118.77 & -74.49 & -77.83 & -85.98 & -132.18 & -76.39 &  -99.78 & -126.38 & -143.75 & -72.69 & -84.45 & -67.07 & -65.41 & -73.61 & -80.18 & -82.67 & -139.32 & -107.81 & -105.23 & -58.93 & -136.77 &  -92.53 & -214.93 & -181.95 & -96.82 & -62.83 & -260.49 & -62.25 & -100.34 \\
c22         & -60.14 & -116.89 & -73.75 & -76.41 & -85.89 & -128.82 & -75.84 & -100.57 & -126.15 & -152.15 & -71.86 & -84.99 & -66.14 & -64.97 & -73.01 & -80.43 & -80.99 & -139.95 & -107.81 & -105.64 & -58.90 & -140.83 &  -83.56 & -215.00 & -181.82 & -96.86 & -63.48 & -259.88 & -62.40 & -100.34 \\
c23         & -60.44 & -118.56 & -73.18 & -78.19 & -84.43 & -132.44 & -76.56 &  -99.92 & -126.45 & -147.39 & -72.54 & -84.78 & -67.53 & -64.10 & -72.70 & -79.89 & -76.33 & -139.52 & -107.04 & -105.25 & -59.11 & -139.69 &  -99.10 & -214.92 & -181.87 & -96.88 & -63.48 & -260.67 & -62.22 & -100.34 \\
c24         & -59.78 & -118.49 & -74.96 & -77.88 & -85.14 & -129.90 & -76.32 & -100.41 & -127.02 & -150.89 & -71.76 & -86.45 & -66.53 & -64.11 & -73.19 & -80.27 & -80.41 & -140.27 & -107.84 & -104.98 & -59.51 & -138.93 &  -80.29 & -214.93 & -182.10 & -96.84 & -63.08 & -258.38 & -62.22 &  -96.33 \\
c25         & -60.10 & -120.46 & -73.37 & -79.39 & -84.50 & -129.18 & -76.94 & -100.58 & -125.83 & -153.31 & -70.87 & -81.32 & -67.35 & -65.40 & -73.07 & -80.12 & -78.90 & -139.92 & -107.84 & -105.84 & -59.80 & -139.79 &  -93.87 & -215.02 & -182.47 & -96.81 & -63.46 & -258.28 & -62.25 & -100.34 \\
c26         & -60.42 & -119.83 & -73.85 & -76.97 & -84.04 & -132.10 & -76.84 & -100.58 & -126.03 & -151.33 & -73.09 & -87.70 & -67.23 & -64.42 & -74.46 & -80.03 & -79.14 & -140.87 & -107.84 & -105.04 & -59.41 & -140.70 &  -92.77 & -215.34 & -182.63 & -96.95 & -63.09 & -258.26 & -62.42 & -100.34 \\
c27         & -59.78 & -118.77 & -73.51 & -78.15 & -86.33 & -131.98 & -75.93 & -100.06 & -127.04 & -151.15 & -70.77 & -84.10 & -66.59 & -65.31 & -73.46 & -80.16 & -76.98 & -140.96 & -107.84 & -105.44 & -58.99 & -139.83 & -105.49 & -214.99 & -182.05 & -96.77 & -63.16 & -260.91 & -62.21 & -100.31 \\
c28         & -60.48 & -116.97 & -73.22 & -77.52 & -85.49 & -131.07 & -76.05 & -100.58 & -125.99 & -147.18 & -71.62 & -85.43 & -66.78 & -63.11 & -73.52 & -80.41 & -79.41 & -141.28 & -107.84 & -105.31 & -59.57 & -140.63 &  -80.77 & -214.99 & -182.50 & -96.81 & -63.47 & -259.95 & -62.21 & -100.34 \\
c29         & -60.08 & -117.87 & -74.76 & -77.31 & -88.44 & -129.20 & -75.82 &  -99.93 & -126.00 & -145.29 & -72.04 & -85.52 & -67.05 & -64.15 & -72.43 & -80.15 & -78.10 & -142.53 & -107.86 & -105.11 & -58.74 & -141.75 &  -81.47 & -215.44 & -170.66 & -96.86 & -63.15 & -256.97 & -62.29 &    0.00 \\
\bottomrule
\end{tabular}

                               0             1   ...            28              29
new_cluster  [-1.96, new_cluster]  [-61.61, c1]  ...  [-4.49, c28]  [-100.34, c29]
c1           [-1.96, new_cluster]  [-63.44, c1]  ...  [-4.49, c28]  [-100.34, c29]
c2           [-1.96, new_cluster]  [-60.49, c1]  ...  [-4.49, c28]  [-100.34, c29]
c3           [-1.96, new_cluster]  [-60.54, c1]  ...  [-4.49, c28]  [-100.34, c29]
c4           [-1.96, new_cluster]  [-60.83, c1]  ...  [-4.49, c28]  [-100.34, c29]
c5           [-1.96, new_cluster]  [-63.14, c1]  ...  [-4.49, c28]  [-100.34, c29]
c6           [-1.96, new_cluster]  [-61.39, c1]  ...  [-4.49, c28]  [-100.34, c29]
c7           [-1.96, new_cluster]  [-59.15, c1]  ...  [-4.49, c28]  [-100.34, c29]
c8           [-1.96, new_cluster]  [-60.49, c1]  ...  [-4.49, c28]  [-100.34, c29]
c9           [-1.96, new_cluster]  [-60.61, c1]  ...  [-4.49, c28]  [-100.34, c29]
c10          [-1.96, new_cluster]  [-63.05, c1]  ...  [-4.49, c28]  [-100.34, c29]
c11          [-1.96, new_cluster]  [-58.92, c1]  ...  [-4.49, c28]  [-100.34, c29]
c12          [-1.96, new_cluster]  [-60.44, c1]  ...  [-4.49, c28]  [-100.34, c29]
c13          [-1.96, new_cluster]  [-61.35, c1]  ...  [-4.49, c28]  [-100.34, c29]
c14          [-1.96, new_cluster]  [-61.19, c1]  ...  [-4.49, c28]  [-100.34, c29]
c15          [-1.96, new_cluster]  [-62.26, c1]  ...  [-4.49, c28]  [-100.34, c29]
c16          [-1.96, new_cluster]  [-59.31, c1]  ...  [-4.49, c28]  [-100.34, c29]
c17          [-1.96, new_cluster]  [-59.91, c1]  ...  [-4.49, c28]  [-100.34, c29]
c18          [-1.96, new_cluster]  [-60.45, c1]  ...  [-4.49, c28]  [-100.34, c29]
c19          [-1.96, new_cluster]  [-62.92, c1]  ...  [-4.49, c28]  [-100.34, c29]
c20          [-1.96, new_cluster]  [-60.93, c1]  ...  [-4.49, c28]  [-100.34, c29]
c21          [-1.96, new_cluster]  [-61.28, c1]  ...  [-4.49, c28]  [-100.34, c29]
c22          [-1.96, new_cluster]  [-58.95, c1]  ...  [-4.49, c28]  [-100.34, c29]
c23          [-1.96, new_cluster]  [-60.49, c1]  ...  [-4.49, c28]  [-100.34, c29]
c24          [-1.96, new_cluster]   [-60.6, c1]  ...  [-4.49, c28]  [-100.34, c29]
c25          [-1.96, new_cluster]   [-62.3, c1]  ...  [-4.49, c28]  [-100.34, c29]
c26          [-1.96, new_cluster]  [-62.38, c1]  ...  [-4.49, c28]  [-100.34, c29]
c27          [-1.96, new_cluster]  [-60.82, c1]  ...  [-4.49, c28]  [-100.34, c29]
c28          [-1.96, new_cluster]  [-59.93, c1]  ...  [-4.49, c28]  [-100.34, c29]
c29          [-1.96, new_cluster]  [-60.45, c1]  ...  [-4.49, c28]           [0, ]

[30 rows x 30 columns]
\begin{tabular}{lllllllllllllllllllllllllllllll}
\toprule
{} &                    0  &            1  &            2  &            3  &            4  &            5  &            6  &            7  &            8  &            9  &             10 &             11 &            12 &            13 &             14 &             15 &             16 &             17 &             18 &             19 &            20 &             21 &             22 &              23 &              24 &             25 &            26 &              27 &            28 &              29 \\
\midrule
new\_cluster &  [-1.96, new\_cluster] &  [-61.61, c1] &   [-16.1, c2] &  [-20.95, c3] &  [-28.88, c4] &  [-70.88, c5] &  [-17.36, c6] &  [-42.84, c7] &  [-68.94, c8] &  [-93.85, c9] &  [-14.22, c10] &  [-27.28, c11] &  [-9.29, c12] &   [-7.3, c13] &  [-15.05, c14] &  [-23.16, c15] &  [-21.33, c16] &  [-83.13, c17] &  [-50.19, c18] &  [-47.47, c19] &  [-1.85, c20] &  [-81.16, c21] &  [-28.45, c22] &  [-157.58, c23] &  [-124.14, c24] &  [-38.81, c25] &  [-5.45, c26] &  [-202.48, c27] &  [-4.49, c28] &  [-100.34, c29] \\
c1          &  [-1.96, new\_cluster] &  [-63.44, c1] &  [-15.34, c2] &  [-21.98, c3] &  [-27.24, c4] &   [-77.2, c5] &  [-17.78, c6] &  [-42.84, c7] &  [-68.81, c8] &  [-90.51, c9] &  [-13.54, c10] &  [-27.36, c11] &  [-7.66, c12] &  [-6.57, c13] &  [-15.61, c14] &  [-21.63, c15] &  [-21.48, c16] &  [-85.22, c17] &  [-50.19, c18] &  [-47.47, c19] &  [-1.74, c20] &  [-82.03, c21] &  [-28.45, c22] &  [-157.58, c23] &  [-124.14, c24] &  [-38.81, c25] &  [-5.45, c26] &  [-202.48, c27] &  [-4.49, c28] &  [-100.34, c29] \\
c2          &  [-1.96, new\_cluster] &  [-60.49, c1] &  [-15.65, c2] &  [-21.87, c3] &  [-28.88, c4] &  [-76.43, c5] &  [-18.18, c6] &  [-42.84, c7] &  [-68.97, c8] &   [-91.9, c9] &  [-14.17, c10] &   [-27.4, c11] &  [-8.35, c12] &  [-6.61, c13] &  [-15.05, c14] &   [-22.8, c15] &  [-20.48, c16] &  [-82.75, c17] &  [-50.19, c18] &  [-47.47, c19] &  [-1.91, c20] &  [-77.79, c21] &  [-40.83, c22] &  [-157.58, c23] &  [-124.14, c24] &  [-38.81, c25] &  [-5.45, c26] &  [-202.48, c27] &  [-4.49, c28] &  [-100.34, c29] \\
c3          &  [-1.96, new\_cluster] &  [-60.54, c1] &  [-15.34, c2] &  [-21.54, c3] &  [-27.93, c4] &  [-72.86, c5] &  [-17.75, c6] &  [-42.84, c7] &  [-68.87, c8] &  [-90.75, c9] &  [-14.75, c10] &  [-26.75, c11] &  [-8.67, c12] &  [-6.62, c13] &  [-13.98, c14] &  [-23.03, c15] &  [-20.38, c16] &  [-82.38, c17] &  [-50.19, c18] &  [-47.47, c19] &  [-1.85, c20] &  [-79.41, c21] &  [-52.82, c22] &  [-157.58, c23] &  [-124.14, c24] &  [-38.81, c25] &  [-5.45, c26] &  [-202.48, c27] &  [-4.49, c28] &  [-100.34, c29] \\
c4          &  [-1.96, new\_cluster] &  [-60.83, c1] &  [-15.11, c2] &  [-21.24, c3] &  [-28.38, c4] &  [-73.17, c5] &  [-17.66, c6] &  [-42.84, c7] &  [-69.02, c8] &   [-89.2, c9] &  [-14.46, c10] &  [-27.15, c11] &  [-9.08, c12] &  [-6.67, c13] &  [-15.08, c14] &  [-22.54, c15] &  [-22.46, c16] &  [-82.75, c17] &  [-50.19, c18] &  [-47.47, c19] &  [-1.88, c20] &  [-81.92, c21] &  [-36.76, c22] &  [-157.58, c23] &  [-124.14, c24] &  [-38.81, c25] &  [-5.45, c26] &  [-202.48, c27] &  [-4.49, c28] &  [-100.34, c29] \\
c5          &  [-1.96, new\_cluster] &  [-63.14, c1] &  [-15.21, c2] &  [-20.39, c3] &  [-27.77, c4] &  [-70.59, c5] &  [-19.57, c6] &  [-42.84, c7] &  [-69.11, c8] &  [-87.85, c9] &  [-15.36, c10] &   [-27.2, c11] &   [-8.9, c12] &   [-6.8, c13] &   [-15.3, c14] &  [-21.88, c15] &  [-23.97, c16] &  [-84.94, c17] &  [-50.19, c18] &  [-47.47, c19] &  [-1.55, c20] &  [-81.99, c21] &  [-53.56, c22] &  [-157.58, c23] &  [-124.14, c24] &  [-38.81, c25] &  [-5.45, c26] &  [-202.48, c27] &  [-4.49, c28] &  [-100.34, c29] \\
c6          &  [-1.96, new\_cluster] &  [-61.39, c1] &  [-15.58, c2] &  [-20.29, c3] &   [-26.3, c4] &  [-71.07, c5] &  [-18.57, c6] &  [-42.84, c7] &  [-69.06, c8] &   [-92.1, c9] &  [-14.05, c10] &  [-27.47, c11] &  [-8.36, c12] &  [-6.75, c13] &   [-16.0, c14] &  [-22.81, c15] &  [-24.78, c16] &   [-83.7, c17] &  [-50.19, c18] &  [-47.47, c19] &  [-1.92, c20] &  [-80.22, c21] &  [-31.77, c22] &  [-157.58, c23] &  [-124.14, c24] &  [-38.81, c25] &  [-5.45, c26] &  [-202.48, c27] &  [-4.49, c28] &  [-100.34, c29] \\
c7          &  [-1.96, new\_cluster] &  [-59.15, c1] &  [-15.06, c2] &  [-19.79, c3] &  [-28.18, c4] &  [-69.29, c5] &  [-18.92, c6] &  [-42.84, c7] &  [-68.56, c8] &  [-96.66, c9] &  [-14.56, c10] &  [-28.05, c11] &  [-7.32, c12] &  [-7.02, c13] &  [-15.24, c14] &  [-21.75, c15] &  [-26.35, c16] &  [-83.79, c17] &  [-50.19, c18] &  [-47.47, c19] &  [-1.37, c20] &  [-79.25, c21] &  [-20.19, c22] &  [-157.58, c23] &  [-124.14, c24] &  [-38.81, c25] &  [-5.45, c26] &  [-202.48, c27] &  [-4.49, c28] &  [-100.34, c29] \\
c8          &  [-1.96, new\_cluster] &  [-60.49, c1] &  [-15.54, c2] &  [-20.35, c3] &   [-28.7, c4] &  [-74.96, c5] &  [-18.92, c6] &  [-42.84, c7] &  [-68.63, c8] &  [-92.15, c9] &  [-14.55, c10] &  [-25.92, c11] &  [-9.24, c12] &  [-5.96, c13] &  [-15.68, c14] &  [-23.04, c15] &  [-21.07, c16] &  [-81.16, c17] &  [-50.19, c18] &  [-47.47, c19] &  [-1.51, c20] &  [-83.13, c21] &   [-23.0, c22] &  [-157.58, c23] &  [-124.14, c24] &  [-38.81, c25] &  [-5.45, c26] &  [-202.48, c27] &  [-4.49, c28] &  [-100.34, c29] \\
c9          &  [-1.96, new\_cluster] &  [-60.61, c1] &  [-15.46, c2] &  [-20.61, c3] &  [-28.33, c4] &  [-73.56, c5] &  [-17.31, c6] &  [-42.84, c7] &  [-69.27, c8] &  [-93.97, c9] &  [-12.95, c10] &  [-28.55, c11] &  [-8.44, c12] &  [-7.17, c13] &  [-15.85, c14] &  [-21.74, c15] &  [-23.98, c16] &  [-81.53, c17] &  [-50.19, c18] &  [-47.47, c19] &   [-1.5, c20] &  [-82.21, c21] &  [-27.15, c22] &  [-157.58, c23] &  [-124.14, c24] &  [-38.81, c25] &  [-5.45, c26] &  [-202.48, c27] &  [-4.49, c28] &  [-100.34, c29] \\
c10         &  [-1.96, new\_cluster] &  [-63.05, c1] &  [-16.85, c2] &  [-18.87, c3] &  [-27.98, c4] &  [-72.93, c5] &  [-17.72, c6] &  [-42.84, c7] &   [-68.8, c8] &  [-89.58, c9] &  [-14.38, c10] &   [-27.8, c11] &  [-8.89, c12] &  [-7.32, c13] &  [-14.86, c14] &  [-21.63, c15] &  [-21.67, c16] &  [-83.88, c17] &  [-50.19, c18] &  [-47.47, c19] &   [-1.6, c20] &  [-80.92, c21] &  [-38.85, c22] &  [-157.58, c23] &  [-124.14, c24] &  [-38.81, c25] &  [-5.45, c26] &  [-202.48, c27] &  [-4.49, c28] &  [-100.34, c29] \\
c11         &  [-1.96, new\_cluster] &  [-58.92, c1] &  [-15.43, c2] &  [-20.43, c3] &  [-27.41, c4] &  [-73.49, c5] &  [-18.24, c6] &  [-42.84, c7] &  [-68.56, c8] &  [-90.75, c9] &  [-13.63, c10] &  [-26.67, c11] &  [-9.06, c12] &  [-6.54, c13] &  [-15.47, c14] &  [-21.82, c15] &  [-22.46, c16] &  [-81.63, c17] &  [-50.19, c18] &  [-47.47, c19] &  [-1.59, c20] &  [-81.47, c21] &  [-32.05, c22] &  [-157.58, c23] &  [-124.14, c24] &  [-38.81, c25] &  [-5.45, c26] &  [-202.48, c27] &  [-4.49, c28] &  [-100.34, c29] \\
c12         &  [-1.96, new\_cluster] &  [-60.44, c1] &  [-16.19, c2] &  [-19.56, c3] &  [-27.38, c4] &   [-72.2, c5] &  [-18.08, c6] &  [-42.84, c7] &   [-68.6, c8] &  [-92.78, c9] &  [-16.12, c10] &  [-27.51, c11] &   [-9.0, c12] &  [-7.26, c13] &  [-15.32, c14] &  [-22.28, c15] &   [-22.2, c16] &  [-84.07, c17] &  [-50.19, c18] &  [-47.47, c19] &  [-1.93, c20] &  [-80.81, c21] &  [-38.14, c22] &  [-157.58, c23] &  [-124.14, c24] &  [-38.81, c25] &  [-5.45, c26] &  [-202.48, c27] &  [-4.49, c28] &  [-100.34, c29] \\
c13         &  [-1.96, new\_cluster] &  [-61.35, c1] &  [-16.18, c2] &  [-19.57, c3] &  [-26.72, c4] &  [-73.25, c5] &  [-17.96, c6] &  [-42.84, c7] &  [-69.34, c8] &  [-83.48, c9] &  [-14.06, c10] &  [-27.94, c11] &  [-8.69, c12] &  [-6.16, c13] &  [-15.13, c14] &  [-21.38, c15] &  [-25.36, c16] &  [-83.52, c17] &  [-50.19, c18] &  [-47.47, c19] &  [-1.89, c20] &  [-82.39, c21] &  [-33.21, c22] &  [-157.58, c23] &  [-124.14, c24] &  [-38.81, c25] &  [-5.45, c26] &  [-202.48, c27] &  [-4.49, c28] &  [-100.34, c29] \\
c14         &  [-1.96, new\_cluster] &  [-61.19, c1] &  [-14.83, c2] &  [-19.83, c3] &  [-28.03, c4] &  [-73.85, c5] &  [-18.64, c6] &  [-42.84, c7] &  [-68.94, c8] &  [-93.66, c9] &  [-15.12, c10] &  [-27.57, c11] &  [-8.51, c12] &   [-7.5, c13] &  [-15.63, c14] &  [-23.09, c15] &  [-21.63, c16] &  [-81.53, c17] &  [-50.19, c18] &  [-47.47, c19] &  [-1.63, c20] &  [-82.69, c21] &   [-27.4, c22] &  [-157.58, c23] &  [-124.14, c24] &  [-38.81, c25] &  [-5.45, c26] &  [-202.48, c27] &  [-4.49, c28] &  [-100.34, c29] \\
c15         &  [-1.96, new\_cluster] &  [-62.26, c1] &  [-16.36, c2] &  [-19.34, c3] &  [-26.98, c4] &  [-71.66, c5] &  [-16.78, c6] &  [-42.84, c7] &  [-68.84, c8] &  [-90.45, c9] &  [-13.68, c10] &   [-28.2, c11] &  [-9.31, c12] &  [-6.57, c13] &   [-15.2, c14] &  [-22.39, c15] &  [-21.71, c16] &  [-81.91, c17] &  [-50.19, c18] &  [-47.47, c19] &  [-1.82, c20] &  [-81.98, c21] &  [-36.12, c22] &  [-157.58, c23] &  [-124.14, c24] &  [-38.81, c25] &  [-5.45, c26] &  [-202.48, c27] &  [-4.49, c28] &  [-100.34, c29] \\
c16         &  [-1.96, new\_cluster] &  [-59.31, c1] &  [-13.82, c2] &  [-21.19, c3] &  [-28.62, c4] &  [-71.83, c5] &  [-18.18, c6] &  [-42.84, c7] &  [-68.93, c8] &   [-91.0, c9] &  [-14.08, c10] &  [-25.83, c11] &  [-8.78, c12] &  [-6.96, c13] &  [-15.02, c14] &  [-22.01, c15] &  [-21.99, c16] &  [-81.82, c17] &  [-50.19, c18] &  [-47.47, c19] &  [-1.91, c20] &  [-81.33, c21] &  [-46.02, c22] &  [-157.58, c23] &  [-124.14, c24] &  [-38.81, c25] &  [-5.45, c26] &  [-202.48, c27] &  [-4.49, c28] &  [-100.34, c29] \\
c17         &  [-1.96, new\_cluster] &  [-59.91, c1] &  [-16.25, c2] &  [-19.58, c3] &  [-28.52, c4] &  [-71.56, c5] &  [-16.91, c6] &  [-42.84, c7] &  [-68.99, c8] &  [-94.62, c9] &  [-14.22, c10] &  [-28.44, c11] &  [-8.65, c12] &  [-7.01, c13] &  [-16.72, c14] &   [-22.1, c15] &  [-23.05, c16] &   [-84.0, c17] &  [-50.19, c18] &  [-47.47, c19] &  [-2.45, c20] &  [-80.79, c21] &  [-38.14, c22] &  [-157.58, c23] &  [-124.14, c24] &  [-38.81, c25] &  [-5.45, c26] &  [-202.48, c27] &  [-4.49, c28] &  [-100.34, c29] \\
c18         &  [-1.96, new\_cluster] &  [-60.45, c1] &  [-16.68, c2] &  [-20.27, c3] &  [-26.55, c4] &  [-72.19, c5] &  [-16.94, c6] &  [-42.84, c7] &  [-69.36, c8] &  [-85.68, c9] &  [-13.81, c10] &  [-27.56, c11] &  [-8.54, c12] &  [-6.79, c13] &  [-15.27, c14] &   [-22.3, c15] &  [-21.81, c16] &  [-83.91, c17] &  [-50.19, c18] &  [-47.47, c19] &  [-1.67, c20] &  [-82.18, c21] &  [-30.97, c22] &  [-157.58, c23] &  [-124.14, c24] &  [-38.81, c25] &  [-5.45, c26] &  [-202.48, c27] &  [-4.49, c28] &  [-100.34, c29] \\
c19         &  [-1.96, new\_cluster] &  [-62.92, c1] &   [-15.6, c2] &  [-21.04, c3] &  [-27.52, c4] &  [-73.02, c5] &   [-18.0, c6] &  [-42.84, c7] &  [-69.24, c8] &  [-90.73, c9] &  [-14.82, c10] &   [-27.7, c11] &  [-8.49, c12] &  [-7.17, c13] &  [-14.58, c14] &  [-22.17, c15] &  [-24.46, c16] &   [-82.1, c17] &  [-50.19, c18] &  [-47.47, c19] &  [-1.89, c20] &  [-81.37, c21] &  [-36.76, c22] &  [-157.58, c23] &  [-124.14, c24] &  [-38.81, c25] &  [-5.45, c26] &  [-202.48, c27] &  [-4.49, c28] &  [-100.34, c29] \\
c20         &  [-1.96, new\_cluster] &  [-60.93, c1] &  [-15.72, c2] &  [-20.71, c3] &  [-29.88, c4] &  [-74.91, c5] &  [-18.31, c6] &  [-42.84, c7] &  [-68.52, c8] &  [-88.33, c9] &  [-14.27, c10] &  [-27.84, c11] &  [-9.63, c12] &  [-7.24, c13] &  [-15.46, c14] &  [-22.02, c15] &  [-20.88, c16] &  [-83.88, c17] &  [-50.19, c18] &  [-47.47, c19] &  [-1.57, c20] &   [-80.7, c21] &  [-29.38, c22] &  [-157.58, c23] &  [-124.14, c24] &  [-38.81, c25] &  [-5.45, c26] &  [-202.48, c27] &  [-4.49, c28] &  [-100.34, c29] \\
c21         &  [-1.96, new\_cluster] &  [-61.28, c1] &  [-16.59, c2] &  [-20.46, c3] &  [-27.91, c4] &  [-74.39, c5] &  [-17.95, c6] &  [-42.84, c7] &  [-69.16, c8] &   [-86.6, c9] &  [-14.77, c10] &  [-27.06, c11] &   [-8.9, c12] &  [-7.56, c13] &  [-15.71, c14] &  [-22.38, c15] &  [-25.47, c16] &  [-81.53, c17] &  [-50.19, c18] &  [-47.47, c19] &  [-1.42, c20] &  [-79.61, c21] &  [-34.78, c22] &  [-157.58, c23] &  [-124.14, c24] &  [-38.81, c25] &  [-5.45, c26] &  [-202.48, c27] &  [-4.49, c28] &  [-100.34, c29] \\
c22         &  [-1.96, new\_cluster] &  [-58.95, c1] &  [-16.01, c2] &  [-18.33, c3] &  [-27.84, c4] &  [-71.24, c5] &  [-18.53, c6] &  [-42.84, c7] &  [-68.95, c8] &  [-94.75, c9] &  [-13.96, c10] &  [-27.29, c11] &  [-8.03, c12] &   [-7.1, c13] &  [-15.02, c14] &  [-22.63, c15] &   [-23.2, c16] &  [-82.19, c17] &  [-50.19, c18] &  [-47.47, c19] &  [-2.09, c20] &  [-83.85, c21] &  [-25.83, c22] &  [-157.58, c23] &  [-124.14, c24] &  [-38.81, c25] &  [-5.45, c26] &  [-202.48, c27] &  [-4.49, c28] &  [-100.34, c29] \\
c23         &  [-1.96, new\_cluster] &  [-60.49, c1] &  [-15.49, c2] &   [-19.9, c3] &  [-26.56, c4] &  [-74.78, c5] &  [-18.11, c6] &  [-42.84, c7] &  [-68.57, c8] &  [-90.03, c9] &  [-15.03, c10] &  [-27.12, c11] &  [-9.36, c12] &  [-6.33, c13] &  [-14.67, c14] &  [-22.07, c15] &   [-18.6, c16] &  [-81.63, c17] &  [-50.19, c18] &  [-47.47, c19] &  [-1.69, c20] &  [-82.08, c21] &  [-41.35, c22] &  [-157.58, c23] &  [-124.14, c24] &  [-38.81, c25] &  [-5.45, c26] &  [-202.48, c27] &  [-4.49, c28] &  [-100.34, c29] \\
c24         &  [-1.96, new\_cluster] &   [-60.6, c1] &  [-16.96, c2] &  [-20.04, c3] &   [-27.1, c4] &  [-72.23, c5] &  [-17.94, c6] &  [-42.84, c7] &  [-69.17, c8] &  [-93.48, c9] &  [-14.88, c10] &   [-28.8, c11] &  [-8.43, c12] &  [-6.28, c13] &  [-15.17, c14] &  [-22.45, c15] &  [-23.19, c16] &  [-81.72, c17] &  [-50.19, c18] &  [-47.47, c19] &  [-1.92, c20] &  [-81.69, c21] &  [-22.51, c22] &  [-157.58, c23] &  [-124.14, c24] &  [-38.81, c25] &  [-5.45, c26] &  [-202.48, c27] &  [-4.49, c28] &  [-100.34, c29] \\
c25         &  [-1.96, new\_cluster] &   [-62.3, c1] &  [-15.65, c2] &  [-21.11, c3] &  [-26.49, c4] &  [-72.19, c5] &  [-18.49, c6] &  [-42.84, c7] &  [-68.59, c8] &  [-95.74, c9] &   [-14.0, c10] &  [-27.16, c11] &  [-9.18, c12] &  [-7.42, c13] &  [-15.37, c14] &  [-22.32, c15] &  [-21.68, c16] &  [-82.19, c17] &  [-50.19, c18] &  [-47.47, c19] &  [-2.21, c20] &  [-82.59, c21] &  [-36.12, c22] &  [-157.58, c23] &  [-124.14, c24] &  [-38.81, c25] &  [-5.45, c26] &  [-202.48, c27] &  [-4.49, c28] &  [-100.34, c29] \\
c26         &  [-1.96, new\_cluster] &  [-62.38, c1] &  [-15.95, c2] &  [-19.06, c3] &  [-25.98, c4] &  [-74.31, c5] &   [-18.4, c6] &  [-42.84, c7] &  [-68.84, c8] &  [-93.91, c9] &  [-15.57, c10] &   [-30.0, c11] &  [-9.08, c12] &  [-6.59, c13] &  [-16.65, c14] &  [-22.25, c15] &  [-21.35, c16] &  [-83.04, c17] &  [-50.19, c18] &  [-47.47, c19] &   [-1.7, c20] &  [-83.16, c21] &  [-35.02, c22] &  [-157.58, c23] &  [-124.14, c24] &  [-38.81, c25] &  [-5.45, c26] &  [-202.48, c27] &  [-4.49, c28] &  [-100.34, c29] \\
c27         &  [-1.96, new\_cluster] &  [-60.82, c1] &   [-15.7, c2] &  [-20.26, c3] &  [-28.14, c4] &  [-74.19, c5] &  [-17.49, c6] &  [-42.84, c7] &  [-69.17, c8] &  [-93.75, c9] &  [-13.89, c10] &  [-26.45, c11] &  [-8.47, c12] &  [-7.46, c13] &  [-15.67, c14] &  [-22.42, c15] &  [-19.67, c16] &  [-83.13, c17] &  [-50.19, c18] &  [-47.47, c19] &  [-1.83, c20] &   [-82.3, c21] &  [-47.75, c22] &  [-157.58, c23] &  [-124.14, c24] &  [-38.81, c25] &  [-5.45, c26] &  [-202.48, c27] &  [-4.49, c28] &  [-100.34, c29] \\
c28         &  [-1.96, new\_cluster] &  [-59.93, c1] &  [-15.56, c2] &  [-19.69, c3] &  [-27.47, c4] &  [-73.29, c5] &  [-17.67, c6] &  [-42.84, c7] &   [-68.8, c8] &  [-89.75, c9] &  [-13.71, c10] &  [-27.77, c11] &  [-8.62, c12] &  [-7.61, c13] &  [-15.49, c14] &  [-22.67, c15] &  [-21.68, c16] &  [-82.94, c17] &  [-50.19, c18] &  [-47.47, c19] &  [-1.91, c20] &   [-83.4, c21] &   [-23.0, c22] &  [-157.58, c23] &  [-124.14, c24] &  [-38.81, c25] &  [-5.45, c26] &  [-202.48, c27] &  [-4.49, c28] &  [-100.34, c29] \\
c29         &  [-1.96, new\_cluster] &  [-60.45, c1] &  [-17.08, c2] &  [-19.12, c3] &  [-30.39, c4] &  [-71.42, c5] &  [-18.47, c6] &  [-42.84, c7] &  [-68.81, c8] &  [-87.92, c9] &  [-14.09, c10] &  [-27.85, c11] &   [-8.9, c12] &  [-6.22, c13] &  [-14.55, c14] &  [-22.56, c15] &   [-20.3, c16] &  [-83.98, c17] &  [-50.19, c18] &  [-47.47, c19] &  [-1.88, c20] &  [-84.12, c21] &  [-24.08, c22] &  [-157.58, c23] &  [-124.14, c24] &  [-38.81, c25] &  [-5.45, c26] &  [-202.48, c27] &  [-4.49, c28] &           [0, ] \\
\bottomrule
\end{tabular}

