Seed: 8
Experiment_path: AE_Model_2/Random_Seeds_DV5//V5_1/Experiment_05_8_opt
Dataset_Path: ../_00_Datasets/03_SimDaten_Quiroga2020/C_Difficult2_noise020.mat
Dataset_name: ['03_SimDaten_Quiroga2020', 'C_Difficult2_noise020.mat']
Variant_name: Variant_05_Online_Autoencoder_QLearning_opt
Visualisation_Path: AE_Model_2/Random_Seeds_DV5//V5_1/Experiment_05_8_opt/C_Difficult2_noise020.mat/Variant_05_Online_Autoencoder_QLearning_opt/2023_04_23-12_29_30
Normalisation: False
Template Matching: False
Optimising Autoencoder: True
Update Factor: 1
Noisy Batches: False
Noisy Factor: 0.1
Epochs: 8
Batch Size: 1
maximal Spikes for Autoencoder Training : 700
maximal Spikes for Training: 1000
Input Size: 47
Chosen Model: Convolutional Autoencoder
ConvolutionalAutoencoder(
  (encoder): Sequential(
    (0): Conv1d(1, 6, kernel_size=(6,), stride=(1,))
    (1): LeakyReLU(negative_slope=0.01)
    (2): Conv1d(6, 1, kernel_size=(6,), stride=(1,))
    (3): Flatten(start_dim=1, end_dim=-1)
    (4): Linear(in_features=37, out_features=2, bias=True)
  )
  (decoder): Sequential(
    (0): ConvTranspose1d(1, 6, kernel_size=(6,), stride=(1,))
    (1): LeakyReLU(negative_slope=0.01)
    (2): ConvTranspose1d(6, 1, kernel_size=(6,), stride=(1,))
    (3): Flatten(start_dim=1, end_dim=-1)
    (4): Linear(in_features=12, out_features=47, bias=True)
  )
)
MSELoss()
Adam (
Parameter Group 0
    amsgrad: False
    betas: (0.9, 0.999)
    capturable: False
    differentiable: False
    eps: 1e-08
    foreach: None
    fused: False
    lr: 0.001
    maximize: False
    weight_decay: 0
)
---Q Learning Parameters---
Normalisation: False
Punishment Coefficient: 1.5
Alpha: 0.8
Epsilon: 0.01
Gamma: 0.97
Initial Episode Number: 0
Episode Number Coefficient: 1.4
Number of Random Features: 20
Planning Number: 20
Max Random Features: 60
New Episode Number: 72
New Episode Number: 143
New Episode Number: 215
                 0      1      2      3
new_cluster -30.04 -21.70 -27.98 -26.42
c1          -29.44 -22.07 -27.73 -26.13
c2          -29.62 -21.33 -27.70 -24.64
c3          -29.68 -22.20 -28.39 -24.48
\begin{tabular}{lrrrr}
\toprule
{} &      0 &      1 &      2 &      3 \\
\midrule
new\_cluster & -30.04 & -21.70 & -27.98 & -26.42 \\
c1          & -29.44 & -22.07 & -27.73 & -26.13 \\
c2          & -29.62 & -21.33 & -27.70 & -24.64 \\
c3          & -29.68 & -22.20 & -28.39 & -24.48 \\
\bottomrule
\end{tabular}

                               0            1            2            3
new_cluster  [-9.0, new_cluster]   [-0.4, c1]  [-7.29, c2]  [-4.91, c3]
c1           [-9.0, new_cluster]  [-1.17, c1]  [-6.99, c2]  [-5.28, c3]
c2           [-9.0, new_cluster]  [-0.65, c1]  [-7.02, c2]  [-3.73, c3]
c3           [-9.0, new_cluster]  [-0.88, c1]  [-7.81, c2]  [-3.33, c3]
\begin{tabular}{lllll}
\toprule
{} &                    0 &            1 &            2 &            3 \\
\midrule
new\_cluster &  [-9.0, new\_cluster] &   [-0.4, c1] &  [-7.29, c2] &  [-4.91, c3] \\
c1          &  [-9.0, new\_cluster] &  [-1.17, c1] &  [-6.99, c2] &  [-5.28, c3] \\
c2          &  [-9.0, new\_cluster] &  [-0.65, c1] &  [-7.02, c2] &  [-3.73, c3] \\
c3          &  [-9.0, new\_cluster] &  [-0.88, c1] &  [-7.81, c2] &  [-3.33, c3] \\
\bottomrule
\end{tabular}

