Seed: 6
Experiment_path: Random_Seeds_DV5//V5_2/Experiment_05_6_opt_temp
Dataset_Path: ../_00_Datasets/03_SimDaten_Quiroga2020/C_Difficult1_noise005.mat
Dataset_name: ['03_SimDaten_Quiroga2020', 'C_Difficult1_noise005.mat']
Variant_name: Variant_05_Online_Autoencoder_QLearning_opt_temp
Visualisation_Path: Random_Seeds_DV5//V5_2/Experiment_05_6_opt_temp/C_Difficult1_noise005.mat/Variant_05_Online_Autoencoder_QLearning_opt_temp/2023_04_16-16_17_00
Normalisation: False
Template Matching: True
Optimising Autoencoder: True
Update Factor: 100
Noisy Batches: False
Noisy Factor: 0.1
Epochs: 8
Batch Size: 1
maximal Spikes for Autoencoder Training : 700
maximal Spikes for Training: 1000
Input Size: 47
Chosen Model: Autoencoder
Autoencoder(
  (encoder): Sequential(
    (0): Linear(in_features=47, out_features=12, bias=True)
    (1): LeakyReLU(negative_slope=0.01)
    (2): Linear(in_features=12, out_features=2, bias=True)
  )
  (decoder): Sequential(
    (0): Linear(in_features=2, out_features=12, bias=True)
    (1): LeakyReLU(negative_slope=0.01)
    (2): Linear(in_features=12, out_features=47, bias=True)
  )
)
MSELoss()
Adam (
Parameter Group 0
    amsgrad: False
    betas: (0.9, 0.999)
    capturable: False
    differentiable: False
    eps: 1e-08
    foreach: None
    fused: False
    lr: 0.001
    maximize: False
    weight_decay: 0
)
---Q Learning Parameters---
Normalisation: False
Punishment Coefficient: 0.3
Alpha: 0.8
Epsilon: 0.01
Gamma: 0.97
Initial Episode Number: 0
Episode Number Coefficient: 1.4
Number of Random Features: 20
Planning Number: 20
Max Random Features: 60
New Episode Number: 72
New Episode Number: 143
New Episode Number: 215
New Episode Number: 286
New Episode Number: 358
New Episode Number: 429
New Episode Number: 500
New Episode Number: 572
New Episode Number: 643
New Episode Number: 715
New Episode Number: 786
New Episode Number: 858
New Episode Number: 929
New Episode Number: 1000
New Episode Number: 1072
New Episode Number: 1143
New Episode Number: 1215
New Episode Number: 1286
New Episode Number: 1358
New Episode Number: 1429
New Episode Number: 1501
New Episode Number: 1572
New Episode Number: 1643
New Episode Number: 1715
New Episode Number: 1786
New Episode Number: 1858
New Episode Number: 1929
New Episode Number: 2000
New Episode Number: 2072
New Episode Number: 2143
New Episode Number: 2215
New Episode Number: 2286
New Episode Number: 2358
New Episode Number: 2429
               0      1      2      3      4   ...    30    31     32    33     34
new_cluster -1.44 -17.90 -21.37 -13.29 -20.20  ... -3.41 -1.26 -15.80 -3.33 -30.66
c1          -1.42 -17.24 -21.90 -13.53 -21.44  ... -3.41 -1.26 -16.15 -3.50 -30.64
c2          -1.44 -17.30 -21.55 -13.40 -20.08  ... -3.41 -1.26 -16.60 -3.54 -30.65
c3          -1.43 -18.00 -21.52 -13.16 -19.89  ... -3.41 -1.27 -15.91 -3.16 -30.66
c4          -1.42 -17.66 -22.24 -13.44 -20.71  ... -3.41 -1.26 -16.60 -3.35 -30.63
c5          -1.44 -17.49 -22.40 -12.76 -20.98  ... -3.41 -1.27 -16.53 -3.27 -30.64
c6          -1.44 -17.88 -21.52 -12.90 -20.83  ... -3.41 -1.25 -16.17 -3.26 -30.63
c7          -1.44 -17.70 -21.90 -12.69 -20.10  ... -3.43 -1.29 -16.48 -3.56   0.00
c8          -1.44 -17.28 -21.91 -12.65 -19.96  ... -3.41 -1.24 -16.23 -3.35 -30.64
c9          -1.42 -17.67 -22.05 -12.91 -20.79  ... -3.42 -1.24 -16.32 -3.55 -30.65
c10         -1.42 -17.75 -21.75 -13.51 -20.24  ... -3.41 -1.26 -16.30 -3.38 -30.65
c11         -1.44 -17.45 -22.20 -13.66 -20.84  ... -3.41 -1.27 -16.58 -3.28 -30.67
c12         -1.42 -17.79 -22.05 -13.32 -20.63  ... -3.42 -1.26 -15.91 -3.43 -30.65
c13         -1.44 -17.44 -22.20 -13.07 -19.70  ... -3.43 -1.25 -16.39 -3.50 -30.66
c14         -1.43 -17.99 -22.18 -13.14 -20.73  ... -3.41 -1.26 -15.68 -3.28 -30.66
c15         -1.44 -18.13 -21.89 -13.58 -19.60  ... -3.43 -1.25 -16.49 -3.38 -30.65
c16         -1.44 -18.04 -21.98 -13.00 -20.62  ... -3.42 -1.26 -15.90 -3.68   0.00
c17         -1.42 -18.02 -21.65 -13.20 -20.14  ... -3.43 -1.26 -16.42 -3.47   0.00
c18         -1.44 -17.92 -22.09 -13.09 -21.55  ... -3.41 -1.27 -16.35 -3.63 -30.64
c19         -1.42 -17.68 -21.56 -12.99 -19.95  ... -3.41 -1.26 -16.52 -3.37 -30.63
c20         -1.44 -17.60 -21.49 -13.17 -20.61  ... -3.41 -1.28 -15.99 -3.43 -30.66
c21         -1.43 -17.93 -22.35 -12.63 -20.61  ... -3.41 -1.26 -15.64 -3.56 -30.65
c22         -1.44 -17.39 -22.35 -13.23 -20.34  ... -3.41 -1.27 -16.50 -3.28 -30.66
c23         -1.44 -17.85 -22.15 -13.28 -19.97  ... -3.41 -1.26 -15.91 -3.47 -30.63
c24         -1.44 -17.83 -21.91 -13.11 -19.65  ... -3.41 -1.26   0.00  0.00   0.00
c25         -1.43 -17.97 -21.19 -13.21 -20.53  ... -3.41 -1.26 -15.86 -3.29   0.00
c26         -1.44 -17.81 -21.47 -12.88 -20.49  ... -3.43 -1.29 -16.18 -3.31   0.00
c27         -1.42 -16.99 -21.93 -12.85 -20.62  ... -3.41 -1.26 -16.08 -3.42 -30.62
c28         -1.42 -17.65 -21.35 -12.92 -19.93  ... -3.41 -1.26 -16.35 -3.46   0.00
c29         -1.44 -18.20 -21.93 -13.18 -19.93  ... -3.41 -1.25 -15.90 -3.37   0.00
c30         -1.42 -17.10 -21.83 -12.96 -20.13  ... -3.41 -1.27 -16.21 -3.47 -30.64
c31         -1.44 -17.76 -22.23 -13.08 -20.57  ... -3.43 -1.27 -16.25 -3.28 -30.66
c32         -1.42 -16.98 -21.72 -13.56 -20.33  ... -3.41  0.00   0.00  0.00   0.00
c33         -1.42 -17.30 -22.35 -12.75 -19.71  ... -3.41 -1.27   0.00  0.00   0.00
c34         -1.44 -17.41 -21.80 -13.85 -20.79  ...  0.00  0.00   0.00  0.00   0.00

[35 rows x 35 columns]
\begin{tabular}{lrrrrrrrrrrrrrrrrrrrrrrrrrrrrrrrrrrr}
\toprule
{} &    0  &     1  &     2  &     3  &     4  &     5  &     6  &    7  &    8  &    9  &     10 &    11 &    12 &     13 &    14 &     15 &    16 &     17 &    18 &     19 &    20 &     21 &    22 &     23 &    24 &    25 &     26 &    27 &    28 &     29 &    30 &    31 &     32 &    33 &     34 \\
\midrule
new\_cluster & -1.44 & -17.90 & -21.37 & -13.29 & -20.20 & -25.47 & -29.29 & -9.47 & -8.82 & -4.66 & -14.82 & -6.90 & -6.11 & -45.51 & -5.03 & -11.59 & -1.66 & -44.82 & -7.97 & -22.58 & -2.91 & -13.51 & -1.11 & -10.33 & -3.65 & -6.77 & -28.79 & -1.63 & -7.38 & -44.32 & -3.41 & -1.26 & -15.80 & -3.33 & -30.66 \\
c1          & -1.42 & -17.24 & -21.90 & -13.53 & -21.44 & -24.75 & -29.28 & -9.50 & -8.24 & -4.56 & -14.86 & -7.17 & -6.04 & -45.76 & -5.17 & -11.98 & -1.66 & -44.82 & -7.97 & -22.47 & -2.94 & -12.60 & -1.10 & -10.38 & -4.22 & -6.77 & -29.31 & -1.62 & -7.48 & -44.43 & -3.41 & -1.26 & -16.15 & -3.50 & -30.64 \\
c2          & -1.44 & -17.30 & -21.55 & -13.40 & -20.08 & -25.13 & -29.40 & -9.37 & -8.02 & -4.74 & -14.81 & -6.92 & -6.08 & -45.59 & -4.87 & -11.88 & -1.66 & -44.82 & -7.98 & -21.89 & -2.86 & -13.47 & -1.06 & -10.38 & -3.86 & -6.86 & -29.82 & -1.68 & -7.45 & -44.33 & -3.41 & -1.26 & -16.60 & -3.54 & -30.65 \\
c3          & -1.43 & -18.00 & -21.52 & -13.16 & -19.89 & -25.35 & -28.93 & -9.64 & -8.64 & -4.55 & -15.47 & -7.01 & -6.27 & -45.47 & -4.80 & -12.02 & -1.66 & -44.82 & -7.97 & -20.87 & -2.78 & -13.26 & -1.07 & -10.33 & -3.82 & -6.81 & -29.53 & -1.64 & -7.20 & -44.46 & -3.41 & -1.27 & -15.91 & -3.16 & -30.66 \\
c4          & -1.42 & -17.66 & -22.24 & -13.44 & -20.71 & -24.50 & -29.12 & -9.47 & -8.39 & -4.56 & -14.79 & -6.86 & -6.29 & -45.41 & -5.06 & -11.68 & -1.66 & -44.82 & -7.97 & -21.69 & -2.79 & -13.64 & -1.09 & -10.51 & -3.97 & -6.53 & -29.56 & -1.59 & -7.08 & -44.48 & -3.41 & -1.26 & -16.60 & -3.35 & -30.63 \\
c5          & -1.44 & -17.49 & -22.40 & -12.76 & -20.98 & -25.00 & -28.71 & -9.59 & -8.52 & -4.62 & -14.83 & -6.93 & -6.35 & -45.61 & -5.28 & -11.67 & -1.66 & -44.82 & -7.97 & -22.16 & -2.92 & -13.40 & -1.09 & -10.37 & -3.99 & -6.68 & -28.47 & -1.54 & -7.26 & -44.55 & -3.41 & -1.27 & -16.53 & -3.27 & -30.64 \\
c6          & -1.44 & -17.88 & -21.52 & -12.90 & -20.83 & -25.84 & -29.22 & -9.36 & -8.40 & -4.68 & -15.12 & -6.90 & -6.13 & -45.47 & -4.98 & -12.24 & -1.66 & -44.82 & -7.97 & -22.04 & -2.74 & -13.69 & -1.11 & -10.28 & -4.02 & -6.96 & -29.03 & -1.64 & -7.47 & -44.37 & -3.41 & -1.25 & -16.17 & -3.26 & -30.63 \\
c7          & -1.44 & -17.70 & -21.90 & -12.69 & -20.10 & -25.85 & -28.73 & -9.46 & -8.26 & -4.56 & -15.02 & -7.10 & -6.16 & -45.67 & -5.28 & -12.52 & -1.66 & -44.82 & -7.97 & -22.03 & -2.89 & -14.32 & -1.07 & -10.47 & -3.84 & -6.66 & -28.99 & -1.68 & -7.39 & -44.33 & -3.43 & -1.29 & -16.48 & -3.56 &   0.00 \\
c8          & -1.44 & -17.28 & -21.91 & -12.65 & -19.96 & -25.25 & -28.63 & -9.46 & -8.43 & -4.59 & -14.51 & -7.06 & -6.09 & -45.64 & -5.17 & -12.00 & -1.66 & -44.82 & -7.97 & -22.99 & -2.83 & -13.39 & -1.06 & -10.47 & -4.03 & -6.52 & -28.94 & -1.58 & -7.29 & -44.30 & -3.41 & -1.24 & -16.23 & -3.35 & -30.64 \\
c9          & -1.42 & -17.67 & -22.05 & -12.91 & -20.79 & -25.65 & -29.27 & -9.57 & -8.24 & -4.83 & -14.90 & -7.09 & -6.31 & -45.55 & -4.92 & -11.69 & -1.66 & -44.82 & -7.97 & -22.62 & -2.93 & -14.66 & -1.09 & -10.26 & -3.95 & -6.91 & -29.42 & -1.58 & -7.33 & -44.40 & -3.42 & -1.24 & -16.32 & -3.55 & -30.65 \\
c10         & -1.42 & -17.75 & -21.75 & -13.51 & -20.24 & -25.46 & -29.53 & -9.39 & -8.04 & -4.63 & -14.64 & -6.96 & -6.16 & -45.57 & -5.17 & -12.02 & -1.66 & -44.82 & -7.97 & -22.27 & -2.89 & -13.65 & -1.10 & -10.18 & -4.03 & -6.73 & -28.25 & -1.60 & -7.47 & -44.34 & -3.41 & -1.26 & -16.30 & -3.38 & -30.65 \\
c11         & -1.44 & -17.45 & -22.20 & -13.66 & -20.84 & -25.85 & -29.51 & -9.65 & -8.05 & -4.55 & -14.81 & -7.19 & -6.21 & -45.58 & -5.00 & -11.97 & -1.66 & -44.82 & -7.97 & -21.87 & -2.82 & -14.02 & -1.09 & -10.33 & -4.02 & -6.85 & -29.37 & -1.66 & -7.15 & -44.29 & -3.41 & -1.27 & -16.58 & -3.28 & -30.67 \\
c12         & -1.42 & -17.79 & -22.05 & -13.32 & -20.63 & -26.05 & -28.65 & -9.43 & -8.73 & -4.72 & -14.40 & -6.96 & -6.19 & -45.40 & -5.14 & -11.84 & -1.66 & -44.82 & -7.97 & -22.89 & -2.99 & -13.22 & -1.08 & -10.27 & -3.65 & -6.91 & -30.54 & -1.59 & -7.54 & -44.46 & -3.42 & -1.26 & -15.91 & -3.43 & -30.65 \\
c13         & -1.44 & -17.44 & -22.20 & -13.07 & -19.70 & -25.83 & -29.01 & -9.49 & -8.33 & -4.62 & -15.17 & -6.87 & -6.22 & -45.54 & -5.11 & -11.43 & -1.66 & -44.82 & -7.97 & -23.26 & -2.73 & -13.96 & -1.09 & -10.21 & -3.92 & -6.50 & -29.90 & -1.69 & -6.99 & -44.40 & -3.43 & -1.25 & -16.39 & -3.50 & -30.66 \\
c14         & -1.43 & -17.99 & -22.18 & -13.14 & -20.73 & -25.44 & -29.43 & -9.87 & -8.33 & -4.67 & -14.44 & -6.85 & -6.05 & -45.48 & -5.00 & -11.87 & -1.66 & -44.82 & -7.97 & -22.58 & -2.96 & -14.27 & -1.08 & -10.18 & -3.92 & -6.81 & -28.91 & -1.66 & -7.58 & -44.35 & -3.41 & -1.26 & -15.68 & -3.28 & -30.66 \\
c15         & -1.44 & -18.13 & -21.89 & -13.58 & -19.60 & -25.68 & -29.32 & -9.34 & -8.22 & -4.73 & -15.21 & -7.11 & -6.15 & -45.36 & -4.87 & -11.91 & -1.66 & -44.82 & -7.97 & -22.44 & -3.18 & -13.96 & -1.10 & -10.34 & -3.99 & -6.80 & -29.11 & -1.64 & -7.43 & -44.32 & -3.43 & -1.25 & -16.49 & -3.38 & -30.65 \\
c16         & -1.44 & -18.04 & -21.98 & -13.00 & -20.62 & -25.75 & -29.46 & -9.39 & -8.37 & -4.41 & -15.13 & -7.16 & -6.28 & -45.42 & -4.88 & -11.89 & -1.66 & -44.82 & -7.97 & -22.17 & -2.77 & -13.20 & -1.08 & -10.19 & -3.64 & -6.81 & -29.49 & -1.58 & -7.24 & -44.23 & -3.42 & -1.26 & -15.90 & -3.68 &   0.00 \\
c17         & -1.42 & -18.02 & -21.65 & -13.20 & -20.14 & -24.92 & -29.08 & -9.39 & -7.98 & -4.69 & -14.60 & -7.38 & -6.17 & -45.43 & -5.09 & -11.88 & -1.66 & -44.82 & -7.97 & -22.40 & -2.81 & -13.87 & -1.11 & -10.25 & -3.95 & -6.93 & -28.35 & -1.59 & -7.30 & -44.40 & -3.43 & -1.26 & -16.42 & -3.47 &   0.00 \\
c18         & -1.44 & -17.92 & -22.09 & -13.09 & -21.55 & -24.97 & -29.04 & -9.54 & -8.97 & -4.75 & -14.53 & -7.04 & -6.27 & -45.58 & -4.82 & -12.30 & -1.66 & -44.82 & -7.97 & -22.59 & -2.79 & -13.85 & -1.10 & -10.31 & -3.91 & -6.59 & -28.48 & -1.69 & -7.19 & -44.39 & -3.41 & -1.27 & -16.35 & -3.63 & -30.64 \\
c19         & -1.42 & -17.68 & -21.56 & -12.99 & -19.95 & -25.22 & -29.44 & -9.44 & -8.60 & -4.64 & -14.78 & -7.27 & -6.07 & -45.65 & -5.19 & -12.13 & -1.66 & -44.82 & -7.97 & -22.58 & -3.15 & -14.59 & -1.10 & -10.37 & -3.81 & -6.72 & -28.74 & -1.58 & -7.27 & -44.35 & -3.41 & -1.26 & -16.52 & -3.37 & -30.63 \\
c20         & -1.44 & -17.60 & -21.49 & -13.17 & -20.61 & -24.82 & -29.04 & -9.03 & -8.18 & -4.63 & -15.38 & -6.79 & -6.28 & -45.50 & -5.01 & -12.08 & -1.66 & -44.82 & -7.98 & -22.30 & -2.79 & -13.10 & -1.09 & -10.37 & -3.97 & -6.91 & -28.41 & -1.56 & -7.37 & -44.35 & -3.41 & -1.28 & -15.99 & -3.43 & -30.66 \\
c21         & -1.43 & -17.93 & -22.35 & -12.63 & -20.61 & -25.84 & -29.41 & -9.40 & -8.36 & -4.63 & -14.99 & -6.99 & -6.36 & -45.46 & -4.96 & -12.29 & -1.66 & -44.82 & -7.97 & -22.32 & -2.81 & -13.34 & -1.11 & -10.39 & -3.79 & -6.65 & -28.59 & -1.73 & -7.34 & -44.34 & -3.41 & -1.26 & -15.64 & -3.56 & -30.65 \\
c22         & -1.44 & -17.39 & -22.35 & -13.23 & -20.34 & -25.36 & -28.74 & -9.23 & -8.25 & -4.56 & -14.95 & -7.29 & -5.96 & -45.43 & -4.88 & -11.70 & -1.66 & -44.82 & -7.97 & -21.29 & -2.74 & -13.63 & -1.13 & -10.45 & -3.70 & -6.76 & -29.25 & -1.71 & -7.16 & -44.46 & -3.41 & -1.27 & -16.50 & -3.28 & -30.66 \\
c23         & -1.44 & -17.85 & -22.15 & -13.28 & -19.97 & -25.10 & -29.65 & -9.54 & -8.04 & -4.77 & -14.48 & -7.12 & -6.16 & -45.56 & -5.16 & -12.48 & -1.66 & -44.82 & -7.97 & -22.20 & -2.84 & -14.04 & -1.06 & -10.26 & -3.89 & -6.50 & -28.41 & -1.62 & -7.34 & -44.41 & -3.41 & -1.26 & -15.91 & -3.47 & -30.63 \\
c24         & -1.44 & -17.83 & -21.91 & -13.11 & -19.65 & -25.42 & -29.38 & -9.26 & -8.38 & -4.72 & -15.30 & -7.02 & -6.30 & -45.60 & -5.14 & -11.84 & -1.66 & -44.82 & -7.97 & -22.42 & -2.82 & -13.42 & -1.12 & -10.34 & -4.10 & -6.75 & -29.44 & -1.56 & -7.21 & -44.45 & -3.41 & -1.26 &   0.00 &  0.00 &   0.00 \\
c25         & -1.43 & -17.97 & -21.19 & -13.21 & -20.53 & -25.70 & -28.64 & -9.42 & -8.16 & -4.74 & -15.12 & -6.92 & -6.24 & -45.59 & -5.11 & -11.95 & -1.66 & -44.82 & -7.97 & -23.28 & -2.92 & -13.63 & -1.09 & -10.53 & -3.87 & -6.87 & -30.01 & -1.72 & -7.25 & -44.38 & -3.41 & -1.26 & -15.86 & -3.29 &   0.00 \\
c26         & -1.44 & -17.81 & -21.47 & -12.88 & -20.49 & -24.81 & -28.73 & -9.40 & -8.03 & -4.67 & -15.07 & -7.07 & -6.52 & -45.58 & -5.17 & -12.04 & -1.66 & -44.82 & -7.97 & -22.22 & -2.72 & -13.01 & -1.09 & -10.37 & -3.62 & -6.77 & -29.76 & -1.58 & -7.56 & -44.37 & -3.43 & -1.29 & -16.18 & -3.31 &   0.00 \\
c27         & -1.42 & -16.99 & -21.93 & -12.85 & -20.62 & -25.38 & -28.73 & -9.15 & -8.18 & -4.79 & -14.35 & -7.06 & -6.08 & -45.42 & -5.00 & -12.11 & -1.66 & -44.82 & -7.97 & -22.56 & -2.86 & -14.33 & -1.08 & -10.43 & -3.86 & -6.81 & -28.81 & -1.68 & -7.46 & -44.44 & -3.41 & -1.26 & -16.08 & -3.42 & -30.62 \\
c28         & -1.42 & -17.65 & -21.35 & -12.92 & -19.93 & -25.41 & -29.38 & -9.28 & -8.16 & -4.48 & -14.56 & -7.21 & -6.36 & -45.45 & -5.08 & -11.87 & -1.66 & -44.82 & -7.97 & -21.54 & -2.93 & -13.47 & -1.10 & -10.38 & -4.23 & -6.65 & -28.70 & -1.64 & -7.53 & -44.41 & -3.41 & -1.26 & -16.35 & -3.46 &   0.00 \\
c29         & -1.44 & -18.20 & -21.93 & -13.18 & -19.93 & -25.00 & -28.78 & -9.32 & -8.25 & -4.58 & -14.79 & -7.08 & -6.63 & -45.57 & -4.95 & -12.04 & -1.66 & -44.82 & -7.97 & -22.51 & -2.94 & -13.46 & -1.09 & -10.38 & -3.89 & -6.85 & -30.00 & -1.52 & -7.36 & -44.36 & -3.41 & -1.25 & -15.90 & -3.37 &   0.00 \\
c30         & -1.42 & -17.10 & -21.83 & -12.96 & -20.13 & -25.50 & -28.76 & -9.49 & -8.30 & -4.51 & -15.14 & -7.05 & -6.33 & -45.47 & -5.01 & -12.25 & -1.66 & -44.82 & -7.97 & -22.90 & -2.80 & -13.06 & -1.09 & -10.24 & -3.63 & -6.67 & -28.80 & -1.58 & -7.34 & -44.35 & -3.41 & -1.27 & -16.21 & -3.47 & -30.64 \\
c31         & -1.44 & -17.76 & -22.23 & -13.08 & -20.57 & -24.74 & -29.27 & -9.51 & -8.04 & -4.61 & -14.73 & -6.92 & -6.15 & -45.67 & -5.33 & -11.85 & -1.66 & -44.82 & -7.97 & -22.01 & -2.84 & -14.13 & -1.07 & -10.27 & -3.83 & -6.83 & -28.85 & -1.72 & -7.60 & -44.39 & -3.43 & -1.27 & -16.25 & -3.28 & -30.66 \\
c32         & -1.42 & -16.98 & -21.72 & -13.56 & -20.33 & -25.08 & -29.53 & -9.66 & -8.45 & -4.55 & -15.17 & -7.15 & -6.13 & -45.51 & -4.88 & -11.85 & -1.66 & -44.82 & -7.97 & -21.67 & -2.93 & -14.53 & -1.11 & -10.44 & -4.12 & -6.75 & -28.46 & -1.57 & -7.69 & -44.41 & -3.41 &  0.00 &   0.00 &  0.00 &   0.00 \\
c33         & -1.42 & -17.30 & -22.35 & -12.75 & -19.71 & -25.25 & -28.90 & -9.50 & -8.76 & -4.54 & -14.62 & -7.01 & -6.42 & -45.42 & -5.20 & -11.80 & -1.66 & -44.82 & -7.97 & -22.36 & -2.71 & -14.12 & -1.12 & -10.19 & -3.89 & -6.88 & -29.04 & -1.56 & -7.19 & -44.38 & -3.41 & -1.27 &   0.00 &  0.00 &   0.00 \\
c34         & -1.44 & -17.41 & -21.80 & -13.85 & -20.79 & -25.67 & -29.24 & -9.87 & -7.95 & -4.75 & -14.74 & -7.28 & -6.22 & -45.53 & -5.19 & -12.04 & -1.66 & -44.82 & -7.97 & -22.50 & -2.75 & -13.68 & -1.10 & -10.31 &  0.00 &  0.00 &   0.00 &  0.00 &  0.00 &   0.00 &  0.00 &  0.00 &   0.00 &  0.00 &   0.00 \\
\bottomrule
\end{tabular}

                               0             1   ...            33             34
new_cluster  [-0.36, new_cluster]  [-16.86, c1]  ...  [-3.33, c33]  [-30.66, c34]
c1           [-0.36, new_cluster]  [-16.18, c1]  ...   [-3.5, c33]  [-30.64, c34]
c2           [-0.36, new_cluster]  [-16.25, c1]  ...  [-3.54, c33]  [-30.65, c34]
c3           [-0.36, new_cluster]  [-16.94, c1]  ...  [-3.16, c33]  [-30.66, c34]
c4           [-0.36, new_cluster]  [-16.63, c1]  ...  [-3.35, c33]  [-30.63, c34]
c5           [-0.36, new_cluster]  [-16.43, c1]  ...  [-3.27, c33]  [-30.64, c34]
c6           [-0.36, new_cluster]  [-16.82, c1]  ...  [-3.26, c33]  [-30.63, c34]
c7           [-0.36, new_cluster]  [-16.66, c1]  ...  [-3.56, c33]          [0, ]
c8           [-0.36, new_cluster]  [-16.22, c1]  ...  [-3.35, c33]  [-30.64, c34]
c9           [-0.36, new_cluster]  [-16.63, c1]  ...  [-3.55, c33]  [-30.65, c34]
c10          [-0.36, new_cluster]  [-16.71, c1]  ...  [-3.38, c33]  [-30.65, c34]
c11          [-0.36, new_cluster]  [-16.42, c1]  ...  [-3.28, c33]  [-30.67, c34]
c12          [-0.36, new_cluster]  [-16.75, c1]  ...  [-3.43, c33]  [-30.65, c34]
c13          [-0.36, new_cluster]   [-16.4, c1]  ...   [-3.5, c33]  [-30.66, c34]
c14          [-0.36, new_cluster]  [-16.93, c1]  ...  [-3.28, c33]  [-30.66, c34]
c15          [-0.36, new_cluster]  [-17.09, c1]  ...  [-3.38, c33]  [-30.65, c34]
c16          [-0.36, new_cluster]   [-17.0, c1]  ...  [-3.68, c33]          [0, ]
c17          [-0.36, new_cluster]  [-16.96, c1]  ...  [-3.47, c33]          [0, ]
c18          [-0.36, new_cluster]  [-16.85, c1]  ...  [-3.63, c33]  [-30.64, c34]
c19          [-0.36, new_cluster]  [-16.64, c1]  ...  [-3.37, c33]  [-30.63, c34]
c20          [-0.36, new_cluster]  [-16.54, c1]  ...  [-3.43, c33]  [-30.66, c34]
c21          [-0.36, new_cluster]  [-16.89, c1]  ...  [-3.56, c33]  [-30.65, c34]
c22          [-0.36, new_cluster]  [-16.33, c1]  ...  [-3.28, c33]  [-30.66, c34]
c23          [-0.36, new_cluster]  [-16.78, c1]  ...  [-3.47, c33]  [-30.63, c34]
c24          [-0.36, new_cluster]   [-16.8, c1]  ...         [0, ]          [0, ]
c25          [-0.36, new_cluster]  [-16.93, c1]  ...  [-3.29, c33]          [0, ]
c26          [-0.36, new_cluster]  [-16.75, c1]  ...  [-3.31, c33]          [0, ]
c27          [-0.36, new_cluster]  [-15.93, c1]  ...  [-3.42, c33]  [-30.62, c34]
c28          [-0.36, new_cluster]  [-16.61, c1]  ...  [-3.46, c33]          [0, ]
c29          [-0.36, new_cluster]  [-17.16, c1]  ...  [-3.37, c33]          [0, ]
c30          [-0.36, new_cluster]  [-16.07, c1]  ...  [-3.47, c33]  [-30.64, c34]
c31          [-0.36, new_cluster]  [-16.72, c1]  ...  [-3.28, c33]  [-30.66, c34]
c32          [-0.36, new_cluster]  [-15.92, c1]  ...         [0, ]          [0, ]
c33          [-0.36, new_cluster]  [-16.27, c1]  ...         [0, ]          [0, ]
c34          [-0.36, new_cluster]  [-16.37, c1]  ...         [0, ]          [0, ]

[35 rows x 35 columns]
\begin{tabular}{llllllllllllllllllllllllllllllllllll}
\toprule
{} &                    0  &            1  &            2  &            3  &            4  &            5  &            6  &           7  &           8  &           9  &             10 &            11 &            12 &             13 &            14 &             15 &            16 &             17 &           18 &             19 &            20 &             21 &            22 &            23 &            24 &            25 &             26 &            27 &            28 &             29 &            30 &            31 &             32 &            33 &             34 \\
\midrule
new\_cluster &  [-0.36, new\_cluster] &  [-16.86, c1] &  [-20.34, c2] &  [-12.24, c3] &  [-19.14, c4] &  [-24.41, c5] &  [-28.22, c6] &  [-9.47, c7] &  [-7.79, c8] &  [-3.61, c9] &  [-13.78, c10] &  [-5.87, c11] &  [-5.06, c12] &  [-44.46, c13] &  [-3.99, c14] &  [-10.54, c15] &  [-1.66, c16] &  [-44.82, c17] &  [-6.9, c18] &  [-21.53, c19] &  [-1.85, c20] &  [-12.47, c21] &  [-0.03, c22] &  [-9.31, c23] &  [-3.65, c24] &  [-6.77, c25] &  [-28.79, c26] &  [-0.56, c27] &  [-7.38, c28] &  [-44.32, c29] &  [-2.35, c30] &  [-0.21, c31] &   [-15.8, c32] &  [-3.33, c33] &  [-30.66, c34] \\
c1          &  [-0.36, new\_cluster] &  [-16.18, c1] &  [-20.87, c2] &  [-12.45, c3] &  [-20.39, c4] &  [-23.71, c5] &  [-28.21, c6] &   [-9.5, c7] &  [-7.21, c8] &   [-3.5, c9] &  [-13.82, c10] &  [-6.12, c11] &  [-4.98, c12] &   [-44.7, c13] &  [-4.12, c14] &  [-10.93, c15] &  [-1.66, c16] &  [-44.82, c17] &  [-6.9, c18] &  [-21.43, c19] &  [-1.89, c20] &  [-11.55, c21] &  [-0.03, c22] &  [-9.36, c23] &  [-4.22, c24] &  [-6.77, c25] &  [-29.31, c26] &  [-0.57, c27] &  [-7.48, c28] &  [-44.43, c29] &  [-2.35, c30] &  [-0.22, c31] &  [-16.15, c32] &   [-3.5, c33] &  [-30.64, c34] \\
c2          &  [-0.36, new\_cluster] &  [-16.25, c1] &  [-20.52, c2] &  [-12.36, c3] &  [-19.07, c4] &  [-24.07, c5] &  [-28.33, c6] &  [-9.37, c7] &  [-6.99, c8] &  [-3.68, c9] &  [-13.77, c10] &  [-5.88, c11] &  [-5.03, c12] &  [-44.54, c13] &  [-3.83, c14] &  [-10.83, c15] &  [-1.66, c16] &  [-44.82, c17] &  [-6.9, c18] &  [-20.85, c19] &  [-1.79, c20] &  [-12.43, c21] &  [-0.04, c22] &  [-9.31, c23] &  [-3.86, c24] &  [-6.86, c25] &  [-29.82, c26] &  [-0.63, c27] &  [-7.45, c28] &  [-44.33, c29] &  [-2.35, c30] &  [-0.22, c31] &   [-16.6, c32] &  [-3.54, c33] &  [-30.65, c34] \\
c3          &  [-0.36, new\_cluster] &  [-16.94, c1] &  [-20.49, c2] &  [-12.13, c3] &  [-18.87, c4] &  [-24.29, c5] &  [-27.86, c6] &  [-9.64, c7] &  [-7.55, c8] &   [-3.5, c9] &  [-14.43, c10] &  [-5.97, c11] &  [-5.23, c12] &  [-44.41, c13] &  [-3.76, c14] &  [-10.96, c15] &  [-1.66, c16] &  [-44.82, c17] &  [-6.9, c18] &  [-19.83, c19] &  [-1.73, c20] &  [-12.21, c21] &  [-0.02, c22] &   [-9.3, c23] &  [-3.82, c24] &  [-6.81, c25] &  [-29.53, c26] &  [-0.58, c27] &   [-7.2, c28] &  [-44.46, c29] &  [-2.35, c30] &  [-0.21, c31] &  [-15.91, c32] &  [-3.16, c33] &  [-30.66, c34] \\
c4          &  [-0.36, new\_cluster] &  [-16.63, c1] &  [-21.21, c2] &  [-12.41, c3] &  [-19.66, c4] &  [-23.44, c5] &  [-28.05, c6] &  [-9.47, c7] &  [-7.35, c8] &  [-3.53, c9] &  [-13.75, c10] &  [-5.82, c11] &  [-5.25, c12] &  [-44.35, c13] &  [-4.01, c14] &  [-10.62, c15] &  [-1.66, c16] &  [-44.82, c17] &  [-6.9, c18] &  [-20.65, c19] &  [-1.72, c20] &  [-12.58, c21] &  [-0.03, c22] &  [-9.49, c23] &  [-3.97, c24] &  [-6.53, c25] &  [-29.56, c26] &  [-0.52, c27] &  [-7.08, c28] &  [-44.48, c29] &  [-2.35, c30] &  [-0.22, c31] &   [-16.6, c32] &  [-3.35, c33] &  [-30.63, c34] \\
c5          &  [-0.36, new\_cluster] &  [-16.43, c1] &  [-21.38, c2] &  [-11.72, c3] &  [-19.92, c4] &  [-23.94, c5] &  [-27.63, c6] &  [-9.59, c7] &  [-7.49, c8] &  [-3.57, c9] &  [-13.79, c10] &  [-5.89, c11] &   [-5.3, c12] &  [-44.55, c13] &  [-4.23, c14] &  [-10.61, c15] &  [-1.66, c16] &  [-44.82, c17] &  [-6.9, c18] &  [-21.09, c19] &  [-1.89, c20] &  [-12.33, c21] &  [-0.04, c22] &  [-9.35, c23] &  [-3.99, c24] &  [-6.68, c25] &  [-28.47, c26] &  [-0.49, c27] &  [-7.26, c28] &  [-44.55, c29] &  [-2.35, c30] &  [-0.22, c31] &  [-16.53, c32] &  [-3.27, c33] &  [-30.64, c34] \\
c6          &  [-0.36, new\_cluster] &  [-16.82, c1] &  [-20.49, c2] &  [-11.81, c3] &  [-19.81, c4] &  [-24.78, c5] &  [-28.15, c6] &  [-9.36, c7] &  [-7.36, c8] &  [-3.63, c9] &  [-14.08, c10] &  [-5.85, c11] &  [-5.08, c12] &  [-44.41, c13] &  [-3.93, c14] &  [-11.19, c15] &  [-1.66, c16] &  [-44.82, c17] &  [-6.9, c18] &  [-20.98, c19] &  [-1.72, c20] &  [-12.63, c21] &  [-0.05, c22] &  [-9.26, c23] &  [-4.02, c24] &  [-6.96, c25] &  [-29.03, c26] &  [-0.57, c27] &  [-7.47, c28] &  [-44.37, c29] &  [-2.35, c30] &  [-0.21, c31] &  [-16.17, c32] &  [-3.26, c33] &  [-30.63, c34] \\
c7          &  [-0.36, new\_cluster] &  [-16.66, c1] &  [-20.87, c2] &  [-11.64, c3] &  [-19.09, c4] &  [-24.79, c5] &  [-27.66, c6] &  [-9.46, c7] &  [-7.23, c8] &  [-3.51, c9] &  [-13.97, c10] &  [-6.06, c11] &  [-5.11, c12] &  [-44.61, c13] &  [-4.23, c14] &  [-11.45, c15] &  [-1.66, c16] &  [-44.82, c17] &  [-6.9, c18] &  [-20.99, c19] &  [-1.84, c20] &  [-13.27, c21] &  [-0.03, c22] &  [-9.43, c23] &  [-3.84, c24] &  [-6.66, c25] &  [-28.99, c26] &   [-0.6, c27] &  [-7.39, c28] &  [-44.33, c29] &  [-2.35, c30] &  [-0.24, c31] &  [-16.48, c32] &  [-3.56, c33] &          [0, ] \\
c8          &  [-0.36, new\_cluster] &  [-16.22, c1] &  [-20.88, c2] &  [-11.61, c3] &  [-18.93, c4] &  [-24.19, c5] &  [-27.57, c6] &  [-9.46, c7] &  [-7.41, c8] &  [-3.53, c9] &  [-13.45, c10] &  [-6.03, c11] &  [-5.04, c12] &  [-44.59, c13] &  [-4.12, c14] &  [-10.95, c15] &  [-1.66, c16] &  [-44.82, c17] &  [-6.9, c18] &  [-21.92, c19] &  [-1.77, c20] &  [-12.35, c21] &  [-0.03, c22] &  [-9.45, c23] &  [-4.03, c24] &  [-6.52, c25] &  [-28.94, c26] &   [-0.5, c27] &  [-7.29, c28] &   [-44.3, c29] &  [-2.35, c30] &   [-0.2, c31] &  [-16.23, c32] &  [-3.35, c33] &  [-30.64, c34] \\
c9          &  [-0.36, new\_cluster] &  [-16.63, c1] &  [-21.02, c2] &  [-11.87, c3] &  [-19.74, c4] &  [-24.58, c5] &   [-28.2, c6] &  [-9.57, c7] &  [-7.21, c8] &  [-3.77, c9] &  [-13.86, c10] &  [-6.06, c11] &  [-5.21, c12] &  [-44.49, c13] &  [-3.88, c14] &  [-10.63, c15] &  [-1.66, c16] &  [-44.82, c17] &  [-6.9, c18] &  [-21.61, c19] &  [-1.86, c20] &  [-13.62, c21] &  [-0.04, c22] &  [-9.23, c23] &  [-3.95, c24] &  [-6.91, c25] &  [-29.42, c26] &  [-0.53, c27] &  [-7.33, c28] &   [-44.4, c29] &  [-2.35, c30] &   [-0.2, c31] &  [-16.32, c32] &  [-3.55, c33] &  [-30.65, c34] \\
c10         &  [-0.36, new\_cluster] &  [-16.71, c1] &  [-20.72, c2] &  [-12.47, c3] &  [-19.18, c4] &   [-24.4, c5] &  [-28.46, c6] &  [-9.39, c7] &  [-7.01, c8] &  [-3.58, c9] &   [-13.6, c10] &  [-5.92, c11] &  [-5.11, c12] &  [-44.52, c13] &  [-4.12, c14] &  [-10.97, c15] &  [-1.66, c16] &  [-44.82, c17] &  [-6.9, c18] &   [-21.2, c19] &  [-1.84, c20] &  [-12.61, c21] &  [-0.03, c22] &  [-9.16, c23] &  [-4.03, c24] &  [-6.73, c25] &  [-28.25, c26] &  [-0.55, c27] &  [-7.47, c28] &  [-44.34, c29] &  [-2.35, c30] &  [-0.22, c31] &   [-16.3, c32] &  [-3.38, c33] &  [-30.65, c34] \\
c11         &  [-0.36, new\_cluster] &  [-16.42, c1] &  [-21.17, c2] &  [-12.58, c3] &  [-19.79, c4] &  [-24.79, c5] &  [-28.44, c6] &  [-9.65, c7] &  [-7.03, c8] &  [-3.49, c9] &  [-13.77, c10] &  [-6.15, c11] &  [-5.15, c12] &  [-44.52, c13] &  [-3.96, c14] &  [-10.92, c15] &  [-1.66, c16] &  [-44.82, c17] &  [-6.9, c18] &  [-20.86, c19] &  [-1.77, c20] &  [-12.97, c21] &  [-0.02, c22] &   [-9.3, c23] &  [-4.02, c24] &  [-6.85, c25] &  [-29.37, c26] &  [-0.61, c27] &  [-7.15, c28] &  [-44.29, c29] &  [-2.35, c30] &  [-0.22, c31] &  [-16.58, c32] &  [-3.28, c33] &  [-30.67, c34] \\
c12         &  [-0.36, new\_cluster] &  [-16.75, c1] &   [-21.0, c2] &  [-12.23, c3] &  [-19.57, c4] &   [-25.0, c5] &  [-27.58, c6] &  [-9.43, c7] &   [-7.7, c8] &  [-3.67, c9] &  [-13.36, c10] &  [-5.92, c11] &  [-5.14, c12] &  [-44.34, c13] &  [-4.09, c14] &  [-10.74, c15] &  [-1.66, c16] &  [-44.82, c17] &  [-6.9, c18] &  [-21.86, c19] &  [-1.94, c20] &  [-12.18, c21] &  [-0.02, c22] &  [-9.24, c23] &  [-3.65, c24] &  [-6.91, c25] &  [-30.54, c26] &  [-0.54, c27] &  [-7.54, c28] &  [-44.46, c29] &  [-2.35, c30] &  [-0.22, c31] &  [-15.91, c32] &  [-3.43, c33] &  [-30.65, c34] \\
c13         &  [-0.36, new\_cluster] &   [-16.4, c1] &  [-21.17, c2] &  [-12.03, c3] &  [-18.65, c4] &  [-24.77, c5] &  [-27.93, c6] &  [-9.49, c7] &  [-7.31, c8] &  [-3.56, c9] &  [-14.13, c10] &  [-5.83, c11] &  [-5.16, c12] &  [-44.45, c13] &  [-4.07, c14] &  [-10.37, c15] &  [-1.66, c16] &  [-44.82, c17] &  [-6.9, c18] &  [-22.19, c19] &  [-1.71, c20] &   [-12.9, c21] &  [-0.03, c22] &  [-9.18, c23] &  [-3.92, c24] &   [-6.5, c25] &   [-29.9, c26] &  [-0.63, c27] &  [-6.99, c28] &   [-44.4, c29] &  [-2.35, c30] &  [-0.21, c31] &  [-16.39, c32] &   [-3.5, c33] &  [-30.66, c34] \\
c14         &  [-0.36, new\_cluster] &  [-16.93, c1] &  [-21.15, c2] &   [-12.1, c3] &  [-19.71, c4] &  [-24.38, c5] &  [-28.36, c6] &  [-9.87, c7] &   [-7.3, c8] &  [-3.62, c9] &   [-13.4, c10] &   [-5.8, c11] &   [-5.0, c12] &  [-44.43, c13] &  [-3.96, c14] &  [-10.82, c15] &  [-1.66, c16] &  [-44.82, c17] &  [-6.9, c18] &  [-21.56, c19] &  [-1.89, c20] &  [-13.23, c21] &  [-0.05, c22] &  [-9.16, c23] &  [-3.92, c24] &  [-6.81, c25] &  [-28.91, c26] &  [-0.61, c27] &  [-7.58, c28] &  [-44.35, c29] &  [-2.35, c30] &  [-0.22, c31] &  [-15.68, c32] &  [-3.28, c33] &  [-30.66, c34] \\
c15         &  [-0.36, new\_cluster] &  [-17.09, c1] &  [-20.86, c2] &   [-12.5, c3] &  [-18.59, c4] &  [-24.62, c5] &  [-28.25, c6] &  [-9.34, c7] &  [-7.19, c8] &  [-3.67, c9] &  [-14.15, c10] &  [-6.07, c11] &   [-5.1, c12] &  [-44.31, c13] &  [-3.83, c14] &  [-10.85, c15] &  [-1.66, c16] &  [-44.82, c17] &  [-6.9, c18] &   [-21.4, c19] &  [-2.13, c20] &  [-12.92, c21] &  [-0.03, c22] &  [-9.32, c23] &  [-3.99, c24] &   [-6.8, c25] &  [-29.11, c26] &  [-0.57, c27] &  [-7.43, c28] &  [-44.32, c29] &  [-2.35, c30] &  [-0.21, c31] &  [-16.49, c32] &  [-3.38, c33] &  [-30.65, c34] \\
c16         &  [-0.36, new\_cluster] &   [-17.0, c1] &  [-20.95, c2] &  [-11.96, c3] &  [-19.56, c4] &   [-24.7, c5] &  [-28.39, c6] &  [-9.39, c7] &  [-7.33, c8] &  [-3.36, c9] &  [-14.08, c10] &  [-6.11, c11] &  [-5.24, c12] &  [-44.36, c13] &  [-3.84, c14] &  [-10.84, c15] &  [-1.66, c16] &  [-44.82, c17] &  [-6.9, c18] &  [-21.15, c19] &  [-1.73, c20] &  [-12.15, c21] &  [-0.03, c22] &  [-9.17, c23] &  [-3.64, c24] &  [-6.81, c25] &  [-29.49, c26] &   [-0.5, c27] &  [-7.24, c28] &  [-44.23, c29] &  [-2.35, c30] &  [-0.21, c31] &   [-15.9, c32] &  [-3.68, c33] &          [0, ] \\
c17         &  [-0.36, new\_cluster] &  [-16.96, c1] &  [-20.61, c2] &  [-12.17, c3] &  [-19.08, c4] &  [-23.86, c5] &   [-28.0, c6] &  [-9.39, c7] &  [-6.89, c8] &  [-3.64, c9] &  [-13.56, c10] &  [-6.33, c11] &  [-5.12, c12] &  [-44.39, c13] &  [-4.04, c14] &  [-10.82, c15] &  [-1.66, c16] &  [-44.82, c17] &  [-6.9, c18] &  [-21.37, c19] &  [-1.76, c20] &  [-12.81, c21] &  [-0.04, c22] &  [-9.22, c23] &  [-3.95, c24] &  [-6.93, c25] &  [-28.35, c26] &  [-0.54, c27] &   [-7.3, c28] &   [-44.4, c29] &  [-2.35, c30] &  [-0.22, c31] &  [-16.42, c32] &  [-3.47, c33] &          [0, ] \\
c18         &  [-0.36, new\_cluster] &  [-16.85, c1] &  [-21.04, c2] &  [-12.05, c3] &  [-20.54, c4] &  [-23.91, c5] &  [-27.97, c6] &  [-9.54, c7] &  [-7.93, c8] &   [-3.7, c9] &  [-13.49, c10] &  [-5.99, c11] &  [-5.17, c12] &  [-44.52, c13] &  [-3.78, c14] &  [-11.25, c15] &  [-1.66, c16] &  [-44.82, c17] &  [-6.9, c18] &  [-21.57, c19] &  [-1.72, c20] &  [-12.81, c21] &  [-0.04, c22] &  [-9.28, c23] &  [-3.91, c24] &  [-6.59, c25] &  [-28.48, c26] &  [-0.64, c27] &  [-7.19, c28] &  [-44.39, c29] &  [-2.35, c30] &  [-0.23, c31] &  [-16.35, c32] &  [-3.63, c33] &  [-30.64, c34] \\
c19         &  [-0.36, new\_cluster] &  [-16.64, c1] &  [-20.52, c2] &  [-11.95, c3] &  [-18.89, c4] &  [-24.16, c5] &  [-28.37, c6] &  [-9.44, c7] &  [-7.56, c8] &  [-3.59, c9] &  [-13.72, c10] &  [-6.22, c11] &  [-5.03, c12] &  [-44.59, c13] &  [-4.15, c14] &  [-11.07, c15] &  [-1.66, c16] &  [-44.82, c17] &  [-6.9, c18] &  [-21.51, c19] &   [-2.1, c20] &  [-13.54, c21] &  [-0.03, c22] &  [-9.34, c23] &  [-3.81, c24] &  [-6.72, c25] &  [-28.74, c26] &  [-0.53, c27] &  [-7.27, c28] &  [-44.35, c29] &  [-2.35, c30] &  [-0.22, c31] &  [-16.52, c32] &  [-3.37, c33] &  [-30.63, c34] \\
c20         &  [-0.36, new\_cluster] &  [-16.54, c1] &  [-20.46, c2] &  [-12.13, c3] &  [-19.55, c4] &  [-23.76, c5] &  [-27.97, c6] &  [-9.03, c7] &  [-7.15, c8] &  [-3.57, c9] &  [-14.34, c10] &  [-5.74, c11] &  [-5.23, c12] &  [-44.45, c13] &  [-3.96, c14] &  [-11.02, c15] &  [-1.66, c16] &  [-44.82, c17] &  [-6.9, c18] &  [-21.26, c19] &  [-1.75, c20] &  [-12.03, c21] &  [-0.03, c22] &  [-9.34, c23] &  [-3.97, c24] &  [-6.91, c25] &  [-28.41, c26] &  [-0.51, c27] &  [-7.37, c28] &  [-44.35, c29] &  [-2.35, c30] &  [-0.24, c31] &  [-15.99, c32] &  [-3.43, c33] &  [-30.66, c34] \\
c21         &  [-0.36, new\_cluster] &  [-16.89, c1] &  [-21.32, c2] &   [-11.6, c3] &  [-19.59, c4] &  [-24.79, c5] &  [-28.33, c6] &   [-9.4, c7] &  [-7.33, c8] &  [-3.57, c9] &  [-13.94, c10] &  [-5.93, c11] &  [-5.32, c12] &   [-44.4, c13] &  [-3.91, c14] &  [-11.23, c15] &  [-1.66, c16] &  [-44.82, c17] &  [-6.9, c18] &  [-21.31, c19] &  [-1.77, c20] &   [-12.3, c21] &  [-0.03, c22] &  [-9.37, c23] &  [-3.79, c24] &  [-6.65, c25] &  [-28.59, c26] &  [-0.67, c27] &  [-7.34, c28] &  [-44.34, c29] &  [-2.35, c30] &  [-0.22, c31] &  [-15.64, c32] &  [-3.56, c33] &  [-30.65, c34] \\
c22         &  [-0.36, new\_cluster] &  [-16.33, c1] &  [-21.32, c2] &  [-12.19, c3] &  [-19.37, c4] &   [-24.3, c5] &  [-27.67, c6] &  [-9.23, c7] &  [-7.18, c8] &   [-3.5, c9] &  [-13.93, c10] &  [-6.26, c11] &  [-4.91, c12] &  [-44.38, c13] &   [-3.8, c14] &  [-10.63, c15] &  [-1.66, c16] &  [-44.82, c17] &  [-6.9, c18] &  [-20.26, c19] &  [-1.71, c20] &  [-12.58, c21] &  [-0.05, c22] &  [-9.42, c23] &   [-3.7, c24] &  [-6.76, c25] &  [-29.25, c26] &  [-0.65, c27] &  [-7.16, c28] &  [-44.46, c29] &  [-2.35, c30] &  [-0.22, c31] &   [-16.5, c32] &  [-3.28, c33] &  [-30.66, c34] \\
c23         &  [-0.36, new\_cluster] &  [-16.78, c1] &  [-21.11, c2] &  [-12.23, c3] &  [-18.92, c4] &  [-24.05, c5] &  [-28.58, c6] &  [-9.54, c7] &  [-7.02, c8] &  [-3.72, c9] &  [-13.44, c10] &  [-6.07, c11] &  [-5.11, c12] &   [-44.5, c13] &  [-4.07, c14] &  [-11.42, c15] &  [-1.66, c16] &  [-44.82, c17] &  [-6.9, c18] &  [-21.17, c19] &   [-1.8, c20] &   [-13.0, c21] &  [-0.02, c22] &  [-9.19, c23] &  [-3.89, c24] &   [-6.5, c25] &  [-28.41, c26] &  [-0.57, c27] &  [-7.34, c28] &  [-44.41, c29] &  [-2.35, c30] &  [-0.22, c31] &  [-15.91, c32] &  [-3.47, c33] &  [-30.63, c34] \\
c24         &  [-0.36, new\_cluster] &   [-16.8, c1] &  [-20.87, c2] &  [-12.08, c3] &   [-18.6, c4] &  [-24.35, c5] &  [-28.31, c6] &  [-9.26, c7] &  [-7.31, c8] &  [-3.66, c9] &  [-14.26, c10] &  [-5.98, c11] &  [-5.25, c12] &  [-44.54, c13] &  [-4.09, c14] &  [-10.79, c15] &  [-1.66, c16] &  [-44.82, c17] &  [-6.9, c18] &  [-21.38, c19] &  [-1.76, c20] &  [-12.38, c21] &  [-0.05, c22] &  [-9.31, c23] &   [-4.1, c24] &  [-6.75, c25] &  [-29.44, c26] &   [-0.5, c27] &  [-7.21, c28] &  [-44.45, c29] &  [-2.35, c30] &  [-0.22, c31] &          [0, ] &         [0, ] &          [0, ] \\
c25         &  [-0.36, new\_cluster] &  [-16.93, c1] &  [-20.16, c2] &  [-12.16, c3] &   [-19.5, c4] &  [-24.64, c5] &  [-27.56, c6] &  [-9.42, c7] &  [-7.12, c8] &  [-3.69, c9] &  [-14.08, c10] &  [-5.89, c11] &  [-5.19, c12] &  [-44.53, c13] &  [-4.07, c14] &  [-10.89, c15] &  [-1.66, c16] &  [-44.82, c17] &  [-6.9, c18] &  [-22.24, c19] &  [-1.88, c20] &  [-12.58, c21] &  [-0.03, c22] &   [-9.5, c23] &  [-3.87, c24] &  [-6.87, c25] &  [-30.01, c26] &  [-0.66, c27] &  [-7.25, c28] &  [-44.38, c29] &  [-2.35, c30] &  [-0.22, c31] &  [-15.86, c32] &  [-3.29, c33] &          [0, ] \\
c26         &  [-0.36, new\_cluster] &  [-16.75, c1] &  [-20.44, c2] &  [-11.79, c3] &  [-19.47, c4] &  [-23.76, c5] &  [-27.65, c6] &   [-9.4, c7] &   [-7.0, c8] &  [-3.61, c9] &  [-14.03, c10] &  [-6.03, c11] &  [-5.48, c12] &  [-44.52, c13] &  [-4.12, c14] &  [-10.98, c15] &  [-1.66, c16] &  [-44.82, c17] &  [-6.9, c18] &  [-21.18, c19] &  [-1.67, c20] &  [-11.95, c21] &  [-0.04, c22] &  [-9.34, c23] &  [-3.62, c24] &  [-6.77, c25] &  [-29.76, c26] &   [-0.5, c27] &  [-7.56, c28] &  [-44.37, c29] &  [-2.35, c30] &  [-0.22, c31] &  [-16.18, c32] &  [-3.31, c33] &          [0, ] \\
c27         &  [-0.36, new\_cluster] &  [-15.93, c1] &  [-20.91, c2] &  [-11.81, c3] &  [-19.55, c4] &  [-24.31, c5] &  [-27.67, c6] &  [-9.15, c7] &  [-7.15, c8] &  [-3.73, c9] &  [-13.31, c10] &  [-6.02, c11] &  [-5.04, c12] &  [-44.37, c13] &  [-3.96, c14] &  [-11.05, c15] &  [-1.66, c16] &  [-44.82, c17] &  [-6.9, c18] &  [-21.55, c19] &   [-1.8, c20] &  [-13.29, c21] &  [-0.03, c22] &   [-9.4, c23] &  [-3.86, c24] &  [-6.81, c25] &  [-28.81, c26] &  [-0.61, c27] &  [-7.46, c28] &  [-44.44, c29] &  [-2.35, c30] &  [-0.22, c31] &  [-16.08, c32] &  [-3.42, c33] &  [-30.62, c34] \\
c28         &  [-0.36, new\_cluster] &  [-16.61, c1] &  [-20.32, c2] &  [-11.88, c3] &  [-18.92, c4] &  [-24.36, c5] &   [-28.3, c6] &  [-9.28, c7] &  [-7.14, c8] &  [-3.42, c9] &  [-13.52, c10] &  [-6.15, c11] &   [-5.3, c12] &  [-44.39, c13] &  [-4.04, c14] &   [-10.8, c15] &  [-1.66, c16] &  [-44.82, c17] &  [-6.9, c18] &   [-20.5, c19] &  [-1.88, c20] &  [-12.44, c21] &  [-0.03, c22] &  [-9.37, c23] &  [-4.23, c24] &  [-6.65, c25] &   [-28.7, c26] &  [-0.56, c27] &  [-7.53, c28] &  [-44.41, c29] &  [-2.35, c30] &  [-0.22, c31] &  [-16.35, c32] &  [-3.46, c33] &          [0, ] \\
c29         &  [-0.36, new\_cluster] &  [-17.16, c1] &   [-20.9, c2] &  [-12.14, c3] &  [-18.91, c4] &  [-23.94, c5] &  [-27.71, c6] &  [-9.32, c7] &  [-7.23, c8] &  [-3.54, c9] &  [-13.75, c10] &  [-6.06, c11] &  [-5.57, c12] &  [-44.51, c13] &  [-3.91, c14] &  [-10.98, c15] &  [-1.66, c16] &  [-44.82, c17] &  [-6.9, c18] &  [-21.47, c19] &  [-1.89, c20] &  [-12.39, c21] &  [-0.03, c22] &  [-9.36, c23] &  [-3.89, c24] &  [-6.85, c25] &   [-30.0, c26] &  [-0.46, c27] &  [-7.36, c28] &  [-44.36, c29] &  [-2.35, c30] &  [-0.21, c31] &   [-15.9, c32] &  [-3.37, c33] &          [0, ] \\
c30         &  [-0.36, new\_cluster] &  [-16.07, c1] &   [-20.8, c2] &  [-11.87, c3] &  [-19.07, c4] &  [-24.44, c5] &  [-27.69, c6] &  [-9.49, c7] &  [-7.26, c8] &  [-3.45, c9] &  [-14.08, c10] &  [-6.02, c11] &  [-5.28, c12] &  [-44.43, c13] &  [-3.96, c14] &  [-11.18, c15] &  [-1.66, c16] &  [-44.82, c17] &  [-6.9, c18] &  [-21.87, c19] &  [-1.74, c20] &  [-11.99, c21] &  [-0.04, c22] &  [-9.22, c23] &  [-3.63, c24] &  [-6.67, c25] &   [-28.8, c26] &  [-0.51, c27] &  [-7.34, c28] &  [-44.35, c29] &  [-2.35, c30] &  [-0.22, c31] &  [-16.21, c32] &  [-3.47, c33] &  [-30.64, c34] \\
c31         &  [-0.36, new\_cluster] &  [-16.72, c1] &  [-21.18, c2] &  [-12.05, c3] &  [-19.52, c4] &  [-23.68, c5] &  [-28.19, c6] &  [-9.51, c7] &  [-7.01, c8] &  [-3.56, c9] &  [-13.69, c10] &  [-5.87, c11] &  [-5.11, c12] &  [-44.62, c13] &  [-4.29, c14] &   [-10.8, c15] &  [-1.66, c16] &  [-44.82, c17] &  [-6.9, c18] &  [-20.97, c19] &  [-1.79, c20] &  [-13.06, c21] &  [-0.02, c22] &  [-9.23, c23] &  [-3.83, c24] &  [-6.83, c25] &  [-28.85, c26] &  [-0.64, c27] &   [-7.6, c28] &  [-44.39, c29] &  [-2.35, c30] &  [-0.23, c31] &  [-16.25, c32] &  [-3.28, c33] &  [-30.66, c34] \\
c32         &  [-0.36, new\_cluster] &  [-15.92, c1] &  [-20.69, c2] &  [-12.51, c3] &  [-19.26, c4] &  [-24.03, c5] &  [-28.46, c6] &  [-9.66, c7] &  [-7.43, c8] &  [-3.49, c9] &  [-14.13, c10] &   [-6.1, c11] &  [-5.09, c12] &  [-44.46, c13] &  [-3.84, c14] &  [-10.79, c15] &  [-1.66, c16] &  [-44.82, c17] &  [-6.9, c18] &  [-20.65, c19] &   [-1.9, c20] &  [-13.48, c21] &  [-0.04, c22] &  [-9.42, c23] &  [-4.12, c24] &  [-6.75, c25] &  [-28.46, c26] &  [-0.52, c27] &  [-7.69, c28] &  [-44.41, c29] &  [-2.35, c30] &         [0, ] &          [0, ] &         [0, ] &          [0, ] \\
c33         &  [-0.36, new\_cluster] &  [-16.27, c1] &  [-21.32, c2] &  [-11.72, c3] &   [-18.7, c4] &  [-24.19, c5] &  [-27.82, c6] &   [-9.5, c7] &  [-7.74, c8] &  [-3.48, c9] &  [-13.59, c10] &  [-5.98, c11] &  [-5.38, c12] &  [-44.37, c13] &  [-4.15, c14] &  [-10.75, c15] &  [-1.66, c16] &  [-44.82, c17] &  [-6.9, c18] &  [-21.34, c19] &  [-1.66, c20] &  [-13.09, c21] &  [-0.05, c22] &  [-9.16, c23] &  [-3.89, c24] &  [-6.88, c25] &  [-29.04, c26] &  [-0.51, c27] &  [-7.19, c28] &  [-44.38, c29] &  [-2.35, c30] &  [-0.23, c31] &          [0, ] &         [0, ] &          [0, ] \\
c34         &  [-0.36, new\_cluster] &  [-16.37, c1] &  [-20.77, c2] &  [-12.81, c3] &  [-19.78, c4] &   [-24.6, c5] &  [-28.18, c6] &  [-9.87, c7] &  [-6.92, c8] &  [-3.69, c9] &   [-13.7, c10] &  [-6.24, c11] &  [-5.16, c12] &  [-44.48, c13] &  [-4.15, c14] &  [-10.98, c15] &  [-1.66, c16] &  [-44.82, c17] &  [-6.9, c18] &  [-21.46, c19] &  [-1.68, c20] &  [-12.63, c21] &  [-0.05, c22] &  [-9.28, c23] &         [0, ] &         [0, ] &          [0, ] &         [0, ] &         [0, ] &          [0, ] &         [0, ] &         [0, ] &          [0, ] &         [0, ] &          [0, ] \\
\bottomrule
\end{tabular}

