Experiment_path: AE_Model_1/Normalization/Experiment_04_norm
Dataset_Path: ../_00_Datasets/03_SimDaten_Quiroga2020/C_Difficult1_noise020.mat
Dataset_name: ['03_SimDaten_Quiroga2020', 'C_Difficult1_noise020.mat']
Variant_name: V04_Off_AE_QL_norm
Visualisation_Path: AE_Model_1/Normalization/Experiment_04_norm/C_Difficult1_noise020.mat/V04_Off_AE_QL_norm/2023_06_04-20_25_14
Punishment_Coefficient: 0.5
<_01_LoadDataset.ExternCode.spike_class.spike_dataclass object at 0x000001A1B2F21898>
Sampling rate: 24000.0
Raw: [0.07805807 0.0565915  0.02594138 ... 0.2738422  0.26036418 0.26764671]
Times: [    368     630     648 ... 1439484 1439672 1439764]
Cluster: [2 2 1 ... 1 1 3]
Number of different clusters:  3
Number of Spikes: 3414
First aligned Spike Frame: [-0.38605838 -0.38126768 -0.38226316 -0.39416749 -0.41080739 -0.41171959
 -0.38717544 -0.35786686 -0.38107535 -0.49467824 -0.61843181 -0.58172559
 -0.24572387  0.35672948  0.89024247  1.0117557   0.76459666  0.43756704
  0.20139815  0.0394919  -0.09249478 -0.19279146 -0.23446076 -0.21807174
 -0.17478611 -0.12910555 -0.08593802 -0.03628316  0.029471    0.09510752
  0.13901987  0.15819091  0.1762069   0.21560464  0.27527193  0.33233202
  0.36740003  0.38309659  0.39850514  0.42031497  0.43304033  0.41207346
  0.35038997  0.26929981  0.20084763  0.15457014  0.10809812]
Cluster 0, Occurrences: 1136
Cluster 1, Occurrences: 1099
Cluster 2, Occurrences: 1179
Train Index: 3073
x_train: 3073
y_train: 3073
x_test: 341
y_test: 341
<torch.utils.data.dataloader.DataLoader object at 0x000001A1B7A4F9B0>
<torch.utils.data.dataloader.DataLoader object at 0x000001A1B8B37748>
Epoch [1/8]: mean_loss=0.0004130033464005821
Epoch [2/8]: mean_loss=0.00031804257586811756
Epoch [3/8]: mean_loss=0.00031768680761395197
Epoch [4/8]: mean_loss=0.000316109378109033
Epoch [5/8]: mean_loss=0.0003128751571112295
Epoch [6/8]: mean_loss=0.0003082433599085246
Epoch [7/8]: mean_loss=0.00030501184150397175
Epoch [8/8]: mean_loss=0.0003068221168058569
Number of Clusters: 3
Number of Samples after Autoencoder testing: 339
First Spike after testing: [0.5250673  0.21747556]
[1, 0, 1, 0, 0, 2, 1, 0, 2, 2, 2, 0, 2, 0, 2, 1, 0, 1, 2, 1, 2, 0, 2, 2, 1, 1, 2, 2, 2, 0, 0, 2, 2, 0, 0, 2, 0, 2, 2, 0, 1, 0, 1, 2, 2, 1, 0, 2, 0, 1, 2, 1, 1, 2, 0, 2, 1, 1, 1, 2, 0, 2, 1, 1, 2, 1, 2, 0, 2, 1, 1, 2, 2, 0, 1, 2, 0, 1, 2, 0, 1, 0, 1, 0, 2, 2, 0, 0, 2, 0, 2, 1, 0, 0, 2, 1, 1, 2, 1, 2, 1, 2, 1, 1, 2, 1, 1, 1, 0, 2, 1, 2, 0, 1, 2, 0, 2, 1, 0, 1, 0, 1, 0, 1, 0, 1, 2, 0, 1, 0, 0, 0, 0, 1, 2, 1, 2, 0, 1, 2, 1, 0, 0, 2, 1, 0, 2, 1, 2, 0, 2, 2, 1, 2, 2, 1, 2, 1, 2, 1, 0, 1, 1, 0, 1, 1, 0, 2, 0, 2, 0, 1, 0, 0, 1, 2, 2, 1, 1, 1, 2, 0, 2, 0, 1, 2, 1, 2, 0, 2, 0, 1, 2, 0, 2, 1, 0, 1, 1, 2, 1, 1, 2, 1, 2, 1, 1, 2, 1, 1, 2, 0, 2, 0, 1, 1, 2, 1, 2, 2, 0, 2, 1, 2, 2, 2, 0, 1, 0, 2, 1, 0, 2, 0, 0, 2, 0, 0, 1, 0, 1, 2, 2, 0, 2, 0, 1, 1, 1, 0, 1, 2, 0, 2, 1, 0, 1, 2, 2, 0, 0, 1, 2, 1, 2, 1, 0, 2, 0, 2, 1, 0, 1, 1, 0, 1, 2, 0, 2, 0, 2, 2, 1, 2, 0, 2, 2, 1, 2, 1, 0, 0, 2, 0, 2, 0, 0, 0, 0, 1, 1, 2, 2, 0, 1, 2, 0, 1, 1, 2, 1, 2, 1, 1, 1, 0, 2, 2, 1, 1, 2, 1, 0, 1, 0, 1, 2, 2, 2, 0, 1, 2, 1, 2, 0, 2, 0, 0, 2]
[0, 1, 0, 2, 0, 0, 2, 2, 2, 0, 0, 2, 0, 2, 2, 2, 2, 2, 2, 2, 0, 2, 0, 0, 2, 2, 2, 2, 2, 0, 2, 2, 0, 2, 2, 2, 2, 2, 2, 2, 2, 2, 2, 0, 2, 2, 2, 0, 2, 2, 2, 2, 2, 2, 2, 2, 2, 2, 2, 0, 2, 2, 0, 2, 2, 0, 0, 2, 2, 2, 2, 2, 0, 2, 2, 2, 2, 2, 2, 2, 2, 2, 2, 2, 0, 2, 2, 2, 2, 2, 2, 2, 2, 2, 0, 2, 2, 2, 2, 0, 2, 2, 2, 2, 0, 2, 2, 2, 0, 0, 2, 2, 2, 2, 2, 2, 2, 2, 2, 2, 2, 2, 2, 2, 2, 2, 2, 2, 2, 2, 2, 2, 2, 2, 0, 2, 2, 2, 2, 2, 2, 2, 2, 0, 2, 2, 2, 2, 2, 2, 2, 2, 2, 0, 2, 2, 2, 2, 2, 2, 2, 2, 2, 2, 2, 2, 2, 2, 2, 2, 2, 0, 2, 2, 2, 2, 2, 0, 2, 2, 0, 2, 2, 2, 2, 0, 2, 2, 2, 2, 2, 2, 2, 2, 2, 2, 2, 2, 2, 2, 2, 2, 2, 2, 2, 2, 2, 0, 2, 2, 2, 2, 2, 2, 2, 2, 2, 2, 0, 2, 2, 2, 2, 2, 0, 2, 2, 2, 2, 2, 2, 2, 2, 2, 2, 2, 2, 2, 2, 2, 2, 2, 2, 2, 2, 2, 2, 2, 2, 2, 2, 2, 2, 2, 2, 2, 2, 2, 2, 2, 2, 2, 2, 2, 2, 2, 2, 2, 2, 0, 0, 2, 2, 2, 2, 2, 2, 0, 2, 2, 0, 2, 2, 2, 2, 0, 0, 0, 0, 2, 2, 2, 0, 2, 2, 2, 2, 2, 2, 2, 2, 2, 2, 2, 2, 2, 2, 2, 0, 0, 2, 2, 2, 2, 2, 2, 2, 0, 2, 2, 0, 2, 2, 2, 2, 2, 2, 0, 2, 2, 2, 2, 2, 0, 2, 2, 2, 2, 2]
Centroids: [[0.29393724, 0.029370908], [0.26185903, 0.24277681], [0.605134, 0.3345287]]
Centroids: [[0.85333705, 0.33980224], [0.5686188, -0.46573642], [0.31477147, 0.19241908]]
Standard Derivations: [0.21265896, 0.20603707, 0.2197632]
Cluster Distances: [-0.20289268, 0.003427267, -0.20289268, -0.07047491, 0.003427267, -0.07047491]
Minimal Cluster Distance: -0.20289267599582672
Contingency Matrix: 
[[  4   1  96]
 [  9   0 107]
 [ 37   0  85]]
[[4, 1, 96], [9, 0, 107], [37, 0, 85]]
[[4, 1, 96], [9, 0, 107], [37, 0, 85]]
[0, 1, 2]
[[4, 1, -1], [-1, -1, -1], [37, 0, -1]]
[[-1, 1, -1], [-1, -1, -1], [-1, -1, -1]]
[[-1, -1, -1], [-1, -1, -1], [-1, -1, -1]]
Match_Labels: {1: 2, 2: 0, 0: 1}
New Contingency Matrix: 
[[  1  96   4]
 [  0 107   9]
 [  0  85  37]]
New Clustered Label Sequence: [1, 2, 0]
Diagonal_Elements: [1, 107, 37], Sum: 145
All_Elements: [1, 96, 4, 0, 107, 9, 0, 85, 37], Sum: 339
Accuracy: 0.4277286135693215
Centroids: [[0.6368821531534195, 0.20086919426452368], [1.5398037433624268, -0.5039223432540894], [0.20677150749664483, 0.08833781257564827]]
