Seed: 2
Experiment_path: AE_Model_2/Random_Seeds_DV5//V5_3/Experiment_05_2_opt_temp_noisy
Dataset_Path: ../_00_Datasets/03_SimDaten_Quiroga2020/C_Difficult2_noise005.mat
Dataset_name: ['03_SimDaten_Quiroga2020', 'C_Difficult2_noise005.mat']
Variant_name: Variant_05_Online_Autoencoder_QLearning_opt_temp_noisy
Visualisation_Path: AE_Model_2/Random_Seeds_DV5//V5_3/Experiment_05_2_opt_temp_noisy/C_Difficult2_noise005.mat/Variant_05_Online_Autoencoder_QLearning_opt_temp_noisy/2023_04_24-13_51_34
Normalisation: False
Template Matching: True
Optimising Autoencoder: True
Update Factor: 1
Noisy Batches: True
Noisy Factor: 0.1
Epochs: 8
Batch Size: 1
maximal Spikes for Autoencoder Training : 700
maximal Spikes for Training: 1000
Input Size: 47
Chosen Model: Convolutional Autoencoder
ConvolutionalAutoencoder(
  (encoder): Sequential(
    (0): Conv1d(1, 6, kernel_size=(6,), stride=(1,))
    (1): LeakyReLU(negative_slope=0.01)
    (2): Conv1d(6, 1, kernel_size=(6,), stride=(1,))
    (3): Flatten(start_dim=1, end_dim=-1)
    (4): Linear(in_features=37, out_features=2, bias=True)
  )
  (decoder): Sequential(
    (0): ConvTranspose1d(1, 6, kernel_size=(6,), stride=(1,))
    (1): LeakyReLU(negative_slope=0.01)
    (2): ConvTranspose1d(6, 1, kernel_size=(6,), stride=(1,))
    (3): Flatten(start_dim=1, end_dim=-1)
    (4): Linear(in_features=12, out_features=47, bias=True)
  )
)
MSELoss()
Adam (
Parameter Group 0
    amsgrad: False
    betas: (0.9, 0.999)
    capturable: False
    differentiable: False
    eps: 1e-08
    foreach: None
    fused: False
    lr: 0.001
    maximize: False
    weight_decay: 0
)
---Q Learning Parameters---
Normalisation: False
Punishment Coefficient: 0.4
Alpha: 0.8
Epsilon: 0.01
Gamma: 0.97
Initial Episode Number: 0
Episode Number Coefficient: 1.4
Number of Random Features: 20
Planning Number: 20
Max Random Features: 60
New Episode Number: 72
New Episode Number: 143
New Episode Number: 215
New Episode Number: 286
New Episode Number: 358
New Episode Number: 429
New Episode Number: 500
New Episode Number: 572
New Episode Number: 643
New Episode Number: 715
New Episode Number: 786
New Episode Number: 858
New Episode Number: 929
New Episode Number: 1000
New Episode Number: 1072
New Episode Number: 1143
New Episode Number: 1215
New Episode Number: 1286
New Episode Number: 1358
New Episode Number: 1429
New Episode Number: 1501
New Episode Number: 1572
New Episode Number: 1643
New Episode Number: 1715
New Episode Number: 1786
New Episode Number: 1858
New Episode Number: 1929
New Episode Number: 2000
New Episode Number: 2072
New Episode Number: 2143
New Episode Number: 2215
New Episode Number: 2286
New Episode Number: 2358
               0      1      2      3      4   ...     29    30     31     32     33
new_cluster -3.25 -13.55 -18.45 -22.37  -9.84  ... -38.81 -4.07 -62.17 -40.04 -16.73
c1          -3.18 -12.98 -17.74 -22.14 -10.09  ... -38.82 -4.03 -62.17 -40.04 -16.52
c2          -3.14 -13.01 -17.95 -22.34 -10.15  ... -38.82 -4.05 -62.17 -40.04 -15.79
c3          -3.14 -13.22 -17.85 -22.37 -10.26  ... -38.78 -3.84 -62.17 -40.04 -16.55
c4          -3.05 -12.75 -17.59 -22.88 -10.83  ... -38.82 -4.37 -62.17 -40.04 -16.77
c5          -3.20 -13.18 -17.67 -21.84 -10.01  ... -38.81 -4.07 -62.17 -40.04 -16.74
c6          -3.05 -13.02 -16.99 -22.09 -10.59  ... -38.83 -3.80 -62.17 -40.04 -16.16
c7          -3.14 -12.89 -18.21 -22.08 -10.02  ... -38.83 -4.07 -62.17 -40.04 -16.94
c8          -3.25 -13.25 -17.86 -21.96 -10.91  ... -38.92 -4.38 -62.17 -40.04 -15.77
c9          -3.14 -12.87 -18.58 -22.20 -10.29  ... -38.91 -4.32 -62.17 -40.04 -16.92
c10         -3.21 -13.02 -17.75 -21.75 -10.73  ... -38.83 -4.19 -62.17 -40.04 -16.14
c11         -3.06 -13.13 -17.91 -22.47  -9.84  ... -38.83 -4.30 -62.17 -40.04 -16.35
c12         -3.18 -12.88 -18.04 -22.30 -10.01  ... -38.79 -3.95 -62.17 -40.04   0.00
c13         -3.05 -12.94 -17.47 -22.49 -10.34  ... -38.85 -4.25 -62.17 -40.04 -17.12
c14         -3.18 -13.61 -17.69 -22.27 -10.26  ... -38.81 -4.12 -62.17 -40.04 -16.15
c15         -3.06 -12.98 -18.97 -22.40 -10.49  ... -38.80 -4.27 -62.17 -40.04 -16.53
c16         -3.06 -13.61 -18.36 -22.21 -10.36  ... -38.80 -4.01 -62.17 -40.04 -16.53
c17         -3.21 -13.35 -17.61 -22.74 -10.18  ... -38.92 -4.15 -62.17 -40.04 -16.56
c18         -3.19 -13.16 -17.21 -21.82 -10.31  ... -38.83 -3.98 -62.17 -40.04 -16.73
c19         -3.18 -12.86 -17.91 -22.27 -10.50  ... -38.83 -4.08 -62.17 -40.04 -15.61
c20         -3.03 -13.24 -18.24 -21.64  -9.48  ... -38.81 -4.22 -62.17 -40.04 -16.56
c21         -3.05 -13.65 -17.95 -21.68 -10.30  ... -38.79 -4.13 -62.17 -40.04 -16.36
c22         -3.05 -13.29 -17.79 -21.73 -10.15  ... -38.78 -4.01 -62.17 -40.04 -15.98
c23         -3.14 -13.46 -18.22 -22.77 -10.98  ... -38.81 -3.92 -62.17 -40.04 -16.73
c24         -3.05 -12.43 -17.07 -22.39 -10.57  ... -38.83 -4.26 -62.17 -40.04 -15.96
c25         -3.18 -12.80 -18.05 -21.89 -10.32  ... -38.83 -3.93 -62.17 -40.04 -16.38
c26         -3.03 -12.66 -17.45 -21.92 -10.39  ... -38.82 -4.32 -62.17 -40.04 -15.98
c27         -3.20 -12.76 -18.76 -22.38  -9.89  ... -38.83 -4.03 -62.17 -40.04 -16.93
c28         -3.05 -13.15 -18.21 -22.95 -10.53  ... -38.79 -4.00 -62.17 -40.04 -16.53
c29         -3.05 -13.08 -17.13 -22.25 -10.27  ... -38.78 -4.19 -62.07 -39.72 -16.75
c30         -3.15 -13.13 -16.87 -22.65 -10.46  ... -38.79 -3.94 -62.17   0.00   0.00
c31         -3.06 -13.08 -17.60 -22.97 -10.41  ... -38.81  0.00   0.00   0.00   0.00
c32         -3.18 -12.94 -18.13 -22.33 -10.88  ... -38.83 -4.15   0.00   0.00   0.00
c33         -3.19 -13.40 -16.71 -23.01 -10.12  ...   0.00  0.00   0.00   0.00   0.00

[34 rows x 34 columns]
\begin{tabular}{lrrrrrrrrrrrrrrrrrrrrrrrrrrrrrrrrrr}
\toprule
{} &    0  &     1  &     2  &     3  &     4  &     5  &     6  &     7  &     8  &    9  &     10 &     11 &    12 &    13 &    14 &    15 &    16 &    17 &     18 &     19 &     20 &     21 &    22 &    23 &    24 &     25 &    26 &    27 &    28 &     29 &    30 &     31 &     32 &     33 \\
\midrule
new\_cluster & -3.25 & -13.55 & -18.45 & -22.37 &  -9.84 & -18.20 & -23.33 & -13.90 & -20.70 & -7.75 & -22.29 & -18.26 & -3.40 & -7.86 & -8.34 & -3.57 & -3.22 & -4.66 & -22.45 & -47.48 & -14.55 & -29.67 & -6.89 & -9.30 & -2.65 & -35.33 & -2.46 & -3.82 & -4.14 & -38.81 & -4.07 & -62.17 & -40.04 & -16.73 \\
c1          & -3.18 & -12.98 & -17.74 & -22.14 & -10.09 & -18.39 & -23.09 & -13.84 & -20.69 & -8.58 & -22.30 & -18.49 & -3.23 & -7.85 & -8.25 & -3.02 & -3.39 & -5.03 & -21.81 & -47.40 & -14.15 & -29.96 & -6.63 & -9.15 & -2.72 & -34.72 & -2.48 & -3.88 & -3.85 & -38.82 & -4.03 & -62.17 & -40.04 & -16.52 \\
c2          & -3.14 & -13.01 & -17.95 & -22.34 & -10.15 & -18.39 & -24.91 & -13.73 & -20.58 & -8.51 & -22.35 & -17.37 & -3.56 & -8.31 & -8.36 & -3.50 & -3.28 & -4.77 & -22.18 & -47.28 & -14.15 & -30.14 & -6.86 & -9.31 & -2.66 & -35.01 & -2.54 & -3.93 & -3.94 & -38.82 & -4.05 & -62.17 & -40.04 & -15.79 \\
c3          & -3.14 & -13.22 & -17.85 & -22.37 & -10.26 & -18.62 & -23.66 & -13.74 & -20.61 & -8.68 & -22.38 & -17.78 & -2.80 & -7.56 & -8.20 & -3.30 & -3.34 & -4.90 & -23.22 & -47.41 & -14.34 & -30.72 & -6.88 & -9.26 & -2.67 & -34.90 & -2.57 & -4.11 & -3.88 & -38.78 & -3.84 & -62.17 & -40.04 & -16.55 \\
c4          & -3.05 & -12.75 & -17.59 & -22.88 & -10.83 & -18.02 & -23.84 & -13.72 & -20.69 & -7.93 & -22.29 & -17.91 & -3.02 & -7.85 & -8.26 & -3.58 & -3.31 & -5.11 & -23.59 & -47.41 & -14.13 & -29.75 & -6.68 & -9.07 & -2.67 & -35.50 & -2.54 & -3.86 & -3.87 & -38.82 & -4.37 & -62.17 & -40.04 & -16.77 \\
c5          & -3.20 & -13.18 & -17.67 & -21.84 & -10.01 & -18.17 & -23.64 & -13.90 & -20.70 & -7.78 & -22.30 & -17.69 & -3.32 & -7.77 & -7.97 & -3.14 & -3.04 & -5.15 & -23.12 & -47.30 & -14.49 & -30.48 & -6.70 & -9.30 & -2.73 & -35.26 & -2.32 & -3.86 & -3.74 & -38.81 & -4.07 & -62.17 & -40.04 & -16.74 \\
c6          & -3.05 & -13.02 & -16.99 & -22.09 & -10.59 & -18.65 & -23.48 & -13.73 & -20.70 & -8.52 & -22.31 & -17.90 & -3.16 & -7.57 & -8.26 & -3.42 & -3.15 & -4.97 & -22.85 & -47.31 & -14.19 & -30.54 & -7.05 & -9.30 & -2.53 & -35.61 & -2.60 & -3.73 & -3.95 & -38.83 & -3.80 & -62.17 & -40.04 & -16.16 \\
c7          & -3.14 & -12.89 & -18.21 & -22.08 & -10.02 & -18.35 & -24.41 & -13.90 & -20.71 & -8.30 & -22.29 & -18.17 & -3.48 & -7.65 & -8.25 & -3.26 & -3.03 & -5.10 & -22.81 & -47.30 & -14.17 & -30.25 & -6.82 & -9.08 & -2.56 & -35.50 & -2.42 & -3.80 & -3.75 & -38.83 & -4.07 & -62.17 & -40.04 & -16.94 \\
c8          & -3.25 & -13.25 & -17.86 & -21.96 & -10.91 & -17.96 & -23.25 & -13.90 & -20.60 & -8.62 & -22.30 & -17.82 & -2.67 & -7.81 & -8.08 & -3.44 & -3.11 & -5.05 & -23.68 & -47.32 & -14.56 & -29.63 & -6.92 & -9.34 & -2.55 & -35.13 & -2.43 & -3.85 & -4.04 & -38.92 & -4.38 & -62.17 & -40.04 & -15.77 \\
c9          & -3.14 & -12.87 & -18.58 & -22.20 & -10.29 & -17.83 & -23.17 & -13.83 & -20.70 & -8.53 & -22.29 & -18.27 & -3.54 & -7.59 & -8.30 & -3.61 & -3.20 & -4.88 & -22.47 & -47.42 & -14.01 & -29.92 & -7.42 & -9.15 & -2.76 & -34.96 & -2.56 & -3.68 & -3.78 & -38.91 & -4.32 & -62.17 & -40.04 & -16.92 \\
c10         & -3.21 & -13.02 & -17.75 & -21.75 & -10.73 & -17.92 & -23.05 & -13.90 & -20.60 & -8.07 & -22.35 & -17.99 & -3.63 & -8.30 & -8.25 & -3.51 & -3.07 & -4.77 & -21.92 & -47.41 & -14.22 & -29.45 & -6.82 & -9.29 & -2.60 & -35.54 & -2.49 & -3.62 & -3.87 & -38.83 & -4.19 & -62.17 & -40.04 & -16.14 \\
c11         & -3.06 & -13.13 & -17.91 & -22.47 &  -9.84 & -18.32 & -23.63 & -13.83 & -20.70 & -8.68 & -22.30 & -17.51 & -3.24 & -7.98 & -8.35 & -3.45 & -3.20 & -4.59 & -23.02 & -47.42 & -14.74 & -30.22 & -7.34 & -9.30 & -2.78 & -35.46 & -2.66 & -3.71 & -3.89 & -38.83 & -4.30 & -62.17 & -40.04 & -16.35 \\
c12         & -3.18 & -12.88 & -18.04 & -22.30 & -10.01 & -18.20 & -23.76 & -13.91 & -20.70 & -8.27 & -22.29 & -17.00 & -3.27 & -7.61 & -8.40 & -3.35 & -3.23 & -4.94 & -23.53 & -47.42 & -14.13 & -29.39 & -6.66 & -9.26 & -2.61 & -35.55 & -2.59 & -3.79 & -3.97 & -38.79 & -3.95 & -62.17 & -40.04 &   0.00 \\
c13         & -3.05 & -12.94 & -17.47 & -22.49 & -10.34 & -18.06 & -23.60 & -13.92 & -20.60 & -8.72 & -22.41 & -18.01 & -3.45 & -7.67 & -8.14 & -3.41 & -3.28 & -5.17 & -22.48 & -47.41 & -14.34 & -29.38 & -6.95 & -9.30 & -2.72 & -35.81 & -2.40 & -3.93 & -3.88 & -38.85 & -4.25 & -62.17 & -40.04 & -17.12 \\
c14         & -3.18 & -13.61 & -17.69 & -22.27 & -10.26 & -18.61 & -23.51 & -13.90 & -20.60 & -8.52 & -22.29 & -18.10 & -3.29 & -7.79 & -8.35 & -3.41 & -3.14 & -4.96 & -22.93 & -47.39 & -14.30 & -29.44 & -6.91 & -9.04 & -2.69 & -35.34 & -2.46 & -3.90 & -3.92 & -38.81 & -4.12 & -62.17 & -40.04 & -16.15 \\
c15         & -3.06 & -12.98 & -18.97 & -22.40 & -10.49 & -18.84 & -24.09 & -13.83 & -20.60 & -8.21 & -22.30 & -18.06 & -3.49 & -8.43 & -8.24 & -3.54 & -3.36 & -4.76 & -23.32 & -47.41 & -14.38 & -29.86 & -6.87 & -9.36 & -2.56 & -35.11 & -2.40 & -3.78 & -3.92 & -38.80 & -4.27 & -62.17 & -40.04 & -16.53 \\
c16         & -3.06 & -13.61 & -18.36 & -22.21 & -10.36 & -18.05 & -23.56 & -13.84 & -20.70 & -8.25 & -22.30 & -18.50 & -3.28 & -7.76 & -8.29 & -3.34 & -3.28 & -4.99 & -22.32 & -47.41 & -14.30 & -30.34 & -7.32 & -9.26 & -2.55 & -35.40 & -2.58 & -3.83 & -3.80 & -38.80 & -4.01 & -62.17 & -40.04 & -16.53 \\
c17         & -3.21 & -13.35 & -17.61 & -22.74 & -10.18 & -17.69 & -22.27 & -13.74 & -20.59 & -8.43 & -22.31 & -16.97 & -3.49 & -7.87 & -8.33 & -3.61 & -3.36 & -5.12 & -22.79 & -47.41 & -14.25 & -29.82 & -7.69 & -9.07 & -2.55 & -35.73 & -2.52 & -3.77 & -3.97 & -38.92 & -4.15 & -62.17 & -40.04 & -16.56 \\
c18         & -3.19 & -13.16 & -17.21 & -21.82 & -10.31 & -17.89 & -24.34 & -13.83 & -20.70 & -8.52 & -22.31 & -17.95 & -3.69 & -7.60 & -8.24 & -3.55 & -3.22 & -5.16 & -23.39 & -47.39 & -14.47 & -29.92 & -6.86 & -9.29 & -2.57 & -35.42 & -2.51 & -3.65 & -3.96 & -38.83 & -3.98 & -62.17 & -40.04 & -16.73 \\
c19         & -3.18 & -12.86 & -17.91 & -22.27 & -10.50 & -17.96 & -22.78 & -13.90 & -20.61 & -8.43 & -22.32 & -19.12 & -2.97 & -8.08 & -8.34 & -3.40 & -3.29 & -5.07 & -22.28 & -47.40 & -14.35 & -29.25 & -6.73 & -9.10 & -2.70 & -34.85 & -2.37 & -3.92 & -3.86 & -38.83 & -4.08 & -62.17 & -40.04 & -15.61 \\
c20         & -3.03 & -13.24 & -18.24 & -21.64 &  -9.48 & -17.68 & -22.60 & -13.90 & -20.60 & -9.04 & -22.29 & -17.51 & -3.63 & -7.44 & -8.00 & -3.54 & -3.05 & -4.97 & -23.56 & -47.31 & -14.50 & -29.64 & -6.75 & -9.32 & -2.63 & -35.11 & -2.39 & -3.77 & -3.73 & -38.81 & -4.22 & -62.17 & -40.04 & -16.56 \\
c21         & -3.05 & -13.65 & -17.95 & -21.68 & -10.30 & -18.30 & -22.73 & -13.91 & -20.70 & -8.47 & -22.30 & -17.81 & -3.42 & -7.36 & -8.18 & -3.62 & -3.16 & -5.21 & -23.53 & -47.42 & -14.40 & -30.31 & -6.48 & -9.11 & -2.63 & -34.89 & -2.53 & -3.73 & -3.94 & -38.79 & -4.13 & -62.17 & -40.04 & -16.36 \\
c22         & -3.05 & -13.29 & -17.79 & -21.73 & -10.15 & -18.11 & -23.85 & -13.76 & -20.58 & -8.34 & -22.32 & -17.99 & -3.36 & -7.69 & -8.24 & -3.38 & -3.46 & -5.00 & -21.97 & -47.32 & -14.35 & -29.69 & -7.00 & -9.03 & -2.54 & -35.04 & -2.46 & -3.99 & -3.79 & -38.78 & -4.01 & -62.17 & -40.04 & -15.98 \\
c23         & -3.14 & -13.46 & -18.22 & -22.77 & -10.98 & -18.60 & -24.21 & -13.90 & -20.60 & -8.24 & -22.32 & -18.51 & -3.18 & -8.10 & -8.13 & -3.37 & -3.19 & -4.85 & -22.42 & -47.39 & -14.43 & -29.76 & -6.93 & -9.06 & -2.76 & -35.96 & -2.38 & -3.77 & -3.83 & -38.81 & -3.92 & -62.17 & -40.04 & -16.73 \\
c24         & -3.05 & -12.43 & -17.07 & -22.39 & -10.57 & -18.14 & -23.70 & -13.76 & -20.71 & -8.32 & -22.29 & -17.20 & -3.08 & -8.23 & -8.60 & -3.20 & -3.40 & -4.97 & -23.36 & -47.41 & -14.10 & -29.57 & -7.18 & -9.33 & -2.76 & -35.73 & -2.42 & -3.58 & -4.28 & -38.83 & -4.26 & -62.17 & -40.04 & -15.96 \\
c25         & -3.18 & -12.80 & -18.05 & -21.89 & -10.32 & -18.68 & -23.45 & -13.90 & -20.58 & -8.95 & -22.39 & -18.02 & -3.54 & -8.26 & -8.39 & -3.16 & -3.39 & -5.16 & -22.14 & -47.31 & -14.30 & -30.71 & -6.52 & -9.33 & -2.52 & -35.48 & -2.46 & -3.85 & -3.96 & -38.83 & -3.93 & -62.17 & -40.04 & -16.38 \\
c26         & -3.03 & -12.66 & -17.45 & -21.92 & -10.39 & -18.79 & -22.80 & -13.73 & -20.70 & -7.91 & -22.29 & -18.20 & -3.24 & -7.77 & -8.30 & -3.30 & -3.21 & -5.04 & -22.22 & -47.41 & -14.42 & -30.23 & -6.64 & -9.35 & -2.72 & -34.99 & -2.36 & -4.07 & -3.86 & -38.82 & -4.32 & -62.17 & -40.04 & -15.98 \\
c27         & -3.20 & -12.76 & -18.76 & -22.38 &  -9.89 & -17.57 & -23.38 & -13.76 & -20.60 & -8.11 & -22.29 & -18.01 & -2.83 & -7.52 & -8.08 & -3.41 & -3.22 & -4.71 & -24.20 & -47.42 & -14.27 & -29.52 & -7.04 & -9.30 & -2.55 & -35.72 & -2.51 & -3.66 & -3.84 & -38.83 & -4.03 & -62.17 & -40.04 & -16.93 \\
c28         & -3.05 & -13.15 & -18.21 & -22.95 & -10.53 & -18.79 & -24.16 & -13.90 & -20.60 & -8.42 & -22.30 & -18.60 & -3.54 & -8.09 & -8.08 & -3.43 & -3.49 & -5.14 & -22.83 & -47.41 & -14.11 & -30.09 & -7.03 & -9.29 & -2.76 & -34.86 & -2.39 & -4.03 & -3.96 & -38.79 & -4.00 & -62.17 & -40.04 & -16.53 \\
c29         & -3.05 & -13.08 & -17.13 & -22.25 & -10.27 & -18.29 & -23.93 & -13.76 & -20.70 & -8.12 & -22.30 & -17.86 & -2.97 & -7.92 & -8.27 & -3.41 & -2.97 & -5.33 & -21.89 & -47.41 & -14.34 & -30.01 & -6.87 & -9.30 & -2.53 & -35.04 & -2.55 & -3.89 & -3.70 & -38.78 & -4.19 & -62.07 & -39.72 & -16.75 \\
c30         & -3.15 & -13.13 & -16.87 & -22.65 & -10.46 & -18.27 & -23.57 & -13.90 & -20.62 & -8.12 & -22.31 & -17.90 & -3.34 & -7.92 & -7.91 & -3.55 & -3.29 & -5.07 & -22.60 & -47.41 & -14.65 & -30.11 & -7.12 & -9.08 & -2.72 & -35.92 & -2.38 & -4.07 & -3.98 & -38.79 & -3.94 & -62.17 &   0.00 &   0.00 \\
c31         & -3.06 & -13.08 & -17.60 & -22.97 & -10.41 & -17.60 & -23.98 & -13.83 & -20.60 & -9.09 & -22.33 & -17.80 & -2.90 & -7.93 & -8.43 & -3.46 & -3.28 & -4.94 & -21.95 & -47.31 & -14.72 & -29.99 & -6.59 & -9.32 & -2.61 & -35.93 & -2.40 & -3.59 & -4.15 & -38.81 &  0.00 &   0.00 &   0.00 &   0.00 \\
c32         & -3.18 & -12.94 & -18.13 & -22.33 & -10.88 & -18.25 & -22.94 & -13.76 & -20.70 & -8.71 & -22.31 & -17.84 & -2.98 & -7.41 & -8.03 & -3.24 & -3.36 & -5.14 & -22.51 & -47.30 & -14.28 & -29.07 & -7.10 & -9.26 & -2.60 & -34.90 & -2.44 & -3.75 & -3.84 & -38.83 & -4.15 &   0.00 &   0.00 &   0.00 \\
c33         & -3.19 & -13.40 & -16.71 & -23.01 & -10.12 & -18.86 & -23.23 & -13.76 & -20.70 & -8.87 & -22.31 & -18.21 & -2.91 & -7.00 & -8.25 & -3.54 & -3.17 & -4.94 & -23.31 & -47.38 & -14.28 & -29.83 & -6.57 & -9.29 & -2.76 & -35.02 & -2.58 & -3.85 & -3.95 &   0.00 &  0.00 &   0.00 &   0.00 &   0.00 \\
\bottomrule
\end{tabular}

                               0             1   ...             32             33
new_cluster  [-0.64, new_cluster]  [-11.14, c1]  ...  [-40.04, c32]  [-16.73, c33]
c1           [-0.64, new_cluster]  [-10.57, c1]  ...  [-40.04, c32]  [-16.52, c33]
c2           [-0.64, new_cluster]  [-10.61, c1]  ...  [-40.04, c32]  [-15.79, c33]
c3           [-0.64, new_cluster]  [-10.82, c1]  ...  [-40.04, c32]  [-16.55, c33]
c4           [-0.64, new_cluster]  [-10.35, c1]  ...  [-40.04, c32]  [-16.77, c33]
c5           [-0.64, new_cluster]  [-10.77, c1]  ...  [-40.04, c32]  [-16.74, c33]
c6           [-0.64, new_cluster]  [-10.61, c1]  ...  [-40.04, c32]  [-16.16, c33]
c7           [-0.64, new_cluster]  [-10.46, c1]  ...  [-40.04, c32]  [-16.94, c33]
c8           [-0.64, new_cluster]  [-10.85, c1]  ...  [-40.04, c32]  [-15.77, c33]
c9           [-0.64, new_cluster]  [-10.32, c1]  ...  [-40.04, c32]  [-16.92, c33]
c10          [-0.64, new_cluster]  [-10.59, c1]  ...  [-40.04, c32]  [-16.14, c33]
c11          [-0.64, new_cluster]  [-10.67, c1]  ...  [-40.04, c32]  [-16.35, c33]
c12          [-0.64, new_cluster]  [-10.48, c1]  ...  [-40.04, c32]          [0, ]
c13          [-0.64, new_cluster]  [-10.54, c1]  ...  [-40.04, c32]  [-17.12, c33]
c14          [-0.64, new_cluster]   [-11.2, c1]  ...  [-40.04, c32]  [-16.15, c33]
c15          [-0.64, new_cluster]  [-10.51, c1]  ...  [-40.04, c32]  [-16.53, c33]
c16          [-0.64, new_cluster]   [-11.2, c1]  ...  [-40.04, c32]  [-16.53, c33]
c17          [-0.64, new_cluster]  [-10.94, c1]  ...  [-40.04, c32]  [-16.56, c33]
c18          [-0.64, new_cluster]  [-10.76, c1]  ...  [-40.04, c32]  [-16.73, c33]
c19          [-0.64, new_cluster]  [-10.46, c1]  ...  [-40.04, c32]  [-15.61, c33]
c20          [-0.64, new_cluster]  [-10.81, c1]  ...  [-40.04, c32]  [-16.56, c33]
c21          [-0.64, new_cluster]  [-11.17, c1]  ...  [-40.04, c32]  [-16.36, c33]
c22          [-0.64, new_cluster]  [-10.88, c1]  ...  [-40.04, c32]  [-15.98, c33]
c23          [-0.64, new_cluster]  [-11.04, c1]  ...  [-40.04, c32]  [-16.73, c33]
c24          [-0.64, new_cluster]   [-9.87, c1]  ...  [-40.04, c32]  [-15.96, c33]
c25          [-0.64, new_cluster]   [-10.4, c1]  ...  [-40.04, c32]  [-16.38, c33]
c26          [-0.64, new_cluster]  [-10.26, c1]  ...  [-40.04, c32]  [-15.98, c33]
c27          [-0.64, new_cluster]  [-10.25, c1]  ...  [-40.04, c32]  [-16.93, c33]
c28          [-0.64, new_cluster]  [-10.75, c1]  ...  [-40.04, c32]  [-16.53, c33]
c29          [-0.64, new_cluster]  [-10.68, c1]  ...  [-40.04, c32]  [-16.75, c33]
c30          [-0.64, new_cluster]  [-10.71, c1]  ...          [0, ]          [0, ]
c31          [-0.64, new_cluster]  [-10.66, c1]  ...          [0, ]          [0, ]
c32          [-0.64, new_cluster]  [-10.54, c1]  ...          [0, ]          [0, ]
c33          [-0.64, new_cluster]  [-10.99, c1]  ...          [0, ]          [0, ]

[34 rows x 34 columns]
\begin{tabular}{lllllllllllllllllllllllllllllllllll}
\toprule
{} &                    0  &            1  &            2  &            3  &           4  &            5  &            6  &            7  &            8  &           9  &             10 &             11 &            12 &            13 &            14 &            15 &            16 &            17 &             18 &             19 &             20 &             21 &            22 &            23 &            24 &             25 &            26 &            27 &            28 &             29 &            30 &             31 &             32 &             33 \\
\midrule
new\_cluster &  [-0.64, new\_cluster] &  [-11.14, c1] &  [-16.01, c2] &  [-19.87, c3] &  [-7.36, c4] &  [-15.73, c5] &   [-20.8, c6] &  [-11.37, c7] &  [-18.22, c8] &  [-5.25, c9] &  [-19.88, c10] &  [-15.67, c11] &   [-3.4, c12] &   [-5.5, c13] &  [-5.88, c14] &   [-1.1, c15] &  [-0.71, c16] &  [-2.22, c17] &  [-20.01, c18] &  [-44.98, c19] &   [-12.2, c20] &  [-27.21, c21] &  [-4.41, c22] &  [-6.75, c23] &  [-0.26, c24] &  [-32.91, c25] &  [-0.12, c26] &  [-1.39, c27] &  [-1.64, c28] &  [-36.35, c29] &  [-4.07, c30] &  [-62.17, c31] &  [-40.04, c32] &  [-16.73, c33] \\
c1          &  [-0.64, new\_cluster] &  [-10.57, c1] &   [-15.3, c2] &  [-19.63, c3] &  [-7.61, c4] &  [-15.92, c5] &   [-20.6, c6] &  [-11.37, c7] &  [-18.22, c8] &  [-6.16, c9] &  [-19.88, c10] &  [-15.91, c11] &  [-3.23, c12] &   [-5.3, c13] &  [-5.79, c14] &  [-0.55, c15] &  [-0.86, c16] &  [-2.59, c17] &  [-19.38, c18] &  [-44.98, c19] &  [-11.65, c20] &  [-27.36, c21] &  [-4.04, c22] &  [-6.77, c23] &  [-0.16, c24] &  [-32.29, c25] &  [-0.05, c26] &  [-1.42, c27] &  [-1.35, c28] &  [-36.35, c29] &  [-4.03, c30] &  [-62.17, c31] &  [-40.04, c32] &  [-16.52, c33] \\
c2          &  [-0.64, new\_cluster] &  [-10.61, c1] &  [-15.51, c2] &  [-19.81, c3] &  [-7.68, c4] &  [-15.92, c5] &  [-22.33, c6] &  [-11.37, c7] &  [-18.22, c8] &  [-6.03, c9] &  [-19.88, c10] &  [-14.79, c11] &  [-3.56, c12] &  [-5.78, c13] &  [-5.91, c14] &  [-1.17, c15] &  [-0.81, c16] &  [-2.33, c17] &  [-19.73, c18] &  [-44.98, c19] &   [-11.8, c20] &  [-27.68, c21] &  [-4.45, c22] &  [-6.77, c23] &  [-0.16, c24] &  [-32.59, c25] &  [-0.04, c26] &  [-1.49, c27] &  [-1.46, c28] &  [-36.35, c29] &  [-4.05, c30] &  [-62.17, c31] &  [-40.04, c32] &  [-15.79, c33] \\
c3          &  [-0.64, new\_cluster] &  [-10.82, c1] &   [-15.4, c2] &  [-19.86, c3] &  [-7.71, c4] &  [-16.13, c5] &  [-21.13, c6] &  [-11.37, c7] &  [-18.22, c8] &  [-6.21, c9] &  [-19.88, c10] &  [-15.27, c11] &   [-2.8, c12] &  [-5.09, c13] &  [-5.74, c14] &  [-0.97, c15] &  [-0.78, c16] &  [-2.35, c17] &  [-20.73, c18] &  [-44.98, c19] &  [-11.99, c20] &  [-28.26, c21] &  [-4.38, c22] &  [-6.72, c23] &  [-0.19, c24] &  [-32.48, c25] &  [-0.12, c26] &  [-1.53, c27] &  [-1.38, c28] &  [-36.35, c29] &  [-3.84, c30] &  [-62.17, c31] &  [-40.04, c32] &  [-16.55, c33] \\
c4          &  [-0.64, new\_cluster] &  [-10.35, c1] &  [-15.13, c2] &  [-20.25, c3] &  [-8.28, c4] &  [-15.71, c5] &  [-21.32, c6] &  [-11.37, c7] &  [-18.22, c8] &  [-5.51, c9] &  [-19.88, c10] &  [-15.33, c11] &  [-3.02, c12] &  [-5.37, c13] &  [-5.77, c14] &  [-1.22, c15] &  [-0.84, c16] &  [-2.67, c17] &  [-21.14, c18] &  [-44.98, c19] &  [-11.67, c20] &  [-27.29, c21] &  [-4.15, c22] &  [-6.74, c23] &   [-0.1, c24] &  [-32.99, c25] &  [-0.11, c26] &  [-1.41, c27] &  [-1.39, c28] &  [-36.35, c29] &  [-4.37, c30] &  [-62.17, c31] &  [-40.04, c32] &  [-16.77, c33] \\
c5          &  [-0.64, new\_cluster] &  [-10.77, c1] &  [-15.15, c2] &  [-19.33, c3] &  [-7.53, c4] &  [-15.81, c5] &   [-21.1, c6] &  [-11.37, c7] &  [-18.22, c8] &   [-5.3, c9] &  [-19.88, c10] &   [-15.1, c11] &  [-3.32, c12] &  [-5.41, c13] &  [-5.51, c14] &  [-0.79, c15] &  [-0.53, c16] &  [-2.69, c17] &  [-20.67, c18] &  [-44.98, c19] &  [-12.11, c20] &  [-28.02, c21] &  [-4.19, c22] &  [-6.76, c23] &  [-0.17, c24] &  [-32.85, c25] &  [-0.05, c26] &  [-1.42, c27] &  [-1.36, c28] &  [-36.35, c29] &  [-4.07, c30] &  [-62.17, c31] &  [-40.04, c32] &  [-16.74, c33] \\
c6          &  [-0.64, new\_cluster] &  [-10.61, c1] &  [-14.53, c2] &  [-19.52, c3] &  [-8.04, c4] &  [-16.18, c5] &  [-20.89, c6] &  [-11.37, c7] &  [-18.22, c8] &  [-6.05, c9] &  [-19.88, c10] &  [-15.32, c11] &  [-3.16, c12] &  [-5.22, c13] &  [-5.79, c14] &   [-0.9, c15] &  [-0.67, c16] &  [-2.53, c17] &  [-20.35, c18] &  [-44.98, c19] &  [-11.86, c20] &  [-28.08, c21] &   [-4.5, c22] &  [-6.75, c23] &  [-0.19, c24] &  [-33.02, c25] &  [-0.06, c26] &   [-1.3, c27] &  [-1.45, c28] &  [-36.35, c29] &   [-3.8, c30] &  [-62.17, c31] &  [-40.04, c32] &  [-16.16, c33] \\
c7          &  [-0.64, new\_cluster] &  [-10.46, c1] &  [-15.77, c2] &  [-19.59, c3] &  [-7.47, c4] &  [-15.88, c5] &  [-21.96, c6] &  [-11.37, c7] &  [-18.22, c8] &  [-5.82, c9] &  [-19.88, c10] &  [-15.59, c11] &  [-3.48, c12] &  [-5.29, c13] &  [-5.78, c14] &  [-0.88, c15] &  [-0.53, c16] &  [-2.57, c17] &  [-20.37, c18] &  [-44.98, c19] &   [-11.7, c20] &  [-27.79, c21] &  [-4.34, c22] &  [-6.75, c23] &  [-0.18, c24] &  [-33.09, c25] &   [-0.1, c26] &  [-1.36, c27] &  [-1.27, c28] &  [-36.35, c29] &  [-4.07, c30] &  [-62.17, c31] &  [-40.04, c32] &  [-16.94, c33] \\
c8          &  [-0.64, new\_cluster] &  [-10.85, c1] &   [-15.4, c2] &  [-19.46, c3] &  [-8.44, c4] &  [-15.66, c5] &  [-20.78, c6] &  [-11.37, c7] &  [-18.22, c8] &  [-6.14, c9] &  [-19.88, c10] &  [-15.25, c11] &  [-2.67, c12] &  [-5.48, c13] &  [-5.62, c14] &  [-0.94, c15] &  [-0.61, c16] &  [-2.61, c17] &  [-21.25, c18] &  [-44.98, c19] &  [-12.09, c20] &  [-27.17, c21] &  [-4.32, c22] &  [-6.79, c23] &  [-0.18, c24] &  [-32.73, c25] &  [-0.08, c26] &  [-1.41, c27] &  [-1.46, c28] &  [-36.35, c29] &  [-4.38, c30] &  [-62.17, c31] &  [-40.04, c32] &  [-15.77, c33] \\
c9          &  [-0.64, new\_cluster] &  [-10.32, c1] &  [-16.14, c2] &  [-19.71, c3] &  [-7.83, c4] &  [-15.35, c5] &  [-20.68, c6] &  [-11.37, c7] &  [-18.22, c8] &  [-6.02, c9] &  [-19.88, c10] &  [-15.69, c11] &  [-3.54, c12] &  [-5.04, c13] &  [-5.77, c14] &   [-1.1, c15] &  [-0.72, c16] &  [-2.44, c17] &  [-20.04, c18] &  [-44.98, c19] &  [-11.67, c20] &  [-27.46, c21] &  [-4.88, c22] &  [-6.76, c23] &  [-0.26, c24] &  [-32.46, c25] &  [-0.06, c26] &  [-1.17, c27] &  [-1.28, c28] &  [-36.35, c29] &  [-4.32, c30] &  [-62.17, c31] &  [-40.04, c32] &  [-16.92, c33] \\
c10         &  [-0.64, new\_cluster] &  [-10.59, c1] &   [-15.3, c2] &  [-19.26, c3] &  [-8.26, c4] &  [-15.46, c5] &  [-20.51, c6] &  [-11.37, c7] &  [-18.22, c8] &  [-5.59, c9] &  [-19.88, c10] &  [-15.41, c11] &  [-3.63, c12] &  [-5.82, c13] &  [-5.75, c14] &  [-1.02, c15] &  [-0.61, c16] &  [-2.33, c17] &  [-19.49, c18] &  [-44.98, c19] &  [-11.84, c20] &  [-26.99, c21] &  [-4.43, c22] &  [-6.75, c23] &  [-0.22, c24] &  [-33.06, c25] &  [-0.08, c26] &  [-1.17, c27] &  [-1.39, c28] &  [-36.35, c29] &  [-4.19, c30] &  [-62.17, c31] &  [-40.04, c32] &  [-16.14, c33] \\
c11         &  [-0.64, new\_cluster] &  [-10.67, c1] &  [-15.45, c2] &   [-19.9, c3] &  [-7.38, c4] &  [-15.85, c5] &  [-21.17, c6] &  [-11.37, c7] &  [-18.22, c8] &  [-6.18, c9] &  [-19.88, c10] &  [-14.92, c11] &  [-3.24, c12] &  [-5.51, c13] &  [-5.89, c14] &  [-0.96, c15] &   [-0.7, c16] &  [-2.15, c17] &  [-20.58, c18] &  [-44.98, c19] &  [-12.28, c20] &  [-27.76, c21] &  [-4.85, c22] &  [-6.76, c23] &  [-0.22, c24] &  [-32.97, c25] &  [-0.08, c26] &  [-1.28, c27] &  [-1.41, c28] &  [-36.35, c29] &   [-4.3, c30] &  [-62.17, c31] &  [-40.04, c32] &  [-16.35, c33] \\
c12         &  [-0.64, new\_cluster] &  [-10.48, c1] &  [-15.57, c2] &  [-19.79, c3] &  [-7.44, c4] &  [-15.73, c5] &  [-21.24, c6] &  [-11.37, c7] &  [-18.22, c8] &  [-5.79, c9] &  [-19.88, c10] &  [-14.42, c11] &  [-3.27, c12] &  [-5.14, c13] &  [-5.93, c14] &  [-0.85, c15] &  [-0.72, c16] &   [-2.5, c17] &  [-21.04, c18] &  [-44.98, c19] &  [-11.81, c20] &  [-26.93, c21] &  [-4.17, c22] &  [-6.71, c23] &  [-0.11, c24] &  [-33.14, c25] &  [-0.08, c26] &  [-1.34, c27] &  [-1.49, c28] &  [-36.35, c29] &  [-3.95, c30] &  [-62.17, c31] &  [-40.04, c32] &          [0, ] \\
c13         &  [-0.64, new\_cluster] &  [-10.54, c1] &  [-15.01, c2] &  [-19.99, c3] &  [-7.87, c4] &  [-15.57, c5] &  [-21.08, c6] &  [-11.37, c7] &  [-18.22, c8] &  [-6.24, c9] &  [-19.88, c10] &  [-15.43, c11] &  [-3.45, c12] &  [-5.21, c13] &  [-5.73, c14] &  [-1.06, c15] &  [-0.77, c16] &  [-2.73, c17] &  [-20.05, c18] &  [-44.98, c19] &  [-11.86, c20] &  [-26.92, c21] &  [-4.42, c22] &  [-6.75, c23] &  [-0.24, c24] &  [-33.27, c25] &  [-0.07, c26] &  [-1.35, c27] &  [-1.41, c28] &  [-36.35, c29] &  [-4.25, c30] &  [-62.17, c31] &  [-40.04, c32] &  [-17.12, c33] \\
c14         &  [-0.64, new\_cluster] &   [-11.2, c1] &  [-15.23, c2] &  [-19.76, c3] &   [-7.8, c4] &  [-16.31, c5] &  [-20.99, c6] &  [-11.37, c7] &  [-18.22, c8] &  [-6.04, c9] &  [-19.88, c10] &  [-15.52, c11] &  [-3.29, c12] &  [-5.32, c13] &   [-5.8, c14] &  [-1.05, c15] &  [-0.64, c16] &  [-2.52, c17] &  [-20.43, c18] &  [-44.98, c19] &  [-11.73, c20] &  [-26.98, c21] &  [-4.37, c22] &  [-6.72, c23] &   [-0.2, c24] &  [-32.74, c25] &   [-0.1, c26] &  [-1.36, c27] &  [-1.44, c28] &  [-36.35, c29] &  [-4.12, c30] &  [-62.17, c31] &  [-40.04, c32] &  [-16.15, c33] \\
c15         &  [-0.64, new\_cluster] &  [-10.51, c1] &  [-16.53, c2] &  [-19.84, c3] &  [-8.02, c4] &  [-16.37, c5] &  [-21.51, c6] &  [-11.37, c7] &  [-18.22, c8] &  [-5.71, c9] &  [-19.88, c10] &  [-15.48, c11] &  [-3.49, c12] &  [-5.97, c13] &  [-5.72, c14] &  [-1.04, c15] &  [-0.86, c16] &  [-2.32, c17] &  [-20.82, c18] &  [-44.98, c19] &  [-11.92, c20] &  [-27.38, c21] &  [-4.38, c22] &  [-6.81, c23] &  [-0.17, c24] &  [-32.69, c25] &  [-0.08, c26] &  [-1.27, c27] &  [-1.38, c28] &  [-36.35, c29] &  [-4.27, c30] &  [-62.17, c31] &  [-40.04, c32] &  [-16.53, c33] \\
c16         &  [-0.64, new\_cluster] &   [-11.2, c1] &   [-15.9, c2] &  [-19.71, c3] &  [-7.88, c4] &  [-15.77, c5] &  [-21.02, c6] &  [-11.37, c7] &  [-18.22, c8] &  [-5.75, c9] &  [-19.88, c10] &  [-15.92, c11] &  [-3.28, c12] &  [-5.41, c13] &  [-5.83, c14] &  [-0.87, c15] &   [-0.8, c16] &  [-2.55, c17] &  [-19.82, c18] &  [-44.98, c19] &  [-11.84, c20] &  [-27.77, c21] &  [-4.81, c22] &  [-6.71, c23] &  [-0.19, c24] &  [-32.91, c25] &  [-0.12, c26] &  [-1.39, c27] &  [-1.43, c28] &  [-36.35, c29] &  [-4.01, c30] &  [-62.17, c31] &  [-40.04, c32] &  [-16.53, c33] \\
c17         &  [-0.64, new\_cluster] &  [-10.94, c1] &  [-15.15, c2] &  [-20.24, c3] &  [-7.63, c4] &  [-15.21, c5] &  [-19.75, c6] &  [-11.37, c7] &  [-18.22, c8] &  [-5.84, c9] &  [-19.88, c10] &  [-14.39, c11] &  [-3.49, c12] &  [-5.39, c13] &  [-5.88, c14] &  [-1.14, c15] &  [-0.82, c16] &  [-2.68, c17] &  [-20.35, c18] &  [-44.98, c19] &   [-11.9, c20] &  [-27.36, c21] &  [-5.18, c22] &  [-6.71, c23] &  [-0.16, c24] &  [-33.24, c25] &  [-0.06, c26] &  [-1.32, c27] &  [-1.64, c28] &  [-36.35, c29] &  [-4.15, c30] &  [-62.17, c31] &  [-40.04, c32] &  [-16.56, c33] \\
c18         &  [-0.64, new\_cluster] &  [-10.76, c1] &  [-14.76, c2] &  [-19.32, c3] &  [-7.84, c4] &  [-15.42, c5] &  [-21.81, c6] &  [-11.37, c7] &  [-18.22, c8] &  [-6.02, c9] &  [-19.88, c10] &  [-15.37, c11] &  [-3.69, c12] &  [-5.25, c13] &  [-5.78, c14] &  [-1.19, c15] &  [-0.74, c16] &  [-2.72, c17] &  [-20.89, c18] &  [-44.98, c19] &  [-12.09, c20] &  [-27.46, c21] &  [-4.32, c22] &  [-6.74, c23] &   [-0.2, c24] &   [-33.0, c25] &  [-0.08, c26] &  [-1.22, c27] &  [-1.38, c28] &  [-36.35, c29] &  [-3.98, c30] &  [-62.17, c31] &  [-40.04, c32] &  [-16.73, c33] \\
c19         &  [-0.64, new\_cluster] &  [-10.46, c1] &  [-15.45, c2] &  [-19.77, c3] &  [-7.95, c4] &   [-15.5, c5] &  [-20.26, c6] &  [-11.37, c7] &  [-18.22, c8] &  [-5.93, c9] &  [-19.88, c10] &  [-16.54, c11] &  [-2.97, c12] &  [-5.72, c13] &  [-5.79, c14] &  [-0.89, c15] &   [-0.8, c16] &  [-2.63, c17] &  [-19.85, c18] &  [-44.98, c19] &  [-11.89, c20] &  [-26.79, c21] &  [-4.32, c22] &  [-6.75, c23] &  [-0.14, c24] &  [-32.44, c25] &  [-0.08, c26] &   [-1.4, c27] &  [-1.51, c28] &  [-36.35, c29] &  [-4.08, c30] &  [-62.17, c31] &  [-40.04, c32] &  [-15.61, c33] \\
c20         &  [-0.64, new\_cluster] &  [-10.81, c1] &  [-15.77, c2] &  [-19.15, c3] &  [-7.02, c4] &  [-15.37, c5] &  [-20.12, c6] &  [-11.37, c7] &  [-18.22, c8] &  [-6.56, c9] &  [-19.88, c10] &  [-14.95, c11] &  [-3.63, c12] &  [-5.07, c13] &  [-5.54, c14] &  [-1.05, c15] &  [-0.53, c16] &  [-2.51, c17] &  [-21.13, c18] &  [-44.98, c19] &  [-12.04, c20] &  [-27.18, c21] &  [-4.35, c22] &  [-6.72, c23] &  [-0.13, c24] &  [-32.61, c25] &  [-0.08, c26] &   [-1.3, c27] &  [-1.37, c28] &  [-36.35, c29] &  [-4.22, c30] &  [-62.17, c31] &  [-40.04, c32] &  [-16.56, c33] \\
c21         &  [-0.64, new\_cluster] &  [-11.17, c1] &  [-15.51, c2] &  [-19.12, c3] &  [-7.83, c4] &  [-15.83, c5] &  [-20.16, c6] &  [-11.37, c7] &  [-18.22, c8] &  [-5.98, c9] &  [-19.88, c10] &  [-15.23, c11] &  [-3.42, c12] &   [-4.9, c13] &  [-5.72, c14] &  [-1.11, c15] &  [-0.63, c16] &  [-2.77, c17] &  [-21.03, c18] &  [-44.98, c19] &  [-11.94, c20] &  [-27.85, c21] &  [-3.92, c22] &  [-6.75, c23] &  [-0.15, c24] &   [-32.4, c25] &  [-0.09, c26] &  [-1.29, c27] &  [-1.36, c28] &  [-36.35, c29] &  [-4.13, c30] &  [-62.17, c31] &  [-40.04, c32] &  [-16.36, c33] \\
c22         &  [-0.64, new\_cluster] &  [-10.88, c1] &  [-15.35, c2] &  [-19.18, c3] &   [-7.6, c4] &  [-15.63, c5] &  [-21.33, c6] &  [-11.37, c7] &  [-18.22, c8] &  [-5.85, c9] &  [-19.88, c10] &  [-15.41, c11] &  [-3.36, c12] &  [-5.35, c13] &  [-5.77, c14] &  [-0.88, c15] &  [-0.93, c16] &  [-2.56, c17] &  [-19.48, c18] &  [-44.98, c19] &  [-11.86, c20] &  [-27.23, c21] &  [-4.51, c22] &  [-6.71, c23] &  [-0.17, c24] &  [-32.63, c25] &  [-0.11, c26] &  [-1.53, c27] &  [-1.44, c28] &  [-36.35, c29] &  [-4.01, c30] &  [-62.17, c31] &  [-40.04, c32] &  [-15.98, c33] \\
c23         &  [-0.64, new\_cluster] &  [-11.04, c1] &   [-15.7, c2] &  [-20.27, c3] &  [-8.43, c4] &  [-16.06, c5] &  [-21.69, c6] &  [-11.37, c7] &  [-18.22, c8] &  [-5.81, c9] &  [-19.88, c10] &  [-15.93, c11] &  [-3.18, c12] &  [-5.62, c13] &  [-5.64, c14] &  [-0.79, c15] &  [-0.71, c16] &  [-2.41, c17] &  [-19.98, c18] &  [-44.98, c19] &  [-11.96, c20] &  [-27.27, c21] &  [-4.51, c22] &  [-6.73, c23] &   [-0.2, c24] &  [-33.47, c25] &  [-0.11, c26] &  [-1.33, c27] &  [-1.35, c28] &  [-36.35, c29] &  [-3.92, c30] &  [-62.17, c31] &  [-40.04, c32] &  [-16.73, c33] \\
c24         &  [-0.64, new\_cluster] &   [-9.87, c1] &  [-14.62, c2] &  [-19.83, c3] &  [-8.11, c4] &  [-15.67, c5] &  [-21.17, c6] &  [-11.37, c7] &  [-18.22, c8] &  [-5.84, c9] &  [-19.88, c10] &  [-14.62, c11] &  [-3.08, c12] &  [-5.76, c13] &  [-6.08, c14] &  [-0.74, c15] &  [-0.89, c16] &   [-2.5, c17] &  [-20.92, c18] &  [-44.98, c19] &  [-11.77, c20] &  [-27.11, c21] &  [-4.71, c22] &  [-6.79, c23] &  [-0.27, c24] &  [-33.24, c25] &  [-0.08, c26] &  [-1.15, c27] &   [-1.7, c28] &  [-36.35, c29] &  [-4.26, c30] &  [-62.17, c31] &  [-40.04, c32] &  [-15.96, c33] \\
c25         &  [-0.64, new\_cluster] &   [-10.4, c1] &  [-15.61, c2] &  [-19.39, c3] &  [-7.85, c4] &  [-16.21, c5] &  [-20.93, c6] &  [-11.37, c7] &  [-18.22, c8] &  [-6.47, c9] &  [-19.88, c10] &  [-15.44, c11] &  [-3.54, c12] &  [-5.78, c13] &   [-5.8, c14] &  [-0.83, c15] &  [-0.88, c16] &  [-2.72, c17] &   [-19.7, c18] &  [-44.98, c19] &   [-11.8, c20] &  [-28.24, c21] &  [-4.02, c22] &  [-6.78, c23] &  [-0.14, c24] &  [-32.94, c25] &  [-0.12, c26] &  [-1.41, c27] &  [-1.47, c28] &  [-36.35, c29] &  [-3.93, c30] &  [-62.17, c31] &  [-40.04, c32] &  [-16.38, c33] \\
c26         &  [-0.64, new\_cluster] &  [-10.26, c1] &  [-14.99, c2] &  [-19.33, c3] &  [-7.93, c4] &  [-16.32, c5] &  [-20.28, c6] &  [-11.37, c7] &  [-18.22, c8] &  [-5.44, c9] &  [-19.88, c10] &  [-15.62, c11] &  [-3.24, c12] &  [-5.41, c13] &  [-5.83, c14] &  [-0.83, c15] &  [-0.68, c16] &   [-2.6, c17] &  [-19.79, c18] &  [-44.98, c19] &  [-12.01, c20] &  [-27.67, c21] &  [-4.24, c22] &  [-6.81, c23] &  [-0.16, c24] &  [-32.57, c25] &  [-0.05, c26] &  [-1.63, c27] &  [-1.36, c28] &  [-36.35, c29] &  [-4.32, c30] &  [-62.17, c31] &  [-40.04, c32] &  [-15.98, c33] \\
c27         &  [-0.64, new\_cluster] &  [-10.25, c1] &  [-16.23, c2] &  [-19.88, c3] &  [-7.34, c4] &  [-15.27, c5] &  [-20.86, c6] &  [-11.37, c7] &  [-18.22, c8] &  [-5.61, c9] &  [-19.88, c10] &  [-15.43, c11] &  [-2.83, c12] &  [-5.17, c13] &  [-5.62, c14] &  [-1.05, c15] &  [-0.77, c16] &  [-2.27, c17] &  [-21.65, c18] &  [-44.98, c19] &   [-11.8, c20] &  [-27.06, c21] &  [-4.53, c22] &  [-6.76, c23] &  [-0.17, c24] &  [-33.22, c25] &  [-0.08, c26] &  [-1.18, c27] &  [-1.34, c28] &  [-36.35, c29] &  [-4.03, c30] &  [-62.17, c31] &  [-40.04, c32] &  [-16.93, c33] \\
c28         &  [-0.64, new\_cluster] &  [-10.75, c1] &  [-15.76, c2] &  [-20.35, c3] &  [-7.98, c4] &  [-16.32, c5] &  [-21.58, c6] &  [-11.37, c7] &  [-18.22, c8] &  [-5.93, c9] &  [-19.88, c10] &  [-16.03, c11] &  [-3.54, c12] &  [-5.62, c13] &  [-5.63, c14] &  [-1.08, c15] &  [-1.01, c16] &   [-2.7, c17] &  [-20.37, c18] &  [-44.98, c19] &  [-11.64, c20] &  [-27.64, c21] &  [-4.43, c22] &  [-6.74, c23] &  [-0.26, c24] &  [-32.46, c25] &  [-0.09, c26] &  [-1.51, c27] &  [-1.47, c28] &  [-36.35, c29] &   [-4.0, c30] &  [-62.17, c31] &  [-40.04, c32] &  [-16.53, c33] \\
c29         &  [-0.64, new\_cluster] &  [-10.68, c1] &  [-14.68, c2] &  [-19.75, c3] &  [-7.79, c4] &  [-15.83, c5] &   [-21.4, c6] &  [-11.37, c7] &  [-18.22, c8] &  [-5.64, c9] &  [-19.88, c10] &  [-15.28, c11] &  [-2.97, c12] &  [-5.45, c13] &  [-5.81, c14] &  [-0.95, c15] &  [-0.47, c16] &  [-2.87, c17] &  [-19.45, c18] &  [-44.98, c19] &  [-11.99, c20] &  [-27.55, c21] &  [-4.33, c22] &  [-6.76, c23] &  [-0.15, c24] &  [-32.56, c25] &  [-0.09, c26] &  [-1.45, c27] &  [-1.21, c28] &  [-36.35, c29] &   [-4.2, c30] &  [-62.17, c31] &  [-40.04, c32] &  [-16.75, c33] \\
c30         &  [-0.64, new\_cluster] &  [-10.71, c1] &  [-14.43, c2] &  [-20.16, c3] &  [-7.99, c4] &  [-15.91, c5] &  [-21.04, c6] &  [-11.37, c7] &  [-18.22, c8] &  [-5.69, c9] &  [-19.88, c10] &  [-15.32, c11] &  [-3.34, c12] &  [-5.43, c13] &   [-5.5, c14] &  [-1.06, c15] &  [-0.78, c16] &  [-2.62, c17] &  [-20.16, c18] &  [-44.98, c19] &  [-12.19, c20] &  [-27.62, c21] &  [-4.63, c22] &  [-6.72, c23] &  [-0.18, c24] &   [-33.5, c25] &  [-0.06, c26] &  [-1.62, c27] &  [-1.48, c28] &  [-36.35, c29] &  [-3.94, c30] &  [-62.17, c31] &          [0, ] &          [0, ] \\
c31         &  [-0.64, new\_cluster] &  [-10.66, c1] &  [-15.16, c2] &  [-20.47, c3] &  [-7.95, c4] &  [-15.14, c5] &  [-21.46, c6] &  [-11.37, c7] &  [-18.22, c8] &  [-6.65, c9] &  [-19.88, c10] &  [-15.23, c11] &   [-2.9, c12] &  [-5.46, c13] &  [-5.88, c14] &  [-0.99, c15] &  [-0.74, c16] &   [-2.5, c17] &  [-19.49, c18] &  [-44.98, c19] &  [-12.25, c20] &  [-27.51, c21] &  [-4.07, c22] &  [-6.78, c23] &  [-0.22, c24] &   [-33.4, c25] &  [-0.07, c26] &  [-1.07, c27] &  [-1.57, c28] &  [-36.35, c29] &         [0, ] &          [0, ] &          [0, ] &          [0, ] \\
c32         &  [-0.64, new\_cluster] &  [-10.54, c1] &  [-15.69, c2] &  [-19.77, c3] &  [-8.33, c4] &  [-15.95, c5] &  [-20.45, c6] &  [-11.37, c7] &  [-18.22, c8] &  [-6.24, c9] &  [-19.88, c10] &  [-15.27, c11] &  [-2.98, c12] &  [-4.93, c13] &  [-5.57, c14] &  [-0.88, c15] &  [-0.87, c16] &   [-2.7, c17] &  [-20.08, c18] &  [-44.98, c19] &  [-11.81, c20] &  [-26.61, c21] &   [-4.6, c22] &  [-6.72, c23] &  [-0.23, c24] &  [-32.34, c25] &  [-0.09, c26] &  [-1.31, c27] &  [-1.34, c28] &  [-36.35, c29] &  [-4.15, c30] &          [0, ] &          [0, ] &          [0, ] \\
c33         &  [-0.64, new\_cluster] &  [-10.99, c1] &  [-14.23, c2] &   [-20.4, c3] &  [-7.64, c4] &  [-16.55, c5] &  [-20.65, c6] &  [-11.37, c7] &  [-18.22, c8] &  [-6.43, c9] &  [-19.88, c10] &  [-15.64, c11] &  [-2.91, c12] &  [-4.67, c13] &  [-5.78, c14] &  [-1.03, c15] &  [-0.64, c16] &  [-2.49, c17] &  [-20.88, c18] &  [-44.98, c19] &  [-11.94, c20] &  [-27.37, c21] &  [-4.08, c22] &  [-6.74, c23] &  [-0.21, c24] &  [-32.62, c25] &  [-0.07, c26] &  [-1.41, c27] &  [-1.47, c28] &          [0, ] &         [0, ] &          [0, ] &          [0, ] &          [0, ] \\
\bottomrule
\end{tabular}

