Seed: 3
Experiment_path: Random_Seeds_DV5//V5_3/Experiment_05_3_opt_temp_noisy
Dataset_Path: ../_00_Datasets/03_SimDaten_Quiroga2020/C_Easy1_noise015.mat
Dataset_name: ['03_SimDaten_Quiroga2020', 'C_Easy1_noise015.mat']
Variant_name: Variant_05_Online_Autoencoder_QLearning_opt_temp_noisy
Visualisation_Path: Random_Seeds_DV5//V5_3/Experiment_05_3_opt_temp_noisy/C_Easy1_noise015.mat/Variant_05_Online_Autoencoder_QLearning_opt_temp_noisy/2023_04_05-09_23_00
Normalisation: False
Template Matching: True
Optimising Autoencoder: True
Update Factor: 100
Noisy Batches: True
Noisy Factor: 0.1
Epochs: 8
Batch Size: 1
maximal Spikes for Autoencoder Training : 700
maximal Spikes for Training: 1000
Input Size: 47
Chosen Model: Autoencoder
Autoencoder(
  (encoder): Sequential(
    (0): Linear(in_features=47, out_features=12, bias=True)
    (1): LeakyReLU(negative_slope=0.01)
    (2): Linear(in_features=12, out_features=2, bias=True)
  )
  (decoder): Sequential(
    (0): Linear(in_features=2, out_features=12, bias=True)
    (1): LeakyReLU(negative_slope=0.01)
    (2): Linear(in_features=12, out_features=47, bias=True)
  )
)
MSELoss()
Adam (
Parameter Group 0
    amsgrad: False
    betas: (0.9, 0.999)
    capturable: False
    differentiable: False
    eps: 1e-08
    foreach: None
    fused: False
    lr: 0.001
    maximize: False
    weight_decay: 0
)
---Q Learning Parameters---
Normalisation: False
Punishment Coefficient: 0.7
Alpha: 0.8
Epsilon: 0.01
Gamma: 0.97
Initial Episode Number: 0
Episode Number Coefficient: 1.4
Number of Random Features: 20
Planning Number: 20
Max Random Features: 60
New Episode Number: 72
New Episode Number: 143
New Episode Number: 215
New Episode Number: 286
                 0      1      2     3      4
new_cluster -10.36 -14.63 -11.02 -8.76 -15.43
c1          -10.41 -14.69 -10.66 -8.51 -17.36
c2          -10.43 -15.35 -11.01 -8.67 -18.48
c3          -10.44 -15.08 -11.25 -8.72 -15.55
c4          -10.46 -15.24 -11.18 -8.72 -19.60
                                0            1  ...            3             4
new_cluster  [-1.96, new_cluster]  [-6.37, c1]  ...  [-0.29, c3]   [-7.13, c4]
c1           [-1.96, new_cluster]  [-6.43, c1]  ...  [-0.23, c3]   [-8.92, c4]
c2           [-1.96, new_cluster]  [-7.09, c1]  ...   [-0.2, c3]  [-10.06, c4]
c3           [-1.96, new_cluster]  [-6.83, c1]  ...  [-0.25, c3]   [-7.11, c4]
c4           [-1.96, new_cluster]  [-6.98, c1]  ...  [-0.25, c3]  [-11.15, c4]

[5 rows x 5 columns]
