Seed: 4
Experiment_path: AE_Model_1/Random_Seeds_DV5//V5_3/Experiment_05_4_opt_temp_noisy
Dataset_Path: ../_00_Datasets/03_SimDaten_Quiroga2020/C_Easy1_noise040.mat
Dataset_name: ['03_SimDaten_Quiroga2020', 'C_Easy1_noise040.mat']
Variant_name: Variant_05_Online_Autoencoder_QLearning_opt_temp_noisy
Visualisation_Path: AE_Model_1/Random_Seeds_DV5//V5_3/Experiment_05_4_opt_temp_noisy/C_Easy1_noise040.mat/Variant_05_Online_Autoencoder_QLearning_opt_temp_noisy/2023_04_24-17_07_58
Normalisation: False
Template Matching: True
Optimising Autoencoder: True
Update Factor: 1
Noisy Batches: True
Noisy Factor: 0.1
Epochs: 8
Batch Size: 1
maximal Spikes for Autoencoder Training : 700
maximal Spikes for Training: 1000
Input Size: 47
Chosen Model: Autoencoder
Autoencoder(
  (encoder): Sequential(
    (0): Linear(in_features=47, out_features=12, bias=True)
    (1): LeakyReLU(negative_slope=0.01)
    (2): Linear(in_features=12, out_features=2, bias=True)
  )
  (decoder): Sequential(
    (0): Linear(in_features=2, out_features=12, bias=True)
    (1): LeakyReLU(negative_slope=0.01)
    (2): Linear(in_features=12, out_features=47, bias=True)
  )
)
MSELoss()
Adam (
Parameter Group 0
    amsgrad: False
    betas: (0.9, 0.999)
    capturable: False
    differentiable: False
    eps: 1e-08
    foreach: None
    fused: False
    lr: 0.001
    maximize: False
    weight_decay: 0
)
---Q Learning Parameters---
Normalisation: False
Punishment Coefficient: 1.4
Alpha: 0.8
Epsilon: 0.01
Gamma: 0.97
Initial Episode Number: 0
Episode Number Coefficient: 1.4
Number of Random Features: 20
Planning Number: 20
Max Random Features: 60
New Episode Number: 72
New Episode Number: 143
New Episode Number: 215
New Episode Number: 286
New Episode Number: 358
                 0      1      2      3      4      5
new_cluster -43.13 -37.40 -47.41 -49.70 -36.03 -43.63
c1          -43.13 -36.82 -47.73 -45.63 -36.09 -42.81
c2          -43.15 -36.66 -48.36 -46.34 -35.78 -43.52
c3          -43.16 -37.87 -46.02 -44.20 -36.51 -43.55
c4          -43.16 -37.11 -47.26 -47.69 -35.68 -42.61
c5          -43.04 -37.16 -47.95 -45.15 -36.00 -41.06
\begin{tabular}{lrrrrrr}
\toprule
{} &      0 &      1 &      2 &      3 &      4 &      5 \\
\midrule
new\_cluster & -43.13 & -37.40 & -47.41 & -49.70 & -36.03 & -43.63 \\
c1          & -43.13 & -36.82 & -47.73 & -45.63 & -36.09 & -42.81 \\
c2          & -43.15 & -36.66 & -48.36 & -46.34 & -35.78 & -43.52 \\
c3          & -43.16 & -37.87 & -46.02 & -44.20 & -36.51 & -43.55 \\
c4          & -43.16 & -37.11 & -47.26 & -47.69 & -35.68 & -42.61 \\
c5          & -43.04 & -37.16 & -47.95 & -45.15 & -36.00 & -41.06 \\
\bottomrule
\end{tabular}

                                0            1  ...            4            5
new_cluster  [-7.84, new_cluster]  [-2.42, c1]  ...  [-1.41, c4]  [-8.71, c5]
c1           [-7.84, new_cluster]  [-1.83, c1]  ...  [-1.27, c4]  [-7.89, c5]
c2           [-7.84, new_cluster]  [-2.41, c1]  ...   [-1.1, c4]  [-8.65, c5]
c3           [-7.84, new_cluster]  [-2.87, c1]  ...  [-1.56, c4]  [-8.63, c5]
c4           [-7.84, new_cluster]  [-2.25, c1]  ...  [-0.83, c4]   [-7.7, c5]
c5           [-7.84, new_cluster]  [-2.16, c1]  ...  [-0.87, c4]  [-7.18, c5]

[6 rows x 6 columns]
\begin{tabular}{lllllll}
\toprule
{} &                     0 &            1 &             2 &             3 &            4 &            5 \\
\midrule
new\_cluster &  [-7.84, new\_cluster] &  [-2.42, c1] &   [-13.3, c2] &  [-14.29, c3] &  [-1.41, c4] &  [-8.71, c5] \\
c1          &  [-7.84, new\_cluster] &  [-1.83, c1] &  [-12.73, c2] &  [-10.24, c3] &  [-1.27, c4] &  [-7.89, c5] \\
c2          &  [-7.84, new\_cluster] &  [-2.41, c1] &  [-13.69, c2] &  [-10.97, c3] &   [-1.1, c4] &  [-8.65, c5] \\
c3          &  [-7.84, new\_cluster] &  [-2.87, c1] &  [-11.35, c2] &   [-9.42, c3] &  [-1.56, c4] &  [-8.63, c5] \\
c4          &  [-7.84, new\_cluster] &  [-2.25, c1] &  [-12.45, c2] &  [-12.52, c3] &  [-0.83, c4] &   [-7.7, c5] \\
c5          &  [-7.84, new\_cluster] &  [-2.16, c1] &  [-13.19, c2] &   [-9.75, c3] &  [-0.87, c4] &  [-7.18, c5] \\
\bottomrule
\end{tabular}

