Seed: 0
Experiment_path: AE_Model_2/Epochs_2_4_6_8_20/02_Experiment_05_Epochs
Dataset_Path: ../_00_Datasets/03_SimDaten_Quiroga2020/C_Difficult2_noise015.mat
Dataset_name: ['03_SimDaten_Quiroga2020', 'C_Difficult2_noise015.mat']
Variant_name: Variant_05_Epochs_2
Visualisation_Path: AE_Model_2/Epochs_2_4_6_8_20/02_Experiment_05_Epochs/C_Difficult2_noise015.mat/V05_Online_AE_QL/2023_05_11-01_10_24
Normalisation: False
Template Matching: False
Optimising Autoencoder: False
Update Factor: 1
Noisy Batches: False
Noisy Factor: 0.001
Epochs: 2
Batch Size: 1
maximal Spikes for Autoencoder Training : 700
maximal Spikes for Training: 1000
Input Size: 47
Chosen Model: Convolutional Autoencoder
ConvolutionalAutoencoder(
  (encoder): Sequential(
    (0): Conv1d(1, 6, kernel_size=(6,), stride=(1,))
    (1): LeakyReLU(negative_slope=0.01)
    (2): Conv1d(6, 1, kernel_size=(6,), stride=(1,))
    (3): Flatten(start_dim=1, end_dim=-1)
    (4): Linear(in_features=37, out_features=2, bias=True)
  )
  (decoder): Sequential(
    (0): ConvTranspose1d(1, 6, kernel_size=(6,), stride=(1,))
    (1): LeakyReLU(negative_slope=0.01)
    (2): ConvTranspose1d(6, 1, kernel_size=(6,), stride=(1,))
    (3): Flatten(start_dim=1, end_dim=-1)
    (4): Linear(in_features=12, out_features=47, bias=True)
  )
)
MSELoss()
Adam (
Parameter Group 0
    amsgrad: False
    betas: (0.9, 0.999)
    capturable: False
    differentiable: False
    eps: 1e-08
    foreach: None
    fused: False
    lr: 0.001
    maximize: False
    weight_decay: 0
)
---Q Learning Parameters---
Normalisation: False
Punishment Coefficient: 1.0
Alpha: 0.8
Epsilon: 0.01
Gamma: 0.97
Initial Episode Number: 0
Episode Number Coefficient: 1.4
Number of Random Features: 20
Planning Number: 20
Max Random Features: 60
New Episode Number: 72
New Episode Number: 143
New Episode Number: 215
New Episode Number: 286
New Episode Number: 358
New Episode Number: 429
                 0     1      2      3      4     5      6
new_cluster -10.10 -6.51 -38.40  -9.70 -28.56 -8.03 -69.25
c1          -10.15 -6.66 -43.12 -10.56 -28.56 -7.97 -69.95
c2          -10.14 -6.55 -39.84  -9.83 -28.56 -7.83 -70.44
c3          -10.08 -6.27 -37.86 -10.05 -28.55 -8.02 -69.68
c4          -10.16 -6.51 -41.12 -10.36 -28.53 -8.03 -71.56
c5          -10.15 -6.40 -38.32 -10.69 -28.56 -7.85 -67.59
c6          -10.16 -6.38 -38.60 -10.44 -28.56 -8.03 -68.81
\begin{tabular}{lrrrrrrr}
\toprule
{} &      0 &     1 &      2 &      3 &      4 &     5 &      6 \\
\midrule
new\_cluster & -10.10 & -6.51 & -38.40 &  -9.70 & -28.56 & -8.03 & -69.25 \\
c1          & -10.15 & -6.66 & -43.12 & -10.56 & -28.56 & -7.97 & -69.95 \\
c2          & -10.14 & -6.55 & -39.84 &  -9.83 & -28.56 & -7.83 & -70.44 \\
c3          & -10.08 & -6.27 & -37.86 & -10.05 & -28.55 & -8.02 & -69.68 \\
c4          & -10.16 & -6.51 & -41.12 & -10.36 & -28.53 & -8.03 & -71.56 \\
c5          & -10.15 & -6.40 & -38.32 & -10.69 & -28.56 & -7.85 & -67.59 \\
c6          & -10.16 & -6.38 & -38.60 & -10.44 & -28.56 & -8.03 & -68.81 \\
\bottomrule
\end{tabular}

                               0            1  ...            5             6
new_cluster  [-4.0, new_cluster]   [-0.1, c1]  ...  [-1.82, c5]  [-63.06, c6]
c1           [-4.0, new_cluster]  [-0.42, c1]  ...  [-1.82, c5]  [-63.86, c6]
c2           [-4.0, new_cluster]  [-0.28, c1]  ...  [-1.62, c5]  [-64.26, c6]
c3           [-4.0, new_cluster]  [-0.06, c1]  ...  [-1.81, c5]  [-63.59, c6]
c4           [-4.0, new_cluster]  [-0.26, c1]  ...  [-1.82, c5]  [-65.48, c6]
c5           [-4.0, new_cluster]   [-0.2, c1]  ...  [-1.75, c5]  [-61.51, c6]
c6           [-4.0, new_cluster]  [-0.12, c1]  ...  [-1.82, c5]  [-62.68, c6]

[7 rows x 7 columns]
\begin{tabular}{llllllll}
\toprule
{} &                    0 &            1 &             2 &            3 &             4 &            5 &             6 \\
\midrule
new\_cluster &  [-4.0, new\_cluster] &   [-0.1, c1] &  [-32.06, c2] &  [-3.62, c3] &  [-22.24, c4] &  [-1.82, c5] &  [-63.06, c6] \\
c1          &  [-4.0, new\_cluster] &  [-0.42, c1] &  [-36.77, c2] &  [-4.47, c3] &  [-22.24, c4] &  [-1.82, c5] &  [-63.86, c6] \\
c2          &  [-4.0, new\_cluster] &  [-0.28, c1] &  [-33.55, c2] &  [-3.75, c3] &  [-22.24, c4] &  [-1.62, c5] &  [-64.26, c6] \\
c3          &  [-4.0, new\_cluster] &  [-0.06, c1] &  [-31.66, c2] &  [-3.97, c3] &  [-22.24, c4] &  [-1.81, c5] &  [-63.59, c6] \\
c4          &  [-4.0, new\_cluster] &  [-0.26, c1] &  [-34.81, c2] &  [-4.34, c3] &  [-22.24, c4] &  [-1.82, c5] &  [-65.48, c6] \\
c5          &  [-4.0, new\_cluster] &   [-0.2, c1] &  [-32.12, c2] &  [-4.62, c3] &  [-22.24, c4] &  [-1.75, c5] &  [-61.51, c6] \\
c6          &  [-4.0, new\_cluster] &  [-0.12, c1] &  [-32.38, c2] &  [-4.36, c3] &  [-22.24, c4] &  [-1.82, c5] &  [-62.68, c6] \\
\bottomrule
\end{tabular}

