Experiment_path: AE_Model_2/Normalization/Experiment_04_norm
Dataset_Path: ../_00_Datasets/03_SimDaten_Quiroga2020/C_Difficult1_noise005.mat
Dataset_name: ['03_SimDaten_Quiroga2020', 'C_Difficult1_noise005.mat']
Variant_name: V04_Off_AE_QL_norm
Visualisation_Path: AE_Model_2/Normalization/Experiment_04_norm/C_Difficult1_noise005.mat/V04_Off_AE_QL_norm/2023_06_04-19_33_23
Punishment_Coefficient: 0.3
<_01_LoadDataset.ExternCode.spike_class.spike_dataclass object at 0x0000018FB6B09A90>
Sampling rate: 24000.0
Raw: [-0.02396372 -0.02524464 -0.02236968 ... -0.00445509 -0.00436778
 -0.00470578]
Times: [    634     868    2584 ... 1437994 1438740 1439460]
Cluster: [3 2 3 ... 1 2 3]
Number of different clusters:  3
Number of Spikes: 3383
First aligned Spike Frame: [ 0.00503762 -0.00373478 -0.02417005 -0.05492281 -0.07823403 -0.07649548
 -0.06285267 -0.06865366 -0.09676273 -0.11004904 -0.09516198 -0.02689536
  0.18218225  0.56508663  0.95357316  1.00263054  0.57634096 -0.04324787
 -0.47305592 -0.6155027  -0.61852552 -0.60964372 -0.60484482 -0.57289026
 -0.52334621 -0.49235523 -0.47468281 -0.4416077  -0.40763637 -0.38725194
 -0.36627613 -0.33462257 -0.30781191 -0.30310449 -0.30176569 -0.28764362
 -0.27487686 -0.27588822 -0.27512317 -0.25186462 -0.21649826 -0.18877803
 -0.16831802 -0.15216626 -0.15550926 -0.17919117 -0.19056035]
Cluster 0, Occurrences: 1115
Cluster 1, Occurrences: 1113
Cluster 2, Occurrences: 1155
Train Index: 3045
x_train: 3045
y_train: 3045
x_test: 338
y_test: 338
<torch.utils.data.dataloader.DataLoader object at 0x0000018FB7032A20>
<torch.utils.data.dataloader.DataLoader object at 0x0000018FB7032978>
Epoch [1/8]: mean_loss=0.00022497632210441117
Epoch [2/8]: mean_loss=0.0001156767852044678
Epoch [3/8]: mean_loss=0.00011335856335509831
Epoch [4/8]: mean_loss=0.00011279338264259799
Epoch [5/8]: mean_loss=0.00011222817042723225
Epoch [6/8]: mean_loss=0.00011181016590244371
Epoch [7/8]: mean_loss=0.00011156645606536486
Epoch [8/8]: mean_loss=0.00011126171799043228
Number of Clusters: 3
Number of Samples after Autoencoder testing: 336
First Spike after testing: [-1.315324  -0.8275284]
[2, 2, 1, 1, 2, 0, 2, 2, 2, 0, 1, 1, 1, 2, 1, 2, 0, 0, 0, 1, 0, 1, 1, 0, 0, 0, 0, 0, 0, 0, 1, 2, 2, 0, 0, 0, 1, 2, 1, 0, 0, 0, 2, 1, 1, 2, 1, 1, 0, 0, 1, 1, 2, 2, 2, 1, 2, 0, 2, 0, 2, 0, 0, 2, 1, 0, 2, 0, 0, 1, 2, 2, 0, 0, 2, 1, 1, 0, 2, 0, 0, 2, 2, 1, 0, 1, 0, 0, 0, 1, 2, 2, 2, 0, 0, 2, 2, 1, 2, 1, 0, 1, 0, 2, 0, 1, 2, 1, 1, 2, 0, 2, 2, 0, 0, 0, 0, 2, 0, 1, 2, 0, 2, 0, 2, 2, 2, 0, 0, 1, 0, 0, 0, 0, 0, 2, 1, 0, 1, 2, 0, 0, 0, 1, 2, 0, 0, 2, 1, 1, 2, 0, 2, 1, 0, 0, 0, 2, 1, 0, 1, 2, 2, 0, 2, 0, 0, 1, 0, 1, 1, 2, 2, 2, 1, 0, 0, 2, 2, 0, 1, 0, 2, 2, 2, 0, 2, 0, 2, 2, 1, 2, 1, 1, 2, 1, 2, 2, 1, 2, 2, 2, 2, 2, 1, 1, 0, 1, 0, 0, 2, 1, 0, 1, 0, 2, 0, 1, 1, 1, 0, 0, 1, 1, 0, 0, 1, 0, 2, 0, 2, 2, 0, 0, 2, 2, 2, 2, 2, 1, 0, 2, 2, 1, 1, 2, 2, 1, 0, 0, 1, 0, 1, 1, 0, 1, 1, 0, 1, 1, 0, 0, 1, 1, 2, 2, 1, 0, 1, 2, 1, 2, 0, 2, 2, 2, 1, 0, 2, 2, 0, 0, 0, 1, 0, 0, 0, 1, 0, 2, 2, 1, 2, 1, 0, 2, 2, 0, 1, 2, 0, 1, 0, 2, 2, 2, 1, 0, 2, 2, 0, 2, 2, 0, 1, 0, 1, 2, 2, 1, 2, 2, 1, 2, 0, 2, 2, 1, 2, 0, 1, 0, 2, 0, 1, 2]
[0, 0, 1, 2, 1, 3, 1, 1, 1, 3, 2, 2, 2, 1, 2, 1, 3, 3, 3, 2, 3, 2, 2, 3, 3, 3, 3, 3, 3, 3, 2, 1, 2, 3, 3, 3, 2, 1, 2, 3, 3, 3, 1, 2, 2, 1, 2, 2, 3, 3, 2, 2, 1, 1, 1, 2, 2, 3, 1, 3, 1, 3, 3, 1, 2, 3, 1, 3, 3, 1, 1, 3, 3, 3, 3, 3, 2, 3, 3, 3, 3, 3, 3, 2, 3, 2, 3, 3, 3, 2, 3, 3, 3, 3, 3, 3, 3, 2, 1, 2, 3, 2, 3, 3, 3, 2, 3, 3, 2, 3, 3, 3, 3, 3, 3, 3, 3, 3, 3, 2, 3, 3, 3, 3, 3, 3, 3, 3, 3, 2, 3, 3, 3, 3, 3, 3, 3, 3, 2, 3, 3, 3, 3, 2, 3, 3, 3, 3, 2, 2, 3, 3, 3, 3, 3, 3, 3, 3, 2, 2, 4, 3, 3, 3, 3, 3, 3, 2, 3, 2, 2, 3, 3, 3, 2, 3, 3, 3, 3, 4, 2, 3, 3, 3, 3, 3, 3, 3, 3, 3, 5, 3, 5, 5, 3, 5, 3, 3, 5, 3, 3, 3, 3, 3, 5, 5, 5, 5, 3, 3, 3, 5, 3, 5, 5, 1, 4, 5, 5, 5, 5, 5, 5, 5, 5, 5, 5, 5, 5, 5, 3, 5, 5, 5, 5, 2, 3, 5, 3, 5, 5, 3, 5, 5, 5, 3, 5, 5, 5, 5, 5, 5, 2, 5, 5, 5, 5, 5, 5, 5, 5, 5, 5, 5, 3, 5, 5, 5, 5, 3, 2, 2, 5, 3, 3, 5, 5, 5, 5, 3, 5, 5, 5, 5, 5, 5, 5, 5, 5, 5, 5, 5, 5, 5, 5, 5, 5, 5, 2, 3, 5, 5, 5, 5, 5, 5, 5, 5, 5, 5, 5, 3, 5, 5, 5, 5, 5, 5, 5, 5, 3, 5, 5, 5, 5, 3, 5, 5, 5, 5, 5, 3, 3, 5, 5, 3]
Centroids: [[-0.5225404, -0.7761883], [-1.0294653, -0.30407932], [-1.1576118, -0.96129817]]
Centroids: [[-1.2144799, -0.936744], [-1.2505649, -0.9424912], [-1.1049963, -0.29692245], [-0.80616593, -0.8700405], [-0.17112677, -1.8318214], [-0.8568925, -0.5874498]]
Standard Derivations: [0.2105981, 0.22580965, 0.14451407]
Cluster Distances: [0.25631136, 0.3063872, 0.25631136, 0.29927176, 0.3063872, 0.29927176]
Minimal Cluster Distance: 0.2563113570213318
Contingency Matrix: 
[[ 0  0  1 80  2 39]
 [ 0  2 43  4  1 44]
 [ 2 20  4 68  0 26]]
[[0, 0, 1, 80, 2, 39], [0, 2, 43, 4, 1, 44], [2, 20, 4, 68, 0, 26]]
[[0, 0, 1, 80, 2, 39], [0, 2, 43, 4, 1, 44], [2, 20, 4, 68, 0, 26]]
[0, 1, 2, 3, 4, 5]
[[-1, -1, -1, -1, -1, -1], [0, 2, 43, -1, 1, 44], [2, 20, 4, -1, 0, 26]]
[[-1, -1, -1, -1, -1, -1], [-1, -1, -1, -1, -1, -1], [2, 20, 4, -1, 0, -1]]
[[-1, -1, -1, -1, -1, -1], [-1, -1, -1, -1, -1, -1], [-1, -1, -1, -1, -1, -1]]
Match_Labels: {0: 3, 1: 5, 2: 1}
New Contingency Matrix: 
[[80 39  0  0  1  2]
 [ 4 44  2  0 43  1]
 [68 26 20  2  4  0]]
New Clustered Label Sequence: [3, 5, 1, 0, 2, 4]
Diagonal_Elements: [80, 44, 20], Sum: 144
All_Elements: [80, 39, 0, 0, 1, 2, 4, 44, 2, 0, 43, 1, 68, 26, 20, 2, 4, 0], Sum: 336
Accuracy: 0.42857142857142855
Centroids: [[-1.4408330917358398, -2.0176680088043213], [-1.1787848933176561, -0.9349811591885306], [-0.8240919224917889, -0.23681076864401499], [-0.4836091016860385, -0.6467693479437577], [-0.08601256459951401, -1.036678949991862], [-0.40773414417144355, -0.2587774540089421]]
