Seed: 0
Experiment_path: AE_Model_2/Normalization/Experiment_04_norm
Dataset_Path: ../_00_Datasets/03_SimDaten_Quiroga2020/C_Difficult1_noise005.mat
Dataset_name: ['03_SimDaten_Quiroga2020', 'C_Difficult1_noise005.mat']
Variant_name: V04_Off_AE_QL_norm
Visualisation_Path: AE_Model_2/Normalization/Experiment_04_norm/C_Difficult1_noise005.mat/V04_Off_AE_QL_norm/2023_06_04-19_33_23
Split Ratio: 0.9
Epochs: 8
Batch Size: 1
Input Size: 47
Number of Features: 2
Chosen Model: Convolutional Autoencoder
ConvolutionalAutoencoder(
  (encoder): Sequential(
    (0): Conv1d(1, 6, kernel_size=(6,), stride=(1,))
    (1): LeakyReLU(negative_slope=0.01)
    (2): Conv1d(6, 1, kernel_size=(6,), stride=(1,))
    (3): Flatten(start_dim=1, end_dim=-1)
    (4): Linear(in_features=37, out_features=2, bias=True)
  )
  (decoder): Sequential(
    (0): ConvTranspose1d(1, 6, kernel_size=(6,), stride=(1,))
    (1): LeakyReLU(negative_slope=0.01)
    (2): ConvTranspose1d(6, 1, kernel_size=(6,), stride=(1,))
    (3): Flatten(start_dim=1, end_dim=-1)
    (4): Linear(in_features=12, out_features=47, bias=True)
  )
)
MSELoss()
Adam (
Parameter Group 0
    amsgrad: False
    betas: (0.9, 0.999)
    capturable: False
    differentiable: False
    eps: 1e-08
    foreach: None
    fused: False
    lr: 0.001
    maximize: False
    weight_decay: 0
)
---Q Learning Parameters---
Normalisation: True
Punishment Coefficient: 0.3
Alpha: 0.8
Epsilon: 0.01
Gamma: 0.97
Initial Episode Number: 0
Episode Number Coefficient: 1.4
Number of Random Features: 20
Planning Number: 20
Max Random Features: 60
New Episode Number: 72
New Episode Number: 143
New Episode Number: 215
New Episode Number: 286
New Episode Number: 358
New Episode Number: 429
                0     1     2     3     4     5     6
new_cluster -1.45 -4.75 -1.84 -1.26 -1.15 -1.62 -1.12
c1          -1.45 -4.80 -1.81 -1.23 -1.13 -1.66 -1.13
c2          -1.45 -4.39 -1.78 -1.19 -1.12 -1.65 -1.18
c3          -1.45 -4.51 -1.92 -1.18 -1.14 -1.64 -1.16
c4          -1.44 -4.90 -1.84 -1.25 -1.16 -1.64 -1.14
c5          -1.45 -4.67 -1.91 -1.21 -1.14 -1.69 -1.13
c6          -1.45 -4.40 -1.86 -1.28 -1.16 -1.74 -1.17
\begin{tabular}{lrrrrrrr}
\toprule
{} &     0 &     1 &     2 &     3 &     4 &     5 &     6 \\
\midrule
new\_cluster & -1.45 & -4.75 & -1.84 & -1.26 & -1.15 & -1.62 & -1.12 \\
c1          & -1.45 & -4.80 & -1.81 & -1.23 & -1.13 & -1.66 & -1.13 \\
c2          & -1.45 & -4.39 & -1.78 & -1.19 & -1.12 & -1.65 & -1.18 \\
c3          & -1.45 & -4.51 & -1.92 & -1.18 & -1.14 & -1.64 & -1.16 \\
c4          & -1.44 & -4.90 & -1.84 & -1.25 & -1.16 & -1.64 & -1.14 \\
c5          & -1.45 & -4.67 & -1.91 & -1.21 & -1.14 & -1.69 & -1.13 \\
c6          & -1.45 & -4.40 & -1.86 & -1.28 & -1.16 & -1.74 & -1.17 \\
\bottomrule
\end{tabular}

                                0            1  ...            5            6
new_cluster  [-0.36, new_cluster]  [-3.66, c1]  ...  [-0.52, c5]  [-0.02, c6]
c1           [-0.36, new_cluster]  [-3.73, c1]  ...  [-0.57, c5]  [-0.04, c6]
c2           [-0.36, new_cluster]   [-3.3, c1]  ...  [-0.55, c5]  [-0.06, c6]
c3           [-0.36, new_cluster]  [-3.42, c1]  ...  [-0.54, c5]  [-0.04, c6]
c4           [-0.36, new_cluster]  [-3.81, c1]  ...  [-0.54, c5]  [-0.04, c6]
c5           [-0.36, new_cluster]  [-3.59, c1]  ...  [-0.59, c5]  [-0.03, c6]
c6           [-0.36, new_cluster]  [-3.32, c1]  ...  [-0.64, c5]  [-0.05, c6]

[7 rows x 7 columns]
\begin{tabular}{llllllll}
\toprule
{} &                     0 &            1 &            2 &            3 &            4 &            5 &            6 \\
\midrule
new\_cluster &  [-0.36, new\_cluster] &  [-3.66, c1] &  [-0.75, c2] &  [-0.16, c3] &  [-0.05, c4] &  [-0.52, c5] &  [-0.02, c6] \\
c1          &  [-0.36, new\_cluster] &  [-3.73, c1] &  [-0.72, c2] &  [-0.14, c3] &  [-0.02, c4] &  [-0.57, c5] &  [-0.04, c6] \\
c2          &  [-0.36, new\_cluster] &   [-3.3, c1] &  [-0.69, c2] &  [-0.09, c3] &  [-0.02, c4] &  [-0.55, c5] &  [-0.06, c6] \\
c3          &  [-0.36, new\_cluster] &  [-3.42, c1] &  [-0.84, c2] &  [-0.09, c3] &  [-0.03, c4] &  [-0.54, c5] &  [-0.04, c6] \\
c4          &  [-0.36, new\_cluster] &  [-3.81, c1] &  [-0.75, c2] &  [-0.15, c3] &  [-0.06, c4] &  [-0.54, c5] &  [-0.04, c6] \\
c5          &  [-0.36, new\_cluster] &  [-3.59, c1] &  [-0.82, c2] &  [-0.13, c3] &  [-0.04, c4] &  [-0.59, c5] &  [-0.03, c6] \\
c6          &  [-0.36, new\_cluster] &  [-3.32, c1] &  [-0.78, c2] &  [-0.18, c3] &  [-0.06, c4] &  [-0.64, c5] &  [-0.05, c6] \\
\bottomrule
\end{tabular}

