Experiment_path: AE_Model_2/Base_Line_W_PC//0.6/Experiment_04
Dataset_Path: ../_00_Datasets/03_SimDaten_Quiroga2020/C_Difficult2_noise005.mat
Dataset_name: ['03_SimDaten_Quiroga2020', 'C_Difficult2_noise005.mat']
Variant_name: Variant_04_Offline_Autoencoder_QLearning
Visualisation_Path: AE_Model_2/Base_Line_W_PC//0.6/Experiment_04/C_Difficult2_noise005.mat/Variant_04_Offline_Autoencoder_QLearning/2023_04_23-20_33_30
Punishment_Coefficient: 0.6
<_01_LoadDataset.ExternCode.spike_class.spike_dataclass object at 0x000001B749943E80>
Sampling rate: 24000.0
Raw: [ 0.02085333  0.02043967  0.02052644 ... -0.02218732 -0.02150573
 -0.01811243]
Times: [   1583    1934    2430 ... 1439313 1439656 1439854]
Cluster: [3 3 3 ... 2 2 1]
Number of different clusters:  3
Number of Spikes: 3364
First aligned Spike Frame: [-0.05170878 -0.0548761  -0.06029554 -0.06053219 -0.04807119 -0.02780025
 -0.01550543 -0.01702494 -0.02945104 -0.04493807 -0.07056858 -0.07003585
  0.07629654  0.43081562  0.80470191  0.96319627  0.89198123  0.73643948
  0.58987232  0.46714337  0.36345495  0.2828462   0.22743292  0.182731
  0.13931053  0.09524506  0.05136602  0.01367166 -0.01393093 -0.03985679
 -0.07387102 -0.11218435 -0.1444455  -0.16672578 -0.17809238 -0.18020802
 -0.17953732 -0.18246903 -0.18617363 -0.18205375 -0.17299738 -0.16958427
 -0.17248955 -0.17516876 -0.1727246  -0.16696514 -0.15993314]
Cluster 0, Occurrences: 1120
Cluster 1, Occurrences: 1109
Cluster 2, Occurrences: 1135
Train Index: 3028
x_train: 3028
y_train: 3028
x_test: 336
y_test: 336
<torch.utils.data.dataloader.DataLoader object at 0x000001B749943320>
<torch.utils.data.dataloader.DataLoader object at 0x000001B74D9948D0>
Epoch [1/8]: mean_loss=0.0001845705331994597
Epoch [2/8]: mean_loss=7.204848163714447e-05
Epoch [3/8]: mean_loss=7.075828242040629e-05
Epoch [4/8]: mean_loss=7.024335159684558e-05
Epoch [5/8]: mean_loss=7.008322153352397e-05
Epoch [6/8]: mean_loss=6.996241086048826e-05
Epoch [7/8]: mean_loss=6.998295497374985e-05
Epoch [8/8]: mean_loss=7.020385070169366e-05
Number of Clusters: 3
Number of Samples after Autoencoder testing: 336
First Spike after testing: [-0.10005067 -1.3816633 ]
[0, 1, 0, 1, 0, 1, 2, 1, 1, 2, 0, 2, 0, 2, 0, 2, 0, 1, 1, 0, 2, 0, 1, 0, 0, 1, 0, 0, 2, 0, 1, 2, 1, 1, 0, 2, 1, 1, 1, 1, 2, 2, 0, 0, 2, 0, 0, 0, 2, 1, 0, 1, 1, 2, 1, 1, 1, 0, 1, 0, 1, 0, 2, 1, 2, 0, 1, 0, 1, 2, 1, 0, 1, 1, 0, 0, 1, 0, 2, 1, 2, 0, 2, 2, 1, 2, 2, 0, 0, 1, 2, 2, 2, 1, 0, 0, 0, 2, 1, 2, 2, 0, 1, 0, 1, 1, 1, 1, 1, 2, 2, 0, 2, 0, 0, 0, 1, 2, 1, 2, 2, 0, 2, 0, 0, 0, 2, 2, 1, 2, 0, 0, 0, 2, 0, 2, 0, 1, 0, 2, 2, 0, 2, 1, 2, 1, 2, 0, 1, 1, 2, 2, 2, 0, 1, 2, 2, 1, 2, 1, 2, 2, 1, 0, 0, 1, 2, 2, 1, 0, 0, 1, 1, 0, 1, 1, 1, 2, 1, 2, 2, 0, 0, 0, 2, 1, 0, 0, 0, 1, 0, 2, 0, 2, 1, 2, 1, 2, 0, 2, 0, 1, 1, 2, 2, 2, 2, 1, 0, 2, 1, 2, 2, 1, 2, 0, 1, 0, 2, 2, 1, 0, 1, 2, 0, 2, 2, 2, 2, 2, 1, 0, 1, 1, 0, 0, 2, 0, 1, 2, 1, 1, 1, 0, 0, 0, 1, 2, 1, 0, 0, 0, 2, 1, 1, 2, 2, 0, 1, 2, 2, 0, 1, 2, 2, 0, 1, 1, 2, 0, 1, 2, 0, 2, 0, 1, 2, 0, 0, 1, 0, 2, 1, 0, 2, 2, 1, 2, 0, 0, 1, 0, 1, 2, 0, 1, 2, 1, 1, 0, 0, 0, 2, 2, 2, 1, 0, 2, 0, 2, 2, 0, 0, 1, 2, 0, 1, 2, 0, 0, 1, 2, 0, 1, 1, 1, 0, 2, 1, 1, 0, 1, 1, 1, 1, 0]
[0, 1, 0, 1, 0, 1, 0, 1, 1, 0, 0, 0, 0, 0, 0, 0, 0, 1, 1, 0, 0, 0, 1, 0, 0, 1, 0, 0, 0, 0, 1, 0, 1, 1, 0, 0, 1, 1, 1, 1, 0, 0, 0, 0, 0, 0, 0, 0, 0, 1, 0, 1, 1, 0, 1, 1, 1, 0, 1, 0, 1, 0, 0, 1, 0, 0, 1, 0, 1, 0, 1, 0, 1, 1, 0, 0, 1, 0, 0, 2, 3, 0, 0, 0, 1, 3, 0, 0, 0, 1, 0, 0, 0, 1, 0, 0, 0, 0, 1, 4, 4, 0, 1, 0, 1, 1, 1, 1, 1, 4, 4, 0, 4, 0, 0, 0, 1, 4, 1, 4, 4, 0, 4, 0, 0, 0, 4, 4, 1, 4, 0, 0, 0, 4, 0, 4, 0, 1, 0, 4, 4, 0, 4, 1, 4, 1, 4, 0, 1, 1, 4, 4, 4, 0, 1, 4, 4, 1, 4, 1, 4, 4, 1, 0, 0, 1, 4, 4, 1, 0, 0, 1, 1, 0, 1, 1, 1, 0, 1, 4, 4, 0, 0, 0, 4, 1, 0, 0, 0, 1, 0, 4, 0, 4, 1, 4, 1, 4, 0, 4, 0, 1, 1, 4, 4, 4, 4, 1, 0, 4, 1, 4, 4, 1, 4, 0, 1, 0, 4, 4, 1, 0, 1, 4, 0, 4, 4, 4, 4, 4, 1, 0, 1, 2, 3, 0, 4, 0, 1, 4, 1, 1, 1, 0, 0, 0, 1, 0, 1, 0, 0, 0, 4, 1, 1, 4, 4, 0, 1, 4, 4, 4, 4, 4, 4, 0, 1, 1, 4, 0, 1, 4, 0, 4, 0, 1, 4, 0, 0, 1, 0, 4, 4, 0, 4, 4, 1, 4, 0, 0, 1, 0, 1, 4, 0, 1, 4, 1, 1, 0, 0, 0, 4, 4, 4, 1, 0, 4, 0, 4, 4, 0, 0, 1, 4, 0, 1, 4, 0, 0, 1, 4, 0, 1, 1, 1, 0, 4, 1, 1, 0, 1, 1, 1, 1, 0]
Centroids: [[-0.06029717, -1.8412346], [-2.5262272, 0.99580276], [-0.91772693, -1.314896]]
Centroids: [[-0.21142237, -1.7315602], [-2.5108447, 1.0035347], [-4.150303, 1.4079282], [-0.43804535, -3.2174404], [-0.96066403, -1.2361532]]
Contingency Matrix: 
[[111   0   0   1   1]
 [  0 108   2   0   2]
 [ 27   0   0   2  82]]
[[111, 0, 0, 1, 1], [0, 108, 2, 0, 2], [27, 0, 0, 2, 82]]
[[111, 0, 0, 1, 1], [0, 108, 2, 0, 2], [27, 0, 0, 2, 82]]
[0, 1, 2, 3, 4]
[[-1, -1, -1, -1, -1], [-1, 108, 2, 0, 2], [-1, 0, 0, 2, 82]]
[[-1, -1, -1, -1, -1], [-1, -1, -1, -1, -1], [-1, -1, 0, 2, 82]]
[[-1, -1, -1, -1, -1], [-1, -1, -1, -1, -1], [-1, -1, -1, -1, -1]]
Match_Labels: {0: 0, 1: 1, 2: 4}
New Contingency Matrix: 
[[111   0   1   0   1]
 [  0 108   2   2   0]
 [ 27   0  82   0   2]]
New Clustered Label Sequence: [0, 1, 4, 2, 3]
Diagonal_Elements: [111, 108, 82], Sum: 301
All_Elements: [111, 0, 1, 0, 1, 0, 108, 2, 2, 0, 27, 0, 82, 0, 2], Sum: 336
Accuracy: 0.8958333333333334
