Seed: 3
Experiment_path: AE_Model_2/Random_Seeds//V3/Experiment_03_3
Dataset_Path: ../_00_Datasets/03_SimDaten_Quiroga2020/C_Difficult1_noise010.mat
Dataset_name: ['03_SimDaten_Quiroga2020', 'C_Difficult1_noise010.mat']
Variant_name: Variant_03_PCA_QLearning
Visualisation_Path: Random_Seeds//V3/Experiment_03_3/C_Difficult1_noise010.mat/Variant_03_PCA_QLearning/2023_04_20-13_19_32
PCA Components: 2
Q Learning Size: 300
---Q Learning Parameters---
Normalisation: False
Punishment Coefficient: 0.6
Alpha: 0.8
Epsilon: 0.01
Gamma: 0.97
Initial Episode Number: 0
Episode Number Coefficient: 1.4
Number of Random Features: 20
Planning Number: 20
Max Random Features: 60
New Episode Number: 72
New Episode Number: 143
New Episode Number: 215
New Episode Number: 286
New Episode Number: 358
New Episode Number: 429
                0     1     2     3     4      5     6
new_cluster -5.90 -7.18 -4.98 -5.76 -8.83 -11.26 -7.98
c1          -6.22 -7.01 -5.13 -5.73 -8.61 -11.80 -8.47
c2          -6.26 -7.07 -5.04 -6.03 -8.30 -11.65 -8.37
c3          -6.19 -6.99 -5.09 -6.05 -8.16 -11.76 -8.34
c4          -6.22 -7.01 -5.12 -5.88 -9.05 -12.08 -8.59
c5          -6.23 -6.99 -4.97 -6.10 -8.58 -11.67 -8.55
c6          -6.22 -6.99 -4.98 -6.17 -8.55 -11.88 -7.87
\begin{tabular}{lrrrrrrr}
\toprule
{} &     0 &     1 &     2 &     3 &     4 &      5 &     6 \\
\midrule
new\_cluster & -5.90 & -7.18 & -4.98 & -5.76 & -8.83 & -11.26 & -7.98 \\
c1          & -6.22 & -7.01 & -5.13 & -5.73 & -8.61 & -11.80 & -8.47 \\
c2          & -6.26 & -7.07 & -5.04 & -6.03 & -8.30 & -11.65 & -8.37 \\
c3          & -6.19 & -6.99 & -5.09 & -6.05 & -8.16 & -11.76 & -8.34 \\
c4          & -6.22 & -7.01 & -5.12 & -5.88 & -9.05 & -12.08 & -8.59 \\
c5          & -6.23 & -6.99 & -4.97 & -6.10 & -8.58 & -11.67 & -8.55 \\
c6          & -6.22 & -6.99 & -4.98 & -6.17 & -8.55 & -11.88 & -7.87 \\
\bottomrule
\end{tabular}

                                0            1  ...            5            6
new_cluster  [-1.44, new_cluster]   [-2.2, c1]  ...  [-6.74, c5]  [-3.22, c6]
c1           [-1.44, new_cluster]  [-2.11, c1]  ...  [-7.06, c5]  [-3.72, c6]
c2           [-1.44, new_cluster]  [-2.12, c1]  ...  [-7.13, c5]  [-3.54, c6]
c3           [-1.44, new_cluster]  [-2.03, c1]  ...  [-7.25, c5]  [-3.88, c6]
c4           [-1.44, new_cluster]  [-2.09, c1]  ...  [-7.34, c5]  [-3.83, c6]
c5           [-1.44, new_cluster]  [-2.01, c1]  ...  [-7.16, c5]   [-3.8, c6]
c6           [-1.44, new_cluster]  [-2.12, c1]  ...   [-7.2, c5]   [-3.4, c6]

[7 rows x 7 columns]
\begin{tabular}{llllllll}
\toprule
{} &                     0 &            1 &            2 &            3 &            4 &            5 &            6 \\
\midrule
new\_cluster &  [-1.44, new\_cluster] &   [-2.2, c1] &   [-0.1, c2] &  [-0.85, c3] &  [-4.24, c4] &  [-6.74, c5] &  [-3.22, c6] \\
c1          &  [-1.44, new\_cluster] &  [-2.11, c1] &  [-0.29, c2] &  [-0.99, c3] &  [-4.03, c4] &  [-7.06, c5] &  [-3.72, c6] \\
c2          &  [-1.44, new\_cluster] &  [-2.12, c1] &  [-0.08, c2] &  [-1.32, c3] &   [-3.7, c4] &  [-7.13, c5] &  [-3.54, c6] \\
c3          &  [-1.44, new\_cluster] &  [-2.03, c1] &  [-0.09, c2] &  [-1.28, c3] &  [-3.57, c4] &  [-7.25, c5] &  [-3.88, c6] \\
c4          &  [-1.44, new\_cluster] &  [-2.09, c1] &  [-0.17, c2] &  [-0.96, c3] &  [-4.16, c4] &  [-7.34, c5] &  [-3.83, c6] \\
c5          &  [-1.44, new\_cluster] &  [-2.01, c1] &   [-0.1, c2] &  [-1.32, c3] &   [-3.7, c4] &  [-7.16, c5] &   [-3.8, c6] \\
c6          &  [-1.44, new\_cluster] &  [-2.12, c1] &  [-0.11, c2] &  [-1.28, c3] &  [-3.96, c4] &   [-7.2, c5] &   [-3.4, c6] \\
\bottomrule
\end{tabular}

