Experiment_path: Random_Seeds//V4/Experiment_04_1
Dataset_Path: ../_00_Datasets/03_SimDaten_Quiroga2020/C_Easy1_noise035.mat
Dataset_name: ['03_SimDaten_Quiroga2020', 'C_Easy1_noise035.mat']
Variant_name: Variant_04_Offline_Autoencoder_QLearning
Visualisation_Path: Random_Seeds//V4/Experiment_04_1/C_Easy1_noise035.mat/Variant_04_Offline_Autoencoder_QLearning/2023_03_22-09_54_18
Punishment_Coefficient: 1
<_01_LoadDataset.ExternCode.spike_class.spike_dataclass object at 0x0000021C8E239748>
Sampling rate: 24000.0
Raw: [-0.01748803 -0.01945498 -0.02011069 ... -0.20744344 -0.24709427
 -0.25077586]
Times: [    662    1043    2861 ... 1439172 1439620 1439793]
Cluster: [1 2 3 ... 3 3 2]
Number of different clusters:  3
Number of Spikes: 3534
First aligned Spike Frame: [ 0.43999329  0.4839933   0.52909327  0.52642944  0.43496308  0.26335103
  0.0652557  -0.09376199 -0.19786698 -0.28302287 -0.39101775 -0.51215993
 -0.44771361  0.07217119  0.76700554  0.91966677  0.38465989 -0.27458603
 -0.59813837 -0.63307973 -0.5997719  -0.60009658 -0.61792931 -0.61010846
 -0.56778745 -0.50195254 -0.4233035  -0.35404397 -0.29120082 -0.20969116
 -0.09592158  0.02951377  0.1302449   0.18393993  0.21396859  0.24968719
  0.25635801  0.17294061 -0.01474948 -0.24084414 -0.43698551 -0.59191978
 -0.72153644 -0.80995398 -0.82451785 -0.75320979 -0.64145157]
Cluster 0, Occurrences: 1208
Cluster 1, Occurrences: 1137
Cluster 2, Occurrences: 1189
Train Index: 3181
x_train: 3181
y_train: 3181
x_test: 353
y_test: 353
<torch.utils.data.dataloader.DataLoader object at 0x0000021C8E1930B8>
<torch.utils.data.dataloader.DataLoader object at 0x0000021C8E14BC50>
Epoch 1
-------------------------------
loss: 0.253721  [    0/ 3181]
loss: 0.334693  [  100/ 3181]
loss: 0.084712  [  200/ 3181]
loss: 0.160693  [  300/ 3181]
loss: 0.143831  [  400/ 3181]
loss: 0.132402  [  500/ 3181]
loss: 0.084212  [  600/ 3181]
loss: 0.069465  [  700/ 3181]
loss: 0.113533  [  800/ 3181]
loss: 0.059402  [  900/ 3181]
loss: 0.105385  [ 1000/ 3181]
loss: 0.026892  [ 1100/ 3181]
loss: 0.064408  [ 1200/ 3181]
loss: 0.096340  [ 1300/ 3181]
loss: 0.039577  [ 1400/ 3181]
loss: 0.126842  [ 1500/ 3181]
loss: 0.151727  [ 1600/ 3181]
loss: 0.047823  [ 1700/ 3181]
loss: 0.231793  [ 1800/ 3181]
loss: 0.038169  [ 1900/ 3181]
loss: 0.022581  [ 2000/ 3181]
loss: 0.035155  [ 2100/ 3181]
loss: 0.027952  [ 2200/ 3181]
loss: 0.137057  [ 2300/ 3181]
loss: 0.081928  [ 2400/ 3181]
loss: 0.094361  [ 2500/ 3181]
loss: 0.102011  [ 2600/ 3181]
loss: 0.035400  [ 2700/ 3181]
loss: 0.175902  [ 2800/ 3181]
loss: 0.053442  [ 2900/ 3181]
loss: 0.306564  [ 3000/ 3181]
loss: 0.055956  [ 3100/ 3181]
Epoch 2
-------------------------------
loss: 0.119718  [    0/ 3181]
loss: 0.055917  [  100/ 3181]
loss: 0.023809  [  200/ 3181]
loss: 0.116815  [  300/ 3181]
loss: 0.165310  [  400/ 3181]
loss: 0.030162  [  500/ 3181]
loss: 0.028425  [  600/ 3181]
loss: 0.073968  [  700/ 3181]
loss: 0.033852  [  800/ 3181]
loss: 0.033149  [  900/ 3181]
loss: 0.047942  [ 1000/ 3181]
loss: 0.025104  [ 1100/ 3181]
loss: 0.013908  [ 1200/ 3181]
loss: 0.051511  [ 1300/ 3181]
loss: 0.022791  [ 1400/ 3181]
loss: 0.049138  [ 1500/ 3181]
loss: 0.146215  [ 1600/ 3181]
loss: 0.050704  [ 1700/ 3181]
loss: 0.061862  [ 1800/ 3181]
loss: 0.036976  [ 1900/ 3181]
loss: 0.027305  [ 2000/ 3181]
loss: 0.036763  [ 2100/ 3181]
loss: 0.029467  [ 2200/ 3181]
loss: 0.129864  [ 2300/ 3181]
loss: 0.057415  [ 2400/ 3181]
loss: 0.096055  [ 2500/ 3181]
loss: 0.095483  [ 2600/ 3181]
loss: 0.030539  [ 2700/ 3181]
loss: 0.150727  [ 2800/ 3181]
loss: 0.032392  [ 2900/ 3181]
loss: 0.276643  [ 3000/ 3181]
loss: 0.050942  [ 3100/ 3181]
Epoch 3
-------------------------------
loss: 0.112081  [    0/ 3181]
loss: 0.058257  [  100/ 3181]
loss: 0.024429  [  200/ 3181]
loss: 0.101838  [  300/ 3181]
loss: 0.196521  [  400/ 3181]
loss: 0.021526  [  500/ 3181]
loss: 0.021808  [  600/ 3181]
loss: 0.075873  [  700/ 3181]
loss: 0.035625  [  800/ 3181]
loss: 0.033348  [  900/ 3181]
loss: 0.046023  [ 1000/ 3181]
loss: 0.023432  [ 1100/ 3181]
loss: 0.015414  [ 1200/ 3181]
loss: 0.056827  [ 1300/ 3181]
loss: 0.019730  [ 1400/ 3181]
loss: 0.044371  [ 1500/ 3181]
loss: 0.148270  [ 1600/ 3181]
loss: 0.052067  [ 1700/ 3181]
loss: 0.054063  [ 1800/ 3181]
loss: 0.037561  [ 1900/ 3181]
loss: 0.025476  [ 2000/ 3181]
loss: 0.035188  [ 2100/ 3181]
loss: 0.030507  [ 2200/ 3181]
loss: 0.128900  [ 2300/ 3181]
loss: 0.051175  [ 2400/ 3181]
loss: 0.094834  [ 2500/ 3181]
loss: 0.091327  [ 2600/ 3181]
loss: 0.029510  [ 2700/ 3181]
loss: 0.131213  [ 2800/ 3181]
loss: 0.031379  [ 2900/ 3181]
loss: 0.251793  [ 3000/ 3181]
loss: 0.050462  [ 3100/ 3181]
Epoch 4
-------------------------------
loss: 0.109079  [    0/ 3181]
loss: 0.055010  [  100/ 3181]
loss: 0.023656  [  200/ 3181]
loss: 0.098740  [  300/ 3181]
loss: 0.241507  [  400/ 3181]
loss: 0.015918  [  500/ 3181]
loss: 0.024229  [  600/ 3181]
loss: 0.077766  [  700/ 3181]
loss: 0.037381  [  800/ 3181]
loss: 0.034424  [  900/ 3181]
loss: 0.042772  [ 1000/ 3181]
loss: 0.021439  [ 1100/ 3181]
loss: 0.015661  [ 1200/ 3181]
loss: 0.053623  [ 1300/ 3181]
loss: 0.017517  [ 1400/ 3181]
loss: 0.044082  [ 1500/ 3181]
loss: 0.148989  [ 1600/ 3181]
loss: 0.052074  [ 1700/ 3181]
loss: 0.053461  [ 1800/ 3181]
loss: 0.037176  [ 1900/ 3181]
loss: 0.023923  [ 2000/ 3181]
loss: 0.033867  [ 2100/ 3181]
loss: 0.030707  [ 2200/ 3181]
loss: 0.127377  [ 2300/ 3181]
loss: 0.046686  [ 2400/ 3181]
loss: 0.095307  [ 2500/ 3181]
loss: 0.086304  [ 2600/ 3181]
loss: 0.028327  [ 2700/ 3181]
loss: 0.113759  [ 2800/ 3181]
loss: 0.030731  [ 2900/ 3181]
loss: 0.233132  [ 3000/ 3181]
loss: 0.051441  [ 3100/ 3181]
Epoch 5
-------------------------------
loss: 0.107948  [    0/ 3181]
loss: 0.053075  [  100/ 3181]
loss: 0.022278  [  200/ 3181]
loss: 0.097870  [  300/ 3181]
loss: 0.264274  [  400/ 3181]
loss: 0.013051  [  500/ 3181]
loss: 0.027374  [  600/ 3181]
loss: 0.079298  [  700/ 3181]
loss: 0.038635  [  800/ 3181]
loss: 0.042756  [  900/ 3181]
loss: 0.041124  [ 1000/ 3181]
loss: 0.020406  [ 1100/ 3181]
loss: 0.016321  [ 1200/ 3181]
loss: 0.052716  [ 1300/ 3181]
loss: 0.016035  [ 1400/ 3181]
loss: 0.042251  [ 1500/ 3181]
loss: 0.149262  [ 1600/ 3181]
loss: 0.052385  [ 1700/ 3181]
loss: 0.052778  [ 1800/ 3181]
loss: 0.037082  [ 1900/ 3181]
loss: 0.022559  [ 2000/ 3181]
loss: 0.033541  [ 2100/ 3181]
loss: 0.029836  [ 2200/ 3181]
loss: 0.125400  [ 2300/ 3181]
loss: 0.044397  [ 2400/ 3181]
loss: 0.095489  [ 2500/ 3181]
loss: 0.079495  [ 2600/ 3181]
loss: 0.027927  [ 2700/ 3181]
loss: 0.099754  [ 2800/ 3181]
loss: 0.029582  [ 2900/ 3181]
loss: 0.213448  [ 3000/ 3181]
loss: 0.053489  [ 3100/ 3181]
Epoch 6
-------------------------------
loss: 0.108475  [    0/ 3181]
loss: 0.052870  [  100/ 3181]
loss: 0.023222  [  200/ 3181]
loss: 0.097461  [  300/ 3181]
loss: 0.275896  [  400/ 3181]
loss: 0.010866  [  500/ 3181]
loss: 0.030899  [  600/ 3181]
loss: 0.080003  [  700/ 3181]
loss: 0.039832  [  800/ 3181]
loss: 0.045134  [  900/ 3181]
loss: 0.039868  [ 1000/ 3181]
loss: 0.020194  [ 1100/ 3181]
loss: 0.017475  [ 1200/ 3181]
loss: 0.050987  [ 1300/ 3181]
loss: 0.014947  [ 1400/ 3181]
loss: 0.040869  [ 1500/ 3181]
loss: 0.151564  [ 1600/ 3181]
loss: 0.052292  [ 1700/ 3181]
loss: 0.052275  [ 1800/ 3181]
loss: 0.037734  [ 1900/ 3181]
loss: 0.021737  [ 2000/ 3181]
loss: 0.032820  [ 2100/ 3181]
loss: 0.029527  [ 2200/ 3181]
loss: 0.123418  [ 2300/ 3181]
loss: 0.042175  [ 2400/ 3181]
loss: 0.095795  [ 2500/ 3181]
loss: 0.074706  [ 2600/ 3181]
loss: 0.027775  [ 2700/ 3181]
loss: 0.089504  [ 2800/ 3181]
loss: 0.029432  [ 2900/ 3181]
loss: 0.200520  [ 3000/ 3181]
loss: 0.055163  [ 3100/ 3181]
Epoch 7
-------------------------------
loss: 0.107961  [    0/ 3181]
loss: 0.049481  [  100/ 3181]
loss: 0.024070  [  200/ 3181]
loss: 0.098377  [  300/ 3181]
loss: 0.277435  [  400/ 3181]
loss: 0.009965  [  500/ 3181]
loss: 0.032340  [  600/ 3181]
loss: 0.080557  [  700/ 3181]
loss: 0.040904  [  800/ 3181]
loss: 0.046746  [  900/ 3181]
loss: 0.037867  [ 1000/ 3181]
loss: 0.019556  [ 1100/ 3181]
loss: 0.019501  [ 1200/ 3181]
loss: 0.050234  [ 1300/ 3181]
loss: 0.014617  [ 1400/ 3181]
loss: 0.038847  [ 1500/ 3181]
loss: 0.151789  [ 1600/ 3181]
loss: 0.052171  [ 1700/ 3181]
loss: 0.051039  [ 1800/ 3181]
loss: 0.039146  [ 1900/ 3181]
loss: 0.021433  [ 2000/ 3181]
loss: 0.032184  [ 2100/ 3181]
loss: 0.029315  [ 2200/ 3181]
loss: 0.121344  [ 2300/ 3181]
loss: 0.041025  [ 2400/ 3181]
loss: 0.095394  [ 2500/ 3181]
loss: 0.072312  [ 2600/ 3181]
loss: 0.027754  [ 2700/ 3181]
loss: 0.083497  [ 2800/ 3181]
loss: 0.029413  [ 2900/ 3181]
loss: 0.186855  [ 3000/ 3181]
loss: 0.056649  [ 3100/ 3181]
Epoch 8
-------------------------------
loss: 0.107157  [    0/ 3181]
loss: 0.050239  [  100/ 3181]
loss: 0.024609  [  200/ 3181]
loss: 0.099155  [  300/ 3181]
loss: 0.278743  [  400/ 3181]
loss: 0.009734  [  500/ 3181]
loss: 0.032833  [  600/ 3181]
loss: 0.080653  [  700/ 3181]
loss: 0.041480  [  800/ 3181]
loss: 0.048884  [  900/ 3181]
loss: 0.036231  [ 1000/ 3181]
loss: 0.019019  [ 1100/ 3181]
loss: 0.020202  [ 1200/ 3181]
loss: 0.049630  [ 1300/ 3181]
loss: 0.013185  [ 1400/ 3181]
loss: 0.038259  [ 1500/ 3181]
loss: 0.151479  [ 1600/ 3181]
loss: 0.051738  [ 1700/ 3181]
loss: 0.050166  [ 1800/ 3181]
loss: 0.040146  [ 1900/ 3181]
loss: 0.021632  [ 2000/ 3181]
loss: 0.031724  [ 2100/ 3181]
loss: 0.028649  [ 2200/ 3181]
loss: 0.119616  [ 2300/ 3181]
loss: 0.039898  [ 2400/ 3181]
loss: 0.095372  [ 2500/ 3181]
loss: 0.069400  [ 2600/ 3181]
loss: 0.027493  [ 2700/ 3181]
loss: 0.081946  [ 2800/ 3181]
loss: 0.029838  [ 2900/ 3181]
loss: 0.179935  [ 3000/ 3181]
loss: 0.057040  [ 3100/ 3181]
Number of Clusters: 3
Q_Learning:     1/  353]
Q_Learning:     2/  353]
Q_Learning:     3/  353]
Q_Learning:     4/  353]
Q_Learning:     5/  353]
Q_Learning:     6/  353]
Q_Learning:     7/  353]
Q_Learning:     8/  353]
Q_Learning:     9/  353]
Q_Learning:    10/  353]
Q_Learning:    11/  353]
Q_Learning:    12/  353]
Q_Learning:    13/  353]
Q_Learning:    14/  353]
Q_Learning:    15/  353]
Q_Learning:    16/  353]
Q_Learning:    17/  353]
Q_Learning:    18/  353]
Q_Learning:    19/  353]
Q_Learning:    20/  353]
Q_Learning:    21/  353]
Q_Learning:    22/  353]
Q_Learning:    23/  353]
Q_Learning:    24/  353]
Q_Learning:    25/  353]
Q_Learning:    26/  353]
Q_Learning:    27/  353]
Q_Learning:    28/  353]
Q_Learning:    29/  353]
Q_Learning:    30/  353]
Q_Learning:    31/  353]
Q_Learning:    32/  353]
Q_Learning:    33/  353]
Q_Learning:    34/  353]
Q_Learning:    35/  353]
Q_Learning:    36/  353]
Q_Learning:    37/  353]
Q_Learning:    38/  353]
Q_Learning:    39/  353]
Q_Learning:    40/  353]
Q_Learning:    41/  353]
Q_Learning:    42/  353]
Q_Learning:    43/  353]
Q_Learning:    44/  353]
Q_Learning:    45/  353]
Q_Learning:    46/  353]
Q_Learning:    47/  353]
Q_Learning:    48/  353]
Q_Learning:    49/  353]
Q_Learning:    50/  353]
Q_Learning:    51/  353]
Q_Learning:    52/  353]
Q_Learning:    53/  353]
Q_Learning:    54/  353]
Q_Learning:    55/  353]
Q_Learning:    56/  353]
Q_Learning:    57/  353]
Q_Learning:    58/  353]
Q_Learning:    59/  353]
Q_Learning:    60/  353]
Q_Learning:    61/  353]
Q_Learning:    62/  353]
Q_Learning:    63/  353]
Q_Learning:    64/  353]
Q_Learning:    65/  353]
Q_Learning:    66/  353]
Q_Learning:    67/  353]
Q_Learning:    68/  353]
Q_Learning:    69/  353]
Q_Learning:    70/  353]
Q_Learning:    71/  353]
Q_Learning:    72/  353]
Q_Learning:    73/  353]
Q_Learning:    74/  353]
Q_Learning:    75/  353]
Q_Learning:    76/  353]
Q_Learning:    77/  353]
Q_Learning:    78/  353]
Q_Learning:    79/  353]
Q_Learning:    80/  353]
Q_Learning:    81/  353]
Q_Learning:    82/  353]
Q_Learning:    83/  353]
Q_Learning:    84/  353]
Q_Learning:    85/  353]
Q_Learning:    86/  353]
Q_Learning:    87/  353]
Q_Learning:    88/  353]
Q_Learning:    89/  353]
Q_Learning:    90/  353]
Q_Learning:    91/  353]
Q_Learning:    92/  353]
Q_Learning:    93/  353]
Q_Learning:    94/  353]
Q_Learning:    95/  353]
Q_Learning:    96/  353]
Q_Learning:    97/  353]
Q_Learning:    98/  353]
Q_Learning:    99/  353]
Q_Learning:   100/  353]
Q_Learning:   101/  353]
Q_Learning:   102/  353]
Q_Learning:   103/  353]
Q_Learning:   104/  353]
Q_Learning:   105/  353]
Q_Learning:   106/  353]
Q_Learning:   107/  353]
Q_Learning:   108/  353]
Q_Learning:   109/  353]
Q_Learning:   110/  353]
Q_Learning:   111/  353]
Q_Learning:   112/  353]
Q_Learning:   113/  353]
Q_Learning:   114/  353]
Q_Learning:   115/  353]
Q_Learning:   116/  353]
Q_Learning:   117/  353]
Q_Learning:   118/  353]
Q_Learning:   119/  353]
Q_Learning:   120/  353]
Q_Learning:   121/  353]
Q_Learning:   122/  353]
Q_Learning:   123/  353]
Q_Learning:   124/  353]
Q_Learning:   125/  353]
Q_Learning:   126/  353]
Q_Learning:   127/  353]
Q_Learning:   128/  353]
Q_Learning:   129/  353]
Q_Learning:   130/  353]
Q_Learning:   131/  353]
Q_Learning:   132/  353]
Q_Learning:   133/  353]
Q_Learning:   134/  353]
Q_Learning:   135/  353]
Q_Learning:   136/  353]
Q_Learning:   137/  353]
Q_Learning:   138/  353]
Q_Learning:   139/  353]
Q_Learning:   140/  353]
Q_Learning:   141/  353]
Q_Learning:   142/  353]
Q_Learning:   143/  353]
Q_Learning:   144/  353]
Q_Learning:   145/  353]
Q_Learning:   146/  353]
Q_Learning:   147/  353]
Q_Learning:   148/  353]
Q_Learning:   149/  353]
Q_Learning:   150/  353]
Q_Learning:   151/  353]
Q_Learning:   152/  353]
Q_Learning:   153/  353]
Q_Learning:   154/  353]
Q_Learning:   155/  353]
Q_Learning:   156/  353]
Q_Learning:   157/  353]
Q_Learning:   158/  353]
Q_Learning:   159/  353]
Q_Learning:   160/  353]
Q_Learning:   161/  353]
Q_Learning:   162/  353]
Q_Learning:   163/  353]
Q_Learning:   164/  353]
Q_Learning:   165/  353]
Q_Learning:   166/  353]
Q_Learning:   167/  353]
Q_Learning:   168/  353]
Q_Learning:   169/  353]
Q_Learning:   170/  353]
Q_Learning:   171/  353]
Q_Learning:   172/  353]
Q_Learning:   173/  353]
Q_Learning:   174/  353]
Q_Learning:   175/  353]
Q_Learning:   176/  353]
Q_Learning:   177/  353]
Q_Learning:   178/  353]
Q_Learning:   179/  353]
Q_Learning:   180/  353]
Q_Learning:   181/  353]
Q_Learning:   182/  353]
Q_Learning:   183/  353]
Q_Learning:   184/  353]
Q_Learning:   185/  353]
Q_Learning:   186/  353]
Q_Learning:   187/  353]
Q_Learning:   188/  353]
Q_Learning:   189/  353]
Q_Learning:   190/  353]
Q_Learning:   191/  353]
Q_Learning:   192/  353]
Q_Learning:   193/  353]
Q_Learning:   194/  353]
Q_Learning:   195/  353]
Q_Learning:   196/  353]
Q_Learning:   197/  353]
Q_Learning:   198/  353]
Q_Learning:   199/  353]
Q_Learning:   200/  353]
Q_Learning:   201/  353]
Q_Learning:   202/  353]
Q_Learning:   203/  353]
Q_Learning:   204/  353]
Q_Learning:   205/  353]
Q_Learning:   206/  353]
Q_Learning:   207/  353]
Q_Learning:   208/  353]
Q_Learning:   209/  353]
Q_Learning:   210/  353]
Q_Learning:   211/  353]
Q_Learning:   212/  353]
Q_Learning:   213/  353]
Q_Learning:   214/  353]
Q_Learning:   215/  353]
Q_Learning:   216/  353]
Q_Learning:   217/  353]
Q_Learning:   218/  353]
Q_Learning:   219/  353]
Q_Learning:   220/  353]
Q_Learning:   221/  353]
Q_Learning:   222/  353]
Q_Learning:   223/  353]
Q_Learning:   224/  353]
Q_Learning:   225/  353]
Q_Learning:   226/  353]
Q_Learning:   227/  353]
Q_Learning:   228/  353]
Q_Learning:   229/  353]
Q_Learning:   230/  353]
Q_Learning:   231/  353]
Q_Learning:   232/  353]
Q_Learning:   233/  353]
Q_Learning:   234/  353]
Q_Learning:   235/  353]
Q_Learning:   236/  353]
Q_Learning:   237/  353]
Q_Learning:   238/  353]
Q_Learning:   239/  353]
Q_Learning:   240/  353]
Q_Learning:   241/  353]
Q_Learning:   242/  353]
Q_Learning:   243/  353]
Q_Learning:   244/  353]
Q_Learning:   245/  353]
Q_Learning:   246/  353]
Q_Learning:   247/  353]
Q_Learning:   248/  353]
Q_Learning:   249/  353]
Q_Learning:   250/  353]
Q_Learning:   251/  353]
Q_Learning:   252/  353]
Q_Learning:   253/  353]
Q_Learning:   254/  353]
Q_Learning:   255/  353]
Q_Learning:   256/  353]
Q_Learning:   257/  353]
Q_Learning:   258/  353]
Q_Learning:   259/  353]
Q_Learning:   260/  353]
Q_Learning:   261/  353]
Q_Learning:   262/  353]
Q_Learning:   263/  353]
Q_Learning:   264/  353]
Q_Learning:   265/  353]
Q_Learning:   266/  353]
Q_Learning:   267/  353]
Q_Learning:   268/  353]
Q_Learning:   269/  353]
Q_Learning:   270/  353]
Q_Learning:   271/  353]
Q_Learning:   272/  353]
Q_Learning:   273/  353]
Q_Learning:   274/  353]
Q_Learning:   275/  353]
Q_Learning:   276/  353]
Q_Learning:   277/  353]
Q_Learning:   278/  353]
Q_Learning:   279/  353]
Q_Learning:   280/  353]
Q_Learning:   281/  353]
Q_Learning:   282/  353]
Q_Learning:   283/  353]
Q_Learning:   284/  353]
Q_Learning:   285/  353]
Q_Learning:   286/  353]
Q_Learning:   287/  353]
Q_Learning:   288/  353]
Q_Learning:   289/  353]
Q_Learning:   290/  353]
Q_Learning:   291/  353]
Q_Learning:   292/  353]
Q_Learning:   293/  353]
Q_Learning:   294/  353]
Q_Learning:   295/  353]
Q_Learning:   296/  353]
Q_Learning:   297/  353]
Q_Learning:   298/  353]
Q_Learning:   299/  353]
Q_Learning:   300/  353]
Q_Learning:   301/  353]
Q_Learning:   302/  353]
Q_Learning:   303/  353]
Q_Learning:   304/  353]
Q_Learning:   305/  353]
Q_Learning:   306/  353]
Q_Learning:   307/  353]
Q_Learning:   308/  353]
Q_Learning:   309/  353]
Q_Learning:   310/  353]
Q_Learning:   311/  353]
Q_Learning:   312/  353]
Q_Learning:   313/  353]
Q_Learning:   314/  353]
Q_Learning:   315/  353]
Q_Learning:   316/  353]
Q_Learning:   317/  353]
Q_Learning:   318/  353]
Q_Learning:   319/  353]
Q_Learning:   320/  353]
Q_Learning:   321/  353]
Q_Learning:   322/  353]
Q_Learning:   323/  353]
Q_Learning:   324/  353]
Q_Learning:   325/  353]
Q_Learning:   326/  353]
Q_Learning:   327/  353]
Q_Learning:   328/  353]
Q_Learning:   329/  353]
Q_Learning:   330/  353]
Q_Learning:   331/  353]
Q_Learning:   332/  353]
Q_Learning:   333/  353]
Q_Learning:   334/  353]
Q_Learning:   335/  353]
Q_Learning:   336/  353]
Q_Learning:   337/  353]
Q_Learning:   338/  353]
Q_Learning:   339/  353]
Q_Learning:   340/  353]
Q_Learning:   341/  353]
Q_Learning:   342/  353]
Q_Learning:   343/  353]
Q_Learning:   344/  353]
Q_Learning:   345/  353]
Q_Learning:   346/  353]
Q_Learning:   347/  353]
Q_Learning:   348/  353]
Q_Learning:   349/  353]
Q_Learning:   350/  353]
Q_Learning:   351/  353]
Q_Learning:   352/  353]
Q_Learning:   353/  353]
Number of Samples after Autoencoder testing: 353
First Spike after testing: [0.4631188 3.21745  ]
[2, 2, 2, 1, 2, 1, 0, 0, 1, 0, 0, 0, 2, 2, 1, 2, 2, 2, 1, 2, 2, 1, 0, 2, 1, 1, 2, 1, 2, 0, 0, 1, 2, 2, 0, 0, 2, 0, 0, 2, 1, 2, 1, 1, 2, 1, 2, 0, 0, 1, 2, 0, 2, 2, 1, 1, 1, 2, 1, 0, 2, 0, 1, 1, 0, 1, 2, 1, 1, 2, 2, 1, 2, 0, 2, 1, 2, 2, 1, 1, 1, 2, 0, 0, 0, 1, 2, 0, 0, 0, 2, 1, 0, 1, 0, 2, 1, 0, 2, 1, 0, 1, 1, 0, 2, 1, 2, 2, 0, 0, 2, 0, 2, 2, 0, 2, 0, 0, 2, 2, 0, 2, 0, 2, 0, 1, 0, 0, 0, 0, 2, 2, 0, 0, 1, 0, 1, 2, 0, 2, 1, 2, 0, 0, 1, 1, 1, 2, 0, 1, 1, 1, 0, 1, 2, 2, 1, 0, 1, 1, 2, 0, 0, 0, 0, 0, 0, 1, 2, 0, 2, 2, 2, 0, 2, 0, 1, 2, 0, 1, 2, 1, 2, 0, 1, 1, 0, 0, 2, 0, 1, 1, 1, 1, 2, 2, 1, 1, 1, 2, 0, 2, 0, 1, 2, 1, 0, 0, 2, 0, 2, 1, 0, 2, 0, 2, 0, 1, 0, 0, 0, 0, 1, 2, 2, 1, 1, 1, 2, 1, 0, 1, 1, 2, 2, 2, 2, 2, 2, 2, 0, 1, 2, 2, 2, 1, 0, 0, 1, 1, 0, 0, 2, 2, 1, 2, 2, 1, 2, 0, 0, 1, 2, 2, 2, 1, 0, 2, 0, 1, 0, 0, 1, 1, 0, 1, 2, 2, 2, 0, 2, 1, 2, 0, 2, 1, 1, 1, 0, 2, 1, 0, 0, 1, 2, 1, 0, 1, 0, 2, 2, 1, 1, 2, 1, 1, 1, 0, 1, 1, 1, 2, 0, 0, 1, 2, 0, 2, 2, 2, 1, 0, 1, 0, 1, 0, 2, 0, 2, 2, 1, 0, 1, 0, 2, 1, 0, 2, 0, 1, 1, 1, 1, 0, 1, 2, 2, 2, 0, 2, 2, 2, 1]
[0, 0, 0, 1, 0, 2, 3, 3, 1, 3, 3, 3, 0, 0, 1, 0, 0, 4, 1, 0, 0, 5, 3, 0, 1, 5, 0, 1, 0, 3, 3, 1, 0, 3, 3, 3, 0, 3, 3, 0, 1, 0, 1, 1, 0, 1, 0, 3, 3, 1, 0, 3, 0, 3, 6, 1, 5, 0, 1, 3, 0, 3, 1, 6, 3, 6, 0, 1, 5, 3, 4, 1, 0, 3, 0, 1, 0, 0, 6, 6, 6, 0, 3, 3, 3, 6, 0, 3, 3, 3, 0, 1, 3, 1, 3, 0, 1, 3, 0, 6, 3, 6, 1, 3, 0, 1, 0, 0, 3, 3, 0, 3, 0, 0, 3, 0, 3, 3, 0, 5, 3, 3, 3, 0, 3, 6, 3, 3, 3, 3, 0, 0, 3, 3, 1, 3, 1, 0, 3, 0, 6, 0, 3, 3, 1, 1, 1, 0, 3, 1, 1, 5, 3, 1, 0, 0, 5, 3, 1, 5, 0, 3, 3, 3, 3, 3, 3, 5, 0, 3, 0, 0, 0, 3, 0, 0, 5, 0, 3, 1, 0, 5, 0, 3, 6, 1, 3, 3, 0, 3, 1, 5, 1, 1, 0, 0, 1, 1, 1, 0, 3, 0, 3, 1, 0, 6, 3, 3, 0, 3, 0, 1, 3, 0, 3, 0, 3, 6, 3, 3, 3, 3, 5, 0, 0, 0, 6, 1, 0, 5, 3, 1, 6, 4, 0, 0, 0, 0, 0, 0, 3, 1, 0, 0, 0, 1, 3, 3, 1, 1, 3, 3, 0, 0, 5, 0, 0, 6, 0, 3, 3, 6, 0, 0, 0, 1, 3, 0, 0, 6, 3, 3, 1, 1, 3, 1, 0, 0, 0, 3, 0, 6, 3, 3, 0, 1, 1, 6, 3, 3, 1, 3, 3, 1, 0, 4, 3, 1, 3, 0, 0, 1, 1, 0, 1, 1, 1, 3, 5, 1, 6, 0, 3, 3, 1, 0, 3, 0, 0, 0, 1, 3, 1, 3, 4, 3, 0, 3, 0, 0, 5, 3, 5, 3, 0, 1, 3, 0, 0, 1, 1, 5, 1, 3, 1, 0, 0, 0, 3, 5, 0, 3, 5]
Centroids: [[1.4203303, -0.18768494], [-2.773536, 1.2319112], [1.0307652, 1.9724333]]
Centroids: [[1.1049906, 2.022325], [-2.8014288, 1.1806617], [-6.183985, 2.2760894], [1.4206959, -0.16742243], [-1.6699638, 2.2823603], [-1.5462118, 0.8070261], [-3.7266593, 1.671897]]
Contingency Matrix: 
[[  3   0   0 109   0   0   0]
 [  1  71   1   0   2  19  22]
 [113   0   0   7   3   2   0]]
[[-1, 0, 0, 109, 0, 0, 0], [-1, 71, 1, 0, 2, 19, 22], [-1, -1, -1, -1, -1, -1, -1]]
[[-1, -1, -1, -1, -1, -1, -1], [-1, 71, 1, -1, 2, 19, 22], [-1, -1, -1, -1, -1, -1, -1]]
[[-1, -1, -1, -1, -1, -1, -1], [-1, -1, -1, -1, -1, -1, -1], [-1, -1, -1, -1, -1, -1, -1]]
Match_Labels: {2: 0, 0: 3, 1: 1}
New Contingency Matrix: 
[[109   0   3   0   0   0   0]
 [  0  71   1   1   2  19  22]
 [  7   0 113   0   3   2   0]]
New Clustered Label Sequence: [3, 1, 0, 2, 4, 5, 6]
Diagonal_Elements: [109, 71, 113], Sum: 293
All_Elements: [109, 0, 3, 0, 0, 0, 0, 0, 71, 1, 1, 2, 19, 22, 7, 0, 113, 0, 3, 2, 0], Sum: 353
Accuracy: 0.830028328611898
Done!
