Seed: 4
Experiment_path: AE_Model_2/Random_Seeds//V4/Experiment_04_4
Dataset_Path: ../_00_Datasets/03_SimDaten_Quiroga2020/C_Difficult2_noise010.mat
Dataset_name: ['03_SimDaten_Quiroga2020', 'C_Difficult2_noise010.mat']
Variant_name: Variant_04_Offline_Autoencoder_QLearning
Visualisation_Path: Random_Seeds//V4/Experiment_04_4/C_Difficult2_noise010.mat/Variant_04_Offline_Autoencoder_QLearning/2023_04_21-15_08_32
Split Ratio: 0.9
Epochs: 8
Batch Size: 1
Input Size: 47
Number of Features: 2
Chosen Model: Convolutional Autoencoder
ConvolutionalAutoencoder(
  (encoder): Sequential(
    (0): Conv1d(1, 6, kernel_size=(6,), stride=(1,))
    (1): LeakyReLU(negative_slope=0.01)
    (2): Conv1d(6, 1, kernel_size=(6,), stride=(1,))
    (3): Flatten(start_dim=1, end_dim=-1)
    (4): Linear(in_features=37, out_features=2, bias=True)
  )
  (decoder): Sequential(
    (0): ConvTranspose1d(1, 6, kernel_size=(6,), stride=(1,))
    (1): LeakyReLU(negative_slope=0.01)
    (2): ConvTranspose1d(6, 1, kernel_size=(6,), stride=(1,))
    (3): Flatten(start_dim=1, end_dim=-1)
    (4): Linear(in_features=12, out_features=47, bias=True)
  )
)
MSELoss()
Adam (
Parameter Group 0
    amsgrad: False
    betas: (0.9, 0.999)
    capturable: False
    differentiable: False
    eps: 1e-08
    foreach: None
    fused: False
    lr: 0.001
    maximize: False
    weight_decay: 0
)
---Q Learning Parameters---
Normalisation: False
Punishment Coefficient: 0.6
Alpha: 0.8
Epsilon: 0.01
Gamma: 0.97
Initial Episode Number: 0
Episode Number Coefficient: 1.4
Number of Random Features: 20
Planning Number: 20
Max Random Features: 60
New Episode Number: 72
New Episode Number: 143
New Episode Number: 215
New Episode Number: 286
New Episode Number: 358
New Episode Number: 429
                0     1      2      3     4      5     6
new_cluster -9.40 -8.21 -14.35  -9.83 -8.90 -11.18 -8.35
c1          -9.40 -8.34 -14.77  -9.94 -8.66 -10.99 -8.40
c2          -9.40 -8.27 -14.65 -10.15 -8.77 -10.84 -8.48
c3          -9.46 -8.50 -14.23  -9.88 -8.55 -11.30 -7.93
c4          -9.46 -8.22 -14.57 -10.06 -8.87 -10.93 -8.53
c5          -9.40 -8.30 -14.25  -9.94 -8.42 -10.85 -7.94
c6          -9.40 -8.32 -14.61 -10.22 -8.89 -10.61  0.00
\begin{tabular}{lrrrrrrr}
\toprule
{} &     0 &     1 &      2 &      3 &     4 &      5 &     6 \\
\midrule
new\_cluster & -9.40 & -8.21 & -14.35 &  -9.83 & -8.90 & -11.18 & -8.35 \\
c1          & -9.40 & -8.34 & -14.77 &  -9.94 & -8.66 & -10.99 & -8.40 \\
c2          & -9.40 & -8.27 & -14.65 & -10.15 & -8.77 & -10.84 & -8.48 \\
c3          & -9.46 & -8.50 & -14.23 &  -9.88 & -8.55 & -11.30 & -7.93 \\
c4          & -9.46 & -8.22 & -14.57 & -10.06 & -8.87 & -10.93 & -8.53 \\
c5          & -9.40 & -8.30 & -14.25 &  -9.94 & -8.42 & -10.85 & -7.94 \\
c6          & -9.40 & -8.32 & -14.61 & -10.22 & -8.89 & -10.61 &  0.00 \\
\bottomrule
\end{tabular}

                                0            1  ...            5            6
new_cluster  [-1.44, new_cluster]  [-0.21, c1]  ...  [-3.48, c5]  [-8.35, c6]
c1           [-1.44, new_cluster]  [-0.29, c1]  ...  [-3.28, c5]   [-8.4, c6]
c2           [-1.44, new_cluster]  [-0.32, c1]  ...  [-3.14, c5]  [-8.48, c6]
c3           [-1.44, new_cluster]  [-0.42, c1]  ...  [-3.59, c5]  [-7.93, c6]
c4           [-1.44, new_cluster]  [-0.16, c1]  ...  [-3.22, c5]  [-8.53, c6]
c5           [-1.44, new_cluster]  [-0.22, c1]  ...  [-3.15, c5]  [-7.94, c6]
c6           [-1.44, new_cluster]  [-0.24, c1]  ...  [-2.91, c5]        [0, ]

[7 rows x 7 columns]
\begin{tabular}{llllllll}
\toprule
{} &                     0 &            1 &            2 &            3 &            4 &            5 &            6 \\
\midrule
new\_cluster &  [-1.44, new\_cluster] &  [-0.21, c1] &  [-6.33, c2] &  [-2.13, c3] &  [-1.02, c4] &  [-3.48, c5] &  [-8.35, c6] \\
c1          &  [-1.44, new\_cluster] &  [-0.29, c1] &  [-6.75, c2] &  [-2.24, c3] &  [-0.76, c4] &  [-3.28, c5] &   [-8.4, c6] \\
c2          &  [-1.44, new\_cluster] &  [-0.32, c1] &  [-6.61, c2] &  [-2.46, c3] &  [-0.87, c4] &  [-3.14, c5] &  [-8.48, c6] \\
c3          &  [-1.44, new\_cluster] &  [-0.42, c1] &  [-6.21, c2] &  [-2.19, c3] &  [-0.67, c4] &  [-3.59, c5] &  [-7.93, c6] \\
c4          &  [-1.44, new\_cluster] &  [-0.16, c1] &  [-6.54, c2] &  [-2.36, c3] &  [-0.99, c4] &  [-3.22, c5] &  [-8.53, c6] \\
c5          &  [-1.44, new\_cluster] &  [-0.22, c1] &  [-6.22, c2] &  [-2.25, c3] &  [-0.54, c4] &  [-3.15, c5] &  [-7.94, c6] \\
c6          &  [-1.44, new\_cluster] &  [-0.24, c1] &  [-6.57, c2] &  [-2.53, c3] &  [-0.99, c4] &  [-2.91, c5] &        [0, ] \\
\bottomrule
\end{tabular}

