Experiment_path: AE_Model_2/Normalization/Experiment_04
Dataset_Path: ../_00_Datasets/03_SimDaten_Quiroga2020/C_Easy2_noise010.mat
Dataset_name: ['03_SimDaten_Quiroga2020', 'C_Easy2_noise010.mat']
Variant_name: V04_Off_AE_QL
Visualisation_Path: AE_Model_2/Normalization/Experiment_04/C_Easy2_noise010.mat/V04_Off_AE_QL/2023_06_04-19_55_43
Punishment_Coefficient: 0.9
<_01_LoadDataset.ExternCode.spike_class.spike_dataclass object at 0x000001B1B71D9978>
Sampling rate: 24000.0
Raw: [-0.04397287 -0.05368168 -0.05753576 ... -0.17707654 -0.14968225
 -0.12084286]
Times: [   1077    1809    2216 ... 1439324 1439736 1439818]
Cluster: [1 2 3 ... 1 2 3]
Number of different clusters:  3
Number of Spikes: 3520
First aligned Spike Frame: [-5.66507481e-02 -6.59320228e-02 -6.70701971e-02 -7.19520617e-02
 -7.89243788e-02 -8.44863120e-02 -9.23204981e-02 -9.75387283e-02
 -7.89589716e-02 -3.66949571e-02  2.34965171e-04 -2.60677777e-03
 -8.36059782e-02 -2.16751250e-01 -3.29544857e-01 -3.35165947e-01
 -2.03449552e-01  7.47840458e-02  4.22419255e-01  7.09409540e-01
  8.78002642e-01  9.55364309e-01  9.77809330e-01  9.55005143e-01
  8.85120577e-01  8.00574977e-01  7.20670596e-01  6.49598354e-01
  5.48520603e-01  4.27922886e-01  3.27637830e-01  2.50259973e-01
  1.79725440e-01  1.08182425e-01  5.15669298e-02  1.18971249e-02
 -1.33865595e-02 -3.45955406e-02 -6.81150537e-02 -1.12799097e-01
 -1.58924383e-01 -1.84417551e-01 -2.01640893e-01 -2.18864546e-01
 -2.16773696e-01 -2.09095391e-01 -1.81456244e-01]
Cluster 0, Occurrences: 1160
Cluster 1, Occurrences: 1146
Cluster 2, Occurrences: 1214
Train Index: 3168
x_train: 3168
y_train: 3168
x_test: 352
y_test: 352
<torch.utils.data.dataloader.DataLoader object at 0x000001B1EF6DB4A8>
<torch.utils.data.dataloader.DataLoader object at 0x000001B1F341C2E8>
Epoch [1/8]: mean_loss=0.0004319695712036613
Epoch [2/8]: mean_loss=0.00025864356792575414
Epoch [3/8]: mean_loss=0.0002516290075407302
Epoch [4/8]: mean_loss=0.00023994420490737985
Epoch [5/8]: mean_loss=0.00022518710932791977
Epoch [6/8]: mean_loss=0.0002215703688206203
Epoch [7/8]: mean_loss=0.00021991365153525928
Epoch [8/8]: mean_loss=0.00021651708058668349
Number of Clusters: 3
Number of Samples after Autoencoder testing: 352
First Spike after testing: [-1.3561692 -0.5659183]
[0, 2, 2, 0, 0, 1, 0, 1, 2, 1, 0, 0, 1, 0, 0, 0, 0, 1, 0, 2, 1, 2, 1, 2, 1, 0, 2, 1, 2, 0, 2, 0, 1, 0, 2, 0, 1, 1, 0, 1, 1, 1, 2, 0, 2, 1, 0, 0, 0, 1, 2, 2, 0, 1, 2, 2, 0, 0, 2, 2, 0, 2, 1, 2, 1, 1, 2, 0, 2, 2, 2, 1, 2, 1, 2, 2, 2, 2, 2, 0, 0, 0, 0, 1, 2, 0, 1, 2, 1, 2, 1, 1, 2, 2, 1, 1, 1, 1, 0, 1, 0, 2, 1, 1, 1, 0, 1, 0, 2, 1, 2, 2, 1, 2, 0, 1, 2, 1, 0, 2, 0, 2, 2, 2, 0, 2, 2, 1, 1, 0, 1, 0, 2, 0, 2, 2, 2, 1, 0, 0, 2, 1, 1, 2, 1, 0, 2, 2, 1, 2, 0, 2, 2, 2, 0, 1, 1, 2, 0, 2, 1, 0, 1, 2, 1, 0, 1, 2, 2, 0, 2, 2, 2, 2, 1, 0, 0, 0, 0, 0, 1, 0, 0, 2, 2, 0, 2, 2, 0, 1, 0, 2, 1, 0, 1, 0, 0, 2, 0, 2, 0, 0, 2, 1, 2, 1, 0, 0, 2, 1, 1, 0, 1, 2, 0, 1, 1, 0, 0, 2, 0, 1, 0, 2, 1, 1, 1, 2, 0, 1, 2, 1, 1, 1, 2, 2, 1, 1, 2, 2, 0, 1, 1, 1, 1, 2, 0, 2, 0, 1, 2, 2, 1, 0, 2, 2, 1, 1, 2, 2, 2, 2, 2, 2, 0, 0, 2, 0, 0, 0, 0, 0, 2, 2, 1, 2, 1, 0, 2, 1, 0, 0, 2, 2, 0, 2, 0, 2, 0, 2, 0, 2, 2, 0, 1, 2, 1, 1, 1, 2, 0, 2, 2, 0, 0, 2, 0, 1, 2, 2, 0, 1, 0, 2, 1, 0, 1, 1, 1, 1, 0, 0, 2, 0, 1, 1, 2, 1, 0, 1, 0, 2, 1, 0, 2, 2, 2, 1, 2, 1, 2, 0, 0, 2, 2, 2, 1, 0, 2, 0, 1, 2]
[0, 1, 1, 0, 0, 0, 0, 2, 1, 0, 0, 0, 0, 0, 0, 0, 0, 3, 0, 1, 3, 1, 3, 1, 3, 0, 1, 0, 1, 0, 1, 0, 3, 0, 1, 0, 3, 3, 0, 3, 3, 3, 1, 0, 1, 3, 0, 0, 0, 0, 1, 1, 0, 3, 1, 1, 0, 0, 1, 1, 0, 1, 3, 1, 3, 3, 1, 0, 1, 1, 1, 3, 1, 0, 1, 1, 1, 1, 1, 0, 0, 0, 0, 3, 1, 0, 3, 1, 0, 1, 3, 3, 1, 1, 3, 3, 3, 3, 4, 4, 0, 2, 3, 0, 3, 0, 3, 0, 1, 3, 1, 1, 3, 1, 0, 0, 1, 3, 0, 1, 0, 1, 1, 1, 0, 1, 1, 3, 3, 4, 4, 0, 1, 0, 1, 1, 1, 3, 0, 0, 2, 3, 3, 1, 3, 0, 1, 1, 3, 1, 0, 1, 2, 1, 0, 2, 3, 1, 0, 1, 3, 0, 3, 1, 3, 0, 3, 1, 1, 0, 1, 1, 1, 1, 3, 0, 0, 0, 0, 0, 3, 0, 0, 1, 1, 0, 1, 1, 0, 3, 0, 1, 3, 0, 5, 0, 0, 1, 0, 1, 0, 0, 1, 3, 1, 3, 0, 6, 1, 3, 3, 0, 3, 1, 0, 3, 3, 0, 0, 2, 2, 3, 0, 1, 3, 3, 3, 1, 0, 3, 1, 0, 3, 3, 1, 1, 3, 3, 1, 1, 0, 3, 3, 3, 3, 1, 0, 1, 4, 4, 1, 1, 3, 0, 2, 1, 3, 3, 1, 5, 1, 1, 1, 1, 0, 0, 1, 0, 0, 0, 0, 6, 1, 1, 3, 1, 3, 0, 1, 3, 0, 0, 1, 1, 0, 1, 0, 2, 0, 1, 0, 1, 1, 0, 3, 1, 3, 0, 3, 1, 0, 1, 1, 0, 0, 1, 0, 3, 1, 1, 0, 3, 0, 1, 3, 0, 3, 3, 3, 3, 0, 0, 1, 0, 3, 3, 2, 3, 0, 3, 0, 1, 3, 0, 1, 1, 1, 3, 1, 3, 1, 0, 0, 1, 1, 1, 3, 0, 1, 0, 3, 1]
Centroids: [[-1.7481899, -0.40651065], [-0.3737726, -1.0464505], [1.2311727, 2.0472717]]
Centroids: [[-1.6067936, -0.45908904], [1.2595702, 2.097636], [0.46189985, 0.9605935], [-0.2167692, -1.1312181], [-3.486001, 0.30936894], [-0.038018465, -0.18086433], [-2.8713367, -1.4295151]]
Standard Derivations: [0.35854882, 0.60450095, 0.30690104]
Cluster Distances: [0.5530458, 3.1942973, 0.55304587, 2.573848, 3.1942973, 2.573848]
Minimal Cluster Distance: 0.5530458092689514
Contingency Matrix: 
[[106   0   1   0   3   0   2]
 [ 11   0   2  91   3   1   0]
 [  0 124   7   0   0   1   0]]
[[106, 0, 1, 0, 3, 0, 2], [11, 0, 2, 91, 3, 1, 0], [0, 124, 7, 0, 0, 1, 0]]
[[106, 0, 1, 0, 3, 0, 2], [11, 0, 2, 91, 3, 1, 0], [0, 124, 7, 0, 0, 1, 0]]
[0, 1, 2, 3, 4, 5, 6]
[[106, -1, 1, 0, 3, 0, 2], [11, -1, 2, 91, 3, 1, 0], [-1, -1, -1, -1, -1, -1, -1]]
[[-1, -1, -1, -1, -1, -1, -1], [-1, -1, 2, 91, 3, 1, 0], [-1, -1, -1, -1, -1, -1, -1]]
[[-1, -1, -1, -1, -1, -1, -1], [-1, -1, -1, -1, -1, -1, -1], [-1, -1, -1, -1, -1, -1, -1]]
Match_Labels: {2: 1, 0: 0, 1: 3}
New Contingency Matrix: 
[[106   0   0   1   3   0   2]
 [ 11  91   0   2   3   1   0]
 [  0   0 124   7   0   1   0]]
New Clustered Label Sequence: [0, 3, 1, 2, 4, 5, 6]
Diagonal_Elements: [106, 91, 124], Sum: 321
All_Elements: [106, 0, 0, 1, 3, 0, 2, 11, 91, 0, 2, 3, 1, 0, 0, 0, 124, 7, 0, 1, 0], Sum: 352
Accuracy: 0.9119318181818182
