Experiment_path: AE_Model_1/Base_Line_W_PC//1.5/Experiment_03
Dataset_Path: ../_00_Datasets/03_SimDaten_Quiroga2020/C_Burst_Easy2_noise015.mat
Dataset_name: ['03_SimDaten_Quiroga2020', 'C_Burst_Easy2_noise015.mat']
Variant_name: Variant_03_PCA_QLearning
Visualisation_Path: Base_Line_W_PC//1.5/Experiment_03/C_Burst_Easy2_noise015.mat/Variant_03_PCA_QLearning/2023_04_09-20_40_04
Punishment_Coefficient: 1.5
<_01_LoadDataset.ExternCode.spike_class.spike_dataclass object at 0x000001E48C9EBB00>
Sampling rate: 24000.0
Raw: [ 0.24336953  0.26920333  0.26782334 ... -0.02629827 -0.02223585
 -0.02239043]
Times: [    195     430     737 ... 1439108 1439373 1439782]
Cluster: [2 1 1 ... 2 3 1]
Number of different clusters:  3
Number of Spikes: 3442
First aligned Spike Frame: [-0.01689698 -0.02635498 -0.01562648  0.02897143  0.09419909  0.16126917
  0.22354469  0.27941475  0.32258352  0.34699582  0.35463705  0.34576274
  0.299707    0.15447276 -0.11443537 -0.29135945 -0.02374047  0.60144887
  1.08218794  1.17595279  1.04108946  0.87905736  0.74420278  0.62460764
  0.52287424  0.43951429  0.36219288  0.28506818  0.21680111  0.17041962
  0.1410207   0.12802623  0.13803385  0.16548243  0.19507167  0.22209636
  0.24476727  0.25441697  0.2415664   0.21156445  0.18433246  0.16716092
  0.15280507  0.14158827  0.14947965  0.19464084  0.26501024]
Cluster 0, Occurrences: 1159
Cluster 1, Occurrences: 1156
Cluster 2, Occurrences: 1127
Number of Samples after PCA: 3442
First Spike Frame after PCA: [0.34359769 0.03153404]
Number of Spikes for Q_Learning: 300
[0, 0, 0, 0, 1, 0, 0, 1, 0, 1, 0, 0, 1, 0, 0, 1, 0, 0, 0, 1, 0, 0, 0, 1, 0, 0, 1, 0, 0, 0, 0, 0, 0, 1, 0, 0, 0, 0, 1, 0, 0, 0, 1, 1, 0, 0, 1, 0, 1, 1, 0, 1, 0, 1, 0, 0, 0, 1, 0, 1, 1, 0, 0, 0, 0, 0, 0, 1, 1, 0, 0, 0, 0, 0, 0, 1, 0, 1, 0, 0, 0, 0, 1, 0, 0, 1, 0, 0, 0, 1, 0, 0, 1, 1, 1, 0, 0, 0, 0, 1, 1, 0, 0, 1, 0, 0, 0, 0, 0, 1, 0, 0, 1, 1, 0, 1, 0, 0, 0, 1, 1, 0, 0, 0, 1, 1, 0, 0, 0, 1, 0, 1, 0, 0, 0, 1, 0, 1, 1, 0, 0, 1, 0, 0, 0, 0, 0, 0, 2, 1, 0, 0, 1, 0, 1, 0, 0, 1, 1, 0, 1, 0, 0, 1, 0, 1, 0, 1, 0, 1, 0, 1, 1, 1, 1, 0, 2, 0, 0, 2, 0, 0, 2, 0, 1, 1, 0, 1, 0, 0, 0, 1, 0, 2, 1, 1, 0, 2, 1, 2, 0, 1, 2, 2, 0, 2, 1, 0, 1, 0, 2, 1, 0, 2, 0, 1, 2, 2, 1, 1, 1, 0, 0, 0, 0, 2, 1, 1, 0, 2, 1, 0, 0, 2, 0, 1, 2, 2, 3, 1, 2, 1, 0, 0, 0, 0, 2, 0, 0, 1, 2, 1, 0, 2, 1, 2, 0, 1, 1, 0, 0, 0, 1, 2, 0, 2, 1, 2, 0, 1, 0, 1, 1, 0, 0, 0, 2, 1, 0, 0, 1, 2, 1, 1, 1, 2, 1, 1, 0, 2, 0, 0, 1, 1, 1, 0, 1, 1, 0, 0]
{'c1': [array([ 0.78915663,  0.39382016,  1.27722166,  1.88780781,  0.27147927,
        1.36283799,  0.37425776,  0.60053314,  1.75338134,  1.27488528,
        0.57797955,  1.46016575,  0.90962892,  0.97424799,  0.96167708,
        0.35944361,  0.83788022,  0.17233257,  1.03862351,  0.77843068,
       -0.0233515 ,  0.48650841, -0.36873522, -0.00369783,  0.46570654,
        1.8253846 ,  0.07372278,  0.37393968,  0.65133434,  0.97336096,
        0.59777668, -0.02556086, -0.10993193,  0.01749978,  0.94379498,
        1.08046538, -0.13615635, -0.34633556, -0.33355749, -0.27069355,
        0.4090821 ,  0.18939287,  1.00737624,  0.07024576,  1.04984101,
        0.27239239,  0.08337137,  1.14959927,  0.47229515,  0.25957776,
        0.30985988, -0.08803479,  0.01946863,  0.93540682,  0.73205109,
        0.73242811,  0.94789528,  0.53323049,  0.08947624,  0.87182886]), array([ 4.01934084e-01,  1.33302455e+00, -1.76784433e-01,  3.36107195e-01,
       -4.08518388e-01,  6.18357441e-01, -8.80597825e-01, -5.11860825e-01,
       -6.86101428e-02,  8.95932183e-04, -5.48881945e-01, -2.78369252e-01,
       -1.07167192e+00,  3.47770014e-02,  5.36837590e-01, -5.76758755e-01,
        5.14765421e-02, -8.20446262e-01, -8.31304622e-01, -8.88318214e-01,
       -1.69420029e+00, -8.90743372e-01, -1.64348757e+00, -1.47617898e+00,
       -2.06546568e-01, -9.43214171e-01, -1.13600189e+00, -1.05980677e+00,
       -2.92444080e-01,  5.07488574e-02,  1.75233246e-01, -1.40258649e+00,
       -6.60826675e-01, -1.39979435e+00,  1.33956872e-01,  6.46079486e-01,
       -9.66229962e-01, -1.27947907e+00, -8.77621494e-01,  5.23776108e-01,
       -1.72520164e+00, -2.79447788e-01, -9.44099108e-01, -1.35776256e+00,
       -3.87955119e-01, -1.16218546e+00, -1.01876061e+00, -9.78559086e-01,
       -6.22716367e-01, -1.62044900e+00, -6.57677454e-01, -1.29360896e+00,
       -1.26188950e+00, -8.57454267e-01, -6.39037275e-01,  1.68446012e-01,
       -1.55992432e-01, -5.76156856e-01, -1.45705348e+00, -9.39449386e-01])], 'c2': [array([-2.50884844, -2.53952981, -2.10202988, -2.34124218, -2.21501343,
       -2.60132955, -2.7053696 , -1.82262201, -1.80627165, -1.63929755,
       -2.41333971, -1.11688217, -1.47141651, -2.46201578, -2.15379015,
       -2.36120857, -1.60907647, -3.28566678, -2.08665527, -2.82962955,
       -2.76707575, -1.55225798, -2.22727276, -1.66630813, -2.14118475,
       -2.02989424, -1.04947809, -2.01456969, -2.43853843, -2.31076531,
       -2.21624406, -1.74880603, -1.54723922, -2.41519892, -1.88911669,
       -3.13698468, -2.18190113, -2.48220954, -2.06458842, -2.08107178,
       -3.01489486, -1.95233106, -2.77410694, -2.26210362, -2.21935166,
       -2.51345713, -2.67893123, -2.5204814 , -2.17077175, -1.9207177 ,
       -2.00999987, -3.10367013, -1.8384342 , -1.67885557, -2.17499069,
       -1.73086873, -0.99775863, -2.17728428, -1.68333224, -2.58064475]), array([ 0.1295136 ,  0.2137716 ,  0.10330638,  2.32220709, -0.00788321,
        0.77199493,  0.9004057 ,  0.71805043, -0.0091222 ,  0.24666215,
       -0.37313424,  0.74811931, -0.68409416, -0.25975243,  0.86331865,
       -0.06028779,  0.25453587,  1.51354317,  1.09320539,  0.24397281,
        0.01391558, -0.07210538,  0.37363548, -0.28739933,  0.91598582,
       -0.70495034, -0.11505905, -0.83236509,  1.06071327,  1.08907932,
        0.48460055,  0.6690923 ,  0.30882347,  0.28801254,  0.27035766,
        1.57898894,  0.44812378,  0.79685392,  0.26663316, -0.13450332,
       -0.37636813, -0.16741222, -0.22901925,  0.2117799 , -0.76736468,
        0.54101121,  0.10168983, -0.62009821,  0.31807603,  0.76908369,
        0.37842562, -0.45929805,  0.8240737 , -0.19140815, -0.25112318,
        0.74319309,  0.7687323 ,  0.49450102,  0.55666761, -0.42142777])], 'c3': [array([2.67348656, 1.9826932 , 1.84160973, 1.40041891, 1.57483418,
       1.45777385, 1.86828119, 1.51499926, 1.63898974, 1.81697182,
       2.01375898, 1.17489164, 1.61375787, 1.45070004, 0.94873634,
       2.03944988, 2.4532316 , 1.17331067, 3.20911669, 1.56015741,
       1.64495997, 1.87770177, 1.70684224, 1.93478603, 1.25404806,
       1.23257054, 1.55013994, 1.57397232, 1.62392717, 2.24230973,
       1.2664545 ]), array([ 2.02197057,  0.89746214,  1.34992401,  0.454455  ,  0.74072933,
        0.34614849, -0.03245586, -0.06102017,  0.33911176,  0.57841696,
        0.9466828 ,  0.69458406,  0.49179042,  0.34163952,  0.34436926,
        0.38759478,  1.1084189 ,  0.48278447,  1.16669719,  0.86305623,
        0.46363945,  0.85112706,  0.30772732,  0.37142191,  0.84724294,
        0.42136942,  0.66171343,  1.74644399,  0.16649839,  0.58581785,
        0.29521488])], 'c4': [array([0.0572928]), array([3.09746075])]}
Centroids: [[1.4753986631148561, 0.4910640570712677], [0.48634305030500574, -0.7871002540562833], [-2.195784092312847, 0.3075848794279655]]
Centroids: [[0.7925427606511695, -0.38898209357858904], [-2.195784092312847, 0.3075848794279655], [1.7198348985270282, 0.6509863385651429], [0.057292798728181854, 3.09746074668972]]
Contingency Matrix: 
[[ 59   0  30   0]
 [105   0   1   1]
 [  0 104   0   0]]
[[59, 0, 30, 0], [105, 0, 1, 1], [0, 104, 0, 0]]
[[59, 0, 30, 0], [105, 0, 1, 1], [0, 104, 0, 0]]
[0, 1, 2, 3]
[[-1, 0, 30, 0], [-1, -1, -1, -1], [-1, 104, 0, 0]]
[[-1, -1, 30, 0], [-1, -1, -1, -1], [-1, -1, -1, -1]]
[[-1, -1, -1, -1], [-1, -1, -1, -1], [-1, -1, -1, -1]]
Match_Labels: {1: 0, 2: 1, 0: 2}
New Contingency Matrix: 
[[ 30  59   0   0]
 [  1 105   0   1]
 [  0   0 104   0]]
New Clustered Label Sequence: [2, 0, 1, 3]
Diagonal_Elements: [30, 105, 104], Sum: 239
All_Elements: [30, 59, 0, 0, 1, 105, 0, 1, 0, 0, 104, 0], Sum: 300
Accuracy: 0.7966666666666666
