Seed: 3
Experiment_path: AE_Model_2/Random_Seeds//V4/Experiment_04_3
Dataset_Path: ../_00_Datasets/03_SimDaten_Quiroga2020/C_Difficult1_noise005.mat
Dataset_name: ['03_SimDaten_Quiroga2020', 'C_Difficult1_noise005.mat']
Variant_name: Variant_04_Offline_Autoencoder_QLearning
Visualisation_Path: Random_Seeds//V4/Experiment_04_3/C_Difficult1_noise005.mat/Variant_04_Offline_Autoencoder_QLearning/2023_04_21-13_36_01
Split Ratio: 0.9
Epochs: 8
Batch Size: 1
Input Size: 47
Number of Features: 2
Chosen Model: Convolutional Autoencoder
ConvolutionalAutoencoder(
  (encoder): Sequential(
    (0): Conv1d(1, 6, kernel_size=(6,), stride=(1,))
    (1): LeakyReLU(negative_slope=0.01)
    (2): Conv1d(6, 1, kernel_size=(6,), stride=(1,))
    (3): Flatten(start_dim=1, end_dim=-1)
    (4): Linear(in_features=37, out_features=2, bias=True)
  )
  (decoder): Sequential(
    (0): ConvTranspose1d(1, 6, kernel_size=(6,), stride=(1,))
    (1): LeakyReLU(negative_slope=0.01)
    (2): ConvTranspose1d(6, 1, kernel_size=(6,), stride=(1,))
    (3): Flatten(start_dim=1, end_dim=-1)
    (4): Linear(in_features=12, out_features=47, bias=True)
  )
)
MSELoss()
Adam (
Parameter Group 0
    amsgrad: False
    betas: (0.9, 0.999)
    capturable: False
    differentiable: False
    eps: 1e-08
    foreach: None
    fused: False
    lr: 0.001
    maximize: False
    weight_decay: 0
)
---Q Learning Parameters---
Normalisation: False
Punishment Coefficient: 0.3
Alpha: 0.8
Epsilon: 0.01
Gamma: 0.97
Initial Episode Number: 0
Episode Number Coefficient: 1.4
Number of Random Features: 20
Planning Number: 20
Max Random Features: 60
New Episode Number: 72
New Episode Number: 143
New Episode Number: 215
New Episode Number: 286
New Episode Number: 358
New Episode Number: 429
New Episode Number: 500
New Episode Number: 572
New Episode Number: 643
New Episode Number: 715
New Episode Number: 786
New Episode Number: 858
New Episode Number: 929
New Episode Number: 1000
New Episode Number: 1072
New Episode Number: 1143
New Episode Number: 1215
               0     1     2     3     4   ...    13    14    15     16    17
new_cluster -0.79 -4.39 -2.36 -0.64 -0.40  ... -7.69 -1.60 -1.55 -10.92 -6.25
c1          -0.80 -4.20 -2.58 -0.59 -0.40  ... -7.69 -1.51 -1.55 -10.92 -6.25
c2          -0.76 -4.16 -2.32 -0.63 -0.42  ... -7.69 -1.60 -1.55 -10.92 -6.25
c3          -0.76 -4.30 -2.61 -0.59 -0.41  ... -7.69 -1.62 -1.55 -10.92 -6.25
c4          -0.80 -4.30 -2.77 -0.63 -0.41  ... -7.69 -1.53 -1.55 -10.92 -6.25
c5          -0.76 -4.33 -2.51 -0.64 -0.41  ... -7.69 -1.50 -1.55 -10.92 -6.25
c6          -0.80 -4.50 -2.77 -0.62 -0.42  ... -7.69 -1.62 -1.55 -10.92 -6.25
c7          -0.80 -4.26 -2.60 -0.61 -0.41  ... -7.69 -1.51 -1.55 -10.92 -6.25
c8          -0.76 -4.53 -2.31 -0.65 -0.40  ... -7.69 -1.52 -1.55 -10.92 -6.25
c9          -0.80 -4.44 -2.51 -0.67 -0.40  ... -7.69 -1.51 -1.55 -10.92 -6.25
c10         -0.80 -4.33 -2.56 -0.59 -0.39  ... -7.69 -1.56 -1.55 -10.92 -6.25
c11         -0.80 -4.17 -2.53 -0.65 -0.40  ...  0.00  0.00  0.00   0.00  0.00
c12         -0.79 -4.12 -2.67 -0.63 -0.41  ...  0.00  0.00  0.00   0.00  0.00
c13         -0.80 -4.34 -2.50 -0.61 -0.40  ...  0.00  0.00  0.00   0.00  0.00
c14         -0.80 -4.32 -2.29 -0.59 -0.41  ...  0.00  0.00  0.00   0.00  0.00
c15         -0.79 -4.24 -2.37 -0.70 -0.39  ...  0.00  0.00  0.00   0.00  0.00
c16         -0.76 -4.45 -2.49 -0.65 -0.40  ...  0.00  0.00  0.00   0.00  0.00
c17         -0.76 -4.71 -2.53 -0.59 -0.42  ...  0.00  0.00  0.00   0.00  0.00

[18 rows x 18 columns]
\begin{tabular}{lrrrrrrrrrrrrrrrrrr}
\toprule
{} &    0  &    1  &    2  &    3  &    4  &    5  &    6  &    7  &    8  &    9  &    10 &    11 &    12 &    13 &    14 &    15 &     16 &    17 \\
\midrule
new\_cluster & -0.79 & -4.39 & -2.36 & -0.64 & -0.40 & -2.65 & -0.69 & -2.73 & -0.93 & -0.67 & -1.08 & -2.39 & -2.49 & -7.69 & -1.60 & -1.55 & -10.92 & -6.25 \\
c1          & -0.80 & -4.20 & -2.58 & -0.59 & -0.40 & -2.94 & -0.64 & -2.79 & -1.02 & -0.73 & -0.82 & -2.52 & -2.66 & -7.69 & -1.51 & -1.55 & -10.92 & -6.25 \\
c2          & -0.76 & -4.16 & -2.32 & -0.63 & -0.42 & -2.75 & -0.70 & -2.65 & -0.94 & -0.67 & -0.77 & -2.24 & -2.51 & -7.69 & -1.60 & -1.55 & -10.92 & -6.25 \\
c3          & -0.76 & -4.30 & -2.61 & -0.59 & -0.41 & -2.77 & -0.68 & -2.79 & -0.91 & -0.70 & -0.90 & -2.39 & -2.70 & -7.69 & -1.62 & -1.55 & -10.92 & -6.25 \\
c4          & -0.80 & -4.30 & -2.77 & -0.63 & -0.41 & -3.03 & -0.73 & -2.65 & -0.89 & -0.78 & -0.89 & -2.44 & -2.39 & -7.69 & -1.53 & -1.55 & -10.92 & -6.25 \\
c5          & -0.76 & -4.33 & -2.51 & -0.64 & -0.41 & -3.04 & -0.64 & -2.91 & -1.14 & -0.61 & -0.90 & -2.43 & -2.68 & -7.69 & -1.50 & -1.55 & -10.92 & -6.25 \\
c6          & -0.80 & -4.50 & -2.77 & -0.62 & -0.42 & -2.84 & -0.67 & -2.75 & -1.00 & -0.61 & -0.89 & -2.18 & -2.48 & -7.69 & -1.62 & -1.55 & -10.92 & -6.25 \\
c7          & -0.80 & -4.26 & -2.60 & -0.61 & -0.41 & -3.09 & -0.69 & -2.81 & -1.00 & -0.70 & -0.91 & -2.36 & -2.50 & -7.69 & -1.51 & -1.55 & -10.92 & -6.25 \\
c8          & -0.76 & -4.53 & -2.31 & -0.65 & -0.40 & -2.94 & -0.63 & -2.84 & -1.05 & -0.61 & -0.85 & -2.30 & -2.70 & -7.69 & -1.52 & -1.55 & -10.92 & -6.25 \\
c9          & -0.80 & -4.44 & -2.51 & -0.67 & -0.40 & -2.85 & -0.66 & -2.94 & -1.07 & -0.65 & -0.88 & -2.17 & -2.79 & -7.69 & -1.51 & -1.55 & -10.92 & -6.25 \\
c10         & -0.80 & -4.33 & -2.56 & -0.59 & -0.39 & -2.80 & -0.65 & -2.75 & -1.09 & -0.60 & -0.84 & -2.27 & -2.51 & -7.69 & -1.56 & -1.55 & -10.92 & -6.25 \\
c11         & -0.80 & -4.17 & -2.53 & -0.65 & -0.40 & -2.83 & -0.67 & -2.72 & -1.04 & -0.64 & -0.95 &  0.00 &  0.00 &  0.00 &  0.00 &  0.00 &   0.00 &  0.00 \\
c12         & -0.79 & -4.12 & -2.67 & -0.63 & -0.41 & -2.70 & -0.65 & -2.65 & -0.91 & -0.63 & -0.88 &  0.00 &  0.00 &  0.00 &  0.00 &  0.00 &   0.00 &  0.00 \\
c13         & -0.80 & -4.34 & -2.50 & -0.61 & -0.40 & -3.08 & -0.62 & -2.65 & -0.91 & -0.67 & -0.94 &  0.00 &  0.00 &  0.00 &  0.00 &  0.00 &   0.00 &  0.00 \\
c14         & -0.80 & -4.32 & -2.29 & -0.59 & -0.41 & -2.50 & -0.66 & -2.93 & -0.93 & -0.60 & -0.83 &  0.00 &  0.00 &  0.00 &  0.00 &  0.00 &   0.00 &  0.00 \\
c15         & -0.79 & -4.24 & -2.37 & -0.70 & -0.39 & -2.90 & -0.71 & -2.68 & -0.90 & -0.59 & -0.97 &  0.00 &  0.00 &  0.00 &  0.00 &  0.00 &   0.00 &  0.00 \\
c16         & -0.76 & -4.45 & -2.49 & -0.65 & -0.40 & -2.81 & -0.65 & -2.83 & -0.83 & -0.69 & -0.92 &  0.00 &  0.00 &  0.00 &  0.00 &  0.00 &   0.00 &  0.00 \\
c17         & -0.76 & -4.71 & -2.53 & -0.59 & -0.42 & -2.87 & -0.64 & -2.84 & -1.03 & -0.62 &  0.00 &  0.00 &  0.00 &  0.00 &  0.00 &  0.00 &   0.00 &  0.00 \\
\bottomrule
\end{tabular}

                               0            1   ...             16            17
new_cluster  [-0.36, new_cluster]  [-3.97, c1]  ...  [-10.92, c16]  [-6.25, c17]
c1           [-0.36, new_cluster]  [-3.79, c1]  ...  [-10.92, c16]  [-6.25, c17]
c2           [-0.36, new_cluster]  [-3.74, c1]  ...  [-10.92, c16]  [-6.25, c17]
c3           [-0.36, new_cluster]  [-3.91, c1]  ...  [-10.92, c16]  [-6.25, c17]
c4           [-0.36, new_cluster]  [-3.89, c1]  ...  [-10.92, c16]  [-6.25, c17]
c5           [-0.36, new_cluster]  [-3.91, c1]  ...  [-10.92, c16]  [-6.25, c17]
c6           [-0.36, new_cluster]  [-4.08, c1]  ...  [-10.92, c16]  [-6.25, c17]
c7           [-0.36, new_cluster]  [-3.84, c1]  ...  [-10.92, c16]  [-6.25, c17]
c8           [-0.36, new_cluster]  [-4.12, c1]  ...  [-10.92, c16]  [-6.25, c17]
c9           [-0.36, new_cluster]  [-4.03, c1]  ...  [-10.92, c16]  [-6.25, c17]
c10          [-0.36, new_cluster]  [-3.91, c1]  ...  [-10.92, c16]  [-6.25, c17]
c11          [-0.36, new_cluster]  [-3.73, c1]  ...          [0, ]         [0, ]
c12          [-0.36, new_cluster]   [-3.7, c1]  ...          [0, ]         [0, ]
c13          [-0.36, new_cluster]  [-3.91, c1]  ...          [0, ]         [0, ]
c14          [-0.36, new_cluster]  [-3.92, c1]  ...          [0, ]         [0, ]
c15          [-0.36, new_cluster]  [-3.83, c1]  ...          [0, ]         [0, ]
c16          [-0.36, new_cluster]  [-4.04, c1]  ...          [0, ]         [0, ]
c17          [-0.36, new_cluster]   [-4.3, c1]  ...          [0, ]         [0, ]

[18 rows x 18 columns]
\begin{tabular}{lllllllllllllllllll}
\toprule
{} &                    0  &           1  &           2  &           3  &           4  &           5  &           6  &           7  &           8  &           9  &            10 &            11 &            12 &            13 &            14 &            15 &             16 &            17 \\
\midrule
new\_cluster &  [-0.36, new\_cluster] &  [-3.97, c1] &  [-1.95, c2] &  [-0.23, c3] &  [-0.01, c4] &  [-2.25, c5] &  [-0.28, c6] &  [-2.35, c7] &  [-0.55, c8] &  [-0.28, c9] &  [-0.71, c10] &  [-2.39, c11] &  [-2.49, c12] &  [-7.69, c13] &   [-1.6, c14] &  [-1.55, c15] &  [-10.92, c16] &  [-6.25, c17] \\
c1          &  [-0.36, new\_cluster] &  [-3.79, c1] &  [-2.17, c2] &  [-0.19, c3] &  [-0.02, c4] &  [-2.54, c5] &  [-0.23, c6] &  [-2.41, c7] &  [-0.64, c8] &  [-0.33, c9] &  [-0.45, c10] &  [-2.52, c11] &  [-2.66, c12] &  [-7.69, c13] &  [-1.51, c14] &  [-1.55, c15] &  [-10.92, c16] &  [-6.25, c17] \\
c2          &  [-0.36, new\_cluster] &  [-3.74, c1] &  [-1.91, c2] &  [-0.23, c3] &  [-0.02, c4] &  [-2.35, c5] &  [-0.29, c6] &  [-2.26, c7] &  [-0.55, c8] &  [-0.27, c9] &   [-0.4, c10] &  [-2.24, c11] &  [-2.51, c12] &  [-7.69, c13] &   [-1.6, c14] &  [-1.55, c15] &  [-10.92, c16] &  [-6.25, c17] \\
c3          &  [-0.36, new\_cluster] &  [-3.91, c1] &   [-2.2, c2] &  [-0.18, c3] &  [-0.02, c4] &  [-2.37, c5] &  [-0.25, c6] &  [-2.41, c7] &  [-0.52, c8] &  [-0.31, c9] &  [-0.53, c10] &  [-2.39, c11] &   [-2.7, c12] &  [-7.69, c13] &  [-1.62, c14] &  [-1.55, c15] &  [-10.92, c16] &  [-6.25, c17] \\
c4          &  [-0.36, new\_cluster] &  [-3.89, c1] &  [-2.36, c2] &  [-0.24, c3] &  [-0.01, c4] &  [-2.63, c5] &   [-0.3, c6] &  [-2.27, c7] &   [-0.5, c8] &  [-0.39, c9] &  [-0.52, c10] &  [-2.44, c11] &  [-2.39, c12] &  [-7.69, c13] &  [-1.53, c14] &  [-1.55, c15] &  [-10.92, c16] &  [-6.25, c17] \\
c5          &  [-0.36, new\_cluster] &  [-3.91, c1] &  [-2.09, c2] &  [-0.25, c3] &  [-0.02, c4] &  [-2.59, c5] &  [-0.24, c6] &  [-2.52, c7] &  [-0.71, c8] &  [-0.22, c9] &  [-0.53, c10] &  [-2.43, c11] &  [-2.68, c12] &  [-7.69, c13] &   [-1.5, c14] &  [-1.55, c15] &  [-10.92, c16] &  [-6.25, c17] \\
c6          &  [-0.36, new\_cluster] &  [-4.08, c1] &  [-2.36, c2] &  [-0.22, c3] &  [-0.01, c4] &  [-2.45, c5] &  [-0.26, c6] &  [-2.37, c7] &  [-0.57, c8] &  [-0.22, c9] &  [-0.52, c10] &  [-2.18, c11] &  [-2.48, c12] &  [-7.69, c13] &  [-1.62, c14] &  [-1.55, c15] &  [-10.92, c16] &  [-6.25, c17] \\
c7          &  [-0.36, new\_cluster] &  [-3.84, c1] &   [-2.2, c2] &  [-0.22, c3] &  [-0.01, c4] &  [-2.69, c5] &  [-0.28, c6] &   [-2.4, c7] &  [-0.62, c8] &   [-0.3, c9] &  [-0.54, c10] &  [-2.36, c11] &   [-2.5, c12] &  [-7.69, c13] &  [-1.51, c14] &  [-1.55, c15] &  [-10.92, c16] &  [-6.25, c17] \\
c8          &  [-0.36, new\_cluster] &  [-4.12, c1] &   [-1.9, c2] &  [-0.24, c3] &  [-0.01, c4] &  [-2.55, c5] &  [-0.23, c6] &  [-2.47, c7] &  [-0.62, c8] &  [-0.21, c9] &  [-0.48, c10] &   [-2.3, c11] &   [-2.7, c12] &  [-7.69, c13] &  [-1.52, c14] &  [-1.55, c15] &  [-10.92, c16] &  [-6.25, c17] \\
c9          &  [-0.36, new\_cluster] &  [-4.03, c1] &   [-2.1, c2] &  [-0.27, c3] &   [-0.0, c4] &  [-2.46, c5] &  [-0.23, c6] &  [-2.52, c7] &  [-0.69, c8] &  [-0.25, c9] &  [-0.53, c10] &  [-2.17, c11] &  [-2.79, c12] &  [-7.69, c13] &  [-1.51, c14] &  [-1.55, c15] &  [-10.92, c16] &  [-6.25, c17] \\
c10         &  [-0.36, new\_cluster] &  [-3.91, c1] &  [-2.15, c2] &  [-0.19, c3] &  [-0.01, c4] &   [-2.4, c5] &  [-0.24, c6] &  [-2.37, c7] &   [-0.7, c8] &  [-0.21, c9] &  [-0.47, c10] &  [-2.27, c11] &  [-2.51, c12] &  [-7.69, c13] &  [-1.56, c14] &  [-1.55, c15] &  [-10.92, c16] &  [-6.25, c17] \\
c11         &  [-0.36, new\_cluster] &  [-3.73, c1] &  [-2.11, c2] &  [-0.24, c3] &  [-0.01, c4] &  [-2.42, c5] &  [-0.24, c6] &  [-2.34, c7] &  [-0.66, c8] &  [-0.24, c9] &   [-0.6, c10] &         [0, ] &         [0, ] &         [0, ] &         [0, ] &         [0, ] &          [0, ] &         [0, ] \\
c12         &  [-0.36, new\_cluster] &   [-3.7, c1] &  [-2.25, c2] &  [-0.23, c3] &  [-0.01, c4] &  [-2.31, c5] &  [-0.22, c6] &  [-2.26, c7] &  [-0.52, c8] &  [-0.23, c9] &  [-0.51, c10] &         [0, ] &         [0, ] &         [0, ] &         [0, ] &         [0, ] &          [0, ] &         [0, ] \\
c13         &  [-0.36, new\_cluster] &  [-3.91, c1] &  [-2.07, c2] &  [-0.21, c3] &  [-0.01, c4] &  [-2.64, c5] &  [-0.22, c6] &  [-2.27, c7] &  [-0.51, c8] &  [-0.28, c9] &  [-0.59, c10] &         [0, ] &         [0, ] &         [0, ] &         [0, ] &         [0, ] &          [0, ] &         [0, ] \\
c14         &  [-0.36, new\_cluster] &  [-3.92, c1] &  [-1.88, c2] &   [-0.2, c3] &  [-0.02, c4] &   [-2.1, c5] &  [-0.25, c6] &  [-2.55, c7] &  [-0.54, c8] &   [-0.2, c9] &  [-0.46, c10] &         [0, ] &         [0, ] &         [0, ] &         [0, ] &         [0, ] &          [0, ] &         [0, ] \\
c15         &  [-0.36, new\_cluster] &  [-3.83, c1] &  [-1.96, c2] &  [-0.29, c3] &  [-0.01, c4] &  [-2.51, c5] &   [-0.3, c6] &  [-2.29, c7] &  [-0.51, c8] &   [-0.2, c9] &  [-0.59, c10] &         [0, ] &         [0, ] &         [0, ] &         [0, ] &         [0, ] &          [0, ] &         [0, ] \\
c16         &  [-0.36, new\_cluster] &  [-4.04, c1] &  [-2.08, c2] &  [-0.24, c3] &  [-0.01, c4] &  [-2.42, c5] &  [-0.24, c6] &  [-2.45, c7] &  [-0.44, c8] &   [-0.3, c9] &  [-0.55, c10] &         [0, ] &         [0, ] &         [0, ] &         [0, ] &         [0, ] &          [0, ] &         [0, ] \\
c17         &  [-0.36, new\_cluster] &   [-4.3, c1] &  [-2.12, c2] &   [-0.2, c3] &  [-0.01, c4] &  [-2.48, c5] &  [-0.23, c6] &  [-2.42, c7] &  [-0.63, c8] &  [-0.22, c9] &         [0, ] &         [0, ] &         [0, ] &         [0, ] &         [0, ] &         [0, ] &          [0, ] &         [0, ] \\
\bottomrule
\end{tabular}

