Seed: 8
Experiment_path: Random_Seeds//V3/Experiment_03_8
Dataset_Path: ../_00_Datasets/03_SimDaten_Quiroga2020/C_Easy1_noise015.mat
Dataset_name: ['03_SimDaten_Quiroga2020', 'C_Easy1_noise015.mat']
Variant_name: Variant_03_PCA_QLearning
Visualisation_Path: Random_Seeds//V3/Experiment_03_8/C_Easy1_noise015.mat/Variant_03_PCA_QLearning/2023_03_22-09_43_43
PCA Components: 2
Q Learning Size: 300
---Q Learning Parameters---
Normalisation: False
Punishment Coefficient: 1.5
Alpha: 0.8
Epsilon: 0.01
Gamma: 0.97
Initial Episode Number: 0
Episode Number Coefficient: 1.4
Number of Random Features: 20
Planning Number: 20
Max Random Features: 60
New Episode Number: 72
New Episode Number: 143
New Episode Number: 215
                 0      1      2      3
new_cluster -35.35 -61.00 -48.73 -27.22
c1          -35.40 -58.93 -46.05 -27.49
c2          -35.40 -61.08 -47.22 -26.94
c3          -35.40 -60.16 -47.63 -27.08
                               0             1             2            3
new_cluster  [-9.0, new_cluster]  [-34.34, c1]   [-22.6, c2]  [-0.86, c3]
c1           [-9.0, new_cluster]  [-32.27, c1]  [-19.86, c2]  [-1.16, c3]
c2           [-9.0, new_cluster]  [-34.41, c1]  [-21.08, c2]  [-0.66, c3]
c3           [-9.0, new_cluster]   [-33.5, c1]  [-21.46, c2]  [-0.73, c3]
