Seed: 4
Experiment_path: AE_Model_2/Random_Seeds_DV5//V5_1/Experiment_05_4_opt
Dataset_Path: ../_00_Datasets/03_SimDaten_Quiroga2020/C_Easy2_noise015.mat
Dataset_name: ['03_SimDaten_Quiroga2020', 'C_Easy2_noise015.mat']
Variant_name: Variant_05_Online_Autoencoder_QLearning_opt
Visualisation_Path: AE_Model_2/Random_Seeds_DV5//V5_1/Experiment_05_4_opt/C_Easy2_noise015.mat/Variant_05_Online_Autoencoder_QLearning_opt/2023_04_23-15_10_18
Normalisation: False
Template Matching: False
Optimising Autoencoder: True
Update Factor: 1
Noisy Batches: False
Noisy Factor: 0.1
Epochs: 8
Batch Size: 1
maximal Spikes for Autoencoder Training : 700
maximal Spikes for Training: 1000
Input Size: 47
Chosen Model: Convolutional Autoencoder
ConvolutionalAutoencoder(
  (encoder): Sequential(
    (0): Conv1d(1, 6, kernel_size=(6,), stride=(1,))
    (1): LeakyReLU(negative_slope=0.01)
    (2): Conv1d(6, 1, kernel_size=(6,), stride=(1,))
    (3): Flatten(start_dim=1, end_dim=-1)
    (4): Linear(in_features=37, out_features=2, bias=True)
  )
  (decoder): Sequential(
    (0): ConvTranspose1d(1, 6, kernel_size=(6,), stride=(1,))
    (1): LeakyReLU(negative_slope=0.01)
    (2): ConvTranspose1d(6, 1, kernel_size=(6,), stride=(1,))
    (3): Flatten(start_dim=1, end_dim=-1)
    (4): Linear(in_features=12, out_features=47, bias=True)
  )
)
MSELoss()
Adam (
Parameter Group 0
    amsgrad: False
    betas: (0.9, 0.999)
    capturable: False
    differentiable: False
    eps: 1e-08
    foreach: None
    fused: False
    lr: 0.001
    maximize: False
    weight_decay: 0
)
---Q Learning Parameters---
Normalisation: False
Punishment Coefficient: 1.0
Alpha: 0.8
Epsilon: 0.01
Gamma: 0.97
Initial Episode Number: 0
Episode Number Coefficient: 1.4
Number of Random Features: 20
Planning Number: 20
Max Random Features: 60
New Episode Number: 72
New Episode Number: 143
New Episode Number: 215
New Episode Number: 286
                 0      1      2      3      4
new_cluster -20.26 -25.22 -18.03 -16.40 -26.20
c1          -19.91 -26.97 -18.02 -16.68 -26.59
c2          -20.27 -25.52 -18.00 -16.15 -26.45
c3          -20.27 -25.29 -17.75 -15.94 -26.13
c4          -20.27 -26.92 -17.66 -16.12 -26.22
\begin{tabular}{lrrrrr}
\toprule
{} &      0 &      1 &      2 &      3 &      4 \\
\midrule
new\_cluster & -20.26 & -25.22 & -18.03 & -16.40 & -26.20 \\
c1          & -19.91 & -26.97 & -18.02 & -16.68 & -26.59 \\
c2          & -20.27 & -25.52 & -18.00 & -16.15 & -26.45 \\
c3          & -20.27 & -25.29 & -17.75 & -15.94 & -26.13 \\
c4          & -20.27 & -26.92 & -17.66 & -16.12 & -26.22 \\
\bottomrule
\end{tabular}

                               0             1  ...            3             4
new_cluster  [-4.0, new_cluster]   [-9.05, c1]  ...  [-0.67, c3]  [-10.48, c4]
c1           [-4.0, new_cluster]   [-10.8, c1]  ...  [-0.61, c3]  [-10.48, c4]
c2           [-4.0, new_cluster]   [-9.35, c1]  ...  [-0.42, c3]  [-10.48, c4]
c3           [-4.0, new_cluster]   [-9.11, c1]  ...  [-0.25, c3]  [-10.48, c4]
c4           [-4.0, new_cluster]  [-10.74, c1]  ...  [-0.46, c3]  [-10.48, c4]

[5 rows x 5 columns]
\begin{tabular}{llllll}
\toprule
{} &                    0 &             1 &            2 &            3 &             4 \\
\midrule
new\_cluster &  [-4.0, new\_cluster] &   [-9.05, c1] &   [-2.0, c2] &  [-0.67, c3] &  [-10.48, c4] \\
c1          &  [-4.0, new\_cluster] &   [-10.8, c1] &  [-2.34, c2] &  [-0.61, c3] &  [-10.48, c4] \\
c2          &  [-4.0, new\_cluster] &   [-9.35, c1] &  [-1.96, c2] &  [-0.42, c3] &  [-10.48, c4] \\
c3          &  [-4.0, new\_cluster] &   [-9.11, c1] &  [-1.73, c2] &  [-0.25, c3] &  [-10.48, c4] \\
c4          &  [-4.0, new\_cluster] &  [-10.74, c1] &  [-1.64, c2] &  [-0.46, c3] &  [-10.48, c4] \\
\bottomrule
\end{tabular}

