Experiment_path: AE_Model_2/Normalization/Experiment_04_norm
Dataset_Path: ../_00_Datasets/03_SimDaten_Quiroga2020/C_Easy1_noise035.mat
Dataset_name: ['03_SimDaten_Quiroga2020', 'C_Easy1_noise035.mat']
Variant_name: V04_Off_AE_QL_norm
Visualisation_Path: AE_Model_2/Normalization/Experiment_04_norm/C_Easy1_noise035.mat/V04_Off_AE_QL_norm/2023_06_04-19_47_48
Punishment_Coefficient: 1.5
<_01_LoadDataset.ExternCode.spike_class.spike_dataclass object at 0x0000018FBC629B70>
Sampling rate: 24000.0
Raw: [-0.01748803 -0.01945498 -0.02011069 ... -0.20744344 -0.24709427
 -0.25077586]
Times: [    662    1043    2861 ... 1439172 1439620 1439793]
Cluster: [1 2 3 ... 3 3 2]
Number of different clusters:  3
Number of Spikes: 3534
First aligned Spike Frame: [ 0.43999329  0.4839933   0.52909327  0.52642944  0.43496308  0.26335103
  0.0652557  -0.09376199 -0.19786698 -0.28302287 -0.39101775 -0.51215993
 -0.44771361  0.07217119  0.76700554  0.91966677  0.38465989 -0.27458603
 -0.59813837 -0.63307973 -0.5997719  -0.60009658 -0.61792931 -0.61010846
 -0.56778745 -0.50195254 -0.4233035  -0.35404397 -0.29120082 -0.20969116
 -0.09592158  0.02951377  0.1302449   0.18393993  0.21396859  0.24968719
  0.25635801  0.17294061 -0.01474948 -0.24084414 -0.43698551 -0.59191978
 -0.72153644 -0.80995398 -0.82451785 -0.75320979 -0.64145157]
Cluster 0, Occurrences: 1208
Cluster 1, Occurrences: 1137
Cluster 2, Occurrences: 1189
Train Index: 3181
x_train: 3181
y_train: 3181
x_test: 353
y_test: 353
<torch.utils.data.dataloader.DataLoader object at 0x0000018FBB8E4080>
<torch.utils.data.dataloader.DataLoader object at 0x0000018FB71A01D0>
Epoch [1/8]: mean_loss=0.0012588188080283988
Epoch [2/8]: mean_loss=0.0008373804810857743
Epoch [3/8]: mean_loss=0.0006926038285792904
Epoch [4/8]: mean_loss=0.0006719836935925619
Epoch [5/8]: mean_loss=0.0006704653538025726
Epoch [6/8]: mean_loss=0.0006666741565488225
Epoch [7/8]: mean_loss=0.0006578835889729865
Epoch [8/8]: mean_loss=0.0006527157719383184
Number of Clusters: 3
Number of Samples after Autoencoder testing: 351
First Spike after testing: [2.9623652 1.6120832]
[2, 1, 2, 1, 0, 0, 1, 0, 0, 0, 2, 2, 1, 2, 2, 2, 1, 2, 2, 1, 0, 2, 1, 1, 2, 1, 2, 0, 0, 1, 2, 2, 0, 0, 2, 0, 0, 2, 1, 2, 1, 1, 2, 1, 2, 0, 0, 1, 2, 0, 2, 2, 1, 1, 1, 2, 1, 0, 2, 0, 1, 1, 0, 1, 2, 1, 1, 2, 2, 1, 2, 0, 2, 1, 2, 2, 1, 1, 1, 2, 0, 0, 0, 1, 2, 0, 0, 0, 2, 1, 0, 1, 0, 2, 1, 0, 2, 1, 0, 1, 1, 0, 2, 1, 2, 2, 0, 0, 2, 0, 2, 2, 0, 2, 0, 0, 2, 2, 0, 2, 0, 2, 0, 1, 0, 0, 0, 0, 2, 2, 0, 0, 1, 0, 1, 2, 0, 2, 1, 2, 0, 0, 1, 1, 1, 2, 0, 1, 1, 1, 0, 1, 2, 2, 1, 0, 1, 1, 2, 0, 0, 0, 0, 0, 0, 1, 2, 0, 2, 2, 2, 0, 2, 0, 1, 2, 0, 1, 2, 1, 2, 0, 1, 1, 0, 0, 2, 0, 1, 1, 1, 1, 2, 2, 1, 1, 1, 2, 0, 2, 0, 1, 2, 1, 0, 0, 2, 0, 2, 1, 0, 2, 0, 2, 0, 1, 0, 0, 0, 0, 1, 2, 2, 1, 1, 1, 2, 1, 0, 1, 1, 2, 2, 2, 2, 2, 2, 2, 0, 1, 2, 2, 2, 1, 0, 0, 1, 1, 0, 0, 2, 2, 1, 2, 2, 1, 2, 0, 0, 1, 2, 2, 2, 1, 0, 2, 0, 1, 0, 0, 1, 1, 0, 1, 2, 2, 2, 0, 2, 1, 2, 0, 2, 1, 1, 1, 0, 2, 1, 0, 0, 1, 2, 1, 0, 1, 0, 2, 2, 1, 1, 2, 1, 1, 1, 0, 1, 1, 1, 2, 0, 0, 1, 2, 0, 2, 2, 2, 1, 0, 1, 0, 1, 0, 2, 0, 2, 2, 1, 0, 1, 0, 2, 1, 0, 2, 0, 1, 1, 1, 1, 0, 1, 2, 2, 2, 0, 2, 2, 2, 1]
[0, 0, 0, 0, 0, 0, 0, 0, 0, 0, 0, 0, 0, 0, 0, 0, 0, 0, 0, 0, 0, 0, 0, 0, 0, 0, 0, 0, 0, 0, 0, 0, 0, 0, 0, 0, 0, 0, 0, 0, 0, 0, 0, 0, 0, 0, 0, 0, 0, 0, 0, 0, 0, 0, 0, 0, 0, 0, 0, 0, 0, 0, 0, 0, 0, 0, 0, 0, 0, 0, 0, 0, 0, 0, 0, 0, 0, 0, 0, 0, 0, 0, 0, 0, 0, 0, 0, 0, 0, 0, 0, 0, 0, 0, 0, 0, 0, 0, 0, 0, 0, 0, 0, 0, 0, 0, 0, 0, 0, 0, 0, 0, 0, 0, 0, 0, 0, 0, 0, 0, 0, 0, 0, 0, 0, 0, 0, 0, 0, 0, 0, 0, 0, 0, 0, 0, 0, 0, 0, 0, 0, 0, 0, 0, 0, 0, 0, 0, 0, 0, 0, 0, 0, 0, 0, 0, 0, 0, 0, 0, 0, 0, 0, 0, 0, 0, 0, 0, 0, 0, 0, 0, 0, 0, 0, 0, 0, 0, 0, 0, 0, 0, 0, 0, 0, 0, 0, 0, 0, 0, 0, 0, 0, 0, 0, 0, 0, 0, 0, 0, 0, 0, 0, 0, 0, 0, 0, 0, 0, 0, 0, 0, 0, 0, 0, 0, 0, 0, 0, 0, 0, 0, 0, 0, 0, 0, 0, 0, 0, 0, 0, 0, 0, 0, 0, 0, 0, 0, 0, 0, 0, 0, 0, 0, 0, 0, 0, 0, 0, 0, 0, 0, 0, 0, 0, 0, 0, 0, 0, 0, 0, 0, 0, 0, 0, 0, 0, 0, 0, 0, 0, 0, 0, 0, 0, 0, 0, 0, 0, 0, 0, 0, 0, 0, 0, 0, 0, 0, 0, 0, 0, 0, 0, 0, 0, 0, 0, 0, 0, 0, 0, 0, 0, 0, 0, 0, 0, 0, 0, 0, 0, 0, 0, 0, 0, 0, 0, 0, 0, 0, 0, 0, 0, 0, 0, 0, 0, 0, 0, 0, 0, 0, 0, 0, 0, 0, 0, 0, 0, 0, 0, 0, 0, 0, 0, 0, 0, 0, 0, 0, 0]
Centroids: [[-1.487715, 3.0372143], [-0.0021698887, -2.9112823], [1.8880587, 3.1673222]]
Centroids: [[0.1861978, 1.1169229]]
Standard Derivations: [0.7222017, 0.6158973, 0.7611101]
Cluster Distances: [4.7930884, 1.8949683, 4.7930884, 4.9887133, 1.8949682, 4.9887133]
Minimal Cluster Distance: 1.8949681520462036
Contingency Matrix: 
[[112]
 [116]
 [123]]
[[112], [116], [123]]
[[112, 0, 0], [116, 0, 0], [123, 0, 0]]
[0, 1, 2]
[[-1, 0, 0], [-1, 0, 0], [-1, -1, -1]]
[[-1, -1, -1], [-1, -1, 0], [-1, -1, -1]]
[[-1, -1, -1], [-1, -1, -1], [-1, -1, -1]]
Match_Labels: {2: 0, 0: 1, 1: 2}
New Contingency Matrix: 
[[  0   0 112]
 [  0   0 116]
 [  0   0 123]]
New Clustered Label Sequence: [1, 2, 0]
Diagonal_Elements: [0, 0, 123], Sum: 123
All_Elements: [0, 0, 112, 0, 0, 116, 0, 0, 123], Sum: 351
Accuracy: 0.3504273504273504
Centroids: [[0.03033855788216016, 0.1106437742869314]]
