Seed: 9
Experiment_path: AE_Model_2/Random_Seeds_DV5//V5_1/Experiment_05_9_opt
Dataset_Path: ../_00_Datasets/03_SimDaten_Quiroga2020/C_Easy1_noise005.mat
Dataset_name: ['03_SimDaten_Quiroga2020', 'C_Easy1_noise005.mat']
Variant_name: Variant_05_Online_Autoencoder_QLearning_opt
Visualisation_Path: AE_Model_2/Random_Seeds_DV5//V5_1/Experiment_05_9_opt/C_Easy1_noise005.mat/Variant_05_Online_Autoencoder_QLearning_opt/2023_04_24-15_23_16
Normalisation: False
Template Matching: False
Optimising Autoencoder: True
Update Factor: 1
Noisy Batches: False
Noisy Factor: 0.1
Epochs: 8
Batch Size: 1
maximal Spikes for Autoencoder Training : 700
maximal Spikes for Training: 1000
Input Size: 47
Chosen Model: Convolutional Autoencoder
ConvolutionalAutoencoder(
  (encoder): Sequential(
    (0): Conv1d(1, 6, kernel_size=(6,), stride=(1,))
    (1): LeakyReLU(negative_slope=0.01)
    (2): Conv1d(6, 1, kernel_size=(6,), stride=(1,))
    (3): Flatten(start_dim=1, end_dim=-1)
    (4): Linear(in_features=37, out_features=2, bias=True)
  )
  (decoder): Sequential(
    (0): ConvTranspose1d(1, 6, kernel_size=(6,), stride=(1,))
    (1): LeakyReLU(negative_slope=0.01)
    (2): ConvTranspose1d(6, 1, kernel_size=(6,), stride=(1,))
    (3): Flatten(start_dim=1, end_dim=-1)
    (4): Linear(in_features=12, out_features=47, bias=True)
  )
)
MSELoss()
Adam (
Parameter Group 0
    amsgrad: False
    betas: (0.9, 0.999)
    capturable: False
    differentiable: False
    eps: 1e-08
    foreach: None
    fused: False
    lr: 0.001
    maximize: False
    weight_decay: 0
)
---Q Learning Parameters---
Normalisation: False
Punishment Coefficient: 1.1
Alpha: 0.8
Epsilon: 0.01
Gamma: 0.97
Initial Episode Number: 0
Episode Number Coefficient: 1.4
Number of Random Features: 20
Planning Number: 20
Max Random Features: 60
New Episode Number: 72
New Episode Number: 143
New Episode Number: 215
New Episode Number: 286
New Episode Number: 358
New Episode Number: 429
New Episode Number: 500
                 0      1     2      3      4      5      6      7
new_cluster -12.18 -21.79 -7.56 -30.86 -17.54 -10.09 -11.16 -14.46
c1          -12.18 -21.82 -7.66 -29.31 -17.07 -10.39 -11.25 -14.46
c2          -12.18 -21.61 -7.67 -28.08 -17.15  -9.97 -11.13 -14.46
c3          -11.83 -21.44 -7.69 -29.79 -17.23 -10.42 -11.16 -14.46
c4          -12.19 -20.25 -7.66 -29.86 -17.18 -10.41 -11.51 -14.46
c5          -12.18 -21.61 -7.59 -32.75 -17.50  -9.64 -11.13 -14.46
c6          -12.18 -21.37 -7.69 -32.09 -17.59  -9.98 -10.84 -14.46
c7          -12.19 -21.44 -7.63 -31.20 -17.57 -10.14 -11.23   0.00
\begin{tabular}{lrrrrrrrr}
\toprule
{} &      0 &      1 &     2 &      3 &      4 &      5 &      6 &      7 \\
\midrule
new\_cluster & -12.18 & -21.79 & -7.56 & -30.86 & -17.54 & -10.09 & -11.16 & -14.46 \\
c1          & -12.18 & -21.82 & -7.66 & -29.31 & -17.07 & -10.39 & -11.25 & -14.46 \\
c2          & -12.18 & -21.61 & -7.67 & -28.08 & -17.15 &  -9.97 & -11.13 & -14.46 \\
c3          & -11.83 & -21.44 & -7.69 & -29.79 & -17.23 & -10.42 & -11.16 & -14.46 \\
c4          & -12.19 & -20.25 & -7.66 & -29.86 & -17.18 & -10.41 & -11.51 & -14.46 \\
c5          & -12.18 & -21.61 & -7.59 & -32.75 & -17.50 &  -9.64 & -11.13 & -14.46 \\
c6          & -12.18 & -21.37 & -7.69 & -32.09 & -17.59 &  -9.98 & -10.84 & -14.46 \\
c7          & -12.19 & -21.44 & -7.63 & -31.20 & -17.57 & -10.14 & -11.23 &   0.00 \\
\bottomrule
\end{tabular}

                                0             1  ...            6             7
new_cluster  [-4.84, new_cluster]  [-14.42, c1]  ...  [-3.71, c6]  [-14.46, c7]
c1           [-4.84, new_cluster]   [-14.4, c1]  ...  [-3.79, c6]  [-14.46, c7]
c2           [-4.84, new_cluster]   [-14.2, c1]  ...  [-3.66, c6]  [-14.46, c7]
c3           [-4.84, new_cluster]   [-14.1, c1]  ...  [-3.71, c6]  [-14.46, c7]
c4           [-4.84, new_cluster]  [-12.83, c1]  ...  [-4.05, c6]  [-14.46, c7]
c5           [-4.84, new_cluster]  [-14.19, c1]  ...  [-3.66, c6]  [-14.46, c7]
c6           [-4.84, new_cluster]   [-14.0, c1]  ...  [-3.39, c6]  [-14.46, c7]
c7           [-4.84, new_cluster]  [-14.07, c1]  ...  [-3.76, c6]         [0, ]

[8 rows x 8 columns]
\begin{tabular}{lllllllll}
\toprule
{} &                     0 &             1 &            2 &             3 &             4 &            5 &            6 &             7 \\
\midrule
new\_cluster &  [-4.84, new\_cluster] &  [-14.42, c1] &  [-0.18, c2] &   [-23.4, c3] &   [-10.1, c4] &  [-2.83, c5] &  [-3.71, c6] &  [-14.46, c7] \\
c1          &  [-4.84, new\_cluster] &   [-14.4, c1] &   [-0.2, c2] &  [-21.85, c3] &    [-9.6, c4] &  [-3.06, c5] &  [-3.79, c6] &  [-14.46, c7] \\
c2          &  [-4.84, new\_cluster] &   [-14.2, c1] &  [-0.19, c2] &  [-20.64, c3] &   [-9.68, c4] &   [-2.7, c5] &  [-3.66, c6] &  [-14.46, c7] \\
c3          &  [-4.84, new\_cluster] &   [-14.1, c1] &  [-0.22, c2] &  [-22.35, c3] &   [-9.78, c4] &  [-3.14, c5] &  [-3.71, c6] &  [-14.46, c7] \\
c4          &  [-4.84, new\_cluster] &  [-12.83, c1] &  [-0.21, c2] &  [-22.42, c3] &   [-9.74, c4] &  [-3.06, c5] &  [-4.05, c6] &  [-14.46, c7] \\
c5          &  [-4.84, new\_cluster] &  [-14.19, c1] &  [-0.17, c2] &  [-25.29, c3] &  [-10.19, c4] &  [-2.37, c5] &  [-3.66, c6] &  [-14.46, c7] \\
c6          &  [-4.84, new\_cluster] &   [-14.0, c1] &   [-0.3, c2] &  [-24.65, c3] &  [-10.15, c4] &  [-2.69, c5] &  [-3.39, c6] &  [-14.46, c7] \\
c7          &  [-4.84, new\_cluster] &  [-14.07, c1] &  [-0.24, c2] &  [-23.76, c3] &  [-10.14, c4] &  [-2.87, c5] &  [-3.76, c6] &         [0, ] \\
\bottomrule
\end{tabular}

