Experiment_path: AE_Model_1/Normalization/Experiment_04_norm
Dataset_Path: ../_00_Datasets/03_SimDaten_Quiroga2020/C_Easy1_noise020.mat
Dataset_name: ['03_SimDaten_Quiroga2020', 'C_Easy1_noise020.mat']
Variant_name: V04_Off_AE_QL_norm
Visualisation_Path: AE_Model_1/Normalization/Experiment_04_norm/C_Easy1_noise020.mat/V04_Off_AE_QL_norm/2023_06_04-20_30_43
Punishment_Coefficient: 1.3
<_01_LoadDataset.ExternCode.spike_class.spike_dataclass object at 0x000001A1B7A95940>
Sampling rate: 24000.0
Raw: [-0.20218342 -0.1653919  -0.13236941 ...  0.26695674  0.20113134
  0.13708332]
Times: [    553     927    1270 ... 1437880 1438309 1439004]
Cluster: [1 2 2 ... 2 2 3]
Number of different clusters:  3
Number of Spikes: 3474
First aligned Spike Frame: [-0.02428298 -0.07468906 -0.10332709 -0.10788142 -0.10649267 -0.11021489
 -0.10987225 -0.08885562 -0.04921868 -0.01240992  0.01146155  0.01660937
  0.02581569  0.2202783   0.78693477  1.36742658  1.33473907  0.72217426
  0.12183007 -0.12754948 -0.13495181 -0.08662948 -0.04057795  0.00340961
  0.02448001  0.00850378 -0.01157346  0.00458874  0.04572819  0.06172643
  0.0301382  -0.01498516 -0.0270755  -0.00657047  0.0093092   0.00369654
 -0.00788818 -0.00582791  0.0080957   0.01954062  0.01611345 -0.00497206
 -0.0357219  -0.0657767  -0.0887014  -0.1049796  -0.12649457]
Cluster 0, Occurrences: 1198
Cluster 1, Occurrences: 1128
Cluster 2, Occurrences: 1148
Train Index: 3127
x_train: 3127
y_train: 3127
x_test: 347
y_test: 347
<torch.utils.data.dataloader.DataLoader object at 0x000001A1B8E4EDD8>
<torch.utils.data.dataloader.DataLoader object at 0x000001A1B8B9C4E0>
Epoch [1/8]: mean_loss=0.0007641112773199984
Epoch [2/8]: mean_loss=0.0005418658984731496
Epoch [3/8]: mean_loss=0.00049256657818788
Epoch [4/8]: mean_loss=0.00047204827697400203
Epoch [5/8]: mean_loss=0.00046288535841164364
Epoch [6/8]: mean_loss=0.00046043823195277673
Epoch [7/8]: mean_loss=0.00045569070269686366
Epoch [8/8]: mean_loss=0.0004551466962433982
Number of Clusters: 3
Number of Samples after Autoencoder testing: 345
First Spike after testing: [1.6714053  0.47278702]
[2, 2, 2, 0, 0, 1, 2, 1, 2, 1, 2, 0, 0, 1, 1, 1, 1, 1, 0, 2, 2, 2, 2, 1, 2, 0, 2, 1, 0, 2, 1, 2, 0, 1, 1, 2, 2, 2, 1, 0, 1, 1, 2, 2, 1, 2, 1, 2, 1, 2, 2, 2, 0, 1, 0, 2, 0, 1, 0, 0, 0, 0, 2, 2, 0, 1, 2, 0, 1, 2, 1, 0, 1, 2, 1, 1, 1, 0, 1, 1, 1, 1, 0, 0, 2, 2, 2, 2, 2, 0, 0, 1, 0, 2, 1, 1, 1, 2, 1, 2, 1, 2, 2, 0, 0, 0, 2, 0, 2, 1, 0, 2, 0, 1, 2, 1, 2, 0, 2, 0, 0, 2, 2, 0, 1, 0, 1, 1, 1, 0, 1, 0, 2, 1, 2, 1, 1, 1, 2, 1, 2, 1, 0, 1, 0, 2, 1, 2, 0, 2, 2, 1, 2, 1, 2, 0, 0, 2, 2, 0, 1, 1, 1, 1, 2, 0, 0, 2, 0, 0, 0, 1, 2, 0, 1, 0, 1, 1, 2, 0, 1, 0, 1, 1, 0, 0, 1, 2, 2, 1, 1, 2, 2, 0, 1, 0, 2, 2, 0, 1, 2, 0, 2, 0, 0, 0, 0, 2, 1, 0, 1, 0, 0, 1, 0, 0, 2, 1, 1, 0, 2, 1, 0, 1, 0, 1, 1, 0, 1, 2, 0, 2, 1, 1, 1, 0, 2, 1, 0, 1, 2, 1, 2, 0, 2, 0, 2, 2, 2, 2, 0, 2, 1, 1, 2, 0, 0, 1, 1, 0, 2, 0, 1, 1, 1, 2, 1, 0, 1, 0, 0, 1, 0, 1, 2, 0, 0, 2, 1, 2, 0, 2, 0, 0, 1, 2, 0, 2, 0, 1, 0, 0, 2, 0, 2, 2, 1, 0, 0, 0, 0, 2, 2, 0, 0, 1, 2, 0, 1, 1, 0, 2, 2, 0, 0, 1, 1, 0, 1, 0, 2, 2, 1, 1, 2, 2, 1, 1, 1, 0, 0, 0, 1, 1, 0, 2, 0, 1, 0, 1, 1, 2, 1, 1, 2]
[0, 0, 0, 0, 0, 0, 0, 0, 0, 0, 0, 0, 0, 0, 0, 0, 0, 0, 0, 0, 0, 0, 0, 0, 0, 0, 0, 0, 0, 0, 0, 0, 0, 0, 0, 0, 0, 0, 0, 0, 0, 0, 0, 0, 0, 0, 0, 0, 0, 0, 0, 0, 0, 0, 0, 0, 0, 0, 0, 0, 0, 0, 0, 0, 0, 0, 0, 0, 0, 0, 0, 0, 0, 0, 0, 0, 0, 0, 0, 0, 0, 0, 0, 0, 0, 0, 0, 0, 0, 0, 0, 0, 0, 0, 0, 0, 0, 0, 0, 0, 0, 0, 0, 0, 0, 0, 0, 0, 0, 0, 0, 0, 0, 0, 0, 0, 0, 0, 0, 0, 0, 0, 0, 0, 0, 0, 0, 0, 0, 0, 0, 0, 0, 0, 0, 0, 0, 0, 0, 0, 0, 0, 0, 0, 0, 0, 0, 0, 0, 0, 0, 0, 0, 0, 0, 0, 0, 0, 0, 0, 0, 0, 0, 0, 0, 0, 0, 0, 0, 0, 0, 0, 0, 0, 0, 0, 0, 0, 0, 0, 0, 0, 0, 0, 0, 0, 0, 0, 0, 0, 0, 0, 0, 0, 0, 0, 0, 0, 0, 0, 0, 0, 0, 0, 0, 0, 0, 0, 0, 0, 0, 0, 0, 0, 0, 0, 0, 0, 0, 0, 0, 0, 0, 0, 0, 0, 0, 0, 0, 0, 0, 0, 0, 0, 0, 0, 0, 0, 0, 0, 0, 0, 0, 0, 0, 0, 0, 0, 0, 0, 0, 0, 0, 0, 0, 0, 0, 0, 0, 0, 0, 0, 0, 0, 0, 0, 0, 0, 0, 0, 0, 0, 0, 0, 0, 0, 0, 0, 0, 0, 0, 0, 0, 0, 0, 0, 0, 0, 0, 0, 0, 0, 0, 0, 0, 0, 0, 0, 0, 0, 0, 0, 0, 0, 0, 0, 0, 0, 0, 0, 0, 0, 0, 0, 0, 0, 0, 0, 0, 0, 0, 0, 0, 0, 0, 0, 0, 0, 0, 0, 0, 0, 0, 0, 0, 0, 0, 0, 0, 0, 0, 0, 0, 0, 0]
Centroids: [[-0.3505156, 0.8916847], [0.3195306, -1.9508632], [1.5460771, 0.8061128]]
Centroids: [[0.48919687, -0.13255076]]
Standard Derivations: [0.33603758, 0.28445268, 0.23694712]
Cluster Distances: [2.2999618, 1.3255377, 2.2999618, 2.4961047, 1.3255374, 2.4961047]
Minimal Cluster Distance: 1.3255374431610107
Contingency Matrix: 
[[114]
 [121]
 [110]]
[[114], [121], [110]]
[[114, 0, 0], [121, 0, 0], [110, 0, 0]]
[0, 1, 2]
[[-1, 0, 0], [-1, -1, -1], [-1, 0, 0]]
[[-1, -1, -1], [-1, -1, -1], [-1, -1, 0]]
[[-1, -1, -1], [-1, -1, -1], [-1, -1, -1]]
Match_Labels: {1: 0, 0: 1, 2: 2}
New Contingency Matrix: 
[[  0 114   0]
 [  0 121   0]
 [  0 110   0]]
New Clustered Label Sequence: [1, 0, 2]
Diagonal_Elements: [0, 121, 0], Sum: 121
All_Elements: [0, 114, 0, 0, 121, 0, 0, 110, 0], Sum: 345
Accuracy: 0.3507246376811594
Centroids: [[0.14545863559688915, -0.026210208982229234]]
