Seed: 0
Experiment_path: AE_Model_1/Experiment_05
Dataset_Path: ../_00_Datasets/03_SimDaten_Quiroga2020/C_Drift_Easy2_noise015.mat
Dataset_name: ['03_SimDaten_Quiroga2020', 'C_Drift_Easy2_noise015.mat']
Variant_name: Variant_05_Online_Autoencoder_QLearning
Visualisation_Path: Grid_Search_PC//V5/C_Drift_Easy2_noise015.mat/Variant_05_Online_Autoencoder_QLearning/2023_04_07-21_19_41
Normalisation: False
Template Matching: False
Optimising Autoencoder: False
Update Factor: 100
Noisy Batches: False
Noisy Factor: 0.1
Epochs: 8
Batch Size: 1
maximal Spikes for Autoencoder Training : 700
maximal Spikes for Training: 1000
Input Size: 47
Chosen Model: Autoencoder
Autoencoder(
  (encoder): Sequential(
    (0): Linear(in_features=47, out_features=12, bias=True)
    (1): LeakyReLU(negative_slope=0.01)
    (2): Linear(in_features=12, out_features=2, bias=True)
  )
  (decoder): Sequential(
    (0): Linear(in_features=2, out_features=12, bias=True)
    (1): LeakyReLU(negative_slope=0.01)
    (2): Linear(in_features=12, out_features=47, bias=True)
  )
)
MSELoss()
Adam (
Parameter Group 0
    amsgrad: False
    betas: (0.9, 0.999)
    capturable: False
    differentiable: False
    eps: 1e-08
    foreach: None
    fused: False
    lr: 0.001
    maximize: False
    weight_decay: 0
)
---Q Learning Parameters---
Normalisation: False
Punishment Coefficient: 0.6000000000000001
Alpha: 0.8
Epsilon: 0.01
Gamma: 0.97
Initial Episode Number: 0
Episode Number Coefficient: 1.4
Number of Random Features: 20
Planning Number: 20
Max Random Features: 60
New Episode Number: 72
New Episode Number: 143
New Episode Number: 215
New Episode Number: 286
New Episode Number: 358
                0     1     2     3     4     5
new_cluster -4.55 -3.18 -5.72 -3.80 -6.49 -8.32
c1          -4.52 -3.02 -5.79 -3.63 -5.08 -8.72
c2          -4.52 -3.12 -6.03 -3.91 -5.22 -6.62
c3          -4.52 -3.30 -5.89 -3.71 -6.08 -7.43
c4          -4.52 -3.11 -5.89 -3.69 -5.90 -7.61
c5          -4.53 -3.03 -5.74 -3.69 -4.72 -8.15
\begin{tabular}{lrrrrrr}
\toprule
{} &     0 &     1 &     2 &     3 &     4 &     5 \\
\midrule
new\_cluster & -4.55 & -3.18 & -5.72 & -3.80 & -6.49 & -8.32 \\
c1          & -4.52 & -3.02 & -5.79 & -3.63 & -5.08 & -8.72 \\
c2          & -4.52 & -3.12 & -6.03 & -3.91 & -5.22 & -6.62 \\
c3          & -4.52 & -3.30 & -5.89 & -3.71 & -6.08 & -7.43 \\
c4          & -4.52 & -3.11 & -5.89 & -3.69 & -5.90 & -7.61 \\
c5          & -4.53 & -3.03 & -5.74 & -3.69 & -4.72 & -8.15 \\
\bottomrule
\end{tabular}

                                0            1  ...            4            5
new_cluster  [-1.44, new_cluster]  [-0.13, c1]  ...  [-3.47, c4]  [-5.32, c5]
c1           [-1.44, new_cluster]  [-0.06, c1]  ...  [-2.06, c4]  [-5.71, c5]
c2           [-1.44, new_cluster]  [-0.13, c1]  ...  [-2.16, c4]  [-3.67, c5]
c3           [-1.44, new_cluster]  [-0.13, c1]  ...  [-3.03, c4]  [-4.42, c5]
c4           [-1.44, new_cluster]  [-0.06, c1]  ...  [-2.88, c4]  [-4.47, c5]
c5           [-1.44, new_cluster]  [-0.08, c1]  ...  [-1.71, c4]  [-5.01, c5]

[6 rows x 6 columns]
\begin{tabular}{lllllll}
\toprule
{} &                     0 &            1 &            2 &            3 &            4 &            5 \\
\midrule
new\_cluster &  [-1.44, new\_cluster] &  [-0.13, c1] &  [-2.62, c2] &   [-0.6, c3] &  [-3.47, c4] &  [-5.32, c5] \\
c1          &  [-1.44, new\_cluster] &  [-0.06, c1] &  [-2.75, c2] &  [-0.43, c3] &  [-2.06, c4] &  [-5.71, c5] \\
c2          &  [-1.44, new\_cluster] &  [-0.13, c1] &  [-2.84, c2] &  [-0.71, c3] &  [-2.16, c4] &  [-3.67, c5] \\
c3          &  [-1.44, new\_cluster] &  [-0.13, c1] &  [-2.86, c2] &   [-0.5, c3] &  [-3.03, c4] &  [-4.42, c5] \\
c4          &  [-1.44, new\_cluster] &  [-0.06, c1] &   [-2.8, c2] &  [-0.48, c3] &  [-2.88, c4] &  [-4.47, c5] \\
c5          &  [-1.44, new\_cluster] &  [-0.08, c1] &  [-2.71, c2] &  [-0.48, c3] &  [-1.71, c4] &  [-5.01, c5] \\
\bottomrule
\end{tabular}

