Experiment_path: AE_Model_1/Random_Seeds//V2/Experiment_02_8
Dataset_Path: ../_00_Datasets/03_SimDaten_Quiroga2020/C_Difficult2_noise005.mat
Dataset_name: ['03_SimDaten_Quiroga2020', 'C_Difficult2_noise005.mat']
Variant_name: Variant_02_Autoencoder_KMeans
Visualisation_Path: Random_Seeds//V2/Experiment_02_8/C_Difficult2_noise005.mat/Variant_02_Autoencoder_KMeans/2023_04_15-12_24_28
<_01_LoadDataset.ExternCode.spike_class.spike_dataclass object at 0x0000026E30B391D0>
Sampling rate: 24000.0
Raw: [ 0.02085333  0.02043967  0.02052644 ... -0.02218732 -0.02150573
 -0.01811243]
Times: [   1583    1934    2430 ... 1439313 1439656 1439854]
Cluster: [3 3 3 ... 2 2 1]
Number of different clusters:  3
Number of Spikes: 3364
First aligned Spike Frame: [-0.05170878 -0.0548761  -0.06029554 -0.06053219 -0.04807119 -0.02780025
 -0.01550543 -0.01702494 -0.02945104 -0.04493807 -0.07056858 -0.07003585
  0.07629654  0.43081562  0.80470191  0.96319627  0.89198123  0.73643948
  0.58987232  0.46714337  0.36345495  0.2828462   0.22743292  0.182731
  0.13931053  0.09524506  0.05136602  0.01367166 -0.01393093 -0.03985679
 -0.07387102 -0.11218435 -0.1444455  -0.16672578 -0.17809238 -0.18020802
 -0.17953732 -0.18246903 -0.18617363 -0.18205375 -0.17299738 -0.16958427
 -0.17248955 -0.17516876 -0.1727246  -0.16696514 -0.15993314]
Cluster 0, Occurrences: 1120
Cluster 1, Occurrences: 1109
Cluster 2, Occurrences: 1135
<torch.utils.data.dataloader.DataLoader object at 0x0000026E30C6D080>
Epoch [1/8]: mean_loss=0.00017234454767260253
Epoch [2/8]: mean_loss=7.06130145960648e-05
Epoch [3/8]: mean_loss=6.858368402340877e-05
Epoch [4/8]: mean_loss=6.582986773296252e-05
Epoch [5/8]: mean_loss=6.404374633025927e-05
Epoch [6/8]: mean_loss=6.247248672440042e-05
Epoch [7/8]: mean_loss=6.180710126573882e-05
Epoch [8/8]: mean_loss=6.135250121622494e-05
Number of Clusters: 3
Number of Samples after Autoencoder testing: 3364
First Spike after testing: [-0.915692   -0.07987902]
[2 2 2 ... 1 1 0]
[2 2 2 ... 1 1 0]
Cluster 0 Occurrences: 1120; KMEANS: 1127
Cluster 1 Occurrences: 1109; KMEANS: 1107
Cluster 2 Occurrences: 1135; KMEANS: 1130
Centroids: [[-0.4431412, -0.4203913], [-0.77721894, 1.9283726], [-0.89735645, -0.10637703]]
Centroids: [[-0.423248, -0.43187463], [-0.77978414, 1.9372195], [-0.91728497, -0.09804449]]
Contingency Matrix: 
[[1102    3   15]
 [   2 1100    7]
 [  23    4 1108]]
[[1102, 3, 15], [2, 1100, 7], [23, 4, 1108]]
[[1102, 3, 15], [2, 1100, 7], [23, 4, 1108]]
[0, 1, 2]
[[1102, 3, -1], [2, 1100, -1], [-1, -1, -1]]
[[-1, -1, -1], [-1, 1100, -1], [-1, -1, -1]]
[[-1, -1, -1], [-1, -1, -1], [-1, -1, -1]]
Match_Labels: {2: 2, 0: 0, 1: 1}
New Contingency Matrix: 
[[1102    3   15]
 [   2 1100    7]
 [  23    4 1108]]
New Clustered Label Sequence: [0, 1, 2]
Diagonal_Elements: [1102, 1100, 1108], Sum: 3310
All_Elements: [1102, 3, 15, 2, 1100, 7, 23, 4, 1108], Sum: 3364
Accuracy: 0.9839476813317479
