Seed: 0
Experiment_path: AE_Model_2/Epochs_2_4_6_8_20/06_Experiment_05_Epochs
Dataset_Path: ../_00_Datasets/03_SimDaten_Quiroga2020/C_Difficult2_noise010.mat
Dataset_name: ['03_SimDaten_Quiroga2020', 'C_Difficult2_noise010.mat']
Variant_name: Variant_05_Epochs_6
Visualisation_Path: AE_Model_2/Epochs_2_4_6_8_20/06_Experiment_05_Epochs/C_Difficult2_noise010.mat/V05_Online_AE_QL/2023_05_11-01_11_07
Normalisation: False
Template Matching: False
Optimising Autoencoder: False
Update Factor: 1
Noisy Batches: False
Noisy Factor: 0.001
Epochs: 6
Batch Size: 1
maximal Spikes for Autoencoder Training : 700
maximal Spikes for Training: 1000
Input Size: 47
Chosen Model: Convolutional Autoencoder
ConvolutionalAutoencoder(
  (encoder): Sequential(
    (0): Conv1d(1, 6, kernel_size=(6,), stride=(1,))
    (1): LeakyReLU(negative_slope=0.01)
    (2): Conv1d(6, 1, kernel_size=(6,), stride=(1,))
    (3): Flatten(start_dim=1, end_dim=-1)
    (4): Linear(in_features=37, out_features=2, bias=True)
  )
  (decoder): Sequential(
    (0): ConvTranspose1d(1, 6, kernel_size=(6,), stride=(1,))
    (1): LeakyReLU(negative_slope=0.01)
    (2): ConvTranspose1d(6, 1, kernel_size=(6,), stride=(1,))
    (3): Flatten(start_dim=1, end_dim=-1)
    (4): Linear(in_features=12, out_features=47, bias=True)
  )
)
MSELoss()
Adam (
Parameter Group 0
    amsgrad: False
    betas: (0.9, 0.999)
    capturable: False
    differentiable: False
    eps: 1e-08
    foreach: None
    fused: False
    lr: 0.001
    maximize: False
    weight_decay: 0
)
---Q Learning Parameters---
Normalisation: False
Punishment Coefficient: 0.6
Alpha: 0.8
Epsilon: 0.01
Gamma: 0.97
Initial Episode Number: 0
Episode Number Coefficient: 1.4
Number of Random Features: 20
Planning Number: 20
Max Random Features: 60
New Episode Number: 72
New Episode Number: 143
New Episode Number: 215
New Episode Number: 286
New Episode Number: 358
New Episode Number: 429
                0     1     2      3     4      5      6
new_cluster -2.77 -9.94 -1.38 -16.82 -7.02 -20.01 -19.87
c1          -2.77 -9.29 -1.40 -16.83 -7.03 -20.01 -19.93
c2          -2.77 -9.45 -1.46 -17.22 -7.38 -19.99 -19.89
c3          -2.77 -9.93 -1.42 -17.22 -7.18 -20.01 -19.87
c4          -2.77 -9.69 -1.37 -16.97 -6.97 -19.99 -19.89
c5          -2.77 -9.49 -1.33 -17.21 -6.93 -20.05 -19.87
c6          -2.77 -9.32 -1.43 -16.94 -7.33 -19.99 -19.87
\begin{tabular}{lrrrrrrr}
\toprule
{} &     0 &     1 &     2 &      3 &     4 &      5 &      6 \\
\midrule
new\_cluster & -2.77 & -9.94 & -1.38 & -16.82 & -7.02 & -20.01 & -19.87 \\
c1          & -2.77 & -9.29 & -1.40 & -16.83 & -7.03 & -20.01 & -19.93 \\
c2          & -2.77 & -9.45 & -1.46 & -17.22 & -7.38 & -19.99 & -19.89 \\
c3          & -2.77 & -9.93 & -1.42 & -17.22 & -7.18 & -20.01 & -19.87 \\
c4          & -2.77 & -9.69 & -1.37 & -16.97 & -6.97 & -19.99 & -19.89 \\
c5          & -2.77 & -9.49 & -1.33 & -17.21 & -6.93 & -20.05 & -19.87 \\
c6          & -2.77 & -9.32 & -1.43 & -16.94 & -7.33 & -19.99 & -19.87 \\
\bottomrule
\end{tabular}

                                0            1  ...             5             6
new_cluster  [-1.44, new_cluster]   [-8.6, c1]  ...  [-18.73, c5]  [-18.55, c6]
c1           [-1.44, new_cluster]  [-7.95, c1]  ...  [-18.73, c5]  [-18.55, c6]
c2           [-1.44, new_cluster]  [-8.13, c1]  ...  [-18.73, c5]  [-18.55, c6]
c3           [-1.44, new_cluster]  [-8.59, c1]  ...  [-18.73, c5]  [-18.55, c6]
c4           [-1.44, new_cluster]  [-8.33, c1]  ...  [-18.73, c5]  [-18.55, c6]
c5           [-1.44, new_cluster]  [-8.17, c1]  ...  [-18.73, c5]  [-18.55, c6]
c6           [-1.44, new_cluster]  [-7.97, c1]  ...  [-18.73, c5]  [-18.55, c6]

[7 rows x 7 columns]
\begin{tabular}{llllllll}
\toprule
{} &                     0 &            1 &            2 &             3 &            4 &             5 &             6 \\
\midrule
new\_cluster &  [-1.44, new\_cluster] &   [-8.6, c1] &  [-0.03, c2] &  [-15.46, c3] &  [-5.68, c4] &  [-18.73, c5] &  [-18.55, c6] \\
c1          &  [-1.44, new\_cluster] &  [-7.95, c1] &  [-0.06, c2] &  [-15.54, c3] &   [-5.7, c4] &  [-18.73, c5] &  [-18.55, c6] \\
c2          &  [-1.44, new\_cluster] &  [-8.13, c1] &  [-0.09, c2] &  [-15.93, c3] &  [-6.04, c4] &  [-18.73, c5] &  [-18.55, c6] \\
c3          &  [-1.44, new\_cluster] &  [-8.59, c1] &  [-0.02, c2] &  [-15.92, c3] &  [-5.84, c4] &  [-18.73, c5] &  [-18.55, c6] \\
c4          &  [-1.44, new\_cluster] &  [-8.33, c1] &  [-0.04, c2] &  [-15.69, c3] &  [-5.64, c4] &  [-18.73, c5] &  [-18.55, c6] \\
c5          &  [-1.44, new\_cluster] &  [-8.17, c1] &  [-0.01, c2] &  [-15.92, c3] &   [-5.6, c4] &  [-18.73, c5] &  [-18.55, c6] \\
c6          &  [-1.44, new\_cluster] &  [-7.97, c1] &  [-0.04, c2] &  [-15.66, c3] &   [-6.0, c4] &  [-18.73, c5] &  [-18.55, c6] \\
\bottomrule
\end{tabular}

