Seed: 3
Experiment_path: AE_Model_2/Random_Seeds//V5/Experiment_05_3
Dataset_Path: ../_00_Datasets/03_SimDaten_Quiroga2020/C_Difficult2_noise005.mat
Dataset_name: ['03_SimDaten_Quiroga2020', 'C_Difficult2_noise005.mat']
Variant_name: Variant_05_Online_Autoencoder_QLearning
Visualisation_Path: Random_Seeds//V5/Experiment_05_3/C_Difficult2_noise005.mat/Variant_05_Online_Autoencoder_QLearning/2023_04_21-13_36_11
Normalisation: False
Template Matching: False
Optimising Autoencoder: False
Update Factor: 1
Noisy Batches: False
Noisy Factor: 0.1
Epochs: 8
Batch Size: 1
maximal Spikes for Autoencoder Training : 700
maximal Spikes for Training: 1000
Input Size: 47
Chosen Model: Convolutional Autoencoder
ConvolutionalAutoencoder(
  (encoder): Sequential(
    (0): Conv1d(1, 6, kernel_size=(6,), stride=(1,))
    (1): LeakyReLU(negative_slope=0.01)
    (2): Conv1d(6, 1, kernel_size=(6,), stride=(1,))
    (3): Flatten(start_dim=1, end_dim=-1)
    (4): Linear(in_features=37, out_features=2, bias=True)
  )
  (decoder): Sequential(
    (0): ConvTranspose1d(1, 6, kernel_size=(6,), stride=(1,))
    (1): LeakyReLU(negative_slope=0.01)
    (2): ConvTranspose1d(6, 1, kernel_size=(6,), stride=(1,))
    (3): Flatten(start_dim=1, end_dim=-1)
    (4): Linear(in_features=12, out_features=47, bias=True)
  )
)
MSELoss()
Adam (
Parameter Group 0
    amsgrad: False
    betas: (0.9, 0.999)
    capturable: False
    differentiable: False
    eps: 1e-08
    foreach: None
    fused: False
    lr: 0.001
    maximize: False
    weight_decay: 0
)
---Q Learning Parameters---
Normalisation: False
Punishment Coefficient: 0.4
Alpha: 0.8
Epsilon: 0.01
Gamma: 0.97
Initial Episode Number: 0
Episode Number Coefficient: 1.4
Number of Random Features: 20
Planning Number: 20
Max Random Features: 60
New Episode Number: 72
New Episode Number: 143
New Episode Number: 215
New Episode Number: 286
New Episode Number: 358
New Episode Number: 429
New Episode Number: 500
New Episode Number: 572
New Episode Number: 643
New Episode Number: 715
New Episode Number: 786
New Episode Number: 858
               0     1     2     3     4   ...    8     9     10    11    12
new_cluster -1.41 -1.85 -4.16 -0.80 -1.65  ... -8.98 -1.97 -1.95 -3.75 -2.52
c1          -1.42 -1.70 -4.20 -0.83 -1.67  ... -8.98 -2.24 -2.03 -3.81 -2.52
c2          -1.42 -1.90 -4.21 -0.82 -1.64  ... -8.98 -1.91 -2.02 -3.98 -2.52
c3          -1.41 -1.72 -4.29 -0.80 -1.62  ... -8.98 -2.02 -2.15 -3.81 -2.52
c4          -1.42 -1.62 -4.16 -0.82 -1.63  ... -8.98 -2.32 -2.10 -3.56 -2.52
c5          -1.43 -1.83 -4.24 -0.79 -1.71  ... -8.98 -1.86 -2.21 -3.40  0.00
c6          -1.42 -1.79 -4.28 -0.78 -1.69  ... -8.99 -1.85 -2.04 -3.78 -2.52
c7          -1.42 -1.71 -4.17 -0.82 -1.70  ... -8.98 -1.95 -2.14 -3.82 -2.52
c8          -1.42 -1.90 -4.23 -0.80 -1.71  ... -8.98 -2.05 -1.98 -3.72 -2.52
c9          -1.42 -1.74 -4.34 -0.79 -1.81  ... -9.00 -1.90 -1.97 -3.74 -2.52
c10         -1.42 -1.77 -4.17 -0.82 -1.80  ... -8.99 -1.98 -2.16 -3.60 -2.52
c11         -1.42 -1.78 -4.13 -0.80 -1.62  ... -8.98 -2.15  0.00  0.00  0.00
c12         -1.41 -1.81 -4.22 -0.85 -1.60  ... -8.98 -1.67  0.00  0.00  0.00

[13 rows x 13 columns]
\begin{tabular}{lrrrrrrrrrrrrr}
\toprule
{} &    0  &    1  &    2  &    3  &    4  &    5  &    6  &    7  &    8  &    9  &    10 &    11 &    12 \\
\midrule
new\_cluster & -1.41 & -1.85 & -4.16 & -0.80 & -1.65 & -2.42 & -7.04 & -2.81 & -8.98 & -1.97 & -1.95 & -3.75 & -2.52 \\
c1          & -1.42 & -1.70 & -4.20 & -0.83 & -1.67 & -2.37 & -6.87 & -2.71 & -8.98 & -2.24 & -2.03 & -3.81 & -2.52 \\
c2          & -1.42 & -1.90 & -4.21 & -0.82 & -1.64 & -2.39 & -7.21 & -2.72 & -8.98 & -1.91 & -2.02 & -3.98 & -2.52 \\
c3          & -1.41 & -1.72 & -4.29 & -0.80 & -1.62 & -2.42 & -7.20 & -3.09 & -8.98 & -2.02 & -2.15 & -3.81 & -2.52 \\
c4          & -1.42 & -1.62 & -4.16 & -0.82 & -1.63 & -2.39 & -6.82 & -3.02 & -8.98 & -2.32 & -2.10 & -3.56 & -2.52 \\
c5          & -1.43 & -1.83 & -4.24 & -0.79 & -1.71 & -2.43 & -6.86 & -3.19 & -8.98 & -1.86 & -2.21 & -3.40 &  0.00 \\
c6          & -1.42 & -1.79 & -4.28 & -0.78 & -1.69 & -2.42 & -6.78 & -2.79 & -8.99 & -1.85 & -2.04 & -3.78 & -2.52 \\
c7          & -1.42 & -1.71 & -4.17 & -0.82 & -1.70 & -2.39 & -7.03 & -2.88 & -8.98 & -1.95 & -2.14 & -3.82 & -2.52 \\
c8          & -1.42 & -1.90 & -4.23 & -0.80 & -1.71 & -2.44 & -7.09 & -2.82 & -8.98 & -2.05 & -1.98 & -3.72 & -2.52 \\
c9          & -1.42 & -1.74 & -4.34 & -0.79 & -1.81 & -2.33 & -7.04 & -2.84 & -9.00 & -1.90 & -1.97 & -3.74 & -2.52 \\
c10         & -1.42 & -1.77 & -4.17 & -0.82 & -1.80 & -2.43 & -7.12 & -2.82 & -8.99 & -1.98 & -2.16 & -3.60 & -2.52 \\
c11         & -1.42 & -1.78 & -4.13 & -0.80 & -1.62 & -2.40 & -6.81 & -2.89 & -8.98 & -2.15 &  0.00 &  0.00 &  0.00 \\
c12         & -1.41 & -1.81 & -4.22 & -0.85 & -1.60 & -2.38 & -6.86 & -2.77 & -8.98 & -1.67 &  0.00 &  0.00 &  0.00 \\
\bottomrule
\end{tabular}

                               0            1   ...            11            12
new_cluster  [-0.64, new_cluster]  [-1.05, c1]  ...  [-3.75, c11]  [-2.52, c12]
c1           [-0.64, new_cluster]   [-0.9, c1]  ...  [-3.81, c11]  [-2.52, c12]
c2           [-0.64, new_cluster]   [-1.1, c1]  ...  [-3.98, c11]  [-2.52, c12]
c3           [-0.64, new_cluster]  [-0.92, c1]  ...  [-3.81, c11]  [-2.52, c12]
c4           [-0.64, new_cluster]  [-0.85, c1]  ...  [-3.56, c11]  [-2.52, c12]
c5           [-0.64, new_cluster]  [-1.07, c1]  ...   [-3.4, c11]         [0, ]
c6           [-0.64, new_cluster]  [-1.03, c1]  ...  [-3.78, c11]  [-2.52, c12]
c7           [-0.64, new_cluster]  [-0.92, c1]  ...  [-3.82, c11]  [-2.52, c12]
c8           [-0.64, new_cluster]   [-1.1, c1]  ...  [-3.72, c11]  [-2.52, c12]
c9           [-0.64, new_cluster]  [-0.95, c1]  ...  [-3.74, c11]  [-2.52, c12]
c10          [-0.64, new_cluster]  [-0.98, c1]  ...   [-3.6, c11]  [-2.52, c12]
c11          [-0.64, new_cluster]  [-1.02, c1]  ...         [0, ]         [0, ]
c12          [-0.64, new_cluster]   [-1.0, c1]  ...         [0, ]         [0, ]

[13 rows x 13 columns]
\begin{tabular}{llllllllllllll}
\toprule
{} &                    0  &           1  &           2  &           3  &           4  &           5  &           6  &           7  &           8  &           9  &            10 &            11 &            12 \\
\midrule
new\_cluster &  [-0.64, new\_cluster] &  [-1.05, c1] &  [-3.37, c2] &  [-0.02, c3] &  [-0.86, c4] &  [-2.42, c5] &  [-6.28, c6] &  [-2.01, c7] &  [-8.22, c8] &  [-1.21, c9] &  [-1.17, c10] &  [-3.75, c11] &  [-2.52, c12] \\
c1          &  [-0.64, new\_cluster] &   [-0.9, c1] &  [-3.42, c2] &  [-0.04, c3] &  [-0.88, c4] &  [-2.37, c5] &  [-6.11, c6] &  [-1.89, c7] &  [-8.22, c8] &  [-1.47, c9] &  [-1.28, c10] &  [-3.81, c11] &  [-2.52, c12] \\
c2          &  [-0.64, new\_cluster] &   [-1.1, c1] &  [-3.42, c2] &  [-0.03, c3] &  [-0.85, c4] &  [-2.39, c5] &  [-6.45, c6] &   [-1.9, c7] &  [-8.22, c8] &  [-1.13, c9] &  [-1.23, c10] &  [-3.98, c11] &  [-2.52, c12] \\
c3          &  [-0.64, new\_cluster] &  [-0.92, c1] &   [-3.5, c2] &  [-0.01, c3] &  [-0.83, c4] &  [-2.42, c5] &  [-6.44, c6] &  [-2.29, c7] &  [-8.22, c8] &  [-1.25, c9] &  [-1.37, c10] &  [-3.81, c11] &  [-2.52, c12] \\
c4          &  [-0.64, new\_cluster] &  [-0.85, c1] &  [-3.37, c2] &  [-0.02, c3] &  [-0.85, c4] &  [-2.39, c5] &  [-6.06, c6] &  [-2.21, c7] &  [-8.22, c8] &  [-1.56, c9] &  [-1.31, c10] &  [-3.56, c11] &  [-2.52, c12] \\
c5          &  [-0.64, new\_cluster] &  [-1.07, c1] &  [-3.46, c2] &  [-0.02, c3] &  [-0.92, c4] &  [-2.43, c5] &   [-6.1, c6] &  [-2.39, c7] &  [-8.22, c8] &   [-1.1, c9] &  [-1.42, c10] &   [-3.4, c11] &         [0, ] \\
c6          &  [-0.64, new\_cluster] &  [-1.03, c1] &  [-3.49, c2] &  [-0.02, c3] &   [-0.9, c4] &  [-2.42, c5] &  [-6.02, c6] &  [-1.99, c7] &  [-8.22, c8] &  [-1.08, c9] &  [-1.29, c10] &  [-3.78, c11] &  [-2.52, c12] \\
c7          &  [-0.64, new\_cluster] &  [-0.92, c1] &  [-3.38, c2] &  [-0.03, c3] &  [-0.92, c4] &  [-2.39, c5] &  [-6.27, c6] &  [-2.08, c7] &  [-8.22, c8] &  [-1.19, c9] &  [-1.38, c10] &  [-3.82, c11] &  [-2.52, c12] \\
c8          &  [-0.64, new\_cluster] &   [-1.1, c1] &  [-3.44, c2] &  [-0.02, c3] &  [-0.92, c4] &  [-2.44, c5] &  [-6.33, c6] &  [-2.01, c7] &  [-8.22, c8] &  [-1.28, c9] &  [-1.22, c10] &  [-3.72, c11] &  [-2.52, c12] \\
c9          &  [-0.64, new\_cluster] &  [-0.95, c1] &  [-3.55, c2] &  [-0.01, c3] &  [-1.02, c4] &  [-2.33, c5] &  [-6.28, c6] &  [-2.03, c7] &  [-8.22, c8] &  [-1.15, c9] &  [-1.19, c10] &  [-3.74, c11] &  [-2.52, c12] \\
c10         &  [-0.64, new\_cluster] &  [-0.98, c1] &  [-3.38, c2] &  [-0.03, c3] &  [-1.01, c4] &  [-2.43, c5] &  [-6.36, c6] &   [-2.0, c7] &  [-8.22, c8] &  [-1.21, c9] &  [-1.37, c10] &   [-3.6, c11] &  [-2.52, c12] \\
c11         &  [-0.64, new\_cluster] &  [-1.02, c1] &  [-3.34, c2] &  [-0.02, c3] &  [-0.82, c4] &   [-2.4, c5] &  [-6.05, c6] &  [-2.08, c7] &  [-8.22, c8] &  [-1.39, c9] &         [0, ] &         [0, ] &         [0, ] \\
c12         &  [-0.64, new\_cluster] &   [-1.0, c1] &  [-3.43, c2] &  [-0.05, c3] &  [-0.81, c4] &  [-2.38, c5] &  [-6.11, c6] &  [-1.96, c7] &  [-8.22, c8] &   [-1.3, c9] &         [0, ] &         [0, ] &         [0, ] \\
\bottomrule
\end{tabular}

