Seed: 5
Experiment_path: Random_Seeds_DV5//V5_1/Experiment_05_5_opt
Dataset_Path: ../_00_Datasets/03_SimDaten_Quiroga2020/C_Easy1_noise035.mat
Dataset_name: ['03_SimDaten_Quiroga2020', 'C_Easy1_noise035.mat']
Variant_name: Variant_05_Online_Autoencoder_QLearning_opt
Visualisation_Path: Random_Seeds_DV5//V5_1/Experiment_05_5_opt/C_Easy1_noise035.mat/Variant_05_Online_Autoencoder_QLearning_opt/2023_04_05-09_28_33
Normalisation: False
Template Matching: False
Optimising Autoencoder: True
Update Factor: 100
Noisy Batches: False
Noisy Factor: 0.1
Epochs: 8
Batch Size: 1
maximal Spikes for Autoencoder Training : 700
maximal Spikes for Training: 1000
Input Size: 47
Chosen Model: Autoencoder
Autoencoder(
  (encoder): Sequential(
    (0): Linear(in_features=47, out_features=12, bias=True)
    (1): LeakyReLU(negative_slope=0.01)
    (2): Linear(in_features=12, out_features=2, bias=True)
  )
  (decoder): Sequential(
    (0): Linear(in_features=2, out_features=12, bias=True)
    (1): LeakyReLU(negative_slope=0.01)
    (2): Linear(in_features=12, out_features=47, bias=True)
  )
)
MSELoss()
Adam (
Parameter Group 0
    amsgrad: False
    betas: (0.9, 0.999)
    capturable: False
    differentiable: False
    eps: 1e-08
    foreach: None
    fused: False
    lr: 0.001
    maximize: False
    weight_decay: 0
)
---Q Learning Parameters---
Normalisation: False
Punishment Coefficient: 0.9
Alpha: 0.8
Epsilon: 0.01
Gamma: 0.97
Initial Episode Number: 0
Episode Number Coefficient: 1.4
Number of Random Features: 20
Planning Number: 20
Max Random Features: 60
New Episode Number: 72
New Episode Number: 143
New Episode Number: 215
New Episode Number: 286
New Episode Number: 358
New Episode Number: 429
New Episode Number: 500
New Episode Number: 572
New Episode Number: 643
New Episode Number: 715
New Episode Number: 786
New Episode Number: 858
                0      1      2      3   ...     9      10    11     12
new_cluster -10.15 -18.41 -11.27 -24.41  ... -39.87 -36.92 -9.63 -19.67
c1          -10.13 -19.28  -9.78 -22.95  ... -39.88 -36.94 -9.62 -21.05
c2           -9.76 -19.56 -10.97 -23.73  ... -39.43 -36.94 -9.60 -20.93
c3          -10.14 -17.20 -10.47 -23.18  ... -39.50 -36.95 -9.60 -19.93
c4          -10.13 -20.41 -11.49 -22.61  ... -39.82 -36.94 -9.63 -20.89
c5          -10.06 -18.38 -10.62 -22.22  ... -39.89 -36.95 -9.60 -21.27
c6           -9.86 -17.72 -11.55 -23.65  ... -39.37 -36.98 -9.60 -20.73
c7           -9.86 -18.07 -11.19 -23.23  ... -39.47 -36.81 -9.65 -21.32
c8          -10.11 -16.92 -11.42 -24.36  ... -39.51 -36.94 -9.60 -20.94
c9          -10.15 -17.43 -10.58 -23.27  ... -39.84 -36.95 -9.79 -20.93
c10          -9.86 -19.00 -11.25 -23.70  ... -39.83 -36.94 -9.65 -21.27
c11         -10.15 -15.18 -10.69 -23.37  ... -39.81 -36.77 -9.60 -21.33
c12          -9.88 -19.14 -10.13 -21.87  ... -39.43 -36.98 -9.60 -19.36

[13 rows x 13 columns]
                               0             1   ...            11             12
new_cluster  [-3.24, new_cluster]  [-11.56, c1]  ...  [-2.75, c11]  [-14.35, c12]
c1           [-3.24, new_cluster]   [-12.5, c1]  ...  [-2.75, c11]  [-14.35, c12]
c2           [-3.24, new_cluster]  [-12.77, c1]  ...  [-2.75, c11]  [-14.35, c12]
c3           [-3.24, new_cluster]  [-10.47, c1]  ...  [-2.75, c11]  [-14.35, c12]
c4           [-3.24, new_cluster]  [-13.63, c1]  ...  [-2.75, c11]  [-14.35, c12]
c5           [-3.24, new_cluster]  [-11.59, c1]  ...  [-2.75, c11]  [-14.35, c12]
c6           [-3.24, new_cluster]  [-10.86, c1]  ...  [-2.75, c11]  [-14.35, c12]
c7           [-3.24, new_cluster]  [-11.57, c1]  ...  [-2.75, c11]  [-14.35, c12]
c8           [-3.24, new_cluster]  [-10.19, c1]  ...  [-2.75, c11]  [-14.35, c12]
c9           [-3.24, new_cluster]  [-10.91, c1]  ...  [-2.75, c11]  [-14.35, c12]
c10          [-3.24, new_cluster]  [-12.15, c1]  ...  [-2.75, c11]  [-14.35, c12]
c11          [-3.24, new_cluster]   [-8.71, c1]  ...  [-2.75, c11]  [-14.35, c12]
c12          [-3.24, new_cluster]  [-12.36, c1]  ...  [-2.75, c11]  [-14.35, c12]

[13 rows x 13 columns]
