Experiment_path: AE_Model_1/Normalization/Experiment_04
Dataset_Path: ../_00_Datasets/03_SimDaten_Quiroga2020/C_Easy2_noise020.mat
Dataset_name: ['03_SimDaten_Quiroga2020', 'C_Easy2_noise020.mat']
Variant_name: V04_Off_AE_QL
Visualisation_Path: AE_Model_1/Normalization/Experiment_04/C_Easy2_noise020.mat/V04_Off_AE_QL/2023_06_04-20_39_49
Punishment_Coefficient: 0.6
<_01_LoadDataset.ExternCode.spike_class.spike_dataclass object at 0x0000022649720550>
Sampling rate: 24000.0
Raw: [ 0.06217714  0.08667759  0.11027728 ... -0.20242181 -0.23729255
 -0.22686598]
Times: [    275    1209    1637 ... 1439335 1439493 1439555]
Cluster: [3 1 3 ... 1 3 3]
Number of different clusters:  3
Number of Spikes: 3526
First aligned Spike Frame: [ 0.1985413   0.13105152  0.07019694  0.01293704 -0.04549478 -0.09355401
 -0.10898392 -0.08319484 -0.04338644 -0.02286395 -0.01669682  0.03736978
  0.228401    0.55158241  0.86822633  1.017223    0.95590368  0.7885242
  0.62729572  0.50651951  0.42415885  0.36744116  0.32697735  0.30083782
  0.28884086  0.28564604  0.27020338  0.23197964  0.18793799  0.15404375
  0.12614683  0.08867524  0.0478996   0.02814512  0.02523451  0.01117923
 -0.03609381 -0.11393271 -0.18622402 -0.21752562 -0.20411432 -0.1633565
 -0.106174   -0.0312361   0.06793406  0.17242405  0.24704307]
Cluster 0, Occurrences: 1186
Cluster 1, Occurrences: 1188
Cluster 2, Occurrences: 1152
Train Index: 3173
x_train: 3173
y_train: 3173
x_test: 353
y_test: 353
<torch.utils.data.dataloader.DataLoader object at 0x000002264D291B70>
<torch.utils.data.dataloader.DataLoader object at 0x000002264D291668>
Epoch [1/8]: mean_loss=0.000484179602357686
Epoch [2/8]: mean_loss=0.0003038639544071721
Epoch [3/8]: mean_loss=0.0002987405540303612
Epoch [4/8]: mean_loss=0.0002961061459611144
Epoch [5/8]: mean_loss=0.0002952029462169951
Epoch [6/8]: mean_loss=0.0002982912352088495
Epoch [7/8]: mean_loss=0.0003042334603809649
Epoch [8/8]: mean_loss=0.0003130016193906854
Number of Clusters: 3
Number of Samples after Autoencoder testing: 353
First Spike after testing: [-0.126727   1.1750869]
[2, 0, 1, 1, 2, 0, 1, 2, 1, 1, 2, 1, 0, 0, 0, 2, 1, 0, 2, 1, 0, 1, 1, 1, 2, 1, 2, 1, 2, 0, 1, 2, 0, 2, 0, 1, 0, 1, 0, 2, 0, 2, 0, 2, 1, 2, 1, 1, 2, 2, 2, 2, 0, 0, 0, 2, 0, 0, 2, 2, 1, 0, 2, 1, 1, 1, 1, 1, 0, 1, 2, 0, 0, 1, 2, 1, 2, 2, 2, 2, 0, 2, 2, 0, 0, 2, 2, 2, 2, 0, 1, 1, 1, 1, 1, 1, 1, 1, 0, 1, 1, 1, 1, 1, 2, 1, 0, 0, 0, 1, 1, 2, 2, 1, 2, 2, 0, 1, 1, 2, 0, 2, 1, 2, 2, 1, 1, 2, 2, 1, 1, 1, 1, 2, 0, 2, 1, 1, 1, 2, 1, 2, 2, 0, 0, 0, 2, 1, 2, 2, 0, 1, 0, 1, 1, 2, 1, 2, 2, 2, 0, 2, 1, 0, 0, 1, 1, 1, 2, 0, 1, 0, 2, 0, 1, 1, 0, 0, 2, 0, 2, 0, 2, 1, 1, 1, 1, 2, 0, 0, 0, 0, 0, 0, 0, 1, 1, 2, 1, 0, 2, 0, 0, 1, 1, 0, 0, 0, 2, 0, 2, 2, 2, 0, 2, 1, 0, 1, 1, 1, 1, 0, 1, 0, 2, 1, 1, 2, 1, 0, 0, 0, 1, 2, 2, 0, 0, 0, 1, 1, 1, 1, 2, 0, 2, 0, 1, 0, 2, 0, 2, 1, 2, 0, 1, 2, 1, 0, 1, 2, 1, 2, 0, 1, 0, 1, 2, 0, 2, 2, 0, 2, 0, 1, 1, 2, 0, 2, 1, 1, 1, 1, 2, 2, 2, 0, 0, 0, 2, 2, 2, 2, 2, 1, 0, 2, 1, 0, 0, 0, 0, 1, 2, 0, 0, 1, 0, 1, 2, 0, 2, 0, 1, 0, 1, 1, 0, 0, 0, 2, 2, 2, 0, 1, 0, 2, 2, 1, 0, 2, 0, 1, 0, 1, 1, 1, 0, 0, 1, 0, 1, 0, 0, 2, 0, 1, 2, 2, 0, 0, 0, 2, 2]
[0, 1, 1, 1, 2, 1, 1, 0, 1, 1, 0, 1, 1, 1, 3, 0, 1, 3, 0, 1, 3, 1, 1, 1, 0, 1, 2, 1, 2, 3, 1, 2, 3, 2, 3, 1, 1, 1, 3, 0, 3, 0, 3, 2, 1, 2, 1, 1, 2, 0, 2, 2, 1, 3, 3, 2, 3, 3, 2, 2, 1, 3, 0, 1, 1, 1, 1, 1, 3, 1, 2, 3, 3, 1, 2, 1, 0, 2, 2, 2, 3, 2, 0, 3, 3, 2, 2, 0, 0, 3, 1, 1, 1, 1, 1, 1, 1, 1, 3, 1, 1, 1, 1, 1, 2, 3, 3, 1, 3, 1, 1, 0, 2, 1, 0, 4, 3, 1, 1, 4, 1, 0, 1, 2, 0, 1, 1, 0, 0, 1, 1, 1, 1, 2, 3, 0, 1, 1, 1, 2, 1, 2, 2, 3, 3, 1, 0, 1, 2, 0, 3, 1, 3, 1, 1, 0, 1, 2, 2, 0, 3, 0, 1, 3, 1, 1, 1, 1, 2, 3, 1, 3, 0, 3, 1, 3, 3, 3, 2, 1, 0, 3, 2, 1, 1, 1, 1, 2, 3, 3, 3, 3, 3, 3, 1, 1, 1, 0, 1, 1, 4, 3, 3, 1, 1, 3, 3, 3, 2, 3, 4, 0, 2, 3, 0, 1, 3, 1, 1, 1, 1, 3, 1, 3, 2, 1, 1, 5, 1, 3, 3, 3, 1, 0, 0, 3, 3, 3, 1, 1, 1, 1, 0, 3, 5, 3, 1, 3, 0, 3, 0, 1, 2, 1, 1, 2, 3, 3, 3, 0, 1, 2, 3, 1, 3, 3, 2, 1, 4, 5, 3, 0, 3, 1, 1, 2, 3, 2, 1, 1, 1, 1, 2, 0, 0, 3, 3, 3, 2, 5, 2, 2, 5, 1, 3, 0, 1, 3, 3, 3, 3, 1, 0, 3, 3, 1, 1, 1, 2, 3, 0, 3, 1, 1, 1, 1, 3, 1, 1, 2, 2, 2, 3, 1, 3, 5, 0, 1, 3, 2, 3, 1, 3, 3, 1, 1, 3, 3, 1, 3, 3, 3, 1, 5, 3, 1, 2, 2, 3, 3, 3, 0, 2]
Centroids: [[1.1129073, -0.8304554], [0.71514463, -0.42600626], [-0.57046825, 2.2849543]]
Centroids: [[-0.19729587, 1.8174635], [0.7192819, -0.41360548], [-0.87223727, 2.6849895], [1.1576072, -0.89799654], [-1.2170827, 3.7618732], [-0.0934149, 1.03503]]
Standard Derivations: [0.18061635, 0.23641603, 0.41899484]
Cluster Distances: [0.15023677, 2.9415088, 0.15023676, 2.3449402, 2.9415088, 2.3449402]
Minimal Cluster Distance: 0.15023675560951233
Contingency Matrix: 
[[  0  20   0  96   0   0]
 [  0 117   0   7   0   0]
 [ 45   0  56   0   5   7]]
[[0, 20, 0, 96, 0, 0], [0, 117, 0, 7, 0, 0], [45, 0, 56, 0, 5, 7]]
[[0, 20, 0, 96, 0, 0], [0, 117, 0, 7, 0, 0], [45, 0, 56, 0, 5, 7]]
[0, 1, 2, 3, 4, 5]
[[0, -1, 0, 96, 0, 0], [-1, -1, -1, -1, -1, -1], [45, -1, 56, 0, 5, 7]]
[[-1, -1, -1, -1, -1, -1], [-1, -1, -1, -1, -1, -1], [45, -1, 56, -1, 5, 7]]
[[-1, -1, -1, -1, -1, -1], [-1, -1, -1, -1, -1, -1], [-1, -1, -1, -1, -1, -1]]
Match_Labels: {1: 1, 0: 3, 2: 2}
New Contingency Matrix: 
[[ 96  20   0   0   0   0]
 [  7 117   0   0   0   0]
 [  0   0  56  45   5   7]]
New Clustered Label Sequence: [3, 1, 2, 0, 4, 5]
Diagonal_Elements: [96, 117, 56], Sum: 269
All_Elements: [96, 20, 0, 0, 0, 0, 7, 117, 0, 0, 0, 0, 0, 0, 56, 45, 5, 7], Sum: 353
Accuracy: 0.7620396600566572
