Seed: 6
Experiment_path: AE_Model_1/Random_Seeds_DV5//V5_2/Experiment_05_6_opt_temp
Dataset_Path: ../_00_Datasets/03_SimDaten_Quiroga2020/C_Difficult2_noise020.mat
Dataset_name: ['03_SimDaten_Quiroga2020', 'C_Difficult2_noise020.mat']
Variant_name: Variant_05_Online_Autoencoder_QLearning_opt_temp
Visualisation_Path: AE_Model_1/Random_Seeds_DV5//V5_2/Experiment_05_6_opt_temp/C_Difficult2_noise020.mat/Variant_05_Online_Autoencoder_QLearning_opt_temp/2023_04_24-17_21_35
Normalisation: False
Template Matching: True
Optimising Autoencoder: True
Update Factor: 1
Noisy Batches: False
Noisy Factor: 0.1
Epochs: 8
Batch Size: 1
maximal Spikes for Autoencoder Training : 700
maximal Spikes for Training: 1000
Input Size: 47
Chosen Model: Autoencoder
Autoencoder(
  (encoder): Sequential(
    (0): Linear(in_features=47, out_features=12, bias=True)
    (1): LeakyReLU(negative_slope=0.01)
    (2): Linear(in_features=12, out_features=2, bias=True)
  )
  (decoder): Sequential(
    (0): Linear(in_features=2, out_features=12, bias=True)
    (1): LeakyReLU(negative_slope=0.01)
    (2): Linear(in_features=12, out_features=47, bias=True)
  )
)
MSELoss()
Adam (
Parameter Group 0
    amsgrad: False
    betas: (0.9, 0.999)
    capturable: False
    differentiable: False
    eps: 1e-08
    foreach: None
    fused: False
    lr: 0.001
    maximize: False
    weight_decay: 0
)
---Q Learning Parameters---
Normalisation: False
Punishment Coefficient: 0.7
Alpha: 0.8
Epsilon: 0.01
Gamma: 0.97
Initial Episode Number: 0
Episode Number Coefficient: 1.4
Number of Random Features: 20
Planning Number: 20
Max Random Features: 60
New Episode Number: 72
New Episode Number: 143
New Episode Number: 215
New Episode Number: 286
New Episode Number: 358
New Episode Number: 429
New Episode Number: 500
New Episode Number: 572
New Episode Number: 643
New Episode Number: 715
New Episode Number: 786
New Episode Number: 858
New Episode Number: 929
New Episode Number: 1000
New Episode Number: 1072
New Episode Number: 1143
New Episode Number: 1215
New Episode Number: 1286
                0      1      2      3   ...     15     16     17     18
new_cluster -22.13 -25.53 -21.32 -20.74  ... -25.94 -31.52 -61.52 -60.05
c1          -22.43 -25.24 -20.96 -20.95  ... -26.80 -31.78 -61.05 -60.78
c2          -22.14 -25.71 -21.63 -20.70  ... -25.91 -31.99 -60.14 -61.87
c3          -22.14 -24.63 -21.29 -20.08  ... -26.50 -32.09 -61.27 -62.09
c4          -22.52 -25.00 -20.82 -21.08  ... -25.70 -32.09 -59.99 -62.03
c5          -22.48 -26.18 -20.87 -21.14  ... -26.58 -31.89 -60.86 -59.68
c6          -22.14 -25.27 -21.24 -20.81  ... -26.00 -32.11 -58.91 -62.82
c7          -22.13 -26.19 -20.84 -20.94  ... -26.16 -31.89 -56.69 -64.02
c8          -22.36 -26.00 -21.42 -20.11  ... -25.45 -31.89 -60.80 -61.32
c9          -22.13 -26.22 -21.15 -20.80  ... -25.24 -32.11 -56.40 -59.99
c10         -22.40 -25.43 -21.03 -20.89  ... -25.60 -32.12 -61.31 -59.83
c11         -22.33 -26.21 -21.31 -20.28  ... -26.49 -31.89 -58.99 -63.04
c12         -22.53 -26.32 -21.49 -20.61  ... -26.22 -31.52 -60.76 -62.15
c13         -22.09 -25.24 -21.22 -20.67  ... -25.09 -32.09 -58.42 -63.19
c14         -22.13 -25.68 -20.77 -20.69  ... -25.18 -32.11 -59.64 -61.82
c15         -22.35 -25.08 -21.49 -20.85  ... -27.14 -31.85 -61.65 -58.20
c16         -22.54 -25.57 -20.88 -20.56  ... -26.97 -31.87 -58.04 -61.22
c17         -22.35 -26.35 -21.25 -20.46  ... -25.61 -32.11 -59.11 -59.94
c18         -22.14 -25.28 -21.05 -20.90  ... -25.82 -32.11 -57.27 -60.13

[19 rows x 19 columns]
\begin{tabular}{lrrrrrrrrrrrrrrrrrrr}
\toprule
{} &     0  &     1  &     2  &     3  &     4  &     5  &     6  &     7  &     8  &     9  &     10 &     11 &     12 &     13 &     14 &     15 &     16 &     17 &     18 \\
\midrule
new\_cluster & -22.13 & -25.53 & -21.32 & -20.74 & -30.02 & -34.79 & -21.54 & -27.25 & -24.69 & -23.33 & -34.02 & -25.56 & -23.06 & -36.29 & -29.21 & -25.94 & -31.52 & -61.52 & -60.05 \\
c1          & -22.43 & -25.24 & -20.96 & -20.95 & -29.03 & -34.42 & -22.29 & -26.18 & -24.06 & -23.31 & -33.48 & -24.56 & -23.05 & -36.34 & -29.13 & -26.80 & -31.78 & -61.05 & -60.78 \\
c2          & -22.14 & -25.71 & -21.63 & -20.70 & -29.79 & -35.82 & -21.93 & -26.24 & -24.39 & -22.89 & -33.80 & -25.24 & -22.70 & -38.26 & -29.56 & -25.91 & -31.99 & -60.14 & -61.87 \\
c3          & -22.14 & -24.63 & -21.29 & -20.08 & -29.25 & -35.54 & -21.92 & -27.12 & -24.71 & -22.47 & -33.68 & -25.70 & -22.59 & -36.33 & -29.55 & -26.50 & -32.09 & -61.27 & -62.09 \\
c4          & -22.52 & -25.00 & -20.82 & -21.08 & -29.67 & -35.94 & -22.03 & -26.49 & -24.78 & -22.11 & -34.40 & -25.19 & -22.97 & -36.16 & -29.18 & -25.70 & -32.09 & -59.99 & -62.03 \\
c5          & -22.48 & -26.18 & -20.87 & -21.14 & -28.59 & -33.29 & -21.64 & -27.40 & -24.36 & -22.87 & -34.79 & -25.55 & -23.15 & -36.24 & -29.18 & -26.58 & -31.89 & -60.86 & -59.68 \\
c6          & -22.14 & -25.27 & -21.24 & -20.81 & -28.95 & -36.56 & -21.85 & -26.99 & -24.88 & -23.99 & -33.68 & -25.62 & -22.44 & -37.74 & -29.18 & -26.00 & -32.11 & -58.91 & -62.82 \\
c7          & -22.13 & -26.19 & -20.84 & -20.94 & -29.18 & -35.12 & -21.80 & -26.05 & -24.40 & -23.43 & -35.14 & -25.03 & -23.72 & -36.71 & -29.13 & -26.16 & -31.89 & -56.69 & -64.02 \\
c8          & -22.36 & -26.00 & -21.42 & -20.11 & -29.50 & -35.10 & -21.91 & -26.55 & -25.39 & -23.80 & -33.62 & -25.16 & -22.89 & -35.15 & -29.09 & -25.45 & -31.89 & -60.80 & -61.32 \\
c9          & -22.13 & -26.22 & -21.15 & -20.80 & -29.09 & -35.97 & -21.94 & -27.18 & -25.05 & -23.25 & -34.39 & -25.81 & -23.17 & -36.07 & -29.19 & -25.24 & -32.11 & -56.40 & -59.99 \\
c10         & -22.40 & -25.43 & -21.03 & -20.89 & -29.10 & -34.62 & -22.26 & -26.57 & -24.20 & -23.16 & -33.66 & -25.62 & -22.91 & -38.18 & -29.18 & -25.60 & -32.12 & -61.31 & -59.83 \\
c11         & -22.33 & -26.21 & -21.31 & -20.28 & -29.27 & -35.09 & -22.03 & -26.30 & -23.74 & -24.19 & -32.96 & -25.49 & -22.62 & -35.23 & -29.13 & -26.49 & -31.89 & -58.99 & -63.04 \\
c12         & -22.53 & -26.32 & -21.49 & -20.61 & -28.78 & -35.79 & -21.72 & -25.98 & -23.66 & -22.88 & -32.68 & -24.43 & -22.34 & -35.66 & -29.13 & -26.22 & -31.52 & -60.76 & -62.15 \\
c13         & -22.09 & -25.24 & -21.22 & -20.67 & -28.60 & -34.20 & -22.06 & -27.33 & -24.58 & -22.96 & -34.69 & -26.76 & -23.28 & -36.36 & -29.16 & -25.09 & -32.09 & -58.42 & -63.19 \\
c14         & -22.13 & -25.68 & -20.77 & -20.69 & -28.55 & -35.06 & -21.99 & -29.02 & -25.29 & -23.02 & -33.86 & -25.43 & -22.89 & -37.27 & -29.12 & -25.18 & -32.11 & -59.64 & -61.82 \\
c15         & -22.35 & -25.08 & -21.49 & -20.85 & -28.87 & -35.15 & -21.91 & -27.16 & -25.61 & -23.78 & -33.49 & -25.30 & -22.72 & -36.20 & -29.56 & -27.14 & -31.85 & -61.65 & -58.20 \\
c16         & -22.54 & -25.57 & -20.88 & -20.56 & -29.21 & -36.88 & -21.84 & -27.48 & -24.46 & -23.47 & -34.44 & -25.45 & -22.83 & -37.71 & -29.13 & -26.97 & -31.87 & -58.04 & -61.22 \\
c17         & -22.35 & -26.35 & -21.25 & -20.46 & -29.16 & -35.20 & -22.39 & -25.85 & -24.84 & -23.86 & -34.58 & -25.64 & -23.00 & -35.51 & -29.21 & -25.61 & -32.11 & -59.11 & -59.94 \\
c18         & -22.14 & -25.28 & -21.05 & -20.90 & -29.85 & -34.46 & -22.27 & -26.88 & -25.14 & -23.98 & -34.67 & -25.64 & -22.99 & -35.13 & -29.58 & -25.82 & -32.11 & -57.27 & -60.13 \\
\bottomrule
\end{tabular}

                               0            1   ...             17             18
new_cluster  [-1.96, new_cluster]  [-5.25, c1]  ...  [-41.21, c17]  [-39.78, c18]
c1           [-1.96, new_cluster]  [-5.11, c1]  ...  [-40.59, c17]  [-40.53, c18]
c2           [-1.96, new_cluster]   [-5.4, c1]  ...  [-39.68, c17]  [-41.68, c18]
c3           [-1.96, new_cluster]  [-4.41, c1]  ...  [-40.87, c17]  [-41.82, c18]
c4           [-1.96, new_cluster]  [-4.68, c1]  ...  [-39.54, c17]  [-41.76, c18]
c5           [-1.96, new_cluster]  [-5.86, c1]  ...  [-40.47, c17]  [-39.41, c18]
c6           [-1.96, new_cluster]  [-4.96, c1]  ...  [-38.53, c17]  [-42.55, c18]
c7           [-1.96, new_cluster]  [-5.87, c1]  ...  [-36.63, c17]  [-43.75, c18]
c8           [-1.96, new_cluster]  [-5.72, c1]  ...   [-40.4, c17]  [-41.05, c18]
c9           [-1.96, new_cluster]   [-5.9, c1]  ...  [-35.96, c17]  [-39.73, c18]
c10          [-1.96, new_cluster]  [-5.11, c1]  ...  [-40.92, c17]  [-39.55, c18]
c11          [-1.96, new_cluster]  [-5.89, c1]  ...   [-38.6, c17]  [-42.77, c18]
c12          [-1.96, new_cluster]  [-6.03, c1]  ...  [-40.37, c17]  [-41.98, c18]
c13          [-1.96, new_cluster]  [-4.99, c1]  ...  [-38.02, c17]  [-42.93, c18]
c14          [-1.96, new_cluster]  [-5.45, c1]  ...  [-39.18, c17]  [-41.55, c18]
c15          [-1.96, new_cluster]  [-4.82, c1]  ...   [-41.6, c17]  [-37.93, c18]
c16          [-1.96, new_cluster]  [-5.25, c1]  ...   [-37.6, c17]  [-40.95, c18]
c17          [-1.96, new_cluster]  [-6.04, c1]  ...  [-38.66, c17]  [-39.67, c18]
c18          [-1.96, new_cluster]  [-4.97, c1]  ...  [-37.41, c17]  [-39.86, c18]

[19 rows x 19 columns]
\begin{tabular}{llllllllllllllllllll}
\toprule
{} &                    0  &           1  &           2  &           3  &           4  &            5  &           6  &           7  &           8  &           9  &             10 &            11 &            12 &             13 &            14 &            15 &            16 &             17 &             18 \\
\midrule
new\_cluster &  [-1.96, new\_cluster] &  [-5.25, c1] &  [-1.22, c2] &  [-0.81, c3] &   [-9.7, c4] &  [-14.55, c5] &  [-1.34, c6] &  [-6.79, c7] &  [-4.41, c8] &  [-3.24, c9] &  [-13.75, c10] &  [-5.33, c11] &  [-2.68, c12] &  [-15.94, c13] &  [-9.05, c14] &  [-5.73, c15] &  [-11.9, c16] &  [-41.21, c17] &  [-39.78, c18] \\
c1          &  [-1.96, new\_cluster] &  [-5.11, c1] &  [-0.79, c2] &  [-0.62, c3] &  [-8.84, c4] &  [-14.18, c5] &   [-2.1, c6] &   [-5.7, c7] &   [-4.4, c8] &   [-3.6, c9] &  [-13.37, c10] &  [-4.86, c11] &  [-2.93, c12] &  [-16.23, c13] &  [-9.05, c14] &  [-6.58, c15] &  [-11.9, c16] &  [-40.59, c17] &  [-40.53, c18] \\
c2          &  [-1.96, new\_cluster] &   [-5.4, c1] &  [-1.14, c2] &  [-0.71, c3] &  [-9.52, c4] &  [-15.58, c5] &  [-1.84, c6] &  [-5.97, c7] &  [-4.12, c8] &  [-3.18, c9] &   [-13.7, c10] &  [-5.15, c11] &  [-2.67, c12] &  [-18.18, c13] &  [-9.05, c14] &  [-5.68, c15] &  [-11.9, c16] &  [-39.68, c17] &  [-41.68, c18] \\
c3          &  [-1.96, new\_cluster] &  [-4.41, c1] &  [-1.15, c2] &  [-0.58, c3] &  [-8.97, c4] &   [-15.3, c5] &  [-1.73, c6] &  [-6.78, c7] &  [-4.43, c8] &  [-2.75, c9] &  [-13.49, c10] &   [-5.4, c11] &  [-2.51, c12] &  [-16.29, c13] &  [-9.05, c14] &  [-6.46, c15] &  [-11.9, c16] &  [-40.87, c17] &  [-41.82, c18] \\
c4          &  [-1.96, new\_cluster] &  [-4.68, c1] &  [-0.66, c2] &   [-0.6, c3] &  [-9.24, c4] &  [-15.71, c5] &  [-1.83, c6] &   [-6.2, c7] &  [-4.74, c8] &  [-2.39, c9] &  [-14.15, c10] &  [-4.93, c11] &  [-2.54, c12] &  [-16.11, c13] &  [-9.05, c14] &  [-5.48, c15] &  [-11.9, c16] &  [-39.54, c17] &  [-41.76, c18] \\
c5          &  [-1.96, new\_cluster] &  [-5.86, c1] &  [-0.78, c2] &   [-0.7, c3] &  [-8.39, c4] &  [-13.09, c5] &  [-1.45, c6] &  [-6.92, c7] &  [-4.06, c8] &  [-3.15, c9] &  [-14.56, c10] &  [-5.32, c11] &  [-2.75, c12] &  [-16.18, c13] &  [-9.05, c14] &  [-6.37, c15] &  [-11.9, c16] &  [-40.47, c17] &  [-39.41, c18] \\
c6          &  [-1.96, new\_cluster] &  [-4.96, c1] &  [-0.74, c2] &  [-0.56, c3] &  [-8.55, c4] &  [-16.36, c5] &  [-1.66, c6] &  [-6.51, c7] &  [-4.61, c8] &  [-3.83, c9] &  [-13.44, c10] &  [-5.39, c11] &  [-2.42, c12] &  [-17.39, c13] &  [-9.05, c14] &  [-5.79, c15] &  [-11.9, c16] &  [-38.53, c17] &  [-42.55, c18] \\
c7          &  [-1.96, new\_cluster] &  [-5.87, c1] &  [-0.69, c2] &  [-0.91, c3] &  [-9.39, c4] &  [-14.88, c5] &  [-1.61, c6] &  [-5.57, c7] &  [-4.13, c8] &  [-3.27, c9] &  [-14.88, c10] &  [-4.93, c11] &  [-3.28, c12] &  [-16.66, c13] &  [-9.05, c14] &  [-5.93, c15] &  [-11.9, c16] &  [-36.63, c17] &  [-43.75, c18] \\
c8          &  [-1.96, new\_cluster] &  [-5.72, c1] &  [-0.98, c2] &  [-0.56, c3] &   [-9.3, c4] &  [-14.91, c5] &  [-1.71, c6] &  [-6.18, c7] &  [-5.14, c8] &  [-3.64, c9] &  [-13.46, c10] &  [-5.09, c11] &  [-2.46, c12] &  [-15.08, c13] &  [-9.05, c14] &  [-5.23, c15] &  [-11.9, c16] &   [-40.4, c17] &  [-41.05, c18] \\
c9          &  [-1.96, new\_cluster] &   [-5.9, c1] &  [-0.96, c2] &  [-0.46, c3] &  [-8.67, c4] &  [-15.73, c5] &  [-1.75, c6] &   [-6.7, c7] &  [-4.75, c8] &  [-3.16, c9] &  [-14.14, c10] &  [-5.57, c11] &  [-2.95, c12] &  [-16.03, c13] &  [-9.05, c14] &  [-5.02, c15] &  [-11.9, c16] &  [-35.96, c17] &  [-39.73, c18] \\
c10         &  [-1.96, new\_cluster] &  [-5.11, c1] &  [-0.53, c2] &  [-0.61, c3] &  [-8.91, c4] &  [-14.38, c5] &  [-2.06, c6] &  [-6.27, c7] &   [-3.9, c8] &  [-3.44, c9] &  [-13.92, c10] &  [-5.34, c11] &  [-2.68, c12] &  [-17.78, c13] &  [-9.05, c14] &   [-5.4, c15] &  [-11.9, c16] &  [-40.92, c17] &  [-39.55, c18] \\
c11         &  [-1.96, new\_cluster] &  [-5.89, c1] &  [-1.16, c2] &  [-0.43, c3] &  [-9.06, c4] &  [-14.85, c5] &  [-1.84, c6] &  [-6.05, c7] &  [-3.47, c8] &   [-4.1, c9] &  [-13.19, c10] &  [-5.31, c11] &  [-2.75, c12] &  [-15.17, c13] &  [-9.05, c14] &  [-6.14, c15] &  [-11.9, c16] &   [-38.6, c17] &  [-42.77, c18] \\
c12         &  [-1.96, new\_cluster] &  [-6.03, c1] &  [-0.83, c2] &  [-0.86, c3] &  [-8.54, c4] &  [-15.56, c5] &  [-1.58, c6] &  [-5.68, c7] &  [-3.38, c8] &   [-2.8, c9] &  [-12.43, c10] &  [-4.14, c11] &  [-2.18, c12] &  [-15.57, c13] &  [-9.05, c14] &  [-5.99, c15] &  [-11.9, c16] &  [-40.37, c17] &  [-41.98, c18] \\
c13         &  [-1.96, new\_cluster] &  [-4.99, c1] &  [-0.68, c2] &   [-0.7, c3] &  [-8.21, c4] &  [-13.96, c5] &  [-1.87, c6] &  [-7.06, c7] &  [-4.28, c8] &  [-3.25, c9] &  [-14.65, c10] &   [-6.4, c11] &  [-2.86, c12] &  [-16.26, c13] &  [-9.05, c14] &  [-4.87, c15] &  [-11.9, c16] &  [-38.02, c17] &  [-42.93, c18] \\
c14         &  [-1.96, new\_cluster] &  [-5.45, c1] &  [-0.59, c2] &  [-0.62, c3] &  [-8.69, c4] &  [-14.82, c5] &   [-1.8, c6] &  [-8.54, c7] &   [-5.0, c8] &  [-2.86, c9] &   [-13.6, c10] &  [-5.11, c11] &  [-2.74, c12] &  [-17.22, c13] &  [-9.05, c14] &  [-4.97, c15] &  [-11.9, c16] &  [-39.18, c17] &  [-41.55, c18] \\
c15         &  [-1.96, new\_cluster] &  [-4.82, c1] &  [-0.98, c2] &  [-0.48, c3] &  [-8.63, c4] &   [-14.9, c5] &  [-1.72, c6] &   [-6.7, c7] &  [-5.31, c8] &  [-3.69, c9] &  [-13.41, c10] &  [-5.03, c11] &  [-2.49, c12] &  [-16.14, c13] &  [-9.05, c14] &  [-7.04, c15] &  [-11.9, c16] &   [-41.6, c17] &  [-37.93, c18] \\
c16         &  [-1.96, new\_cluster] &  [-5.25, c1] &  [-0.82, c2] &  [-0.44, c3] &  [-9.13, c4] &  [-16.64, c5] &  [-1.65, c6] &  [-7.01, c7] &  [-4.19, c8] &  [-3.76, c9] &  [-14.19, c10] &  [-5.18, c11] &  [-2.63, c12] &  [-17.37, c13] &  [-9.05, c14] &  [-6.75, c15] &  [-11.9, c16] &   [-37.6, c17] &  [-40.95, c18] \\
c17         &  [-1.96, new\_cluster] &  [-6.04, c1] &  [-0.61, c2] &  [-0.81, c3] &  [-8.95, c4] &  [-15.17, c5] &  [-2.21, c6] &  [-5.69, c7] &  [-4.54, c8] &  [-3.69, c9] &  [-14.32, c10] &  [-5.32, c11] &  [-2.61, c12] &  [-15.48, c13] &  [-9.05, c14] &  [-5.43, c15] &  [-11.9, c16] &  [-38.66, c17] &  [-39.67, c18] \\
c18         &  [-1.96, new\_cluster] &  [-4.97, c1] &  [-0.85, c2] &  [-0.57, c3] &  [-9.61, c4] &  [-14.22, c5] &  [-2.14, c6] &   [-6.4, c7] &  [-4.85, c8] &  [-4.26, c9] &  [-14.41, c10] &  [-5.34, c11] &  [-2.67, c12] &  [-15.07, c13] &  [-9.05, c14] &   [-5.6, c15] &  [-11.9, c16] &  [-37.41, c17] &  [-39.86, c18] \\
\bottomrule
\end{tabular}

