Seed: 0
Experiment_path: Experiment_06
Dataset_Path: ../_00_Datasets/03_SimDaten_Quiroga2020/C_Burst_Easy2_noise015.mat
Dataset_name: ['03_SimDaten_Quiroga2020', 'C_Burst_Easy2_noise015.mat']
Variant_name: Variant_05_Online_Autoencoder_QLearning_opt
Visualisation_Path: AE_Model_2/Grid_Search_PC//V5_1/C_Burst_Easy2_noise015.mat/Variant_05_Online_Autoencoder_QLearning_opt/2023_05_03-13_01_30
Normalisation: False
Template Matching: False
Optimising Autoencoder: True
Update Factor: 1
Noisy Batches: False
Noisy Factor: 0.001
Epochs: 8
Batch Size: 1
maximal Spikes for Autoencoder Training : 700
maximal Spikes for Training: 1000
Input Size: 47
Chosen Model: Convolutional Autoencoder
ConvolutionalAutoencoder(
  (encoder): Sequential(
    (0): Conv1d(1, 6, kernel_size=(6,), stride=(1,))
    (1): LeakyReLU(negative_slope=0.01)
    (2): Conv1d(6, 1, kernel_size=(6,), stride=(1,))
    (3): Flatten(start_dim=1, end_dim=-1)
    (4): Linear(in_features=37, out_features=2, bias=True)
  )
  (decoder): Sequential(
    (0): ConvTranspose1d(1, 6, kernel_size=(6,), stride=(1,))
    (1): LeakyReLU(negative_slope=0.01)
    (2): ConvTranspose1d(6, 1, kernel_size=(6,), stride=(1,))
    (3): Flatten(start_dim=1, end_dim=-1)
    (4): Linear(in_features=12, out_features=47, bias=True)
  )
)
MSELoss()
Adam (
Parameter Group 0
    amsgrad: False
    betas: (0.9, 0.999)
    capturable: False
    differentiable: False
    eps: 1e-08
    foreach: None
    fused: False
    lr: 0.001
    maximize: False
    weight_decay: 0
)
---Q Learning Parameters---
Normalisation: False
Punishment Coefficient: 1.1
Alpha: 0.8
Epsilon: 0.01
Gamma: 0.97
Initial Episode Number: 0
Episode Number Coefficient: 1.4
Number of Random Features: 20
Planning Number: 20
Max Random Features: 60
New Episode Number: 72
New Episode Number: 143
New Episode Number: 215
New Episode Number: 286
                 0      1      2      3      4
new_cluster -41.33 -49.72 -37.49 -38.51 -64.63
c1          -41.27 -48.85 -37.73 -39.60 -63.91
c2          -41.23 -49.53 -37.03 -38.51 -61.99
c3          -41.32 -49.51 -37.08 -38.64 -64.78
c4          -41.28 -48.11 -37.94 -38.73 -64.02
\begin{tabular}{lrrrrr}
\toprule
{} &      0 &      1 &      2 &      3 &      4 \\
\midrule
new\_cluster & -41.33 & -49.72 & -37.49 & -38.51 & -64.63 \\
c1          & -41.27 & -48.85 & -37.73 & -39.60 & -63.91 \\
c2          & -41.23 & -49.53 & -37.03 & -38.51 & -61.99 \\
c3          & -41.32 & -49.51 & -37.08 & -38.64 & -64.78 \\
c4          & -41.28 & -48.11 & -37.94 & -38.73 & -64.02 \\
\bottomrule
\end{tabular}

                                0             1  ...            3             4
new_cluster  [-4.84, new_cluster]  [-12.98, c1]  ...  [-2.54, c3]  [-27.82, c4]
c1           [-4.84, new_cluster]  [-12.07, c1]  ...  [-3.64, c3]  [-27.07, c4]
c2           [-4.84, new_cluster]  [-12.66, c1]  ...  [-2.39, c3]  [-24.97, c4]
c3           [-4.84, new_cluster]  [-12.89, c1]  ...  [-2.54, c3]  [-27.98, c4]
c4           [-4.84, new_cluster]  [-11.48, c1]  ...  [-2.76, c3]  [-27.21, c4]

[5 rows x 5 columns]
\begin{tabular}{llllll}
\toprule
{} &                     0 &             1 &            2 &            3 &             4 \\
\midrule
new\_cluster &  [-4.84, new\_cluster] &  [-12.98, c1] &  [-1.19, c2] &  [-2.54, c3] &  [-27.82, c4] \\
c1          &  [-4.84, new\_cluster] &  [-12.07, c1] &  [-1.76, c2] &  [-3.64, c3] &  [-27.07, c4] \\
c2          &  [-4.84, new\_cluster] &  [-12.66, c1] &  [-0.25, c2] &  [-2.39, c3] &  [-24.97, c4] \\
c3          &  [-4.84, new\_cluster] &  [-12.89, c1] &  [-0.76, c2] &  [-2.54, c3] &  [-27.98, c4] \\
c4          &  [-4.84, new\_cluster] &  [-11.48, c1] &  [-1.36, c2] &  [-2.76, c3] &  [-27.21, c4] \\
\bottomrule
\end{tabular}

