Experiment_path: AE_Model_2/Random_Seeds//V2/Experiment_02_4
Dataset_Path: ../_00_Datasets/03_SimDaten_Quiroga2020/C_Easy1_noise020.mat
Dataset_name: ['03_SimDaten_Quiroga2020', 'C_Easy1_noise020.mat']
Variant_name: Variant_02_Autoencoder_KMeans
Visualisation_Path: Random_Seeds//V2/Experiment_02_4/C_Easy1_noise020.mat/Variant_02_Autoencoder_KMeans/2023_04_20-20_21_56
<_01_LoadDataset.ExternCode.spike_class.spike_dataclass object at 0x000001B91F02CCC0>
Sampling rate: 24000.0
Raw: [-0.20218342 -0.1653919  -0.13236941 ...  0.26695674  0.20113134
  0.13708332]
Times: [    553     927    1270 ... 1437880 1438309 1439004]
Cluster: [1 2 2 ... 2 2 3]
Number of different clusters:  3
Number of Spikes: 3474
First aligned Spike Frame: [-0.02428298 -0.07468906 -0.10332709 -0.10788142 -0.10649267 -0.11021489
 -0.10987225 -0.08885562 -0.04921868 -0.01240992  0.01146155  0.01660937
  0.02581569  0.2202783   0.78693477  1.36742658  1.33473907  0.72217426
  0.12183007 -0.12754948 -0.13495181 -0.08662948 -0.04057795  0.00340961
  0.02448001  0.00850378 -0.01157346  0.00458874  0.04572819  0.06172643
  0.0301382  -0.01498516 -0.0270755  -0.00657047  0.0093092   0.00369654
 -0.00788818 -0.00582791  0.0080957   0.01954062  0.01611345 -0.00497206
 -0.0357219  -0.0657767  -0.0887014  -0.1049796  -0.12649457]
Cluster 0, Occurrences: 1198
Cluster 1, Occurrences: 1128
Cluster 2, Occurrences: 1148
<torch.utils.data.dataloader.DataLoader object at 0x000001B920AF00B8>
Epoch [1/8]: mean_loss=0.0007807447518198979
Epoch [2/8]: mean_loss=0.0005873991393633766
Epoch [3/8]: mean_loss=0.0005864869812841243
Epoch [4/8]: mean_loss=0.0005441199427563858
Epoch [5/8]: mean_loss=0.0005115005180988167
Epoch [6/8]: mean_loss=0.00048683971371962786
Epoch [7/8]: mean_loss=0.00046685392870237996
Epoch [8/8]: mean_loss=0.00046570129731694684
Number of Clusters: 3
Number of Samples after Autoencoder testing: 3474
First Spike after testing: [ 3.122571   -0.37255338]
[0 1 1 ... 1 1 2]
[1 0 0 ... 0 0 2]
Cluster 0 Occurrences: 1198; KMEANS: 1114
Cluster 1 Occurrences: 1128; KMEANS: 1185
Cluster 2 Occurrences: 1148; KMEANS: 1175
Centroids: [[2.589353, -0.14789076], [-1.7726446, 1.4854401], [-0.51834595, -3.1004353]]
Centroids: [[-1.7869616, 1.5164092], [2.6287553, -0.09966854], [-0.52507186, -3.0911222]]
Contingency Matrix: 
[[   0 1175   23]
 [1114    6    8]
 [   0    4 1144]]
[[0, 1175, 23], [1114, 6, 8], [0, 4, 1144]]
[[0, 1175, 23], [1114, 6, 8], [0, 4, 1144]]
[0, 1, 2]
[[-1, -1, -1], [1114, -1, 8], [0, -1, 1144]]
[[-1, -1, -1], [1114, -1, -1], [-1, -1, -1]]
[[-1, -1, -1], [-1, -1, -1], [-1, -1, -1]]
Match_Labels: {0: 1, 2: 2, 1: 0}
New Contingency Matrix: 
[[1175    0   23]
 [   6 1114    8]
 [   4    0 1144]]
New Clustered Label Sequence: [1, 0, 2]
Diagonal_Elements: [1175, 1114, 1144], Sum: 3433
All_Elements: [1175, 0, 23, 6, 1114, 8, 4, 0, 1144], Sum: 3474
Accuracy: 0.9881980426021877
