Experiment_path: AE_Model_2/Normalization/Experiment_04
Dataset_Path: ../_00_Datasets/03_SimDaten_Quiroga2020/C_Easy2_noise005.mat
Dataset_name: ['03_SimDaten_Quiroga2020', 'C_Easy2_noise005.mat']
Variant_name: V04_Off_AE_QL
Visualisation_Path: AE_Model_2/Normalization/Experiment_04/C_Easy2_noise005.mat/V04_Off_AE_QL/2023_06_04-19_54_34
Punishment_Coefficient: 0.7
<_01_LoadDataset.ExternCode.spike_class.spike_dataclass object at 0x000001B1EF8155C0>
Sampling rate: 24000.0
Raw: [ 0.11862069  0.1123084   0.10401825 ... -0.10219323 -0.10268373
 -0.08956559]
Times: [    346     799    1005 ... 1436867 1437273 1437800]
Cluster: [3 3 3 ... 3 1 3]
Number of different clusters:  3
Number of Spikes: 3410
First aligned Spike Frame: [ 2.05661766e-03  8.27536867e-03  1.66427268e-02  2.31246655e-02
  2.28936935e-02  1.99169368e-02  2.25281834e-02  3.37605443e-02
  4.94182133e-02  6.24484568e-02  8.42111946e-02  1.71357846e-01
  3.88441746e-01  6.99052305e-01  9.59509287e-01  1.03608873e+00
  9.29169963e-01  7.55567481e-01  6.10726415e-01  5.06818519e-01
  4.23878029e-01  3.55610047e-01  3.01970228e-01  2.53702042e-01
  1.98274486e-01  1.32802904e-01  6.40690121e-02  7.96454927e-04
 -5.66201776e-02 -1.11669131e-01 -1.62581026e-01 -2.01746625e-01
 -2.23071447e-01 -2.29516190e-01 -2.30160694e-01 -2.27148529e-01
 -2.18080531e-01 -2.04276810e-01 -1.90750996e-01 -1.81098693e-01
 -1.72421418e-01 -1.61640218e-01 -1.48460304e-01 -1.32332846e-01
 -1.13338953e-01 -9.43725979e-02 -7.56249106e-02]
Cluster 0, Occurrences: 1130
Cluster 1, Occurrences: 1113
Cluster 2, Occurrences: 1167
Train Index: 3069
x_train: 3069
y_train: 3069
x_test: 341
y_test: 341
<torch.utils.data.dataloader.DataLoader object at 0x000001B1EF7611D0>
<torch.utils.data.dataloader.DataLoader object at 0x000001B1EF761080>
Epoch [1/8]: mean_loss=0.00023378558291056162
Epoch [2/8]: mean_loss=9.674899145865521e-05
Epoch [3/8]: mean_loss=9.467024722935571e-05
Epoch [4/8]: mean_loss=9.128308066225506e-05
Epoch [5/8]: mean_loss=8.487430085622578e-05
Epoch [6/8]: mean_loss=7.86770199801507e-05
Epoch [7/8]: mean_loss=7.458230316379184e-05
Epoch [8/8]: mean_loss=7.046919107651378e-05
Number of Clusters: 3
Number of Samples after Autoencoder testing: 341
First Spike after testing: [-0.27964464  1.6212132 ]
[2, 2, 0, 2, 0, 2, 2, 0, 0, 1, 1, 2, 2, 2, 1, 1, 1, 2, 1, 2, 0, 0, 1, 2, 0, 2, 1, 1, 1, 1, 1, 0, 0, 1, 0, 1, 0, 2, 1, 1, 1, 2, 0, 1, 2, 1, 2, 0, 2, 1, 0, 0, 0, 0, 0, 0, 1, 1, 0, 0, 2, 0, 1, 0, 1, 2, 1, 1, 0, 0, 1, 1, 2, 2, 2, 1, 2, 0, 2, 1, 2, 0, 0, 2, 0, 0, 2, 0, 2, 2, 2, 0, 1, 0, 2, 1, 2, 1, 1, 1, 2, 0, 1, 1, 2, 2, 1, 2, 2, 2, 2, 0, 0, 1, 2, 1, 0, 0, 2, 2, 1, 2, 2, 2, 1, 0, 0, 1, 0, 0, 0, 0, 1, 0, 2, 2, 0, 1, 2, 0, 0, 1, 2, 1, 1, 1, 1, 2, 0, 1, 0, 1, 0, 0, 2, 0, 0, 2, 2, 2, 2, 0, 1, 0, 0, 2, 1, 0, 1, 1, 0, 2, 1, 0, 2, 0, 2, 2, 1, 0, 1, 0, 1, 0, 1, 2, 2, 1, 1, 1, 2, 2, 2, 0, 2, 0, 2, 2, 1, 2, 2, 2, 2, 1, 0, 2, 1, 1, 2, 1, 0, 0, 0, 0, 2, 1, 0, 2, 2, 0, 2, 1, 0, 1, 1, 0, 0, 0, 1, 0, 1, 2, 1, 2, 0, 2, 0, 1, 0, 1, 2, 1, 1, 0, 0, 2, 0, 1, 2, 2, 1, 1, 0, 1, 2, 2, 0, 2, 1, 0, 2, 1, 2, 1, 2, 2, 0, 0, 0, 2, 1, 1, 1, 1, 1, 2, 0, 2, 2, 2, 2, 2, 2, 0, 2, 0, 2, 1, 2, 1, 0, 2, 1, 2, 2, 2, 1, 0, 0, 1, 2, 0, 1, 2, 1, 0, 2, 0, 1, 1, 0, 2, 0, 2, 1, 2, 1, 0, 0, 2, 0, 2, 2, 1, 2, 0, 1, 0, 0, 2, 2, 2, 1, 2, 1, 2, 0, 2, 2, 0, 2]
[0, 0, 1, 0, 1, 0, 0, 1, 1, 2, 2, 0, 0, 0, 2, 2, 2, 0, 2, 0, 1, 1, 2, 0, 1, 0, 2, 2, 2, 2, 2, 1, 1, 2, 1, 2, 1, 0, 2, 2, 2, 0, 1, 2, 0, 2, 0, 1, 0, 2, 1, 1, 1, 1, 1, 1, 2, 2, 1, 1, 0, 1, 2, 1, 2, 0, 2, 2, 1, 1, 2, 2, 0, 0, 0, 2, 3, 3, 0, 2, 3, 1, 1, 0, 1, 1, 1, 1, 0, 0, 0, 1, 2, 1, 0, 2, 0, 2, 2, 2, 0, 1, 2, 2, 0, 0, 2, 0, 0, 0, 0, 1, 1, 2, 0, 2, 1, 1, 0, 0, 2, 0, 0, 0, 4, 4, 1, 2, 1, 1, 1, 1, 2, 1, 0, 0, 1, 2, 0, 1, 1, 2, 0, 2, 2, 2, 2, 0, 1, 2, 1, 2, 1, 4, 5, 1, 1, 0, 0, 0, 0, 1, 2, 1, 1, 0, 2, 1, 2, 2, 1, 0, 2, 1, 0, 1, 0, 0, 2, 1, 2, 1, 2, 1, 2, 0, 0, 2, 2, 2, 0, 0, 0, 1, 0, 1, 0, 0, 2, 0, 0, 0, 0, 2, 1, 0, 2, 2, 0, 2, 1, 1, 1, 1, 0, 2, 1, 0, 0, 1, 0, 2, 1, 2, 2, 1, 1, 1, 2, 1, 2, 0, 2, 0, 1, 0, 1, 3, 1, 1, 5, 2, 2, 1, 1, 0, 1, 2, 0, 0, 2, 2, 1, 2, 0, 0, 1, 0, 2, 1, 0, 2, 0, 2, 0, 0, 1, 1, 1, 0, 2, 2, 2, 2, 2, 0, 1, 0, 0, 0, 0, 0, 0, 1, 0, 1, 0, 2, 0, 2, 1, 0, 2, 0, 0, 0, 2, 1, 1, 2, 0, 1, 2, 0, 2, 1, 0, 1, 2, 2, 1, 0, 1, 0, 2, 0, 2, 1, 1, 0, 1, 0, 0, 2, 0, 1, 2, 1, 1, 0, 0, 0, 2, 0, 1, 5, 1, 0, 0, 1, 0]
Centroids: [[-1.6487232, -1.7425002], [-0.24300821, -1.5197774], [-0.34009352, 1.7014744]]
Centroids: [[-0.3107902, 1.6865069], [-1.6133522, -1.6959708], [-0.1765441, -1.5384636], [-1.3152251, 0.14454846], [-3.0065901, -2.7027261], [-0.97341496, 3.4312737]]
Standard Derivations: [0.27811033, 0.42435798, 0.37613156]
Cluster Distances: [0.72078145, 3.0299776, 0.7207815, 2.4222252, 3.0299776, 2.4222252]
Minimal Cluster Distance: 0.7207814455032349
Contingency Matrix: 
[[  0 106   0   1   2   0]
 [  0   2 103   1   1   0]
 [119   1   0   2   0   3]]
[[0, 106, 0, 1, 2, 0], [0, 2, 103, 1, 1, 0], [119, 1, 0, 2, 0, 3]]
[[0, 106, 0, 1, 2, 0], [0, 2, 103, 1, 1, 0], [119, 1, 0, 2, 0, 3]]
[0, 1, 2, 3, 4, 5]
[[-1, 106, 0, 1, 2, 0], [-1, 2, 103, 1, 1, 0], [-1, -1, -1, -1, -1, -1]]
[[-1, -1, -1, -1, -1, -1], [-1, -1, 103, 1, 1, 0], [-1, -1, -1, -1, -1, -1]]
[[-1, -1, -1, -1, -1, -1], [-1, -1, -1, -1, -1, -1], [-1, -1, -1, -1, -1, -1]]
Match_Labels: {2: 0, 0: 1, 1: 2}
New Contingency Matrix: 
[[106   0   0   1   2   0]
 [  2 103   0   1   1   0]
 [  1   0 119   2   0   3]]
New Clustered Label Sequence: [1, 2, 0, 3, 4, 5]
Diagonal_Elements: [106, 103, 119], Sum: 328
All_Elements: [106, 0, 0, 1, 2, 0, 2, 103, 0, 1, 1, 0, 1, 0, 119, 2, 0, 3], Sum: 341
Accuracy: 0.9618768328445748
