Seed: 0
Experiment_path: AE_Model_2/Normalization/Experiment_04
Dataset_Path: ../_00_Datasets/03_SimDaten_Quiroga2020/C_Easy2_noise005.mat
Dataset_name: ['03_SimDaten_Quiroga2020', 'C_Easy2_noise005.mat']
Variant_name: V04_Off_AE_QL
Visualisation_Path: AE_Model_2/Normalization/Experiment_04/C_Easy2_noise005.mat/V04_Off_AE_QL/2023_06_04-19_54_34
Split Ratio: 0.9
Epochs: 8
Batch Size: 1
Input Size: 47
Number of Features: 2
Chosen Model: Convolutional Autoencoder
ConvolutionalAutoencoder(
  (encoder): Sequential(
    (0): Conv1d(1, 6, kernel_size=(6,), stride=(1,))
    (1): LeakyReLU(negative_slope=0.01)
    (2): Conv1d(6, 1, kernel_size=(6,), stride=(1,))
    (3): Flatten(start_dim=1, end_dim=-1)
    (4): Linear(in_features=37, out_features=2, bias=True)
  )
  (decoder): Sequential(
    (0): ConvTranspose1d(1, 6, kernel_size=(6,), stride=(1,))
    (1): LeakyReLU(negative_slope=0.01)
    (2): ConvTranspose1d(6, 1, kernel_size=(6,), stride=(1,))
    (3): Flatten(start_dim=1, end_dim=-1)
    (4): Linear(in_features=12, out_features=47, bias=True)
  )
)
MSELoss()
Adam (
Parameter Group 0
    amsgrad: False
    betas: (0.9, 0.999)
    capturable: False
    differentiable: False
    eps: 1e-08
    foreach: None
    fused: False
    lr: 0.001
    maximize: False
    weight_decay: 0
)
---Q Learning Parameters---
Normalisation: False
Punishment Coefficient: 0.7
Alpha: 0.8
Epsilon: 0.01
Gamma: 0.97
Initial Episode Number: 0
Episode Number Coefficient: 1.4
Number of Random Features: 20
Planning Number: 20
Max Random Features: 60
New Episode Number: 72
New Episode Number: 143
New Episode Number: 215
New Episode Number: 286
New Episode Number: 358
New Episode Number: 429
                0     1      2     3     4      5     6
new_cluster -3.33 -1.40 -12.64 -8.70 -3.99 -25.22 -4.16
c1          -3.33 -1.40 -12.61 -9.07 -3.09 -25.34 -4.25
c2          -3.32 -1.42   0.00  0.00  0.00   0.00  0.00
c3          -3.33 -1.42   0.00  0.00  0.00   0.00  0.00
c4          -3.37 -1.39   0.00  0.00  0.00   0.00  0.00
c5          -3.32 -1.39   0.00  0.00  0.00   0.00  0.00
c6          -3.32 -1.45   0.00  0.00  0.00   0.00  0.00
\begin{tabular}{lrrrrrrr}
\toprule
{} &     0 &     1 &      2 &     3 &     4 &      5 &     6 \\
\midrule
new\_cluster & -3.33 & -1.40 & -12.64 & -8.70 & -3.99 & -25.22 & -4.16 \\
c1          & -3.33 & -1.40 & -12.61 & -9.07 & -3.09 & -25.34 & -4.25 \\
c2          & -3.32 & -1.42 &   0.00 &  0.00 &  0.00 &   0.00 &  0.00 \\
c3          & -3.33 & -1.42 &   0.00 &  0.00 &  0.00 &   0.00 &  0.00 \\
c4          & -3.37 & -1.39 &   0.00 &  0.00 &  0.00 &   0.00 &  0.00 \\
c5          & -3.32 & -1.39 &   0.00 &  0.00 &  0.00 &   0.00 &  0.00 \\
c6          & -3.32 & -1.45 &   0.00 &  0.00 &  0.00 &   0.00 &  0.00 \\
\bottomrule
\end{tabular}

                                0            1  ...             5            6
new_cluster  [-1.96, new_cluster]  [-0.05, c1]  ...  [-25.22, c5]  [-4.16, c6]
c1           [-1.96, new_cluster]  [-0.04, c1]  ...  [-25.34, c5]  [-4.25, c6]
c2           [-1.96, new_cluster]  [-0.05, c1]  ...         [0, ]        [0, ]
c3           [-1.96, new_cluster]  [-0.06, c1]  ...         [0, ]        [0, ]
c4           [-1.96, new_cluster]  [-0.02, c1]  ...         [0, ]        [0, ]
c5           [-1.96, new_cluster]  [-0.02, c1]  ...         [0, ]        [0, ]
c6           [-1.96, new_cluster]  [-0.05, c1]  ...         [0, ]        [0, ]

[7 rows x 7 columns]
\begin{tabular}{llllllll}
\toprule
{} &                     0 &            1 &             2 &            3 &            4 &             5 &            6 \\
\midrule
new\_cluster &  [-1.96, new\_cluster] &  [-0.05, c1] &  [-12.64, c2] &   [-8.7, c3] &  [-3.99, c4] &  [-25.22, c5] &  [-4.16, c6] \\
c1          &  [-1.96, new\_cluster] &  [-0.04, c1] &  [-12.61, c2] &  [-9.07, c3] &  [-3.09, c4] &  [-25.34, c5] &  [-4.25, c6] \\
c2          &  [-1.96, new\_cluster] &  [-0.05, c1] &         [0, ] &        [0, ] &        [0, ] &         [0, ] &        [0, ] \\
c3          &  [-1.96, new\_cluster] &  [-0.06, c1] &         [0, ] &        [0, ] &        [0, ] &         [0, ] &        [0, ] \\
c4          &  [-1.96, new\_cluster] &  [-0.02, c1] &         [0, ] &        [0, ] &        [0, ] &         [0, ] &        [0, ] \\
c5          &  [-1.96, new\_cluster] &  [-0.02, c1] &         [0, ] &        [0, ] &        [0, ] &         [0, ] &        [0, ] \\
c6          &  [-1.96, new\_cluster] &  [-0.05, c1] &         [0, ] &        [0, ] &        [0, ] &         [0, ] &        [0, ] \\
\bottomrule
\end{tabular}

