Experiment_path: Random_Seeds//V3/Experiment_03_1
Dataset_Path: ../_00_Datasets/03_SimDaten_Quiroga2020/C_Difficult2_noise005.mat
Dataset_name: ['03_SimDaten_Quiroga2020', 'C_Difficult2_noise005.mat']
Variant_name: Variant_03_PCA_QLearning
Visualisation_Path: Random_Seeds//V3/Experiment_03_1/C_Difficult2_noise005.mat/Variant_03_PCA_QLearning/2023_03_22-09_56_32
Punishment_Coefficient: 0.6
<_01_LoadDataset.ExternCode.spike_class.spike_dataclass object at 0x000001B1F9A69C18>
Sampling rate: 24000.0
Raw: [ 0.02085333  0.02043967  0.02052644 ... -0.02218732 -0.02150573
 -0.01811243]
Times: [   1583    1934    2430 ... 1439313 1439656 1439854]
Cluster: [3 3 3 ... 2 2 1]
Number of different clusters:  3
Number of Spikes: 3364
First aligned Spike Frame: [-0.05170878 -0.0548761  -0.06029554 -0.06053219 -0.04807119 -0.02780025
 -0.01550543 -0.01702494 -0.02945104 -0.04493807 -0.07056858 -0.07003585
  0.07629654  0.43081562  0.80470191  0.96319627  0.89198123  0.73643948
  0.58987232  0.46714337  0.36345495  0.2828462   0.22743292  0.182731
  0.13931053  0.09524506  0.05136602  0.01367166 -0.01393093 -0.03985679
 -0.07387102 -0.11218435 -0.1444455  -0.16672578 -0.17809238 -0.18020802
 -0.17953732 -0.18246903 -0.18617363 -0.18205375 -0.17299738 -0.16958427
 -0.17248955 -0.17516876 -0.1727246  -0.16696514 -0.15993314]
Cluster 0, Occurrences: 1120
Cluster 1, Occurrences: 1109
Cluster 2, Occurrences: 1135
Number of Samples after PCA: 3364
First Spike Frame after PCA: [-0.38830747 -0.56963468]
Number of Spikes for Q_Learning: 300
Q_Learning:     0/  300]
Q_Learning:     1/  300]
Q_Learning:     2/  300]
Q_Learning:     3/  300]
Q_Learning:     4/  300]
Q_Learning:     5/  300]
Q_Learning:     6/  300]
Q_Learning:     7/  300]
Q_Learning:     8/  300]
Q_Learning:     9/  300]
Q_Learning:    10/  300]
Q_Learning:    11/  300]
Q_Learning:    12/  300]
Q_Learning:    13/  300]
Q_Learning:    14/  300]
Q_Learning:    15/  300]
Q_Learning:    16/  300]
Q_Learning:    17/  300]
Q_Learning:    18/  300]
Q_Learning:    19/  300]
Q_Learning:    20/  300]
Q_Learning:    21/  300]
Q_Learning:    22/  300]
Q_Learning:    23/  300]
Q_Learning:    24/  300]
Q_Learning:    25/  300]
Q_Learning:    26/  300]
Q_Learning:    27/  300]
Q_Learning:    28/  300]
Q_Learning:    29/  300]
Q_Learning:    30/  300]
Q_Learning:    31/  300]
Q_Learning:    32/  300]
Q_Learning:    33/  300]
Q_Learning:    34/  300]
Q_Learning:    35/  300]
Q_Learning:    36/  300]
Q_Learning:    37/  300]
Q_Learning:    38/  300]
Q_Learning:    39/  300]
Q_Learning:    40/  300]
Q_Learning:    41/  300]
Q_Learning:    42/  300]
Q_Learning:    43/  300]
Q_Learning:    44/  300]
Q_Learning:    45/  300]
Q_Learning:    46/  300]
Q_Learning:    47/  300]
Q_Learning:    48/  300]
Q_Learning:    49/  300]
Q_Learning:    50/  300]
Q_Learning:    51/  300]
Q_Learning:    52/  300]
Q_Learning:    53/  300]
Q_Learning:    54/  300]
Q_Learning:    55/  300]
Q_Learning:    56/  300]
Q_Learning:    57/  300]
Q_Learning:    58/  300]
Q_Learning:    59/  300]
Q_Learning:    60/  300]
Q_Learning:    61/  300]
Q_Learning:    62/  300]
Q_Learning:    63/  300]
Q_Learning:    64/  300]
Q_Learning:    65/  300]
Q_Learning:    66/  300]
Q_Learning:    67/  300]
Q_Learning:    68/  300]
Q_Learning:    69/  300]
Q_Learning:    70/  300]
Q_Learning:    71/  300]
Q_Learning:    72/  300]
Q_Learning:    73/  300]
Q_Learning:    74/  300]
Q_Learning:    75/  300]
Q_Learning:    76/  300]
Q_Learning:    77/  300]
Q_Learning:    78/  300]
Q_Learning:    79/  300]
Q_Learning:    80/  300]
Q_Learning:    81/  300]
Q_Learning:    82/  300]
Q_Learning:    83/  300]
Q_Learning:    84/  300]
Q_Learning:    85/  300]
Q_Learning:    86/  300]
Q_Learning:    87/  300]
Q_Learning:    88/  300]
Q_Learning:    89/  300]
Q_Learning:    90/  300]
Q_Learning:    91/  300]
Q_Learning:    92/  300]
Q_Learning:    93/  300]
Q_Learning:    94/  300]
Q_Learning:    95/  300]
Q_Learning:    96/  300]
Q_Learning:    97/  300]
Q_Learning:    98/  300]
Q_Learning:    99/  300]
Q_Learning:   100/  300]
Q_Learning:   101/  300]
Q_Learning:   102/  300]
Q_Learning:   103/  300]
Q_Learning:   104/  300]
Q_Learning:   105/  300]
Q_Learning:   106/  300]
Q_Learning:   107/  300]
Q_Learning:   108/  300]
Q_Learning:   109/  300]
Q_Learning:   110/  300]
Q_Learning:   111/  300]
Q_Learning:   112/  300]
Q_Learning:   113/  300]
Q_Learning:   114/  300]
Q_Learning:   115/  300]
Q_Learning:   116/  300]
Q_Learning:   117/  300]
Q_Learning:   118/  300]
Q_Learning:   119/  300]
Q_Learning:   120/  300]
Q_Learning:   121/  300]
Q_Learning:   122/  300]
Q_Learning:   123/  300]
Q_Learning:   124/  300]
Q_Learning:   125/  300]
Q_Learning:   126/  300]
Q_Learning:   127/  300]
Q_Learning:   128/  300]
Q_Learning:   129/  300]
Q_Learning:   130/  300]
Q_Learning:   131/  300]
Q_Learning:   132/  300]
Q_Learning:   133/  300]
Q_Learning:   134/  300]
Q_Learning:   135/  300]
Q_Learning:   136/  300]
Q_Learning:   137/  300]
Q_Learning:   138/  300]
Q_Learning:   139/  300]
Q_Learning:   140/  300]
Q_Learning:   141/  300]
Q_Learning:   142/  300]
Q_Learning:   143/  300]
Q_Learning:   144/  300]
Q_Learning:   145/  300]
Q_Learning:   146/  300]
Q_Learning:   147/  300]
Q_Learning:   148/  300]
Q_Learning:   149/  300]
Q_Learning:   150/  300]
Q_Learning:   151/  300]
Q_Learning:   152/  300]
Q_Learning:   153/  300]
Q_Learning:   154/  300]
Q_Learning:   155/  300]
Q_Learning:   156/  300]
Q_Learning:   157/  300]
Q_Learning:   158/  300]
Q_Learning:   159/  300]
Q_Learning:   160/  300]
Q_Learning:   161/  300]
Q_Learning:   162/  300]
Q_Learning:   163/  300]
Q_Learning:   164/  300]
Q_Learning:   165/  300]
Q_Learning:   166/  300]
Q_Learning:   167/  300]
Q_Learning:   168/  300]
Q_Learning:   169/  300]
Q_Learning:   170/  300]
Q_Learning:   171/  300]
Q_Learning:   172/  300]
Q_Learning:   173/  300]
Q_Learning:   174/  300]
Q_Learning:   175/  300]
Q_Learning:   176/  300]
Q_Learning:   177/  300]
Q_Learning:   178/  300]
Q_Learning:   179/  300]
Q_Learning:   180/  300]
Q_Learning:   181/  300]
Q_Learning:   182/  300]
Q_Learning:   183/  300]
Q_Learning:   184/  300]
Q_Learning:   185/  300]
Q_Learning:   186/  300]
Q_Learning:   187/  300]
Q_Learning:   188/  300]
Q_Learning:   189/  300]
Q_Learning:   190/  300]
Q_Learning:   191/  300]
Q_Learning:   192/  300]
Q_Learning:   193/  300]
Q_Learning:   194/  300]
Q_Learning:   195/  300]
Q_Learning:   196/  300]
Q_Learning:   197/  300]
Q_Learning:   198/  300]
Q_Learning:   199/  300]
Q_Learning:   200/  300]
Q_Learning:   201/  300]
Q_Learning:   202/  300]
Q_Learning:   203/  300]
Q_Learning:   204/  300]
Q_Learning:   205/  300]
Q_Learning:   206/  300]
Q_Learning:   207/  300]
Q_Learning:   208/  300]
Q_Learning:   209/  300]
Q_Learning:   210/  300]
Q_Learning:   211/  300]
Q_Learning:   212/  300]
Q_Learning:   213/  300]
Q_Learning:   214/  300]
Q_Learning:   215/  300]
Q_Learning:   216/  300]
Q_Learning:   217/  300]
Q_Learning:   218/  300]
Q_Learning:   219/  300]
Q_Learning:   220/  300]
Q_Learning:   221/  300]
Q_Learning:   222/  300]
Q_Learning:   223/  300]
Q_Learning:   224/  300]
Q_Learning:   225/  300]
Q_Learning:   226/  300]
Q_Learning:   227/  300]
Q_Learning:   228/  300]
Q_Learning:   229/  300]
Q_Learning:   230/  300]
Q_Learning:   231/  300]
Q_Learning:   232/  300]
Q_Learning:   233/  300]
Q_Learning:   234/  300]
Q_Learning:   235/  300]
Q_Learning:   236/  300]
Q_Learning:   237/  300]
Q_Learning:   238/  300]
Q_Learning:   239/  300]
Q_Learning:   240/  300]
Q_Learning:   241/  300]
Q_Learning:   242/  300]
Q_Learning:   243/  300]
Q_Learning:   244/  300]
Q_Learning:   245/  300]
Q_Learning:   246/  300]
Q_Learning:   247/  300]
Q_Learning:   248/  300]
Q_Learning:   249/  300]
Q_Learning:   250/  300]
Q_Learning:   251/  300]
Q_Learning:   252/  300]
Q_Learning:   253/  300]
Q_Learning:   254/  300]
Q_Learning:   255/  300]
Q_Learning:   256/  300]
Q_Learning:   257/  300]
Q_Learning:   258/  300]
Q_Learning:   259/  300]
Q_Learning:   260/  300]
Q_Learning:   261/  300]
Q_Learning:   262/  300]
Q_Learning:   263/  300]
Q_Learning:   264/  300]
Q_Learning:   265/  300]
Q_Learning:   266/  300]
Q_Learning:   267/  300]
Q_Learning:   268/  300]
Q_Learning:   269/  300]
Q_Learning:   270/  300]
Q_Learning:   271/  300]
Q_Learning:   272/  300]
Q_Learning:   273/  300]
Q_Learning:   274/  300]
Q_Learning:   275/  300]
Q_Learning:   276/  300]
Q_Learning:   277/  300]
Q_Learning:   278/  300]
Q_Learning:   279/  300]
Q_Learning:   280/  300]
Q_Learning:   281/  300]
Q_Learning:   282/  300]
Q_Learning:   283/  300]
Q_Learning:   284/  300]
Q_Learning:   285/  300]
Q_Learning:   286/  300]
Q_Learning:   287/  300]
Q_Learning:   288/  300]
Q_Learning:   289/  300]
Q_Learning:   290/  300]
Q_Learning:   291/  300]
Q_Learning:   292/  300]
Q_Learning:   293/  300]
Q_Learning:   294/  300]
Q_Learning:   295/  300]
Q_Learning:   296/  300]
Q_Learning:   297/  300]
Q_Learning:   298/  300]
Q_Learning:   299/  300]
[0, 0, 0, 0, 0, 1, 1, 0, 0, 0, 0, 0, 0, 0, 0, 0, 0, 0, 1, 0, 0, 1, 0, 1, 2, 1, 1, 0, 0, 3, 4, 3, 0, 3, 1, 1, 3, 0, 3, 0, 0, 0, 3, 3, 3, 3, 0, 3, 0, 0, 1, 3, 1, 3, 0, 3, 3, 1, 0, 1, 0, 3, 3, 1, 1, 1, 1, 0, 1, 1, 1, 1, 1, 0, 0, 0, 3, 0, 3, 1, 0, 1, 3, 3, 3, 3, 1, 3, 1, 1, 3, 0, 1, 1, 3, 0, 0, 0, 3, 0, 1, 3, 3, 1, 0, 1, 0, 0, 1, 1, 3, 0, 3, 0, 3, 0, 0, 0, 0, 3, 3, 1, 0, 1, 3, 0, 1, 0, 3, 0, 3, 0, 3, 3, 1, 1, 0, 3, 1, 3, 3, 1, 3, 1, 0, 1, 1, 0, 1, 0, 1, 1, 3, 1, 1, 3, 1, 0, 0, 3, 0, 1, 3, 1, 0, 1, 1, 1, 5, 2, 3, 3, 1, 3, 0, 0, 3, 0, 0, 4, 1, 1, 1, 3, 1, 1, 0, 3, 1, 3, 3, 0, 1, 0, 1, 0, 1, 1, 0, 0, 0, 0, 1, 3, 0, 1, 3, 3, 1, 1, 1, 3, 0, 0, 3, 1, 3, 1, 0, 1, 3, 1, 0, 1, 3, 1, 1, 3, 1, 1, 0, 3, 1, 3, 3, 1, 1, 3, 3, 1, 0, 1, 1, 1, 3, 1, 3, 1, 3, 3, 1, 3, 1, 3, 3, 0, 3, 3, 1, 0, 0, 0, 0, 0, 0, 0, 3, 3, 3, 3, 3, 1, 1, 1, 1, 3, 0, 3, 1, 3, 3, 1, 3, 3, 1, 0, 0, 1, 3, 1, 1, 1, 1, 3, 0, 4, 1, 3, 1, 1]
{'c1': [array([-1.4719944 , -1.4608978 , -1.46775603, -1.41905369, -1.3711521 ,
       -1.30351078, -1.47345256, -1.21542412, -1.21957104, -1.25998033,
       -1.33451282, -1.46205469, -1.49164716, -1.36658963, -1.32411034,
       -1.22266753, -1.36022688, -1.29789438, -0.42091571, -1.22956056,
       -1.22051108, -1.38484546, -1.25867835, -1.32282238, -1.33583104,
       -1.57225819, -1.59617375, -1.43472172, -1.18116392, -1.49347807,
       -1.18288042, -1.43982608, -1.38919332, -1.51696666, -1.30847214,
       -1.2999141 , -1.52929538, -1.36627198, -1.34334447, -1.23851051,
       -1.30653254, -1.38587551, -0.82600697, -1.42548084, -1.34470304,
       -1.36991377, -1.59957638, -1.457008  , -1.22029437, -1.43115956,
       -1.22620655, -1.38756988, -1.45550623, -1.40471774, -1.47741918,
       -1.35924181, -1.32140345, -1.47076711, -1.30997688, -1.23892157]), array([ 0.42213272,  0.39014938,  0.16846382,  0.48421339,  0.24882486,
        0.48865413,  0.453334  ,  0.36052255,  0.24754557,  0.27610491,
        0.16693782,  0.4777572 ,  0.39807437,  0.52902527,  0.2662949 ,
        0.28079816,  0.54026533,  0.43262793,  0.76929894,  0.177004  ,
        0.10016948,  0.3780166 ,  0.1709805 ,  0.25020311,  0.35470454,
        0.49977753,  0.49685968,  0.50951632,  0.23091731,  0.41605244,
        0.29197796,  0.26662717, -0.50997674,  0.47567754,  0.15376758,
        0.05958751,  0.70042189,  0.51831669,  0.34701262,  0.46834011,
        0.27954206,  0.3565411 ,  1.05507734,  0.02428908,  0.36037408,
        0.05072496,  0.47723983,  0.49793655,  0.2795416 ,  0.43852198,
        0.28914515,  0.26190992,  0.70645842,  0.30000918,  0.23438038,
        0.3713847 ,  0.21551355,  0.55296506,  0.4570652 , -0.16023854])], 'c2': [array([1.81020315, 1.8043688 , 2.1180153 , 1.95494649, 1.92906892,
       2.03068939, 1.96527694, 2.09471567, 1.73780846, 1.81297023,
       1.90294168, 1.91581398, 1.74065344, 1.7665182 , 1.895836  ,
       1.82158235, 1.91614623, 1.88460042, 1.76587376, 1.8154466 ,
       1.90690737, 1.85514851, 2.02288633, 1.65305205, 1.6364884 ,
       1.91954596, 1.72229635, 1.78977245, 1.66489421, 1.76977806,
       2.04631733, 1.89258281, 2.02644612, 1.93436653, 1.8317254 ,
       1.74720849, 1.91148532, 1.87858459, 1.73523761, 1.72966534,
       1.77815793, 1.82146887, 2.02529772, 1.96599258, 1.90718124,
       1.90034126, 1.95020898, 1.97857055, 1.98728718, 1.89789909,
       1.90047403, 1.83465681, 1.80658171, 1.89027697, 1.97931978,
       1.79019192, 1.99140182, 1.8666005 , 1.78540284, 1.97019008]), array([ 0.16070082,  0.45374737, -0.07651397,  0.01605257,  0.25001139,
       -0.11013116,  0.05837424, -0.03224444,  0.12419566,  0.35891513,
        0.20692252,  0.27284005,  0.19917514,  0.13774648,  0.29814127,
        0.30747476, -0.03389341,  0.29677891,  0.2723966 ,  0.08280921,
        0.09681522,  0.25960118, -0.12873539,  0.3061994 ,  0.1927739 ,
        0.04318057,  0.10245263,  0.40913514, -0.12444768,  0.19620968,
        0.30207958,  0.26256544,  0.01784336,  0.27091988,  0.32359878,
        0.18362221,  0.34686549,  0.09207053,  0.41510937,  0.2840134 ,
        0.30912577,  0.38381952,  0.2178019 ,  0.2060403 , -0.07051861,
        0.0353995 ,  0.34922133,  0.23862299,  0.17844228, -0.11548732,
        0.30418718,  0.21980839,  0.03196284, -0.03031463,  0.2003804 ,
        0.03898717,  0.20251263,  0.22406699,  0.29701563,  0.15461307])], 'c3': [array([-1.28627976, -1.98273055]), array([1.79199598, 2.16606174])], 'c4': [array([-0.72176726, -0.33670623, -0.6371808 , -0.50692677, -0.39649138,
       -0.74656849, -0.44412752, -0.44637234, -0.57358815, -0.49783902,
       -0.48825088, -0.20801832, -0.45663054, -0.63832195, -0.5897686 ,
       -0.4968736 , -0.32155402, -0.62640457, -0.55640251, -0.4336375 ,
       -0.56997518, -0.57336069, -0.46186474, -0.5636645 , -0.38506677,
       -0.453932  , -0.0596234 , -0.24727925, -0.29637403, -0.3865547 ,
       -0.43339364, -0.44524892, -0.50019686, -0.37157623, -0.45024257,
       -1.16325297, -0.19111505, -0.46762945, -0.06993892, -0.54593715,
       -0.34551501, -0.33292931, -0.51424267, -0.45643419, -0.56153877,
       -0.30744897, -0.56448424, -0.533748  , -0.56123892, -0.30447126,
       -0.41693203, -0.52953355, -0.38048316, -0.45379815, -0.42887841,
       -0.5493135 , -0.55524176, -0.25847   , -0.55460808, -0.40747095]), array([-0.26831728, -0.51694559, -0.22212945, -0.56440513, -0.44232313,
       -0.5964476 , -0.49659426, -0.5547841 , -0.59386632, -0.67483947,
       -0.67026907, -0.65769653, -0.6711955 , -0.56479596, -0.47888067,
       -0.42074898, -0.47339622, -0.55179456, -0.52045968, -0.31409876,
       -0.60996607, -0.49963011, -0.48066297, -0.4294403 , -0.647763  ,
       -0.61146065, -0.27927239, -0.61980732, -0.72699216, -0.65147027,
       -0.69246283, -0.61800634, -0.26936718, -0.55682346, -0.58357227,
       -0.4450155 ,  0.18434633, -0.50499756, -0.13396356, -0.74112431,
       -0.61760403, -0.51862296, -0.60914388, -0.5328686 , -0.56445683,
       -0.57153245, -0.46654891, -0.39649811, -0.43964446, -0.58287168,
       -0.46692528, -0.42705388, -0.65428615, -0.71395957, -0.69874091,
       -0.52380886, -0.59024563, -0.78195909, -0.52112919, -0.57160776])], 'c5': [array([1.19956182, 1.61974689, 1.39827193]), array([1.23732624, 1.87000908, 2.00738553])], 'c6': [array([2.57899892]), array([-1.00548437])]}
Centroids: [[-1.3648527542394424, 0.3687879699093672], [1.8672475748841766, 0.2019518197844518], [-0.47602161485379335, -0.5060745009344715]]
Centroids: [[-1.309168112392773, 0.30405791254779485], [1.8735317873131176, 0.171097341205027], [-1.634505152703378, 1.9790288592440497], [-0.4702351751179525, -0.5308609965061357], [1.405860215729983, 1.7049069524692693], [2.5789989224500824, -1.0054843702715481]]
Contingency Matrix: 
[[ 88   0   2   2   0   0]
 [  0 107   0   0   3   1]
 [  8   0   0  89   0   0]]
[[88, -1, 2, 2, 0, 0], [-1, -1, -1, -1, -1, -1], [8, -1, 0, 89, 0, 0]]
[[88, -1, 2, -1, 0, 0], [-1, -1, -1, -1, -1, -1], [-1, -1, -1, -1, -1, -1]]
[[-1, -1, -1, -1, -1, -1], [-1, -1, -1, -1, -1, -1], [-1, -1, -1, -1, -1, -1]]
Match_Labels: {1: 1, 2: 3, 0: 0}
New Contingency Matrix: 
[[ 88   0   2   2   0   0]
 [  0 107   0   0   3   1]
 [  8   0  89   0   0   0]]
New Clustered Label Sequence: [0, 1, 3, 2, 4, 5]
Diagonal_Elements: [88, 107, 89], Sum: 284
All_Elements: [88, 0, 2, 2, 0, 0, 0, 107, 0, 0, 3, 1, 8, 0, 89, 0, 0, 0], Sum: 300
Accuracy: 0.9466666666666667
