Experiment_path: AE_Model_1/Epochs//V5/Experiment_05
Dataset_Path: ../_00_Datasets/03_SimDaten_Quiroga2020/C_Difficult2_noise010.mat
Dataset_name: ['03_SimDaten_Quiroga2020', 'C_Difficult2_noise010.mat']
Variant_name: Variant_05_Online_Autoencoder_QLearning
Visualisation_Path: AE_Model_1/Epochs//V5/Experiment_05/C_Difficult2_noise010.mat/Variant_05_Online_Autoencoder_QLearning/2023_04_25-18_20_55
Punishment_Coefficient: 0.3
<_01_LoadDataset.ExternCode.spike_class.spike_dataclass object at 0x0000024CFF73C0B8>
Sampling rate: 24000.0
Raw: [ 0.15602285  0.13816666  0.12280393 ... -0.08081559 -0.08529616
 -0.09321123]
Times: [    182     667     748 ... 1438018 1438700 1439563]
Cluster: [1 3 3 ... 1 2 3]
Number of different clusters:  3
Number of Spikes: 3462
First aligned Spike Frame: [ 0.0569593   0.06304523  0.0540705   0.04226901  0.04435466  0.07367561
  0.11842591  0.15581396  0.18051202  0.20464622  0.25110595  0.34905547
  0.52973433  0.78604807  1.00019855  1.02993402  0.87276972  0.64136808
  0.42542707  0.24213728  0.08732396 -0.0251061  -0.08440505 -0.1076534
 -0.12386236 -0.14599821 -0.16968468 -0.19109174 -0.20831529 -0.21879359
 -0.21563414 -0.19606358 -0.16928275 -0.14859233 -0.13954347 -0.13618571
 -0.12902379 -0.12127763 -0.12365015 -0.13615822 -0.14611472 -0.13936073
 -0.11885552 -0.10582878 -0.11163038 -0.12511067 -0.12700369]
Cluster 0, Occurrences: 1187
Cluster 1, Occurrences: 1136
Cluster 2, Occurrences: 1139
Number of Clusters: 3
Online_Training [1/700]: mean_loss=0.13495597578585147
Online_Training [2/700]: mean_loss=0.08942001201212406
Online_Training [3/700]: mean_loss=0.060366032645106316
Online_Training [4/700]: mean_loss=0.06412509121000767
Online_Training [5/700]: mean_loss=0.06556442510336638
Online_Training [6/700]: mean_loss=0.12579791024327278
Online_Training [7/700]: mean_loss=0.1825805462896824
Online_Training [8/700]: mean_loss=0.10984345264732838
Online_Training [9/700]: mean_loss=0.056147091649472715
Online_Training [10/700]: mean_loss=0.08587433919310569
Online_Training [11/700]: mean_loss=0.02053886903449893
Online_Training [12/700]: mean_loss=0.03863435788080096
Online_Training [13/700]: mean_loss=0.02026698817498982
Online_Training [14/700]: mean_loss=0.00937460963614285
Online_Training [15/700]: mean_loss=0.018655838537961246
Online_Training [16/700]: mean_loss=0.00818182952934876
Online_Training [17/700]: mean_loss=0.08512001782655716
Online_Training [18/700]: mean_loss=0.010598096181638539
Online_Training [19/700]: mean_loss=0.07766065858304501
Online_Training [20/700]: mean_loss=0.047013321053236724
Online_Training [21/700]: mean_loss=0.004831811354961246
Online_Training [22/700]: mean_loss=0.015620653401128948
Online_Training [23/700]: mean_loss=0.02363332421518862
Online_Training [24/700]: mean_loss=0.002598190517164767
Online_Training [25/700]: mean_loss=0.026528791338205338
Online_Training [26/700]: mean_loss=0.009859038679860533
Online_Training [27/700]: mean_loss=0.0076214209198951725
Online_Training [28/700]: mean_loss=0.01146506646182388
Online_Training [29/700]: mean_loss=0.004896358348196373
Online_Training [30/700]: mean_loss=0.006405686854850501
Online_Training [31/700]: mean_loss=0.020015774946659803
Online_Training [32/700]: mean_loss=0.009950683871284127
Online_Training [33/700]: mean_loss=0.011764292162843049
Online_Training [34/700]: mean_loss=0.0073637152323499325
Online_Training [35/700]: mean_loss=0.009209227748215199
Online_Training [36/700]: mean_loss=0.007902857800945639
Online_Training [37/700]: mean_loss=0.025352824991568924
Online_Training [38/700]: mean_loss=0.005567255720961839
Online_Training [39/700]: mean_loss=0.015308671444654465
Online_Training [40/700]: mean_loss=0.030476609710603952
Online_Training [41/700]: mean_loss=0.009280903590843081
Online_Training [42/700]: mean_loss=0.012432909151539207
Online_Training [43/700]: mean_loss=0.04209969229996204
Online_Training [44/700]: mean_loss=0.019612124050036074
Online_Training [45/700]: mean_loss=0.01217620896641165
Online_Training [46/700]: mean_loss=0.009182229381985962
Online_Training [47/700]: mean_loss=0.004862160736229271
Online_Training [48/700]: mean_loss=0.008305719471536577
Online_Training [49/700]: mean_loss=0.006436737126205116
Online_Training [50/700]: mean_loss=0.026780483731999993
Online_Training [51/700]: mean_loss=0.011664228118024766
Online_Training [52/700]: mean_loss=0.011288063367828727
Online_Training [53/700]: mean_loss=0.02476021586917341
Online_Training [54/700]: mean_loss=0.008128714724443853
Online_Training [55/700]: mean_loss=0.03081323392689228
Online_Training [56/700]: mean_loss=0.015146790724247693
Online_Training [57/700]: mean_loss=0.017841881094500422
Online_Training [58/700]: mean_loss=0.00880715170642361
Online_Training [59/700]: mean_loss=0.01035933387465775
Online_Training [60/700]: mean_loss=0.011390832345932722
Online_Training [61/700]: mean_loss=0.010007136408239603
Online_Training [62/700]: mean_loss=0.003613464842783287
Online_Training [63/700]: mean_loss=0.005338270822539926
Online_Training [64/700]: mean_loss=0.061293759196996686
Online_Training [65/700]: mean_loss=0.08703621719032525
Online_Training [66/700]: mean_loss=0.012164008780382573
Online_Training [67/700]: mean_loss=0.11805894002318382
Online_Training [68/700]: mean_loss=0.09225170128047466
Online_Training [69/700]: mean_loss=0.02164620873518288
Online_Training [70/700]: mean_loss=0.012530584330670535
Online_Training [71/700]: mean_loss=0.013074872922152281
Online_Training [72/700]: mean_loss=0.02381810932420194
Online_Training [73/700]: mean_loss=0.015744363190606236
Online_Training [74/700]: mean_loss=0.006508850993122905
Online_Training [75/700]: mean_loss=0.10973931178450584
Online_Training [76/700]: mean_loss=0.13408089950680732
Online_Training [77/700]: mean_loss=0.07077165879309177
Online_Training [78/700]: mean_loss=0.012362456182017922
Online_Training [79/700]: mean_loss=0.012930589728057384
Online_Training [80/700]: mean_loss=0.009343139780685305
Online_Training [81/700]: mean_loss=0.00821178222540766
Online_Training [82/700]: mean_loss=0.01821152977645397
Online_Training [83/700]: mean_loss=0.012250070227310061
Online_Training [84/700]: mean_loss=0.02078478648327291
Online_Training [85/700]: mean_loss=0.015028075315058231
Online_Training [86/700]: mean_loss=0.0082138167694211
Online_Training [87/700]: mean_loss=0.0407536456361413
Online_Training [88/700]: mean_loss=0.016642958857119083
Online_Training [89/700]: mean_loss=0.020575297810137273
Online_Training [90/700]: mean_loss=0.011215247330255806
Online_Training [91/700]: mean_loss=0.005954701721202582
Online_Training [92/700]: mean_loss=0.005821431393269449
Online_Training [93/700]: mean_loss=0.012739056954160333
Online_Training [94/700]: mean_loss=0.007684136601164937
Online_Training [95/700]: mean_loss=0.06671032439917327
Online_Training [96/700]: mean_loss=0.03173983450978994
Online_Training [97/700]: mean_loss=0.013110554264858364
Online_Training [98/700]: mean_loss=0.020863656140863895
Online_Training [99/700]: mean_loss=0.011387880169786513
Online_Training [100/700]: mean_loss=0.015893422928638757
Online_Training [101/700]: mean_loss=0.005067282414529473
Online_Training [102/700]: mean_loss=0.010692645376548172
Online_Training [103/700]: mean_loss=0.021116328518837692
Online_Training [104/700]: mean_loss=0.02173911831341684
Online_Training [105/700]: mean_loss=0.033442805986851454
Online_Training [106/700]: mean_loss=0.014526097150519491
Online_Training [107/700]: mean_loss=0.011838718433864415
Online_Training [108/700]: mean_loss=0.009179386147297918
Online_Training [109/700]: mean_loss=0.0067880773800425235
Online_Training [110/700]: mean_loss=0.012092348863370716
Online_Training [111/700]: mean_loss=0.012232168717309833
Online_Training [112/700]: mean_loss=0.008219231152907014
Online_Training [113/700]: mean_loss=0.008141098113264888
Online_Training [114/700]: mean_loss=0.007188607566058635
Online_Training [115/700]: mean_loss=0.005608295695856214
Online_Training [116/700]: mean_loss=0.00223333885660395
Online_Training [117/700]: mean_loss=0.01099213284906
Online_Training [118/700]: mean_loss=0.03056093454360962
Online_Training [119/700]: mean_loss=0.017957759695127605
Online_Training [120/700]: mean_loss=0.013783842674456537
Online_Training [121/700]: mean_loss=0.013171211164444686
Online_Training [122/700]: mean_loss=0.0036747653502970934
Online_Training [123/700]: mean_loss=0.020935000292956828
Online_Training [124/700]: mean_loss=0.01099234796129167
Online_Training [125/700]: mean_loss=0.004878918442409485
Online_Training [126/700]: mean_loss=0.01016859922092408
Online_Training [127/700]: mean_loss=0.008025578199885785
Online_Training [128/700]: mean_loss=0.009072523401118814
Online_Training [129/700]: mean_loss=0.007800120790489018
Online_Training [130/700]: mean_loss=0.013736952375620604
Online_Training [131/700]: mean_loss=0.009851828520186245
Online_Training [132/700]: mean_loss=0.00924148380290717
Online_Training [133/700]: mean_loss=0.06964008724316954
Online_Training [134/700]: mean_loss=0.018788219639100136
Online_Training [135/700]: mean_loss=0.020238929241895676
Online_Training [136/700]: mean_loss=0.018426814628764988
Online_Training [137/700]: mean_loss=0.014665417419746519
Online_Training [138/700]: mean_loss=0.00784591306000948
Online_Training [139/700]: mean_loss=0.0029030647594481705
Online_Training [140/700]: mean_loss=0.016186114004813134
Online_Training [141/700]: mean_loss=0.0069554316811263565
Online_Training [142/700]: mean_loss=0.0031277754285838457
Online_Training [143/700]: mean_loss=0.0029018951463513076
Online_Training [144/700]: mean_loss=0.03589636413380504
Online_Training [145/700]: mean_loss=0.0064779840526171025
Online_Training [146/700]: mean_loss=0.0065031279111281036
Online_Training [147/700]: mean_loss=0.011968668131157757
Online_Training [148/700]: mean_loss=0.0188910573720932
Online_Training [149/700]: mean_loss=0.006087941559962928
Online_Training [150/700]: mean_loss=0.009440907905809582
Online_Training [151/700]: mean_loss=0.002901297772768885
Online_Training [152/700]: mean_loss=0.00727759029250592
Online_Training [153/700]: mean_loss=0.01594922391232103
Online_Training [154/700]: mean_loss=0.036949862632900475
Online_Training [155/700]: mean_loss=0.005126804206520319
Online_Training [156/700]: mean_loss=0.018576761824078858
Online_Training [157/700]: mean_loss=0.002857339952606708
Online_Training [158/700]: mean_loss=0.009461855795234442
Online_Training [159/700]: mean_loss=0.0022144616581499577
Online_Training [160/700]: mean_loss=0.008878147741779686
Online_Training [161/700]: mean_loss=0.002743439323967323
Online_Training [162/700]: mean_loss=0.0024581421806942672
Online_Training [163/700]: mean_loss=0.0049003324238583446
Online_Training [164/700]: mean_loss=0.007353400671854615
Online_Training [165/700]: mean_loss=0.015173264709301294
Online_Training [166/700]: mean_loss=0.13269890286028385
Online_Training [167/700]: mean_loss=0.10676437057554722
Online_Training [168/700]: mean_loss=0.016645712358877063
Online_Training [169/700]: mean_loss=0.014942117547616363
Online_Training [170/700]: mean_loss=0.06599818607792259
Online_Training [171/700]: mean_loss=0.04034188280347735
Online_Training [172/700]: mean_loss=0.020311118615791202
Online_Training [173/700]: mean_loss=0.04816791638731956
Online_Training [174/700]: mean_loss=0.006560117972549051
Online_Training [175/700]: mean_loss=0.0029861239192541687
Online_Training [176/700]: mean_loss=0.006239553145132959
Online_Training [177/700]: mean_loss=0.009935958310961723
Online_Training [178/700]: mean_loss=0.06659496258944272
Online_Training [179/700]: mean_loss=0.02194770174100995
Online_Training [180/700]: mean_loss=0.009402002184651792
Online_Training [181/700]: mean_loss=0.014861427852883935
Online_Training [182/700]: mean_loss=0.006837079965043813
Online_Training [183/700]: mean_loss=0.011160716461017729
Online_Training [184/700]: mean_loss=0.004194874758832156
Online_Training [185/700]: mean_loss=0.007006022037239745
Online_Training [186/700]: mean_loss=0.005656193301547319
Online_Training [187/700]: mean_loss=0.0037947390228509903
Online_Training [188/700]: mean_loss=0.007621712447144091
Online_Training [189/700]: mean_loss=0.012831608508713543
Online_Training [190/700]: mean_loss=0.004436262970557436
Online_Training [191/700]: mean_loss=0.022958379983901978
Online_Training [192/700]: mean_loss=0.05984131395816803
Online_Training [193/700]: mean_loss=0.054795450810343024
Online_Training [194/700]: mean_loss=0.10317345745861531
Online_Training [195/700]: mean_loss=0.016121195862069726
Online_Training [196/700]: mean_loss=0.021651746379211544
Online_Training [197/700]: mean_loss=0.008111892105080187
Online_Training [198/700]: mean_loss=0.00930640152655542
Online_Training [199/700]: mean_loss=0.017014663247391582
Online_Training [200/700]: mean_loss=0.01079706009477377
Online_Training [201/700]: mean_loss=0.016179955936968325
Online_Training [202/700]: mean_loss=0.01879497687332332
Online_Training [203/700]: mean_loss=0.037167104333639144
Online_Training [204/700]: mean_loss=0.04285424705594778
Online_Training [205/700]: mean_loss=0.01764568532817066
Online_Training [206/700]: mean_loss=0.004667371627874672
Online_Training [207/700]: mean_loss=0.007822559354826808
Online_Training [208/700]: mean_loss=0.014976993389427661
Online_Training [209/700]: mean_loss=0.004844937776215375
Online_Training [210/700]: mean_loss=0.0017500366491731256
Online_Training [211/700]: mean_loss=0.01635693176649511
Online_Training [212/700]: mean_loss=0.0077463820111006495
Online_Training [213/700]: mean_loss=0.006664091534912586
Online_Training [214/700]: mean_loss=0.005002984614111483
Online_Training [215/700]: mean_loss=0.007879064418375492
Online_Training [216/700]: mean_loss=0.008783907489851117
Online_Training [217/700]: mean_loss=0.01854787366464734
Online_Training [218/700]: mean_loss=0.014474443579092621
Online_Training [219/700]: mean_loss=0.010810484061948955
Online_Training [220/700]: mean_loss=0.0049916553660295905
Online_Training [221/700]: mean_loss=0.06527703478932381
Online_Training [222/700]: mean_loss=0.018390753632411362
Online_Training [223/700]: mean_loss=0.006846000393852592
Online_Training [224/700]: mean_loss=0.006182913051452488
Online_Training [225/700]: mean_loss=0.0037907452206127346
Online_Training [226/700]: mean_loss=0.004651952761923895
Online_Training [227/700]: mean_loss=0.013805208262056112
Online_Training [228/700]: mean_loss=0.007155395078007132
Online_Training [229/700]: mean_loss=0.007181160291656852
Online_Training [230/700]: mean_loss=0.007194365304894745
Online_Training [231/700]: mean_loss=0.014840755122713744
Online_Training [232/700]: mean_loss=0.013700476149097085
Online_Training [233/700]: mean_loss=0.0174954678863287
Online_Training [234/700]: mean_loss=0.008264207397587597
Online_Training [235/700]: mean_loss=0.00694057832006365
Online_Training [236/700]: mean_loss=0.014391311747021972
Online_Training [237/700]: mean_loss=0.004316953895613551
Online_Training [238/700]: mean_loss=0.011546099744737148
Online_Training [239/700]: mean_loss=0.004380841879174114
Online_Training [240/700]: mean_loss=0.0077778953127563
Online_Training [241/700]: mean_loss=0.006182040611747652
Online_Training [242/700]: mean_loss=0.007189010339789093
Online_Training [243/700]: mean_loss=0.0017593372205737979
Online_Training [244/700]: mean_loss=0.011442736000753939
Online_Training [245/700]: mean_loss=0.004934932570904493
Online_Training [246/700]: mean_loss=0.0025822979398071764
Online_Training [247/700]: mean_loss=0.008749151206575333
Online_Training [248/700]: mean_loss=0.06231850814074278
Online_Training [249/700]: mean_loss=0.1000772574916482
Online_Training [250/700]: mean_loss=0.018062661308795212
Online_Training [251/700]: mean_loss=0.02366609899327159
Online_Training [252/700]: mean_loss=0.0030659065509098583
Online_Training [253/700]: mean_loss=0.002278953156201169
Online_Training [254/700]: mean_loss=0.012801625346764923
Online_Training [255/700]: mean_loss=0.011383454594761134
Online_Training [256/700]: mean_loss=0.02698336015455425
Online_Training [257/700]: mean_loss=0.045731370896101
Online_Training [258/700]: mean_loss=0.036453055962920186
Online_Training [259/700]: mean_loss=0.012334719928912819
Online_Training [260/700]: mean_loss=0.013949459511786699
Online_Training [261/700]: mean_loss=0.020725585985928774
Online_Training [262/700]: mean_loss=0.006604039605008438
Online_Training [263/700]: mean_loss=0.006922965787816792
Online_Training [264/700]: mean_loss=0.008063202805351466
Online_Training [265/700]: mean_loss=0.030795244220644235
Online_Training [266/700]: mean_loss=0.013855172484181822
Online_Training [267/700]: mean_loss=0.002952574263326824
Online_Training [268/700]: mean_loss=0.02675960334017873
Online_Training [269/700]: mean_loss=0.027420580526813863
Online_Training [270/700]: mean_loss=0.006384500628337264
Online_Training [271/700]: mean_loss=0.007541671267244965
Online_Training [272/700]: mean_loss=0.012893219897523522
Online_Training [273/700]: mean_loss=0.008147914195433259
Online_Training [274/700]: mean_loss=0.002203387359622866
Online_Training [275/700]: mean_loss=0.00671268958831206
Online_Training [276/700]: mean_loss=0.006965556740760803
Online_Training [277/700]: mean_loss=0.006600912683643401
Online_Training [278/700]: mean_loss=0.01061702601145953
Online_Training [279/700]: mean_loss=0.0027305396157316863
Online_Training [280/700]: mean_loss=0.00438468354404904
Online_Training [281/700]: mean_loss=0.0027341084904037418
Online_Training [282/700]: mean_loss=0.07832219749689102
Online_Training [283/700]: mean_loss=0.08222229517996311
Online_Training [284/700]: mean_loss=0.031095026805996896
Online_Training [285/700]: mean_loss=0.011161647248081863
Online_Training [286/700]: mean_loss=0.013028368074446916
Online_Training [287/700]: mean_loss=0.006767508061602712
Online_Training [288/700]: mean_loss=0.007020041905343532
Online_Training [289/700]: mean_loss=0.015144922630861401
Online_Training [290/700]: mean_loss=0.004668740218039602
Online_Training [291/700]: mean_loss=0.006488816742785275
Online_Training [292/700]: mean_loss=0.009333565784618258
Online_Training [293/700]: mean_loss=0.008707414520904422
Online_Training [294/700]: mean_loss=0.007125113706570119
Online_Training [295/700]: mean_loss=0.24829149171710013
Online_Training [296/700]: mean_loss=0.09485477898269892
Online_Training [297/700]: mean_loss=0.02593657998368144
Online_Training [298/700]: mean_loss=0.042479550931602716
Online_Training [299/700]: mean_loss=0.007760703982785344
Online_Training [300/700]: mean_loss=0.03247280456125736
Online_Training [301/700]: mean_loss=0.013367750821635127
Online_Training [302/700]: mean_loss=0.008914363081566989
Online_Training [303/700]: mean_loss=0.021105051646009086
Online_Training [304/700]: mean_loss=0.03668998433277011
Online_Training [305/700]: mean_loss=0.029370675794780254
Online_Training [306/700]: mean_loss=0.008435277012176811
Online_Training [307/700]: mean_loss=0.013941727252677083
Online_Training [308/700]: mean_loss=0.008999099512584508
Online_Training [309/700]: mean_loss=0.010885889385826885
Online_Training [310/700]: mean_loss=0.057643291726708415
Online_Training [311/700]: mean_loss=0.16418965831398963
Online_Training [312/700]: mean_loss=0.0902917742729187
Online_Training [313/700]: mean_loss=0.008634334965609013
Online_Training [314/700]: mean_loss=0.0076996637508273125
Online_Training [315/700]: mean_loss=0.004653093637898564
Online_Training [316/700]: mean_loss=0.008168740919791162
Online_Training [317/700]: mean_loss=0.010307655017822982
Online_Training [318/700]: mean_loss=0.007713002874515951
Online_Training [319/700]: mean_loss=0.008467129850760102
Online_Training [320/700]: mean_loss=0.005498152645304799
Online_Training [321/700]: mean_loss=0.006279273563995958
Online_Training [322/700]: mean_loss=0.00240785856731236
Online_Training [323/700]: mean_loss=0.0017195279069710523
Online_Training [324/700]: mean_loss=0.006068684917408973
Online_Training [325/700]: mean_loss=0.010237155482172966
Online_Training [326/700]: mean_loss=0.003968912735581398
Online_Training [327/700]: mean_loss=0.012852145498618484
Online_Training [328/700]: mean_loss=0.01909523122012615
Online_Training [329/700]: mean_loss=0.003001764148939401
Online_Training [330/700]: mean_loss=0.009401910356245935
Online_Training [331/700]: mean_loss=0.008737470000050962
Online_Training [332/700]: mean_loss=0.011498540127649903
Online_Training [333/700]: mean_loss=0.00481674742186442
Online_Training [334/700]: mean_loss=0.007843914721161128
Online_Training [335/700]: mean_loss=0.010240841913037002
Online_Training [336/700]: mean_loss=0.012659156927838922
Online_Training [337/700]: mean_loss=0.0026978106645401565
Online_Training [338/700]: mean_loss=0.0056406014366075395
Online_Training [339/700]: mean_loss=0.012295519188046455
Online_Training [340/700]: mean_loss=0.00571819581091404
Online_Training [341/700]: mean_loss=0.004458164738025516
Online_Training [342/700]: mean_loss=0.01237025037407875
Online_Training [343/700]: mean_loss=0.0034237530548125506
Online_Training [344/700]: mean_loss=0.006611398025415838
Online_Training [345/700]: mean_loss=0.0056024537654593585
Online_Training [346/700]: mean_loss=0.007607463886961341
Online_Training [347/700]: mean_loss=0.004898211196996271
Online_Training [348/700]: mean_loss=0.01343424916267395
Online_Training [349/700]: mean_loss=0.009370950260199606
Online_Training [350/700]: mean_loss=0.012182057299651206
Online_Training [351/700]: mean_loss=0.07309005744755268
Online_Training [352/700]: mean_loss=0.03635137341916561
Online_Training [353/700]: mean_loss=0.03659306950867176
Online_Training [354/700]: mean_loss=0.043669658899307254
Online_Training [355/700]: mean_loss=0.10604272298514843
Online_Training [356/700]: mean_loss=0.07710101678967476
Online_Training [357/700]: mean_loss=0.012203581491485238
Online_Training [358/700]: mean_loss=0.005251452897209674
Online_Training [359/700]: mean_loss=0.03755720597691834
Online_Training [360/700]: mean_loss=0.011626643547788262
Online_Training [361/700]: mean_loss=0.006308513670228421
Online_Training [362/700]: mean_loss=0.005398761190008372
Online_Training [363/700]: mean_loss=0.017875973181799055
Online_Training [364/700]: mean_loss=0.016255872696638106
Online_Training [365/700]: mean_loss=0.011794346198439599
Online_Training [366/700]: mean_loss=0.005737908300943673
Online_Training [367/700]: mean_loss=0.005127960920799523
Online_Training [368/700]: mean_loss=0.009399411967024207
Online_Training [369/700]: mean_loss=0.002807608782313764
Online_Training [370/700]: mean_loss=0.02572276657447219
Online_Training [371/700]: mean_loss=0.014673898182809352
Online_Training [372/700]: mean_loss=0.019758928893134
Online_Training [373/700]: mean_loss=0.06649401746690273
Online_Training [374/700]: mean_loss=0.17730645686388016
Online_Training [375/700]: mean_loss=0.01765547161921859
Online_Training [376/700]: mean_loss=0.008171615516766905
Online_Training [377/700]: mean_loss=0.009476097533479333
Online_Training [378/700]: mean_loss=0.0066669927444309
Online_Training [379/700]: mean_loss=0.04820918012410402
Online_Training [380/700]: mean_loss=0.0285118421074003
Online_Training [381/700]: mean_loss=0.005704325390979648
Online_Training [382/700]: mean_loss=0.020425997534766795
Online_Training [383/700]: mean_loss=0.006457616901025176
Online_Training [384/700]: mean_loss=0.010902140359394252
Online_Training [385/700]: mean_loss=0.011521928571164608
Online_Training [386/700]: mean_loss=0.010194542398676277
Online_Training [387/700]: mean_loss=0.007715016813017428
Online_Training [388/700]: mean_loss=0.014943062607198954
Online_Training [389/700]: mean_loss=0.0044691699673421684
Online_Training [390/700]: mean_loss=0.006557096657343209
Online_Training [391/700]: mean_loss=0.008209905656985938
Online_Training [392/700]: mean_loss=0.001515480544185266
Online_Training [393/700]: mean_loss=0.026372889429330824
Online_Training [394/700]: mean_loss=0.00704226060770452
Online_Training [395/700]: mean_loss=0.006587407714687288
Online_Training [396/700]: mean_loss=0.0045516629586927594
Online_Training [397/700]: mean_loss=0.007883576373569668
Online_Training [398/700]: mean_loss=0.01179934311658144
Online_Training [399/700]: mean_loss=0.006823793868534267
Online_Training [400/700]: mean_loss=0.016440333751961588
Online_Training [401/700]: mean_loss=0.00663320163730532
Online_Training [402/700]: mean_loss=0.005077747732866555
Online_Training [403/700]: mean_loss=0.005452082375995815
Online_Training [404/700]: mean_loss=0.007967522297985852
Online_Training [405/700]: mean_loss=0.00526891954941675
Online_Training [406/700]: mean_loss=0.006623963615857065
Online_Training [407/700]: mean_loss=0.07608235515654087
Online_Training [408/700]: mean_loss=0.07743783667683601
Online_Training [409/700]: mean_loss=0.027344795130193233
Online_Training [410/700]: mean_loss=0.015742303198203446
Online_Training [411/700]: mean_loss=0.01472114808857441
Online_Training [412/700]: mean_loss=0.06795894503593444
Online_Training [413/700]: mean_loss=0.12766264155507087
Online_Training [414/700]: mean_loss=0.02560633923858404
Online_Training [415/700]: mean_loss=0.023761515878140925
Online_Training [416/700]: mean_loss=0.029602493997663258
Online_Training [417/700]: mean_loss=0.010268727922812105
Online_Training [418/700]: mean_loss=0.008888799767009913
Online_Training [419/700]: mean_loss=0.013859645929187536
Online_Training [420/700]: mean_loss=0.008804277773015201
Online_Training [421/700]: mean_loss=0.017669051978737117
Online_Training [422/700]: mean_loss=0.012236791895702481
Online_Training [423/700]: mean_loss=0.001921464194310829
Online_Training [424/700]: mean_loss=0.006701184320263565
Online_Training [425/700]: mean_loss=0.007192851323634386
Online_Training [426/700]: mean_loss=0.003459776839008555
Online_Training [427/700]: mean_loss=0.0053938438417389985
Online_Training [428/700]: mean_loss=0.012301852949894965
Online_Training [429/700]: mean_loss=0.012800120748579502
Online_Training [430/700]: mean_loss=0.01106709346640855
Online_Training [431/700]: mean_loss=0.017166207497939467
Online_Training [432/700]: mean_loss=0.02746968329884112
Online_Training [433/700]: mean_loss=0.004860077181365341
Online_Training [434/700]: mean_loss=0.0020868513704044743
Online_Training [435/700]: mean_loss=0.002292469731764868
Online_Training [436/700]: mean_loss=0.009680023533292115
Online_Training [437/700]: mean_loss=0.005052958393935114
Online_Training [438/700]: mean_loss=0.019814565777778625
Online_Training [439/700]: mean_loss=0.009077851008623839
Online_Training [440/700]: mean_loss=0.015572126535698772
Online_Training [441/700]: mean_loss=0.0029181768884882333
Online_Training [442/700]: mean_loss=0.004396972339600324
Online_Training [443/700]: mean_loss=0.0036387209896929563
Online_Training [444/700]: mean_loss=0.009386510914191603
Online_Training [445/700]: mean_loss=0.006124292581807822
Online_Training [446/700]: mean_loss=0.003648150467779487
Online_Training [447/700]: mean_loss=0.006282162223942578
Online_Training [448/700]: mean_loss=0.004162899637594819
Online_Training [449/700]: mean_loss=0.004939460661262274
Online_Training [450/700]: mean_loss=0.005563931190408766
Online_Training [451/700]: mean_loss=0.003904645354487002
Online_Training [452/700]: mean_loss=0.0037789033027365803
Online_Training [453/700]: mean_loss=0.004731167468708009
Online_Training [454/700]: mean_loss=0.0044638239312917
Online_Training [455/700]: mean_loss=0.007399243232794106
Online_Training [456/700]: mean_loss=0.007412173645570874
Online_Training [457/700]: mean_loss=0.05303738676011562
Online_Training [458/700]: mean_loss=0.015274806297384202
Online_Training [459/700]: mean_loss=0.01625026068650186
Online_Training [460/700]: mean_loss=0.017268657172098755
Online_Training [461/700]: mean_loss=0.007200625631958247
Online_Training [462/700]: mean_loss=0.0036191853927448393
Online_Training [463/700]: mean_loss=0.0013272440002765507
Online_Training [464/700]: mean_loss=0.009973350493237377
Online_Training [465/700]: mean_loss=0.0026499732048250735
Online_Training [466/700]: mean_loss=0.004720443382393569
Online_Training [467/700]: mean_loss=0.009227600949816405
Online_Training [468/700]: mean_loss=0.018250732449814677
Online_Training [469/700]: mean_loss=0.003330480947624892
Online_Training [470/700]: mean_loss=0.013961718557402492
Online_Training [471/700]: mean_loss=0.007988393492996692
Online_Training [472/700]: mean_loss=0.0035261218377854674
Online_Training [473/700]: mean_loss=0.015777981653809548
Online_Training [474/700]: mean_loss=0.005454415013082326
Online_Training [475/700]: mean_loss=0.011008716537617147
Online_Training [476/700]: mean_loss=0.006001433101482689
Online_Training [477/700]: mean_loss=0.006766353594139218
Online_Training [478/700]: mean_loss=0.003843443456571549
Online_Training [479/700]: mean_loss=0.013258018530905247
Online_Training [480/700]: mean_loss=0.004024936945643276
Online_Training [481/700]: mean_loss=0.009469149820506572
Online_Training [482/700]: mean_loss=0.007102181087248027
Online_Training [483/700]: mean_loss=0.004527689563110471
Online_Training [484/700]: mean_loss=0.008625653805211186
Online_Training [485/700]: mean_loss=0.022431648150086404
Online_Training [486/700]: mean_loss=0.014541030651889742
Online_Training [487/700]: mean_loss=0.008075387869030237
Online_Training [488/700]: mean_loss=0.041343233874067666
Online_Training [489/700]: mean_loss=0.0700555888004601
Online_Training [490/700]: mean_loss=0.03740093298256397
Online_Training [491/700]: mean_loss=0.005356576887425035
Online_Training [492/700]: mean_loss=0.016488265013322234
Online_Training [493/700]: mean_loss=0.06994858104735613
Online_Training [494/700]: mean_loss=0.012346714409068227
Online_Training [495/700]: mean_loss=0.00540020524058491
Online_Training [496/700]: mean_loss=0.004774662922136486
Online_Training [497/700]: mean_loss=0.0166836628690362
Online_Training [498/700]: mean_loss=0.007132284110412002
Online_Training [499/700]: mean_loss=0.00898426938802004
Online_Training [500/700]: mean_loss=0.006907711504027247
Online_Training [501/700]: mean_loss=0.00636233848053962
Online_Training [502/700]: mean_loss=0.007759002456441522
Online_Training [503/700]: mean_loss=0.0096973777981475
Online_Training [504/700]: mean_loss=0.007462215214036405
Online_Training [505/700]: mean_loss=0.010480863275006413
Online_Training [506/700]: mean_loss=0.010188248381018639
Online_Training [507/700]: mean_loss=0.0040126165258698165
Online_Training [508/700]: mean_loss=0.006182098831050098
Online_Training [509/700]: mean_loss=0.008422100124880672
Online_Training [510/700]: mean_loss=0.0019897265185136346
Online_Training [511/700]: mean_loss=0.010451964428648352
Online_Training [512/700]: mean_loss=0.005478115531150252
Online_Training [513/700]: mean_loss=0.0065344918053597215
Online_Training [514/700]: mean_loss=0.011799019505269825
Online_Training [515/700]: mean_loss=0.00625350687187165
Online_Training [516/700]: mean_loss=0.014673999650403858
Online_Training [517/700]: mean_loss=0.008958882465958596
Online_Training [518/700]: mean_loss=0.007373939687386155
Online_Training [519/700]: mean_loss=0.0032711092033423485
Online_Training [520/700]: mean_loss=0.005832310323603452
Online_Training [521/700]: mean_loss=0.010895441798493267
Online_Training [522/700]: mean_loss=0.0038084871717728674
Online_Training [523/700]: mean_loss=0.006412057194393128
Online_Training [524/700]: mean_loss=0.005830794316716492
Online_Training [525/700]: mean_loss=0.006908907974138856
Online_Training [526/700]: mean_loss=0.005745781166478991
Online_Training [527/700]: mean_loss=0.0054586453246884045
Online_Training [528/700]: mean_loss=0.005578386574052274
Online_Training [529/700]: mean_loss=0.003620845661498606
Online_Training [530/700]: mean_loss=0.004629048146307468
Online_Training [531/700]: mean_loss=0.008359515154734255
Online_Training [532/700]: mean_loss=0.0036324726534076035
Online_Training [533/700]: mean_loss=0.004261587373912334
Online_Training [534/700]: mean_loss=0.012424133229069411
Online_Training [535/700]: mean_loss=0.011644597770646215
Online_Training [536/700]: mean_loss=0.01830065520480275
Online_Training [537/700]: mean_loss=0.012994656199589371
Online_Training [538/700]: mean_loss=0.007350782817229629
Online_Training [539/700]: mean_loss=0.007961468072608113
Online_Training [540/700]: mean_loss=0.004819637630134821
Online_Training [541/700]: mean_loss=0.0056623761309310796
Online_Training [542/700]: mean_loss=0.01915924227796495
Online_Training [543/700]: mean_loss=0.010774717945605517
Online_Training [544/700]: mean_loss=0.004169283073861152
Online_Training [545/700]: mean_loss=0.005606958572752774
Online_Training [546/700]: mean_loss=0.0022602135664783417
Online_Training [547/700]: mean_loss=0.0035293401102535426
Online_Training [548/700]: mean_loss=0.004871049814391881
Online_Training [549/700]: mean_loss=0.009202382364310323
Online_Training [550/700]: mean_loss=0.019286205945536494
Online_Training [551/700]: mean_loss=0.006369109312072396
Online_Training [552/700]: mean_loss=0.013451268803328276
Online_Training [553/700]: mean_loss=0.0067333116894587874
Online_Training [554/700]: mean_loss=0.005363219603896141
Online_Training [555/700]: mean_loss=0.009846022841520608
Online_Training [556/700]: mean_loss=0.00655176475411281
Online_Training [557/700]: mean_loss=0.0032894148607738316
Online_Training [558/700]: mean_loss=0.008979480853304267
Online_Training [559/700]: mean_loss=0.005869357392657548
Online_Training [560/700]: mean_loss=0.005371566780377179
Online_Training [561/700]: mean_loss=0.0066364886006340384
Online_Training [562/700]: mean_loss=0.01038592632394284
Online_Training [563/700]: mean_loss=0.010076499520801007
Online_Training [564/700]: mean_loss=0.0037031042971648275
Online_Training [565/700]: mean_loss=0.004484246310312301
Online_Training [566/700]: mean_loss=0.010750399297103285
Online_Training [567/700]: mean_loss=0.04924384281039238
Online_Training [568/700]: mean_loss=0.017508470499888063
Online_Training [569/700]: mean_loss=0.010103077697567641
Online_Training [570/700]: mean_loss=0.012163503002375365
Online_Training [571/700]: mean_loss=0.010788276605308057
Online_Training [572/700]: mean_loss=0.010169462533667684
Online_Training [573/700]: mean_loss=0.003596629569074139
Online_Training [574/700]: mean_loss=0.009051778702996671
Online_Training [575/700]: mean_loss=0.016992314998060466
Online_Training [576/700]: mean_loss=0.011417585704475642
Online_Training [577/700]: mean_loss=0.0026205533009488135
Online_Training [578/700]: mean_loss=0.0033044883632101117
Online_Training [579/700]: mean_loss=0.0023625604866538198
Online_Training [580/700]: mean_loss=0.008112464635632931
Online_Training [581/700]: mean_loss=0.0031636872445233166
Online_Training [582/700]: mean_loss=0.009643007395789027
Online_Training [583/700]: mean_loss=0.005103738501202315
Online_Training [584/700]: mean_loss=0.007543210778385401
Online_Training [585/700]: mean_loss=0.020159135293215513
Online_Training [586/700]: mean_loss=0.00925570260733366
Online_Training [587/700]: mean_loss=0.008804023754782975
Online_Training [588/700]: mean_loss=0.005545076902490109
Online_Training [589/700]: mean_loss=0.007431377749890089
Online_Training [590/700]: mean_loss=0.008204815327189863
Online_Training [591/700]: mean_loss=0.007313343766145408
Online_Training [592/700]: mean_loss=0.004672013584058732
Online_Training [593/700]: mean_loss=0.005435726861469448
Online_Training [594/700]: mean_loss=0.0034521426656283437
Online_Training [595/700]: mean_loss=0.0037985001574270425
Online_Training [596/700]: mean_loss=0.00718122913967818
Online_Training [597/700]: mean_loss=0.02363829021342099
Online_Training [598/700]: mean_loss=0.013213795144110918
Online_Training [599/700]: mean_loss=0.021874953433871268
Online_Training [600/700]: mean_loss=0.005076088663190603
Online_Training [601/700]: mean_loss=0.0039914499619044365
Online_Training [602/700]: mean_loss=0.005054877983639017
Online_Training [603/700]: mean_loss=0.006886970344930887
Online_Training [604/700]: mean_loss=0.013187969336286187
Online_Training [605/700]: mean_loss=0.0024346803256776184
Online_Training [606/700]: mean_loss=0.003307641815626994
Online_Training [607/700]: mean_loss=0.009248201549053193
Online_Training [608/700]: mean_loss=0.003434159455355257
Online_Training [609/700]: mean_loss=0.010693064657971263
Online_Training [610/700]: mean_loss=0.0012533956731203943
Online_Training [611/700]: mean_loss=0.005166470038238913
Online_Training [612/700]: mean_loss=0.01363190202973783
Online_Training [613/700]: mean_loss=0.005959456588607281
Online_Training [614/700]: mean_loss=0.003719343000557274
Online_Training [615/700]: mean_loss=0.0015317057899665088
Online_Training [616/700]: mean_loss=0.002380870538763702
Online_Training [617/700]: mean_loss=0.004942504258360713
Online_Training [618/700]: mean_loss=0.017027400759980084
Online_Training [619/700]: mean_loss=0.009272425994277
Online_Training [620/700]: mean_loss=0.0015175341424765066
Online_Training [621/700]: mean_loss=0.005734252196270972
Online_Training [622/700]: mean_loss=0.015118208667263388
Online_Training [623/700]: mean_loss=0.019771214807406068
Online_Training [624/700]: mean_loss=0.01135792767163366
Online_Training [625/700]: mean_loss=0.0053725291043519975
Online_Training [626/700]: mean_loss=0.0021900282707065346
Online_Training [627/700]: mean_loss=0.004270497197285295
Online_Training [628/700]: mean_loss=0.0052415450336411595
Online_Training [629/700]: mean_loss=0.00522217012476176
Online_Training [630/700]: mean_loss=0.011027715797536076
Online_Training [631/700]: mean_loss=0.0043610026245005425
Online_Training [632/700]: mean_loss=0.005858504888601601
Online_Training [633/700]: mean_loss=0.013995446381159127
Online_Training [634/700]: mean_loss=0.002625788189470768
Online_Training [635/700]: mean_loss=0.005132350767962634
Online_Training [636/700]: mean_loss=0.00823748642578721
Online_Training [637/700]: mean_loss=0.00624740261118859
Online_Training [638/700]: mean_loss=0.013726216880604625
Online_Training [639/700]: mean_loss=0.009481710684485733
Online_Training [640/700]: mean_loss=0.00487908780341968
Online_Training [641/700]: mean_loss=0.004111965629272163
Online_Training [642/700]: mean_loss=0.005496128229424357
Online_Training [643/700]: mean_loss=0.013570657419040798
Online_Training [644/700]: mean_loss=0.009210839821025728
Online_Training [645/700]: mean_loss=0.0069016200257465245
Online_Training [646/700]: mean_loss=0.0048519289237447085
Online_Training [647/700]: mean_loss=0.012116841785609723
Online_Training [648/700]: mean_loss=0.007993514626286924
Online_Training [649/700]: mean_loss=0.003905306733213365
Online_Training [650/700]: mean_loss=0.006822072574868799
Online_Training [651/700]: mean_loss=0.0010125169501407072
Online_Training [652/700]: mean_loss=0.0037871941807679833
Online_Training [653/700]: mean_loss=0.0074224120005965235
Online_Training [654/700]: mean_loss=0.0034617171972058714
Online_Training [655/700]: mean_loss=0.006748406798578799
Online_Training [656/700]: mean_loss=0.005577419861219823
Online_Training [657/700]: mean_loss=0.013942455081269145
Online_Training [658/700]: mean_loss=0.014709579851478338
Online_Training [659/700]: mean_loss=0.013904296001419425
Online_Training [660/700]: mean_loss=0.005824718566145748
Online_Training [661/700]: mean_loss=0.0829125376418233
Online_Training [662/700]: mean_loss=0.01119298953562975
Online_Training [663/700]: mean_loss=0.005089122720528394
Online_Training [664/700]: mean_loss=0.012357688858173788
Online_Training [665/700]: mean_loss=0.009022649098187684
Online_Training [666/700]: mean_loss=0.004813562298659235
Online_Training [667/700]: mean_loss=0.006248937186319381
Online_Training [668/700]: mean_loss=0.004162302077747882
Online_Training [669/700]: mean_loss=0.012891576532274485
Online_Training [670/700]: mean_loss=0.016270913183689117
Online_Training [671/700]: mean_loss=0.0016176001401618123
Online_Training [672/700]: mean_loss=0.010741709754802287
Online_Training [673/700]: mean_loss=0.050929561629891394
Online_Training [674/700]: mean_loss=0.06766549944877624
Online_Training [675/700]: mean_loss=0.021381716849282383
Online_Training [676/700]: mean_loss=0.0073716300539672375
Online_Training [677/700]: mean_loss=0.012139643798582256
Online_Training [678/700]: mean_loss=0.003268765809480101
Online_Training [679/700]: mean_loss=0.006457153544761241
Online_Training [680/700]: mean_loss=0.004767707432620227
Online_Training [681/700]: mean_loss=0.014519536960870027
Online_Training [682/700]: mean_loss=0.005898950551636517
Online_Training [683/700]: mean_loss=0.008692815853282809
Online_Training [684/700]: mean_loss=0.014303451543673873
Online_Training [685/700]: mean_loss=0.003683531249407679
Online_Training [686/700]: mean_loss=0.003783331299200654
Online_Training [687/700]: mean_loss=0.00660678455606103
Online_Training [688/700]: mean_loss=0.017880984349176288
Online_Training [689/700]: mean_loss=0.00606653424911201
Online_Training [690/700]: mean_loss=0.015613612858578563
Online_Training [691/700]: mean_loss=0.0029173039307352155
Online_Training [692/700]: mean_loss=0.010228549921885132
Online_Training [693/700]: mean_loss=0.005195243516936898
Online_Training [694/700]: mean_loss=0.004866782622411847
Online_Training [695/700]: mean_loss=0.002872662933077663
Online_Training [696/700]: mean_loss=0.009118367242626846
Online_Training [697/700]: mean_loss=0.005558380344882608
Online_Training [698/700]: mean_loss=0.004600458871573209
Online_Training [699/700]: mean_loss=0.012754033226519823
Online_Training [700/700]: mean_loss=0.017248253105208278
Number of Samples after Autoencoder testing: 300
First Spike after testing: [-0.01113968  0.6846936 ]
[2, 1, 2, 1, 0, 0, 2, 1, 0, 1, 1, 0, 0, 1, 2, 0, 0, 0, 1, 2, 1, 1, 1, 2, 1, 2, 1, 1, 0, 1, 2, 2, 1, 2, 0, 1, 1, 2, 0, 0, 2, 2, 2, 1, 1, 0, 2, 1, 1, 2, 1, 0, 2, 2, 0, 1, 0, 1, 0, 0, 1, 1, 0, 0, 1, 1, 0, 0, 0, 0, 1, 1, 1, 0, 1, 0, 2, 0, 1, 0, 2, 2, 0, 1, 0, 1, 0, 2, 1, 2, 1, 1, 1, 1, 1, 0, 1, 0, 2, 0, 1, 0, 2, 0, 1, 1, 2, 0, 0, 0, 1, 1, 0, 1, 1, 0, 0, 2, 1, 2, 0, 1, 2, 0, 0, 1, 1, 2, 2, 2, 0, 2, 1, 0, 2, 1, 0, 2, 2, 2, 2, 0, 2, 1, 0, 1, 0, 0, 0, 2, 2, 0, 0, 0, 2, 0, 0, 1, 0, 1, 2, 0, 0, 1, 2, 0, 2, 1, 2, 2, 2, 2, 0, 2, 1, 1, 2, 2, 0, 1, 2, 1, 2, 2, 2, 1, 2, 1, 1, 2, 0, 0, 2, 2, 1, 1, 2, 2, 2, 0, 1, 0, 1, 2, 0, 1, 0, 1, 1, 0, 2, 2, 1, 2, 2, 1, 0, 0, 1, 1, 1, 1, 2, 0, 2, 2, 1, 1, 1, 1, 1, 0, 0, 0, 2, 0, 2, 1, 2, 2, 2, 1, 2, 1, 0, 0, 0, 2, 1, 0, 2, 0, 0, 1, 1, 1, 1, 1, 0, 2, 0, 0, 0, 0, 0, 0, 1, 1, 1, 0, 2, 2, 0, 2, 1, 1, 1, 0, 2, 1, 2, 0, 1, 0, 0, 2, 0, 0, 0, 1, 2, 1, 2, 2, 0, 2, 0, 2, 0, 1]
[0, 1, 0, 1, 0, 0, 0, 1, 0, 1, 1, 0, 0, 1, 0, 2, 2, 2, 1, 0, 1, 1, 1, 0, 1, 0, 1, 1, 2, 1, 0, 0, 1, 0, 2, 1, 1, 0, 2, 2, 0, 0, 0, 1, 1, 2, 0, 1, 1, 0, 1, 2, 0, 0, 2, 1, 2, 1, 0, 2, 1, 1, 2, 2, 1, 1, 2, 2, 2, 2, 1, 1, 1, 2, 1, 2, 0, 0, 1, 2, 1, 0, 2, 1, 2, 1, 0, 0, 1, 0, 1, 1, 1, 1, 1, 2, 1, 2, 0, 2, 1, 3, 4, 2, 1, 1, 0, 2, 2, 2, 1, 1, 2, 1, 1, 2, 0, 0, 1, 0, 2, 1, 0, 2, 2, 1, 1, 0, 0, 0, 2, 0, 1, 2, 0, 1, 2, 0, 0, 3, 0, 2, 0, 1, 2, 1, 2, 2, 2, 0, 0, 2, 2, 2, 0, 2, 2, 1, 2, 1, 3, 2, 2, 1, 3, 2, 0, 1, 0, 0, 0, 3, 2, 3, 1, 1, 0, 0, 2, 1, 0, 1, 3, 3, 0, 1, 0, 1, 1, 0, 2, 2, 0, 3, 1, 1, 3, 0, 3, 2, 1, 4, 1, 3, 2, 1, 4, 1, 1, 2, 0, 3, 1, 0, 3, 1, 2, 4, 1, 1, 1, 1, 0, 2, 3, 3, 1, 1, 1, 1, 1, 2, 2, 2, 0, 2, 3, 1, 0, 0, 3, 1, 0, 1, 2, 2, 2, 0, 1, 2, 3, 2, 4, 1, 1, 1, 1, 1, 2, 0, 2, 2, 2, 2, 2, 4, 1, 1, 1, 2, 0, 3, 4, 3, 1, 1, 1, 2, 0, 1, 0, 2, 4, 4, 4, 3, 3, 2, 2, 1, 0, 1, 2, 3, 2, 3, 0, 0, 2, 1]
Centroids: [[0.526383, 0.66453123], [-0.37400436, -0.117890276], [0.021162137, 0.59623754]]
Centroids: [[0.08010296, 0.57024574], [-0.37717444, -0.1286404], [0.5781062, 0.60600126], [-0.06816563, 0.7816882], [0.3614726, 1.06291]]
Contingency Matrix: 
[[ 10   0  83   2   8]
 [  0 105   0   0   1]
 [ 65   1   1  23   1]]
[[10, 0, 83, 2, 8], [0, 105, 0, 0, 1], [65, 1, 1, 23, 1]]
[[10, 0, 83, 2, 8], [0, 105, 0, 0, 1], [65, 1, 1, 23, 1]]
[0, 1, 2, 3, 4]
[[10, -1, 83, 2, 8], [-1, -1, -1, -1, -1], [65, -1, 1, 23, 1]]
[[-1, -1, -1, -1, -1], [-1, -1, -1, -1, -1], [65, -1, -1, 23, 1]]
[[-1, -1, -1, -1, -1], [-1, -1, -1, -1, -1], [-1, -1, -1, -1, -1]]
Match_Labels: {1: 1, 0: 2, 2: 0}
New Contingency Matrix: 
[[ 83   0  10   2   8]
 [  0 105   0   0   1]
 [  1   1  65  23   1]]
New Clustered Label Sequence: [2, 1, 0, 3, 4]
Diagonal_Elements: [83, 105, 65], Sum: 253
All_Elements: [83, 0, 10, 2, 8, 0, 105, 0, 0, 1, 1, 1, 65, 23, 1], Sum: 300
Accuracy: 0.8433333333333334
