Seed: 8
Experiment_path: Random_Seeds_DV5//V5_1/Experiment_05_8_opt
Dataset_Path: ../_00_Datasets/03_SimDaten_Quiroga2020/C_Difficult2_noise015.mat
Dataset_name: ['03_SimDaten_Quiroga2020', 'C_Difficult2_noise015.mat']
Variant_name: Variant_05_Online_Autoencoder_QLearning_opt
Visualisation_Path: Random_Seeds_DV5//V5_1/Experiment_05_8_opt/C_Difficult2_noise015.mat/Variant_05_Online_Autoencoder_QLearning_opt/2023_04_05-09_42_20
Normalisation: False
Template Matching: False
Optimising Autoencoder: True
Update Factor: 100
Noisy Batches: False
Noisy Factor: 0.1
Epochs: 8
Batch Size: 1
maximal Spikes for Autoencoder Training : 700
maximal Spikes for Training: 1000
Input Size: 47
Chosen Model: Autoencoder
Autoencoder(
  (encoder): Sequential(
    (0): Linear(in_features=47, out_features=12, bias=True)
    (1): LeakyReLU(negative_slope=0.01)
    (2): Linear(in_features=12, out_features=2, bias=True)
  )
  (decoder): Sequential(
    (0): Linear(in_features=2, out_features=12, bias=True)
    (1): LeakyReLU(negative_slope=0.01)
    (2): Linear(in_features=12, out_features=47, bias=True)
  )
)
MSELoss()
Adam (
Parameter Group 0
    amsgrad: False
    betas: (0.9, 0.999)
    capturable: False
    differentiable: False
    eps: 1e-08
    foreach: None
    fused: False
    lr: 0.001
    maximize: False
    weight_decay: 0
)
---Q Learning Parameters---
Normalisation: False
Punishment Coefficient: 0.37
Alpha: 0.8
Epsilon: 0.01
Gamma: 0.97
Initial Episode Number: 0
Episode Number Coefficient: 1.4
Number of Random Features: 20
Planning Number: 20
Max Random Features: 60
New Episode Number: 72
New Episode Number: 143
New Episode Number: 215
New Episode Number: 286
New Episode Number: 358
New Episode Number: 429
New Episode Number: 500
                0     1     2     3     4     5     6     7
new_cluster -1.36 -0.84 -2.02 -3.08 -1.01 -1.28 -6.00 -1.45
c1          -1.34 -0.88 -2.36 -2.90 -1.03 -1.15 -6.26 -1.70
c2          -1.36 -0.82 -2.22 -3.12 -1.00 -1.10 -6.30 -1.62
c3          -1.36 -0.84 -2.23 -3.19 -1.00 -1.39 -6.33 -1.42
c4          -1.34 -0.89 -2.17 -3.01 -1.02 -1.16 -6.20 -1.62
c5          -1.36 -0.84 -2.15 -3.08 -0.98 -1.27 -6.23 -1.45
c6          -1.33 -0.87 -2.13 -3.06 -1.04 -1.11 -6.28 -1.47
c7          -1.34 -0.82 -2.39 -3.06 -1.01 -1.25 -6.25 -1.51
                                0            1  ...            6            7
new_cluster  [-0.55, new_cluster]  [-0.02, c1]  ...  [-5.18, c6]  [-0.66, c7]
c1           [-0.55, new_cluster]  [-0.03, c1]  ...  [-5.43, c6]  [-0.91, c7]
c2           [-0.55, new_cluster]  [-0.02, c1]  ...  [-5.46, c6]  [-0.83, c7]
c3           [-0.55, new_cluster]  [-0.02, c1]  ...   [-5.5, c6]  [-0.63, c7]
c4           [-0.55, new_cluster]  [-0.04, c1]  ...  [-5.37, c6]  [-0.83, c7]
c5           [-0.55, new_cluster]  [-0.04, c1]  ...   [-5.4, c6]  [-0.66, c7]
c6           [-0.55, new_cluster]  [-0.04, c1]  ...  [-5.46, c6]  [-0.68, c7]
c7           [-0.55, new_cluster]  [-0.02, c1]  ...  [-5.41, c6]  [-0.72, c7]

[8 rows x 8 columns]
