Experiment_path: AE_Model_2/Normalization/Experiment_04_norm
Dataset_Path: ../_00_Datasets/03_SimDaten_Quiroga2020/C_Difficult2_noise015.mat
Dataset_name: ['03_SimDaten_Quiroga2020', 'C_Difficult2_noise015.mat']
Variant_name: V04_Off_AE_QL_norm
Visualisation_Path: AE_Model_2/Normalization/Experiment_04_norm/C_Difficult2_noise015.mat/V04_Off_AE_QL_norm/2023_06_04-19_39_55
Punishment_Coefficient: 0.8
<_01_LoadDataset.ExternCode.spike_class.spike_dataclass object at 0x0000018FB73017F0>
Sampling rate: 24000.0
Raw: [-0.05565321 -0.04571496 -0.03115923 ...  0.1473638   0.13534729
  0.111692  ]
Times: [    418     529    1030 ... 1439028 1439080 1439623]
Cluster: [2 3 2 ... 3 1 3]
Number of different clusters:  3
Number of Spikes: 3440
First aligned Spike Frame: [-0.17099344 -0.1945709  -0.20692804 -0.21224585 -0.21123273 -0.19839621
 -0.16928805 -0.13455314 -0.10755804 -0.09418858 -0.09168847 -0.09014646
 -0.07785681 -0.05220219 -0.010559    0.05141874  0.13325345  0.23429051
  0.3635645   0.52201137  0.68833941  0.84629252  0.96368446  0.9673675
  0.80566127  0.51814506  0.20703252 -0.04483802 -0.21878317 -0.33306068
 -0.39936966 -0.41844164 -0.40822894 -0.3999483  -0.40801198 -0.43204789
 -0.46902504 -0.51735316 -0.56113271 -0.57967205 -0.56696316 -0.53144438
 -0.47215401 -0.37953885 -0.25698053 -0.12693248 -0.00995817]
Cluster 0, Occurrences: 1142
Cluster 1, Occurrences: 1113
Cluster 2, Occurrences: 1185
Train Index: 3096
x_train: 3096
y_train: 3096
x_test: 344
y_test: 344
<torch.utils.data.dataloader.DataLoader object at 0x0000018FBB0A25C0>
<torch.utils.data.dataloader.DataLoader object at 0x0000018FB7E9ECC0>
Epoch [1/8]: mean_loss=0.000367662068775275
Epoch [2/8]: mean_loss=0.00019159887087692626
Epoch [3/8]: mean_loss=0.00018106691207789673
Epoch [4/8]: mean_loss=0.00018106290530016313
Epoch [5/8]: mean_loss=0.00018115766143103826
Epoch [6/8]: mean_loss=0.00018128183965441272
Epoch [7/8]: mean_loss=0.00018089193278004342
Epoch [8/8]: mean_loss=0.00018164856611746206
Number of Clusters: 3
Number of Samples after Autoencoder testing: 342
First Spike after testing: [-2.2854013  1.8484578]
[1, 0, 1, 2, 1, 0, 0, 0, 1, 0, 0, 0, 2, 2, 0, 2, 1, 2, 1, 1, 0, 1, 2, 1, 0, 2, 0, 2, 1, 1, 1, 2, 0, 1, 2, 2, 0, 2, 0, 2, 2, 0, 0, 0, 2, 1, 0, 0, 0, 2, 0, 1, 2, 0, 0, 1, 0, 1, 0, 1, 1, 0, 0, 2, 0, 1, 2, 0, 1, 2, 0, 1, 0, 2, 1, 0, 0, 0, 1, 0, 0, 1, 0, 0, 1, 0, 2, 0, 2, 0, 0, 1, 2, 1, 2, 1, 1, 0, 0, 1, 2, 2, 2, 2, 2, 0, 2, 2, 1, 2, 1, 0, 0, 2, 1, 1, 2, 1, 0, 1, 0, 2, 1, 1, 2, 2, 0, 1, 1, 0, 1, 1, 2, 0, 2, 1, 0, 2, 1, 2, 0, 2, 1, 1, 2, 0, 1, 0, 1, 0, 2, 1, 2, 1, 1, 1, 0, 1, 2, 1, 1, 0, 2, 1, 1, 0, 1, 2, 0, 2, 2, 0, 1, 0, 1, 1, 1, 1, 1, 0, 2, 0, 0, 2, 0, 2, 1, 1, 0, 1, 2, 0, 2, 0, 1, 2, 0, 2, 0, 2, 0, 0, 2, 0, 1, 0, 1, 0, 0, 1, 1, 0, 1, 2, 1, 0, 0, 1, 1, 0, 1, 0, 1, 2, 2, 1, 2, 0, 0, 2, 0, 2, 0, 1, 2, 0, 2, 1, 2, 1, 1, 0, 2, 0, 2, 1, 2, 0, 1, 2, 2, 1, 1, 0, 1, 0, 2, 0, 2, 1, 2, 0, 2, 2, 0, 0, 0, 1, 0, 0, 0, 1, 0, 0, 2, 1, 0, 1, 1, 2, 1, 0, 2, 1, 1, 0, 0, 0, 2, 2, 0, 0, 2, 1, 0, 0, 1, 2, 0, 0, 0, 2, 2, 0, 0, 2, 0, 1, 0, 0, 2, 1, 0, 2, 2, 2, 2, 1, 0, 2, 2, 1, 1, 2, 1, 1, 1, 1, 0, 2, 2, 1, 0, 2, 1, 2, 1, 2, 0, 2, 0, 2]
[0, 0, 0, 0, 0, 0, 0, 0, 0, 0, 0, 0, 0, 0, 0, 0, 0, 0, 0, 0, 0, 0, 0, 0, 0, 0, 0, 0, 0, 0, 0, 0, 0, 0, 0, 0, 0, 0, 0, 0, 0, 0, 0, 0, 0, 0, 0, 0, 0, 0, 0, 0, 0, 0, 0, 0, 0, 0, 0, 0, 0, 0, 0, 0, 0, 0, 0, 0, 0, 0, 0, 0, 0, 0, 0, 0, 0, 0, 0, 0, 0, 0, 0, 0, 0, 0, 0, 0, 0, 0, 0, 0, 0, 0, 0, 0, 0, 0, 0, 0, 0, 0, 0, 0, 0, 0, 0, 0, 0, 0, 0, 0, 0, 0, 0, 0, 0, 0, 0, 0, 0, 0, 0, 0, 0, 0, 0, 0, 0, 0, 0, 0, 0, 0, 0, 0, 0, 0, 0, 0, 0, 0, 0, 0, 0, 0, 0, 0, 0, 0, 0, 0, 0, 0, 0, 0, 0, 0, 0, 0, 0, 0, 0, 0, 0, 0, 0, 0, 0, 0, 0, 0, 0, 0, 0, 0, 0, 0, 0, 0, 0, 0, 0, 0, 0, 0, 0, 0, 0, 0, 0, 0, 0, 0, 0, 0, 0, 0, 0, 0, 0, 0, 0, 0, 0, 0, 0, 0, 0, 0, 0, 0, 0, 0, 0, 0, 0, 0, 0, 0, 0, 0, 0, 0, 0, 0, 0, 0, 0, 0, 0, 0, 0, 0, 0, 0, 0, 0, 0, 0, 0, 0, 0, 0, 0, 0, 0, 0, 0, 0, 0, 0, 0, 0, 0, 0, 0, 0, 0, 0, 0, 0, 0, 0, 0, 0, 0, 0, 0, 0, 0, 0, 0, 0, 0, 0, 0, 0, 0, 0, 0, 0, 0, 0, 0, 0, 0, 0, 0, 0, 0, 0, 0, 0, 0, 0, 0, 0, 0, 0, 0, 0, 0, 0, 0, 0, 0, 0, 0, 0, 0, 0, 0, 0, 0, 0, 0, 0, 0, 0, 0, 0, 0, 0, 0, 0, 0, 0, 0, 0, 0, 0, 0, 0, 0, 0, 0, 0, 0, 0, 0, 0]
Centroids: [[0.017077772, -1.7388071], [-2.2993634, 1.889613], [-0.80810356, -0.99527085]]
Centroids: [[-0.9924552, -0.324448]]
Standard Derivations: [0.3840456, 0.7574929, 0.40985936]
Cluster Distances: [3.1632648, 0.31684715, 3.1632648, 2.0801713, 0.31684715, 2.0801716]
Minimal Cluster Distance: 0.31684714555740356
Contingency Matrix: 
[[126]
 [112]
 [104]]
[[126], [112], [104]]
[[126, 0, 0], [112, 0, 0], [104, 0, 0]]
[0, 1, 2]
[[-1, -1, -1], [-1, 0, 0], [-1, 0, 0]]
[[-1, -1, -1], [-1, -1, -1], [-1, -1, 0]]
[[-1, -1, -1], [-1, -1, -1], [-1, -1, -1]]
Match_Labels: {0: 0, 1: 1, 2: 2}
New Contingency Matrix: 
[[126   0   0]
 [112   0   0]
 [104   0   0]]
New Clustered Label Sequence: [0, 1, 2]
Diagonal_Elements: [126, 0, 0], Sum: 126
All_Elements: [126, 0, 0, 112, 0, 0, 104, 0, 0], Sum: 342
Accuracy: 0.3684210526315789
Centroids: [[-0.2506333049271005, -0.05401786944926962]]
