Seed: 0
Experiment_path: Experiment_05
Dataset_Path: ../_00_Datasets/03_SimDaten_Quiroga2020/C_Easy1_noise015.mat
Dataset_name: ['03_SimDaten_Quiroga2020', 'C_Easy1_noise015.mat']
Variant_name: Variant_05_Online_Autoencoder_QLearning
Visualisation_Path: AE_Model_2/Epochs_GS_PC//V5_6/C_Easy1_noise015.mat/Variant_05_Online_Autoencoder_QLearning/0.2
Normalisation: False
Template Matching: False
Optimising Autoencoder: False
Update Factor: 1
Noisy Batches: False
Noisy Factor: 0.001
Epochs: 6
Batch Size: 1
maximal Spikes for Autoencoder Training : 700
maximal Spikes for Training: 1000
Input Size: 47
Chosen Model: Convolutional Autoencoder
ConvolutionalAutoencoder(
  (encoder): Sequential(
    (0): Conv1d(1, 6, kernel_size=(6,), stride=(1,))
    (1): LeakyReLU(negative_slope=0.01)
    (2): Conv1d(6, 1, kernel_size=(6,), stride=(1,))
    (3): Flatten(start_dim=1, end_dim=-1)
    (4): Linear(in_features=37, out_features=2, bias=True)
  )
  (decoder): Sequential(
    (0): ConvTranspose1d(1, 6, kernel_size=(6,), stride=(1,))
    (1): LeakyReLU(negative_slope=0.01)
    (2): ConvTranspose1d(6, 1, kernel_size=(6,), stride=(1,))
    (3): Flatten(start_dim=1, end_dim=-1)
    (4): Linear(in_features=12, out_features=47, bias=True)
  )
)
MSELoss()
Adam (
Parameter Group 0
    amsgrad: False
    betas: (0.9, 0.999)
    capturable: False
    differentiable: False
    eps: 1e-08
    foreach: None
    fused: False
    lr: 0.001
    maximize: False
    weight_decay: 0
)
---Q Learning Parameters---
Normalisation: False
Punishment Coefficient: 0.2
Alpha: 0.8
Epsilon: 0.01
Gamma: 0.97
Initial Episode Number: 0
Episode Number Coefficient: 1.4
Number of Random Features: 20
Planning Number: 20
Max Random Features: 60
New Episode Number: 72
New Episode Number: 143
New Episode Number: 215
New Episode Number: 286
New Episode Number: 358
New Episode Number: 429
New Episode Number: 500
New Episode Number: 572
New Episode Number: 643
New Episode Number: 715
New Episode Number: 786
New Episode Number: 858
New Episode Number: 929
New Episode Number: 1000
New Episode Number: 1072
New Episode Number: 1143
New Episode Number: 1215
New Episode Number: 1286
New Episode Number: 1358
New Episode Number: 1429
New Episode Number: 1501
New Episode Number: 1572
New Episode Number: 1643
New Episode Number: 1715
New Episode Number: 1786
New Episode Number: 1858
New Episode Number: 1929
New Episode Number: 2000
New Episode Number: 2072
New Episode Number: 2143
New Episode Number: 2215
New Episode Number: 2286
New Episode Number: 2358
New Episode Number: 2429
New Episode Number: 2500
New Episode Number: 2572
New Episode Number: 2643
New Episode Number: 2715
New Episode Number: 2786
New Episode Number: 2858
               0      1     2     3     4   ...     36    37    38    39    40
new_cluster -3.91 -18.69 -7.32 -4.36 -8.95  ... -19.01 -4.59 -4.88 -5.53 -5.47
c1          -3.91 -19.23 -7.54 -4.26 -8.34  ... -19.02 -4.49 -5.50 -5.53 -5.47
c2          -3.92 -18.25 -7.42 -4.47 -8.58  ... -19.05 -4.44 -5.46 -5.53 -5.47
c3          -3.91 -18.86 -7.47 -4.39 -8.84  ... -18.58 -4.54 -5.51 -5.53 -5.47
c4          -3.91 -18.45 -7.72 -4.23 -8.68  ... -19.01 -4.46 -5.51 -5.53 -5.47
c5          -3.90 -18.31 -7.51 -4.28 -8.45  ... -18.97 -4.46 -5.46 -5.53 -5.47
c6          -3.94 -18.75 -7.52 -4.38 -8.80  ... -19.02 -4.37 -5.38 -5.53 -5.47
c7          -3.95 -18.92 -7.58 -4.29 -8.49  ... -19.03 -4.46 -5.46 -5.53 -5.47
c8          -3.91 -18.68 -7.71 -4.27 -8.86  ... -19.00 -4.59 -5.50 -5.53 -5.47
c9          -3.93 -19.06 -7.48 -4.42 -8.36  ... -19.01 -4.52 -5.46 -5.53 -5.47
c10         -3.97 -18.77 -7.48 -4.20 -8.98  ... -18.96 -4.59 -5.50 -5.53 -5.47
c11         -3.91 -18.77 -7.57 -4.23 -8.23  ... -19.01 -4.54 -5.38 -5.53 -5.47
c12         -3.91 -18.88 -7.56 -4.34 -8.76  ... -19.02 -4.52 -5.51 -5.53 -5.47
c13         -3.91 -18.68 -7.48 -4.27 -8.39  ... -19.01 -4.60 -5.51 -5.53 -5.47
c14         -3.91 -18.67 -7.65 -4.18 -8.08  ... -19.00 -4.42 -5.48 -5.53 -5.47
c15         -3.91 -18.33 -7.63 -4.39 -8.79  ... -19.07 -4.42 -5.46 -5.53 -5.47
c16         -3.91 -18.16 -7.57 -4.15 -8.36  ... -19.02 -4.59 -5.50 -5.53 -5.47
c17         -3.81 -19.28 -7.50 -4.30 -8.64  ... -19.02 -4.54 -5.38 -5.53 -5.47
c18         -3.95 -18.26 -7.58 -4.18 -8.63  ... -18.94 -4.46 -5.51 -5.53 -5.47
c19         -3.95 -18.67 -7.75 -4.40 -8.86  ... -19.02 -4.54 -5.48 -5.53 -5.47
c20         -3.91 -19.04 -7.54 -4.31 -8.75  ... -19.00 -4.52 -5.51 -5.53 -5.47
c21         -3.92 -18.89 -7.63 -4.32 -8.67  ... -19.01 -4.50 -5.46 -5.53 -5.47
c22         -3.91 -19.09 -7.52 -4.38 -8.35  ... -19.02 -4.43 -5.48 -5.53 -5.47
c23         -3.91 -18.83 -7.55 -4.30 -8.90  ... -19.01 -3.97 -5.50 -5.53 -5.47
c24         -3.85 -18.80 -7.41 -4.34 -8.68  ... -19.01 -4.59 -5.50 -5.53 -5.47
c25         -3.91 -18.71 -7.76 -4.37 -8.52  ... -19.05 -4.61 -5.50 -5.53 -5.47
c26         -3.95 -18.68 -6.36 -4.25 -8.68  ... -19.02 -4.46 -5.50 -5.53 -5.47
c27         -3.95 -18.28 -7.67 -4.21 -8.84  ... -18.98 -4.46 -5.50 -5.53 -5.47
c28         -3.91 -19.03 -7.64 -4.27 -8.70  ... -19.01 -4.52 -5.50 -5.53 -5.47
c29         -3.91 -18.62 -7.57 -4.36 -8.67  ... -19.02 -4.44 -5.51 -5.53 -5.47
c30         -3.92 -18.73 -7.39 -4.37 -8.51  ... -18.99 -4.52 -5.50 -5.53 -5.47
c31         -3.91 -18.79 -7.72 -4.21 -8.74  ... -19.01 -4.54 -5.38 -5.53 -5.47
c32         -3.95 -18.78 -7.49 -4.18 -8.39  ... -19.11 -4.54 -5.28 -5.53 -5.47
c33         -3.91 -18.90 -7.33 -4.28 -8.72  ... -19.05 -4.35 -5.26 -5.53 -5.47
c34         -3.95 -18.40 -7.56 -4.40 -8.67  ... -19.07 -4.54 -5.51 -5.53 -5.47
c35         -3.95 -18.71 -7.64 -4.24 -8.51  ... -18.96 -4.52 -5.36 -5.53 -5.47
c36         -3.91 -18.59 -7.67 -4.33 -8.26  ... -19.01 -4.59 -5.38 -5.53 -5.47
c37         -3.88 -18.45 -7.65 -4.36 -8.72  ... -19.00 -4.46 -5.48 -5.53 -5.47
c38         -3.91 -18.53 -7.40 -4.43 -9.01  ... -19.01 -4.59 -5.50 -5.53 -5.47
c39         -3.92 -18.85 -7.58 -4.30 -8.90  ... -19.10 -4.46 -5.48 -5.53  0.00
c40         -3.91 -18.66 -7.92 -4.29 -8.64  ... -19.05 -4.35 -5.46  0.00  0.00

[41 rows x 41 columns]
\begin{tabular}{lrrrrrrrrrrrrrrrrrrrrrrrrrrrrrrrrrrrrrrrrr}
\toprule
{} &    0  &     1  &    2  &    3  &    4  &     5  &     6  &    7  &     8  &    9  &    10 &     11 &     12 &     13 &    14 &    15 &     16 &     17 &     18 &    19 &    20 &    21 &     22 &    23 &     24 &    25 &     26 &     27 &    28 &    29 &    30 &     31 &    32 &    33 &     34 &     35 &     36 &    37 &    38 &    39 &    40 \\
\midrule
new\_cluster & -3.91 & -18.69 & -7.32 & -4.36 & -8.95 & -15.81 & -18.83 & -5.34 & -13.52 & -3.92 & -6.47 & -13.40 & -13.11 & -14.84 & -4.46 & -5.62 & -10.90 & -15.77 &  -9.96 & -4.26 & -5.96 & -5.66 & -11.01 & -5.93 & -19.56 & -7.15 & -12.39 & -18.06 & -9.83 & -6.77 & -6.04 & -25.18 & -3.98 & -4.17 & -10.09 & -15.56 & -19.01 & -4.59 & -4.88 & -5.53 & -5.47 \\
c1          & -3.91 & -19.23 & -7.54 & -4.26 & -8.34 & -15.87 & -18.40 & -5.15 & -13.39 & -3.90 & -6.47 & -13.00 & -13.28 & -14.98 & -4.54 & -5.65 & -10.54 & -15.54 &  -9.61 & -4.25 & -5.84 & -5.72 & -11.81 & -5.94 & -19.30 & -7.21 & -12.39 & -18.06 & -9.35 & -6.73 & -6.89 & -25.20 & -3.89 & -4.14 & -10.09 & -15.44 & -19.02 & -4.49 & -5.50 & -5.53 & -5.47 \\
c2          & -3.92 & -18.25 & -7.42 & -4.47 & -8.58 & -15.96 & -18.71 & -5.25 & -13.41 & -3.94 & -6.52 & -12.95 & -13.36 & -14.97 & -4.55 & -5.72 & -10.64 & -15.39 &  -9.72 & -4.21 & -5.64 & -6.38 & -11.57 & -5.94 & -19.64 & -7.11 & -12.43 & -17.99 & -9.48 & -6.75 & -6.41 & -25.21 & -3.91 & -4.22 & -10.09 & -15.38 & -19.05 & -4.44 & -5.46 & -5.53 & -5.47 \\
c3          & -3.91 & -18.86 & -7.47 & -4.39 & -8.84 & -16.01 & -18.48 & -5.21 & -13.37 & -3.88 & -6.62 & -13.03 & -13.09 & -14.15 & -4.53 & -5.62 & -10.57 & -15.94 &  -9.79 & -4.30 & -5.84 & -5.74 & -11.25 & -5.62 & -19.31 & -7.14 & -12.40 & -18.06 & -9.59 & -6.75 & -7.77 & -25.21 & -3.98 & -4.17 & -10.09 & -15.25 & -18.58 & -4.54 & -5.51 & -5.53 & -5.47 \\
c4          & -3.91 & -18.45 & -7.72 & -4.23 & -8.68 & -16.10 & -18.30 & -5.13 & -13.38 & -3.79 & -6.57 & -13.55 & -13.29 & -14.60 & -4.56 & -5.78 & -10.67 & -15.67 &  -9.82 & -4.03 & -5.82 & -5.72 & -11.29 & -5.89 & -19.35 & -7.22 & -12.38 & -18.06 & -9.85 & -6.51 & -5.53 & -25.20 & -3.91 & -4.14 & -10.09 & -15.50 & -19.01 & -4.46 & -5.51 & -5.53 & -5.47 \\
c5          & -3.90 & -18.31 & -7.51 & -4.28 & -8.45 & -16.08 & -17.72 & -5.32 & -13.43 & -3.90 & -6.74 & -13.01 & -13.24 & -14.89 & -4.58 & -5.59 & -10.29 & -15.86 & -10.22 & -4.26 & -5.71 & -5.44 & -11.53 & -5.95 & -19.65 & -7.24 & -12.38 & -17.99 & -9.79 & -6.68 & -6.16 & -25.22 & -3.91 & -4.17 & -10.05 & -15.64 & -18.97 & -4.46 & -5.46 & -5.53 & -5.47 \\
c6          & -3.94 & -18.75 & -7.52 & -4.38 & -8.80 & -16.10 & -18.86 & -5.29 & -13.42 & -3.86 & -6.61 & -13.17 & -13.29 & -14.95 & -4.51 & -5.55 & -10.93 & -15.56 &  -9.42 & -4.01 & -5.65 & -5.90 & -11.67 & -5.94 & -19.58 & -7.22 & -12.40 & -18.03 & -9.97 & -5.95 & -6.46 & -25.05 & -3.98 & -4.17 & -10.09 & -15.63 & -19.02 & -4.37 & -5.38 & -5.53 & -5.47 \\
c7          & -3.95 & -18.92 & -7.58 & -4.29 & -8.49 & -15.79 & -18.21 & -5.23 & -13.38 & -3.90 & -6.49 & -13.35 & -13.25 & -14.69 & -4.53 & -5.70 & -10.56 & -15.80 & -10.11 & -4.21 & -6.03 & -5.52 & -11.36 & -5.95 & -19.49 & -7.11 & -12.39 & -18.00 & -9.79 & -6.66 & -6.52 & -25.21 & -3.96 & -4.17 & -10.10 & -15.64 & -19.03 & -4.46 & -5.46 & -5.53 & -5.47 \\
c8          & -3.91 & -18.68 & -7.71 & -4.27 & -8.86 & -16.39 & -17.98 & -5.28 & -13.43 & -3.77 & -6.69 & -13.54 & -13.05 & -14.76 & -4.50 & -5.51 & -10.40 & -15.80 & -10.04 & -4.17 & -5.77 & -5.64 & -11.48 & -5.95 & -19.65 & -7.24 & -12.40 & -18.05 & -9.87 & -6.66 & -9.75 & -25.20 & -3.98 & -4.17 & -10.09 & -15.59 & -19.00 & -4.59 & -5.50 & -5.53 & -5.47 \\
c9          & -3.93 & -19.06 & -7.48 & -4.42 & -8.36 & -15.85 & -18.86 & -5.15 & -13.43 & -3.88 & -6.47 & -13.81 & -13.17 & -14.82 & -4.55 & -5.76 & -10.38 & -15.90 & -10.09 & -4.18 & -5.88 & -5.82 & -11.61 & -5.92 & -19.62 & -7.14 & -12.39 & -17.98 & -9.78 & -6.58 & -5.14 & -25.18 & -3.96 & -4.17 & -10.09 & -15.64 & -19.01 & -4.52 & -5.46 & -5.53 & -5.47 \\
c10         & -3.97 & -18.77 & -7.48 & -4.20 & -8.98 & -15.54 & -18.98 & -5.18 & -13.33 & -3.56 & -6.19 & -13.61 & -13.44 & -15.02 & -4.48 & -5.53 & -10.69 & -15.78 &  -9.76 & -4.27 & -5.69 & -5.87 & -11.55 & -5.89 & -19.65 & -7.12 & -12.42 & -17.48 & -9.73 & -6.55 & -5.61 & -25.20 & -3.91 & -4.17 & -10.09 & -15.44 & -18.96 & -4.59 & -5.50 & -5.53 & -5.47 \\
c11         & -3.91 & -18.77 & -7.57 & -4.23 & -8.23 & -16.09 & -18.43 & -4.79 & -13.50 & -3.85 & -6.54 & -13.44 & -13.36 & -14.87 & -4.52 & -5.65 & -10.73 & -15.82 &  -9.80 & -4.08 & -5.69 & -5.34 & -11.66 & -5.94 & -19.65 & -7.13 & -12.40 & -17.99 & -9.49 & -6.74 & -5.29 & -25.20 & -3.87 & -4.03 & -10.09 & -15.61 & -19.01 & -4.54 & -5.38 & -5.53 & -5.47 \\
c12         & -3.91 & -18.88 & -7.56 & -4.34 & -8.76 & -16.01 & -18.25 & -4.88 & -13.40 & -3.75 & -6.60 & -13.07 & -13.27 & -15.13 & -4.47 & -5.62 & -10.32 & -15.51 & -10.00 & -4.17 & -5.71 & -5.85 & -11.53 & -5.89 & -19.62 & -7.25 & -12.37 & -17.36 & -9.66 & -6.68 & -5.71 & -25.09 & -3.84 & -4.17 &  -9.98 & -15.62 & -19.02 & -4.52 & -5.51 & -5.53 & -5.47 \\
c13         & -3.91 & -18.68 & -7.48 & -4.27 & -8.39 & -15.96 & -18.65 & -5.22 & -13.51 & -3.85 & -6.64 & -13.16 & -13.66 & -14.51 & -4.23 & -5.69 & -10.82 & -16.17 & -10.07 & -4.32 & -5.66 & -5.70 & -11.54 & -5.90 & -19.36 & -7.25 & -12.38 & -18.06 & -9.71 & -6.54 & -6.00 & -25.21 & -3.96 & -4.17 & -10.10 & -15.56 & -19.01 & -4.60 & -5.51 & -5.53 & -5.47 \\
c14         & -3.91 & -18.67 & -7.65 & -4.18 & -8.08 & -15.13 & -17.53 & -5.30 & -13.33 & -3.90 & -6.44 & -13.22 & -13.36 & -14.89 & -4.52 & -5.36 & -10.70 & -15.66 &  -9.80 & -4.30 & -5.78 & -5.55 & -11.55 & -5.94 & -19.56 & -7.27 & -11.94 & -18.06 & -9.77 & -6.75 & -6.05 & -25.20 & -3.95 & -4.17 & -10.09 & -15.60 & -19.00 & -4.42 & -5.48 & -5.53 & -5.47 \\
c15         & -3.91 & -18.33 & -7.63 & -4.39 & -8.79 & -15.72 & -18.05 & -5.15 & -13.48 & -3.92 & -6.42 & -13.71 & -13.14 & -14.71 & -4.53 & -5.52 & -10.60 & -16.08 &  -9.95 & -4.23 & -5.89 & -5.57 & -11.36 & -5.89 & -19.59 & -7.22 & -12.38 & -18.06 & -9.70 & -6.68 & -5.61 & -25.18 & -3.96 & -4.14 & -10.11 & -14.65 & -19.07 & -4.42 & -5.46 & -5.53 & -5.47 \\
c16         & -3.91 & -18.16 & -7.57 & -4.15 & -8.36 & -15.88 & -18.72 & -4.91 & -13.21 & -3.86 & -6.64 & -13.63 & -13.48 & -14.98 & -4.58 & -5.64 & -10.17 & -15.72 &  -9.88 & -4.22 & -5.48 & -5.81 & -11.58 & -5.95 & -19.35 & -7.24 & -12.40 & -18.06 & -9.72 & -6.63 & -8.02 & -25.21 & -3.98 & -4.14 & -10.09 & -15.56 & -19.02 & -4.59 & -5.50 & -5.53 & -5.47 \\
c17         & -3.81 & -19.28 & -7.50 & -4.30 & -8.64 & -15.92 & -19.04 & -5.26 & -13.39 & -3.81 & -6.35 & -13.68 & -13.24 & -15.28 & -4.63 & -5.59 & -10.59 & -15.58 &  -9.99 & -4.26 & -5.52 & -5.80 & -11.76 & -5.95 & -19.15 & -7.24 & -12.38 & -17.76 & -9.76 & -6.68 & -7.77 & -25.21 & -3.98 & -4.16 & -10.09 & -15.55 & -19.02 & -4.54 & -5.38 & -5.53 & -5.47 \\
c18         & -3.95 & -18.26 & -7.58 & -4.18 & -8.63 & -15.97 & -18.53 & -5.15 & -13.47 & -3.80 & -6.71 & -13.44 & -13.65 & -15.04 & -4.45 & -5.56 & -10.49 & -15.60 &  -8.81 & -4.20 & -5.59 & -5.81 & -11.54 & -5.94 & -19.58 & -7.24 & -12.44 & -18.04 & -9.76 & -6.68 & -5.01 & -25.18 & -3.97 & -4.17 & -10.09 & -15.63 & -18.94 & -4.46 & -5.51 & -5.53 & -5.47 \\
c19         & -3.95 & -18.67 & -7.75 & -4.40 & -8.86 & -15.98 & -19.62 & -5.21 & -13.33 & -3.85 & -6.54 & -13.51 & -13.56 & -14.65 & -4.57 & -5.62 & -10.68 & -16.00 &  -9.96 & -4.24 & -5.79 & -5.65 & -11.70 & -5.91 & -19.27 & -7.22 & -12.38 & -17.69 & -9.73 & -6.76 & -5.55 & -25.21 & -3.91 & -4.17 & -10.10 & -15.63 & -19.02 & -4.54 & -5.48 & -5.53 & -5.47 \\
c20         & -3.91 & -19.04 & -7.54 & -4.31 & -8.75 & -15.91 & -18.81 & -5.25 & -13.28 & -3.80 & -6.67 & -13.13 & -13.03 & -15.01 & -4.58 & -5.64 & -10.90 & -15.77 &  -9.89 & -4.27 & -5.90 & -5.65 & -11.58 & -5.72 & -19.66 & -7.24 & -12.23 & -18.05 & -9.52 & -6.68 & -6.05 & -25.21 & -3.92 & -4.14 & -10.09 & -15.63 & -19.00 & -4.52 & -5.51 & -5.53 & -5.47 \\
c21         & -3.92 & -18.89 & -7.63 & -4.32 & -8.67 & -15.84 & -18.61 & -4.99 & -13.35 & -3.87 & -6.58 & -13.20 & -13.05 & -14.11 & -4.51 & -5.38 & -10.05 & -15.67 &  -9.41 & -4.21 & -5.64 & -5.68 & -11.23 & -5.89 & -19.37 & -7.24 & -12.40 & -17.99 & -9.73 & -6.68 & -6.40 & -25.09 & -3.84 & -4.17 & -10.02 & -15.55 & -19.01 & -4.50 & -5.46 & -5.53 & -5.47 \\
c22         & -3.91 & -19.09 & -7.52 & -4.38 & -8.35 & -16.24 & -18.84 & -5.38 & -13.32 & -3.85 & -6.40 & -13.64 & -13.23 & -15.05 & -4.57 & -5.36 & -10.55 & -15.97 &  -9.80 & -4.21 & -5.82 & -5.54 & -11.65 & -5.95 & -19.15 & -7.24 & -12.23 & -18.05 & -9.46 & -6.68 & -5.83 & -25.20 & -3.98 & -4.17 &  -9.94 & -15.50 & -19.02 & -4.43 & -5.48 & -5.53 & -5.47 \\
c23         & -3.91 & -18.83 & -7.55 & -4.30 & -8.90 & -15.39 & -18.68 & -5.37 & -13.30 & -3.82 & -6.51 & -13.08 & -13.24 & -14.80 & -4.55 & -5.71 & -10.29 & -15.87 &  -9.83 & -4.35 & -5.70 & -6.03 & -11.54 & -5.94 & -19.52 & -6.96 & -12.37 & -18.06 & -9.71 & -6.68 & -6.89 & -25.20 & -3.98 & -4.17 & -10.09 & -15.56 & -19.01 & -3.97 & -5.50 & -5.53 & -5.47 \\
c24         & -3.85 & -18.80 & -7.41 & -4.34 & -8.68 & -15.73 & -18.81 & -4.81 & -13.45 & -3.83 & -6.58 & -13.82 & -12.93 & -14.93 & -4.63 & -5.59 & -10.53 & -15.58 &  -9.89 & -4.23 & -5.75 & -6.04 & -11.57 & -5.68 & -19.62 & -7.24 & -12.29 & -18.06 & -9.88 & -6.65 & -6.47 & -25.08 & -3.96 & -3.92 & -10.09 & -15.50 & -19.01 & -4.59 & -5.50 & -5.53 & -5.47 \\
c25         & -3.91 & -18.71 & -7.76 & -4.37 & -8.52 & -16.32 & -18.82 & -5.30 & -13.48 & -3.83 & -6.34 & -12.87 & -13.28 & -14.59 & -4.56 & -5.48 & -10.65 & -15.77 &  -9.40 & -4.06 & -5.69 & -5.44 & -11.60 & -5.94 & -19.36 & -7.24 & -12.43 & -18.06 & -9.77 & -6.68 & -4.79 & -25.21 & -3.95 & -4.17 & -10.10 & -15.61 & -19.05 & -4.61 & -5.50 & -5.53 & -5.47 \\
c26         & -3.95 & -18.68 & -6.36 & -4.25 & -8.68 & -15.36 & -19.06 & -5.28 & -13.44 & -3.84 & -6.55 & -13.37 & -13.00 & -14.48 & -4.51 & -5.69 & -11.04 & -15.80 &  -9.63 & -4.35 & -5.80 & -5.87 & -11.43 & -5.94 & -19.37 & -7.22 & -12.40 & -18.06 & -9.99 & -6.68 & -5.23 & -25.16 & -4.00 & -4.17 & -10.04 & -15.55 & -19.02 & -4.46 & -5.50 & -5.53 & -5.47 \\
c27         & -3.95 & -18.28 & -7.67 & -4.21 & -8.84 & -15.69 & -19.16 & -4.93 & -13.42 & -3.80 & -6.61 & -13.56 & -13.37 & -14.87 & -4.50 & -5.74 & -10.53 & -15.83 &  -9.74 & -4.11 & -5.73 & -6.08 & -11.65 & -5.95 & -19.67 & -7.15 & -12.44 & -18.05 & -9.35 & -6.62 & -5.29 & -25.20 & -3.98 & -4.17 & -10.09 & -15.63 & -18.98 & -4.46 & -5.50 & -5.53 & -5.47 \\
c28         & -3.91 & -19.03 & -7.64 & -4.27 & -8.70 & -16.37 & -19.13 & -5.23 & -13.36 & -3.86 & -6.48 & -12.87 & -13.50 & -15.04 & -4.59 & -5.67 & -10.57 & -15.76 &  -9.28 & -4.26 & -5.62 & -5.39 & -11.22 & -5.94 & -19.50 & -7.15 & -11.94 & -18.06 & -9.58 & -6.66 & -5.90 & -25.25 & -3.84 & -4.14 & -10.10 & -15.52 & -19.01 & -4.52 & -5.50 & -5.53 & -5.47 \\
c29         & -3.91 & -18.62 & -7.57 & -4.36 & -8.67 & -15.73 & -18.47 & -5.26 & -13.41 & -3.86 & -6.51 & -13.16 & -13.10 & -14.74 & -4.37 & -5.67 &  -9.77 & -15.66 &  -9.71 & -4.25 & -5.56 & -5.73 & -11.75 & -5.95 & -19.65 & -7.02 & -12.40 & -17.99 & -9.70 & -6.03 & -5.88 & -25.18 & -3.95 & -4.12 &  -9.95 & -15.44 & -19.02 & -4.44 & -5.51 & -5.53 & -5.47 \\
c30         & -3.92 & -18.73 & -7.39 & -4.37 & -8.51 & -15.95 & -18.05 & -5.18 & -13.40 & -3.88 & -6.54 & -13.48 & -13.14 & -14.35 & -4.53 & -5.32 & -10.64 & -15.64 & -10.11 & -4.35 & -5.58 & -5.57 & -11.35 & -5.95 & -19.58 & -7.24 & -12.44 & -18.06 & -9.44 & -6.65 & -5.34 & -25.20 & -3.98 & -4.13 & -10.09 & -15.58 & -18.99 & -4.52 & -5.50 & -5.53 & -5.47 \\
c31         & -3.91 & -18.79 & -7.72 & -4.21 & -8.74 & -15.27 & -18.30 & -4.87 & -13.15 & -3.76 & -6.42 & -13.48 & -13.75 & -14.92 & -4.57 & -5.52 & -10.58 & -15.80 & -10.01 & -4.30 & -5.50 & -5.85 & -11.80 & -5.95 & -19.64 & -7.22 & -12.37 & -17.83 & -9.82 & -6.65 & -6.04 & -25.20 & -3.92 & -4.17 &  -9.95 & -15.60 & -19.01 & -4.54 & -5.38 & -5.53 & -5.47 \\
c32         & -3.95 & -18.78 & -7.49 & -4.18 & -8.39 & -15.85 & -18.61 & -5.27 & -13.35 & -3.95 & -6.48 & -13.31 & -13.60 & -15.33 & -4.56 & -5.62 &  -9.83 & -15.70 &  -9.78 & -4.28 & -5.77 & -5.92 & -11.65 & -5.95 & -19.15 & -7.17 & -12.39 & -18.06 & -9.72 & -6.68 & -5.18 & -25.20 & -3.90 & -4.17 & -10.08 & -15.63 & -19.11 & -4.54 & -5.28 & -5.53 & -5.47 \\
c33         & -3.91 & -18.90 & -7.33 & -4.28 & -8.72 & -15.30 & -18.46 & -5.10 & -13.37 & -3.71 & -6.50 & -13.65 & -12.91 & -15.05 & -4.58 & -5.78 & -10.61 & -15.76 &  -9.67 & -4.28 & -5.80 & -5.38 & -11.50 & -5.94 & -19.31 & -7.25 & -12.37 & -18.00 & -9.70 & -6.58 & -5.52 & -25.20 & -3.97 & -4.17 & -10.01 & -15.59 & -19.05 & -4.35 & -5.26 & -5.53 & -5.47 \\
c34         & -3.95 & -18.40 & -7.56 & -4.40 & -8.67 & -15.74 & -19.07 & -5.30 & -13.39 & -3.80 & -6.55 & -12.86 & -13.70 & -15.04 & -4.54 & -5.26 & -10.44 & -15.38 & -10.14 & -4.26 & -5.79 & -5.61 & -11.70 & -5.89 & -19.59 & -7.24 & -12.41 & -17.70 & -9.72 & -6.75 & -6.22 & -25.20 & -3.98 & -4.14 &  -9.98 & -15.61 & -19.07 & -4.54 & -5.51 & -5.53 & -5.47 \\
c35         & -3.95 & -18.71 & -7.64 & -4.24 & -8.51 & -15.77 & -18.98 & -4.80 & -13.41 & -3.82 & -6.61 & -14.05 & -13.41 & -14.66 & -4.68 & -5.77 & -10.75 & -15.50 &  -9.93 & -4.36 & -5.87 & -5.70 & -11.57 & -5.95 & -19.61 & -7.13 & -12.38 & -18.06 & -9.84 & -6.68 & -7.18 & -25.18 & -3.96 & -4.17 & -10.08 & -15.38 & -18.96 & -4.52 & -5.36 & -5.53 & -5.47 \\
c36         & -3.91 & -18.59 & -7.67 & -4.33 & -8.26 & -15.45 & -18.78 & -5.34 & -13.36 & -3.74 & -6.65 & -13.65 & -13.33 & -15.00 & -4.45 & -5.40 & -10.79 & -16.14 &  -9.60 & -4.34 & -5.64 & -5.64 & -11.79 & -5.93 & -19.57 & -7.27 & -12.39 & -18.05 & -9.80 & -6.63 & -5.07 & -25.20 & -3.92 & -4.17 & -10.09 & -15.38 & -19.01 & -4.59 & -5.38 & -5.53 & -5.47 \\
c37         & -3.88 & -18.45 & -7.65 & -4.36 & -8.72 & -16.11 & -19.03 & -5.15 & -13.39 & -3.83 & -6.70 & -14.04 & -13.49 & -14.56 & -4.52 & -5.65 & -10.84 & -15.91 &  -9.85 & -4.22 & -5.63 & -5.54 & -11.67 & -5.87 & -19.53 & -7.23 & -12.40 & -18.03 & -9.44 & -6.58 & -5.73 & -25.21 & -3.77 & -4.10 & -10.09 & -15.52 & -19.00 & -4.46 & -5.48 & -5.53 & -5.47 \\
c38         & -3.91 & -18.53 & -7.40 & -4.43 & -9.01 & -16.13 & -18.67 & -5.30 & -13.24 & -3.69 & -6.62 & -13.70 & -13.52 & -14.97 & -4.39 & -5.54 & -10.68 & -15.88 & -10.07 & -4.28 & -5.60 & -5.68 & -11.54 & -5.94 & -19.27 & -7.24 & -12.40 & -18.05 & -9.73 & -6.66 & -5.76 & -25.21 & -3.97 & -4.02 & -10.09 & -14.65 & -19.01 & -4.59 & -5.50 & -5.53 & -5.47 \\
c39         & -3.92 & -18.85 & -7.58 & -4.30 & -8.90 & -16.00 & -18.60 & -5.01 & -13.42 & -3.82 & -6.61 & -13.65 & -13.39 & -15.13 & -4.52 & -5.73 & -10.63 & -15.94 &  -9.82 & -4.22 & -5.57 & -5.37 & -11.55 & -5.93 & -19.37 & -7.08 & -12.40 & -18.06 & -9.85 & -6.75 & -7.14 & -25.21 & -3.89 & -4.03 & -10.11 & -15.38 & -19.10 & -4.46 & -5.48 & -5.53 &  0.00 \\
c40         & -3.91 & -18.66 & -7.92 & -4.29 & -8.64 & -15.92 & -17.83 & -5.37 & -13.41 & -3.88 & -6.37 & -13.93 & -13.09 & -13.91 & -4.47 & -5.67 & -10.20 & -15.53 &  -9.95 & -4.39 & -5.68 & -5.82 & -11.66 & -5.74 & -19.38 & -7.22 & -12.42 & -18.05 & -9.67 & -6.75 & -5.61 & -25.21 & -3.90 & -4.02 & -10.11 & -15.37 & -19.05 & -4.35 & -5.46 &  0.00 &  0.00 \\
\bottomrule
\end{tabular}

                               0             1   ...            39            40
new_cluster  [-0.16, new_cluster]   [-15.0, c1]  ...  [-5.53, c39]  [-5.47, c40]
c1           [-0.16, new_cluster]  [-15.53, c1]  ...  [-5.53, c39]  [-5.47, c40]
c2           [-0.16, new_cluster]  [-14.49, c1]  ...  [-5.53, c39]  [-5.47, c40]
c3           [-0.16, new_cluster]   [-15.1, c1]  ...  [-5.53, c39]  [-5.47, c40]
c4           [-0.16, new_cluster]  [-14.73, c1]  ...  [-5.53, c39]  [-5.47, c40]
c5           [-0.16, new_cluster]  [-14.59, c1]  ...  [-5.53, c39]  [-5.47, c40]
c6           [-0.16, new_cluster]  [-14.98, c1]  ...  [-5.53, c39]  [-5.47, c40]
c7           [-0.16, new_cluster]  [-15.14, c1]  ...  [-5.53, c39]  [-5.47, c40]
c8           [-0.16, new_cluster]  [-14.92, c1]  ...  [-5.53, c39]  [-5.47, c40]
c9           [-0.16, new_cluster]  [-15.29, c1]  ...  [-5.53, c39]  [-5.47, c40]
c10          [-0.16, new_cluster]  [-15.04, c1]  ...  [-5.53, c39]  [-5.47, c40]
c11          [-0.16, new_cluster]  [-14.99, c1]  ...  [-5.53, c39]  [-5.47, c40]
c12          [-0.16, new_cluster]  [-15.14, c1]  ...  [-5.53, c39]  [-5.47, c40]
c13          [-0.16, new_cluster]  [-14.93, c1]  ...  [-5.53, c39]  [-5.47, c40]
c14          [-0.16, new_cluster]   [-14.9, c1]  ...  [-5.53, c39]  [-5.47, c40]
c15          [-0.16, new_cluster]  [-14.57, c1]  ...  [-5.53, c39]  [-5.47, c40]
c16          [-0.16, new_cluster]  [-14.44, c1]  ...  [-5.53, c39]  [-5.47, c40]
c17          [-0.16, new_cluster]  [-15.52, c1]  ...  [-5.53, c39]  [-5.47, c40]
c18          [-0.16, new_cluster]  [-14.54, c1]  ...  [-5.53, c39]  [-5.47, c40]
c19          [-0.16, new_cluster]  [-14.91, c1]  ...  [-5.53, c39]  [-5.47, c40]
c20          [-0.16, new_cluster]  [-15.38, c1]  ...  [-5.53, c39]  [-5.47, c40]
c21          [-0.16, new_cluster]  [-15.19, c1]  ...  [-5.53, c39]  [-5.47, c40]
c22          [-0.16, new_cluster]  [-15.33, c1]  ...  [-5.53, c39]  [-5.47, c40]
c23          [-0.16, new_cluster]  [-15.05, c1]  ...  [-5.53, c39]  [-5.47, c40]
c24          [-0.16, new_cluster]  [-15.03, c1]  ...  [-5.53, c39]  [-5.47, c40]
c25          [-0.16, new_cluster]  [-15.01, c1]  ...  [-5.53, c39]  [-5.47, c40]
c26          [-0.16, new_cluster]  [-14.91, c1]  ...  [-5.53, c39]  [-5.47, c40]
c27          [-0.16, new_cluster]  [-14.56, c1]  ...  [-5.53, c39]  [-5.47, c40]
c28          [-0.16, new_cluster]  [-15.31, c1]  ...  [-5.53, c39]  [-5.47, c40]
c29          [-0.16, new_cluster]  [-14.91, c1]  ...  [-5.53, c39]  [-5.47, c40]
c30          [-0.16, new_cluster]  [-14.98, c1]  ...  [-5.53, c39]  [-5.47, c40]
c31          [-0.16, new_cluster]  [-15.24, c1]  ...  [-5.53, c39]  [-5.47, c40]
c32          [-0.16, new_cluster]  [-15.02, c1]  ...  [-5.53, c39]  [-5.47, c40]
c33          [-0.16, new_cluster]  [-15.16, c1]  ...  [-5.53, c39]  [-5.47, c40]
c34          [-0.16, new_cluster]  [-14.64, c1]  ...  [-5.53, c39]  [-5.47, c40]
c35          [-0.16, new_cluster]  [-14.96, c1]  ...  [-5.53, c39]  [-5.47, c40]
c36          [-0.16, new_cluster]  [-14.82, c1]  ...  [-5.53, c39]  [-5.47, c40]
c37          [-0.16, new_cluster]  [-14.69, c1]  ...  [-5.53, c39]  [-5.47, c40]
c38          [-0.16, new_cluster]  [-14.87, c1]  ...  [-5.53, c39]  [-5.47, c40]
c39          [-0.16, new_cluster]  [-15.09, c1]  ...  [-5.53, c39]         [0, ]
c40          [-0.16, new_cluster]  [-14.95, c1]  ...         [0, ]         [0, ]

[41 rows x 41 columns]
\begin{tabular}{llllllllllllllllllllllllllllllllllllllllll}
\toprule
{} &                    0  &            1  &           2  &           3  &           4  &            5  &            6  &           7  &           8  &           9  &            10 &             11 &             12 &             13 &            14 &            15 &            16 &             17 &            18 &            19 &            20 &            21 &            22 &            23 &             24 &            25 &            26 &             27 &            28 &            29 &            30 &             31 &            32 &            33 &            34 &             35 &             36 &            37 &            38 &            39 &            40 \\
\midrule
new\_cluster &  [-0.16, new\_cluster] &   [-15.0, c1] &  [-3.68, c2] &  [-0.77, c3] &  [-5.33, c4] &  [-12.21, c5] &   [-15.1, c6] &  [-1.58, c7] &  [-9.77, c8] &  [-0.12, c9] &  [-3.02, c10] &   [-9.77, c11] &   [-9.46, c12] &  [-11.15, c13] &  [-0.72, c14] &  [-1.95, c15] &  [-7.16, c16] &  [-12.09, c17] &  [-6.38, c18] &  [-0.56, c19] &  [-2.17, c20] &  [-1.94, c21] &  [-7.86, c22] &  [-2.25, c23] &  [-15.94, c24] &  [-3.52, c25] &  [-8.72, c26] &  [-14.37, c27] &  [-6.12, c28] &  [-3.02, c29] &  [-2.35, c30] &  [-21.61, c31] &  [-0.19, c32] &  [-0.58, c33] &  [-6.41, c34] &  [-11.94, c35] &  [-15.38, c36] &  [-0.96, c37] &  [-1.93, c38] &  [-5.53, c39] &  [-5.47, c40] \\
c1          &  [-0.16, new\_cluster] &  [-15.53, c1] &  [-3.75, c2] &  [-0.76, c3] &  [-4.67, c4] &  [-12.25, c5] &  [-14.64, c6] &  [-1.45, c7] &  [-9.74, c8] &  [-0.13, c9] &  [-3.02, c10] &   [-9.88, c11] &   [-9.65, c12] &  [-11.27, c13] &   [-0.8, c14] &  [-1.94, c15] &  [-6.82, c16] &  [-11.86, c17] &  [-5.98, c18] &  [-0.52, c19] &  [-2.05, c20] &  [-2.01, c21] &  [-8.07, c22] &  [-2.25, c23] &  [-15.94, c24] &  [-3.52, c25] &  [-8.72, c26] &  [-14.37, c27] &   [-5.7, c28] &  [-3.02, c29] &  [-3.15, c30] &  [-21.61, c31] &  [-0.19, c32] &  [-0.58, c33] &  [-6.41, c34] &  [-11.94, c35] &  [-15.38, c36] &  [-0.96, c37] &  [-1.93, c38] &  [-5.53, c39] &  [-5.47, c40] \\
c2          &  [-0.16, new\_cluster] &  [-14.49, c1] &  [-3.63, c2] &  [-0.73, c3] &  [-5.01, c4] &  [-12.34, c5] &  [-15.11, c6] &  [-1.48, c7] &  [-9.77, c8] &  [-0.17, c9] &  [-3.14, c10] &   [-9.85, c11] &   [-9.73, c12] &  [-11.28, c13] &  [-0.77, c14] &  [-1.94, c15] &   [-6.9, c16] &  [-11.69, c17] &  [-6.04, c18] &  [-0.51, c19] &  [-1.95, c20] &  [-2.66, c21] &  [-7.95, c22] &  [-2.25, c23] &  [-15.94, c24] &  [-3.52, c25] &  [-8.72, c26] &  [-14.37, c27] &  [-6.16, c28] &  [-3.02, c29] &  [-2.92, c30] &  [-21.61, c31] &  [-0.19, c32] &  [-0.58, c33] &  [-6.41, c34] &  [-11.94, c35] &  [-15.38, c36] &  [-0.96, c37] &  [-1.93, c38] &  [-5.53, c39] &  [-5.47, c40] \\
c3          &  [-0.16, new\_cluster] &   [-15.1, c1] &  [-3.85, c2] &  [-0.79, c3] &  [-5.18, c4] &  [-12.46, c5] &  [-14.75, c6] &  [-1.53, c7] &  [-9.71, c8] &  [-0.12, c9] &  [-3.19, c10] &   [-9.91, c11] &   [-9.67, c12] &  [-11.03, c13] &  [-0.76, c14] &  [-1.82, c15] &  [-6.84, c16] &  [-12.32, c17] &   [-6.3, c18] &  [-0.58, c19] &  [-2.08, c20] &  [-2.04, c21] &  [-7.63, c22] &  [-2.25, c23] &  [-15.94, c24] &  [-3.52, c25] &  [-8.72, c26] &  [-14.37, c27] &  [-5.87, c28] &  [-3.02, c29] &  [-4.02, c30] &  [-21.61, c31] &  [-0.19, c32] &  [-0.58, c33] &  [-6.41, c34] &  [-11.94, c35] &  [-15.38, c36] &  [-0.96, c37] &  [-1.93, c38] &  [-5.53, c39] &  [-5.47, c40] \\
c4          &  [-0.16, new\_cluster] &  [-14.73, c1] &  [-3.91, c2] &  [-0.64, c3] &  [-5.06, c4] &  [-12.47, c5] &  [-15.36, c6] &  [-1.47, c7] &  [-9.73, c8] &  [-0.09, c9] &  [-3.14, c10] &   [-9.94, c11] &   [-9.67, c12] &   [-10.9, c13] &  [-0.83, c14] &  [-1.99, c15] &  [-7.04, c16] &  [-11.98, c17] &  [-6.33, c18] &  [-0.51, c19] &  [-2.14, c20] &   [-2.0, c21] &  [-8.05, c22] &  [-2.25, c23] &  [-15.94, c24] &  [-3.52, c25] &  [-8.72, c26] &  [-14.37, c27] &  [-6.14, c28] &  [-3.02, c29] &  [-1.84, c30] &  [-21.61, c31] &  [-0.19, c32] &  [-0.58, c33] &  [-6.41, c34] &  [-11.94, c35] &  [-15.38, c36] &  [-0.96, c37] &  [-1.93, c38] &  [-5.53, c39] &  [-5.47, c40] \\
c5          &  [-0.16, new\_cluster] &  [-14.59, c1] &  [-3.76, c2] &  [-0.71, c3] &  [-4.76, c4] &  [-12.48, c5] &  [-14.79, c6] &  [-1.56, c7] &  [-9.77, c8] &  [-0.13, c9] &  [-3.29, c10] &   [-9.88, c11] &    [-9.6, c12] &  [-11.16, c13] &  [-0.85, c14] &  [-1.86, c15] &  [-6.66, c16] &  [-12.21, c17] &  [-6.53, c18] &  [-0.52, c19] &  [-2.01, c20] &  [-1.74, c21] &  [-7.92, c22] &  [-2.25, c23] &  [-15.94, c24] &  [-3.52, c25] &  [-8.72, c26] &  [-14.37, c27] &  [-6.07, c28] &  [-3.02, c29] &  [-2.69, c30] &  [-21.61, c31] &  [-0.19, c32] &  [-0.58, c33] &  [-6.41, c34] &  [-11.94, c35] &  [-15.38, c36] &  [-0.96, c37] &  [-1.93, c38] &  [-5.53, c39] &  [-5.47, c40] \\
c6          &  [-0.16, new\_cluster] &  [-14.98, c1] &  [-3.74, c2] &  [-0.79, c3] &  [-5.16, c4] &  [-12.39, c5] &  [-15.11, c6] &  [-1.56, c7] &  [-9.75, c8] &   [-0.1, c9] &  [-3.16, c10] &  [-10.06, c11] &   [-9.71, c12] &  [-11.34, c13] &  [-0.77, c14] &  [-1.88, c15] &  [-7.21, c16] &  [-11.93, c17] &  [-6.23, c18] &  [-0.49, c19] &  [-1.97, c20] &  [-2.18, c21] &  [-7.94, c22] &  [-2.25, c23] &  [-15.94, c24] &  [-3.52, c25] &  [-8.72, c26] &  [-14.37, c27] &  [-6.24, c28] &  [-3.02, c29] &  [-2.81, c30] &  [-21.61, c31] &  [-0.19, c32] &  [-0.58, c33] &  [-6.41, c34] &  [-11.94, c35] &  [-15.38, c36] &  [-0.96, c37] &  [-1.93, c38] &  [-5.53, c39] &  [-5.47, c40] \\
c7          &  [-0.16, new\_cluster] &  [-15.14, c1] &  [-3.78, c2] &  [-0.69, c3] &  [-4.81, c4] &  [-12.08, c5] &  [-14.45, c6] &  [-1.46, c7] &  [-9.73, c8] &  [-0.12, c9] &  [-3.04, c10] &  [-10.23, c11] &   [-9.58, c12] &  [-11.09, c13] &  [-0.79, c14] &  [-1.91, c15] &  [-6.82, c16] &  [-12.17, c17] &  [-6.42, c18] &  [-0.51, c19] &  [-2.28, c20] &   [-1.8, c21] &  [-7.74, c22] &  [-2.25, c23] &  [-15.94, c24] &  [-3.52, c25] &  [-8.72, c26] &  [-14.37, c27] &  [-6.08, c28] &  [-3.02, c29] &  [-2.82, c30] &  [-21.61, c31] &  [-0.19, c32] &  [-0.58, c33] &  [-6.41, c34] &  [-11.94, c35] &  [-15.38, c36] &  [-0.96, c37] &  [-1.93, c38] &  [-5.53, c39] &  [-5.47, c40] \\
c8          &  [-0.16, new\_cluster] &  [-14.92, c1] &  [-3.94, c2] &  [-0.68, c3] &  [-5.18, c4] &  [-12.76, c5] &  [-14.25, c6] &  [-1.52, c7] &  [-9.78, c8] &  [-0.11, c9] &  [-3.24, c10] &   [-9.81, c11] &   [-9.42, c12] &  [-11.06, c13] &  [-0.73, c14] &   [-1.8, c15] &  [-6.66, c16] &  [-12.12, c17] &  [-6.35, c18] &  [-0.58, c19] &   [-2.1, c20] &  [-1.94, c21] &  [-7.87, c22] &  [-2.25, c23] &  [-15.94, c24] &  [-3.52, c25] &  [-8.72, c26] &  [-14.37, c27] &  [-6.21, c28] &  [-3.02, c29] &  [-6.04, c30] &  [-21.61, c31] &  [-0.19, c32] &  [-0.58, c33] &  [-6.41, c34] &  [-11.94, c35] &  [-15.38, c36] &  [-0.96, c37] &  [-1.93, c38] &  [-5.53, c39] &  [-5.47, c40] \\
c9          &  [-0.16, new\_cluster] &  [-15.29, c1] &  [-3.68, c2] &  [-0.82, c3] &  [-4.68, c4] &  [-12.21, c5] &  [-15.15, c6] &   [-1.5, c7] &  [-9.71, c8] &  [-0.09, c9] &  [-3.02, c10] &   [-10.1, c11] &   [-9.53, c12] &  [-11.11, c13] &  [-0.87, c14] &  [-1.98, c15] &  [-6.65, c16] &  [-12.25, c17] &   [-6.4, c18] &  [-0.59, c19] &  [-2.09, c20] &   [-2.1, c21] &  [-7.84, c22] &  [-2.25, c23] &  [-15.94, c24] &  [-3.52, c25] &  [-8.72, c26] &  [-14.37, c27] &  [-6.07, c28] &  [-3.02, c29] &  [-1.39, c30] &  [-21.61, c31] &  [-0.19, c32] &  [-0.58, c33] &  [-6.41, c34] &  [-11.94, c35] &  [-15.38, c36] &  [-0.96, c37] &  [-1.93, c38] &  [-5.53, c39] &  [-5.47, c40] \\
c10         &  [-0.16, new\_cluster] &  [-15.04, c1] &   [-3.7, c2] &  [-0.61, c3] &  [-5.31, c4] &  [-12.56, c5] &  [-15.23, c6] &  [-1.49, c7] &  [-9.68, c8] &  [-0.12, c9] &  [-3.15, c10] &   [-9.98, c11] &   [-9.79, c12] &  [-11.32, c13] &  [-0.72, c14] &  [-1.81, c15] &  [-6.97, c16] &  [-12.09, c17] &  [-6.37, c18] &  [-0.54, c19] &  [-2.01, c20] &  [-2.15, c21] &  [-7.82, c22] &  [-2.25, c23] &  [-15.94, c24] &  [-3.52, c25] &  [-8.72, c26] &  [-14.37, c27] &  [-6.02, c28] &  [-3.02, c29] &  [-1.96, c30] &  [-21.61, c31] &  [-0.19, c32] &  [-0.58, c33] &  [-6.41, c34] &  [-11.94, c35] &  [-15.38, c36] &  [-0.96, c37] &  [-1.93, c38] &  [-5.53, c39] &  [-5.47, c40] \\
c11         &  [-0.16, new\_cluster] &  [-14.99, c1] &  [-3.77, c2] &  [-0.64, c3] &  [-4.59, c4] &  [-12.46, c5] &  [-14.86, c6] &  [-1.49, c7] &  [-9.84, c8] &   [-0.1, c9] &  [-3.11, c10] &   [-9.87, c11] &    [-9.7, c12] &  [-11.17, c13] &   [-0.8, c14] &  [-1.87, c15] &  [-7.12, c16] &  [-12.18, c17] &  [-6.13, c18] &  [-0.55, c19] &  [-2.01, c20] &  [-1.63, c21] &  [-7.95, c22] &  [-2.25, c23] &  [-15.94, c24] &  [-3.52, c25] &  [-8.72, c26] &  [-14.37, c27] &  [-5.77, c28] &  [-3.02, c29] &  [-1.59, c30] &  [-21.61, c31] &  [-0.19, c32] &  [-0.58, c33] &  [-6.41, c34] &  [-11.94, c35] &  [-15.38, c36] &  [-0.96, c37] &  [-1.93, c38] &  [-5.53, c39] &  [-5.47, c40] \\
c12         &  [-0.16, new\_cluster] &  [-15.14, c1] &  [-3.92, c2] &  [-0.76, c3] &  [-5.09, c4] &  [-12.38, c5] &  [-14.51, c6] &  [-1.56, c7] &  [-9.74, c8] &  [-0.14, c9] &  [-3.15, c10] &   [-9.39, c11] &   [-9.62, c12] &  [-11.63, c13] &   [-0.8, c14] &  [-1.83, c15] &  [-6.71, c16] &  [-11.88, c17] &  [-6.32, c18] &  [-0.59, c19] &  [-1.99, c20] &  [-2.13, c21] &  [-7.92, c22] &  [-2.25, c23] &  [-15.94, c24] &  [-3.52, c25] &  [-8.72, c26] &  [-14.37, c27] &  [-5.95, c28] &  [-3.02, c29] &  [-1.96, c30] &  [-21.61, c31] &  [-0.19, c32] &  [-0.58, c33] &  [-6.41, c34] &  [-11.94, c35] &  [-15.38, c36] &  [-0.96, c37] &  [-1.93, c38] &  [-5.53, c39] &  [-5.47, c40] \\
c13         &  [-0.16, new\_cluster] &  [-14.93, c1] &  [-3.69, c2] &  [-0.68, c3] &  [-4.96, c4] &  [-12.39, c5] &  [-14.88, c6] &  [-1.49, c7] &  [-9.76, c8] &  [-0.12, c9] &  [-3.19, c10] &   [-9.56, c11] &  [-10.03, c12] &  [-11.66, c13] &  [-0.89, c14] &  [-1.95, c15] &  [-7.09, c16] &  [-12.47, c17] &  [-6.39, c18] &  [-0.59, c19] &  [-2.01, c20] &  [-1.99, c21] &  [-7.81, c22] &  [-2.25, c23] &  [-15.94, c24] &  [-3.52, c25] &  [-8.72, c26] &  [-14.37, c27] &  [-6.38, c28] &  [-3.02, c29] &  [-2.25, c30] &  [-21.61, c31] &  [-0.19, c32] &  [-0.58, c33] &  [-6.41, c34] &  [-11.94, c35] &  [-15.38, c36] &  [-0.96, c37] &  [-1.93, c38] &  [-5.53, c39] &  [-5.47, c40] \\
c14         &  [-0.16, new\_cluster] &   [-14.9, c1] &  [-3.87, c2] &  [-0.71, c3] &  [-4.81, c4] &  [-12.14, c5] &   [-14.6, c6] &  [-1.53, c7] &  [-9.68, c8] &  [-0.11, c9] &  [-3.06, c10] &   [-9.65, c11] &   [-9.73, c12] &  [-11.18, c13] &  [-0.79, c14] &  [-1.86, c15] &  [-6.95, c16] &  [-11.98, c17] &  [-6.12, c18] &  [-0.58, c19] &  [-2.01, c20] &  [-1.83, c21] &  [-7.78, c22] &  [-2.25, c23] &  [-15.94, c24] &  [-3.52, c25] &  [-8.72, c26] &  [-14.37, c27] &  [-6.13, c28] &  [-3.02, c29] &  [-2.35, c30] &  [-21.61, c31] &  [-0.19, c32] &  [-0.58, c33] &  [-6.41, c34] &  [-11.94, c35] &  [-15.38, c36] &  [-0.96, c37] &  [-1.93, c38] &  [-5.53, c39] &  [-5.47, c40] \\
c15         &  [-0.16, new\_cluster] &  [-14.57, c1] &  [-3.84, c2] &  [-0.79, c3] &  [-5.15, c4] &  [-12.07, c5] &   [-14.3, c6] &  [-1.49, c7] &  [-9.81, c8] &  [-0.12, c9] &  [-3.04, c10] &  [-10.14, c11] &   [-9.46, c12] &  [-11.02, c13] &   [-0.8, c14] &  [-1.74, c15] &  [-6.87, c16] &  [-12.39, c17] &  [-6.38, c18] &  [-0.49, c19] &   [-2.1, c20] &  [-1.85, c21] &  [-7.67, c22] &  [-2.25, c23] &  [-15.94, c24] &  [-3.52, c25] &  [-8.72, c26] &  [-14.37, c27] &  [-5.98, c28] &  [-3.02, c29] &  [-1.86, c30] &  [-21.61, c31] &  [-0.19, c32] &  [-0.58, c33] &  [-6.41, c34] &  [-11.94, c35] &  [-15.38, c36] &  [-0.96, c37] &  [-1.93, c38] &  [-5.53, c39] &  [-5.47, c40] \\
c16         &  [-0.16, new\_cluster] &  [-14.44, c1] &  [-3.84, c2] &  [-0.76, c3] &  [-4.93, c4] &  [-12.35, c5] &  [-15.12, c6] &   [-1.6, c7] &  [-9.74, c8] &  [-0.11, c9] &  [-3.19, c10] &    [-9.9, c11] &   [-9.84, c12] &  [-11.48, c13] &  [-0.84, c14] &  [-1.87, c15] &  [-6.43, c16] &  [-12.03, c17] &  [-6.21, c18] &  [-0.49, c19] &  [-1.77, c20] &  [-2.09, c21] &  [-7.85, c22] &  [-2.25, c23] &  [-15.94, c24] &  [-3.52, c25] &  [-8.72, c26] &  [-14.37, c27] &  [-6.08, c28] &  [-3.02, c29] &  [-4.36, c30] &  [-21.61, c31] &  [-0.19, c32] &  [-0.58, c33] &  [-6.41, c34] &  [-11.94, c35] &  [-15.38, c36] &  [-0.96, c37] &  [-1.93, c38] &  [-5.53, c39] &  [-5.47, c40] \\
c17         &  [-0.16, new\_cluster] &  [-15.52, c1] &  [-3.94, c2] &  [-0.71, c3] &  [-5.02, c4] &   [-12.4, c5] &  [-15.28, c6] &  [-1.51, c7] &  [-9.72, c8] &  [-0.12, c9] &   [-2.9, c10] &  [-10.02, c11] &   [-9.57, c12] &  [-11.55, c13] &  [-0.89, c14] &  [-1.88, c15] &  [-6.85, c16] &  [-11.89, c17] &  [-6.31, c18] &  [-0.56, c19] &  [-1.87, c20] &  [-2.07, c21] &  [-8.05, c22] &  [-2.25, c23] &  [-15.94, c24] &  [-3.52, c25] &  [-8.72, c26] &  [-14.37, c27] &  [-6.05, c28] &  [-3.02, c29] &  [-4.02, c30] &  [-21.61, c31] &  [-0.19, c32] &  [-0.58, c33] &  [-6.41, c34] &  [-11.94, c35] &  [-15.38, c36] &  [-0.96, c37] &  [-1.93, c38] &  [-5.53, c39] &  [-5.47, c40] \\
c18         &  [-0.16, new\_cluster] &  [-14.54, c1] &  [-3.94, c2] &   [-0.6, c3] &  [-4.99, c4] &  [-12.33, c5] &  [-14.81, c6] &  [-1.49, c7] &  [-9.79, c8] &   [-0.1, c9] &  [-3.26, c10] &    [-9.7, c11] &  [-10.02, c12] &  [-11.39, c13] &  [-0.78, c14] &  [-1.88, c15] &  [-6.75, c16] &  [-11.91, c17] &   [-6.1, c18] &  [-0.51, c19] &  [-1.91, c20] &  [-2.13, c21] &  [-7.93, c22] &  [-2.25, c23] &  [-15.94, c24] &  [-3.52, c25] &  [-8.72, c26] &  [-14.37, c27] &  [-6.12, c28] &  [-3.02, c29] &  [-1.27, c30] &  [-21.61, c31] &  [-0.19, c32] &  [-0.58, c33] &  [-6.41, c34] &  [-11.94, c35] &  [-15.38, c36] &  [-0.96, c37] &  [-1.93, c38] &  [-5.53, c39] &  [-5.47, c40] \\
c19         &  [-0.16, new\_cluster] &  [-14.91, c1] &  [-4.06, c2] &  [-0.81, c3] &  [-5.18, c4] &  [-12.48, c5] &  [-16.01, c6] &  [-1.53, c7] &  [-9.71, c8] &   [-0.1, c9] &  [-3.09, c10] &   [-9.85, c11] &   [-9.92, c12] &  [-11.11, c13] &  [-0.83, c14] &  [-1.83, c15] &  [-6.94, c16] &  [-12.31, c17] &  [-6.28, c18] &  [-0.55, c19] &   [-2.0, c20] &  [-1.94, c21] &   [-8.1, c22] &  [-2.25, c23] &  [-15.94, c24] &  [-3.52, c25] &  [-8.72, c26] &  [-14.37, c27] &   [-6.0, c28] &  [-3.02, c29] &  [-1.86, c30] &  [-21.61, c31] &  [-0.19, c32] &  [-0.58, c33] &  [-6.41, c34] &  [-11.94, c35] &  [-15.38, c36] &  [-0.96, c37] &  [-1.93, c38] &  [-5.53, c39] &  [-5.47, c40] \\
c20         &  [-0.16, new\_cluster] &  [-15.38, c1] &  [-3.75, c2] &  [-0.73, c3] &  [-5.08, c4] &  [-12.19, c5] &  [-15.07, c6] &  [-1.53, c7] &  [-9.63, c8] &  [-0.13, c9] &  [-3.25, c10] &   [-9.56, c11] &   [-9.41, c12] &  [-11.43, c13] &  [-0.81, c14] &  [-1.87, c15] &  [-7.16, c16] &  [-12.08, c17] &  [-6.22, c18] &  [-0.53, c19] &  [-2.19, c20] &  [-1.93, c21] &  [-7.87, c22] &  [-2.25, c23] &  [-15.94, c24] &  [-3.52, c25] &  [-8.72, c26] &  [-14.37, c27] &  [-5.88, c28] &  [-3.02, c29] &  [-2.35, c30] &  [-21.61, c31] &  [-0.19, c32] &  [-0.58, c33] &  [-6.41, c34] &  [-11.94, c35] &  [-15.38, c36] &  [-0.96, c37] &  [-1.93, c38] &  [-5.53, c39] &  [-5.47, c40] \\
c21         &  [-0.16, new\_cluster] &  [-15.19, c1] &  [-3.84, c2] &  [-0.72, c3] &  [-5.05, c4] &  [-12.23, c5] &  [-15.06, c6] &  [-1.59, c7] &   [-9.7, c8] &  [-0.13, c9] &  [-3.14, c10] &   [-9.71, c11] &   [-9.66, c12] &  [-10.98, c13] &  [-0.74, c14] &  [-1.86, c15] &   [-6.9, c16] &  [-11.99, c17] &  [-5.75, c18] &  [-0.51, c19] &  [-1.95, c20] &  [-1.96, c21] &  [-7.62, c22] &  [-2.25, c23] &  [-15.94, c24] &  [-3.52, c25] &  [-8.72, c26] &  [-14.37, c27] &  [-6.01, c28] &  [-3.02, c29] &  [-2.69, c30] &  [-21.61, c31] &  [-0.19, c32] &  [-0.58, c33] &  [-6.41, c34] &  [-11.94, c35] &  [-15.38, c36] &  [-0.96, c37] &  [-1.93, c38] &  [-5.53, c39] &  [-5.47, c40] \\
c22         &  [-0.16, new\_cluster] &  [-15.33, c1] &  [-3.78, c2] &  [-0.79, c3] &  [-4.73, c4] &  [-12.48, c5] &  [-15.11, c6] &  [-1.61, c7] &  [-9.67, c8] &  [-0.14, c9] &  [-2.97, c10] &   [-9.91, c11] &   [-9.64, c12] &  [-11.36, c13] &   [-0.8, c14] &  [-1.86, c15] &  [-6.93, c16] &  [-12.32, c17] &  [-6.16, c18] &  [-0.49, c19] &  [-2.13, c20] &  [-1.82, c21] &   [-7.9, c22] &  [-2.25, c23] &  [-15.94, c24] &  [-3.52, c25] &  [-8.72, c26] &  [-14.37, c27] &  [-6.13, c28] &  [-3.02, c29] &  [-2.18, c30] &  [-21.61, c31] &  [-0.19, c32] &  [-0.58, c33] &  [-6.41, c34] &  [-11.94, c35] &  [-15.38, c36] &  [-0.96, c37] &  [-1.93, c38] &  [-5.53, c39] &  [-5.47, c40] \\
c23         &  [-0.16, new\_cluster] &  [-15.05, c1] &   [-3.8, c2] &  [-0.71, c3] &  [-5.22, c4] &   [-12.4, c5] &  [-14.94, c6] &   [-1.6, c7] &  [-9.64, c8] &  [-0.12, c9] &  [-3.06, c10] &   [-9.95, c11] &   [-9.61, c12] &  [-11.07, c13] &  [-0.81, c14] &  [-1.92, c15] &  [-6.54, c16] &  [-12.18, c17] &  [-6.28, c18] &  [-0.62, c19] &  [-1.99, c20] &  [-2.31, c21] &   [-7.8, c22] &  [-2.25, c23] &  [-15.94, c24] &  [-3.52, c25] &  [-8.72, c26] &  [-14.37, c27] &   [-6.0, c28] &  [-3.02, c29] &   [-3.4, c30] &  [-21.61, c31] &  [-0.19, c32] &  [-0.58, c33] &  [-6.41, c34] &  [-11.94, c35] &  [-15.38, c36] &  [-0.96, c37] &  [-1.93, c38] &  [-5.53, c39] &  [-5.47, c40] \\
c24         &  [-0.16, new\_cluster] &  [-15.03, c1] &  [-3.68, c2] &  [-0.74, c3] &   [-5.0, c4] &  [-12.09, c5] &  [-15.06, c6] &  [-1.51, c7] &  [-9.83, c8] &  [-0.09, c9] &  [-3.13, c10] &  [-10.23, c11] &   [-9.66, c12] &  [-11.22, c13] &  [-0.85, c14] &  [-1.82, c15] &  [-6.79, c16] &  [-11.89, c17] &  [-6.28, c18] &  [-0.49, c19] &  [-2.05, c20] &  [-2.35, c21] &   [-8.1, c22] &  [-2.25, c23] &  [-15.94, c24] &  [-3.52, c25] &  [-8.72, c26] &  [-14.37, c27] &  [-6.23, c28] &  [-3.02, c29] &  [-2.71, c30] &  [-21.61, c31] &  [-0.19, c32] &  [-0.58, c33] &  [-6.41, c34] &  [-11.94, c35] &  [-15.38, c36] &  [-0.96, c37] &  [-1.93, c38] &  [-5.53, c39] &  [-5.47, c40] \\
c25         &  [-0.16, new\_cluster] &  [-15.01, c1] &  [-3.98, c2] &   [-0.8, c3] &  [-4.89, c4] &  [-12.61, c5] &  [-15.05, c6] &  [-1.53, c7] &  [-9.82, c8] &   [-0.1, c9] &   [-2.9, c10] &   [-9.75, c11] &   [-9.65, c12] &  [-11.08, c13] &  [-0.87, c14] &  [-1.97, c15] &  [-6.91, c16] &  [-12.07, c17] &  [-6.11, c18] &  [-0.49, c19] &  [-1.98, c20] &  [-1.75, c21] &  [-7.86, c22] &  [-2.25, c23] &  [-15.94, c24] &  [-3.52, c25] &  [-8.72, c26] &  [-14.37, c27] &  [-6.13, c28] &  [-3.02, c29] &  [-1.27, c30] &  [-21.61, c31] &  [-0.19, c32] &  [-0.58, c33] &  [-6.41, c34] &  [-11.94, c35] &  [-15.38, c36] &  [-0.96, c37] &  [-1.93, c38] &  [-5.53, c39] &  [-5.47, c40] \\
c26         &  [-0.16, new\_cluster] &  [-14.91, c1] &  [-4.07, c2] &  [-0.67, c3] &  [-5.08, c4] &  [-12.27, c5] &  [-15.38, c6] &  [-1.51, c7] &  [-9.78, c8] &   [-0.1, c9] &   [-3.1, c10] &   [-9.67, c11] &   [-9.38, c12] &  [-11.14, c13] &  [-0.73, c14] &   [-1.9, c15] &   [-7.3, c16] &  [-12.12, c17] &  [-5.96, c18] &  [-0.64, c19] &  [-2.12, c20] &  [-2.17, c21] &  [-7.73, c22] &  [-2.25, c23] &  [-15.94, c24] &  [-3.52, c25] &  [-8.72, c26] &  [-14.37, c27] &  [-6.27, c28] &  [-3.02, c29] &  [-1.48, c30] &  [-21.61, c31] &  [-0.19, c32] &  [-0.58, c33] &  [-6.41, c34] &  [-11.94, c35] &  [-15.38, c36] &  [-0.96, c37] &  [-1.93, c38] &  [-5.53, c39] &  [-5.47, c40] \\
c27         &  [-0.16, new\_cluster] &  [-14.56, c1] &  [-3.87, c2] &  [-0.65, c3] &  [-5.17, c4] &  [-11.92, c5] &  [-15.46, c6] &  [-1.61, c7] &  [-9.77, c8] &  [-0.12, c9] &  [-3.16, c10] &   [-9.99, c11] &   [-9.73, c12] &  [-11.14, c13] &  [-0.77, c14] &  [-1.94, c15] &  [-6.81, c16] &  [-12.13, c17] &  [-6.25, c18] &  [-0.55, c19] &  [-2.04, c20] &  [-2.36, c21] &  [-7.91, c22] &  [-2.25, c23] &  [-15.94, c24] &  [-3.52, c25] &  [-8.72, c26] &  [-14.37, c27] &  [-6.09, c28] &  [-3.02, c29] &  [-1.64, c30] &  [-21.61, c31] &  [-0.19, c32] &  [-0.58, c33] &  [-6.41, c34] &  [-11.94, c35] &  [-15.38, c36] &  [-0.96, c37] &  [-1.93, c38] &  [-5.53, c39] &  [-5.47, c40] \\
c28         &  [-0.16, new\_cluster] &  [-15.31, c1] &  [-3.85, c2] &  [-0.67, c3] &  [-5.08, c4] &  [-12.74, c5] &  [-15.39, c6] &   [-1.5, c7] &  [-9.67, c8] &   [-0.1, c9] &  [-3.03, c10] &   [-9.75, c11] &   [-9.85, c12] &  [-11.35, c13] &  [-0.81, c14] &   [-1.9, c15] &  [-6.85, c16] &  [-12.09, c17] &   [-6.0, c18] &  [-0.56, c19] &  [-1.91, c20] &  [-1.84, c21] &  [-7.99, c22] &  [-2.25, c23] &  [-15.94, c24] &  [-3.52, c25] &  [-8.72, c26] &  [-14.37, c27] &  [-5.93, c28] &  [-3.02, c29] &  [-2.16, c30] &  [-21.61, c31] &  [-0.19, c32] &  [-0.58, c33] &  [-6.41, c34] &  [-11.94, c35] &  [-15.38, c36] &  [-0.96, c37] &  [-1.93, c38] &  [-5.53, c39] &  [-5.47, c40] \\
c29         &  [-0.16, new\_cluster] &  [-14.91, c1] &  [-3.77, c2] &  [-0.78, c3] &   [-5.0, c4] &  [-12.43, c5] &  [-14.73, c6] &  [-1.49, c7] &  [-9.72, c8] &  [-0.11, c9] &  [-3.06, c10] &  [-10.04, c11] &   [-9.47, c12] &  [-11.29, c13] &  [-0.77, c14] &  [-1.88, c15] &  [-6.95, c16] &  [-11.97, c17] &  [-6.03, c18] &  [-0.56, c19] &  [-1.87, c20] &  [-2.03, c21] &  [-8.02, c22] &  [-2.25, c23] &  [-15.94, c24] &  [-3.52, c25] &  [-8.72, c26] &  [-14.37, c27] &  [-6.06, c28] &  [-3.02, c29] &  [-2.35, c30] &  [-21.61, c31] &  [-0.19, c32] &  [-0.58, c33] &  [-6.41, c34] &  [-11.94, c35] &  [-15.38, c36] &  [-0.96, c37] &  [-1.93, c38] &  [-5.53, c39] &  [-5.47, c40] \\
c30         &  [-0.16, new\_cluster] &  [-14.98, c1] &  [-3.88, c2] &  [-0.77, c3] &  [-4.83, c4] &  [-12.33, c5] &  [-14.28, c6] &  [-1.47, c7] &  [-9.72, c8] &   [-0.1, c9] &  [-3.09, c10] &    [-9.8, c11] &   [-9.51, c12] &  [-11.23, c13] &   [-0.8, c14] &  [-1.82, c15] &  [-7.02, c16] &  [-11.95, c17] &  [-6.44, c18] &  [-0.61, c19] &  [-1.87, c20] &  [-1.86, c21] &  [-7.72, c22] &  [-2.25, c23] &  [-15.94, c24] &  [-3.52, c25] &  [-8.72, c26] &  [-14.37, c27] &  [-5.76, c28] &  [-3.02, c29] &  [-1.59, c30] &  [-21.61, c31] &  [-0.19, c32] &  [-0.58, c33] &  [-6.41, c34] &  [-11.94, c35] &  [-15.38, c36] &  [-0.96, c37] &  [-1.93, c38] &  [-5.53, c39] &  [-5.47, c40] \\
c31         &  [-0.16, new\_cluster] &  [-15.24, c1] &  [-3.92, c2] &  [-0.62, c3] &   [-5.1, c4] &  [-12.27, c5] &  [-14.69, c6] &  [-1.47, c7] &  [-9.68, c8] &  [-0.13, c9] &  [-2.97, c10] &    [-9.8, c11] &  [-10.08, c12] &  [-11.23, c13] &  [-0.83, c14] &  [-1.98, c15] &  [-6.95, c16] &  [-12.17, c17] &  [-6.33, c18] &  [-0.57, c19] &  [-1.82, c20] &  [-2.13, c21] &  [-8.03, c22] &  [-2.25, c23] &  [-15.94, c24] &  [-3.52, c25] &  [-8.72, c26] &  [-14.37, c27] &  [-6.09, c28] &  [-3.02, c29] &   [-2.3, c30] &  [-21.61, c31] &  [-0.19, c32] &  [-0.58, c33] &  [-6.41, c34] &  [-11.94, c35] &  [-15.38, c36] &  [-0.96, c37] &  [-1.93, c38] &  [-5.53, c39] &  [-5.47, c40] \\
c32         &  [-0.16, new\_cluster] &  [-15.02, c1] &   [-3.7, c2] &  [-0.59, c3] &  [-4.71, c4] &  [-12.22, c5] &   [-15.0, c6] &  [-1.55, c7] &  [-9.68, c8] &  [-0.17, c9] &  [-3.15, c10] &   [-9.68, c11] &   [-9.96, c12] &  [-11.63, c13] &  [-0.82, c14] &   [-1.9, c15] &  [-6.63, c16] &  [-12.01, c17] &  [-6.39, c18] &  [-0.57, c19] &  [-2.09, c20] &   [-2.2, c21] &   [-8.1, c22] &  [-2.25, c23] &  [-15.94, c24] &  [-3.52, c25] &  [-8.72, c26] &  [-14.37, c27] &  [-6.06, c28] &  [-3.02, c29] &  [-1.48, c30] &  [-21.61, c31] &  [-0.19, c32] &  [-0.58, c33] &  [-6.41, c34] &  [-11.94, c35] &  [-15.38, c36] &  [-0.96, c37] &  [-1.93, c38] &  [-5.53, c39] &  [-5.47, c40] \\
c33         &  [-0.16, new\_cluster] &  [-15.16, c1] &  [-3.54, c2] &  [-0.68, c3] &  [-5.05, c4] &  [-12.04, c5] &   [-14.7, c6] &  [-1.45, c7] &  [-9.72, c8] &  [-0.09, c9] &  [-3.05, c10] &   [-9.95, c11] &   [-9.57, c12] &  [-11.34, c13] &  [-0.82, c14] &  [-2.04, c15] &  [-6.87, c16] &  [-12.11, c17] &  [-5.99, c18] &  [-0.55, c19] &  [-2.11, c20] &  [-1.66, c21] &  [-7.89, c22] &  [-2.25, c23] &  [-15.94, c24] &  [-3.52, c25] &  [-8.72, c26] &  [-14.37, c27] &  [-6.15, c28] &  [-3.02, c29] &  [-1.86, c30] &  [-21.61, c31] &  [-0.19, c32] &  [-0.58, c33] &  [-6.41, c34] &  [-11.94, c35] &  [-15.38, c36] &  [-0.96, c37] &  [-1.93, c38] &  [-5.53, c39] &  [-5.47, c40] \\
c34         &  [-0.16, new\_cluster] &  [-14.64, c1] &  [-3.77, c2] &  [-0.81, c3] &  [-4.99, c4] &  [-12.18, c5] &  [-15.34, c6] &  [-1.55, c7] &  [-9.74, c8] &   [-0.1, c9] &  [-3.11, c10] &   [-9.74, c11] &  [-10.05, c12] &  [-11.43, c13] &  [-0.77, c14] &  [-1.83, c15] &   [-6.7, c16] &  [-11.71, c17] &  [-6.49, c18] &  [-0.52, c19] &  [-2.09, c20] &  [-1.93, c21] &   [-8.1, c22] &  [-2.25, c23] &  [-15.94, c24] &  [-3.52, c25] &  [-8.72, c26] &  [-14.37, c27] &  [-6.08, c28] &  [-3.02, c29] &  [-2.46, c30] &  [-21.61, c31] &  [-0.19, c32] &  [-0.58, c33] &  [-6.41, c34] &  [-11.94, c35] &  [-15.38, c36] &  [-0.96, c37] &  [-1.93, c38] &  [-5.53, c39] &  [-5.47, c40] \\
c35         &  [-0.16, new\_cluster] &  [-14.96, c1] &  [-3.85, c2] &  [-0.78, c3] &   [-5.1, c4] &  [-12.12, c5] &  [-15.26, c6] &  [-1.56, c7] &  [-9.74, c8] &  [-0.12, c9] &  [-3.17, c10] &  [-10.32, c11] &   [-9.79, c12] &  [-11.16, c13] &  [-0.92, c14] &  [-1.98, c15] &  [-7.03, c16] &  [-11.85, c17] &  [-6.29, c18] &  [-0.63, c19] &  [-2.18, c20] &  [-1.98, c21] &  [-7.86, c22] &  [-2.25, c23] &  [-15.94, c24] &  [-3.52, c25] &  [-8.72, c26] &  [-14.37, c27] &  [-6.19, c28] &  [-3.02, c29] &  [-3.44, c30] &  [-21.61, c31] &  [-0.19, c32] &  [-0.58, c33] &  [-6.41, c34] &  [-11.94, c35] &  [-15.38, c36] &  [-0.96, c37] &  [-1.93, c38] &  [-5.53, c39] &  [-5.47, c40] \\
c36         &  [-0.16, new\_cluster] &  [-14.82, c1] &  [-3.87, c2] &  [-0.74, c3] &  [-4.58, c4] &  [-11.91, c5] &  [-15.07, c6] &  [-1.59, c7] &  [-9.74, c8] &  [-0.12, c9] &   [-3.2, c10] &  [-10.08, c11] &   [-9.69, c12] &  [-11.29, c13] &  [-0.72, c14] &  [-1.89, c15] &  [-7.16, c16] &  [-12.44, c17] &  [-5.92, c18] &   [-0.6, c19] &  [-1.98, c20] &  [-1.92, c21] &  [-8.06, c22] &  [-2.25, c23] &  [-15.94, c24] &  [-3.52, c25] &  [-8.72, c26] &  [-14.37, c27] &   [-6.2, c28] &  [-3.02, c29] &  [-1.38, c30] &  [-21.61, c31] &  [-0.19, c32] &  [-0.58, c33] &  [-6.41, c34] &  [-11.94, c35] &  [-15.38, c36] &  [-0.96, c37] &  [-1.93, c38] &  [-5.53, c39] &  [-5.47, c40] \\
c37         &  [-0.16, new\_cluster] &  [-14.69, c1] &  [-3.86, c2] &  [-0.76, c3] &  [-5.05, c4] &  [-12.36, c5] &  [-15.29, c6] &  [-1.49, c7] &  [-9.73, c8] &  [-0.08, c9] &  [-3.25, c10] &  [-10.33, c11] &   [-9.85, c12] &  [-11.03, c13] &  [-0.81, c14] &  [-1.85, c15] &   [-7.1, c16] &  [-12.22, c17] &  [-6.21, c18] &   [-0.5, c19] &  [-1.93, c20] &  [-1.82, c21] &  [-8.05, c22] &  [-2.25, c23] &  [-15.94, c24] &  [-3.52, c25] &  [-8.72, c26] &  [-14.37, c27] &  [-5.93, c28] &  [-3.02, c29] &  [-1.98, c30] &  [-21.61, c31] &  [-0.19, c32] &  [-0.58, c33] &  [-6.41, c34] &  [-11.94, c35] &  [-15.38, c36] &  [-0.96, c37] &  [-1.93, c38] &  [-5.53, c39] &  [-5.47, c40] \\
c38         &  [-0.16, new\_cluster] &  [-14.87, c1] &  [-3.61, c2] &   [-0.7, c3] &  [-5.38, c4] &  [-12.52, c5] &   [-15.1, c6] &  [-1.52, c7] &  [-9.71, c8] &  [-0.11, c9] &  [-3.18, c10] &  [-10.03, c11] &   [-9.88, c12] &  [-11.26, c13] &  [-0.75, c14] &   [-1.8, c15] &  [-6.94, c16] &  [-12.19, c17] &  [-6.39, c18] &  [-0.55, c19] &   [-1.9, c20] &  [-1.99, c21] &   [-7.8, c22] &  [-2.25, c23] &  [-15.94, c24] &  [-3.52, c25] &  [-8.72, c26] &  [-14.37, c27] &  [-6.11, c28] &  [-3.02, c29] &  [-2.07, c30] &  [-21.61, c31] &  [-0.19, c32] &  [-0.58, c33] &  [-6.41, c34] &  [-11.94, c35] &  [-15.38, c36] &  [-0.96, c37] &  [-1.93, c38] &  [-5.53, c39] &  [-5.47, c40] \\
c39         &  [-0.16, new\_cluster] &  [-15.09, c1] &  [-3.79, c2] &  [-0.72, c3] &  [-5.27, c4] &  [-12.37, c5] &  [-14.99, c6] &  [-1.44, c7] &  [-9.75, c8] &   [-0.1, c9] &  [-3.16, c10] &   [-9.94, c11] &   [-9.75, c12] &  [-11.61, c13] &  [-0.78, c14] &  [-1.95, c15] &  [-6.91, c16] &  [-12.25, c17] &  [-6.19, c18] &  [-0.48, c19] &  [-1.86, c20] &   [-1.8, c21] &  [-7.85, c22] &  [-2.25, c23] &  [-15.94, c24] &  [-3.52, c25] &  [-8.72, c26] &  [-14.37, c27] &  [-6.16, c28] &  [-3.02, c29] &   [-3.4, c30] &  [-21.61, c31] &  [-0.19, c32] &  [-0.58, c33] &  [-6.41, c34] &  [-11.94, c35] &  [-15.38, c36] &  [-0.96, c37] &  [-1.93, c38] &  [-5.53, c39] &         [0, ] \\
c40         &  [-0.16, new\_cluster] &  [-14.95, c1] &  [-4.13, c2] &  [-0.79, c3] &  [-5.21, c4] &  [-12.36, c5] &   [-14.9, c6] &   [-1.6, c7] &  [-9.76, c8] &  [-0.11, c9] &  [-2.92, c10] &  [-10.23, c11] &    [-9.4, c12] &  [-11.14, c13] &  [-0.73, c14] &  [-1.89, c15] &  [-6.46, c16] &  [-11.84, c17] &  [-6.32, c18] &  [-0.66, c19] &  [-1.97, c20] &  [-2.09, c21] &  [-7.95, c22] &  [-2.25, c23] &  [-15.94, c24] &  [-3.52, c25] &  [-8.72, c26] &  [-14.37, c27] &  [-6.03, c28] &  [-3.02, c29] &  [-1.96, c30] &  [-21.61, c31] &  [-0.19, c32] &  [-0.58, c33] &  [-6.41, c34] &  [-11.94, c35] &  [-15.38, c36] &  [-0.96, c37] &  [-1.93, c38] &         [0, ] &         [0, ] \\
\bottomrule
\end{tabular}

