Seed: 0
Experiment_path: Experiment_07
Dataset_Path: ../_00_Datasets/03_SimDaten_Quiroga2020/C_Easy2_noise005.mat
Dataset_name: ['03_SimDaten_Quiroga2020', 'C_Easy2_noise005.mat']
Variant_name: Variant_05_Online_Autoencoder_QLearning_opt_temp
Visualisation_Path: AE_Model_2/Grid_Search_PC//V5_2/C_Easy2_noise005.mat/Variant_05_Online_Autoencoder_QLearning_opt_temp/2023_05_04-03_35_43
Normalisation: False
Template Matching: True
Optimising Autoencoder: True
Update Factor: 1
Noisy Batches: False
Noisy Factor: 0.001
Epochs: 8
Batch Size: 1
maximal Spikes for Autoencoder Training : 700
maximal Spikes for Training: 1000
Input Size: 47
Chosen Model: Convolutional Autoencoder
ConvolutionalAutoencoder(
  (encoder): Sequential(
    (0): Conv1d(1, 6, kernel_size=(6,), stride=(1,))
    (1): LeakyReLU(negative_slope=0.01)
    (2): Conv1d(6, 1, kernel_size=(6,), stride=(1,))
    (3): Flatten(start_dim=1, end_dim=-1)
    (4): Linear(in_features=37, out_features=2, bias=True)
  )
  (decoder): Sequential(
    (0): ConvTranspose1d(1, 6, kernel_size=(6,), stride=(1,))
    (1): LeakyReLU(negative_slope=0.01)
    (2): ConvTranspose1d(6, 1, kernel_size=(6,), stride=(1,))
    (3): Flatten(start_dim=1, end_dim=-1)
    (4): Linear(in_features=12, out_features=47, bias=True)
  )
)
MSELoss()
Adam (
Parameter Group 0
    amsgrad: False
    betas: (0.9, 0.999)
    capturable: False
    differentiable: False
    eps: 1e-08
    foreach: None
    fused: False
    lr: 0.001
    maximize: False
    weight_decay: 0
)
---Q Learning Parameters---
Normalisation: False
Punishment Coefficient: 0.9
Alpha: 0.8
Epsilon: 0.01
Gamma: 0.97
Initial Episode Number: 0
Episode Number Coefficient: 1.4
Number of Random Features: 20
Planning Number: 20
Max Random Features: 60
New Episode Number: 72
New Episode Number: 143
New Episode Number: 215
New Episode Number: 286
New Episode Number: 358
New Episode Number: 429
New Episode Number: 500
New Episode Number: 572
                0      1     2     3     4      5      6      7      8
new_cluster -8.63 -20.18 -5.55 -9.25 -5.67 -41.76 -13.61 -11.70 -53.44
c1          -8.64 -19.33 -5.55 -9.74 -5.61 -41.69 -13.01 -10.61 -53.44
c2          -8.37 -19.99 -5.56 -8.90 -5.81 -41.67 -14.54 -12.56 -53.44
c3          -8.63 -20.31 -5.71 -9.27 -5.71 -41.65 -14.33 -10.88 -53.44
c4          -8.62 -19.86 -5.59 -9.11 -5.97 -41.68 -13.83 -12.00 -53.44
c5          -8.62 -19.99 -5.51 -9.10 -5.61 -41.71 -13.86 -10.61 -53.44
c6          -8.56 -20.13 -5.68 -9.32 -5.87 -41.66 -13.21 -10.66 -53.44
c7          -8.63 -19.88 -5.68 -8.70 -6.03 -41.76 -13.87 -10.87 -53.44
c8          -8.63 -20.01 -5.68 -9.38 -5.66 -41.68 -14.22 -12.27   0.00
\begin{tabular}{lrrrrrrrrr}
\toprule
{} &     0 &      1 &     2 &     3 &     4 &      5 &      6 &      7 &      8 \\
\midrule
new\_cluster & -8.63 & -20.18 & -5.55 & -9.25 & -5.67 & -41.76 & -13.61 & -11.70 & -53.44 \\
c1          & -8.64 & -19.33 & -5.55 & -9.74 & -5.61 & -41.69 & -13.01 & -10.61 & -53.44 \\
c2          & -8.37 & -19.99 & -5.56 & -8.90 & -5.81 & -41.67 & -14.54 & -12.56 & -53.44 \\
c3          & -8.63 & -20.31 & -5.71 & -9.27 & -5.71 & -41.65 & -14.33 & -10.88 & -53.44 \\
c4          & -8.62 & -19.86 & -5.59 & -9.11 & -5.97 & -41.68 & -13.83 & -12.00 & -53.44 \\
c5          & -8.62 & -19.99 & -5.51 & -9.10 & -5.61 & -41.71 & -13.86 & -10.61 & -53.44 \\
c6          & -8.56 & -20.13 & -5.68 & -9.32 & -5.87 & -41.66 & -13.21 & -10.66 & -53.44 \\
c7          & -8.63 & -19.88 & -5.68 & -8.70 & -6.03 & -41.76 & -13.87 & -10.87 & -53.44 \\
c8          & -8.63 & -20.01 & -5.68 & -9.38 & -5.66 & -41.68 & -14.22 & -12.27 &   0.00 \\
\bottomrule
\end{tabular}

                                0             1  ...            7             8
new_cluster  [-3.24, new_cluster]  [-14.98, c1]  ...  [-6.22, c7]  [-53.44, c8]
c1           [-3.24, new_cluster]  [-13.99, c1]  ...  [-5.42, c7]  [-53.44, c8]
c2           [-3.24, new_cluster]  [-14.64, c1]  ...  [-7.08, c7]  [-53.44, c8]
c3           [-3.24, new_cluster]  [-14.93, c1]  ...  [-5.68, c7]  [-53.44, c8]
c4           [-3.24, new_cluster]  [-14.52, c1]  ...   [-6.5, c7]  [-53.44, c8]
c5           [-3.24, new_cluster]  [-14.61, c1]  ...  [-5.17, c7]  [-53.44, c8]
c6           [-3.24, new_cluster]  [-14.78, c1]  ...  [-5.17, c7]  [-53.44, c8]
c7           [-3.24, new_cluster]  [-14.53, c1]  ...  [-5.68, c7]  [-53.44, c8]
c8           [-3.24, new_cluster]  [-14.66, c1]  ...  [-6.79, c7]         [0, ]

[9 rows x 9 columns]
\begin{tabular}{llllllllll}
\toprule
{} &                     0 &             1 &            2 &            3 &            4 &             5 &            6 &            7 &             8 \\
\midrule
new\_cluster &  [-3.24, new\_cluster] &  [-14.98, c1] &  [-0.15, c2] &  [-3.78, c3] &  [-0.24, c4] &  [-36.32, c5] &  [-8.11, c6] &  [-6.22, c7] &  [-53.44, c8] \\
c1          &  [-3.24, new\_cluster] &  [-13.99, c1] &  [-0.15, c2] &  [-4.36, c3] &  [-0.13, c4] &  [-36.32, c5] &  [-7.52, c6] &  [-5.42, c7] &  [-53.44, c8] \\
c2          &  [-3.24, new\_cluster] &  [-14.64, c1] &  [-0.08, c2] &  [-3.55, c3] &  [-0.56, c4] &  [-36.32, c5] &  [-9.08, c6] &  [-7.08, c7] &  [-53.44, c8] \\
c3          &  [-3.24, new\_cluster] &  [-14.93, c1] &  [-0.21, c2] &  [-3.78, c3] &  [-0.24, c4] &  [-36.32, c5] &  [-8.82, c6] &  [-5.68, c7] &  [-53.44, c8] \\
c4          &  [-3.24, new\_cluster] &  [-14.52, c1] &  [-0.18, c2] &  [-3.89, c3] &  [-0.49, c4] &  [-36.32, c5] &  [-8.32, c6] &   [-6.5, c7] &  [-53.44, c8] \\
c5          &  [-3.24, new\_cluster] &  [-14.61, c1] &  [-0.11, c2] &  [-3.58, c3] &  [-0.14, c4] &  [-36.32, c5] &   [-8.4, c6] &  [-5.17, c7] &  [-53.44, c8] \\
c6          &  [-3.24, new\_cluster] &  [-14.78, c1] &   [-0.2, c2] &  [-3.85, c3] &  [-0.38, c4] &  [-36.32, c5] &  [-7.81, c6] &  [-5.17, c7] &  [-53.44, c8] \\
c7          &  [-3.24, new\_cluster] &  [-14.53, c1] &  [-0.22, c2] &  [-3.43, c3] &  [-0.56, c4] &  [-36.32, c5] &  [-8.37, c6] &  [-5.68, c7] &  [-53.44, c8] \\
c8          &  [-3.24, new\_cluster] &  [-14.66, c1] &  [-0.18, c2] &  [-4.16, c3] &  [-0.18, c4] &  [-36.32, c5] &  [-8.92, c6] &  [-6.79, c7] &         [0, ] \\
\bottomrule
\end{tabular}

