Seed: 0
Experiment_path: AE_Model_1/Normalization/Experiment_04_norm
Dataset_Path: ../_00_Datasets/03_SimDaten_Quiroga2020/C_Easy1_noise015.mat
Dataset_name: ['03_SimDaten_Quiroga2020', 'C_Easy1_noise015.mat']
Variant_name: V04_Off_AE_QL_norm
Visualisation_Path: AE_Model_1/Normalization/Experiment_04_norm/C_Easy1_noise015.mat/V04_Off_AE_QL_norm/2023_06_04-20_30_08
Split Ratio: 0.9
Epochs: 8
Batch Size: 1
Input Size: 47
Number of Features: 2
Chosen Model: Autoencoder
Autoencoder(
  (encoder): Sequential(
    (0): Linear(in_features=47, out_features=12, bias=True)
    (1): LeakyReLU(negative_slope=0.01)
    (2): Linear(in_features=12, out_features=2, bias=True)
  )
  (decoder): Sequential(
    (0): Linear(in_features=2, out_features=12, bias=True)
    (1): LeakyReLU(negative_slope=0.01)
    (2): Linear(in_features=12, out_features=47, bias=True)
  )
)
MSELoss()
Adam (
Parameter Group 0
    amsgrad: False
    betas: (0.9, 0.999)
    capturable: False
    differentiable: False
    eps: 1e-08
    foreach: None
    fused: False
    lr: 0.001
    maximize: False
    weight_decay: 0
)
---Q Learning Parameters---
Normalisation: True
Punishment Coefficient: 0.9
Alpha: 0.8
Epsilon: 0.01
Gamma: 0.97
Initial Episode Number: 0
Episode Number Coefficient: 1.4
Number of Random Features: 20
Planning Number: 20
Max Random Features: 60
New Episode Number: 72
                0     1
new_cluster -8.45 -5.35
c1          -8.45 -5.45
\begin{tabular}{lrr}
\toprule
{} &     0 &     1 \\
\midrule
new\_cluster & -8.45 & -5.35 \\
c1          & -8.45 & -5.45 \\
\bottomrule
\end{tabular}

                                0            1
new_cluster  [-3.24, new_cluster]  [-0.06, c1]
c1           [-3.24, new_cluster]  [-0.15, c1]
\begin{tabular}{lll}
\toprule
{} &                     0 &            1 \\
\midrule
new\_cluster &  [-3.24, new\_cluster] &  [-0.06, c1] \\
c1          &  [-3.24, new\_cluster] &  [-0.15, c1] \\
\bottomrule
\end{tabular}

