Experiment_path: AE_Model_1/Normalization/Experiment_04_norm
Dataset_Path: ../_00_Datasets/03_SimDaten_Quiroga2020/C_Easy1_noise040.mat
Dataset_name: ['03_SimDaten_Quiroga2020', 'C_Easy1_noise040.mat']
Variant_name: V04_Off_AE_QL_norm
Visualisation_Path: AE_Model_1/Normalization/Experiment_04_norm/C_Easy1_noise040.mat/V04_Off_AE_QL_norm/2023_06_04-20_33_02
Punishment_Coefficient: 1.4
<_01_LoadDataset.ExternCode.spike_class.spike_dataclass object at 0x000001A1B3E3B438>
Sampling rate: 24000.0
Raw: [ 0.09290294  0.20189621  0.33053674 ... -0.20677271 -0.1502611
 -0.11999569]
Times: [    239     439     824 ... 1439203 1439286 1439464]
Cluster: [1 3 1 ... 3 1 2]
Number of different clusters:  3
Number of Spikes: 3386
First aligned Spike Frame: [ 0.35272875  0.22782651  0.09804678  0.0330907   0.01763465 -0.00716808
 -0.07676483 -0.17393839 -0.25156268 -0.27611297 -0.26424986 -0.2572748
 -0.14070033  0.3091543   0.84618672  0.8657919   0.33633627 -0.19287563
 -0.36620283 -0.28464978 -0.16625656 -0.0936908  -0.03935964  0.02291416
  0.0699242   0.05739865 -0.02453232 -0.1465012  -0.24130255 -0.27021376
 -0.25598501 -0.22429694 -0.17333633 -0.09081612  0.03499496  0.1799287
  0.31672358  0.42401557  0.47266498  0.4416574   0.34587776  0.22594898
  0.10664098 -0.02537482 -0.17575272 -0.29850509 -0.34589514]
Cluster 0, Occurrences: 1079
Cluster 1, Occurrences: 1158
Cluster 2, Occurrences: 1149
Train Index: 3047
x_train: 3047
y_train: 3047
x_test: 339
y_test: 339
<torch.utils.data.dataloader.DataLoader object at 0x000001A1B8436780>
<torch.utils.data.dataloader.DataLoader object at 0x000001A1B84366A0>
Epoch [1/8]: mean_loss=0.0015668917134340607
Epoch [2/8]: mean_loss=0.0013906209725638393
Epoch [3/8]: mean_loss=0.0013690139935726333
Epoch [4/8]: mean_loss=0.001362060733117508
Epoch [5/8]: mean_loss=0.001335436392063229
Epoch [6/8]: mean_loss=0.0013022272354575662
Epoch [7/8]: mean_loss=0.0011996116127279653
Epoch [8/8]: mean_loss=0.001226438897743474
Number of Clusters: 3
Number of Samples after Autoencoder testing: 337
First Spike after testing: [ 0.19875506 -3.9914467 ]
[1, 0, 0, 1, 1, 0, 1, 2, 0, 1, 0, 0, 0, 0, 0, 1, 2, 2, 2, 0, 2, 2, 2, 0, 2, 1, 0, 0, 2, 0, 2, 2, 2, 2, 1, 1, 2, 0, 1, 1, 0, 2, 1, 2, 1, 2, 1, 0, 0, 0, 2, 2, 2, 2, 2, 0, 1, 0, 0, 0, 2, 1, 1, 1, 2, 2, 0, 2, 0, 1, 2, 0, 2, 2, 0, 0, 2, 1, 0, 1, 1, 2, 0, 0, 1, 1, 2, 1, 2, 1, 1, 1, 0, 1, 2, 1, 2, 1, 1, 1, 0, 2, 1, 0, 0, 2, 0, 0, 2, 0, 2, 2, 2, 2, 1, 1, 2, 0, 0, 1, 0, 0, 0, 2, 1, 0, 2, 2, 2, 2, 0, 1, 1, 0, 0, 2, 2, 1, 2, 2, 0, 1, 2, 1, 2, 0, 0, 0, 0, 2, 2, 0, 1, 1, 0, 1, 0, 1, 2, 0, 2, 0, 1, 2, 1, 2, 0, 1, 0, 1, 1, 2, 0, 2, 2, 1, 2, 0, 1, 2, 0, 0, 1, 2, 1, 1, 2, 2, 2, 2, 0, 1, 1, 1, 1, 0, 2, 1, 2, 2, 2, 2, 2, 0, 1, 1, 0, 1, 1, 0, 2, 1, 2, 0, 0, 1, 1, 1, 1, 2, 1, 2, 2, 1, 2, 1, 2, 2, 2, 2, 2, 0, 1, 2, 1, 0, 2, 1, 1, 1, 0, 2, 0, 0, 1, 2, 1, 1, 0, 0, 1, 0, 1, 0, 0, 1, 1, 0, 0, 2, 1, 2, 2, 0, 2, 0, 2, 2, 0, 2, 1, 2, 2, 0, 2, 1, 2, 1, 2, 0, 2, 0, 0, 2, 2, 1, 0, 2, 1, 0, 2, 1, 2, 1, 0, 0, 1, 2, 0, 2, 0, 1, 1, 1, 0, 0, 0, 0, 2, 1, 2, 1, 0, 2, 0, 0, 1, 2, 2, 1, 1, 0, 2, 0, 2, 2, 1, 0, 1, 0, 1, 0, 1, 2, 2, 0, 1]
[0, 0, 0, 0, 0, 0, 0, 0, 0, 0, 0, 0, 0, 0, 0, 0, 0, 0, 0, 0, 0, 0, 0, 0, 0, 0, 0, 0, 0, 0, 0, 0, 0, 0, 0, 0, 0, 0, 0, 0, 0, 0, 0, 0, 0, 0, 0, 0, 0, 0, 0, 0, 0, 0, 0, 0, 0, 0, 0, 0, 0, 0, 0, 0, 0, 0, 0, 0, 0, 0, 0, 0, 0, 0, 0, 0, 0, 0, 0, 0, 0, 0, 0, 0, 0, 0, 0, 0, 0, 0, 0, 0, 0, 0, 0, 0, 0, 0, 0, 0, 0, 0, 0, 0, 0, 0, 0, 0, 0, 0, 0, 0, 0, 0, 0, 0, 0, 0, 0, 0, 0, 0, 0, 0, 0, 0, 0, 0, 0, 0, 0, 0, 0, 0, 0, 0, 0, 0, 0, 0, 0, 0, 0, 0, 0, 0, 0, 0, 0, 0, 0, 0, 0, 0, 0, 0, 0, 0, 0, 0, 0, 0, 0, 0, 0, 0, 0, 0, 0, 0, 0, 0, 0, 0, 0, 0, 0, 0, 0, 0, 0, 0, 0, 0, 0, 0, 0, 0, 0, 0, 0, 0, 0, 0, 0, 0, 0, 0, 0, 0, 0, 0, 0, 0, 0, 0, 0, 0, 0, 0, 0, 0, 0, 0, 0, 0, 0, 0, 0, 0, 0, 0, 0, 0, 0, 0, 0, 0, 0, 0, 0, 0, 0, 0, 0, 0, 0, 0, 0, 0, 0, 0, 0, 0, 0, 0, 0, 0, 0, 0, 0, 0, 0, 0, 0, 0, 0, 0, 0, 0, 0, 0, 0, 0, 0, 0, 0, 0, 0, 0, 0, 0, 0, 0, 0, 0, 0, 0, 0, 0, 0, 0, 0, 0, 0, 0, 0, 0, 0, 0, 0, 0, 0, 0, 0, 0, 0, 0, 0, 0, 0, 0, 0, 0, 0, 0, 0, 0, 0, 0, 0, 0, 0, 0, 0, 0, 0, 0, 0, 0, 0, 0, 0, 0, 0, 0, 0, 0, 0, 0, 0, 0, 0, 0, 0, 0, 0]
Centroids: [[0.2352358, 0.44059187], [0.2838903, -3.2380934], [0.98322654, 1.4386733]]
Centroids: [[0.51939476, -0.37997228]]
Standard Derivations: [0.4930948, 0.59049904, 0.510683]
Cluster Distances: [2.5954132, 0.24348181, 2.5954127, 3.6275826, 0.24348181, 3.6275826]
Minimal Cluster Distance: 0.2434818148612976
Contingency Matrix: 
[[108]
 [108]
 [121]]
[[108], [108], [121]]
[[108, 0, 0], [108, 0, 0], [121, 0, 0]]
[0, 1, 2]
[[-1, 0, 0], [-1, 0, 0], [-1, -1, -1]]
[[-1, -1, -1], [-1, -1, 0], [-1, -1, -1]]
[[-1, -1, -1], [-1, -1, -1], [-1, -1, -1]]
Match_Labels: {2: 0, 0: 1, 1: 2}
New Contingency Matrix: 
[[  0   0 108]
 [  0   0 108]
 [  0   0 121]]
New Clustered Label Sequence: [1, 2, 0]
Diagonal_Elements: [0, 0, 121], Sum: 121
All_Elements: [0, 0, 108, 0, 0, 108, 0, 0, 121], Sum: 337
Accuracy: 0.3590504451038576
Centroids: [[0.11420163770532892, -0.043657781785970295]]
