Seed: 0
Experiment_path: Experiment_08
Dataset_Path: ../_00_Datasets/03_SimDaten_Quiroga2020/C_Easy2_noise005.mat
Dataset_name: ['03_SimDaten_Quiroga2020', 'C_Easy2_noise005.mat']
Variant_name: Variant_05_Online_Autoencoder_QLearning_opt_temp_noisy
Visualisation_Path: AE_Model_2/Grid_Search_PC//V5_3/C_Easy2_noise005.mat/Variant_05_Online_Autoencoder_QLearning_opt_temp_noisy/2023_05_04-03_52_41
Normalisation: False
Template Matching: True
Optimising Autoencoder: True
Update Factor: 1
Noisy Batches: True
Noisy Factor: 0.001
Epochs: 8
Batch Size: 1
maximal Spikes for Autoencoder Training : 700
maximal Spikes for Training: 1000
Input Size: 47
Chosen Model: Convolutional Autoencoder
ConvolutionalAutoencoder(
  (encoder): Sequential(
    (0): Conv1d(1, 6, kernel_size=(6,), stride=(1,))
    (1): LeakyReLU(negative_slope=0.01)
    (2): Conv1d(6, 1, kernel_size=(6,), stride=(1,))
    (3): Flatten(start_dim=1, end_dim=-1)
    (4): Linear(in_features=37, out_features=2, bias=True)
  )
  (decoder): Sequential(
    (0): ConvTranspose1d(1, 6, kernel_size=(6,), stride=(1,))
    (1): LeakyReLU(negative_slope=0.01)
    (2): ConvTranspose1d(6, 1, kernel_size=(6,), stride=(1,))
    (3): Flatten(start_dim=1, end_dim=-1)
    (4): Linear(in_features=12, out_features=47, bias=True)
  )
)
MSELoss()
Adam (
Parameter Group 0
    amsgrad: False
    betas: (0.9, 0.999)
    capturable: False
    differentiable: False
    eps: 1e-08
    foreach: None
    fused: False
    lr: 0.001
    maximize: False
    weight_decay: 0
)
---Q Learning Parameters---
Normalisation: False
Punishment Coefficient: 0.7
Alpha: 0.8
Epsilon: 0.01
Gamma: 0.97
Initial Episode Number: 0
Episode Number Coefficient: 1.4
Number of Random Features: 20
Planning Number: 20
Max Random Features: 60
New Episode Number: 72
New Episode Number: 143
New Episode Number: 215
New Episode Number: 286
New Episode Number: 358
New Episode Number: 429
New Episode Number: 500
New Episode Number: 572
New Episode Number: 643
New Episode Number: 715
               0      1     2     3     4   ...    6      7      8      9      10
new_cluster -2.12 -17.08 -3.43 -6.48 -1.10  ... -0.16 -15.33 -20.79 -13.27 -74.17
c1          -2.12 -16.81 -3.65 -5.76 -1.03  ... -0.16 -15.34 -28.28 -13.25 -74.17
c2          -2.12 -16.27 -3.39 -5.78 -1.00  ... -0.17 -15.33 -23.49 -12.69 -74.17
c3          -2.12 -16.75 -3.33 -4.58 -0.96  ... -0.17 -15.33 -22.62 -12.59 -74.17
c4          -2.12 -16.81 -3.45 -5.82 -1.15  ... -0.17 -15.33 -22.74 -13.32 -74.17
c5          -2.12 -16.85 -3.59 -5.84 -1.00  ... -0.16 -15.33 -23.15 -12.91 -74.17
c6          -2.13 -17.17 -3.52 -4.00 -0.87  ... -0.16 -15.33 -18.73 -12.99 -74.17
c7          -2.13 -18.06 -3.54 -6.48 -0.76  ... -0.16 -15.33 -29.40 -13.27 -74.17
c8          -2.12 -16.70 -3.20 -5.78 -1.19  ... -0.17 -15.33 -23.67 -13.05 -74.17
c9          -2.13 -16.61 -3.58 -6.46 -1.03  ... -0.17 -15.33 -20.51   0.00   0.00
c10         -2.12 -17.18 -2.89 -5.24 -0.85  ... -0.18 -15.33 -14.52   0.00   0.00

[11 rows x 11 columns]
\begin{tabular}{lrrrrrrrrrrr}
\toprule
{} &    0  &     1  &    2  &    3  &    4  &    5  &    6  &     7  &     8  &     9  &     10 \\
\midrule
new\_cluster & -2.12 & -17.08 & -3.43 & -6.48 & -1.10 & -7.67 & -0.16 & -15.33 & -20.79 & -13.27 & -74.17 \\
c1          & -2.12 & -16.81 & -3.65 & -5.76 & -1.03 & -6.29 & -0.16 & -15.34 & -28.28 & -13.25 & -74.17 \\
c2          & -2.12 & -16.27 & -3.39 & -5.78 & -1.00 & -6.87 & -0.17 & -15.33 & -23.49 & -12.69 & -74.17 \\
c3          & -2.12 & -16.75 & -3.33 & -4.58 & -0.96 & -6.83 & -0.17 & -15.33 & -22.62 & -12.59 & -74.17 \\
c4          & -2.12 & -16.81 & -3.45 & -5.82 & -1.15 & -7.15 & -0.17 & -15.33 & -22.74 & -13.32 & -74.17 \\
c5          & -2.12 & -16.85 & -3.59 & -5.84 & -1.00 & -6.90 & -0.16 & -15.33 & -23.15 & -12.91 & -74.17 \\
c6          & -2.13 & -17.17 & -3.52 & -4.00 & -0.87 & -7.43 & -0.16 & -15.33 & -18.73 & -12.99 & -74.17 \\
c7          & -2.13 & -18.06 & -3.54 & -6.48 & -0.76 & -6.78 & -0.16 & -15.33 & -29.40 & -13.27 & -74.17 \\
c8          & -2.12 & -16.70 & -3.20 & -5.78 & -1.19 & -7.49 & -0.17 & -15.33 & -23.67 & -13.05 & -74.17 \\
c9          & -2.13 & -16.61 & -3.58 & -6.46 & -1.03 & -7.00 & -0.17 & -15.33 & -20.51 &   0.00 &   0.00 \\
c10         & -2.12 & -17.18 & -2.89 & -5.24 & -0.85 & -7.05 & -0.18 & -15.33 & -14.52 &   0.00 &   0.00 \\
\bottomrule
\end{tabular}

                               0             1   ...            9              10
new_cluster  [-1.96, new_cluster]  [-16.91, c1]  ...  [-13.27, c9]  [-74.17, c10]
c1           [-1.96, new_cluster]  [-16.65, c1]  ...  [-13.25, c9]  [-74.17, c10]
c2           [-1.96, new_cluster]  [-16.11, c1]  ...  [-12.69, c9]  [-74.17, c10]
c3           [-1.96, new_cluster]  [-16.59, c1]  ...  [-12.59, c9]  [-74.17, c10]
c4           [-1.96, new_cluster]  [-16.65, c1]  ...  [-13.32, c9]  [-74.17, c10]
c5           [-1.96, new_cluster]  [-16.69, c1]  ...  [-12.91, c9]  [-74.17, c10]
c6           [-1.96, new_cluster]   [-17.0, c1]  ...  [-12.99, c9]  [-74.17, c10]
c7           [-1.96, new_cluster]  [-17.89, c1]  ...  [-13.27, c9]  [-74.17, c10]
c8           [-1.96, new_cluster]  [-16.53, c1]  ...  [-13.05, c9]  [-74.17, c10]
c9           [-1.96, new_cluster]  [-16.45, c1]  ...         [0, ]          [0, ]
c10          [-1.96, new_cluster]  [-17.02, c1]  ...         [0, ]          [0, ]

[11 rows x 11 columns]
\begin{tabular}{llllllllllll}
\toprule
{} &                    0  &            1  &           2  &           3  &           4  &           5  &           6  &            7  &            8  &            9  &             10 \\
\midrule
new\_cluster &  [-1.96, new\_cluster] &  [-16.91, c1] &  [-3.27, c2] &  [-6.32, c3] &  [-0.93, c4] &  [-7.51, c5] &   [-0.0, c6] &  [-15.17, c7] &  [-20.63, c8] &  [-13.27, c9] &  [-74.17, c10] \\
c1          &  [-1.96, new\_cluster] &  [-16.65, c1] &  [-3.48, c2] &   [-5.6, c3] &  [-0.86, c4] &  [-6.13, c5] &   [-0.0, c6] &  [-15.17, c7] &  [-28.12, c8] &  [-13.25, c9] &  [-74.17, c10] \\
c2          &  [-1.96, new\_cluster] &  [-16.11, c1] &  [-3.23, c2] &  [-5.62, c3] &  [-0.84, c4] &  [-6.71, c5] &   [-0.0, c6] &  [-15.17, c7] &  [-23.32, c8] &  [-12.69, c9] &  [-74.17, c10] \\
c3          &  [-1.96, new\_cluster] &  [-16.59, c1] &  [-3.17, c2] &  [-4.42, c3] &   [-0.8, c4] &  [-6.67, c5] &   [-0.0, c6] &  [-15.17, c7] &  [-22.45, c8] &  [-12.59, c9] &  [-74.17, c10] \\
c4          &  [-1.96, new\_cluster] &  [-16.65, c1] &  [-3.29, c2] &  [-5.66, c3] &  [-0.99, c4] &  [-6.99, c5] &  [-0.01, c6] &  [-15.17, c7] &  [-22.57, c8] &  [-13.32, c9] &  [-74.17, c10] \\
c5          &  [-1.96, new\_cluster] &  [-16.69, c1] &  [-3.42, c2] &  [-5.68, c3] &  [-0.84, c4] &  [-6.73, c5] &   [-0.0, c6] &  [-15.17, c7] &  [-22.99, c8] &  [-12.91, c9] &  [-74.17, c10] \\
c6          &  [-1.96, new\_cluster] &   [-17.0, c1] &  [-3.36, c2] &  [-3.84, c3] &   [-0.7, c4] &  [-7.27, c5] &   [-0.0, c6] &  [-15.17, c7] &  [-18.56, c8] &  [-12.99, c9] &  [-74.17, c10] \\
c7          &  [-1.96, new\_cluster] &  [-17.89, c1] &  [-3.38, c2] &  [-6.32, c3] &   [-0.6, c4] &  [-6.61, c5] &   [-0.0, c6] &  [-15.17, c7] &  [-29.23, c8] &  [-13.27, c9] &  [-74.17, c10] \\
c8          &  [-1.96, new\_cluster] &  [-16.53, c1] &  [-3.04, c2] &  [-5.62, c3] &  [-1.03, c4] &  [-7.33, c5] &  [-0.01, c6] &  [-15.17, c7] &   [-23.5, c8] &  [-13.05, c9] &  [-74.17, c10] \\
c9          &  [-1.96, new\_cluster] &  [-16.45, c1] &  [-3.42, c2] &   [-6.3, c3] &  [-0.87, c4] &  [-6.84, c5] &  [-0.01, c6] &  [-15.17, c7] &  [-20.34, c8] &         [0, ] &          [0, ] \\
c10         &  [-1.96, new\_cluster] &  [-17.02, c1] &  [-2.73, c2] &  [-5.07, c3] &  [-0.69, c4] &  [-6.89, c5] &  [-0.02, c6] &  [-15.17, c7] &  [-14.35, c8] &         [0, ] &          [0, ] \\
\bottomrule
\end{tabular}

