Experiment_path: Random_Seeds//V4/Experiment_04_7
Dataset_Path: ../_00_Datasets/03_SimDaten_Quiroga2020/C_Burst_Easy2_noise015.mat
Dataset_name: ['03_SimDaten_Quiroga2020', 'C_Burst_Easy2_noise015.mat']
Variant_name: Variant_04_Offline_Autoencoder_QLearning
Visualisation_Path: Random_Seeds//V4/Experiment_04_7/C_Burst_Easy2_noise015.mat/Variant_04_Offline_Autoencoder_QLearning/2023_04_15-11_44_42
Punishment_Coefficient: 0.7
<_01_LoadDataset.ExternCode.spike_class.spike_dataclass object at 0x000001F2BC04ECF8>
Sampling rate: 24000.0
Raw: [ 0.24336953  0.26920333  0.26782334 ... -0.02629827 -0.02223585
 -0.02239043]
Times: [    195     430     737 ... 1439108 1439373 1439782]
Cluster: [2 1 1 ... 2 3 1]
Number of different clusters:  3
Number of Spikes: 3442
First aligned Spike Frame: [-0.01689698 -0.02635498 -0.01562648  0.02897143  0.09419909  0.16126917
  0.22354469  0.27941475  0.32258352  0.34699582  0.35463705  0.34576274
  0.299707    0.15447276 -0.11443537 -0.29135945 -0.02374047  0.60144887
  1.08218794  1.17595279  1.04108946  0.87905736  0.74420278  0.62460764
  0.52287424  0.43951429  0.36219288  0.28506818  0.21680111  0.17041962
  0.1410207   0.12802623  0.13803385  0.16548243  0.19507167  0.22209636
  0.24476727  0.25441697  0.2415664   0.21156445  0.18433246  0.16716092
  0.15280507  0.14158827  0.14947965  0.19464084  0.26501024]
Cluster 0, Occurrences: 1159
Cluster 1, Occurrences: 1156
Cluster 2, Occurrences: 1127
Train Index: 3098
x_train: 3098
y_train: 3098
x_test: 344
y_test: 344
<torch.utils.data.dataloader.DataLoader object at 0x000001F2BCD888D0>
<torch.utils.data.dataloader.DataLoader object at 0x000001F2BCD889E8>
Epoch [1/8]: mean_loss=0.00034162631210870437
Epoch [2/8]: mean_loss=0.00019624037502767618
Epoch [3/8]: mean_loss=0.00018974114352208308
Epoch [4/8]: mean_loss=0.0001883540126501677
Epoch [5/8]: mean_loss=0.0001875064830284318
Epoch [6/8]: mean_loss=0.00018724435082113092
Epoch [7/8]: mean_loss=0.00018690079349899404
Epoch [8/8]: mean_loss=0.0001868697610371695
Number of Clusters: 3
Number of Samples after Autoencoder testing: 344
First Spike after testing: [0.86059064 0.7051556 ]
[2, 0, 1, 1, 2, 2, 0, 1, 2, 2, 0, 0, 1, 0, 2, 1, 0, 0, 1, 2, 0, 2, 0, 2, 0, 2, 0, 0, 2, 2, 2, 1, 0, 2, 0, 1, 1, 1, 2, 0, 0, 2, 1, 1, 1, 0, 0, 1, 0, 2, 1, 1, 0, 2, 2, 0, 2, 0, 1, 2, 1, 0, 1, 0, 1, 0, 2, 1, 0, 0, 2, 0, 1, 1, 2, 1, 2, 2, 2, 2, 1, 0, 1, 2, 0, 1, 2, 0, 0, 2, 2, 2, 0, 2, 2, 0, 1, 1, 2, 0, 2, 0, 1, 1, 2, 0, 2, 1, 2, 1, 0, 0, 0, 0, 2, 1, 2, 1, 1, 2, 0, 0, 1, 2, 1, 2, 2, 0, 1, 0, 0, 1, 2, 0, 1, 2, 2, 2, 2, 2, 0, 2, 0, 1, 0, 2, 1, 1, 0, 2, 1, 0, 1, 2, 0, 2, 2, 0, 1, 2, 1, 0, 0, 1, 2, 2, 0, 2, 0, 0, 1, 2, 0, 2, 0, 2, 1, 0, 0, 2, 0, 0, 2, 0, 1, 1, 0, 0, 1, 2, 2, 1, 1, 1, 2, 2, 0, 2, 0, 2, 0, 2, 2, 1, 1, 1, 0, 0, 0, 0, 1, 2, 0, 1, 0, 2, 1, 0, 0, 2, 1, 0, 1, 1, 0, 1, 1, 1, 0, 2, 2, 0, 0, 0, 2, 0, 1, 0, 2, 0, 0, 1, 2, 2, 1, 2, 2, 1, 0, 1, 2, 0, 2, 0, 2, 2, 1, 0, 0, 1, 0, 2, 2, 2, 0, 2, 0, 0, 2, 2, 2, 1, 1, 0, 0, 2, 0, 2, 1, 0, 0, 1, 1, 2, 0, 1, 2, 2, 1, 2, 0, 1, 2, 1, 2, 2, 0, 2, 2, 2, 1, 1, 2, 1, 0, 1, 0, 0, 0, 2, 2, 1, 0, 2, 0, 1, 0, 0, 0, 1, 1, 1, 1, 1, 2, 0, 1, 0, 0, 1, 1, 1, 1, 1, 1, 0, 0, 1, 2, 1, 2, 1, 2, 0]
[0, 1, 1, 1, 0, 0, 1, 1, 0, 0, 1, 1, 1, 1, 0, 1, 1, 1, 1, 0, 1, 0, 1, 0, 1, 0, 1, 1, 0, 0, 0, 1, 1, 0, 1, 1, 1, 1, 0, 1, 1, 0, 1, 1, 1, 1, 1, 1, 1, 0, 1, 1, 1, 0, 0, 1, 0, 1, 1, 0, 1, 1, 1, 1, 1, 1, 0, 1, 1, 1, 0, 1, 1, 1, 0, 1, 0, 0, 0, 0, 1, 1, 1, 0, 1, 1, 0, 1, 1, 0, 0, 0, 1, 0, 0, 1, 1, 1, 0, 1, 0, 1, 1, 1, 0, 1, 0, 1, 0, 1, 1, 1, 1, 1, 0, 1, 0, 1, 1, 0, 1, 1, 2, 0, 1, 0, 0, 1, 1, 1, 1, 1, 0, 1, 1, 0, 0, 0, 0, 0, 1, 0, 1, 1, 1, 0, 2, 2, 1, 0, 2, 1, 1, 0, 1, 0, 0, 1, 1, 0, 2, 1, 1, 1, 0, 0, 1, 0, 1, 1, 1, 0, 1, 0, 1, 2, 2, 1, 2, 0, 1, 1, 0, 1, 1, 2, 1, 1, 2, 0, 0, 2, 2, 2, 0, 0, 1, 0, 1, 0, 1, 0, 0, 1, 2, 1, 1, 1, 1, 1, 1, 0, 1, 2, 1, 0, 2, 1, 1, 0, 2, 1, 2, 2, 1, 2, 2, 2, 1, 0, 0, 1, 1, 1, 0, 1, 2, 1, 0, 1, 1, 2, 0, 0, 2, 0, 0, 1, 1, 2, 0, 1, 0, 1, 0, 0, 2, 1, 1, 2, 1, 0, 0, 0, 1, 0, 1, 1, 0, 0, 0, 2, 2, 1, 1, 0, 2, 0, 2, 1, 1, 1, 2, 0, 1, 2, 0, 0, 2, 0, 1, 2, 0, 2, 0, 0, 1, 0, 0, 0, 2, 2, 0, 2, 1, 2, 1, 1, 1, 0, 0, 2, 1, 0, 1, 2, 1, 1, 1, 2, 2, 2, 1, 2, 0, 1, 2, 1, 1, 2, 2, 2, 2, 2, 2, 1, 1, 2, 0, 2, 0, 2, 0, 2]
Centroids: [[-0.73606354, -1.1304775], [-0.23248397, -0.46979818], [1.1746894, 0.45778492]]
Centroids: [[1.1774683, 0.4651137], [-0.62643206, -0.965462], [-0.109676115, -0.39396876]]
Contingency Matrix: 
[[  0 118   3]
 [  0  52  54]
 [116   0   1]]
[[0, 118, 3], [0, 52, 54], [116, 0, 1]]
[[0, 118, 3], [0, 52, 54], [116, 0, 1]]
[0, 1, 2]
[[-1, -1, -1], [0, -1, 54], [116, -1, 1]]
[[-1, -1, -1], [-1, -1, 54], [-1, -1, -1]]
[[-1, -1, -1], [-1, -1, -1], [-1, -1, -1]]
Match_Labels: {0: 1, 2: 0, 1: 2}
New Contingency Matrix: 
[[118   3   0]
 [ 52  54   0]
 [  0   1 116]]
New Clustered Label Sequence: [1, 2, 0]
Diagonal_Elements: [118, 54, 116], Sum: 288
All_Elements: [118, 3, 0, 52, 54, 0, 0, 1, 116], Sum: 344
Accuracy: 0.8372093023255814
