Experiment_path: AE_Model_2/Epochs_2_4_6_8_20/08_Experiment_05_Epochs
Dataset_Path: ../_00_Datasets/03_SimDaten_Quiroga2020/C_Easy1_noise035.mat
Dataset_name: ['03_SimDaten_Quiroga2020', 'C_Easy1_noise035.mat']
Variant_name: Variant_05_Epochs_8
Visualisation_Path: AE_Model_2/Epochs_2_4_6_8_20/08_Experiment_05_Epochs/C_Easy1_noise035.mat/V05_Online_AE_QL/2023_05_11-01_22_53
Punishment_Coefficient: 1.5
<_01_LoadDataset.ExternCode.spike_class.spike_dataclass object at 0x0000024608D33278>
Sampling rate: 24000.0
Raw: [-0.01748803 -0.01945498 -0.02011069 ... -0.20744344 -0.24709427
 -0.25077586]
Times: [    662    1043    2861 ... 1439172 1439620 1439793]
Cluster: [1 2 3 ... 3 3 2]
Number of different clusters:  3
Number of Spikes: 3534
First aligned Spike Frame: [ 0.43999329  0.4839933   0.52909327  0.52642944  0.43496308  0.26335103
  0.0652557  -0.09376199 -0.19786698 -0.28302287 -0.39101775 -0.51215993
 -0.44771361  0.07217119  0.76700554  0.91966677  0.38465989 -0.27458603
 -0.59813837 -0.63307973 -0.5997719  -0.60009658 -0.61792931 -0.61010846
 -0.56778745 -0.50195254 -0.4233035  -0.35404397 -0.29120082 -0.20969116
 -0.09592158  0.02951377  0.1302449   0.18393993  0.21396859  0.24968719
  0.25635801  0.17294061 -0.01474948 -0.24084414 -0.43698551 -0.59191978
 -0.72153644 -0.80995398 -0.82451785 -0.75320979 -0.64145157]
Cluster 0, Occurrences: 1208
Cluster 1, Occurrences: 1137
Cluster 2, Occurrences: 1189
Number of Clusters: 3
Online_Training [1/700]: mean_loss=0.24250935018062592
Online_Training [2/700]: mean_loss=0.30755768343806267
Online_Training [3/700]: mean_loss=0.8155114129185677
Online_Training [4/700]: mean_loss=0.3472812548279762
Online_Training [5/700]: mean_loss=0.3812336251139641
Online_Training [6/700]: mean_loss=0.10381869878619909
Online_Training [7/700]: mean_loss=0.20923802442848682
Online_Training [8/700]: mean_loss=0.19944708421826363
Online_Training [9/700]: mean_loss=0.12449843715876341
Online_Training [10/700]: mean_loss=0.737969383597374
Online_Training [11/700]: mean_loss=0.7861589342355728
Online_Training [12/700]: mean_loss=0.300646536052227
Online_Training [13/700]: mean_loss=0.3811856023967266
Online_Training [14/700]: mean_loss=0.17256972193717957
Online_Training [15/700]: mean_loss=0.29496733844280243
Online_Training [16/700]: mean_loss=0.08104617055505514
Online_Training [17/700]: mean_loss=0.2980463467538357
Online_Training [18/700]: mean_loss=0.17852269113063812
Online_Training [19/700]: mean_loss=0.10265733767300844
Online_Training [20/700]: mean_loss=0.3406606800854206
Online_Training [21/700]: mean_loss=0.17328646779060364
Online_Training [22/700]: mean_loss=0.3214990794658661
Online_Training [23/700]: mean_loss=0.10498737450689077
Online_Training [24/700]: mean_loss=0.22472275607287884
Online_Training [25/700]: mean_loss=0.1814324539154768
Online_Training [26/700]: mean_loss=0.11394559871405363
Online_Training [27/700]: mean_loss=0.08435830846428871
Online_Training [28/700]: mean_loss=0.17846021614968777
Online_Training [29/700]: mean_loss=0.42736342921853065
Online_Training [30/700]: mean_loss=0.3842437379062176
Online_Training [31/700]: mean_loss=0.127707258798182
Online_Training [32/700]: mean_loss=0.4381319731473923
Online_Training [33/700]: mean_loss=0.1560197789222002
Online_Training [34/700]: mean_loss=0.21332196332514286
Online_Training [35/700]: mean_loss=0.13425369560718536
Online_Training [36/700]: mean_loss=0.06914911139756441
Online_Training [37/700]: mean_loss=0.04237658157944679
Online_Training [38/700]: mean_loss=0.11574092041701078
Online_Training [39/700]: mean_loss=0.1709567829966545
Online_Training [40/700]: mean_loss=0.1310995826497674
Online_Training [41/700]: mean_loss=0.2507405485957861
Online_Training [42/700]: mean_loss=0.19832063652575016
Online_Training [43/700]: mean_loss=0.06710442528128624
Online_Training [44/700]: mean_loss=0.1915582101792097
Online_Training [45/700]: mean_loss=0.47513772919774055
Online_Training [46/700]: mean_loss=0.3133830167353153
Online_Training [47/700]: mean_loss=0.11611533630639315
Online_Training [48/700]: mean_loss=0.1863153837621212
Online_Training [49/700]: mean_loss=0.6050011813640594
Online_Training [50/700]: mean_loss=0.19875557720661163
Online_Training [51/700]: mean_loss=0.10160743072628975
Online_Training [52/700]: mean_loss=0.15908648818731308
Online_Training [53/700]: mean_loss=0.17773114517331123
Online_Training [54/700]: mean_loss=0.055809634272009134
Online_Training [55/700]: mean_loss=0.42927859351038933
Online_Training [56/700]: mean_loss=0.20681174844503403
Online_Training [57/700]: mean_loss=0.06268236972391605
Online_Training [58/700]: mean_loss=0.2005415242165327
Online_Training [59/700]: mean_loss=0.16286531649529934
Online_Training [60/700]: mean_loss=0.15645011328160763
Online_Training [61/700]: mean_loss=0.1182139040902257
Online_Training [62/700]: mean_loss=0.19859509356319904
Online_Training [63/700]: mean_loss=0.122573122382164
Online_Training [64/700]: mean_loss=0.08348744828253984
Online_Training [65/700]: mean_loss=0.23944700323045254
Online_Training [66/700]: mean_loss=0.6602336093783379
Online_Training [67/700]: mean_loss=0.10061898361891508
Online_Training [68/700]: mean_loss=0.13263578619807959
Online_Training [69/700]: mean_loss=0.1275299098342657
Online_Training [70/700]: mean_loss=0.04305675672367215
Online_Training [71/700]: mean_loss=0.07642880640923977
Online_Training [72/700]: mean_loss=0.1661215927451849
Online_Training [73/700]: mean_loss=0.04790127510204911
Online_Training [74/700]: mean_loss=0.1852447371929884
Online_Training [75/700]: mean_loss=0.258096843957901
Online_Training [76/700]: mean_loss=0.08542698482051492
Online_Training [77/700]: mean_loss=0.12374807707965374
Online_Training [78/700]: mean_loss=0.1198617396876216
Online_Training [79/700]: mean_loss=0.18945278227329254
Online_Training [80/700]: mean_loss=0.08891020249575377
Online_Training [81/700]: mean_loss=0.09193497058004141
Online_Training [82/700]: mean_loss=0.10045152436941862
Online_Training [83/700]: mean_loss=0.13301651179790497
Online_Training [84/700]: mean_loss=0.2922940328717232
Online_Training [85/700]: mean_loss=0.07180473674088717
Online_Training [86/700]: mean_loss=0.05662336386740208
Online_Training [87/700]: mean_loss=0.20660694036632776
Online_Training [88/700]: mean_loss=0.1383423414081335
Online_Training [89/700]: mean_loss=0.09715983597561717
Online_Training [90/700]: mean_loss=0.1463199406862259
Online_Training [91/700]: mean_loss=0.06103878701105714
Online_Training [92/700]: mean_loss=0.10491787921637297
Online_Training [93/700]: mean_loss=0.08011893648654222
Online_Training [94/700]: mean_loss=0.023564114468172193
Online_Training [95/700]: mean_loss=0.05492329690605402
Online_Training [96/700]: mean_loss=0.23988508433103561
Online_Training [97/700]: mean_loss=0.20026703737676144
Online_Training [98/700]: mean_loss=0.1017896980047226
Online_Training [99/700]: mean_loss=0.060731221456080675
Online_Training [100/700]: mean_loss=0.2419031821191311
Online_Training [101/700]: mean_loss=0.14067973662167788
Online_Training [102/700]: mean_loss=0.0352805033326149
Online_Training [103/700]: mean_loss=0.038433101028203964
Online_Training [104/700]: mean_loss=0.07724225986748934
Online_Training [105/700]: mean_loss=0.16074813343584538
Online_Training [106/700]: mean_loss=0.14452527090907097
Online_Training [107/700]: mean_loss=0.14532572217285633
Online_Training [108/700]: mean_loss=0.12912968918681145
Online_Training [109/700]: mean_loss=0.1325846565887332
Online_Training [110/700]: mean_loss=0.05234034080058336
Online_Training [111/700]: mean_loss=0.07238240167498589
Online_Training [112/700]: mean_loss=0.06397231668233871
Online_Training [113/700]: mean_loss=0.10007474198937416
Online_Training [114/700]: mean_loss=0.06791913136839867
Online_Training [115/700]: mean_loss=0.029526062309741974
Online_Training [116/700]: mean_loss=0.09446341078728437
Online_Training [117/700]: mean_loss=0.12422912009060383
Online_Training [118/700]: mean_loss=0.08024326991289854
Online_Training [119/700]: mean_loss=0.10689735319465399
Online_Training [120/700]: mean_loss=0.15325911715626717
Online_Training [121/700]: mean_loss=0.11754661612212658
Online_Training [122/700]: mean_loss=0.04771604994311929
Online_Training [123/700]: mean_loss=0.12499864399433136
Online_Training [124/700]: mean_loss=0.07599836029112339
Online_Training [125/700]: mean_loss=0.07417750637978315
Online_Training [126/700]: mean_loss=0.28704629838466644
Online_Training [127/700]: mean_loss=0.1214808989316225
Online_Training [128/700]: mean_loss=0.125187736004591
Online_Training [129/700]: mean_loss=0.0863256873562932
Online_Training [130/700]: mean_loss=0.05281607806682587
Online_Training [131/700]: mean_loss=0.0658148992806673
Online_Training [132/700]: mean_loss=0.46009741723537445
Online_Training [133/700]: mean_loss=0.24751939438283443
Online_Training [134/700]: mean_loss=0.022879372583702207
Online_Training [135/700]: mean_loss=0.16305183619260788
Online_Training [136/700]: mean_loss=0.07668575830757618
Online_Training [137/700]: mean_loss=0.14315451122820377
Online_Training [138/700]: mean_loss=0.15228118188679218
Online_Training [139/700]: mean_loss=0.07103690039366484
Online_Training [140/700]: mean_loss=0.07455620542168617
Online_Training [141/700]: mean_loss=0.09258237201720476
Online_Training [142/700]: mean_loss=0.08150458429008722
Online_Training [143/700]: mean_loss=0.08454775717109442
Online_Training [144/700]: mean_loss=0.05278218677267432
Online_Training [145/700]: mean_loss=0.3266316428780556
Online_Training [146/700]: mean_loss=0.1245387876406312
Online_Training [147/700]: mean_loss=0.1691582389175892
Online_Training [148/700]: mean_loss=0.16313246823847294
Online_Training [149/700]: mean_loss=0.037971016485244036
Online_Training [150/700]: mean_loss=0.11134015209972858
Online_Training [151/700]: mean_loss=0.1043484527617693
Online_Training [152/700]: mean_loss=0.04727176995947957
Online_Training [153/700]: mean_loss=0.03672132035717368
Online_Training [154/700]: mean_loss=0.10135461762547493
Online_Training [155/700]: mean_loss=0.0802213829010725
Online_Training [156/700]: mean_loss=0.1408283580094576
Online_Training [157/700]: mean_loss=0.09957364574074745
Online_Training [158/700]: mean_loss=0.07741416059434414
Online_Training [159/700]: mean_loss=0.17431870102882385
Online_Training [160/700]: mean_loss=0.10915015824139118
Online_Training [161/700]: mean_loss=0.20269149914383888
Online_Training [162/700]: mean_loss=0.12230292055755854
Online_Training [163/700]: mean_loss=0.22579293884336948
Online_Training [164/700]: mean_loss=0.03826220566406846
Online_Training [165/700]: mean_loss=0.07383451983332634
Online_Training [166/700]: mean_loss=0.04902695817872882
Online_Training [167/700]: mean_loss=0.07968959677964449
Online_Training [168/700]: mean_loss=0.16223281808197498
Online_Training [169/700]: mean_loss=0.18138074688613415
Online_Training [170/700]: mean_loss=0.035262497840449214
Online_Training [171/700]: mean_loss=0.12709719873964787
Online_Training [172/700]: mean_loss=0.20257867127656937
Online_Training [173/700]: mean_loss=0.06495276559144258
Online_Training [174/700]: mean_loss=0.08840353600680828
Online_Training [175/700]: mean_loss=0.17347864992916584
Online_Training [176/700]: mean_loss=0.4543381370604038
Online_Training [177/700]: mean_loss=0.3605448119342327
Online_Training [178/700]: mean_loss=0.18070901930332184
Online_Training [179/700]: mean_loss=0.04181547975167632
Online_Training [180/700]: mean_loss=0.08787964098155499
Online_Training [181/700]: mean_loss=0.19835362397134304
Online_Training [182/700]: mean_loss=0.11136624030768871
Online_Training [183/700]: mean_loss=0.19728489965200424
Online_Training [184/700]: mean_loss=0.04515914851799607
Online_Training [185/700]: mean_loss=0.1656715888530016
Online_Training [186/700]: mean_loss=0.1908507701009512
Online_Training [187/700]: mean_loss=0.04321915237233043
Online_Training [188/700]: mean_loss=0.14003807120025158
Online_Training [189/700]: mean_loss=0.058621213771402836
Online_Training [190/700]: mean_loss=0.02502544689923525
Online_Training [191/700]: mean_loss=0.11813674960285425
Online_Training [192/700]: mean_loss=0.14489353075623512
Online_Training [193/700]: mean_loss=0.03658434143289924
Online_Training [194/700]: mean_loss=0.1750874798744917
Online_Training [195/700]: mean_loss=0.1935331765562296
Online_Training [196/700]: mean_loss=0.06891756411641836
Online_Training [197/700]: mean_loss=0.19649743288755417
Online_Training [198/700]: mean_loss=0.09946313686668873
Online_Training [199/700]: mean_loss=0.19139152020215988
Online_Training [200/700]: mean_loss=0.06578314863145351
Online_Training [201/700]: mean_loss=0.1239958293735981
Online_Training [202/700]: mean_loss=0.1059333709999919
Online_Training [203/700]: mean_loss=0.06363044586032629
Online_Training [204/700]: mean_loss=0.07964455336332321
Online_Training [205/700]: mean_loss=0.13250710256397724
Online_Training [206/700]: mean_loss=0.06187670864164829
Online_Training [207/700]: mean_loss=0.11682626977562904
Online_Training [208/700]: mean_loss=0.27957461401820183
Online_Training [209/700]: mean_loss=0.16192479617893696
Online_Training [210/700]: mean_loss=0.14752011559903622
Online_Training [211/700]: mean_loss=0.13740903325378895
Online_Training [212/700]: mean_loss=0.0318283278029412
Online_Training [213/700]: mean_loss=0.08965455368161201
Online_Training [214/700]: mean_loss=0.059487422462552786
Online_Training [215/700]: mean_loss=0.027224275982007384
Online_Training [216/700]: mean_loss=0.08504845853894949
Online_Training [217/700]: mean_loss=0.056192693300545216
Online_Training [218/700]: mean_loss=0.08397188875824213
Online_Training [219/700]: mean_loss=0.07970098685473204
Online_Training [220/700]: mean_loss=0.04480257770046592
Online_Training [221/700]: mean_loss=0.1676137112081051
Online_Training [222/700]: mean_loss=0.027067797491326928
Online_Training [223/700]: mean_loss=0.08327465876936913
Online_Training [224/700]: mean_loss=0.11118718702346087
Online_Training [225/700]: mean_loss=0.07685354724526405
Online_Training [226/700]: mean_loss=0.10220346506685019
Online_Training [227/700]: mean_loss=0.06304747937247157
Online_Training [228/700]: mean_loss=0.23987248726189137
Online_Training [229/700]: mean_loss=0.05056968377903104
Online_Training [230/700]: mean_loss=0.10394535958766937
Online_Training [231/700]: mean_loss=0.3134946674108505
Online_Training [232/700]: mean_loss=0.04007716616615653
Online_Training [233/700]: mean_loss=0.08517653029412031
Online_Training [234/700]: mean_loss=0.04042492667213082
Online_Training [235/700]: mean_loss=0.06535065080970526
Online_Training [236/700]: mean_loss=0.0618058773688972
Online_Training [237/700]: mean_loss=0.0313058546744287
Online_Training [238/700]: mean_loss=0.12574420403689146
Online_Training [239/700]: mean_loss=0.15743068419396877
Online_Training [240/700]: mean_loss=0.0750636188313365
Online_Training [241/700]: mean_loss=0.03280753688886762
Online_Training [242/700]: mean_loss=0.1061063976958394
Online_Training [243/700]: mean_loss=0.08437160216271877
Online_Training [244/700]: mean_loss=0.08216528687626123
Online_Training [245/700]: mean_loss=0.06300400663167238
Online_Training [246/700]: mean_loss=0.05600649770349264
Online_Training [247/700]: mean_loss=0.07530688028782606
Online_Training [248/700]: mean_loss=0.10937829501926899
Online_Training [249/700]: mean_loss=0.10064984671771526
Online_Training [250/700]: mean_loss=0.06973376777023077
Online_Training [251/700]: mean_loss=0.1147475354373455
Online_Training [252/700]: mean_loss=0.023945528315380216
Online_Training [253/700]: mean_loss=0.05047008115798235
Online_Training [254/700]: mean_loss=0.1653603222221136
Online_Training [255/700]: mean_loss=0.47221871837973595
Online_Training [256/700]: mean_loss=0.4727412164211273
Online_Training [257/700]: mean_loss=0.07156430371105671
Online_Training [258/700]: mean_loss=0.07514078635722399
Online_Training [259/700]: mean_loss=0.07437524478882551
Online_Training [260/700]: mean_loss=0.07467643357813358
Online_Training [261/700]: mean_loss=0.08697565831243992
Online_Training [262/700]: mean_loss=0.07018262706696987
Online_Training [263/700]: mean_loss=0.05799147207289934
Online_Training [264/700]: mean_loss=0.030667877988889813
Online_Training [265/700]: mean_loss=0.015081426477991045
Online_Training [266/700]: mean_loss=0.10190844908356667
Online_Training [267/700]: mean_loss=0.08769737370312214
Online_Training [268/700]: mean_loss=0.17118646949529648
Online_Training [269/700]: mean_loss=0.034208932192996144
Online_Training [270/700]: mean_loss=0.12196778226643801
Online_Training [271/700]: mean_loss=0.180718706920743
Online_Training [272/700]: mean_loss=0.10483650863170624
Online_Training [273/700]: mean_loss=0.5645790621638298
Online_Training [274/700]: mean_loss=0.0851153451949358
Online_Training [275/700]: mean_loss=0.14635768346488476
Online_Training [276/700]: mean_loss=0.14375005848705769
Online_Training [277/700]: mean_loss=0.3272121101617813
Online_Training [278/700]: mean_loss=0.2612367309629917
Online_Training [279/700]: mean_loss=0.0524013196118176
Online_Training [280/700]: mean_loss=0.09200422093272209
Online_Training [281/700]: mean_loss=0.03854616405442357
Online_Training [282/700]: mean_loss=0.07503760419785976
Online_Training [283/700]: mean_loss=0.10366138257086277
Online_Training [284/700]: mean_loss=0.14257538877427578
Online_Training [285/700]: mean_loss=0.10142201744019985
Online_Training [286/700]: mean_loss=0.22792471013963223
Online_Training [287/700]: mean_loss=0.13264225050807
Online_Training [288/700]: mean_loss=0.1256211083382368
Online_Training [289/700]: mean_loss=0.10410357639193535
Online_Training [290/700]: mean_loss=0.04633736051619053
Online_Training [291/700]: mean_loss=0.08452002331614494
Online_Training [292/700]: mean_loss=0.07310173567384481
Online_Training [293/700]: mean_loss=0.1680894624441862
Online_Training [294/700]: mean_loss=0.03155056806281209
Online_Training [295/700]: mean_loss=0.044904000125825405
Online_Training [296/700]: mean_loss=0.07460199110209942
Online_Training [297/700]: mean_loss=0.052231688518077135
Online_Training [298/700]: mean_loss=0.35975179448723793
Online_Training [299/700]: mean_loss=0.2758052721619606
Online_Training [300/700]: mean_loss=0.05709068011492491
Online_Training [301/700]: mean_loss=0.24563728459179401
Online_Training [302/700]: mean_loss=0.3338821828365326
Online_Training [303/700]: mean_loss=0.08493485301733017
Online_Training [304/700]: mean_loss=0.06600671587511897
Online_Training [305/700]: mean_loss=0.06210270430892706
Online_Training [306/700]: mean_loss=0.03847474092617631
Online_Training [307/700]: mean_loss=0.014475437346845865
Online_Training [308/700]: mean_loss=0.10967704094946384
Online_Training [309/700]: mean_loss=0.08707426954060793
Online_Training [310/700]: mean_loss=0.10346742812544107
Online_Training [311/700]: mean_loss=0.08064182009547949
Online_Training [312/700]: mean_loss=0.05310727097094059
Online_Training [313/700]: mean_loss=0.22182816825807095
Online_Training [314/700]: mean_loss=0.061368466820567846
Online_Training [315/700]: mean_loss=0.2586938161402941
Online_Training [316/700]: mean_loss=0.10818678606301546
Online_Training [317/700]: mean_loss=0.035248523112386465
Online_Training [318/700]: mean_loss=0.09658471867442131
Online_Training [319/700]: mean_loss=0.12801626045256853
Online_Training [320/700]: mean_loss=0.1816610023379326
Online_Training [321/700]: mean_loss=0.04615612328052521
Online_Training [322/700]: mean_loss=0.08564485143870115
Online_Training [323/700]: mean_loss=0.17569339647889137
Online_Training [324/700]: mean_loss=0.21468441933393478
Online_Training [325/700]: mean_loss=0.07020718511193991
Online_Training [326/700]: mean_loss=0.057348718866705894
Online_Training [327/700]: mean_loss=0.054320769384503365
Online_Training [328/700]: mean_loss=0.3023854158818722
Online_Training [329/700]: mean_loss=0.04354959446936846
Online_Training [330/700]: mean_loss=0.43374914675951004
Online_Training [331/700]: mean_loss=0.032946810126304626
Online_Training [332/700]: mean_loss=0.19044560752809048
Online_Training [333/700]: mean_loss=0.14301643893122673
Online_Training [334/700]: mean_loss=0.4070791266858578
Online_Training [335/700]: mean_loss=0.06324695190414786
Online_Training [336/700]: mean_loss=0.037432034499943256
Online_Training [337/700]: mean_loss=0.136150773614645
Online_Training [338/700]: mean_loss=0.06718575954437256
Online_Training [339/700]: mean_loss=0.20214704424142838
Online_Training [340/700]: mean_loss=0.03285855310969055
Online_Training [341/700]: mean_loss=0.0860772579908371
Online_Training [342/700]: mean_loss=0.07112523820251226
Online_Training [343/700]: mean_loss=0.14278094470500946
Online_Training [344/700]: mean_loss=0.6399251967668533
Online_Training [345/700]: mean_loss=0.1830415576696396
Online_Training [346/700]: mean_loss=0.06542070349678397
Online_Training [347/700]: mean_loss=0.16697433404624462
Online_Training [348/700]: mean_loss=0.02447055676020682
Online_Training [349/700]: mean_loss=0.11415307503193617
Online_Training [350/700]: mean_loss=0.07226620428264141
Online_Training [351/700]: mean_loss=0.10369909927248955
Online_Training [352/700]: mean_loss=0.028216953855007887
Online_Training [353/700]: mean_loss=0.19048116728663445
Online_Training [354/700]: mean_loss=0.14475512132048607
Online_Training [355/700]: mean_loss=0.05703935166820884
Online_Training [356/700]: mean_loss=0.18066085316240788
Online_Training [357/700]: mean_loss=0.1359347328543663
Online_Training [358/700]: mean_loss=0.17166762799024582
Online_Training [359/700]: mean_loss=0.05962517112493515
Online_Training [360/700]: mean_loss=0.16636686213314533
Online_Training [361/700]: mean_loss=0.07778575085103512
Online_Training [362/700]: mean_loss=0.17572561278939247
Online_Training [363/700]: mean_loss=0.05306632025167346
Online_Training [364/700]: mean_loss=0.03870719950646162
Online_Training [365/700]: mean_loss=0.04253248544409871
Online_Training [366/700]: mean_loss=0.06465283967554569
Online_Training [367/700]: mean_loss=0.10229460708796978
Online_Training [368/700]: mean_loss=0.2269413322210312
Online_Training [369/700]: mean_loss=0.11603648029267788
Online_Training [370/700]: mean_loss=0.06940531637519598
Online_Training [371/700]: mean_loss=0.09242704417556524
Online_Training [372/700]: mean_loss=0.039932713843882084
Online_Training [373/700]: mean_loss=0.053012297954410315
Online_Training [374/700]: mean_loss=0.13710724655538797
Online_Training [375/700]: mean_loss=0.12335061188787222
Online_Training [376/700]: mean_loss=0.08717278391122818
Online_Training [377/700]: mean_loss=0.010626274161040783
Online_Training [378/700]: mean_loss=0.06336863804608583
Online_Training [379/700]: mean_loss=0.10402972996234894
Online_Training [380/700]: mean_loss=0.039479273837059736
Online_Training [381/700]: mean_loss=0.06343939946964383
Online_Training [382/700]: mean_loss=0.11923608276993036
Online_Training [383/700]: mean_loss=0.08173644170165062
Online_Training [384/700]: mean_loss=0.1459151692688465
Online_Training [385/700]: mean_loss=0.11252156551927328
Online_Training [386/700]: mean_loss=0.0995280696079135
Online_Training [387/700]: mean_loss=0.10052845627069473
Online_Training [388/700]: mean_loss=0.10007269866764545
Online_Training [389/700]: mean_loss=0.07207852508872747
Online_Training [390/700]: mean_loss=0.1060428200289607
Online_Training [391/700]: mean_loss=0.06006365455687046
Online_Training [392/700]: mean_loss=0.07192059885710478
Online_Training [393/700]: mean_loss=0.11425441317260265
Online_Training [394/700]: mean_loss=0.15967944264411926
Online_Training [395/700]: mean_loss=0.09871118608862162
Online_Training [396/700]: mean_loss=0.08593854866921902
Online_Training [397/700]: mean_loss=0.03037849720567465
Online_Training [398/700]: mean_loss=0.25272479467093945
Online_Training [399/700]: mean_loss=0.07707234844565392
Online_Training [400/700]: mean_loss=0.16118821687996387
Online_Training [401/700]: mean_loss=0.12135220132768154
Online_Training [402/700]: mean_loss=0.09027197677642107
Online_Training [403/700]: mean_loss=0.08378065563738346
Online_Training [404/700]: mean_loss=0.09309775661677122
Online_Training [405/700]: mean_loss=0.02961504436098039
Online_Training [406/700]: mean_loss=0.21994364447891712
Online_Training [407/700]: mean_loss=0.18077738769352436
Online_Training [408/700]: mean_loss=0.10118922032415867
Online_Training [409/700]: mean_loss=0.14495337568223476
Online_Training [410/700]: mean_loss=0.13561981171369553
Online_Training [411/700]: mean_loss=0.05962764611467719
Online_Training [412/700]: mean_loss=0.04598523210734129
Online_Training [413/700]: mean_loss=0.15640649944543839
Online_Training [414/700]: mean_loss=0.2944520115852356
Online_Training [415/700]: mean_loss=0.1073092045262456
Online_Training [416/700]: mean_loss=0.09225245099514723
Online_Training [417/700]: mean_loss=0.2343683373183012
Online_Training [418/700]: mean_loss=0.03817889001220465
Online_Training [419/700]: mean_loss=0.06249166326597333
Online_Training [420/700]: mean_loss=0.05838050786405802
Online_Training [421/700]: mean_loss=0.04441360151395202
Online_Training [422/700]: mean_loss=0.058066231198608875
Online_Training [423/700]: mean_loss=0.14542431384325027
Online_Training [424/700]: mean_loss=0.11618967726826668
Online_Training [425/700]: mean_loss=0.1386108621954918
Online_Training [426/700]: mean_loss=0.04248148202896118
Online_Training [427/700]: mean_loss=0.038699476048350334
Online_Training [428/700]: mean_loss=0.11205313261598349
Online_Training [429/700]: mean_loss=0.10387471783906221
Online_Training [430/700]: mean_loss=0.04028822248801589
Online_Training [431/700]: mean_loss=0.1859850399196148
Online_Training [432/700]: mean_loss=0.21933648362755775
Online_Training [433/700]: mean_loss=0.08166268514469266
Online_Training [434/700]: mean_loss=0.14365524798631668
Online_Training [435/700]: mean_loss=0.05867932457476854
Online_Training [436/700]: mean_loss=0.10241337865591049
Online_Training [437/700]: mean_loss=0.057016273494809866
Online_Training [438/700]: mean_loss=0.06796507630497217
Online_Training [439/700]: mean_loss=0.03346899198368192
Online_Training [440/700]: mean_loss=0.049150255508720875
Online_Training [441/700]: mean_loss=0.1383301466703415
Online_Training [442/700]: mean_loss=0.12029281817376614
Online_Training [443/700]: mean_loss=0.10243934579193592
Online_Training [444/700]: mean_loss=0.05178765766322613
Online_Training [445/700]: mean_loss=0.09749590512365103
Online_Training [446/700]: mean_loss=0.01933166617527604
Online_Training [447/700]: mean_loss=0.09935895167291164
Online_Training [448/700]: mean_loss=0.07160755945369601
Online_Training [449/700]: mean_loss=0.2264076303690672
Online_Training [450/700]: mean_loss=0.17138781305402517
Online_Training [451/700]: mean_loss=0.1960768699645996
Online_Training [452/700]: mean_loss=0.08850305061787367
Online_Training [453/700]: mean_loss=0.08647919446229935
Online_Training [454/700]: mean_loss=0.12586127035319805
Online_Training [455/700]: mean_loss=0.07175551168620586
Online_Training [456/700]: mean_loss=0.2708863150328398
Online_Training [457/700]: mean_loss=0.5887208953499794
Online_Training [458/700]: mean_loss=0.05616343952715397
Online_Training [459/700]: mean_loss=0.05900922371074557
Online_Training [460/700]: mean_loss=0.10630884114652872
Online_Training [461/700]: mean_loss=0.012431978597305715
Online_Training [462/700]: mean_loss=0.04605580726638436
Online_Training [463/700]: mean_loss=0.244289243593812
Online_Training [464/700]: mean_loss=0.2445252537727356
Online_Training [465/700]: mean_loss=0.028564101085066795
Online_Training [466/700]: mean_loss=0.04010058054700494
Online_Training [467/700]: mean_loss=0.07886048778891563
Online_Training [468/700]: mean_loss=0.06488625891506672
Online_Training [469/700]: mean_loss=0.04467283608391881
Online_Training [470/700]: mean_loss=0.1244721757248044
Online_Training [471/700]: mean_loss=0.09917873609811068
Online_Training [472/700]: mean_loss=0.05593840265646577
Online_Training [473/700]: mean_loss=0.2155905496329069
Online_Training [474/700]: mean_loss=0.1708445604890585
Online_Training [475/700]: mean_loss=0.0726654171012342
Online_Training [476/700]: mean_loss=0.36983394995331764
Online_Training [477/700]: mean_loss=0.3853539675474167
Online_Training [478/700]: mean_loss=0.054724423214793205
Online_Training [479/700]: mean_loss=0.1756585519760847
Online_Training [480/700]: mean_loss=0.1472775600850582
Online_Training [481/700]: mean_loss=0.1934842597693205
Online_Training [482/700]: mean_loss=0.029001404996961355
Online_Training [483/700]: mean_loss=0.11145964451134205
Online_Training [484/700]: mean_loss=0.031750194961205125
Online_Training [485/700]: mean_loss=0.2834462784230709
Online_Training [486/700]: mean_loss=0.025139532517641783
Online_Training [487/700]: mean_loss=0.04853383358567953
Online_Training [488/700]: mean_loss=0.08895795233547688
Online_Training [489/700]: mean_loss=0.08323015552014112
Online_Training [490/700]: mean_loss=0.06233625113964081
Online_Training [491/700]: mean_loss=0.07844212278723717
Online_Training [492/700]: mean_loss=0.07048525847494602
Online_Training [493/700]: mean_loss=0.18531525507569313
Online_Training [494/700]: mean_loss=0.2748463358730078
Online_Training [495/700]: mean_loss=0.09891471732407808
Online_Training [496/700]: mean_loss=0.03524505207315087
Online_Training [497/700]: mean_loss=0.05866470467299223
Online_Training [498/700]: mean_loss=0.17778051644563675
Online_Training [499/700]: mean_loss=0.1275686714798212
Online_Training [500/700]: mean_loss=0.10298578906804323
Online_Training [501/700]: mean_loss=0.07834660448133945
Online_Training [502/700]: mean_loss=0.17701389081776142
Online_Training [503/700]: mean_loss=0.04131590109318495
Online_Training [504/700]: mean_loss=0.1649146880954504
Online_Training [505/700]: mean_loss=0.13526085205376148
Online_Training [506/700]: mean_loss=0.03118752152658999
Online_Training [507/700]: mean_loss=0.0979875372722745
Online_Training [508/700]: mean_loss=0.05330470763146877
Online_Training [509/700]: mean_loss=0.052394246216863394
Online_Training [510/700]: mean_loss=0.05529648112133145
Online_Training [511/700]: mean_loss=0.024918881244957447
Online_Training [512/700]: mean_loss=0.24342610873281956
Online_Training [513/700]: mean_loss=0.05019080359488726
Online_Training [514/700]: mean_loss=0.07402161881327629
Online_Training [515/700]: mean_loss=0.11453124321997166
Online_Training [516/700]: mean_loss=0.031823667231947184
Online_Training [517/700]: mean_loss=0.24788597971200943
Online_Training [518/700]: mean_loss=0.08522236254066229
Online_Training [519/700]: mean_loss=0.04666277626529336
Online_Training [520/700]: mean_loss=0.6066068485379219
Online_Training [521/700]: mean_loss=0.06182871665805578
Online_Training [522/700]: mean_loss=0.03355267085134983
Online_Training [523/700]: mean_loss=0.09835128299891949
Online_Training [524/700]: mean_loss=0.06552231730893254
Online_Training [525/700]: mean_loss=0.03915256913751364
Online_Training [526/700]: mean_loss=0.05770392529666424
Online_Training [527/700]: mean_loss=0.15736504457890987
Online_Training [528/700]: mean_loss=0.1282936343923211
Online_Training [529/700]: mean_loss=0.06372296577319503
Online_Training [530/700]: mean_loss=0.13459381461143494
Online_Training [531/700]: mean_loss=0.12711495161056519
Online_Training [532/700]: mean_loss=0.2113604824990034
Online_Training [533/700]: mean_loss=0.08677633292973042
Online_Training [534/700]: mean_loss=0.02541699050925672
Online_Training [535/700]: mean_loss=0.07977517042309046
Online_Training [536/700]: mean_loss=0.08602645620703697
Online_Training [537/700]: mean_loss=0.029635027050971985
Online_Training [538/700]: mean_loss=0.11000554636120796
Online_Training [539/700]: mean_loss=0.07290109153836966
Online_Training [540/700]: mean_loss=0.14440985582768917
Online_Training [541/700]: mean_loss=0.13063363451510668
Online_Training [542/700]: mean_loss=0.0629856213927269
Online_Training [543/700]: mean_loss=0.045272184535861015
Online_Training [544/700]: mean_loss=0.04525886615738273
Online_Training [545/700]: mean_loss=0.08777796383947134
Online_Training [546/700]: mean_loss=0.06114373775199056
Online_Training [547/700]: mean_loss=0.1593367252498865
Online_Training [548/700]: mean_loss=0.07708404958248138
Online_Training [549/700]: mean_loss=0.07616761885583401
Online_Training [550/700]: mean_loss=0.1483027869835496
Online_Training [551/700]: mean_loss=0.09265316277742386
Online_Training [552/700]: mean_loss=0.06035850336775184
Online_Training [553/700]: mean_loss=0.03500897157937288
Online_Training [554/700]: mean_loss=0.21824031695723534
Online_Training [555/700]: mean_loss=0.08819950744509697
Online_Training [556/700]: mean_loss=0.05206682998687029
Online_Training [557/700]: mean_loss=0.10731709841638803
Online_Training [558/700]: mean_loss=0.0926873479038477
Online_Training [559/700]: mean_loss=0.11219184380024672
Online_Training [560/700]: mean_loss=0.26332131773233414
Online_Training [561/700]: mean_loss=0.0769626023247838
Online_Training [562/700]: mean_loss=0.08272780198603868
Online_Training [563/700]: mean_loss=0.15242835320532322
Online_Training [564/700]: mean_loss=0.09098846558481455
Online_Training [565/700]: mean_loss=0.05421381792984903
Online_Training [566/700]: mean_loss=0.1138818683102727
Online_Training [567/700]: mean_loss=0.0243853279389441
Online_Training [568/700]: mean_loss=0.0650119511410594
Online_Training [569/700]: mean_loss=0.0341103496029973
Online_Training [570/700]: mean_loss=0.07769967522472143
Online_Training [571/700]: mean_loss=0.03886398347094655
Online_Training [572/700]: mean_loss=0.04535741079598665
Online_Training [573/700]: mean_loss=0.11998763307929039
Online_Training [574/700]: mean_loss=0.1280495496466756
Online_Training [575/700]: mean_loss=0.026083310833200812
Online_Training [576/700]: mean_loss=0.06966543849557638
Online_Training [577/700]: mean_loss=0.047958552837371826
Online_Training [578/700]: mean_loss=0.03811190417036414
Online_Training [579/700]: mean_loss=0.08039607759565115
Online_Training [580/700]: mean_loss=0.21658141538500786
Online_Training [581/700]: mean_loss=0.0541176637634635
Online_Training [582/700]: mean_loss=0.08445858024060726
Online_Training [583/700]: mean_loss=0.07405271381139755
Online_Training [584/700]: mean_loss=0.17578351683914661
Online_Training [585/700]: mean_loss=0.13117230590432882
Online_Training [586/700]: mean_loss=0.06684479024261236
Online_Training [587/700]: mean_loss=0.11113937571644783
Online_Training [588/700]: mean_loss=0.08744650706648827
Online_Training [589/700]: mean_loss=0.13233886379748583
Online_Training [590/700]: mean_loss=0.16520188562572002
Online_Training [591/700]: mean_loss=0.0483147082850337
Online_Training [592/700]: mean_loss=0.0916241118684411
Online_Training [593/700]: mean_loss=0.1778747607022524
Online_Training [594/700]: mean_loss=0.11582962702959776
Online_Training [595/700]: mean_loss=0.1284034363925457
Online_Training [596/700]: mean_loss=0.05056320456787944
Online_Training [597/700]: mean_loss=0.07018406130373478
Online_Training [598/700]: mean_loss=0.2072827648371458
Online_Training [599/700]: mean_loss=0.04319746932014823
Online_Training [600/700]: mean_loss=0.09457547590136528
Online_Training [601/700]: mean_loss=0.041555828880518675
Online_Training [602/700]: mean_loss=0.17956174537539482
Online_Training [603/700]: mean_loss=0.06127181509509683
Online_Training [604/700]: mean_loss=0.03501348686404526
Online_Training [605/700]: mean_loss=0.07325329259037971
Online_Training [606/700]: mean_loss=0.05815251776948571
Online_Training [607/700]: mean_loss=0.10886980779469013
Online_Training [608/700]: mean_loss=0.036697021685540676
Online_Training [609/700]: mean_loss=0.1953519582748413
Online_Training [610/700]: mean_loss=0.14878651686012745
Online_Training [611/700]: mean_loss=0.18803704343736172
Online_Training [612/700]: mean_loss=0.10743277613073587
Online_Training [613/700]: mean_loss=0.04103705985471606
Online_Training [614/700]: mean_loss=0.09079957101494074
Online_Training [615/700]: mean_loss=0.040131480898708105
Online_Training [616/700]: mean_loss=0.04344442393630743
Online_Training [617/700]: mean_loss=0.0829767594113946
Online_Training [618/700]: mean_loss=0.44151945039629936
Online_Training [619/700]: mean_loss=0.1486322544515133
Online_Training [620/700]: mean_loss=0.052446719724684954
Online_Training [621/700]: mean_loss=0.06799482554197311
Online_Training [622/700]: mean_loss=0.18580571934580803
Online_Training [623/700]: mean_loss=0.11854560300707817
Online_Training [624/700]: mean_loss=0.04114038380794227
Online_Training [625/700]: mean_loss=0.10451983287930489
Online_Training [626/700]: mean_loss=0.11533008981496096
Online_Training [627/700]: mean_loss=0.06052013346925378
Online_Training [628/700]: mean_loss=0.037670130375772715
Online_Training [629/700]: mean_loss=0.11812743917107582
Online_Training [630/700]: mean_loss=0.14497072529047728
Online_Training [631/700]: mean_loss=0.0867014704272151
Online_Training [632/700]: mean_loss=0.05266378680244088
Online_Training [633/700]: mean_loss=0.04682435933500528
Online_Training [634/700]: mean_loss=0.11535031907260418
Online_Training [635/700]: mean_loss=0.04988355282694101
Online_Training [636/700]: mean_loss=0.05170250590890646
Online_Training [637/700]: mean_loss=0.06932759843766689
Online_Training [638/700]: mean_loss=0.11422273516654968
Online_Training [639/700]: mean_loss=0.13099482096731663
Online_Training [640/700]: mean_loss=0.12941599171608686
Online_Training [641/700]: mean_loss=0.22340993583202362
Online_Training [642/700]: mean_loss=0.011929270694963634
Online_Training [643/700]: mean_loss=0.11062490474432707
Online_Training [644/700]: mean_loss=0.04872197890654206
Online_Training [645/700]: mean_loss=0.21169486455619335
Online_Training [646/700]: mean_loss=0.0942548019811511
Online_Training [647/700]: mean_loss=0.2857801541686058
Online_Training [648/700]: mean_loss=0.11648935172706842
Online_Training [649/700]: mean_loss=0.048109014984220266
Online_Training [650/700]: mean_loss=0.056328730657696724
Online_Training [651/700]: mean_loss=0.05201779119670391
Online_Training [652/700]: mean_loss=0.05159549880772829
Online_Training [653/700]: mean_loss=0.07782950345426798
Online_Training [654/700]: mean_loss=0.07521825656294823
Online_Training [655/700]: mean_loss=0.12886055279523134
Online_Training [656/700]: mean_loss=0.04218533146195114
Online_Training [657/700]: mean_loss=0.07521804794669151
Online_Training [658/700]: mean_loss=0.09897453524172306
Online_Training [659/700]: mean_loss=0.13270227424800396
Online_Training [660/700]: mean_loss=0.06563087226822972
Online_Training [661/700]: mean_loss=0.09933081176131964
Online_Training [662/700]: mean_loss=0.5960065796971321
Online_Training [663/700]: mean_loss=0.06334018614143133
Online_Training [664/700]: mean_loss=0.0408807247877121
Online_Training [665/700]: mean_loss=0.048165202140808105
Online_Training [666/700]: mean_loss=0.0385206276550889
Online_Training [667/700]: mean_loss=0.1192270228639245
Online_Training [668/700]: mean_loss=0.31797507405281067
Online_Training [669/700]: mean_loss=0.04666216019541025
Online_Training [670/700]: mean_loss=0.11688331142067909
Online_Training [671/700]: mean_loss=0.13387522660195827
Online_Training [672/700]: mean_loss=0.0722439493983984
Online_Training [673/700]: mean_loss=0.1466598305851221
Online_Training [674/700]: mean_loss=0.07851049210876226
Online_Training [675/700]: mean_loss=0.07148102577775717
Online_Training [676/700]: mean_loss=0.029784643091261387
Online_Training [677/700]: mean_loss=0.07229889556765556
Online_Training [678/700]: mean_loss=0.10112574975937605
Online_Training [679/700]: mean_loss=0.03326938068494201
Online_Training [680/700]: mean_loss=0.08934755809605122
Online_Training [681/700]: mean_loss=0.21575723960995674
Online_Training [682/700]: mean_loss=0.09018772840499878
Online_Training [683/700]: mean_loss=0.033257412258535624
Online_Training [684/700]: mean_loss=0.21674841456115246
Online_Training [685/700]: mean_loss=0.07939124898985028
Online_Training [686/700]: mean_loss=0.201486025005579
Online_Training [687/700]: mean_loss=0.03703812276944518
Online_Training [688/700]: mean_loss=0.05085611343383789
Online_Training [689/700]: mean_loss=0.06820067297667265
Online_Training [690/700]: mean_loss=0.075802868232131
Online_Training [691/700]: mean_loss=0.05565793113783002
Online_Training [692/700]: mean_loss=0.06523166876286268
Online_Training [693/700]: mean_loss=0.03061593067832291
Online_Training [694/700]: mean_loss=0.22706826403737068
Online_Training [695/700]: mean_loss=0.048299390822649
Online_Training [696/700]: mean_loss=0.024630259489640594
Online_Training [697/700]: mean_loss=0.01960101258009672
Online_Training [698/700]: mean_loss=0.18742411211133003
Online_Training [699/700]: mean_loss=0.03620378999039531
Online_Training [700/700]: mean_loss=0.15068589337170124
Number of Samples after Autoencoder testing: 300
First Spike after testing: [1.2439747 2.6813183]
[2, 1, 1, 2, 2, 2, 1, 2, 2, 2, 0, 1, 2, 1, 1, 1, 2, 1, 1, 0, 0, 0, 1, 2, 2, 0, 0, 0, 1, 0, 2, 1, 1, 1, 1, 1, 2, 0, 2, 2, 2, 2, 2, 0, 2, 0, 0, 0, 2, 0, 1, 2, 0, 0, 1, 1, 1, 1, 1, 2, 2, 0, 0, 2, 0, 0, 2, 2, 2, 1, 2, 0, 0, 0, 1, 1, 2, 0, 1, 2, 2, 1, 1, 1, 2, 0, 2, 2, 0, 2, 1, 1, 1, 0, 2, 0, 0, 2, 1, 0, 0, 1, 2, 2, 0, 2, 0, 1, 1, 2, 2, 1, 0, 2, 1, 2, 0, 0, 2, 1, 2, 1, 2, 2, 2, 1, 1, 0, 1, 0, 2, 0, 0, 1, 0, 1, 0, 2, 0, 0, 2, 2, 2, 1, 2, 2, 2, 2, 0, 0, 1, 1, 2, 2, 2, 2, 0, 2, 0, 0, 0, 0, 2, 1, 0, 2, 0, 2, 1, 2, 1, 2, 0, 0, 1, 0, 2, 0, 0, 2, 2, 0, 0, 1, 2, 2, 2, 1, 2, 0, 0, 0, 1, 0, 2, 2, 0, 0, 0, 0, 2, 1, 0, 0, 1, 2, 2, 1, 1, 1, 1, 2, 0, 1, 2, 1, 0, 1, 0, 0, 0, 0, 0, 2, 1, 0, 2, 0, 0, 2, 0, 1, 1, 0, 2, 2, 2, 2, 1, 2, 0, 1, 2, 0, 0, 0, 2, 0, 0, 0, 1, 0, 1, 2, 2, 1, 0, 0, 2, 2, 1, 0, 0, 2, 0, 2, 0, 0, 2, 1, 0, 0, 0, 0, 2, 0, 2, 2, 0, 0, 1, 0, 0, 2, 2, 0, 2, 0, 0, 0, 1, 1, 1, 2, 2, 1, 0, 1, 1, 1]
[0, 1, 1, 0, 0, 0, 1, 0, 0, 0, 1, 1, 0, 1, 1, 1, 0, 1, 1, 1, 1, 1, 1, 1, 0, 0, 2, 0, 1, 2, 0, 1, 1, 1, 1, 1, 0, 1, 0, 0, 0, 0, 0, 1, 0, 2, 2, 2, 0, 2, 1, 0, 2, 2, 1, 1, 1, 1, 1, 0, 0, 2, 0, 0, 1, 2, 0, 0, 0, 1, 0, 2, 2, 2, 1, 1, 0, 2, 1, 0, 0, 1, 1, 1, 0, 2, 0, 0, 2, 0, 1, 1, 1, 2, 0, 1, 0, 1, 1, 2, 2, 1, 0, 0, 0, 0, 2, 1, 1, 0, 0, 1, 2, 2, 1, 1, 2, 2, 0, 1, 0, 1, 0, 0, 0, 1, 1, 2, 1, 2, 1, 2, 2, 1, 2, 1, 2, 0, 2, 2, 0, 0, 0, 1, 0, 2, 0, 0, 2, 2, 1, 1, 0, 0, 1, 0, 2, 0, 2, 2, 2, 2, 0, 1, 2, 0, 2, 0, 1, 0, 1, 0, 2, 2, 1, 2, 0, 2, 2, 0, 0, 2, 2, 1, 0, 0, 3, 1, 0, 4, 2, 2, 1, 2, 0, 0, 2, 0, 2, 2, 0, 1, 2, 2, 1, 3, 3, 1, 1, 1, 1, 0, 2, 1, 0, 1, 2, 1, 0, 2, 2, 2, 2, 3, 1, 2, 3, 0, 2, 0, 2, 1, 1, 2, 0, 0, 0, 2, 1, 0, 2, 1, 0, 2, 2, 2, 0, 2, 2, 2, 2, 2, 1, 0, 0, 1, 2, 2, 0, 0, 2, 2, 2, 0, 2, 0, 2, 2, 0, 1, 2, 2, 2, 2, 0, 2, 0, 0, 2, 2, 1, 2, 0, 0, 0, 2, 0, 2, 2, 2, 1, 1, 1, 0, 0, 1, 2, 1, 1, 1]
Centroids: [[-1.0581961, 0.91730714], [0.33872736, -1.2042015], [1.3151349, 1.6845167]]
Centroids: [[1.1653987, 1.7673689], [0.35919112, -1.0206383], [-1.1846815, 0.8503266], [3.1358619, 1.6543039], [-1.9860564, 4.5966735]]
Contingency Matrix: 
[[ 9  8 93  0  1]
 [ 0 80  2  0  0]
 [94  5  3  5  0]]
[[9, 8, 93, 0, 1], [0, 80, 2, 0, 0], [94, 5, 3, 5, 0]]
[[9, 8, 93, 0, 1], [0, 80, 2, 0, 0], [94, 5, 3, 5, 0]]
[0, 1, 2, 3, 4]
[[-1, 8, 93, 0, 1], [-1, 80, 2, 0, 0], [-1, -1, -1, -1, -1]]
[[-1, -1, -1, -1, -1], [-1, 80, -1, 0, 0], [-1, -1, -1, -1, -1]]
[[-1, -1, -1, -1, -1], [-1, -1, -1, -1, -1], [-1, -1, -1, -1, -1]]
Match_Labels: {2: 0, 0: 2, 1: 1}
New Contingency Matrix: 
[[93  8  9  0  1]
 [ 2 80  0  0  0]
 [ 3  5 94  5  0]]
New Clustered Label Sequence: [2, 1, 0, 3, 4]
Diagonal_Elements: [93, 80, 94], Sum: 267
All_Elements: [93, 8, 9, 0, 1, 2, 80, 0, 0, 0, 3, 5, 94, 5, 0], Sum: 300
Accuracy: 0.89
