Seed: 0
Experiment_path: Experiment_06
Dataset_Path: ../_00_Datasets/03_SimDaten_Quiroga2020/C_Difficult2_noise005.mat
Dataset_name: ['03_SimDaten_Quiroga2020', 'C_Difficult2_noise005.mat']
Variant_name: Variant_05_Online_Autoencoder_QLearning_opt
Visualisation_Path: AE_Model_2/Grid_Search_PC//V5_1/C_Difficult2_noise005.mat/Variant_05_Online_Autoencoder_QLearning_opt/2023_05_03-16_23_02
Normalisation: False
Template Matching: False
Optimising Autoencoder: True
Update Factor: 1
Noisy Batches: False
Noisy Factor: 0.001
Epochs: 8
Batch Size: 1
maximal Spikes for Autoencoder Training : 700
maximal Spikes for Training: 1000
Input Size: 47
Chosen Model: Convolutional Autoencoder
ConvolutionalAutoencoder(
  (encoder): Sequential(
    (0): Conv1d(1, 6, kernel_size=(6,), stride=(1,))
    (1): LeakyReLU(negative_slope=0.01)
    (2): Conv1d(6, 1, kernel_size=(6,), stride=(1,))
    (3): Flatten(start_dim=1, end_dim=-1)
    (4): Linear(in_features=37, out_features=2, bias=True)
  )
  (decoder): Sequential(
    (0): ConvTranspose1d(1, 6, kernel_size=(6,), stride=(1,))
    (1): LeakyReLU(negative_slope=0.01)
    (2): ConvTranspose1d(6, 1, kernel_size=(6,), stride=(1,))
    (3): Flatten(start_dim=1, end_dim=-1)
    (4): Linear(in_features=12, out_features=47, bias=True)
  )
)
MSELoss()
Adam (
Parameter Group 0
    amsgrad: False
    betas: (0.9, 0.999)
    capturable: False
    differentiable: False
    eps: 1e-08
    foreach: None
    fused: False
    lr: 0.001
    maximize: False
    weight_decay: 0
)
---Q Learning Parameters---
Normalisation: False
Punishment Coefficient: 0.2
Alpha: 0.8
Epsilon: 0.01
Gamma: 0.97
Initial Episode Number: 0
Episode Number Coefficient: 1.4
Number of Random Features: 20
Planning Number: 20
Max Random Features: 60
New Episode Number: 72
New Episode Number: 143
New Episode Number: 215
New Episode Number: 286
New Episode Number: 358
New Episode Number: 429
New Episode Number: 500
New Episode Number: 572
New Episode Number: 643
New Episode Number: 715
New Episode Number: 786
New Episode Number: 858
New Episode Number: 929
New Episode Number: 1000
New Episode Number: 1072
New Episode Number: 1143
New Episode Number: 1215
New Episode Number: 1286
New Episode Number: 1358
New Episode Number: 1429
New Episode Number: 1501
New Episode Number: 1572
New Episode Number: 1643
New Episode Number: 1715
New Episode Number: 1786
New Episode Number: 1858
New Episode Number: 1929
New Episode Number: 2000
               0     1     2     3     4   ...    24    25     26    27    28
new_cluster -1.23 -2.43 -1.10 -6.36 -1.68  ... -4.87 -1.93 -10.55 -2.23 -3.75
c1          -1.23 -2.32 -1.12 -6.38 -1.70  ... -4.84 -1.93 -10.55 -2.23 -3.75
c2          -1.22 -2.28 -1.12 -6.33 -1.70  ... -4.84 -1.93 -10.55 -2.23 -3.75
c3          -1.22 -2.24 -1.05 -6.35 -1.65  ... -4.82 -1.93 -10.55 -2.23 -3.75
c4          -1.22 -2.27 -1.12 -6.31 -1.71  ... -4.88 -1.93 -10.55 -2.23 -3.75
c5          -1.23 -2.29 -1.09 -6.27 -1.74  ... -4.84 -1.93 -10.55 -2.23 -3.75
c6          -1.23 -2.23 -1.10 -6.45 -1.66  ... -4.88 -1.93 -10.55 -2.23 -3.75
c7          -1.23 -2.32 -1.11 -6.42 -1.68  ... -4.85 -1.93 -10.55 -2.23 -3.75
c8          -1.23 -2.29 -1.14 -6.51 -1.72  ... -4.85 -1.93 -10.55 -2.23 -3.75
c9          -1.23 -2.38 -1.12 -6.43 -1.71  ... -4.84 -1.93 -10.55 -2.23 -3.75
c10         -1.23 -2.24 -1.11 -6.22 -1.74  ... -4.84 -1.93 -10.55 -2.23 -3.75
c11         -1.22 -2.27 -1.06 -6.26 -1.68  ... -4.81 -1.93 -10.55 -2.23 -3.75
c12         -1.22 -2.36 -1.09 -6.40 -1.70  ... -4.88 -1.93 -10.55 -2.23 -3.75
c13         -1.23 -2.32 -1.12 -6.29 -1.66  ... -4.88 -1.93 -10.55 -2.23 -3.75
c14         -1.22 -2.24 -1.13 -6.54 -1.66  ... -4.85 -1.93 -10.55 -2.23 -3.75
c15         -1.23 -2.22 -1.08 -6.30 -1.67  ... -4.85 -1.93 -10.55 -2.23 -3.75
c16         -1.21 -2.18 -1.08 -6.15 -1.69  ... -4.85 -1.93 -10.55 -2.23 -3.75
c17         -1.23 -2.32 -1.13 -6.29 -1.73  ... -4.82 -1.93 -10.55 -2.23 -3.75
c18         -1.23 -2.32 -1.10 -6.44 -1.71  ... -4.84 -1.93 -10.55 -2.23 -3.75
c19         -1.25 -2.39 -1.09 -6.41 -1.71  ... -4.85 -1.93 -10.55 -2.23 -3.75
c20         -1.25 -2.24 -1.11 -6.27 -1.70  ... -4.87 -1.93 -10.55 -2.23 -3.75
c21         -1.20 -2.30 -1.07 -6.27 -1.70  ... -4.85 -1.93 -10.55 -2.23 -3.75
c22         -1.23 -2.30 -1.12 -6.25 -1.71  ... -4.85 -1.93 -10.55 -2.23 -3.75
c23         -1.23 -2.32 -1.03 -6.65 -1.68  ... -4.87 -1.93 -10.55 -2.23 -3.75
c24         -1.23 -2.41 -1.11 -6.46 -1.69  ... -4.82 -1.93 -10.55 -2.23 -3.75
c25         -1.23 -2.28 -1.11 -6.24 -1.72  ... -4.85  0.00   0.00  0.00  0.00
c26         -1.25 -2.31 -1.09 -6.38 -1.68  ... -4.79  0.00   0.00  0.00  0.00
c27         -1.23 -2.45 -1.14 -6.41 -1.71  ... -4.85  0.00   0.00  0.00  0.00
c28         -1.23 -2.33 -1.12 -6.36 -1.70  ... -4.85  0.00   0.00  0.00  0.00

[29 rows x 29 columns]
\begin{tabular}{lrrrrrrrrrrrrrrrrrrrrrrrrrrrrr}
\toprule
{} &    0  &    1  &    2  &    3  &    4  &    5  &    6  &    7  &    8  &     9  &    10 &    11 &    12 &    13 &    14 &    15 &    16 &    17 &    18 &    19 &    20 &    21 &    22 &    23 &    24 &    25 &     26 &    27 &    28 \\
\midrule
new\_cluster & -1.23 & -2.43 & -1.10 & -6.36 & -1.68 & -4.29 & -3.12 & -5.63 & -1.22 & -14.73 & -7.94 & -1.20 & -7.55 & -8.84 & -2.97 & -4.80 & -2.04 & -5.31 & -2.95 & -1.90 & -2.38 & -5.36 & -8.10 & -4.24 & -4.87 & -1.93 & -10.55 & -2.23 & -3.75 \\
c1          & -1.23 & -2.32 & -1.12 & -6.38 & -1.70 & -4.21 & -3.17 & -5.75 & -1.24 & -14.82 & -8.06 & -1.20 & -7.36 & -8.90 & -2.97 & -4.77 & -2.15 & -5.32 & -2.94 & -2.13 & -2.38 & -5.37 & -8.10 & -4.18 & -4.84 & -1.93 & -10.55 & -2.23 & -3.75 \\
c2          & -1.22 & -2.28 & -1.12 & -6.33 & -1.70 & -4.10 & -3.14 & -5.54 & -1.17 & -14.83 & -7.94 & -1.20 & -7.40 & -8.85 & -2.97 & -4.78 & -2.14 & -5.34 & -2.92 & -1.68 & -2.38 & -5.37 & -8.10 & -4.26 & -4.84 & -1.93 & -10.55 & -2.23 & -3.75 \\
c3          & -1.22 & -2.24 & -1.05 & -6.35 & -1.65 & -4.05 & -2.99 & -5.43 & -1.20 & -14.57 & -7.77 & -1.23 & -7.34 & -8.85 & -2.95 & -4.76 & -2.21 & -5.33 & -2.92 & -2.02 & -2.40 & -5.38 & -8.12 & -4.17 & -4.82 & -1.93 & -10.55 & -2.23 & -3.75 \\
c4          & -1.22 & -2.27 & -1.12 & -6.31 & -1.71 & -4.16 & -3.21 & -5.67 & -1.19 & -15.17 & -7.89 & -1.24 & -7.55 & -8.85 & -2.96 & -4.77 & -2.11 & -5.34 & -2.92 & -1.43 & -2.38 & -5.36 & -8.13 & -4.22 & -4.88 & -1.93 & -10.55 & -2.23 & -3.75 \\
c5          & -1.23 & -2.29 & -1.09 & -6.27 & -1.74 & -4.06 & -3.18 & -5.67 & -1.25 & -14.54 & -8.00 & -1.20 & -7.55 & -8.85 & -2.96 & -4.78 & -2.19 & -5.31 & -2.92 & -2.20 & -2.38 & -5.37 & -8.13 & -4.22 & -4.84 & -1.93 & -10.55 & -2.23 & -3.75 \\
c6          & -1.23 & -2.23 & -1.10 & -6.45 & -1.66 & -4.29 & -3.09 & -5.67 & -1.19 & -14.73 & -8.18 & -1.20 & -7.38 & -8.85 & -2.96 & -4.77 & -2.18 & -5.34 & -2.95 & -1.66 & -2.38 & -5.37 & -8.13 & -4.16 & -4.88 & -1.93 & -10.55 & -2.23 & -3.75 \\
c7          & -1.23 & -2.32 & -1.11 & -6.42 & -1.68 & -4.24 & -3.15 & -5.64 & -1.19 & -14.53 & -8.01 & -1.22 & -7.57 & -8.85 & -2.97 & -4.77 & -2.05 & -5.32 & -2.95 & -2.00 & -2.38 & -5.36 & -8.08 & -4.14 & -4.85 & -1.93 & -10.55 & -2.23 & -3.75 \\
c8          & -1.23 & -2.29 & -1.14 & -6.51 & -1.72 & -4.04 & -3.14 & -5.40 & -1.22 & -14.73 & -8.12 & -1.18 & -7.47 & -8.85 & -2.95 & -4.77 & -2.07 & -5.33 & -2.92 & -1.53 & -2.38 & -5.37 & -8.10 & -4.20 & -4.85 & -1.93 & -10.55 & -2.23 & -3.75 \\
c9          & -1.23 & -2.38 & -1.12 & -6.43 & -1.71 & -4.11 & -3.12 & -5.56 & -1.20 & -14.97 & -7.83 & -1.16 & -7.36 & -8.85 & -2.97 & -4.77 & -2.16 & -5.32 & -2.95 & -1.79 & -2.35 & -5.37 & -8.12 & -4.14 & -4.84 & -1.93 & -10.55 & -2.23 & -3.75 \\
c10         & -1.23 & -2.24 & -1.11 & -6.22 & -1.74 & -4.14 & -3.24 & -5.57 & -1.18 & -14.49 & -8.11 & -1.21 & -7.41 & -8.85 & -2.96 & -4.77 & -2.03 & -5.34 & -2.92 & -1.08 & -2.38 & -5.37 & -8.10 & -4.12 & -4.84 & -1.93 & -10.55 & -2.23 & -3.75 \\
c11         & -1.22 & -2.27 & -1.06 & -6.26 & -1.68 & -4.25 & -3.10 & -5.66 & -1.19 & -14.88 & -8.12 & -1.20 & -7.44 & -8.85 & -2.97 & -4.77 & -2.13 & -5.32 & -2.95 & -1.70 & -2.39 & -5.37 & -8.09 & -4.16 & -4.81 & -1.93 & -10.55 & -2.23 & -3.75 \\
c12         & -1.22 & -2.36 & -1.09 & -6.40 & -1.70 & -4.26 & -3.14 & -5.45 & -1.20 & -14.55 & -8.00 & -1.23 & -7.69 & -8.85 & -2.96 & -4.77 & -2.20 & -5.34 & -2.92 & -1.42 & -2.35 & -5.37 & -8.10 & -4.09 & -4.88 & -1.93 & -10.55 & -2.23 & -3.75 \\
c13         & -1.23 & -2.32 & -1.12 & -6.29 & -1.66 & -4.20 & -3.12 & -5.58 & -1.22 & -14.48 & -8.06 & -1.23 & -7.46 & -8.85 & -2.92 & -4.77 & -2.18 & -5.33 & -2.92 & -2.75 & -2.39 & -5.37 & -8.10 & -4.20 & -4.88 & -1.93 & -10.55 & -2.23 & -3.75 \\
c14         & -1.22 & -2.24 & -1.13 & -6.54 & -1.66 & -4.21 & -3.18 & -5.41 & -1.11 & -14.63 & -8.17 & -1.20 & -7.40 & -8.85 & -2.96 & -4.77 & -2.04 & -5.34 & -2.94 & -1.51 & -2.35 & -5.37 & -8.12 & -4.28 & -4.85 & -1.93 & -10.55 & -2.23 & -3.75 \\
c15         & -1.23 & -2.22 & -1.08 & -6.30 & -1.67 & -4.07 & -3.14 & -5.59 & -1.20 & -14.41 & -8.12 & -1.21 & -7.37 & -8.85 & -2.95 & -4.77 & -1.99 & -5.33 & -2.95 & -2.51 & -2.40 & -5.38 & -8.13 & -4.21 & -4.85 & -1.93 & -10.55 & -2.23 & -3.75 \\
c16         & -1.21 & -2.18 & -1.08 & -6.15 & -1.69 & -4.13 & -3.18 & -5.64 & -1.23 & -14.62 & -8.05 & -1.20 & -7.69 & -8.85 & -2.95 & -4.81 & -2.06 & -5.33 & -2.95 & -1.31 & -2.39 & -5.37 & -8.12 & -4.19 & -4.85 & -1.93 & -10.55 & -2.23 & -3.75 \\
c17         & -1.23 & -2.32 & -1.13 & -6.29 & -1.73 & -4.16 & -3.13 & -5.58 & -1.19 & -14.84 & -8.06 & -1.20 & -7.60 & -8.85 & -2.92 & -4.77 & -2.14 & -5.33 & -2.94 & -1.81 & -2.38 & -5.37 & -8.10 & -4.15 & -4.82 & -1.93 & -10.55 & -2.23 & -3.75 \\
c18         & -1.23 & -2.32 & -1.10 & -6.44 & -1.71 & -4.02 & -3.08 & -5.60 & -1.21 & -14.73 & -7.94 & -1.19 & -7.62 & -8.85 & -2.96 & -4.77 & -2.16 & -5.33 & -2.94 & -1.41 & -2.35 & -5.37 & -8.12 & -4.14 & -4.84 & -1.93 & -10.55 & -2.23 & -3.75 \\
c19         & -1.25 & -2.39 & -1.09 & -6.41 & -1.71 & -4.28 & -3.14 & -5.47 & -1.17 & -14.36 & -7.94 & -1.19 & -7.52 & -8.85 & -2.97 & -4.77 & -2.16 & -5.34 & -2.92 & -1.69 & -2.39 & -5.38 & -8.11 & -4.18 & -4.85 & -1.93 & -10.55 & -2.23 & -3.75 \\
c20         & -1.25 & -2.24 & -1.11 & -6.27 & -1.70 & -4.13 & -3.12 & -5.44 & -1.17 & -14.65 & -7.89 & -1.25 & -7.47 & -8.85 & -2.96 & -4.77 & -2.03 & -5.34 & -2.92 & -1.41 & -2.38 & -5.37 & -8.10 & -4.19 & -4.87 & -1.93 & -10.55 & -2.23 & -3.75 \\
c21         & -1.20 & -2.30 & -1.07 & -6.27 & -1.70 & -4.04 & -3.24 & -5.60 & -1.22 & -14.50 & -8.17 & -1.22 & -7.37 & -8.85 & -2.97 & -4.77 & -2.24 & -5.33 & -2.95 & -1.18 & -2.39 & -5.36 & -8.14 & -4.10 & -4.85 & -1.93 & -10.55 & -2.23 & -3.75 \\
c22         & -1.23 & -2.30 & -1.12 & -6.25 & -1.71 & -4.09 & -3.20 & -5.37 & -1.20 & -14.31 & -8.18 & -1.22 & -7.53 & -8.85 & -2.96 & -4.77 & -2.19 & -5.34 & -2.95 & -1.50 & -2.39 & -5.37 & -8.10 & -4.25 & -4.85 & -1.93 & -10.55 & -2.23 & -3.75 \\
c23         & -1.23 & -2.32 & -1.03 & -6.65 & -1.68 & -4.04 & -3.28 & -5.53 & -1.19 & -14.78 & -8.11 & -1.19 & -7.53 & -8.85 & -2.96 & -4.77 & -2.11 & -5.34 & -2.92 & -1.85 & -2.34 & -5.37 & -8.10 & -4.21 & -4.87 & -1.93 & -10.55 & -2.23 & -3.75 \\
c24         & -1.23 & -2.41 & -1.11 & -6.46 & -1.69 & -4.19 & -3.28 & -5.37 & -1.20 & -14.63 & -8.00 & -1.22 & -7.42 & -8.85 & -2.95 & -4.76 & -2.10 & -5.33 & -2.92 & -1.84 & -2.34 & -5.38 & -8.10 & -4.20 & -4.82 & -1.93 & -10.55 & -2.23 & -3.75 \\
c25         & -1.23 & -2.28 & -1.11 & -6.24 & -1.72 & -4.18 & -3.06 & -5.47 & -1.21 & -14.80 & -7.89 & -1.19 & -7.53 & -8.85 & -2.97 & -4.77 & -2.29 & -5.32 & -2.92 & -1.84 & -2.39 & -5.37 & -8.10 & -4.18 & -4.85 &  0.00 &   0.00 &  0.00 &  0.00 \\
c26         & -1.25 & -2.31 & -1.09 & -6.38 & -1.68 & -4.03 & -3.05 & -5.47 & -1.18 & -14.63 & -7.65 & -1.20 & -7.44 & -8.85 & -2.95 & -4.77 & -2.15 & -5.34 & -2.95 & -2.14 & -2.35 & -5.37 & -8.14 & -4.22 & -4.79 &  0.00 &   0.00 &  0.00 &  0.00 \\
c27         & -1.23 & -2.45 & -1.14 & -6.41 & -1.71 & -3.95 & -3.33 & -5.54 & -1.21 & -14.63 & -8.24 & -1.19 & -7.36 & -8.85 & -2.95 & -4.77 & -2.09 & -5.33 & -2.95 & -1.33 & -2.38 & -5.37 & -8.12 & -4.25 & -4.85 &  0.00 &   0.00 &  0.00 &  0.00 \\
c28         & -1.23 & -2.33 & -1.12 & -6.36 & -1.70 & -4.02 & -3.04 & -5.43 & -1.20 & -14.97 & -8.18 & -1.19 & -7.32 & -8.85 & -2.96 & -4.77 & -2.12 & -5.33 & -2.92 & -1.30 & -2.39 & -5.35 & -8.10 & -4.17 & -4.85 &  0.00 &   0.00 &  0.00 &  0.00 \\
\bottomrule
\end{tabular}

                               0            1   ...            27            28
new_cluster  [-0.16, new_cluster]  [-1.36, c1]  ...  [-2.23, c27]  [-3.75, c28]
c1           [-0.16, new_cluster]  [-1.29, c1]  ...  [-2.23, c27]  [-3.75, c28]
c2           [-0.16, new_cluster]   [-1.2, c1]  ...  [-2.23, c27]  [-3.75, c28]
c3           [-0.16, new_cluster]  [-1.16, c1]  ...  [-2.23, c27]  [-3.75, c28]
c4           [-0.16, new_cluster]   [-1.2, c1]  ...  [-2.23, c27]  [-3.75, c28]
c5           [-0.16, new_cluster]  [-1.23, c1]  ...  [-2.23, c27]  [-3.75, c28]
c6           [-0.16, new_cluster]  [-1.17, c1]  ...  [-2.23, c27]  [-3.75, c28]
c7           [-0.16, new_cluster]  [-1.25, c1]  ...  [-2.23, c27]  [-3.75, c28]
c8           [-0.16, new_cluster]  [-1.22, c1]  ...  [-2.23, c27]  [-3.75, c28]
c9           [-0.16, new_cluster]  [-1.35, c1]  ...  [-2.23, c27]  [-3.75, c28]
c10          [-0.16, new_cluster]  [-1.18, c1]  ...  [-2.23, c27]  [-3.75, c28]
c11          [-0.16, new_cluster]  [-1.19, c1]  ...  [-2.23, c27]  [-3.75, c28]
c12          [-0.16, new_cluster]  [-1.27, c1]  ...  [-2.23, c27]  [-3.75, c28]
c13          [-0.16, new_cluster]  [-1.25, c1]  ...  [-2.23, c27]  [-3.75, c28]
c14          [-0.16, new_cluster]  [-1.18, c1]  ...  [-2.23, c27]  [-3.75, c28]
c15          [-0.16, new_cluster]  [-1.16, c1]  ...  [-2.23, c27]  [-3.75, c28]
c16          [-0.16, new_cluster]  [-1.11, c1]  ...  [-2.23, c27]  [-3.75, c28]
c17          [-0.16, new_cluster]  [-1.28, c1]  ...  [-2.23, c27]  [-3.75, c28]
c18          [-0.16, new_cluster]  [-1.29, c1]  ...  [-2.23, c27]  [-3.75, c28]
c19          [-0.16, new_cluster]  [-1.32, c1]  ...  [-2.23, c27]  [-3.75, c28]
c20          [-0.16, new_cluster]  [-1.16, c1]  ...  [-2.23, c27]  [-3.75, c28]
c21          [-0.16, new_cluster]  [-1.22, c1]  ...  [-2.23, c27]  [-3.75, c28]
c22          [-0.16, new_cluster]  [-1.22, c1]  ...  [-2.23, c27]  [-3.75, c28]
c23          [-0.16, new_cluster]  [-1.29, c1]  ...  [-2.23, c27]  [-3.75, c28]
c24          [-0.16, new_cluster]  [-1.33, c1]  ...  [-2.23, c27]  [-3.75, c28]
c25          [-0.16, new_cluster]  [-1.21, c1]  ...         [0, ]         [0, ]
c26          [-0.16, new_cluster]  [-1.22, c1]  ...         [0, ]         [0, ]
c27          [-0.16, new_cluster]  [-1.37, c1]  ...         [0, ]         [0, ]
c28          [-0.16, new_cluster]  [-1.27, c1]  ...         [0, ]         [0, ]

[29 rows x 29 columns]
\begin{tabular}{llllllllllllllllllllllllllllll}
\toprule
{} &                    0  &           1  &           2  &           3  &           4  &           5  &           6  &           7  &           8  &            9  &            10 &            11 &            12 &            13 &            14 &            15 &            16 &            17 &            18 &            19 &            20 &            21 &            22 &            23 &           24 &            25 &             26 &            27 &            28 \\
\midrule
new\_cluster &  [-0.16, new\_cluster] &  [-1.36, c1] &  [-0.04, c2] &  [-5.37, c3] &   [-0.6, c4] &  [-3.23, c5] &  [-2.05, c6] &   [-4.6, c7] &   [-0.1, c8] &  [-13.67, c9] &   [-6.9, c10] &  [-0.17, c11] &  [-6.48, c12] &  [-7.82, c13] &  [-1.89, c14] &  [-3.72, c15] &   [-1.0, c16] &  [-4.25, c17] &  [-1.89, c18] &  [-0.85, c19] &  [-1.33, c20] &  [-4.33, c21] &  [-7.04, c22] &  [-3.24, c23] &  [-3.8, c24] &  [-1.93, c25] &  [-10.55, c26] &  [-2.23, c27] &  [-3.75, c28] \\
c1          &  [-0.16, new\_cluster] &  [-1.29, c1] &  [-0.03, c2] &  [-5.39, c3] &  [-0.64, c4] &   [-3.2, c5] &   [-2.1, c6] &  [-4.71, c7] &  [-0.12, c8] &  [-13.77, c9] &  [-7.01, c10] &  [-0.18, c11] &   [-6.3, c12] &  [-7.82, c13] &  [-1.89, c14] &  [-3.72, c15] &   [-1.1, c16] &  [-4.25, c17] &  [-1.89, c18] &  [-1.09, c19] &  [-1.33, c20] &  [-4.33, c21] &  [-7.04, c22] &  [-3.18, c23] &  [-3.8, c24] &  [-1.93, c25] &  [-10.55, c26] &  [-2.23, c27] &  [-3.75, c28] \\
c2          &  [-0.16, new\_cluster] &   [-1.2, c1] &  [-0.03, c2] &  [-5.32, c3] &  [-0.62, c4] &   [-3.1, c5] &  [-2.07, c6] &  [-4.49, c7] &  [-0.11, c8] &  [-13.78, c9] &   [-6.9, c10] &  [-0.17, c11] &  [-6.35, c12] &  [-7.82, c13] &  [-1.89, c14] &  [-3.72, c15] &   [-1.1, c16] &  [-4.25, c17] &  [-1.89, c18] &  [-0.63, c19] &  [-1.33, c20] &  [-4.33, c21] &  [-7.04, c22] &  [-3.26, c23] &  [-3.8, c24] &  [-1.93, c25] &  [-10.55, c26] &  [-2.23, c27] &  [-3.75, c28] \\
c3          &  [-0.16, new\_cluster] &  [-1.16, c1] &  [-0.02, c2] &  [-5.34, c3] &  [-0.63, c4] &  [-3.05, c5] &  [-1.93, c6] &  [-4.36, c7] &  [-0.08, c8] &  [-13.55, c9] &  [-6.72, c10] &  [-0.21, c11] &  [-6.28, c12] &  [-7.82, c13] &  [-1.89, c14] &  [-3.72, c15] &  [-1.17, c16] &  [-4.25, c17] &  [-1.89, c18] &  [-0.96, c19] &  [-1.33, c20] &  [-4.33, c21] &  [-7.04, c22] &  [-3.17, c23] &  [-3.8, c24] &  [-1.93, c25] &  [-10.55, c26] &  [-2.23, c27] &  [-3.75, c28] \\
c4          &  [-0.16, new\_cluster] &   [-1.2, c1] &  [-0.03, c2] &  [-5.32, c3] &  [-0.64, c4] &  [-3.09, c5] &  [-2.22, c6] &  [-4.63, c7] &  [-0.07, c8] &   [-14.1, c9] &  [-6.84, c10] &  [-0.21, c11] &   [-6.5, c12] &  [-7.82, c13] &  [-1.89, c14] &  [-3.72, c15] &  [-1.06, c16] &  [-4.25, c17] &  [-1.89, c18] &  [-0.39, c19] &  [-1.33, c20] &  [-4.33, c21] &  [-7.04, c22] &  [-3.22, c23] &  [-3.8, c24] &  [-1.93, c25] &  [-10.55, c26] &  [-2.23, c27] &  [-3.75, c28] \\
c5          &  [-0.16, new\_cluster] &  [-1.23, c1] &  [-0.05, c2] &  [-5.25, c3] &  [-0.67, c4] &  [-3.01, c5] &  [-2.12, c6] &  [-4.62, c7] &  [-0.13, c8] &  [-13.48, c9] &  [-6.96, c10] &  [-0.17, c11] &   [-6.5, c12] &  [-7.82, c13] &  [-1.89, c14] &  [-3.72, c15] &  [-1.14, c16] &  [-4.25, c17] &  [-1.89, c18] &  [-1.18, c19] &  [-1.33, c20] &  [-4.33, c21] &  [-7.04, c22] &  [-3.22, c23] &  [-3.8, c24] &  [-1.93, c25] &  [-10.55, c26] &  [-2.23, c27] &  [-3.75, c28] \\
c6          &  [-0.16, new\_cluster] &  [-1.17, c1] &  [-0.03, c2] &  [-5.45, c3] &  [-0.59, c4] &  [-3.23, c5] &  [-2.07, c6] &  [-4.63, c7] &  [-0.07, c8] &  [-13.64, c9] &  [-7.13, c10] &  [-0.18, c11] &  [-6.32, c12] &  [-7.82, c13] &  [-1.89, c14] &  [-3.72, c15] &  [-1.14, c16] &  [-4.25, c17] &  [-1.89, c18] &  [-0.61, c19] &  [-1.33, c20] &  [-4.33, c21] &  [-7.04, c22] &  [-3.16, c23] &  [-3.8, c24] &  [-1.93, c25] &  [-10.55, c26] &  [-2.23, c27] &  [-3.75, c28] \\
c7          &  [-0.16, new\_cluster] &  [-1.25, c1] &  [-0.03, c2] &   [-5.4, c3] &   [-0.6, c4] &  [-3.16, c5] &   [-2.1, c6] &  [-4.57, c7] &  [-0.07, c8] &  [-13.47, c9] &  [-7.01, c10] &   [-0.2, c11] &  [-6.52, c12] &  [-7.82, c13] &  [-1.89, c14] &  [-3.72, c15] &  [-1.02, c16] &  [-4.25, c17] &  [-1.89, c18] &  [-0.94, c19] &  [-1.33, c20] &  [-4.33, c21] &  [-7.04, c22] &  [-3.14, c23] &  [-3.8, c24] &  [-1.93, c25] &  [-10.55, c26] &  [-2.23, c27] &  [-3.75, c28] \\
c8          &  [-0.16, new\_cluster] &  [-1.22, c1] &  [-0.05, c2] &  [-5.49, c3] &  [-0.64, c4] &  [-2.98, c5] &  [-2.08, c6] &  [-4.35, c7] &   [-0.1, c8] &  [-13.65, c9] &  [-7.07, c10] &  [-0.16, c11] &  [-6.46, c12] &  [-7.82, c13] &  [-1.89, c14] &  [-3.72, c15] &  [-1.03, c16] &  [-4.25, c17] &  [-1.89, c18] &  [-0.49, c19] &  [-1.33, c20] &  [-4.33, c21] &  [-7.04, c22] &   [-3.2, c23] &  [-3.8, c24] &  [-1.93, c25] &  [-10.55, c26] &  [-2.23, c27] &  [-3.75, c28] \\
c9          &  [-0.16, new\_cluster] &  [-1.35, c1] &  [-0.04, c2] &  [-5.42, c3] &  [-0.64, c4] &  [-3.06, c5] &  [-2.06, c6] &  [-4.52, c7] &  [-0.08, c8] &   [-13.9, c9] &  [-6.78, c10] &  [-0.14, c11] &   [-6.3, c12] &  [-7.82, c13] &  [-1.89, c14] &  [-3.72, c15] &  [-1.12, c16] &  [-4.25, c17] &  [-1.89, c18] &  [-0.75, c19] &  [-1.33, c20] &  [-4.33, c21] &  [-7.04, c22] &  [-3.14, c23] &  [-3.8, c24] &  [-1.93, c25] &  [-10.55, c26] &  [-2.23, c27] &  [-3.75, c28] \\
c10         &  [-0.16, new\_cluster] &  [-1.18, c1] &  [-0.03, c2] &  [-5.21, c3] &  [-0.67, c4] &  [-3.07, c5] &  [-2.18, c6] &  [-4.52, c7] &  [-0.07, c8] &  [-13.44, c9] &  [-7.07, c10] &  [-0.18, c11] &  [-6.41, c12] &  [-7.82, c13] &  [-1.89, c14] &  [-3.72, c15] &  [-0.99, c16] &  [-4.25, c17] &  [-1.89, c18] &  [-0.06, c19] &  [-1.33, c20] &  [-4.33, c21] &  [-7.04, c22] &  [-3.12, c23] &  [-3.8, c24] &  [-1.93, c25] &  [-10.55, c26] &  [-2.23, c27] &  [-3.75, c28] \\
c11         &  [-0.16, new\_cluster] &  [-1.19, c1] &  [-0.02, c2] &  [-5.26, c3] &  [-0.62, c4] &   [-3.2, c5] &  [-2.03, c6] &  [-4.61, c7] &  [-0.07, c8] &  [-13.82, c9] &  [-7.07, c10] &  [-0.18, c11] &  [-6.39, c12] &  [-7.82, c13] &  [-1.89, c14] &  [-3.72, c15] &  [-1.09, c16] &  [-4.25, c17] &  [-1.89, c18] &  [-0.64, c19] &  [-1.33, c20] &  [-4.33, c21] &  [-7.04, c22] &  [-3.16, c23] &  [-3.8, c24] &  [-1.93, c25] &  [-10.55, c26] &  [-2.23, c27] &  [-3.75, c28] \\
c12         &  [-0.16, new\_cluster] &  [-1.27, c1] &  [-0.04, c2] &  [-5.41, c3] &  [-0.62, c4] &   [-3.2, c5] &  [-2.07, c6] &  [-4.38, c7] &   [-0.1, c8] &  [-13.48, c9] &  [-6.96, c10] &  [-0.21, c11] &  [-6.63, c12] &  [-7.82, c13] &  [-1.89, c14] &  [-3.72, c15] &  [-1.16, c16] &  [-4.25, c17] &  [-1.89, c18] &  [-0.41, c19] &  [-1.33, c20] &  [-4.33, c21] &  [-7.04, c22] &  [-3.09, c23] &  [-3.8, c24] &  [-1.93, c25] &  [-10.55, c26] &  [-2.23, c27] &  [-3.75, c28] \\
c13         &  [-0.16, new\_cluster] &  [-1.25, c1] &  [-0.03, c2] &  [-5.27, c3] &  [-0.61, c4] &  [-3.14, c5] &  [-2.05, c6] &  [-4.53, c7] &   [-0.1, c8] &   [-13.4, c9] &  [-7.01, c10] &   [-0.2, c11] &   [-6.4, c12] &  [-7.82, c13] &  [-1.89, c14] &  [-3.72, c15] &  [-1.14, c16] &  [-4.25, c17] &  [-1.89, c18] &  [-1.71, c19] &  [-1.33, c20] &  [-4.33, c21] &  [-7.04, c22] &   [-3.2, c23] &  [-3.8, c24] &  [-1.93, c25] &  [-10.55, c26] &  [-2.23, c27] &  [-3.75, c28] \\
c14         &  [-0.16, new\_cluster] &  [-1.18, c1] &  [-0.04, c2] &  [-5.53, c3] &  [-0.64, c4] &  [-3.15, c5] &  [-2.12, c6] &  [-4.36, c7] &  [-0.09, c8] &  [-13.58, c9] &  [-7.13, c10] &  [-0.18, c11] &  [-6.34, c12] &  [-7.82, c13] &  [-1.89, c14] &  [-3.72, c15] &  [-1.01, c16] &  [-4.25, c17] &  [-1.89, c18] &  [-0.47, c19] &  [-1.33, c20] &  [-4.33, c21] &  [-7.04, c22] &  [-3.28, c23] &  [-3.8, c24] &  [-1.93, c25] &  [-10.55, c26] &  [-2.23, c27] &  [-3.75, c28] \\
c15         &  [-0.16, new\_cluster] &  [-1.16, c1] &  [-0.02, c2] &  [-5.28, c3] &   [-0.6, c4] &  [-3.01, c5] &  [-2.08, c6] &  [-4.54, c7] &  [-0.08, c8] &  [-13.36, c9] &  [-7.07, c10] &  [-0.19, c11] &  [-6.31, c12] &  [-7.82, c13] &  [-1.89, c14] &  [-3.72, c15] &  [-0.95, c16] &  [-4.25, c17] &  [-1.89, c18] &  [-1.47, c19] &  [-1.33, c20] &  [-4.33, c21] &  [-7.04, c22] &  [-3.21, c23] &  [-3.8, c24] &  [-1.93, c25] &  [-10.55, c26] &  [-2.23, c27] &  [-3.75, c28] \\
c16         &  [-0.16, new\_cluster] &  [-1.11, c1] &  [-0.03, c2] &  [-5.13, c3] &  [-0.67, c4] &  [-3.08, c5] &  [-2.11, c6] &   [-4.6, c7] &  [-0.11, c8] &  [-13.57, c9] &  [-7.01, c10] &  [-0.17, c11] &  [-6.63, c12] &  [-7.82, c13] &  [-1.89, c14] &  [-3.72, c15] &  [-1.03, c16] &  [-4.25, c17] &  [-1.89, c18] &  [-0.27, c19] &  [-1.33, c20] &  [-4.33, c21] &  [-7.04, c22] &  [-3.19, c23] &  [-3.8, c24] &  [-1.93, c25] &  [-10.55, c26] &  [-2.23, c27] &  [-3.75, c28] \\
c17         &  [-0.16, new\_cluster] &  [-1.28, c1] &  [-0.05, c2] &   [-5.3, c3] &  [-0.65, c4] &  [-3.15, c5] &  [-2.07, c6] &  [-4.51, c7] &  [-0.07, c8] &  [-13.79, c9] &  [-7.01, c10] &  [-0.18, c11] &  [-6.55, c12] &  [-7.82, c13] &  [-1.89, c14] &  [-3.72, c15] &  [-1.11, c16] &  [-4.25, c17] &  [-1.89, c18] &  [-0.75, c19] &  [-1.33, c20] &  [-4.33, c21] &  [-7.04, c22] &  [-3.15, c23] &  [-3.8, c24] &  [-1.93, c25] &  [-10.55, c26] &  [-2.23, c27] &  [-3.75, c28] \\
c18         &  [-0.16, new\_cluster] &  [-1.29, c1] &  [-0.03, c2] &  [-5.45, c3] &  [-0.63, c4] &  [-2.97, c5] &  [-2.01, c6] &  [-4.53, c7] &  [-0.09, c8] &  [-13.64, c9] &   [-6.9, c10] &  [-0.16, c11] &  [-6.56, c12] &  [-7.82, c13] &  [-1.89, c14] &  [-3.72, c15] &  [-1.14, c16] &  [-4.25, c17] &  [-1.89, c18] &  [-0.35, c19] &  [-1.33, c20] &  [-4.33, c21] &  [-7.04, c22] &  [-3.14, c23] &  [-3.8, c24] &  [-1.93, c25] &  [-10.55, c26] &  [-2.23, c27] &  [-3.75, c28] \\
c19         &  [-0.16, new\_cluster] &  [-1.32, c1] &  [-0.01, c2] &   [-5.4, c3] &  [-0.64, c4] &  [-3.23, c5] &  [-2.08, c6] &  [-4.42, c7] &   [-0.1, c8] &  [-13.31, c9] &   [-6.9, c10] &  [-0.17, c11] &   [-6.5, c12] &  [-7.82, c13] &  [-1.89, c14] &  [-3.72, c15] &  [-1.11, c16] &  [-4.25, c17] &  [-1.89, c18] &  [-0.65, c19] &  [-1.33, c20] &  [-4.33, c21] &  [-7.04, c22] &  [-3.19, c23] &  [-3.8, c24] &  [-1.93, c25] &  [-10.55, c26] &  [-2.23, c27] &  [-3.75, c28] \\
c20         &  [-0.16, new\_cluster] &  [-1.16, c1] &  [-0.03, c2] &  [-5.25, c3] &  [-0.64, c4] &  [-3.08, c5] &  [-2.06, c6] &  [-4.39, c7] &  [-0.07, c8] &  [-13.56, c9] &  [-6.84, c10] &  [-0.22, c11] &  [-6.45, c12] &  [-7.82, c13] &  [-1.89, c14] &  [-3.72, c15] &  [-0.99, c16] &  [-4.25, c17] &  [-1.89, c18] &  [-0.37, c19] &  [-1.33, c20] &  [-4.33, c21] &  [-7.04, c22] &  [-3.19, c23] &  [-3.8, c24] &  [-1.93, c25] &  [-10.55, c26] &  [-2.23, c27] &  [-3.75, c28] \\
c21         &  [-0.16, new\_cluster] &  [-1.22, c1] &  [-0.02, c2] &  [-5.26, c3] &  [-0.68, c4] &  [-2.98, c5] &  [-2.17, c6] &  [-4.55, c7] &   [-0.1, c8] &  [-13.42, c9] &  [-7.13, c10] &   [-0.2, c11] &  [-6.36, c12] &  [-7.82, c13] &  [-1.89, c14] &  [-3.72, c15] &   [-1.2, c16] &  [-4.25, c17] &  [-1.89, c18] &  [-0.15, c19] &  [-1.33, c20] &  [-4.33, c21] &  [-7.04, c22] &   [-3.1, c23] &  [-3.8, c24] &  [-1.93, c25] &  [-10.55, c26] &  [-2.23, c27] &  [-3.75, c28] \\
c22         &  [-0.16, new\_cluster] &  [-1.22, c1] &  [-0.03, c2] &  [-5.23, c3] &  [-0.65, c4] &  [-3.03, c5] &  [-2.13, c6] &  [-4.32, c7] &  [-0.09, c8] &  [-13.25, c9] &  [-7.13, c10] &   [-0.2, c11] &  [-6.49, c12] &  [-7.82, c13] &  [-1.89, c14] &  [-3.72, c15] &  [-1.14, c16] &  [-4.25, c17] &  [-1.89, c18] &  [-0.46, c19] &  [-1.33, c20] &  [-4.33, c21] &  [-7.04, c22] &  [-3.25, c23] &  [-3.8, c24] &  [-1.93, c25] &  [-10.55, c26] &  [-2.23, c27] &  [-3.75, c28] \\
c23         &  [-0.16, new\_cluster] &  [-1.29, c1] &  [-0.03, c2] &  [-5.63, c3] &  [-0.62, c4] &  [-2.96, c5] &  [-2.22, c6] &  [-4.46, c7] &  [-0.07, c8] &   [-13.7, c9] &  [-7.07, c10] &  [-0.17, c11] &  [-6.47, c12] &  [-7.82, c13] &  [-1.89, c14] &  [-3.72, c15] &  [-1.07, c16] &  [-4.25, c17] &  [-1.89, c18] &  [-0.82, c19] &  [-1.33, c20] &  [-4.33, c21] &  [-7.04, c22] &  [-3.21, c23] &  [-3.8, c24] &  [-1.93, c25] &  [-10.55, c26] &  [-2.23, c27] &  [-3.75, c28] \\
c24         &  [-0.16, new\_cluster] &  [-1.33, c1] &  [-0.03, c2] &  [-5.45, c3] &  [-0.62, c4] &  [-3.12, c5] &  [-2.22, c6] &  [-4.32, c7] &  [-0.08, c8] &  [-13.57, c9] &  [-6.96, c10] &   [-0.2, c11] &  [-6.36, c12] &  [-7.82, c13] &  [-1.89, c14] &  [-3.72, c15] &  [-1.05, c16] &  [-4.25, c17] &  [-1.89, c18] &  [-0.81, c19] &  [-1.33, c20] &  [-4.33, c21] &  [-7.04, c22] &   [-3.2, c23] &  [-3.8, c24] &  [-1.93, c25] &  [-10.55, c26] &  [-2.23, c27] &  [-3.75, c28] \\
c25         &  [-0.16, new\_cluster] &  [-1.21, c1] &  [-0.02, c2] &  [-5.22, c3] &  [-0.64, c4] &  [-3.12, c5] &   [-2.0, c6] &  [-4.42, c7] &  [-0.09, c8] &  [-13.76, c9] &  [-6.84, c10] &  [-0.17, c11] &  [-6.47, c12] &  [-7.82, c13] &  [-1.89, c14] &  [-3.72, c15] &  [-1.24, c16] &  [-4.25, c17] &  [-1.89, c18] &  [-0.81, c19] &  [-1.33, c20] &  [-4.33, c21] &  [-7.04, c22] &  [-3.19, c23] &  [-3.8, c24] &         [0, ] &          [0, ] &         [0, ] &         [0, ] \\
c26         &  [-0.16, new\_cluster] &  [-1.22, c1] &  [-0.03, c2] &  [-5.39, c3] &  [-0.62, c4] &  [-2.98, c5] &  [-1.98, c6] &   [-4.4, c7] &  [-0.08, c8] &  [-13.57, c9] &  [-6.61, c10] &  [-0.17, c11] &  [-6.38, c12] &  [-7.82, c13] &  [-1.89, c14] &  [-3.72, c15] &  [-1.11, c16] &  [-4.25, c17] &  [-1.89, c18] &  [-1.09, c19] &  [-1.33, c20] &  [-4.33, c21] &  [-7.04, c22] &  [-3.22, c23] &  [-3.8, c24] &         [0, ] &          [0, ] &         [0, ] &         [0, ] \\
c27         &  [-0.16, new\_cluster] &  [-1.37, c1] &  [-0.06, c2] &  [-5.39, c3] &  [-0.63, c4] &  [-2.89, c5] &  [-2.28, c6] &  [-4.49, c7] &  [-0.09, c8] &  [-13.54, c9] &  [-7.19, c10] &  [-0.17, c11] &   [-6.3, c12] &  [-7.82, c13] &  [-1.89, c14] &  [-3.72, c15] &  [-1.06, c16] &  [-4.25, c17] &  [-1.89, c18] &  [-0.29, c19] &  [-1.33, c20] &  [-4.33, c21] &  [-7.04, c22] &  [-3.25, c23] &  [-3.8, c24] &         [0, ] &          [0, ] &         [0, ] &         [0, ] \\
c28         &  [-0.16, new\_cluster] &  [-1.27, c1] &  [-0.04, c2] &  [-5.37, c3] &  [-0.64, c4] &  [-2.95, c5] &  [-1.97, c6] &  [-4.38, c7] &  [-0.08, c8] &   [-13.9, c9] &  [-7.13, c10] &  [-0.16, c11] &  [-6.27, c12] &  [-7.82, c13] &  [-1.89, c14] &  [-3.72, c15] &  [-1.08, c16] &  [-4.25, c17] &  [-1.89, c18] &  [-0.29, c19] &  [-1.33, c20] &  [-4.33, c21] &  [-7.04, c22] &  [-3.17, c23] &  [-3.8, c24] &         [0, ] &          [0, ] &         [0, ] &         [0, ] \\
\bottomrule
\end{tabular}

