Seed: 0
Experiment_path: AE_Model_2/Different_Variant_5/Experiment_05_opt_temp_noisy
Dataset_Path: ../_00_Datasets/03_SimDaten_Quiroga2020/C_Easy1_noise030.mat
Dataset_name: ['03_SimDaten_Quiroga2020', 'C_Easy1_noise030.mat']
Variant_name: Variant_05_Online_Autoencoder_QLearning_opt_temp_noisy
Visualisation_Path: AE_Model_2/Different_Variant_5/Experiment_05_opt_temp_noisy/C_Easy1_noise030.mat/Variant_05_Online_Autoencoder_QLearning_opt_temp_noisy/2023_04_23-10_37_32
Normalisation: False
Template Matching: True
Optimising Autoencoder: True
Update Factor: 1
Noisy Batches: True
Noisy Factor: 0.1
Epochs: 8
Batch Size: 1
maximal Spikes for Autoencoder Training : 700
maximal Spikes for Training: 1000
Input Size: 47
Chosen Model: Convolutional Autoencoder
ConvolutionalAutoencoder(
  (encoder): Sequential(
    (0): Conv1d(1, 6, kernel_size=(6,), stride=(1,))
    (1): LeakyReLU(negative_slope=0.01)
    (2): Conv1d(6, 1, kernel_size=(6,), stride=(1,))
    (3): Flatten(start_dim=1, end_dim=-1)
    (4): Linear(in_features=37, out_features=2, bias=True)
  )
  (decoder): Sequential(
    (0): ConvTranspose1d(1, 6, kernel_size=(6,), stride=(1,))
    (1): LeakyReLU(negative_slope=0.01)
    (2): ConvTranspose1d(6, 1, kernel_size=(6,), stride=(1,))
    (3): Flatten(start_dim=1, end_dim=-1)
    (4): Linear(in_features=12, out_features=47, bias=True)
  )
)
MSELoss()
Adam (
Parameter Group 0
    amsgrad: False
    betas: (0.9, 0.999)
    capturable: False
    differentiable: False
    eps: 1e-08
    foreach: None
    fused: False
    lr: 0.001
    maximize: False
    weight_decay: 0
)
---Q Learning Parameters---
Normalisation: False
Punishment Coefficient: 1.4
Alpha: 0.8
Epsilon: 0.01
Gamma: 0.97
Initial Episode Number: 0
Episode Number Coefficient: 1.4
Number of Random Features: 20
Planning Number: 20
Max Random Features: 60
New Episode Number: 72
New Episode Number: 143
New Episode Number: 215
New Episode Number: 286
New Episode Number: 358
New Episode Number: 429
New Episode Number: 500
New Episode Number: 572
New Episode Number: 643
New Episode Number: 715
New Episode Number: 786
New Episode Number: 858
New Episode Number: 929
New Episode Number: 1000
New Episode Number: 1072
New Episode Number: 1143
New Episode Number: 1215
New Episode Number: 1286
New Episode Number: 1358
New Episode Number: 1429
New Episode Number: 1501
New Episode Number: 1572
New Episode Number: 1643
                 0       1       2       3   ...      20      21      22      23
new_cluster -118.27 -184.07 -154.21 -186.48  ... -320.89 -178.77 -330.32 -202.15
c1          -119.41 -185.21 -153.42 -181.55  ... -316.57 -178.89 -331.03 -203.74
c2          -118.16 -182.12 -154.65 -180.18  ... -320.70 -179.15 -330.38 -203.73
c3          -118.46 -181.34 -155.59 -186.40  ... -318.67 -178.78 -330.44 -203.86
c4          -116.72 -187.52 -153.90 -181.92  ... -316.03 -178.38 -330.38 -202.15
c5          -118.51 -189.16 -152.40 -183.82  ... -314.43 -180.82 -330.92 -203.36
c6          -117.02 -186.46 -155.15 -185.79  ... -316.74 -177.84 -330.35 -204.16
c7          -118.22 -181.77 -154.81 -187.33  ... -321.77 -178.29 -330.85 -202.24
c8          -118.16 -182.18 -154.03 -182.71  ... -319.14 -178.42 -330.17 -203.68
c9          -120.15 -189.51 -153.73 -184.79  ... -320.62 -180.23 -330.47 -203.62
c10         -116.83 -184.92 -155.89 -185.55  ... -320.44 -178.29 -330.32 -203.66
c11         -118.51 -184.48 -152.94 -182.16  ... -317.16 -178.80 -330.36 -203.62
c12         -118.22 -183.28 -154.50 -182.57  ... -316.65 -178.49 -330.45 -203.51
c13         -116.65 -185.05 -156.16 -177.53  ... -319.91 -178.77 -332.54 -203.68
c14         -116.71 -182.23 -154.06 -185.22  ... -319.94 -178.41 -330.91 -203.74
c15         -119.22 -183.22 -153.91 -185.19  ... -321.46 -178.78 -330.37 -203.11
c16         -118.48 -190.70 -157.17 -187.78  ... -319.13 -178.39 -330.17 -203.44
c17         -118.59 -184.82 -156.81 -183.06  ... -316.22 -178.89 -333.29 -203.68
c18         -118.66 -182.59 -152.68 -184.00  ... -321.72 -178.31 -330.32 -202.22
c19         -116.71 -179.88 -154.62 -183.04  ... -315.82 -178.41 -329.40 -203.97
c20         -118.24 -189.04 -155.30 -185.84  ... -317.76 -180.35 -330.38 -202.15
c21         -116.64 -188.77 -151.24 -183.05  ... -318.38 -178.78 -330.36 -201.82
c22         -118.80 -179.62 -154.05 -186.61  ... -317.92 -178.44 -331.15 -204.09
c23         -119.61 -181.89 -155.24 -180.01  ... -316.50 -178.77 -330.30 -202.24

[24 rows x 24 columns]
\begin{tabular}{lrrrrrrrrrrrrrrrrrrrrrrrr}
\toprule
{} &      0  &      1  &      2  &      3  &      4  &      5  &      6  &      7  &      8  &      9  &      10 &      11 &      12 &      13 &      14 &      15 &      16 &      17 &      18 &      19 &      20 &      21 &      22 &      23 \\
\midrule
new\_cluster & -118.27 & -184.07 & -154.21 & -186.48 & -130.10 & -157.51 & -137.48 & -222.97 & -127.14 & -165.57 & -114.10 & -240.87 & -229.57 & -198.56 & -175.98 & -242.09 & -120.09 & -122.86 & -285.09 & -174.13 & -320.89 & -178.77 & -330.32 & -202.15 \\
c1          & -119.41 & -185.21 & -153.42 & -181.55 & -132.21 & -154.00 & -141.04 & -222.02 & -127.30 & -170.24 & -111.60 & -241.55 & -226.10 & -195.12 & -167.88 & -241.90 & -121.57 & -122.41 & -283.68 & -174.19 & -316.57 & -178.89 & -331.03 & -203.74 \\
c2          & -118.16 & -182.12 & -154.65 & -180.18 & -129.70 & -154.63 & -138.12 & -225.55 & -127.04 & -173.49 & -112.27 & -240.40 & -229.01 & -198.19 & -170.56 & -242.25 & -119.11 & -123.60 & -280.61 & -173.85 & -320.70 & -179.15 & -330.38 & -203.73 \\
c3          & -118.46 & -181.34 & -155.59 & -186.40 & -131.27 & -156.55 & -134.73 & -225.30 & -127.35 & -165.56 & -113.18 & -240.41 & -228.99 & -191.23 & -168.55 & -243.43 & -120.68 & -120.70 & -281.58 & -174.13 & -318.67 & -178.78 & -330.44 & -203.86 \\
c4          & -116.72 & -187.52 & -153.90 & -181.92 & -130.33 & -152.95 & -138.22 & -221.94 & -125.80 & -171.49 & -114.31 & -240.88 & -228.99 & -197.44 & -172.92 & -241.52 & -121.03 & -122.44 & -281.63 & -173.23 & -316.03 & -178.38 & -330.38 & -202.15 \\
c5          & -118.51 & -189.16 & -152.40 & -183.82 & -129.12 & -154.16 & -138.74 & -226.48 & -127.31 & -166.58 & -113.85 & -240.83 & -229.55 & -192.31 & -172.62 & -243.01 & -121.71 & -121.93 & -278.61 & -173.95 & -314.43 & -180.82 & -330.92 & -203.36 \\
c6          & -117.02 & -186.46 & -155.15 & -185.79 & -129.00 & -159.35 & -136.29 & -227.87 & -126.08 & -164.65 & -120.46 & -240.40 & -226.25 & -195.53 & -171.92 & -241.50 & -120.71 & -123.29 & -281.81 & -174.34 & -316.74 & -177.84 & -330.35 & -204.16 \\
c7          & -118.22 & -181.77 & -154.81 & -187.33 & -133.24 & -153.95 & -137.50 & -231.13 & -128.77 & -159.22 & -113.60 & -240.47 & -226.24 & -196.62 & -171.15 & -242.07 & -121.23 & -120.31 & -281.78 & -174.34 & -321.77 & -178.29 & -330.85 & -202.24 \\
c8          & -118.16 & -182.18 & -154.03 & -182.71 & -132.92 & -162.43 & -139.51 & -227.76 & -128.74 & -168.87 & -114.16 & -241.19 & -229.11 & -200.28 & -171.33 & -242.08 & -124.14 & -120.82 & -281.56 & -174.32 & -319.14 & -178.42 & -330.17 & -203.68 \\
c9          & -120.15 & -189.51 & -153.73 & -184.79 & -131.54 & -156.12 & -136.18 & -223.02 & -126.34 & -168.64 & -113.77 & -240.40 & -225.58 & -192.06 & -171.36 & -242.07 & -121.60 & -121.38 & -280.49 & -174.33 & -320.62 & -180.23 & -330.47 & -203.62 \\
c10         & -116.83 & -184.92 & -155.89 & -185.55 & -130.59 & -155.60 & -138.03 & -231.07 & -124.93 & -170.84 & -113.90 & -245.28 & -229.57 & -195.32 & -170.17 & -241.87 & -121.91 & -123.88 & -280.41 & -174.32 & -320.44 & -178.29 & -330.32 & -203.66 \\
c11         & -118.51 & -184.48 & -152.94 & -182.16 & -130.92 & -153.22 & -138.71 & -225.91 & -131.14 & -171.01 & -113.30 & -240.54 & -228.89 & -196.13 & -175.71 & -241.96 & -122.38 & -120.54 & -281.82 & -174.32 & -317.16 & -178.80 & -330.36 & -203.62 \\
c12         & -118.22 & -183.28 & -154.50 & -182.57 & -132.71 & -154.81 & -139.46 & -227.47 & -126.10 & -171.85 & -115.45 & -240.88 & -226.34 & -203.65 & -171.85 & -242.92 & -121.89 & -122.62 & -280.60 & -174.24 & -316.65 & -178.49 & -330.45 & -203.51 \\
c13         & -116.65 & -185.05 & -156.16 & -177.53 & -129.72 & -154.94 & -138.99 & -229.71 & -126.31 & -168.01 & -114.79 & -240.45 & -225.57 & -187.66 & -172.17 & -241.90 & -121.68 & -121.68 & -281.57 & -174.26 & -319.91 & -178.77 & -332.54 & -203.68 \\
c14         & -116.71 & -182.23 & -154.06 & -185.22 & -130.61 & -157.54 & -140.83 & -227.28 & -127.28 & -167.26 & -112.69 & -240.79 & -229.04 & -195.79 & -173.71 & -242.07 & -122.15 & -122.75 & -281.37 & -174.33 & -319.94 & -178.41 & -330.91 & -203.74 \\
c15         & -119.22 & -183.22 & -153.91 & -185.19 & -128.92 & -157.56 & -141.31 & -226.16 & -124.97 & -166.23 & -115.67 & -240.50 & -229.05 & -196.82 & -169.48 & -242.05 & -121.59 & -124.82 & -281.00 & -174.19 & -321.46 & -178.78 & -330.37 & -203.11 \\
c16         & -118.48 & -190.70 & -157.17 & -187.78 & -131.97 & -156.16 & -142.27 & -226.73 & -125.65 & -163.15 & -116.03 & -245.36 & -229.70 & -195.98 & -171.75 & -241.88 & -122.18 & -126.87 & -281.14 & -174.34 & -319.13 & -178.39 & -330.17 & -203.44 \\
c17         & -118.59 & -184.82 & -156.81 & -183.06 & -131.82 & -157.34 & -137.76 & -224.17 & -126.21 & -169.21 & -114.00 & -240.87 & -226.38 & -196.09 & -169.47 & -243.04 & -120.76 & -121.26 & -281.56 & -174.26 & -316.22 & -178.89 & -333.29 & -203.68 \\
c18         & -118.66 & -182.59 & -152.68 & -184.00 & -130.32 & -152.89 & -140.85 & -226.95 & -127.62 & -166.47 & -114.28 & -238.41 & -228.89 & -196.19 & -171.71 & -242.93 & -118.79 & -120.92 & -281.47 & -173.85 & -321.72 & -178.31 & -330.32 & -202.22 \\
c19         & -116.71 & -179.88 & -154.62 & -183.04 & -132.63 & -156.46 & -141.47 & -231.84 & -128.17 & -170.20 & -116.06 & -240.53 & -226.23 & -198.52 & -170.54 & -241.88 & -122.67 & -121.84 & -281.58 & -174.32 & -315.82 & -178.41 & -329.40 & -203.97 \\
c20         & -118.24 & -189.04 & -155.30 & -185.84 & -130.61 & -155.72 & -140.82 & -235.34 & -125.51 & -170.29 & -114.93 & -240.50 & -228.88 & -198.72 & -171.74 & -242.10 & -120.92 & -121.73 & -281.56 & -174.34 & -317.76 & -180.35 & -330.38 & -202.15 \\
c21         & -116.64 & -188.77 & -151.24 & -183.05 & -131.33 & -156.62 & -140.01 & -223.42 & -127.10 & -169.89 & -113.85 & -238.24 & -226.21 & -200.73 & -175.19 & -242.06 & -121.00 & -122.39 & -281.37 & -173.95 & -318.38 & -178.78 & -330.36 & -201.82 \\
c22         & -118.80 & -179.62 & -154.05 & -186.61 & -128.06 & -156.28 & -140.54 & -236.89 & -128.10 & -161.74 & -112.08 & -240.96 & -226.10 & -201.11 & -171.60 & -241.93 & -121.74 & -120.02 & -281.11 & -173.82 & -317.92 & -178.44 & -331.15 & -204.09 \\
c23         & -119.61 & -181.89 & -155.24 & -180.01 & -133.74 & -158.11 & -140.60 & -224.90 & -124.45 & -171.30 & -114.87 & -240.61 & -229.57 & -189.68 & -173.44 & -241.88 & -121.20 & -119.77 & -281.00 & -174.32 & -316.50 & -178.77 & -330.30 & -202.24 \\
\bottomrule
\end{tabular}

                               0             1   ...              22             23
new_cluster  [-7.84, new_cluster]  [-76.18, c1]  ...  [-221.64, c22]  [-92.76, c23]
c1           [-7.84, new_cluster]  [-76.96, c1]  ...  [-221.64, c22]  [-92.76, c23]
c2           [-7.84, new_cluster]  [-73.94, c1]  ...  [-221.64, c22]  [-92.76, c23]
c3           [-7.84, new_cluster]  [-73.46, c1]  ...  [-221.64, c22]  [-92.76, c23]
c4           [-7.84, new_cluster]   [-81.1, c1]  ...  [-221.64, c22]  [-92.76, c23]
c5           [-7.84, new_cluster]  [-80.93, c1]  ...  [-221.64, c22]  [-92.76, c23]
c6           [-7.84, new_cluster]  [-78.57, c1]  ...  [-221.64, c22]  [-92.76, c23]
c7           [-7.84, new_cluster]  [-75.34, c1]  ...  [-221.64, c22]  [-92.76, c23]
c8           [-7.84, new_cluster]  [-75.75, c1]  ...  [-221.64, c22]  [-92.76, c23]
c9           [-7.84, new_cluster]  [-81.27, c1]  ...  [-221.64, c22]  [-92.76, c23]
c10          [-7.84, new_cluster]  [-76.74, c1]  ...  [-221.64, c22]  [-92.76, c23]
c11          [-7.84, new_cluster]  [-78.06, c1]  ...  [-221.64, c22]  [-92.76, c23]
c12          [-7.84, new_cluster]   [-75.1, c1]  ...  [-221.64, c22]  [-92.76, c23]
c13          [-7.84, new_cluster]   [-76.8, c1]  ...  [-221.64, c22]  [-92.76, c23]
c14          [-7.84, new_cluster]  [-75.78, c1]  ...  [-221.64, c22]  [-92.76, c23]
c15          [-7.84, new_cluster]  [-75.04, c1]  ...  [-221.64, c22]  [-92.76, c23]
c16          [-7.84, new_cluster]  [-82.52, c1]  ...  [-221.64, c22]  [-92.76, c23]
c17          [-7.84, new_cluster]  [-76.64, c1]  ...  [-221.64, c22]  [-92.76, c23]
c18          [-7.84, new_cluster]  [-74.36, c1]  ...  [-221.64, c22]  [-92.76, c23]
c19          [-7.84, new_cluster]   [-72.0, c1]  ...  [-221.64, c22]  [-92.76, c23]
c20          [-7.84, new_cluster]  [-80.81, c1]  ...  [-221.64, c22]  [-92.76, c23]
c21          [-7.84, new_cluster]  [-80.88, c1]  ...  [-221.64, c22]  [-92.76, c23]
c22          [-7.84, new_cluster]  [-71.44, c1]  ...  [-221.64, c22]  [-92.76, c23]
c23          [-7.84, new_cluster]  [-73.65, c1]  ...  [-221.64, c22]  [-92.76, c23]

[24 rows x 24 columns]
\begin{tabular}{lllllllllllllllllllllllll}
\toprule
{} &                    0  &            1  &            2  &            3  &            4  &            5  &            6  &             7  &            8  &            9  &            10 &              11 &              12 &             13 &             14 &              15 &             16 &             17 &              18 &             19 &              20 &             21 &              22 &             23 \\
\midrule
new\_cluster &  [-7.84, new\_cluster] &  [-76.18, c1] &  [-45.31, c2] &  [-74.26, c3] &  [-19.22, c4] &  [-47.43, c5] &   [-23.9, c6] &   [-114.0, c7] &  [-15.73, c8] &  [-56.25, c9] &  [-3.56, c10] &  [-131.07, c11] &  [-117.73, c12] &  [-87.68, c13] &  [-66.71, c14] &  [-129.66, c15] &   [-8.98, c16] &  [-12.29, c17] &  [-170.23, c18] &  [-61.76, c19] &  [-209.71, c20] &  [-67.97, c21] &  [-221.64, c22] &  [-92.76, c23] \\
c1          &  [-7.84, new\_cluster] &  [-76.96, c1] &  [-44.49, c2] &  [-69.35, c3] &  [-21.36, c4] &  [-43.76, c5] &  [-25.68, c6] &  [-113.77, c7] &  [-15.68, c8] &   [-63.1, c9] &  [-2.49, c10] &  [-131.07, c11] &  [-117.73, c12] &  [-83.79, c13] &  [-58.59, c14] &  [-129.66, c15] &   [-9.04, c16] &  [-12.62, c17] &  [-170.23, c18] &  [-61.76, c19] &   [-205.2, c20] &  [-67.97, c21] &  [-221.64, c22] &  [-92.76, c23] \\
c2          &  [-7.84, new\_cluster] &  [-73.94, c1] &  [-45.74, c2] &  [-68.02, c3] &  [-18.82, c4] &   [-44.6, c5] &  [-24.55, c6] &  [-117.18, c7] &  [-15.53, c8] &  [-63.15, c9] &  [-2.05, c10] &  [-131.07, c11] &  [-117.73, c12] &  [-89.33, c13] &  [-61.42, c14] &  [-129.66, c15] &   [-8.83, c16] &  [-13.21, c17] &  [-170.23, c18] &  [-61.76, c19] &  [-209.27, c20] &  [-67.97, c21] &  [-221.64, c22] &  [-92.76, c23] \\
c3          &  [-7.84, new\_cluster] &  [-73.46, c1] &   [-46.5, c2] &  [-74.33, c3] &  [-20.34, c4] &  [-47.91, c5] &  [-21.17, c6] &  [-116.49, c7] &  [-16.56, c8] &  [-55.23, c9] &  [-3.27, c10] &  [-131.07, c11] &  [-117.73, c12] &  [-82.55, c13] &   [-59.4, c14] &  [-129.66, c15] &   [-8.63, c16] &  [-11.04, c17] &  [-170.23, c18] &  [-61.76, c19] &  [-207.11, c20] &  [-67.97, c21] &  [-221.64, c22] &  [-92.76, c23] \\
c4          &  [-7.84, new\_cluster] &   [-81.1, c1] &  [-45.01, c2] &  [-69.67, c3] &  [-19.45, c4] &   [-44.3, c5] &  [-24.86, c6] &   [-111.8, c7] &  [-15.36, c8] &  [-62.39, c9] &  [-3.62, c10] &  [-131.07, c11] &  [-117.73, c12] &  [-87.21, c13] &   [-63.8, c14] &  [-129.66, c15] &   [-8.98, c16] &  [-12.83, c17] &  [-170.23, c18] &  [-61.76, c19] &  [-206.46, c20] &  [-67.97, c21] &  [-221.64, c22] &  [-92.76, c23] \\
c5          &  [-7.84, new\_cluster] &  [-80.93, c1] &  [-43.51, c2] &  [-71.61, c3] &  [-18.24, c4] &  [-45.35, c5] &  [-24.91, c6] &  [-116.65, c7] &  [-16.02, c8] &  [-56.45, c9] &  [-4.11, c10] &  [-131.07, c11] &  [-117.73, c12] &   [-81.0, c13] &  [-63.31, c14] &  [-129.66, c15] &    [-8.6, c16] &  [-11.35, c17] &  [-170.23, c18] &  [-61.76, c19] &  [-205.93, c20] &  [-67.97, c21] &  [-221.64, c22] &  [-92.76, c23] \\
c6          &  [-7.84, new\_cluster] &  [-78.57, c1] &  [-46.07, c2] &  [-73.62, c3] &  [-18.13, c4] &  [-50.71, c5] &  [-21.99, c6] &  [-119.51, c7] &  [-15.64, c8] &  [-55.29, c9] &   [-5.3, c10] &  [-131.07, c11] &  [-117.73, c12] &  [-85.23, c13] &  [-62.73, c14] &  [-129.66, c15] &   [-8.63, c16] &   [-12.9, c17] &  [-170.23, c18] &  [-61.76, c19] &  [-205.53, c20] &  [-67.97, c21] &  [-221.64, c22] &  [-92.76, c23] \\
c7          &  [-7.84, new\_cluster] &  [-75.34, c1] &  [-46.66, c2] &   [-75.3, c3] &  [-22.36, c4] &  [-44.88, c5] &  [-25.66, c6] &  [-122.76, c7] &  [-13.55, c8] &  [-51.86, c9] &   [-3.9, c10] &  [-131.07, c11] &  [-117.73, c12] &  [-88.02, c13] &   [-61.9, c14] &  [-129.66, c15] &   [-8.68, c16] &  [-13.08, c17] &  [-170.23, c18] &  [-61.76, c19] &  [-210.25, c20] &  [-67.97, c21] &  [-221.64, c22] &  [-92.76, c23] \\
c8          &  [-7.84, new\_cluster] &  [-75.75, c1] &  [-45.13, c2] &  [-70.68, c3] &  [-22.04, c4] &  [-52.05, c5] &  [-25.94, c6] &  [-119.55, c7] &  [-17.29, c8] &  [-58.74, c9] &  [-4.22, c10] &  [-131.07, c11] &  [-117.73, c12] &   [-90.7, c13] &  [-62.21, c14] &  [-129.66, c15] &   [-8.71, c16] &  [-10.42, c17] &  [-170.23, c18] &  [-61.76, c19] &  [-208.11, c20] &  [-67.97, c21] &  [-221.64, c22] &  [-92.76, c23] \\
c9          &  [-7.84, new\_cluster] &  [-81.27, c1] &   [-44.9, c2] &  [-74.56, c3] &  [-20.67, c4] &  [-47.33, c5] &  [-22.29, c6] &  [-113.22, c7] &  [-15.09, c8] &  [-58.34, c9] &  [-2.39, c10] &  [-131.07, c11] &  [-117.73, c12] &  [-83.44, c13] &  [-62.07, c14] &  [-129.66, c15] &   [-9.53, c16] &  [-11.34, c17] &  [-170.23, c18] &  [-61.76, c19] &  [-209.19, c20] &  [-67.97, c21] &  [-221.64, c22] &  [-92.76, c23] \\
c10         &  [-7.84, new\_cluster] &  [-76.74, c1] &  [-47.08, c2] &  [-73.52, c3] &  [-19.72, c4] &  [-46.97, c5] &  [-24.48, c6] &  [-121.27, c7] &  [-14.18, c8] &   [-60.7, c9] &  [-4.85, c10] &  [-131.07, c11] &  [-117.73, c12] &  [-84.63, c13] &   [-60.5, c14] &  [-129.66, c15] &   [-9.45, c16] &  [-14.28, c17] &  [-170.23, c18] &  [-61.76, c19] &  [-209.15, c20] &  [-67.97, c21] &  [-221.64, c22] &  [-92.76, c23] \\
c11         &  [-7.84, new\_cluster] &  [-78.06, c1] &  [-44.03, c2] &  [-70.13, c3] &  [-20.04, c4] &  [-44.48, c5] &  [-25.03, c6] &  [-116.12, c7] &  [-16.47, c8] &   [-60.7, c9] &  [-3.41, c10] &  [-131.07, c11] &  [-117.73, c12] &  [-86.91, c13] &  [-65.27, c14] &  [-129.66, c15] &    [-9.9, c16] &  [-10.94, c17] &  [-170.23, c18] &  [-61.76, c19] &  [-207.94, c20] &  [-67.97, c21] &  [-221.64, c22] &  [-92.76, c23] \\
c12         &  [-7.84, new\_cluster] &   [-75.1, c1] &   [-45.6, c2] &  [-70.32, c3] &  [-21.52, c4] &  [-44.45, c5] &   [-26.3, c6] &  [-119.25, c7] &  [-14.67, c8] &  [-61.78, c9] &  [-3.76, c10] &  [-131.07, c11] &  [-117.73, c12] &  [-93.35, c13] &  [-62.21, c14] &  [-129.66, c15] &   [-9.25, c16] &  [-13.12, c17] &  [-170.23, c18] &  [-61.76, c19] &  [-205.19, c20] &  [-67.97, c21] &  [-221.64, c22] &  [-92.76, c23] \\
c13         &  [-7.84, new\_cluster] &   [-76.8, c1] &  [-47.22, c2] &  [-65.55, c3] &  [-18.78, c4] &  [-45.86, c5] &  [-25.17, c6] &  [-119.54, c7] &  [-15.83, c8] &  [-57.66, c9] &   [-4.7, c10] &  [-131.07, c11] &  [-117.73, c12] &  [-78.34, c13] &  [-62.51, c14] &  [-129.66, c15] &   [-9.22, c16] &  [-11.29, c17] &  [-170.23, c18] &  [-61.76, c19] &  [-211.43, c20] &  [-67.97, c21] &  [-221.64, c22] &  [-92.76, c23] \\
c14         &  [-7.84, new\_cluster] &  [-75.78, c1] &  [-44.98, c2] &  [-73.24, c3] &  [-19.73, c4] &  [-47.38, c5] &  [-26.94, c6] &  [-117.34, c7] &  [-15.64, c8] &  [-57.39, c9] &  [-2.72, c10] &  [-131.07, c11] &  [-117.73, c12] &  [-86.45, c13] &  [-64.47, c14] &  [-129.66, c15] &   [-9.86, c16] &  [-12.35, c17] &  [-170.23, c18] &  [-61.76, c19] &  [-208.94, c20] &  [-67.97, c21] &  [-221.64, c22] &  [-92.76, c23] \\
c15         &  [-7.84, new\_cluster] &  [-75.04, c1] &  [-44.23, c2] &  [-73.21, c3] &  [-18.99, c4] &  [-47.48, c5] &  [-27.78, c6] &  [-117.94, c7] &  [-13.63, c8] &  [-56.07, c9] &  [-3.42, c10] &  [-131.07, c11] &  [-117.73, c12] &   [-87.6, c13] &  [-60.25, c14] &  [-129.66, c15] &    [-9.5, c16] &  [-12.87, c17] &  [-170.23, c18] &  [-61.76, c19] &  [-210.43, c20] &  [-67.97, c21] &  [-221.64, c22] &  [-92.76, c23] \\
c16         &  [-7.84, new\_cluster] &  [-82.52, c1] &  [-48.23, c2] &  [-75.58, c3] &  [-20.78, c4] &  [-46.13, c5] &  [-26.91, c6] &   [-118.5, c7] &  [-14.82, c8] &   [-52.8, c9] &  [-4.28, c10] &  [-131.07, c11] &  [-117.73, c12] &  [-85.21, c13] &  [-62.61, c14] &  [-129.66, c15] &   [-9.74, c16] &  [-13.18, c17] &  [-170.23, c18] &  [-61.76, c19] &  [-207.82, c20] &  [-67.97, c21] &  [-221.64, c22] &  [-92.76, c23] \\
c17         &  [-7.84, new\_cluster] &  [-76.64, c1] &  [-47.88, c2] &  [-71.07, c3] &  [-20.98, c4] &  [-44.69, c5] &  [-24.16, c6] &  [-114.38, c7] &  [-14.09, c8] &   [-58.9, c9] &  [-3.99, c10] &  [-131.07, c11] &  [-117.73, c12] &  [-86.96, c13] &  [-60.14, c14] &  [-129.66, c15] &   [-9.67, c16] &  [-10.55, c17] &  [-170.23, c18] &  [-61.76, c19] &   [-207.3, c20] &  [-67.97, c21] &  [-221.64, c22] &  [-92.76, c23] \\
c18         &  [-7.84, new\_cluster] &  [-74.36, c1] &  [-43.77, c2] &  [-72.01, c3] &  [-19.38, c4] &  [-44.25, c5] &  [-26.96, c6] &  [-117.16, c7] &   [-16.5, c8] &  [-56.35, c9] &   [-4.2, c10] &  [-131.07, c11] &  [-117.73, c12] &  [-84.44, c13] &  [-60.79, c14] &  [-129.66, c15] &   [-8.71, c16] &  [-11.29, c17] &  [-170.23, c18] &  [-61.76, c19] &  [-210.33, c20] &  [-67.97, c21] &  [-221.64, c22] &  [-92.76, c23] \\
c19         &  [-7.84, new\_cluster] &   [-72.0, c1] &  [-44.81, c2] &  [-70.99, c3] &  [-21.75, c4] &   [-46.1, c5] &  [-27.63, c6] &  [-124.04, c7] &  [-17.71, c8] &  [-59.85, c9] &  [-2.86, c10] &  [-131.07, c11] &  [-117.73, c12] &  [-89.51, c13] &  [-61.42, c14] &  [-129.66, c15] &  [-10.23, c16] &  [-12.24, c17] &  [-170.23, c18] &  [-61.76, c19] &  [-206.88, c20] &  [-67.97, c21] &  [-221.64, c22] &  [-92.76, c23] \\
c20         &  [-7.84, new\_cluster] &  [-80.81, c1] &  [-46.54, c2] &   [-73.6, c3] &  [-19.76, c4] &  [-47.34, c5] &  [-25.71, c6] &  [-125.55, c7] &  [-13.98, c8] &  [-60.03, c9] &  [-2.81, c10] &  [-131.07, c11] &  [-117.73, c12] &  [-87.23, c13] &  [-61.69, c14] &  [-129.66, c15] &   [-8.83, c16] &  [-11.78, c17] &  [-170.23, c18] &  [-61.76, c19] &   [-206.3, c20] &  [-67.97, c21] &  [-221.64, c22] &  [-92.76, c23] \\
c21         &  [-7.84, new\_cluster] &  [-80.88, c1] &   [-42.9, c2] &  [-71.02, c3] &  [-20.46, c4] &  [-46.54, c5] &  [-26.34, c6] &  [-113.62, c7] &  [-15.88, c8] &  [-59.08, c9] &  [-4.12, c10] &  [-131.07, c11] &  [-117.73, c12] &  [-89.31, c13] &  [-65.84, c14] &  [-129.66, c15] &   [-8.94, c16] &  [-11.99, c17] &  [-170.23, c18] &  [-61.76, c19] &  [-207.41, c20] &  [-67.97, c21] &  [-221.64, c22] &  [-92.76, c23] \\
c22         &  [-7.84, new\_cluster] &  [-71.44, c1] &  [-45.12, c2] &  [-74.36, c3] &  [-17.18, c4] &   [-47.6, c5] &  [-26.95, c6] &  [-128.54, c7] &  [-17.26, c8] &  [-51.43, c9] &  [-3.59, c10] &  [-131.07, c11] &  [-117.73, c12] &  [-90.82, c13] &  [-62.21, c14] &  [-129.66, c15] &   [-9.22, c16] &  [-10.38, c17] &  [-170.23, c18] &  [-61.76, c19] &  [-206.89, c20] &  [-67.97, c21] &  [-221.64, c22] &  [-92.76, c23] \\
c23         &  [-7.84, new\_cluster] &  [-73.65, c1] &  [-46.16, c2] &  [-67.99, c3] &  [-22.99, c4] &  [-47.27, c5] &  [-26.79, c6] &   [-114.8, c7] &  [-13.83, c8] &  [-61.31, c9] &  [-4.11, c10] &  [-131.07, c11] &  [-117.73, c12] &  [-80.41, c13] &  [-63.95, c14] &  [-129.66, c15] &   [-8.67, c16] &   [-9.82, c17] &  [-170.23, c18] &  [-61.76, c19] &  [-207.57, c20] &  [-67.97, c21] &  [-221.64, c22] &  [-92.76, c23] \\
\bottomrule
\end{tabular}

