Seed: 5
Experiment_path: AE_Model_1/Random_Seeds_DV5//V5_1/Experiment_05_5_opt
Dataset_Path: ../_00_Datasets/03_SimDaten_Quiroga2020/C_Difficult1_noise010.mat
Dataset_name: ['03_SimDaten_Quiroga2020', 'C_Difficult1_noise010.mat']
Variant_name: Variant_05_Online_Autoencoder_QLearning_opt
Visualisation_Path: AE_Model_1/Random_Seeds_DV5//V5_1/Experiment_05_5_opt/C_Difficult1_noise010.mat/Variant_05_Online_Autoencoder_QLearning_opt/2023_04_24-16_39_26
Normalisation: False
Template Matching: False
Optimising Autoencoder: True
Update Factor: 1
Noisy Batches: False
Noisy Factor: 0.1
Epochs: 8
Batch Size: 1
maximal Spikes for Autoencoder Training : 700
maximal Spikes for Training: 1000
Input Size: 47
Chosen Model: Autoencoder
Autoencoder(
  (encoder): Sequential(
    (0): Linear(in_features=47, out_features=12, bias=True)
    (1): LeakyReLU(negative_slope=0.01)
    (2): Linear(in_features=12, out_features=2, bias=True)
  )
  (decoder): Sequential(
    (0): Linear(in_features=2, out_features=12, bias=True)
    (1): LeakyReLU(negative_slope=0.01)
    (2): Linear(in_features=12, out_features=47, bias=True)
  )
)
MSELoss()
Adam (
Parameter Group 0
    amsgrad: False
    betas: (0.9, 0.999)
    capturable: False
    differentiable: False
    eps: 1e-08
    foreach: None
    fused: False
    lr: 0.001
    maximize: False
    weight_decay: 0
)
---Q Learning Parameters---
Normalisation: False
Punishment Coefficient: 0.4
Alpha: 0.8
Epsilon: 0.01
Gamma: 0.97
Initial Episode Number: 0
Episode Number Coefficient: 1.4
Number of Random Features: 20
Planning Number: 20
Max Random Features: 60
New Episode Number: 72
New Episode Number: 143
New Episode Number: 215
New Episode Number: 286
                0     1     2     3     4
new_cluster -3.34 -2.76 -3.04 -3.43 -2.83
c1          -3.32 -2.72 -2.94 -3.39 -2.87
c2          -3.34 -2.70 -3.06 -3.31 -2.87
c3          -3.34 -2.70 -2.95 -3.60 -2.89
c4          -3.31 -2.75 -3.06 -3.42 -2.86
\begin{tabular}{lrrrrr}
\toprule
{} &     0 &     1 &     2 &     3 &     4 \\
\midrule
new\_cluster & -3.34 & -2.76 & -3.04 & -3.43 & -2.83 \\
c1          & -3.32 & -2.72 & -2.94 & -3.39 & -2.87 \\
c2          & -3.34 & -2.70 & -3.06 & -3.31 & -2.87 \\
c3          & -3.34 & -2.70 & -2.95 & -3.60 & -2.89 \\
c4          & -3.31 & -2.75 & -3.06 & -3.42 & -2.86 \\
\bottomrule
\end{tabular}

                                0            1  ...            3            4
new_cluster  [-0.64, new_cluster]  [-0.11, c1]  ...  [-0.79, c3]  [-0.13, c4]
c1           [-0.64, new_cluster]  [-0.08, c1]  ...  [-0.77, c3]  [-0.21, c4]
c2           [-0.64, new_cluster]  [-0.05, c1]  ...  [-0.65, c3]  [-0.16, c4]
c3           [-0.64, new_cluster]  [-0.05, c1]  ...  [-0.96, c3]  [-0.22, c4]
c4           [-0.64, new_cluster]   [-0.1, c1]  ...  [-0.77, c3]  [-0.19, c4]

[5 rows x 5 columns]
\begin{tabular}{llllll}
\toprule
{} &                     0 &            1 &            2 &            3 &            4 \\
\midrule
new\_cluster &  [-0.64, new\_cluster] &  [-0.11, c1] &  [-0.38, c2] &  [-0.79, c3] &  [-0.13, c4] \\
c1          &  [-0.64, new\_cluster] &  [-0.08, c1] &  [-0.29, c2] &  [-0.77, c3] &  [-0.21, c4] \\
c2          &  [-0.64, new\_cluster] &  [-0.05, c1] &  [-0.44, c2] &  [-0.65, c3] &  [-0.16, c4] \\
c3          &  [-0.64, new\_cluster] &  [-0.05, c1] &  [-0.33, c2] &  [-0.96, c3] &  [-0.22, c4] \\
c4          &  [-0.64, new\_cluster] &   [-0.1, c1] &  [-0.43, c2] &  [-0.77, c3] &  [-0.19, c4] \\
\bottomrule
\end{tabular}

