Seed: 0
Experiment_path: Experiment_06
Dataset_Path: ../_00_Datasets/03_SimDaten_Quiroga2020/C_Easy1_noise035.mat
Dataset_name: ['03_SimDaten_Quiroga2020', 'C_Easy1_noise035.mat']
Variant_name: Variant_05_Online_Autoencoder_QLearning_opt
Visualisation_Path: AE_Model_2/Grid_Search_PC//V5_1/C_Easy1_noise035.mat/Variant_05_Online_Autoencoder_QLearning_opt/2023_05_04-00_57_02
Normalisation: False
Template Matching: False
Optimising Autoencoder: True
Update Factor: 1
Noisy Batches: False
Noisy Factor: 0.001
Epochs: 8
Batch Size: 1
maximal Spikes for Autoencoder Training : 700
maximal Spikes for Training: 1000
Input Size: 47
Chosen Model: Convolutional Autoencoder
ConvolutionalAutoencoder(
  (encoder): Sequential(
    (0): Conv1d(1, 6, kernel_size=(6,), stride=(1,))
    (1): LeakyReLU(negative_slope=0.01)
    (2): Conv1d(6, 1, kernel_size=(6,), stride=(1,))
    (3): Flatten(start_dim=1, end_dim=-1)
    (4): Linear(in_features=37, out_features=2, bias=True)
  )
  (decoder): Sequential(
    (0): ConvTranspose1d(1, 6, kernel_size=(6,), stride=(1,))
    (1): LeakyReLU(negative_slope=0.01)
    (2): ConvTranspose1d(6, 1, kernel_size=(6,), stride=(1,))
    (3): Flatten(start_dim=1, end_dim=-1)
    (4): Linear(in_features=12, out_features=47, bias=True)
  )
)
MSELoss()
Adam (
Parameter Group 0
    amsgrad: False
    betas: (0.9, 0.999)
    capturable: False
    differentiable: False
    eps: 1e-08
    foreach: None
    fused: False
    lr: 0.001
    maximize: False
    weight_decay: 0
)
---Q Learning Parameters---
Normalisation: False
Punishment Coefficient: 0.4
Alpha: 0.8
Epsilon: 0.01
Gamma: 0.97
Initial Episode Number: 0
Episode Number Coefficient: 1.4
Number of Random Features: 20
Planning Number: 20
Max Random Features: 60
New Episode Number: 72
New Episode Number: 143
New Episode Number: 215
New Episode Number: 286
New Episode Number: 358
New Episode Number: 429
New Episode Number: 500
New Episode Number: 572
New Episode Number: 643
New Episode Number: 715
New Episode Number: 786
New Episode Number: 858
New Episode Number: 929
New Episode Number: 1000
New Episode Number: 1072
New Episode Number: 1143
New Episode Number: 1215
New Episode Number: 1286
New Episode Number: 1358
New Episode Number: 1429
New Episode Number: 1501
New Episode Number: 1572
New Episode Number: 1643
New Episode Number: 1715
New Episode Number: 1786
New Episode Number: 1858
New Episode Number: 1929
New Episode Number: 2000
New Episode Number: 2072
New Episode Number: 2143
New Episode Number: 2215
New Episode Number: 2286
New Episode Number: 2358
New Episode Number: 2429
New Episode Number: 2500
               0      1     2      3     4   ...     31     32    33    34    35
new_cluster -5.93 -30.14 -6.28 -15.69 -7.76  ... -28.98 -24.67 -6.31 -6.60 -9.21
c1          -5.92 -30.53 -6.34 -16.32 -7.33  ... -30.65 -24.76 -6.30 -6.62 -9.34
c2          -5.93 -30.97 -6.45 -16.11 -7.46  ... -30.25 -24.74 -6.15 -6.63 -9.31
c3          -5.93 -30.09 -6.30 -16.19 -7.52  ... -29.56 -24.80 -6.34 -6.62 -9.34
c4          -5.93 -30.25 -6.29 -16.13 -7.46  ... -29.14 -24.80 -6.18 -6.58 -9.34
c5          -5.97 -31.22 -6.28 -16.32 -7.01  ... -29.59 -24.81 -6.36 -6.61 -9.34
c6          -5.93 -30.30 -6.55 -16.27 -7.30  ... -30.37 -24.83 -6.08 -6.61 -9.34
c7          -5.93 -30.55 -6.35 -16.01 -7.54  ... -29.68 -24.82 -6.18 -6.59  0.00
c8          -5.93 -30.23 -6.26 -16.02 -7.53  ... -30.66 -24.81 -6.37 -6.60 -9.34
c9          -5.93 -29.86 -6.28 -16.36 -7.14  ... -29.58 -24.76 -6.34 -6.60 -9.34
c10         -5.93 -31.13 -6.36 -16.06 -7.17  ... -29.54 -24.68 -6.30 -6.70 -9.37
c11         -5.93 -30.89 -6.29 -16.51 -7.18  ... -29.96 -24.74 -6.36 -6.62 -9.34
c12         -6.01 -30.65 -6.13 -16.52 -7.39  ... -29.40 -24.82 -6.19 -6.57 -9.34
c13         -5.94 -31.00 -6.29 -15.38 -7.39  ... -29.21 -24.83 -6.30 -6.64 -9.34
c14         -5.93 -31.50 -6.29 -15.88 -7.23  ... -29.58 -24.76 -6.31 -6.69  0.00
c15         -5.92 -30.67 -6.20 -16.05 -7.42  ... -29.05 -24.76 -6.34 -6.62 -9.34
c16         -5.92 -30.13 -6.28 -16.22 -7.73  ... -30.03 -24.81 -6.34 -6.58 -9.34
c17         -5.90 -31.53 -6.44 -15.89 -7.31  ... -30.26 -24.68 -6.19 -6.58  0.00
c18         -5.93 -30.55 -6.32 -15.43 -7.17  ... -30.39 -24.67 -6.18 -6.62 -9.31
c19         -5.93 -30.36 -6.39 -15.81 -7.59  ... -28.75 -24.81 -6.18 -6.58 -9.34
c20         -5.92 -30.19 -6.23 -16.23 -7.58  ... -29.19 -24.82 -6.36 -6.61 -9.34
c21         -5.93 -30.12 -6.33 -16.10 -7.36  ... -29.57 -24.74 -6.36 -6.60 -9.37
c22         -5.92 -28.09 -6.13 -15.95 -7.59  ... -30.21 -24.81 -6.19 -6.64 -9.34
c23         -5.93 -30.23 -6.29 -16.29 -7.63  ... -30.69 -24.80 -6.33 -6.62 -9.34
c24         -5.94 -29.32 -6.49 -16.09 -7.24  ... -30.47 -24.76 -6.33 -6.64 -9.34
c25         -5.93 -29.57 -6.28 -16.05 -7.64  ... -29.86 -24.82 -6.36 -6.58 -9.34
c26         -5.93 -30.89 -6.41 -16.11 -7.44  ... -30.28 -24.81 -6.33 -6.62 -9.34
c27         -5.93 -29.81 -6.29 -16.59 -7.46  ... -29.65 -24.76 -6.31 -6.58 -9.34
c28         -5.92 -31.43 -6.52 -15.95 -7.54  ... -30.40 -24.83 -6.16 -6.64 -9.34
c29         -5.93 -30.06 -6.30 -16.25 -7.30  ... -30.39 -24.80 -6.18 -6.64 -9.31
c30         -5.94 -31.18 -6.17 -15.98 -7.38  ... -30.22 -24.75 -6.36 -6.58 -9.37
c31         -5.93 -28.44 -6.31 -15.83 -7.22  ... -30.55 -24.80 -6.19 -6.70 -9.34
c32         -5.93 -29.70 -6.37 -16.03 -7.23  ... -29.56 -24.67 -6.37 -6.62 -9.34
c33         -5.93 -30.54 -6.21 -16.17 -7.45  ... -28.69 -24.83 -6.33 -6.58 -9.34
c34         -5.92 -30.01 -6.30 -16.14 -7.62  ... -28.92 -24.81 -6.19 -6.57 -9.34
c35         -5.93 -30.80 -6.28 -16.20 -7.33  ... -29.51 -24.76 -6.31 -6.63 -9.34

[36 rows x 36 columns]
\begin{tabular}{lrrrrrrrrrrrrrrrrrrrrrrrrrrrrrrrrrrrr}
\toprule
{} &    0  &     1  &    2  &     3  &    4  &     5  &     6  &     7  &    8  &     9  &    10 &    11 &     12 &     13 &     14 &     15 &    16 &     17 &     18 &     19 &     20 &     21 &     22 &     23 &     24 &     25 &     26 &    27 &     28 &     29 &     30 &     31 &     32 &    33 &    34 &    35 \\
\midrule
new\_cluster & -5.93 & -30.14 & -6.28 & -15.69 & -7.76 & -11.30 & -15.93 & -15.37 & -5.45 & -12.59 & -6.04 & -8.28 & -34.48 & -30.17 & -12.58 & -17.25 & -7.66 & -15.28 & -23.00 & -10.29 & -12.58 & -39.66 & -27.13 & -15.29 & -24.31 & -13.53 & -24.98 & -7.34 & -32.73 & -28.68 & -66.14 & -28.98 & -24.67 & -6.31 & -6.60 & -9.21 \\
c1          & -5.92 & -30.53 & -6.34 & -16.32 & -7.33 & -13.53 & -15.79 & -15.75 & -5.43 & -12.46 & -6.00 & -7.98 & -34.88 & -28.71 & -12.17 & -17.10 & -7.86 & -14.58 & -23.22 &  -9.85 & -12.59 & -38.77 & -26.86 & -15.47 & -24.11 & -12.99 & -25.23 & -7.35 & -32.73 & -30.53 & -66.09 & -30.65 & -24.76 & -6.30 & -6.62 & -9.34 \\
c2          & -5.93 & -30.97 & -6.45 & -16.11 & -7.46 & -13.31 & -16.49 & -15.94 & -5.57 & -12.67 & -6.10 & -7.62 & -35.34 & -30.27 & -12.16 & -17.32 & -7.98 & -15.27 & -23.80 & -10.56 & -12.60 & -37.78 & -26.58 & -14.94 & -24.25 & -13.20 & -22.90 & -7.65 & -32.73 & -27.10 & -66.07 & -30.25 & -24.74 & -6.15 & -6.63 & -9.31 \\
c3          & -5.93 & -30.09 & -6.30 & -16.19 & -7.52 & -12.49 & -16.94 & -14.95 & -5.46 & -12.45 & -5.94 & -8.44 & -35.13 & -30.09 & -11.98 & -17.39 & -7.90 & -14.67 & -23.84 & -10.08 & -12.59 & -38.21 & -26.75 & -15.60 & -24.22 & -13.17 & -24.95 & -7.50 & -32.73 & -24.07 & -66.11 & -29.56 & -24.80 & -6.34 & -6.62 & -9.34 \\
c4          & -5.93 & -30.25 & -6.29 & -16.13 & -7.46 & -12.05 & -15.84 & -15.44 & -5.46 & -12.08 & -6.14 & -7.85 & -34.98 & -29.73 & -12.15 & -17.67 & -8.03 & -15.33 & -23.60 &  -9.97 & -12.58 & -37.37 & -26.34 & -15.67 & -24.31 & -13.59 & -23.98 & -7.32 & -32.74 & -22.97 & -66.07 & -29.14 & -24.80 & -6.18 & -6.58 & -9.34 \\
c5          & -5.97 & -31.22 & -6.28 & -16.32 & -7.01 & -11.57 & -16.10 & -15.71 & -5.45 & -12.32 & -6.03 & -7.50 & -34.92 & -29.79 & -12.74 & -16.46 & -7.71 & -15.34 & -22.72 & -10.07 & -12.60 & -37.34 & -26.69 & -15.41 & -24.02 & -13.73 & -23.18 & -7.49 & -32.73 & -27.07 & -66.07 & -29.59 & -24.81 & -6.36 & -6.61 & -9.34 \\
c6          & -5.93 & -30.30 & -6.55 & -16.27 & -7.30 & -11.00 & -15.75 & -15.71 & -5.54 & -12.61 & -6.01 & -7.91 & -34.79 & -29.27 & -12.49 & -17.40 & -7.76 & -15.60 & -22.76 & -10.08 & -12.59 & -38.22 & -26.30 & -15.58 & -23.82 & -13.16 & -24.30 & -7.22 & -32.73 & -27.11 & -66.14 & -30.37 & -24.83 & -6.08 & -6.61 & -9.34 \\
c7          & -5.93 & -30.55 & -6.35 & -16.01 & -7.54 & -11.91 & -15.43 & -15.50 & -5.57 & -12.43 & -6.11 & -8.05 & -35.62 & -30.66 & -12.03 & -16.96 & -7.84 & -15.71 & -22.07 & -10.17 & -12.58 & -39.95 & -26.58 & -15.46 & -24.09 & -13.33 & -23.90 & -7.20 & -32.78 & -30.32 & -66.13 & -29.68 & -24.82 & -6.18 & -6.59 &  0.00 \\
c8          & -5.93 & -30.23 & -6.26 & -16.02 & -7.53 & -10.91 & -15.01 & -15.75 & -5.21 & -12.37 & -6.14 & -7.95 & -35.01 & -29.87 & -12.48 & -16.56 & -7.61 & -15.72 & -21.86 & -10.53 & -12.52 & -39.00 & -25.59 & -15.94 & -24.46 & -13.05 & -22.18 & -7.28 & -32.73 & -27.07 & -66.08 & -30.66 & -24.81 & -6.37 & -6.60 & -9.34 \\
c9          & -5.93 & -29.86 & -6.28 & -16.36 & -7.14 & -12.63 & -16.24 & -16.14 & -5.54 & -12.34 & -6.21 & -8.67 & -34.40 & -29.28 & -12.09 & -17.39 & -7.76 & -16.23 & -23.29 &  -9.75 & -12.60 & -38.72 & -25.86 & -15.40 & -24.23 & -12.83 & -25.78 & -7.22 & -32.73 & -26.76 & -66.08 & -29.58 & -24.76 & -6.34 & -6.60 & -9.34 \\
c10         & -5.93 & -31.13 & -6.36 & -16.06 & -7.17 &  -9.79 & -15.87 & -15.52 & -5.64 & -12.22 & -6.04 & -8.22 & -35.30 & -29.48 & -12.81 & -17.02 & -7.63 & -15.88 & -23.54 & -10.70 & -12.59 & -37.55 & -26.62 & -15.46 & -24.41 & -13.05 & -23.31 & -7.20 & -32.73 & -25.55 & -66.08 & -29.54 & -24.68 & -6.30 & -6.70 & -9.37 \\
c11         & -5.93 & -30.89 & -6.29 & -16.51 & -7.18 & -11.71 & -15.34 & -15.91 & -5.38 & -12.35 & -6.07 & -8.05 & -35.11 & -29.19 & -12.51 & -16.93 & -8.04 & -15.86 & -23.60 & -10.21 & -12.52 & -37.09 & -27.07 & -15.33 & -24.34 & -12.90 & -24.90 & -7.19 & -32.73 & -21.29 & -66.07 & -29.96 & -24.74 & -6.36 & -6.62 & -9.34 \\
c12         & -6.01 & -30.65 & -6.13 & -16.52 & -7.39 & -12.24 & -16.88 & -16.22 & -5.45 & -11.98 & -5.96 & -8.20 & -35.62 & -29.17 & -12.46 & -16.56 & -7.85 & -15.34 & -23.88 & -10.06 & -12.60 & -38.75 & -26.74 & -15.78 & -24.42 & -13.24 & -21.38 & -7.37 & -32.73 & -28.86 & -66.10 & -29.40 & -24.82 & -6.19 & -6.57 & -9.34 \\
c13         & -5.94 & -31.00 & -6.29 & -15.38 & -7.39 & -11.70 & -16.28 & -15.86 & -5.54 & -12.68 & -6.14 & -8.40 & -34.27 & -29.20 & -12.35 & -17.56 & -7.74 & -14.87 & -22.86 & -10.40 & -12.60 & -38.22 & -26.33 & -16.19 & -24.22 & -13.38 & -23.21 & -7.31 & -32.79 & -23.09 & -66.13 & -29.21 & -24.83 & -6.30 & -6.64 & -9.34 \\
c14         & -5.93 & -31.50 & -6.29 & -15.88 & -7.23 & -11.96 & -15.47 & -16.35 & -5.34 & -12.35 & -5.81 & -7.87 & -34.59 & -29.01 & -12.43 & -17.90 & -7.75 & -15.84 & -22.29 & -10.25 & -12.59 & -38.53 & -26.39 & -15.65 & -24.46 & -13.16 & -23.26 & -7.46 & -32.73 & -30.93 & -66.13 & -29.58 & -24.76 & -6.31 & -6.69 &  0.00 \\
c15         & -5.92 & -30.67 & -6.20 & -16.05 & -7.42 & -12.43 & -15.24 & -15.90 & -5.28 & -12.43 & -5.76 & -8.28 & -35.18 & -29.44 & -12.34 & -16.69 & -7.78 & -15.68 & -23.72 & -10.16 & -12.60 & -39.18 & -25.92 & -15.68 & -24.21 & -12.97 & -27.54 & -7.52 & -32.73 & -28.68 & -66.07 & -29.05 & -24.76 & -6.34 & -6.62 & -9.34 \\
c16         & -5.92 & -30.13 & -6.28 & -16.22 & -7.73 & -12.14 & -15.74 & -15.62 & -5.31 & -11.81 & -5.92 & -7.89 & -34.13 & -29.33 & -11.72 & -16.81 & -7.88 & -16.08 & -22.99 &  -9.52 & -12.60 & -38.68 & -26.51 & -15.98 & -24.10 & -13.28 & -25.02 & -7.36 & -32.73 & -21.37 & -66.13 & -30.03 & -24.81 & -6.34 & -6.58 & -9.34 \\
c17         & -5.90 & -31.53 & -6.44 & -15.89 & -7.31 & -10.49 & -16.28 & -15.78 & -5.51 & -12.50 & -6.18 & -7.92 & -35.36 & -29.53 & -12.08 & -17.40 & -7.59 & -15.08 & -23.39 & -10.33 & -12.59 & -38.65 & -27.03 & -15.20 & -24.65 & -13.20 & -26.51 & -7.19 & -32.74 & -20.25 & -66.06 & -30.26 & -24.68 & -6.19 & -6.58 &  0.00 \\
c18         & -5.93 & -30.55 & -6.32 & -15.43 & -7.17 & -13.85 & -16.17 & -16.05 & -5.45 & -12.12 & -6.15 & -8.38 & -35.20 & -29.90 & -12.55 & -17.26 & -8.23 & -15.46 & -24.22 & -10.49 & -12.52 & -37.80 & -26.74 & -14.88 & -24.48 & -13.28 & -23.21 & -7.39 & -32.73 & -22.66 & -66.14 & -30.39 & -24.67 & -6.18 & -6.62 & -9.31 \\
c19         & -5.93 & -30.36 & -6.39 & -15.81 & -7.59 & -11.59 & -16.33 & -15.68 & -5.59 & -12.84 & -5.97 & -8.15 & -35.26 & -29.90 & -12.77 & -17.97 & -7.86 & -16.23 & -23.14 & -10.43 & -12.58 & -38.54 & -26.02 & -15.97 & -24.52 & -13.49 & -24.98 & -7.28 & -32.73 & -32.20 & -66.08 & -28.75 & -24.81 & -6.18 & -6.58 & -9.34 \\
c20         & -5.92 & -30.19 & -6.23 & -16.23 & -7.58 & -11.83 & -16.22 & -15.79 & -5.47 & -12.73 & -5.95 & -8.04 & -35.39 & -29.73 & -12.59 & -17.36 & -7.81 & -15.45 & -23.29 & -10.58 & -12.54 & -38.56 & -26.51 & -15.13 & -24.24 & -12.98 & -26.81 & -7.45 & -32.73 & -22.62 & -66.13 & -29.19 & -24.82 & -6.36 & -6.61 & -9.34 \\
c21         & -5.93 & -30.12 & -6.33 & -16.10 & -7.36 & -10.90 & -16.32 & -15.72 & -5.28 & -12.37 & -6.07 & -7.92 & -35.30 & -29.91 & -12.53 & -17.40 & -7.69 & -14.81 & -22.87 & -10.59 & -12.59 & -38.00 & -26.86 & -16.00 & -24.11 & -13.09 & -23.29 & -7.27 & -32.73 & -22.65 & -66.07 & -29.57 & -24.74 & -6.36 & -6.60 & -9.37 \\
c22         & -5.92 & -28.09 & -6.13 & -15.95 & -7.59 & -12.76 & -15.69 & -15.82 & -5.54 & -12.54 & -6.08 & -8.24 & -34.95 & -29.74 & -12.55 & -17.14 & -8.03 & -15.05 & -23.36 & -10.41 & -12.60 & -36.84 & -26.62 & -15.51 & -23.96 & -13.23 & -26.89 & -7.43 & -32.73 & -27.36 & -66.07 & -30.21 & -24.81 & -6.19 & -6.64 & -9.34 \\
c23         & -5.93 & -30.23 & -6.29 & -16.29 & -7.63 & -11.03 & -16.09 & -15.79 & -5.56 & -12.22 & -6.01 & -8.41 & -35.27 & -29.64 & -12.02 & -17.63 & -8.00 & -15.08 & -24.04 & -10.58 & -12.52 & -39.17 & -25.70 & -15.94 & -24.24 & -13.01 & -24.17 & -7.05 & -32.73 & -21.27 & -66.14 & -30.69 & -24.80 & -6.33 & -6.62 & -9.34 \\
c24         & -5.94 & -29.32 & -6.49 & -16.09 & -7.24 & -12.41 & -16.28 & -16.12 & -5.52 & -12.53 & -5.97 & -7.55 & -34.45 & -29.11 & -12.99 & -17.23 & -7.64 & -16.07 & -23.33 & -10.20 & -12.53 & -38.33 & -26.21 & -15.48 & -24.11 & -12.88 & -23.18 & -7.35 & -32.73 & -25.53 & -66.08 & -30.47 & -24.76 & -6.33 & -6.64 & -9.34 \\
c25         & -5.93 & -29.57 & -6.28 & -16.05 & -7.64 & -10.73 & -15.73 & -15.70 & -5.55 & -12.53 & -6.15 & -7.97 & -35.42 & -29.66 & -12.34 & -16.88 & -7.55 & -14.55 & -23.48 & -10.11 & -12.59 & -38.47 & -25.83 & -16.16 & -24.02 & -13.53 & -23.01 & -7.23 & -32.73 & -22.78 & -66.11 & -29.86 & -24.82 & -6.36 & -6.58 & -9.34 \\
c26         & -5.93 & -30.89 & -6.41 & -16.11 & -7.44 & -12.40 & -16.57 & -16.85 & -5.53 & -12.51 & -5.74 & -7.86 & -34.94 & -30.32 & -13.05 & -16.87 & -7.61 & -15.05 & -23.56 &  -9.90 & -12.60 & -38.48 & -26.32 & -15.83 & -24.42 & -13.76 & -26.72 & -7.16 & -32.73 & -22.73 & -66.11 & -30.28 & -24.81 & -6.33 & -6.62 & -9.34 \\
c27         & -5.93 & -29.81 & -6.29 & -16.59 & -7.46 & -10.97 & -17.09 & -15.74 & -5.44 & -12.45 & -5.75 & -7.96 & -34.25 & -29.07 & -12.86 & -17.11 & -7.43 & -15.08 & -22.94 &  -9.91 & -12.59 & -38.90 & -26.13 & -15.29 & -24.25 & -13.46 & -24.64 & -7.36 & -32.74 & -24.17 & -66.09 & -29.65 & -24.76 & -6.31 & -6.58 & -9.34 \\
c28         & -5.92 & -31.43 & -6.52 & -15.95 & -7.54 & -11.76 & -16.31 & -15.74 & -5.36 & -12.78 & -6.12 & -8.34 & -35.40 & -29.43 & -12.49 & -17.73 & -7.80 & -15.47 & -23.09 & -10.66 & -12.60 & -37.88 & -26.82 & -15.62 & -24.13 & -13.41 & -27.88 & -7.24 & -32.73 & -27.69 & -66.09 & -30.40 & -24.83 & -6.16 & -6.64 & -9.34 \\
c29         & -5.93 & -30.06 & -6.30 & -16.25 & -7.30 & -10.85 & -16.26 & -16.28 & -5.44 & -12.29 & -6.06 & -8.05 & -34.83 & -29.79 & -12.55 & -17.01 & -8.10 & -15.86 & -22.77 & -10.41 & -12.60 & -38.49 & -25.87 & -15.66 & -24.38 & -13.31 & -22.93 & -7.34 & -32.73 & -21.37 & -66.03 & -30.39 & -24.80 & -6.18 & -6.64 & -9.31 \\
c30         & -5.94 & -31.18 & -6.17 & -15.98 & -7.38 & -12.07 & -16.07 & -15.47 & -5.46 & -11.80 & -5.87 & -8.42 & -34.56 & -28.53 & -11.91 & -17.58 & -7.60 & -14.91 & -23.18 & -10.29 & -12.60 & -38.21 & -26.00 & -15.86 & -23.81 & -13.75 & -26.47 & -7.33 & -32.73 & -25.69 & -66.08 & -30.22 & -24.75 & -6.36 & -6.58 & -9.37 \\
c31         & -5.93 & -28.44 & -6.31 & -15.83 & -7.22 & -11.88 & -16.38 & -16.02 & -5.47 & -12.41 & -5.73 & -8.03 & -35.40 & -29.62 & -13.20 & -16.66 & -7.80 & -15.73 & -22.16 & -10.97 & -12.52 & -38.41 & -26.72 & -15.44 & -24.46 & -13.38 & -22.84 & -7.52 & -32.73 & -24.23 & -66.07 & -30.55 & -24.80 & -6.19 & -6.70 & -9.34 \\
c32         & -5.93 & -29.70 & -6.37 & -16.03 & -7.23 & -13.29 & -15.95 & -16.26 & -5.48 & -12.22 & -5.95 & -7.82 & -35.42 & -29.43 & -12.21 & -16.99 & -7.61 & -15.81 & -23.83 & -10.58 & -12.59 & -39.16 & -26.66 & -15.64 & -24.63 & -13.98 & -25.31 & -7.26 & -32.73 & -25.56 & -66.06 & -29.56 & -24.67 & -6.37 & -6.62 & -9.34 \\
c33         & -5.93 & -30.54 & -6.21 & -16.17 & -7.45 & -13.01 & -16.17 & -16.09 & -5.64 & -12.78 & -5.74 & -8.29 & -34.37 & -28.49 & -12.61 & -17.23 & -7.78 & -16.07 & -23.15 & -10.59 & -12.58 & -38.92 & -27.00 & -15.32 & -24.24 & -13.63 & -23.97 & -7.55 & -32.73 & -28.67 & -66.07 & -28.69 & -24.83 & -6.33 & -6.58 & -9.34 \\
c34         & -5.92 & -30.01 & -6.30 & -16.14 & -7.62 & -11.62 & -16.02 & -16.01 & -5.27 & -12.33 & -6.02 & -7.90 & -34.78 & -29.78 & -12.41 & -17.72 & -7.65 & -15.51 & -22.19 & -10.73 & -12.58 & -38.06 & -26.82 & -15.61 & -24.14 & -13.90 & -27.30 & -7.47 & -32.73 & -28.70 & -66.06 & -28.92 & -24.81 & -6.19 & -6.57 & -9.34 \\
c35         & -5.93 & -30.80 & -6.28 & -16.20 & -7.33 & -12.06 & -16.72 & -15.86 & -5.50 & -12.72 & -6.13 & -7.90 & -35.13 & -29.50 & -12.41 & -17.47 & -7.70 & -16.56 & -23.22 &  -9.85 & -12.54 & -39.67 & -26.75 & -15.80 & -24.16 & -13.77 & -25.75 & -7.19 & -32.73 & -21.36 & -66.14 & -29.51 & -24.76 & -6.31 & -6.63 & -9.34 \\
\bottomrule
\end{tabular}

                               0             1   ...            34           35
new_cluster  [-0.64, new_cluster]  [-24.85, c1]  ...  [-1.34, c34]  [-4.0, c35]
c1           [-0.64, new_cluster]  [-25.24, c1]  ...  [-1.34, c34]  [-4.0, c35]
c2           [-0.64, new_cluster]  [-25.64, c1]  ...  [-1.34, c34]  [-4.0, c35]
c3           [-0.64, new_cluster]  [-24.96, c1]  ...  [-1.34, c34]  [-4.0, c35]
c4           [-0.64, new_cluster]  [-24.93, c1]  ...  [-1.34, c34]  [-4.0, c35]
c5           [-0.64, new_cluster]   [-26.1, c1]  ...  [-1.34, c34]  [-4.0, c35]
c6           [-0.64, new_cluster]  [-24.97, c1]  ...  [-1.34, c34]  [-4.0, c35]
c7           [-0.64, new_cluster]  [-25.24, c1]  ...  [-1.34, c34]        [0, ]
c8           [-0.64, new_cluster]  [-24.95, c1]  ...  [-1.34, c34]  [-4.0, c35]
c9           [-0.64, new_cluster]  [-24.57, c1]  ...  [-1.34, c34]  [-4.0, c35]
c10          [-0.64, new_cluster]  [-25.83, c1]  ...  [-1.34, c34]  [-4.0, c35]
c11          [-0.64, new_cluster]  [-25.58, c1]  ...  [-1.34, c34]  [-4.0, c35]
c12          [-0.64, new_cluster]  [-25.35, c1]  ...  [-1.34, c34]  [-4.0, c35]
c13          [-0.64, new_cluster]  [-25.71, c1]  ...  [-1.34, c34]  [-4.0, c35]
c14          [-0.64, new_cluster]   [-26.2, c1]  ...  [-1.34, c34]        [0, ]
c15          [-0.64, new_cluster]  [-25.39, c1]  ...  [-1.34, c34]  [-4.0, c35]
c16          [-0.64, new_cluster]  [-25.01, c1]  ...  [-1.34, c34]  [-4.0, c35]
c17          [-0.64, new_cluster]  [-26.23, c1]  ...  [-1.34, c34]        [0, ]
c18          [-0.64, new_cluster]  [-25.28, c1]  ...  [-1.34, c34]  [-4.0, c35]
c19          [-0.64, new_cluster]  [-25.07, c1]  ...  [-1.34, c34]  [-4.0, c35]
c20          [-0.64, new_cluster]  [-24.89, c1]  ...  [-1.34, c34]  [-4.0, c35]
c21          [-0.64, new_cluster]  [-24.87, c1]  ...  [-1.34, c34]  [-4.0, c35]
c22          [-0.64, new_cluster]  [-22.79, c1]  ...  [-1.34, c34]  [-4.0, c35]
c23          [-0.64, new_cluster]  [-24.93, c1]  ...  [-1.34, c34]  [-4.0, c35]
c24          [-0.64, new_cluster]   [-24.0, c1]  ...  [-1.34, c34]  [-4.0, c35]
c25          [-0.64, new_cluster]  [-24.29, c1]  ...  [-1.34, c34]  [-4.0, c35]
c26          [-0.64, new_cluster]  [-25.59, c1]  ...  [-1.34, c34]  [-4.0, c35]
c27          [-0.64, new_cluster]  [-24.51, c1]  ...  [-1.34, c34]  [-4.0, c35]
c28          [-0.64, new_cluster]  [-26.14, c1]  ...  [-1.34, c34]  [-4.0, c35]
c29          [-0.64, new_cluster]  [-24.89, c1]  ...  [-1.34, c34]  [-4.0, c35]
c30          [-0.64, new_cluster]  [-25.88, c1]  ...  [-1.34, c34]  [-4.0, c35]
c31          [-0.64, new_cluster]  [-23.14, c1]  ...  [-1.34, c34]  [-4.0, c35]
c32          [-0.64, new_cluster]  [-24.41, c1]  ...  [-1.34, c34]  [-4.0, c35]
c33          [-0.64, new_cluster]  [-25.21, c1]  ...  [-1.34, c34]  [-4.0, c35]
c34          [-0.64, new_cluster]  [-24.71, c1]  ...  [-1.34, c34]  [-4.0, c35]
c35          [-0.64, new_cluster]  [-25.68, c1]  ...  [-1.34, c34]  [-4.0, c35]

[36 rows x 36 columns]
\begin{tabular}{lllllllllllllllllllllllllllllllllllll}
\toprule
{} &                    0  &            1  &           2  &            3  &           4  &           5  &            6  &            7  &           8  &           9  &            10 &            11 &             12 &             13 &             14 &             15 &            16 &             17 &             18 &            19 &            20 &             21 &             22 &             23 &             24 &            25 &             26 &            27 &             28 &             29 &             30 &             31 &             32 &           33 &            34 &           35 \\
\midrule
new\_cluster &  [-0.64, new\_cluster] &  [-24.85, c1] &  [-0.89, c2] &  [-10.36, c3] &  [-2.53, c4] &  [-6.02, c5] &  [-10.57, c6] &  [-15.37, c7] &  [-0.22, c8] &  [-7.35, c9] &  [-0.58, c10] &  [-3.04, c11] &  [-29.33, c12] &   [-24.8, c13] &  [-12.58, c14] &  [-11.94, c15] &  [-2.46, c16] &  [-15.28, c17] &  [-18.01, c18] &  [-5.22, c19] &  [-7.29, c20] &  [-34.39, c21] &  [-21.76, c22] &  [-10.02, c23] &  [-18.97, c24] &  [-8.15, c25] &  [-19.67, c26] &  [-2.01, c27] &  [-27.54, c28] &  [-23.42, c29] &  [-60.77, c30] &  [-23.67, c31] &  [-19.52, c32] &  [-0.9, c33] &  [-1.34, c34] &  [-4.0, c35] \\
c1          &  [-0.64, new\_cluster] &  [-25.24, c1] &  [-0.98, c2] &  [-10.99, c3] &   [-2.0, c4] &  [-8.24, c5] &  [-10.49, c6] &  [-15.75, c7] &  [-0.18, c8] &   [-7.1, c9] &  [-0.56, c10] &  [-2.76, c11] &  [-29.71, c12] &  [-23.37, c13] &  [-12.17, c14] &   [-11.8, c15] &  [-2.63, c16] &  [-14.58, c17] &  [-17.98, c18] &   [-4.7, c19] &  [-7.29, c20] &  [-33.51, c21] &   [-21.6, c22] &  [-10.04, c23] &  [-18.74, c24] &  [-7.64, c25] &  [-19.92, c26] &  [-2.09, c27] &  [-27.54, c28] &  [-25.07, c29] &  [-60.77, c30] &   [-25.5, c31] &  [-19.52, c32] &  [-0.9, c33] &  [-1.34, c34] &  [-4.0, c35] \\
c2          &  [-0.64, new\_cluster] &  [-25.64, c1] &  [-1.06, c2] &  [-10.79, c3] &  [-2.16, c4] &  [-8.01, c5] &  [-11.13, c6] &  [-15.94, c7] &  [-0.18, c8] &  [-7.41, c9] &  [-0.64, c10] &   [-2.3, c11] &  [-30.08, c12] &   [-24.9, c13] &  [-12.16, c14] &  [-12.04, c15] &  [-2.63, c16] &  [-15.27, c17] &  [-18.55, c18] &  [-5.22, c19] &  [-7.29, c20] &   [-32.6, c21] &  [-21.23, c22] &    [-9.7, c23] &  [-18.98, c24] &  [-7.92, c25] &  [-17.57, c26] &   [-2.3, c27] &  [-27.54, c28] &  [-21.82, c29] &  [-60.77, c30] &  [-24.98, c31] &  [-19.52, c32] &  [-0.9, c33] &  [-1.34, c34] &  [-4.0, c35] \\
c3          &  [-0.64, new\_cluster] &  [-24.96, c1] &  [-0.91, c2] &  [-10.89, c3] &  [-2.24, c4] &  [-7.21, c5] &  [-11.71, c6] &  [-14.95, c7] &  [-0.17, c8] &   [-7.1, c9] &  [-0.46, c10] &   [-3.2, c11] &  [-29.86, c12] &  [-24.84, c13] &  [-11.98, c14] &  [-12.11, c15] &   [-2.7, c16] &  [-14.67, c17] &  [-18.75, c18] &  [-4.73, c19] &  [-7.29, c20] &  [-33.02, c21] &  [-21.39, c22] &  [-10.33, c23] &  [-18.86, c24] &  [-7.78, c25] &  [-19.63, c26] &  [-2.24, c27] &  [-27.54, c28] &  [-18.79, c29] &  [-60.77, c30] &   [-24.4, c31] &  [-19.52, c32] &  [-0.9, c33] &  [-1.34, c34] &  [-4.0, c35] \\
c4          &  [-0.64, new\_cluster] &  [-24.93, c1] &   [-0.9, c2] &  [-10.83, c3] &  [-2.17, c4] &  [-6.76, c5] &  [-10.56, c6] &  [-15.44, c7] &  [-0.17, c8] &  [-6.82, c9] &   [-0.7, c10] &  [-2.64, c11] &  [-29.73, c12] &  [-24.53, c13] &  [-12.15, c14] &  [-12.36, c15] &  [-2.81, c16] &  [-15.33, c17] &  [-18.57, c18] &  [-4.82, c19] &  [-7.29, c20] &   [-32.1, c21] &  [-21.07, c22] &  [-10.26, c23] &  [-18.98, c24] &  [-8.32, c25] &  [-18.65, c26] &  [-2.14, c27] &  [-27.54, c28] &  [-17.69, c29] &  [-60.77, c30] &  [-23.84, c31] &  [-19.52, c32] &  [-0.9, c33] &  [-1.34, c34] &  [-4.0, c35] \\
c5          &  [-0.64, new\_cluster] &   [-26.1, c1] &  [-0.89, c2] &  [-11.07, c3] &  [-1.68, c4] &  [-6.29, c5] &   [-10.8, c6] &  [-15.71, c7] &  [-0.14, c8] &  [-7.06, c9] &  [-0.59, c10] &  [-2.23, c11] &  [-29.75, c12] &  [-24.44, c13] &  [-12.74, c14] &  [-11.22, c15] &  [-2.49, c16] &  [-15.34, c17] &  [-17.63, c18] &  [-4.91, c19] &  [-7.29, c20] &  [-32.08, c21] &  [-21.41, c22] &  [-10.01, c23] &  [-18.75, c24] &  [-8.38, c25] &  [-17.81, c26] &  [-2.16, c27] &  [-27.54, c28] &  [-21.79, c29] &  [-60.77, c30] &  [-24.29, c31] &  [-19.52, c32] &  [-0.9, c33] &  [-1.34, c34] &  [-4.0, c35] \\
c6          &  [-0.64, new\_cluster] &  [-24.97, c1] &  [-1.16, c2] &  [-11.02, c3] &  [-1.98, c4] &  [-5.71, c5] &  [-10.45, c6] &  [-15.71, c7] &  [-0.21, c8] &  [-7.24, c9] &  [-0.56, c10] &  [-2.67, c11] &  [-29.67, c12] &  [-23.93, c13] &  [-12.49, c14] &  [-12.14, c15] &  [-2.54, c16] &   [-15.6, c17] &  [-17.51, c18] &  [-4.95, c19] &  [-7.29, c20] &  [-33.07, c21] &  [-20.95, c22] &  [-10.17, c23] &  [-18.54, c24] &  [-7.81, c25] &  [-18.97, c26] &  [-1.95, c27] &  [-27.54, c28] &  [-21.84, c29] &  [-60.77, c30] &  [-25.09, c31] &  [-19.52, c32] &  [-0.9, c33] &  [-1.34, c34] &  [-4.0, c35] \\
c7          &  [-0.64, new\_cluster] &  [-25.24, c1] &  [-0.99, c2] &  [-10.71, c3] &  [-2.29, c4] &  [-6.62, c5] &  [-10.12, c6] &   [-15.5, c7] &  [-0.21, c8] &  [-7.08, c9] &   [-0.7, c10] &  [-2.82, c11] &  [-30.37, c12] &  [-25.52, c13] &  [-12.03, c14] &  [-11.71, c15] &  [-2.73, c16] &  [-15.71, c17] &  [-16.82, c18] &  [-5.01, c19] &  [-7.29, c20] &  [-34.68, c21] &  [-21.31, c22] &  [-10.13, c23] &  [-18.75, c24] &  [-7.98, c25] &  [-18.58, c26] &  [-1.91, c27] &  [-27.54, c28] &  [-25.05, c29] &  [-60.77, c30] &  [-24.52, c31] &  [-19.52, c32] &  [-0.9, c33] &  [-1.34, c34] &        [0, ] \\
c8          &  [-0.64, new\_cluster] &  [-24.95, c1] &   [-0.9, c2] &  [-10.73, c3] &  [-2.24, c4] &  [-5.62, c5] &   [-9.72, c6] &  [-15.75, c7] &   [-0.1, c8] &   [-7.2, c9] &  [-0.68, c10] &  [-2.71, c11] &  [-29.86, c12] &  [-24.56, c13] &  [-12.48, c14] &  [-11.41, c15] &  [-2.41, c16] &  [-15.72, c17] &  [-16.61, c18] &  [-5.14, c19] &  [-7.29, c20] &  [-33.75, c21] &  [-20.21, c22] &  [-10.62, c23] &   [-19.1, c24] &  [-7.71, c25] &  [-16.82, c26] &   [-2.1, c27] &  [-27.54, c28] &  [-21.79, c29] &  [-60.77, c30] &  [-25.38, c31] &  [-19.52, c32] &  [-0.9, c33] &  [-1.34, c34] &  [-4.0, c35] \\
c9          &  [-0.64, new\_cluster] &  [-24.57, c1] &  [-0.93, c2] &  [-11.06, c3] &  [-1.85, c4] &  [-7.35, c5] &  [-10.87, c6] &  [-16.14, c7] &  [-0.16, c8] &  [-7.16, c9] &  [-0.78, c10] &  [-3.44, c11] &  [-29.27, c12] &  [-23.94, c13] &  [-12.09, c14] &  [-12.08, c15] &  [-2.54, c16] &  [-16.23, c17] &  [-18.01, c18] &   [-4.6, c19] &  [-7.29, c20] &  [-33.45, c21] &  [-20.59, c22] &  [-10.13, c23] &  [-18.96, c24] &  [-7.48, c25] &  [-20.46, c26] &  [-1.96, c27] &  [-27.54, c28] &  [-21.48, c29] &  [-60.77, c30] &  [-24.29, c31] &  [-19.52, c32] &  [-0.9, c33] &  [-1.34, c34] &  [-4.0, c35] \\
c10         &  [-0.64, new\_cluster] &  [-25.83, c1] &  [-0.97, c2] &  [-10.74, c3] &  [-1.94, c4] &   [-4.5, c5] &  [-10.64, c6] &  [-15.52, c7] &  [-0.27, c8] &  [-7.06, c9] &   [-0.6, c10] &  [-2.99, c11] &  [-30.05, c12] &  [-24.14, c13] &  [-12.81, c14] &  [-11.72, c15] &  [-2.51, c16] &  [-15.88, c17] &  [-18.45, c18] &  [-5.33, c19] &  [-7.29, c20] &  [-32.28, c21] &  [-21.25, c22] &  [-10.06, c23] &  [-19.07, c24] &   [-7.7, c25] &  [-17.96, c26] &  [-1.99, c27] &  [-27.54, c28] &  [-20.28, c29] &  [-60.77, c30] &  [-24.23, c31] &  [-19.52, c32] &  [-0.9, c33] &  [-1.34, c34] &  [-4.0, c35] \\
c11         &  [-0.64, new\_cluster] &  [-25.58, c1] &  [-0.93, c2] &  [-11.24, c3] &  [-1.84, c4] &  [-6.42, c5] &  [-10.03, c6] &  [-15.91, c7] &   [-0.2, c8] &   [-7.1, c9] &  [-0.62, c10] &   [-2.8, c11] &  [-29.99, c12] &  [-23.85, c13] &  [-12.51, c14] &  [-11.64, c15] &  [-2.71, c16] &  [-15.86, c17] &  [-18.35, c18] &  [-5.05, c19] &  [-7.29, c20] &  [-31.84, c21] &  [-21.71, c22] &   [-9.95, c23] &  [-19.07, c24] &  [-7.71, c25] &  [-19.59, c26] &  [-2.01, c27] &  [-27.54, c28] &  [-15.97, c29] &  [-60.77, c30] &  [-24.69, c31] &  [-19.52, c32] &  [-0.9, c33] &  [-1.34, c34] &  [-4.0, c35] \\
c12         &  [-0.64, new\_cluster] &  [-25.35, c1] &  [-0.78, c2] &  [-11.22, c3] &  [-2.06, c4] &  [-6.96, c5] &  [-11.67, c6] &  [-16.22, c7] &  [-0.13, c8] &  [-6.82, c9] &  [-0.66, c10] &  [-2.98, c11] &  [-30.24, c12] &  [-23.83, c13] &  [-12.46, c14] &   [-11.4, c15] &  [-2.53, c16] &  [-15.34, c17] &  [-18.79, c18] &  [-4.64, c19] &  [-7.29, c20] &  [-33.49, c21] &  [-21.46, c22] &  [-10.42, c23] &  [-19.08, c24] &  [-7.87, c25] &  [-16.07, c26] &  [-2.17, c27] &  [-27.54, c28] &  [-23.55, c29] &  [-60.77, c30] &  [-24.23, c31] &  [-19.52, c32] &  [-0.9, c33] &  [-1.34, c34] &  [-4.0, c35] \\
c13         &  [-0.64, new\_cluster] &  [-25.71, c1] &  [-0.93, c2] &  [-10.07, c3] &  [-2.09, c4] &  [-6.43, c5] &  [-10.92, c6] &  [-15.86, c7] &  [-0.17, c8] &  [-7.31, c9] &  [-0.71, c10] &  [-3.04, c11] &  [-29.14, c12] &  [-23.83, c13] &  [-12.35, c14] &  [-12.41, c15] &  [-2.52, c16] &  [-14.87, c17] &  [-17.77, c18] &  [-5.03, c19] &  [-7.29, c20] &  [-32.95, c21] &  [-21.04, c22] &  [-10.94, c23] &  [-18.88, c24] &  [-8.04, c25] &  [-17.91, c26] &  [-2.05, c27] &  [-27.54, c28] &  [-17.63, c29] &  [-60.77, c30] &  [-24.01, c31] &  [-19.52, c32] &  [-0.9, c33] &  [-1.34, c34] &  [-4.0, c35] \\
c14         &  [-0.64, new\_cluster] &   [-26.2, c1] &  [-0.89, c2] &  [-10.58, c3] &   [-2.1, c4] &  [-6.64, c5] &  [-10.18, c6] &  [-16.35, c7] &  [-0.16, c8] &  [-6.99, c9] &  [-0.43, c10] &  [-2.64, c11] &  [-29.46, c12] &  [-23.67, c13] &  [-12.43, c14] &  [-12.59, c15] &  [-2.42, c16] &  [-15.84, c17] &  [-17.21, c18] &  [-4.87, c19] &  [-7.29, c20] &  [-33.28, c21] &   [-21.1, c22] &  [-10.38, c23] &  [-19.19, c24] &  [-7.81, c25] &  [-17.96, c26] &  [-2.13, c27] &  [-27.54, c28] &  [-25.66, c29] &  [-60.77, c30] &   [-24.4, c31] &  [-19.52, c32] &  [-0.9, c33] &  [-1.34, c34] &        [0, ] \\
c15         &  [-0.64, new\_cluster] &  [-25.39, c1] &  [-0.81, c2] &   [-10.8, c3] &  [-2.09, c4] &  [-7.15, c5] &   [-9.94, c6] &   [-15.9, c7] &  [-0.12, c8] &  [-7.08, c9] &  [-0.54, c10] &  [-3.03, c11] &  [-30.05, c12] &  [-24.13, c13] &  [-12.34, c14] &  [-11.44, c15] &  [-2.45, c16] &  [-15.68, c17] &  [-18.47, c18] &  [-4.75, c19] &  [-7.29, c20] &  [-33.91, c21] &  [-20.68, c22] &  [-10.27, c23] &  [-18.86, c24] &   [-7.7, c25] &  [-22.23, c26] &  [-2.25, c27] &  [-27.54, c28] &  [-23.42, c29] &  [-60.77, c30] &  [-23.84, c31] &  [-19.52, c32] &  [-0.9, c33] &  [-1.34, c34] &  [-4.0, c35] \\
c16         &  [-0.64, new\_cluster] &  [-25.01, c1] &  [-0.89, c2] &  [-10.94, c3] &  [-2.44, c4] &  [-6.87, c5] &  [-10.44, c6] &  [-15.62, c7] &  [-0.15, c8] &  [-6.64, c9] &   [-0.7, c10] &  [-2.66, c11] &  [-28.99, c12] &  [-24.13, c13] &  [-11.72, c14] &  [-11.53, c15] &  [-2.55, c16] &  [-16.08, c17] &  [-17.71, c18] &  [-4.32, c19] &  [-7.29, c20] &  [-33.39, c21] &  [-21.15, c22] &  [-10.58, c23] &  [-18.77, c24] &  [-7.89, c25] &  [-19.71, c26] &  [-2.19, c27] &  [-27.54, c28] &  [-16.09, c29] &  [-60.77, c30] &  [-24.74, c31] &  [-19.52, c32] &  [-0.9, c33] &  [-1.34, c34] &  [-4.0, c35] \\
c17         &  [-0.64, new\_cluster] &  [-26.23, c1] &  [-1.08, c2] &  [-10.56, c3] &  [-2.02, c4] &  [-5.21, c5] &  [-10.92, c6] &  [-15.78, c7] &  [-0.15, c8] &  [-7.16, c9] &  [-0.73, c10] &  [-2.68, c11] &  [-30.24, c12] &  [-24.19, c13] &  [-12.08, c14] &  [-12.12, c15] &  [-2.37, c16] &  [-15.08, c17] &  [-18.14, c18] &  [-5.14, c19] &  [-7.29, c20] &  [-33.47, c21] &  [-21.75, c22] &    [-9.8, c23] &   [-19.3, c24] &  [-7.89, c25] &  [-21.05, c26] &   [-2.0, c27] &  [-27.54, c28] &  [-14.94, c29] &  [-60.77, c30] &  [-24.99, c31] &  [-19.52, c32] &  [-0.9, c33] &  [-1.34, c34] &        [0, ] \\
c18         &  [-0.64, new\_cluster] &  [-25.28, c1] &  [-0.93, c2] &  [-10.09, c3] &  [-1.87, c4] &  [-8.56, c5] &  [-10.87, c6] &  [-16.05, c7] &  [-0.17, c8] &  [-6.94, c9] &  [-0.69, c10] &  [-3.09, c11] &  [-29.95, c12] &  [-24.65, c13] &  [-12.55, c14] &  [-11.95, c15] &   [-2.9, c16] &  [-15.46, c17] &  [-18.93, c18] &  [-5.07, c19] &  [-7.29, c20] &  [-32.61, c21] &  [-21.38, c22] &   [-9.56, c23] &   [-19.2, c24] &  [-7.93, c25] &   [-17.9, c26] &  [-2.11, c27] &  [-27.54, c28] &  [-17.38, c29] &  [-60.77, c30] &  [-25.09, c31] &  [-19.52, c32] &  [-0.9, c33] &  [-1.34, c34] &  [-4.0, c35] \\
c19         &  [-0.64, new\_cluster] &  [-25.07, c1] &   [-1.0, c2] &  [-10.52, c3] &   [-2.3, c4] &  [-6.33, c5] &  [-11.07, c6] &  [-15.68, c7] &  [-0.27, c8] &  [-7.48, c9] &  [-0.71, c10] &  [-2.97, c11] &  [-30.12, c12] &  [-24.62, c13] &  [-12.77, c14] &  [-12.69, c15] &  [-2.63, c16] &  [-16.23, c17] &  [-18.05, c18] &  [-5.06, c19] &  [-7.29, c20] &  [-33.29, c21] &  [-20.66, c22] &  [-10.63, c23] &  [-19.19, c24] &   [-8.2, c25] &  [-19.81, c26] &  [-1.96, c27] &  [-27.54, c28] &  [-26.92, c29] &  [-60.77, c30] &  [-23.45, c31] &  [-19.52, c32] &  [-0.9, c33] &  [-1.34, c34] &  [-4.0, c35] \\
c20         &  [-0.64, new\_cluster] &  [-24.89, c1] &  [-0.87, c2] &  [-10.93, c3] &  [-2.28, c4] &  [-6.55, c5] &  [-10.88, c6] &  [-15.79, c7] &  [-0.12, c8] &  [-7.38, c9] &   [-0.5, c10] &  [-2.81, c11] &  [-30.22, c12] &  [-24.37, c13] &  [-12.59, c14] &  [-12.11, c15] &  [-2.48, c16] &  [-15.45, c17] &   [-18.2, c18] &  [-5.16, c19] &  [-7.29, c20] &  [-33.29, c21] &  [-21.23, c22] &   [-9.72, c23] &  [-18.96, c24] &   [-7.6, c25] &  [-21.44, c26] &  [-2.18, c27] &  [-27.54, c28] &  [-17.34, c29] &  [-60.77, c30] &   [-23.9, c31] &  [-19.52, c32] &  [-0.9, c33] &  [-1.34, c34] &  [-4.0, c35] \\
c21         &  [-0.64, new\_cluster] &  [-24.87, c1] &  [-0.94, c2] &   [-10.8, c3] &  [-2.04, c4] &  [-5.62, c5] &  [-10.96, c6] &  [-15.72, c7] &  [-0.13, c8] &  [-7.01, c9] &  [-0.62, c10] &  [-2.69, c11] &  [-30.05, c12] &  [-24.54, c13] &  [-12.53, c14] &  [-12.09, c15] &  [-2.47, c16] &  [-14.81, c17] &  [-17.58, c18] &  [-5.22, c19] &  [-7.29, c20] &  [-32.71, c21] &  [-21.58, c22] &  [-10.73, c23] &  [-18.74, c24] &  [-7.77, c25] &  [-17.98, c26] &  [-2.09, c27] &  [-27.54, c28] &  [-17.36, c29] &  [-60.77, c30] &  [-24.35, c31] &  [-19.52, c32] &  [-0.9, c33] &  [-1.34, c34] &  [-4.0, c35] \\
c22         &  [-0.64, new\_cluster] &  [-22.79, c1] &  [-0.78, c2] &  [-10.66, c3] &  [-2.26, c4] &  [-7.47, c5] &  [-10.31, c6] &  [-15.82, c7] &  [-0.21, c8] &  [-7.16, c9] &  [-0.65, c10] &  [-3.03, c11] &  [-29.67, c12] &  [-24.46, c13] &  [-12.55, c14] &  [-11.99, c15] &  [-2.85, c16] &  [-15.05, c17] &  [-18.08, c18] &  [-5.04, c19] &  [-7.29, c20] &  [-31.59, c21] &  [-21.25, c22] &  [-10.11, c23] &  [-18.68, c24] &  [-7.93, c25] &  [-21.58, c26] &  [-2.23, c27] &  [-27.54, c28] &  [-22.09, c29] &  [-60.77, c30] &  [-24.92, c31] &  [-19.52, c32] &  [-0.9, c33] &  [-1.34, c34] &  [-4.0, c35] \\
c23         &  [-0.64, new\_cluster] &  [-24.93, c1] &  [-0.93, c2] &  [-10.99, c3] &  [-2.34, c4] &  [-5.74, c5] &  [-10.81, c6] &  [-15.79, c7] &  [-0.21, c8] &  [-7.05, c9] &  [-0.56, c10] &  [-3.17, c11] &   [-30.1, c12] &   [-24.3, c13] &  [-12.02, c14] &  [-12.48, c15] &   [-2.8, c16] &  [-15.08, c17] &  [-18.76, c18] &  [-5.17, c19] &  [-7.29, c20] &  [-33.91, c21] &  [-20.43, c22] &  [-10.58, c23] &  [-18.97, c24] &  [-7.71, c25] &  [-18.85, c26] &  [-1.87, c27] &  [-27.54, c28] &  [-15.99, c29] &  [-60.77, c30] &  [-25.43, c31] &  [-19.52, c32] &  [-0.9, c33] &  [-1.34, c34] &  [-4.0, c35] \\
c24         &  [-0.64, new\_cluster] &   [-24.0, c1] &  [-1.09, c2] &  [-10.79, c3] &  [-1.95, c4] &  [-7.15, c5] &  [-10.91, c6] &  [-16.12, c7] &  [-0.14, c8] &  [-7.35, c9] &  [-0.67, c10] &  [-2.33, c11] &  [-29.33, c12] &  [-23.77, c13] &  [-12.99, c14] &  [-11.94, c15] &  [-2.29, c16] &  [-16.07, c17] &  [-18.08, c18] &  [-4.93, c19] &  [-7.29, c20] &  [-33.04, c21] &  [-20.85, c22] &  [-10.09, c23] &  [-18.77, c24] &   [-7.5, c25] &  [-17.91, c26] &  [-2.02, c27] &  [-27.54, c28] &  [-20.25, c29] &  [-60.77, c30] &   [-25.2, c31] &  [-19.52, c32] &  [-0.9, c33] &  [-1.34, c34] &  [-4.0, c35] \\
c25         &  [-0.64, new\_cluster] &  [-24.29, c1] &  [-0.91, c2] &  [-10.96, c3] &  [-2.31, c4] &  [-5.45, c5] &  [-10.37, c6] &   [-15.7, c7] &   [-0.2, c8] &  [-7.17, c9] &   [-0.7, c10] &  [-2.75, c11] &   [-30.3, c12] &  [-24.29, c13] &  [-12.34, c14] &  [-11.58, c15] &  [-2.22, c16] &  [-14.55, c17] &  [-18.24, c18] &  [-4.74, c19] &  [-7.29, c20] &  [-33.28, c21] &  [-20.56, c22] &  [-10.79, c23] &  [-18.75, c24] &  [-8.16, c25] &  [-17.71, c26] &  [-2.04, c27] &  [-27.54, c28] &   [-17.5, c29] &  [-60.77, c30] &  [-24.63, c31] &  [-19.52, c32] &  [-0.9, c33] &  [-1.34, c34] &  [-4.0, c35] \\
c26         &  [-0.64, new\_cluster] &  [-25.59, c1] &  [-1.06, c2] &  [-10.81, c3] &  [-2.15, c4] &  [-7.12, c5] &  [-11.21, c6] &  [-16.85, c7] &  [-0.15, c8] &  [-7.34, c9] &  [-0.52, c10] &  [-2.63, c11] &  [-29.69, c12] &  [-24.98, c13] &  [-13.05, c14] &  [-11.56, c15] &  [-2.38, c16] &  [-15.05, c17] &  [-18.27, c18] &   [-4.7, c19] &  [-7.29, c20] &  [-33.22, c21] &  [-20.95, c22] &  [-10.43, c23] &  [-19.07, c24] &  [-8.38, c25] &  [-21.41, c26] &  [-1.95, c27] &  [-27.54, c28] &  [-17.46, c29] &  [-60.77, c30] &  [-24.98, c31] &  [-19.52, c32] &  [-0.9, c33] &  [-1.34, c34] &  [-4.0, c35] \\
c27         &  [-0.64, new\_cluster] &  [-24.51, c1] &   [-0.9, c2] &  [-11.29, c3] &   [-2.2, c4] &  [-5.68, c5] &  [-11.71, c6] &  [-15.74, c7] &  [-0.16, c8] &  [-7.07, c9] &   [-0.5, c10] &  [-2.74, c11] &  [-29.12, c12] &   [-23.7, c13] &  [-12.86, c14] &  [-11.81, c15] &  [-2.33, c16] &  [-15.08, c17] &  [-17.65, c18] &  [-4.54, c19] &  [-7.29, c20] &  [-33.63, c21] &  [-20.86, c22] &  [-10.02, c23] &  [-18.97, c24] &  [-8.09, c25] &  [-19.32, c26] &  [-2.08, c27] &  [-27.54, c28] &  [-18.89, c29] &  [-60.77, c30] &  [-24.35, c31] &  [-19.52, c32] &  [-0.9, c33] &  [-1.34, c34] &  [-4.0, c35] \\
c28         &  [-0.64, new\_cluster] &  [-26.14, c1] &  [-1.12, c2] &  [-10.73, c3] &  [-2.25, c4] &  [-6.48, c5] &  [-10.95, c6] &  [-15.74, c7] &  [-0.15, c8] &  [-7.41, c9] &  [-0.66, c10] &  [-2.99, c11] &  [-30.28, c12] &  [-24.09, c13] &  [-12.49, c14] &   [-12.5, c15] &  [-2.58, c16] &  [-15.47, c17] &  [-17.84, c18] &  [-5.29, c19] &  [-7.29, c20] &  [-32.62, c21] &   [-21.5, c22] &  [-10.23, c23] &  [-18.86, c24] &  [-8.09, c25] &  [-22.53, c26] &  [-2.05, c27] &  [-27.54, c28] &   [-22.4, c29] &  [-60.77, c30] &   [-25.2, c31] &  [-19.52, c32] &  [-0.9, c33] &  [-1.34, c34] &  [-4.0, c35] \\
c29         &  [-0.64, new\_cluster] &  [-24.89, c1] &  [-0.94, c2] &  [-10.94, c3] &   [-2.0, c4] &  [-5.55, c5] &  [-10.88, c6] &  [-16.28, c7] &  [-0.17, c8] &  [-7.12, c9] &  [-0.65, c10] &  [-2.83, c11] &  [-29.71, c12] &  [-24.43, c13] &  [-12.55, c14] &  [-11.74, c15] &  [-2.75, c16] &  [-15.86, c17] &  [-17.48, c18] &  [-5.04, c19] &  [-7.29, c20] &  [-33.22, c21] &  [-20.59, c22] &  [-10.46, c23] &   [-19.1, c24] &  [-7.93, c25] &  [-17.58, c26] &  [-2.08, c27] &  [-27.54, c28] &  [-16.09, c29] &  [-60.77, c30] &  [-25.09, c31] &  [-19.52, c32] &  [-0.9, c33] &  [-1.34, c34] &  [-4.0, c35] \\
c30         &  [-0.64, new\_cluster] &  [-25.88, c1] &  [-0.81, c2] &  [-10.69, c3] &  [-2.11, c4] &  [-6.79, c5] &  [-10.78, c6] &  [-15.47, c7] &  [-0.17, c8] &  [-6.45, c9] &  [-0.62, c10] &   [-3.2, c11] &  [-29.31, c12] &  [-23.15, c13] &  [-11.91, c14] &  [-12.27, c15] &   [-2.5, c16] &  [-14.91, c17] &   [-18.1, c18] &  [-5.05, c19] &  [-7.29, c20] &  [-32.94, c21] &  [-20.65, c22] &  [-10.59, c23] &  [-18.53, c24] &  [-8.43, c25] &  [-21.12, c26] &  [-2.03, c27] &  [-27.54, c28] &  [-20.41, c29] &  [-60.77, c30] &  [-24.98, c31] &  [-19.52, c32] &  [-0.9, c33] &  [-1.34, c34] &  [-4.0, c35] \\
c31         &  [-0.64, new\_cluster] &  [-23.14, c1] &  [-0.96, c2] &  [-10.45, c3] &  [-1.95, c4] &  [-6.61, c5] &  [-11.09, c6] &  [-16.02, c7] &  [-0.11, c8] &  [-7.06, c9] &  [-0.48, c10] &   [-2.8, c11] &  [-30.28, c12] &  [-24.29, c13] &   [-13.2, c14] &  [-11.36, c15] &  [-2.44, c16] &  [-15.73, c17] &  [-17.07, c18] &   [-5.6, c19] &  [-7.29, c20] &  [-33.16, c21] &  [-21.43, c22] &  [-10.16, c23] &  [-19.19, c24] &  [-8.01, c25] &  [-17.52, c26] &  [-2.23, c27] &  [-27.54, c28] &  [-18.93, c29] &  [-60.77, c30] &  [-25.38, c31] &  [-19.52, c32] &  [-0.9, c33] &  [-1.34, c34] &  [-4.0, c35] \\
c32         &  [-0.64, new\_cluster] &  [-24.41, c1] &  [-1.02, c2] &  [-10.73, c3] &  [-1.94, c4] &   [-8.0, c5] &  [-10.62, c6] &  [-16.26, c7] &  [-0.13, c8] &  [-6.97, c9] &  [-0.51, c10] &  [-2.59, c11] &   [-30.3, c12] &  [-24.09, c13] &  [-12.21, c14] &  [-11.71, c15] &  [-2.51, c16] &  [-15.81, c17] &  [-18.74, c18] &   [-5.2, c19] &  [-7.29, c20] &  [-33.91, c21] &   [-21.3, c22] &   [-10.3, c23] &   [-19.3, c24] &  [-8.61, c25] &  [-19.98, c26] &   [-2.0, c27] &  [-27.54, c28] &  [-20.28, c29] &  [-60.77, c30] &  [-24.29, c31] &  [-19.52, c32] &  [-0.9, c33] &  [-1.34, c34] &  [-4.0, c35] \\
c33         &  [-0.64, new\_cluster] &  [-25.21, c1] &  [-0.81, c2] &  [-10.87, c3] &  [-2.16, c4] &  [-7.72, c5] &  [-10.85, c6] &  [-16.09, c7] &  [-0.25, c8] &  [-7.39, c9] &  [-0.49, c10] &  [-2.97, c11] &  [-29.12, c12] &  [-23.15, c13] &  [-12.61, c14] &  [-12.07, c15] &  [-2.45, c16] &  [-16.07, c17] &  [-17.87, c18] &  [-5.17, c19] &  [-7.29, c20] &  [-33.65, c21] &  [-21.65, c22] &  [-10.05, c23] &  [-18.96, c24] &  [-8.33, c25] &  [-18.69, c26] &  [-2.37, c27] &  [-27.54, c28] &  [-23.39, c29] &  [-60.77, c30] &   [-23.4, c31] &  [-19.52, c32] &  [-0.9, c33] &  [-1.34, c34] &  [-4.0, c35] \\
c34         &  [-0.64, new\_cluster] &  [-24.71, c1] &  [-0.91, c2] &  [-10.84, c3] &  [-2.29, c4] &  [-6.36, c5] &  [-10.66, c6] &  [-16.01, c7] &  [-0.12, c8] &  [-6.95, c9] &  [-0.56, c10] &  [-2.66, c11] &  [-29.63, c12] &  [-24.41, c13] &  [-12.41, c14] &  [-12.41, c15] &  [-2.42, c16] &  [-15.51, c17] &   [-17.1, c18] &  [-5.36, c19] &  [-7.29, c20] &  [-32.79, c21] &  [-21.46, c22] &  [-10.29, c23] &  [-18.86, c24] &  [-8.55, c25] &  [-21.98, c26] &  [-2.19, c27] &  [-27.54, c28] &  [-23.42, c29] &  [-60.77, c30] &  [-23.67, c31] &  [-19.52, c32] &  [-0.9, c33] &  [-1.34, c34] &  [-4.0, c35] \\
c35         &  [-0.64, new\_cluster] &  [-25.68, c1] &  [-0.92, c2] &   [-10.9, c3] &  [-2.05, c4] &  [-6.78, c5] &  [-11.44, c6] &  [-15.86, c7] &  [-0.16, c8] &  [-7.56, c9] &  [-0.68, c10] &  [-2.62, c11] &  [-29.87, c12] &  [-24.19, c13] &  [-12.41, c14] &  [-12.17, c15] &  [-2.51, c16] &  [-16.56, c17] &  [-18.14, c18] &  [-4.67, c19] &  [-7.29, c20] &   [-34.4, c21] &  [-21.38, c22] &  [-10.41, c23] &  [-18.88, c24] &   [-8.5, c25] &  [-20.43, c26] &  [-1.95, c27] &  [-27.54, c28] &  [-16.09, c29] &  [-60.77, c30] &  [-24.23, c31] &  [-19.52, c32] &  [-0.9, c33] &  [-1.34, c34] &  [-4.0, c35] \\
\bottomrule
\end{tabular}

