Seed: 0
Experiment_path: AE_Model_2/Normalization/Experiment_04_norm
Dataset_Path: ../_00_Datasets/03_SimDaten_Quiroga2020/C_Difficult1_noise015.mat
Dataset_name: ['03_SimDaten_Quiroga2020', 'C_Difficult1_noise015.mat']
Variant_name: V04_Off_AE_QL_norm
Visualisation_Path: AE_Model_2/Normalization/Experiment_04_norm/C_Difficult1_noise015.mat/V04_Off_AE_QL_norm/2023_06_04-19_35_39
Split Ratio: 0.9
Epochs: 8
Batch Size: 1
Input Size: 47
Number of Features: 2
Chosen Model: Convolutional Autoencoder
ConvolutionalAutoencoder(
  (encoder): Sequential(
    (0): Conv1d(1, 6, kernel_size=(6,), stride=(1,))
    (1): LeakyReLU(negative_slope=0.01)
    (2): Conv1d(6, 1, kernel_size=(6,), stride=(1,))
    (3): Flatten(start_dim=1, end_dim=-1)
    (4): Linear(in_features=37, out_features=2, bias=True)
  )
  (decoder): Sequential(
    (0): ConvTranspose1d(1, 6, kernel_size=(6,), stride=(1,))
    (1): LeakyReLU(negative_slope=0.01)
    (2): ConvTranspose1d(6, 1, kernel_size=(6,), stride=(1,))
    (3): Flatten(start_dim=1, end_dim=-1)
    (4): Linear(in_features=12, out_features=47, bias=True)
  )
)
MSELoss()
Adam (
Parameter Group 0
    amsgrad: False
    betas: (0.9, 0.999)
    capturable: False
    differentiable: False
    eps: 1e-08
    foreach: None
    fused: False
    lr: 0.001
    maximize: False
    weight_decay: 0
)
---Q Learning Parameters---
Normalisation: True
Punishment Coefficient: 0.4
Alpha: 0.8
Epsilon: 0.01
Gamma: 0.97
Initial Episode Number: 0
Episode Number Coefficient: 1.4
Number of Random Features: 20
Planning Number: 20
Max Random Features: 60
New Episode Number: 72
New Episode Number: 143
New Episode Number: 215
New Episode Number: 286
                0     1     2     3     4
new_cluster -0.86 -3.73 -8.35 -0.21 -0.44
c1          -0.85 -4.01 -8.18 -0.22 -0.50
c2          -0.85 -4.27 -8.01 -0.22  0.00
c3          -0.86 -3.92 -7.85 -0.21 -0.47
c4          -0.87 -3.99 -8.21  0.00  0.00
\begin{tabular}{lrrrrr}
\toprule
{} &     0 &     1 &     2 &     3 &     4 \\
\midrule
new\_cluster & -0.86 & -3.73 & -8.35 & -0.21 & -0.44 \\
c1          & -0.85 & -4.01 & -8.18 & -0.22 & -0.50 \\
c2          & -0.85 & -4.27 & -8.01 & -0.22 &  0.00 \\
c3          & -0.86 & -3.92 & -7.85 & -0.21 & -0.47 \\
c4          & -0.87 & -3.99 & -8.21 &  0.00 &  0.00 \\
\bottomrule
\end{tabular}

                                0            1  ...           3            4
new_cluster  [-0.64, new_cluster]   [-3.5, c1]  ...  [-0.0, c3]  [-0.44, c4]
c1           [-0.64, new_cluster]  [-3.78, c1]  ...  [-0.0, c3]   [-0.5, c4]
c2           [-0.64, new_cluster]  [-4.03, c1]  ...  [-0.0, c3]        [0, ]
c3           [-0.64, new_cluster]   [-3.7, c1]  ...  [-0.0, c3]  [-0.47, c4]
c4           [-0.64, new_cluster]  [-3.77, c1]  ...       [0, ]        [0, ]

[5 rows x 5 columns]
\begin{tabular}{llllll}
\toprule
{} &                     0 &            1 &            2 &           3 &            4 \\
\midrule
new\_cluster &  [-0.64, new\_cluster] &   [-3.5, c1] &  [-8.35, c2] &  [-0.0, c3] &  [-0.44, c4] \\
c1          &  [-0.64, new\_cluster] &  [-3.78, c1] &  [-8.18, c2] &  [-0.0, c3] &   [-0.5, c4] \\
c2          &  [-0.64, new\_cluster] &  [-4.03, c1] &  [-8.01, c2] &  [-0.0, c3] &        [0, ] \\
c3          &  [-0.64, new\_cluster] &   [-3.7, c1] &  [-7.85, c2] &  [-0.0, c3] &  [-0.47, c4] \\
c4          &  [-0.64, new\_cluster] &  [-3.77, c1] &  [-8.21, c2] &       [0, ] &        [0, ] \\
\bottomrule
\end{tabular}

