Seed: 0
Experiment_path: AE_Model_1/Epochs//V4/Experiment_04
Dataset_Path: ../_00_Datasets/03_SimDaten_Quiroga2020/C_Easy1_noise015.mat
Dataset_name: ['03_SimDaten_Quiroga2020', 'C_Easy1_noise015.mat']
Variant_name: Variant_04_Offline_Autoencoder_QLearning
Visualisation_Path: AE_Model_1/Epochs//V4/Experiment_04/C_Easy1_noise015.mat/Variant_04_Offline_Autoencoder_QLearning/2023_04_25-16_35_03
Split Ratio: 0.9
Epochs: 14
Batch Size: 1
Input Size: 47
Number of Features: 2
Chosen Model: Autoencoder
Autoencoder(
  (encoder): Sequential(
    (0): Linear(in_features=47, out_features=12, bias=True)
    (1): LeakyReLU(negative_slope=0.01)
    (2): Linear(in_features=12, out_features=2, bias=True)
  )
  (decoder): Sequential(
    (0): Linear(in_features=2, out_features=12, bias=True)
    (1): LeakyReLU(negative_slope=0.01)
    (2): Linear(in_features=12, out_features=47, bias=True)
  )
)
MSELoss()
Adam (
Parameter Group 0
    amsgrad: False
    betas: (0.9, 0.999)
    capturable: False
    differentiable: False
    eps: 1e-08
    foreach: None
    fused: False
    lr: 0.001
    maximize: False
    weight_decay: 0
)
---Q Learning Parameters---
Normalisation: False
Punishment Coefficient: 0.9
Alpha: 0.8
Epsilon: 0.01
Gamma: 0.97
Initial Episode Number: 0
Episode Number Coefficient: 1.4
Number of Random Features: 20
Planning Number: 20
Max Random Features: 60
New Episode Number: 72
New Episode Number: 143
New Episode Number: 215
                0      1     2     3
new_cluster -4.79 -12.30 -1.59 -9.93
c1          -4.79 -13.04 -1.69 -8.12
c2          -4.79 -12.66 -1.63 -9.52
c3          -4.79 -12.19 -1.63  0.00
\begin{tabular}{lrrrr}
\toprule
{} &     0 &      1 &     2 &     3 \\
\midrule
new\_cluster & -4.79 & -12.30 & -1.59 & -9.93 \\
c1          & -4.79 & -13.04 & -1.69 & -8.12 \\
c2          & -4.79 & -12.66 & -1.63 & -9.52 \\
c3          & -4.79 & -12.19 & -1.63 &  0.00 \\
\bottomrule
\end{tabular}

                                0             1            2            3
new_cluster  [-3.24, new_cluster]  [-10.67, c1]  [-0.06, c2]  [-9.93, c3]
c1           [-3.24, new_cluster]   [-11.4, c1]  [-0.11, c2]  [-8.12, c3]
c2           [-3.24, new_cluster]  [-11.03, c1]  [-0.06, c2]  [-9.52, c3]
c3           [-3.24, new_cluster]  [-10.56, c1]  [-0.05, c2]        [0, ]
\begin{tabular}{lllll}
\toprule
{} &                     0 &             1 &            2 &            3 \\
\midrule
new\_cluster &  [-3.24, new\_cluster] &  [-10.67, c1] &  [-0.06, c2] &  [-9.93, c3] \\
c1          &  [-3.24, new\_cluster] &   [-11.4, c1] &  [-0.11, c2] &  [-8.12, c3] \\
c2          &  [-3.24, new\_cluster] &  [-11.03, c1] &  [-0.06, c2] &  [-9.52, c3] \\
c3          &  [-3.24, new\_cluster] &  [-10.56, c1] &  [-0.05, c2] &        [0, ] \\
\bottomrule
\end{tabular}

