Seed: 0
Experiment_path: AE_Model_2/Epochs_2_4_6_8_20/02_Experiment_05_Epochs
Dataset_Path: ../_00_Datasets/03_SimDaten_Quiroga2020/C_Easy1_noise030.mat
Dataset_name: ['03_SimDaten_Quiroga2020', 'C_Easy1_noise030.mat']
Variant_name: Variant_05_Epochs_2
Visualisation_Path: AE_Model_2/Epochs_2_4_6_8_20/02_Experiment_05_Epochs/C_Easy1_noise030.mat/V05_Online_AE_QL/2023_05_11-01_15_28
Normalisation: False
Template Matching: False
Optimising Autoencoder: False
Update Factor: 1
Noisy Batches: False
Noisy Factor: 0.001
Epochs: 2
Batch Size: 1
maximal Spikes for Autoencoder Training : 700
maximal Spikes for Training: 1000
Input Size: 47
Chosen Model: Convolutional Autoencoder
ConvolutionalAutoencoder(
  (encoder): Sequential(
    (0): Conv1d(1, 6, kernel_size=(6,), stride=(1,))
    (1): LeakyReLU(negative_slope=0.01)
    (2): Conv1d(6, 1, kernel_size=(6,), stride=(1,))
    (3): Flatten(start_dim=1, end_dim=-1)
    (4): Linear(in_features=37, out_features=2, bias=True)
  )
  (decoder): Sequential(
    (0): ConvTranspose1d(1, 6, kernel_size=(6,), stride=(1,))
    (1): LeakyReLU(negative_slope=0.01)
    (2): ConvTranspose1d(6, 1, kernel_size=(6,), stride=(1,))
    (3): Flatten(start_dim=1, end_dim=-1)
    (4): Linear(in_features=12, out_features=47, bias=True)
  )
)
MSELoss()
Adam (
Parameter Group 0
    amsgrad: False
    betas: (0.9, 0.999)
    capturable: False
    differentiable: False
    eps: 1e-08
    foreach: None
    fused: False
    lr: 0.001
    maximize: False
    weight_decay: 0
)
---Q Learning Parameters---
Normalisation: False
Punishment Coefficient: 1.5
Alpha: 0.8
Epsilon: 0.01
Gamma: 0.97
Initial Episode Number: 0
Episode Number Coefficient: 1.4
Number of Random Features: 20
Planning Number: 20
Max Random Features: 60
New Episode Number: 72
New Episode Number: 143
New Episode Number: 215
New Episode Number: 286
New Episode Number: 358
New Episode Number: 429
                 0      1     2      3      4      5      6
new_cluster -14.63 -21.56 -5.82 -19.45 -20.98 -30.15 -23.32
c1          -14.65 -19.73 -6.07 -20.48 -23.74 -27.70 -23.32
c2          -14.64 -22.87 -5.83 -21.30 -22.24 -29.30 -23.32
c3          -14.63 -20.93 -6.09 -17.34 -21.44 -28.29 -23.32
c4          -14.65 -22.44 -6.06 -19.89   0.00   0.00   0.00
c5          -14.63 -20.50 -5.60 -18.90   0.00   0.00   0.00
c6          -14.65 -21.89 -5.91 -19.01 -22.86   0.00   0.00
\begin{tabular}{lrrrrrrr}
\toprule
{} &      0 &      1 &     2 &      3 &      4 &      5 &      6 \\
\midrule
new\_cluster & -14.63 & -21.56 & -5.82 & -19.45 & -20.98 & -30.15 & -23.32 \\
c1          & -14.65 & -19.73 & -6.07 & -20.48 & -23.74 & -27.70 & -23.32 \\
c2          & -14.64 & -22.87 & -5.83 & -21.30 & -22.24 & -29.30 & -23.32 \\
c3          & -14.63 & -20.93 & -6.09 & -17.34 & -21.44 & -28.29 & -23.32 \\
c4          & -14.65 & -22.44 & -6.06 & -19.89 &   0.00 &   0.00 &   0.00 \\
c5          & -14.63 & -20.50 & -5.60 & -18.90 &   0.00 &   0.00 &   0.00 \\
c6          & -14.65 & -21.89 & -5.91 & -19.01 & -22.86 &   0.00 &   0.00 \\
\bottomrule
\end{tabular}

                               0             1  ...             5             6
new_cluster  [-9.0, new_cluster]  [-15.69, c1]  ...  [-30.15, c5]  [-23.32, c6]
c1           [-9.0, new_cluster]  [-14.06, c1]  ...   [-27.7, c5]  [-23.32, c6]
c2           [-9.0, new_cluster]  [-17.05, c1]  ...   [-29.3, c5]  [-23.32, c6]
c3           [-9.0, new_cluster]  [-15.11, c1]  ...  [-28.29, c5]  [-23.32, c6]
c4           [-9.0, new_cluster]  [-16.56, c1]  ...         [0, ]         [0, ]
c5           [-9.0, new_cluster]  [-14.71, c1]  ...         [0, ]         [0, ]
c6           [-9.0, new_cluster]   [-16.0, c1]  ...         [0, ]         [0, ]

[7 rows x 7 columns]
\begin{tabular}{llllllll}
\toprule
{} &                    0 &             1 &            2 &             3 &             4 &             5 &             6 \\
\midrule
new\_cluster &  [-9.0, new\_cluster] &  [-15.69, c1] &   [-0.1, c2] &  [-13.55, c3] &  [-20.98, c4] &  [-30.15, c5] &  [-23.32, c6] \\
c1          &  [-9.0, new\_cluster] &  [-14.06, c1] &  [-0.38, c2] &  [-14.58, c3] &  [-23.74, c4] &   [-27.7, c5] &  [-23.32, c6] \\
c2          &  [-9.0, new\_cluster] &  [-17.05, c1] &  [-0.09, c2] &   [-15.4, c3] &  [-22.24, c4] &   [-29.3, c5] &  [-23.32, c6] \\
c3          &  [-9.0, new\_cluster] &  [-15.11, c1] &  [-0.36, c2] &  [-11.44, c3] &  [-21.44, c4] &  [-28.29, c5] &  [-23.32, c6] \\
c4          &  [-9.0, new\_cluster] &  [-16.56, c1] &  [-0.27, c2] &  [-14.25, c3] &         [0, ] &         [0, ] &         [0, ] \\
c5          &  [-9.0, new\_cluster] &  [-14.71, c1] &   [-0.1, c2] &  [-13.02, c3] &         [0, ] &         [0, ] &         [0, ] \\
c6          &  [-9.0, new\_cluster] &   [-16.0, c1] &  [-0.14, c2] &  [-13.11, c3] &  [-22.86, c4] &         [0, ] &         [0, ] \\
\bottomrule
\end{tabular}

