Experiment_path: AE_Model_2/Base_Line_W_PC//0.4/Experiment_04
Dataset_Path: ../_00_Datasets/03_SimDaten_Quiroga2020/C_Difficult1_noise015.mat
Dataset_name: ['03_SimDaten_Quiroga2020', 'C_Difficult1_noise015.mat']
Variant_name: Variant_04_Offline_Autoencoder_QLearning
Visualisation_Path: AE_Model_2/Base_Line_W_PC//0.4/Experiment_04/C_Difficult1_noise015.mat/Variant_04_Offline_Autoencoder_QLearning/2023_04_23-18_52_43
Punishment_Coefficient: 0.4
<_01_LoadDataset.ExternCode.spike_class.spike_dataclass object at 0x0000014714F1EB38>
Sampling rate: 24000.0
Raw: [ 0.04887081  0.02693095 -0.0154249  ... -0.09301659 -0.11629005
 -0.14613101]
Times: [    340     491     641 ... 1439047 1439065 1439816]
Cluster: [1 1 1 ... 3 2 2]
Number of different clusters:  3
Number of Spikes: 3472
First aligned Spike Frame: [ 0.12751554  0.12305882  0.10482977  0.09479529  0.10214978  0.11675932
  0.11777927  0.09307299  0.04670706 -0.00574343 -0.06143573 -0.14637617
 -0.20942665 -0.00208103  0.52241508  0.81651544  0.46446121 -0.19226425
 -0.60927882 -0.6713583  -0.57871227 -0.49011309 -0.4269388  -0.3668903
 -0.30523219 -0.24747124 -0.19738203 -0.15189972 -0.10449507 -0.05533325
 -0.01452429  0.01008816  0.02570853  0.04365027  0.06334113  0.07980397
  0.08484457  0.07688513  0.06142919  0.04320028  0.02240626  0.00477291
 -0.00393242 -0.00135684  0.00575182  0.0026944  -0.01541647]
Cluster 0, Occurrences: 1159
Cluster 1, Occurrences: 1172
Cluster 2, Occurrences: 1141
Train Index: 3125
x_train: 3125
y_train: 3125
x_test: 347
y_test: 347
<torch.utils.data.dataloader.DataLoader object at 0x000001471516A588>
<torch.utils.data.dataloader.DataLoader object at 0x0000014714F43550>
Epoch [1/8]: mean_loss=0.00036246742516756055
Epoch [2/8]: mean_loss=0.0002206693648546934
Epoch [3/8]: mean_loss=0.00021414402186870575
Epoch [4/8]: mean_loss=0.00021342998363077642
Epoch [5/8]: mean_loss=0.0002129049188643694
Epoch [6/8]: mean_loss=0.0002124149253964424
Epoch [7/8]: mean_loss=0.00021211314603686331
Epoch [8/8]: mean_loss=0.00021190005995333196
Number of Clusters: 3
Number of Samples after Autoencoder testing: 347
First Spike after testing: [-1.4290049 -0.9636596]
[2, 0, 1, 2, 1, 0, 2, 1, 2, 1, 0, 0, 2, 1, 0, 2, 2, 1, 2, 1, 0, 1, 0, 0, 0, 0, 1, 1, 2, 1, 2, 0, 1, 1, 0, 1, 0, 1, 0, 1, 1, 2, 0, 1, 2, 0, 1, 1, 2, 1, 1, 1, 0, 0, 1, 0, 2, 1, 0, 1, 0, 2, 1, 2, 0, 0, 0, 2, 1, 2, 2, 1, 1, 1, 1, 2, 0, 2, 2, 2, 2, 1, 1, 1, 2, 0, 1, 2, 0, 2, 0, 1, 0, 1, 2, 1, 0, 2, 2, 1, 2, 2, 2, 1, 1, 2, 1, 0, 1, 0, 2, 1, 0, 1, 1, 2, 1, 2, 0, 2, 0, 0, 1, 1, 2, 0, 0, 2, 2, 1, 1, 0, 0, 0, 1, 0, 0, 1, 1, 2, 1, 1, 1, 0, 0, 2, 0, 1, 2, 1, 1, 0, 0, 2, 2, 0, 1, 1, 0, 1, 1, 2, 1, 0, 1, 2, 0, 0, 1, 0, 2, 0, 2, 0, 2, 2, 0, 1, 2, 2, 2, 0, 0, 1, 1, 0, 1, 2, 1, 0, 1, 2, 0, 1, 1, 0, 1, 1, 0, 1, 0, 1, 2, 1, 2, 1, 1, 1, 1, 2, 2, 0, 0, 1, 0, 2, 2, 2, 1, 1, 1, 2, 0, 2, 1, 1, 0, 2, 1, 0, 2, 1, 0, 1, 2, 1, 0, 1, 0, 1, 0, 2, 0, 1, 2, 1, 1, 2, 0, 1, 0, 1, 2, 0, 1, 0, 1, 2, 0, 2, 2, 1, 1, 0, 0, 1, 2, 1, 1, 0, 1, 1, 0, 2, 1, 1, 0, 0, 0, 1, 0, 2, 1, 2, 0, 1, 1, 0, 2, 2, 2, 1, 2, 0, 2, 1, 1, 0, 1, 0, 2, 0, 1, 2, 1, 0, 1, 2, 2, 0, 2, 0, 1, 0, 1, 1, 0, 2, 0, 1, 2, 2, 1, 2, 2, 0, 1, 2, 2, 1, 2, 0, 2, 0, 1, 2, 1, 0, 2, 1, 1, 0, 2, 2, 2, 1, 1]
[0, 0, 0, 0, 0, 0, 0, 0, 0, 0, 0, 0, 0, 0, 0, 0, 0, 0, 0, 0, 0, 0, 0, 0, 0, 0, 0, 0, 0, 0, 0, 0, 0, 0, 0, 0, 0, 0, 0, 0, 0, 0, 0, 1, 0, 0, 0, 0, 0, 0, 0, 1, 0, 2, 0, 0, 1, 1, 0, 1, 2, 1, 0, 1, 0, 2, 0, 1, 1, 0, 2, 1, 0, 0, 1, 1, 0, 0, 1, 1, 0, 2, 0, 0, 0, 2, 2, 1, 2, 2, 2, 0, 0, 1, 2, 0, 2, 1, 1, 0, 1, 2, 2, 2, 0, 0, 0, 0, 0, 0, 1, 0, 2, 2, 0, 1, 1, 1, 1, 1, 0, 0, 3, 0, 1, 2, 2, 1, 1, 1, 3, 2, 2, 0, 2, 2, 0, 0, 0, 1, 3, 0, 3, 2, 2, 1, 0, 3, 1, 3, 0, 2, 0, 1, 0, 0, 1, 0, 2, 3, 3, 0, 3, 0, 0, 1, 2, 2, 0, 0, 1, 1, 1, 0, 1, 1, 2, 0, 1, 1, 1, 2, 2, 0, 0, 2, 0, 3, 3, 0, 0, 1, 2, 3, 0, 0, 3, 0, 2, 0, 0, 3, 1, 2, 1, 3, 0, 0, 3, 1, 1, 2, 0, 3, 0, 2, 1, 1, 2, 0, 3, 1, 0, 1, 3, 1, 1, 1, 2, 0, 1, 0, 2, 0, 2, 2, 2, 3, 2, 1, 0, 1, 1, 3, 1, 0, 0, 1, 2, 0, 0, 0, 1, 0, 3, 0, 1, 3, 2, 3, 1, 0, 0, 0, 2, 0, 1, 3, 1, 0, 3, 1, 2, 1, 3, 3, 0, 2, 0, 0, 2, 0, 0, 1, 0, 0, 0, 2, 1, 1, 1, 1, 1, 0, 1, 3, 0, 0, 3, 2, 2, 2, 3, 2, 2, 2, 3, 2, 2, 2, 1, 0, 0, 0, 0, 3, 1, 2, 2, 3, 2, 1, 1, 1, 2, 2, 1, 1, 0, 0, 3, 2, 0, 0, 2, 1, 2, 0, 1, 0, 0, 0, 2, 1, 1, 2, 0]
Centroids: [[-0.8790196, -0.7264915], [-1.1145519, -0.44829386], [-1.3904102, -0.7991844]]
Centroids: [[-0.99456805, -0.5391298], [-1.4780825, -0.76701313], [-0.92474484, -0.9118386], [-1.2440662, -0.20773607]]
Contingency Matrix: 
[[58  5 43  0]
 [74 19 13 31]
 [23 62 15  4]]
[[58, 5, 43, 0], [74, 19, 13, 31], [23, 62, 15, 4]]
[[58, 5, 43, 0], [74, 19, 13, 31], [23, 62, 15, 4]]
[0, 1, 2, 3]
[[-1, 5, 43, 0], [-1, -1, -1, -1], [-1, 62, 15, 4]]
[[-1, -1, 43, 0], [-1, -1, -1, -1], [-1, -1, -1, -1]]
[[-1, -1, -1, -1], [-1, -1, -1, -1], [-1, -1, -1, -1]]
Match_Labels: {1: 0, 2: 1, 0: 2}
New Contingency Matrix: 
[[43 58  5  0]
 [13 74 19 31]
 [15 23 62  4]]
New Clustered Label Sequence: [2, 0, 1, 3]
Diagonal_Elements: [43, 74, 62], Sum: 179
All_Elements: [43, 58, 5, 0, 13, 74, 19, 31, 15, 23, 62, 4], Sum: 347
Accuracy: 0.515850144092219
