Seed: 0
Experiment_path: Experiment_04
Dataset_Path: ../_00_Datasets/03_SimDaten_Quiroga2020/C_Difficult1_noise005.mat
Dataset_name: ['03_SimDaten_Quiroga2020', 'C_Difficult1_noise005.mat']
Variant_name: Variant_04_Offline_Autoencoder_QLearning
Visualisation_Path: Grid_Search_PC//V4/C_Difficult1_noise005.mat/Variant_04_Offline_Autoencoder_QLearning/2023_04_07-20_21_20
Split Ratio: 0.9
Epochs: 8
Batch Size: 1
Input Size: 47
Number of Features: 2
Chosen Model: Autoencoder
Autoencoder(
  (encoder): Sequential(
    (0): Linear(in_features=47, out_features=12, bias=True)
    (1): LeakyReLU(negative_slope=0.01)
    (2): Linear(in_features=12, out_features=2, bias=True)
  )
  (decoder): Sequential(
    (0): Linear(in_features=2, out_features=12, bias=True)
    (1): LeakyReLU(negative_slope=0.01)
    (2): Linear(in_features=12, out_features=47, bias=True)
  )
)
MSELoss()
Adam (
Parameter Group 0
    amsgrad: False
    betas: (0.9, 0.999)
    capturable: False
    differentiable: False
    eps: 1e-08
    foreach: None
    fused: False
    lr: 0.001
    maximize: False
    weight_decay: 0
)
---Q Learning Parameters---
Normalisation: False
Punishment Coefficient: 0.7000000000000002
Alpha: 0.8
Epsilon: 0.01
Gamma: 0.97
Initial Episode Number: 0
Episode Number Coefficient: 1.4
Number of Random Features: 20
Planning Number: 20
Max Random Features: 60
New Episode Number: 72
New Episode Number: 143
New Episode Number: 215
                 0      1      2      3
new_cluster -11.74 -10.38 -10.09 -12.55
c1          -11.73 -10.46 -10.23 -12.55
c2          -11.76 -10.25 -10.46 -12.64
c3          -11.75 -10.50 -10.24 -12.64
\begin{tabular}{lrrrr}
\toprule
{} &      0 &      1 &      2 &      3 \\
\midrule
new\_cluster & -11.74 & -10.38 & -10.09 & -12.55 \\
c1          & -11.73 & -10.46 & -10.23 & -12.55 \\
c2          & -11.76 & -10.25 & -10.46 & -12.64 \\
c3          & -11.75 & -10.50 & -10.24 & -12.64 \\
\bottomrule
\end{tabular}

                                0            1            2            3
new_cluster  [-1.96, new_cluster]  [-0.44, c1]  [-0.14, c2]  [-2.59, c3]
c1           [-1.96, new_cluster]  [-0.51, c1]  [-0.29, c2]  [-2.59, c3]
c2           [-1.96, new_cluster]  [-0.27, c1]  [-0.49, c2]  [-2.59, c3]
c3           [-1.96, new_cluster]  [-0.49, c1]  [-0.28, c2]  [-2.59, c3]
\begin{tabular}{lllll}
\toprule
{} &                     0 &            1 &            2 &            3 \\
\midrule
new\_cluster &  [-1.96, new\_cluster] &  [-0.44, c1] &  [-0.14, c2] &  [-2.59, c3] \\
c1          &  [-1.96, new\_cluster] &  [-0.51, c1] &  [-0.29, c2] &  [-2.59, c3] \\
c2          &  [-1.96, new\_cluster] &  [-0.27, c1] &  [-0.49, c2] &  [-2.59, c3] \\
c3          &  [-1.96, new\_cluster] &  [-0.49, c1] &  [-0.28, c2] &  [-2.59, c3] \\
\bottomrule
\end{tabular}

