Seed: 0
Experiment_path: AE_Model_2/Epochs_2_4_6_8_20/02_Experiment_05_Epochs
Dataset_Path: ../_00_Datasets/03_SimDaten_Quiroga2020/C_Easy2_noise020.mat
Dataset_name: ['03_SimDaten_Quiroga2020', 'C_Easy2_noise020.mat']
Variant_name: V05_Online_AE_QL
Visualisation_Path: AE_Model_2/Epochs_2_4_6_8_20/02_Experiment_05_Epochs/C_Easy2_noise020.mat/V05_Online_AE_QL/2023_05_11-01_20_18
Normalisation: False
Template Matching: False
Optimising Autoencoder: False
Update Factor: 1
Noisy Batches: False
Noisy Factor: 0.001
Epochs: 2
Batch Size: 1
maximal Spikes for Autoencoder Training : 700
maximal Spikes for Training: 1000
Input Size: 47
Chosen Model: Convolutional Autoencoder
ConvolutionalAutoencoder(
  (encoder): Sequential(
    (0): Conv1d(1, 6, kernel_size=(6,), stride=(1,))
    (1): LeakyReLU(negative_slope=0.01)
    (2): Conv1d(6, 1, kernel_size=(6,), stride=(1,))
    (3): Flatten(start_dim=1, end_dim=-1)
    (4): Linear(in_features=37, out_features=2, bias=True)
  )
  (decoder): Sequential(
    (0): ConvTranspose1d(1, 6, kernel_size=(6,), stride=(1,))
    (1): LeakyReLU(negative_slope=0.01)
    (2): ConvTranspose1d(6, 1, kernel_size=(6,), stride=(1,))
    (3): Flatten(start_dim=1, end_dim=-1)
    (4): Linear(in_features=12, out_features=47, bias=True)
  )
)
MSELoss()
Adam (
Parameter Group 0
    amsgrad: False
    betas: (0.9, 0.999)
    capturable: False
    differentiable: False
    eps: 1e-08
    foreach: None
    fused: False
    lr: 0.001
    maximize: False
    weight_decay: 0
)
---Q Learning Parameters---
Normalisation: False
Punishment Coefficient: 1.4
Alpha: 0.8
Epsilon: 0.01
Gamma: 0.97
Initial Episode Number: 0
Episode Number Coefficient: 1.4
Number of Random Features: 20
Planning Number: 20
Max Random Features: 60
New Episode Number: 72
New Episode Number: 143
New Episode Number: 215
New Episode Number: 286
New Episode Number: 358
New Episode Number: 429
                 0      1      2      3     4      5     6
new_cluster -13.52 -10.14 -42.80 -33.21 -5.85 -24.27 -6.00
c1          -13.52 -10.59 -45.36 -35.90 -5.97 -23.71 -6.05
c2          -13.53  -9.31 -44.67 -32.69 -5.66 -22.11 -7.03
c3          -13.53  -9.56 -43.98 -32.76 -5.73 -24.77 -5.80
c4          -13.50  -9.87 -44.93 -33.93 -5.74 -21.52 -8.25
c5          -13.51 -10.02 -43.72 -36.32 -5.77 -25.36 -6.10
c6          -13.51 -10.88 -42.62 -35.60 -5.90 -27.90 -6.46
\begin{tabular}{lrrrrrrr}
\toprule
{} &      0 &      1 &      2 &      3 &     4 &      5 &     6 \\
\midrule
new\_cluster & -13.52 & -10.14 & -42.80 & -33.21 & -5.85 & -24.27 & -6.00 \\
c1          & -13.52 & -10.59 & -45.36 & -35.90 & -5.97 & -23.71 & -6.05 \\
c2          & -13.53 &  -9.31 & -44.67 & -32.69 & -5.66 & -22.11 & -7.03 \\
c3          & -13.53 &  -9.56 & -43.98 & -32.76 & -5.73 & -24.77 & -5.80 \\
c4          & -13.50 &  -9.87 & -44.93 & -33.93 & -5.74 & -21.52 & -8.25 \\
c5          & -13.51 & -10.02 & -43.72 & -36.32 & -5.77 & -25.36 & -6.10 \\
c6          & -13.51 & -10.88 & -42.62 & -35.60 & -5.90 & -27.90 & -6.46 \\
\bottomrule
\end{tabular}

                                0            1  ...             5            6
new_cluster  [-7.84, new_cluster]  [-4.24, c1]  ...  [-18.67, c5]  [-0.22, c6]
c1           [-7.84, new_cluster]  [-4.81, c1]  ...  [-18.12, c5]  [-0.27, c6]
c2           [-7.84, new_cluster]  [-3.52, c1]  ...  [-16.51, c5]  [-1.22, c6]
c3           [-7.84, new_cluster]  [-3.77, c1]  ...  [-19.18, c5]  [-0.07, c6]
c4           [-7.84, new_cluster]  [-4.08, c1]  ...  [-15.93, c5]  [-2.46, c6]
c5           [-7.84, new_cluster]  [-4.24, c1]  ...  [-19.76, c5]  [-0.33, c6]
c6           [-7.84, new_cluster]  [-5.09, c1]  ...  [-22.31, c5]  [-0.69, c6]

[7 rows x 7 columns]
\begin{tabular}{llllllll}
\toprule
{} &                     0 &            1 &             2 &             3 &            4 &             5 &            6 \\
\midrule
new\_cluster &  [-7.84, new\_cluster] &  [-4.24, c1] &  [-37.26, c2] &  [-27.64, c3] &  [-0.14, c4] &  [-18.67, c5] &  [-0.22, c6] \\
c1          &  [-7.84, new\_cluster] &  [-4.81, c1] &  [-39.88, c2] &   [-30.3, c3] &  [-0.29, c4] &  [-18.12, c5] &  [-0.27, c6] \\
c2          &  [-7.84, new\_cluster] &  [-3.52, c1] &  [-39.12, c2] &   [-27.1, c3] &  [-0.07, c4] &  [-16.51, c5] &  [-1.22, c6] \\
c3          &  [-7.84, new\_cluster] &  [-3.77, c1] &  [-38.42, c2] &  [-27.19, c3] &  [-0.03, c4] &  [-19.18, c5] &  [-0.07, c6] \\
c4          &  [-7.84, new\_cluster] &  [-4.08, c1] &   [-39.4, c2] &  [-28.35, c3] &  [-0.09, c4] &  [-15.93, c5] &  [-2.46, c6] \\
c5          &  [-7.84, new\_cluster] &  [-4.24, c1] &  [-38.16, c2] &  [-30.75, c3] &  [-0.07, c4] &  [-19.76, c5] &  [-0.33, c6] \\
c6          &  [-7.84, new\_cluster] &  [-5.09, c1] &  [-37.07, c2] &  [-30.04, c3] &  [-0.25, c4] &  [-22.31, c5] &  [-0.69, c6] \\
\bottomrule
\end{tabular}

