Seed: 0
Experiment_path: Experiment_06
Dataset_Path: ../_00_Datasets/03_SimDaten_Quiroga2020/C_Easy2_noise005.mat
Dataset_name: ['03_SimDaten_Quiroga2020', 'C_Easy2_noise005.mat']
Variant_name: Variant_05_Online_Autoencoder_QLearning_opt
Visualisation_Path: AE_Model_2/Grid_Search_PC//V5_1/C_Easy2_noise005.mat/Variant_05_Online_Autoencoder_QLearning_opt/2023_05_04-03_29_43
Normalisation: False
Template Matching: False
Optimising Autoencoder: True
Update Factor: 1
Noisy Batches: False
Noisy Factor: 0.001
Epochs: 8
Batch Size: 1
maximal Spikes for Autoencoder Training : 700
maximal Spikes for Training: 1000
Input Size: 47
Chosen Model: Convolutional Autoencoder
ConvolutionalAutoencoder(
  (encoder): Sequential(
    (0): Conv1d(1, 6, kernel_size=(6,), stride=(1,))
    (1): LeakyReLU(negative_slope=0.01)
    (2): Conv1d(6, 1, kernel_size=(6,), stride=(1,))
    (3): Flatten(start_dim=1, end_dim=-1)
    (4): Linear(in_features=37, out_features=2, bias=True)
  )
  (decoder): Sequential(
    (0): ConvTranspose1d(1, 6, kernel_size=(6,), stride=(1,))
    (1): LeakyReLU(negative_slope=0.01)
    (2): ConvTranspose1d(6, 1, kernel_size=(6,), stride=(1,))
    (3): Flatten(start_dim=1, end_dim=-1)
    (4): Linear(in_features=12, out_features=47, bias=True)
  )
)
MSELoss()
Adam (
Parameter Group 0
    amsgrad: False
    betas: (0.9, 0.999)
    capturable: False
    differentiable: False
    eps: 1e-08
    foreach: None
    fused: False
    lr: 0.001
    maximize: False
    weight_decay: 0
)
---Q Learning Parameters---
Normalisation: False
Punishment Coefficient: 0.8
Alpha: 0.8
Epsilon: 0.01
Gamma: 0.97
Initial Episode Number: 0
Episode Number Coefficient: 1.4
Number of Random Features: 20
Planning Number: 20
Max Random Features: 60
New Episode Number: 72
New Episode Number: 143
New Episode Number: 215
New Episode Number: 286
New Episode Number: 358
                0     1     2     3     4      5
new_cluster -2.78 -4.57 -0.23 -1.55 -2.45 -17.52
c1          -2.76 -4.82 -0.21 -1.78 -2.11 -17.39
c2          -2.76 -4.74 -0.23 -1.57 -1.87 -17.59
c3          -2.78 -4.63 -0.23  0.00  0.00   0.00
c4          -2.76 -4.71 -0.22  0.00  0.00   0.00
c5          -2.78 -5.06 -0.20  0.00  0.00   0.00
\begin{tabular}{lrrrrrr}
\toprule
{} &     0 &     1 &     2 &     3 &     4 &      5 \\
\midrule
new\_cluster & -2.78 & -4.57 & -0.23 & -1.55 & -2.45 & -17.52 \\
c1          & -2.76 & -4.82 & -0.21 & -1.78 & -2.11 & -17.39 \\
c2          & -2.76 & -4.74 & -0.23 & -1.57 & -1.87 & -17.59 \\
c3          & -2.78 & -4.63 & -0.23 &  0.00 &  0.00 &   0.00 \\
c4          & -2.76 & -4.71 & -0.22 &  0.00 &  0.00 &   0.00 \\
c5          & -2.78 & -5.06 & -0.20 &  0.00 &  0.00 &   0.00 \\
\bottomrule
\end{tabular}

                                0            1  ...            4             5
new_cluster  [-2.56, new_cluster]  [-4.37, c1]  ...  [-2.45, c4]  [-17.52, c5]
c1           [-2.56, new_cluster]  [-4.61, c1]  ...  [-2.11, c4]  [-17.39, c5]
c2           [-2.56, new_cluster]  [-4.53, c1]  ...  [-1.87, c4]  [-17.59, c5]
c3           [-2.56, new_cluster]  [-4.42, c1]  ...        [0, ]         [0, ]
c4           [-2.56, new_cluster]  [-4.51, c1]  ...        [0, ]         [0, ]
c5           [-2.56, new_cluster]  [-4.85, c1]  ...        [0, ]         [0, ]

[6 rows x 6 columns]
\begin{tabular}{lllllll}
\toprule
{} &                     0 &            1 &            2 &            3 &            4 &             5 \\
\midrule
new\_cluster &  [-2.56, new\_cluster] &  [-4.37, c1] &   [-0.0, c2] &  [-1.55, c3] &  [-2.45, c4] &  [-17.52, c5] \\
c1          &  [-2.56, new\_cluster] &  [-4.61, c1] &  [-0.01, c2] &  [-1.78, c3] &  [-2.11, c4] &  [-17.39, c5] \\
c2          &  [-2.56, new\_cluster] &  [-4.53, c1] &   [-0.0, c2] &  [-1.57, c3] &  [-1.87, c4] &  [-17.59, c5] \\
c3          &  [-2.56, new\_cluster] &  [-4.42, c1] &  [-0.01, c2] &        [0, ] &        [0, ] &         [0, ] \\
c4          &  [-2.56, new\_cluster] &  [-4.51, c1] &   [-0.0, c2] &        [0, ] &        [0, ] &         [0, ] \\
c5          &  [-2.56, new\_cluster] &  [-4.85, c1] &   [-0.0, c2] &        [0, ] &        [0, ] &         [0, ] \\
\bottomrule
\end{tabular}

