Seed: 0
Experiment_path: AE_Model_2/Reduce_Training_opt//V5_100/Experiment_05_opt
Dataset_Path: ../_00_Datasets/03_SimDaten_Quiroga2020/C_Easy2_noise015.mat
Dataset_name: ['03_SimDaten_Quiroga2020', 'C_Easy2_noise015.mat']
Variant_name: Variant_05_Online_Autoencoder_QLearning_opt
Visualisation_Path: AE_Model_2/Reduce_Training_opt//V5_100/Experiment_05_opt/C_Easy2_noise015.mat/Variant_05_Online_Autoencoder_QLearning_opt/2023_05_25-10_43_04
Normalisation: False
Template Matching: False
Optimising Autoencoder: True
Update Factor: 1
Noisy Batches: False
Noisy Factor: 0.001
Epochs: 8
Batch Size: 1
maximal Spikes for Autoencoder Training : 100
maximal Spikes for Training: 400
Input Size: 47
Chosen Model: Convolutional Autoencoder
ConvolutionalAutoencoder(
  (encoder): Sequential(
    (0): Conv1d(1, 6, kernel_size=(6,), stride=(1,))
    (1): LeakyReLU(negative_slope=0.01)
    (2): Conv1d(6, 1, kernel_size=(6,), stride=(1,))
    (3): Flatten(start_dim=1, end_dim=-1)
    (4): Linear(in_features=37, out_features=2, bias=True)
  )
  (decoder): Sequential(
    (0): ConvTranspose1d(1, 6, kernel_size=(6,), stride=(1,))
    (1): LeakyReLU(negative_slope=0.01)
    (2): ConvTranspose1d(6, 1, kernel_size=(6,), stride=(1,))
    (3): Flatten(start_dim=1, end_dim=-1)
    (4): Linear(in_features=12, out_features=47, bias=True)
  )
)
MSELoss()
Adam (
Parameter Group 0
    amsgrad: False
    betas: (0.9, 0.999)
    capturable: False
    differentiable: False
    eps: 1e-08
    foreach: None
    fused: False
    lr: 0.001
    maximize: False
    weight_decay: 0
)
---Q Learning Parameters---
Normalisation: False
Punishment Coefficient: 0.9
Alpha: 0.8
Epsilon: 0.01
Gamma: 0.97
Initial Episode Number: 0
Episode Number Coefficient: 1.4
Number of Random Features: 20
Planning Number: 20
Max Random Features: 60
New Episode Number: 72
New Episode Number: 143
New Episode Number: 215
New Episode Number: 286
New Episode Number: 358
New Episode Number: 429
New Episode Number: 500
New Episode Number: 572
                0     1      2     3      4      5     6      7     8
new_cluster -5.10 -4.07 -23.84 -3.08 -37.84 -11.93 -7.28 -14.34 -1.92
c1          -5.11 -3.57 -23.55 -3.53 -37.67 -11.96 -7.28 -14.31 -1.92
c2          -5.12 -3.86 -23.23 -3.28 -37.56 -11.92 -7.80 -14.23 -2.03
c3          -5.21 -3.77 -23.78 -3.16 -38.73 -11.86 -7.97 -14.08 -2.00
c4          -5.11 -4.09 -24.03 -3.36 -38.90 -11.92 -7.48 -14.26 -2.03
c5          -5.13 -3.92 -23.60 -3.67 -38.17 -11.92 -7.56 -15.02 -1.98
c6          -5.26 -4.14 -25.60 -3.50 -39.02 -11.92 -7.59 -14.47 -2.01
c7          -5.13 -4.20 -23.47 -3.19 -38.10 -11.85 -7.63 -14.57 -1.97
c8          -5.21 -4.39 -24.63 -3.56 -41.71 -11.85 -7.31 -14.09 -1.97
\begin{tabular}{lrrrrrrrrr}
\toprule
{} &     0 &     1 &      2 &     3 &      4 &      5 &     6 &      7 &     8 \\
\midrule
new\_cluster & -5.10 & -4.07 & -23.84 & -3.08 & -37.84 & -11.93 & -7.28 & -14.34 & -1.92 \\
c1          & -5.11 & -3.57 & -23.55 & -3.53 & -37.67 & -11.96 & -7.28 & -14.31 & -1.92 \\
c2          & -5.12 & -3.86 & -23.23 & -3.28 & -37.56 & -11.92 & -7.80 & -14.23 & -2.03 \\
c3          & -5.21 & -3.77 & -23.78 & -3.16 & -38.73 & -11.86 & -7.97 & -14.08 & -2.00 \\
c4          & -5.11 & -4.09 & -24.03 & -3.36 & -38.90 & -11.92 & -7.48 & -14.26 & -2.03 \\
c5          & -5.13 & -3.92 & -23.60 & -3.67 & -38.17 & -11.92 & -7.56 & -15.02 & -1.98 \\
c6          & -5.26 & -4.14 & -25.60 & -3.50 & -39.02 & -11.92 & -7.59 & -14.47 & -2.01 \\
c7          & -5.13 & -4.20 & -23.47 & -3.19 & -38.10 & -11.85 & -7.63 & -14.57 & -1.97 \\
c8          & -5.21 & -4.39 & -24.63 & -3.56 & -41.71 & -11.85 & -7.31 & -14.09 & -1.97 \\
\bottomrule
\end{tabular}

                                0            1  ...             7            8
new_cluster  [-3.24, new_cluster]  [-2.15, c1]  ...  [-12.45, c7]  [-0.03, c8]
c1           [-3.24, new_cluster]  [-1.65, c1]  ...  [-12.42, c7]  [-0.03, c8]
c2           [-3.24, new_cluster]  [-1.94, c1]  ...  [-12.34, c7]  [-0.12, c8]
c3           [-3.24, new_cluster]  [-1.86, c1]  ...  [-12.19, c7]  [-0.11, c8]
c4           [-3.24, new_cluster]  [-2.18, c1]  ...  [-12.36, c7]  [-0.08, c8]
c5           [-3.24, new_cluster]  [-2.01, c1]  ...  [-13.12, c7]  [-0.06, c8]
c6           [-3.24, new_cluster]  [-2.26, c1]  ...  [-12.58, c7]  [-0.07, c8]
c7           [-3.24, new_cluster]  [-2.29, c1]  ...  [-12.68, c7]  [-0.07, c8]
c8           [-3.24, new_cluster]  [-2.51, c1]  ...  [-12.19, c7]  [-0.09, c8]

[9 rows x 9 columns]
\begin{tabular}{llllllllll}
\toprule
{} &                     0 &            1 &             2 &            3 &             4 &            5 &            6 &             7 &            8 \\
\midrule
new\_cluster &  [-3.24, new\_cluster] &  [-2.15, c1] &   [-21.8, c2] &  [-1.14, c3] &  [-35.83, c4] &  [-9.93, c5] &  [-5.33, c6] &  [-12.45, c7] &  [-0.03, c8] \\
c1          &  [-3.24, new\_cluster] &  [-1.65, c1] &  [-21.51, c2] &  [-1.57, c3] &  [-35.69, c4] &  [-9.93, c5] &  [-5.28, c6] &  [-12.42, c7] &  [-0.03, c8] \\
c2          &  [-3.24, new\_cluster] &  [-1.94, c1] &  [-21.19, c2] &  [-1.31, c3] &   [-35.6, c4] &  [-9.93, c5] &  [-5.85, c6] &  [-12.34, c7] &  [-0.12, c8] \\
c3          &  [-3.24, new\_cluster] &  [-1.86, c1] &  [-21.81, c2] &  [-1.13, c3] &  [-36.75, c4] &  [-9.93, c5] &  [-6.02, c6] &  [-12.19, c7] &  [-0.11, c8] \\
c4          &  [-3.24, new\_cluster] &  [-2.18, c1] &  [-21.99, c2] &  [-1.33, c3] &  [-36.93, c4] &  [-9.93, c5] &  [-5.52, c6] &  [-12.36, c7] &  [-0.08, c8] \\
c5          &  [-3.24, new\_cluster] &  [-2.01, c1] &  [-21.63, c2] &   [-1.7, c3] &   [-36.2, c4] &  [-9.93, c5] &  [-5.61, c6] &  [-13.12, c7] &  [-0.06, c8] \\
c6          &  [-3.24, new\_cluster] &  [-2.26, c1] &  [-23.63, c2] &  [-1.47, c3] &  [-37.01, c4] &  [-9.93, c5] &  [-5.64, c6] &  [-12.58, c7] &  [-0.07, c8] \\
c7          &  [-3.24, new\_cluster] &  [-2.29, c1] &   [-21.5, c2] &  [-1.24, c3] &  [-36.13, c4] &  [-9.93, c5] &  [-5.66, c6] &  [-12.68, c7] &  [-0.07, c8] \\
c8          &  [-3.24, new\_cluster] &  [-2.51, c1] &  [-22.68, c2] &   [-1.6, c3] &   [-39.7, c4] &  [-9.93, c5] &  [-5.31, c6] &  [-12.19, c7] &  [-0.09, c8] \\
\bottomrule
\end{tabular}

