Experiment_path: AE_Model_1/Epochs//V5/Experiment_05
Dataset_Path: ../_00_Datasets/03_SimDaten_Quiroga2020/C_Difficult1_noise015.mat
Dataset_name: ['03_SimDaten_Quiroga2020', 'C_Difficult1_noise015.mat']
Variant_name: Variant_05_Online_Autoencoder_QLearning
Visualisation_Path: AE_Model_1/Epochs//V5/Experiment_05/C_Difficult1_noise015.mat/Variant_05_Online_Autoencoder_QLearning/2023_04_25-16_11_04
Punishment_Coefficient: 0.6
<_01_LoadDataset.ExternCode.spike_class.spike_dataclass object at 0x0000022F3B336AC8>
Sampling rate: 24000.0
Raw: [ 0.04887081  0.02693095 -0.0154249  ... -0.09301659 -0.11629005
 -0.14613101]
Times: [    340     491     641 ... 1439047 1439065 1439816]
Cluster: [1 1 1 ... 3 2 2]
Number of different clusters:  3
Number of Spikes: 3472
First aligned Spike Frame: [ 0.12751554  0.12305882  0.10482977  0.09479529  0.10214978  0.11675932
  0.11777927  0.09307299  0.04670706 -0.00574343 -0.06143573 -0.14637617
 -0.20942665 -0.00208103  0.52241508  0.81651544  0.46446121 -0.19226425
 -0.60927882 -0.6713583  -0.57871227 -0.49011309 -0.4269388  -0.3668903
 -0.30523219 -0.24747124 -0.19738203 -0.15189972 -0.10449507 -0.05533325
 -0.01452429  0.01008816  0.02570853  0.04365027  0.06334113  0.07980397
  0.08484457  0.07688513  0.06142919  0.04320028  0.02240626  0.00477291
 -0.00393242 -0.00135684  0.00575182  0.0026944  -0.01541647]
Cluster 0, Occurrences: 1159
Cluster 1, Occurrences: 1172
Cluster 2, Occurrences: 1141
Number of Clusters: 3
Online_Training [1/700]: mean_loss=0.11012196327958788
Online_Training [2/700]: mean_loss=0.11097448478852
Online_Training [3/700]: mean_loss=0.09296773320862226
Online_Training [4/700]: mean_loss=0.05494196393660137
Online_Training [5/700]: mean_loss=0.0648569209235055
Online_Training [6/700]: mean_loss=0.03886788830693279
Online_Training [7/700]: mean_loss=0.028895030995564803
Online_Training [8/700]: mean_loss=0.06258405665201801
Online_Training [9/700]: mean_loss=0.032498275728097985
Online_Training [10/700]: mean_loss=0.027777396541621004
Online_Training [11/700]: mean_loss=0.006144827497856957
Online_Training [12/700]: mean_loss=0.017317159500505244
Online_Training [13/700]: mean_loss=0.054573750123381615
Online_Training [14/700]: mean_loss=0.0815360386456762
Online_Training [15/700]: mean_loss=0.029900007215993746
Online_Training [16/700]: mean_loss=0.01717153564095497
Online_Training [17/700]: mean_loss=0.022033236787787507
Online_Training [18/700]: mean_loss=0.01829477645722883
Online_Training [19/700]: mean_loss=0.027921869286469052
Online_Training [20/700]: mean_loss=0.04025662810142551
Online_Training [21/700]: mean_loss=0.07288620408092226
Online_Training [22/700]: mean_loss=0.015617426883961474
Online_Training [23/700]: mean_loss=0.04749274200626782
Online_Training [24/700]: mean_loss=0.02441627691899027
Online_Training [25/700]: mean_loss=0.021020032531980957
Online_Training [26/700]: mean_loss=0.034747939423791
Online_Training [27/700]: mean_loss=0.012843049397425992
Online_Training [28/700]: mean_loss=0.021901878262204782
Online_Training [29/700]: mean_loss=0.03667992792491402
Online_Training [30/700]: mean_loss=0.03184546689902033
Online_Training [31/700]: mean_loss=0.09412799988474164
Online_Training [32/700]: mean_loss=0.049931084737181664
Online_Training [33/700]: mean_loss=0.02716899902692863
Online_Training [34/700]: mean_loss=0.022480220533907413
Online_Training [35/700]: mean_loss=0.01324844460136124
Online_Training [36/700]: mean_loss=0.08803208704505648
Online_Training [37/700]: mean_loss=0.026580688942755972
Online_Training [38/700]: mean_loss=0.01981661215956722
Online_Training [39/700]: mean_loss=0.05207384138235024
Online_Training [40/700]: mean_loss=0.014211076577859265
Online_Training [41/700]: mean_loss=0.0400321680520262
Online_Training [42/700]: mean_loss=0.036433035507798195
Online_Training [43/700]: mean_loss=0.039292020191039355
Online_Training [44/700]: mean_loss=0.01050132273563317
Online_Training [45/700]: mean_loss=0.009202430423881327
Online_Training [46/700]: mean_loss=0.027705998559083258
Online_Training [47/700]: mean_loss=0.009846277801053864
Online_Training [48/700]: mean_loss=0.018329268720533167
Online_Training [49/700]: mean_loss=0.006526805992637362
Online_Training [50/700]: mean_loss=0.020102092131440128
Online_Training [51/700]: mean_loss=0.03697008586355618
Online_Training [52/700]: mean_loss=0.07381241129977363
Online_Training [53/700]: mean_loss=0.008742551718439375
Online_Training [54/700]: mean_loss=0.011501315049827099
Online_Training [55/700]: mean_loss=0.02116090657987765
Online_Training [56/700]: mean_loss=0.048434526792594364
Online_Training [57/700]: mean_loss=0.03354252568845238
Online_Training [58/700]: mean_loss=0.048036150102104457
Online_Training [59/700]: mean_loss=0.020765118300914764
Online_Training [60/700]: mean_loss=0.047099120648843903
Online_Training [61/700]: mean_loss=0.013244500716349908
Online_Training [62/700]: mean_loss=0.039473110011645725
Online_Training [63/700]: mean_loss=0.027878965384193828
Online_Training [64/700]: mean_loss=0.015985187076564347
Online_Training [65/700]: mean_loss=0.021053651746894633
Online_Training [66/700]: mean_loss=0.01937543281487056
Online_Training [67/700]: mean_loss=0.01260310847179166
Online_Training [68/700]: mean_loss=0.012086696989302124
Online_Training [69/700]: mean_loss=0.009053592902741261
Online_Training [70/700]: mean_loss=0.028931541235319207
Online_Training [71/700]: mean_loss=0.01601152484571295
Online_Training [72/700]: mean_loss=0.015644409161593233
Online_Training [73/700]: mean_loss=0.012177657069904464
Online_Training [74/700]: mean_loss=0.014675793038415057
Online_Training [75/700]: mean_loss=0.017549912644816295
Online_Training [76/700]: mean_loss=0.005795357881912163
Online_Training [77/700]: mean_loss=0.027881758553641185
Online_Training [78/700]: mean_loss=0.02723370412630694
Online_Training [79/700]: mean_loss=0.014991065952926874
Online_Training [80/700]: mean_loss=0.02230978131826435
Online_Training [81/700]: mean_loss=0.07584159980927195
Online_Training [82/700]: mean_loss=0.02467915788292885
Online_Training [83/700]: mean_loss=0.014282344042190484
Online_Training [84/700]: mean_loss=0.014994620611625058
Online_Training [85/700]: mean_loss=0.01951436192861625
Online_Training [86/700]: mean_loss=0.008228323954556669
Online_Training [87/700]: mean_loss=0.08950092723327023
Online_Training [88/700]: mean_loss=0.0549336490886552
Online_Training [89/700]: mean_loss=0.024592577080641474
Online_Training [90/700]: mean_loss=0.022751005366444588
Online_Training [91/700]: mean_loss=0.007887899177148938
Online_Training [92/700]: mean_loss=0.03598411088543279
Online_Training [93/700]: mean_loss=0.02082341949322394
Online_Training [94/700]: mean_loss=0.017782604720975672
Online_Training [95/700]: mean_loss=0.023826710480664457
Online_Training [96/700]: mean_loss=0.00658729236706027
Online_Training [97/700]: mean_loss=0.031762576662003994
Online_Training [98/700]: mean_loss=0.011737709000174488
Online_Training [99/700]: mean_loss=0.015752066325928484
Online_Training [100/700]: mean_loss=0.022247785569301674
Online_Training [101/700]: mean_loss=0.007318940612354449
Online_Training [102/700]: mean_loss=0.023259347836886133
Online_Training [103/700]: mean_loss=0.011243191281599658
Online_Training [104/700]: mean_loss=0.038418832634176524
Online_Training [105/700]: mean_loss=0.023022939317992756
Online_Training [106/700]: mean_loss=0.01468618300610355
Online_Training [107/700]: mean_loss=0.022616835044963018
Online_Training [108/700]: mean_loss=0.01165660098195076
Online_Training [109/700]: mean_loss=0.01614959484764508
Online_Training [110/700]: mean_loss=0.0139039021118411
Online_Training [111/700]: mean_loss=0.01545820218910064
Online_Training [112/700]: mean_loss=0.03965997323393822
Online_Training [113/700]: mean_loss=0.10833233594894409
Online_Training [114/700]: mean_loss=0.07203840890101024
Online_Training [115/700]: mean_loss=0.029795870317944458
Online_Training [116/700]: mean_loss=0.027284506309245313
Online_Training [117/700]: mean_loss=0.024930795122470175
Online_Training [118/700]: mean_loss=0.02254652830639056
Online_Training [119/700]: mean_loss=0.017601411057902232
Online_Training [120/700]: mean_loss=0.010999602731317282
Online_Training [121/700]: mean_loss=0.05388756601938179
Online_Training [122/700]: mean_loss=0.04458979131387813
Online_Training [123/700]: mean_loss=0.015269808205110686
Online_Training [124/700]: mean_loss=0.012177557019250733
Online_Training [125/700]: mean_loss=0.026734775863587856
Online_Training [126/700]: mean_loss=0.14479088463953563
Online_Training [127/700]: mean_loss=0.05849423711853368
Online_Training [128/700]: mean_loss=0.033896438378308504
Online_Training [129/700]: mean_loss=0.008930900366976857
Online_Training [130/700]: mean_loss=0.020391492705260004
Online_Training [131/700]: mean_loss=0.1213178528206689
Online_Training [132/700]: mean_loss=0.1263424472085067
Online_Training [133/700]: mean_loss=0.013381259316312415
Online_Training [134/700]: mean_loss=0.02605605298387153
Online_Training [135/700]: mean_loss=0.043677984071629386
Online_Training [136/700]: mean_loss=0.12807238634143556
Online_Training [137/700]: mean_loss=0.01627376482688955
Online_Training [138/700]: mean_loss=0.020273611481700624
Online_Training [139/700]: mean_loss=0.027042314543255737
Online_Training [140/700]: mean_loss=0.013525100624454873
Online_Training [141/700]: mean_loss=0.025754169694014957
Online_Training [142/700]: mean_loss=0.02296452975964972
Online_Training [143/700]: mean_loss=0.012853362331432956
Online_Training [144/700]: mean_loss=0.01212819798716477
Online_Training [145/700]: mean_loss=0.01023919035547546
Online_Training [146/700]: mean_loss=0.019389570890260593
Online_Training [147/700]: mean_loss=0.009109296170728547
Online_Training [148/700]: mean_loss=0.014646174585712808
Online_Training [149/700]: mean_loss=0.015862822798745974
Online_Training [150/700]: mean_loss=0.016795304138213396
Online_Training [151/700]: mean_loss=0.006639719142445496
Online_Training [152/700]: mean_loss=0.016113823811922754
Online_Training [153/700]: mean_loss=0.02115896051483495
Online_Training [154/700]: mean_loss=0.011436102579214744
Online_Training [155/700]: mean_loss=0.017026674268501147
Online_Training [156/700]: mean_loss=0.021428133227995465
Online_Training [157/700]: mean_loss=0.010128939125154699
Online_Training [158/700]: mean_loss=0.030183892297957624
Online_Training [159/700]: mean_loss=0.0152418085240892
Online_Training [160/700]: mean_loss=0.0200621010735631
Online_Training [161/700]: mean_loss=0.009739087029759372
Online_Training [162/700]: mean_loss=0.020120043440588882
Online_Training [163/700]: mean_loss=0.010161291408751692
Online_Training [164/700]: mean_loss=0.009195196841444288
Online_Training [165/700]: mean_loss=0.016765259073248932
Online_Training [166/700]: mean_loss=0.02766640710511378
Online_Training [167/700]: mean_loss=0.03213647446994271
Online_Training [168/700]: mean_loss=0.02835958224854299
Online_Training [169/700]: mean_loss=0.010366636727537428
Online_Training [170/700]: mean_loss=0.016432688105851412
Online_Training [171/700]: mean_loss=0.01477192947641015
Online_Training [172/700]: mean_loss=0.012594578388546194
Online_Training [173/700]: mean_loss=0.012479602891419615
Online_Training [174/700]: mean_loss=0.022214257158339024
Online_Training [175/700]: mean_loss=0.029908843471535614
Online_Training [176/700]: mean_loss=0.03226660830633981
Online_Training [177/700]: mean_loss=0.006143927141757948
Online_Training [178/700]: mean_loss=0.013965413107403688
Online_Training [179/700]: mean_loss=0.006537532633436578
Online_Training [180/700]: mean_loss=0.015394859282033784
Online_Training [181/700]: mean_loss=0.005374928670270103
Online_Training [182/700]: mean_loss=0.01682947596002902
Online_Training [183/700]: mean_loss=0.015186078114701169
Online_Training [184/700]: mean_loss=0.015503675344267063
Online_Training [185/700]: mean_loss=0.017188992218247483
Online_Training [186/700]: mean_loss=0.017003321621034826
Online_Training [187/700]: mean_loss=0.013733998007540191
Online_Training [188/700]: mean_loss=0.007742377929389477
Online_Training [189/700]: mean_loss=0.024841553531587124
Online_Training [190/700]: mean_loss=0.0039141356911776325
Online_Training [191/700]: mean_loss=0.024130398141486303
Online_Training [192/700]: mean_loss=0.006614312097164137
Online_Training [193/700]: mean_loss=0.010482086600469691
Online_Training [194/700]: mean_loss=0.022199621557125022
Online_Training [195/700]: mean_loss=0.013413589314690657
Online_Training [196/700]: mean_loss=0.0452120727194207
Online_Training [197/700]: mean_loss=0.08375412066067968
Online_Training [198/700]: mean_loss=0.009764727570914797
Online_Training [199/700]: mean_loss=0.015620352899921792
Online_Training [200/700]: mean_loss=0.026861414180270264
Online_Training [201/700]: mean_loss=0.013290864548512868
Online_Training [202/700]: mean_loss=0.026829256543091366
Online_Training [203/700]: mean_loss=0.006600413404937301
Online_Training [204/700]: mean_loss=0.01317850946049605
Online_Training [205/700]: mean_loss=0.006664854008704424
Online_Training [206/700]: mean_loss=0.02899796249611037
Online_Training [207/700]: mean_loss=0.013431660032698087
Online_Training [208/700]: mean_loss=0.026861693976180896
Online_Training [209/700]: mean_loss=0.011225342684026276
Online_Training [210/700]: mean_loss=0.009889838684882437
Online_Training [211/700]: mean_loss=0.010392984175788504
Online_Training [212/700]: mean_loss=0.019813559417213713
Online_Training [213/700]: mean_loss=0.01954278429704053
Online_Training [214/700]: mean_loss=0.02553143072873354
Online_Training [215/700]: mean_loss=0.002271774199990822
Online_Training [216/700]: mean_loss=0.025115160404571464
Online_Training [217/700]: mean_loss=0.004216989336003151
Online_Training [218/700]: mean_loss=0.014146932201193911
Online_Training [219/700]: mean_loss=0.012186334002763033
Online_Training [220/700]: mean_loss=0.018789374535637244
Online_Training [221/700]: mean_loss=0.010464780697865146
Online_Training [222/700]: mean_loss=0.018848929354654893
Online_Training [223/700]: mean_loss=0.019450271502137184
Online_Training [224/700]: mean_loss=0.018251215440354178
Online_Training [225/700]: mean_loss=0.011250383885843413
Online_Training [226/700]: mean_loss=0.006772167315440518
Online_Training [227/700]: mean_loss=0.02669662862483944
Online_Training [228/700]: mean_loss=0.08564412221312523
Online_Training [229/700]: mean_loss=0.07474453614226409
Online_Training [230/700]: mean_loss=0.014451246176447188
Online_Training [231/700]: mean_loss=0.024425201384084567
Online_Training [232/700]: mean_loss=0.014917393680661917
Online_Training [233/700]: mean_loss=0.013278196100145578
Online_Training [234/700]: mean_loss=0.015622807067951985
Online_Training [235/700]: mean_loss=0.00904607995679336
Online_Training [236/700]: mean_loss=0.012084438798150845
Online_Training [237/700]: mean_loss=0.026433510040598258
Online_Training [238/700]: mean_loss=0.02385528478771448
Online_Training [239/700]: mean_loss=0.029861227742263248
Online_Training [240/700]: mean_loss=0.01711311437455671
Online_Training [241/700]: mean_loss=0.02522028423845768
Online_Training [242/700]: mean_loss=0.015177567822060414
Online_Training [243/700]: mean_loss=0.022227802047772065
Online_Training [244/700]: mean_loss=0.006750941243288773
Online_Training [245/700]: mean_loss=0.01295103578429137
Online_Training [246/700]: mean_loss=0.02231997557516609
Online_Training [247/700]: mean_loss=0.03578822101865496
Online_Training [248/700]: mean_loss=0.014962640524442707
Online_Training [249/700]: mean_loss=0.012341408059000969
Online_Training [250/700]: mean_loss=0.01273412856140307
Online_Training [251/700]: mean_loss=0.008691257896966167
Online_Training [252/700]: mean_loss=0.02522439230233431
Online_Training [253/700]: mean_loss=0.007393085697133627
Online_Training [254/700]: mean_loss=0.004916477782119598
Online_Training [255/700]: mean_loss=0.008237273598621999
Online_Training [256/700]: mean_loss=0.026198317828987325
Online_Training [257/700]: mean_loss=0.04924417047628334
Online_Training [258/700]: mean_loss=0.08264250813850335
Online_Training [259/700]: mean_loss=0.041949469330055375
Online_Training [260/700]: mean_loss=0.04659042294536318
Online_Training [261/700]: mean_loss=0.015279745017843587
Online_Training [262/700]: mean_loss=0.011665343506527799
Online_Training [263/700]: mean_loss=0.11949657808457102
Online_Training [264/700]: mean_loss=0.06654580709125314
Online_Training [265/700]: mean_loss=0.044646233054144044
Online_Training [266/700]: mean_loss=0.02133179402777127
Online_Training [267/700]: mean_loss=0.021235871394830092
Online_Training [268/700]: mean_loss=0.02258371189236641
Online_Training [269/700]: mean_loss=0.02879017365298101
Online_Training [270/700]: mean_loss=0.010922560800931283
Online_Training [271/700]: mean_loss=0.012504922891301768
Online_Training [272/700]: mean_loss=0.006832224250371967
Online_Training [273/700]: mean_loss=0.008455202648682254
Online_Training [274/700]: mean_loss=0.0779058150947094
Online_Training [275/700]: mean_loss=0.05014731442289693
Online_Training [276/700]: mean_loss=0.029882514982351234
Online_Training [277/700]: mean_loss=0.01803156454116106
Online_Training [278/700]: mean_loss=0.016354678331741264
Online_Training [279/700]: mean_loss=0.012569884570049388
Online_Training [280/700]: mean_loss=0.008226015106109636
Online_Training [281/700]: mean_loss=0.14454528103981698
Online_Training [282/700]: mean_loss=0.1509407881115164
Online_Training [283/700]: mean_loss=0.07076278967516762
Online_Training [284/700]: mean_loss=0.03680811396666935
Online_Training [285/700]: mean_loss=0.03840549795755318
Online_Training [286/700]: mean_loss=0.027257857179003104
Online_Training [287/700]: mean_loss=0.03463035289730344
Online_Training [288/700]: mean_loss=0.019315311685204506
Online_Training [289/700]: mean_loss=0.018108097769852196
Online_Training [290/700]: mean_loss=0.00618822147537555
Online_Training [291/700]: mean_loss=0.09755398865256991
Online_Training [292/700]: mean_loss=0.015611280154969012
Online_Training [293/700]: mean_loss=0.008516473529328192
Online_Training [294/700]: mean_loss=0.005218404910660216
Online_Training [295/700]: mean_loss=0.022025141332830702
Online_Training [296/700]: mean_loss=0.011153588204511575
Online_Training [297/700]: mean_loss=0.020575875150305883
Online_Training [298/700]: mean_loss=0.00809706880577973
Online_Training [299/700]: mean_loss=0.01007250337196248
Online_Training [300/700]: mean_loss=0.018307415236319815
Online_Training [301/700]: mean_loss=0.018000935603465353
Online_Training [302/700]: mean_loss=0.005979372221710426
Online_Training [303/700]: mean_loss=0.010584970670086997
Online_Training [304/700]: mean_loss=0.01673727429338864
Online_Training [305/700]: mean_loss=0.019348086257066046
Online_Training [306/700]: mean_loss=0.009936006074505193
Online_Training [307/700]: mean_loss=0.02038824771131788
Online_Training [308/700]: mean_loss=0.02035369976822819
Online_Training [309/700]: mean_loss=0.006098378582724503
Online_Training [310/700]: mean_loss=0.011205563388232673
Online_Training [311/700]: mean_loss=0.01867514775533761
Online_Training [312/700]: mean_loss=0.017275861730532988
Online_Training [313/700]: mean_loss=0.010366083854543311
Online_Training [314/700]: mean_loss=0.033230150517608435
Online_Training [315/700]: mean_loss=0.014089358504861593
Online_Training [316/700]: mean_loss=0.009273095721645015
Online_Training [317/700]: mean_loss=0.01334813776026879
Online_Training [318/700]: mean_loss=0.018919036590627263
Online_Training [319/700]: mean_loss=0.018903390371373723
Online_Training [320/700]: mean_loss=0.013156985464904989
Online_Training [321/700]: mean_loss=0.014786869553583009
Online_Training [322/700]: mean_loss=0.029658327411328043
Online_Training [323/700]: mean_loss=0.009274013207427092
Online_Training [324/700]: mean_loss=0.007566045237971204
Online_Training [325/700]: mean_loss=0.006209743375490818
Online_Training [326/700]: mean_loss=0.03222458703177316
Online_Training [327/700]: mean_loss=0.005709221054400716
Online_Training [328/700]: mean_loss=0.007187350387019771
Online_Training [329/700]: mean_loss=0.020429633956934725
Online_Training [330/700]: mean_loss=0.022047728300094604
Online_Training [331/700]: mean_loss=0.023096388871116296
Online_Training [332/700]: mean_loss=0.015518765630466598
Online_Training [333/700]: mean_loss=0.0117650515000735
Online_Training [334/700]: mean_loss=0.015269849981580461
Online_Training [335/700]: mean_loss=0.04115306958556175
Online_Training [336/700]: mean_loss=0.01571949484891125
Online_Training [337/700]: mean_loss=0.029207933694124222
Online_Training [338/700]: mean_loss=0.019615859458489076
Online_Training [339/700]: mean_loss=0.01180176523381046
Online_Training [340/700]: mean_loss=0.026529809992228235
Online_Training [341/700]: mean_loss=0.017787542726312364
Online_Training [342/700]: mean_loss=0.004565373162872025
Online_Training [343/700]: mean_loss=0.012064734340778418
Online_Training [344/700]: mean_loss=0.01062178738149149
Online_Training [345/700]: mean_loss=0.017517909075000455
Online_Training [346/700]: mean_loss=0.01034992201519864
Online_Training [347/700]: mean_loss=0.008300279466701406
Online_Training [348/700]: mean_loss=0.02961729733007295
Online_Training [349/700]: mean_loss=0.015229776701224702
Online_Training [350/700]: mean_loss=0.01697106519713998
Online_Training [351/700]: mean_loss=0.02063439387295927
Online_Training [352/700]: mean_loss=0.027660638892224858
Online_Training [353/700]: mean_loss=0.014722774803106273
Online_Training [354/700]: mean_loss=0.006065448978915811
Online_Training [355/700]: mean_loss=0.02113833837211132
Online_Training [356/700]: mean_loss=0.011116261660520519
Online_Training [357/700]: mean_loss=0.01083759218454361
Online_Training [358/700]: mean_loss=0.016889280240450586
Online_Training [359/700]: mean_loss=0.008639763142647488
Online_Training [360/700]: mean_loss=0.011779434180685453
Online_Training [361/700]: mean_loss=0.011351824471993106
Online_Training [362/700]: mean_loss=0.025672034892652715
Online_Training [363/700]: mean_loss=0.029763692590807165
Online_Training [364/700]: mean_loss=0.011632231463279043
Online_Training [365/700]: mean_loss=0.013140817039779254
Online_Training [366/700]: mean_loss=0.01973208585487945
Online_Training [367/700]: mean_loss=0.010180227059338774
Online_Training [368/700]: mean_loss=0.056482268763439994
Online_Training [369/700]: mean_loss=0.023314186238816807
Online_Training [370/700]: mean_loss=0.020782752760819027
Online_Training [371/700]: mean_loss=0.031015612318047454
Online_Training [372/700]: mean_loss=0.009059706968920571
Online_Training [373/700]: mean_loss=0.008246011167232479
Online_Training [374/700]: mean_loss=0.02134811266192368
Online_Training [375/700]: mean_loss=0.020011195114680698
Online_Training [376/700]: mean_loss=0.018996875866183212
Online_Training [377/700]: mean_loss=0.00863569402801139
Online_Training [378/700]: mean_loss=0.010997546171503407
Online_Training [379/700]: mean_loss=0.02268653695604631
Online_Training [380/700]: mean_loss=0.017885826927210604
Online_Training [381/700]: mean_loss=0.013587110210210085
Online_Training [382/700]: mean_loss=0.023168711523924555
Online_Training [383/700]: mean_loss=0.018264396847890958
Online_Training [384/700]: mean_loss=0.1304259023496083
Online_Training [385/700]: mean_loss=0.06370049342513084
Online_Training [386/700]: mean_loss=0.036997641170663495
Online_Training [387/700]: mean_loss=0.012762897780963353
Online_Training [388/700]: mean_loss=0.014827976269381387
Online_Training [389/700]: mean_loss=0.016295128568474735
Online_Training [390/700]: mean_loss=0.013625211481537138
Online_Training [391/700]: mean_loss=0.012166792061179876
Online_Training [392/700]: mean_loss=0.005792529887652823
Online_Training [393/700]: mean_loss=0.021027493024510995
Online_Training [394/700]: mean_loss=0.013165895893637623
Online_Training [395/700]: mean_loss=0.013398041416491781
Online_Training [396/700]: mean_loss=0.025865042049969946
Online_Training [397/700]: mean_loss=0.010530132467725448
Online_Training [398/700]: mean_loss=0.006946547954742398
Online_Training [399/700]: mean_loss=0.018389679158904722
Online_Training [400/700]: mean_loss=0.020862050088388578
Online_Training [401/700]: mean_loss=0.012331934911864144
Online_Training [402/700]: mean_loss=0.10603276214429311
Online_Training [403/700]: mean_loss=0.02596645682517971
Online_Training [404/700]: mean_loss=0.021816483299647058
Online_Training [405/700]: mean_loss=0.030174927253808295
Online_Training [406/700]: mean_loss=0.022242946018065726
Online_Training [407/700]: mean_loss=0.012524934285985572
Online_Training [408/700]: mean_loss=0.018594640107559308
Online_Training [409/700]: mean_loss=0.029737291458461965
Online_Training [410/700]: mean_loss=0.017341372357415303
Online_Training [411/700]: mean_loss=0.025423074274190834
Online_Training [412/700]: mean_loss=0.012456470568265234
Online_Training [413/700]: mean_loss=0.015179919744176524
Online_Training [414/700]: mean_loss=0.033539658811475546
Online_Training [415/700]: mean_loss=0.012658252048173122
Online_Training [416/700]: mean_loss=0.010756316129118204
Online_Training [417/700]: mean_loss=0.10124447888561658
Online_Training [418/700]: mean_loss=0.05814398026892117
Online_Training [419/700]: mean_loss=0.008504567534795828
Online_Training [420/700]: mean_loss=0.040419280262930055
Online_Training [421/700]: mean_loss=0.012045977703694786
Online_Training [422/700]: mean_loss=0.016949346289038658
Online_Training [423/700]: mean_loss=0.0067325537425598925
Online_Training [424/700]: mean_loss=0.026227268523403575
Online_Training [425/700]: mean_loss=0.018022561512355293
Online_Training [426/700]: mean_loss=0.029394929696406637
Online_Training [427/700]: mean_loss=0.011822682406221117
Online_Training [428/700]: mean_loss=0.01199951980795179
Online_Training [429/700]: mean_loss=0.015207833743521146
Online_Training [430/700]: mean_loss=0.022200217869664942
Online_Training [431/700]: mean_loss=0.008813870837911963
Online_Training [432/700]: mean_loss=0.028464367214058126
Online_Training [433/700]: mean_loss=0.011998523958027363
Online_Training [434/700]: mean_loss=0.007277779480708497
Online_Training [435/700]: mean_loss=0.010528846244726862
Online_Training [436/700]: mean_loss=0.03604410628655127
Online_Training [437/700]: mean_loss=0.009652470305029835
Online_Training [438/700]: mean_loss=0.041151043958961964
Online_Training [439/700]: mean_loss=0.017203409357794693
Online_Training [440/700]: mean_loss=0.013639510476163455
Online_Training [441/700]: mean_loss=0.10221795471651214
Online_Training [442/700]: mean_loss=0.06609371224684375
Online_Training [443/700]: mean_loss=0.01305924222937652
Online_Training [444/700]: mean_loss=0.026858218147286346
Online_Training [445/700]: mean_loss=0.03259803993361337
Online_Training [446/700]: mean_loss=0.025111114739307334
Online_Training [447/700]: mean_loss=0.010926903691142797
Online_Training [448/700]: mean_loss=0.05907918193510601
Online_Training [449/700]: mean_loss=0.04679259045847824
Online_Training [450/700]: mean_loss=0.05167697582926069
Online_Training [451/700]: mean_loss=0.02754762981619154
Online_Training [452/700]: mean_loss=0.037478135632617135
Online_Training [453/700]: mean_loss=0.021332491056195328
Online_Training [454/700]: mean_loss=0.01538497069850564
Online_Training [455/700]: mean_loss=0.011143306669379984
Online_Training [456/700]: mean_loss=0.017269501462578773
Online_Training [457/700]: mean_loss=0.011522336596889155
Online_Training [458/700]: mean_loss=0.018452225918216363
Online_Training [459/700]: mean_loss=0.006479865405708551
Online_Training [460/700]: mean_loss=0.03613260095672948
Online_Training [461/700]: mean_loss=0.015027645243597882
Online_Training [462/700]: mean_loss=0.010677181051245757
Online_Training [463/700]: mean_loss=0.01498914263876421
Online_Training [464/700]: mean_loss=0.023383579216897488
Online_Training [465/700]: mean_loss=0.01633784221485257
Online_Training [466/700]: mean_loss=0.011065282659339053
Online_Training [467/700]: mean_loss=0.0053042632061988115
Online_Training [468/700]: mean_loss=0.01119698996522597
Online_Training [469/700]: mean_loss=0.016464376023837497
Online_Training [470/700]: mean_loss=0.010382681020668574
Online_Training [471/700]: mean_loss=0.013776726089417934
Online_Training [472/700]: mean_loss=0.005191419805799212
Online_Training [473/700]: mean_loss=0.0058870024513453245
Online_Training [474/700]: mean_loss=0.08978381114346641
Online_Training [475/700]: mean_loss=0.14904301826442992
Online_Training [476/700]: mean_loss=0.007129880998815809
Online_Training [477/700]: mean_loss=0.013090341418449367
Online_Training [478/700]: mean_loss=0.03725780599883625
Online_Training [479/700]: mean_loss=0.016838877594896724
Online_Training [480/700]: mean_loss=0.01214333058201841
Online_Training [481/700]: mean_loss=0.010156513657420874
Online_Training [482/700]: mean_loss=0.02040692711515086
Online_Training [483/700]: mean_loss=0.014900649831231152
Online_Training [484/700]: mean_loss=0.01651087569605027
Online_Training [485/700]: mean_loss=0.07622620623026576
Online_Training [486/700]: mean_loss=0.007776103015722973
Online_Training [487/700]: mean_loss=0.02340580868933882
Online_Training [488/700]: mean_loss=0.03192513356251376
Online_Training [489/700]: mean_loss=0.008347263060776251
Online_Training [490/700]: mean_loss=0.015116589742579631
Online_Training [491/700]: mean_loss=0.004898764459150178
Online_Training [492/700]: mean_loss=0.012877051518963916
Online_Training [493/700]: mean_loss=0.010094488239181893
Online_Training [494/700]: mean_loss=0.0049573952066046855
Online_Training [495/700]: mean_loss=0.02040357488606657
Online_Training [496/700]: mean_loss=0.024822835411344255
Online_Training [497/700]: mean_loss=0.01411903849137681
Online_Training [498/700]: mean_loss=0.020789188598947867
Online_Training [499/700]: mean_loss=0.03339662881834166
Online_Training [500/700]: mean_loss=0.00961498390617115
Online_Training [501/700]: mean_loss=0.01624363920252238
Online_Training [502/700]: mean_loss=0.019211907871067524
Online_Training [503/700]: mean_loss=0.08841875035847936
Online_Training [504/700]: mean_loss=0.02982317829238517
Online_Training [505/700]: mean_loss=0.03495691171182053
Online_Training [506/700]: mean_loss=0.04850913743887629
Online_Training [507/700]: mean_loss=0.017767524479755333
Online_Training [508/700]: mean_loss=0.012715658705149378
Online_Training [509/700]: mean_loss=0.022327825160963193
Online_Training [510/700]: mean_loss=0.01662337686866522
Online_Training [511/700]: mean_loss=0.009103849563481552
Online_Training [512/700]: mean_loss=0.019655781398926462
Online_Training [513/700]: mean_loss=0.005338292835014207
Online_Training [514/700]: mean_loss=0.009417092793488077
Online_Training [515/700]: mean_loss=0.014729510394058056
Online_Training [516/700]: mean_loss=0.012502272280731372
Online_Training [517/700]: mean_loss=0.002964226412586868
Online_Training [518/700]: mean_loss=0.010647061946136611
Online_Training [519/700]: mean_loss=0.03695489705673286
Online_Training [520/700]: mean_loss=0.022012843218232905
Online_Training [521/700]: mean_loss=0.014408722453351532
Online_Training [522/700]: mean_loss=0.008978522016799875
Online_Training [523/700]: mean_loss=0.01933359487780503
Online_Training [524/700]: mean_loss=0.012555443282638277
Online_Training [525/700]: mean_loss=0.0188580954979573
Online_Training [526/700]: mean_loss=0.007183000345581344
Online_Training [527/700]: mean_loss=0.009366295832608427
Online_Training [528/700]: mean_loss=0.021086576660828932
Online_Training [529/700]: mean_loss=0.019581370720905916
Online_Training [530/700]: mean_loss=0.01344838212909443
Online_Training [531/700]: mean_loss=0.015779418338622366
Online_Training [532/700]: mean_loss=0.020618440184210027
Online_Training [533/700]: mean_loss=0.009631610408957516
Online_Training [534/700]: mean_loss=0.023280145866530284
Online_Training [535/700]: mean_loss=0.006296066400994148
Online_Training [536/700]: mean_loss=0.021254299408090965
Online_Training [537/700]: mean_loss=0.018353476987353394
Online_Training [538/700]: mean_loss=0.005588314828595945
Online_Training [539/700]: mean_loss=0.025552437640726566
Online_Training [540/700]: mean_loss=0.016491037793457508
Online_Training [541/700]: mean_loss=0.006627349149701851
Online_Training [542/700]: mean_loss=0.00797767421629812
Online_Training [543/700]: mean_loss=0.01714144055066364
Online_Training [544/700]: mean_loss=0.02833508819873844
Online_Training [545/700]: mean_loss=0.0209819435674165
Online_Training [546/700]: mean_loss=0.010667163346494948
Online_Training [547/700]: mean_loss=0.013317079615912266
Online_Training [548/700]: mean_loss=0.025461429597011635
Online_Training [549/700]: mean_loss=0.010642637265846133
Online_Training [550/700]: mean_loss=0.01144880907876151
Online_Training [551/700]: mean_loss=0.015494939804609333
Online_Training [552/700]: mean_loss=0.01608795579522848
Online_Training [553/700]: mean_loss=0.018116089515388012
Online_Training [554/700]: mean_loss=0.007408824350152697
Online_Training [555/700]: mean_loss=0.018742130803210393
Online_Training [556/700]: mean_loss=0.014337540537651097
Online_Training [557/700]: mean_loss=0.021472576074302197
Online_Training [558/700]: mean_loss=0.010546453629753419
Online_Training [559/700]: mean_loss=0.010381376936233469
Online_Training [560/700]: mean_loss=0.01915574007268463
Online_Training [561/700]: mean_loss=0.01294298077534352
Online_Training [562/700]: mean_loss=0.01448287209495902
Online_Training [563/700]: mean_loss=0.012929833826742001
Online_Training [564/700]: mean_loss=0.005086022728521909
Online_Training [565/700]: mean_loss=0.016000708165977682
Online_Training [566/700]: mean_loss=0.005187585118359753
Online_Training [567/700]: mean_loss=0.013002322254968541
Online_Training [568/700]: mean_loss=0.032484528475574086
Online_Training [569/700]: mean_loss=0.009047196546037282
Online_Training [570/700]: mean_loss=0.03450854388730867
Online_Training [571/700]: mean_loss=0.016429227577256306
Online_Training [572/700]: mean_loss=0.01844334110085453
Online_Training [573/700]: mean_loss=0.030231643468141556
Online_Training [574/700]: mean_loss=0.014465616949434792
Online_Training [575/700]: mean_loss=0.022769336721726825
Online_Training [576/700]: mean_loss=0.019729093382401124
Online_Training [577/700]: mean_loss=0.026762246021202633
Online_Training [578/700]: mean_loss=0.010154987419290202
Online_Training [579/700]: mean_loss=0.011796083168259688
Online_Training [580/700]: mean_loss=0.013746691135955709
Online_Training [581/700]: mean_loss=0.022213400208524296
Online_Training [582/700]: mean_loss=0.022971929317074164
Online_Training [583/700]: mean_loss=0.013439989050051995
Online_Training [584/700]: mean_loss=0.01680624544886606
Online_Training [585/700]: mean_loss=0.07047280775649208
Online_Training [586/700]: mean_loss=0.05419932997652462
Online_Training [587/700]: mean_loss=0.014892470690288715
Online_Training [588/700]: mean_loss=0.03278887165444238
Online_Training [589/700]: mean_loss=0.020450954591589316
Online_Training [590/700]: mean_loss=0.015953254220741137
Online_Training [591/700]: mean_loss=0.015715538324522122
Online_Training [592/700]: mean_loss=0.019012736422674998
Online_Training [593/700]: mean_loss=0.010737568206552948
Online_Training [594/700]: mean_loss=0.053753704630902836
Online_Training [595/700]: mean_loss=0.010736072602282678
Online_Training [596/700]: mean_loss=0.018939132802188396
Online_Training [597/700]: mean_loss=0.02342422173491546
Online_Training [598/700]: mean_loss=0.01193825654419405
Online_Training [599/700]: mean_loss=0.00974903894322259
Online_Training [600/700]: mean_loss=0.012149590865841933
Online_Training [601/700]: mean_loss=0.014263838529586792
Online_Training [602/700]: mean_loss=0.018258766337696995
Online_Training [603/700]: mean_loss=0.01178863165634019
Online_Training [604/700]: mean_loss=0.009915105532854795
Online_Training [605/700]: mean_loss=0.020464803092181683
Online_Training [606/700]: mean_loss=0.01479288303692426
Online_Training [607/700]: mean_loss=0.13401999856744493
Online_Training [608/700]: mean_loss=0.05596969622586455
Online_Training [609/700]: mean_loss=0.015788412519863675
Online_Training [610/700]: mean_loss=0.0426528336746352
Online_Training [611/700]: mean_loss=0.024181320598082885
Online_Training [612/700]: mean_loss=0.02687700106097119
Online_Training [613/700]: mean_loss=0.03601543019924845
Online_Training [614/700]: mean_loss=0.009005208765821797
Online_Training [615/700]: mean_loss=0.018099242222628424
Online_Training [616/700]: mean_loss=0.009562915058008261
Online_Training [617/700]: mean_loss=0.012299669706927878
Online_Training [618/700]: mean_loss=0.014114868827164173
Online_Training [619/700]: mean_loss=0.0050402590339737275
Online_Training [620/700]: mean_loss=0.021817638804869994
Online_Training [621/700]: mean_loss=0.016594713287694112
Online_Training [622/700]: mean_loss=0.004656300015215363
Online_Training [623/700]: mean_loss=0.007675601568605218
Online_Training [624/700]: mean_loss=0.019061994339738573
Online_Training [625/700]: mean_loss=0.010617402914379324
Online_Training [626/700]: mean_loss=0.0202890866036926
Online_Training [627/700]: mean_loss=0.007196253132341164
Online_Training [628/700]: mean_loss=0.01169699736471687
Online_Training [629/700]: mean_loss=0.03481042358492102
Online_Training [630/700]: mean_loss=0.010076334833034448
Online_Training [631/700]: mean_loss=0.04163108393549919
Online_Training [632/700]: mean_loss=0.009209763391741685
Online_Training [633/700]: mean_loss=0.011220090357320649
Online_Training [634/700]: mean_loss=0.0074368044068770746
Online_Training [635/700]: mean_loss=0.00603772620005267
Online_Training [636/700]: mean_loss=0.00618818578576403
Online_Training [637/700]: mean_loss=0.011457259434142284
Online_Training [638/700]: mean_loss=0.0277364207431674
Online_Training [639/700]: mean_loss=0.03614555379109723
Online_Training [640/700]: mean_loss=0.01701000432616898
Online_Training [641/700]: mean_loss=0.00720822491816112
Online_Training [642/700]: mean_loss=0.003965080466254481
Online_Training [643/700]: mean_loss=0.04969218426517078
Online_Training [644/700]: mean_loss=0.012825574925435441
Online_Training [645/700]: mean_loss=0.018036540331585065
Online_Training [646/700]: mean_loss=0.018472486109073673
Online_Training [647/700]: mean_loss=0.011926465135599886
Online_Training [648/700]: mean_loss=0.012238628563604184
Online_Training [649/700]: mean_loss=0.017148514012140886
Online_Training [650/700]: mean_loss=0.015816536133310626
Online_Training [651/700]: mean_loss=0.0194800112928663
Online_Training [652/700]: mean_loss=0.020989935579044477
Online_Training [653/700]: mean_loss=0.009686874558350869
Online_Training [654/700]: mean_loss=0.008793153367670519
Online_Training [655/700]: mean_loss=0.01819897722452879
Online_Training [656/700]: mean_loss=0.03218755977494376
Online_Training [657/700]: mean_loss=0.0044571446155064875
Online_Training [658/700]: mean_loss=0.03381146424050842
Online_Training [659/700]: mean_loss=0.08730917636837278
Online_Training [660/700]: mean_loss=0.06459107116929122
Online_Training [661/700]: mean_loss=0.025571683554777076
Online_Training [662/700]: mean_loss=0.018148158011691912
Online_Training [663/700]: mean_loss=0.015497737364577395
Online_Training [664/700]: mean_loss=0.014869230333715677
Online_Training [665/700]: mean_loss=0.0236780173810465
Online_Training [666/700]: mean_loss=0.029467405485255376
Online_Training [667/700]: mean_loss=0.012894908099302224
Online_Training [668/700]: mean_loss=0.011372687162033148
Online_Training [669/700]: mean_loss=0.008895251567342452
Online_Training [670/700]: mean_loss=0.04802285507321358
Online_Training [671/700]: mean_loss=0.031225282565823624
Online_Training [672/700]: mean_loss=0.008118641995159643
Online_Training [673/700]: mean_loss=0.021435393552695
Online_Training [674/700]: mean_loss=0.029285287617572715
Online_Training [675/700]: mean_loss=0.011619529154683863
Online_Training [676/700]: mean_loss=0.007961261718134795
Online_Training [677/700]: mean_loss=0.011975567122655255
Online_Training [678/700]: mean_loss=0.009547746873327665
Online_Training [679/700]: mean_loss=0.005461422726511955
Online_Training [680/700]: mean_loss=0.013973153528890439
Online_Training [681/700]: mean_loss=0.023588702880910466
Online_Training [682/700]: mean_loss=0.011021434662065335
Online_Training [683/700]: mean_loss=0.006676258153415152
Online_Training [684/700]: mean_loss=0.010087445378303528
Online_Training [685/700]: mean_loss=0.04689231940678188
Online_Training [686/700]: mean_loss=0.069126124892916
Online_Training [687/700]: mean_loss=0.009137727453240327
Online_Training [688/700]: mean_loss=0.008900843128295881
Online_Training [689/700]: mean_loss=0.01058046706020832
Online_Training [690/700]: mean_loss=0.008448066755330988
Online_Training [691/700]: mean_loss=0.024013786842780455
Online_Training [692/700]: mean_loss=0.029425869163657938
Online_Training [693/700]: mean_loss=0.006524045319695558
Online_Training [694/700]: mean_loss=0.006017597292416862
Online_Training [695/700]: mean_loss=0.009425698912569455
Online_Training [696/700]: mean_loss=0.020589878649583886
Online_Training [697/700]: mean_loss=0.017261468738849674
Online_Training [698/700]: mean_loss=0.005157942151916879
Online_Training [699/700]: mean_loss=0.005973923469095358
Online_Training [700/700]: mean_loss=0.07009475704814706
Number of Samples after Autoencoder testing: 300
First Spike after testing: [ 0.47432017 -0.21071991]
[2, 0, 1, 0, 0, 1, 1, 2, 1, 1, 1, 0, 0, 1, 2, 1, 0, 1, 1, 1, 1, 0, 2, 1, 0, 0, 0, 0, 2, 1, 0, 1, 2, 1, 1, 0, 2, 0, 1, 0, 2, 0, 2, 1, 2, 0, 2, 0, 1, 0, 2, 0, 0, 1, 2, 2, 1, 0, 0, 2, 2, 2, 1, 2, 0, 2, 1, 0, 1, 0, 1, 0, 1, 1, 1, 0, 0, 1, 2, 2, 1, 2, 1, 0, 2, 1, 2, 2, 0, 0, 1, 2, 1, 0, 1, 2, 2, 0, 1, 1, 2, 2, 1, 2, 1, 2, 0, 2, 1, 0, 1, 2, 2, 2, 1, 1, 2, 1, 2, 0, 1, 1, 2, 2, 1, 2, 2, 2, 0, 2, 1, 2, 0, 2, 1, 2, 1, 2, 1, 0, 2, 0, 2, 1, 0, 0, 2, 2, 1, 2, 0, 1, 2, 1, 2, 0, 0, 0, 1, 1, 1, 1, 2, 2, 2, 2, 1, 0, 0, 1, 1, 0, 0, 0, 0, 1, 1, 0, 0, 2, 0, 1, 1, 0, 2, 0, 2, 1, 0, 1, 0, 2, 2, 0, 1, 0, 0, 2, 0, 1, 2, 2, 2, 1, 2, 1, 0, 0, 2, 0, 1, 1, 2, 1, 0, 2, 2, 0, 1, 1, 0, 2, 0, 0, 1, 2, 2, 1, 2, 2, 2, 2, 1, 0, 2, 1, 0, 1, 2, 0, 0, 2, 0, 0, 0, 1, 1, 0, 1, 0, 1, 1, 0, 2, 2, 0, 0, 2, 1, 1, 1, 2, 2, 1, 2, 1, 1, 0, 2, 1, 1, 0, 0, 1, 2, 1, 1, 0, 0, 1, 1, 1, 2, 1, 0, 1, 2, 2, 1, 2, 0, 2, 1, 1, 2, 1, 2, 0, 1, 2]
[0, 0, 0, 0, 0, 0, 0, 0, 0, 0, 0, 0, 0, 0, 0, 0, 0, 0, 0, 0, 0, 0, 0, 0, 0, 0, 0, 0, 0, 0, 0, 0, 0, 0, 0, 0, 0, 0, 0, 0, 0, 0, 0, 0, 0, 0, 0, 0, 0, 0, 0, 0, 0, 0, 0, 0, 0, 0, 0, 0, 0, 0, 0, 0, 0, 0, 0, 0, 0, 0, 0, 0, 0, 0, 0, 0, 0, 0, 0, 0, 0, 0, 0, 0, 0, 0, 0, 0, 0, 0, 0, 0, 0, 0, 0, 0, 0, 0, 0, 0, 0, 0, 0, 0, 0, 0, 0, 0, 0, 0, 0, 0, 0, 0, 0, 0, 0, 0, 0, 0, 0, 0, 0, 0, 0, 0, 0, 0, 0, 0, 0, 0, 0, 0, 0, 0, 0, 0, 0, 0, 0, 0, 0, 0, 0, 0, 0, 0, 0, 0, 0, 0, 0, 0, 0, 0, 0, 0, 0, 0, 0, 0, 0, 0, 0, 0, 0, 0, 0, 0, 0, 0, 0, 0, 0, 0, 0, 0, 0, 0, 0, 0, 0, 0, 0, 0, 0, 0, 0, 0, 0, 0, 0, 0, 0, 0, 0, 0, 0, 0, 0, 0, 0, 0, 0, 0, 0, 0, 0, 0, 0, 0, 0, 0, 0, 0, 0, 0, 0, 0, 0, 0, 0, 0, 0, 0, 0, 0, 0, 0, 0, 0, 0, 0, 0, 1, 0, 0, 0, 0, 0, 0, 0, 0, 0, 0, 0, 0, 0, 0, 0, 0, 0, 0, 0, 0, 0, 0, 0, 0, 0, 0, 0, 0, 0, 0, 0, 0, 0, 0, 0, 0, 0, 0, 0, 0, 0, 0, 0, 0, 0, 0, 0, 0, 0, 0, 0, 0, 0, 0, 0, 0, 0, 0, 0, 0, 0, 0, 0, 0]
Centroids: [[-0.056976117, -0.26686564], [-0.026116993, 0.08705366], [0.35214314, 0.004218217]]
Centroids: [[0.09298312, -0.052087504], [-1.0283406, 0.9289794]]
Contingency Matrix: 
[[ 92   0]
 [108   1]
 [ 99   0]]
[[92, 0], [108, 1], [99, 0]]
[[92, 0, 0], [108, 1, 0], [99, 0, 0]]
[0, 1, 2]
[[-1, 0, 0], [-1, -1, -1], [-1, 0, 0]]
[[-1, -1, -1], [-1, -1, -1], [-1, -1, 0]]
[[-1, -1, -1], [-1, -1, -1], [-1, -1, -1]]
Match_Labels: {1: 0, 0: 1, 2: 2}
New Contingency Matrix: 
[[  0  92   0]
 [  1 108   0]
 [  0  99   0]]
New Clustered Label Sequence: [1, 0, 2]
Diagonal_Elements: [0, 108, 0], Sum: 108
All_Elements: [0, 92, 0, 1, 108, 0, 0, 99, 0], Sum: 300
Accuracy: 0.36
