Experiment_path: AE_Model_2/Experiment_04
Dataset_Path: ../_00_Datasets/03_SimDaten_Quiroga2020/C_Easy2_noise010.mat
Dataset_name: ['03_SimDaten_Quiroga2020', 'C_Easy2_noise010.mat']
Variant_name: Variant_04_Offline_Autoencoder_QLearning
Visualisation_Path: Grid_Search_PC//V4/C_Easy2_noise010.mat/Variant_04_Offline_Autoencoder_QLearning/2023_04_21-09_11_44
Punishment_Coefficient: 0.3
<_01_LoadDataset.ExternCode.spike_class.spike_dataclass object at 0x00000262144047F0>
Sampling rate: 24000.0
Raw: [-0.04397287 -0.05368168 -0.05753576 ... -0.17707654 -0.14968225
 -0.12084286]
Times: [   1077    1809    2216 ... 1439324 1439736 1439818]
Cluster: [1 2 3 ... 1 2 3]
Number of different clusters:  3
Number of Spikes: 3520
First aligned Spike Frame: [-5.66507481e-02 -6.59320228e-02 -6.70701971e-02 -7.19520617e-02
 -7.89243788e-02 -8.44863120e-02 -9.23204981e-02 -9.75387283e-02
 -7.89589716e-02 -3.66949571e-02  2.34965171e-04 -2.60677777e-03
 -8.36059782e-02 -2.16751250e-01 -3.29544857e-01 -3.35165947e-01
 -2.03449552e-01  7.47840458e-02  4.22419255e-01  7.09409540e-01
  8.78002642e-01  9.55364309e-01  9.77809330e-01  9.55005143e-01
  8.85120577e-01  8.00574977e-01  7.20670596e-01  6.49598354e-01
  5.48520603e-01  4.27922886e-01  3.27637830e-01  2.50259973e-01
  1.79725440e-01  1.08182425e-01  5.15669298e-02  1.18971249e-02
 -1.33865595e-02 -3.45955406e-02 -6.81150537e-02 -1.12799097e-01
 -1.58924383e-01 -1.84417551e-01 -2.01640893e-01 -2.18864546e-01
 -2.16773696e-01 -2.09095391e-01 -1.81456244e-01]
Cluster 0, Occurrences: 1160
Cluster 1, Occurrences: 1146
Cluster 2, Occurrences: 1214
Train Index: 3168
x_train: 3168
y_train: 3168
x_test: 352
y_test: 352
<torch.utils.data.dataloader.DataLoader object at 0x0000026215146390>
<torch.utils.data.dataloader.DataLoader object at 0x00000262141E40F0>
Epoch [1/8]: mean_loss=0.0004319695712036613
Epoch [2/8]: mean_loss=0.00025864356792575414
Epoch [3/8]: mean_loss=0.0002516290075407302
Epoch [4/8]: mean_loss=0.00023994420490737985
Epoch [5/8]: mean_loss=0.00022518710932791977
Epoch [6/8]: mean_loss=0.0002215703688206203
Epoch [7/8]: mean_loss=0.00021991365153525928
Epoch [8/8]: mean_loss=0.00021651708058668349
Number of Clusters: 3
Number of Samples after Autoencoder testing: 352
First Spike after testing: [-1.3561692 -0.5659183]
[0, 2, 2, 0, 0, 1, 0, 1, 2, 1, 0, 0, 1, 0, 0, 0, 0, 1, 0, 2, 1, 2, 1, 2, 1, 0, 2, 1, 2, 0, 2, 0, 1, 0, 2, 0, 1, 1, 0, 1, 1, 1, 2, 0, 2, 1, 0, 0, 0, 1, 2, 2, 0, 1, 2, 2, 0, 0, 2, 2, 0, 2, 1, 2, 1, 1, 2, 0, 2, 2, 2, 1, 2, 1, 2, 2, 2, 2, 2, 0, 0, 0, 0, 1, 2, 0, 1, 2, 1, 2, 1, 1, 2, 2, 1, 1, 1, 1, 0, 1, 0, 2, 1, 1, 1, 0, 1, 0, 2, 1, 2, 2, 1, 2, 0, 1, 2, 1, 0, 2, 0, 2, 2, 2, 0, 2, 2, 1, 1, 0, 1, 0, 2, 0, 2, 2, 2, 1, 0, 0, 2, 1, 1, 2, 1, 0, 2, 2, 1, 2, 0, 2, 2, 2, 0, 1, 1, 2, 0, 2, 1, 0, 1, 2, 1, 0, 1, 2, 2, 0, 2, 2, 2, 2, 1, 0, 0, 0, 0, 0, 1, 0, 0, 2, 2, 0, 2, 2, 0, 1, 0, 2, 1, 0, 1, 0, 0, 2, 0, 2, 0, 0, 2, 1, 2, 1, 0, 0, 2, 1, 1, 0, 1, 2, 0, 1, 1, 0, 0, 2, 0, 1, 0, 2, 1, 1, 1, 2, 0, 1, 2, 1, 1, 1, 2, 2, 1, 1, 2, 2, 0, 1, 1, 1, 1, 2, 0, 2, 0, 1, 2, 2, 1, 0, 2, 2, 1, 1, 2, 2, 2, 2, 2, 2, 0, 0, 2, 0, 0, 0, 0, 0, 2, 2, 1, 2, 1, 0, 2, 1, 0, 0, 2, 2, 0, 2, 0, 2, 0, 2, 0, 2, 2, 0, 1, 2, 1, 1, 1, 2, 0, 2, 2, 0, 0, 2, 0, 1, 2, 2, 0, 1, 0, 2, 1, 0, 1, 1, 1, 1, 0, 0, 2, 0, 1, 1, 2, 1, 0, 1, 0, 2, 1, 0, 2, 2, 2, 1, 2, 1, 2, 0, 0, 2, 2, 2, 1, 0, 2, 0, 1, 2]
[0, 1, 1, 0, 0, 2, 3, 4, 1, 5, 0, 0, 2, 0, 0, 0, 6, 5, 7, 1, 2, 8, 5, 1, 9, 6, 1, 10, 1, 3, 11, 10, 5, 10, 1, 6, 5, 2, 3, 5, 5, 5, 1, 3, 11, 5, 0, 10, 3, 12, 1, 1, 0, 5, 1, 1, 6, 0, 11, 1, 0, 11, 5, 8, 2, 5, 11, 6, 1, 8, 1, 5, 1, 12, 8, 1, 1, 1, 11, 0, 6, 0, 0, 5, 11, 10, 2, 11, 2, 11, 5, 9, 8, 1, 2, 12, 5, 2, 13, 13, 0, 14, 5, 2, 5, 7, 2, 6, 8, 2, 1, 1, 12, 1, 0, 12, 1, 9, 3, 1, 10, 11, 8, 1, 7, 11, 11, 5, 2, 13, 13, 3, 1, 3, 8, 1, 1, 5, 0, 7, 14, 15, 16, 1, 2, 0, 1, 11, 5, 11, 6, 1, 14, 11, 17, 4, 9, 1, 10, 11, 5, 6, 5, 1, 5, 0, 5, 18, 1, 7, 11, 1, 18, 1, 5, 6, 0, 17, 17, 0, 2, 6, 10, 8, 11, 6, 1, 1, 6, 5, 10, 11, 5, 6, 19, 20, 7, 11, 3, 1, 6, 0, 1, 2, 11, 2, 0, 21, 22, 12, 5, 20, 5, 1, 3, 5, 2, 6, 6, 4, 23, 5, 6, 1, 5, 5, 5, 11, 3, 5, 14, 24, 5, 5, 18, 18, 15, 5, 11, 1, 17, 5, 2, 5, 5, 1, 0, 1, 13, 13, 18, 18, 5, 3, 11, 8, 12, 5, 11, 8, 1, 18, 8, 11, 6, 23, 18, 6, 6, 10, 0, 25, 8, 1, 5, 1, 2, 3, 11, 5, 20, 0, 1, 11, 10, 18, 6, 14, 10, 14, 0, 18, 8, 0, 5, 11, 2, 23, 2, 1, 20, 1, 11, 6, 0, 18, 0, 5, 11, 8, 10, 5, 6, 1, 5, 3, 2, 2, 5, 9, 3, 10, 11, 7, 5, 9, 26, 5, 0, 5, 3, 11, 5, 0, 11, 1, 18, 16, 1, 12, 8, 0, 0, 11, 11, 1, 2, 3, 1, 0, 15, 8]
Centroids: [[-1.7481899, -0.40651065], [-0.3737726, -1.0464505], [1.2311727, 2.0472717]]
Centroids: [[-1.4291306, -0.38815254], [1.2558247, 2.149064], [-0.486386, -0.8784301], [-1.8767045, -0.58128965], [0.03524254, 0.8363666], [-0.11832112, -1.2206036], [-1.8351244, -0.16910274], [-2.3770354, -0.34780255], [1.4439961, 2.6484048], [0.069081284, -0.65307814], [-1.4251889, -0.88672924], [1.2598695, 1.6092316], [-0.8671152, -1.4219117], [-3.486001, 0.30936894], [0.8244751, 1.3763508], [0.31683704, -0.9535928], [-0.6821068, -2.2072935], [-2.173122, -0.97732157], [1.056209, 2.4586186], [-1.5081397, -2.864768], [-1.6332006, 0.34001657], [-2.784655, -1.7263472], [1.5254613, 3.6880643], [-0.8475887, 0.28332677], [-0.97635376, -0.14986572], [-2.9580183, -1.132683], [0.8587114, 0.27683666]]
Contingency Matrix: 
[[36  0  0 17  0  0 24  7  0  0 13  0  0  3  0  0  0  4  0  0  4  1  0  2
   0  1  0]
 [ 0  0 25  0  2 55  0  0  0  6  1  0  8  3  0  3  2  0  0  1  0  0  0  1
   1  0  0]
 [ 0 58  0  0  1  0  0  0 17  0  0 36  0  0  6  0  0  0 12  0  0  0  1  0
   0  0  1]]
[[36, 0, 0, 17, 0, 0, 24, 7, 0, 0, 13, 0, 0, 3, 0, 0, 0, 4, 0, 0, 4, 1, 0, 2, 0, 1, 0], [0, 0, 25, 0, 2, 55, 0, 0, 0, 6, 1, 0, 8, 3, 0, 3, 2, 0, 0, 1, 0, 0, 0, 1, 1, 0, 0], [0, 58, 0, 0, 1, 0, 0, 0, 17, 0, 0, 36, 0, 0, 6, 0, 0, 0, 12, 0, 0, 0, 1, 0, 0, 0, 1]]
[[36, 0, 0, 17, 0, 0, 24, 7, 0, 0, 13, 0, 0, 3, 0, 0, 0, 4, 0, 0, 4, 1, 0, 2, 0, 1, 0], [0, 0, 25, 0, 2, 55, 0, 0, 0, 6, 1, 0, 8, 3, 0, 3, 2, 0, 0, 1, 0, 0, 0, 1, 1, 0, 0], [0, 58, 0, 0, 1, 0, 0, 0, 17, 0, 0, 36, 0, 0, 6, 0, 0, 0, 12, 0, 0, 0, 1, 0, 0, 0, 1]]
[0, 1, 2, 3, 4, 5, 6, 7, 8, 9, 10, 11, 12, 13, 14, 15, 16, 17, 18, 19, 20, 21, 22, 23, 24, 25, 26]
[[36, -1, 0, 17, 0, 0, 24, 7, 0, 0, 13, 0, 0, 3, 0, 0, 0, 4, 0, 0, 4, 1, 0, 2, 0, 1, 0], [0, -1, 25, 0, 2, 55, 0, 0, 0, 6, 1, 0, 8, 3, 0, 3, 2, 0, 0, 1, 0, 0, 0, 1, 1, 0, 0], [-1, -1, -1, -1, -1, -1, -1, -1, -1, -1, -1, -1, -1, -1, -1, -1, -1, -1, -1, -1, -1, -1, -1, -1, -1, -1, -1]]
[[36, -1, 0, 17, 0, -1, 24, 7, 0, 0, 13, 0, 0, 3, 0, 0, 0, 4, 0, 0, 4, 1, 0, 2, 0, 1, 0], [-1, -1, -1, -1, -1, -1, -1, -1, -1, -1, -1, -1, -1, -1, -1, -1, -1, -1, -1, -1, -1, -1, -1, -1, -1, -1, -1], [-1, -1, -1, -1, -1, -1, -1, -1, -1, -1, -1, -1, -1, -1, -1, -1, -1, -1, -1, -1, -1, -1, -1, -1, -1, -1, -1]]
[[-1, -1, -1, -1, -1, -1, -1, -1, -1, -1, -1, -1, -1, -1, -1, -1, -1, -1, -1, -1, -1, -1, -1, -1, -1, -1, -1], [-1, -1, -1, -1, -1, -1, -1, -1, -1, -1, -1, -1, -1, -1, -1, -1, -1, -1, -1, -1, -1, -1, -1, -1, -1, -1, -1], [-1, -1, -1, -1, -1, -1, -1, -1, -1, -1, -1, -1, -1, -1, -1, -1, -1, -1, -1, -1, -1, -1, -1, -1, -1, -1, -1]]
Match_Labels: {2: 1, 1: 5, 0: 0}
New Contingency Matrix: 
[[36  0  0  0 17  0 24  7  0  0 13  0  0  3  0  0  0  4  0  0  4  1  0  2
   0  1  0]
 [ 0 55  0 25  0  2  0  0  0  6  1  0  8  3  0  3  2  0  0  1  0  0  0  1
   1  0  0]
 [ 0  0 58  0  0  1  0  0 17  0  0 36  0  0  6  0  0  0 12  0  0  0  1  0
   0  0  1]]
New Clustered Label Sequence: [0, 5, 1, 2, 3, 4, 6, 7, 8, 9, 10, 11, 12, 13, 14, 15, 16, 17, 18, 19, 20, 21, 22, 23, 24, 25, 26]
Diagonal_Elements: [36, 55, 58], Sum: 149
All_Elements: [36, 0, 0, 0, 17, 0, 24, 7, 0, 0, 13, 0, 0, 3, 0, 0, 0, 4, 0, 0, 4, 1, 0, 2, 0, 1, 0, 0, 55, 0, 25, 0, 2, 0, 0, 0, 6, 1, 0, 8, 3, 0, 3, 2, 0, 0, 1, 0, 0, 0, 1, 1, 0, 0, 0, 0, 58, 0, 0, 1, 0, 0, 17, 0, 0, 36, 0, 0, 6, 0, 0, 0, 12, 0, 0, 0, 1, 0, 0, 0, 1], Sum: 352
Accuracy: 0.42329545454545453
