Seed: 6
Experiment_path: Random_Seeds_DV5//V5_3/Experiment_05_6_opt_temp_noisy
Dataset_Path: ../_00_Datasets/03_SimDaten_Quiroga2020/C_Easy2_noise020.mat
Dataset_name: ['03_SimDaten_Quiroga2020', 'C_Easy2_noise020.mat']
Variant_name: Variant_05_Online_Autoencoder_QLearning_opt_temp_noisy
Visualisation_Path: Random_Seeds_DV5//V5_3/Experiment_05_6_opt_temp_noisy/C_Easy2_noise020.mat/Variant_05_Online_Autoencoder_QLearning_opt_temp_noisy/2023_04_16-17_03_39
Normalisation: False
Template Matching: True
Optimising Autoencoder: True
Update Factor: 100
Noisy Batches: True
Noisy Factor: 0.1
Epochs: 8
Batch Size: 1
maximal Spikes for Autoencoder Training : 700
maximal Spikes for Training: 1000
Input Size: 47
Chosen Model: Autoencoder
Autoencoder(
  (encoder): Sequential(
    (0): Linear(in_features=47, out_features=12, bias=True)
    (1): LeakyReLU(negative_slope=0.01)
    (2): Linear(in_features=12, out_features=2, bias=True)
  )
  (decoder): Sequential(
    (0): Linear(in_features=2, out_features=12, bias=True)
    (1): LeakyReLU(negative_slope=0.01)
    (2): Linear(in_features=12, out_features=47, bias=True)
  )
)
MSELoss()
Adam (
Parameter Group 0
    amsgrad: False
    betas: (0.9, 0.999)
    capturable: False
    differentiable: False
    eps: 1e-08
    foreach: None
    fused: False
    lr: 0.001
    maximize: False
    weight_decay: 0
)
---Q Learning Parameters---
Normalisation: False
Punishment Coefficient: 0.8
Alpha: 0.8
Epsilon: 0.01
Gamma: 0.97
Initial Episode Number: 0
Episode Number Coefficient: 1.4
Number of Random Features: 20
Planning Number: 20
Max Random Features: 60
New Episode Number: 72
New Episode Number: 143
New Episode Number: 215
New Episode Number: 286
New Episode Number: 358
New Episode Number: 429
New Episode Number: 500
New Episode Number: 572
New Episode Number: 643
New Episode Number: 715
New Episode Number: 786
New Episode Number: 858
                0      1      2      3   ...     9      10     11     12
new_cluster -17.46 -16.74 -28.47 -16.93  ... -15.92 -33.01 -27.00 -28.02
c1          -17.48 -16.44 -27.21 -17.03  ... -16.56 -34.93 -27.00 -29.10
c2          -17.89 -17.15 -27.51 -16.46  ... -15.65 -34.41 -26.96 -27.28
c3          -17.53 -16.78 -28.71 -18.16  ... -15.67 -33.62 -26.95 -28.77
c4          -17.52 -16.43 -28.27 -16.42  ... -15.32 -34.11 -27.00 -28.32
c5          -17.50 -16.34 -28.42 -16.78  ... -14.96 -34.17 -27.01 -28.48
c6          -17.45 -16.30 -28.73 -16.31  ... -15.20 -31.56 -26.95 -28.57
c7          -17.91 -16.85 -28.72 -16.46  ... -16.34 -34.68 -26.74 -27.95
c8          -17.89 -16.58 -27.12 -17.23  ... -17.95 -34.24 -27.00 -27.41
c9          -17.47 -16.62 -28.46 -17.14  ... -16.86 -36.02 -26.95 -28.29
c10         -17.47 -16.62 -26.52 -16.79  ... -16.50 -33.77 -27.02 -29.07
c11         -17.90 -16.85 -26.84 -16.48  ... -16.24 -33.15 -26.95 -28.06
c12         -17.98 -16.10 -28.22 -17.05  ... -15.49 -34.07 -27.01 -28.84

[13 rows x 13 columns]
\begin{tabular}{lrrrrrrrrrrrrr}
\toprule
{} &     0  &     1  &     2  &     3  &     4  &     5  &     6  &     7  &     8  &     9  &     10 &     11 &     12 \\
\midrule
new\_cluster & -17.46 & -16.74 & -28.47 & -16.93 & -23.74 & -20.23 & -37.09 & -18.06 & -16.14 & -15.92 & -33.01 & -27.00 & -28.02 \\
c1          & -17.48 & -16.44 & -27.21 & -17.03 & -22.74 & -20.06 & -38.67 & -17.73 & -15.66 & -16.56 & -34.93 & -27.00 & -29.10 \\
c2          & -17.89 & -17.15 & -27.51 & -16.46 & -23.86 & -19.78 & -36.96 & -18.00 & -16.03 & -15.65 & -34.41 & -26.96 & -27.28 \\
c3          & -17.53 & -16.78 & -28.71 & -18.16 & -24.51 & -19.41 & -36.34 & -18.45 & -15.83 & -15.67 & -33.62 & -26.95 & -28.77 \\
c4          & -17.52 & -16.43 & -28.27 & -16.42 & -22.08 & -19.87 & -37.22 & -18.74 & -15.94 & -15.32 & -34.11 & -27.00 & -28.32 \\
c5          & -17.50 & -16.34 & -28.42 & -16.78 & -23.80 & -20.15 & -36.14 & -18.40 & -15.86 & -14.96 & -34.17 & -27.01 & -28.48 \\
c6          & -17.45 & -16.30 & -28.73 & -16.31 & -23.75 & -20.75 & -36.56 & -19.08 & -15.86 & -15.20 & -31.56 & -26.95 & -28.57 \\
c7          & -17.91 & -16.85 & -28.72 & -16.46 & -23.78 & -20.02 & -36.40 & -18.46 & -15.96 & -16.34 & -34.68 & -26.74 & -27.95 \\
c8          & -17.89 & -16.58 & -27.12 & -17.23 & -24.48 & -20.62 & -38.53 & -17.82 & -16.22 & -17.95 & -34.24 & -27.00 & -27.41 \\
c9          & -17.47 & -16.62 & -28.46 & -17.14 & -23.32 & -20.12 & -39.16 & -19.27 & -15.82 & -16.86 & -36.02 & -26.95 & -28.29 \\
c10         & -17.47 & -16.62 & -26.52 & -16.79 & -23.13 & -20.86 & -35.50 & -18.17 & -15.71 & -16.50 & -33.77 & -27.02 & -29.07 \\
c11         & -17.90 & -16.85 & -26.84 & -16.48 & -23.31 & -20.71 & -35.98 & -17.69 & -15.32 & -16.24 & -33.15 & -26.95 & -28.06 \\
c12         & -17.98 & -16.10 & -28.22 & -17.05 & -24.99 & -20.69 & -38.02 & -17.78 & -16.10 & -15.49 & -34.07 & -27.01 & -28.84 \\
\bottomrule
\end{tabular}

                               0            1   ...             11             12
new_cluster  [-2.56, new_cluster]  [-1.56, c1]  ...  [-12.15, c11]  [-13.14, c12]
c1           [-2.56, new_cluster]  [-1.59, c1]  ...  [-12.15, c11]  [-14.09, c12]
c2           [-2.56, new_cluster]  [-2.02, c1]  ...  [-12.15, c11]  [-12.49, c12]
c3           [-2.56, new_cluster]  [-1.64, c1]  ...  [-12.15, c11]  [-13.71, c12]
c4           [-2.56, new_cluster]  [-1.25, c1]  ...  [-12.15, c11]  [-13.27, c12]
c5           [-2.56, new_cluster]  [-1.21, c1]  ...  [-12.15, c11]   [-13.5, c12]
c6           [-2.56, new_cluster]  [-1.18, c1]  ...  [-12.15, c11]  [-13.47, c12]
c7           [-2.56, new_cluster]  [-1.98, c1]  ...  [-12.15, c11]  [-12.97, c12]
c8           [-2.56, new_cluster]  [-1.44, c1]  ...  [-12.15, c11]  [-12.33, c12]
c9           [-2.56, new_cluster]  [-1.44, c1]  ...  [-12.15, c11]  [-13.41, c12]
c10          [-2.56, new_cluster]   [-1.5, c1]  ...  [-12.15, c11]  [-14.26, c12]
c11          [-2.56, new_cluster]  [-1.99, c1]  ...  [-12.15, c11]  [-13.06, c12]
c12          [-2.56, new_cluster]  [-0.91, c1]  ...  [-12.15, c11]  [-13.81, c12]

[13 rows x 13 columns]
\begin{tabular}{llllllllllllll}
\toprule
{} &                    0  &           1  &            2  &           3  &           4  &           5  &            6  &           7  &           8  &           9  &             10 &             11 &             12 \\
\midrule
new\_cluster &  [-2.56, new\_cluster] &  [-1.56, c1] &   [-13.3, c2] &  [-1.73, c3] &  [-8.89, c4] &  [-5.71, c5] &  [-22.32, c6] &  [-2.71, c7] &  [-0.53, c8] &  [-0.58, c9] &  [-18.43, c10] &  [-12.15, c11] &  [-13.14, c12] \\
c1          &  [-2.56, new\_cluster] &  [-1.59, c1] &  [-11.72, c2] &  [-1.83, c3] &  [-7.91, c4] &  [-5.46, c5] &  [-23.92, c6] &  [-2.38, c7] &  [-0.38, c8] &  [-1.28, c9] &  [-20.01, c10] &  [-12.15, c11] &  [-14.09, c12] \\
c2          &  [-2.56, new\_cluster] &  [-2.02, c1] &  [-12.34, c2] &  [-1.26, c3] &  [-9.19, c4] &  [-5.27, c5] &   [-22.2, c6] &  [-2.56, c7] &   [-0.5, c8] &  [-0.57, c9] &  [-19.81, c10] &  [-12.15, c11] &  [-12.49, c12] \\
c3          &  [-2.56, new\_cluster] &  [-1.64, c1] &  [-13.83, c2] &  [-2.43, c3] &  [-9.69, c4] &  [-4.89, c5] &  [-21.58, c6] &  [-2.99, c7] &  [-0.69, c8] &  [-0.83, c9] &  [-19.02, c10] &  [-12.15, c11] &  [-13.71, c12] \\
c4          &  [-2.56, new\_cluster] &  [-1.25, c1] &   [-13.4, c2] &  [-1.22, c3] &  [-7.39, c4] &  [-5.36, c5] &  [-22.47, c6] &  [-3.28, c7] &   [-0.3, c8] &  [-0.28, c9] &  [-18.97, c10] &  [-12.15, c11] &  [-13.27, c12] \\
c5          &  [-2.56, new\_cluster] &  [-1.21, c1] &  [-13.29, c2] &  [-1.58, c3] &  [-8.97, c4] &  [-5.63, c5] &  [-21.39, c6] &  [-2.94, c7] &  [-0.37, c8] &  [-0.13, c9] &  [-19.07, c10] &  [-12.15, c11] &   [-13.5, c12] \\
c6          &  [-2.56, new\_cluster] &  [-1.18, c1] &   [-13.7, c2] &  [-1.11, c3] &  [-9.07, c4] &  [-6.23, c5] &  [-21.79, c6] &  [-3.63, c7] &  [-0.57, c8] &  [-0.25, c9] &  [-16.98, c10] &  [-12.15, c11] &  [-13.47, c12] \\
c7          &  [-2.56, new\_cluster] &  [-1.98, c1] &  [-13.48, c2] &  [-1.15, c3] &  [-8.96, c4] &  [-5.48, c5] &  [-21.63, c6] &  [-3.03, c7] &  [-0.41, c8] &  [-0.99, c9] &  [-19.51, c10] &  [-12.15, c11] &  [-12.97, c12] \\
c8          &  [-2.56, new\_cluster] &  [-1.44, c1] &   [-12.0, c2] &  [-2.01, c3] &  [-9.81, c4] &   [-6.1, c5] &  [-23.35, c6] &  [-2.35, c7] &  [-0.69, c8] &  [-2.61, c9] &  [-19.57, c10] &  [-12.15, c11] &  [-12.33, c12] \\
c9          &  [-2.56, new\_cluster] &  [-1.44, c1] &  [-12.95, c2] &  [-1.84, c3] &  [-8.62, c4] &  [-5.52, c5] &  [-24.32, c6] &  [-3.89, c7] &  [-0.32, c8] &  [-1.78, c9] &  [-20.75, c10] &  [-12.15, c11] &  [-13.41, c12] \\
c10         &  [-2.56, new\_cluster] &   [-1.5, c1] &  [-11.62, c2] &  [-1.59, c3] &  [-8.31, c4] &  [-6.32, c5] &  [-20.67, c6] &  [-2.78, c7] &  [-0.23, c8] &  [-1.05, c9] &   [-19.2, c10] &  [-12.15, c11] &  [-14.26, c12] \\
c11         &  [-2.56, new\_cluster] &  [-1.99, c1] &  [-11.85, c2] &  [-1.26, c3] &  [-8.48, c4] &  [-6.16, c5] &  [-21.23, c6] &   [-2.7, c7] &  [-0.18, c8] &   [-1.2, c9] &  [-18.58, c10] &  [-12.15, c11] &  [-13.06, c12] \\
c12         &  [-2.56, new\_cluster] &  [-0.91, c1] &  [-13.34, c2] &  [-1.85, c3] &  [-10.1, c4] &  [-5.73, c5] &  [-23.25, c6] &  [-2.77, c7] &  [-0.51, c8] &  [-0.14, c9] &  [-19.47, c10] &  [-12.15, c11] &  [-13.81, c12] \\
\bottomrule
\end{tabular}

