Seed: 0
Experiment_path: Experiment_08
Dataset_Path: ../_00_Datasets/03_SimDaten_Quiroga2020/C_Difficult2_noise020.mat
Dataset_name: ['03_SimDaten_Quiroga2020', 'C_Difficult2_noise020.mat']
Variant_name: Variant_05_Online_Autoencoder_QLearning_opt_temp_noisy
Visualisation_Path: AE_Model_2/Grid_Search_PC//V5_3/C_Difficult2_noise020.mat/Variant_05_Online_Autoencoder_QLearning_opt_temp_noisy/2023_05_03-18_56_08
Normalisation: False
Template Matching: True
Optimising Autoencoder: True
Update Factor: 1
Noisy Batches: True
Noisy Factor: 0.001
Epochs: 8
Batch Size: 1
maximal Spikes for Autoencoder Training : 700
maximal Spikes for Training: 1000
Input Size: 47
Chosen Model: Convolutional Autoencoder
ConvolutionalAutoencoder(
  (encoder): Sequential(
    (0): Conv1d(1, 6, kernel_size=(6,), stride=(1,))
    (1): LeakyReLU(negative_slope=0.01)
    (2): Conv1d(6, 1, kernel_size=(6,), stride=(1,))
    (3): Flatten(start_dim=1, end_dim=-1)
    (4): Linear(in_features=37, out_features=2, bias=True)
  )
  (decoder): Sequential(
    (0): ConvTranspose1d(1, 6, kernel_size=(6,), stride=(1,))
    (1): LeakyReLU(negative_slope=0.01)
    (2): ConvTranspose1d(6, 1, kernel_size=(6,), stride=(1,))
    (3): Flatten(start_dim=1, end_dim=-1)
    (4): Linear(in_features=12, out_features=47, bias=True)
  )
)
MSELoss()
Adam (
Parameter Group 0
    amsgrad: False
    betas: (0.9, 0.999)
    capturable: False
    differentiable: False
    eps: 1e-08
    foreach: None
    fused: False
    lr: 0.001
    maximize: False
    weight_decay: 0
)
---Q Learning Parameters---
Normalisation: False
Punishment Coefficient: 1.2
Alpha: 0.8
Epsilon: 0.01
Gamma: 0.97
Initial Episode Number: 0
Episode Number Coefficient: 1.4
Number of Random Features: 20
Planning Number: 20
Max Random Features: 60
New Episode Number: 72
New Episode Number: 143
New Episode Number: 215
New Episode Number: 286
                 0      1      2      3      4
new_cluster -17.44 -12.04 -15.40 -15.15 -14.47
c1          -17.44 -12.43 -15.49 -16.26 -14.87
c2          -17.51 -12.10 -14.83 -16.95 -14.70
c3          -17.43 -12.31 -14.80 -15.79 -15.87
c4          -17.44 -12.34 -15.90 -15.25 -15.09
\begin{tabular}{lrrrrr}
\toprule
{} &      0 &      1 &      2 &      3 &      4 \\
\midrule
new\_cluster & -17.44 & -12.04 & -15.40 & -15.15 & -14.47 \\
c1          & -17.44 & -12.43 & -15.49 & -16.26 & -14.87 \\
c2          & -17.51 & -12.10 & -14.83 & -16.95 & -14.70 \\
c3          & -17.43 & -12.31 & -14.80 & -15.79 & -15.87 \\
c4          & -17.44 & -12.34 & -15.90 & -15.25 & -15.09 \\
\bottomrule
\end{tabular}

                                0            1  ...            3            4
new_cluster  [-5.76, new_cluster]  [-0.42, c1]  ...  [-3.26, c3]  [-2.82, c4]
c1           [-5.76, new_cluster]  [-0.32, c1]  ...  [-4.42, c3]  [-2.96, c4]
c2           [-5.76, new_cluster]  [-0.42, c1]  ...  [-5.05, c3]  [-2.71, c4]
c3           [-5.76, new_cluster]  [-0.29, c1]  ...  [-4.18, c3]   [-3.9, c4]
c4           [-5.76, new_cluster]  [-0.24, c1]  ...  [-3.32, c3]  [-3.12, c4]

[5 rows x 5 columns]
\begin{tabular}{llllll}
\toprule
{} &                     0 &            1 &            2 &            3 &            4 \\
\midrule
new\_cluster &  [-5.76, new\_cluster] &  [-0.42, c1] &  [-3.66, c2] &  [-3.26, c3] &  [-2.82, c4] \\
c1          &  [-5.76, new\_cluster] &  [-0.32, c1] &  [-3.68, c2] &  [-4.42, c3] &  [-2.96, c4] \\
c2          &  [-5.76, new\_cluster] &  [-0.42, c1] &  [-3.08, c2] &  [-5.05, c3] &  [-2.71, c4] \\
c3          &  [-5.76, new\_cluster] &  [-0.29, c1] &  [-2.99, c2] &  [-4.18, c3] &   [-3.9, c4] \\
c4          &  [-5.76, new\_cluster] &  [-0.24, c1] &  [-3.76, c2] &  [-3.32, c3] &  [-3.12, c4] \\
\bottomrule
\end{tabular}

