Experiment_path: AE_Model_2/Epochs//V4/Experiment_04
Dataset_Path: ../_00_Datasets/03_SimDaten_Quiroga2020/C_Easy1_noise030.mat
Dataset_name: ['03_SimDaten_Quiroga2020', 'C_Easy1_noise030.mat']
Variant_name: Variant_04_Offline_Autoencoder_QLearning
Visualisation_Path: AE_Model_2/Epochs//V4/Experiment_04/C_Easy1_noise030.mat/Variant_04_Offline_Autoencoder_QLearning/2023_04_25-14_56_25
Punishment_Coefficient: 1.5
<_01_LoadDataset.ExternCode.spike_class.spike_dataclass object at 0x00000226FDE40F60>
Sampling rate: 24000.0
Raw: [0.08699461 0.08768749 0.09047398 ... 0.00793535 0.04192906 0.07540523]
Times: [    109     286     672 ... 1438732 1439041 1439176]
Cluster: [3 2 3 ... 2 1 2]
Number of different clusters:  3
Number of Spikes: 3475
First aligned Spike Frame: [ 0.24838055  0.3968745   0.4994273   0.56717131  0.62437383  0.6710342
  0.6751285   0.62114176  0.54776115  0.51498001  0.55727438  0.67535688
  0.8518956   1.0665341   1.2479893   1.28963743  1.15621047  0.92299039
  0.68934948  0.49064578  0.29688022  0.08718391 -0.09567419 -0.18884929
 -0.19110403 -0.16315565 -0.16207475 -0.19314602 -0.21851792 -0.21534689
 -0.19320808 -0.18259624 -0.20407859 -0.25441706 -0.31051347 -0.35274265
 -0.36843999 -0.35552317 -0.31821193 -0.2558418  -0.17609511 -0.11324907
 -0.10743416 -0.17666352 -0.28550824 -0.38347104 -0.44318272]
Cluster 0, Occurrences: 1162
Cluster 1, Occurrences: 1164
Cluster 2, Occurrences: 1149
Train Index: 3128
x_train: 3128
y_train: 3128
x_test: 347
y_test: 347
<torch.utils.data.dataloader.DataLoader object at 0x00000226FFBAB710>
<torch.utils.data.dataloader.DataLoader object at 0x0000022682120048>
Epoch [1/6]: mean_loss=0.0008447953747571125
Epoch [2/6]: mean_loss=0.0006893196916136214
Epoch [3/6]: mean_loss=0.0006232437817022548
Epoch [4/6]: mean_loss=0.0005804463518935891
Epoch [5/6]: mean_loss=0.0005617289597887898
Epoch [6/6]: mean_loss=0.0005544727895042056
Number of Clusters: 3
Number of Samples after Autoencoder testing: 347
First Spike after testing: [-3.0481002  1.5223162]
[0, 1, 1, 0, 2, 0, 2, 0, 1, 1, 2, 1, 1, 0, 1, 2, 2, 2, 1, 0, 2, 1, 2, 0, 0, 0, 1, 2, 0, 0, 1, 0, 2, 0, 0, 1, 2, 1, 1, 0, 1, 0, 1, 0, 1, 2, 2, 2, 0, 2, 1, 0, 1, 1, 0, 1, 0, 2, 0, 1, 0, 1, 2, 1, 1, 0, 0, 0, 0, 1, 2, 2, 0, 2, 1, 0, 1, 2, 2, 1, 0, 1, 1, 0, 0, 0, 0, 1, 2, 2, 0, 0, 2, 2, 2, 1, 0, 2, 0, 2, 1, 2, 2, 1, 0, 0, 1, 2, 0, 1, 2, 0, 2, 1, 1, 2, 1, 1, 2, 2, 1, 0, 2, 2, 1, 0, 2, 1, 0, 0, 1, 2, 1, 1, 0, 1, 2, 1, 0, 1, 1, 2, 0, 1, 2, 1, 2, 1, 2, 1, 0, 0, 0, 2, 1, 2, 2, 0, 1, 2, 2, 1, 0, 0, 0, 2, 0, 2, 1, 1, 1, 2, 1, 0, 1, 1, 0, 0, 2, 2, 0, 0, 2, 0, 2, 2, 0, 2, 0, 0, 1, 2, 2, 2, 2, 2, 1, 0, 2, 2, 2, 0, 0, 2, 1, 0, 0, 1, 2, 1, 2, 2, 1, 0, 1, 2, 1, 0, 1, 2, 2, 1, 1, 2, 2, 2, 0, 0, 0, 0, 0, 2, 2, 1, 2, 1, 2, 1, 2, 0, 2, 1, 0, 2, 2, 2, 0, 0, 1, 1, 2, 1, 1, 1, 0, 1, 0, 0, 0, 2, 0, 2, 1, 2, 0, 1, 2, 0, 2, 0, 2, 1, 2, 2, 2, 1, 2, 0, 0, 2, 0, 0, 0, 1, 2, 1, 0, 1, 2, 0, 2, 0, 1, 2, 2, 2, 1, 1, 2, 2, 1, 2, 1, 1, 1, 2, 1, 1, 1, 2, 2, 2, 1, 1, 0, 2, 0, 0, 2, 2, 0, 2, 2, 0, 2, 0, 0, 1, 0, 0, 0, 0, 1, 2, 2, 1, 2, 1, 2, 1, 1, 0, 1, 0, 1, 0, 1]
[0, 1, 1, 0, 2, 0, 2, 0, 1, 1, 2, 1, 1, 0, 1, 3, 2, 2, 1, 0, 2, 1, 3, 0, 0, 0, 1, 2, 0, 2, 1, 0, 2, 0, 0, 1, 3, 1, 1, 0, 1, 0, 1, 0, 0, 2, 3, 3, 2, 2, 1, 0, 1, 1, 2, 1, 0, 3, 0, 1, 0, 1, 3, 1, 1, 0, 0, 0, 0, 1, 3, 2, 0, 3, 1, 0, 1, 3, 3, 1, 0, 1, 1, 0, 0, 0, 0, 1, 3, 3, 2, 0, 2, 3, 3, 1, 3, 2, 0, 3, 1, 3, 3, 2, 0, 2, 1, 2, 0, 1, 3, 0, 3, 1, 1, 3, 1, 1, 2, 3, 1, 0, 2, 3, 1, 0, 3, 1, 0, 0, 1, 3, 1, 1, 0, 1, 2, 1, 0, 1, 1, 2, 0, 1, 2, 1, 2, 1, 3, 1, 0, 0, 0, 3, 1, 3, 3, 4, 1, 3, 3, 1, 0, 0, 0, 2, 0, 3, 1, 1, 1, 2, 1, 0, 1, 5, 0, 0, 3, 3, 0, 0, 2, 0, 3, 3, 0, 3, 4, 0, 1, 3, 3, 2, 3, 3, 1, 0, 3, 2, 3, 0, 0, 3, 1, 0, 0, 1, 3, 5, 4, 3, 1, 0, 1, 3, 1, 4, 1, 3, 2, 1, 1, 3, 3, 3, 0, 0, 0, 0, 0, 3, 3, 1, 3, 6, 3, 5, 3, 0, 3, 1, 0, 3, 3, 2, 0, 4, 1, 5, 2, 1, 1, 1, 0, 5, 0, 0, 0, 3, 2, 2, 5, 2, 4, 1, 3, 0, 3, 0, 3, 5, 2, 2, 3, 1, 2, 0, 4, 3, 0, 0, 0, 1, 3, 1, 2, 1, 3, 0, 3, 4, 5, 3, 2, 3, 2, 1, 3, 2, 1, 2, 1, 1, 1, 3, 1, 1, 1, 2, 3, 3, 1, 1, 4, 2, 0, 0, 2, 3, 7, 2, 3, 0, 2, 0, 0, 1, 0, 0, 0, 0, 5, 3, 2, 5, 3, 6, 3, 1, 1, 0, 6, 6, 1, 0, 1]
Centroids: [[-2.7304177, 1.341955], [1.4518594, -2.2618933], [-0.21022944, 3.2168784]]
Centroids: [[-2.765524, 1.2172971], [1.4488055, -2.2940934], [0.03956133, 2.2353168], [-0.41100588, 3.6217265], [-3.4396892, 2.7754953], [1.8554022, -3.4934654], [0.9816615, -0.10596876], [-5.864678, 0.6878093]]
Contingency Matrix: 
[[94  0  7  1  8  0  1  1]
 [ 1 97  2  0  0 10  3  0]
 [ 0  0 42 79  1  0  0  0]]
[[94, 0, 7, 1, 8, 0, 1, 1], [1, 97, 2, 0, 0, 10, 3, 0], [0, 0, 42, 79, 1, 0, 0, 0]]
[[94, 0, 7, 1, 8, 0, 1, 1], [1, 97, 2, 0, 0, 10, 3, 0], [0, 0, 42, 79, 1, 0, 0, 0]]
[0, 1, 2, 3, 4, 5, 6, 7]
[[94, -1, 7, 1, 8, 0, 1, 1], [-1, -1, -1, -1, -1, -1, -1, -1], [0, -1, 42, 79, 1, 0, 0, 0]]
[[-1, -1, -1, -1, -1, -1, -1, -1], [-1, -1, -1, -1, -1, -1, -1, -1], [-1, -1, 42, 79, 1, 0, 0, 0]]
[[-1, -1, -1, -1, -1, -1, -1, -1], [-1, -1, -1, -1, -1, -1, -1, -1], [-1, -1, -1, -1, -1, -1, -1, -1]]
Match_Labels: {1: 1, 0: 0, 2: 3}
New Contingency Matrix: 
[[94  0  1  7  8  0  1  1]
 [ 1 97  0  2  0 10  3  0]
 [ 0  0 79 42  1  0  0  0]]
New Clustered Label Sequence: [0, 1, 3, 2, 4, 5, 6, 7]
Diagonal_Elements: [94, 97, 79], Sum: 270
All_Elements: [94, 0, 1, 7, 8, 0, 1, 1, 1, 97, 0, 2, 0, 10, 3, 0, 0, 0, 79, 42, 1, 0, 0, 0], Sum: 347
Accuracy: 0.7780979827089337
