Seed: 0
Experiment_path: AE_Model_2/Epochs_2_4_6_8_20/20_Experiment_05_Epochs
Dataset_Path: ../_00_Datasets/03_SimDaten_Quiroga2020/C_Easy2_noise005.mat
Dataset_name: ['03_SimDaten_Quiroga2020', 'C_Easy2_noise005.mat']
Variant_name: Variant_05_Epochs_20
Visualisation_Path: AE_Model_2/Epochs_2_4_6_8_20/20_Experiment_05_Epochs/C_Easy2_noise005.mat/V05_Online_AE_QL/2023_05_11-01_31_33
Normalisation: False
Template Matching: False
Optimising Autoencoder: False
Update Factor: 1
Noisy Batches: False
Noisy Factor: 0.001
Epochs: 20
Batch Size: 1
maximal Spikes for Autoencoder Training : 700
maximal Spikes for Training: 1000
Input Size: 47
Chosen Model: Convolutional Autoencoder
ConvolutionalAutoencoder(
  (encoder): Sequential(
    (0): Conv1d(1, 6, kernel_size=(6,), stride=(1,))
    (1): LeakyReLU(negative_slope=0.01)
    (2): Conv1d(6, 1, kernel_size=(6,), stride=(1,))
    (3): Flatten(start_dim=1, end_dim=-1)
    (4): Linear(in_features=37, out_features=2, bias=True)
  )
  (decoder): Sequential(
    (0): ConvTranspose1d(1, 6, kernel_size=(6,), stride=(1,))
    (1): LeakyReLU(negative_slope=0.01)
    (2): ConvTranspose1d(6, 1, kernel_size=(6,), stride=(1,))
    (3): Flatten(start_dim=1, end_dim=-1)
    (4): Linear(in_features=12, out_features=47, bias=True)
  )
)
MSELoss()
Adam (
Parameter Group 0
    amsgrad: False
    betas: (0.9, 0.999)
    capturable: False
    differentiable: False
    eps: 1e-08
    foreach: None
    fused: False
    lr: 0.001
    maximize: False
    weight_decay: 0
)
---Q Learning Parameters---
Normalisation: False
Punishment Coefficient: 0.4
Alpha: 0.8
Epsilon: 0.01
Gamma: 0.97
Initial Episode Number: 0
Episode Number Coefficient: 1.4
Number of Random Features: 20
Planning Number: 20
Max Random Features: 60
New Episode Number: 72
New Episode Number: 143
New Episode Number: 215
New Episode Number: 286
New Episode Number: 358
               0     1     2     3     4     5
new_cluster -0.7 -1.65 -0.49 -0.06 -4.95 -0.78
c1          -0.7 -1.70 -0.48 -0.05 -4.95 -0.78
c2          -0.7 -1.67 -0.50 -0.06 -4.95 -0.78
c3          -0.7 -1.67 -0.52 -0.05 -4.95 -0.78
c4          -0.7 -1.63 -0.54 -0.05 -4.96 -0.78
c5          -0.7 -1.66 -0.51 -0.06 -4.95 -0.78
\begin{tabular}{lrrrrrr}
\toprule
{} &    0 &     1 &     2 &     3 &     4 &     5 \\
\midrule
new\_cluster & -0.7 & -1.65 & -0.49 & -0.06 & -4.95 & -0.78 \\
c1          & -0.7 & -1.70 & -0.48 & -0.05 & -4.95 & -0.78 \\
c2          & -0.7 & -1.67 & -0.50 & -0.06 & -4.95 & -0.78 \\
c3          & -0.7 & -1.67 & -0.52 & -0.05 & -4.95 & -0.78 \\
c4          & -0.7 & -1.63 & -0.54 & -0.05 & -4.96 & -0.78 \\
c5          & -0.7 & -1.66 & -0.51 & -0.06 & -4.95 & -0.78 \\
\bottomrule
\end{tabular}

                                0            1  ...           4            5
new_cluster  [-0.64, new_cluster]  [-1.59, c1]  ...  [-4.9, c4]  [-0.72, c5]
c1           [-0.64, new_cluster]  [-1.64, c1]  ...  [-4.9, c4]  [-0.72, c5]
c2           [-0.64, new_cluster]  [-1.62, c1]  ...  [-4.9, c4]  [-0.72, c5]
c3           [-0.64, new_cluster]  [-1.62, c1]  ...  [-4.9, c4]  [-0.72, c5]
c4           [-0.64, new_cluster]  [-1.58, c1]  ...  [-4.9, c4]  [-0.72, c5]
c5           [-0.64, new_cluster]   [-1.6, c1]  ...  [-4.9, c4]  [-0.72, c5]

[6 rows x 6 columns]
\begin{tabular}{lllllll}
\toprule
{} &                     0 &            1 &            2 &            3 &           4 &            5 \\
\midrule
new\_cluster &  [-0.64, new\_cluster] &  [-1.59, c1] &  [-0.43, c2] &   [-0.0, c3] &  [-4.9, c4] &  [-0.72, c5] \\
c1          &  [-0.64, new\_cluster] &  [-1.64, c1] &  [-0.41, c2] &   [-0.0, c3] &  [-4.9, c4] &  [-0.72, c5] \\
c2          &  [-0.64, new\_cluster] &  [-1.62, c1] &  [-0.44, c2] &  [-0.01, c3] &  [-4.9, c4] &  [-0.72, c5] \\
c3          &  [-0.64, new\_cluster] &  [-1.62, c1] &  [-0.46, c2] &   [-0.0, c3] &  [-4.9, c4] &  [-0.72, c5] \\
c4          &  [-0.64, new\_cluster] &  [-1.58, c1] &  [-0.48, c2] &   [-0.0, c3] &  [-4.9, c4] &  [-0.72, c5] \\
c5          &  [-0.64, new\_cluster] &   [-1.6, c1] &  [-0.45, c2] &   [-0.0, c3] &  [-4.9, c4] &  [-0.72, c5] \\
\bottomrule
\end{tabular}

