Experiment_path: AE_Model_2/Epochs//V2/Experiment_02
Dataset_Path: ../_00_Datasets/03_SimDaten_Quiroga2020/C_Difficult2_noise005.mat
Dataset_name: ['03_SimDaten_Quiroga2020', 'C_Difficult2_noise005.mat']
Variant_name: Variant_02_Autoencoder_KMeans
Visualisation_Path: AE_Model_2/Epochs//V2/Experiment_02/C_Difficult2_noise005.mat/Variant_02_Autoencoder_KMeans/2023_04_25-14_17_00
<_01_LoadDataset.ExternCode.spike_class.spike_dataclass object at 0x0000017A811683C8>
Sampling rate: 24000.0
Raw: [ 0.02085333  0.02043967  0.02052644 ... -0.02218732 -0.02150573
 -0.01811243]
Times: [   1583    1934    2430 ... 1439313 1439656 1439854]
Cluster: [3 3 3 ... 2 2 1]
Number of different clusters:  3
Number of Spikes: 3364
First aligned Spike Frame: [-0.05170878 -0.0548761  -0.06029554 -0.06053219 -0.04807119 -0.02780025
 -0.01550543 -0.01702494 -0.02945104 -0.04493807 -0.07056858 -0.07003585
  0.07629654  0.43081562  0.80470191  0.96319627  0.89198123  0.73643948
  0.58987232  0.46714337  0.36345495  0.2828462   0.22743292  0.182731
  0.13931053  0.09524506  0.05136602  0.01367166 -0.01393093 -0.03985679
 -0.07387102 -0.11218435 -0.1444455  -0.16672578 -0.17809238 -0.18020802
 -0.17953732 -0.18246903 -0.18617363 -0.18205375 -0.17299738 -0.16958427
 -0.17248955 -0.17516876 -0.1727246  -0.16696514 -0.15993314]
Cluster 0, Occurrences: 1120
Cluster 1, Occurrences: 1109
Cluster 2, Occurrences: 1135
<torch.utils.data.dataloader.DataLoader object at 0x0000017A81C2E7B8>
Epoch [1/4]: mean_loss=0.0001689532187415174
Epoch [2/4]: mean_loss=6.771390753707933e-05
Epoch [3/4]: mean_loss=6.652016250605448e-05
Epoch [4/4]: mean_loss=6.609618077627699e-05
Number of Clusters: 3
Number of Samples after Autoencoder testing: 3364
First Spike after testing: [-1.2581449 -1.5466918]
[2 2 2 ... 1 1 0]
[2 2 2 ... 1 1 0]
Cluster 0 Occurrences: 1120; KMEANS: 1140
Cluster 1 Occurrences: 1109; KMEANS: 1109
Cluster 2 Occurrences: 1135; KMEANS: 1115
Centroids: [[-0.16618401, -2.1744804], [-2.98476, 1.0388234], [-1.2241865, -1.6338661]]
Centroids: [[-0.1430833, -2.2086132], [-3.0074823, 1.0483525], [-1.2441827, -1.5987486]]
Contingency Matrix: 
[[1107    3   10]
 [   2 1095   12]
 [  31   11 1093]]
[[1107, 3, 10], [2, 1095, 12], [31, 11, 1093]]
[[1107, 3, 10], [2, 1095, 12], [31, 11, 1093]]
[0, 1, 2]
[[-1, -1, -1], [-1, 1095, 12], [-1, 11, 1093]]
[[-1, -1, -1], [-1, -1, -1], [-1, -1, 1093]]
[[-1, -1, -1], [-1, -1, -1], [-1, -1, -1]]
Match_Labels: {0: 0, 1: 1, 2: 2}
New Contingency Matrix: 
[[1107    3   10]
 [   2 1095   12]
 [  31   11 1093]]
New Clustered Label Sequence: [0, 1, 2]
Diagonal_Elements: [1107, 1095, 1093], Sum: 3295
All_Elements: [1107, 3, 10, 2, 1095, 12, 31, 11, 1093], Sum: 3364
Accuracy: 0.9794887039239001
