Seed: 0
Experiment_path: AE_Model_1/Epochs//V5/Experiment_05
Dataset_Path: ../_00_Datasets/03_SimDaten_Quiroga2020/C_Easy1_noise035.mat
Dataset_name: ['03_SimDaten_Quiroga2020', 'C_Easy1_noise035.mat']
Variant_name: Variant_05_Online_Autoencoder_QLearning
Visualisation_Path: AE_Model_1/Epochs//V5/Experiment_05/C_Easy1_noise035.mat/Variant_05_Online_Autoencoder_QLearning/2023_04_25-14_01_45
Normalisation: False
Template Matching: False
Optimising Autoencoder: False
Update Factor: 1
Noisy Batches: False
Noisy Factor: 0.1
Epochs: 2
Batch Size: 1
maximal Spikes for Autoencoder Training : 700
maximal Spikes for Training: 1000
Input Size: 47
Chosen Model: Autoencoder
Autoencoder(
  (encoder): Sequential(
    (0): Linear(in_features=47, out_features=12, bias=True)
    (1): LeakyReLU(negative_slope=0.01)
    (2): Linear(in_features=12, out_features=2, bias=True)
  )
  (decoder): Sequential(
    (0): Linear(in_features=2, out_features=12, bias=True)
    (1): LeakyReLU(negative_slope=0.01)
    (2): Linear(in_features=12, out_features=47, bias=True)
  )
)
MSELoss()
Adam (
Parameter Group 0
    amsgrad: False
    betas: (0.9, 0.999)
    capturable: False
    differentiable: False
    eps: 1e-08
    foreach: None
    fused: False
    lr: 0.001
    maximize: False
    weight_decay: 0
)
---Q Learning Parameters---
Normalisation: False
Punishment Coefficient: 0.9
Alpha: 0.8
Epsilon: 0.01
Gamma: 0.97
Initial Episode Number: 0
Episode Number Coefficient: 1.4
Number of Random Features: 20
Planning Number: 20
Max Random Features: 60
New Episode Number: 72
New Episode Number: 143
New Episode Number: 215
New Episode Number: 286
New Episode Number: 358
New Episode Number: 429
New Episode Number: 500
New Episode Number: 572
                 0      1      2      3      4      5      6      7      8
new_cluster -40.93 -46.53 -38.84 -41.68 -40.96 -54.92 -54.88 -41.31 -39.75
c1          -40.92 -46.64 -38.98 -41.65 -39.73 -56.02 -55.25 -40.90 -38.99
c2          -40.92 -46.35 -39.85 -42.08 -40.46 -55.75 -56.91 -41.14 -39.19
c3          -40.91 -46.36 -38.94 -41.43 -40.44 -55.79 -55.31 -40.45 -39.22
c4          -41.00 -45.91 -38.68 -41.61 -40.45 -55.80 -54.46 -40.86 -38.99
c5          -40.92 -45.76 -38.64 -42.17 -40.72 -55.82 -54.59 -40.52 -39.30
c6          -40.91 -47.20 -38.80 -42.63 -40.46 -55.45 -55.24 -40.65 -38.81
c7          -40.91 -46.46 -38.86 -42.07 -40.93 -55.62 -56.52 -40.57 -39.04
c8          -40.92 -45.12 -39.22 -42.93 -40.63 -55.38 -54.03 -40.48 -39.23
\begin{tabular}{lrrrrrrrrr}
\toprule
{} &      0 &      1 &      2 &      3 &      4 &      5 &      6 &      7 &      8 \\
\midrule
new\_cluster & -40.93 & -46.53 & -38.84 & -41.68 & -40.96 & -54.92 & -54.88 & -41.31 & -39.75 \\
c1          & -40.92 & -46.64 & -38.98 & -41.65 & -39.73 & -56.02 & -55.25 & -40.90 & -38.99 \\
c2          & -40.92 & -46.35 & -39.85 & -42.08 & -40.46 & -55.75 & -56.91 & -41.14 & -39.19 \\
c3          & -40.91 & -46.36 & -38.94 & -41.43 & -40.44 & -55.79 & -55.31 & -40.45 & -39.22 \\
c4          & -41.00 & -45.91 & -38.68 & -41.61 & -40.45 & -55.80 & -54.46 & -40.86 & -38.99 \\
c5          & -40.92 & -45.76 & -38.64 & -42.17 & -40.72 & -55.82 & -54.59 & -40.52 & -39.30 \\
c6          & -40.91 & -47.20 & -38.80 & -42.63 & -40.46 & -55.45 & -55.24 & -40.65 & -38.81 \\
c7          & -40.91 & -46.46 & -38.86 & -42.07 & -40.93 & -55.62 & -56.52 & -40.57 & -39.04 \\
c8          & -40.92 & -45.12 & -39.22 & -42.93 & -40.63 & -55.38 & -54.03 & -40.48 & -39.23 \\
\bottomrule
\end{tabular}

                                0            1  ...            7            8
new_cluster  [-3.24, new_cluster]  [-9.16, c1]  ...  [-3.64, c7]  [-1.72, c8]
c1           [-3.24, new_cluster]  [-8.94, c1]  ...   [-3.3, c7]  [-1.32, c8]
c2           [-3.24, new_cluster]  [-8.99, c1]  ...  [-3.54, c7]  [-1.42, c8]
c3           [-3.24, new_cluster]  [-8.64, c1]  ...  [-3.26, c7]  [-1.25, c8]
c4           [-3.24, new_cluster]  [-8.61, c1]  ...  [-3.26, c7]  [-1.25, c8]
c5           [-3.24, new_cluster]  [-8.39, c1]  ...  [-3.26, c7]  [-1.32, c8]
c6           [-3.24, new_cluster]  [-9.49, c1]  ...  [-3.46, c7]  [-1.14, c8]
c7           [-3.24, new_cluster]  [-8.74, c1]  ...  [-3.38, c7]   [-1.4, c8]
c8           [-3.24, new_cluster]  [-7.82, c1]  ...  [-3.28, c7]  [-1.45, c8]

[9 rows x 9 columns]
\begin{tabular}{llllllllll}
\toprule
{} &                     0 &            1 &            2 &            3 &            4 &             5 &             6 &            7 &            8 \\
\midrule
new\_cluster &  [-3.24, new\_cluster] &  [-9.16, c1] &  [-1.46, c2] &  [-4.44, c3] &  [-3.48, c4] &  [-17.93, c5] &  [-17.35, c6] &  [-3.64, c7] &  [-1.72, c8] \\
c1          &  [-3.24, new\_cluster] &  [-8.94, c1] &  [-1.21, c2] &  [-3.99, c3] &  [-2.39, c4] &  [-19.04, c5] &  [-18.06, c6] &   [-3.3, c7] &  [-1.32, c8] \\
c2          &  [-3.24, new\_cluster] &  [-8.99, c1] &  [-1.87, c2] &  [-4.87, c3] &  [-2.96, c4] &  [-18.75, c5] &  [-19.72, c6] &  [-3.54, c7] &  [-1.42, c8] \\
c3          &  [-3.24, new\_cluster] &  [-8.64, c1] &  [-1.05, c2] &  [-4.21, c3] &  [-2.93, c4] &   [-18.8, c5] &  [-17.77, c6] &  [-3.26, c7] &  [-1.25, c8] \\
c4          &  [-3.24, new\_cluster] &  [-8.61, c1] &  [-1.18, c2] &  [-4.34, c3] &  [-2.98, c4] &  [-18.92, c5] &  [-17.33, c6] &  [-3.26, c7] &  [-1.25, c8] \\
c5          &  [-3.24, new\_cluster] &  [-8.39, c1] &  [-0.75, c2] &  [-4.91, c3] &  [-3.21, c4] &  [-18.86, c5] &  [-17.05, c6] &  [-3.26, c7] &  [-1.32, c8] \\
c6          &  [-3.24, new\_cluster] &  [-9.49, c1] &  [-0.89, c2] &  [-4.96, c3] &  [-2.95, c4] &  [-18.45, c5] &   [-17.7, c6] &  [-3.46, c7] &  [-1.14, c8] \\
c7          &  [-3.24, new\_cluster] &  [-8.74, c1] &  [-1.12, c2] &   [-4.8, c3] &  [-3.42, c4] &  [-18.57, c5] &  [-19.33, c6] &  [-3.38, c7] &   [-1.4, c8] \\
c8          &  [-3.24, new\_cluster] &  [-7.82, c1] &  [-1.23, c2] &  [-5.27, c3] &  [-3.12, c4] &  [-18.34, c5] &  [-16.91, c6] &  [-3.28, c7] &  [-1.45, c8] \\
\bottomrule
\end{tabular}

