Experiment_path: AE_Model_2/Random_Seeds_DV5//V5_1/Experiment_05_3_opt
Dataset_Path: ../_00_Datasets/03_SimDaten_Quiroga2020/C_Easy2_noise015.mat
Dataset_name: ['03_SimDaten_Quiroga2020', 'C_Easy2_noise015.mat']
Variant_name: Variant_05_Online_Autoencoder_QLearning_opt
Visualisation_Path: AE_Model_2/Random_Seeds_DV5//V5_1/Experiment_05_3_opt/C_Easy2_noise015.mat/Variant_05_Online_Autoencoder_QLearning_opt/2023_05_04-16_48_32
Punishment_Coefficient: 0.9
<_01_LoadDataset.ExternCode.spike_class.spike_dataclass object at 0x00000267221905F8>
Sampling rate: 24000.0
Raw: [0.10609669 0.12118301 0.13260104 ... 0.04210554 0.02260723 0.01955233]
Times: [    280    1061    1071 ... 1439631 1439716 1439810]
Cluster: [1 3 1 ... 2 2 3]
Number of different clusters:  3
Number of Spikes: 3411
First aligned Spike Frame: [ 2.02686231e-02  4.10226375e-02  5.47302833e-02  6.75455965e-02
  7.31110476e-02  7.55341824e-02  6.24087212e-02  3.48405580e-02
  4.67612510e-03  3.11249190e-03  8.94324356e-03  4.24616810e-04
 -6.85644094e-02 -1.88193358e-01 -2.95062164e-01 -3.04804993e-01
 -1.80968869e-01  9.08445140e-02  4.69281397e-01  8.12588139e-01
  1.01247328e+00  1.07477323e+00  1.05264776e+00  9.80941312e-01
  8.59493136e-01  7.23747425e-01  6.30635083e-01  6.09810792e-01
  6.21566307e-01  6.10615318e-01  5.92057940e-01  5.70062731e-01
  5.39545035e-01  4.88086979e-01  4.33332627e-01  3.78964556e-01
  3.25819622e-01  2.83509204e-01  2.65213838e-01  2.75311674e-01
  2.95781207e-01  3.01368080e-01  2.86879888e-01  2.42452837e-01
  1.98600507e-01  1.34431645e-01  5.92612532e-02]
Cluster 0, Occurrences: 1181
Cluster 1, Occurrences: 1098
Cluster 2, Occurrences: 1132
Number of Clusters: 3
Online_Training [1/700]: mean_loss=0.24536006152629852
Online_Training [2/700]: mean_loss=0.16877700947225094
Online_Training [3/700]: mean_loss=0.1969775352627039
Online_Training [4/700]: mean_loss=0.14938576146960258
Online_Training [5/700]: mean_loss=0.14421666786074638
Online_Training [6/700]: mean_loss=0.21642343513667583
Online_Training [7/700]: mean_loss=0.09636588860303164
Online_Training [8/700]: mean_loss=0.21826186031103134
Online_Training [9/700]: mean_loss=0.16947457939386368
Online_Training [10/700]: mean_loss=0.06441982509568334
Online_Training [11/700]: mean_loss=0.04021060559898615
Online_Training [12/700]: mean_loss=0.10172922350466251
Online_Training [13/700]: mean_loss=0.043484794441610575
Online_Training [14/700]: mean_loss=0.053670233115553856
Online_Training [15/700]: mean_loss=0.1342637399211526
Online_Training [16/700]: mean_loss=0.04394466895610094
Online_Training [17/700]: mean_loss=0.04290790529921651
Online_Training [18/700]: mean_loss=0.13232376612722874
Online_Training [19/700]: mean_loss=0.0865548262372613
Online_Training [20/700]: mean_loss=0.045342635829001665
Online_Training [21/700]: mean_loss=0.0184697350487113
Online_Training [22/700]: mean_loss=0.09544605761766434
Online_Training [23/700]: mean_loss=0.07562634162604809
Online_Training [24/700]: mean_loss=0.02579815569333732
Online_Training [25/700]: mean_loss=0.1240353723987937
Online_Training [26/700]: mean_loss=0.07601744774729013
Online_Training [27/700]: mean_loss=0.07860369514673948
Online_Training [28/700]: mean_loss=0.07669094670563936
Online_Training [29/700]: mean_loss=0.10409074928611517
Online_Training [30/700]: mean_loss=0.09807702992111444
Online_Training [31/700]: mean_loss=0.05654382426291704
Online_Training [32/700]: mean_loss=0.08260304015129805
Online_Training [33/700]: mean_loss=0.041494292905554175
Online_Training [34/700]: mean_loss=0.09070362336933613
Online_Training [35/700]: mean_loss=0.25206489861011505
Online_Training [36/700]: mean_loss=0.0835192333906889
Online_Training [37/700]: mean_loss=0.14180316776037216
Online_Training [38/700]: mean_loss=0.24198869056999683
Online_Training [39/700]: mean_loss=0.09490326698869467
Online_Training [40/700]: mean_loss=0.057767244055867195
Online_Training [41/700]: mean_loss=0.05024650599807501
Online_Training [42/700]: mean_loss=0.13716677576303482
Online_Training [43/700]: mean_loss=0.08102132845669985
Online_Training [44/700]: mean_loss=0.1788705550134182
Online_Training [45/700]: mean_loss=0.15553398802876472
Online_Training [46/700]: mean_loss=0.10263222642242908
Online_Training [47/700]: mean_loss=0.052266286220401525
Online_Training [48/700]: mean_loss=0.05418645590543747
Online_Training [49/700]: mean_loss=0.10309352818876505
Online_Training [50/700]: mean_loss=0.07850234024226665
Online_Training [51/700]: mean_loss=0.027499211952090263
Online_Training [52/700]: mean_loss=0.0391870797611773
Online_Training [53/700]: mean_loss=0.0660775639116764
Online_Training [54/700]: mean_loss=0.034817599691450596
Online_Training [55/700]: mean_loss=0.0689355144277215
Online_Training [56/700]: mean_loss=0.07820630446076393
Online_Training [57/700]: mean_loss=0.0625458057038486
Online_Training [58/700]: mean_loss=0.05945203686133027
Online_Training [59/700]: mean_loss=0.03173234825953841
Online_Training [60/700]: mean_loss=0.1295260488986969
Online_Training [61/700]: mean_loss=0.1336360964924097
Online_Training [62/700]: mean_loss=0.08559676725417376
Online_Training [63/700]: mean_loss=0.017456347355619073
Online_Training [64/700]: mean_loss=0.04381878534331918
Online_Training [65/700]: mean_loss=0.039482935797423124
Online_Training [66/700]: mean_loss=0.047985916025936604
Online_Training [67/700]: mean_loss=0.03186026425100863
Online_Training [68/700]: mean_loss=0.03486595023423433
Online_Training [69/700]: mean_loss=0.04015271831303835
Online_Training [70/700]: mean_loss=0.01350086834281683
Online_Training [71/700]: mean_loss=0.022892996203154325
Online_Training [72/700]: mean_loss=0.012757232296280563
Online_Training [73/700]: mean_loss=0.010277461493387818
Online_Training [74/700]: mean_loss=0.04181315703317523
Online_Training [75/700]: mean_loss=0.01804795116186142
Online_Training [76/700]: mean_loss=0.03217265382409096
Online_Training [77/700]: mean_loss=0.05085388896986842
Online_Training [78/700]: mean_loss=0.19645906426012516
Online_Training [79/700]: mean_loss=0.2678091321140528
Online_Training [80/700]: mean_loss=0.10397196840494871
Online_Training [81/700]: mean_loss=0.1022957218810916
Online_Training [82/700]: mean_loss=0.022002145182341337
Online_Training [83/700]: mean_loss=0.07556942012161016
Online_Training [84/700]: mean_loss=0.04543556598946452
Online_Training [85/700]: mean_loss=0.0461710300296545
Online_Training [86/700]: mean_loss=0.02648955979384482
Online_Training [87/700]: mean_loss=0.06340835383161902
Online_Training [88/700]: mean_loss=0.06770350225269794
Online_Training [89/700]: mean_loss=0.023956784047186375
Online_Training [90/700]: mean_loss=0.026368938386440277
Online_Training [91/700]: mean_loss=0.05689223692752421
Online_Training [92/700]: mean_loss=0.10597495827823877
Online_Training [93/700]: mean_loss=0.041501928586512804
Online_Training [94/700]: mean_loss=0.03357306122779846
Online_Training [95/700]: mean_loss=0.02349086105823517
Online_Training [96/700]: mean_loss=0.040178120136260986
Online_Training [97/700]: mean_loss=0.023099842481315136
Online_Training [98/700]: mean_loss=0.05259398277848959
Online_Training [99/700]: mean_loss=0.02209273143671453
Online_Training [100/700]: mean_loss=0.01730844157282263
Online_Training [101/700]: mean_loss=0.01945729146245867
Online_Training [102/700]: mean_loss=0.009191550896503031
Online_Training [103/700]: mean_loss=0.031475905096158385
Online_Training [104/700]: mean_loss=0.0326901450753212
Online_Training [105/700]: mean_loss=0.05857417918741703
Online_Training [106/700]: mean_loss=0.016294729197397828
Online_Training [107/700]: mean_loss=0.01325089717283845
Online_Training [108/700]: mean_loss=0.008569786150474101
Online_Training [109/700]: mean_loss=0.05366791319102049
Online_Training [110/700]: mean_loss=0.04129909165203571
Online_Training [111/700]: mean_loss=0.04024833207949996
Online_Training [112/700]: mean_loss=0.015954300528392196
Online_Training [113/700]: mean_loss=0.026120065478608012
Online_Training [114/700]: mean_loss=0.05193876614794135
Online_Training [115/700]: mean_loss=0.14537919498980045
Online_Training [116/700]: mean_loss=0.05231398344039917
Online_Training [117/700]: mean_loss=0.011212683282792568
Online_Training [118/700]: mean_loss=0.06683703139424324
Online_Training [119/700]: mean_loss=0.021768189035356045
Online_Training [120/700]: mean_loss=0.023824027040973306
Online_Training [121/700]: mean_loss=0.04333779355511069
Online_Training [122/700]: mean_loss=0.014033916988410056
Online_Training [123/700]: mean_loss=0.06415353808552027
Online_Training [124/700]: mean_loss=0.018696683691814542
Online_Training [125/700]: mean_loss=0.014856468769721687
Online_Training [126/700]: mean_loss=0.029151615919545293
Online_Training [127/700]: mean_loss=0.014132605167105794
Online_Training [128/700]: mean_loss=0.0472368779592216
Online_Training [129/700]: mean_loss=0.018455413402989507
Online_Training [130/700]: mean_loss=0.020536171970888972
Online_Training [131/700]: mean_loss=0.03256272058933973
Online_Training [132/700]: mean_loss=0.04433598602190614
Online_Training [133/700]: mean_loss=0.015209430479444563
Online_Training [134/700]: mean_loss=0.02145536500029266
Online_Training [135/700]: mean_loss=0.01918885763734579
Online_Training [136/700]: mean_loss=0.029080832144245505
Online_Training [137/700]: mean_loss=0.008212236047256738
Online_Training [138/700]: mean_loss=0.012882934417575598
Online_Training [139/700]: mean_loss=0.01428528770338744
Online_Training [140/700]: mean_loss=0.028879825957119465
Online_Training [141/700]: mean_loss=0.022984870010986924
Online_Training [142/700]: mean_loss=0.033106862334534526
Online_Training [143/700]: mean_loss=0.02141995611600578
Online_Training [144/700]: mean_loss=0.0238182891625911
Online_Training [145/700]: mean_loss=0.024830931099131703
Online_Training [146/700]: mean_loss=0.011732331244274974
Online_Training [147/700]: mean_loss=0.027096988866105676
Online_Training [148/700]: mean_loss=0.022370411781594157
Online_Training [149/700]: mean_loss=0.018545108381658792
Online_Training [150/700]: mean_loss=0.005947765486780554
Online_Training [151/700]: mean_loss=0.01661748462356627
Online_Training [152/700]: mean_loss=0.02475569350644946
Online_Training [153/700]: mean_loss=0.01595212530810386
Online_Training [154/700]: mean_loss=0.049027358647435904
Online_Training [155/700]: mean_loss=0.010802865610457957
Online_Training [156/700]: mean_loss=0.027695360127836466
Online_Training [157/700]: mean_loss=0.022977699525654316
Online_Training [158/700]: mean_loss=0.15917899459600449
Online_Training [159/700]: mean_loss=0.022335786372423172
Online_Training [160/700]: mean_loss=0.03719733748584986
Online_Training [161/700]: mean_loss=0.026652768021449447
Online_Training [162/700]: mean_loss=0.034839251078665257
Online_Training [163/700]: mean_loss=0.02159053343348205
Online_Training [164/700]: mean_loss=0.01800638239365071
Online_Training [165/700]: mean_loss=0.03298015729524195
Online_Training [166/700]: mean_loss=0.025487899780273438
Online_Training [167/700]: mean_loss=0.020778694422915578
Online_Training [168/700]: mean_loss=0.020674546249210835
Online_Training [169/700]: mean_loss=0.035991339245811105
Online_Training [170/700]: mean_loss=0.01670099003240466
Online_Training [171/700]: mean_loss=0.01923451852053404
Online_Training [172/700]: mean_loss=0.04158038739115
Online_Training [173/700]: mean_loss=0.03124658716842532
Online_Training [174/700]: mean_loss=0.012611348531208932
Online_Training [175/700]: mean_loss=0.056255375035107136
Online_Training [176/700]: mean_loss=0.01383312710095197
Online_Training [177/700]: mean_loss=0.10161164868623018
Online_Training [178/700]: mean_loss=0.03985898196697235
Online_Training [179/700]: mean_loss=0.03693561814725399
Online_Training [180/700]: mean_loss=0.015768170589581132
Online_Training [181/700]: mean_loss=0.0368441678583622
Online_Training [182/700]: mean_loss=0.04677799763157964
Online_Training [183/700]: mean_loss=0.02444962039589882
Online_Training [184/700]: mean_loss=0.013902295962907374
Online_Training [185/700]: mean_loss=0.013468488934449852
Online_Training [186/700]: mean_loss=0.03011294105090201
Online_Training [187/700]: mean_loss=0.013729720958508551
Online_Training [188/700]: mean_loss=0.0407222593203187
Online_Training [189/700]: mean_loss=0.04350462928414345
Online_Training [190/700]: mean_loss=0.030460893409326673
Online_Training [191/700]: mean_loss=0.018414164893329144
Online_Training [192/700]: mean_loss=0.0916271498426795
Online_Training [193/700]: mean_loss=0.07608736306428909
Online_Training [194/700]: mean_loss=0.020592157496139407
Online_Training [195/700]: mean_loss=0.01655661768745631
Online_Training [196/700]: mean_loss=0.023783668875694275
Online_Training [197/700]: mean_loss=0.02660029660910368
Online_Training [198/700]: mean_loss=0.01496918173506856
Online_Training [199/700]: mean_loss=0.007425054325722158
Online_Training [200/700]: mean_loss=0.0179304217454046
Online_Training [201/700]: mean_loss=0.013198860455304384
Online_Training [202/700]: mean_loss=0.010557798435911536
Online_Training [203/700]: mean_loss=0.007714839361142367
Online_Training [204/700]: mean_loss=0.017720437608659267
Online_Training [205/700]: mean_loss=0.022532908245921135
Online_Training [206/700]: mean_loss=0.013884254614822567
Online_Training [207/700]: mean_loss=0.022129087010398507
Online_Training [208/700]: mean_loss=0.15817051753401756
Online_Training [209/700]: mean_loss=0.06836997391656041
Online_Training [210/700]: mean_loss=0.05783532978966832
Online_Training [211/700]: mean_loss=0.020146121736615896
Online_Training [212/700]: mean_loss=0.013413811451755464
Online_Training [213/700]: mean_loss=0.06219221046194434
Online_Training [214/700]: mean_loss=0.03880826570093632
Online_Training [215/700]: mean_loss=0.014414342469535768
Online_Training [216/700]: mean_loss=0.010396362165920436
Online_Training [217/700]: mean_loss=0.02055441401898861
Online_Training [218/700]: mean_loss=0.013181342044845223
Online_Training [219/700]: mean_loss=0.019101530546322465
Online_Training [220/700]: mean_loss=0.012796197668649256
Online_Training [221/700]: mean_loss=0.010542599949985743
Online_Training [222/700]: mean_loss=0.015379732940346003
Online_Training [223/700]: mean_loss=0.024153549456968904
Online_Training [224/700]: mean_loss=0.00767942238599062
Online_Training [225/700]: mean_loss=0.008726648055016994
Online_Training [226/700]: mean_loss=0.003967598982853815
Online_Training [227/700]: mean_loss=0.034586195135489106
Online_Training [228/700]: mean_loss=0.018028504215180874
Online_Training [229/700]: mean_loss=0.011172158061526716
Online_Training [230/700]: mean_loss=0.02007233363110572
Online_Training [231/700]: mean_loss=0.025727145140990615
Online_Training [232/700]: mean_loss=0.01595461484976113
Online_Training [233/700]: mean_loss=0.012712563970126212
Online_Training [234/700]: mean_loss=0.02046620869077742
Online_Training [235/700]: mean_loss=0.014249650412239134
Online_Training [236/700]: mean_loss=0.11894625518471003
Online_Training [237/700]: mean_loss=0.11243133805692196
Online_Training [238/700]: mean_loss=0.01844116416759789
Online_Training [239/700]: mean_loss=0.02685418608598411
Online_Training [240/700]: mean_loss=0.019511951133608818
Online_Training [241/700]: mean_loss=0.08784251380711794
Online_Training [242/700]: mean_loss=0.05001573543995619
Online_Training [243/700]: mean_loss=0.0172046433435753
Online_Training [244/700]: mean_loss=0.03447024850174785
Online_Training [245/700]: mean_loss=0.04122593719512224
Online_Training [246/700]: mean_loss=0.012304771924391389
Online_Training [247/700]: mean_loss=0.009462395973969251
Online_Training [248/700]: mean_loss=0.016043964307755232
Online_Training [249/700]: mean_loss=0.04842700017616153
Online_Training [250/700]: mean_loss=0.06157497223466635
Online_Training [251/700]: mean_loss=0.015533109661191702
Online_Training [252/700]: mean_loss=0.013502705958671868
Online_Training [253/700]: mean_loss=0.028488024603575468
Online_Training [254/700]: mean_loss=0.016638854518532753
Online_Training [255/700]: mean_loss=0.01581875025294721
Online_Training [256/700]: mean_loss=0.01884546992368996
Online_Training [257/700]: mean_loss=0.029790821485221386
Online_Training [258/700]: mean_loss=0.01308802969288081
Online_Training [259/700]: mean_loss=0.02707256656140089
Online_Training [260/700]: mean_loss=0.01286390412133187
Online_Training [261/700]: mean_loss=0.0034317095123697072
Online_Training [262/700]: mean_loss=0.01582442072685808
Online_Training [263/700]: mean_loss=0.0183546612970531
Online_Training [264/700]: mean_loss=0.0046411278017330915
Online_Training [265/700]: mean_loss=0.08485196623951197
Online_Training [266/700]: mean_loss=0.022070563631132245
Online_Training [267/700]: mean_loss=0.016220279037952423
Online_Training [268/700]: mean_loss=0.028453923761844635
Online_Training [269/700]: mean_loss=0.020434793084859848
Online_Training [270/700]: mean_loss=0.03016493795439601
Online_Training [271/700]: mean_loss=0.06596762919798493
Online_Training [272/700]: mean_loss=0.009786741808056831
Online_Training [273/700]: mean_loss=0.009513422613963485
Online_Training [274/700]: mean_loss=0.039773338474333286
Online_Training [275/700]: mean_loss=0.028700643684715033
Online_Training [276/700]: mean_loss=0.011824938585050404
Online_Training [277/700]: mean_loss=0.020111948484554887
Online_Training [278/700]: mean_loss=0.028312173672020435
Online_Training [279/700]: mean_loss=0.009670948085840791
Online_Training [280/700]: mean_loss=0.011258917860686779
Online_Training [281/700]: mean_loss=0.027692075120285153
Online_Training [282/700]: mean_loss=0.018313459702767432
Online_Training [283/700]: mean_loss=0.005858928838279098
Online_Training [284/700]: mean_loss=0.008342573477420956
Online_Training [285/700]: mean_loss=0.05355256609618664
Online_Training [286/700]: mean_loss=0.015958993113599718
Online_Training [287/700]: mean_loss=0.04552037036046386
Online_Training [288/700]: mean_loss=0.03896333463490009
Online_Training [289/700]: mean_loss=0.014820349519141018
Online_Training [290/700]: mean_loss=0.019319271901622415
Online_Training [291/700]: mean_loss=0.014372380799613893
Online_Training [292/700]: mean_loss=0.02743731113150716
Online_Training [293/700]: mean_loss=0.013914776151068509
Online_Training [294/700]: mean_loss=0.025570865022018552
Online_Training [295/700]: mean_loss=0.03014582605101168
Online_Training [296/700]: mean_loss=0.010095254401676357
Online_Training [297/700]: mean_loss=0.008547294535674155
Online_Training [298/700]: mean_loss=0.0388221712782979
Online_Training [299/700]: mean_loss=0.030273064970970154
Online_Training [300/700]: mean_loss=0.022792556788772345
Online_Training [301/700]: mean_loss=0.021276727318763733
Online_Training [302/700]: mean_loss=0.02720121154561639
Online_Training [303/700]: mean_loss=0.02155110810417682
Online_Training [304/700]: mean_loss=0.00883134943433106
Online_Training [305/700]: mean_loss=0.01652260823175311
Online_Training [306/700]: mean_loss=0.016744049731642008
Online_Training [307/700]: mean_loss=0.012143682863097638
Online_Training [308/700]: mean_loss=0.019604854518547654
Online_Training [309/700]: mean_loss=0.007485611247830093
Online_Training [310/700]: mean_loss=0.017112409812398255
Online_Training [311/700]: mean_loss=0.012392669217661023
Online_Training [312/700]: mean_loss=0.0056717389379628
Online_Training [313/700]: mean_loss=0.031089098658412695
Online_Training [314/700]: mean_loss=0.012498330441303551
Online_Training [315/700]: mean_loss=0.00850499578518793
Online_Training [316/700]: mean_loss=0.02857949724420905
Online_Training [317/700]: mean_loss=0.014660901855677366
Online_Training [318/700]: mean_loss=0.013880541897378862
Online_Training [319/700]: mean_loss=0.00516165402950719
Online_Training [320/700]: mean_loss=0.025558691704645753
Online_Training [321/700]: mean_loss=0.020254071801900864
Online_Training [322/700]: mean_loss=0.011048339889384806
Online_Training [323/700]: mean_loss=0.019501840695738792
Online_Training [324/700]: mean_loss=0.0334730779286474
Online_Training [325/700]: mean_loss=0.05438210675492883
Online_Training [326/700]: mean_loss=0.029700757237151265
Online_Training [327/700]: mean_loss=0.028876007301732898
Online_Training [328/700]: mean_loss=0.012265469995327294
Online_Training [329/700]: mean_loss=0.017568493727594614
Online_Training [330/700]: mean_loss=0.023603372275829315
Online_Training [331/700]: mean_loss=0.01881103392224759
Online_Training [332/700]: mean_loss=0.017055149539373815
Online_Training [333/700]: mean_loss=0.028102995362132788
Online_Training [334/700]: mean_loss=0.019294098019599915
Online_Training [335/700]: mean_loss=0.009542297455482185
Online_Training [336/700]: mean_loss=0.016816347022540867
Online_Training [337/700]: mean_loss=0.005374428641516715
Online_Training [338/700]: mean_loss=0.008783917175605893
Online_Training [339/700]: mean_loss=0.01731666922569275
Online_Training [340/700]: mean_loss=0.01712803659029305
Online_Training [341/700]: mean_loss=0.014417506288737059
Online_Training [342/700]: mean_loss=0.012740230304189026
Online_Training [343/700]: mean_loss=0.014104874455370009
Online_Training [344/700]: mean_loss=0.009077221155166626
Online_Training [345/700]: mean_loss=0.011052696267142892
Online_Training [346/700]: mean_loss=0.007399321882985532
Online_Training [347/700]: mean_loss=0.023112711496651173
Online_Training [348/700]: mean_loss=0.01055700599681586
Online_Training [349/700]: mean_loss=0.04010429559275508
Online_Training [350/700]: mean_loss=0.0075049550505355
Online_Training [351/700]: mean_loss=0.022678478620946407
Online_Training [352/700]: mean_loss=0.013625958934426308
Online_Training [353/700]: mean_loss=0.025350823299959302
Online_Training [354/700]: mean_loss=0.005563719547353685
Online_Training [355/700]: mean_loss=0.012255237787030637
Online_Training [356/700]: mean_loss=0.025223174598068
Online_Training [357/700]: mean_loss=0.0130673743551597
Online_Training [358/700]: mean_loss=0.013299834332428873
Online_Training [359/700]: mean_loss=0.007245314656756818
Online_Training [360/700]: mean_loss=0.018480367842130363
Online_Training [361/700]: mean_loss=0.02193762199021876
Online_Training [362/700]: mean_loss=0.013607421424239874
Online_Training [363/700]: mean_loss=0.02083877893164754
Online_Training [364/700]: mean_loss=0.007769653806462884
Online_Training [365/700]: mean_loss=0.019257439416833222
Online_Training [366/700]: mean_loss=0.06656671408563852
Online_Training [367/700]: mean_loss=0.10908770095556974
Online_Training [368/700]: mean_loss=0.016392475925385952
Online_Training [369/700]: mean_loss=0.010340401087887585
Online_Training [370/700]: mean_loss=0.07685190252959728
Online_Training [371/700]: mean_loss=0.08492122683674097
Online_Training [372/700]: mean_loss=0.03800956020131707
Online_Training [373/700]: mean_loss=0.019269741605967283
Online_Training [374/700]: mean_loss=0.01801266591064632
Online_Training [375/700]: mean_loss=0.024052800377830863
Online_Training [376/700]: mean_loss=0.017897369456477463
Online_Training [377/700]: mean_loss=0.0301522898953408
Online_Training [378/700]: mean_loss=0.02504627243615687
Online_Training [379/700]: mean_loss=0.01814076886512339
Online_Training [380/700]: mean_loss=0.029350667260587215
Online_Training [381/700]: mean_loss=0.008560016052797437
Online_Training [382/700]: mean_loss=0.013508576201274991
Online_Training [383/700]: mean_loss=0.019092128379270434
Online_Training [384/700]: mean_loss=0.020154569996520877
Online_Training [385/700]: mean_loss=0.01192674390040338
Online_Training [386/700]: mean_loss=0.004361989442259073
Online_Training [387/700]: mean_loss=0.008472107467241585
Online_Training [388/700]: mean_loss=0.005186157475691289
Online_Training [389/700]: mean_loss=0.014425415429286659
Online_Training [390/700]: mean_loss=0.026707515586167574
Online_Training [391/700]: mean_loss=0.02755354531109333
Online_Training [392/700]: mean_loss=0.011363509576767683
Online_Training [393/700]: mean_loss=0.22228368185460567
Online_Training [394/700]: mean_loss=0.09319674130529165
Online_Training [395/700]: mean_loss=0.014871694962494075
Online_Training [396/700]: mean_loss=0.0036443046701606363
Online_Training [397/700]: mean_loss=0.014764429070055485
Online_Training [398/700]: mean_loss=0.08946571499109268
Online_Training [399/700]: mean_loss=0.11976605653762817
Online_Training [400/700]: mean_loss=0.027172377100214362
Online_Training [401/700]: mean_loss=0.034588903188705444
Online_Training [402/700]: mean_loss=0.00865299830911681
Online_Training [403/700]: mean_loss=0.021628103218972683
Online_Training [404/700]: mean_loss=0.01117826346307993
Online_Training [405/700]: mean_loss=0.011462737806141376
Online_Training [406/700]: mean_loss=0.04388664523139596
Online_Training [407/700]: mean_loss=0.08463736344128847
Online_Training [408/700]: mean_loss=0.008513211971148849
Online_Training [409/700]: mean_loss=0.017628220724873245
Online_Training [410/700]: mean_loss=0.02267981180921197
Online_Training [411/700]: mean_loss=0.027126640547066927
Online_Training [412/700]: mean_loss=0.028345977189019322
Online_Training [413/700]: mean_loss=0.005203819659072906
Online_Training [414/700]: mean_loss=0.017791552934795618
Online_Training [415/700]: mean_loss=0.02113382751122117
Online_Training [416/700]: mean_loss=0.01544942962937057
Online_Training [417/700]: mean_loss=0.014235813170671463
Online_Training [418/700]: mean_loss=0.010063368477858603
Online_Training [419/700]: mean_loss=0.053502023220062256
Online_Training [420/700]: mean_loss=0.017840816639363766
Online_Training [421/700]: mean_loss=0.018315257388167083
Online_Training [422/700]: mean_loss=0.02265889453701675
Online_Training [423/700]: mean_loss=0.01118370029143989
Online_Training [424/700]: mean_loss=0.014206718187779188
Online_Training [425/700]: mean_loss=0.010194681002758443
Online_Training [426/700]: mean_loss=0.033593279076740146
Online_Training [427/700]: mean_loss=0.019907798850908875
Online_Training [428/700]: mean_loss=0.006477922142948955
Online_Training [429/700]: mean_loss=0.027720135636627674
Online_Training [430/700]: mean_loss=0.024143913527950644
Online_Training [431/700]: mean_loss=0.012565294513478875
Online_Training [432/700]: mean_loss=0.007326025457587093
Online_Training [433/700]: mean_loss=0.014559491886757314
Online_Training [434/700]: mean_loss=0.007607326318975538
Online_Training [435/700]: mean_loss=0.015544720110483468
Online_Training [436/700]: mean_loss=0.012158436235040426
Online_Training [437/700]: mean_loss=0.1459736656397581
Online_Training [438/700]: mean_loss=0.02610349142923951
Online_Training [439/700]: mean_loss=0.03378405584953725
Online_Training [440/700]: mean_loss=0.020906430203467607
Online_Training [441/700]: mean_loss=0.025956256315112114
Online_Training [442/700]: mean_loss=0.026271043112501502
Online_Training [443/700]: mean_loss=0.01523880334571004
Online_Training [444/700]: mean_loss=0.011634338647127151
Online_Training [445/700]: mean_loss=0.04597548022866249
Online_Training [446/700]: mean_loss=0.021152585512027144
Online_Training [447/700]: mean_loss=0.029559776186943054
Online_Training [448/700]: mean_loss=0.011872346280142665
Online_Training [449/700]: mean_loss=0.011800190550275147
Online_Training [450/700]: mean_loss=0.03210635809227824
Online_Training [451/700]: mean_loss=0.033025698037818074
Online_Training [452/700]: mean_loss=0.007903612277004868
Online_Training [453/700]: mean_loss=0.013190335012041032
Online_Training [454/700]: mean_loss=0.019842702662572265
Online_Training [455/700]: mean_loss=0.013996563269756734
Online_Training [456/700]: mean_loss=0.006631677912082523
Online_Training [457/700]: mean_loss=0.00936005252879113
Online_Training [458/700]: mean_loss=0.01858898438513279
Online_Training [459/700]: mean_loss=0.0030692594591528177
Online_Training [460/700]: mean_loss=0.0187969139078632
Online_Training [461/700]: mean_loss=0.011088026105426252
Online_Training [462/700]: mean_loss=0.012134079588577151
Online_Training [463/700]: mean_loss=0.03541930066421628
Online_Training [464/700]: mean_loss=0.015953931375406682
Online_Training [465/700]: mean_loss=0.05035363230854273
Online_Training [466/700]: mean_loss=0.01615625759586692
Online_Training [467/700]: mean_loss=0.045114913024008274
Online_Training [468/700]: mean_loss=0.010273779393173754
Online_Training [469/700]: mean_loss=0.01196356862783432
Online_Training [470/700]: mean_loss=0.01445919624529779
Online_Training [471/700]: mean_loss=0.012386412243358791
Online_Training [472/700]: mean_loss=0.016913038562051952
Online_Training [473/700]: mean_loss=0.004540003137663007
Online_Training [474/700]: mean_loss=0.02212384040467441
Online_Training [475/700]: mean_loss=0.025581087451428175
Online_Training [476/700]: mean_loss=0.007671649684198201
Online_Training [477/700]: mean_loss=0.02925104321911931
Online_Training [478/700]: mean_loss=0.0060303270583972335
Online_Training [479/700]: mean_loss=0.014361443347297609
Online_Training [480/700]: mean_loss=0.006425850500818342
Online_Training [481/700]: mean_loss=0.023417657474055886
Online_Training [482/700]: mean_loss=0.00482735363766551
Online_Training [483/700]: mean_loss=0.025204058038070798
Online_Training [484/700]: mean_loss=0.01865699514746666
Online_Training [485/700]: mean_loss=0.00626978708896786
Online_Training [486/700]: mean_loss=0.036543619353324175
Online_Training [487/700]: mean_loss=0.04440910695120692
Online_Training [488/700]: mean_loss=0.009021595877129585
Online_Training [489/700]: mean_loss=0.01327999634668231
Online_Training [490/700]: mean_loss=0.010024860734120011
Online_Training [491/700]: mean_loss=0.011687528225593269
Online_Training [492/700]: mean_loss=0.042900273110717535
Online_Training [493/700]: mean_loss=0.04352521849796176
Online_Training [494/700]: mean_loss=0.016672668978571892
Online_Training [495/700]: mean_loss=0.01550865441095084
Online_Training [496/700]: mean_loss=0.02350216475315392
Online_Training [497/700]: mean_loss=0.04196719126775861
Online_Training [498/700]: mean_loss=0.046509097795933485
Online_Training [499/700]: mean_loss=0.009267673129215837
Online_Training [500/700]: mean_loss=0.02352062799036503
Online_Training [501/700]: mean_loss=0.0182008168194443
Online_Training [502/700]: mean_loss=0.03158035734668374
Online_Training [503/700]: mean_loss=0.00941793859237805
Online_Training [504/700]: mean_loss=0.04366408521309495
Online_Training [505/700]: mean_loss=0.0035482506500557065
Online_Training [506/700]: mean_loss=0.03225411428138614
Online_Training [507/700]: mean_loss=0.01163324189838022
Online_Training [508/700]: mean_loss=0.008390797185711563
Online_Training [509/700]: mean_loss=0.02478872239589691
Online_Training [510/700]: mean_loss=0.029582210117951035
Online_Training [511/700]: mean_loss=0.011444395640864968
Online_Training [512/700]: mean_loss=0.02322193910367787
Online_Training [513/700]: mean_loss=0.008278472814708948
Online_Training [514/700]: mean_loss=0.021650918992236257
Online_Training [515/700]: mean_loss=0.0028339821146801114
Online_Training [516/700]: mean_loss=0.028433549916371703
Online_Training [517/700]: mean_loss=0.1367095746099949
Online_Training [518/700]: mean_loss=0.09578259103000164
Online_Training [519/700]: mean_loss=0.018217056524008512
Online_Training [520/700]: mean_loss=0.030967744067311287
Online_Training [521/700]: mean_loss=0.04220836004242301
Online_Training [522/700]: mean_loss=0.07364532258361578
Online_Training [523/700]: mean_loss=0.03377278451807797
Online_Training [524/700]: mean_loss=0.023278147680684924
Online_Training [525/700]: mean_loss=0.05573495663702488
Online_Training [526/700]: mean_loss=0.00945120444521308
Online_Training [527/700]: mean_loss=0.045651163440197706
Online_Training [528/700]: mean_loss=0.012546413578093052
Online_Training [529/700]: mean_loss=0.01140074769500643
Online_Training [530/700]: mean_loss=0.03561094729229808
Online_Training [531/700]: mean_loss=0.02271791873499751
Online_Training [532/700]: mean_loss=0.008149592787958682
Online_Training [533/700]: mean_loss=0.050951007287949324
Online_Training [534/700]: mean_loss=0.02087165927514434
Online_Training [535/700]: mean_loss=0.03449481213465333
Online_Training [536/700]: mean_loss=0.017561540473252535
Online_Training [537/700]: mean_loss=0.015424212790094316
Online_Training [538/700]: mean_loss=0.016254414105787873
Online_Training [539/700]: mean_loss=0.01220824255142361
Online_Training [540/700]: mean_loss=0.020330629544332623
Online_Training [541/700]: mean_loss=0.05985754635185003
Online_Training [542/700]: mean_loss=0.07544095767661929
Online_Training [543/700]: mean_loss=0.02080705319531262
Online_Training [544/700]: mean_loss=0.011983285774476826
Online_Training [545/700]: mean_loss=0.010479480377398431
Online_Training [546/700]: mean_loss=0.022023729979991913
Online_Training [547/700]: mean_loss=0.016062290407717228
Online_Training [548/700]: mean_loss=0.02619857434183359
Online_Training [549/700]: mean_loss=0.03563081519678235
Online_Training [550/700]: mean_loss=0.018021977739408612
Online_Training [551/700]: mean_loss=0.01169091131305322
Online_Training [552/700]: mean_loss=0.013163105468265712
Online_Training [553/700]: mean_loss=0.010441577760502696
Online_Training [554/700]: mean_loss=0.017310677212662995
Online_Training [555/700]: mean_loss=0.014354902203194797
Online_Training [556/700]: mean_loss=0.004036715719848871
Online_Training [557/700]: mean_loss=0.014301651855930686
Online_Training [558/700]: mean_loss=0.018126950366422534
Online_Training [559/700]: mean_loss=0.03706509666517377
Online_Training [560/700]: mean_loss=0.031161965802311897
Online_Training [561/700]: mean_loss=0.013320759870111942
Online_Training [562/700]: mean_loss=0.004304767353460193
Online_Training [563/700]: mean_loss=0.005492824828252196
Online_Training [564/700]: mean_loss=0.01772057614289224
Online_Training [565/700]: mean_loss=0.027621945831924677
Online_Training [566/700]: mean_loss=0.014083640882745385
Online_Training [567/700]: mean_loss=0.019432868575677276
Online_Training [568/700]: mean_loss=0.010254356660880148
Online_Training [569/700]: mean_loss=0.006855141080450267
Online_Training [570/700]: mean_loss=0.027747893938794732
Online_Training [571/700]: mean_loss=0.01830472471192479
Online_Training [572/700]: mean_loss=0.012589767226018012
Online_Training [573/700]: mean_loss=0.015210310695692897
Online_Training [574/700]: mean_loss=0.019940286641940475
Online_Training [575/700]: mean_loss=0.012532131047919393
Online_Training [576/700]: mean_loss=0.005581684468779713
Online_Training [577/700]: mean_loss=0.013077164185233414
Online_Training [578/700]: mean_loss=0.02345037809573114
Online_Training [579/700]: mean_loss=0.020452069817110896
Online_Training [580/700]: mean_loss=0.009439373388886452
Online_Training [581/700]: mean_loss=0.009856364573352039
Online_Training [582/700]: mean_loss=0.022280743112787604
Online_Training [583/700]: mean_loss=0.009855438373051584
Online_Training [584/700]: mean_loss=0.022919332841411233
Online_Training [585/700]: mean_loss=0.009455775958485901
Online_Training [586/700]: mean_loss=0.010528805549256504
Online_Training [587/700]: mean_loss=0.01596460910513997
Online_Training [588/700]: mean_loss=0.012304580304771662
Online_Training [589/700]: mean_loss=0.020672605838626623
Online_Training [590/700]: mean_loss=0.032166020944714546
Online_Training [591/700]: mean_loss=0.1806459967046976
Online_Training [592/700]: mean_loss=0.13629802502691746
Online_Training [593/700]: mean_loss=0.009166597039438784
Online_Training [594/700]: mean_loss=0.03027258929796517
Online_Training [595/700]: mean_loss=0.02671740436926484
Online_Training [596/700]: mean_loss=0.016172143281437457
Online_Training [597/700]: mean_loss=0.013761302107013762
Online_Training [598/700]: mean_loss=0.027560706017538905
Online_Training [599/700]: mean_loss=0.008708545356057584
Online_Training [600/700]: mean_loss=0.010861561633646488
Online_Training [601/700]: mean_loss=0.005173797719180584
Online_Training [602/700]: mean_loss=0.0137666150694713
Online_Training [603/700]: mean_loss=0.02252942556515336
Online_Training [604/700]: mean_loss=0.007434386818204075
Online_Training [605/700]: mean_loss=0.02883999631740153
Online_Training [606/700]: mean_loss=0.009135039814282209
Online_Training [607/700]: mean_loss=0.016611205297522247
Online_Training [608/700]: mean_loss=0.020146339666098356
Online_Training [609/700]: mean_loss=0.008905203198082745
Online_Training [610/700]: mean_loss=0.017802311573177576
Online_Training [611/700]: mean_loss=0.02574093546718359
Online_Training [612/700]: mean_loss=0.016304719145409763
Online_Training [613/700]: mean_loss=0.009266046108677983
Online_Training [614/700]: mean_loss=0.03136983304284513
Online_Training [615/700]: mean_loss=0.036081743659451604
Online_Training [616/700]: mean_loss=0.008734034840017557
Online_Training [617/700]: mean_loss=0.014359727269038558
Online_Training [618/700]: mean_loss=0.012964720139279962
Online_Training [619/700]: mean_loss=0.029326008167117834
Online_Training [620/700]: mean_loss=0.012860068352892995
Online_Training [621/700]: mean_loss=0.022118173306807876
Online_Training [622/700]: mean_loss=0.029456101125106215
Online_Training [623/700]: mean_loss=0.01718285831157118
Online_Training [624/700]: mean_loss=0.014414821052923799
Online_Training [625/700]: mean_loss=0.012495042523369193
Online_Training [626/700]: mean_loss=0.014351693447679281
Online_Training [627/700]: mean_loss=0.03086614958010614
Online_Training [628/700]: mean_loss=0.010451336274854839
Online_Training [629/700]: mean_loss=0.017984488746151328
Online_Training [630/700]: mean_loss=0.040335975121706724
Online_Training [631/700]: mean_loss=0.011584962485358119
Online_Training [632/700]: mean_loss=0.017071817768737674
Online_Training [633/700]: mean_loss=0.02631808491423726
Online_Training [634/700]: mean_loss=0.018296313704922795
Online_Training [635/700]: mean_loss=0.010976131889037788
Online_Training [636/700]: mean_loss=0.01512421970255673
Online_Training [637/700]: mean_loss=0.03566715260967612
Online_Training [638/700]: mean_loss=0.05225845938548446
Online_Training [639/700]: mean_loss=0.013458598987199366
Online_Training [640/700]: mean_loss=0.018242014572024345
Online_Training [641/700]: mean_loss=0.00806851004017517
Online_Training [642/700]: mean_loss=0.027313789818435907
Online_Training [643/700]: mean_loss=0.0117800438310951
Online_Training [644/700]: mean_loss=0.012322230264544487
Online_Training [645/700]: mean_loss=0.017273642821237445
Online_Training [646/700]: mean_loss=0.010424886597320437
Online_Training [647/700]: mean_loss=0.030223259003832936
Online_Training [648/700]: mean_loss=0.02658224292099476
Online_Training [649/700]: mean_loss=0.008505147998221219
Online_Training [650/700]: mean_loss=0.01963267708197236
Online_Training [651/700]: mean_loss=0.016424311324954033
Online_Training [652/700]: mean_loss=0.02244382374919951
Online_Training [653/700]: mean_loss=0.020519724814221263
Online_Training [654/700]: mean_loss=0.02470963099040091
Online_Training [655/700]: mean_loss=0.010974398348480463
Online_Training [656/700]: mean_loss=0.009228529524989426
Online_Training [657/700]: mean_loss=0.010414200834929943
Online_Training [658/700]: mean_loss=0.02338597783818841
Online_Training [659/700]: mean_loss=0.010860712733119726
Online_Training [660/700]: mean_loss=0.012897660490125418
Online_Training [661/700]: mean_loss=0.01413691311609
Online_Training [662/700]: mean_loss=0.013572551542893052
Online_Training [663/700]: mean_loss=0.0243271398358047
Online_Training [664/700]: mean_loss=0.010518885334022343
Online_Training [665/700]: mean_loss=0.07614048197865486
Online_Training [666/700]: mean_loss=0.1329433312639594
Online_Training [667/700]: mean_loss=0.012831794214434922
Online_Training [668/700]: mean_loss=0.01641931920312345
Online_Training [669/700]: mean_loss=0.006696075841318816
Online_Training [670/700]: mean_loss=0.011487792828120291
Online_Training [671/700]: mean_loss=0.020800562808290124
Online_Training [672/700]: mean_loss=0.017160555347800255
Online_Training [673/700]: mean_loss=0.01882617617957294
Online_Training [674/700]: mean_loss=0.009727635944727808
Online_Training [675/700]: mean_loss=0.01426188601180911
Online_Training [676/700]: mean_loss=0.011683596880175173
Online_Training [677/700]: mean_loss=0.011727725272066891
Online_Training [678/700]: mean_loss=0.00788740289863199
Online_Training [679/700]: mean_loss=0.018380365800112486
Online_Training [680/700]: mean_loss=0.011956727597862482
Online_Training [681/700]: mean_loss=0.008834739914163947
Online_Training [682/700]: mean_loss=0.011022326070815325
Online_Training [683/700]: mean_loss=0.029215386835858226
Online_Training [684/700]: mean_loss=0.011511378805153072
Online_Training [685/700]: mean_loss=0.017352000810205936
Online_Training [686/700]: mean_loss=0.016070295474492013
Online_Training [687/700]: mean_loss=0.01859357417561114
Online_Training [688/700]: mean_loss=0.037600280717015266
Online_Training [689/700]: mean_loss=0.15321775153279305
Online_Training [690/700]: mean_loss=0.029835757333785295
Online_Training [691/700]: mean_loss=0.018534156726673245
Online_Training [692/700]: mean_loss=0.012860173010267317
Online_Training [693/700]: mean_loss=0.01503674651030451
Online_Training [694/700]: mean_loss=0.013990053441375494
Online_Training [695/700]: mean_loss=0.01529499376192689
Online_Training [696/700]: mean_loss=0.016441709245555103
Online_Training [697/700]: mean_loss=0.0034477559674996883
Online_Training [698/700]: mean_loss=0.019602633779868484
Online_Training [699/700]: mean_loss=0.06380074098706245
Online_Training [700/700]: mean_loss=0.039961421862244606
Q_Learning [1/300]: mean_loss=0.24536006152629852
Q_Learning [2/300]: mean_loss=0.16877700947225094
Q_Learning [3/300]: mean_loss=0.1969775352627039
Q_Learning [4/300]: mean_loss=0.14938576146960258
Q_Learning [5/300]: mean_loss=0.14421666786074638
Q_Learning [6/300]: mean_loss=0.21642343513667583
Q_Learning [7/300]: mean_loss=0.09636588860303164
Q_Learning [8/300]: mean_loss=0.21826186031103134
Q_Learning [9/300]: mean_loss=0.16947457939386368
Q_Learning [10/300]: mean_loss=0.06441982509568334
Q_Learning [11/300]: mean_loss=0.04021060559898615
Q_Learning [12/300]: mean_loss=0.10172922350466251
Q_Learning [13/300]: mean_loss=0.043484794441610575
Q_Learning [14/300]: mean_loss=0.053670233115553856
Q_Learning [15/300]: mean_loss=0.1342637399211526
Q_Learning [16/300]: mean_loss=0.04394466895610094
Q_Learning [17/300]: mean_loss=0.04290790529921651
Q_Learning [18/300]: mean_loss=0.13232376612722874
Q_Learning [19/300]: mean_loss=0.0865548262372613
Q_Learning [20/300]: mean_loss=0.045342635829001665
Q_Learning [21/300]: mean_loss=0.0184697350487113
Q_Learning [22/300]: mean_loss=0.09544605761766434
Q_Learning [23/300]: mean_loss=0.07562634162604809
Q_Learning [24/300]: mean_loss=0.02579815569333732
Q_Learning [25/300]: mean_loss=0.1240353723987937
Q_Learning [26/300]: mean_loss=0.07601744774729013
Q_Learning [27/300]: mean_loss=0.07860369514673948
Q_Learning [28/300]: mean_loss=0.07669094670563936
Q_Learning [29/300]: mean_loss=0.10409074928611517
Q_Learning [30/300]: mean_loss=0.09807702992111444
Q_Learning [31/300]: mean_loss=0.05654382426291704
Q_Learning [32/300]: mean_loss=0.08260304015129805
Q_Learning [33/300]: mean_loss=0.041494292905554175
Q_Learning [34/300]: mean_loss=0.09070362336933613
Q_Learning [35/300]: mean_loss=0.25206489861011505
Q_Learning [36/300]: mean_loss=0.0835192333906889
Q_Learning [37/300]: mean_loss=0.14180316776037216
Q_Learning [38/300]: mean_loss=0.24198869056999683
Q_Learning [39/300]: mean_loss=0.09490326698869467
Q_Learning [40/300]: mean_loss=0.057767244055867195
Q_Learning [41/300]: mean_loss=0.05024650599807501
Q_Learning [42/300]: mean_loss=0.13716677576303482
Q_Learning [43/300]: mean_loss=0.08102132845669985
Q_Learning [44/300]: mean_loss=0.1788705550134182
Q_Learning [45/300]: mean_loss=0.15553398802876472
Q_Learning [46/300]: mean_loss=0.10263222642242908
Q_Learning [47/300]: mean_loss=0.052266286220401525
Q_Learning [48/300]: mean_loss=0.05418645590543747
Q_Learning [49/300]: mean_loss=0.10309352818876505
Q_Learning [50/300]: mean_loss=0.07850234024226665
Q_Learning [51/300]: mean_loss=0.027499211952090263
Q_Learning [52/300]: mean_loss=0.0391870797611773
Q_Learning [53/300]: mean_loss=0.0660775639116764
Q_Learning [54/300]: mean_loss=0.034817599691450596
Q_Learning [55/300]: mean_loss=0.0689355144277215
Q_Learning [56/300]: mean_loss=0.07820630446076393
Q_Learning [57/300]: mean_loss=0.0625458057038486
Q_Learning [58/300]: mean_loss=0.05945203686133027
Q_Learning [59/300]: mean_loss=0.03173234825953841
Q_Learning [60/300]: mean_loss=0.1295260488986969
Q_Learning [61/300]: mean_loss=0.1336360964924097
Q_Learning [62/300]: mean_loss=0.08559676725417376
Q_Learning [63/300]: mean_loss=0.017456347355619073
Q_Learning [64/300]: mean_loss=0.04381878534331918
Q_Learning [65/300]: mean_loss=0.039482935797423124
Q_Learning [66/300]: mean_loss=0.047985916025936604
Q_Learning [67/300]: mean_loss=0.03186026425100863
Q_Learning [68/300]: mean_loss=0.03486595023423433
Q_Learning [69/300]: mean_loss=0.04015271831303835
Q_Learning [70/300]: mean_loss=0.01350086834281683
Q_Learning [71/300]: mean_loss=0.022892996203154325
Q_Learning [72/300]: mean_loss=0.012757232296280563
Q_Learning [73/300]: mean_loss=0.010277461493387818
Q_Learning [74/300]: mean_loss=0.04181315703317523
Q_Learning [75/300]: mean_loss=0.01804795116186142
Q_Learning [76/300]: mean_loss=0.03217265382409096
Q_Learning [77/300]: mean_loss=0.05085388896986842
Q_Learning [78/300]: mean_loss=0.19645906426012516
Q_Learning [79/300]: mean_loss=0.2678091321140528
Q_Learning [80/300]: mean_loss=0.10397196840494871
Q_Learning [81/300]: mean_loss=0.1022957218810916
Q_Learning [82/300]: mean_loss=0.022002145182341337
Q_Learning [83/300]: mean_loss=0.07556942012161016
Q_Learning [84/300]: mean_loss=0.04543556598946452
Q_Learning [85/300]: mean_loss=0.0461710300296545
Q_Learning [86/300]: mean_loss=0.02648955979384482
Q_Learning [87/300]: mean_loss=0.06340835383161902
Q_Learning [88/300]: mean_loss=0.06770350225269794
Q_Learning [89/300]: mean_loss=0.023956784047186375
Q_Learning [90/300]: mean_loss=0.026368938386440277
Q_Learning [91/300]: mean_loss=0.05689223692752421
Q_Learning [92/300]: mean_loss=0.10597495827823877
Q_Learning [93/300]: mean_loss=0.041501928586512804
Q_Learning [94/300]: mean_loss=0.03357306122779846
Q_Learning [95/300]: mean_loss=0.02349086105823517
Q_Learning [96/300]: mean_loss=0.040178120136260986
Q_Learning [97/300]: mean_loss=0.023099842481315136
Q_Learning [98/300]: mean_loss=0.05259398277848959
Q_Learning [99/300]: mean_loss=0.02209273143671453
Q_Learning [100/300]: mean_loss=0.01730844157282263
Q_Learning [101/300]: mean_loss=0.01945729146245867
Q_Learning [102/300]: mean_loss=0.009191550896503031
Q_Learning [103/300]: mean_loss=0.031475905096158385
Q_Learning [104/300]: mean_loss=0.0326901450753212
Q_Learning [105/300]: mean_loss=0.05857417918741703
Q_Learning [106/300]: mean_loss=0.016294729197397828
Q_Learning [107/300]: mean_loss=0.01325089717283845
Q_Learning [108/300]: mean_loss=0.008569786150474101
Q_Learning [109/300]: mean_loss=0.05366791319102049
Q_Learning [110/300]: mean_loss=0.04129909165203571
Q_Learning [111/300]: mean_loss=0.04024833207949996
Q_Learning [112/300]: mean_loss=0.015954300528392196
Q_Learning [113/300]: mean_loss=0.026120065478608012
Q_Learning [114/300]: mean_loss=0.05193876614794135
Q_Learning [115/300]: mean_loss=0.14537919498980045
Q_Learning [116/300]: mean_loss=0.05231398344039917
Q_Learning [117/300]: mean_loss=0.011212683282792568
Q_Learning [118/300]: mean_loss=0.06683703139424324
Q_Learning [119/300]: mean_loss=0.021768189035356045
Q_Learning [120/300]: mean_loss=0.023824027040973306
Q_Learning [121/300]: mean_loss=0.04333779355511069
Q_Learning [122/300]: mean_loss=0.014033916988410056
Q_Learning [123/300]: mean_loss=0.06415353808552027
Q_Learning [124/300]: mean_loss=0.018696683691814542
Q_Learning [125/300]: mean_loss=0.014856468769721687
Q_Learning [126/300]: mean_loss=0.029151615919545293
Q_Learning [127/300]: mean_loss=0.014132605167105794
Q_Learning [128/300]: mean_loss=0.0472368779592216
Q_Learning [129/300]: mean_loss=0.018455413402989507
Q_Learning [130/300]: mean_loss=0.020536171970888972
Q_Learning [131/300]: mean_loss=0.03256272058933973
Q_Learning [132/300]: mean_loss=0.04433598602190614
Q_Learning [133/300]: mean_loss=0.015209430479444563
Q_Learning [134/300]: mean_loss=0.02145536500029266
Q_Learning [135/300]: mean_loss=0.01918885763734579
Q_Learning [136/300]: mean_loss=0.029080832144245505
Q_Learning [137/300]: mean_loss=0.008212236047256738
Q_Learning [138/300]: mean_loss=0.012882934417575598
Q_Learning [139/300]: mean_loss=0.01428528770338744
Q_Learning [140/300]: mean_loss=0.028879825957119465
Q_Learning [141/300]: mean_loss=0.022984870010986924
Q_Learning [142/300]: mean_loss=0.033106862334534526
Q_Learning [143/300]: mean_loss=0.02141995611600578
Q_Learning [144/300]: mean_loss=0.0238182891625911
Q_Learning [145/300]: mean_loss=0.024830931099131703
Q_Learning [146/300]: mean_loss=0.011732331244274974
Q_Learning [147/300]: mean_loss=0.027096988866105676
Q_Learning [148/300]: mean_loss=0.022370411781594157
Q_Learning [149/300]: mean_loss=0.018545108381658792
Q_Learning [150/300]: mean_loss=0.005947765486780554
Q_Learning [151/300]: mean_loss=0.01661748462356627
Q_Learning [152/300]: mean_loss=0.02475569350644946
Q_Learning [153/300]: mean_loss=0.01595212530810386
Q_Learning [154/300]: mean_loss=0.049027358647435904
Q_Learning [155/300]: mean_loss=0.010802865610457957
Q_Learning [156/300]: mean_loss=0.027695360127836466
Q_Learning [157/300]: mean_loss=0.022977699525654316
Q_Learning [158/300]: mean_loss=0.15917899459600449
Q_Learning [159/300]: mean_loss=0.022335786372423172
Q_Learning [160/300]: mean_loss=0.03719733748584986
Q_Learning [161/300]: mean_loss=0.026652768021449447
Q_Learning [162/300]: mean_loss=0.034839251078665257
Q_Learning [163/300]: mean_loss=0.02159053343348205
Q_Learning [164/300]: mean_loss=0.01800638239365071
Q_Learning [165/300]: mean_loss=0.03298015729524195
Q_Learning [166/300]: mean_loss=0.025487899780273438
Q_Learning [167/300]: mean_loss=0.020778694422915578
Q_Learning [168/300]: mean_loss=0.020674546249210835
Q_Learning [169/300]: mean_loss=0.035991339245811105
Q_Learning [170/300]: mean_loss=0.01670099003240466
Q_Learning [171/300]: mean_loss=0.01923451852053404
Q_Learning [172/300]: mean_loss=0.04158038739115
Q_Learning [173/300]: mean_loss=0.03124658716842532
Q_Learning [174/300]: mean_loss=0.012611348531208932
Q_Learning [175/300]: mean_loss=0.056255375035107136
Q_Learning [176/300]: mean_loss=0.01383312710095197
Q_Learning [177/300]: mean_loss=0.10161164868623018
Q_Learning [178/300]: mean_loss=0.03985898196697235
Q_Learning [179/300]: mean_loss=0.03693561814725399
Q_Learning [180/300]: mean_loss=0.015768170589581132
Q_Learning [181/300]: mean_loss=0.0368441678583622
Q_Learning [182/300]: mean_loss=0.04677799763157964
Q_Learning [183/300]: mean_loss=0.02444962039589882
Q_Learning [184/300]: mean_loss=0.013902295962907374
Q_Learning [185/300]: mean_loss=0.013468488934449852
Q_Learning [186/300]: mean_loss=0.03011294105090201
Q_Learning [187/300]: mean_loss=0.013729720958508551
Q_Learning [188/300]: mean_loss=0.0407222593203187
Q_Learning [189/300]: mean_loss=0.04350462928414345
Q_Learning [190/300]: mean_loss=0.030460893409326673
Q_Learning [191/300]: mean_loss=0.018414164893329144
Q_Learning [192/300]: mean_loss=0.0916271498426795
Q_Learning [193/300]: mean_loss=0.07608736306428909
Q_Learning [194/300]: mean_loss=0.020592157496139407
Q_Learning [195/300]: mean_loss=0.01655661768745631
Q_Learning [196/300]: mean_loss=0.023783668875694275
Q_Learning [197/300]: mean_loss=0.02660029660910368
Q_Learning [198/300]: mean_loss=0.01496918173506856
Q_Learning [199/300]: mean_loss=0.007425054325722158
Q_Learning [200/300]: mean_loss=0.0179304217454046
Q_Learning [201/300]: mean_loss=0.013198860455304384
Q_Learning [202/300]: mean_loss=0.010557798435911536
Q_Learning [203/300]: mean_loss=0.007714839361142367
Q_Learning [204/300]: mean_loss=0.017720437608659267
Q_Learning [205/300]: mean_loss=0.022532908245921135
Q_Learning [206/300]: mean_loss=0.013884254614822567
Q_Learning [207/300]: mean_loss=0.022129087010398507
Q_Learning [208/300]: mean_loss=0.15817051753401756
Q_Learning [209/300]: mean_loss=0.06836997391656041
Q_Learning [210/300]: mean_loss=0.05783532978966832
Q_Learning [211/300]: mean_loss=0.020146121736615896
Q_Learning [212/300]: mean_loss=0.013413811451755464
Q_Learning [213/300]: mean_loss=0.06219221046194434
Q_Learning [214/300]: mean_loss=0.03880826570093632
Q_Learning [215/300]: mean_loss=0.014414342469535768
Q_Learning [216/300]: mean_loss=0.010396362165920436
Q_Learning [217/300]: mean_loss=0.02055441401898861
Q_Learning [218/300]: mean_loss=0.013181342044845223
Q_Learning [219/300]: mean_loss=0.019101530546322465
Q_Learning [220/300]: mean_loss=0.012796197668649256
Q_Learning [221/300]: mean_loss=0.010542599949985743
Q_Learning [222/300]: mean_loss=0.015379732940346003
Q_Learning [223/300]: mean_loss=0.024153549456968904
Q_Learning [224/300]: mean_loss=0.00767942238599062
Q_Learning [225/300]: mean_loss=0.008726648055016994
Q_Learning [226/300]: mean_loss=0.003967598982853815
Q_Learning [227/300]: mean_loss=0.034586195135489106
Q_Learning [228/300]: mean_loss=0.018028504215180874
Q_Learning [229/300]: mean_loss=0.011172158061526716
Q_Learning [230/300]: mean_loss=0.02007233363110572
Q_Learning [231/300]: mean_loss=0.025727145140990615
Q_Learning [232/300]: mean_loss=0.01595461484976113
Q_Learning [233/300]: mean_loss=0.012712563970126212
Q_Learning [234/300]: mean_loss=0.02046620869077742
Q_Learning [235/300]: mean_loss=0.014249650412239134
Q_Learning [236/300]: mean_loss=0.11894625518471003
Q_Learning [237/300]: mean_loss=0.11243133805692196
Q_Learning [238/300]: mean_loss=0.01844116416759789
Q_Learning [239/300]: mean_loss=0.02685418608598411
Q_Learning [240/300]: mean_loss=0.019511951133608818
Q_Learning [241/300]: mean_loss=0.08784251380711794
Q_Learning [242/300]: mean_loss=0.05001573543995619
Q_Learning [243/300]: mean_loss=0.0172046433435753
Q_Learning [244/300]: mean_loss=0.03447024850174785
Q_Learning [245/300]: mean_loss=0.04122593719512224
Q_Learning [246/300]: mean_loss=0.012304771924391389
Q_Learning [247/300]: mean_loss=0.009462395973969251
Q_Learning [248/300]: mean_loss=0.016043964307755232
Q_Learning [249/300]: mean_loss=0.04842700017616153
Q_Learning [250/300]: mean_loss=0.06157497223466635
Q_Learning [251/300]: mean_loss=0.015533109661191702
Q_Learning [252/300]: mean_loss=0.013502705958671868
Q_Learning [253/300]: mean_loss=0.028488024603575468
Q_Learning [254/300]: mean_loss=0.016638854518532753
Q_Learning [255/300]: mean_loss=0.01581875025294721
Q_Learning [256/300]: mean_loss=0.01884546992368996
Q_Learning [257/300]: mean_loss=0.029790821485221386
Q_Learning [258/300]: mean_loss=0.01308802969288081
Q_Learning [259/300]: mean_loss=0.02707256656140089
Q_Learning [260/300]: mean_loss=0.01286390412133187
Q_Learning [261/300]: mean_loss=0.0034317095123697072
Q_Learning [262/300]: mean_loss=0.01582442072685808
Q_Learning [263/300]: mean_loss=0.0183546612970531
Q_Learning [264/300]: mean_loss=0.0046411278017330915
Q_Learning [265/300]: mean_loss=0.08485196623951197
Q_Learning [266/300]: mean_loss=0.022070563631132245
Q_Learning [267/300]: mean_loss=0.016220279037952423
Q_Learning [268/300]: mean_loss=0.028453923761844635
Q_Learning [269/300]: mean_loss=0.020434793084859848
Q_Learning [270/300]: mean_loss=0.03016493795439601
Q_Learning [271/300]: mean_loss=0.06596762919798493
Q_Learning [272/300]: mean_loss=0.009786741808056831
Q_Learning [273/300]: mean_loss=0.009513422613963485
Q_Learning [274/300]: mean_loss=0.039773338474333286
Q_Learning [275/300]: mean_loss=0.028700643684715033
Q_Learning [276/300]: mean_loss=0.011824938585050404
Q_Learning [277/300]: mean_loss=0.020111948484554887
Q_Learning [278/300]: mean_loss=0.028312173672020435
Q_Learning [279/300]: mean_loss=0.009670948085840791
Q_Learning [280/300]: mean_loss=0.011258917860686779
Q_Learning [281/300]: mean_loss=0.027692075120285153
Q_Learning [282/300]: mean_loss=0.018313459702767432
Q_Learning [283/300]: mean_loss=0.005858928838279098
Q_Learning [284/300]: mean_loss=0.008342573477420956
Q_Learning [285/300]: mean_loss=0.05355256609618664
Q_Learning [286/300]: mean_loss=0.015958993113599718
Q_Learning [287/300]: mean_loss=0.04552037036046386
Q_Learning [288/300]: mean_loss=0.03896333463490009
Q_Learning [289/300]: mean_loss=0.014820349519141018
Q_Learning [290/300]: mean_loss=0.019319271901622415
Q_Learning [291/300]: mean_loss=0.014372380799613893
Q_Learning [292/300]: mean_loss=0.02743731113150716
Q_Learning [293/300]: mean_loss=0.013914776151068509
Q_Learning [294/300]: mean_loss=0.025570865022018552
Q_Learning [295/300]: mean_loss=0.03014582605101168
Q_Learning [296/300]: mean_loss=0.010095254401676357
Q_Learning [297/300]: mean_loss=0.008547294535674155
Q_Learning [298/300]: mean_loss=0.0388221712782979
Q_Learning [299/300]: mean_loss=0.030273064970970154
Q_Learning [300/300]: mean_loss=0.022792556788772345
Number of Samples after Autoencoder testing: 300
First Spike after testing: [2.4211187  0.37266445]
[2, 1, 0, 1, 2, 2, 0, 0, 1, 0, 2, 1, 1, 1, 2, 2, 0, 0, 2, 0, 2, 2, 1, 0, 0, 2, 2, 2, 0, 2, 0, 1, 1, 1, 1, 0, 2, 1, 1, 2, 0, 0, 1, 2, 1, 2, 2, 1, 1, 1, 0, 0, 2, 1, 0, 0, 2, 2, 0, 1, 2, 1, 1, 2, 1, 0, 1, 0, 1, 1, 1, 0, 1, 1, 0, 1, 2, 0, 2, 1, 1, 2, 2, 0, 1, 1, 2, 1, 2, 1, 0, 1, 1, 0, 2, 2, 1, 1, 0, 1, 0, 1, 2, 1, 0, 1, 1, 2, 0, 0, 2, 0, 1, 2, 2, 1, 2, 1, 1, 0, 2, 2, 0, 0, 2, 0, 0, 1, 0, 0, 2, 0, 1, 1, 1, 1, 2, 0, 2, 2, 0, 2, 0, 1, 0, 1, 2, 0, 1, 2, 2, 2, 0, 2, 0, 2, 1, 2, 0, 0, 1, 2, 2, 1, 2, 1, 0, 0, 2, 1, 1, 1, 2, 0, 1, 0, 2, 2, 0, 1, 1, 1, 0, 0, 2, 2, 0, 0, 1, 2, 0, 1, 0, 2, 2, 0, 2, 1, 2, 1, 1, 0, 1, 2, 0, 2, 2, 1, 1, 2, 1, 1, 0, 0, 0, 0, 0, 0, 0, 1, 2, 2, 1, 0, 1, 1, 1, 1, 0, 1, 1, 2, 0, 1, 1, 1, 2, 0, 0, 2, 2, 1, 1, 0, 2, 2, 0, 0, 0, 1, 0, 2, 1, 0, 0, 2, 1, 2, 0, 1, 2, 2, 2, 1, 0, 2, 0, 0, 2, 1, 0, 1, 2, 2, 0, 1, 2, 2, 2, 0, 2, 2, 1, 2, 1, 1, 0, 1, 0, 1, 0, 1, 1, 2, 1, 0, 0, 1, 2, 1]
[0, 1, 1, 1, 0, 0, 2, 1, 1, 2, 0, 1, 1, 1, 0, 0, 2, 2, 0, 2, 0, 2, 2, 1, 2, 0, 0, 0, 2, 0, 2, 1, 2, 1, 1, 2, 0, 1, 1, 0, 2, 1, 1, 0, 1, 0, 0, 1, 2, 1, 2, 2, 0, 1, 1, 2, 0, 0, 2, 1, 0, 1, 1, 0, 1, 2, 1, 1, 2, 3, 1, 2, 1, 1, 2, 1, 0, 2, 0, 1, 1, 0, 0, 2, 1, 1, 0, 1, 0, 1, 2, 1, 1, 2, 0, 0, 1, 1, 1, 1, 2, 1, 0, 1, 2, 2, 1, 0, 2, 2, 0, 2, 1, 0, 0, 1, 0, 1, 1, 2, 0, 0, 2, 2, 0, 1, 2, 1, 2, 2, 0, 2, 1, 1, 1, 1, 0, 2, 0, 0, 2, 0, 2, 1, 2, 1, 0, 2, 1, 0, 0, 0, 2, 0, 2, 0, 1, 0, 2, 2, 1, 0, 0, 1, 0, 1, 2, 2, 0, 2, 1, 1, 0, 2, 2, 2, 0, 0, 1, 1, 1, 1, 1, 2, 0, 0, 4, 2, 2, 0, 2, 1, 2, 0, 0, 2, 0, 1, 0, 1, 1, 2, 1, 0, 2, 0, 0, 2, 2, 0, 1, 2, 2, 2, 2, 2, 2, 2, 2, 1, 0, 0, 1, 2, 1, 1, 1, 1, 2, 1, 1, 0, 2, 1, 1, 1, 0, 2, 2, 0, 0, 1, 1, 2, 0, 0, 2, 2, 2, 3, 2, 0, 1, 2, 2, 0, 3, 0, 2, 1, 0, 0, 0, 1, 2, 0, 2, 2, 0, 1, 2, 3, 0, 0, 4, 1, 0, 0, 0, 2, 0, 0, 3, 0, 1, 1, 2, 1, 2, 1, 2, 3, 1, 0, 3, 2, 2, 1, 0, 1]
Centroids: [[-1.2532401, 0.23795694], [-0.19232489, 0.9984997], [1.5474688, 0.123667926]]
Centroids: [[1.5651286, 0.1301254], [-0.23795602, 1.0192113], [-1.1870891, 0.17551172], [0.23956333, 1.7472818], [-2.510668, -0.44617015]]
Contingency Matrix: 
[[ 0 10 83  0  2]
 [ 0 91 11  7  0]
 [95  0  1  0  0]]
[[0, 10, 83, 0, 2], [0, 91, 11, 7, 0], [95, 0, 1, 0, 0]]
[[0, 10, 83, 0, 2], [0, 91, 11, 7, 0], [95, 0, 1, 0, 0]]
[0, 1, 2, 3, 4]
[[-1, 10, 83, 0, 2], [-1, 91, 11, 7, 0], [-1, -1, -1, -1, -1]]
[[-1, -1, 83, 0, 2], [-1, -1, -1, -1, -1], [-1, -1, -1, -1, -1]]
[[-1, -1, -1, -1, -1], [-1, -1, -1, -1, -1], [-1, -1, -1, -1, -1]]
Match_Labels: {2: 0, 1: 1, 0: 2}
New Contingency Matrix: 
[[83 10  0  0  2]
 [11 91  0  7  0]
 [ 1  0 95  0  0]]
New Clustered Label Sequence: [2, 1, 0, 3, 4]
Diagonal_Elements: [83, 91, 95], Sum: 269
All_Elements: [83, 10, 0, 0, 2, 11, 91, 0, 7, 0, 1, 0, 95, 0, 0], Sum: 300
Accuracy: 0.8966666666666666
