Seed: 7
Experiment_path: AE_Model_2/Random_Seeds_DV5//V5_1/Experiment_05_7_opt
Dataset_Path: ../_00_Datasets/03_SimDaten_Quiroga2020/C_Difficult2_noise010.mat
Dataset_name: ['03_SimDaten_Quiroga2020', 'C_Difficult2_noise010.mat']
Variant_name: Variant_05_Online_Autoencoder_QLearning_opt
Visualisation_Path: AE_Model_2/Random_Seeds_DV5//V5_1/Experiment_05_7_opt/C_Difficult2_noise010.mat/Variant_05_Online_Autoencoder_QLearning_opt/2023_05_04-14_02_40
Normalisation: False
Template Matching: False
Optimising Autoencoder: True
Update Factor: 1
Noisy Batches: False
Noisy Factor: 0.001
Epochs: 8
Batch Size: 1
maximal Spikes for Autoencoder Training : 700
maximal Spikes for Training: 1000
Input Size: 47
Chosen Model: Convolutional Autoencoder
ConvolutionalAutoencoder(
  (encoder): Sequential(
    (0): Conv1d(1, 6, kernel_size=(6,), stride=(1,))
    (1): LeakyReLU(negative_slope=0.01)
    (2): Conv1d(6, 1, kernel_size=(6,), stride=(1,))
    (3): Flatten(start_dim=1, end_dim=-1)
    (4): Linear(in_features=37, out_features=2, bias=True)
  )
  (decoder): Sequential(
    (0): ConvTranspose1d(1, 6, kernel_size=(6,), stride=(1,))
    (1): LeakyReLU(negative_slope=0.01)
    (2): ConvTranspose1d(6, 1, kernel_size=(6,), stride=(1,))
    (3): Flatten(start_dim=1, end_dim=-1)
    (4): Linear(in_features=12, out_features=47, bias=True)
  )
)
MSELoss()
Adam (
Parameter Group 0
    amsgrad: False
    betas: (0.9, 0.999)
    capturable: False
    differentiable: False
    eps: 1e-08
    foreach: None
    fused: False
    lr: 0.001
    maximize: False
    weight_decay: 0
)
---Q Learning Parameters---
Normalisation: False
Punishment Coefficient: 0.6
Alpha: 0.8
Epsilon: 0.01
Gamma: 0.97
Initial Episode Number: 0
Episode Number Coefficient: 1.4
Number of Random Features: 20
Planning Number: 20
Max Random Features: 60
New Episode Number: 72
New Episode Number: 143
New Episode Number: 215
New Episode Number: 286
New Episode Number: 358
New Episode Number: 429
New Episode Number: 500
               0     1     2     3     4     5     6     7
new_cluster -2.2 -2.94 -0.78 -6.20 -3.34 -7.10 -2.77 -7.74
c1          -2.2 -2.87 -0.77 -5.84 -2.37 -7.08 -2.69 -7.74
c2          -2.2 -2.99 -0.76 -6.00 -2.46 -7.11 -2.77 -7.74
c3          -2.2 -3.07 -0.78 -5.94 -2.67 -7.11 -2.69 -7.74
c4          -2.2 -2.85 -0.79 -6.01 -2.96 -7.11 -2.76 -7.74
c5          -2.2 -2.95 -0.75 -6.40 -2.86 -7.12 -2.76 -7.74
c6          -2.2 -2.96 -0.77 -5.86 -2.39 -7.11 -2.75 -7.74
c7          -2.2 -2.95 -0.78 -6.09 -2.94 -7.11 -2.76  0.00
\begin{tabular}{lrrrrrrrr}
\toprule
{} &    0 &     1 &     2 &     3 &     4 &     5 &     6 &     7 \\
\midrule
new\_cluster & -2.2 & -2.94 & -0.78 & -6.20 & -3.34 & -7.10 & -2.77 & -7.74 \\
c1          & -2.2 & -2.87 & -0.77 & -5.84 & -2.37 & -7.08 & -2.69 & -7.74 \\
c2          & -2.2 & -2.99 & -0.76 & -6.00 & -2.46 & -7.11 & -2.77 & -7.74 \\
c3          & -2.2 & -3.07 & -0.78 & -5.94 & -2.67 & -7.11 & -2.69 & -7.74 \\
c4          & -2.2 & -2.85 & -0.79 & -6.01 & -2.96 & -7.11 & -2.76 & -7.74 \\
c5          & -2.2 & -2.95 & -0.75 & -6.40 & -2.86 & -7.12 & -2.76 & -7.74 \\
c6          & -2.2 & -2.96 & -0.77 & -5.86 & -2.39 & -7.11 & -2.75 & -7.74 \\
c7          & -2.2 & -2.95 & -0.78 & -6.09 & -2.94 & -7.11 & -2.76 &  0.00 \\
\bottomrule
\end{tabular}

                                0            1  ...            6            7
new_cluster  [-1.44, new_cluster]  [-2.17, c1]  ...  [-2.03, c6]  [-7.74, c7]
c1           [-1.44, new_cluster]  [-2.12, c1]  ...  [-2.03, c6]  [-7.74, c7]
c2           [-1.44, new_cluster]  [-2.24, c1]  ...  [-2.03, c6]  [-7.74, c7]
c3           [-1.44, new_cluster]  [-2.31, c1]  ...  [-2.03, c6]  [-7.74, c7]
c4           [-1.44, new_cluster]  [-2.09, c1]  ...  [-2.03, c6]  [-7.74, c7]
c5           [-1.44, new_cluster]  [-2.19, c1]  ...  [-2.03, c6]  [-7.74, c7]
c6           [-1.44, new_cluster]  [-2.21, c1]  ...  [-2.03, c6]  [-7.74, c7]
c7           [-1.44, new_cluster]   [-2.2, c1]  ...  [-2.03, c6]        [0, ]

[8 rows x 8 columns]
\begin{tabular}{lllllllll}
\toprule
{} &                     0 &            1 &            2 &            3 &            4 &            5 &            6 &            7 \\
\midrule
new\_cluster &  [-1.44, new\_cluster] &  [-2.17, c1] &  [-0.01, c2] &  [-5.44, c3] &  [-2.57, c4] &  [-6.37, c5] &  [-2.03, c6] &  [-7.74, c7] \\
c1          &  [-1.44, new\_cluster] &  [-2.12, c1] &  [-0.02, c2] &  [-5.08, c3] &  [-1.61, c4] &  [-6.36, c5] &  [-2.03, c6] &  [-7.74, c7] \\
c2          &  [-1.44, new\_cluster] &  [-2.24, c1] &  [-0.01, c2] &  [-5.24, c3] &  [-1.69, c4] &  [-6.38, c5] &  [-2.03, c6] &  [-7.74, c7] \\
c3          &  [-1.44, new\_cluster] &  [-2.31, c1] &  [-0.02, c2] &  [-5.19, c3] &   [-1.9, c4] &  [-6.37, c5] &  [-2.03, c6] &  [-7.74, c7] \\
c4          &  [-1.44, new\_cluster] &  [-2.09, c1] &  [-0.02, c2] &  [-5.25, c3] &  [-2.17, c4] &  [-6.38, c5] &  [-2.03, c6] &  [-7.74, c7] \\
c5          &  [-1.44, new\_cluster] &  [-2.19, c1] &   [-0.0, c2] &  [-5.64, c3] &  [-2.09, c4] &  [-6.39, c5] &  [-2.03, c6] &  [-7.74, c7] \\
c6          &  [-1.44, new\_cluster] &  [-2.21, c1] &  [-0.01, c2] &  [-5.11, c3] &  [-1.62, c4] &  [-6.38, c5] &  [-2.03, c6] &  [-7.74, c7] \\
c7          &  [-1.44, new\_cluster] &   [-2.2, c1] &  [-0.02, c2] &  [-5.36, c3] &  [-2.17, c4] &  [-6.38, c5] &  [-2.03, c6] &        [0, ] \\
\bottomrule
\end{tabular}

