Experiment_path: AE_Model_2/Normalization/Experiment_04_norm
Dataset_Path: ../_00_Datasets/03_SimDaten_Quiroga2020/C_Easy1_noise025.mat
Dataset_name: ['03_SimDaten_Quiroga2020', 'C_Easy1_noise025.mat']
Variant_name: V04_Off_AE_QL_norm
Visualisation_Path: AE_Model_2/Normalization/Experiment_04_norm/C_Easy1_noise025.mat/V04_Off_AE_QL_norm/2023_06_04-19_46_05
Punishment_Coefficient: 1.4
<_01_LoadDataset.ExternCode.spike_class.spike_dataclass object at 0x0000018FBC629048>
Sampling rate: 24000.0
Raw: [-0.1861928  -0.15538047 -0.11159897 ... -0.04566289 -0.07495693
 -0.11387027]
Times: [    288     764     962 ... 1439565 1439599 1439750]
Cluster: [2 1 1 ... 1 2 3]
Number of different clusters:  3
Number of Spikes: 3298
First aligned Spike Frame: [ 0.30343498  0.30504401  0.30003499  0.28306832  0.25612953  0.20234245
  0.11026158  0.00607927 -0.07206812 -0.11511366 -0.12845949 -0.13294027
 -0.18390234 -0.33132976 -0.53531084 -0.64122966 -0.43321471  0.14319913
  0.78508862  1.13178271  1.12964756  0.95557126  0.768731    0.62108183
  0.50039946  0.39401216  0.30447426  0.22854935  0.15922545  0.09984913
  0.06405489  0.05593058  0.05062423  0.00682243 -0.07060307 -0.1367616
 -0.15929316 -0.15555753 -0.15669153 -0.16914157 -0.17192467 -0.15578403
 -0.14071413 -0.14785593 -0.17738608 -0.22110055 -0.28163013]
Cluster 0, Occurrences: 1094
Cluster 1, Occurrences: 1089
Cluster 2, Occurrences: 1115
Train Index: 2968
x_train: 2968
y_train: 2968
x_test: 330
y_test: 330
<torch.utils.data.dataloader.DataLoader object at 0x0000018FBAFA2A20>
<torch.utils.data.dataloader.DataLoader object at 0x0000018FBAFA2898>
Epoch [1/8]: mean_loss=0.0006061823171942503
Epoch [2/8]: mean_loss=0.0003596110191921681
Epoch [3/8]: mean_loss=0.0003435642866736574
Epoch [4/8]: mean_loss=0.00033296082662092144
Epoch [5/8]: mean_loss=0.0003424773816109668
Epoch [6/8]: mean_loss=0.0003444731051624424
Epoch [7/8]: mean_loss=0.0003436475077824732
Epoch [8/8]: mean_loss=0.0003426537705921741
Number of Clusters: 3
Number of Samples after Autoencoder testing: 328
First Spike after testing: [1.7589941 1.1881866]
[2, 2, 1, 0, 1, 0, 0, 1, 2, 1, 0, 2, 2, 1, 0, 1, 2, 0, 1, 1, 2, 2, 0, 0, 0, 0, 1, 0, 2, 2, 0, 2, 0, 0, 1, 0, 2, 2, 2, 2, 2, 0, 1, 1, 1, 0, 0, 0, 1, 2, 1, 0, 2, 1, 1, 0, 0, 2, 1, 2, 2, 0, 2, 1, 1, 2, 0, 1, 1, 0, 1, 0, 2, 0, 1, 1, 0, 2, 1, 1, 2, 2, 0, 1, 1, 0, 2, 1, 2, 2, 2, 0, 1, 2, 0, 0, 0, 2, 2, 1, 2, 2, 2, 1, 0, 1, 2, 0, 0, 0, 2, 0, 1, 2, 2, 0, 2, 1, 1, 0, 2, 1, 2, 0, 0, 0, 2, 2, 0, 2, 2, 1, 0, 0, 0, 1, 0, 2, 1, 2, 1, 0, 1, 1, 1, 0, 2, 0, 2, 2, 2, 1, 2, 2, 0, 1, 2, 0, 1, 0, 1, 0, 2, 1, 2, 2, 2, 1, 2, 2, 2, 2, 0, 0, 1, 2, 2, 1, 0, 2, 0, 0, 2, 1, 2, 2, 1, 0, 1, 0, 1, 2, 1, 0, 1, 1, 1, 1, 0, 0, 2, 1, 0, 1, 0, 0, 1, 0, 2, 1, 0, 1, 1, 1, 1, 0, 1, 2, 1, 2, 0, 1, 2, 2, 2, 1, 2, 0, 2, 2, 0, 2, 0, 1, 1, 2, 2, 0, 2, 0, 1, 0, 2, 1, 1, 1, 1, 2, 2, 1, 1, 0, 2, 1, 0, 0, 0, 1, 0, 2, 0, 0, 2, 0, 1, 2, 1, 1, 0, 2, 0, 0, 1, 2, 1, 2, 0, 0, 0, 2, 2, 0, 1, 0, 0, 0, 0, 0, 2, 2, 1, 2, 0, 0, 2, 2, 2, 0, 2, 1, 2, 1, 1, 1, 2, 0, 1, 1, 2, 2, 2, 0, 0, 0, 2, 2, 1, 0, 1, 0, 2, 1, 2, 2, 1, 0, 1, 2]
[0, 0, 0, 0, 0, 0, 0, 0, 0, 0, 0, 0, 0, 0, 0, 0, 0, 0, 0, 0, 0, 0, 0, 0, 0, 0, 0, 0, 0, 0, 0, 0, 0, 0, 0, 0, 0, 0, 0, 0, 0, 0, 0, 0, 0, 0, 0, 0, 0, 0, 0, 0, 0, 0, 0, 0, 0, 0, 0, 0, 0, 0, 0, 0, 0, 0, 0, 0, 0, 0, 0, 0, 0, 0, 0, 0, 0, 0, 0, 0, 0, 0, 0, 0, 0, 0, 0, 0, 0, 0, 0, 0, 0, 0, 0, 0, 0, 0, 0, 0, 0, 0, 0, 0, 0, 0, 0, 0, 0, 0, 0, 0, 0, 0, 0, 0, 0, 0, 0, 0, 0, 0, 0, 0, 0, 0, 0, 0, 0, 0, 0, 0, 0, 0, 0, 0, 0, 0, 0, 0, 0, 0, 0, 0, 0, 0, 0, 0, 0, 0, 0, 0, 0, 0, 0, 0, 0, 0, 0, 0, 0, 0, 0, 0, 0, 0, 0, 0, 0, 0, 0, 0, 0, 0, 0, 0, 0, 0, 0, 0, 0, 0, 0, 0, 0, 0, 0, 0, 0, 0, 0, 0, 0, 0, 0, 0, 0, 0, 0, 0, 0, 0, 0, 0, 0, 0, 0, 0, 0, 0, 0, 0, 0, 0, 0, 0, 0, 0, 0, 0, 0, 0, 0, 0, 0, 0, 0, 0, 0, 0, 0, 0, 0, 0, 0, 0, 0, 0, 0, 0, 0, 0, 0, 0, 0, 0, 0, 0, 0, 0, 0, 0, 0, 0, 0, 0, 0, 0, 0, 0, 0, 0, 0, 0, 0, 0, 0, 0, 0, 0, 0, 0, 0, 0, 0, 0, 0, 0, 0, 0, 0, 0, 0, 0, 0, 0, 0, 0, 0, 0, 0, 0, 0, 0, 0, 0, 0, 0, 0, 0, 0, 0, 0, 0, 0, 0, 0, 0, 0, 0, 0, 0, 0, 0, 0, 0, 0, 0, 0, 0, 0, 0, 0, 0, 0, 0, 0, 0]
Centroids: [[-0.9262297, 2.3492541], [0.46757746, -2.5374522], [1.4746554, 1.3801261]]
Centroids: [[0.36055326, 0.4719687]]
Standard Derivations: [0.47710177, 0.31163457, 0.38131]
Cluster Distances: [4.2928576, 1.7306919, 4.2928576, 3.352006, 1.7306919, 3.352006]
Minimal Cluster Distance: 1.730691909790039
Contingency Matrix: 
[[109]
 [103]
 [116]]
[[109], [103], [116]]
[[109, 0, 0], [103, 0, 0], [116, 0, 0]]
[0, 1, 2]
[[-1, 0, 0], [-1, 0, 0], [-1, -1, -1]]
[[-1, -1, -1], [-1, -1, 0], [-1, -1, -1]]
[[-1, -1, -1], [-1, -1, -1], [-1, -1, -1]]
Match_Labels: {2: 0, 0: 1, 1: 2}
New Contingency Matrix: 
[[  0   0 109]
 [  0   0 103]
 [  0   0 116]]
New Clustered Label Sequence: [1, 2, 0]
Diagonal_Elements: [0, 0, 116], Sum: 116
All_Elements: [0, 0, 109, 0, 0, 103, 0, 0, 116], Sum: 328
Accuracy: 0.35365853658536583
Centroids: [[0.07452266008547712, 0.0630878417031476]]
