Seed: 0
Experiment_path: AE_Model_2/Normalization/Experiment_04_norm
Dataset_Path: ../_00_Datasets/03_SimDaten_Quiroga2020/C_Easy1_noise025.mat
Dataset_name: ['03_SimDaten_Quiroga2020', 'C_Easy1_noise025.mat']
Variant_name: V04_Off_AE_QL_norm
Visualisation_Path: AE_Model_2/Normalization/Experiment_04_norm/C_Easy1_noise025.mat/V04_Off_AE_QL_norm/2023_06_04-19_46_05
Split Ratio: 0.9
Epochs: 8
Batch Size: 1
Input Size: 47
Number of Features: 2
Chosen Model: Convolutional Autoencoder
ConvolutionalAutoencoder(
  (encoder): Sequential(
    (0): Conv1d(1, 6, kernel_size=(6,), stride=(1,))
    (1): LeakyReLU(negative_slope=0.01)
    (2): Conv1d(6, 1, kernel_size=(6,), stride=(1,))
    (3): Flatten(start_dim=1, end_dim=-1)
    (4): Linear(in_features=37, out_features=2, bias=True)
  )
  (decoder): Sequential(
    (0): ConvTranspose1d(1, 6, kernel_size=(6,), stride=(1,))
    (1): LeakyReLU(negative_slope=0.01)
    (2): ConvTranspose1d(6, 1, kernel_size=(6,), stride=(1,))
    (3): Flatten(start_dim=1, end_dim=-1)
    (4): Linear(in_features=12, out_features=47, bias=True)
  )
)
MSELoss()
Adam (
Parameter Group 0
    amsgrad: False
    betas: (0.9, 0.999)
    capturable: False
    differentiable: False
    eps: 1e-08
    foreach: None
    fused: False
    lr: 0.001
    maximize: False
    weight_decay: 0
)
---Q Learning Parameters---
Normalisation: True
Punishment Coefficient: 1.4
Alpha: 0.8
Epsilon: 0.01
Gamma: 0.97
Initial Episode Number: 0
Episode Number Coefficient: 1.4
Number of Random Features: 20
Planning Number: 20
Max Random Features: 60
New Episode Number: 72
                 0     1
new_cluster -10.52 -2.76
c1          -10.52 -2.80
\begin{tabular}{lrr}
\toprule
{} &      0 &     1 \\
\midrule
new\_cluster & -10.52 & -2.76 \\
c1          & -10.52 & -2.80 \\
\bottomrule
\end{tabular}

                                0            1
new_cluster  [-7.84, new_cluster]  [-0.04, c1]
c1           [-7.84, new_cluster]  [-0.08, c1]
\begin{tabular}{lll}
\toprule
{} &                     0 &            1 \\
\midrule
new\_cluster &  [-7.84, new\_cluster] &  [-0.04, c1] \\
c1          &  [-7.84, new\_cluster] &  [-0.08, c1] \\
\bottomrule
\end{tabular}

