Seed: 0
Experiment_path: Experiment_06
Dataset_Path: ../_00_Datasets/03_SimDaten_Quiroga2020/C_Difficult2_noise015.mat
Dataset_name: ['03_SimDaten_Quiroga2020', 'C_Difficult2_noise015.mat']
Variant_name: Variant_05_Online_Autoencoder_QLearning_opt
Visualisation_Path: AE_Model_2/Grid_Search_PC//V5_1/C_Difficult2_noise015.mat/Variant_05_Online_Autoencoder_QLearning_opt/2023_05_03-17_39_24
Normalisation: False
Template Matching: False
Optimising Autoencoder: True
Update Factor: 1
Noisy Batches: False
Noisy Factor: 0.001
Epochs: 8
Batch Size: 1
maximal Spikes for Autoencoder Training : 700
maximal Spikes for Training: 1000
Input Size: 47
Chosen Model: Convolutional Autoencoder
ConvolutionalAutoencoder(
  (encoder): Sequential(
    (0): Conv1d(1, 6, kernel_size=(6,), stride=(1,))
    (1): LeakyReLU(negative_slope=0.01)
    (2): Conv1d(6, 1, kernel_size=(6,), stride=(1,))
    (3): Flatten(start_dim=1, end_dim=-1)
    (4): Linear(in_features=37, out_features=2, bias=True)
  )
  (decoder): Sequential(
    (0): ConvTranspose1d(1, 6, kernel_size=(6,), stride=(1,))
    (1): LeakyReLU(negative_slope=0.01)
    (2): ConvTranspose1d(6, 1, kernel_size=(6,), stride=(1,))
    (3): Flatten(start_dim=1, end_dim=-1)
    (4): Linear(in_features=12, out_features=47, bias=True)
  )
)
MSELoss()
Adam (
Parameter Group 0
    amsgrad: False
    betas: (0.9, 0.999)
    capturable: False
    differentiable: False
    eps: 1e-08
    foreach: None
    fused: False
    lr: 0.001
    maximize: False
    weight_decay: 0
)
---Q Learning Parameters---
Normalisation: False
Punishment Coefficient: 0.4
Alpha: 0.8
Epsilon: 0.01
Gamma: 0.97
Initial Episode Number: 0
Episode Number Coefficient: 1.4
Number of Random Features: 20
Planning Number: 20
Max Random Features: 60
New Episode Number: 72
New Episode Number: 143
New Episode Number: 215
New Episode Number: 286
New Episode Number: 358
New Episode Number: 429
New Episode Number: 500
New Episode Number: 572
New Episode Number: 643
New Episode Number: 715
New Episode Number: 786
New Episode Number: 858
New Episode Number: 929
New Episode Number: 1000
New Episode Number: 1072
               0     1      2     3      4   ...     11    12     13     14    15
new_cluster -6.37 -6.00 -16.65 -6.14 -13.53  ... -11.24 -8.15 -23.57 -20.68 -7.54
c1          -6.37 -5.93 -16.59 -6.03 -13.52  ... -10.71 -8.07 -23.52 -20.69 -7.55
c2          -6.39 -5.85 -16.97 -6.13 -12.96  ... -11.10 -8.15 -23.58 -20.70 -7.44
c3          -6.38 -5.90 -16.28 -6.25 -13.43  ... -11.18 -8.40 -23.59 -20.69 -7.45
c4          -6.37 -5.90 -16.50 -6.02 -12.96  ... -10.81 -8.29 -23.57 -20.69 -7.53
c5          -6.37 -5.83 -16.88 -6.15 -13.12  ... -11.08 -8.15 -23.66 -20.72 -7.66
c6          -6.37 -5.92 -15.88 -6.02 -13.03  ... -10.59 -8.41 -23.57 -20.72 -7.53
c7          -6.38 -5.89 -16.31 -6.06 -12.94  ... -11.02 -8.33 -23.57 -20.77 -7.53
c8          -6.37 -5.84 -16.54 -5.99 -13.78  ... -11.09 -8.41 -23.57 -20.70 -7.53
c9          -6.37 -6.01 -16.14 -6.24 -13.26  ... -10.68 -8.50 -23.57 -20.71 -7.65
c10         -6.37 -6.01 -16.17 -6.14 -12.99  ... -10.92 -9.01 -23.66 -20.69 -7.60
c11         -6.37 -5.99 -16.27 -6.01 -12.71  ... -11.20 -8.09 -23.57 -20.72 -7.53
c12         -6.37 -5.84 -16.77 -6.10 -12.73  ... -10.97 -8.23 -23.76 -20.72 -7.53
c13         -6.37 -6.18 -15.70 -6.02 -13.05  ... -11.06 -8.51 -23.57 -20.80 -7.53
c14         -6.38 -6.01 -16.36 -6.18 -13.15  ... -11.15 -8.32 -23.57 -20.69 -7.52
c15         -6.37 -6.02 -16.74 -6.10 -13.22  ... -10.62 -8.75 -23.57 -20.84 -7.53

[16 rows x 16 columns]
\begin{tabular}{lrrrrrrrrrrrrrrrr}
\toprule
{} &    0  &    1  &     2  &    3  &     4  &    5  &    6  &     7  &     8  &    9  &    10 &     11 &    12 &     13 &     14 &    15 \\
\midrule
new\_cluster & -6.37 & -6.00 & -16.65 & -6.14 & -13.53 & -7.00 & -7.21 & -17.19 & -19.43 & -5.91 & -5.93 & -11.24 & -8.15 & -23.57 & -20.68 & -7.54 \\
c1          & -6.37 & -5.93 & -16.59 & -6.03 & -13.52 & -7.05 & -7.10 & -17.36 & -19.39 & -5.81 & -6.02 & -10.71 & -8.07 & -23.52 & -20.69 & -7.55 \\
c2          & -6.39 & -5.85 & -16.97 & -6.13 & -12.96 & -6.81 & -7.23 & -18.43 & -19.76 & -5.86 & -6.08 & -11.10 & -8.15 & -23.58 & -20.70 & -7.44 \\
c3          & -6.38 & -5.90 & -16.28 & -6.25 & -13.43 & -6.80 & -7.02 & -18.26 & -19.09 & -5.87 & -6.07 & -11.18 & -8.40 & -23.59 & -20.69 & -7.45 \\
c4          & -6.37 & -5.90 & -16.50 & -6.02 & -12.96 & -7.04 & -7.29 & -17.73 & -19.36 & -5.79 & -6.15 & -10.81 & -8.29 & -23.57 & -20.69 & -7.53 \\
c5          & -6.37 & -5.83 & -16.88 & -6.15 & -13.12 & -6.80 & -7.24 & -18.16 & -19.48 & -5.90 & -5.99 & -11.08 & -8.15 & -23.66 & -20.72 & -7.66 \\
c6          & -6.37 & -5.92 & -15.88 & -6.02 & -13.03 & -6.96 & -7.14 & -18.57 & -19.28 & -5.72 & -6.06 & -10.59 & -8.41 & -23.57 & -20.72 & -7.53 \\
c7          & -6.38 & -5.89 & -16.31 & -6.06 & -12.94 & -6.90 & -7.22 & -17.66 & -19.11 & -5.78 & -5.99 & -11.02 & -8.33 & -23.57 & -20.77 & -7.53 \\
c8          & -6.37 & -5.84 & -16.54 & -5.99 & -13.78 & -6.96 & -7.38 & -18.31 & -19.36 & -5.75 & -6.08 & -11.09 & -8.41 & -23.57 & -20.70 & -7.53 \\
c9          & -6.37 & -6.01 & -16.14 & -6.24 & -13.26 & -7.34 & -7.27 & -18.14 & -19.57 & -5.71 & -6.05 & -10.68 & -8.50 & -23.57 & -20.71 & -7.65 \\
c10         & -6.37 & -6.01 & -16.17 & -6.14 & -12.99 & -7.15 & -7.09 & -18.29 & -19.27 & -5.72 & -6.12 & -10.92 & -9.01 & -23.66 & -20.69 & -7.60 \\
c11         & -6.37 & -5.99 & -16.27 & -6.01 & -12.71 & -7.00 & -7.27 & -17.87 & -19.53 & -5.89 & -6.07 & -11.20 & -8.09 & -23.57 & -20.72 & -7.53 \\
c12         & -6.37 & -5.84 & -16.77 & -6.10 & -12.73 & -6.85 & -7.50 & -17.34 & -19.30 & -5.81 & -6.07 & -10.97 & -8.23 & -23.76 & -20.72 & -7.53 \\
c13         & -6.37 & -6.18 & -15.70 & -6.02 & -13.05 & -7.27 & -7.14 & -17.97 & -18.97 & -5.83 & -6.14 & -11.06 & -8.51 & -23.57 & -20.80 & -7.53 \\
c14         & -6.38 & -6.01 & -16.36 & -6.18 & -13.15 & -7.08 & -7.12 & -18.26 & -20.05 & -5.68 & -5.95 & -11.15 & -8.32 & -23.57 & -20.69 & -7.52 \\
c15         & -6.37 & -6.02 & -16.74 & -6.10 & -13.22 & -7.34 & -7.12 & -18.20 & -19.45 & -5.77 & -6.17 & -10.62 & -8.75 & -23.57 & -20.84 & -7.53 \\
\bottomrule
\end{tabular}

                               0            1   ...             14            15
new_cluster  [-0.64, new_cluster]  [-0.37, c1]  ...  [-15.18, c14]  [-1.82, c15]
c1           [-0.64, new_cluster]   [-0.3, c1]  ...  [-15.18, c14]  [-1.82, c15]
c2           [-0.64, new_cluster]  [-0.21, c1]  ...  [-15.18, c14]  [-1.82, c15]
c3           [-0.64, new_cluster]  [-0.26, c1]  ...  [-15.18, c14]  [-1.82, c15]
c4           [-0.64, new_cluster]  [-0.27, c1]  ...  [-15.18, c14]  [-1.82, c15]
c5           [-0.64, new_cluster]   [-0.2, c1]  ...  [-15.18, c14]  [-1.82, c15]
c6           [-0.64, new_cluster]  [-0.29, c1]  ...  [-15.18, c14]  [-1.82, c15]
c7           [-0.64, new_cluster]  [-0.26, c1]  ...  [-15.18, c14]  [-1.82, c15]
c8           [-0.64, new_cluster]  [-0.21, c1]  ...  [-15.18, c14]  [-1.82, c15]
c9           [-0.64, new_cluster]  [-0.38, c1]  ...  [-15.18, c14]  [-1.82, c15]
c10          [-0.64, new_cluster]  [-0.36, c1]  ...  [-15.18, c14]  [-1.82, c15]
c11          [-0.64, new_cluster]  [-0.34, c1]  ...  [-15.18, c14]  [-1.82, c15]
c12          [-0.64, new_cluster]  [-0.21, c1]  ...  [-15.18, c14]  [-1.82, c15]
c13          [-0.64, new_cluster]   [-0.3, c1]  ...  [-15.18, c14]  [-1.82, c15]
c14          [-0.64, new_cluster]  [-0.37, c1]  ...  [-15.18, c14]  [-1.82, c15]
c15          [-0.64, new_cluster]  [-0.34, c1]  ...  [-15.18, c14]  [-1.82, c15]

[16 rows x 16 columns]
\begin{tabular}{lllllllllllllllll}
\toprule
{} &                    0  &           1  &            2  &           3  &           4  &           5  &           6  &            7  &            8  &           9  &            10 &            11 &            12 &             13 &             14 &            15 \\
\midrule
new\_cluster &  [-0.64, new\_cluster] &  [-0.37, c1] &  [-10.96, c2] &  [-0.44, c3] &   [-7.8, c4] &  [-1.33, c5] &  [-1.58, c6] &  [-11.43, c7] &  [-13.78, c8] &   [-0.2, c9] &  [-0.38, c10] &  [-5.59, c11] &  [-2.51, c12] &  [-17.92, c13] &  [-15.18, c14] &  [-1.82, c15] \\
c1          &  [-0.64, new\_cluster] &   [-0.3, c1] &   [-10.9, c2] &  [-0.28, c3] &  [-7.87, c4] &   [-1.4, c5] &   [-1.5, c6] &  [-11.73, c7] &  [-13.72, c8] &  [-0.14, c9] &  [-0.46, c10] &   [-5.0, c11] &  [-2.43, c12] &  [-17.92, c13] &  [-15.18, c14] &  [-1.82, c15] \\
c2          &  [-0.64, new\_cluster] &  [-0.21, c1] &   [-11.3, c2] &  [-0.28, c3] &   [-7.3, c4] &  [-1.16, c5] &   [-1.6, c6] &  [-12.82, c7] &  [-14.14, c8] &  [-0.15, c9] &  [-0.53, c10] &  [-5.35, c11] &  [-2.51, c12] &  [-17.92, c13] &  [-15.18, c14] &  [-1.82, c15] \\
c3          &  [-0.64, new\_cluster] &  [-0.26, c1] &  [-10.61, c2] &   [-0.4, c3] &  [-7.67, c4] &  [-1.09, c5] &  [-1.42, c6] &  [-12.65, c7] &  [-13.44, c8] &   [-0.3, c9] &  [-0.52, c10] &  [-5.48, c11] &  [-2.77, c12] &  [-17.92, c13] &  [-15.18, c14] &  [-1.82, c15] \\
c4          &  [-0.64, new\_cluster] &  [-0.27, c1] &  [-10.77, c2] &  [-0.32, c3] &  [-7.22, c4] &  [-1.31, c5] &  [-1.69, c6] &  [-12.03, c7] &  [-13.81, c8] &  [-0.11, c9] &  [-0.53, c10] &  [-5.17, c11] &  [-2.61, c12] &  [-17.92, c13] &  [-15.18, c14] &  [-1.82, c15] \\
c5          &  [-0.64, new\_cluster] &   [-0.2, c1] &  [-11.21, c2] &  [-0.42, c3] &   [-7.5, c4] &  [-1.13, c5] &  [-1.64, c6] &  [-12.54, c7] &  [-13.89, c8] &  [-0.32, c9] &  [-0.44, c10] &   [-5.3, c11] &  [-2.51, c12] &  [-17.92, c13] &  [-15.18, c14] &  [-1.82, c15] \\
c6          &  [-0.64, new\_cluster] &  [-0.29, c1] &  [-10.14, c2] &  [-0.29, c3] &  [-7.39, c4] &  [-1.22, c5] &  [-1.54, c6] &  [-12.95, c7] &  [-13.72, c8] &  [-0.16, c9] &  [-0.51, c10] &  [-4.88, c11] &  [-2.78, c12] &  [-17.92, c13] &  [-15.18, c14] &  [-1.82, c15] \\
c7          &  [-0.64, new\_cluster] &  [-0.26, c1] &  [-10.64, c2] &  [-0.34, c3] &  [-7.31, c4] &  [-1.23, c5] &  [-1.62, c6] &  [-12.01, c7] &  [-13.49, c8] &   [-0.2, c9] &  [-0.43, c10] &  [-5.37, c11] &   [-2.7, c12] &  [-17.92, c13] &  [-15.18, c14] &  [-1.82, c15] \\
c8          &  [-0.64, new\_cluster] &  [-0.21, c1] &  [-10.84, c2] &  [-0.29, c3] &  [-8.08, c4] &   [-1.3, c5] &  [-1.78, c6] &  [-12.68, c7] &  [-13.72, c8] &  [-0.17, c9] &  [-0.52, c10] &  [-5.39, c11] &  [-2.78, c12] &  [-17.92, c13] &  [-15.18, c14] &  [-1.82, c15] \\
c9          &  [-0.64, new\_cluster] &  [-0.38, c1] &  [-10.46, c2] &  [-0.38, c3] &  [-7.59, c4] &   [-1.4, c5] &  [-1.67, c6] &  [-12.43, c7] &  [-13.94, c8] &  [-0.15, c9] &  [-0.49, c10] &  [-4.83, c11] &  [-2.87, c12] &  [-17.92, c13] &  [-15.18, c14] &  [-1.82, c15] \\
c10         &  [-0.64, new\_cluster] &  [-0.36, c1] &   [-10.5, c2] &  [-0.43, c3] &  [-7.35, c4] &   [-1.5, c5] &  [-1.49, c6] &  [-12.68, c7] &  [-13.63, c8] &  [-0.15, c9] &  [-0.57, c10] &  [-5.25, c11] &  [-3.38, c12] &  [-17.92, c13] &  [-15.18, c14] &  [-1.82, c15] \\
c11         &  [-0.64, new\_cluster] &  [-0.34, c1] &  [-10.51, c2] &  [-0.32, c3] &  [-7.09, c4] &  [-1.33, c5] &  [-1.67, c6] &  [-12.26, c7] &   [-13.9, c8] &  [-0.19, c9] &  [-0.51, c10] &   [-5.5, c11] &  [-2.45, c12] &  [-17.92, c13] &  [-15.18, c14] &  [-1.82, c15] \\
c12         &  [-0.64, new\_cluster] &  [-0.21, c1] &  [-11.09, c2] &  [-0.38, c3] &  [-7.08, c4] &  [-1.18, c5] &  [-1.87, c6] &  [-11.73, c7] &  [-13.72, c8] &  [-0.16, c9] &  [-0.52, c10] &  [-5.23, c11] &   [-2.6, c12] &  [-17.92, c13] &  [-15.18, c14] &  [-1.82, c15] \\
c13         &  [-0.64, new\_cluster] &   [-0.3, c1] &  [-10.03, c2] &  [-0.32, c3] &   [-7.4, c4] &   [-1.6, c5] &  [-1.52, c6] &  [-12.34, c7] &  [-13.32, c8] &  [-0.14, c9] &  [-0.58, c10] &  [-5.35, c11] &  [-2.87, c12] &  [-17.92, c13] &  [-15.18, c14] &  [-1.82, c15] \\
c14         &  [-0.64, new\_cluster] &  [-0.37, c1] &  [-10.68, c2] &  [-0.35, c3] &   [-7.5, c4] &  [-1.42, c5] &  [-1.52, c6] &  [-12.65, c7] &   [-14.4, c8] &  [-0.09, c9] &   [-0.4, c10] &   [-5.4, c11] &  [-2.69, c12] &  [-17.92, c13] &  [-15.18, c14] &  [-1.82, c15] \\
c15         &  [-0.64, new\_cluster] &  [-0.34, c1] &  [-11.06, c2] &  [-0.39, c3] &  [-7.57, c4] &  [-1.48, c5] &  [-1.52, c6] &  [-12.51, c7] &  [-13.79, c8] &  [-0.18, c9] &  [-0.57, c10] &  [-4.92, c11] &  [-3.11, c12] &  [-17.92, c13] &  [-15.18, c14] &  [-1.82, c15] \\
\bottomrule
\end{tabular}

