Seed: 5
Experiment_path: Random_Seeds//V4/Experiment_04_5
Dataset_Path: ../_00_Datasets/03_SimDaten_Quiroga2020/C_Easy2_noise020.mat
Dataset_name: ['03_SimDaten_Quiroga2020', 'C_Easy2_noise020.mat']
Variant_name: Variant_04_Offline_Autoencoder_QLearning
Visualisation_Path: Random_Seeds//V4/Experiment_04_5/C_Easy2_noise020.mat/Variant_04_Offline_Autoencoder_QLearning/2023_03_22-10_09_37
Split Ratio: 0.9
Epochs: 8
Batch Size: 1
Input Size: 47
Number of Features: 2
Chosen Model: Autoencoder
Autoencoder(
  (encoder): Sequential(
    (0): Linear(in_features=47, out_features=12, bias=True)
    (1): LeakyReLU(negative_slope=0.01)
    (2): Linear(in_features=12, out_features=2, bias=True)
  )
  (decoder): Sequential(
    (0): Linear(in_features=2, out_features=12, bias=True)
    (1): LeakyReLU(negative_slope=0.01)
    (2): Linear(in_features=12, out_features=47, bias=True)
  )
)
MSELoss()
Adam (
Parameter Group 0
    amsgrad: False
    betas: (0.9, 0.999)
    capturable: False
    differentiable: False
    eps: 1e-08
    foreach: None
    fused: False
    lr: 0.001
    maximize: False
    weight_decay: 0
)
---Q Learning Parameters---
Normalisation: False
Punishment Coefficient: 0.58
Alpha: 0.8
Epsilon: 0.01
Gamma: 0.97
Initial Episode Number: 0
Episode Number Coefficient: 1.4
Number of Random Features: 20
Planning Number: 20
Max Random Features: 60
New Episode Number: 72
New Episode Number: 143
New Episode Number: 215
New Episode Number: 286
New Episode Number: 358
New Episode Number: 429
New Episode Number: 500
New Episode Number: 572
New Episode Number: 643
                0     1      2      3     4      5      6      7     8     9
new_cluster -2.21 -2.07 -15.80  -9.22 -0.88 -20.49 -16.93 -26.33 -3.07 -5.61
c1          -2.20 -1.95 -15.64 -10.05 -0.89 -20.79 -15.79 -25.23 -3.08 -5.61
c2          -2.24 -2.35 -15.28  -9.27 -0.86 -19.63 -15.39 -26.04 -3.07 -5.61
c3          -2.20 -2.23 -15.43  -9.23 -0.89 -20.15 -16.10 -24.98 -3.08 -5.61
c4          -2.28 -2.10 -15.44  -8.75 -0.86 -19.17 -15.57 -25.02 -3.07 -5.61
c5          -2.25 -1.88 -14.94  -8.30 -0.92 -22.68 -15.71 -25.19 -3.07 -5.62
c6          -2.24 -1.98 -15.71  -8.79 -0.94 -20.64 -15.65 -26.17 -3.07 -5.61
c7          -2.22 -2.20 -15.09  -9.59 -0.90 -18.80 -15.17 -25.54 -3.07 -5.61
c8          -2.24 -2.14 -15.45  -9.29 -0.88 -20.84 -15.47 -24.73 -3.07 -5.61
c9          -2.25 -2.22 -16.14  -9.50 -1.03 -19.28 -16.52 -26.25 -3.07 -5.61
                                0            1  ...            8            9
new_cluster  [-1.35, new_cluster]  [-1.16, c1]  ...  [-2.16, c8]  [-4.61, c9]
c1           [-1.35, new_cluster]  [-1.05, c1]  ...  [-2.16, c8]  [-4.61, c9]
c2           [-1.35, new_cluster]  [-1.48, c1]  ...  [-2.16, c8]  [-4.61, c9]
c3           [-1.35, new_cluster]  [-1.32, c1]  ...  [-2.16, c8]  [-4.61, c9]
c4           [-1.35, new_cluster]   [-1.2, c1]  ...  [-2.16, c8]  [-4.61, c9]
c5           [-1.35, new_cluster]  [-0.98, c1]  ...  [-2.16, c8]  [-4.61, c9]
c6           [-1.35, new_cluster]  [-1.08, c1]  ...  [-2.16, c8]  [-4.61, c9]
c7           [-1.35, new_cluster]   [-1.3, c1]  ...  [-2.16, c8]  [-4.61, c9]
c8           [-1.35, new_cluster]  [-1.24, c1]  ...  [-2.16, c8]  [-4.61, c9]
c9           [-1.35, new_cluster]  [-1.32, c1]  ...  [-2.16, c8]  [-4.61, c9]

[10 rows x 10 columns]
