Experiment_path: AE_Model_2/Reduce_Training//V5_50/Experiment_05
Dataset_Path: ../_00_Datasets/03_SimDaten_Quiroga2020/C_Difficult2_noise020.mat
Dataset_name: ['03_SimDaten_Quiroga2020', 'C_Difficult2_noise020.mat']
Variant_name: Variant_05_Online_Autoencoder_QLearning
Visualisation_Path: AE_Model_2/Reduce_Training//V5_50/Experiment_05/C_Difficult2_noise020.mat/Variant_05_Online_Autoencoder_QLearning/1.5
Punishment_Coefficient: 1.5
<_01_LoadDataset.ExternCode.spike_class.spike_dataclass object at 0x000001FB2A2FFBA8>
Sampling rate: 24000.0
Raw: [-0.05920843 -0.02398302  0.01513494 ...  0.2971695   0.32984394
  0.35872829]
Times: [    337    1080    1305 ... 1438651 1438787 1439662]
Cluster: [2 1 1 ... 2 1 3]
Number of different clusters:  3
Number of Spikes: 3493
First aligned Spike Frame: [ 0.50880334  0.56984686  0.60721022  0.60769692  0.58122704  0.55003969
  0.51479324  0.46436685  0.40848987  0.36206071  0.31750134  0.26828304
  0.23270096  0.2305818   0.25904633  0.30599383  0.36680145  0.45670025
  0.60261795  0.8012213   1.02149976  1.23478943  1.38977263  1.39868415
  1.211664    0.88028336  0.50425138  0.15449729 -0.12937778 -0.32272009
 -0.40685817 -0.38921932 -0.31829776 -0.24412685 -0.18860857 -0.1442941
 -0.0976923  -0.0504865  -0.01384986  0.00955437  0.03047694  0.05600466
  0.07308225  0.06101434  0.01148826 -0.0607151  -0.13636803]
Cluster 0, Occurrences: 1151
Cluster 1, Occurrences: 1195
Cluster 2, Occurrences: 1147
Number of Clusters: 3
Online_Training [1/50]: mean_loss=0.3344338908791542
Online_Training [2/50]: mean_loss=0.13134394586086273
Online_Training [3/50]: mean_loss=0.2167550716549158
Online_Training [4/50]: mean_loss=0.1159316934645176
Online_Training [5/50]: mean_loss=0.1744824294000864
Online_Training [6/50]: mean_loss=0.12629021983593702
Online_Training [7/50]: mean_loss=0.09255310241132975
Online_Training [8/50]: mean_loss=0.12251323834061623
Online_Training [9/50]: mean_loss=0.13384366966784
Online_Training [10/50]: mean_loss=0.08815927803516388
Online_Training [11/50]: mean_loss=0.12745911162346601
Online_Training [12/50]: mean_loss=0.06488001625984907
Online_Training [13/50]: mean_loss=0.05404045665636659
Online_Training [14/50]: mean_loss=0.15798873268067837
Online_Training [15/50]: mean_loss=0.0685219094157219
Online_Training [16/50]: mean_loss=0.07077132258564234
Online_Training [17/50]: mean_loss=0.04321786621585488
Online_Training [18/50]: mean_loss=0.10139608662575483
Online_Training [19/50]: mean_loss=0.033006738405674696
Online_Training [20/50]: mean_loss=0.014796375413425267
Online_Training [21/50]: mean_loss=0.026920550735667348
Online_Training [22/50]: mean_loss=0.058643524535000324
Online_Training [23/50]: mean_loss=0.4226163476705551
Online_Training [24/50]: mean_loss=0.17927944473922253
Online_Training [25/50]: mean_loss=0.0360240638256073
Online_Training [26/50]: mean_loss=0.11915894690901041
Online_Training [27/50]: mean_loss=0.09282136429101229
Online_Training [28/50]: mean_loss=0.15397612936794758
Online_Training [29/50]: mean_loss=0.07876607589423656
Online_Training [30/50]: mean_loss=0.08407462108880281
Online_Training [31/50]: mean_loss=0.18341167084872723
Online_Training [32/50]: mean_loss=0.10503609012812376
Online_Training [33/50]: mean_loss=0.08205916732549667
Online_Training [34/50]: mean_loss=0.4712480939924717
Online_Training [35/50]: mean_loss=0.29284876212477684
Online_Training [36/50]: mean_loss=0.1087358957156539
Online_Training [37/50]: mean_loss=0.07878669165074825
Online_Training [38/50]: mean_loss=0.11537998542189598
Online_Training [39/50]: mean_loss=0.08531086519360542
Online_Training [40/50]: mean_loss=0.13661155104637146
Online_Training [41/50]: mean_loss=0.15606437250971794
Online_Training [42/50]: mean_loss=0.10470076743513346
Online_Training [43/50]: mean_loss=0.12600278574973345
Online_Training [44/50]: mean_loss=0.25593989714980125
Online_Training [45/50]: mean_loss=0.09711788594722748
Online_Training [46/50]: mean_loss=0.051247796043753624
Online_Training [47/50]: mean_loss=0.11786196380853653
Online_Training [48/50]: mean_loss=0.12685840670019388
Online_Training [49/50]: mean_loss=0.0875936346128583
Online_Training [50/50]: mean_loss=0.06172794196754694
Number of Samples after Autoencoder testing: 300
First Spike after testing: [-1.4525399 -0.5132523]
[0, 2, 2, 2, 1, 1, 2, 0, 1, 0, 2, 0, 1, 0, 1, 2, 0, 0, 2, 2, 2, 1, 2, 0, 0, 2, 1, 0, 2, 0, 2, 0, 2, 2, 0, 1, 2, 0, 2, 1, 1, 1, 2, 2, 2, 0, 2, 1, 1, 0, 0, 0, 0, 2, 2, 1, 0, 2, 2, 1, 1, 0, 0, 2, 0, 1, 2, 0, 0, 2, 2, 2, 2, 1, 0, 2, 0, 1, 0, 2, 1, 2, 0, 1, 2, 0, 1, 1, 2, 0, 0, 2, 1, 2, 0, 2, 2, 1, 1, 2, 1, 0, 2, 2, 1, 1, 1, 2, 1, 0, 1, 2, 1, 0, 0, 1, 2, 0, 1, 1, 2, 1, 0, 1, 1, 1, 2, 0, 2, 1, 2, 1, 0, 1, 1, 1, 0, 2, 2, 2, 2, 1, 2, 2, 1, 1, 2, 1, 2, 1, 2, 2, 1, 2, 0, 1, 1, 0, 0, 0, 1, 1, 2, 2, 1, 1, 1, 1, 1, 2, 2, 1, 0, 2, 0, 1, 2, 2, 0, 1, 0, 2, 0, 0, 2, 1, 1, 0, 1, 2, 0, 1, 1, 0, 0, 2, 1, 1, 1, 1, 0, 0, 0, 2, 0, 2, 2, 2, 1, 1, 0, 2, 0, 0, 0, 2, 0, 2, 2, 1, 2, 0, 1, 1, 0, 2, 1, 2, 0, 2, 1, 2, 0, 2, 1, 2, 0, 2, 1, 2, 0, 0, 0, 1, 1, 2, 1, 2, 0, 1, 0, 1, 1, 1, 0, 2, 0, 2, 1, 0, 1, 2, 2, 2, 1, 2, 2, 0, 0, 0, 1, 0, 0, 1, 2, 2, 2, 1, 0, 1, 1, 2, 0, 1, 1, 0, 1, 0, 0, 2, 2, 2, 2, 2, 2, 2, 0, 1, 1, 0]
[0, 0, 0, 0, 0, 0, 0, 0, 0, 0, 0, 0, 0, 0, 0, 0, 0, 0, 0, 0, 0, 0, 0, 0, 0, 0, 0, 0, 0, 0, 0, 0, 0, 0, 0, 0, 0, 0, 0, 0, 0, 0, 0, 0, 0, 0, 0, 0, 0, 0, 0, 0, 0, 0, 0, 0, 0, 0, 0, 0, 0, 0, 0, 0, 0, 0, 0, 0, 0, 0, 0, 0, 0, 0, 0, 0, 0, 0, 0, 0, 0, 0, 0, 0, 0, 0, 0, 0, 0, 0, 0, 0, 0, 0, 0, 0, 0, 0, 0, 0, 0, 0, 0, 0, 0, 0, 0, 0, 0, 0, 0, 0, 0, 0, 0, 0, 0, 0, 0, 0, 0, 0, 0, 0, 0, 0, 0, 0, 0, 0, 0, 0, 0, 0, 0, 0, 0, 0, 0, 0, 0, 0, 0, 0, 0, 0, 0, 0, 0, 0, 0, 0, 0, 0, 0, 0, 0, 0, 0, 0, 0, 0, 0, 0, 0, 0, 0, 0, 0, 0, 0, 0, 0, 0, 0, 0, 0, 0, 0, 0, 0, 0, 0, 0, 0, 0, 0, 0, 0, 0, 0, 0, 0, 0, 0, 0, 0, 0, 0, 0, 0, 0, 0, 0, 0, 0, 0, 0, 0, 0, 0, 0, 0, 0, 0, 0, 0, 0, 0, 0, 0, 0, 0, 0, 0, 0, 0, 0, 0, 0, 0, 0, 0, 0, 0, 0, 0, 0, 0, 0, 0, 0, 0, 0, 0, 0, 0, 0, 0, 0, 0, 0, 0, 0, 0, 0, 0, 0, 0, 0, 0, 0, 0, 0, 0, 0, 0, 0, 0, 0, 0, 0, 0, 0, 0, 0, 0, 0, 0, 0, 0, 0, 0, 0, 0, 0, 0, 0, 0, 0, 0, 0, 0, 0, 0, 0, 0, 0, 0, 0]
Centroids: [[-1.5050836, -0.64196926], [-1.2932794, 0.073663265], [-1.5447009, -0.5840897]]
Centroids: [[-1.4481704, -0.38001007]]
Contingency Matrix: 
[[ 90]
 [101]
 [109]]
[[90], [101], [109]]
[[90, 0, 0], [101, 0, 0], [109, 0, 0]]
[0, 1, 2]
[[-1, 0, 0], [-1, 0, 0], [-1, -1, -1]]
[[-1, -1, -1], [-1, -1, 0], [-1, -1, -1]]
[[-1, -1, -1], [-1, -1, -1], [-1, -1, -1]]
Match_Labels: {2: 0, 0: 1, 1: 2}
New Contingency Matrix: 
[[  0   0  90]
 [  0   0 101]
 [  0   0 109]]
New Clustered Label Sequence: [1, 2, 0]
Diagonal_Elements: [0, 0, 109], Sum: 109
All_Elements: [0, 0, 90, 0, 0, 101, 0, 0, 109], Sum: 300
Accuracy: 0.36333333333333334
