Seed: 2
Experiment_path: AE_Model_1/Random_Seeds_DV5//V5_2/Experiment_05_2_opt_temp
Dataset_Path: ../_00_Datasets/03_SimDaten_Quiroga2020/C_Difficult2_noise005.mat
Dataset_name: ['03_SimDaten_Quiroga2020', 'C_Difficult2_noise005.mat']
Variant_name: Variant_05_Online_Autoencoder_QLearning_opt_temp
Visualisation_Path: AE_Model_1/Random_Seeds_DV5//V5_2/Experiment_05_2_opt_temp/C_Difficult2_noise005.mat/Variant_05_Online_Autoencoder_QLearning_opt_temp/2023_04_24-16_44_32
Normalisation: False
Template Matching: True
Optimising Autoencoder: True
Update Factor: 1
Noisy Batches: False
Noisy Factor: 0.1
Epochs: 8
Batch Size: 1
maximal Spikes for Autoencoder Training : 700
maximal Spikes for Training: 1000
Input Size: 47
Chosen Model: Autoencoder
Autoencoder(
  (encoder): Sequential(
    (0): Linear(in_features=47, out_features=12, bias=True)
    (1): LeakyReLU(negative_slope=0.01)
    (2): Linear(in_features=12, out_features=2, bias=True)
  )
  (decoder): Sequential(
    (0): Linear(in_features=2, out_features=12, bias=True)
    (1): LeakyReLU(negative_slope=0.01)
    (2): Linear(in_features=12, out_features=47, bias=True)
  )
)
MSELoss()
Adam (
Parameter Group 0
    amsgrad: False
    betas: (0.9, 0.999)
    capturable: False
    differentiable: False
    eps: 1e-08
    foreach: None
    fused: False
    lr: 0.001
    maximize: False
    weight_decay: 0
)
---Q Learning Parameters---
Normalisation: False
Punishment Coefficient: 0.4
Alpha: 0.8
Epsilon: 0.01
Gamma: 0.97
Initial Episode Number: 0
Episode Number Coefficient: 1.4
Number of Random Features: 20
Planning Number: 20
Max Random Features: 60
New Episode Number: 72
New Episode Number: 143
New Episode Number: 215
New Episode Number: 286
New Episode Number: 358
New Episode Number: 429
New Episode Number: 500
New Episode Number: 572
New Episode Number: 643
New Episode Number: 715
New Episode Number: 786
New Episode Number: 858
New Episode Number: 929
New Episode Number: 1000
               0     1     2     3     4   ...    10    11     12    13    14
new_cluster -3.37 -3.44 -2.78 -5.90 -4.76  ... -4.40 -7.20 -23.18 -5.56 -9.60
c1          -3.43 -3.31 -2.76 -6.08 -4.86  ... -4.40 -7.10 -23.22 -5.47 -9.59
c2          -3.34 -3.22 -2.76 -5.56 -4.90  ... -4.22 -7.46 -23.24 -5.48 -9.59
c3          -3.35 -3.30 -2.78 -6.27 -5.01  ... -4.32 -7.13 -23.19 -5.48 -9.62
c4          -3.37 -3.22 -2.76 -6.03 -5.03  ... -4.42 -7.30 -23.24 -5.47 -9.61
c5          -3.37 -3.23 -2.79 -5.90 -4.59  ... -4.71 -7.07 -23.23 -5.48 -9.61
c6          -3.34 -3.22 -2.77 -5.50 -5.00  ... -4.47 -7.10 -23.18 -5.46 -9.60
c7          -3.37 -3.30 -2.76 -5.84 -4.68  ... -4.21 -7.33 -23.18 -5.47 -9.61
c8          -3.34 -3.31 -2.76 -6.12 -4.68  ... -4.49 -7.19 -23.23 -5.47 -9.59
c9          -3.43 -3.27 -2.79 -5.81 -4.83  ... -4.43 -6.91 -23.23 -5.48 -9.60
c10         -3.36 -3.26 -2.80 -5.75 -4.94  ... -4.49 -7.28 -23.23 -5.48 -9.61
c11         -3.43 -3.29 -2.78 -5.74 -4.96  ... -4.63 -7.34 -23.18 -5.48 -9.67
c12         -3.35 -3.29 -2.79 -5.97 -4.78  ... -4.18 -7.18 -23.18 -5.46 -9.67
c13         -3.35 -3.24 -2.75 -5.62 -4.80  ... -4.29 -7.08 -23.18 -5.56 -9.67
c14         -3.36 -3.31 -2.79 -5.54 -4.88  ... -4.44 -6.98 -23.24 -5.56 -9.67

[15 rows x 15 columns]
\begin{tabular}{lrrrrrrrrrrrrrrr}
\toprule
{} &    0  &    1  &    2  &    3  &    4  &    5  &    6  &    7  &    8  &     9  &    10 &    11 &     12 &    13 &    14 \\
\midrule
new\_cluster & -3.37 & -3.44 & -2.78 & -5.90 & -4.76 & -9.20 & -8.48 & -4.01 & -3.00 & -11.15 & -4.40 & -7.20 & -23.18 & -5.56 & -9.60 \\
c1          & -3.43 & -3.31 & -2.76 & -6.08 & -4.86 & -9.36 & -8.27 & -4.02 & -2.74 & -11.15 & -4.40 & -7.10 & -23.22 & -5.47 & -9.59 \\
c2          & -3.34 & -3.22 & -2.76 & -5.56 & -4.90 & -9.01 & -8.33 & -4.02 & -3.02 & -11.13 & -4.22 & -7.46 & -23.24 & -5.48 & -9.59 \\
c3          & -3.35 & -3.30 & -2.78 & -6.27 & -5.01 & -9.03 & -7.96 & -4.18 & -3.46 & -11.15 & -4.32 & -7.13 & -23.19 & -5.48 & -9.62 \\
c4          & -3.37 & -3.22 & -2.76 & -6.03 & -5.03 & -9.03 & -8.00 & -4.01 & -2.79 & -11.14 & -4.42 & -7.30 & -23.24 & -5.47 & -9.61 \\
c5          & -3.37 & -3.23 & -2.79 & -5.90 & -4.59 & -9.18 & -8.20 & -4.42 & -2.68 & -11.13 & -4.71 & -7.07 & -23.23 & -5.48 & -9.61 \\
c6          & -3.34 & -3.22 & -2.77 & -5.50 & -5.00 & -9.23 & -8.65 & -3.91 & -2.72 & -11.15 & -4.47 & -7.10 & -23.18 & -5.46 & -9.60 \\
c7          & -3.37 & -3.30 & -2.76 & -5.84 & -4.68 & -9.18 & -8.23 & -3.99 & -2.89 & -11.19 & -4.21 & -7.33 & -23.18 & -5.47 & -9.61 \\
c8          & -3.34 & -3.31 & -2.76 & -6.12 & -4.68 & -9.14 & -7.97 & -4.33 & -3.21 & -11.15 & -4.49 & -7.19 & -23.23 & -5.47 & -9.59 \\
c9          & -3.43 & -3.27 & -2.79 & -5.81 & -4.83 & -9.12 & -8.41 & -4.24 & -3.00 & -11.15 & -4.43 & -6.91 & -23.23 & -5.48 & -9.60 \\
c10         & -3.36 & -3.26 & -2.80 & -5.75 & -4.94 & -9.12 & -8.17 & -4.35 & -2.75 & -11.13 & -4.49 & -7.28 & -23.23 & -5.48 & -9.61 \\
c11         & -3.43 & -3.29 & -2.78 & -5.74 & -4.96 & -9.26 & -8.44 & -3.88 & -2.84 & -11.15 & -4.63 & -7.34 & -23.18 & -5.48 & -9.67 \\
c12         & -3.35 & -3.29 & -2.79 & -5.97 & -4.78 & -9.08 & -8.35 & -3.81 & -2.74 & -11.14 & -4.18 & -7.18 & -23.18 & -5.46 & -9.67 \\
c13         & -3.35 & -3.24 & -2.75 & -5.62 & -4.80 & -8.99 & -8.33 & -4.18 & -2.97 & -11.15 & -4.29 & -7.08 & -23.18 & -5.56 & -9.67 \\
c14         & -3.36 & -3.31 & -2.79 & -5.54 & -4.88 & -9.17 & -8.44 & -4.17 & -2.72 & -11.16 & -4.44 & -6.98 & -23.24 & -5.56 & -9.67 \\
\bottomrule
\end{tabular}

                               0            1   ...           13            14
new_cluster  [-0.64, new_cluster]  [-0.73, c1]  ...  [-2.8, c13]  [-6.95, c14]
c1           [-0.64, new_cluster]  [-0.65, c1]  ...  [-2.8, c13]  [-6.95, c14]
c2           [-0.64, new_cluster]  [-0.56, c1]  ...  [-2.8, c13]  [-6.95, c14]
c3           [-0.64, new_cluster]  [-0.63, c1]  ...  [-2.8, c13]  [-6.95, c14]
c4           [-0.64, new_cluster]  [-0.53, c1]  ...  [-2.8, c13]  [-6.95, c14]
c5           [-0.64, new_cluster]  [-0.57, c1]  ...  [-2.8, c13]  [-6.95, c14]
c6           [-0.64, new_cluster]  [-0.55, c1]  ...  [-2.8, c13]  [-6.95, c14]
c7           [-0.64, new_cluster]  [-0.63, c1]  ...  [-2.8, c13]  [-6.95, c14]
c8           [-0.64, new_cluster]  [-0.63, c1]  ...  [-2.8, c13]  [-6.95, c14]
c9           [-0.64, new_cluster]  [-0.61, c1]  ...  [-2.8, c13]  [-6.95, c14]
c10          [-0.64, new_cluster]   [-0.6, c1]  ...  [-2.8, c13]  [-6.95, c14]
c11          [-0.64, new_cluster]  [-0.62, c1]  ...  [-2.8, c13]  [-6.95, c14]
c12          [-0.64, new_cluster]  [-0.62, c1]  ...  [-2.8, c13]  [-6.95, c14]
c13          [-0.64, new_cluster]  [-0.57, c1]  ...  [-2.8, c13]  [-6.95, c14]
c14          [-0.64, new_cluster]  [-0.64, c1]  ...  [-2.8, c13]  [-6.95, c14]

[15 rows x 15 columns]
\begin{tabular}{llllllllllllllll}
\toprule
{} &                    0  &           1  &           2  &           3  &           4  &           5  &           6  &           7  &           8  &           9  &            10 &            11 &             12 &           13 &            14 \\
\midrule
new\_cluster &  [-0.64, new\_cluster] &  [-0.73, c1] &   [-0.1, c2] &  [-3.19, c3] &  [-2.07, c4] &  [-6.57, c5] &  [-5.84, c6] &  [-1.29, c7] &  [-0.26, c8] &  [-8.42, c9] &  [-1.73, c10] &   [-4.5, c11] &  [-20.52, c12] &  [-2.8, c13] &  [-6.95, c14] \\
c1          &  [-0.64, new\_cluster] &  [-0.65, c1] &  [-0.08, c2] &  [-3.29, c3] &  [-2.18, c4] &  [-6.74, c5] &  [-5.56, c6] &  [-1.29, c7] &  [-0.06, c8] &  [-8.42, c9] &  [-1.73, c10] &  [-4.35, c11] &  [-20.52, c12] &  [-2.8, c13] &  [-6.95, c14] \\
c2          &  [-0.64, new\_cluster] &  [-0.56, c1] &  [-0.07, c2] &  [-2.87, c3] &   [-2.2, c4] &  [-6.36, c5] &  [-5.67, c6] &   [-1.3, c7] &  [-0.35, c8] &  [-8.42, c9] &  [-1.48, c10] &  [-4.76, c11] &  [-20.52, c12] &  [-2.8, c13] &  [-6.95, c14] \\
c3          &  [-0.64, new\_cluster] &  [-0.63, c1] &  [-0.08, c2] &  [-3.58, c3] &  [-2.33, c4] &  [-6.41, c5] &  [-5.31, c6] &  [-1.46, c7] &  [-0.78, c8] &  [-8.42, c9] &  [-1.64, c10] &  [-4.42, c11] &  [-20.52, c12] &  [-2.8, c13] &  [-6.95, c14] \\
c4          &  [-0.64, new\_cluster] &  [-0.53, c1] &  [-0.09, c2] &  [-3.24, c3] &  [-2.28, c4] &  [-6.42, c5] &  [-5.36, c6] &  [-1.29, c7] &  [-0.11, c8] &  [-8.42, c9] &  [-1.75, c10] &  [-4.61, c11] &  [-20.52, c12] &  [-2.8, c13] &  [-6.95, c14] \\
c5          &  [-0.64, new\_cluster] &  [-0.57, c1] &  [-0.11, c2] &  [-3.21, c3] &  [-1.87, c4] &  [-6.56, c5] &  [-5.55, c6] &  [-1.72, c7] &  [-0.01, c8] &  [-8.42, c9] &   [-2.0, c10] &  [-4.36, c11] &  [-20.52, c12] &  [-2.8, c13] &  [-6.95, c14] \\
c6          &  [-0.64, new\_cluster] &  [-0.55, c1] &  [-0.09, c2] &   [-2.8, c3] &  [-2.31, c4] &  [-6.61, c5] &   [-6.0, c6] &  [-1.15, c7] &  [-0.05, c8] &  [-8.42, c9] &  [-1.81, c10] &  [-4.39, c11] &  [-20.52, c12] &  [-2.8, c13] &  [-6.95, c14] \\
c7          &  [-0.64, new\_cluster] &  [-0.63, c1] &  [-0.08, c2] &  [-3.14, c3] &  [-1.96, c4] &  [-6.56, c5] &  [-5.59, c6] &  [-1.29, c7] &  [-0.23, c8] &  [-8.42, c9] &  [-1.54, c10] &  [-4.58, c11] &  [-20.52, c12] &  [-2.8, c13] &  [-6.95, c14] \\
c8          &  [-0.64, new\_cluster] &  [-0.63, c1] &  [-0.09, c2] &  [-3.42, c3] &  [-1.98, c4] &  [-6.46, c5] &  [-5.32, c6] &  [-1.63, c7] &  [-0.55, c8] &  [-8.42, c9] &  [-1.81, c10] &  [-4.48, c11] &  [-20.52, c12] &  [-2.8, c13] &  [-6.95, c14] \\
c9          &  [-0.64, new\_cluster] &  [-0.61, c1] &  [-0.11, c2] &  [-3.11, c3] &  [-2.04, c4] &  [-6.51, c5] &  [-5.76, c6] &  [-1.54, c7] &  [-0.33, c8] &  [-8.42, c9] &  [-1.76, c10] &  [-4.21, c11] &  [-20.52, c12] &  [-2.8, c13] &  [-6.95, c14] \\
c10         &  [-0.64, new\_cluster] &   [-0.6, c1] &   [-0.1, c2] &  [-2.95, c3] &  [-2.26, c4] &  [-6.51, c5] &  [-5.53, c6] &  [-1.63, c7] &  [-0.09, c8] &  [-8.42, c9] &  [-1.81, c10] &  [-4.58, c11] &  [-20.52, c12] &  [-2.8, c13] &  [-6.95, c14] \\
c11         &  [-0.64, new\_cluster] &  [-0.62, c1] &  [-0.09, c2] &  [-3.04, c3] &  [-2.28, c4] &  [-6.64, c5] &  [-5.79, c6] &  [-1.15, c7] &  [-0.16, c8] &  [-8.42, c9] &  [-1.89, c10] &  [-4.64, c11] &  [-20.52, c12] &  [-2.8, c13] &  [-6.95, c14] \\
c12         &  [-0.64, new\_cluster] &  [-0.62, c1] &  [-0.11, c2] &  [-3.27, c3] &  [-2.08, c4] &  [-6.46, c5] &  [-5.65, c6] &  [-1.09, c7] &  [-0.06, c8] &  [-8.42, c9] &   [-1.5, c10] &  [-4.49, c11] &  [-20.52, c12] &  [-2.8, c13] &  [-6.95, c14] \\
c13         &  [-0.64, new\_cluster] &  [-0.57, c1] &  [-0.07, c2] &  [-2.92, c3] &  [-2.11, c4] &  [-6.37, c5] &  [-5.67, c6] &  [-1.46, c7] &  [-0.23, c8] &  [-8.42, c9] &  [-1.62, c10] &  [-4.33, c11] &  [-20.52, c12] &  [-2.8, c13] &  [-6.95, c14] \\
c14         &  [-0.64, new\_cluster] &  [-0.64, c1] &   [-0.1, c2] &  [-2.84, c3] &  [-2.17, c4] &  [-6.57, c5] &  [-5.79, c6] &  [-1.46, c7] &  [-0.06, c8] &  [-8.42, c9] &  [-1.74, c10] &  [-4.28, c11] &  [-20.52, c12] &  [-2.8, c13] &  [-6.95, c14] \\
\bottomrule
\end{tabular}

