Seed: 6
Experiment_path: AE_Model_1/Random_Seeds//V4/Experiment_04_6
Dataset_Path: ../_00_Datasets/03_SimDaten_Quiroga2020/C_Easy2_noise020.mat
Dataset_name: ['03_SimDaten_Quiroga2020', 'C_Easy2_noise020.mat']
Variant_name: Variant_04_Offline_Autoencoder_QLearning
Visualisation_Path: Random_Seeds//V4/Experiment_04_6/C_Easy2_noise020.mat/Variant_04_Offline_Autoencoder_QLearning/2023_04_15-13_41_31
Split Ratio: 0.9
Epochs: 8
Batch Size: 1
Input Size: 47
Number of Features: 2
Chosen Model: Autoencoder
Autoencoder(
  (encoder): Sequential(
    (0): Linear(in_features=47, out_features=12, bias=True)
    (1): LeakyReLU(negative_slope=0.01)
    (2): Linear(in_features=12, out_features=2, bias=True)
  )
  (decoder): Sequential(
    (0): Linear(in_features=2, out_features=12, bias=True)
    (1): LeakyReLU(negative_slope=0.01)
    (2): Linear(in_features=12, out_features=47, bias=True)
  )
)
MSELoss()
Adam (
Parameter Group 0
    amsgrad: False
    betas: (0.9, 0.999)
    capturable: False
    differentiable: False
    eps: 1e-08
    foreach: None
    fused: False
    lr: 0.001
    maximize: False
    weight_decay: 0
)
---Q Learning Parameters---
Normalisation: False
Punishment Coefficient: 0.6
Alpha: 0.8
Epsilon: 0.01
Gamma: 0.97
Initial Episode Number: 0
Episode Number Coefficient: 1.4
Number of Random Features: 20
Planning Number: 20
Max Random Features: 60
New Episode Number: 72
New Episode Number: 143
New Episode Number: 215
New Episode Number: 286
New Episode Number: 358
New Episode Number: 429
New Episode Number: 500
New Episode Number: 572
New Episode Number: 643
New Episode Number: 715
New Episode Number: 786
New Episode Number: 858
New Episode Number: 929
New Episode Number: 1000
New Episode Number: 1072
New Episode Number: 1143
New Episode Number: 1215
New Episode Number: 1286
New Episode Number: 1358
New Episode Number: 1429
New Episode Number: 1501
New Episode Number: 1572
New Episode Number: 1643
New Episode Number: 1715
New Episode Number: 1786
New Episode Number: 1858
New Episode Number: 1929
New Episode Number: 2000
New Episode Number: 2072
New Episode Number: 2143
               0     1      2      3      4   ...    26     27     28      29     30
new_cluster -2.45 -2.51 -87.33 -15.37 -34.13  ... -3.59 -43.76 -88.64 -128.66 -65.28
c1          -2.44 -2.52 -86.94 -15.33 -32.90  ... -3.71 -42.93 -88.60 -128.66 -65.28
c2          -2.44 -2.38 -85.63 -13.91 -32.50  ... -2.90 -44.73 -88.61 -128.66   0.00
c3          -2.44 -2.50 -86.74 -14.95 -31.94  ... -3.33 -43.52 -88.66 -128.66 -65.28
c4          -2.44 -2.09 -85.47 -15.49 -31.31  ... -3.01 -42.73 -88.60 -128.66 -65.28
c5          -2.48 -2.47 -85.79 -14.86 -32.61  ... -3.74 -43.10 -88.59 -128.66 -65.28
c6          -2.39 -2.48 -85.16 -13.83 -31.76  ... -3.53 -44.72 -88.67 -128.66 -65.28
c7          -2.45 -2.75 -86.72 -15.28 -33.14  ... -2.82 -43.48 -88.60 -128.66 -65.28
c8          -2.44 -2.09 -85.36 -14.97 -31.55  ... -4.59 -43.19 -88.62 -128.66 -65.28
c9          -2.39 -2.95 -86.98 -14.31 -32.58  ... -3.92 -43.29 -88.66 -128.66 -65.28
c10         -2.36 -2.20 -88.57 -14.79 -32.81  ... -2.78 -43.00 -88.75 -128.66 -65.28
c11         -2.45 -2.08 -85.49 -14.98 -33.25  ... -2.66 -44.54 -88.60 -128.66 -65.28
c12         -2.40 -2.43 -85.73 -14.87 -33.18  ... -3.24 -44.07 -88.62 -128.66 -65.28
c13         -2.44 -2.29 -85.88 -14.93 -33.96  ... -3.31 -42.72 -88.62 -128.66 -65.28
c14         -2.45 -3.05 -84.44 -14.17 -33.58  ... -3.87 -42.85 -88.60 -128.66 -65.28
c15         -2.45 -2.23 -85.56 -14.60 -31.55  ... -4.47 -43.97 -88.60 -128.66 -65.28
c16         -2.46 -2.39 -84.78 -14.76 -32.72  ... -2.66 -42.73 -88.66 -128.66 -65.28
c17         -2.45 -2.59 -86.88 -15.04 -31.01  ... -3.59 -42.73 -88.61 -128.66 -65.28
c18         -2.42 -2.36 -83.85 -14.98 -32.51  ... -3.28 -43.58 -88.62 -128.66 -65.28
c19         -2.45 -2.53 -86.98 -14.88 -31.57  ... -3.01 -43.04 -88.60 -128.66 -65.28
c20         -2.41 -2.69 -90.62 -15.47 -32.38  ... -4.54 -44.08 -88.61 -128.66 -65.28
c21         -2.45 -2.68 -86.87 -14.75 -32.46  ... -2.84 -43.79 -88.61 -128.66 -65.26
c22         -2.44 -2.36 -88.68 -14.80 -34.08  ... -2.76 -44.05 -88.60 -128.66 -65.28
c23         -2.45 -2.32 -85.26 -14.72 -33.17  ... -2.72 -43.59 -88.60 -128.66 -65.28
c24         -2.44 -2.15 -86.43 -15.36 -31.83  ... -3.23 -43.34 -88.57 -128.66 -65.28
c25         -2.45 -2.57 -88.06 -14.96 -32.60  ... -3.48 -43.87 -88.60 -128.66 -65.28
c26         -2.45 -2.53 -86.48 -14.83 -33.44  ... -3.23 -42.95 -88.59 -128.66 -64.76
c27         -2.44 -2.53 -88.25 -14.60 -32.54  ... -2.82 -43.58 -88.66 -128.66 -65.26
c28         -2.45 -2.02 -86.42 -15.09 -31.76  ... -3.28 -44.14 -88.54 -128.66 -65.28
c29         -2.42 -2.54 -86.05 -14.99 -32.35  ... -3.12 -43.87 -88.61    0.00   0.00
c30         -2.45 -2.47 -85.55 -13.15 -31.42  ... -2.95 -43.30 -88.59    0.00   0.00

[31 rows x 31 columns]
\begin{tabular}{lrrrrrrrrrrrrrrrrrrrrrrrrrrrrrrr}
\toprule
{} &    0  &    1  &     2  &     3  &     4  &    5  &     6  &     7  &     8  &     9  &     10 &     11 &     12 &     13 &     14 &     15 &     16 &    17 &    18 &     19 &     20 &     21 &     22 &     23 &     24 &     25 &    26 &     27 &     28 &      29 &     30 \\
\midrule
new\_cluster & -2.45 & -2.51 & -87.33 & -15.37 & -34.13 & -3.36 & -63.19 & -64.67 & -70.36 & -28.49 & -13.20 & -26.08 & -45.63 & -24.16 & -18.96 & -19.87 & -21.86 & -5.71 & -1.04 & -14.30 & -18.05 & -35.22 & -24.19 & -94.23 & -21.61 & -37.93 & -3.59 & -43.76 & -88.64 & -128.66 & -65.28 \\
c1          & -2.44 & -2.52 & -86.94 & -15.33 & -32.90 & -3.69 & -59.83 & -63.46 & -70.50 & -29.97 & -12.65 & -24.81 & -46.08 & -24.58 & -19.42 & -20.55 & -22.28 & -5.16 & -0.95 & -13.98 & -18.63 & -35.90 & -24.83 & -94.23 & -21.81 & -37.93 & -3.71 & -42.93 & -88.60 & -128.66 & -65.28 \\
c2          & -2.44 & -2.38 & -85.63 & -13.91 & -32.50 & -3.45 & -58.69 & -62.26 & -65.97 & -26.98 & -12.39 & -27.12 & -43.83 & -23.14 & -20.07 & -20.42 & -22.44 & -5.43 & -1.06 & -13.19 & -17.33 & -36.45 & -22.18 & -94.20 & -20.94 & -38.48 & -2.90 & -44.73 & -88.61 & -128.66 &   0.00 \\
c3          & -2.44 & -2.50 & -86.74 & -14.95 & -31.94 & -3.83 & -60.76 & -62.64 & -67.53 & -28.35 & -12.92 & -25.82 & -45.37 & -23.09 & -21.30 & -19.17 & -23.14 & -5.13 & -0.97 & -14.06 & -19.18 & -36.01 & -23.63 & -94.20 & -22.16 & -38.98 & -3.33 & -43.52 & -88.66 & -128.66 & -65.28 \\
c4          & -2.44 & -2.09 & -85.47 & -15.49 & -31.31 & -3.47 & -59.27 & -63.85 & -69.79 & -26.25 & -12.96 & -24.56 & -43.88 & -23.84 & -19.77 & -20.09 & -23.13 & -4.98 & -1.07 & -14.31 & -18.73 & -35.38 & -21.88 & -94.18 & -20.85 & -38.79 & -3.01 & -42.73 & -88.60 & -128.66 & -65.28 \\
c5          & -2.48 & -2.47 & -85.79 & -14.86 & -32.61 & -3.14 & -59.59 & -63.42 & -69.18 & -27.28 & -12.67 & -24.61 & -47.20 & -23.00 & -25.39 & -20.82 & -23.35 & -5.79 & -0.92 & -13.91 & -18.66 & -34.28 & -22.73 & -94.20 & -21.85 & -38.55 & -3.74 & -43.10 & -88.59 & -128.66 & -65.28 \\
c6          & -2.39 & -2.48 & -85.16 & -13.83 & -31.76 & -3.33 & -60.76 & -63.24 & -68.95 & -29.39 & -14.37 & -23.46 & -45.81 & -25.08 & -19.65 & -20.57 & -21.66 & -5.64 & -1.04 & -14.01 & -18.89 & -34.66 & -23.90 & -94.23 & -20.42 & -38.42 & -3.53 & -44.72 & -88.67 & -128.66 & -65.28 \\
c7          & -2.45 & -2.75 & -86.72 & -15.28 & -33.14 & -3.64 & -59.93 & -63.19 & -69.83 & -27.93 & -12.09 & -24.95 & -45.76 & -23.56 & -20.50 & -19.95 & -22.29 & -5.40 & -0.95 & -13.96 & -18.67 & -35.56 & -23.55 & -94.20 & -20.74 & -37.89 & -2.82 & -43.48 & -88.60 & -128.66 & -65.28 \\
c8          & -2.44 & -2.09 & -85.36 & -14.97 & -31.55 & -3.56 & -58.46 & -63.23 & -70.98 & -29.67 & -13.28 & -26.40 & -45.15 & -23.56 & -18.81 & -19.90 & -23.21 & -5.19 & -0.90 & -14.84 & -18.56 & -35.36 & -23.56 & -94.22 & -21.28 & -38.45 & -4.59 & -43.19 & -88.62 & -128.66 & -65.28 \\
c9          & -2.39 & -2.95 & -86.98 & -14.31 & -32.58 & -3.16 & -60.22 & -63.28 & -68.48 & -26.50 & -13.07 & -24.39 & -43.79 & -23.00 & -19.43 & -20.90 & -23.29 & -5.75 & -1.10 & -14.43 & -17.80 & -35.79 & -22.92 & -94.23 & -21.60 & -38.11 & -3.92 & -43.29 & -88.66 & -128.66 & -65.28 \\
c10         & -2.36 & -2.20 & -88.57 & -14.79 & -32.81 & -3.68 & -57.66 & -62.22 & -69.96 & -26.92 & -13.62 & -25.32 & -45.25 & -23.12 & -19.89 & -19.80 & -22.77 & -5.59 & -0.95 & -14.79 & -18.76 & -34.51 & -23.90 & -94.20 & -21.36 & -38.37 & -2.78 & -43.00 & -88.75 & -128.66 & -65.28 \\
c11         & -2.45 & -2.08 & -85.49 & -14.98 & -33.25 & -3.03 & -60.01 & -61.68 & -68.35 & -29.17 & -12.94 & -25.66 & -45.76 & -23.14 & -19.40 & -20.05 & -22.11 & -5.36 & -1.03 & -14.73 & -18.84 & -35.57 & -23.78 & -94.20 & -21.19 & -37.80 & -2.66 & -44.54 & -88.60 & -128.66 & -65.28 \\
c12         & -2.40 & -2.43 & -85.73 & -14.87 & -33.18 & -3.34 & -59.83 & -63.30 & -67.56 & -27.91 & -12.91 & -24.46 & -43.98 & -23.76 & -18.49 & -19.73 & -21.79 & -5.07 & -0.94 & -13.89 & -17.79 & -34.12 & -23.58 & -94.23 & -20.46 & -38.32 & -3.24 & -44.07 & -88.62 & -128.66 & -65.28 \\
c13         & -2.44 & -2.29 & -85.88 & -14.93 & -33.96 & -3.01 & -58.00 & -62.00 & -69.02 & -27.65 & -14.04 & -25.02 & -48.63 & -23.46 & -19.36 & -19.88 & -22.01 & -4.69 & -1.05 & -14.48 & -18.83 & -35.42 & -22.76 & -94.20 & -21.86 & -39.00 & -3.31 & -42.72 & -88.62 & -128.66 & -65.28 \\
c14         & -2.45 & -3.05 & -84.44 & -14.17 & -33.58 & -3.68 & -59.73 & -63.05 & -67.70 & -26.82 & -12.80 & -27.11 & -43.07 & -23.41 & -19.90 & -20.07 & -22.01 & -5.65 & -0.97 & -14.49 & -18.61 & -36.69 & -21.98 & -94.19 & -21.20 & -37.64 & -3.87 & -42.85 & -88.60 & -128.66 & -65.28 \\
c15         & -2.45 & -2.23 & -85.56 & -14.60 & -31.55 & -3.83 & -57.66 & -62.73 & -70.82 & -29.24 & -12.29 & -24.27 & -46.19 & -23.82 & -18.87 & -19.28 & -21.42 & -6.03 & -1.08 & -14.21 & -19.05 & -34.52 & -23.19 & -94.20 & -20.76 & -38.57 & -4.47 & -43.97 & -88.60 & -128.66 & -65.28 \\
c16         & -2.46 & -2.39 & -84.78 & -14.76 & -32.72 & -3.73 & -56.70 & -62.10 & -72.41 & -28.36 & -12.85 & -24.25 & -45.97 & -23.46 & -19.99 & -20.60 & -22.93 & -5.65 & -1.03 & -13.88 & -18.64 & -35.03 & -22.41 & -94.23 & -21.39 & -38.54 & -2.66 & -42.73 & -88.66 & -128.66 & -65.28 \\
c17         & -2.45 & -2.59 & -86.88 & -15.04 & -31.01 & -3.49 & -60.34 & -63.04 & -65.89 & -28.77 & -13.26 & -26.06 & -44.55 & -23.99 & -20.66 & -20.57 & -21.61 & -4.72 & -1.02 & -15.48 & -18.88 & -35.63 & -22.89 & -94.23 & -20.49 & -38.45 & -3.59 & -42.73 & -88.61 & -128.66 & -65.28 \\
c18         & -2.42 & -2.36 & -83.85 & -14.98 & -32.51 & -3.95 & -59.82 & -63.29 & -68.33 & -29.10 & -13.26 & -24.44 & -45.38 & -24.34 & -23.19 & -19.63 & -21.71 & -5.81 & -0.92 & -15.55 & -17.71 & -34.37 & -24.08 & -94.20 & -21.54 & -38.48 & -3.28 & -43.58 & -88.62 & -128.66 & -65.28 \\
c19         & -2.45 & -2.53 & -86.98 & -14.88 & -31.57 & -3.43 & -61.55 & -63.66 & -67.17 & -30.06 & -13.25 & -24.67 & -44.47 & -22.76 & -19.56 & -19.56 & -22.97 & -5.29 & -1.03 & -14.23 & -18.41 & -36.26 & -23.27 & -94.23 & -21.15 & -38.51 & -3.01 & -43.04 & -88.60 & -128.66 & -65.28 \\
c20         & -2.41 & -2.69 & -90.62 & -15.47 & -32.38 & -3.76 & -61.73 & -63.32 & -70.13 & -28.51 & -12.86 & -25.69 & -46.09 & -24.08 & -20.66 & -20.19 & -22.46 & -4.87 & -1.02 & -13.89 & -17.82 & -35.54 & -22.22 & -94.22 & -21.29 & -38.92 & -4.54 & -44.08 & -88.61 & -128.66 & -65.28 \\
c21         & -2.45 & -2.68 & -86.87 & -14.75 & -32.46 & -3.52 & -60.10 & -63.26 & -69.95 & -27.85 & -12.42 & -26.00 & -46.46 & -23.65 & -19.99 & -20.03 & -21.58 & -5.56 & -0.96 & -13.09 & -17.20 & -35.08 & -22.84 & -94.23 & -21.33 & -38.95 & -2.84 & -43.79 & -88.61 & -128.66 & -65.26 \\
c22         & -2.44 & -2.36 & -88.68 & -14.80 & -34.08 & -3.19 & -60.52 & -63.41 & -71.42 & -32.36 & -13.30 & -25.48 & -44.77 & -24.84 & -22.60 & -20.18 & -21.49 & -5.28 & -1.08 & -15.85 & -17.75 & -35.30 & -22.74 & -94.20 & -21.08 & -37.61 & -2.76 & -44.05 & -88.60 & -128.66 & -65.28 \\
c23         & -2.45 & -2.32 & -85.26 & -14.72 & -33.17 & -3.12 & -59.88 & -62.44 & -68.57 & -28.06 & -12.41 & -25.74 & -45.67 & -24.03 & -21.78 & -19.50 & -22.65 & -5.07 & -1.05 & -14.08 & -18.14 & -35.82 & -22.90 & -94.21 & -20.56 & -37.79 & -2.72 & -43.59 & -88.60 & -128.66 & -65.28 \\
c24         & -2.44 & -2.15 & -86.43 & -15.36 & -31.83 & -3.44 & -58.59 & -62.32 & -68.55 & -27.88 & -13.22 & -25.87 & -45.85 & -23.28 & -19.54 & -20.71 & -23.31 & -5.24 & -0.97 & -15.27 & -18.67 & -35.83 & -23.65 & -94.20 & -21.49 & -38.61 & -3.23 & -43.34 & -88.57 & -128.66 & -65.28 \\
c25         & -2.45 & -2.57 & -88.06 & -14.96 & -32.60 & -3.27 & -62.15 & -64.01 & -66.90 & -27.37 & -12.27 & -23.60 & -46.97 & -23.67 & -22.31 & -20.50 & -22.44 & -5.47 & -0.95 & -14.96 & -17.58 & -35.89 & -23.16 & -94.20 & -22.32 & -38.61 & -3.48 & -43.87 & -88.60 & -128.66 & -65.28 \\
c26         & -2.45 & -2.53 & -86.48 & -14.83 & -33.44 & -3.18 & -59.87 & -63.44 & -67.14 & -28.49 & -13.77 & -24.90 & -44.17 & -23.86 & -20.11 & -19.57 & -22.92 & -5.28 & -1.01 & -13.43 & -18.48 & -35.52 & -23.19 & -94.23 & -21.82 & -38.13 & -3.23 & -42.95 & -88.59 & -128.66 & -64.76 \\
c27         & -2.44 & -2.53 & -88.25 & -14.60 & -32.54 & -3.16 & -59.80 & -62.94 & -69.78 & -28.47 & -12.66 & -24.18 & -47.05 & -22.12 & -22.04 & -20.25 & -21.96 & -5.15 & -1.05 & -13.43 & -18.30 & -34.35 & -24.34 & -94.20 & -21.28 & -37.83 & -2.82 & -43.58 & -88.66 & -128.66 & -65.26 \\
c28         & -2.45 & -2.02 & -86.42 & -15.09 & -31.76 & -3.52 & -60.00 & -62.57 & -67.90 & -28.88 & -13.54 & -25.27 & -43.96 & -24.51 & -19.89 & -19.94 & -22.99 & -5.06 & -1.00 & -14.24 & -18.92 & -35.07 & -23.05 & -94.20 & -20.78 & -38.35 & -3.28 & -44.14 & -88.54 & -128.66 & -65.28 \\
c29         & -2.42 & -2.54 & -86.05 & -14.99 & -32.35 & -3.73 & -58.83 & -63.07 & -68.19 & -28.96 & -12.97 & -24.91 & -46.30 & -23.72 & -21.87 & -20.53 & -21.80 & -4.92 & -1.05 & -15.51 & -18.26 & -35.27 & -22.57 & -94.20 & -21.64 & -37.99 & -3.12 & -43.87 & -88.61 &    0.00 &   0.00 \\
c30         & -2.45 & -2.47 & -85.55 & -13.15 & -31.42 & -3.65 & -59.08 & -62.92 & -68.09 & -27.72 & -13.51 & -27.12 & -45.52 & -24.15 & -19.65 & -20.31 & -22.32 & -5.01 & -1.11 & -14.31 & -18.81 & -35.54 & -23.95 & -94.20 & -20.85 & -37.43 & -2.95 & -43.30 & -88.59 &    0.00 &   0.00 \\
\bottomrule
\end{tabular}

                               0            1   ...              29             30
new_cluster  [-1.44, new_cluster]   [-1.5, c1]  ...  [-128.66, c29]  [-65.28, c30]
c1           [-1.44, new_cluster]  [-1.51, c1]  ...  [-128.66, c29]  [-65.28, c30]
c2           [-1.44, new_cluster]  [-1.39, c1]  ...  [-128.66, c29]          [0, ]
c3           [-1.44, new_cluster]  [-1.49, c1]  ...  [-128.66, c29]  [-65.28, c30]
c4           [-1.44, new_cluster]   [-1.1, c1]  ...  [-128.66, c29]  [-65.28, c30]
c5           [-1.44, new_cluster]  [-1.46, c1]  ...  [-128.66, c29]  [-65.28, c30]
c6           [-1.44, new_cluster]  [-1.55, c1]  ...  [-128.66, c29]  [-65.28, c30]
c7           [-1.44, new_cluster]  [-1.74, c1]  ...  [-128.66, c29]  [-65.28, c30]
c8           [-1.44, new_cluster]  [-1.16, c1]  ...  [-128.66, c29]  [-65.28, c30]
c9           [-1.44, new_cluster]  [-1.94, c1]  ...  [-128.66, c29]  [-65.28, c30]
c10          [-1.44, new_cluster]  [-1.19, c1]  ...  [-128.66, c29]  [-65.28, c30]
c11          [-1.44, new_cluster]  [-1.07, c1]  ...  [-128.66, c29]  [-65.28, c30]
c12          [-1.44, new_cluster]  [-1.42, c1]  ...  [-128.66, c29]  [-65.28, c30]
c13          [-1.44, new_cluster]  [-1.28, c1]  ...  [-128.66, c29]  [-65.28, c30]
c14          [-1.44, new_cluster]  [-2.12, c1]  ...  [-128.66, c29]  [-65.28, c30]
c15          [-1.44, new_cluster]  [-1.22, c1]  ...  [-128.66, c29]  [-65.28, c30]
c16          [-1.44, new_cluster]   [-1.4, c1]  ...  [-128.66, c29]  [-65.28, c30]
c17          [-1.44, new_cluster]  [-1.58, c1]  ...  [-128.66, c29]  [-65.28, c30]
c18          [-1.44, new_cluster]  [-1.36, c1]  ...  [-128.66, c29]  [-65.28, c30]
c19          [-1.44, new_cluster]  [-1.52, c1]  ...  [-128.66, c29]  [-65.28, c30]
c20          [-1.44, new_cluster]  [-1.68, c1]  ...  [-128.66, c29]  [-65.28, c30]
c21          [-1.44, new_cluster]  [-1.65, c1]  ...  [-128.66, c29]  [-65.28, c30]
c22          [-1.44, new_cluster]  [-1.36, c1]  ...  [-128.66, c29]  [-65.28, c30]
c23          [-1.44, new_cluster]  [-1.31, c1]  ...  [-128.66, c29]  [-65.28, c30]
c24          [-1.44, new_cluster]  [-1.14, c1]  ...  [-128.66, c29]  [-65.28, c30]
c25          [-1.44, new_cluster]  [-1.55, c1]  ...  [-128.66, c29]  [-65.28, c30]
c26          [-1.44, new_cluster]  [-1.52, c1]  ...  [-128.66, c29]  [-65.28, c30]
c27          [-1.44, new_cluster]  [-1.58, c1]  ...  [-128.66, c29]  [-65.28, c30]
c28          [-1.44, new_cluster]  [-1.01, c1]  ...  [-128.66, c29]  [-65.28, c30]
c29          [-1.44, new_cluster]  [-1.53, c1]  ...           [0, ]          [0, ]
c30          [-1.44, new_cluster]  [-1.46, c1]  ...           [0, ]          [0, ]

[31 rows x 31 columns]
\begin{tabular}{llllllllllllllllllllllllllllllll}
\toprule
{} &                    0  &           1  &            2  &            3  &            4  &           5  &            6  &            7  &            8  &            9  &             10 &             11 &             12 &             13 &             14 &             15 &             16 &            17 &            18 &             19 &             20 &             21 &             22 &             23 &             24 &             25 &            26 &             27 &             28 &              29 &             30 \\
\midrule
new\_cluster &  [-1.44, new\_cluster] &   [-1.5, c1] &  [-87.33, c2] &   [-14.3, c3] &   [-33.1, c4] &  [-2.25, c5] &  [-62.19, c6] &  [-63.62, c7] &  [-69.39, c8] &  [-27.43, c9] &  [-12.24, c10] &  [-24.97, c11] &  [-44.56, c12] &   [-23.1, c13] &  [-17.96, c14] &  [-18.82, c15] &  [-20.85, c16] &  [-4.69, c17] &  [-0.01, c18] &  [-13.28, c19] &  [-17.03, c20] &  [-34.23, c21] &  [-23.14, c22] &  [-93.18, c23] &  [-20.74, c24] &  [-36.93, c25] &  [-2.61, c26] &  [-42.74, c27] &  [-87.62, c28] &  [-128.66, c29] &  [-65.28, c30] \\
c1          &  [-1.44, new\_cluster] &  [-1.51, c1] &  [-86.94, c2] &  [-14.38, c3] &  [-31.87, c4] &  [-2.59, c5] &  [-58.83, c6] &  [-62.42, c7] &  [-69.61, c8] &   [-28.9, c9] &  [-11.61, c10] &   [-23.8, c11] &  [-45.01, c12] &  [-23.54, c13] &  [-18.42, c14] &  [-19.48, c15] &  [-21.26, c16] &  [-4.15, c17] &  [-0.02, c18] &  [-12.93, c19] &  [-17.62, c20] &  [-34.96, c21] &  [-23.78, c22] &  [-93.18, c23] &  [-20.83, c24] &  [-36.93, c25] &  [-2.74, c26] &  [-41.91, c27] &  [-87.62, c28] &  [-128.66, c29] &  [-65.28, c30] \\
c2          &  [-1.44, new\_cluster] &  [-1.39, c1] &  [-85.63, c2] &  [-12.95, c3] &   [-31.5, c4] &  [-2.47, c5] &  [-57.68, c6] &  [-61.21, c7] &  [-64.96, c8] &  [-25.91, c9] &  [-11.43, c10] &  [-26.01, c11] &   [-42.8, c12] &  [-22.16, c13] &  [-19.07, c14] &  [-19.35, c15] &  [-21.44, c16] &  [-4.44, c17] &  [-0.03, c18] &  [-12.18, c19] &  [-16.29, c20] &  [-35.46, c21] &  [-21.13, c22] &  [-93.18, c23] &   [-20.0, c24] &  [-37.49, c25] &  [-1.92, c26] &  [-43.71, c27] &  [-87.62, c28] &  [-128.66, c29] &          [0, ] \\
c3          &  [-1.44, new\_cluster] &  [-1.49, c1] &  [-86.74, c2] &  [-13.92, c3] &  [-30.92, c4] &  [-2.72, c5] &  [-59.76, c6] &   [-61.6, c7] &  [-66.55, c8] &  [-27.44, c9] &  [-11.94, c10] &  [-24.81, c11] &  [-44.27, c12] &  [-22.04, c13] &  [-20.29, c14] &  [-18.12, c15] &  [-22.07, c16] &  [-4.05, c17] &  [-0.02, c18] &  [-13.12, c19] &  [-18.17, c20] &  [-35.02, c21] &  [-22.59, c22] &  [-93.18, c23] &  [-21.18, c24] &  [-38.01, c25] &  [-2.34, c26] &  [-42.48, c27] &  [-87.62, c28] &  [-128.66, c29] &  [-65.28, c30] \\
c4          &  [-1.44, new\_cluster] &   [-1.1, c1] &  [-85.47, c2] &   [-14.4, c3] &  [-30.27, c4] &  [-2.53, c5] &  [-58.26, c6] &  [-62.81, c7] &  [-68.77, c8] &  [-25.18, c9] &   [-12.0, c10] &  [-23.45, c11] &  [-42.79, c12] &  [-22.79, c13] &  [-18.76, c14] &  [-19.02, c15] &  [-22.04, c16] &  [-3.95, c17] &  [-0.04, c18] &  [-13.31, c19] &  [-17.72, c20] &  [-34.39, c21] &  [-20.88, c22] &  [-93.18, c23] &  [-19.91, c24] &  [-37.79, c25] &  [-2.03, c26] &  [-41.89, c27] &  [-87.62, c28] &  [-128.66, c29] &  [-65.28, c30] \\
c5          &  [-1.44, new\_cluster] &  [-1.46, c1] &  [-85.79, c2] &  [-13.84, c3] &  [-31.59, c4] &  [-2.04, c5] &  [-58.58, c6] &  [-62.54, c7] &  [-68.16, c8] &  [-26.36, c9] &  [-11.71, c10] &   [-23.6, c11] &  [-46.19, c12] &  [-21.98, c13] &  [-24.44, c14] &  [-19.76, c15] &  [-22.35, c16] &   [-4.8, c17] &  [-0.01, c18] &  [-12.85, c19] &  [-17.66, c20] &  [-33.29, c21] &  [-21.69, c22] &  [-93.18, c23] &  [-20.87, c24] &  [-37.62, c25] &  [-2.78, c26] &  [-42.09, c27] &  [-87.62, c28] &  [-128.66, c29] &  [-65.28, c30] \\
c6          &  [-1.44, new\_cluster] &  [-1.55, c1] &  [-85.16, c2] &  [-12.81, c3] &  [-30.76, c4] &  [-2.22, c5] &  [-59.78, c6] &  [-62.23, c7] &  [-67.96, c8] &  [-28.33, c9] &  [-13.41, c10] &  [-22.45, c11] &  [-44.83, c12] &  [-24.05, c13] &  [-18.64, c14] &  [-19.62, c15] &  [-20.65, c16] &  [-4.62, c17] &  [-0.03, c18] &  [-12.99, c19] &   [-17.9, c20] &  [-33.71, c21] &  [-22.87, c22] &  [-93.18, c23] &  [-19.44, c24] &  [-37.49, c25] &  [-2.55, c26] &  [-43.71, c27] &  [-87.62, c28] &  [-128.66, c29] &  [-65.28, c30] \\
c7          &  [-1.44, new\_cluster] &  [-1.74, c1] &  [-86.72, c2] &   [-14.2, c3] &  [-32.13, c4] &  [-2.55, c5] &  [-58.94, c6] &  [-62.14, c7] &   [-68.8, c8] &  [-26.87, c9] &  [-11.07, c10] &  [-23.93, c11] &  [-44.78, c12] &  [-22.53, c13] &   [-19.5, c14] &  [-18.92, c15] &  [-21.28, c16] &  [-4.37, c17] &  [-0.02, c18] &  [-12.95, c19] &  [-17.64, c20] &  [-34.58, c21] &  [-22.51, c22] &  [-93.18, c23] &  [-19.74, c24] &  [-36.89, c25] &  [-2.03, c26] &  [-42.37, c27] &  [-87.62, c28] &  [-128.66, c29] &  [-65.28, c30] \\
c8          &  [-1.44, new\_cluster] &  [-1.16, c1] &  [-85.36, c2] &  [-13.88, c3] &  [-30.52, c4] &  [-2.46, c5] &  [-57.45, c6] &  [-62.19, c7] &  [-70.01, c8] &  [-28.61, c9] &  [-12.34, c10] &  [-25.29, c11] &  [-44.14, c12] &  [-22.54, c13] &  [-17.84, c14] &  [-18.85, c15] &  [-22.19, c16] &  [-4.09, c17] &  [-0.01, c18] &  [-13.84, c19] &  [-17.55, c20] &  [-34.41, c21] &  [-22.52, c22] &  [-93.18, c23] &   [-20.3, c24] &  [-37.46, c25] &  [-3.58, c26] &  [-42.17, c27] &  [-87.62, c28] &  [-128.66, c29] &  [-65.28, c30] \\
c9          &  [-1.44, new\_cluster] &  [-1.94, c1] &  [-86.98, c2] &  [-13.36, c3] &  [-31.54, c4] &  [-2.05, c5] &  [-59.21, c6] &  [-62.26, c7] &  [-67.57, c8] &  [-25.59, c9] &  [-12.14, c10] &  [-23.28, c11] &  [-42.69, c12] &  [-21.97, c13] &  [-18.42, c14] &  [-19.85, c15] &  [-22.29, c16] &  [-4.71, c17] &   [-0.0, c18] &   [-13.4, c19] &  [-16.76, c20] &   [-34.8, c21] &  [-21.88, c22] &  [-93.18, c23] &  [-20.61, c24] &  [-37.15, c25] &  [-2.93, c26] &  [-42.27, c27] &  [-87.62, c28] &  [-128.66, c29] &  [-65.28, c30] \\
c10         &  [-1.44, new\_cluster] &  [-1.19, c1] &  [-88.57, c2] &  [-13.82, c3] &  [-31.81, c4] &  [-2.58, c5] &  [-56.69, c6] &  [-61.17, c7] &  [-68.99, c8] &  [-25.85, c9] &  [-12.69, c10] &  [-24.29, c11] &  [-44.23, c12] &   [-22.1, c13] &  [-18.89, c14] &  [-18.74, c15] &  [-21.76, c16] &  [-4.57, c17] &  [-0.01, c18] &  [-13.78, c19] &  [-17.75, c20] &  [-33.52, c21] &  [-22.91, c22] &  [-93.18, c23] &  [-20.61, c24] &  [-37.38, c25] &   [-1.8, c26] &  [-41.98, c27] &  [-87.62, c28] &  [-128.66, c29] &  [-65.28, c30] \\
c11         &  [-1.44, new\_cluster] &  [-1.07, c1] &  [-85.49, c2] &  [-13.91, c3] &  [-32.24, c4] &  [-1.92, c5] &   [-59.0, c6] &  [-60.66, c7] &  [-67.37, c8] &  [-28.13, c9] &  [-11.97, c10] &  [-24.63, c11] &  [-44.75, c12] &   [-22.1, c13] &   [-18.4, c14] &   [-19.0, c15] &  [-21.09, c16] &  [-4.28, c17] &  [-0.02, c18] &  [-13.68, c19] &  [-17.83, c20] &  [-34.78, c21] &  [-22.77, c22] &  [-93.18, c23] &  [-20.26, c24] &   [-36.8, c25] &  [-1.68, c26] &  [-43.52, c27] &  [-87.62, c28] &  [-128.66, c29] &  [-65.28, c30] \\
c12         &  [-1.44, new\_cluster] &  [-1.42, c1] &  [-85.73, c2] &  [-13.84, c3] &  [-32.16, c4] &  [-2.24, c5] &  [-58.82, c6] &  [-62.29, c7] &  [-66.55, c8] &  [-26.84, c9] &  [-11.88, c10] &  [-23.49, c11] &  [-42.89, c12] &  [-22.74, c13] &  [-17.53, c14] &  [-18.66, c15] &  [-20.79, c16] &  [-4.08, c17] &  [-0.04, c18] &  [-12.85, c19] &  [-16.75, c20] &  [-33.13, c21] &  [-22.53, c22] &  [-93.18, c23] &  [-19.48, c24] &  [-37.33, c25] &  [-2.26, c26] &  [-43.03, c27] &  [-87.62, c28] &  [-128.66, c29] &  [-65.28, c30] \\
c13         &  [-1.44, new\_cluster] &  [-1.28, c1] &  [-85.88, c2] &  [-13.99, c3] &  [-32.93, c4] &  [-2.03, c5] &  [-56.99, c6] &  [-60.95, c7] &  [-67.96, c8] &  [-26.59, c9] &  [-13.11, c10] &  [-24.01, c11] &   [-47.6, c12] &  [-22.42, c13] &   [-18.4, c14] &  [-18.82, c15] &  [-20.92, c16] &  [-3.67, c17] &  [-0.06, c18] &  [-13.42, c19] &   [-17.8, c20] &  [-34.43, c21] &  [-21.71, c22] &  [-93.18, c23] &  [-20.87, c24] &   [-38.0, c25] &  [-2.33, c26] &  [-41.71, c27] &  [-87.62, c28] &  [-128.66, c29] &  [-65.28, c30] \\
c14         &  [-1.44, new\_cluster] &  [-2.12, c1] &  [-84.44, c2] &  [-13.07, c3] &  [-32.54, c4] &  [-2.57, c5] &  [-58.72, c6] &  [-62.03, c7] &  [-66.75, c8] &  [-25.76, c9] &  [-11.84, c10] &  [-26.09, c11] &   [-42.1, c12] &  [-22.37, c13] &   [-18.9, c14] &   [-19.0, c15] &  [-20.94, c16] &  [-4.66, c17] &  [-0.01, c18] &  [-13.48, c19] &  [-17.58, c20] &  [-35.71, c21] &  [-20.94, c22] &  [-93.18, c23] &  [-20.26, c24] &  [-36.65, c25] &  [-2.89, c26] &  [-41.84, c27] &  [-87.62, c28] &  [-128.66, c29] &  [-65.28, c30] \\
c15         &  [-1.44, new\_cluster] &  [-1.22, c1] &  [-85.56, c2] &  [-13.51, c3] &  [-30.58, c4] &  [-2.88, c5] &  [-56.66, c6] &  [-61.69, c7] &  [-69.84, c8] &  [-28.18, c9] &  [-11.32, c10] &  [-23.18, c11] &  [-45.17, c12] &  [-22.79, c13] &  [-17.87, c14] &  [-18.23, c15] &  [-20.33, c16] &  [-5.01, c17] &  [-0.04, c18] &   [-13.2, c19] &  [-18.06, c20] &  [-33.53, c21] &  [-22.14, c22] &  [-93.18, c23] &  [-19.78, c24] &  [-37.57, c25] &  [-3.49, c26] &  [-42.95, c27] &  [-87.62, c28] &  [-128.66, c29] &  [-65.28, c30] \\
c16         &  [-1.44, new\_cluster] &   [-1.4, c1] &  [-84.78, c2] &  [-13.75, c3] &  [-31.71, c4] &  [-2.63, c5] &  [-55.69, c6] &  [-61.05, c7] &  [-71.49, c8] &   [-27.3, c9] &  [-11.92, c10] &  [-23.13, c11] &  [-44.95, c12] &  [-22.41, c13] &  [-19.03, c14] &  [-19.55, c15] &  [-21.91, c16] &  [-4.62, c17] &  [-0.03, c18] &  [-12.95, c19] &  [-17.64, c20] &  [-34.04, c21] &  [-21.36, c22] &  [-93.18, c23] &  [-20.38, c24] &  [-37.54, c25] &  [-1.68, c26] &  [-41.71, c27] &  [-87.62, c28] &  [-128.66, c29] &  [-65.28, c30] \\
c17         &  [-1.44, new\_cluster] &  [-1.58, c1] &  [-86.88, c2] &  [-14.02, c3] &  [-29.97, c4] &  [-2.38, c5] &  [-59.33, c6] &  [-62.16, c7] &  [-64.95, c8] &  [-27.74, c9] &   [-12.3, c10] &  [-25.06, c11] &  [-43.53, c12] &  [-22.94, c13] &  [-19.65, c14] &   [-19.5, c15] &  [-20.51, c16] &  [-3.73, c17] &  [-0.05, c18] &  [-14.53, c19] &  [-17.88, c20] &  [-34.64, c21] &  [-21.85, c22] &  [-93.18, c23] &  [-19.73, c24] &  [-37.46, c25] &  [-2.61, c26] &  [-41.71, c27] &  [-87.62, c28] &  [-128.66, c29] &  [-65.28, c30] \\
c18         &  [-1.44, new\_cluster] &  [-1.36, c1] &  [-83.85, c2] &  [-13.96, c3] &   [-31.5, c4] &  [-2.84, c5] &  [-58.81, c6] &  [-62.24, c7] &  [-67.37, c8] &  [-28.19, c9] &  [-12.22, c10] &  [-23.42, c11] &  [-44.35, c12] &  [-23.33, c13] &  [-22.19, c14] &  [-18.58, c15] &  [-20.68, c16] &  [-4.78, c17] &  [-0.01, c18] &  [-14.55, c19] &  [-16.68, c20] &  [-33.38, c21] &  [-23.03, c22] &  [-93.18, c23] &   [-20.6, c24] &  [-37.49, c25] &   [-2.3, c26] &  [-42.56, c27] &  [-87.62, c28] &  [-128.66, c29] &  [-65.28, c30] \\
c19         &  [-1.44, new\_cluster] &  [-1.52, c1] &  [-86.98, c2] &  [-13.78, c3] &  [-30.56, c4] &  [-2.33, c5] &  [-60.55, c6] &  [-62.61, c7] &  [-66.14, c8] &  [-29.02, c9] &  [-12.28, c10] &  [-23.65, c11] &  [-43.42, c12] &  [-21.73, c13] &  [-18.56, c14] &  [-18.51, c15] &  [-21.96, c16] &  [-4.21, c17] &   [-0.0, c18] &  [-13.23, c19] &  [-17.42, c20] &  [-35.27, c21] &  [-22.22, c22] &  [-93.18, c23] &  [-20.17, c24] &  [-37.51, c25] &  [-2.03, c26] &   [-42.2, c27] &  [-87.62, c28] &  [-128.66, c29] &  [-65.28, c30] \\
c20         &  [-1.44, new\_cluster] &  [-1.68, c1] &  [-90.62, c2] &  [-14.46, c3] &  [-31.35, c4] &  [-2.65, c5] &  [-60.72, c6] &   [-62.3, c7] &  [-69.17, c8] &  [-27.44, c9] &  [-11.89, c10] &   [-24.6, c11] &  [-45.07, c12] &  [-23.05, c13] &   [-19.7, c14] &  [-19.14, c15] &  [-21.45, c16] &  [-3.88, c17] &   [-0.1, c18] &  [-12.88, c19] &  [-16.79, c20] &  [-34.55, c21] &   [-21.3, c22] &  [-93.18, c23] &   [-20.3, c24] &  [-37.93, c25] &  [-3.58, c26] &  [-43.06, c27] &  [-87.62, c28] &  [-128.66, c29] &  [-65.28, c30] \\
c21         &  [-1.44, new\_cluster] &  [-1.65, c1] &  [-86.87, c2] &   [-13.8, c3] &  [-31.44, c4] &  [-2.58, c5] &   [-59.1, c6] &  [-62.36, c7] &  [-69.03, c8] &  [-26.78, c9] &  [-11.43, c10] &  [-24.99, c11] &  [-45.48, c12] &   [-22.6, c13] &  [-18.99, c14] &  [-18.98, c15] &  [-20.49, c16] &  [-4.47, c17] &  [-0.01, c18] &  [-12.08, c19] &  [-16.19, c20] &  [-34.09, c21] &  [-21.91, c22] &  [-93.18, c23] &  [-20.26, c24] &  [-37.95, c25] &  [-1.86, c26] &  [-42.77, c27] &  [-87.62, c28] &  [-128.66, c29] &  [-65.28, c30] \\
c22         &  [-1.44, new\_cluster] &  [-1.36, c1] &  [-88.68, c2] &  [-13.71, c3] &  [-33.05, c4] &  [-2.22, c5] &  [-59.51, c6] &  [-62.36, c7] &  [-70.43, c8] &  [-31.29, c9] &  [-12.34, c10] &  [-24.37, c11] &  [-43.75, c12] &   [-23.8, c13] &  [-21.59, c14] &  [-19.12, c15] &   [-20.4, c16] &  [-4.28, c17] &  [-0.03, c18] &  [-14.79, c19] &  [-16.74, c20] &  [-34.31, c21] &  [-21.69, c22] &  [-93.18, c23] &  [-20.09, c24] &  [-36.62, c25] &  [-1.77, c26] &  [-43.03, c27] &  [-87.62, c28] &  [-128.66, c29] &  [-65.28, c30] \\
c23         &  [-1.44, new\_cluster] &  [-1.31, c1] &  [-85.26, c2] &  [-13.71, c3] &  [-32.14, c4] &  [-2.02, c5] &  [-58.81, c6] &   [-61.4, c7] &   [-67.6, c8] &  [-27.01, c9] &  [-11.44, c10] &  [-24.71, c11] &  [-44.62, c12] &  [-23.01, c13] &  [-20.77, c14] &  [-18.45, c15] &  [-21.63, c16] &  [-4.04, c17] &  [-0.04, c18] &  [-13.03, c19] &  [-17.13, c20] &  [-34.83, c21] &  [-21.85, c22] &  [-93.18, c23] &  [-19.57, c24] &  [-36.86, c25] &  [-1.73, c26] &  [-42.65, c27] &  [-87.62, c28] &  [-128.66, c29] &  [-65.28, c30] \\
c24         &  [-1.44, new\_cluster] &  [-1.14, c1] &  [-86.43, c2] &  [-14.27, c3] &  [-30.78, c4] &  [-2.34, c5] &  [-57.59, c6] &  [-61.27, c7] &  [-67.57, c8] &  [-26.81, c9] &  [-12.26, c10] &  [-24.87, c11] &  [-44.83, c12] &  [-22.25, c13] &  [-18.54, c14] &  [-19.66, c15] &  [-22.29, c16] &  [-4.16, c17] &  [-0.03, c18] &  [-14.28, c19] &  [-17.66, c20] &  [-34.84, c21] &  [-22.61, c22] &  [-93.18, c23] &  [-20.52, c24] &  [-37.62, c25] &  [-2.25, c26] &  [-42.37, c27] &  [-87.62, c28] &  [-128.66, c29] &  [-65.28, c30] \\
c25         &  [-1.44, new\_cluster] &  [-1.55, c1] &  [-88.06, c2] &   [-14.0, c3] &  [-31.57, c4] &  [-2.16, c5] &  [-61.14, c6] &  [-62.97, c7] &  [-65.96, c8] &   [-26.3, c9] &   [-11.3, c10] &  [-22.48, c11] &  [-45.94, c12] &  [-22.62, c13] &  [-21.31, c14] &  [-19.43, c15] &  [-21.42, c16] &  [-4.39, c17] &   [-0.0, c18] &  [-13.95, c19] &  [-16.57, c20] &  [-34.95, c21] &  [-22.11, c22] &  [-93.18, c23] &  [-21.32, c24] &  [-37.68, c25] &  [-2.48, c26] &  [-42.85, c27] &  [-87.62, c28] &  [-128.66, c29] &  [-65.28, c30] \\
c26         &  [-1.44, new\_cluster] &  [-1.52, c1] &  [-86.48, c2] &  [-13.81, c3] &  [-32.41, c4] &  [-2.08, c5] &  [-58.86, c6] &   [-62.4, c7] &  [-66.16, c8] &  [-27.42, c9] &  [-12.83, c10] &  [-23.88, c11] &  [-43.19, c12] &  [-22.81, c13] &  [-19.11, c14] &   [-18.5, c15] &  [-21.87, c16] &  [-4.26, c17] &  [-0.01, c18] &  [-12.38, c19] &  [-17.45, c20] &  [-34.54, c21] &  [-22.15, c22] &  [-93.18, c23] &  [-20.83, c24] &  [-37.14, c25] &  [-2.24, c26] &  [-41.91, c27] &  [-87.62, c28] &  [-128.66, c29] &  [-65.28, c30] \\
c27         &  [-1.44, new\_cluster] &  [-1.58, c1] &  [-88.25, c2] &   [-13.5, c3] &  [-31.54, c4] &  [-2.08, c5] &  [-58.79, c6] &  [-61.89, c7] &   [-68.8, c8] &   [-27.4, c9] &   [-11.7, c10] &  [-23.09, c11] &  [-46.03, c12] &  [-21.07, c13] &  [-21.04, c14] &  [-19.26, c15] &  [-20.96, c16] &  [-4.14, c17] &  [-0.04, c18] &   [-12.4, c19] &   [-17.3, c20] &  [-33.36, c21] &  [-23.35, c22] &  [-93.18, c23] &   [-20.3, c24] &  [-36.83, c25] &  [-1.83, c26] &  [-42.56, c27] &  [-87.62, c28] &  [-128.66, c29] &  [-65.28, c30] \\
c28         &  [-1.44, new\_cluster] &  [-1.01, c1] &  [-86.42, c2] &  [-14.12, c3] &  [-30.79, c4] &  [-2.42, c5] &  [-58.99, c6] &  [-61.53, c7] &  [-66.99, c8] &  [-27.81, c9] &  [-12.58, c10] &  [-24.15, c11] &  [-42.98, c12] &  [-23.48, c13] &  [-18.94, c14] &  [-18.88, c15] &   [-21.9, c16] &  [-4.03, c17] &   [-0.0, c18] &  [-13.18, c19] &   [-17.9, c20] &  [-34.08, c21] &   [-22.0, c22] &  [-93.18, c23] &  [-19.78, c24] &  [-37.35, c25] &   [-2.3, c26] &  [-43.03, c27] &  [-87.62, c28] &  [-128.66, c29] &  [-65.28, c30] \\
c29         &  [-1.44, new\_cluster] &  [-1.53, c1] &  [-86.05, c2] &  [-13.89, c3] &  [-31.32, c4] &  [-2.79, c5] &  [-57.82, c6] &  [-62.04, c7] &  [-67.18, c8] &  [-27.92, c9] &  [-12.01, c10] &  [-23.79, c11] &   [-45.2, c12] &  [-22.66, c13] &  [-20.86, c14] &  [-19.48, c15] &  [-20.73, c16] &  [-3.89, c17] &  [-0.06, c18] &   [-14.5, c19] &  [-17.25, c20] &  [-34.28, c21] &  [-21.61, c22] &  [-93.18, c23] &  [-20.65, c24] &  [-37.06, c25] &  [-2.16, c26] &  [-42.85, c27] &  [-87.62, c28] &           [0, ] &          [0, ] \\
c30         &  [-1.44, new\_cluster] &  [-1.46, c1] &  [-85.55, c2] &  [-12.14, c3] &  [-30.42, c4] &  [-2.55, c5] &  [-58.11, c6] &  [-61.86, c7] &  [-67.15, c8] &   [-26.8, c9] &  [-12.54, c10] &  [-26.12, c11] &  [-44.51, c12] &  [-23.13, c13] &  [-18.64, c14] &  [-19.25, c15] &  [-21.31, c16] &  [-3.96, c17] &  [-0.09, c18] &  [-13.24, c19] &   [-17.8, c20] &  [-34.56, c21] &   [-22.9, c22] &  [-93.18, c23] &  [-19.86, c24] &  [-36.43, c25] &  [-1.97, c26] &  [-42.27, c27] &  [-87.62, c28] &           [0, ] &          [0, ] \\
\bottomrule
\end{tabular}

