Experiment_path: AE_Model_2/Epochs//V4/Experiment_04
Dataset_Path: ../_00_Datasets/03_SimDaten_Quiroga2020/C_Difficult1_noise005.mat
Dataset_name: ['03_SimDaten_Quiroga2020', 'C_Difficult1_noise005.mat']
Variant_name: Variant_04_Offline_Autoencoder_QLearning
Visualisation_Path: AE_Model_2/Epochs//V4/Experiment_04/C_Difficult1_noise005.mat/Variant_04_Offline_Autoencoder_QLearning/2023_04_25-13_54_33
Punishment_Coefficient: 0.3
<_01_LoadDataset.ExternCode.spike_class.spike_dataclass object at 0x000001CCAF1DAEB8>
Sampling rate: 24000.0
Raw: [-0.02396372 -0.02524464 -0.02236968 ... -0.00445509 -0.00436778
 -0.00470578]
Times: [    634     868    2584 ... 1437994 1438740 1439460]
Cluster: [3 2 3 ... 1 2 3]
Number of different clusters:  3
Number of Spikes: 3383
First aligned Spike Frame: [ 0.00503762 -0.00373478 -0.02417005 -0.05492281 -0.07823403 -0.07649548
 -0.06285267 -0.06865366 -0.09676273 -0.11004904 -0.09516198 -0.02689536
  0.18218225  0.56508663  0.95357316  1.00263054  0.57634096 -0.04324787
 -0.47305592 -0.6155027  -0.61852552 -0.60964372 -0.60484482 -0.57289026
 -0.52334621 -0.49235523 -0.47468281 -0.4416077  -0.40763637 -0.38725194
 -0.36627613 -0.33462257 -0.30781191 -0.30310449 -0.30176569 -0.28764362
 -0.27487686 -0.27588822 -0.27512317 -0.25186462 -0.21649826 -0.18877803
 -0.16831802 -0.15216626 -0.15550926 -0.17919117 -0.19056035]
Cluster 0, Occurrences: 1115
Cluster 1, Occurrences: 1113
Cluster 2, Occurrences: 1155
Train Index: 3045
x_train: 3045
y_train: 3045
x_test: 338
y_test: 338
<torch.utils.data.dataloader.DataLoader object at 0x000001CCB301F630>
<torch.utils.data.dataloader.DataLoader object at 0x000001CCB301F588>
Epoch [1/2]: mean_loss=0.00022497632210441117
Epoch [2/2]: mean_loss=0.0001156767852044678
Number of Clusters: 3
Number of Samples after Autoencoder testing: 338
First Spike after testing: [-1.1837623 -1.2189448]
[0, 1, 2, 2, 1, 1, 2, 0, 2, 2, 2, 0, 1, 1, 1, 2, 1, 2, 0, 0, 0, 1, 0, 1, 1, 0, 0, 0, 0, 0, 0, 0, 1, 2, 2, 0, 0, 0, 1, 2, 1, 0, 0, 0, 2, 1, 1, 2, 1, 1, 0, 0, 1, 1, 2, 2, 2, 1, 2, 0, 2, 0, 2, 0, 0, 2, 1, 0, 2, 0, 0, 1, 2, 2, 0, 0, 2, 1, 1, 0, 2, 0, 0, 2, 2, 1, 0, 1, 0, 0, 0, 1, 2, 2, 2, 0, 0, 2, 2, 1, 2, 1, 0, 1, 0, 2, 0, 1, 2, 1, 1, 2, 0, 2, 2, 0, 0, 0, 0, 2, 0, 1, 2, 0, 2, 0, 2, 2, 2, 0, 0, 1, 0, 0, 0, 0, 0, 2, 1, 0, 1, 2, 0, 0, 0, 1, 2, 0, 0, 2, 1, 1, 2, 0, 2, 1, 0, 0, 0, 2, 1, 0, 1, 2, 2, 0, 2, 0, 0, 1, 0, 1, 1, 2, 2, 2, 1, 0, 0, 2, 2, 0, 1, 0, 2, 2, 2, 0, 2, 0, 2, 2, 1, 2, 1, 1, 2, 1, 2, 2, 1, 2, 2, 2, 2, 2, 1, 1, 0, 1, 0, 0, 2, 1, 0, 1, 0, 2, 0, 1, 1, 1, 0, 0, 1, 1, 0, 0, 1, 0, 2, 0, 2, 2, 0, 0, 2, 2, 2, 2, 2, 1, 0, 2, 2, 1, 1, 2, 2, 1, 0, 0, 1, 0, 1, 1, 0, 1, 1, 0, 1, 1, 0, 0, 1, 1, 2, 2, 1, 0, 1, 2, 1, 2, 0, 2, 2, 2, 1, 0, 2, 2, 0, 0, 0, 1, 0, 0, 0, 1, 0, 2, 2, 1, 2, 1, 0, 2, 2, 0, 1, 2, 0, 1, 0, 2, 2, 2, 1, 0, 2, 2, 0, 2, 2, 0, 1, 0, 1, 2, 2, 1, 2, 2, 1, 2, 0, 2, 2, 1, 2, 0, 1, 0, 2, 0, 1, 2]
[0, 1, 2, 2, 2, 1, 2, 0, 2, 2, 2, 0, 1, 1, 1, 2, 1, 2, 0, 0, 0, 1, 0, 1, 1, 0, 0, 0, 0, 0, 0, 0, 1, 2, 2, 0, 0, 0, 1, 2, 1, 0, 0, 0, 2, 1, 1, 2, 1, 1, 0, 0, 1, 1, 2, 2, 2, 1, 2, 0, 2, 2, 2, 0, 0, 2, 1, 0, 2, 0, 0, 3, 3, 2, 0, 0, 2, 1, 1, 0, 2, 0, 0, 2, 2, 1, 0, 1, 0, 0, 0, 1, 2, 2, 2, 0, 0, 2, 2, 1, 2, 1, 0, 1, 0, 2, 0, 1, 2, 2, 1, 2, 0, 2, 2, 0, 0, 0, 0, 2, 0, 1, 2, 0, 2, 0, 2, 2, 2, 0, 0, 1, 0, 0, 0, 0, 0, 2, 1, 0, 1, 2, 0, 0, 0, 1, 2, 0, 0, 2, 1, 1, 2, 0, 2, 2, 0, 0, 0, 2, 1, 1, 4, 2, 2, 2, 2, 0, 0, 1, 0, 1, 1, 2, 2, 2, 1, 0, 0, 2, 5, 6, 1, 0, 2, 2, 2, 0, 5, 5, 2, 2, 1, 2, 1, 1, 2, 1, 2, 2, 1, 2, 2, 2, 2, 2, 1, 1, 0, 1, 0, 0, 2, 1, 0, 1, 0, 3, 7, 1, 1, 1, 0, 0, 1, 1, 0, 0, 1, 0, 2, 0, 2, 2, 0, 0, 2, 2, 2, 2, 2, 1, 0, 5, 2, 1, 1, 2, 2, 1, 0, 0, 7, 0, 1, 1, 0, 1, 1, 0, 1, 1, 0, 0, 1, 1, 2, 2, 1, 0, 1, 2, 3, 3, 0, 2, 2, 2, 1, 0, 2, 2, 0, 0, 0, 1, 0, 0, 0, 1, 0, 2, 2, 1, 2, 1, 0, 2, 2, 0, 8, 6, 0, 1, 0, 2, 2, 2, 1, 0, 2, 2, 0, 2, 2, 0, 1, 0, 1, 2, 2, 1, 5, 2, 1, 2, 0, 2, 2, 1, 2, 0, 1, 3, 3, 0, 1, 2]
Centroids: [[-1.2451892, -1.2001247], [-1.8044508, -0.60589033], [-2.2411397, -1.3908957]]
Centroids: [[-1.1964568, -1.1703908], [-1.7623131, -0.5584684], [-2.1947036, -1.3639762], [-3.2596114, -1.4305313], [-0.74931484, -1.8517114], [-2.42698, -1.8801435], [-1.8476138, -1.9460878], [-1.4978342, -1.5741928], [-2.6673095, -0.6439177]]
Contingency Matrix: 
[[116   1   2   1   0   1   1   1   0]
 [  0  87   3   2   1   0   0   1   1]
 [  0   0 111   4   0   4   1   0   0]]
[[116, 1, 2, 1, 0, 1, 1, 1, 0], [0, 87, 3, 2, 1, 0, 0, 1, 1], [0, 0, 111, 4, 0, 4, 1, 0, 0]]
[[116, 1, 2, 1, 0, 1, 1, 1, 0], [0, 87, 3, 2, 1, 0, 0, 1, 1], [0, 0, 111, 4, 0, 4, 1, 0, 0]]
[0, 1, 2, 3, 4, 5, 6, 7, 8]
[[-1, -1, -1, -1, -1, -1, -1, -1, -1], [-1, 87, 3, 2, 1, 0, 0, 1, 1], [-1, 0, 111, 4, 0, 4, 1, 0, 0]]
[[-1, -1, -1, -1, -1, -1, -1, -1, -1], [-1, 87, -1, 2, 1, 0, 0, 1, 1], [-1, -1, -1, -1, -1, -1, -1, -1, -1]]
[[-1, -1, -1, -1, -1, -1, -1, -1, -1], [-1, -1, -1, -1, -1, -1, -1, -1, -1], [-1, -1, -1, -1, -1, -1, -1, -1, -1]]
Match_Labels: {0: 0, 2: 2, 1: 1}
New Contingency Matrix: 
[[116   1   2   1   0   1   1   1   0]
 [  0  87   3   2   1   0   0   1   1]
 [  0   0 111   4   0   4   1   0   0]]
New Clustered Label Sequence: [0, 1, 2, 3, 4, 5, 6, 7, 8]
Diagonal_Elements: [116, 87, 111], Sum: 314
All_Elements: [116, 1, 2, 1, 0, 1, 1, 1, 0, 0, 87, 3, 2, 1, 0, 0, 1, 1, 0, 0, 111, 4, 0, 4, 1, 0, 0], Sum: 338
Accuracy: 0.9289940828402367
