Seed: 4
Experiment_path: Random_Seeds_DV5//V5_3/Experiment_05_4_opt_temp_noisy
Dataset_Path: ../_00_Datasets/03_SimDaten_Quiroga2020/C_Easy2_noise005.mat
Dataset_name: ['03_SimDaten_Quiroga2020', 'C_Easy2_noise005.mat']
Variant_name: Variant_05_Online_Autoencoder_QLearning_opt_temp_noisy
Visualisation_Path: Random_Seeds_DV5//V5_3/Experiment_05_4_opt_temp_noisy/C_Easy2_noise005.mat/Variant_05_Online_Autoencoder_QLearning_opt_temp_noisy/2023_04_05-09_31_05
Normalisation: False
Template Matching: True
Optimising Autoencoder: True
Update Factor: 100
Noisy Batches: True
Noisy Factor: 0.1
Epochs: 8
Batch Size: 1
maximal Spikes for Autoencoder Training : 700
maximal Spikes for Training: 1000
Input Size: 47
Chosen Model: Autoencoder
Autoencoder(
  (encoder): Sequential(
    (0): Linear(in_features=47, out_features=12, bias=True)
    (1): LeakyReLU(negative_slope=0.01)
    (2): Linear(in_features=12, out_features=2, bias=True)
  )
  (decoder): Sequential(
    (0): Linear(in_features=2, out_features=12, bias=True)
    (1): LeakyReLU(negative_slope=0.01)
    (2): Linear(in_features=12, out_features=47, bias=True)
  )
)
MSELoss()
Adam (
Parameter Group 0
    amsgrad: False
    betas: (0.9, 0.999)
    capturable: False
    differentiable: False
    eps: 1e-08
    foreach: None
    fused: False
    lr: 0.001
    maximize: False
    weight_decay: 0
)
---Q Learning Parameters---
Normalisation: False
Punishment Coefficient: 0.52
Alpha: 0.8
Epsilon: 0.01
Gamma: 0.97
Initial Episode Number: 0
Episode Number Coefficient: 1.4
Number of Random Features: 20
Planning Number: 20
Max Random Features: 60
New Episode Number: 72
New Episode Number: 143
New Episode Number: 215
New Episode Number: 286
New Episode Number: 358
New Episode Number: 429
New Episode Number: 500
New Episode Number: 572
New Episode Number: 643
New Episode Number: 715
New Episode Number: 786
New Episode Number: 858
               0      1     2     3     4   ...    8     9      10    11     12
new_cluster -2.56 -11.68 -2.57 -4.18 -7.16  ... -2.18 -5.42 -21.84 -1.52 -12.95
c1          -2.57 -10.88 -2.47 -4.11 -5.67  ... -2.01 -5.42 -21.84 -1.57 -13.44
c2          -2.56 -11.33 -2.66 -4.01 -6.89  ... -2.13 -5.43 -21.84 -1.50 -12.82
c3          -2.57 -11.32 -2.68 -3.44 -6.30  ... -2.21 -5.38 -21.84 -1.51 -13.14
c4          -2.56 -11.15 -2.80 -4.10 -6.69  ... -2.16 -5.40 -21.84 -1.54 -13.17
c5          -2.56 -10.75 -2.37 -3.99 -6.52  ... -2.12 -5.44 -21.84 -1.61 -12.78
c6          -2.57 -11.14 -2.60 -3.61 -6.23  ... -2.16 -5.45 -21.81 -1.53 -12.63
c7          -2.56 -11.66 -2.53 -3.60 -6.09  ... -2.19 -5.38 -21.83 -1.53 -12.65
c8          -2.56 -11.27 -2.77 -4.02 -6.79  ... -2.01 -5.45 -21.84 -1.53 -12.70
c9          -2.59 -11.69 -2.51 -4.07 -6.79  ... -2.08 -5.44 -21.83 -1.58 -12.53
c10         -2.56 -11.49 -2.48 -3.53 -5.99  ... -2.03 -5.44 -21.84 -1.53 -12.62
c11         -2.57 -10.91 -2.62 -3.91 -6.50  ... -2.26 -5.45 -21.84 -1.51 -13.06
c12         -2.56 -10.97 -2.38 -3.72 -5.81  ... -2.23 -5.43 -21.84  0.00   0.00

[13 rows x 13 columns]
                               0             1   ...            11             12
new_cluster  [-1.08, new_cluster]  [-10.16, c1]  ...  [-0.02, c11]  [-12.95, c12]
c1           [-1.08, new_cluster]   [-9.36, c1]  ...  [-0.05, c11]  [-13.44, c12]
c2           [-1.08, new_cluster]    [-9.8, c1]  ...  [-0.03, c11]  [-12.82, c12]
c3           [-1.08, new_cluster]    [-9.8, c1]  ...  [-0.05, c11]  [-13.14, c12]
c4           [-1.08, new_cluster]   [-9.63, c1]  ...  [-0.02, c11]  [-13.17, c12]
c5           [-1.08, new_cluster]   [-9.23, c1]  ...  [-0.08, c11]  [-12.78, c12]
c6           [-1.08, new_cluster]   [-9.62, c1]  ...  [-0.02, c11]  [-12.63, c12]
c7           [-1.08, new_cluster]  [-10.14, c1]  ...  [-0.02, c11]  [-12.65, c12]
c8           [-1.08, new_cluster]   [-9.74, c1]  ...  [-0.05, c11]   [-12.7, c12]
c9           [-1.08, new_cluster]  [-10.16, c1]  ...  [-0.05, c11]  [-12.53, c12]
c10          [-1.08, new_cluster]   [-9.97, c1]  ...  [-0.05, c11]  [-12.62, c12]
c11          [-1.08, new_cluster]   [-9.39, c1]  ...  [-0.04, c11]  [-13.06, c12]
c12          [-1.08, new_cluster]   [-9.43, c1]  ...         [0, ]          [0, ]

[13 rows x 13 columns]
