Experiment_path: AE_Model_1/Epochs//V5/Experiment_05
Dataset_Path: ../_00_Datasets/03_SimDaten_Quiroga2020/C_Easy2_noise005.mat
Dataset_name: ['03_SimDaten_Quiroga2020', 'C_Easy2_noise005.mat']
Variant_name: Variant_05_Online_Autoencoder_QLearning
Visualisation_Path: AE_Model_1/Epochs//V5/Experiment_05/C_Easy2_noise005.mat/Variant_05_Online_Autoencoder_QLearning/2023_04_25-16_25_10
Punishment_Coefficient: 0.5
<_01_LoadDataset.ExternCode.spike_class.spike_dataclass object at 0x0000022F377DC978>
Sampling rate: 24000.0
Raw: [ 0.11862069  0.1123084   0.10401825 ... -0.10219323 -0.10268373
 -0.08956559]
Times: [    346     799    1005 ... 1436867 1437273 1437800]
Cluster: [3 3 3 ... 3 1 3]
Number of different clusters:  3
Number of Spikes: 3410
First aligned Spike Frame: [ 2.05661766e-03  8.27536867e-03  1.66427268e-02  2.31246655e-02
  2.28936935e-02  1.99169368e-02  2.25281834e-02  3.37605443e-02
  4.94182133e-02  6.24484568e-02  8.42111946e-02  1.71357846e-01
  3.88441746e-01  6.99052305e-01  9.59509287e-01  1.03608873e+00
  9.29169963e-01  7.55567481e-01  6.10726415e-01  5.06818519e-01
  4.23878029e-01  3.55610047e-01  3.01970228e-01  2.53702042e-01
  1.98274486e-01  1.32802904e-01  6.40690121e-02  7.96454927e-04
 -5.66201776e-02 -1.11669131e-01 -1.62581026e-01 -2.01746625e-01
 -2.23071447e-01 -2.29516190e-01 -2.30160694e-01 -2.27148529e-01
 -2.18080531e-01 -2.04276810e-01 -1.90750996e-01 -1.81098693e-01
 -1.72421418e-01 -1.61640218e-01 -1.48460304e-01 -1.32332846e-01
 -1.13338953e-01 -9.43725979e-02 -7.56249106e-02]
Cluster 0, Occurrences: 1130
Cluster 1, Occurrences: 1113
Cluster 2, Occurrences: 1167
Number of Clusters: 3
Online_Training [1/700]: mean_loss=0.13822336814233235
Online_Training [2/700]: mean_loss=0.11173217105013984
Online_Training [3/700]: mean_loss=0.09134969062038831
Online_Training [4/700]: mean_loss=0.09707593811409813
Online_Training [5/700]: mean_loss=0.17141132376023702
Online_Training [6/700]: mean_loss=0.1045093382043498
Online_Training [7/700]: mean_loss=0.16305456842694963
Online_Training [8/700]: mean_loss=0.053606429270335605
Online_Training [9/700]: mean_loss=0.03582509819950376
Online_Training [10/700]: mean_loss=0.049601239285298755
Online_Training [11/700]: mean_loss=0.13061317216072763
Online_Training [12/700]: mean_loss=0.016194756674979414
Online_Training [13/700]: mean_loss=0.012437066595469202
Online_Training [14/700]: mean_loss=0.007221932057291269
Online_Training [15/700]: mean_loss=0.056937040495021005
Online_Training [16/700]: mean_loss=0.010727054106869869
Online_Training [17/700]: mean_loss=0.0738721394113132
Online_Training [18/700]: mean_loss=0.056594228371977806
Online_Training [19/700]: mean_loss=0.04651917517185211
Online_Training [20/700]: mean_loss=0.019577916046338423
Online_Training [21/700]: mean_loss=0.021955044674021856
Online_Training [22/700]: mean_loss=0.03049480076879263
Online_Training [23/700]: mean_loss=0.008187788505373257
Online_Training [24/700]: mean_loss=0.033362683574003835
Online_Training [25/700]: mean_loss=0.008612768059330327
Online_Training [26/700]: mean_loss=0.004597953969745764
Online_Training [27/700]: mean_loss=0.002362534636631608
Online_Training [28/700]: mean_loss=0.00415545075000929
Online_Training [29/700]: mean_loss=0.02397677887763296
Online_Training [30/700]: mean_loss=0.016905451259974922
Online_Training [31/700]: mean_loss=0.002953086264564523
Online_Training [32/700]: mean_loss=0.008126627321222
Online_Training [33/700]: mean_loss=0.011902962146060807
Online_Training [34/700]: mean_loss=0.003105367309347327
Online_Training [35/700]: mean_loss=0.009661939926445484
Online_Training [36/700]: mean_loss=0.06152655849499362
Online_Training [37/700]: mean_loss=0.020496755572302
Online_Training [38/700]: mean_loss=0.005358420245881591
Online_Training [39/700]: mean_loss=0.025426880323461125
Online_Training [40/700]: mean_loss=0.004666512565953391
Online_Training [41/700]: mean_loss=0.001834186978937526
Online_Training [42/700]: mean_loss=0.018745532458914176
Online_Training [43/700]: mean_loss=0.008903031403731023
Online_Training [44/700]: mean_loss=0.0028678937066745546
Online_Training [45/700]: mean_loss=0.002998548256333119
Online_Training [46/700]: mean_loss=0.03462899649249656
Online_Training [47/700]: mean_loss=0.036173599905201366
Online_Training [48/700]: mean_loss=0.007370007590257696
Online_Training [49/700]: mean_loss=0.018050795421004295
Online_Training [50/700]: mean_loss=0.09152987226843834
Online_Training [51/700]: mean_loss=0.023167607374489307
Online_Training [52/700]: mean_loss=0.0069434011820703745
Online_Training [53/700]: mean_loss=0.017836946129266704
Online_Training [54/700]: mean_loss=0.02015218524528401
Online_Training [55/700]: mean_loss=0.013949021896613496
Online_Training [56/700]: mean_loss=0.018320351240358183
Online_Training [57/700]: mean_loss=0.0065088989046801415
Online_Training [58/700]: mean_loss=0.03091444500855037
Online_Training [59/700]: mean_loss=0.005519280559383333
Online_Training [60/700]: mean_loss=0.0015769301181925194
Online_Training [61/700]: mean_loss=0.0021872839632643653
Online_Training [62/700]: mean_loss=0.007176378891537232
Online_Training [63/700]: mean_loss=0.016324861839945828
Online_Training [64/700]: mean_loss=0.004687510829951082
Online_Training [65/700]: mean_loss=0.014094280345099313
Online_Training [66/700]: mean_loss=0.004641246932026531
Online_Training [67/700]: mean_loss=0.0031822778816734043
Online_Training [68/700]: mean_loss=0.005824574502184987
Online_Training [69/700]: mean_loss=0.003671012103690633
Online_Training [70/700]: mean_loss=0.0044856075130935225
Online_Training [71/700]: mean_loss=0.02716055099985429
Online_Training [72/700]: mean_loss=0.0046632432911012855
Online_Training [73/700]: mean_loss=0.017541498211877688
Online_Training [74/700]: mean_loss=0.003195221003677164
Online_Training [75/700]: mean_loss=0.0051372610531481245
Online_Training [76/700]: mean_loss=0.0023814506878677222
Online_Training [77/700]: mean_loss=0.0009413728465525699
Online_Training [78/700]: mean_loss=0.019277578951524838
Online_Training [79/700]: mean_loss=0.01220565295911261
Online_Training [80/700]: mean_loss=0.002530001411547086
Online_Training [81/700]: mean_loss=0.01517423368724329
Online_Training [82/700]: mean_loss=0.0018349063882072056
Online_Training [83/700]: mean_loss=0.0028113501861558427
Online_Training [84/700]: mean_loss=0.0032006240217015147
Online_Training [85/700]: mean_loss=0.0033159491805625813
Online_Training [86/700]: mean_loss=0.016848831371005093
Online_Training [87/700]: mean_loss=0.0030397475264700396
Online_Training [88/700]: mean_loss=0.015940929230834757
Online_Training [89/700]: mean_loss=0.008172937003629548
Online_Training [90/700]: mean_loss=0.004792183936972704
Online_Training [91/700]: mean_loss=0.0016749591408630035
Online_Training [92/700]: mean_loss=0.009851987207574504
Online_Training [93/700]: mean_loss=0.009492674809215325
Online_Training [94/700]: mean_loss=0.022055924337889467
Online_Training [95/700]: mean_loss=0.02414447401783296
Online_Training [96/700]: mean_loss=0.005694927132156279
Online_Training [97/700]: mean_loss=0.0031195392699113916
Online_Training [98/700]: mean_loss=0.011925065623862403
Online_Training [99/700]: mean_loss=0.0030152788468902664
Online_Training [100/700]: mean_loss=0.004563027344244931
Online_Training [101/700]: mean_loss=0.0019287884684412607
Online_Training [102/700]: mean_loss=0.00409381153128509
Online_Training [103/700]: mean_loss=0.010328944107251508
Online_Training [104/700]: mean_loss=0.14781690761446953
Online_Training [105/700]: mean_loss=0.10297594272664615
Online_Training [106/700]: mean_loss=0.015597257297486067
Online_Training [107/700]: mean_loss=0.00934344989114574
Online_Training [108/700]: mean_loss=0.0490034677620445
Online_Training [109/700]: mean_loss=0.010600383060851268
Online_Training [110/700]: mean_loss=0.004187747071098004
Online_Training [111/700]: mean_loss=0.0038747981722865787
Online_Training [112/700]: mean_loss=0.011196906445547938
Online_Training [113/700]: mean_loss=0.00858143565710634
Online_Training [114/700]: mean_loss=0.03754494631929057
Online_Training [115/700]: mean_loss=0.01011001635509144
Online_Training [116/700]: mean_loss=0.02542812330648303
Online_Training [117/700]: mean_loss=0.010613666281902365
Online_Training [118/700]: mean_loss=0.012094263985220875
Online_Training [119/700]: mean_loss=0.007978672826928752
Online_Training [120/700]: mean_loss=0.0029918896865897943
Online_Training [121/700]: mean_loss=0.008108680602163076
Online_Training [122/700]: mean_loss=0.004694281545068536
Online_Training [123/700]: mean_loss=0.006410242823351707
Online_Training [124/700]: mean_loss=0.006967470249427217
Online_Training [125/700]: mean_loss=0.004000397016560393
Online_Training [126/700]: mean_loss=0.003670806431078485
Online_Training [127/700]: mean_loss=0.001867218579198899
Online_Training [128/700]: mean_loss=0.0023385127507416265
Online_Training [129/700]: mean_loss=0.005701836032260742
Online_Training [130/700]: mean_loss=0.003747427952475846
Online_Training [131/700]: mean_loss=0.003507411148997822
Online_Training [132/700]: mean_loss=0.005197630995618445
Online_Training [133/700]: mean_loss=0.06333218541528497
Online_Training [134/700]: mean_loss=0.0015155529877769627
Online_Training [135/700]: mean_loss=0.018277509038203528
Online_Training [136/700]: mean_loss=0.0016459205653518438
Online_Training [137/700]: mean_loss=0.0053586950276180035
Online_Training [138/700]: mean_loss=0.0077481492688613275
Online_Training [139/700]: mean_loss=0.001774500947379108
Online_Training [140/700]: mean_loss=0.00477196106554142
Online_Training [141/700]: mean_loss=0.004447998495639435
Online_Training [142/700]: mean_loss=0.0017398063916646475
Online_Training [143/700]: mean_loss=0.0012169515040503548
Online_Training [144/700]: mean_loss=0.0032797297213359605
Online_Training [145/700]: mean_loss=0.006479506513902119
Online_Training [146/700]: mean_loss=0.00837274338118732
Online_Training [147/700]: mean_loss=0.010655636233942849
Online_Training [148/700]: mean_loss=0.0038178875111043453
Online_Training [149/700]: mean_loss=0.002994235896039754
Online_Training [150/700]: mean_loss=0.0018812724322612797
Online_Training [151/700]: mean_loss=0.0026701794704422355
Online_Training [152/700]: mean_loss=0.0017317788733635098
Online_Training [153/700]: mean_loss=0.008124542755207844
Online_Training [154/700]: mean_loss=0.009701174317992159
Online_Training [155/700]: mean_loss=0.013470532771732126
Online_Training [156/700]: mean_loss=0.010461310323859965
Online_Training [157/700]: mean_loss=0.005959155121152955
Online_Training [158/700]: mean_loss=0.008795340711783086
Online_Training [159/700]: mean_loss=0.004827278200536966
Online_Training [160/700]: mean_loss=0.013795101981876152
Online_Training [161/700]: mean_loss=0.00448749481334484
Online_Training [162/700]: mean_loss=0.013251528609544039
Online_Training [163/700]: mean_loss=0.0039082959410734475
Online_Training [164/700]: mean_loss=0.0014717626493490701
Online_Training [165/700]: mean_loss=0.001965383978261213
Online_Training [166/700]: mean_loss=0.002144750186874132
Online_Training [167/700]: mean_loss=0.0037036990647071172
Online_Training [168/700]: mean_loss=0.005133418798712748
Online_Training [169/700]: mean_loss=0.006709849395390067
Online_Training [170/700]: mean_loss=0.0013540711453450577
Online_Training [171/700]: mean_loss=0.0034746136266871224
Online_Training [172/700]: mean_loss=0.0027675160173592822
Online_Training [173/700]: mean_loss=0.002109196760492133
Online_Training [174/700]: mean_loss=0.0018875571549870074
Online_Training [175/700]: mean_loss=0.0036882218638701098
Online_Training [176/700]: mean_loss=0.009023485439164298
Online_Training [177/700]: mean_loss=0.009690477645822934
Online_Training [178/700]: mean_loss=0.0035588820880678084
Online_Training [179/700]: mean_loss=0.00788996075945241
Online_Training [180/700]: mean_loss=0.006336979069081801
Online_Training [181/700]: mean_loss=0.002743038348853588
Online_Training [182/700]: mean_loss=0.012750639912805386
Online_Training [183/700]: mean_loss=0.0090635296156896
Online_Training [184/700]: mean_loss=0.0051478551301573005
Online_Training [185/700]: mean_loss=0.002752829492757363
Online_Training [186/700]: mean_loss=0.0069022950317178455
Online_Training [187/700]: mean_loss=0.03205135943634169
Online_Training [188/700]: mean_loss=0.05975021727915321
Online_Training [189/700]: mean_loss=0.02678001512374197
Online_Training [190/700]: mean_loss=0.013675943549190248
Online_Training [191/700]: mean_loss=0.03299132641404867
Online_Training [192/700]: mean_loss=0.02925234554069383
Online_Training [193/700]: mean_loss=0.02052443228395922
Online_Training [194/700]: mean_loss=0.006968900195455977
Online_Training [195/700]: mean_loss=0.005344868005652513
Online_Training [196/700]: mean_loss=0.0024745830950061126
Online_Training [197/700]: mean_loss=0.007315957785717079
Online_Training [198/700]: mean_loss=0.0049434467717739084
Online_Training [199/700]: mean_loss=0.003936312992924026
Online_Training [200/700]: mean_loss=0.0039051261763753636
Online_Training [201/700]: mean_loss=0.004547059785441628
Online_Training [202/700]: mean_loss=0.009139798714646272
Online_Training [203/700]: mean_loss=0.004195308262881424
Online_Training [204/700]: mean_loss=0.005791069257871381
Online_Training [205/700]: mean_loss=0.006578461998807532
Online_Training [206/700]: mean_loss=0.003439301807832505
Online_Training [207/700]: mean_loss=0.006723144690373114
Online_Training [208/700]: mean_loss=0.011087356733956508
Online_Training [209/700]: mean_loss=0.0026256676646880805
Online_Training [210/700]: mean_loss=0.0022217174991965294
Online_Training [211/700]: mean_loss=0.0048149624240717715
Online_Training [212/700]: mean_loss=0.002911661976083581
Online_Training [213/700]: mean_loss=0.0035913375904783607
Online_Training [214/700]: mean_loss=0.0033031211766813484
Online_Training [215/700]: mean_loss=0.0017077085670150285
Online_Training [216/700]: mean_loss=0.005838316066988877
Online_Training [217/700]: mean_loss=0.006598653221902039
Online_Training [218/700]: mean_loss=0.0032504939008504152
Online_Training [219/700]: mean_loss=0.0031836771023725824
Online_Training [220/700]: mean_loss=0.006313051745694663
Online_Training [221/700]: mean_loss=0.0060862724868846795
Online_Training [222/700]: mean_loss=0.009071927251560348
Online_Training [223/700]: mean_loss=0.002725864610900836
Online_Training [224/700]: mean_loss=0.006161119955192719
Online_Training [225/700]: mean_loss=0.0034701559426529066
Online_Training [226/700]: mean_loss=0.0022951214923523366
Online_Training [227/700]: mean_loss=0.006759786412918142
Online_Training [228/700]: mean_loss=0.0009002597528576319
Online_Training [229/700]: mean_loss=0.002120664467968579
Online_Training [230/700]: mean_loss=0.003121116522899164
Online_Training [231/700]: mean_loss=0.04849001459245171
Online_Training [232/700]: mean_loss=0.010596208407410554
Online_Training [233/700]: mean_loss=0.001723157483086522
Online_Training [234/700]: mean_loss=0.0014810179543149257
Online_Training [235/700]: mean_loss=0.004128875693173281
Online_Training [236/700]: mean_loss=0.05544263097856726
Online_Training [237/700]: mean_loss=0.09526821837893554
Online_Training [238/700]: mean_loss=0.02761913583214794
Online_Training [239/700]: mean_loss=0.012385685262935502
Online_Training [240/700]: mean_loss=0.034241819222058566
Online_Training [241/700]: mean_loss=0.0042072846886834925
Online_Training [242/700]: mean_loss=0.11219425393002373
Online_Training [243/700]: mean_loss=0.06581461296549865
Online_Training [244/700]: mean_loss=0.02140473241784743
Online_Training [245/700]: mean_loss=0.018147960970444337
Online_Training [246/700]: mean_loss=0.019607236475816796
Online_Training [247/700]: mean_loss=0.006776422927422183
Online_Training [248/700]: mean_loss=0.006807872992275017
Online_Training [249/700]: mean_loss=0.0030832771112078
Online_Training [250/700]: mean_loss=0.008521042631140776
Online_Training [251/700]: mean_loss=0.005956733200166907
Online_Training [252/700]: mean_loss=0.003497883694113365
Online_Training [253/700]: mean_loss=0.007466121876080122
Online_Training [254/700]: mean_loss=0.0026849774959763245
Online_Training [255/700]: mean_loss=0.004680729254947177
Online_Training [256/700]: mean_loss=0.0012695893778332642
Online_Training [257/700]: mean_loss=0.0023229357487122926
Online_Training [258/700]: mean_loss=0.006440226687118411
Online_Training [259/700]: mean_loss=0.007421423814126423
Online_Training [260/700]: mean_loss=0.0030580181794773254
Online_Training [261/700]: mean_loss=0.0038070424093997906
Online_Training [262/700]: mean_loss=0.003533489237140332
Online_Training [263/700]: mean_loss=0.0021013603878340553
Online_Training [264/700]: mean_loss=0.00623792436506067
Online_Training [265/700]: mean_loss=0.007107466426012772
Online_Training [266/700]: mean_loss=0.003733011943820332
Online_Training [267/700]: mean_loss=0.001737964605646474
Online_Training [268/700]: mean_loss=0.0026525057120514767
Online_Training [269/700]: mean_loss=0.00725802147228803
Online_Training [270/700]: mean_loss=0.011181958485394716
Online_Training [271/700]: mean_loss=0.001279425944501002
Online_Training [272/700]: mean_loss=0.003452265402302146
Online_Training [273/700]: mean_loss=0.004371012827115399
Online_Training [274/700]: mean_loss=0.0023478535669190542
Online_Training [275/700]: mean_loss=0.0020902459675978336
Online_Training [276/700]: mean_loss=0.0027819936762430836
Online_Training [277/700]: mean_loss=0.006419052935338446
Online_Training [278/700]: mean_loss=0.004375096676605088
Online_Training [279/700]: mean_loss=0.0047739232956830946
Online_Training [280/700]: mean_loss=0.002057186228090099
Online_Training [281/700]: mean_loss=0.0008031839721037873
Online_Training [282/700]: mean_loss=0.004576253422003772
Online_Training [283/700]: mean_loss=0.004885540560020932
Online_Training [284/700]: mean_loss=0.004677491911154773
Online_Training [285/700]: mean_loss=0.0016678148531354964
Online_Training [286/700]: mean_loss=0.0019015624004948353
Online_Training [287/700]: mean_loss=0.014089514168777637
Online_Training [288/700]: mean_loss=0.013006880480263914
Online_Training [289/700]: mean_loss=0.007394510188273021
Online_Training [290/700]: mean_loss=0.005793663124287767
Online_Training [291/700]: mean_loss=0.0016475492739118636
Online_Training [292/700]: mean_loss=0.0022477556651990327
Online_Training [293/700]: mean_loss=0.0023624663091530757
Online_Training [294/700]: mean_loss=0.001134993479354307
Online_Training [295/700]: mean_loss=0.001472855909794037
Online_Training [296/700]: mean_loss=0.0024465229528556976
Online_Training [297/700]: mean_loss=0.0011261505881390934
Online_Training [298/700]: mean_loss=0.0028167072201280723
Online_Training [299/700]: mean_loss=0.002226388264846589
Online_Training [300/700]: mean_loss=0.002437061264312693
Online_Training [301/700]: mean_loss=0.0033486829405384405
Online_Training [302/700]: mean_loss=0.002270881028380245
Online_Training [303/700]: mean_loss=0.035740003788045475
Online_Training [304/700]: mean_loss=0.004073486081324518
Online_Training [305/700]: mean_loss=0.0017351909773424268
Online_Training [306/700]: mean_loss=0.0014344188966788352
Online_Training [307/700]: mean_loss=0.014869953472433346
Online_Training [308/700]: mean_loss=0.004648913147060999
Online_Training [309/700]: mean_loss=0.004437746263907424
Online_Training [310/700]: mean_loss=0.005161573694619749
Online_Training [311/700]: mean_loss=0.003951351607351431
Online_Training [312/700]: mean_loss=0.004372892086394131
Online_Training [313/700]: mean_loss=0.004426560813694128
Online_Training [314/700]: mean_loss=0.003522161377726921
Online_Training [315/700]: mean_loss=0.00277184065531141
Online_Training [316/700]: mean_loss=0.0012684838230987744
Online_Training [317/700]: mean_loss=0.002638471529020795
Online_Training [318/700]: mean_loss=0.004153851270010429
Online_Training [319/700]: mean_loss=0.005064459318029029
Online_Training [320/700]: mean_loss=0.002464132982173136
Online_Training [321/700]: mean_loss=0.0013050536882864045
Online_Training [322/700]: mean_loss=0.002182387065009347
Online_Training [323/700]: mean_loss=0.0013256835268943437
Online_Training [324/700]: mean_loss=0.004696096343520496
Online_Training [325/700]: mean_loss=0.002590425046426909
Online_Training [326/700]: mean_loss=0.003070754556184901
Online_Training [327/700]: mean_loss=0.008256089574258243
Online_Training [328/700]: mean_loss=0.0026327159305635306
Online_Training [329/700]: mean_loss=0.0022232089707228753
Online_Training [330/700]: mean_loss=0.005833610094019345
Online_Training [331/700]: mean_loss=0.006349600103151586
Online_Training [332/700]: mean_loss=0.0034580582287162542
Online_Training [333/700]: mean_loss=0.0203558058211846
Online_Training [334/700]: mean_loss=0.04105405855391707
Online_Training [335/700]: mean_loss=0.009159693427916085
Online_Training [336/700]: mean_loss=0.01714728187237467
Online_Training [337/700]: mean_loss=0.0057401520067027634
Online_Training [338/700]: mean_loss=0.0021863533433393706
Online_Training [339/700]: mean_loss=0.006921716533335192
Online_Training [340/700]: mean_loss=0.007966551563835569
Online_Training [341/700]: mean_loss=0.005029823830617326
Online_Training [342/700]: mean_loss=0.0025512976156148526
Online_Training [343/700]: mean_loss=0.012804940276380097
Online_Training [344/700]: mean_loss=0.008356976256306683
Online_Training [345/700]: mean_loss=0.0027319409252543536
Online_Training [346/700]: mean_loss=0.0004996456970859851
Online_Training [347/700]: mean_loss=0.003655353777243623
Online_Training [348/700]: mean_loss=0.004513291425869933
Online_Training [349/700]: mean_loss=0.012258849505867277
Online_Training [350/700]: mean_loss=0.003069660842551717
Online_Training [351/700]: mean_loss=0.006869116964350853
Online_Training [352/700]: mean_loss=0.00152968244427549
Online_Training [353/700]: mean_loss=0.0027955612583485034
Online_Training [354/700]: mean_loss=0.004068272836905505
Online_Training [355/700]: mean_loss=0.0022193475077593966
Online_Training [356/700]: mean_loss=0.0022949998632871677
Online_Training [357/700]: mean_loss=0.004543355366747294
Online_Training [358/700]: mean_loss=0.0013498215162793972
Online_Training [359/700]: mean_loss=0.003650192404165864
Online_Training [360/700]: mean_loss=0.002706830148651664
Online_Training [361/700]: mean_loss=0.003537928785330483
Online_Training [362/700]: mean_loss=0.0011430608033801296
Online_Training [363/700]: mean_loss=0.00391127761187298
Online_Training [364/700]: mean_loss=0.0023650983182181206
Online_Training [365/700]: mean_loss=0.0040172004290590325
Online_Training [366/700]: mean_loss=0.002915086632128805
Online_Training [367/700]: mean_loss=0.0029116173308076604
Online_Training [368/700]: mean_loss=0.005967597576922604
Online_Training [369/700]: mean_loss=0.001754770816270528
Online_Training [370/700]: mean_loss=0.0010581086223412836
Online_Training [371/700]: mean_loss=0.024387401029733673
Online_Training [372/700]: mean_loss=0.03603712668908494
Online_Training [373/700]: mean_loss=0.011783667707017489
Online_Training [374/700]: mean_loss=0.015941119952393428
Online_Training [375/700]: mean_loss=0.0018451331915067776
Online_Training [376/700]: mean_loss=0.005152930721773633
Online_Training [377/700]: mean_loss=0.005083281463677329
Online_Training [378/700]: mean_loss=0.015373869532985347
Online_Training [379/700]: mean_loss=0.007179752291579332
Online_Training [380/700]: mean_loss=0.0029346730111033787
Online_Training [381/700]: mean_loss=0.0017578495732907737
Online_Training [382/700]: mean_loss=0.0031195858526708825
Online_Training [383/700]: mean_loss=0.003326360319208886
Online_Training [384/700]: mean_loss=0.0027307318024603383
Online_Training [385/700]: mean_loss=0.006245490695749011
Online_Training [386/700]: mean_loss=0.002716675991125937
Online_Training [387/700]: mean_loss=0.005816863051482609
Online_Training [388/700]: mean_loss=0.004534795215087277
Online_Training [389/700]: mean_loss=0.005473910149053803
Online_Training [390/700]: mean_loss=0.0025249124903764042
Online_Training [391/700]: mean_loss=0.0023236964812635313
Online_Training [392/700]: mean_loss=0.002341114782861301
Online_Training [393/700]: mean_loss=0.0026290229870937765
Online_Training [394/700]: mean_loss=0.004080466260867459
Online_Training [395/700]: mean_loss=0.0011027923402642564
Online_Training [396/700]: mean_loss=0.0028441266040317714
Online_Training [397/700]: mean_loss=0.002707689252149846
Online_Training [398/700]: mean_loss=0.003870526494990502
Online_Training [399/700]: mean_loss=0.0009690783086365887
Online_Training [400/700]: mean_loss=0.003995924023911357
Online_Training [401/700]: mean_loss=0.0018716003729163536
Online_Training [402/700]: mean_loss=0.0013430461778105901
Online_Training [403/700]: mean_loss=0.003464034359369959
Online_Training [404/700]: mean_loss=0.022258877022457973
Online_Training [405/700]: mean_loss=0.00452482737767111
Online_Training [406/700]: mean_loss=0.009181409675095762
Online_Training [407/700]: mean_loss=0.0037890259492477135
Online_Training [408/700]: mean_loss=0.0014611833529280765
Online_Training [409/700]: mean_loss=0.006897918414324522
Online_Training [410/700]: mean_loss=0.005592442649815764
Online_Training [411/700]: mean_loss=0.004346135704378996
Online_Training [412/700]: mean_loss=0.0027547727804630995
Online_Training [413/700]: mean_loss=0.0036487214799438205
Online_Training [414/700]: mean_loss=0.003125431215656655
Online_Training [415/700]: mean_loss=0.001836032124369272
Online_Training [416/700]: mean_loss=0.0031059232507167117
Online_Training [417/700]: mean_loss=0.07544492637472493
Online_Training [418/700]: mean_loss=0.11766343670231956
Online_Training [419/700]: mean_loss=0.007189665289063539
Online_Training [420/700]: mean_loss=0.011595069829906737
Online_Training [421/700]: mean_loss=0.018048188050410578
Online_Training [422/700]: mean_loss=0.01307975866698793
Online_Training [423/700]: mean_loss=0.003025501534076674
Online_Training [424/700]: mean_loss=0.0031582003658903496
Online_Training [425/700]: mean_loss=0.003265979666528957
Online_Training [426/700]: mean_loss=0.009629341673904232
Online_Training [427/700]: mean_loss=0.002826252644548991
Online_Training [428/700]: mean_loss=0.004059998667798936
Online_Training [429/700]: mean_loss=0.003956226083183927
Online_Training [430/700]: mean_loss=0.004446823432642434
Online_Training [431/700]: mean_loss=0.005852972489914724
Online_Training [432/700]: mean_loss=0.0027614180996481863
Online_Training [433/700]: mean_loss=0.0587328261296664
Online_Training [434/700]: mean_loss=0.03879607069705214
Online_Training [435/700]: mean_loss=0.02019790466874838
Online_Training [436/700]: mean_loss=0.01895743535299386
Online_Training [437/700]: mean_loss=0.011439973987372858
Online_Training [438/700]: mean_loss=0.0032993152770879014
Online_Training [439/700]: mean_loss=0.004029774597646403
Online_Training [440/700]: mean_loss=0.005111171498096415
Online_Training [441/700]: mean_loss=0.003819695158329393
Online_Training [442/700]: mean_loss=0.006580764610719468
Online_Training [443/700]: mean_loss=0.005855496540399534
Online_Training [444/700]: mean_loss=0.004266718834904688
Online_Training [445/700]: mean_loss=0.0015634015518506722
Online_Training [446/700]: mean_loss=0.03917052091232368
Online_Training [447/700]: mean_loss=0.019924397447279522
Online_Training [448/700]: mean_loss=0.004893706579293523
Online_Training [449/700]: mean_loss=0.004339845019525715
Online_Training [450/700]: mean_loss=0.006795227161741683
Online_Training [451/700]: mean_loss=0.00811660017019936
Online_Training [452/700]: mean_loss=0.004400146343479199
Online_Training [453/700]: mean_loss=0.0045486912962847525
Online_Training [454/700]: mean_loss=0.0042688653671315736
Online_Training [455/700]: mean_loss=0.004143203891414616
Online_Training [456/700]: mean_loss=0.0018165850446426443
Online_Training [457/700]: mean_loss=0.00611610574248646
Online_Training [458/700]: mean_loss=0.0006852838643161314
Online_Training [459/700]: mean_loss=0.002521263909459646
Online_Training [460/700]: mean_loss=0.0014822314218950591
Online_Training [461/700]: mean_loss=0.004720777422854943
Online_Training [462/700]: mean_loss=0.004191241243721119
Online_Training [463/700]: mean_loss=0.00860720467088478
Online_Training [464/700]: mean_loss=0.0021096302662044764
Online_Training [465/700]: mean_loss=0.0012050634873698332
Online_Training [466/700]: mean_loss=0.0023218655759202583
Online_Training [467/700]: mean_loss=0.0020031130240697947
Online_Training [468/700]: mean_loss=0.003275522047520748
Online_Training [469/700]: mean_loss=0.0012101488578731992
Online_Training [470/700]: mean_loss=0.0022388874370205614
Online_Training [471/700]: mean_loss=0.0012338734398196851
Online_Training [472/700]: mean_loss=0.004371874699635165
Online_Training [473/700]: mean_loss=0.001672547626575189
Online_Training [474/700]: mean_loss=0.0018671015360658722
Online_Training [475/700]: mean_loss=0.0022979097557254136
Online_Training [476/700]: mean_loss=0.002348700280500842
Online_Training [477/700]: mean_loss=0.0013532244567094104
Online_Training [478/700]: mean_loss=0.0011851482351110981
Online_Training [479/700]: mean_loss=0.0026936976771269527
Online_Training [480/700]: mean_loss=0.004615647568633514
Online_Training [481/700]: mean_loss=0.0040079000505751795
Online_Training [482/700]: mean_loss=0.0017297972559130617
Online_Training [483/700]: mean_loss=0.00101475726530355
Online_Training [484/700]: mean_loss=0.002458582249736147
Online_Training [485/700]: mean_loss=0.0018366141344553658
Online_Training [486/700]: mean_loss=0.0015055257868620434
Online_Training [487/700]: mean_loss=0.001181397241972653
Online_Training [488/700]: mean_loss=0.0030160611495375633
Online_Training [489/700]: mean_loss=0.0049499877994613984
Online_Training [490/700]: mean_loss=0.0019168417119154973
Online_Training [491/700]: mean_loss=0.0030914162219102892
Online_Training [492/700]: mean_loss=0.09823933243751526
Online_Training [493/700]: mean_loss=0.04356654148016657
Online_Training [494/700]: mean_loss=0.03897248275045838
Online_Training [495/700]: mean_loss=0.0483377639736448
Online_Training [496/700]: mean_loss=0.11348717819367136
Online_Training [497/700]: mean_loss=0.008655680809170008
Online_Training [498/700]: mean_loss=0.022882855630346706
Online_Training [499/700]: mean_loss=0.011351980069386107
Online_Training [500/700]: mean_loss=0.0057596150353284815
Online_Training [501/700]: mean_loss=0.009742916628186191
Online_Training [502/700]: mean_loss=0.006440516727577362
Online_Training [503/700]: mean_loss=0.009622236281367285
Online_Training [504/700]: mean_loss=0.003730445684465979
Online_Training [505/700]: mean_loss=0.0032003392365628053
Online_Training [506/700]: mean_loss=0.0016307513661948697
Online_Training [507/700]: mean_loss=0.006976596578689558
Online_Training [508/700]: mean_loss=0.007611924815656883
Online_Training [509/700]: mean_loss=0.0032033639228237526
Online_Training [510/700]: mean_loss=0.0040362251456826925
Online_Training [511/700]: mean_loss=0.007260672814611878
Online_Training [512/700]: mean_loss=0.002318619326355734
Online_Training [513/700]: mean_loss=0.002465367383722748
Online_Training [514/700]: mean_loss=0.0022530631561364445
Online_Training [515/700]: mean_loss=0.004323610503758703
Online_Training [516/700]: mean_loss=0.0059424590851579395
Online_Training [517/700]: mean_loss=0.0037450814519875814
Online_Training [518/700]: mean_loss=0.0042070485984108275
Online_Training [519/700]: mean_loss=0.0018145796659934735
Online_Training [520/700]: mean_loss=0.002720202651939222
Online_Training [521/700]: mean_loss=0.0016091686723354673
Online_Training [522/700]: mean_loss=0.0029113624477759004
Online_Training [523/700]: mean_loss=0.007346349169633218
Online_Training [524/700]: mean_loss=0.0027741446226303068
Online_Training [525/700]: mean_loss=0.0038598495136414257
Online_Training [526/700]: mean_loss=0.0026879083764340195
Online_Training [527/700]: mean_loss=0.0144263089501432
Online_Training [528/700]: mean_loss=0.0021262753122885314
Online_Training [529/700]: mean_loss=0.004828118436437633
Online_Training [530/700]: mean_loss=0.0029447846713342835
Online_Training [531/700]: mean_loss=0.08923267040933881
Online_Training [532/700]: mean_loss=0.10208847373723984
Online_Training [533/700]: mean_loss=0.00888670448746
Online_Training [534/700]: mean_loss=0.01442644711849945
Online_Training [535/700]: mean_loss=0.0037141202982249005
Online_Training [536/700]: mean_loss=0.009341065339477999
Online_Training [537/700]: mean_loss=0.008022952991138612
Online_Training [538/700]: mean_loss=0.0009925366736881966
Online_Training [539/700]: mean_loss=0.001944558645066406
Online_Training [540/700]: mean_loss=0.0032631713298282455
Online_Training [541/700]: mean_loss=0.004251162671217961
Online_Training [542/700]: mean_loss=0.003575086942873895
Online_Training [543/700]: mean_loss=0.00343910140717136
Online_Training [544/700]: mean_loss=0.005053950789650636
Online_Training [545/700]: mean_loss=0.004820419309128608
Online_Training [546/700]: mean_loss=0.0056605059819828185
Online_Training [547/700]: mean_loss=0.004783677286468446
Online_Training [548/700]: mean_loss=0.0017887753451109997
Online_Training [549/700]: mean_loss=0.0030776468172137228
Online_Training [550/700]: mean_loss=0.0020372918557508717
Online_Training [551/700]: mean_loss=0.07583737426570483
Online_Training [552/700]: mean_loss=0.039188142732850144
Online_Training [553/700]: mean_loss=0.021245020907372236
Online_Training [554/700]: mean_loss=0.018228444204266583
Online_Training [555/700]: mean_loss=0.010696220777130552
Online_Training [556/700]: mean_loss=0.004565232000978929
Online_Training [557/700]: mean_loss=0.0032805532183764236
Online_Training [558/700]: mean_loss=0.0016129078077418463
Online_Training [559/700]: mean_loss=0.002231545014572995
Online_Training [560/700]: mean_loss=0.005408359259100897
Online_Training [561/700]: mean_loss=0.003224669805993991
Online_Training [562/700]: mean_loss=0.0019526458012738398
Online_Training [563/700]: mean_loss=0.0017732544552667864
Online_Training [564/700]: mean_loss=0.0023130708058098598
Online_Training [565/700]: mean_loss=0.0031209345491203877
Online_Training [566/700]: mean_loss=0.004829718681451466
Online_Training [567/700]: mean_loss=0.0033889535282339367
Online_Training [568/700]: mean_loss=0.004444780011129167
Online_Training [569/700]: mean_loss=0.005196911349360432
Online_Training [570/700]: mean_loss=0.0005152678453928924
Online_Training [571/700]: mean_loss=0.0008904373639130167
Online_Training [572/700]: mean_loss=0.001607337999822838
Online_Training [573/700]: mean_loss=0.0035849262993516667
Online_Training [574/700]: mean_loss=0.005951296887360513
Online_Training [575/700]: mean_loss=0.004601107743967857
Online_Training [576/700]: mean_loss=0.0032393893592857887
Online_Training [577/700]: mean_loss=0.0017900756917827363
Online_Training [578/700]: mean_loss=0.0039067927614918774
Online_Training [579/700]: mean_loss=0.020883603553686823
Online_Training [580/700]: mean_loss=0.0037635394505092074
Online_Training [581/700]: mean_loss=0.0062416660865502694
Online_Training [582/700]: mean_loss=0.0033983625138976742
Online_Training [583/700]: mean_loss=0.0029003918170928955
Online_Training [584/700]: mean_loss=0.004011133028793016
Online_Training [585/700]: mean_loss=0.00441862441532846
Online_Training [586/700]: mean_loss=0.0011895217383945627
Online_Training [587/700]: mean_loss=0.004136434623173305
Online_Training [588/700]: mean_loss=0.0010061673612134264
Online_Training [589/700]: mean_loss=0.0030354997143149376
Online_Training [590/700]: mean_loss=0.00548258433783693
Online_Training [591/700]: mean_loss=0.005354434517877442
Online_Training [592/700]: mean_loss=0.0025040351070596705
Online_Training [593/700]: mean_loss=0.0009170910426681596
Online_Training [594/700]: mean_loss=0.007003068724381072
Online_Training [595/700]: mean_loss=0.004059696653192597
Online_Training [596/700]: mean_loss=0.002714446662659092
Online_Training [597/700]: mean_loss=0.0017232324961306794
Online_Training [598/700]: mean_loss=0.006599525056247201
Online_Training [599/700]: mean_loss=0.0013981714853019054
Online_Training [600/700]: mean_loss=0.004624878837993103
Online_Training [601/700]: mean_loss=0.0036145371684272376
Online_Training [602/700]: mean_loss=0.0014094495147998845
Online_Training [603/700]: mean_loss=0.001294495167842667
Online_Training [604/700]: mean_loss=0.003013896040751466
Online_Training [605/700]: mean_loss=0.0007530232874809631
Online_Training [606/700]: mean_loss=0.0018179671772356545
Online_Training [607/700]: mean_loss=0.0012702947174797633
Online_Training [608/700]: mean_loss=0.02396259516743677
Online_Training [609/700]: mean_loss=0.0021800469341022627
Online_Training [610/700]: mean_loss=0.017265407235494683
Online_Training [611/700]: mean_loss=0.008319031646741288
Online_Training [612/700]: mean_loss=0.013102520855941944
Online_Training [613/700]: mean_loss=0.006036672375297972
Online_Training [614/700]: mean_loss=0.001399264350766316
Online_Training [615/700]: mean_loss=0.002017986461786287
Online_Training [616/700]: mean_loss=0.002917839979220714
Online_Training [617/700]: mean_loss=0.002112173940986395
Online_Training [618/700]: mean_loss=0.0029077293251508047
Online_Training [619/700]: mean_loss=0.0035814796574413776
Online_Training [620/700]: mean_loss=0.0055602230963164145
Online_Training [621/700]: mean_loss=0.0020877000310325195
Online_Training [622/700]: mean_loss=0.004157944382833583
Online_Training [623/700]: mean_loss=0.002993760314503951
Online_Training [624/700]: mean_loss=0.0016362355548023646
Online_Training [625/700]: mean_loss=0.0013612096039910934
Online_Training [626/700]: mean_loss=0.003090722153761557
Online_Training [627/700]: mean_loss=0.0032525750741894755
Online_Training [628/700]: mean_loss=0.0017853336674826486
Online_Training [629/700]: mean_loss=0.0016067176558343427
Online_Training [630/700]: mean_loss=0.002104635924167399
Online_Training [631/700]: mean_loss=0.007161000743508339
Online_Training [632/700]: mean_loss=0.0022996640847330646
Online_Training [633/700]: mean_loss=0.007823085977828928
Online_Training [634/700]: mean_loss=0.0032779734215832184
Online_Training [635/700]: mean_loss=0.11869538202881813
Online_Training [636/700]: mean_loss=0.10413214936852455
Online_Training [637/700]: mean_loss=0.014025573951325246
Online_Training [638/700]: mean_loss=0.05149259817387376
Online_Training [639/700]: mean_loss=0.05066149202840669
Online_Training [640/700]: mean_loss=0.1554217455642564
Online_Training [641/700]: mean_loss=0.07569075828152043
Online_Training [642/700]: mean_loss=0.015084288149539913
Online_Training [643/700]: mean_loss=0.024849162037883486
Online_Training [644/700]: mean_loss=0.008707804405795676
Online_Training [645/700]: mean_loss=0.0026389476177947862
Online_Training [646/700]: mean_loss=0.010116281187427896
Online_Training [647/700]: mean_loss=0.005797141797042319
Online_Training [648/700]: mean_loss=0.006864566987912569
Online_Training [649/700]: mean_loss=0.004277582945568221
Online_Training [650/700]: mean_loss=0.005034003739378282
Online_Training [651/700]: mean_loss=0.006439866265282035
Online_Training [652/700]: mean_loss=0.003872440379512097
Online_Training [653/700]: mean_loss=0.0067227650766393966
Online_Training [654/700]: mean_loss=0.004398779793908554
Online_Training [655/700]: mean_loss=0.0024467830579461797
Online_Training [656/700]: mean_loss=0.0010850698911651438
Online_Training [657/700]: mean_loss=0.0020917724052976283
Online_Training [658/700]: mean_loss=0.14847162046602794
Online_Training [659/700]: mean_loss=0.11619918154818672
Online_Training [660/700]: mean_loss=0.0676746057080371
Online_Training [661/700]: mean_loss=0.058593260390417914
Online_Training [662/700]: mean_loss=0.03863974141755274
Online_Training [663/700]: mean_loss=0.01292779709079436
Online_Training [664/700]: mean_loss=0.014225005903946502
Online_Training [665/700]: mean_loss=0.018168055252837285
Online_Training [666/700]: mean_loss=0.007195407923843179
Online_Training [667/700]: mean_loss=0.004907104103559894
Online_Training [668/700]: mean_loss=0.002985917929826038
Online_Training [669/700]: mean_loss=0.0021256080279791994
Online_Training [670/700]: mean_loss=0.004585311897764248
Online_Training [671/700]: mean_loss=0.0014904223997811122
Online_Training [672/700]: mean_loss=0.003062367904931307
Online_Training [673/700]: mean_loss=0.003574116471489625
Online_Training [674/700]: mean_loss=0.0025544524126287016
Online_Training [675/700]: mean_loss=0.003402488655410707
Online_Training [676/700]: mean_loss=0.001925457950814494
Online_Training [677/700]: mean_loss=0.0021846573716694756
Online_Training [678/700]: mean_loss=0.09097414836287498
Online_Training [679/700]: mean_loss=0.019719509008739675
Online_Training [680/700]: mean_loss=0.073368032595941
Online_Training [681/700]: mean_loss=0.05174911394715309
Online_Training [682/700]: mean_loss=0.009785817669970649
Online_Training [683/700]: mean_loss=0.008244403637945652
Online_Training [684/700]: mean_loss=0.008658454587150897
Online_Training [685/700]: mean_loss=0.006432661354275686
Online_Training [686/700]: mean_loss=0.015345414102609669
Online_Training [687/700]: mean_loss=0.008431330556049943
Online_Training [688/700]: mean_loss=0.0072830964678100175
Online_Training [689/700]: mean_loss=0.005464759888127446
Online_Training [690/700]: mean_loss=0.002145561680663377
Online_Training [691/700]: mean_loss=0.005203917356474059
Online_Training [692/700]: mean_loss=0.005249799195943134
Online_Training [693/700]: mean_loss=0.0029991167996610913
Online_Training [694/700]: mean_loss=0.0020866713769334766
Online_Training [695/700]: mean_loss=0.0015148521051742136
Online_Training [696/700]: mean_loss=0.005173912421534104
Online_Training [697/700]: mean_loss=0.006546893822295325
Online_Training [698/700]: mean_loss=0.008774550066196493
Online_Training [699/700]: mean_loss=0.0050985409844932815
Online_Training [700/700]: mean_loss=0.0033673785427319153
Number of Samples after Autoencoder testing: 300
First Spike after testing: [0.36604592 0.39333475]
[2, 2, 1, 0, 2, 1, 0, 1, 2, 0, 2, 0, 2, 2, 0, 1, 2, 0, 2, 2, 2, 1, 2, 0, 2, 1, 2, 1, 0, 1, 2, 0, 2, 2, 2, 1, 1, 2, 0, 0, 2, 2, 0, 0, 2, 0, 0, 2, 2, 0, 1, 1, 1, 0, 2, 0, 0, 2, 2, 1, 2, 2, 0, 1, 1, 1, 0, 1, 1, 2, 0, 2, 0, 0, 0, 1, 2, 0, 2, 1, 1, 1, 1, 0, 1, 1, 2, 0, 1, 2, 0, 0, 2, 1, 1, 2, 0, 2, 1, 2, 0, 2, 1, 0, 0, 1, 0, 1, 1, 0, 1, 1, 0, 0, 2, 0, 0, 2, 0, 2, 2, 0, 2, 1, 0, 1, 0, 2, 2, 0, 2, 1, 1, 2, 1, 0, 1, 2, 1, 2, 2, 1, 2, 2, 2, 2, 0, 1, 0, 1, 2, 1, 2, 0, 2, 2, 1, 1, 0, 1, 2, 1, 2, 0, 1, 2, 1, 0, 0, 0, 0, 0, 1, 2, 0, 2, 2, 2, 2, 0, 1, 2, 1, 1, 2, 0, 0, 2, 1, 1, 0, 0, 0, 1, 0, 0, 2, 2, 0, 2, 1, 0, 2, 0, 2, 0, 1, 0, 2, 2, 2, 0, 0, 1, 1, 2, 2, 1, 0, 2, 0, 1, 2, 0, 1, 2, 1, 2, 2, 0, 1, 0, 0, 1, 2, 1, 0, 0, 0, 1, 0, 2, 1, 0, 2, 0, 2, 1, 1, 1, 0, 2, 2, 2, 2, 1, 0, 1, 1, 0, 0, 1, 1, 0, 0, 2, 2, 1, 2, 1, 0, 2, 0, 0, 2, 2, 2, 1, 1, 0, 0, 2, 0, 2, 2, 0, 2, 0, 2, 0, 1, 0, 2, 0, 0, 2, 1, 2, 2, 0]
[0, 0, 1, 1, 0, 1, 1, 1, 0, 1, 0, 1, 0, 0, 1, 1, 0, 1, 0, 0, 0, 1, 0, 1, 0, 1, 0, 1, 1, 1, 0, 1, 0, 0, 0, 1, 1, 0, 1, 1, 0, 0, 1, 1, 0, 1, 1, 0, 0, 1, 1, 1, 1, 1, 0, 1, 1, 0, 0, 1, 0, 0, 1, 1, 1, 1, 2, 2, 1, 0, 2, 0, 1, 2, 1, 1, 0, 1, 0, 1, 1, 1, 1, 2, 1, 1, 0, 1, 1, 0, 1, 2, 0, 1, 1, 0, 2, 3, 1, 0, 2, 0, 1, 2, 2, 1, 2, 1, 1, 2, 1, 1, 2, 2, 0, 2, 2, 0, 2, 0, 0, 2, 0, 1, 2, 0, 2, 0, 0, 2, 0, 1, 1, 0, 1, 2, 1, 0, 1, 0, 0, 1, 0, 0, 0, 0, 2, 1, 2, 1, 0, 1, 0, 2, 0, 0, 1, 1, 2, 1, 0, 2, 0, 2, 1, 0, 1, 2, 2, 2, 2, 2, 1, 0, 2, 0, 0, 0, 0, 2, 1, 0, 1, 1, 0, 2, 2, 0, 1, 1, 2, 2, 2, 2, 2, 2, 0, 0, 2, 0, 1, 2, 0, 2, 0, 2, 1, 2, 0, 0, 0, 2, 2, 1, 1, 0, 0, 1, 2, 0, 2, 1, 0, 4, 4, 3, 1, 0, 0, 2, 1, 2, 2, 1, 0, 1, 2, 2, 2, 1, 2, 0, 1, 2, 0, 2, 0, 1, 1, 1, 2, 0, 0, 0, 0, 1, 2, 1, 2, 2, 2, 1, 1, 2, 2, 0, 0, 1, 0, 1, 2, 0, 2, 2, 0, 0, 0, 1, 1, 2, 2, 0, 2, 0, 0, 2, 0, 2, 0, 2, 1, 2, 0, 2, 2, 0, 1, 0, 0, 2]
Centroids: [[-0.39962032, -1.3273704], [0.23516181, -0.6833964], [0.33943093, 0.43368822]]
Centroids: [[0.3168444, 0.41354328], [0.1120554, -0.791537], [-0.41074085, -1.3240844], [1.6212635, 1.0790733], [0.1245769, -2.2747617]]
Contingency Matrix: 
[[  0  25  77   0   1]
 [  1  81   4   0   1]
 [108   0   0   2   0]]
[[0, 25, 77, 0, 1], [1, 81, 4, 0, 1], [108, 0, 0, 2, 0]]
[[0, 25, 77, 0, 1], [1, 81, 4, 0, 1], [108, 0, 0, 2, 0]]
[0, 1, 2, 3, 4]
[[-1, 25, 77, 0, 1], [-1, 81, 4, 0, 1], [-1, -1, -1, -1, -1]]
[[-1, -1, 77, 0, 1], [-1, -1, -1, -1, -1], [-1, -1, -1, -1, -1]]
[[-1, -1, -1, -1, -1], [-1, -1, -1, -1, -1], [-1, -1, -1, -1, -1]]
Match_Labels: {2: 0, 1: 1, 0: 2}
New Contingency Matrix: 
[[ 77  25   0   0   1]
 [  4  81   1   0   1]
 [  0   0 108   2   0]]
New Clustered Label Sequence: [2, 1, 0, 3, 4]
Diagonal_Elements: [77, 81, 108], Sum: 266
All_Elements: [77, 25, 0, 0, 1, 4, 81, 1, 0, 1, 0, 0, 108, 2, 0], Sum: 300
Accuracy: 0.8866666666666667
