Seed: 0
Experiment_path: AE_Model_2/Epochs_2_4_6_8_20/04_Experiment_05_Epochs
Dataset_Path: ../_00_Datasets/03_SimDaten_Quiroga2020/C_Drift_Easy2_noise015.mat
Dataset_name: ['03_SimDaten_Quiroga2020', 'C_Drift_Easy2_noise015.mat']
Variant_name: V05_Online_AE_QL
Visualisation_Path: AE_Model_2/Epochs_2_4_6_8_20/04_Experiment_05_Epochs/C_Drift_Easy2_noise015.mat/V05_Online_AE_QL/2023_05_11-01_12_31
Normalisation: False
Template Matching: False
Optimising Autoencoder: False
Update Factor: 1
Noisy Batches: False
Noisy Factor: 0.001
Epochs: 4
Batch Size: 1
maximal Spikes for Autoencoder Training : 700
maximal Spikes for Training: 1000
Input Size: 47
Chosen Model: Convolutional Autoencoder
ConvolutionalAutoencoder(
  (encoder): Sequential(
    (0): Conv1d(1, 6, kernel_size=(6,), stride=(1,))
    (1): LeakyReLU(negative_slope=0.01)
    (2): Conv1d(6, 1, kernel_size=(6,), stride=(1,))
    (3): Flatten(start_dim=1, end_dim=-1)
    (4): Linear(in_features=37, out_features=2, bias=True)
  )
  (decoder): Sequential(
    (0): ConvTranspose1d(1, 6, kernel_size=(6,), stride=(1,))
    (1): LeakyReLU(negative_slope=0.01)
    (2): ConvTranspose1d(6, 1, kernel_size=(6,), stride=(1,))
    (3): Flatten(start_dim=1, end_dim=-1)
    (4): Linear(in_features=12, out_features=47, bias=True)
  )
)
MSELoss()
Adam (
Parameter Group 0
    amsgrad: False
    betas: (0.9, 0.999)
    capturable: False
    differentiable: False
    eps: 1e-08
    foreach: None
    fused: False
    lr: 0.001
    maximize: False
    weight_decay: 0
)
---Q Learning Parameters---
Normalisation: False
Punishment Coefficient: 1.3
Alpha: 0.8
Epsilon: 0.01
Gamma: 0.97
Initial Episode Number: 0
Episode Number Coefficient: 1.4
Number of Random Features: 20
Planning Number: 20
Max Random Features: 60
New Episode Number: 72
New Episode Number: 143
New Episode Number: 215
New Episode Number: 286
New Episode Number: 358
                 0      1      2      3      4      5
new_cluster -24.47 -18.44 -32.88 -20.41 -44.76 -50.94
c1          -24.49 -18.44 -33.72 -19.80 -43.71 -46.81
c2          -24.47 -18.24 -31.89 -20.13 -44.60 -45.80
c3          -24.47 -18.48 -31.82 -19.63 -45.03 -47.96
c4          -24.61 -18.68 -32.29 -19.46 -44.27 -46.72
c5          -24.48 -18.47 -31.87 -20.04 -44.86   0.00
\begin{tabular}{lrrrrrr}
\toprule
{} &      0 &      1 &      2 &      3 &      4 &      5 \\
\midrule
new\_cluster & -24.47 & -18.44 & -32.88 & -20.41 & -44.76 & -50.94 \\
c1          & -24.49 & -18.44 & -33.72 & -19.80 & -43.71 & -46.81 \\
c2          & -24.47 & -18.24 & -31.89 & -20.13 & -44.60 & -45.80 \\
c3          & -24.47 & -18.48 & -31.82 & -19.63 & -45.03 & -47.96 \\
c4          & -24.61 & -18.68 & -32.29 & -19.46 & -44.27 & -46.72 \\
c5          & -24.48 & -18.47 & -31.87 & -20.04 & -44.86 &   0.00 \\
\bottomrule
\end{tabular}

                                0            1  ...             4             5
new_cluster  [-6.76, new_cluster]  [-0.59, c1]  ...   [-26.7, c4]  [-50.94, c5]
c1           [-6.76, new_cluster]  [-0.31, c1]  ...  [-25.68, c4]  [-46.81, c5]
c2           [-6.76, new_cluster]  [-0.48, c1]  ...  [-26.55, c4]   [-45.8, c5]
c3           [-6.76, new_cluster]  [-0.47, c1]  ...  [-27.24, c4]  [-47.96, c5]
c4           [-6.76, new_cluster]  [-0.61, c1]  ...  [-26.52, c4]  [-46.72, c5]
c5           [-6.76, new_cluster]  [-0.58, c1]  ...   [-26.8, c4]         [0, ]

[6 rows x 6 columns]
\begin{tabular}{lllllll}
\toprule
{} &                     0 &            1 &             2 &            3 &             4 &             5 \\
\midrule
new\_cluster &  [-6.76, new\_cluster] &  [-0.59, c1] &  [-15.21, c2] &   [-2.5, c3] &   [-26.7, c4] &  [-50.94, c5] \\
c1          &  [-6.76, new\_cluster] &  [-0.31, c1] &  [-16.16, c2] &  [-2.16, c3] &  [-25.68, c4] &  [-46.81, c5] \\
c2          &  [-6.76, new\_cluster] &  [-0.48, c1] &  [-14.32, c2] &  [-2.26, c3] &  [-26.55, c4] &   [-45.8, c5] \\
c3          &  [-6.76, new\_cluster] &  [-0.47, c1] &  [-14.13, c2] &  [-1.99, c3] &  [-27.24, c4] &  [-47.96, c5] \\
c4          &  [-6.76, new\_cluster] &  [-0.61, c1] &   [-14.7, c2] &  [-1.82, c3] &  [-26.52, c4] &  [-46.72, c5] \\
c5          &  [-6.76, new\_cluster] &  [-0.58, c1] &  [-14.19, c2] &  [-2.18, c3] &   [-26.8, c4] &         [0, ] \\
\bottomrule
\end{tabular}

