Seed: 0
Experiment_path: AE_Model_2/Epochs_2_4_6_8_20/04_Experiment_05_Epochs
Dataset_Path: ../_00_Datasets/03_SimDaten_Quiroga2020/C_Difficult2_noise020.mat
Dataset_name: ['03_SimDaten_Quiroga2020', 'C_Difficult2_noise020.mat']
Variant_name: Variant_05_Epochs_4
Visualisation_Path: AE_Model_2/Epochs_2_4_6_8_20/04_Experiment_05_Epochs/C_Difficult2_noise020.mat/V05_Online_AE_QL/2023_05_11-01_11_48
Normalisation: False
Template Matching: False
Optimising Autoencoder: False
Update Factor: 1
Noisy Batches: False
Noisy Factor: 0.001
Epochs: 4
Batch Size: 1
maximal Spikes for Autoencoder Training : 700
maximal Spikes for Training: 1000
Input Size: 47
Chosen Model: Convolutional Autoencoder
ConvolutionalAutoencoder(
  (encoder): Sequential(
    (0): Conv1d(1, 6, kernel_size=(6,), stride=(1,))
    (1): LeakyReLU(negative_slope=0.01)
    (2): Conv1d(6, 1, kernel_size=(6,), stride=(1,))
    (3): Flatten(start_dim=1, end_dim=-1)
    (4): Linear(in_features=37, out_features=2, bias=True)
  )
  (decoder): Sequential(
    (0): ConvTranspose1d(1, 6, kernel_size=(6,), stride=(1,))
    (1): LeakyReLU(negative_slope=0.01)
    (2): ConvTranspose1d(6, 1, kernel_size=(6,), stride=(1,))
    (3): Flatten(start_dim=1, end_dim=-1)
    (4): Linear(in_features=12, out_features=47, bias=True)
  )
)
MSELoss()
Adam (
Parameter Group 0
    amsgrad: False
    betas: (0.9, 0.999)
    capturable: False
    differentiable: False
    eps: 1e-08
    foreach: None
    fused: False
    lr: 0.001
    maximize: False
    weight_decay: 0
)
---Q Learning Parameters---
Normalisation: False
Punishment Coefficient: 1.0
Alpha: 0.8
Epsilon: 0.01
Gamma: 0.97
Initial Episode Number: 0
Episode Number Coefficient: 1.4
Number of Random Features: 20
Planning Number: 20
Max Random Features: 60
New Episode Number: 72
New Episode Number: 143
New Episode Number: 215
New Episode Number: 286
                 0      1      2      3      4
new_cluster -31.44 -28.28 -34.69 -32.50 -39.22
c1          -31.44 -28.22 -36.38 -32.40 -43.54
c2          -31.44 -28.34 -33.97 -31.51 -39.92
c3          -31.44 -28.41 -35.15 -32.89 -42.97
c4          -31.44 -28.40 -34.32 -33.22 -40.37
\begin{tabular}{lrrrrr}
\toprule
{} &      0 &      1 &      2 &      3 &      4 \\
\midrule
new\_cluster & -31.44 & -28.28 & -34.69 & -32.50 & -39.22 \\
c1          & -31.44 & -28.22 & -36.38 & -32.40 & -43.54 \\
c2          & -31.44 & -28.34 & -33.97 & -31.51 & -39.92 \\
c3          & -31.44 & -28.41 & -35.15 & -32.89 & -42.97 \\
c4          & -31.44 & -28.40 & -34.32 & -33.22 & -40.37 \\
\bottomrule
\end{tabular}

                               0            1  ...            3             4
new_cluster  [-4.0, new_cluster]   [-0.8, c1]  ...   [-4.9, c3]  [-11.65, c4]
c1           [-4.0, new_cluster]   [-0.8, c1]  ...  [-4.52, c3]  [-15.99, c4]
c2           [-4.0, new_cluster]  [-0.89, c1]  ...  [-3.91, c3]  [-12.34, c4]
c3           [-4.0, new_cluster]  [-0.95, c1]  ...  [-5.24, c3]  [-15.42, c4]
c4           [-4.0, new_cluster]  [-0.96, c1]  ...  [-5.62, c3]   [-12.8, c4]

[5 rows x 5 columns]
\begin{tabular}{llllll}
\toprule
{} &                    0 &            1 &            2 &            3 &             4 \\
\midrule
new\_cluster &  [-4.0, new\_cluster] &   [-0.8, c1] &  [-7.11, c2] &   [-4.9, c3] &  [-11.65, c4] \\
c1          &  [-4.0, new\_cluster] &   [-0.8, c1] &   [-8.8, c2] &  [-4.52, c3] &  [-15.99, c4] \\
c2          &  [-4.0, new\_cluster] &  [-0.89, c1] &  [-6.42, c2] &  [-3.91, c3] &  [-12.34, c4] \\
c3          &  [-4.0, new\_cluster] &  [-0.95, c1] &   [-7.6, c2] &  [-5.24, c3] &  [-15.42, c4] \\
c4          &  [-4.0, new\_cluster] &  [-0.96, c1] &  [-6.77, c2] &  [-5.62, c3] &   [-12.8, c4] \\
\bottomrule
\end{tabular}

