Seed: 6
Experiment_path: Random_Seeds_DV5//V5_3/Experiment_05_6_opt_temp_noisy
Dataset_Path: ../_00_Datasets/03_SimDaten_Quiroga2020/C_Easy1_noise020.mat
Dataset_name: ['03_SimDaten_Quiroga2020', 'C_Easy1_noise020.mat']
Variant_name: Variant_05_Online_Autoencoder_QLearning_opt_temp_noisy
Visualisation_Path: Random_Seeds_DV5//V5_3/Experiment_05_6_opt_temp_noisy/C_Easy1_noise020.mat/Variant_05_Online_Autoencoder_QLearning_opt_temp_noisy/2023_04_16-16_50_46
Normalisation: False
Template Matching: True
Optimising Autoencoder: True
Update Factor: 100
Noisy Batches: True
Noisy Factor: 0.1
Epochs: 8
Batch Size: 1
maximal Spikes for Autoencoder Training : 700
maximal Spikes for Training: 1000
Input Size: 47
Chosen Model: Autoencoder
Autoencoder(
  (encoder): Sequential(
    (0): Linear(in_features=47, out_features=12, bias=True)
    (1): LeakyReLU(negative_slope=0.01)
    (2): Linear(in_features=12, out_features=2, bias=True)
  )
  (decoder): Sequential(
    (0): Linear(in_features=2, out_features=12, bias=True)
    (1): LeakyReLU(negative_slope=0.01)
    (2): Linear(in_features=12, out_features=47, bias=True)
  )
)
MSELoss()
Adam (
Parameter Group 0
    amsgrad: False
    betas: (0.9, 0.999)
    capturable: False
    differentiable: False
    eps: 1e-08
    foreach: None
    fused: False
    lr: 0.001
    maximize: False
    weight_decay: 0
)
---Q Learning Parameters---
Normalisation: False
Punishment Coefficient: 0.7
Alpha: 0.8
Epsilon: 0.01
Gamma: 0.97
Initial Episode Number: 0
Episode Number Coefficient: 1.4
Number of Random Features: 20
Planning Number: 20
Max Random Features: 60
New Episode Number: 72
New Episode Number: 143
New Episode Number: 215
New Episode Number: 286
New Episode Number: 358
New Episode Number: 429
New Episode Number: 500
New Episode Number: 572
New Episode Number: 643
New Episode Number: 715
New Episode Number: 786
                0     1      2      3      4   ...     7      8      9      10    11
new_cluster -10.51 -9.44 -24.28 -37.19 -18.01  ... -13.06 -11.78 -16.15 -10.62 -9.61
c1          -10.52 -9.91 -25.54 -34.18 -17.72  ... -13.07 -12.40 -16.66 -10.54 -9.53
c2          -10.51 -9.44 -24.39 -35.70 -17.05  ... -12.73 -12.27 -17.61 -10.62 -9.61
c3          -10.50 -9.65 -24.19 -34.76 -17.33  ... -13.06 -11.95 -16.47 -10.53 -9.52
c4          -10.51 -9.48 -24.62 -35.94 -18.16  ... -12.70 -11.78 -16.05 -10.62 -9.58
c5          -10.52 -9.50 -23.48 -33.49 -17.79  ... -12.49 -12.00 -16.31 -10.53 -9.53
c6          -10.53 -9.47 -23.65 -35.23 -17.71  ... -12.92 -12.26 -16.16 -10.55 -9.54
c7          -10.58 -9.50 -24.59 -35.10 -17.50  ... -13.40 -11.99 -17.06 -10.56 -9.57
c8          -10.51 -9.54 -24.68 -34.97 -18.48  ... -12.90 -12.29 -16.47 -10.53 -9.55
c9          -10.52 -9.35 -24.58 -35.63 -18.26  ... -12.65 -12.30 -16.78 -10.54 -9.57
c10         -10.52 -9.25 -24.09 -34.21 -17.43  ... -12.83 -12.14 -16.27 -10.54 -9.53
c11         -10.50 -9.28 -23.39 -34.06 -17.90  ... -12.32 -12.21 -16.89 -10.66 -9.63

[12 rows x 12 columns]
\begin{tabular}{lrrrrrrrrrrrr}
\toprule
{} &     0  &    1  &     2  &     3  &     4  &    5  &     6  &     7  &     8  &     9  &     10 &    11 \\
\midrule
new\_cluster & -10.51 & -9.44 & -24.28 & -37.19 & -18.01 & -8.81 & -24.16 & -13.06 & -11.78 & -16.15 & -10.62 & -9.61 \\
c1          & -10.52 & -9.91 & -25.54 & -34.18 & -17.72 & -8.78 & -25.01 & -13.07 & -12.40 & -16.66 & -10.54 & -9.53 \\
c2          & -10.51 & -9.44 & -24.39 & -35.70 & -17.05 & -8.70 & -25.53 & -12.73 & -12.27 & -17.61 & -10.62 & -9.61 \\
c3          & -10.50 & -9.65 & -24.19 & -34.76 & -17.33 & -8.56 & -24.66 & -13.06 & -11.95 & -16.47 & -10.53 & -9.52 \\
c4          & -10.51 & -9.48 & -24.62 & -35.94 & -18.16 & -8.69 & -24.11 & -12.70 & -11.78 & -16.05 & -10.62 & -9.58 \\
c5          & -10.52 & -9.50 & -23.48 & -33.49 & -17.79 & -8.68 & -23.80 & -12.49 & -12.00 & -16.31 & -10.53 & -9.53 \\
c6          & -10.53 & -9.47 & -23.65 & -35.23 & -17.71 & -8.58 & -22.42 & -12.92 & -12.26 & -16.16 & -10.55 & -9.54 \\
c7          & -10.58 & -9.50 & -24.59 & -35.10 & -17.50 & -8.75 & -24.73 & -13.40 & -11.99 & -17.06 & -10.56 & -9.57 \\
c8          & -10.51 & -9.54 & -24.68 & -34.97 & -18.48 & -8.77 & -23.33 & -12.90 & -12.29 & -16.47 & -10.53 & -9.55 \\
c9          & -10.52 & -9.35 & -24.58 & -35.63 & -18.26 & -8.78 & -24.45 & -12.65 & -12.30 & -16.78 & -10.54 & -9.57 \\
c10         & -10.52 & -9.25 & -24.09 & -34.21 & -17.43 & -8.83 & -24.48 & -12.83 & -12.14 & -16.27 & -10.54 & -9.53 \\
c11         & -10.50 & -9.28 & -23.39 & -34.06 & -17.90 & -8.66 & -23.29 & -12.32 & -12.21 & -16.89 & -10.66 & -9.63 \\
\bottomrule
\end{tabular}

                               0            1   ...            10            11
new_cluster  [-1.96, new_cluster]  [-0.73, c1]  ...  [-1.96, c10]  [-0.98, c11]
c1           [-1.96, new_cluster]  [-1.16, c1]  ...  [-1.96, c10]  [-0.98, c11]
c2           [-1.96, new_cluster]  [-0.85, c1]  ...  [-1.96, c10]  [-0.98, c11]
c3           [-1.96, new_cluster]  [-0.92, c1]  ...  [-1.96, c10]  [-0.98, c11]
c4           [-1.96, new_cluster]  [-0.83, c1]  ...  [-1.96, c10]  [-0.98, c11]
c5           [-1.96, new_cluster]  [-0.89, c1]  ...  [-1.96, c10]  [-0.98, c11]
c6           [-1.96, new_cluster]  [-0.74, c1]  ...  [-1.96, c10]  [-0.98, c11]
c7           [-1.96, new_cluster]  [-0.91, c1]  ...  [-1.96, c10]  [-0.98, c11]
c8           [-1.96, new_cluster]  [-0.81, c1]  ...  [-1.96, c10]  [-0.98, c11]
c9           [-1.96, new_cluster]  [-0.73, c1]  ...  [-1.96, c10]  [-0.98, c11]
c10          [-1.96, new_cluster]  [-0.67, c1]  ...  [-1.96, c10]  [-0.98, c11]
c11          [-1.96, new_cluster]  [-0.66, c1]  ...  [-1.96, c10]  [-0.98, c11]

[12 rows x 12 columns]
\begin{tabular}{lllllllllllll}
\toprule
{} &                    0  &           1  &            2  &            3  &            4  &           5  &            6  &           7  &           8  &           9  &            10 &            11 \\
\midrule
new\_cluster &  [-1.96, new\_cluster] &  [-0.73, c1] &  [-15.84, c2] &  [-28.87, c3] &   [-9.42, c4] &   [-0.3, c5] &  [-15.69, c6] &  [-4.51, c7] &  [-3.23, c8] &  [-7.64, c9] &  [-1.96, c10] &  [-0.98, c11] \\
c1          &  [-1.96, new\_cluster] &  [-1.16, c1] &  [-16.92, c2] &  [-25.86, c3] &   [-9.11, c4] &  [-0.34, c5] &  [-16.68, c6] &  [-4.59, c7] &  [-3.73, c8] &  [-8.07, c9] &  [-1.96, c10] &  [-0.98, c11] \\
c2          &  [-1.96, new\_cluster] &  [-0.85, c1] &  [-15.76, c2] &  [-27.37, c3] &   [-8.59, c4] &   [-0.3, c5] &  [-17.08, c6] &  [-4.21, c7] &  [-3.75, c8] &  [-9.02, c9] &  [-1.96, c10] &  [-0.98, c11] \\
c3          &  [-1.96, new\_cluster] &  [-0.92, c1] &  [-15.56, c2] &  [-26.35, c3] &   [-8.74, c4] &  [-0.25, c5] &   [-16.2, c6] &  [-4.52, c7] &  [-3.22, c8] &  [-7.87, c9] &  [-1.96, c10] &  [-0.98, c11] \\
c4          &  [-1.96, new\_cluster] &  [-0.83, c1] &  [-16.08, c2] &  [-27.53, c3] &   [-9.69, c4] &  [-0.26, c5] &  [-15.69, c6] &  [-4.22, c7] &   [-3.1, c8] &  [-7.52, c9] &  [-1.96, c10] &  [-0.98, c11] \\
c5          &  [-1.96, new\_cluster] &  [-0.89, c1] &  [-14.85, c2] &  [-25.08, c3] &    [-9.2, c4] &  [-0.29, c5] &  [-15.33, c6] &  [-3.94, c7] &  [-3.29, c8] &  [-7.79, c9] &  [-1.96, c10] &  [-0.98, c11] \\
c6          &  [-1.96, new\_cluster] &  [-0.74, c1] &  [-15.17, c2] &  [-26.91, c3] &   [-9.11, c4] &  [-0.15, c5] &  [-13.97, c6] &  [-4.43, c7] &  [-3.72, c8] &  [-7.63, c9] &  [-1.96, c10] &  [-0.98, c11] \\
c7          &  [-1.96, new\_cluster] &  [-0.91, c1] &  [-15.96, c2] &  [-26.75, c3] &   [-8.91, c4] &   [-0.2, c5] &  [-16.38, c6] &  [-4.89, c7] &   [-3.3, c8] &  [-8.54, c9] &  [-1.96, c10] &  [-0.98, c11] \\
c8          &  [-1.96, new\_cluster] &  [-0.81, c1] &  [-16.25, c2] &  [-26.64, c3] &  [-10.01, c4] &  [-0.33, c5] &  [-14.87, c6] &  [-4.43, c7] &  [-3.56, c8] &  [-7.95, c9] &  [-1.96, c10] &  [-0.98, c11] \\
c9          &  [-1.96, new\_cluster] &  [-0.73, c1] &  [-15.95, c2] &  [-27.21, c3] &   [-9.69, c4] &  [-0.27, c5] &  [-15.99, c6] &  [-4.15, c7] &  [-3.62, c8] &  [-8.25, c9] &  [-1.96, c10] &  [-0.98, c11] \\
c10         &  [-1.96, new\_cluster] &  [-0.67, c1] &  [-15.65, c2] &   [-25.9, c3] &   [-8.84, c4] &  [-0.36, c5] &  [-16.13, c6] &  [-4.29, c7] &  [-3.46, c8] &  [-7.74, c9] &  [-1.96, c10] &  [-0.98, c11] \\
c11         &  [-1.96, new\_cluster] &  [-0.66, c1] &  [-14.95, c2] &  [-25.73, c3] &    [-9.3, c4] &  [-0.25, c5] &  [-14.87, c6] &  [-3.88, c7] &   [-3.7, c8] &  [-8.38, c9] &  [-1.96, c10] &  [-0.98, c11] \\
\bottomrule
\end{tabular}

