Seed: 0
Experiment_path: AE_Model_2/Epochs_2_4_6_8_20/02_Experiment_05_Epochs
Dataset_Path: ../_00_Datasets/03_SimDaten_Quiroga2020/C_Easy2_noise005.mat
Dataset_name: ['03_SimDaten_Quiroga2020', 'C_Easy2_noise005.mat']
Variant_name: V05_Online_AE_QL
Visualisation_Path: AE_Model_2/Epochs_2_4_6_8_20/02_Experiment_05_Epochs/C_Easy2_noise005.mat/V05_Online_AE_QL/2023_05_11-01_17_57
Normalisation: False
Template Matching: False
Optimising Autoencoder: False
Update Factor: 1
Noisy Batches: False
Noisy Factor: 0.001
Epochs: 2
Batch Size: 1
maximal Spikes for Autoencoder Training : 700
maximal Spikes for Training: 1000
Input Size: 47
Chosen Model: Convolutional Autoencoder
ConvolutionalAutoencoder(
  (encoder): Sequential(
    (0): Conv1d(1, 6, kernel_size=(6,), stride=(1,))
    (1): LeakyReLU(negative_slope=0.01)
    (2): Conv1d(6, 1, kernel_size=(6,), stride=(1,))
    (3): Flatten(start_dim=1, end_dim=-1)
    (4): Linear(in_features=37, out_features=2, bias=True)
  )
  (decoder): Sequential(
    (0): ConvTranspose1d(1, 6, kernel_size=(6,), stride=(1,))
    (1): LeakyReLU(negative_slope=0.01)
    (2): ConvTranspose1d(6, 1, kernel_size=(6,), stride=(1,))
    (3): Flatten(start_dim=1, end_dim=-1)
    (4): Linear(in_features=12, out_features=47, bias=True)
  )
)
MSELoss()
Adam (
Parameter Group 0
    amsgrad: False
    betas: (0.9, 0.999)
    capturable: False
    differentiable: False
    eps: 1e-08
    foreach: None
    fused: False
    lr: 0.001
    maximize: False
    weight_decay: 0
)
---Q Learning Parameters---
Normalisation: False
Punishment Coefficient: 1.1
Alpha: 0.8
Epsilon: 0.01
Gamma: 0.97
Initial Episode Number: 0
Episode Number Coefficient: 1.4
Number of Random Features: 20
Planning Number: 20
Max Random Features: 60
New Episode Number: 72
New Episode Number: 143
New Episode Number: 215
New Episode Number: 286
New Episode Number: 358
New Episode Number: 429
New Episode Number: 500
New Episode Number: 572
                0      1     2     3     4     5      6      7     8
new_cluster -5.37 -35.35 -8.83 -0.52 -7.36 -6.25 -14.16 -72.53 -8.38
c1          -5.37 -34.73 -8.44 -0.55 -7.61 -5.58 -14.17 -72.53 -8.39
c2          -5.37 -33.98 -8.51 -0.56 -6.98 -7.73 -14.18 -72.53 -8.41
c3          -5.37 -34.95 -8.67 -0.53 -8.39 -6.62 -14.19 -72.53 -8.39
c4          -5.37 -34.63 -8.48 -0.54 -7.97 -5.58 -14.21 -72.53 -8.39
c5          -5.37 -34.65 -8.44 -0.54 -7.70 -6.29 -14.18 -72.53 -8.39
c6          -5.37 -34.50 -8.96 -0.53 -8.31 -6.28 -14.16 -72.53 -8.38
c7          -5.39 -32.74 -8.93 -0.53 -7.36 -6.96 -14.19 -72.53 -8.39
c8          -5.37 -34.19 -8.39 -0.52 -8.47 -5.93 -14.18 -72.53 -8.39
\begin{tabular}{lrrrrrrrrr}
\toprule
{} &     0 &      1 &     2 &     3 &     4 &     5 &      6 &      7 &     8 \\
\midrule
new\_cluster & -5.37 & -35.35 & -8.83 & -0.52 & -7.36 & -6.25 & -14.16 & -72.53 & -8.38 \\
c1          & -5.37 & -34.73 & -8.44 & -0.55 & -7.61 & -5.58 & -14.17 & -72.53 & -8.39 \\
c2          & -5.37 & -33.98 & -8.51 & -0.56 & -6.98 & -7.73 & -14.18 & -72.53 & -8.41 \\
c3          & -5.37 & -34.95 & -8.67 & -0.53 & -8.39 & -6.62 & -14.19 & -72.53 & -8.39 \\
c4          & -5.37 & -34.63 & -8.48 & -0.54 & -7.97 & -5.58 & -14.21 & -72.53 & -8.39 \\
c5          & -5.37 & -34.65 & -8.44 & -0.54 & -7.70 & -6.29 & -14.18 & -72.53 & -8.39 \\
c6          & -5.37 & -34.50 & -8.96 & -0.53 & -8.31 & -6.28 & -14.16 & -72.53 & -8.38 \\
c7          & -5.39 & -32.74 & -8.93 & -0.53 & -7.36 & -6.96 & -14.19 & -72.53 & -8.39 \\
c8          & -5.37 & -34.19 & -8.39 & -0.52 & -8.47 & -5.93 & -14.18 & -72.53 & -8.39 \\
\bottomrule
\end{tabular}

                                0             1  ...             7            8
new_cluster  [-4.84, new_cluster]  [-34.82, c1]  ...  [-71.99, c7]  [-7.87, c8]
c1           [-4.84, new_cluster]   [-34.2, c1]  ...  [-71.99, c7]  [-7.87, c8]
c2           [-4.84, new_cluster]  [-33.44, c1]  ...  [-71.99, c7]  [-7.87, c8]
c3           [-4.84, new_cluster]   [-34.4, c1]  ...  [-71.99, c7]  [-7.87, c8]
c4           [-4.84, new_cluster]   [-34.1, c1]  ...  [-71.99, c7]  [-7.87, c8]
c5           [-4.84, new_cluster]  [-34.08, c1]  ...  [-71.99, c7]  [-7.87, c8]
c6           [-4.84, new_cluster]  [-33.94, c1]  ...  [-71.99, c7]  [-7.87, c8]
c7           [-4.84, new_cluster]  [-32.19, c1]  ...  [-71.99, c7]  [-7.87, c8]
c8           [-4.84, new_cluster]  [-33.64, c1]  ...  [-71.99, c7]  [-7.87, c8]

[9 rows x 9 columns]
\begin{tabular}{llllllllll}
\toprule
{} &                     0 &             1 &            2 &            3 &            4 &            5 &             6 &             7 &            8 \\
\midrule
new\_cluster &  [-4.84, new\_cluster] &  [-34.82, c1] &  [-8.28, c2] &   [-0.0, c3] &  [-6.84, c4] &  [-5.72, c5] &  [-13.64, c6] &  [-71.99, c7] &  [-7.87, c8] \\
c1          &  [-4.84, new\_cluster] &   [-34.2, c1] &  [-7.89, c2] &  [-0.02, c3] &  [-7.09, c4] &  [-5.04, c5] &  [-13.64, c6] &  [-71.99, c7] &  [-7.87, c8] \\
c2          &  [-4.84, new\_cluster] &  [-33.44, c1] &  [-7.96, c2] &  [-0.02, c3] &  [-6.46, c4] &  [-7.21, c5] &  [-13.64, c6] &  [-71.99, c7] &  [-7.87, c8] \\
c3          &  [-4.84, new\_cluster] &   [-34.4, c1] &  [-8.12, c2] &  [-0.02, c3] &  [-7.85, c4] &  [-6.09, c5] &  [-13.64, c6] &  [-71.99, c7] &  [-7.87, c8] \\
c4          &  [-4.84, new\_cluster] &   [-34.1, c1] &  [-7.92, c2] &  [-0.02, c3] &  [-7.43, c4] &  [-5.05, c5] &  [-13.64, c6] &  [-71.99, c7] &  [-7.87, c8] \\
c5          &  [-4.84, new\_cluster] &  [-34.08, c1] &  [-7.89, c2] &  [-0.02, c3] &  [-7.17, c4] &  [-5.77, c5] &  [-13.64, c6] &  [-71.99, c7] &  [-7.87, c8] \\
c6          &  [-4.84, new\_cluster] &  [-33.94, c1] &  [-8.41, c2] &   [-0.0, c3] &  [-7.78, c4] &  [-5.76, c5] &  [-13.64, c6] &  [-71.99, c7] &  [-7.87, c8] \\
c7          &  [-4.84, new\_cluster] &  [-32.19, c1] &  [-8.39, c2] &  [-0.01, c3] &  [-6.83, c4] &  [-6.43, c5] &  [-13.64, c6] &  [-71.99, c7] &  [-7.87, c8] \\
c8          &  [-4.84, new\_cluster] &  [-33.64, c1] &  [-7.85, c2] &   [-0.0, c3] &  [-7.94, c4] &   [-5.4, c5] &  [-13.64, c6] &  [-71.99, c7] &  [-7.87, c8] \\
\bottomrule
\end{tabular}

