Seed: 4
Experiment_path: Random_Seeds//V5/Experiment_05_4
Dataset_Path: ../_00_Datasets/03_SimDaten_Quiroga2020/C_Easy1_noise015.mat
Dataset_name: ['03_SimDaten_Quiroga2020', 'C_Easy1_noise015.mat']
Variant_name: Variant_05_Online_Autoencoder_QLearning
Visualisation_Path: Random_Seeds//V5/Experiment_05_4/C_Easy1_noise015.mat/Variant_05_Online_Autoencoder_QLearning/2023_04_15-12_42_39
Normalisation: False
Template Matching: False
Optimising Autoencoder: False
Update Factor: 100
Noisy Batches: False
Noisy Factor: 0.1
Epochs: 8
Batch Size: 1
maximal Spikes for Autoencoder Training : 700
maximal Spikes for Training: 1000
Input Size: 47
Chosen Model: Autoencoder
Autoencoder(
  (encoder): Sequential(
    (0): Linear(in_features=47, out_features=12, bias=True)
    (1): LeakyReLU(negative_slope=0.01)
    (2): Linear(in_features=12, out_features=2, bias=True)
  )
  (decoder): Sequential(
    (0): Linear(in_features=2, out_features=12, bias=True)
    (1): LeakyReLU(negative_slope=0.01)
    (2): Linear(in_features=12, out_features=47, bias=True)
  )
)
MSELoss()
Adam (
Parameter Group 0
    amsgrad: False
    betas: (0.9, 0.999)
    capturable: False
    differentiable: False
    eps: 1e-08
    foreach: None
    fused: False
    lr: 0.001
    maximize: False
    weight_decay: 0
)
---Q Learning Parameters---
Normalisation: False
Punishment Coefficient: 0.9
Alpha: 0.8
Epsilon: 0.01
Gamma: 0.97
Initial Episode Number: 0
Episode Number Coefficient: 1.4
Number of Random Features: 20
Planning Number: 20
Max Random Features: 60
New Episode Number: 72
New Episode Number: 143
New Episode Number: 215
New Episode Number: 286
                 0      1      2     3      4
new_cluster -12.69 -14.35 -12.37 -9.74 -19.52
c1          -12.69 -14.45 -12.25 -9.77 -19.52
c2          -12.68 -14.36 -12.40 -9.76 -19.52
c3          -12.69 -14.44 -12.01 -9.82 -19.38
c4          -12.69 -14.34 -12.18 -9.80 -19.52
\begin{tabular}{lrrrrr}
\toprule
{} &      0 &      1 &      2 &     3 &      4 \\
\midrule
new\_cluster & -12.69 & -14.35 & -12.37 & -9.74 & -19.52 \\
c1          & -12.69 & -14.45 & -12.25 & -9.77 & -19.52 \\
c2          & -12.68 & -14.36 & -12.40 & -9.76 & -19.52 \\
c3          & -12.69 & -14.44 & -12.01 & -9.82 & -19.38 \\
c4          & -12.69 & -14.34 & -12.18 & -9.80 & -19.52 \\
\bottomrule
\end{tabular}

                                0            1  ...            3             4
new_cluster  [-3.24, new_cluster]  [-4.87, c1]  ...  [-0.23, c3]  [-10.05, c4]
c1           [-3.24, new_cluster]  [-5.01, c1]  ...  [-0.24, c3]  [-10.05, c4]
c2           [-3.24, new_cluster]  [-4.89, c1]  ...  [-0.26, c3]  [-10.05, c4]
c3           [-3.24, new_cluster]  [-4.97, c1]  ...  [-0.24, c3]  [-10.05, c4]
c4           [-3.24, new_cluster]  [-4.86, c1]  ...  [-0.28, c3]  [-10.05, c4]

[5 rows x 5 columns]
\begin{tabular}{llllll}
\toprule
{} &                     0 &            1 &            2 &            3 &             4 \\
\midrule
new\_cluster &  [-3.24, new\_cluster] &  [-4.87, c1] &   [-2.9, c2] &  [-0.23, c3] &  [-10.05, c4] \\
c1          &  [-3.24, new\_cluster] &  [-5.01, c1] &  [-2.79, c2] &  [-0.24, c3] &  [-10.05, c4] \\
c2          &  [-3.24, new\_cluster] &  [-4.89, c1] &  [-2.94, c2] &  [-0.26, c3] &  [-10.05, c4] \\
c3          &  [-3.24, new\_cluster] &  [-4.97, c1] &  [-2.55, c2] &  [-0.24, c3] &  [-10.05, c4] \\
c4          &  [-3.24, new\_cluster] &  [-4.86, c1] &  [-2.71, c2] &  [-0.28, c3] &  [-10.05, c4] \\
\bottomrule
\end{tabular}

