Seed: 0
Experiment_path: Base_Line_W_PC//1.1/Experiment_04
Dataset_Path: ../_00_Datasets/03_SimDaten_Quiroga2020/C_Drift_Easy2_noise015.mat
Dataset_name: ['03_SimDaten_Quiroga2020', 'C_Drift_Easy2_noise015.mat']
Variant_name: Variant_04_Offline_Autoencoder_QLearning
Visualisation_Path: Base_Line_W_PC//1.1/Experiment_04/C_Drift_Easy2_noise015.mat/Variant_04_Offline_Autoencoder_QLearning/2023_04_09-19_52_26
Split Ratio: 0.9
Epochs: 8
Batch Size: 1
Input Size: 47
Number of Features: 2
Chosen Model: Autoencoder
Autoencoder(
  (encoder): Sequential(
    (0): Linear(in_features=47, out_features=12, bias=True)
    (1): LeakyReLU(negative_slope=0.01)
    (2): Linear(in_features=12, out_features=2, bias=True)
  )
  (decoder): Sequential(
    (0): Linear(in_features=2, out_features=12, bias=True)
    (1): LeakyReLU(negative_slope=0.01)
    (2): Linear(in_features=12, out_features=47, bias=True)
  )
)
MSELoss()
Adam (
Parameter Group 0
    amsgrad: False
    betas: (0.9, 0.999)
    capturable: False
    differentiable: False
    eps: 1e-08
    foreach: None
    fused: False
    lr: 0.001
    maximize: False
    weight_decay: 0
)
---Q Learning Parameters---
Normalisation: False
Punishment Coefficient: 1.1
Alpha: 0.8
Epsilon: 0.01
Gamma: 0.97
Initial Episode Number: 0
Episode Number Coefficient: 1.4
Number of Random Features: 20
Planning Number: 20
Max Random Features: 60
New Episode Number: 72
New Episode Number: 143
New Episode Number: 215
                 0     1     2      3
new_cluster -12.40 -9.72 -7.71 -14.45
c1          -12.32 -9.31 -7.70 -14.65
c2          -12.33 -9.75 -7.63 -14.53
c3          -12.33 -8.67 -7.75 -13.99
\begin{tabular}{lrrrr}
\toprule
{} &      0 &     1 &     2 &      3 \\
\midrule
new\_cluster & -12.40 & -9.72 & -7.71 & -14.45 \\
c1          & -12.32 & -9.31 & -7.70 & -14.65 \\
c2          & -12.33 & -9.75 & -7.63 & -14.53 \\
c3          & -12.33 & -8.67 & -7.75 & -13.99 \\
\bottomrule
\end{tabular}

                                0            1            2            3
new_cluster  [-4.84, new_cluster]  [-2.25, c1]  [-0.19, c2]  [-6.91, c3]
c1           [-4.84, new_cluster]  [-1.84, c1]  [-0.24, c2]  [-7.02, c3]
c2           [-4.84, new_cluster]  [-2.27, c1]  [-0.16, c2]  [-6.89, c3]
c3           [-4.84, new_cluster]  [-1.17, c1]  [-0.33, c2]  [-6.35, c3]
\begin{tabular}{lllll}
\toprule
{} &                     0 &            1 &            2 &            3 \\
\midrule
new\_cluster &  [-4.84, new\_cluster] &  [-2.25, c1] &  [-0.19, c2] &  [-6.91, c3] \\
c1          &  [-4.84, new\_cluster] &  [-1.84, c1] &  [-0.24, c2] &  [-7.02, c3] \\
c2          &  [-4.84, new\_cluster] &  [-2.27, c1] &  [-0.16, c2] &  [-6.89, c3] \\
c3          &  [-4.84, new\_cluster] &  [-1.17, c1] &  [-0.33, c2] &  [-6.35, c3] \\
\bottomrule
\end{tabular}

