Seed: 0
Experiment_path: Experiment_07
Dataset_Path: ../_00_Datasets/03_SimDaten_Quiroga2020/C_Easy1_noise005.mat
Dataset_name: ['03_SimDaten_Quiroga2020', 'C_Easy1_noise005.mat']
Variant_name: Variant_05_Online_Autoencoder_QLearning_opt_temp
Visualisation_Path: AE_Model_2/Grid_Search_PC//V5_2/C_Easy1_noise005.mat/Variant_05_Online_Autoencoder_QLearning_opt_temp/2023_05_03-20_10_16
Normalisation: False
Template Matching: True
Optimising Autoencoder: True
Update Factor: 1
Noisy Batches: False
Noisy Factor: 0.001
Epochs: 8
Batch Size: 1
maximal Spikes for Autoencoder Training : 700
maximal Spikes for Training: 1000
Input Size: 47
Chosen Model: Convolutional Autoencoder
ConvolutionalAutoencoder(
  (encoder): Sequential(
    (0): Conv1d(1, 6, kernel_size=(6,), stride=(1,))
    (1): LeakyReLU(negative_slope=0.01)
    (2): Conv1d(6, 1, kernel_size=(6,), stride=(1,))
    (3): Flatten(start_dim=1, end_dim=-1)
    (4): Linear(in_features=37, out_features=2, bias=True)
  )
  (decoder): Sequential(
    (0): ConvTranspose1d(1, 6, kernel_size=(6,), stride=(1,))
    (1): LeakyReLU(negative_slope=0.01)
    (2): ConvTranspose1d(6, 1, kernel_size=(6,), stride=(1,))
    (3): Flatten(start_dim=1, end_dim=-1)
    (4): Linear(in_features=12, out_features=47, bias=True)
  )
)
MSELoss()
Adam (
Parameter Group 0
    amsgrad: False
    betas: (0.9, 0.999)
    capturable: False
    differentiable: False
    eps: 1e-08
    foreach: None
    fused: False
    lr: 0.001
    maximize: False
    weight_decay: 0
)
---Q Learning Parameters---
Normalisation: False
Punishment Coefficient: 0.7
Alpha: 0.8
Epsilon: 0.01
Gamma: 0.97
Initial Episode Number: 0
Episode Number Coefficient: 1.4
Number of Random Features: 20
Planning Number: 20
Max Random Features: 60
New Episode Number: 72
New Episode Number: 143
New Episode Number: 215
New Episode Number: 286
New Episode Number: 358
New Episode Number: 429
New Episode Number: 500
New Episode Number: 572
New Episode Number: 643
                0      1      2      3      4      5      6      7      8     9
new_cluster -6.00 -70.43 -16.79 -52.48 -32.95 -10.91 -54.23 -64.60 -55.60 -4.17
c1          -5.97 -69.80 -17.60 -53.94 -32.99 -11.36 -54.24 -64.59 -55.64 -4.08
c2          -6.00 -70.70 -17.48 -52.60 -34.40 -11.68 -54.24 -64.60 -55.65 -3.89
c3          -6.00 -66.57 -17.03 -54.05 -35.06 -10.87 -54.24 -64.59 -55.60 -4.18
c4          -6.00 -68.33 -17.35 -51.85 -33.08 -11.11 -54.24 -64.60 -55.60 -4.04
c5          -5.86 -70.33 -17.91 -53.20 -39.02 -10.61 -54.24 -64.60 -55.64 -4.24
c6          -6.00 -71.18 -17.69 -52.86 -26.49 -11.07 -54.24 -64.60 -55.60 -4.03
c7          -6.00 -70.53 -17.67 -54.49 -27.01 -10.95 -54.24 -64.60 -55.60 -4.09
c8          -5.97 -69.55 -17.17 -52.04 -38.41 -11.71 -54.24 -64.60 -55.64 -4.12
c9          -5.97 -70.65 -16.76 -52.50 -31.81 -11.93 -54.24 -64.59 -55.64 -4.12
\begin{tabular}{lrrrrrrrrrr}
\toprule
{} &     0 &      1 &      2 &      3 &      4 &      5 &      6 &      7 &      8 &     9 \\
\midrule
new\_cluster & -6.00 & -70.43 & -16.79 & -52.48 & -32.95 & -10.91 & -54.23 & -64.60 & -55.60 & -4.17 \\
c1          & -5.97 & -69.80 & -17.60 & -53.94 & -32.99 & -11.36 & -54.24 & -64.59 & -55.64 & -4.08 \\
c2          & -6.00 & -70.70 & -17.48 & -52.60 & -34.40 & -11.68 & -54.24 & -64.60 & -55.65 & -3.89 \\
c3          & -6.00 & -66.57 & -17.03 & -54.05 & -35.06 & -10.87 & -54.24 & -64.59 & -55.60 & -4.18 \\
c4          & -6.00 & -68.33 & -17.35 & -51.85 & -33.08 & -11.11 & -54.24 & -64.60 & -55.60 & -4.04 \\
c5          & -5.86 & -70.33 & -17.91 & -53.20 & -39.02 & -10.61 & -54.24 & -64.60 & -55.64 & -4.24 \\
c6          & -6.00 & -71.18 & -17.69 & -52.86 & -26.49 & -11.07 & -54.24 & -64.60 & -55.60 & -4.03 \\
c7          & -6.00 & -70.53 & -17.67 & -54.49 & -27.01 & -10.95 & -54.24 & -64.60 & -55.60 & -4.09 \\
c8          & -5.97 & -69.55 & -17.17 & -52.04 & -38.41 & -11.71 & -54.24 & -64.60 & -55.64 & -4.12 \\
c9          & -5.97 & -70.65 & -16.76 & -52.50 & -31.81 & -11.93 & -54.24 & -64.59 & -55.64 & -4.12 \\
\bottomrule
\end{tabular}

                                0             1  ...             8            9
new_cluster  [-1.96, new_cluster]  [-66.53, c1]  ...  [-51.65, c8]  [-0.07, c9]
c1           [-1.96, new_cluster]  [-65.82, c1]  ...  [-51.65, c8]  [-0.09, c9]
c2           [-1.96, new_cluster]  [-66.75, c1]  ...  [-51.65, c8]  [-0.08, c9]
c3           [-1.96, new_cluster]  [-62.62, c1]  ...  [-51.65, c8]  [-0.23, c9]
c4           [-1.96, new_cluster]  [-64.37, c1]  ...  [-51.65, c8]  [-0.08, c9]
c5           [-1.96, new_cluster]  [-66.43, c1]  ...  [-51.65, c8]  [-0.18, c9]
c6           [-1.96, new_cluster]  [-67.21, c1]  ...  [-51.65, c8]  [-0.08, c9]
c7           [-1.96, new_cluster]  [-66.62, c1]  ...  [-51.65, c8]  [-0.12, c9]
c8           [-1.96, new_cluster]  [-65.59, c1]  ...  [-51.65, c8]  [-0.08, c9]
c9           [-1.96, new_cluster]  [-66.75, c1]  ...  [-51.65, c8]  [-0.14, c9]

[10 rows x 10 columns]
\begin{tabular}{lllllllllll}
\toprule
{} &                     0 &             1 &             2 &             3 &             4 &            5 &             6 &             7 &             8 &            9 \\
\midrule
new\_cluster &  [-1.96, new\_cluster] &  [-66.53, c1] &  [-13.02, c2] &  [-48.34, c3] &  [-29.03, c4] &  [-6.79, c5] &  [-50.33, c6] &  [-60.63, c7] &  [-51.65, c8] &  [-0.07, c9] \\
c1          &  [-1.96, new\_cluster] &  [-65.82, c1] &  [-13.83, c2] &  [-49.83, c3] &  [-29.07, c4] &  [-7.24, c5] &  [-50.33, c6] &  [-60.63, c7] &  [-51.65, c8] &  [-0.09, c9] \\
c2          &  [-1.96, new\_cluster] &  [-66.75, c1] &  [-13.71, c2] &  [-48.47, c3] &  [-30.47, c4] &  [-7.59, c5] &  [-50.33, c6] &  [-60.63, c7] &  [-51.65, c8] &  [-0.08, c9] \\
c3          &  [-1.96, new\_cluster] &  [-62.62, c1] &  [-13.26, c2] &  [-49.99, c3] &  [-31.13, c4] &  [-6.76, c5] &  [-50.33, c6] &  [-60.63, c7] &  [-51.65, c8] &  [-0.23, c9] \\
c4          &  [-1.96, new\_cluster] &  [-64.37, c1] &  [-13.58, c2] &  [-47.69, c3] &  [-29.16, c4] &   [-7.0, c5] &  [-50.33, c6] &  [-60.63, c7] &  [-51.65, c8] &  [-0.08, c9] \\
c5          &  [-1.96, new\_cluster] &  [-66.43, c1] &  [-14.14, c2] &  [-49.34, c3] &  [-35.09, c4] &   [-6.5, c5] &  [-50.33, c6] &  [-60.63, c7] &  [-51.65, c8] &  [-0.18, c9] \\
c6          &  [-1.96, new\_cluster] &  [-67.21, c1] &  [-13.92, c2] &  [-48.89, c3] &  [-22.57, c4] &  [-6.98, c5] &  [-50.33, c6] &  [-60.63, c7] &  [-51.65, c8] &  [-0.08, c9] \\
c7          &  [-1.96, new\_cluster] &  [-66.62, c1] &  [-13.89, c2] &  [-50.42, c3] &   [-23.1, c4] &  [-6.84, c5] &  [-50.33, c6] &  [-60.63, c7] &  [-51.65, c8] &  [-0.12, c9] \\
c8          &  [-1.96, new\_cluster] &  [-65.59, c1] &   [-13.4, c2] &  [-47.91, c3] &  [-34.49, c4] &   [-7.6, c5] &  [-50.33, c6] &  [-60.63, c7] &  [-51.65, c8] &  [-0.08, c9] \\
c9          &  [-1.96, new\_cluster] &  [-66.75, c1] &  [-12.99, c2] &  [-48.44, c3] &  [-27.89, c4] &  [-7.82, c5] &  [-50.33, c6] &  [-60.63, c7] &  [-51.65, c8] &  [-0.14, c9] \\
\bottomrule
\end{tabular}

