Seed: 0
Experiment_path: AE_Model_2/Base_Line_W_PC//0.2/Experiment_04
Dataset_Path: ../_00_Datasets/03_SimDaten_Quiroga2020/C_Easy2_noise010.mat
Dataset_name: ['03_SimDaten_Quiroga2020', 'C_Easy2_noise010.mat']
Variant_name: Variant_04_Offline_Autoencoder_QLearning
Visualisation_Path: AE_Model_2/Base_Line_W_PC//0.2/Experiment_04/C_Easy2_noise010.mat/Variant_04_Offline_Autoencoder_QLearning/2023_04_23-17_27_23
Split Ratio: 0.9
Epochs: 8
Batch Size: 1
Input Size: 47
Number of Features: 2
Chosen Model: Convolutional Autoencoder
ConvolutionalAutoencoder(
  (encoder): Sequential(
    (0): Conv1d(1, 6, kernel_size=(6,), stride=(1,))
    (1): LeakyReLU(negative_slope=0.01)
    (2): Conv1d(6, 1, kernel_size=(6,), stride=(1,))
    (3): Flatten(start_dim=1, end_dim=-1)
    (4): Linear(in_features=37, out_features=2, bias=True)
  )
  (decoder): Sequential(
    (0): ConvTranspose1d(1, 6, kernel_size=(6,), stride=(1,))
    (1): LeakyReLU(negative_slope=0.01)
    (2): ConvTranspose1d(6, 1, kernel_size=(6,), stride=(1,))
    (3): Flatten(start_dim=1, end_dim=-1)
    (4): Linear(in_features=12, out_features=47, bias=True)
  )
)
MSELoss()
Adam (
Parameter Group 0
    amsgrad: False
    betas: (0.9, 0.999)
    capturable: False
    differentiable: False
    eps: 1e-08
    foreach: None
    fused: False
    lr: 0.001
    maximize: False
    weight_decay: 0
)
---Q Learning Parameters---
Normalisation: False
Punishment Coefficient: 0.2
Alpha: 0.8
Epsilon: 0.01
Gamma: 0.97
Initial Episode Number: 0
Episode Number Coefficient: 1.4
Number of Random Features: 20
Planning Number: 20
Max Random Features: 60
New Episode Number: 72
New Episode Number: 143
New Episode Number: 215
New Episode Number: 286
New Episode Number: 358
New Episode Number: 429
New Episode Number: 500
New Episode Number: 572
New Episode Number: 643
New Episode Number: 715
New Episode Number: 786
New Episode Number: 858
New Episode Number: 929
New Episode Number: 1000
New Episode Number: 1072
New Episode Number: 1143
New Episode Number: 1215
New Episode Number: 1286
New Episode Number: 1358
New Episode Number: 1429
New Episode Number: 1501
New Episode Number: 1572
New Episode Number: 1643
New Episode Number: 1715
New Episode Number: 1786
New Episode Number: 1858
New Episode Number: 1929
New Episode Number: 2000
New Episode Number: 2072
New Episode Number: 2143
New Episode Number: 2215
New Episode Number: 2286
New Episode Number: 2358
New Episode Number: 2429
New Episode Number: 2500
New Episode Number: 2572
New Episode Number: 2643
New Episode Number: 2715
New Episode Number: 2786
New Episode Number: 2858
New Episode Number: 2929
New Episode Number: 3001
New Episode Number: 3072
New Episode Number: 3143
New Episode Number: 3215
New Episode Number: 3286
New Episode Number: 3358
New Episode Number: 3429
               0      1     2     3      4   ...    44     45    46     47     48
new_cluster -2.34 -20.89 -2.35 -2.32 -17.36  ... -2.64 -18.83 -5.58 -28.51 -17.43
c1          -2.21 -21.40 -2.53 -2.27 -17.44  ... -2.90 -18.60 -5.58 -28.51 -17.48
c2          -2.34 -20.90 -2.61 -2.24 -17.29  ... -2.67 -18.93 -5.58 -28.51 -17.43
c3          -2.35 -20.93 -2.67 -2.23 -17.21  ... -2.67 -18.55 -5.58 -28.51 -17.48
c4          -2.34 -21.03 -2.61 -1.67 -17.95  ... -2.90 -18.62 -5.58 -28.51 -17.44
c5          -2.28 -20.53 -2.69 -2.24 -17.97  ... -2.94 -18.50 -5.58 -28.51 -17.44
c6          -2.29 -21.65 -2.65 -2.31 -17.73  ... -2.89 -18.58 -5.58 -28.51 -17.36
c7          -2.28 -20.86 -2.48 -1.64 -17.72  ... -2.62 -18.69 -5.58 -28.51 -17.49
c8          -2.23 -21.33 -2.66 -2.27 -17.07  ... -2.65 -18.77 -5.58 -28.51 -17.42
c9          -2.36 -21.58 -2.58 -2.02 -17.37  ... -2.67 -18.59 -5.58 -28.51 -17.39
c10         -2.36 -20.71 -2.52 -2.28 -17.33  ... -2.66 -18.79 -5.58 -28.51 -17.45
c11         -2.34 -20.62 -2.61 -2.29 -17.73  ... -2.89 -18.60 -5.58 -28.51 -17.45
c12         -2.38 -20.35 -2.66 -2.09 -17.62  ... -2.89 -18.71 -5.58 -28.51 -17.49
c13         -2.34 -20.71 -2.59 -2.32 -16.84  ... -2.67 -18.72 -5.58 -28.51 -17.48
c14         -2.32 -21.11 -2.61 -2.21 -17.69  ... -2.67 -18.48 -5.58 -28.51 -17.43
c15         -2.37 -20.69 -2.63 -2.18 -17.04  ... -2.89 -18.64 -5.58 -28.51 -17.45
c16         -2.37 -20.95 -2.68 -2.29 -17.28  ... -2.94 -18.81 -5.58 -28.51 -17.53
c17         -2.17 -21.01 -2.28 -2.31 -17.39  ... -2.67 -18.64 -5.58 -28.51 -17.52
c18         -2.29 -21.08 -2.58 -2.26 -17.97  ... -2.67 -18.67 -5.58 -28.51   0.00
c19         -2.36 -20.88 -2.63 -2.04 -17.29  ... -2.90 -18.58 -5.58 -28.51 -17.47
c20         -2.39 -20.75 -2.68 -2.31 -17.54  ... -2.94 -18.62 -5.58 -28.51 -17.35
c21         -2.34 -21.48 -2.55 -2.28 -17.74  ... -2.52 -18.48 -5.58 -28.51 -17.42
c22         -2.34 -20.85 -2.59 -2.32 -17.50  ... -2.61 -18.67 -5.58 -28.51 -17.55
c23         -2.28 -21.29 -2.61 -2.24 -17.65  ... -2.64 -18.75 -5.58 -28.51   0.00
c24         -1.95 -21.17 -2.57 -2.25 -17.57  ... -2.67 -18.91 -5.58 -28.51 -17.38
c25         -2.39 -20.84 -2.58 -2.25 -17.46  ... -2.65 -18.76 -5.58   0.00   0.00
c26         -2.29 -21.29 -2.56 -2.13 -17.48  ... -2.67 -18.68 -5.58 -28.51 -17.40
c27         -2.26 -20.89 -2.62 -2.26 -17.35  ... -2.89 -18.66 -5.58 -28.51 -17.42
c28         -2.21 -20.97 -2.59 -2.24 -17.68  ... -2.90 -18.90 -5.58 -28.51 -17.39
c29         -2.39 -20.95 -2.60 -2.28 -17.80  ... -2.67 -18.56 -5.58 -28.51 -17.51
c30         -2.37 -20.93 -2.12 -2.29 -17.81  ... -2.63 -18.53 -5.58 -28.51 -17.43
c31         -2.07 -20.93 -2.46 -2.10 -17.13  ... -2.89 -18.57 -5.58 -28.51 -17.42
c32         -2.16 -20.63 -2.20 -2.12 -17.27  ... -2.65 -18.75 -5.53 -28.51 -16.70
c33         -2.20 -21.01 -2.65 -2.21 -17.59  ... -2.67 -18.97 -5.58 -28.51 -17.45
c34         -2.26 -21.18 -2.65 -2.22 -17.53  ... -2.51 -18.54 -5.58 -28.51 -17.41
c35         -2.28 -20.41 -2.45 -2.15 -17.33  ... -2.64 -18.61 -5.58 -28.50 -17.41
c36         -2.22 -21.13 -2.54 -2.28 -17.87  ... -2.66 -18.61 -5.57 -28.51 -17.40
c37         -2.29 -21.64 -2.18 -2.01 -17.55  ... -2.67 -18.82 -5.58 -28.51   0.00
c38         -1.88 -20.89 -2.40 -2.26 -16.87  ... -2.89 -18.66 -5.57 -28.51   0.00
c39         -2.30 -21.22 -2.58 -1.71 -17.42  ... -2.89 -18.54 -5.58 -28.51 -17.34
c40         -2.27 -20.62 -2.61 -2.28 -17.46  ... -2.89 -18.60 -4.46 -22.81 -17.60
c41         -2.33 -20.51 -2.49 -2.23 -17.35  ... -2.67 -18.66 -4.46 -22.81   0.00
c42         -2.29 -20.90 -2.48 -1.71 -17.05  ... -2.67 -18.71 -4.46 -27.37   0.00
c43         -2.29 -21.24 -2.48 -2.27 -17.42  ... -2.89 -18.78 -5.35 -27.37   0.00
c44         -2.32 -21.30 -2.66 -2.09 -17.62  ... -2.90 -18.89 -5.58 -28.51 -17.51
c45         -2.27 -20.80 -2.67 -2.18 -17.43  ... -2.67 -17.96 -4.46   0.00   0.00
c46         -2.34 -21.47 -2.35 -2.26 -17.11  ... -2.90 -18.01 -4.46 -22.81   0.00
c47         -2.24 -21.67 -2.47 -2.16 -17.09  ... -2.14   0.00  0.00   0.00   0.00
c48         -2.34 -21.19 -2.26 -2.30 -17.94  ...  0.00   0.00  0.00   0.00   0.00

[49 rows x 49 columns]
\begin{tabular}{lrrrrrrrrrrrrrrrrrrrrrrrrrrrrrrrrrrrrrrrrrrrrrrrrr}
\toprule
{} &    0  &     1  &    2  &    3  &     4  &     5  &     6  &    7  &    8  &     9  &     10 &     11 &     12 &    13 &     14 &     15 &     16 &    17 &     18 &     19 &    20 &     21 &    22 &     23 &     24 &    25 &     26 &    27 &     28 &     29 &    30 &    31 &     32 &     33 &     34 &     35 &    36 &    37 &     38 &    39 &     40 &     41 &     42 &    43 &    44 &     45 &    46 &     47 &     48 \\
\midrule
new\_cluster & -2.34 & -20.89 & -2.35 & -2.32 & -17.36 & -17.11 & -24.57 & -7.11 & -2.35 & -18.44 & -22.07 & -15.92 & -30.69 & -2.37 & -13.18 & -24.92 & -24.03 & -2.51 & -16.92 & -22.62 & -2.30 & -20.90 & -2.36 & -17.28 & -33.05 & -7.52 & -23.15 & -3.48 & -28.63 & -28.19 & -6.31 & -2.57 & -15.09 & -39.99 & -15.15 & -37.89 & -3.20 & -9.24 & -27.38 & -2.99 & -13.36 & -33.57 & -13.91 & -2.72 & -2.64 & -18.83 & -5.58 & -28.51 & -17.43 \\
c1          & -2.21 & -21.40 & -2.53 & -2.27 & -17.44 & -15.67 & -24.00 & -7.01 & -2.27 & -18.45 & -21.58 & -16.08 & -30.89 & -2.19 & -13.14 & -23.66 & -24.75 & -2.56 & -17.11 & -22.95 & -2.26 & -20.67 & -2.25 & -17.09 & -32.84 & -5.03 & -23.10 & -3.84 & -28.46 & -27.91 & -6.24 & -2.59 & -16.43 & -38.42 & -17.17 & -38.16 & -3.14 & -9.24 & -27.38 & -3.14 & -11.56 & -33.57 & -13.91 & -2.72 & -2.90 & -18.60 & -5.58 & -28.51 & -17.48 \\
c2          & -2.34 & -20.90 & -2.61 & -2.24 & -17.29 & -16.65 & -25.05 & -7.15 & -2.36 & -18.44 & -21.79 & -16.41 & -30.69 & -2.30 & -12.87 & -24.61 & -24.98 & -2.65 & -16.42 & -23.42 & -2.32 & -19.59 & -2.47 & -16.43 & -32.75 & -5.90 & -23.51 & -3.59 & -28.51 & -28.21 & -6.29 & -2.42 & -19.00 & -39.99 & -16.55 & -38.16 & -3.15 & -9.24 & -27.38 & -3.16 & -13.39 & -33.57 & -13.91 & -2.72 & -2.67 & -18.93 & -5.58 & -28.51 & -17.43 \\
c3          & -2.35 & -20.93 & -2.67 & -2.23 & -17.21 & -16.08 & -25.12 & -7.08 & -2.51 & -18.48 & -22.03 & -16.24 & -30.93 & -2.33 & -13.08 & -25.33 & -24.85 & -2.64 & -17.07 & -22.90 & -2.33 & -20.52 & -2.46 & -16.83 & -32.33 & -5.33 & -25.15 & -3.84 & -28.22 & -28.22 & -6.29 & -2.59 & -18.71 & -40.52 & -17.10 & -38.16 & -3.29 & -9.24 & -27.38 & -3.09 & -13.36 & -33.57 & -13.91 & -2.72 & -2.67 & -18.55 & -5.58 & -28.51 & -17.48 \\
c4          & -2.34 & -21.03 & -2.61 & -1.67 & -17.95 & -17.10 & -25.04 & -7.21 & -2.55 & -17.86 & -21.85 & -16.21 & -30.93 & -2.31 & -12.98 & -24.53 & -24.10 & -2.43 & -17.18 & -23.22 & -1.98 & -20.60 & -2.48 & -16.83 & -33.03 & -5.72 & -24.03 & -4.02 & -28.63 & -27.82 & -6.25 & -2.50 & -14.07 & -39.99 & -16.87 & -38.17 & -3.32 & -9.24 & -27.38 & -3.04 & -12.96 & -33.57 & -13.91 & -2.72 & -2.90 & -18.62 & -5.58 & -28.51 & -17.44 \\
c5          & -2.28 & -20.53 & -2.69 & -2.24 & -17.97 & -16.86 & -25.18 & -7.08 & -2.39 & -18.14 & -21.97 & -16.15 & -30.95 & -2.38 & -12.94 & -25.08 & -24.71 & -2.56 & -17.02 & -23.36 & -2.28 & -20.69 & -2.11 & -16.81 & -32.79 & -6.38 & -25.11 & -3.61 & -28.38 & -27.97 & -6.30 & -2.49 & -19.73 & -40.44 & -16.97 & -38.12 & -3.23 & -9.24 & -27.38 & -3.09 & -13.32 & -33.57 & -13.91 & -2.72 & -2.94 & -18.50 & -5.58 & -28.51 & -17.44 \\
c6          & -2.29 & -21.65 & -2.65 & -2.31 & -17.73 & -16.84 & -24.73 & -6.98 & -2.19 & -18.23 & -21.65 & -15.78 & -30.99 & -2.27 & -12.97 & -24.99 & -24.86 & -2.51 & -16.75 & -22.84 & -2.29 & -20.58 & -2.40 & -16.67 & -32.32 & -5.75 & -24.61 & -4.02 & -28.54 & -28.25 & -6.29 & -2.57 & -19.04 & -39.99 & -15.17 & -37.89 & -3.26 & -9.24 & -27.38 & -2.80 & -13.22 & -33.57 & -13.91 & -2.72 & -2.89 & -18.58 & -5.58 & -28.51 & -17.36 \\
c7          & -2.28 & -20.86 & -2.48 & -1.64 & -17.72 & -16.54 & -24.79 & -7.17 & -2.64 & -18.67 & -21.80 & -16.18 & -31.01 & -2.36 & -13.27 & -25.30 & -24.34 & -2.55 & -16.80 & -23.16 & -1.74 & -21.01 & -2.45 & -16.78 & -32.74 & -4.33 & -24.96 & -3.69 & -28.60 & -27.90 & -6.25 & -2.60 & -18.40 & -40.50 & -16.87 & -38.12 & -3.33 & -9.24 & -27.38 & -2.94 & -12.81 & -33.57 & -13.91 & -2.72 & -2.62 & -18.69 & -5.58 & -28.51 & -17.49 \\
c8          & -2.23 & -21.33 & -2.66 & -2.27 & -17.07 & -16.72 & -25.05 & -6.94 & -2.63 & -18.42 & -21.78 & -15.91 & -31.00 & -2.28 & -13.26 & -24.86 & -24.62 & -2.52 & -16.69 & -22.48 & -2.23 & -20.81 & -2.42 & -16.60 & -32.55 & -5.11 & -27.50 & -3.62 & -28.59 & -27.75 & -6.30 & -2.61 & -16.19 & -40.50 & -17.10 & -37.89 & -2.44 & -9.24 & -27.38 & -3.00 & -13.27 & -33.57 & -13.91 & -2.72 & -2.65 & -18.77 & -5.58 & -28.51 & -17.42 \\
c9          & -2.36 & -21.58 & -2.58 & -2.02 & -17.37 & -17.14 & -24.38 & -7.07 & -2.55 & -18.44 & -21.87 & -15.88 & -30.99 & -2.28 & -13.14 & -24.92 & -24.73 & -2.56 & -16.91 & -22.91 & -2.22 & -20.68 & -2.30 & -17.27 & -33.07 & -4.78 & -20.81 & -3.84 & -28.60 & -27.78 & -6.29 & -2.50 & -18.28 & -40.44 & -16.76 & -38.12 & -3.31 & -9.24 & -27.38 & -3.09 & -13.18 & -33.57 & -13.91 & -2.72 & -2.67 & -18.59 & -5.58 & -28.51 & -17.39 \\
c10         & -2.36 & -20.71 & -2.52 & -2.28 & -17.33 & -16.56 & -24.43 & -7.19 & -2.55 & -18.15 & -21.25 & -16.40 & -31.01 & -2.27 & -13.06 & -24.96 & -25.29 & -2.22 & -17.16 & -22.75 & -2.33 & -20.66 & -2.34 & -16.37 & -32.40 & -3.37 & -27.54 & -3.77 & -28.63 & -28.01 & -6.28 & -2.58 & -16.59 & -40.37 & -15.35 & -38.16 & -3.28 & -9.24 & -27.38 & -3.00 & -13.21 & -33.57 & -13.91 & -2.72 & -2.66 & -18.79 & -5.58 & -28.51 & -17.45 \\
c11         & -2.34 & -20.62 & -2.61 & -2.29 & -17.73 & -16.57 & -24.83 & -7.11 & -2.08 & -18.53 & -22.16 & -16.25 & -30.99 & -2.23 & -13.08 & -24.91 & -24.62 & -2.46 & -16.77 & -23.64 & -2.31 & -20.83 & -2.37 & -17.09 & -32.71 & -3.34 & -25.87 & -4.01 & -28.43 & -27.76 & -6.29 & -2.58 & -16.83 & -40.36 & -17.37 & -37.89 & -3.21 & -9.24 & -27.38 & -2.80 & -11.42 & -33.57 & -13.91 & -2.72 & -2.89 & -18.60 & -5.58 & -28.51 & -17.45 \\
c12         & -2.38 & -20.35 & -2.66 & -2.09 & -17.62 & -17.06 & -24.85 & -7.15 & -2.57 & -18.48 & -21.88 & -16.31 & -31.00 & -2.18 & -13.12 & -24.76 & -24.32 & -2.53 & -16.96 & -23.43 & -2.32 & -20.64 & -2.34 & -16.71 & -32.84 & -4.40 & -25.05 & -3.83 & -28.58 & -28.01 & -6.02 & -2.52 & -20.72 & -40.30 & -16.86 & -37.89 & -3.32 & -9.24 & -27.38 & -3.04 & -13.29 & -33.57 & -13.91 & -2.72 & -2.89 & -18.71 & -5.58 & -28.51 & -17.49 \\
c13         & -2.34 & -20.71 & -2.59 & -2.32 & -16.84 & -16.58 & -24.94 & -7.24 & -2.52 & -18.07 & -21.57 & -16.45 & -30.90 & -2.35 & -12.97 & -25.09 & -23.81 & -2.51 & -17.47 & -23.04 & -2.33 & -20.64 & -2.34 & -16.76 & -32.47 & -4.34 & -25.08 & -3.77 & -28.38 & -28.47 & -6.29 & -2.61 & -18.79 & -39.99 & -17.29 & -38.12 & -3.14 & -9.24 & -27.38 & -3.09 & -12.88 & -33.57 & -13.91 & -2.72 & -2.67 & -18.72 & -5.58 & -28.51 & -17.48 \\
c14         & -2.32 & -21.11 & -2.61 & -2.21 & -17.69 & -16.58 & -25.34 & -7.09 & -2.52 & -18.47 & -22.06 & -16.13 & -31.00 & -2.11 & -13.47 & -25.21 & -24.27 & -2.54 & -17.10 & -23.00 & -2.16 & -20.59 & -2.22 & -16.52 & -32.80 & -3.84 & -29.12 & -3.79 & -28.22 & -27.91 & -6.30 & -2.57 & -17.90 & -40.27 & -16.59 & -37.89 & -3.31 & -9.24 & -27.38 & -2.93 & -13.05 & -33.57 & -13.91 & -2.72 & -2.67 & -18.48 & -5.58 & -28.51 & -17.43 \\
c15         & -2.37 & -20.69 & -2.63 & -2.18 & -17.04 & -17.19 & -24.63 & -6.93 & -2.57 & -18.49 & -21.69 & -15.59 & -30.69 & -2.09 & -13.15 & -25.02 & -24.10 & -2.50 & -17.34 & -22.83 & -2.24 & -20.52 & -2.32 & -16.51 & -33.33 & -4.61 & -23.17 & -3.84 & -28.46 & -28.32 & -6.25 & -2.60 & -17.05 & -39.99 & -17.32 & -38.16 & -3.28 & -9.24 & -27.38 & -3.06 & -13.38 & -33.57 & -13.91 & -2.72 & -2.89 & -18.64 & -5.58 & -28.51 & -17.45 \\
c16         & -2.37 & -20.95 & -2.68 & -2.29 & -17.28 & -16.77 & -23.79 & -7.03 & -2.34 & -18.79 & -21.61 & -15.65 & -30.67 & -2.29 & -13.42 & -24.99 & -24.37 & -2.55 & -17.07 & -22.98 & -2.19 & -20.67 & -2.47 & -16.62 & -32.75 & -5.27 & -24.50 & -2.62 & -28.63 & -27.93 & -6.28 & -2.61 & -19.27 & -40.30 & -17.06 & -38.12 & -2.72 & -9.24 & -27.38 & -3.04 & -13.28 & -33.57 & -13.91 & -2.72 & -2.94 & -18.81 & -5.58 & -28.51 & -17.53 \\
c17         & -2.17 & -21.01 & -2.28 & -2.31 & -17.39 & -16.34 & -25.14 & -7.20 & -2.50 & -18.56 & -21.92 & -16.04 & -30.96 & -2.35 & -13.20 & -24.83 & -24.45 & -2.50 & -16.66 & -23.18 & -2.32 & -20.62 & -1.89 & -17.02 & -32.48 & -4.48 & -26.75 & -3.79 & -28.59 & -27.59 & -6.45 & -1.48 & -20.05 & -40.30 & -16.45 & -38.12 & -3.33 & -9.24 & -27.38 & -2.96 & -11.47 & -33.57 & -13.91 & -2.72 & -2.67 & -18.64 & -5.58 & -28.51 & -17.52 \\
c18         & -2.29 & -21.08 & -2.58 & -2.26 & -17.97 & -16.33 & -24.82 & -7.28 & -2.63 & -18.34 & -21.82 & -16.61 & -30.56 & -2.19 & -13.20 & -24.68 & -24.37 & -2.17 & -16.52 & -23.48 & -2.32 & -20.54 & -2.31 & -16.56 & -32.64 & -3.56 & -26.06 & -3.77 & -28.22 & -28.00 & -6.31 & -2.04 & -21.15 & -40.52 & -14.98 & -38.16 & -3.29 & -9.24 & -27.38 & -3.06 & -11.59 & -33.57 & -13.91 & -2.72 & -2.67 & -18.67 & -5.58 & -28.51 &   0.00 \\
c19         & -2.36 & -20.88 & -2.63 & -2.04 & -17.29 & -16.66 & -24.20 & -7.17 & -1.39 & -18.08 & -21.99 & -16.61 & -30.97 & -2.30 & -13.42 & -25.05 & -24.13 & -2.61 & -16.92 & -23.15 & -2.26 & -20.00 & -2.43 & -17.10 & -32.56 & -5.82 & -24.92 & -3.83 & -28.61 & -27.68 & -6.31 & -2.59 & -22.20 & -40.29 & -16.83 & -38.12 & -3.20 & -9.24 & -27.38 & -3.02 & -13.39 & -33.57 & -13.91 & -2.72 & -2.90 & -18.58 & -5.58 & -28.51 & -17.47 \\
c20         & -2.39 & -20.75 & -2.68 & -2.31 & -17.54 & -16.65 & -24.99 & -6.36 & -2.38 & -18.04 & -21.43 & -15.62 & -30.54 & -2.31 & -13.26 & -24.66 & -24.70 & -2.57 & -17.19 & -23.04 & -2.32 & -20.80 & -2.45 & -16.68 & -32.61 & -5.95 & -28.88 & -3.46 & -28.36 & -28.09 & -6.47 & -2.60 & -20.03 & -40.30 & -17.28 & -37.89 & -3.31 & -9.24 & -27.38 & -3.04 & -13.45 & -33.57 & -13.91 & -2.72 & -2.94 & -18.62 & -5.58 & -28.51 & -17.35 \\
c21         & -2.34 & -21.48 & -2.55 & -2.28 & -17.74 & -16.48 & -24.39 & -6.99 & -2.33 & -18.52 & -21.90 & -16.32 & -31.00 & -2.01 & -13.04 & -25.12 & -24.14 & -2.60 & -16.75 & -23.09 & -2.31 & -20.69 & -2.46 & -17.42 & -32.92 & -4.25 & -26.81 & -3.78 & -28.45 & -27.88 & -6.41 & -2.56 & -18.65 & -40.37 & -14.80 & -38.12 & -3.29 & -9.24 & -27.38 & -2.95 & -13.21 & -33.57 & -13.91 & -2.72 & -2.52 & -18.48 & -5.58 & -28.51 & -17.42 \\
c22         & -2.34 & -20.85 & -2.59 & -2.32 & -17.50 & -16.99 & -25.10 & -7.15 & -2.61 & -18.99 & -22.23 & -16.55 & -30.00 & -2.30 & -13.29 & -24.56 & -24.15 & -2.59 & -16.63 & -22.79 & -2.33 & -20.66 & -2.39 & -17.18 & -33.12 & -3.04 & -24.81 & -4.02 & -28.44 & -28.34 & -6.47 & -2.55 & -21.98 & -40.30 & -16.92 & -38.17 & -3.31 & -9.24 & -27.38 & -3.08 & -13.24 & -33.57 & -13.91 & -2.72 & -2.61 & -18.67 & -5.58 & -28.51 & -17.55 \\
c23         & -2.28 & -21.29 & -2.61 & -2.24 & -17.65 & -16.79 & -24.93 & -7.16 & -2.36 & -18.34 & -22.12 & -16.06 & -31.00 & -2.35 & -12.95 & -24.73 & -24.73 & -2.56 & -16.81 & -23.11 & -2.21 & -21.09 & -2.46 & -16.76 & -32.41 & -3.59 & -24.44 & -3.84 & -28.21 & -27.87 & -6.30 & -2.57 & -19.59 & -40.30 & -16.50 & -37.89 & -2.68 & -9.24 & -27.38 & -2.95 & -13.00 & -33.57 & -13.91 & -2.72 & -2.64 & -18.75 & -5.58 & -28.51 &   0.00 \\
c24         & -1.95 & -21.17 & -2.57 & -2.25 & -17.57 & -17.15 & -24.63 & -7.27 & -2.52 & -18.23 & -22.30 & -16.51 & -30.87 & -2.39 & -13.19 & -24.81 & -24.42 & -2.52 & -16.82 & -22.85 & -2.31 & -19.62 & -2.43 & -16.96 & -32.51 & -3.58 & -27.43 & -3.58 & -28.48 & -28.26 & -6.30 & -2.34 & -19.00 & -39.99 & -17.21 & -37.89 & -3.15 & -9.24 & -27.38 & -3.14 & -13.15 & -33.57 & -13.91 & -2.72 & -2.67 & -18.91 & -5.58 & -28.51 & -17.38 \\
c25         & -2.39 & -20.84 & -2.58 & -2.25 & -17.46 & -16.92 & -25.28 & -7.21 & -2.63 & -18.56 & -21.58 & -15.52 & -30.69 & -2.21 & -12.82 & -25.36 & -24.06 & -2.55 & -16.89 & -23.01 & -2.29 & -20.47 & -2.38 & -17.14 & -32.60 & -3.16 & -26.07 & -3.97 & -28.15 & -28.05 & -6.48 & -2.56 & -17.07 & -40.35 & -16.30 & -38.12 & -3.13 & -9.24 & -27.38 & -3.11 & -13.47 & -33.57 & -13.91 & -2.72 & -2.65 & -18.76 & -5.58 &   0.00 &   0.00 \\
c26         & -2.29 & -21.29 & -2.56 & -2.13 & -17.48 & -16.61 & -24.88 & -7.13 & -2.65 & -17.82 & -22.05 & -16.06 & -30.86 & -2.20 & -12.88 & -24.69 & -24.01 & -2.57 & -16.67 & -23.10 & -2.28 & -20.57 & -2.42 & -16.91 & -32.22 & -4.15 & -21.57 & -3.65 & -28.61 & -27.89 & -6.48 & -2.52 & -17.09 & -39.99 & -16.75 & -38.12 & -3.14 & -9.24 & -27.38 & -3.07 & -11.39 & -33.57 & -13.91 & -2.72 & -2.67 & -18.68 & -5.58 & -28.51 & -17.40 \\
c27         & -2.26 & -20.89 & -2.62 & -2.26 & -17.35 & -16.69 & -23.74 & -7.13 & -2.35 & -18.46 & -21.22 & -15.84 & -30.99 & -2.35 & -13.35 & -24.14 & -24.07 & -2.59 & -17.09 & -23.67 & -2.26 & -20.57 & -2.45 & -16.65 & -32.64 & -3.42 & -24.10 & -3.79 & -28.55 & -27.73 & -5.98 & -2.58 & -20.69 & -40.30 & -16.46 & -38.12 & -3.29 & -9.24 & -27.38 & -3.02 & -13.31 & -33.57 & -13.91 & -2.72 & -2.89 & -18.66 & -5.58 & -28.51 & -17.42 \\
c28         & -2.21 & -20.97 & -2.59 & -2.24 & -17.68 & -16.81 & -24.57 & -7.05 & -2.22 & -18.95 & -21.47 & -16.21 & -31.01 & -2.21 & -13.30 & -25.52 & -23.81 & -2.22 & -17.15 & -22.64 & -2.30 & -20.32 & -2.42 & -16.38 & -33.14 & -3.72 & -27.11 & -3.61 & -28.49 & -28.34 & -6.24 & -2.44 & -17.99 & -39.99 & -15.18 & -38.12 & -3.23 & -9.24 & -27.38 & -3.08 & -13.50 & -33.57 & -13.91 & -2.72 & -2.90 & -18.90 & -5.58 & -28.51 & -17.39 \\
c29         & -2.39 & -20.95 & -2.60 & -2.28 & -17.80 & -16.68 & -24.83 & -7.07 & -2.40 & -18.76 & -21.81 & -16.50 & -30.81 & -2.38 & -12.45 & -24.44 & -24.91 & -2.56 & -17.55 & -23.08 & -1.50 & -20.79 & -2.44 & -17.29 & -32.66 & -3.66 & -23.50 & -3.84 & -28.44 & -27.98 & -6.47 & -2.56 & -18.11 & -40.30 & -17.09 & -38.16 & -3.32 & -9.24 & -27.38 & -2.95 & -13.30 & -33.57 & -13.91 & -2.72 & -2.67 & -18.56 & -5.58 & -28.51 & -17.51 \\
c30         & -2.37 & -20.93 & -2.12 & -2.29 & -17.81 & -16.74 & -24.80 & -7.13 & -2.27 & -18.53 & -21.64 & -16.06 & -30.81 & -2.28 & -13.10 & -24.84 & -24.65 & -2.51 & -17.35 & -23.50 & -2.29 & -20.29 & -2.33 & -16.64 & -32.89 & -4.84 & -28.70 & -3.71 & -28.48 & -27.96 & -6.47 & -2.47 & -18.97 & -40.50 & -16.80 & -38.16 & -3.14 & -9.24 & -27.38 & -3.02 & -13.24 & -33.57 & -13.91 & -2.72 & -2.63 & -18.53 & -5.58 & -28.51 & -17.43 \\
c31         & -2.07 & -20.93 & -2.46 & -2.10 & -17.13 & -16.77 & -24.84 & -7.13 & -2.34 & -18.56 & -21.79 & -16.21 & -30.67 & -2.23 & -13.21 & -24.55 & -24.94 & -2.57 & -16.81 & -23.47 & -2.23 & -20.75 & -2.21 & -17.31 & -33.25 & -3.79 & -23.06 & -3.83 & -28.48 & -28.09 & -6.30 & -2.61 & -16.46 & -40.44 & -16.30 & -36.77 & -3.33 & -9.24 & -27.38 & -3.07 & -11.53 & -33.57 & -13.91 & -2.72 & -2.89 & -18.57 & -5.58 & -28.51 & -17.42 \\
c32         & -2.16 & -20.63 & -2.20 & -2.12 & -17.27 & -17.12 & -24.67 & -7.16 & -2.54 & -18.23 & -21.95 & -16.15 & -30.96 & -2.26 & -13.14 & -24.68 & -24.08 & -2.53 & -16.73 & -22.92 & -2.23 & -20.96 & -2.33 & -16.67 & -32.68 & -5.64 & -19.80 & -3.84 & -28.22 & -28.25 & -6.24 & -2.61 & -18.91 & -40.36 & -16.88 & -38.16 & -3.29 & -9.24 & -27.38 & -3.09 & -13.14 & -33.57 & -13.91 & -2.72 & -2.65 & -18.75 & -5.53 & -28.51 & -16.70 \\
c33         & -2.20 & -21.01 & -2.65 & -2.21 & -17.59 & -16.83 & -24.54 & -7.06 & -2.56 & -18.23 & -21.63 & -16.23 & -31.00 & -2.36 & -13.18 & -24.57 & -24.97 & -2.48 & -16.54 & -22.76 & -2.30 & -19.52 & -2.36 & -16.86 & -33.14 & -3.80 & -27.92 & -3.82 & -28.22 & -27.91 & -6.47 & -2.58 & -17.97 & -40.36 & -16.95 & -38.17 & -3.15 & -9.24 & -27.38 & -3.06 & -13.44 & -33.57 & -13.91 & -2.72 & -2.67 & -18.97 & -5.58 & -28.51 & -17.45 \\
c34         & -2.26 & -21.18 & -2.65 & -2.22 & -17.53 & -16.09 & -24.65 & -7.29 & -2.39 & -18.60 & -21.34 & -16.01 & -30.69 & -2.27 & -13.41 & -25.20 & -24.18 & -2.59 & -16.75 & -23.19 & -1.99 & -20.19 & -2.33 & -17.17 & -33.39 & -5.22 & -26.43 & -4.04 & -28.21 & -27.93 & -6.46 & -2.60 & -18.49 & -40.36 & -16.66 & -37.89 & -3.25 & -9.24 & -27.38 & -3.14 & -11.65 & -33.57 & -13.91 & -2.72 & -2.51 & -18.54 & -5.58 & -28.51 & -17.41 \\
c35         & -2.28 & -20.41 & -2.45 & -2.15 & -17.33 & -16.50 & -24.86 & -6.96 & -2.55 & -17.77 & -21.42 & -16.55 & -30.99 & -1.73 & -13.10 & -24.96 & -24.00 & -2.55 & -17.11 & -22.95 & -2.11 & -19.72 & -2.41 & -16.92 & -31.97 & -4.74 & -31.12 & -4.02 & -27.86 & -28.08 & -6.29 & -2.39 & -16.81 & -39.99 & -17.42 & -38.12 & -2.71 & -9.24 & -27.38 & -1.45 & -13.44 & -33.57 & -13.91 & -2.72 & -2.64 & -18.61 & -5.58 & -28.50 & -17.41 \\
c36         & -2.22 & -21.13 & -2.54 & -2.28 & -17.87 & -16.68 & -25.27 & -7.14 & -2.14 & -17.83 & -21.25 & -16.51 & -31.00 & -2.10 & -13.09 & -24.95 & -23.91 & -2.63 & -16.86 & -23.31 & -2.11 & -20.67 & -2.08 & -17.22 & -32.57 & -5.60 & -18.84 & -3.79 & -28.53 & -27.89 & -5.72 & -2.51 & -20.52 & -40.50 & -16.75 & -38.12 & -3.29 & -9.24 & -27.38 & -2.91 & -13.45 & -33.57 & -13.91 & -2.72 & -2.66 & -18.61 & -5.57 & -28.51 & -17.40 \\
c37         & -2.29 & -21.64 & -2.18 & -2.01 & -17.55 & -16.84 & -24.43 & -7.26 & -2.56 & -18.23 & -21.61 & -16.28 & -30.87 & -2.05 & -13.19 & -24.77 & -24.18 & -2.37 & -16.99 & -23.37 & -2.32 & -20.35 & -2.26 & -16.91 & -33.05 & -5.60 & -29.75 & -3.83 & -28.61 & -27.98 & -6.30 & -2.60 & -19.99 & -40.30 & -16.89 & -38.17 & -3.15 & -9.24 & -27.38 & -2.86 & -13.00 & -33.57 & -13.91 & -2.72 & -2.67 & -18.82 & -5.58 & -28.51 &   0.00 \\
c38         & -1.88 & -20.89 & -2.40 & -2.26 & -16.87 & -16.80 & -24.12 & -7.14 & -2.12 & -18.55 & -21.79 & -16.26 & -30.93 & -2.25 & -13.21 & -25.23 & -24.32 & -2.58 & -17.00 & -22.98 & -2.30 & -20.56 & -2.17 & -16.69 & -32.48 & -5.23 & -25.34 & -4.05 & -28.37 & -28.29 & -6.29 & -2.61 & -21.02 & -40.44 & -16.42 & -37.89 & -3.28 & -9.24 & -27.38 & -3.13 & -13.33 & -33.57 & -13.91 & -2.72 & -2.89 & -18.66 & -5.57 & -28.51 &   0.00 \\
c39         & -2.30 & -21.22 & -2.58 & -1.71 & -17.42 & -16.74 & -25.07 & -7.03 & -2.32 & -18.54 & -20.96 & -16.31 & -30.94 & -2.25 & -12.95 & -24.66 & -24.60 & -2.59 & -17.02 & -23.09 & -2.31 & -20.48 & -2.35 & -16.76 & -32.71 & -5.82 & -23.10 & -3.78 & -28.63 & -27.85 & -6.24 & -2.60 & -21.48 & -40.50 & -16.89 & -38.12 & -3.29 & -9.24 & -27.38 & -3.15 & -13.03 & -33.57 & -13.91 & -2.72 & -2.89 & -18.54 & -5.58 & -28.51 & -17.34 \\
c40         & -2.27 & -20.62 & -2.61 & -2.28 & -17.46 & -16.37 & -24.85 & -6.52 & -2.26 & -18.15 & -22.07 & -16.42 & -30.95 & -1.96 & -13.13 & -24.51 & -24.38 & -2.53 & -16.72 & -22.40 & -2.30 & -20.56 & -2.43 & -16.59 & -32.83 & -4.84 & -23.54 & -4.02 & -28.60 & -27.86 & -6.30 & -2.61 & -19.99 & -38.36 & -16.70 & -38.12 & -3.29 & -9.24 & -27.38 & -3.01 & -13.01 & -33.57 & -13.91 & -2.72 & -2.89 & -18.60 & -4.46 & -22.81 & -17.60 \\
c41         & -2.33 & -20.51 & -2.49 & -2.23 & -17.35 & -16.76 & -24.70 & -7.25 & -2.55 & -18.63 & -22.57 & -16.61 & -31.01 & -2.17 & -13.04 & -25.24 & -23.53 & -2.60 & -16.79 & -22.95 & -1.93 & -20.42 & -2.14 & -16.45 & -32.62 & -4.94 & -23.73 & -4.02 & -28.13 & -28.02 & -6.51 & -2.61 & -18.34 & -38.42 & -16.83 & -37.89 & -3.33 & -9.24 & -27.38 & -2.95 & -13.30 & -33.57 & -13.91 & -2.72 & -2.67 & -18.66 & -4.46 & -22.81 &   0.00 \\
c42         & -2.29 & -20.90 & -2.48 & -1.71 & -17.05 & -16.97 & -24.90 & -7.11 & -2.46 & -18.40 & -21.66 & -16.32 & -30.89 & -1.95 & -13.26 & -24.60 & -24.18 & -2.49 & -17.11 & -22.93 & -2.20 & -20.47 & -2.26 & -16.66 & -32.82 & -4.91 & -21.14 & -3.60 & -28.22 & -27.96 & -6.30 & -2.58 & -15.17 & -39.99 & -16.59 & -38.16 & -3.29 & -9.17 & -27.38 & -3.01 & -13.30 & -33.57 & -13.91 & -2.72 & -2.67 & -18.71 & -4.46 & -27.37 &   0.00 \\
c43         & -2.29 & -21.24 & -2.48 & -2.27 & -17.42 & -16.57 & -24.44 & -7.11 & -2.39 & -18.16 & -21.74 & -16.28 & -29.99 & -2.29 & -13.08 & -24.58 & -24.30 & -2.69 & -16.89 & -23.66 & -2.25 & -20.33 & -2.31 & -16.90 & -31.88 & -5.23 & -28.07 & -3.62 & -27.76 & -28.15 & -6.46 & -2.60 & -18.42 & -40.36 & -16.20 & -38.12 & -3.33 & -9.24 & -27.38 & -2.96 & -12.97 & -33.57 & -13.91 & -2.72 & -2.89 & -18.78 & -5.35 & -27.37 &   0.00 \\
c44         & -2.32 & -21.30 & -2.66 & -2.09 & -17.62 & -16.23 & -24.86 & -7.17 & -2.34 & -18.21 & -21.63 & -16.57 & -30.55 & -2.25 & -13.11 & -25.02 & -23.69 & -2.53 & -16.59 & -22.91 & -2.18 & -20.54 & -2.26 & -16.91 & -32.47 & -5.56 & -22.61 & -3.84 & -28.55 & -28.18 & -6.25 & -2.39 & -17.87 & -39.99 & -17.15 & -38.16 & -3.23 & -9.24 & -27.38 & -3.07 & -13.27 & -33.57 & -13.91 & -2.72 & -2.90 & -18.89 & -5.58 & -28.51 & -17.51 \\
c45         & -2.27 & -20.80 & -2.67 & -2.18 & -17.43 & -16.39 & -25.26 & -7.08 & -2.31 & -17.93 & -22.36 & -16.02 & -30.89 & -2.33 & -12.95 & -25.00 & -24.75 & -2.49 & -17.09 & -23.60 & -2.31 & -20.41 & -2.27 & -17.05 & -32.34 & -4.25 & -23.28 & -4.01 & -28.22 & -28.08 & -6.31 & -2.49 & -17.45 & -40.30 & -16.48 & -36.77 & -3.15 & -9.24 & -27.38 & -3.07 & -13.17 & -33.57 & -13.91 & -2.72 & -2.67 & -17.96 & -4.46 &   0.00 &   0.00 \\
c46         & -2.34 & -21.47 & -2.35 & -2.26 & -17.11 & -16.45 & -25.05 & -7.17 & -2.33 & -18.25 & -21.73 & -16.21 & -30.69 & -2.37 & -13.07 & -25.17 & -24.43 & -2.58 & -17.39 & -23.58 & -2.21 & -19.88 & -2.37 & -17.05 & -33.17 & -4.50 & -28.62 & -3.83 & -28.50 & -27.97 & -6.30 & -2.58 & -19.88 & -39.99 & -16.57 & -38.17 & -2.67 & -9.24 & -27.38 & -2.70 & -13.39 & -26.86 & -13.36 & -2.17 & -2.90 & -18.01 & -4.46 & -22.81 &   0.00 \\
c47         & -2.24 & -21.67 & -2.47 & -2.16 & -17.09 & -16.51 & -24.84 & -7.15 & -2.53 & -18.36 & -21.84 & -16.43 & -30.56 & -2.35 & -13.00 & -24.89 & -24.26 & -2.61 & -17.11 & -22.67 & -2.33 & -19.60 & -2.44 & -17.13 & -32.76 & -4.86 & -25.74 & -3.10 & -28.51 & -28.02 & -6.29 & -2.55 & -17.52 & -40.30 & -16.91 & -38.12 & -3.14 & -9.24 & -27.38 & -3.08 & -13.34 & -26.86 & -11.13 & -2.61 & -2.14 &   0.00 &  0.00 &   0.00 &   0.00 \\
c48         & -2.34 & -21.19 & -2.26 & -2.30 & -17.94 & -17.07 & -24.69 & -7.22 & -2.52 & -18.61 & -21.84 & -16.02 & -31.00 & -2.34 & -13.24 & -25.13 & -24.65 & -2.49 & -17.04 & -23.30 & -2.33 & -20.41 & -2.10 & -16.90 & -32.16 & -3.55 & -22.56 & -3.61 & -28.46 & -28.23 & -6.25 & -2.61 & -18.51 & -38.45 & -17.06 & -36.42 & -3.10 &  0.00 &   0.00 &  0.00 &   0.00 &   0.00 &   0.00 &  0.00 &  0.00 &   0.00 &  0.00 &   0.00 &   0.00 \\
\bottomrule
\end{tabular}

                               0             1   ...             47             48
new_cluster  [-0.16, new_cluster]  [-19.11, c1]  ...  [-28.51, c47]  [-17.43, c48]
c1           [-0.16, new_cluster]  [-19.32, c1]  ...  [-28.51, c47]  [-17.48, c48]
c2           [-0.16, new_cluster]  [-19.01, c1]  ...  [-28.51, c47]  [-17.43, c48]
c3           [-0.16, new_cluster]  [-19.05, c1]  ...  [-28.51, c47]  [-17.48, c48]
c4           [-0.16, new_cluster]  [-18.97, c1]  ...  [-28.51, c47]  [-17.44, c48]
c5           [-0.16, new_cluster]  [-18.72, c1]  ...  [-28.51, c47]  [-17.44, c48]
c6           [-0.16, new_cluster]  [-19.53, c1]  ...  [-28.51, c47]  [-17.36, c48]
c7           [-0.16, new_cluster]  [-19.08, c1]  ...  [-28.51, c47]  [-17.49, c48]
c8           [-0.16, new_cluster]  [-19.22, c1]  ...  [-28.51, c47]  [-17.42, c48]
c9           [-0.16, new_cluster]  [-19.47, c1]  ...  [-28.51, c47]  [-17.39, c48]
c10          [-0.16, new_cluster]  [-18.91, c1]  ...  [-28.51, c47]  [-17.45, c48]
c11          [-0.16, new_cluster]  [-18.56, c1]  ...  [-28.51, c47]  [-17.45, c48]
c12          [-0.16, new_cluster]  [-18.61, c1]  ...  [-28.51, c47]  [-17.49, c48]
c13          [-0.16, new_cluster]  [-18.91, c1]  ...  [-28.51, c47]  [-17.48, c48]
c14          [-0.16, new_cluster]  [-19.32, c1]  ...  [-28.51, c47]  [-17.43, c48]
c15          [-0.16, new_cluster]  [-19.08, c1]  ...  [-28.51, c47]  [-17.45, c48]
c16          [-0.16, new_cluster]  [-19.27, c1]  ...  [-28.51, c47]  [-17.53, c48]
c17          [-0.16, new_cluster]  [-19.15, c1]  ...  [-28.51, c47]  [-17.52, c48]
c18          [-0.16, new_cluster]  [-19.04, c1]  ...  [-28.51, c47]          [0, ]
c19          [-0.16, new_cluster]  [-19.07, c1]  ...  [-28.51, c47]  [-17.47, c48]
c20          [-0.16, new_cluster]  [-18.86, c1]  ...  [-28.51, c47]  [-17.35, c48]
c21          [-0.16, new_cluster]   [-19.4, c1]  ...  [-28.51, c47]  [-17.42, c48]
c22          [-0.16, new_cluster]   [-18.8, c1]  ...  [-28.51, c47]  [-17.55, c48]
c23          [-0.16, new_cluster]  [-19.23, c1]  ...  [-28.51, c47]          [0, ]
c24          [-0.16, new_cluster]  [-19.14, c1]  ...  [-28.51, c47]  [-17.38, c48]
c25          [-0.16, new_cluster]  [-18.73, c1]  ...          [0, ]          [0, ]
c26          [-0.16, new_cluster]  [-19.23, c1]  ...  [-28.51, c47]   [-17.4, c48]
c27          [-0.16, new_cluster]  [-18.85, c1]  ...  [-28.51, c47]  [-17.42, c48]
c28          [-0.16, new_cluster]  [-19.16, c1]  ...  [-28.51, c47]  [-17.39, c48]
c29          [-0.16, new_cluster]  [-18.84, c1]  ...  [-28.51, c47]  [-17.51, c48]
c30          [-0.16, new_cluster]  [-19.07, c1]  ...  [-28.51, c47]  [-17.43, c48]
c31          [-0.16, new_cluster]  [-19.13, c1]  ...  [-28.51, c47]  [-17.42, c48]
c32          [-0.16, new_cluster]  [-18.83, c1]  ...  [-28.51, c47]  [-17.39, c48]
c33          [-0.16, new_cluster]  [-19.12, c1]  ...  [-28.51, c47]  [-17.48, c48]
c34          [-0.16, new_cluster]  [-19.17, c1]  ...  [-28.51, c47]  [-17.44, c48]
c35          [-0.16, new_cluster]  [-18.53, c1]  ...  [-28.51, c47]  [-17.44, c48]
c36          [-0.16, new_cluster]  [-19.01, c1]  ...  [-28.51, c47]  [-17.43, c48]
c37          [-0.16, new_cluster]  [-19.61, c1]  ...  [-28.51, c47]          [0, ]
c38          [-0.16, new_cluster]  [-18.84, c1]  ...  [-28.51, c47]          [0, ]
c39          [-0.16, new_cluster]  [-19.45, c1]  ...  [-28.51, c47]  [-17.34, c48]
c40          [-0.16, new_cluster]  [-18.51, c1]  ...  [-28.51, c47]  [-17.63, c48]
c41          [-0.16, new_cluster]  [-18.47, c1]  ...  [-28.51, c47]          [0, ]
c42          [-0.16, new_cluster]  [-19.12, c1]  ...  [-28.51, c47]          [0, ]
c43          [-0.16, new_cluster]  [-19.43, c1]  ...  [-28.51, c47]          [0, ]
c44          [-0.16, new_cluster]  [-19.22, c1]  ...  [-28.51, c47]  [-17.51, c48]
c45          [-0.16, new_cluster]   [-18.9, c1]  ...          [0, ]          [0, ]
c46          [-0.16, new_cluster]   [-19.4, c1]  ...  [-28.51, c47]          [0, ]
c47          [-0.16, new_cluster]  [-19.56, c1]  ...          [0, ]          [0, ]
c48          [-0.16, new_cluster]  [-19.13, c1]  ...          [0, ]          [0, ]

[49 rows x 49 columns]
\begin{tabular}{llllllllllllllllllllllllllllllllllllllllllllllllll}
\toprule
{} &                    0  &            1  &           2  &           3  &            4  &            5  &            6  &           7  &           8  &            9  &             10 &             11 &             12 &            13 &             14 &             15 &             16 &            17 &             18 &             19 &            20 &             21 &            22 &             23 &             24 &            25 &             26 &            27 &             28 &             29 &            30 &           31 &             32 &             33 &             34 &             35 &            36 &            37 &             38 &            39 &             40 &             41 &             42 &            43 &            44 &             45 &            46 &             47 &             48 \\
\midrule
new\_cluster &  [-0.16, new\_cluster] &  [-19.11, c1] &  [-0.53, c2] &  [-0.07, c3] &  [-15.75, c4] &  [-15.11, c5] &  [-22.63, c6] &  [-5.53, c7] &  [-0.49, c8] &   [-16.5, c9] &  [-20.04, c10] &  [-14.24, c11] &  [-28.99, c12] &  [-0.16, c13] &  [-11.29, c14] &  [-23.74, c15] &  [-22.32, c16] &  [-1.05, c17] &  [-16.92, c18] &  [-21.28, c19] &  [-0.08, c20] &  [-19.11, c21] &  [-0.28, c22] &  [-17.28, c23] &  [-31.16, c24] &  [-7.52, c25] &  [-21.71, c26] &  [-1.87, c27] &  [-26.49, c28] &  [-26.78, c29] &  [-4.47, c30] &  [-0.6, c31] &  [-15.09, c32] &  [-38.42, c33] &  [-15.15, c34] &  [-36.77, c35] &  [-1.31, c36] &  [-9.24, c37] &  [-27.38, c38] &  [-1.37, c39] &  [-11.53, c40] &  [-33.57, c41] &  [-13.91, c42] &  [-2.72, c43] &  [-0.93, c44] &  [-18.83, c45] &  [-5.58, c46] &  [-28.51, c47] &  [-17.43, c48] \\
c1          &  [-0.16, new\_cluster] &  [-19.32, c1] &  [-0.42, c2] &  [-0.07, c3] &  [-15.82, c4] &   [-14.3, c5] &  [-22.68, c6] &  [-5.56, c7] &  [-0.43, c8] &  [-16.51, c9] &  [-19.45, c10] &  [-14.07, c11] &  [-28.99, c12] &   [-0.1, c13] &  [-11.19, c14] &  [-22.46, c15] &  [-22.64, c16] &  [-1.13, c17] &  [-17.11, c18] &  [-21.63, c19] &   [-0.1, c20] &  [-18.88, c21] &  [-0.24, c22] &  [-17.09, c23] &  [-30.95, c24] &  [-5.03, c25] &  [-21.84, c26] &  [-1.87, c27] &  [-26.49, c28] &  [-26.46, c29] &  [-4.47, c30] &  [-0.6, c31] &  [-15.38, c32] &  [-38.42, c33] &  [-15.32, c34] &  [-36.77, c35] &  [-1.31, c36] &  [-9.24, c37] &  [-27.38, c38] &  [-1.48, c39] &  [-11.56, c40] &  [-33.57, c41] &  [-13.91, c42] &  [-2.72, c43] &  [-0.93, c44] &   [-18.6, c45] &  [-5.58, c46] &  [-28.51, c47] &  [-17.48, c48] \\
c2          &  [-0.16, new\_cluster] &  [-19.01, c1] &  [-0.47, c2] &  [-0.07, c3] &  [-15.69, c4] &  [-14.84, c5] &  [-22.98, c6] &  [-5.57, c7] &  [-0.49, c8] &  [-16.51, c9] &  [-19.72, c10] &  [-14.43, c11] &  [-28.99, c12] &  [-0.13, c13] &  [-11.03, c14] &  [-22.74, c15] &  [-22.92, c16] &  [-1.22, c17] &  [-16.42, c18] &  [-22.08, c19] &  [-0.09, c20] &  [-18.48, c21] &  [-0.24, c22] &  [-16.43, c23] &  [-31.14, c24] &   [-5.9, c25] &  [-21.47, c26] &  [-1.87, c27] &  [-26.49, c28] &  [-26.76, c29] &  [-4.47, c30] &  [-0.6, c31] &  [-16.98, c32] &  [-38.42, c33] &  [-14.72, c34] &  [-36.77, c35] &  [-1.31, c36] &  [-9.24, c37] &  [-27.38, c38] &  [-1.51, c39] &  [-11.56, c40] &  [-33.57, c41] &  [-13.91, c42] &  [-2.72, c43] &  [-0.93, c44] &  [-18.93, c45] &  [-5.58, c46] &  [-28.51, c47] &  [-17.43, c48] \\
c3          &  [-0.16, new\_cluster] &  [-19.05, c1] &  [-0.52, c2] &  [-0.07, c3] &  [-15.59, c4] &  [-14.55, c5] &  [-23.01, c6] &   [-5.5, c7] &  [-0.49, c8] &  [-16.54, c9] &   [-19.9, c10] &  [-14.24, c11] &  [-28.99, c12] &  [-0.15, c13] &  [-11.18, c14] &  [-23.34, c15] &  [-22.79, c16] &  [-1.22, c17] &  [-17.07, c18] &  [-21.55, c19] &   [-0.1, c20] &  [-18.68, c21] &  [-0.23, c22] &  [-16.83, c23] &  [-30.71, c24] &  [-5.33, c25] &  [-23.44, c26] &  [-1.87, c27] &  [-26.49, c28] &  [-27.01, c29] &  [-4.47, c30] &  [-0.6, c31] &  [-17.66, c32] &  [-38.42, c33] &  [-15.19, c34] &  [-36.77, c35] &  [-1.31, c36] &  [-9.24, c37] &  [-27.38, c38] &  [-1.44, c39] &  [-11.53, c40] &  [-33.57, c41] &  [-13.91, c42] &  [-2.72, c43] &  [-0.93, c44] &  [-18.55, c45] &  [-5.58, c46] &  [-28.51, c47] &  [-17.48, c48] \\
c4          &  [-0.16, new\_cluster] &  [-18.97, c1] &  [-0.44, c2] &  [-0.06, c3] &  [-16.34, c4] &  [-15.06, c5] &  [-22.97, c6] &  [-5.63, c7] &  [-0.44, c8] &  [-16.24, c9] &  [-19.77, c10] &  [-14.38, c11] &  [-28.99, c12] &  [-0.13, c13] &  [-10.96, c14] &   [-22.7, c15] &  [-22.31, c16] &   [-1.1, c17] &  [-17.18, c18] &  [-21.87, c19] &  [-0.11, c20] &  [-18.81, c21] &  [-0.25, c22] &  [-16.83, c23] &  [-31.14, c24] &  [-5.72, c25] &  [-22.23, c26] &  [-1.87, c27] &  [-26.49, c28] &  [-26.63, c29] &  [-4.47, c30] &  [-0.6, c31] &  [-13.02, c32] &  [-38.42, c33] &  [-15.04, c34] &  [-36.77, c35] &  [-1.31, c36] &  [-9.24, c37] &  [-27.38, c38] &  [-1.38, c39] &  [-11.44, c40] &  [-33.57, c41] &  [-13.91, c42] &  [-2.72, c43] &  [-0.93, c44] &  [-18.62, c45] &  [-5.58, c46] &  [-28.51, c47] &  [-17.44, c48] \\
c5          &  [-0.16, new\_cluster] &  [-18.72, c1] &  [-0.52, c2] &  [-0.06, c3] &  [-16.36, c4] &  [-14.82, c5] &  [-23.11, c6] &   [-5.5, c7] &  [-0.55, c8] &  [-16.21, c9] &  [-19.97, c10] &  [-14.34, c11] &  [-28.99, c12] &  [-0.15, c13] &  [-11.21, c14] &  [-23.14, c15] &  [-22.64, c16] &  [-1.12, c17] &  [-17.02, c18] &  [-22.01, c19] &  [-0.09, c20] &  [-18.74, c21] &  [-0.31, c22] &  [-16.81, c23] &  [-30.94, c24] &  [-6.38, c25] &  [-23.05, c26] &  [-1.87, c27] &  [-26.49, c28] &  [-26.56, c29] &  [-4.47, c30] &  [-0.6, c31] &  [-18.68, c32] &  [-38.42, c33] &  [-15.08, c34] &  [-36.77, c35] &  [-1.31, c36] &  [-9.24, c37] &  [-27.38, c38] &  [-1.45, c39] &   [-11.5, c40] &  [-33.57, c41] &  [-13.91, c42] &  [-2.72, c43] &  [-0.93, c44] &   [-18.5, c45] &  [-5.58, c46] &  [-28.51, c47] &  [-17.44, c48] \\
c6          &  [-0.16, new\_cluster] &  [-19.53, c1] &  [-0.51, c2] &  [-0.09, c3] &  [-16.12, c4] &  [-14.86, c5] &  [-22.66, c6] &  [-5.53, c7] &  [-0.42, c8] &  [-16.35, c9] &  [-19.63, c10] &  [-13.97, c11] &  [-28.99, c12] &   [-0.1, c13] &  [-10.99, c14] &   [-23.0, c15] &  [-22.76, c16] &  [-1.12, c17] &  [-16.75, c18] &  [-21.49, c19] &  [-0.08, c20] &   [-18.8, c21] &  [-0.26, c22] &  [-16.67, c23] &  [-30.44, c24] &  [-5.75, c25] &  [-22.72, c26] &  [-1.87, c27] &  [-26.49, c28] &  [-26.84, c29] &  [-4.47, c30] &  [-0.6, c31] &  [-17.14, c32] &  [-38.42, c33] &  [-15.17, c34] &  [-36.77, c35] &  [-1.31, c36] &  [-9.24, c37] &  [-27.38, c38] &  [-1.38, c39] &  [-11.44, c40] &  [-33.57, c41] &  [-13.91, c42] &  [-2.72, c43] &  [-0.93, c44] &  [-18.58, c45] &  [-5.58, c46] &  [-28.51, c47] &  [-17.36, c48] \\
c7          &  [-0.16, new\_cluster] &  [-19.08, c1] &  [-0.49, c2] &  [-0.07, c3] &  [-16.12, c4] &  [-14.54, c5] &  [-22.68, c6] &  [-5.61, c7] &  [-0.54, c8] &  [-16.72, c9] &  [-19.82, c10] &  [-14.16, c11] &  [-28.99, c12] &  [-0.13, c13] &  [-11.29, c14] &  [-23.28, c15] &   [-22.3, c16] &  [-1.11, c17] &   [-16.8, c18] &  [-21.83, c19] &  [-0.08, c20] &  [-19.07, c21] &  [-0.26, c22] &  [-16.78, c23] &  [-30.84, c24] &  [-4.33, c25] &  [-23.05, c26] &  [-1.87, c27] &  [-26.49, c28] &  [-26.45, c29] &  [-4.47, c30] &  [-0.6, c31] &  [-17.14, c32] &  [-38.42, c33] &  [-15.04, c34] &  [-36.77, c35] &  [-1.31, c36] &  [-9.24, c37] &  [-27.38, c38] &  [-1.28, c39] &  [-11.56, c40] &  [-33.57, c41] &  [-13.91, c42] &  [-2.72, c43] &  [-0.93, c44] &  [-18.69, c45] &  [-5.58, c46] &  [-28.51, c47] &  [-17.49, c48] \\
c8          &  [-0.16, new\_cluster] &  [-19.22, c1] &  [-0.56, c2] &  [-0.07, c3] &  [-15.47, c4] &  [-14.72, c5] &  [-22.98, c6] &  [-5.49, c7] &   [-0.5, c8] &  [-16.48, c9] &  [-19.71, c10] &  [-14.08, c11] &  [-28.99, c12] &  [-0.11, c13] &  [-11.28, c14] &  [-22.94, c15] &  [-22.54, c16] &  [-1.09, c17] &  [-16.69, c18] &  [-21.14, c19] &  [-0.09, c20] &  [-18.86, c21] &  [-0.22, c22] &   [-16.6, c23] &  [-30.71, c24] &  [-5.11, c25] &  [-25.51, c26] &  [-1.87, c27] &  [-26.49, c28] &  [-26.31, c29] &  [-4.47, c30] &  [-0.6, c31] &  [-16.19, c32] &  [-38.42, c33] &  [-15.27, c34] &  [-36.77, c35] &  [-1.31, c36] &  [-9.24, c37] &  [-27.38, c38] &  [-1.37, c39] &  [-11.39, c40] &  [-33.57, c41] &  [-13.91, c42] &  [-2.72, c43] &  [-0.93, c44] &  [-18.77, c45] &  [-5.58, c46] &  [-28.51, c47] &  [-17.42, c48] \\
c9          &  [-0.16, new\_cluster] &  [-19.47, c1] &  [-0.48, c2] &  [-0.05, c3] &  [-15.79, c4] &  [-15.14, c5] &  [-22.53, c6] &  [-5.48, c7] &  [-0.52, c8] &  [-16.49, c9] &  [-20.11, c10] &  [-14.07, c11] &  [-28.99, c12] &  [-0.12, c13] &  [-11.17, c14] &  [-22.89, c15] &  [-22.86, c16] &  [-1.13, c17] &  [-16.91, c18] &  [-21.56, c19] &  [-0.11, c20] &  [-18.73, c21] &  [-0.22, c22] &  [-17.27, c23] &  [-31.19, c24] &  [-4.78, c25] &  [-18.81, c26] &  [-1.87, c27] &  [-26.49, c28] &  [-26.35, c29] &  [-4.47, c30] &  [-0.6, c31] &  [-16.43, c32] &  [-38.42, c33] &  [-14.85, c34] &  [-36.77, c35] &  [-1.31, c36] &  [-9.24, c37] &  [-27.38, c38] &  [-1.43, c39] &  [-11.36, c40] &  [-33.57, c41] &  [-13.91, c42] &  [-2.72, c43] &  [-0.93, c44] &  [-18.59, c45] &  [-5.58, c46] &  [-28.51, c47] &  [-17.39, c48] \\
c10         &  [-0.16, new\_cluster] &  [-18.91, c1] &  [-0.45, c2] &  [-0.05, c3] &  [-15.71, c4] &  [-14.53, c5] &  [-22.36, c6] &  [-5.63, c7] &  [-0.51, c8] &   [-16.2, c9] &  [-19.52, c10] &  [-14.38, c11] &  [-28.99, c12] &   [-0.1, c13] &  [-11.17, c14] &  [-22.96, c15] &  [-23.18, c16] &  [-1.15, c17] &  [-17.16, c18] &   [-21.4, c19] &   [-0.1, c20] &  [-18.71, c21] &  [-0.25, c22] &  [-16.37, c23] &  [-30.52, c24] &  [-3.37, c25] &  [-25.51, c26] &  [-1.87, c27] &  [-26.49, c28] &  [-26.56, c29] &  [-4.47, c30] &  [-0.6, c31] &  [-16.59, c32] &  [-38.42, c33] &  [-15.35, c34] &  [-36.77, c35] &  [-1.31, c36] &  [-9.24, c37] &  [-27.38, c38] &   [-1.5, c39] &  [-11.38, c40] &  [-33.57, c41] &  [-13.91, c42] &  [-2.72, c43] &  [-0.93, c44] &  [-18.79, c45] &  [-5.58, c46] &  [-28.51, c47] &  [-17.45, c48] \\
c11         &  [-0.16, new\_cluster] &  [-18.56, c1] &  [-0.54, c2] &   [-0.1, c3] &  [-16.11, c4] &  [-14.75, c5] &  [-22.78, c6] &  [-5.53, c7] &  [-0.52, c8] &  [-16.64, c9] &  [-20.08, c10] &  [-14.44, c11] &  [-28.99, c12] &  [-0.13, c13] &  [-11.17, c14] &  [-23.11, c15] &  [-22.52, c16] &  [-1.03, c17] &  [-16.77, c18] &  [-22.29, c19] &   [-0.1, c20] &  [-18.88, c21] &  [-0.27, c22] &  [-17.09, c23] &  [-30.85, c24] &  [-3.34, c25] &  [-23.81, c26] &  [-1.87, c27] &  [-26.49, c28] &  [-26.33, c29] &  [-4.47, c30] &  [-0.6, c31] &  [-16.83, c32] &  [-38.42, c33] &  [-15.45, c34] &  [-36.77, c35] &  [-1.31, c36] &  [-9.24, c37] &  [-27.38, c38] &  [-1.22, c39] &  [-11.42, c40] &  [-33.57, c41] &  [-13.91, c42] &  [-2.72, c43] &  [-0.93, c44] &   [-18.6, c45] &  [-5.58, c46] &  [-28.51, c47] &  [-17.45, c48] \\
c12         &  [-0.16, new\_cluster] &  [-18.61, c1] &   [-0.5, c2] &  [-0.07, c3] &  [-16.01, c4] &  [-15.07, c5] &  [-22.76, c6] &  [-5.57, c7] &  [-0.42, c8] &  [-16.61, c9] &  [-19.89, c10] &  [-14.31, c11] &  [-28.99, c12] &   [-0.1, c13] &  [-11.23, c14] &  [-22.73, c15] &  [-22.53, c16] &   [-1.1, c17] &  [-16.96, c18] &  [-22.08, c19] &  [-0.09, c20] &  [-18.68, c21] &  [-0.24, c22] &  [-16.71, c23] &  [-30.99, c24] &   [-4.4, c25] &  [-23.12, c26] &  [-1.87, c27] &  [-26.49, c28] &  [-26.56, c29] &  [-4.47, c30] &  [-0.6, c31] &  [-18.86, c32] &  [-38.42, c33] &  [-15.03, c34] &  [-36.77, c35] &  [-1.31, c36] &  [-9.24, c37] &  [-27.38, c38] &  [-1.42, c39] &  [-11.47, c40] &  [-33.57, c41] &  [-13.91, c42] &  [-2.72, c43] &  [-0.93, c44] &  [-18.71, c45] &  [-5.58, c46] &  [-28.51, c47] &  [-17.49, c48] \\
c13         &  [-0.16, new\_cluster] &  [-18.91, c1] &  [-0.42, c2] &  [-0.06, c3] &  [-15.27, c4] &  [-14.59, c5] &  [-22.98, c6] &  [-5.66, c7] &  [-0.52, c8] &  [-16.11, c9] &  [-19.55, c10] &  [-14.47, c11] &  [-28.99, c12] &  [-0.15, c13] &  [-11.13, c14] &  [-23.12, c15] &  [-21.94, c16] &  [-1.07, c17] &  [-17.47, c18] &  [-21.69, c19] &   [-0.1, c20] &  [-18.79, c21] &  [-0.25, c22] &  [-16.76, c23] &  [-30.83, c24] &  [-4.34, c25] &  [-23.37, c26] &  [-1.87, c27] &  [-26.49, c28] &  [-27.02, c29] &  [-4.47, c30] &  [-0.6, c31] &  [-18.79, c32] &  [-38.42, c33] &  [-15.43, c34] &  [-36.77, c35] &  [-1.31, c36] &  [-9.24, c37] &  [-27.38, c38] &  [-1.44, c39] &  [-11.35, c40] &  [-33.57, c41] &  [-13.91, c42] &  [-2.72, c43] &  [-0.93, c44] &  [-18.72, c45] &  [-5.58, c46] &  [-28.51, c47] &  [-17.48, c48] \\
c14         &  [-0.16, new\_cluster] &  [-19.32, c1] &  [-0.53, c2] &  [-0.07, c3] &  [-16.12, c4] &  [-14.54, c5] &  [-23.22, c6] &   [-5.5, c7] &  [-0.49, c8] &  [-16.51, c9] &  [-19.97, c10] &  [-14.15, c11] &  [-28.99, c12] &  [-0.12, c13] &  [-11.47, c14] &  [-23.18, c15] &  [-22.17, c16] &  [-1.11, c17] &   [-17.1, c18] &  [-21.66, c19] &  [-0.09, c20] &  [-18.64, c21] &  [-0.24, c22] &  [-16.52, c23] &  [-31.08, c24] &  [-3.84, c25] &  [-27.06, c26] &  [-1.87, c27] &  [-26.49, c28] &  [-26.59, c29] &  [-4.47, c30] &  [-0.6, c31] &  [-16.05, c32] &  [-38.42, c33] &  [-14.68, c34] &  [-36.77, c35] &  [-1.31, c36] &  [-9.24, c37] &  [-27.38, c38] &  [-1.27, c39] &  [-11.53, c40] &  [-33.57, c41] &  [-13.91, c42] &  [-2.72, c43] &  [-0.93, c44] &  [-18.48, c45] &  [-5.58, c46] &  [-28.51, c47] &  [-17.43, c48] \\
c15         &  [-0.16, new\_cluster] &  [-19.08, c1] &  [-0.46, c2] &  [-0.06, c3] &  [-15.47, c4] &  [-15.15, c5] &  [-22.57, c6] &  [-5.35, c7] &  [-0.42, c8] &  [-16.53, c9] &  [-19.71, c10] &  [-13.83, c11] &  [-28.99, c12] &  [-0.11, c13] &  [-11.17, c14] &  [-23.22, c15] &  [-22.34, c16] &  [-1.06, c17] &  [-17.34, c18] &  [-21.59, c19] &   [-0.1, c20] &  [-18.59, c21] &  [-0.24, c22] &  [-16.51, c23] &  [-31.44, c24] &  [-4.61, c25] &  [-21.16, c26] &  [-1.87, c27] &  [-26.49, c28] &  [-26.87, c29] &  [-4.47, c30] &  [-0.6, c31] &  [-17.05, c32] &  [-38.42, c33] &  [-15.44, c34] &  [-36.77, c35] &  [-1.31, c36] &  [-9.24, c37] &  [-27.38, c38] &  [-1.42, c39] &   [-11.5, c40] &  [-33.57, c41] &  [-13.91, c42] &  [-2.72, c43] &  [-0.93, c44] &  [-18.64, c45] &  [-5.58, c46] &  [-28.51, c47] &  [-17.45, c48] \\
c16         &  [-0.16, new\_cluster] &  [-19.27, c1] &  [-0.52, c2] &  [-0.07, c3] &  [-15.68, c4] &  [-14.73, c5] &   [-22.4, c6] &  [-5.45, c7] &  [-0.47, c8] &  [-16.83, c9] &  [-19.63, c10] &  [-13.81, c11] &  [-28.99, c12] &  [-0.12, c13] &  [-11.45, c14] &  [-23.11, c15] &  [-22.29, c16] &  [-1.12, c17] &  [-17.07, c18] &  [-21.63, c19] &  [-0.08, c20] &  [-18.75, c21] &  [-0.26, c22] &  [-16.62, c23] &  [-30.87, c24] &  [-5.27, c25] &  [-22.44, c26] &  [-1.87, c27] &  [-26.49, c28] &  [-26.53, c29] &  [-4.47, c30] &  [-0.6, c31] &  [-17.62, c32] &  [-38.42, c33] &  [-15.15, c34] &  [-36.77, c35] &  [-1.31, c36] &  [-9.24, c37] &  [-27.38, c38] &  [-1.39, c39] &  [-11.38, c40] &  [-33.57, c41] &  [-13.91, c42] &  [-2.72, c43] &  [-0.93, c44] &  [-18.81, c45] &  [-5.58, c46] &  [-28.51, c47] &  [-17.53, c48] \\
c17         &  [-0.16, new\_cluster] &  [-19.15, c1] &  [-0.47, c2] &  [-0.09, c3] &  [-15.77, c4] &  [-14.54, c5] &  [-23.16, c6] &  [-5.64, c7] &  [-0.47, c8] &  [-16.61, c9] &  [-20.01, c10] &  [-14.06, c11] &  [-28.99, c12] &  [-0.11, c13] &  [-11.22, c14] &  [-22.82, c15] &  [-22.37, c16] &  [-1.06, c17] &  [-16.66, c18] &  [-21.86, c19] &   [-0.1, c20] &  [-18.67, c21] &  [-0.23, c22] &  [-17.02, c23] &   [-30.7, c24] &  [-4.48, c25] &  [-24.69, c26] &  [-1.87, c27] &  [-26.49, c28] &  [-26.29, c29] &  [-4.47, c30] &  [-0.6, c31] &  [-20.05, c32] &  [-38.42, c33] &  [-15.02, c34] &  [-36.77, c35] &  [-1.31, c36] &  [-9.24, c37] &  [-27.38, c38] &  [-1.38, c39] &  [-11.47, c40] &  [-33.57, c41] &  [-13.91, c42] &  [-2.72, c43] &  [-0.93, c44] &  [-18.64, c45] &  [-5.58, c46] &  [-28.51, c47] &  [-17.52, c48] \\
c18         &  [-0.16, new\_cluster] &  [-19.04, c1] &  [-0.48, c2] &  [-0.08, c3] &  [-16.37, c4] &  [-14.56, c5] &  [-22.74, c6] &   [-5.7, c7] &  [-0.46, c8] &  [-16.73, c9] &   [-20.0, c10] &  [-14.65, c11] &  [-28.99, c12] &  [-0.11, c13] &  [-11.25, c14] &  [-22.66, c15] &   [-22.5, c16] &   [-1.1, c17] &  [-16.52, c18] &  [-22.15, c19] &  [-0.09, c20] &  [-18.62, c21] &  [-0.25, c22] &  [-16.56, c23] &  [-30.75, c24] &  [-3.56, c25] &  [-24.06, c26] &  [-1.87, c27] &  [-26.49, c28] &  [-26.67, c29] &  [-4.47, c30] &  [-0.6, c31] &  [-19.89, c32] &  [-38.42, c33] &  [-14.98, c34] &  [-36.77, c35] &  [-1.31, c36] &  [-9.24, c37] &  [-27.38, c38] &   [-1.4, c39] &  [-11.59, c40] &  [-33.57, c41] &  [-13.91, c42] &  [-2.72, c43] &  [-0.93, c44] &  [-18.67, c45] &  [-5.58, c46] &  [-28.51, c47] &          [0, ] \\
c19         &  [-0.16, new\_cluster] &  [-19.07, c1] &  [-0.47, c2] &  [-0.06, c3] &  [-15.68, c4] &  [-14.67, c5] &  [-22.79, c6] &  [-5.61, c7] &   [-0.5, c8] &   [-16.2, c9] &  [-19.85, c10] &   [-14.6, c11] &  [-28.99, c12] &  [-0.12, c13] &  [-11.46, c14] &  [-23.02, c15] &  [-22.25, c16] &  [-1.18, c17] &  [-16.92, c18] &  [-21.83, c19] &  [-0.08, c20] &  [-18.87, c21] &  [-0.22, c22] &   [-17.1, c23] &  [-30.71, c24] &  [-5.82, c25] &  [-23.12, c26] &  [-1.87, c27] &  [-26.49, c28] &  [-26.25, c29] &  [-4.47, c30] &  [-0.6, c31] &  [-20.35, c32] &  [-38.42, c33] &   [-14.9, c34] &  [-36.77, c35] &  [-1.31, c36] &  [-9.24, c37] &  [-27.38, c38] &  [-1.38, c39] &  [-11.56, c40] &  [-33.57, c41] &  [-13.91, c42] &  [-2.72, c43] &  [-0.93, c44] &  [-18.58, c45] &  [-5.58, c46] &  [-28.51, c47] &  [-17.47, c48] \\
c20         &  [-0.16, new\_cluster] &  [-18.86, c1] &  [-0.52, c2] &  [-0.06, c3] &  [-15.93, c4] &  [-14.82, c5] &  [-22.91, c6] &  [-5.48, c7] &  [-0.49, c8] &  [-16.45, c9] &  [-20.14, c10] &   [-13.9, c11] &  [-28.99, c12] &  [-0.16, c13] &  [-11.29, c14] &  [-22.63, c15] &  [-22.74, c16] &  [-1.14, c17] &  [-17.19, c18] &  [-21.69, c19] &  [-0.09, c20] &  [-18.88, c21] &  [-0.24, c22] &  [-16.68, c23] &  [-31.01, c24] &  [-5.95, c25] &  [-26.81, c26] &  [-1.87, c27] &  [-26.49, c28] &  [-26.67, c29] &  [-4.47, c30] &  [-0.6, c31] &  [-18.98, c32] &  [-38.42, c33] &  [-15.46, c34] &  [-36.77, c35] &  [-1.31, c36] &  [-9.24, c37] &  [-27.38, c38] &  [-1.41, c39] &  [-11.62, c40] &  [-33.57, c41] &  [-13.91, c42] &  [-2.72, c43] &  [-0.93, c44] &  [-18.62, c45] &  [-5.58, c46] &  [-28.51, c47] &  [-17.35, c48] \\
c21         &  [-0.16, new\_cluster] &   [-19.4, c1] &  [-0.48, c2] &  [-0.08, c3] &  [-16.12, c4] &  [-14.67, c5] &  [-22.98, c6] &  [-5.55, c7] &  [-0.51, c8] &  [-16.64, c9] &  [-19.88, c10] &  [-14.68, c11] &  [-28.99, c12] &  [-0.15, c13] &  [-11.06, c14] &   [-23.1, c15] &  [-22.28, c16] &  [-1.17, c17] &  [-16.75, c18] &  [-21.74, c19] &   [-0.1, c20] &  [-18.74, c21] &  [-0.24, c22] &  [-17.42, c23] &  [-31.21, c24] &  [-4.25, c25] &   [-25.1, c26] &  [-1.87, c27] &  [-26.49, c28] &  [-26.43, c29] &  [-4.47, c30] &  [-0.6, c31] &   [-17.6, c32] &  [-38.42, c33] &   [-14.8, c34] &  [-36.77, c35] &  [-1.31, c36] &  [-9.24, c37] &  [-27.38, c38] &  [-1.29, c39] &  [-11.44, c40] &  [-33.57, c41] &  [-13.91, c42] &  [-2.72, c43] &  [-0.93, c44] &  [-18.48, c45] &  [-5.58, c46] &  [-28.51, c47] &  [-17.42, c48] \\
c22         &  [-0.16, new\_cluster] &   [-18.8, c1] &  [-0.45, c2] &  [-0.08, c3] &  [-15.89, c4] &  [-14.99, c5] &  [-23.02, c6] &  [-5.59, c7] &  [-0.51, c8] &  [-17.04, c9] &  [-20.14, c10] &  [-14.57, c11] &  [-28.99, c12] &  [-0.12, c13] &  [-11.35, c14] &  [-22.68, c15] &  [-22.28, c16] &  [-1.15, c17] &  [-16.63, c18] &  [-21.44, c19] &  [-0.09, c20] &  [-18.88, c21] &  [-0.28, c22] &  [-17.18, c23] &  [-31.23, c24] &  [-3.04, c25] &  [-22.92, c26] &  [-1.87, c27] &  [-26.49, c28] &  [-26.88, c29] &  [-4.47, c30] &  [-0.6, c31] &  [-20.68, c32] &  [-38.42, c33] &  [-15.49, c34] &  [-36.77, c35] &  [-1.31, c36] &  [-9.24, c37] &  [-27.38, c38] &  [-1.42, c39] &  [-11.41, c40] &  [-33.57, c41] &  [-13.91, c42] &  [-2.72, c43] &  [-0.93, c44] &  [-18.67, c45] &  [-5.58, c46] &  [-28.51, c47] &  [-17.55, c48] \\
c23         &  [-0.16, new\_cluster] &  [-19.23, c1] &  [-0.48, c2] &  [-0.05, c3] &  [-16.24, c4] &  [-14.76, c5] &  [-22.93, c6] &   [-5.6, c7] &  [-0.47, c8] &  [-16.38, c9] &  [-20.14, c10] &  [-14.06, c11] &  [-28.99, c12] &  [-0.12, c13] &  [-10.97, c14] &  [-22.72, c15] &  [-22.62, c16] &  [-1.13, c17] &  [-16.81, c18] &  [-21.76, c19] &  [-0.09, c20] &  [-19.16, c21] &  [-0.25, c22] &  [-16.76, c23] &  [-30.79, c24] &  [-3.59, c25] &  [-22.45, c26] &  [-1.87, c27] &  [-26.49, c28] &  [-26.55, c29] &  [-4.47, c30] &  [-0.6, c31] &  [-18.28, c32] &  [-38.42, c33] &  [-15.07, c34] &  [-36.77, c35] &  [-1.31, c36] &  [-9.24, c37] &  [-27.38, c38] &  [-1.37, c39] &  [-11.47, c40] &  [-33.57, c41] &  [-13.91, c42] &  [-2.72, c43] &  [-0.93, c44] &  [-18.75, c45] &  [-5.58, c46] &  [-28.51, c47] &          [0, ] \\
c24         &  [-0.16, new\_cluster] &  [-19.14, c1] &  [-0.53, c2] &  [-0.09, c3] &  [-16.06, c4] &  [-15.17, c5] &  [-22.88, c6] &  [-5.72, c7] &  [-0.49, c8] &  [-16.28, c9] &  [-20.18, c10] &  [-14.49, c11] &  [-28.99, c12] &  [-0.16, c13] &  [-11.21, c14] &  [-22.86, c15] &   [-22.3, c16] &  [-1.09, c17] &  [-16.82, c18] &   [-21.5, c19] &  [-0.11, c20] &  [-18.54, c21] &  [-0.27, c22] &  [-16.96, c23] &  [-30.74, c24] &  [-3.58, c25] &  [-26.41, c26] &  [-1.87, c27] &  [-26.49, c28] &  [-26.84, c29] &  [-4.47, c30] &  [-0.6, c31] &  [-16.98, c32] &  [-38.42, c33] &  [-15.44, c34] &  [-36.77, c35] &  [-1.31, c36] &  [-9.24, c37] &  [-27.38, c38] &  [-1.49, c39] &  [-11.32, c40] &  [-33.57, c41] &  [-13.91, c42] &  [-2.72, c43] &  [-0.93, c44] &  [-18.91, c45] &  [-5.58, c46] &  [-28.51, c47] &  [-17.38, c48] \\
c25         &  [-0.16, new\_cluster] &  [-18.73, c1] &  [-0.52, c2] &  [-0.06, c3] &  [-15.84, c4] &  [-14.93, c5] &   [-23.2, c6] &  [-5.63, c7] &  [-0.48, c8] &   [-16.6, c9] &  [-19.52, c10] &  [-13.88, c11] &  [-28.99, c12] &  [-0.12, c13] &  [-11.31, c14] &  [-23.37, c15] &  [-22.02, c16] &  [-1.12, c17] &  [-16.89, c18] &  [-21.68, c19] &  [-0.08, c20] &  [-18.55, c21] &  [-0.26, c22] &  [-17.14, c23] &  [-31.18, c24] &  [-3.16, c25] &  [-24.06, c26] &  [-1.87, c27] &  [-26.49, c28] &  [-26.61, c29] &  [-4.47, c30] &  [-0.6, c31] &  [-15.75, c32] &  [-38.42, c33] &  [-14.87, c34] &  [-36.77, c35] &  [-1.31, c36] &  [-9.24, c37] &  [-27.38, c38] &  [-1.45, c39] &  [-11.59, c40] &  [-33.57, c41] &  [-13.91, c42] &  [-2.72, c43] &  [-0.93, c44] &  [-18.76, c45] &  [-5.58, c46] &          [0, ] &          [0, ] \\
c26         &  [-0.16, new\_cluster] &  [-19.23, c1] &   [-0.5, c2] &  [-0.07, c3] &  [-15.87, c4] &  [-14.61, c5] &  [-22.78, c6] &  [-5.54, c7] &   [-0.5, c8] &  [-16.55, c9] &  [-20.03, c10] &  [-14.05, c11] &  [-28.99, c12] &  [-0.17, c13] &  [-11.05, c14] &  [-22.86, c15] &  [-22.24, c16] &  [-1.13, c17] &  [-16.67, c18] &  [-21.75, c19] &  [-0.08, c20] &  [-18.78, c21] &   [-0.2, c22] &  [-16.91, c23] &  [-30.33, c24] &  [-4.15, c25] &   [-20.3, c26] &  [-1.87, c27] &  [-26.49, c28] &  [-26.57, c29] &  [-4.47, c30] &  [-0.6, c31] &   [-15.2, c32] &  [-38.42, c33] &  [-14.97, c34] &  [-36.77, c35] &  [-1.31, c36] &  [-9.24, c37] &  [-27.38, c38] &  [-1.42, c39] &  [-11.39, c40] &  [-33.57, c41] &  [-13.91, c42] &  [-2.72, c43] &  [-0.93, c44] &  [-18.68, c45] &  [-5.58, c46] &  [-28.51, c47] &   [-17.4, c48] \\
c27         &  [-0.16, new\_cluster] &  [-18.85, c1] &  [-0.47, c2] &  [-0.06, c3] &  [-15.74, c4] &   [-14.7, c5] &  [-22.49, c6] &  [-5.55, c7] &  [-0.48, c8] &   [-16.5, c9] &   [-20.0, c10] &  [-14.24, c11] &  [-28.99, c12] &  [-0.17, c13] &  [-11.39, c14] &  [-22.95, c15] &  [-22.17, c16] &  [-1.16, c17] &  [-17.09, c18] &  [-22.32, c19] &  [-0.08, c20] &  [-18.71, c21] &  [-0.26, c22] &  [-16.65, c23] &  [-31.06, c24] &  [-3.42, c25] &  [-22.09, c26] &  [-1.87, c27] &  [-26.49, c28] &  [-26.52, c29] &  [-4.47, c30] &  [-0.6, c31] &  [-18.83, c32] &  [-38.42, c33] &  [-15.03, c34] &  [-36.77, c35] &  [-1.31, c36] &  [-9.24, c37] &  [-27.38, c38] &  [-1.37, c39] &  [-11.41, c40] &  [-33.57, c41] &  [-13.91, c42] &  [-2.72, c43] &  [-0.93, c44] &  [-18.66, c45] &  [-5.58, c46] &  [-28.51, c47] &  [-17.42, c48] \\
c28         &  [-0.16, new\_cluster] &  [-19.16, c1] &  [-0.43, c2] &  [-0.05, c3] &  [-16.06, c4] &  [-14.77, c5] &  [-22.53, c6] &  [-5.49, c7] &  [-0.47, c8] &  [-17.07, c9] &   [-19.5, c10] &  [-14.27, c11] &  [-28.99, c12] &  [-0.11, c13] &  [-11.39, c14] &  [-23.53, c15] &  [-21.93, c16] &  [-1.17, c17] &  [-17.15, c18] &   [-21.3, c19] &  [-0.07, c20] &  [-18.37, c21] &  [-0.24, c22] &  [-16.38, c23] &  [-31.29, c24] &  [-3.72, c25] &   [-25.1, c26] &  [-1.87, c27] &  [-26.49, c28] &  [-26.89, c29] &  [-4.47, c30] &  [-0.6, c31] &  [-17.99, c32] &  [-38.42, c33] &  [-15.18, c34] &  [-36.77, c35] &  [-1.31, c36] &  [-9.24, c37] &  [-27.38, c38] &  [-1.42, c39] &  [-11.62, c40] &  [-33.57, c41] &  [-13.91, c42] &  [-2.72, c43] &  [-0.93, c44] &   [-18.9, c45] &  [-5.58, c46] &  [-28.51, c47] &  [-17.39, c48] \\
c29         &  [-0.16, new\_cluster] &  [-18.84, c1] &  [-0.45, c2] &  [-0.05, c3] &  [-16.18, c4] &  [-14.69, c5] &  [-22.99, c6] &  [-5.49, c7] &  [-0.54, c8] &  [-16.81, c9] &  [-19.91, c10] &  [-14.56, c11] &  [-28.99, c12] &  [-0.16, c13] &  [-10.93, c14] &  [-23.25, c15] &  [-22.85, c16] &  [-1.16, c17] &  [-17.55, c18] &  [-21.74, c19] &   [-0.1, c20] &  [-18.85, c21] &  [-0.25, c22] &  [-17.29, c23] &  [-30.77, c24] &  [-3.66, c25] &  [-21.47, c26] &  [-1.87, c27] &  [-26.49, c28] &  [-26.53, c29] &  [-4.47, c30] &  [-0.6, c31] &  [-16.85, c32] &  [-38.42, c33] &  [-15.37, c34] &  [-36.77, c35] &  [-1.31, c36] &  [-9.24, c37] &  [-27.38, c38] &   [-1.4, c39] &  [-11.47, c40] &  [-33.57, c41] &  [-13.91, c42] &  [-2.72, c43] &  [-0.93, c44] &  [-18.56, c45] &  [-5.58, c46] &  [-28.51, c47] &  [-17.51, c48] \\
c30         &  [-0.16, new\_cluster] &  [-19.07, c1] &  [-0.41, c2] &   [-0.1, c3] &  [-16.19, c4] &   [-14.7, c5] &  [-23.02, c6] &  [-5.55, c7] &  [-0.47, c8] &  [-16.59, c9] &  [-19.52, c10] &  [-14.04, c11] &  [-28.99, c12] &  [-0.12, c13] &  [-11.22, c14] &  [-22.85, c15] &  [-22.85, c16] &  [-1.07, c17] &  [-17.35, c18] &  [-22.16, c19] &  [-0.09, c20] &  [-18.34, c21] &  [-0.26, c22] &  [-16.64, c23] &  [-31.03, c24] &  [-4.84, c25] &  [-26.81, c26] &  [-1.87, c27] &  [-26.49, c28] &  [-26.52, c29] &  [-4.47, c30] &  [-0.6, c31] &  [-16.94, c32] &  [-38.42, c33] &  [-14.89, c34] &  [-36.77, c35] &  [-1.31, c36] &  [-9.24, c37] &  [-27.38, c38] &  [-1.36, c39] &  [-11.41, c40] &  [-33.57, c41] &  [-13.91, c42] &  [-2.72, c43] &  [-0.93, c44] &  [-18.53, c45] &  [-5.58, c46] &  [-28.51, c47] &  [-17.43, c48] \\
c31         &  [-0.16, new\_cluster] &  [-19.13, c1] &  [-0.44, c2] &  [-0.07, c3] &  [-15.78, c4] &  [-14.77, c5] &  [-22.73, c6] &  [-5.55, c7] &  [-0.47, c8] &   [-16.6, c9] &   [-19.8, c10] &  [-14.21, c11] &  [-28.99, c12] &  [-0.12, c13] &  [-11.22, c14] &  [-22.52, c15] &  [-22.88, c16] &  [-1.13, c17] &  [-16.81, c18] &  [-22.12, c19] &  [-0.08, c20] &   [-18.8, c21] &  [-0.25, c22] &  [-17.31, c23] &  [-31.35, c24] &  [-3.79, c25] &  [-21.16, c26] &  [-1.87, c27] &  [-26.49, c28] &  [-26.76, c29] &  [-4.47, c30] &  [-0.6, c31] &  [-16.46, c32] &  [-38.42, c33] &  [-14.87, c34] &  [-36.77, c35] &  [-1.31, c36] &  [-9.24, c37] &  [-27.38, c38] &  [-1.42, c39] &  [-11.53, c40] &  [-33.57, c41] &  [-13.91, c42] &  [-2.72, c43] &  [-0.93, c44] &  [-18.57, c45] &  [-5.58, c46] &  [-28.51, c47] &  [-17.42, c48] \\
c32         &  [-0.16, new\_cluster] &  [-18.83, c1] &  [-0.44, c2] &  [-0.08, c3] &  [-15.65, c4] &  [-15.09, c5] &  [-22.71, c6] &   [-5.6, c7] &  [-0.52, c8] &  [-16.36, c9] &   [-19.9, c10] &  [-14.34, c11] &  [-28.99, c12] &   [-0.1, c13] &  [-11.19, c14] &   [-22.8, c15] &  [-22.37, c16] &  [-1.09, c17] &  [-16.73, c18] &   [-21.6, c19] &  [-0.09, c20] &  [-19.03, c21] &  [-0.25, c22] &  [-16.67, c23] &  [-30.79, c24] &  [-5.64, c25] &  [-17.93, c26] &  [-1.87, c27] &  [-26.49, c28] &  [-26.83, c29] &  [-4.47, c30] &  [-0.6, c31] &  [-16.94, c32] &  [-38.42, c33] &  [-14.97, c34] &  [-36.77, c35] &  [-1.31, c36] &  [-9.24, c37] &  [-27.38, c38] &  [-1.43, c39] &  [-11.24, c40] &  [-33.57, c41] &  [-13.91, c42] &  [-2.72, c43] &  [-0.93, c44] &  [-18.75, c45] &  [-5.58, c46] &  [-28.51, c47] &  [-17.39, c48] \\
c33         &  [-0.16, new\_cluster] &  [-19.12, c1] &  [-0.52, c2] &  [-0.08, c3] &  [-15.97, c4] &  [-15.01, c5] &  [-22.64, c6] &  [-5.48, c7] &  [-0.53, c8] &  [-16.28, c9] &  [-19.88, c10] &  [-14.42, c11] &  [-28.99, c12] &  [-0.13, c13] &   [-11.2, c14] &   [-22.6, c15] &  [-22.95, c16] &  [-1.05, c17] &  [-16.54, c18] &  [-21.42, c19] &  [-0.09, c20] &   [-18.4, c21] &  [-0.26, c22] &  [-16.86, c23] &   [-31.3, c24] &   [-3.8, c25] &  [-26.01, c26] &  [-1.87, c27] &  [-26.49, c28] &  [-26.64, c29] &  [-4.47, c30] &  [-0.6, c31] &  [-16.71, c32] &  [-38.42, c33] &  [-15.12, c34] &  [-36.77, c35] &  [-1.31, c36] &  [-9.24, c37] &  [-27.38, c38] &   [-1.4, c39] &  [-11.53, c40] &  [-33.57, c41] &  [-13.91, c42] &  [-2.72, c43] &  [-0.93, c44] &  [-18.97, c45] &  [-5.58, c46] &  [-28.51, c47] &  [-17.48, c48] \\
c34         &  [-0.16, new\_cluster] &  [-19.17, c1] &  [-0.49, c2] &  [-0.07, c3] &  [-15.91, c4] &  [-14.05, c5] &  [-23.24, c6] &  [-5.73, c7] &  [-0.51, c8] &  [-16.65, c9] &  [-20.01, c10] &   [-14.0, c11] &  [-28.99, c12] &  [-0.11, c13] &  [-11.46, c14] &  [-23.17, c15] &  [-22.14, c16] &  [-1.15, c17] &  [-16.75, c18] &  [-21.97, c19] &   [-0.1, c20] &  [-18.24, c21] &  [-0.22, c22] &  [-17.17, c23] &  [-31.54, c24] &  [-5.22, c25] &  [-24.69, c26] &  [-1.87, c27] &  [-26.49, c28] &  [-26.48, c29] &  [-4.47, c30] &  [-0.6, c31] &  [-17.44, c32] &  [-38.42, c33] &  [-15.12, c34] &  [-36.77, c35] &  [-1.31, c36] &  [-9.24, c37] &  [-27.38, c38] &  [-1.48, c39] &  [-11.65, c40] &  [-33.57, c41] &  [-13.91, c42] &  [-2.72, c43] &  [-0.93, c44] &  [-18.69, c45] &  [-5.58, c46] &  [-28.51, c47] &  [-17.44, c48] \\
c35         &  [-0.16, new\_cluster] &  [-18.53, c1] &  [-0.41, c2] &  [-0.06, c3] &  [-15.71, c4] &  [-14.51, c5] &  [-22.75, c6] &  [-5.41, c7] &  [-0.45, c8] &  [-16.21, c9] &  [-19.57, c10] &  [-14.74, c11] &  [-28.99, c12] &  [-0.09, c13] &  [-11.12, c14] &  [-22.97, c15] &  [-22.29, c16] &  [-1.13, c17] &  [-17.11, c18] &   [-21.6, c19] &  [-0.09, c20] &  [-18.59, c21] &   [-0.2, c22] &  [-16.92, c23] &  [-30.09, c24] &  [-4.74, c25] &  [-29.09, c26] &  [-1.87, c27] &  [-26.49, c28] &  [-26.63, c29] &  [-4.47, c30] &  [-0.6, c31] &  [-15.76, c32] &  [-38.42, c33] &  [-15.53, c34] &  [-36.77, c35] &  [-1.31, c36] &  [-9.24, c37] &  [-27.38, c38] &  [-1.51, c39] &  [-11.56, c40] &  [-33.57, c41] &  [-13.91, c42] &  [-2.72, c43] &  [-0.93, c44] &  [-18.62, c45] &  [-5.58, c46] &  [-28.51, c47] &  [-17.44, c48] \\
c36         &  [-0.16, new\_cluster] &  [-19.01, c1] &  [-0.45, c2] &  [-0.07, c3] &  [-16.26, c4] &  [-14.69, c5] &   [-23.2, c6] &  [-5.56, c7] &  [-0.51, c8] &  [-16.11, c9] &   [-19.8, c10] &   [-14.5, c11] &  [-28.99, c12] &  [-0.11, c13] &  [-11.19, c14] &  [-22.94, c15] &  [-22.22, c16] &  [-1.19, c17] &  [-16.86, c18] &  [-21.98, c19] &  [-0.08, c20] &  [-18.72, c21] &  [-0.23, c22] &  [-17.22, c23] &  [-30.67, c24] &   [-5.6, c25] &  [-16.83, c26] &  [-1.87, c27] &  [-26.49, c28] &  [-26.43, c29] &  [-4.47, c30] &  [-0.6, c31] &  [-18.87, c32] &  [-38.42, c33] &  [-14.83, c34] &  [-36.77, c35] &  [-1.31, c36] &  [-9.24, c37] &  [-27.38, c38] &  [-1.25, c39] &  [-11.56, c40] &  [-33.57, c41] &  [-13.91, c42] &  [-2.72, c43] &  [-0.93, c44] &  [-18.61, c45] &  [-5.58, c46] &  [-28.51, c47] &  [-17.43, c48] \\
c37         &  [-0.16, new\_cluster] &  [-19.61, c1] &  [-0.47, c2] &  [-0.06, c3] &  [-15.94, c4] &  [-14.95, c5] &  [-22.57, c6] &  [-5.68, c7] &   [-0.5, c8] &  [-16.27, c9] &  [-19.54, c10] &  [-14.27, c11] &  [-28.99, c12] &  [-0.17, c13] &  [-11.22, c14] &  [-22.75, c15] &  [-22.14, c16] &  [-1.08, c17] &  [-16.99, c18] &  [-22.02, c19] &  [-0.09, c20] &  [-18.41, c21] &  [-0.22, c22] &  [-16.91, c23] &  [-31.16, c24] &   [-5.6, c25] &  [-27.93, c26] &  [-1.87, c27] &  [-26.49, c28] &  [-26.53, c29] &  [-4.47, c30] &  [-0.6, c31] &  [-17.98, c32] &  [-38.42, c33] &  [-15.46, c34] &  [-36.77, c35] &  [-1.31, c36] &  [-9.24, c37] &  [-27.38, c38] &   [-1.5, c39] &   [-11.5, c40] &  [-33.57, c41] &  [-13.91, c42] &  [-2.72, c43] &  [-0.93, c44] &  [-18.82, c45] &  [-5.58, c46] &  [-28.51, c47] &          [0, ] \\
c38         &  [-0.16, new\_cluster] &  [-18.84, c1] &   [-0.5, c2] &  [-0.09, c3] &  [-15.27, c4] &  [-14.99, c5] &   [-22.8, c6] &  [-5.59, c7] &  [-0.53, c8] &   [-16.6, c9] &  [-19.72, c10] &  [-14.25, c11] &  [-28.99, c12] &  [-0.14, c13] &  [-11.25, c14] &  [-23.26, c15] &  [-22.46, c16] &  [-1.15, c17] &   [-17.0, c18] &  [-21.64, c19] &  [-0.09, c20] &  [-18.61, c21] &  [-0.25, c22] &  [-16.69, c23] &  [-30.88, c24] &  [-5.23, c25] &  [-23.44, c26] &  [-1.87, c27] &  [-26.49, c28] &  [-26.84, c29] &  [-4.47, c30] &  [-0.6, c31] &  [-19.11, c32] &  [-38.42, c33] &  [-14.99, c34] &  [-36.77, c35] &  [-1.31, c36] &  [-9.24, c37] &  [-27.38, c38] &   [-1.5, c39] &   [-11.5, c40] &  [-33.57, c41] &  [-13.91, c42] &  [-2.72, c43] &  [-0.93, c44] &  [-18.66, c45] &  [-5.58, c46] &  [-28.51, c47] &          [0, ] \\
c39         &  [-0.16, new\_cluster] &  [-19.45, c1] &  [-0.46, c2] &  [-0.07, c3] &  [-15.93, c4] &  [-14.71, c5] &  [-23.07, c6] &  [-5.47, c7] &  [-0.45, c8] &   [-16.6, c9] &  [-19.79, c10] &  [-14.47, c11] &  [-28.99, c12] &  [-0.14, c13] &  [-10.92, c14] &   [-22.9, c15] &  [-22.85, c16] &  [-1.16, c17] &  [-17.02, c18] &  [-21.83, c19] &   [-0.1, c20] &  [-18.63, c21] &  [-0.25, c22] &  [-16.76, c23] &  [-30.83, c24] &  [-5.82, c25] &  [-21.16, c26] &  [-1.87, c27] &  [-26.49, c28] &  [-26.58, c29] &  [-4.47, c30] &  [-0.6, c31] &  [-20.22, c32] &  [-38.42, c33] &  [-14.97, c34] &  [-36.77, c35] &  [-1.31, c36] &  [-9.24, c37] &  [-27.38, c38] &   [-1.5, c39] &   [-11.5, c40] &  [-33.57, c41] &  [-13.91, c42] &  [-2.72, c43] &  [-0.93, c44] &  [-18.54, c45] &  [-5.58, c46] &  [-28.51, c47] &  [-17.34, c48] \\
c40         &  [-0.16, new\_cluster] &  [-18.51, c1] &  [-0.52, c2] &  [-0.06, c3] &  [-15.85, c4] &  [-14.51, c5] &  [-22.77, c6] &  [-5.62, c7] &  [-0.45, c8] &   [-16.2, c9] &  [-20.24, c10] &  [-14.41, c11] &  [-28.99, c12] &   [-0.1, c13] &  [-11.16, c14] &  [-22.71, c15] &  [-22.33, c16] &   [-1.1, c17] &  [-16.72, c18] &  [-21.05, c19] &   [-0.1, c20] &  [-18.64, c21] &  [-0.25, c22] &  [-16.59, c23] &  [-30.94, c24] &  [-4.84, c25] &  [-21.47, c26] &  [-1.87, c27] &  [-26.49, c28] &  [-26.43, c29] &  [-4.47, c30] &  [-0.6, c31] &  [-17.98, c32] &  [-38.42, c33] &  [-14.87, c34] &  [-36.77, c35] &  [-1.31, c36] &  [-9.24, c37] &  [-27.38, c38] &  [-1.47, c39] &   [-11.5, c40] &  [-33.57, c41] &  [-13.91, c42] &  [-2.72, c43] &  [-0.93, c44] &  [-18.75, c45] &  [-5.58, c46] &  [-28.51, c47] &  [-17.63, c48] \\
c41         &  [-0.16, new\_cluster] &  [-18.47, c1] &  [-0.43, c2] &   [-0.1, c3] &  [-15.74, c4] &  [-14.86, c5] &  [-22.65, c6] &  [-5.67, c7] &  [-0.45, c8] &  [-16.68, c9] &  [-20.58, c10] &  [-14.67, c11] &  [-28.99, c12] &  [-0.11, c13] &  [-11.15, c14] &   [-23.3, c15] &  [-22.18, c16] &  [-1.17, c17] &  [-16.79, c18] &   [-21.6, c19] &  [-0.08, c20] &  [-18.63, c21] &  [-0.22, c22] &  [-16.45, c23] &  [-31.01, c24] &  [-4.94, c25] &  [-21.84, c26] &  [-1.87, c27] &  [-26.49, c28] &  [-26.59, c29] &  [-4.47, c30] &  [-0.6, c31] &  [-17.28, c32] &  [-38.42, c33] &   [-15.0, c34] &  [-36.77, c35] &  [-1.31, c36] &  [-9.24, c37] &  [-27.38, c38] &  [-1.31, c39] &  [-11.47, c40] &  [-33.57, c41] &  [-13.91, c42] &  [-2.72, c43] &  [-0.93, c44] &  [-18.67, c45] &  [-5.58, c46] &  [-28.51, c47] &          [0, ] \\
c42         &  [-0.16, new\_cluster] &  [-19.12, c1] &  [-0.46, c2] &  [-0.07, c3] &  [-15.44, c4] &  [-14.97, c5] &   [-23.1, c6] &  [-5.55, c7] &  [-0.49, c8] &  [-16.54, c9] &  [-19.68, c10] &  [-14.31, c11] &  [-28.99, c12] &  [-0.11, c13] &  [-11.44, c14] &   [-22.8, c15] &  [-22.11, c16] &  [-1.06, c17] &  [-17.11, c18] &  [-21.58, c19] &  [-0.08, c20] &  [-18.55, c21] &  [-0.21, c22] &  [-16.66, c23] &   [-31.1, c24] &  [-4.91, c25] &  [-19.25, c26] &  [-1.87, c27] &  [-26.49, c28] &  [-26.51, c29] &  [-4.47, c30] &  [-0.6, c31] &  [-15.17, c32] &  [-38.42, c33] &  [-15.04, c34] &  [-36.77, c35] &  [-1.31, c36] &  [-9.24, c37] &  [-27.38, c38] &  [-1.36, c39] &  [-11.48, c40] &  [-33.57, c41] &  [-13.91, c42] &  [-2.72, c43] &  [-0.93, c44] &  [-18.71, c45] &  [-5.58, c46] &  [-28.51, c47] &          [0, ] \\
c43         &  [-0.16, new\_cluster] &  [-19.43, c1] &  [-0.43, c2] &  [-0.04, c3] &  [-15.89, c4] &  [-14.58, c5] &  [-22.49, c6] &  [-5.66, c7] &  [-0.51, c8] &  [-16.57, c9] &  [-19.92, c10] &   [-14.6, c11] &  [-28.99, c12] &  [-0.13, c13] &  [-11.26, c14] &  [-22.83, c15] &  [-22.51, c16] &  [-1.26, c17] &  [-16.89, c18] &  [-22.31, c19] &   [-0.1, c20] &  [-18.38, c21] &  [-0.21, c22] &   [-16.9, c23] &  [-30.31, c24] &  [-5.23, c25] &  [-26.01, c26] &  [-1.87, c27] &  [-26.49, c28] &   [-26.7, c29] &  [-4.47, c30] &  [-0.6, c31] &  [-17.16, c32] &  [-38.42, c33] &  [-14.76, c34] &  [-36.77, c35] &  [-1.31, c36] &  [-9.24, c37] &  [-27.38, c38] &  [-1.31, c39] &  [-11.45, c40] &  [-33.57, c41] &  [-13.91, c42] &  [-2.72, c43] &  [-0.93, c44] &  [-18.78, c45] &  [-5.58, c46] &  [-28.51, c47] &          [0, ] \\
c44         &  [-0.16, new\_cluster] &  [-19.22, c1] &  [-0.49, c2] &  [-0.07, c3] &  [-16.02, c4] &  [-14.23, c5] &   [-22.8, c6] &  [-5.61, c7] &  [-0.45, c8] &  [-16.25, c9] &  [-19.75, c10] &  [-14.55, c11] &  [-28.99, c12] &  [-0.16, c13] &  [-11.16, c14] &  [-23.01, c15] &  [-21.81, c16] &  [-1.09, c17] &  [-16.59, c18] &  [-21.56, c19] &  [-0.09, c20] &  [-18.62, c21] &  [-0.22, c22] &  [-16.91, c23] &  [-30.63, c24] &  [-5.56, c25] &  [-20.91, c26] &  [-1.87, c27] &  [-26.49, c28] &  [-26.86, c29] &  [-4.47, c30] &  [-0.6, c31] &  [-17.87, c32] &  [-38.42, c33] &  [-15.25, c34] &  [-36.77, c35] &  [-1.31, c36] &  [-9.24, c37] &  [-27.38, c38] &  [-1.41, c39] &  [-11.38, c40] &  [-33.57, c41] &  [-13.91, c42] &  [-2.72, c43] &  [-0.93, c44] &  [-18.89, c45] &  [-5.58, c46] &  [-28.51, c47] &  [-17.51, c48] \\
c45         &  [-0.16, new\_cluster] &   [-18.9, c1] &  [-0.54, c2] &  [-0.07, c3] &  [-15.81, c4] &  [-14.47, c5] &  [-23.18, c6] &  [-5.52, c7] &  [-0.43, c8] &  [-16.06, c9] &  [-20.22, c10] &  [-14.01, c11] &  [-28.99, c12] &  [-0.16, c13] &  [-10.97, c14] &  [-22.98, c15] &  [-22.67, c16] &  [-1.14, c17] &  [-17.09, c18] &  [-22.36, c19] &  [-0.11, c20] &  [-18.47, c21] &   [-0.2, c22] &  [-17.05, c23] &  [-30.46, c24] &  [-4.25, c25] &  [-21.26, c26] &  [-1.87, c27] &  [-26.49, c28] &  [-26.75, c29] &  [-4.47, c30] &  [-0.6, c31] &  [-16.18, c32] &  [-38.42, c33] &  [-15.05, c34] &  [-36.77, c35] &  [-1.31, c36] &  [-9.24, c37] &  [-27.38, c38] &  [-1.44, c39] &  [-11.65, c40] &  [-33.57, c41] &  [-13.91, c42] &  [-2.72, c43] &  [-0.93, c44] &  [-18.71, c45] &  [-5.58, c46] &          [0, ] &          [0, ] \\
c46         &  [-0.16, new\_cluster] &   [-19.4, c1] &  [-0.53, c2] &  [-0.07, c3] &  [-15.49, c4] &  [-14.41, c5] &  [-22.94, c6] &  [-5.61, c7] &  [-0.44, c8] &  [-16.37, c9] &  [-19.99, c10] &  [-14.21, c11] &  [-28.99, c12] &  [-0.14, c13] &  [-11.24, c14] &  [-23.17, c15] &  [-22.46, c16] &  [-1.19, c17] &  [-17.39, c18] &  [-22.24, c19] &  [-0.09, c20] &  [-18.75, c21] &  [-0.21, c22] &  [-17.05, c23] &  [-31.28, c24] &   [-4.5, c25] &  [-26.81, c26] &  [-1.87, c27] &  [-26.49, c28] &  [-26.55, c29] &  [-4.47, c30] &  [-0.6, c31] &  [-18.02, c32] &  [-38.42, c33] &  [-14.86, c34] &  [-36.77, c35] &  [-1.31, c36] &  [-9.24, c37] &  [-27.38, c38] &  [-1.29, c39] &  [-11.65, c40] &  [-33.57, c41] &  [-13.91, c42] &  [-2.72, c43] &  [-0.93, c44] &  [-18.76, c45] &  [-5.58, c46] &  [-28.51, c47] &          [0, ] \\
c47         &  [-0.16, new\_cluster] &  [-19.56, c1] &  [-0.46, c2] &  [-0.07, c3] &  [-15.51, c4] &  [-14.91, c5] &   [-22.8, c6] &  [-5.56, c7] &   [-0.5, c8] &  [-16.42, c9] &  [-19.82, c10] &  [-14.45, c11] &  [-28.99, c12] &  [-0.12, c13] &  [-11.04, c14] &  [-22.86, c15] &  [-22.47, c16] &  [-1.17, c17] &  [-17.11, c18] &  [-21.32, c19] &   [-0.1, c20] &  [-18.47, c21] &  [-0.22, c22] &  [-17.13, c23] &  [-30.88, c24] &  [-4.86, c25] &  [-23.69, c26] &  [-1.87, c27] &  [-26.49, c28] &  [-26.61, c29] &  [-4.47, c30] &  [-0.6, c31] &  [-16.26, c32] &  [-38.42, c33] &  [-15.02, c34] &  [-36.77, c35] &  [-1.31, c36] &  [-9.24, c37] &  [-27.38, c38] &  [-1.42, c39] &  [-11.44, c40] &  [-33.57, c41] &  [-13.91, c42] &  [-2.72, c43] &  [-0.93, c44] &          [0, ] &         [0, ] &          [0, ] &          [0, ] \\
c48         &  [-0.16, new\_cluster] &  [-19.13, c1] &  [-0.44, c2] &  [-0.08, c3] &  [-16.33, c4] &  [-15.13, c5] &  [-22.77, c6] &  [-5.66, c7] &  [-0.49, c8] &  [-16.67, c9] &  [-19.87, c10] &  [-14.34, c11] &  [-28.99, c12] &  [-0.11, c13] &  [-11.26, c14] &  [-23.11, c15] &   [-22.8, c16] &  [-1.08, c17] &  [-17.04, c18] &  [-21.95, c19] &  [-0.11, c20] &  [-18.62, c21] &  [-0.25, c22] &   [-16.9, c23] &  [-30.27, c24] &  [-3.55, c25] &  [-20.55, c26] &  [-1.87, c27] &  [-26.49, c28] &  [-26.78, c29] &  [-4.47, c30] &  [-0.6, c31] &  [-18.18, c32] &  [-38.42, c33] &  [-15.18, c34] &  [-36.77, c35] &  [-1.31, c36] &         [0, ] &          [0, ] &         [0, ] &          [0, ] &          [0, ] &          [0, ] &         [0, ] &         [0, ] &          [0, ] &         [0, ] &          [0, ] &          [0, ] \\
\bottomrule
\end{tabular}

