Experiment_path: Random_Seeds_DV5//V5_2/Experiment_05_3_opt_temp
Dataset_Path: ../_00_Datasets/03_SimDaten_Quiroga2020/C_Difficult2_noise020.mat
Dataset_name: ['03_SimDaten_Quiroga2020', 'C_Difficult2_noise020.mat']
Variant_name: Variant_05_Online_Autoencoder_QLearning_opt_temp
Visualisation_Path: Random_Seeds_DV5//V5_2/Experiment_05_3_opt_temp/C_Difficult2_noise020.mat/Variant_05_Online_Autoencoder_QLearning_opt_temp/2023_04_16-16_23_33
Punishment_Coefficient: 0.7
<_01_LoadDataset.ExternCode.spike_class.spike_dataclass object at 0x0000011B20F67D30>
Sampling rate: 24000.0
Raw: [-0.05920843 -0.02398302  0.01513494 ...  0.2971695   0.32984394
  0.35872829]
Times: [    337    1080    1305 ... 1438651 1438787 1439662]
Cluster: [2 1 1 ... 2 1 3]
Number of different clusters:  3
Number of Spikes: 3493
First aligned Spike Frame: [ 0.50880334  0.56984686  0.60721022  0.60769692  0.58122704  0.55003969
  0.51479324  0.46436685  0.40848987  0.36206071  0.31750134  0.26828304
  0.23270096  0.2305818   0.25904633  0.30599383  0.36680145  0.45670025
  0.60261795  0.8012213   1.02149976  1.23478943  1.38977263  1.39868415
  1.211664    0.88028336  0.50425138  0.15449729 -0.12937778 -0.32272009
 -0.40685817 -0.38921932 -0.31829776 -0.24412685 -0.18860857 -0.1442941
 -0.0976923  -0.0504865  -0.01384986  0.00955437  0.03047694  0.05600466
  0.07308225  0.06101434  0.01148826 -0.0607151  -0.13636803]
Cluster 0, Occurrences: 1151
Cluster 1, Occurrences: 1195
Cluster 2, Occurrences: 1147
Number of Clusters: 3
Online_Training [1/700]: mean_loss=0.340669684112072
Online_Training [2/700]: mean_loss=0.22793470323085785
Online_Training [3/700]: mean_loss=0.2905234768986702
Online_Training [4/700]: mean_loss=0.16215491108596325
Online_Training [5/700]: mean_loss=0.2075602225959301
Online_Training [6/700]: mean_loss=0.16361188143491745
Online_Training [7/700]: mean_loss=0.12382227275520563
Online_Training [8/700]: mean_loss=0.18464966863393784
Online_Training [9/700]: mean_loss=0.0983284404501319
Online_Training [10/700]: mean_loss=0.1426913235336542
Online_Training [11/700]: mean_loss=0.2229493446648121
Online_Training [12/700]: mean_loss=0.1564224436879158
Online_Training [13/700]: mean_loss=0.0743292523548007
Online_Training [14/700]: mean_loss=0.1573737021535635
Online_Training [15/700]: mean_loss=0.0769668985158205
Online_Training [16/700]: mean_loss=0.12037060037255287
Online_Training [17/700]: mean_loss=0.07788871228694916
Online_Training [18/700]: mean_loss=0.18316535651683807
Online_Training [19/700]: mean_loss=0.06823436543345451
Online_Training [20/700]: mean_loss=0.0812371801584959
Online_Training [21/700]: mean_loss=0.03946891101077199
Online_Training [22/700]: mean_loss=0.0793846920132637
Online_Training [23/700]: mean_loss=0.3497726134955883
Online_Training [24/700]: mean_loss=0.1845529843121767
Online_Training [25/700]: mean_loss=0.03444599360227585
Online_Training [26/700]: mean_loss=0.09407651890069246
Online_Training [27/700]: mean_loss=0.07019265368580818
Online_Training [28/700]: mean_loss=0.15360807441174984
Online_Training [29/700]: mean_loss=0.06894663069397211
Online_Training [30/700]: mean_loss=0.08222110476344824
Online_Training [31/700]: mean_loss=0.14491637609899044
Online_Training [32/700]: mean_loss=0.09190570563077927
Online_Training [33/700]: mean_loss=0.06596031924709678
Online_Training [34/700]: mean_loss=0.44933369755744934
Online_Training [35/700]: mean_loss=0.2370399609208107
Online_Training [36/700]: mean_loss=0.09845722373574972
Online_Training [37/700]: mean_loss=0.07863298710435629
Online_Training [38/700]: mean_loss=0.08157879114151001
Online_Training [39/700]: mean_loss=0.06353338109329343
Online_Training [40/700]: mean_loss=0.09889822546392679
Online_Training [41/700]: mean_loss=0.08501717168837786
Online_Training [42/700]: mean_loss=0.054517611395567656
Online_Training [43/700]: mean_loss=0.060991345439106226
Online_Training [44/700]: mean_loss=0.2431312631815672
Online_Training [45/700]: mean_loss=0.0693565970286727
Online_Training [46/700]: mean_loss=0.04080240521579981
Online_Training [47/700]: mean_loss=0.05750921228900552
Online_Training [48/700]: mean_loss=0.03812183812260628
Online_Training [49/700]: mean_loss=0.03015108685940504
Online_Training [50/700]: mean_loss=0.044781914446502924
Online_Training [51/700]: mean_loss=0.032608979381620884
Online_Training [52/700]: mean_loss=0.03848290629684925
Online_Training [53/700]: mean_loss=0.05266575142741203
Online_Training [54/700]: mean_loss=0.09776933956891298
Online_Training [55/700]: mean_loss=0.039857050869613886
Online_Training [56/700]: mean_loss=0.029571073362603784
Online_Training [57/700]: mean_loss=0.029080108273774385
Online_Training [58/700]: mean_loss=0.03452788759022951
Online_Training [59/700]: mean_loss=0.025686527835205197
Online_Training [60/700]: mean_loss=0.03220202401280403
Online_Training [61/700]: mean_loss=0.02244619349949062
Online_Training [62/700]: mean_loss=0.012332474114373326
Online_Training [63/700]: mean_loss=0.023252347484230995
Online_Training [64/700]: mean_loss=0.014753358089365065
Online_Training [65/700]: mean_loss=0.35143711790442467
Online_Training [66/700]: mean_loss=0.13301603496074677
Online_Training [67/700]: mean_loss=0.067839365452528
Online_Training [68/700]: mean_loss=0.039703918155282736
Online_Training [69/700]: mean_loss=0.06937087140977383
Online_Training [70/700]: mean_loss=0.07510331552475691
Online_Training [71/700]: mean_loss=0.03547048009932041
Online_Training [72/700]: mean_loss=0.03703197743743658
Online_Training [73/700]: mean_loss=0.05361688742414117
Online_Training [74/700]: mean_loss=0.0441336901858449
Online_Training [75/700]: mean_loss=0.025663287611678243
Online_Training [76/700]: mean_loss=0.027247087098658085
Online_Training [77/700]: mean_loss=0.02296454505994916
Online_Training [78/700]: mean_loss=0.018488129950128496
Online_Training [79/700]: mean_loss=0.02657283842563629
Online_Training [80/700]: mean_loss=0.03237895295023918
Online_Training [81/700]: mean_loss=0.07383829262107611
Online_Training [82/700]: mean_loss=0.06071660853922367
Online_Training [83/700]: mean_loss=0.026699594454839826
Online_Training [84/700]: mean_loss=0.034548269119113684
Online_Training [85/700]: mean_loss=0.032531068194657564
Online_Training [86/700]: mean_loss=0.03694063611328602
Online_Training [87/700]: mean_loss=0.04682199191302061
Online_Training [88/700]: mean_loss=0.02621779963374138
Online_Training [89/700]: mean_loss=0.023597470484673977
Online_Training [90/700]: mean_loss=0.019839018350467086
Online_Training [91/700]: mean_loss=0.011926104314625263
Online_Training [92/700]: mean_loss=0.03489351668395102
Online_Training [93/700]: mean_loss=0.03862760728225112
Online_Training [94/700]: mean_loss=0.08059026394039392
Online_Training [95/700]: mean_loss=0.020900693256407976
Online_Training [96/700]: mean_loss=0.049696443136781454
Online_Training [97/700]: mean_loss=0.07897158339619637
Online_Training [98/700]: mean_loss=0.009546961635351181
Online_Training [99/700]: mean_loss=0.048633329570293427
Online_Training [100/700]: mean_loss=0.060615504160523415
Online_Training [101/700]: mean_loss=0.02334520942531526
Online_Training [102/700]: mean_loss=0.07287236303091049
Online_Training [103/700]: mean_loss=0.0639396789483726
Online_Training [104/700]: mean_loss=0.024431312456727028
Online_Training [105/700]: mean_loss=0.012350711273029447
Online_Training [106/700]: mean_loss=0.030904057668522
Online_Training [107/700]: mean_loss=0.03033872740343213
Online_Training [108/700]: mean_loss=0.02807304309681058
Online_Training [109/700]: mean_loss=0.03357067471370101
Online_Training [110/700]: mean_loss=0.033637434244155884
Online_Training [111/700]: mean_loss=0.03362789121456444
Online_Training [112/700]: mean_loss=0.03339926991611719
Online_Training [113/700]: mean_loss=0.02404113207012415
Online_Training [114/700]: mean_loss=0.060925702564418316
Online_Training [115/700]: mean_loss=0.12468884792178869
Online_Training [116/700]: mean_loss=0.13714302331209183
Online_Training [117/700]: mean_loss=0.04509700322523713
Online_Training [118/700]: mean_loss=0.029918180080130696
Online_Training [119/700]: mean_loss=0.007945113640744239
Online_Training [120/700]: mean_loss=0.040629792027175426
Online_Training [121/700]: mean_loss=0.07094485592097044
Online_Training [122/700]: mean_loss=0.04064325103536248
Online_Training [123/700]: mean_loss=0.16766110807657242
Online_Training [124/700]: mean_loss=0.028018987271934748
Online_Training [125/700]: mean_loss=0.04270895500667393
Online_Training [126/700]: mean_loss=0.02455609245225787
Online_Training [127/700]: mean_loss=0.024667694000527263
Online_Training [128/700]: mean_loss=0.02379491995088756
Online_Training [129/700]: mean_loss=0.10836528334766626
Online_Training [130/700]: mean_loss=0.023429339285939932
Online_Training [131/700]: mean_loss=0.05209427373483777
Online_Training [132/700]: mean_loss=0.0332746128551662
Online_Training [133/700]: mean_loss=0.06955280527472496
Online_Training [134/700]: mean_loss=0.08931452129036188
Online_Training [135/700]: mean_loss=0.019146240781992674
Online_Training [136/700]: mean_loss=0.03048431361094117
Online_Training [137/700]: mean_loss=0.06947939470410347
Online_Training [138/700]: mean_loss=0.04997393721714616
Online_Training [139/700]: mean_loss=0.027283050352707505
Online_Training [140/700]: mean_loss=0.01237068441696465
Online_Training [141/700]: mean_loss=0.022232704563066363
Online_Training [142/700]: mean_loss=0.007855157717131078
Online_Training [143/700]: mean_loss=0.02422254648990929
Online_Training [144/700]: mean_loss=0.03132128203287721
Online_Training [145/700]: mean_loss=0.01944729546085
Online_Training [146/700]: mean_loss=0.025545043172314763
Online_Training [147/700]: mean_loss=0.01298296800814569
Online_Training [148/700]: mean_loss=0.07659809663891792
Online_Training [149/700]: mean_loss=0.013776464737020433
Online_Training [150/700]: mean_loss=0.10852794162929058
Online_Training [151/700]: mean_loss=0.012068438110873103
Online_Training [152/700]: mean_loss=0.05632054386660457
Online_Training [153/700]: mean_loss=0.0931380270048976
Online_Training [154/700]: mean_loss=0.008519966679159552
Online_Training [155/700]: mean_loss=0.0404305849224329
Online_Training [156/700]: mean_loss=0.019954289542511106
Online_Training [157/700]: mean_loss=0.010131484363228083
Online_Training [158/700]: mean_loss=0.06603071745485067
Online_Training [159/700]: mean_loss=0.01158074801787734
Online_Training [160/700]: mean_loss=0.024959680857136846
Online_Training [161/700]: mean_loss=0.02110465755686164
Online_Training [162/700]: mean_loss=0.042693224269896746
Online_Training [163/700]: mean_loss=0.016208161250688136
Online_Training [164/700]: mean_loss=0.019669751403853297
Online_Training [165/700]: mean_loss=0.01752480340655893
Online_Training [166/700]: mean_loss=0.011880583129823208
Online_Training [167/700]: mean_loss=0.025637499755248427
Online_Training [168/700]: mean_loss=0.05333754746243358
Online_Training [169/700]: mean_loss=0.07358097191900015
Online_Training [170/700]: mean_loss=0.029817095724865794
Online_Training [171/700]: mean_loss=0.04064929438754916
Online_Training [172/700]: mean_loss=0.0635765534825623
Online_Training [173/700]: mean_loss=0.0175716164521873
Online_Training [174/700]: mean_loss=0.019020705483853817
Online_Training [175/700]: mean_loss=0.07457125186920166
Online_Training [176/700]: mean_loss=0.01779277133755386
Online_Training [177/700]: mean_loss=0.07230090536177158
Online_Training [178/700]: mean_loss=0.03373499144800007
Online_Training [179/700]: mean_loss=0.05716278590261936
Online_Training [180/700]: mean_loss=0.09879865124821663
Online_Training [181/700]: mean_loss=0.03966911323368549
Online_Training [182/700]: mean_loss=0.06090415036305785
Online_Training [183/700]: mean_loss=0.08872605673968792
Online_Training [184/700]: mean_loss=0.013873949646949768
Online_Training [185/700]: mean_loss=0.04107314674183726
Online_Training [186/700]: mean_loss=0.03259601700119674
Online_Training [187/700]: mean_loss=0.03862827783450484
Online_Training [188/700]: mean_loss=0.05106431245803833
Online_Training [189/700]: mean_loss=0.012497544288635254
Online_Training [190/700]: mean_loss=0.02836919715628028
Online_Training [191/700]: mean_loss=0.08283056691288948
Online_Training [192/700]: mean_loss=0.05559059651568532
Online_Training [193/700]: mean_loss=0.022811729228124022
Online_Training [194/700]: mean_loss=0.06949717923998833
Online_Training [195/700]: mean_loss=0.031579944072291255
Online_Training [196/700]: mean_loss=0.017126516439020634
Online_Training [197/700]: mean_loss=0.05295015498995781
Online_Training [198/700]: mean_loss=0.012178725213743746
Online_Training [199/700]: mean_loss=0.024127951823174953
Online_Training [200/700]: mean_loss=0.011682551819831133
Online_Training [201/700]: mean_loss=0.03073337604291737
Online_Training [202/700]: mean_loss=0.019849883392453194
Online_Training [203/700]: mean_loss=0.015175716835074127
Online_Training [204/700]: mean_loss=0.04042204609140754
Online_Training [205/700]: mean_loss=0.018677263287827373
Online_Training [206/700]: mean_loss=0.04607271542772651
Online_Training [207/700]: mean_loss=0.012269714148715138
Online_Training [208/700]: mean_loss=0.055937095545232296
Online_Training [209/700]: mean_loss=0.04842862160876393
Online_Training [210/700]: mean_loss=0.04284151131287217
Online_Training [211/700]: mean_loss=0.03630709648132324
Online_Training [212/700]: mean_loss=0.014140783343464136
Online_Training [213/700]: mean_loss=0.030494899721816182
Online_Training [214/700]: mean_loss=0.04678945895284414
Online_Training [215/700]: mean_loss=0.09552645031362772
Online_Training [216/700]: mean_loss=0.06433753948658705
Online_Training [217/700]: mean_loss=0.01721950783394277
Online_Training [218/700]: mean_loss=0.015405791811645031
Online_Training [219/700]: mean_loss=0.017140008276328444
Online_Training [220/700]: mean_loss=0.012484005652368069
Online_Training [221/700]: mean_loss=0.05065151397138834
Online_Training [222/700]: mean_loss=0.03362886514514685
Online_Training [223/700]: mean_loss=0.016385876457206905
Online_Training [224/700]: mean_loss=0.09621729142963886
Online_Training [225/700]: mean_loss=0.02444466669112444
Online_Training [226/700]: mean_loss=0.04201162001118064
Online_Training [227/700]: mean_loss=0.030308534624055028
Online_Training [228/700]: mean_loss=0.046693816781044006
Online_Training [229/700]: mean_loss=0.02858668752014637
Online_Training [230/700]: mean_loss=0.03688599029555917
Online_Training [231/700]: mean_loss=0.034219235414639115
Online_Training [232/700]: mean_loss=0.02586698904633522
Online_Training [233/700]: mean_loss=0.027698681224137545
Online_Training [234/700]: mean_loss=0.02328314888291061
Online_Training [235/700]: mean_loss=0.030647109961137176
Online_Training [236/700]: mean_loss=0.017278689425438643
Online_Training [237/700]: mean_loss=0.02655131369829178
Online_Training [238/700]: mean_loss=0.03644269285723567
Online_Training [239/700]: mean_loss=0.057604956440627575
Online_Training [240/700]: mean_loss=0.020359032787382603
Online_Training [241/700]: mean_loss=0.02438794355839491
Online_Training [242/700]: mean_loss=0.015950838685967028
Online_Training [243/700]: mean_loss=0.017316325451247394
Online_Training [244/700]: mean_loss=0.009938026312738657
Online_Training [245/700]: mean_loss=0.01006661495193839
Online_Training [246/700]: mean_loss=0.06748995091766119
Online_Training [247/700]: mean_loss=0.07176940329372883
Online_Training [248/700]: mean_loss=0.04897280363366008
Online_Training [249/700]: mean_loss=0.06593965645879507
Online_Training [250/700]: mean_loss=0.015107909217476845
Online_Training [251/700]: mean_loss=0.04254195326939225
Online_Training [252/700]: mean_loss=0.011832795687951148
Online_Training [253/700]: mean_loss=0.024069059640169144
Online_Training [254/700]: mean_loss=0.0849549937993288
Online_Training [255/700]: mean_loss=0.012925389688462019
Online_Training [256/700]: mean_loss=0.014559147763065994
Online_Training [257/700]: mean_loss=0.03796506114304066
Online_Training [258/700]: mean_loss=0.027208182495087385
Online_Training [259/700]: mean_loss=0.06280103838071227
Online_Training [260/700]: mean_loss=0.03512256219983101
Online_Training [261/700]: mean_loss=0.0247313161380589
Online_Training [262/700]: mean_loss=0.0400433037430048
Online_Training [263/700]: mean_loss=0.01801780762616545
Online_Training [264/700]: mean_loss=0.007557286415249109
Online_Training [265/700]: mean_loss=0.04367709252983332
Online_Training [266/700]: mean_loss=0.040116900112479925
Online_Training [267/700]: mean_loss=0.031691133277490735
Online_Training [268/700]: mean_loss=0.04499034397304058
Online_Training [269/700]: mean_loss=0.02875890349969268
Online_Training [270/700]: mean_loss=0.057786761317402124
Online_Training [271/700]: mean_loss=0.05777193419635296
Online_Training [272/700]: mean_loss=0.0987361865118146
Online_Training [273/700]: mean_loss=0.04272028594277799
Online_Training [274/700]: mean_loss=0.05081575410440564
Online_Training [275/700]: mean_loss=0.09419290814548731
Online_Training [276/700]: mean_loss=0.023951402632519603
Online_Training [277/700]: mean_loss=0.020197338657453656
Online_Training [278/700]: mean_loss=0.01259540836326778
Online_Training [279/700]: mean_loss=0.015548728290013969
Online_Training [280/700]: mean_loss=0.14438791200518608
Online_Training [281/700]: mean_loss=0.04415077855810523
Online_Training [282/700]: mean_loss=0.03725255862809718
Online_Training [283/700]: mean_loss=0.017239368869923055
Online_Training [284/700]: mean_loss=0.033299499191343784
Online_Training [285/700]: mean_loss=0.06156083848327398
Online_Training [286/700]: mean_loss=0.1080377846956253
Online_Training [287/700]: mean_loss=0.03962549054995179
Online_Training [288/700]: mean_loss=0.010263777920044959
Online_Training [289/700]: mean_loss=0.03571159299463034
Online_Training [290/700]: mean_loss=0.010556533932685852
Online_Training [291/700]: mean_loss=0.025802151765674353
Online_Training [292/700]: mean_loss=0.0301761357113719
Online_Training [293/700]: mean_loss=0.04290063912048936
Online_Training [294/700]: mean_loss=0.014299933449365199
Online_Training [295/700]: mean_loss=0.10512196738272905
Online_Training [296/700]: mean_loss=0.04477461101487279
Online_Training [297/700]: mean_loss=0.024466929491609335
Online_Training [298/700]: mean_loss=0.05987082468345761
Online_Training [299/700]: mean_loss=0.025977828772738576
Online_Training [300/700]: mean_loss=0.01366064278408885
Online_Training [301/700]: mean_loss=0.03678616462275386
Online_Training [302/700]: mean_loss=0.02424157108180225
Online_Training [303/700]: mean_loss=0.008626471506431699
Online_Training [304/700]: mean_loss=0.035292419604957104
Online_Training [305/700]: mean_loss=0.04909752542153001
Online_Training [306/700]: mean_loss=0.021913433214649558
Online_Training [307/700]: mean_loss=0.024091555271297693
Online_Training [308/700]: mean_loss=0.07586815673857927
Online_Training [309/700]: mean_loss=0.01337996544316411
Online_Training [310/700]: mean_loss=0.05759955383837223
Online_Training [311/700]: mean_loss=0.035084806149825454
Online_Training [312/700]: mean_loss=0.00782824627822265
Online_Training [313/700]: mean_loss=0.025957179022952914
Online_Training [314/700]: mean_loss=0.051766551565378904
Online_Training [315/700]: mean_loss=0.08401825465261936
Online_Training [316/700]: mean_loss=0.02508132136426866
Online_Training [317/700]: mean_loss=0.05289169820025563
Online_Training [318/700]: mean_loss=0.026002455735579133
Online_Training [319/700]: mean_loss=0.013012555427849293
Online_Training [320/700]: mean_loss=0.025663758860900998
Online_Training [321/700]: mean_loss=0.052446268033236265
Online_Training [322/700]: mean_loss=0.017043723608367145
Online_Training [323/700]: mean_loss=0.013198071043007076
Online_Training [324/700]: mean_loss=0.12419415544718504
Online_Training [325/700]: mean_loss=0.19902633503079414
Online_Training [326/700]: mean_loss=0.04746668832376599
Online_Training [327/700]: mean_loss=0.01851905300281942
Online_Training [328/700]: mean_loss=0.04735642857849598
Online_Training [329/700]: mean_loss=0.05465390207245946
Online_Training [330/700]: mean_loss=0.025488492799922824
Online_Training [331/700]: mean_loss=0.041160246822983027
Online_Training [332/700]: mean_loss=0.047263243701308966
Online_Training [333/700]: mean_loss=0.028327812906354666
Online_Training [334/700]: mean_loss=0.03793697454966605
Online_Training [335/700]: mean_loss=0.09719988983124495
Online_Training [336/700]: mean_loss=0.046255714260041714
Online_Training [337/700]: mean_loss=0.03582968097180128
Online_Training [338/700]: mean_loss=0.0092889538500458
Online_Training [339/700]: mean_loss=0.03268474340438843
Online_Training [340/700]: mean_loss=0.009071252425201237
Online_Training [341/700]: mean_loss=0.0412717005237937
Online_Training [342/700]: mean_loss=0.11431954335421324
Online_Training [343/700]: mean_loss=0.040525182615965605
Online_Training [344/700]: mean_loss=0.03232540609315038
Online_Training [345/700]: mean_loss=0.05482657253742218
Online_Training [346/700]: mean_loss=0.027334054466336966
Online_Training [347/700]: mean_loss=0.07263312861323357
Online_Training [348/700]: mean_loss=0.08915740344673395
Online_Training [349/700]: mean_loss=0.03525534435175359
Online_Training [350/700]: mean_loss=0.010002566559705883
Online_Training [351/700]: mean_loss=0.028527590446174145
Online_Training [352/700]: mean_loss=0.10477880202233791
Online_Training [353/700]: mean_loss=0.06035625236108899
Online_Training [354/700]: mean_loss=0.004774434812134132
Online_Training [355/700]: mean_loss=0.019186439225450158
Online_Training [356/700]: mean_loss=0.026401966577395797
Online_Training [357/700]: mean_loss=0.02459304011426866
Online_Training [358/700]: mean_loss=0.11005693953484297
Online_Training [359/700]: mean_loss=0.026163680711761117
Online_Training [360/700]: mean_loss=0.12489663623273373
Online_Training [361/700]: mean_loss=0.023800221970304847
Online_Training [362/700]: mean_loss=0.0757115138694644
Online_Training [363/700]: mean_loss=0.036700635217130184
Online_Training [364/700]: mean_loss=0.10889506805688143
Online_Training [365/700]: mean_loss=0.0883877445012331
Online_Training [366/700]: mean_loss=0.03518134821206331
Online_Training [367/700]: mean_loss=0.03223981917835772
Online_Training [368/700]: mean_loss=0.04214677633717656
Online_Training [369/700]: mean_loss=0.028568182373419404
Online_Training [370/700]: mean_loss=0.018892950611189008
Online_Training [371/700]: mean_loss=0.038468793500214815
Online_Training [372/700]: mean_loss=0.020973921287804842
Online_Training [373/700]: mean_loss=0.018352194456383586
Online_Training [374/700]: mean_loss=0.020725854206830263
Online_Training [375/700]: mean_loss=0.01540301216300577
Online_Training [376/700]: mean_loss=0.04342023702338338
Online_Training [377/700]: mean_loss=0.053988317493349314
Online_Training [378/700]: mean_loss=0.025802307995036244
Online_Training [379/700]: mean_loss=0.014192900154739618
Online_Training [380/700]: mean_loss=0.02544485335238278
Online_Training [381/700]: mean_loss=0.013923651189543307
Online_Training [382/700]: mean_loss=0.01488802779931575
Online_Training [383/700]: mean_loss=0.02904623979702592
Online_Training [384/700]: mean_loss=0.015502324793487787
Online_Training [385/700]: mean_loss=0.055242414586246014
Online_Training [386/700]: mean_loss=0.014683431247249246
Online_Training [387/700]: mean_loss=0.0457540531642735
Online_Training [388/700]: mean_loss=0.03074032859876752
Online_Training [389/700]: mean_loss=0.0894522974267602
Online_Training [390/700]: mean_loss=0.06382211251184344
Online_Training [391/700]: mean_loss=0.045042723417282104
Online_Training [392/700]: mean_loss=0.03209463623352349
Online_Training [393/700]: mean_loss=0.05812670709565282
Online_Training [394/700]: mean_loss=0.04184629349038005
Online_Training [395/700]: mean_loss=0.04277162719517946
Online_Training [396/700]: mean_loss=0.020908050471916795
Online_Training [397/700]: mean_loss=0.011724765179678798
Online_Training [398/700]: mean_loss=0.05766396317631006
Online_Training [399/700]: mean_loss=0.020087546901777387
Online_Training [400/700]: mean_loss=0.009214231511577964
Online_Training [401/700]: mean_loss=0.0662739616818726
Online_Training [402/700]: mean_loss=0.1460934691131115
Online_Training [403/700]: mean_loss=0.04684788500890136
Online_Training [404/700]: mean_loss=0.07152346521615982
Online_Training [405/700]: mean_loss=0.07775358948856592
Online_Training [406/700]: mean_loss=0.012677695020101964
Online_Training [407/700]: mean_loss=0.14969611540436745
Online_Training [408/700]: mean_loss=0.16844987124204636
Online_Training [409/700]: mean_loss=0.04523088410496712
Online_Training [410/700]: mean_loss=0.0437010140158236
Online_Training [411/700]: mean_loss=0.027422296348959208
Online_Training [412/700]: mean_loss=0.01757474837359041
Online_Training [413/700]: mean_loss=0.05808374751359224
Online_Training [414/700]: mean_loss=0.023909092415124178
Online_Training [415/700]: mean_loss=0.018540641525760293
Online_Training [416/700]: mean_loss=0.005751845019403845
Online_Training [417/700]: mean_loss=0.023816891945898533
Online_Training [418/700]: mean_loss=0.01486816571559757
Online_Training [419/700]: mean_loss=0.018371887039393187
Online_Training [420/700]: mean_loss=0.04946775175631046
Online_Training [421/700]: mean_loss=0.044255966786295176
Online_Training [422/700]: mean_loss=0.029195098439231515
Online_Training [423/700]: mean_loss=0.016475697979331017
Online_Training [424/700]: mean_loss=0.01854259381070733
Online_Training [425/700]: mean_loss=0.18600855767726898
Online_Training [426/700]: mean_loss=0.08785958029329777
Online_Training [427/700]: mean_loss=0.016889822902157903
Online_Training [428/700]: mean_loss=0.011099576367996633
Online_Training [429/700]: mean_loss=0.020512847928330302
Online_Training [430/700]: mean_loss=0.0823431434109807
Online_Training [431/700]: mean_loss=0.03796231234446168
Online_Training [432/700]: mean_loss=0.025701717473566532
Online_Training [433/700]: mean_loss=0.059690249152481556
Online_Training [434/700]: mean_loss=0.01615697902161628
Online_Training [435/700]: mean_loss=0.043232936412096024
Online_Training [436/700]: mean_loss=0.016002190648578107
Online_Training [437/700]: mean_loss=0.0696023665368557
Online_Training [438/700]: mean_loss=0.02578505943529308
Online_Training [439/700]: mean_loss=0.052005716133862734
Online_Training [440/700]: mean_loss=0.03129293816164136
Online_Training [441/700]: mean_loss=0.026316213188692927
Online_Training [442/700]: mean_loss=0.048146416898816824
Online_Training [443/700]: mean_loss=0.048890828154981136
Online_Training [444/700]: mean_loss=0.012077790684998035
Online_Training [445/700]: mean_loss=0.04977737087756395
Online_Training [446/700]: mean_loss=0.017383802100084722
Online_Training [447/700]: mean_loss=0.038357286248356104
Online_Training [448/700]: mean_loss=0.05801866948604584
Online_Training [449/700]: mean_loss=0.046316365245729685
Online_Training [450/700]: mean_loss=0.020729434909299016
Online_Training [451/700]: mean_loss=0.04486866295337677
Online_Training [452/700]: mean_loss=0.021396952914074063
Online_Training [453/700]: mean_loss=0.02312271879054606
Online_Training [454/700]: mean_loss=0.037513107527047396
Online_Training [455/700]: mean_loss=0.02229121048003435
Online_Training [456/700]: mean_loss=0.011315334471873939
Online_Training [457/700]: mean_loss=0.021756877191364765
Online_Training [458/700]: mean_loss=0.024553154595196247
Online_Training [459/700]: mean_loss=0.007334465335588902
Online_Training [460/700]: mean_loss=0.04502754705026746
Online_Training [461/700]: mean_loss=0.01786258863285184
Online_Training [462/700]: mean_loss=0.030738286208361387
Online_Training [463/700]: mean_loss=0.023512722458690405
Online_Training [464/700]: mean_loss=0.03379499143920839
Online_Training [465/700]: mean_loss=0.02275028475560248
Online_Training [466/700]: mean_loss=0.012106940965168178
Online_Training [467/700]: mean_loss=0.013429125305265188
Online_Training [468/700]: mean_loss=0.015414595138281584
Online_Training [469/700]: mean_loss=0.08919334225356579
Online_Training [470/700]: mean_loss=0.04487232398241758
Online_Training [471/700]: mean_loss=0.01418846903834492
Online_Training [472/700]: mean_loss=0.01778005203232169
Online_Training [473/700]: mean_loss=0.018811247311532497
Online_Training [474/700]: mean_loss=0.02053957828320563
Online_Training [475/700]: mean_loss=0.05500822188332677
Online_Training [476/700]: mean_loss=0.08178817387670279
Online_Training [477/700]: mean_loss=0.027783796656876802
Online_Training [478/700]: mean_loss=0.009255354758352041
Online_Training [479/700]: mean_loss=0.08152895886451006
Online_Training [480/700]: mean_loss=0.03435610304586589
Online_Training [481/700]: mean_loss=0.010961352265439928
Online_Training [482/700]: mean_loss=0.029416072415187955
Online_Training [483/700]: mean_loss=0.056064396630972624
Online_Training [484/700]: mean_loss=0.07452198211103678
Online_Training [485/700]: mean_loss=0.05511646764352918
Online_Training [486/700]: mean_loss=0.0200082880910486
Online_Training [487/700]: mean_loss=0.0647031799890101
Online_Training [488/700]: mean_loss=0.02386480732820928
Online_Training [489/700]: mean_loss=0.023278685985133052
Online_Training [490/700]: mean_loss=0.09602507669478655
Online_Training [491/700]: mean_loss=0.0597713072784245
Online_Training [492/700]: mean_loss=0.07944335229694843
Online_Training [493/700]: mean_loss=0.02390777855180204
Online_Training [494/700]: mean_loss=0.01910790242254734
Online_Training [495/700]: mean_loss=0.023868467891588807
Online_Training [496/700]: mean_loss=0.032096638809889555
Online_Training [497/700]: mean_loss=0.059192380867898464
Online_Training [498/700]: mean_loss=0.010878591565415263
Online_Training [499/700]: mean_loss=0.0085945954779163
Online_Training [500/700]: mean_loss=0.023955295328050852
Online_Training [501/700]: mean_loss=0.0316317961551249
Online_Training [502/700]: mean_loss=0.03681470267474651
Online_Training [503/700]: mean_loss=0.01263483427464962
Online_Training [504/700]: mean_loss=0.025776697089895606
Online_Training [505/700]: mean_loss=0.057601323351264
Online_Training [506/700]: mean_loss=0.04323904821649194
Online_Training [507/700]: mean_loss=0.01937302201986313
Online_Training [508/700]: mean_loss=0.04150322359055281
Online_Training [509/700]: mean_loss=0.015892296563833952
Online_Training [510/700]: mean_loss=0.0187736670486629
Online_Training [511/700]: mean_loss=0.011399379465728998
Online_Training [512/700]: mean_loss=0.023084247019141912
Online_Training [513/700]: mean_loss=0.022399798734113574
Online_Training [514/700]: mean_loss=0.03167520137503743
Online_Training [515/700]: mean_loss=0.010085898451507092
Online_Training [516/700]: mean_loss=0.003928824997274205
Online_Training [517/700]: mean_loss=0.017079733894206583
Online_Training [518/700]: mean_loss=0.04614075133576989
Online_Training [519/700]: mean_loss=0.023086540633812547
Online_Training [520/700]: mean_loss=0.041997707448899746
Online_Training [521/700]: mean_loss=0.03149046306498349
Online_Training [522/700]: mean_loss=0.01469698001164943
Online_Training [523/700]: mean_loss=0.022454353980720043
Online_Training [524/700]: mean_loss=0.021213924512267113
Online_Training [525/700]: mean_loss=0.034835427068173885
Online_Training [526/700]: mean_loss=0.03141044289804995
Online_Training [527/700]: mean_loss=0.04918064596131444
Online_Training [528/700]: mean_loss=0.011530925869010389
Online_Training [529/700]: mean_loss=0.04300733469426632
Online_Training [530/700]: mean_loss=0.03554732445627451
Online_Training [531/700]: mean_loss=0.0054263194324448705
Online_Training [532/700]: mean_loss=0.08711967896670103
Online_Training [533/700]: mean_loss=0.039864347781986
Online_Training [534/700]: mean_loss=0.009567553992383182
Online_Training [535/700]: mean_loss=0.03673176979646087
Online_Training [536/700]: mean_loss=0.08005378022789955
Online_Training [537/700]: mean_loss=0.01214448397513479
Online_Training [538/700]: mean_loss=0.011339231859892607
Online_Training [539/700]: mean_loss=0.03443296952173114
Online_Training [540/700]: mean_loss=0.04011149192228913
Online_Training [541/700]: mean_loss=0.04207195155322552
Online_Training [542/700]: mean_loss=0.016463832464069128
Online_Training [543/700]: mean_loss=0.033141166204586625
Online_Training [544/700]: mean_loss=0.03833172004669905
Online_Training [545/700]: mean_loss=0.012343660113401711
Online_Training [546/700]: mean_loss=0.03758093877695501
Online_Training [547/700]: mean_loss=0.010842082905583084
Online_Training [548/700]: mean_loss=0.03717488655820489
Online_Training [549/700]: mean_loss=0.005801780382171273
Online_Training [550/700]: mean_loss=0.03586730547249317
Online_Training [551/700]: mean_loss=0.04017127538099885
Online_Training [552/700]: mean_loss=0.07977047935128212
Online_Training [553/700]: mean_loss=0.012561441049911082
Online_Training [554/700]: mean_loss=0.010834325570613146
Online_Training [555/700]: mean_loss=0.05183720821514726
Online_Training [556/700]: mean_loss=0.022523338440805674
Online_Training [557/700]: mean_loss=0.07455442566424608
Online_Training [558/700]: mean_loss=0.052416798658668995
Online_Training [559/700]: mean_loss=0.0373258194886148
Online_Training [560/700]: mean_loss=0.016002809396013618
Online_Training [561/700]: mean_loss=0.023609067546203732
Online_Training [562/700]: mean_loss=0.026449291734024882
Online_Training [563/700]: mean_loss=0.0877052079886198
Online_Training [564/700]: mean_loss=0.05568991228938103
Online_Training [565/700]: mean_loss=0.03579733311198652
Online_Training [566/700]: mean_loss=0.017140437848865986
Online_Training [567/700]: mean_loss=0.00837312953080982
Online_Training [568/700]: mean_loss=0.015258542611263692
Online_Training [569/700]: mean_loss=0.011395329609513283
Online_Training [570/700]: mean_loss=0.05151429679244757
Online_Training [571/700]: mean_loss=0.0107926563359797
Online_Training [572/700]: mean_loss=0.04955018311738968
Online_Training [573/700]: mean_loss=0.029832620406523347
Online_Training [574/700]: mean_loss=0.008008994511328638
Online_Training [575/700]: mean_loss=0.01921523315832019
Online_Training [576/700]: mean_loss=0.03149314573965967
Online_Training [577/700]: mean_loss=0.007860185927711427
Online_Training [578/700]: mean_loss=0.04238836094737053
Online_Training [579/700]: mean_loss=0.026015842333436012
Online_Training [580/700]: mean_loss=0.043598377611488104
Online_Training [581/700]: mean_loss=0.017279854277148843
Online_Training [582/700]: mean_loss=0.023957155412063003
Online_Training [583/700]: mean_loss=0.019225590396672487
Online_Training [584/700]: mean_loss=0.02088642562739551
Online_Training [585/700]: mean_loss=0.04387341579422355
Online_Training [586/700]: mean_loss=0.043761008186265826
Online_Training [587/700]: mean_loss=0.0473101488314569
Online_Training [588/700]: mean_loss=0.02549634361639619
Online_Training [589/700]: mean_loss=0.019410075154155493
Online_Training [590/700]: mean_loss=0.13724965415894985
Online_Training [591/700]: mean_loss=0.08466952200978994
Online_Training [592/700]: mean_loss=0.011734341038390994
Online_Training [593/700]: mean_loss=0.021096711279824376
Online_Training [594/700]: mean_loss=0.024406836600974202
Online_Training [595/700]: mean_loss=0.049530485179275274
Online_Training [596/700]: mean_loss=0.020266989478841424
Online_Training [597/700]: mean_loss=0.005750006646849215
Online_Training [598/700]: mean_loss=0.021938465302810073
Online_Training [599/700]: mean_loss=0.03393224929459393
Online_Training [600/700]: mean_loss=0.11204773001372814
Online_Training [601/700]: mean_loss=0.07256477791815996
Online_Training [602/700]: mean_loss=0.019959846045821905
Online_Training [603/700]: mean_loss=0.02053403342142701
Online_Training [604/700]: mean_loss=0.09263357426971197
Online_Training [605/700]: mean_loss=0.07008090289309621
Online_Training [606/700]: mean_loss=0.012838688620831817
Online_Training [607/700]: mean_loss=0.032626965548843145
Online_Training [608/700]: mean_loss=0.04141406435519457
Online_Training [609/700]: mean_loss=0.04751496948301792
Online_Training [610/700]: mean_loss=0.1167618902400136
Online_Training [611/700]: mean_loss=0.03140125935897231
Online_Training [612/700]: mean_loss=0.012126191868446767
Online_Training [613/700]: mean_loss=0.14459561556577682
Online_Training [614/700]: mean_loss=0.08572739828377962
Online_Training [615/700]: mean_loss=0.2593292407691479
Online_Training [616/700]: mean_loss=0.0265739222522825
Online_Training [617/700]: mean_loss=0.06191396899521351
Online_Training [618/700]: mean_loss=0.025917824124917388
Online_Training [619/700]: mean_loss=0.14245643839240074
Online_Training [620/700]: mean_loss=0.06813327036798
Online_Training [621/700]: mean_loss=0.06673273164778948
Online_Training [622/700]: mean_loss=0.0495423199608922
Online_Training [623/700]: mean_loss=0.039005022030323744
Online_Training [624/700]: mean_loss=0.04006302775815129
Online_Training [625/700]: mean_loss=0.014171311515383422
Online_Training [626/700]: mean_loss=0.03000209154561162
Online_Training [627/700]: mean_loss=0.012956013903021812
Online_Training [628/700]: mean_loss=0.02270446694456041
Online_Training [629/700]: mean_loss=0.011559940758161247
Online_Training [630/700]: mean_loss=0.0754777304828167
Online_Training [631/700]: mean_loss=0.016430782852694392
Online_Training [632/700]: mean_loss=0.02881341055035591
Online_Training [633/700]: mean_loss=0.037939804838970304
Online_Training [634/700]: mean_loss=0.038661831989884377
Online_Training [635/700]: mean_loss=0.048023367300629616
Online_Training [636/700]: mean_loss=0.005592200206592679
Online_Training [637/700]: mean_loss=0.031102556036785245
Online_Training [638/700]: mean_loss=0.03271212661638856
Online_Training [639/700]: mean_loss=0.03141052555292845
Online_Training [640/700]: mean_loss=0.05889744404703379
Online_Training [641/700]: mean_loss=0.010300949099473655
Online_Training [642/700]: mean_loss=0.04604916134849191
Online_Training [643/700]: mean_loss=0.024435838917270303
Online_Training [644/700]: mean_loss=0.03899620519950986
Online_Training [645/700]: mean_loss=0.04727233946323395
Online_Training [646/700]: mean_loss=0.013632382499054074
Online_Training [647/700]: mean_loss=0.06830036826431751
Online_Training [648/700]: mean_loss=0.009148801444098353
Online_Training [649/700]: mean_loss=0.04820061568170786
Online_Training [650/700]: mean_loss=0.07379522267729044
Online_Training [651/700]: mean_loss=0.09240404330193996
Online_Training [652/700]: mean_loss=0.03283076104708016
Online_Training [653/700]: mean_loss=0.0114555642940104
Online_Training [654/700]: mean_loss=0.0239305233117193
Online_Training [655/700]: mean_loss=0.01974230003543198
Online_Training [656/700]: mean_loss=0.024804980028420687
Online_Training [657/700]: mean_loss=0.02823221613653004
Online_Training [658/700]: mean_loss=0.030423044925555587
Online_Training [659/700]: mean_loss=0.03323707333765924
Online_Training [660/700]: mean_loss=0.03625805932097137
Online_Training [661/700]: mean_loss=0.027902976144105196
Online_Training [662/700]: mean_loss=0.016398597857914865
Online_Training [663/700]: mean_loss=0.02038086298853159
Online_Training [664/700]: mean_loss=0.00984745065215975
Online_Training [665/700]: mean_loss=0.09715654887259007
Online_Training [666/700]: mean_loss=0.07723251357674599
Online_Training [667/700]: mean_loss=0.03335002274252474
Online_Training [668/700]: mean_loss=0.02369145001284778
Online_Training [669/700]: mean_loss=0.02834924287162721
Online_Training [670/700]: mean_loss=0.009279727993998677
Online_Training [671/700]: mean_loss=0.027466100407764316
Online_Training [672/700]: mean_loss=0.012135694734752178
Online_Training [673/700]: mean_loss=0.04375126399099827
Online_Training [674/700]: mean_loss=0.08854431845247746
Online_Training [675/700]: mean_loss=0.0334755084477365
Online_Training [676/700]: mean_loss=0.011031275731511414
Online_Training [677/700]: mean_loss=0.029884594958275557
Online_Training [678/700]: mean_loss=0.021727941231802106
Online_Training [679/700]: mean_loss=0.04889090545475483
Online_Training [680/700]: mean_loss=0.026670863153412938
Online_Training [681/700]: mean_loss=0.004016454186057672
Online_Training [682/700]: mean_loss=0.021928494330495596
Online_Training [683/700]: mean_loss=0.070380131714046
Online_Training [684/700]: mean_loss=0.014423209591768682
Online_Training [685/700]: mean_loss=0.0757986893877387
Online_Training [686/700]: mean_loss=0.011227937531657517
Online_Training [687/700]: mean_loss=0.06622592266649008
Online_Training [688/700]: mean_loss=0.02198623795993626
Online_Training [689/700]: mean_loss=0.008635873324237764
Online_Training [690/700]: mean_loss=0.07554069720208645
Online_Training [691/700]: mean_loss=0.05076045682653785
Online_Training [692/700]: mean_loss=0.058132071513682604
Online_Training [693/700]: mean_loss=0.027663664193823934
Online_Training [694/700]: mean_loss=0.04541544755920768
Online_Training [695/700]: mean_loss=0.021424280013889074
Online_Training [696/700]: mean_loss=0.022824734915047884
Online_Training [697/700]: mean_loss=0.03583098226226866
Online_Training [698/700]: mean_loss=0.04502742178738117
Online_Training [699/700]: mean_loss=0.027343831723555923
Online_Training [700/700]: mean_loss=0.055232323706150055
Q_Learning [1/300]: mean_loss=0.340669684112072
Q_Learning [2/300]: mean_loss=0.22793470323085785
Q_Learning [3/300]: mean_loss=0.2905234768986702
Q_Learning [4/300]: mean_loss=0.16215491108596325
Q_Learning [5/300]: mean_loss=0.2075602225959301
Q_Learning [6/300]: mean_loss=0.16361188143491745
Q_Learning [7/300]: mean_loss=0.12382227275520563
Q_Learning [8/300]: mean_loss=0.18464966863393784
Q_Learning [9/300]: mean_loss=0.0983284404501319
Q_Learning [10/300]: mean_loss=0.1426913235336542
Q_Learning [11/300]: mean_loss=0.2229493446648121
Q_Learning [12/300]: mean_loss=0.1564224436879158
Q_Learning [13/300]: mean_loss=0.0743292523548007
Q_Learning [14/300]: mean_loss=0.1573737021535635
Q_Learning [15/300]: mean_loss=0.0769668985158205
Q_Learning [16/300]: mean_loss=0.12037060037255287
Q_Learning [17/300]: mean_loss=0.07788871228694916
Q_Learning [18/300]: mean_loss=0.18316535651683807
Q_Learning [19/300]: mean_loss=0.06823436543345451
Q_Learning [20/300]: mean_loss=0.0812371801584959
Q_Learning [21/300]: mean_loss=0.03946891101077199
Q_Learning [22/300]: mean_loss=0.0793846920132637
Q_Learning [23/300]: mean_loss=0.3497726134955883
Q_Learning [24/300]: mean_loss=0.1845529843121767
Q_Learning [25/300]: mean_loss=0.03444599360227585
Q_Learning [26/300]: mean_loss=0.09407651890069246
Q_Learning [27/300]: mean_loss=0.07019265368580818
Q_Learning [28/300]: mean_loss=0.15360807441174984
Q_Learning [29/300]: mean_loss=0.06894663069397211
Q_Learning [30/300]: mean_loss=0.08222110476344824
Q_Learning [31/300]: mean_loss=0.14491637609899044
Q_Learning [32/300]: mean_loss=0.09190570563077927
Q_Learning [33/300]: mean_loss=0.06596031924709678
Q_Learning [34/300]: mean_loss=0.44933369755744934
Q_Learning [35/300]: mean_loss=0.2370399609208107
Q_Learning [36/300]: mean_loss=0.09845722373574972
Q_Learning [37/300]: mean_loss=0.07863298710435629
Q_Learning [38/300]: mean_loss=0.08157879114151001
Q_Learning [39/300]: mean_loss=0.06353338109329343
Q_Learning [40/300]: mean_loss=0.09889822546392679
Q_Learning [41/300]: mean_loss=0.08501717168837786
Q_Learning [42/300]: mean_loss=0.054517611395567656
Q_Learning [43/300]: mean_loss=0.060991345439106226
Q_Learning [44/300]: mean_loss=0.2431312631815672
Q_Learning [45/300]: mean_loss=0.0693565970286727
Q_Learning [46/300]: mean_loss=0.04080240521579981
Q_Learning [47/300]: mean_loss=0.05750921228900552
Q_Learning [48/300]: mean_loss=0.03812183812260628
Q_Learning [49/300]: mean_loss=0.03015108685940504
Q_Learning [50/300]: mean_loss=0.044781914446502924
Q_Learning [51/300]: mean_loss=0.032608979381620884
Q_Learning [52/300]: mean_loss=0.03848290629684925
Q_Learning [53/300]: mean_loss=0.05266575142741203
Q_Learning [54/300]: mean_loss=0.09776933956891298
Q_Learning [55/300]: mean_loss=0.039857050869613886
Q_Learning [56/300]: mean_loss=0.029571073362603784
Q_Learning [57/300]: mean_loss=0.029080108273774385
Q_Learning [58/300]: mean_loss=0.03452788759022951
Q_Learning [59/300]: mean_loss=0.025686527835205197
Q_Learning [60/300]: mean_loss=0.03220202401280403
Q_Learning [61/300]: mean_loss=0.02244619349949062
Q_Learning [62/300]: mean_loss=0.012332474114373326
Q_Learning [63/300]: mean_loss=0.023252347484230995
Q_Learning [64/300]: mean_loss=0.014753358089365065
Q_Learning [65/300]: mean_loss=0.35143711790442467
Q_Learning [66/300]: mean_loss=0.13301603496074677
Q_Learning [67/300]: mean_loss=0.067839365452528
Q_Learning [68/300]: mean_loss=0.039703918155282736
Q_Learning [69/300]: mean_loss=0.06937087140977383
Q_Learning [70/300]: mean_loss=0.07510331552475691
Q_Learning [71/300]: mean_loss=0.03547048009932041
Q_Learning [72/300]: mean_loss=0.03703197743743658
Q_Learning [73/300]: mean_loss=0.05361688742414117
Q_Learning [74/300]: mean_loss=0.0441336901858449
Q_Learning [75/300]: mean_loss=0.025663287611678243
Q_Learning [76/300]: mean_loss=0.027247087098658085
Q_Learning [77/300]: mean_loss=0.02296454505994916
Q_Learning [78/300]: mean_loss=0.018488129950128496
Q_Learning [79/300]: mean_loss=0.02657283842563629
Q_Learning [80/300]: mean_loss=0.03237895295023918
Q_Learning [81/300]: mean_loss=0.07383829262107611
Q_Learning [82/300]: mean_loss=0.06071660853922367
Q_Learning [83/300]: mean_loss=0.026699594454839826
Q_Learning [84/300]: mean_loss=0.034548269119113684
Q_Learning [85/300]: mean_loss=0.032531068194657564
Q_Learning [86/300]: mean_loss=0.03694063611328602
Q_Learning [87/300]: mean_loss=0.04682199191302061
Q_Learning [88/300]: mean_loss=0.02621779963374138
Q_Learning [89/300]: mean_loss=0.023597470484673977
Q_Learning [90/300]: mean_loss=0.019839018350467086
Q_Learning [91/300]: mean_loss=0.011926104314625263
Q_Learning [92/300]: mean_loss=0.03489351668395102
Q_Learning [93/300]: mean_loss=0.03862760728225112
Q_Learning [94/300]: mean_loss=0.08059026394039392
Q_Learning [95/300]: mean_loss=0.020900693256407976
Q_Learning [96/300]: mean_loss=0.049696443136781454
Q_Learning [97/300]: mean_loss=0.07897158339619637
Q_Learning [98/300]: mean_loss=0.009546961635351181
Q_Learning [99/300]: mean_loss=0.048633329570293427
Q_Learning [100/300]: mean_loss=0.060615504160523415
Q_Learning [101/300]: mean_loss=0.02334520942531526
Q_Learning [102/300]: mean_loss=0.07287236303091049
Q_Learning [103/300]: mean_loss=0.0639396789483726
Q_Learning [104/300]: mean_loss=0.024431312456727028
Q_Learning [105/300]: mean_loss=0.012350711273029447
Q_Learning [106/300]: mean_loss=0.030904057668522
Q_Learning [107/300]: mean_loss=0.03033872740343213
Q_Learning [108/300]: mean_loss=0.02807304309681058
Q_Learning [109/300]: mean_loss=0.03357067471370101
Q_Learning [110/300]: mean_loss=0.033637434244155884
Q_Learning [111/300]: mean_loss=0.03362789121456444
Q_Learning [112/300]: mean_loss=0.03339926991611719
Q_Learning [113/300]: mean_loss=0.02404113207012415
Q_Learning [114/300]: mean_loss=0.060925702564418316
Q_Learning [115/300]: mean_loss=0.12468884792178869
Q_Learning [116/300]: mean_loss=0.13714302331209183
Q_Learning [117/300]: mean_loss=0.04509700322523713
Q_Learning [118/300]: mean_loss=0.029918180080130696
Q_Learning [119/300]: mean_loss=0.007945113640744239
Q_Learning [120/300]: mean_loss=0.040629792027175426
Q_Learning [121/300]: mean_loss=0.07094485592097044
Q_Learning [122/300]: mean_loss=0.04064325103536248
Q_Learning [123/300]: mean_loss=0.16766110807657242
Q_Learning [124/300]: mean_loss=0.028018987271934748
Q_Learning [125/300]: mean_loss=0.04270895500667393
Q_Learning [126/300]: mean_loss=0.02455609245225787
Q_Learning [127/300]: mean_loss=0.024667694000527263
Q_Learning [128/300]: mean_loss=0.02379491995088756
Q_Learning [129/300]: mean_loss=0.10836528334766626
Q_Learning [130/300]: mean_loss=0.023429339285939932
Q_Learning [131/300]: mean_loss=0.05209427373483777
Q_Learning [132/300]: mean_loss=0.0332746128551662
Q_Learning [133/300]: mean_loss=0.06955280527472496
Q_Learning [134/300]: mean_loss=0.08931452129036188
Q_Learning [135/300]: mean_loss=0.019146240781992674
Q_Learning [136/300]: mean_loss=0.03048431361094117
Q_Learning [137/300]: mean_loss=0.06947939470410347
Q_Learning [138/300]: mean_loss=0.04997393721714616
Q_Learning [139/300]: mean_loss=0.027283050352707505
Q_Learning [140/300]: mean_loss=0.01237068441696465
Q_Learning [141/300]: mean_loss=0.022232704563066363
Q_Learning [142/300]: mean_loss=0.007855157717131078
Q_Learning [143/300]: mean_loss=0.02422254648990929
Q_Learning [144/300]: mean_loss=0.03132128203287721
Q_Learning [145/300]: mean_loss=0.01944729546085
Q_Learning [146/300]: mean_loss=0.025545043172314763
Q_Learning [147/300]: mean_loss=0.01298296800814569
Q_Learning [148/300]: mean_loss=0.07659809663891792
Q_Learning [149/300]: mean_loss=0.013776464737020433
Q_Learning [150/300]: mean_loss=0.10852794162929058
Q_Learning [151/300]: mean_loss=0.012068438110873103
Q_Learning [152/300]: mean_loss=0.05632054386660457
Q_Learning [153/300]: mean_loss=0.0931380270048976
Q_Learning [154/300]: mean_loss=0.008519966679159552
Q_Learning [155/300]: mean_loss=0.0404305849224329
Q_Learning [156/300]: mean_loss=0.019954289542511106
Q_Learning [157/300]: mean_loss=0.010131484363228083
Q_Learning [158/300]: mean_loss=0.06603071745485067
Q_Learning [159/300]: mean_loss=0.01158074801787734
Q_Learning [160/300]: mean_loss=0.024959680857136846
Q_Learning [161/300]: mean_loss=0.02110465755686164
Q_Learning [162/300]: mean_loss=0.042693224269896746
Q_Learning [163/300]: mean_loss=0.016208161250688136
Q_Learning [164/300]: mean_loss=0.019669751403853297
Q_Learning [165/300]: mean_loss=0.01752480340655893
Q_Learning [166/300]: mean_loss=0.011880583129823208
Q_Learning [167/300]: mean_loss=0.025637499755248427
Q_Learning [168/300]: mean_loss=0.05333754746243358
Q_Learning [169/300]: mean_loss=0.07358097191900015
Q_Learning [170/300]: mean_loss=0.029817095724865794
Q_Learning [171/300]: mean_loss=0.04064929438754916
Q_Learning [172/300]: mean_loss=0.0635765534825623
Q_Learning [173/300]: mean_loss=0.0175716164521873
Q_Learning [174/300]: mean_loss=0.019020705483853817
Q_Learning [175/300]: mean_loss=0.07457125186920166
Q_Learning [176/300]: mean_loss=0.01779277133755386
Q_Learning [177/300]: mean_loss=0.07230090536177158
Q_Learning [178/300]: mean_loss=0.03373499144800007
Q_Learning [179/300]: mean_loss=0.05716278590261936
Q_Learning [180/300]: mean_loss=0.09879865124821663
Q_Learning [181/300]: mean_loss=0.03966911323368549
Q_Learning [182/300]: mean_loss=0.06090415036305785
Q_Learning [183/300]: mean_loss=0.08872605673968792
Q_Learning [184/300]: mean_loss=0.013873949646949768
Q_Learning [185/300]: mean_loss=0.04107314674183726
Q_Learning [186/300]: mean_loss=0.03259601700119674
Q_Learning [187/300]: mean_loss=0.03862827783450484
Q_Learning [188/300]: mean_loss=0.05106431245803833
Q_Learning [189/300]: mean_loss=0.012497544288635254
Q_Learning [190/300]: mean_loss=0.02836919715628028
Q_Learning [191/300]: mean_loss=0.08283056691288948
Q_Learning [192/300]: mean_loss=0.05559059651568532
Q_Learning [193/300]: mean_loss=0.022811729228124022
Q_Learning [194/300]: mean_loss=0.06949717923998833
Q_Learning [195/300]: mean_loss=0.031579944072291255
Q_Learning [196/300]: mean_loss=0.017126516439020634
Q_Learning [197/300]: mean_loss=0.05295015498995781
Q_Learning [198/300]: mean_loss=0.012178725213743746
Q_Learning [199/300]: mean_loss=0.024127951823174953
Q_Learning [200/300]: mean_loss=0.011682551819831133
Q_Learning [201/300]: mean_loss=0.03073337604291737
Q_Learning [202/300]: mean_loss=0.019849883392453194
Q_Learning [203/300]: mean_loss=0.015175716835074127
Q_Learning [204/300]: mean_loss=0.04042204609140754
Q_Learning [205/300]: mean_loss=0.018677263287827373
Q_Learning [206/300]: mean_loss=0.04607271542772651
Q_Learning [207/300]: mean_loss=0.012269714148715138
Q_Learning [208/300]: mean_loss=0.055937095545232296
Q_Learning [209/300]: mean_loss=0.04842862160876393
Q_Learning [210/300]: mean_loss=0.04284151131287217
Q_Learning [211/300]: mean_loss=0.03630709648132324
Q_Learning [212/300]: mean_loss=0.014140783343464136
Q_Learning [213/300]: mean_loss=0.030494899721816182
Q_Learning [214/300]: mean_loss=0.04678945895284414
Q_Learning [215/300]: mean_loss=0.09552645031362772
Q_Learning [216/300]: mean_loss=0.06433753948658705
Q_Learning [217/300]: mean_loss=0.01721950783394277
Q_Learning [218/300]: mean_loss=0.015405791811645031
Q_Learning [219/300]: mean_loss=0.017140008276328444
Q_Learning [220/300]: mean_loss=0.012484005652368069
Q_Learning [221/300]: mean_loss=0.05065151397138834
Q_Learning [222/300]: mean_loss=0.03362886514514685
Q_Learning [223/300]: mean_loss=0.016385876457206905
Q_Learning [224/300]: mean_loss=0.09621729142963886
Q_Learning [225/300]: mean_loss=0.02444466669112444
Q_Learning [226/300]: mean_loss=0.04201162001118064
Q_Learning [227/300]: mean_loss=0.030308534624055028
Q_Learning [228/300]: mean_loss=0.046693816781044006
Q_Learning [229/300]: mean_loss=0.02858668752014637
Q_Learning [230/300]: mean_loss=0.03688599029555917
Q_Learning [231/300]: mean_loss=0.034219235414639115
Q_Learning [232/300]: mean_loss=0.02586698904633522
Q_Learning [233/300]: mean_loss=0.027698681224137545
Q_Learning [234/300]: mean_loss=0.02328314888291061
Q_Learning [235/300]: mean_loss=0.030647109961137176
Q_Learning [236/300]: mean_loss=0.017278689425438643
Q_Learning [237/300]: mean_loss=0.02655131369829178
Q_Learning [238/300]: mean_loss=0.03644269285723567
Q_Learning [239/300]: mean_loss=0.057604956440627575
Q_Learning [240/300]: mean_loss=0.020359032787382603
Q_Learning [241/300]: mean_loss=0.02438794355839491
Q_Learning [242/300]: mean_loss=0.015950838685967028
Q_Learning [243/300]: mean_loss=0.017316325451247394
Q_Learning [244/300]: mean_loss=0.009938026312738657
Q_Learning [245/300]: mean_loss=0.01006661495193839
Q_Learning [246/300]: mean_loss=0.06748995091766119
Q_Learning [247/300]: mean_loss=0.07176940329372883
Q_Learning [248/300]: mean_loss=0.04897280363366008
Q_Learning [249/300]: mean_loss=0.06593965645879507
Q_Learning [250/300]: mean_loss=0.015107909217476845
Q_Learning [251/300]: mean_loss=0.04254195326939225
Q_Learning [252/300]: mean_loss=0.011832795687951148
Q_Learning [253/300]: mean_loss=0.024069059640169144
Q_Learning [254/300]: mean_loss=0.0849549937993288
Q_Learning [255/300]: mean_loss=0.012925389688462019
Q_Learning [256/300]: mean_loss=0.014559147763065994
Q_Learning [257/300]: mean_loss=0.03796506114304066
Q_Learning [258/300]: mean_loss=0.027208182495087385
Q_Learning [259/300]: mean_loss=0.06280103838071227
Q_Learning [260/300]: mean_loss=0.03512256219983101
Q_Learning [261/300]: mean_loss=0.0247313161380589
Q_Learning [262/300]: mean_loss=0.0400433037430048
Q_Learning [263/300]: mean_loss=0.01801780762616545
Q_Learning [264/300]: mean_loss=0.007557286415249109
Q_Learning [265/300]: mean_loss=0.04367709252983332
Q_Learning [266/300]: mean_loss=0.040116900112479925
Q_Learning [267/300]: mean_loss=0.031691133277490735
Q_Learning [268/300]: mean_loss=0.04499034397304058
Q_Learning [269/300]: mean_loss=0.02875890349969268
Q_Learning [270/300]: mean_loss=0.057786761317402124
Q_Learning [271/300]: mean_loss=0.05777193419635296
Q_Learning [272/300]: mean_loss=0.0987361865118146
Q_Learning [273/300]: mean_loss=0.04272028594277799
Q_Learning [274/300]: mean_loss=0.05081575410440564
Q_Learning [275/300]: mean_loss=0.09419290814548731
Q_Learning [276/300]: mean_loss=0.023951402632519603
Q_Learning [277/300]: mean_loss=0.020197338657453656
Q_Learning [278/300]: mean_loss=0.01259540836326778
Q_Learning [279/300]: mean_loss=0.015548728290013969
Q_Learning [280/300]: mean_loss=0.14438791200518608
Q_Learning [281/300]: mean_loss=0.04415077855810523
Q_Learning [282/300]: mean_loss=0.03725255862809718
Q_Learning [283/300]: mean_loss=0.017239368869923055
Q_Learning [284/300]: mean_loss=0.033299499191343784
Q_Learning [285/300]: mean_loss=0.06156083848327398
Q_Learning [286/300]: mean_loss=0.1080377846956253
Q_Learning [287/300]: mean_loss=0.03962549054995179
Q_Learning [288/300]: mean_loss=0.010263777920044959
Q_Learning [289/300]: mean_loss=0.03571159299463034
Q_Learning [290/300]: mean_loss=0.010556533932685852
Q_Learning [291/300]: mean_loss=0.025802151765674353
Q_Learning [292/300]: mean_loss=0.0301761357113719
Q_Learning [293/300]: mean_loss=0.04290063912048936
Q_Learning [294/300]: mean_loss=0.014299933449365199
Q_Learning [295/300]: mean_loss=0.10512196738272905
Q_Learning [296/300]: mean_loss=0.04477461101487279
Q_Learning [297/300]: mean_loss=0.024466929491609335
Q_Learning [298/300]: mean_loss=0.05987082468345761
Q_Learning [299/300]: mean_loss=0.025977828772738576
Q_Learning [300/300]: mean_loss=0.01366064278408885
Number of Samples after Autoencoder testing: 300
First Spike after testing: [-2.1015007 -1.0602677]
[0, 0, 0, 0, 2, 2, 1, 1, 0, 1, 0, 1, 1, 0, 0, 0, 1, 1, 1, 2, 1, 0, 2, 2, 1, 2, 0, 0, 1, 1, 1, 0, 1, 2, 2, 0, 0, 0, 2, 0, 0, 0, 1, 1, 2, 2, 1, 0, 2, 2, 0, 0, 0, 0, 1, 2, 1, 1, 0, 0, 1, 0, 1, 0, 0, 1, 1, 1, 0, 1, 0, 2, 0, 2, 2, 1, 1, 0, 1, 2, 0, 1, 1, 0, 2, 1, 0, 2, 1, 0, 1, 2, 0, 2, 2, 1, 1, 2, 2, 0, 0, 1, 1, 1, 2, 2, 1, 0, 1, 2, 2, 2, 0, 0, 2, 1, 2, 1, 1, 2, 1, 2, 2, 2, 0, 1, 0, 1, 0, 2, 0, 1, 1, 0, 0, 1, 0, 0, 0, 0, 2, 0, 2, 1, 0, 1, 1, 2, 0, 1, 1, 2, 1, 2, 2, 0, 1, 0, 0, 0, 0, 0, 0, 0, 1, 0, 1, 2, 2, 1, 1, 2, 1, 0, 2, 1, 2, 2, 0, 0, 2, 0, 2, 0, 1, 1, 0, 2, 0, 0, 2, 0, 2, 0, 1, 0, 1, 0, 1, 2, 1, 0, 1, 2, 2, 0, 2, 0, 1, 0, 1, 0, 1, 0, 0, 2, 2, 0, 2, 2, 2, 1, 1, 0, 0, 2, 1, 0, 0, 2, 1, 1, 1, 0, 2, 1, 0, 1, 2, 1, 0, 1, 2, 1, 1, 2, 0, 0, 0, 1, 1, 2, 1, 2, 0, 2, 1, 1, 2, 2, 2, 2, 2, 0, 1, 2, 2, 0, 1, 2, 2, 1, 1, 0, 2, 2, 0, 1, 2, 0, 1, 0, 0, 1, 2, 2, 1, 1, 0, 0, 2, 2, 0, 0, 2, 2, 1, 0, 1, 2]
[0, 1, 1, 1, 1, 1, 2, 3, 1, 2, 1, 2, 2, 1, 1, 1, 2, 2, 2, 2, 2, 1, 1, 2, 2, 1, 1, 1, 2, 2, 4, 5, 2, 2, 2, 1, 1, 0, 2, 1, 1, 1, 2, 2, 3, 1, 2, 1, 2, 1, 1, 1, 1, 1, 2, 2, 2, 2, 1, 1, 4, 1, 4, 1, 1, 3, 4, 2, 1, 4, 1, 2, 0, 2, 1, 2, 2, 4, 1, 2, 1, 2, 4, 1, 1, 4, 1, 1, 4, 1, 2, 1, 1, 2, 2, 4, 2, 2, 1, 1, 1, 2, 2, 4, 2, 2, 4, 1, 4, 1, 1, 3, 1, 0, 1, 3, 1, 4, 2, 2, 2, 2, 2, 2, 1, 4, 2, 4, 1, 2, 6, 4, 4, 1, 1, 4, 1, 1, 1, 1, 2, 0, 4, 4, 0, 4, 2, 2, 1, 4, 4, 2, 2, 2, 2, 1, 2, 0, 1, 1, 1, 1, 1, 2, 2, 1, 2, 3, 2, 2, 4, 1, 4, 1, 0, 2, 2, 3, 1, 1, 3, 1, 2, 1, 2, 4, 7, 3, 1, 1, 2, 1, 2, 1, 4, 1, 4, 1, 3, 7, 4, 1, 4, 2, 2, 1, 1, 1, 4, 1, 5, 0, 2, 1, 0, 2, 2, 1, 1, 2, 1, 4, 2, 1, 1, 1, 4, 1, 1, 2, 2, 4, 4, 1, 2, 4, 1, 4, 2, 2, 1, 4, 2, 4, 3, 6, 0, 5, 1, 2, 4, 1, 4, 2, 1, 2, 4, 2, 1, 2, 2, 1, 2, 1, 4, 0, 2, 5, 4, 2, 2, 4, 4, 1, 2, 2, 1, 4, 4, 7, 4, 1, 1, 4, 2, 1, 4, 4, 1, 1, 2, 2, 0, 7, 2, 2, 4, 1, 2, 1]
Centroids: [[-0.4160259, -0.8123196], [1.1979214, 0.2520838], [0.16535302, -0.2248875]]
Centroids: [[-1.5517377, -0.1288303], [-0.16186035, -0.7812641], [0.6403259, 0.064863004], [-0.1353517, 0.8011752], [1.4948416, 0.03648574], [-0.07082546, -1.4106236], [-3.078667, 0.86612636], [-1.653753, -1.5178827]]
Contingency Matrix: 
[[11 87  2  0  1  3  1  3]
 [ 0  1 43  5 51  1  0  0]
 [ 2 25 54  6  2  0  1  1]]
[[11, 87, 2, 0, 1, 3, 1, 3], [0, 1, 43, 5, 51, 1, 0, 0], [2, 25, 54, 6, 2, 0, 1, 1]]
[[11, 87, 2, 0, 1, 3, 1, 3], [0, 1, 43, 5, 51, 1, 0, 0], [2, 25, 54, 6, 2, 0, 1, 1]]
[0, 1, 2, 3, 4, 5, 6, 7]
[[-1, -1, -1, -1, -1, -1, -1, -1], [0, -1, 43, 5, 51, 1, 0, 0], [2, -1, 54, 6, 2, 0, 1, 1]]
[[-1, -1, -1, -1, -1, -1, -1, -1], [0, -1, -1, 5, 51, 1, 0, 0], [-1, -1, -1, -1, -1, -1, -1, -1]]
[[-1, -1, -1, -1, -1, -1, -1, -1], [-1, -1, -1, -1, -1, -1, -1, -1], [-1, -1, -1, -1, -1, -1, -1, -1]]
Match_Labels: {0: 1, 2: 2, 1: 4}
New Contingency Matrix: 
[[87  1  2 11  0  3  1  3]
 [ 1 51 43  0  5  1  0  0]
 [25  2 54  2  6  0  1  1]]
New Clustered Label Sequence: [1, 4, 2, 0, 3, 5, 6, 7]
Diagonal_Elements: [87, 51, 54], Sum: 192
All_Elements: [87, 1, 2, 11, 0, 3, 1, 3, 1, 51, 43, 0, 5, 1, 0, 0, 25, 2, 54, 2, 6, 0, 1, 1], Sum: 300
Accuracy: 0.64
