Seed: 0
Experiment_path: Experiment_06
Dataset_Path: ../_00_Datasets/03_SimDaten_Quiroga2020/C_Easy1_noise010.mat
Dataset_name: ['03_SimDaten_Quiroga2020', 'C_Easy1_noise010.mat']
Variant_name: Variant_05_Online_Autoencoder_QLearning_opt
Visualisation_Path: AE_Model_2/Grid_Search_PC//V5_1/C_Easy1_noise010.mat/Variant_05_Online_Autoencoder_QLearning_opt/2023_05_03-20_41_17
Normalisation: False
Template Matching: False
Optimising Autoencoder: True
Update Factor: 1
Noisy Batches: False
Noisy Factor: 0.001
Epochs: 8
Batch Size: 1
maximal Spikes for Autoencoder Training : 700
maximal Spikes for Training: 1000
Input Size: 47
Chosen Model: Convolutional Autoencoder
ConvolutionalAutoencoder(
  (encoder): Sequential(
    (0): Conv1d(1, 6, kernel_size=(6,), stride=(1,))
    (1): LeakyReLU(negative_slope=0.01)
    (2): Conv1d(6, 1, kernel_size=(6,), stride=(1,))
    (3): Flatten(start_dim=1, end_dim=-1)
    (4): Linear(in_features=37, out_features=2, bias=True)
  )
  (decoder): Sequential(
    (0): ConvTranspose1d(1, 6, kernel_size=(6,), stride=(1,))
    (1): LeakyReLU(negative_slope=0.01)
    (2): ConvTranspose1d(6, 1, kernel_size=(6,), stride=(1,))
    (3): Flatten(start_dim=1, end_dim=-1)
    (4): Linear(in_features=12, out_features=47, bias=True)
  )
)
MSELoss()
Adam (
Parameter Group 0
    amsgrad: False
    betas: (0.9, 0.999)
    capturable: False
    differentiable: False
    eps: 1e-08
    foreach: None
    fused: False
    lr: 0.001
    maximize: False
    weight_decay: 0
)
---Q Learning Parameters---
Normalisation: False
Punishment Coefficient: 0.1
Alpha: 0.8
Epsilon: 0.01
Gamma: 0.97
Initial Episode Number: 0
Episode Number Coefficient: 1.4
Number of Random Features: 20
Planning Number: 20
Max Random Features: 60
New Episode Number: 72
New Episode Number: 143
New Episode Number: 215
New Episode Number: 286
New Episode Number: 358
New Episode Number: 429
New Episode Number: 500
New Episode Number: 572
New Episode Number: 643
New Episode Number: 715
New Episode Number: 786
New Episode Number: 858
New Episode Number: 929
New Episode Number: 1000
New Episode Number: 1072
New Episode Number: 1143
New Episode Number: 1215
New Episode Number: 1286
New Episode Number: 1358
New Episode Number: 1429
New Episode Number: 1501
New Episode Number: 1572
New Episode Number: 1643
New Episode Number: 1715
New Episode Number: 1786
New Episode Number: 1858
New Episode Number: 1929
New Episode Number: 2000
New Episode Number: 2072
New Episode Number: 2143
New Episode Number: 2215
New Episode Number: 2286
New Episode Number: 2358
New Episode Number: 2429
New Episode Number: 2500
New Episode Number: 2572
New Episode Number: 2643
New Episode Number: 2715
New Episode Number: 2786
New Episode Number: 2858
New Episode Number: 2929
New Episode Number: 3001
New Episode Number: 3072
New Episode Number: 3143
New Episode Number: 3215
New Episode Number: 3286
New Episode Number: 3358
New Episode Number: 3429
               0     1     2     3     4   ...    44    45    46    47    48
new_cluster -0.52 -0.82 -8.07 -3.23 -2.55  ... -7.57 -3.72 -1.52 -1.00 -0.93
c1          -0.51 -0.66 -8.08 -3.25 -2.54  ... -7.55 -3.72 -1.62 -0.87 -0.90
c2          -0.51 -0.78 -8.08 -3.25 -2.54  ... -7.55 -3.72 -1.81 -0.94 -0.93
c3          -0.51 -0.74 -8.08 -3.22 -2.52  ... -7.57 -3.72 -1.99 -0.96 -0.90
c4          -0.51 -0.78 -8.07 -3.22 -2.55  ... -7.56 -3.72 -2.29 -0.97 -0.83
c5          -0.49 -0.79 -8.08 -3.21 -2.55  ... -7.57 -3.72 -1.24 -0.95 -0.91
c6          -0.51 -0.79 -8.08 -3.26 -2.52  ... -7.57 -3.72 -1.78 -0.89 -0.46
c7          -0.51 -0.79 -8.08 -3.24 -2.52  ... -7.57 -3.72 -1.88  0.00  0.00
c8          -0.51 -0.76 -8.06 -3.23 -2.54  ... -7.57 -3.72 -2.74 -0.99 -0.93
c9          -0.52 -0.79 -8.08 -3.24 -2.54  ... -7.57 -3.72 -1.81 -0.96 -0.92
c10         -0.52 -0.77 -8.08 -3.18 -2.54  ... -7.57 -3.72 -1.78 -0.87  0.00
c11         -0.49 -0.79 -8.07 -3.25 -2.55  ... -7.57 -3.72 -2.21 -0.99 -0.92
c12         -0.52 -0.78 -8.08 -3.19 -2.54  ... -7.56 -3.72 -2.40 -0.99 -0.93
c13         -0.51 -0.78 -8.08 -3.19 -2.51  ... -7.57 -3.72 -2.40 -0.97 -0.46
c14         -0.51 -0.77 -7.93 -3.24 -2.55  ... -7.57 -3.72 -1.27 -0.99 -0.93
c15         -0.51 -0.79 -8.05 -3.21 -2.54  ... -7.56 -3.72 -2.35 -0.99 -0.93
c16         -0.52 -0.76 -8.07 -3.26 -2.54  ... -7.54 -3.72 -2.45 -1.00 -0.93
c17         -0.51 -0.81 -8.08 -3.22 -2.50  ... -7.55 -3.72 -2.15 -0.96 -0.93
c18         -0.47 -0.77 -7.97 -3.24 -2.55  ... -7.55 -3.72 -2.31 -0.89 -0.92
c19         -0.48 -0.83 -8.05 -3.24 -2.54  ... -7.55 -3.72 -2.08 -0.94 -0.92
c20         -0.52 -0.79 -7.96 -3.26 -2.52  ... -7.57 -3.72 -2.19 -0.98 -0.92
c21         -0.52 -0.76 -8.07 -3.23 -2.52  ... -7.55 -3.72 -1.88 -0.90 -0.93
c22         -0.51 -0.78 -8.08 -3.21 -2.51  ... -7.57 -3.72 -2.19 -0.97 -0.92
c23         -0.51 -0.82 -8.08 -3.25 -2.54  ... -7.55 -3.72 -1.63 -0.90 -0.93
c24         -0.51 -0.80 -8.08 -3.24 -2.52  ... -7.56 -3.72 -1.96 -1.00 -0.93
c25         -0.52 -0.75 -8.07 -3.23 -2.54  ... -7.57 -3.72 -2.77 -1.00 -0.92
c26         -0.52 -0.76 -8.07 -3.24 -2.54  ... -7.46 -3.72 -1.81 -0.87  0.00
c27         -0.51 -0.76 -8.07 -3.18 -2.54  ... -7.54 -3.72 -2.15 -0.89 -0.93
c28         -0.52 -0.76 -8.07 -3.23 -2.54  ... -7.57 -3.72 -2.19 -0.99 -0.93
c29         -0.51 -0.79 -8.08 -3.22 -2.54  ... -7.55 -3.72 -1.88 -0.94 -0.90
c30         -0.51 -0.81 -8.08 -3.23 -2.52  ... -7.55 -3.72 -1.98 -0.99 -0.91
c31         -0.52 -0.77 -7.97 -3.02 -2.54  ... -7.55 -3.72 -2.57 -1.00 -0.91
c32         -0.49 -0.76 -8.08 -3.01 -2.55  ... -7.09 -3.72 -2.63 -1.00  0.00
c33         -0.48 -0.74 -8.08 -3.01 -2.54  ... -7.38 -3.72 -2.15 -0.99 -0.91
c34         -0.47 -0.82 -8.05 -3.20 -2.51  ... -7.57 -3.72 -2.35 -0.94  0.00
c35         -0.48 -0.79 -8.08 -3.22 -2.55  ... -7.56 -3.72 -0.97 -0.88 -0.93
c36         -0.51 -0.79 -8.08 -3.21 -2.54  ... -7.47 -3.72 -3.04 -1.00 -0.89
c37         -0.51 -0.79 -8.08 -3.02 -2.55  ... -7.57 -3.72 -2.52 -1.00 -0.93
c38         -0.52 -0.79 -8.08 -3.22 -2.52  ... -7.56 -3.72 -1.62 -0.98 -0.92
c39         -0.52 -0.78 -8.01 -3.21 -2.54  ... -7.55 -3.72 -2.29 -0.99 -0.92
c40         -0.52 -0.83 -8.07 -3.19 -2.55  ... -7.57 -3.72 -3.04 -0.96 -0.93
c41         -0.51 -0.82 -8.07 -3.22 -2.46  ... -7.42 -3.72 -1.99 -0.99 -0.93
c42         -0.51 -0.78 -8.05 -3.25 -2.55  ... -7.42 -3.72 -1.46 -0.98 -0.93
c43         -0.51 -0.80 -8.07 -3.21 -2.54  ... -7.57 -3.72 -1.34 -1.00 -0.93
c44         -0.51 -0.76 -8.08 -3.22 -2.52  ... -7.54 -3.72 -1.96 -0.94 -0.93
c45         -0.51 -0.80 -8.08 -3.22 -2.55  ... -7.19 -3.71 -1.97 -1.00  0.00
c46         -0.49 -0.81 -7.97 -3.25 -2.51  ... -7.56 -3.72 -1.69 -0.86  0.00
c47         -0.50 -0.76 -8.07 -3.04 -2.51  ... -7.57 -3.69 -1.50 -0.99 -0.89
c48         -0.51 -0.78 -8.04 -3.25 -2.50  ... -7.57 -3.72 -1.98 -0.99 -0.93

[49 rows x 49 columns]
\begin{tabular}{lrrrrrrrrrrrrrrrrrrrrrrrrrrrrrrrrrrrrrrrrrrrrrrrrr}
\toprule
{} &    0  &    1  &    2  &    3  &    4  &    5  &    6  &    7  &    8  &    9  &    10 &    11 &    12 &    13 &    14 &    15 &    16 &    17 &    18 &    19 &    20 &    21 &    22 &    23 &    24 &    25 &    26 &    27 &    28 &    29 &    30 &    31 &    32 &    33 &    34 &    35 &    36 &    37 &    38 &    39 &    40 &    41 &    42 &    43 &    44 &    45 &    46 &    47 &    48 \\
\midrule
new\_cluster & -0.52 & -0.82 & -8.07 & -3.23 & -2.55 & -5.14 & -5.67 & -2.30 & -3.74 & -1.16 & -3.99 & -0.76 & -0.56 & -5.14 & -1.09 & -5.67 & -3.74 & -3.44 & -5.03 & -6.41 & -4.35 & -0.84 & -0.61 & -0.50 & -5.66 & -0.69 & -1.92 & -5.99 & -6.08 & -4.55 & -6.52 & -2.12 & -5.17 & -4.46 & -2.04 & -5.53 & -5.00 & -1.55 & -0.49 & -2.83 & -4.38 & -0.53 & -7.64 & -1.19 & -7.57 & -3.72 & -1.52 & -1.00 & -0.93 \\
c1          & -0.51 & -0.66 & -8.08 & -3.25 & -2.54 & -5.16 & -5.65 & -2.43 & -3.77 & -1.17 & -3.90 & -0.70 & -0.58 & -5.05 & -1.09 & -5.72 & -3.70 & -3.28 & -5.11 & -6.47 & -4.39 & -0.80 & -0.61 & -0.50 & -5.67 & -0.69 & -1.93 & -5.95 & -6.05 & -4.64 & -6.53 & -1.12 & -5.17 & -4.49 & -2.03 & -5.23 & -4.99 & -1.50 & -0.49 & -2.89 & -4.42 & -0.54 & -7.67 & -1.12 & -7.55 & -3.72 & -1.62 & -0.87 & -0.90 \\
c2          & -0.51 & -0.78 & -8.08 & -3.25 & -2.54 & -5.22 & -5.71 & -2.36 & -3.80 & -1.16 & -3.86 & -0.70 & -0.58 & -5.16 & -1.06 & -5.46 & -3.73 & -3.31 & -5.04 & -6.29 & -4.31 & -0.82 & -0.61 & -0.50 & -5.61 & -0.69 & -1.96 & -6.03 & -6.07 & -4.64 & -6.77 & -0.67 & -5.17 & -4.60 & -2.03 & -5.23 & -4.90 & -1.56 & -0.49 & -3.08 & -4.41 & -0.54 & -7.68 & -1.00 & -7.55 & -3.72 & -1.81 & -0.94 & -0.93 \\
c3          & -0.51 & -0.74 & -8.08 & -3.22 & -2.52 & -5.06 & -5.71 & -2.40 & -3.79 & -1.16 & -4.04 & -0.76 & -0.56 & -5.10 & -1.07 & -5.68 & -3.66 & -3.38 & -5.07 & -6.32 & -4.30 & -0.84 & -0.60 & -0.50 & -5.77 & -0.68 & -1.89 & -5.97 & -6.09 & -4.67 & -6.52 & -1.17 & -5.17 & -4.02 & -2.07 & -5.41 & -4.99 & -1.56 & -0.49 & -3.14 & -4.47 & -0.55 & -7.66 & -1.37 & -7.57 & -3.72 & -1.99 & -0.96 & -0.90 \\
c4          & -0.51 & -0.78 & -8.07 & -3.22 & -2.55 & -5.17 & -5.70 & -2.39 & -3.79 & -1.16 & -3.86 & -0.69 & -0.55 & -5.15 & -1.02 & -5.60 & -3.73 & -3.32 & -5.05 & -6.38 & -4.31 & -0.75 & -0.61 & -0.50 & -5.78 & -0.69 & -1.93 & -5.93 & -6.08 & -4.56 & -6.40 & -1.08 & -5.17 & -4.43 & -2.07 & -5.47 & -4.99 & -1.55 & -0.49 & -3.11 & -4.45 & -0.55 & -7.66 & -1.08 & -7.56 & -3.72 & -2.29 & -0.97 & -0.83 \\
c5          & -0.49 & -0.79 & -8.08 & -3.21 & -2.55 & -5.16 & -5.73 & -2.31 & -3.78 & -1.09 & -3.96 & -0.72 & -0.56 & -5.12 & -1.03 & -5.62 & -3.68 & -3.32 & -5.06 & -6.50 & -4.35 & -0.79 & -0.60 & -0.50 & -5.54 & -0.69 & -1.93 & -5.91 & -6.02 & -4.57 & -6.57 & -0.88 & -5.17 & -4.46 & -2.00 & -5.47 & -4.99 & -1.53 & -0.49 & -3.17 & -4.39 & -0.54 & -7.67 & -0.95 & -7.57 & -3.72 & -1.24 & -0.95 & -0.91 \\
c6          & -0.51 & -0.79 & -8.08 & -3.26 & -2.52 & -5.10 & -5.52 & -2.42 & -3.84 & -1.13 & -3.95 & -0.70 & -0.54 & -5.20 & -1.09 & -5.69 & -3.74 & -3.29 & -5.02 & -6.35 & -4.37 & -0.82 & -0.62 & -0.48 & -5.55 & -0.56 & -1.89 & -6.00 & -6.06 & -4.61 & -6.57 & -1.79 & -5.17 & -4.44 & -2.05 & -5.58 & -4.98 & -1.37 & -0.49 & -2.93 & -4.43 & -0.54 & -7.68 & -1.90 & -7.57 & -3.72 & -1.78 & -0.89 & -0.46 \\
c7          & -0.51 & -0.79 & -8.08 & -3.24 & -2.52 & -5.09 & -5.65 & -2.43 & -3.73 & -1.16 & -4.00 & -0.74 & -0.57 & -5.03 & -1.05 & -5.73 & -3.77 & -3.32 & -5.03 & -6.34 & -4.35 & -0.84 & -0.61 & -0.48 & -5.74 & -0.69 & -1.98 & -6.01 & -5.96 & -4.53 & -6.45 & -1.12 & -5.17 & -4.43 & -2.05 & -5.36 & -4.95 & -1.53 & -0.49 & -3.11 & -4.38 & -0.54 & -7.68 & -1.08 & -7.57 & -3.72 & -1.88 &  0.00 &  0.00 \\
c8          & -0.51 & -0.76 & -8.06 & -3.23 & -2.54 & -5.10 & -5.68 & -2.47 & -3.70 & -1.15 & -3.97 & -0.72 & -0.57 & -5.06 & -1.08 & -5.56 & -3.75 & -3.51 & -5.11 & -6.40 & -4.34 & -0.81 & -0.63 & -0.50 & -5.65 & -0.68 & -1.91 & -5.83 & -6.09 & -4.13 & -6.57 & -1.72 & -5.17 & -4.49 & -2.02 & -5.57 & -4.99 & -1.46 & -0.49 & -2.90 & -4.41 & -0.55 & -7.66 & -1.36 & -7.57 & -3.72 & -2.74 & -0.99 & -0.93 \\
c9          & -0.52 & -0.79 & -8.08 & -3.24 & -2.54 & -5.10 & -5.67 & -2.45 & -3.77 & -1.15 & -3.93 & -0.76 & -0.57 & -5.15 & -1.11 & -5.52 & -3.70 & -3.41 & -4.90 & -6.35 & -4.36 & -0.83 & -0.60 & -0.50 & -5.62 & -0.67 & -1.87 & -5.90 & -6.11 & -4.64 & -6.53 & -1.14 & -5.17 & -4.50 & -2.00 & -5.07 & -4.99 & -1.55 & -0.49 & -3.06 & -4.38 & -0.54 & -7.68 & -1.94 & -7.57 & -3.72 & -1.81 & -0.96 & -0.92 \\
c10         & -0.52 & -0.77 & -8.08 & -3.18 & -2.54 & -5.10 & -5.67 & -2.31 & -3.72 & -1.17 & -3.95 & -0.74 & -0.57 & -5.11 & -1.08 & -5.73 & -3.72 & -3.42 & -4.90 & -6.36 & -4.33 & -0.83 & -0.61 & -0.50 & -5.58 & -0.69 & -1.90 & -5.95 & -6.11 & -4.56 & -6.57 & -1.08 & -5.17 & -4.40 & -2.07 & -5.26 & -4.96 & -1.55 & -0.46 & -3.05 & -4.41 & -0.54 & -7.68 & -1.00 & -7.57 & -3.72 & -1.78 & -0.87 &  0.00 \\
c11         & -0.49 & -0.79 & -8.07 & -3.25 & -2.55 & -4.92 & -5.66 & -2.33 & -3.73 & -1.16 & -3.96 & -0.67 & -0.57 & -5.18 & -1.06 & -5.74 & -3.69 & -3.36 & -5.00 & -6.42 & -4.37 & -0.83 & -0.62 & -0.50 & -5.65 & -0.69 & -1.94 & -5.95 & -6.08 & -4.65 & -6.63 & -1.84 & -5.17 & -4.45 & -2.04 & -5.40 & -4.99 & -1.56 & -0.49 & -3.12 & -4.41 & -0.54 & -7.67 & -1.86 & -7.57 & -3.72 & -2.21 & -0.99 & -0.92 \\
c12         & -0.52 & -0.78 & -8.08 & -3.19 & -2.54 & -5.10 & -5.69 & -2.48 & -3.68 & -1.13 & -3.91 & -0.77 & -0.56 & -5.03 & -1.09 & -5.79 & -3.67 & -3.29 & -5.01 & -6.55 & -4.38 & -0.82 & -0.63 & -0.50 & -5.65 & -0.65 & -1.85 & -5.88 & -6.03 & -4.56 & -6.62 & -1.41 & -5.17 & -4.51 & -2.06 & -5.30 & -4.88 & -1.51 & -0.49 & -3.03 & -4.37 & -0.54 & -7.65 & -1.41 & -7.56 & -3.72 & -2.40 & -0.99 & -0.93 \\
c13         & -0.51 & -0.78 & -8.08 & -3.19 & -2.51 & -5.14 & -5.73 & -2.40 & -3.68 & -1.14 & -3.97 & -0.73 & -0.56 & -5.11 & -1.08 & -5.73 & -3.69 & -3.39 & -5.00 & -6.37 & -4.35 & -0.79 & -0.56 & -0.49 & -5.65 & -0.69 & -1.86 & -6.14 & -6.05 & -4.62 & -6.52 & -0.82 & -5.17 & -4.58 & -2.08 & -5.30 & -4.99 & -1.44 & -0.49 & -2.93 & -4.37 & -0.55 & -7.68 & -2.30 & -7.57 & -3.72 & -2.40 & -0.97 & -0.46 \\
c14         & -0.51 & -0.77 & -7.93 & -3.24 & -2.55 & -5.04 & -5.68 & -2.38 & -3.68 & -1.15 & -4.02 & -0.74 & -0.57 & -5.06 & -1.06 & -5.68 & -3.73 & -3.37 & -5.01 & -6.35 & -4.30 & -0.81 & -0.63 & -0.50 & -5.60 & -0.69 & -1.91 & -6.10 & -6.06 & -4.55 & -6.63 & -1.69 & -5.17 & -4.45 & -2.05 & -5.38 & -4.98 & -1.56 & -0.49 & -3.09 & -4.39 & -0.54 & -7.57 & -2.46 & -7.57 & -3.72 & -1.27 & -0.99 & -0.93 \\
c15         & -0.51 & -0.79 & -8.05 & -3.21 & -2.54 & -5.22 & -5.68 & -2.32 & -3.65 & -1.16 & -3.95 & -0.74 & -0.58 & -5.05 & -1.08 & -5.66 & -3.59 & -3.32 & -5.11 & -6.31 & -4.34 & -0.80 & -0.61 & -0.50 & -5.58 & -0.69 & -2.00 & -5.91 & -6.04 & -4.51 & -6.68 & -1.41 & -5.17 & -4.55 & -2.04 & -5.17 & -4.99 & -1.56 & -0.49 & -2.98 & -4.37 & -0.54 & -7.66 & -1.27 & -7.56 & -3.72 & -2.35 & -0.99 & -0.93 \\
c16         & -0.52 & -0.76 & -8.07 & -3.26 & -2.54 & -5.11 & -5.73 & -2.41 & -3.68 & -1.15 & -3.97 & -0.75 & -0.57 & -5.07 & -1.09 & -5.75 & -3.62 & -3.36 & -5.03 & -6.56 & -4.29 & -0.80 & -0.62 & -0.49 & -5.60 & -0.67 & -1.92 & -5.96 & -6.09 & -4.58 & -6.68 & -1.37 & -5.17 & -4.45 & -2.05 & -5.39 & -4.97 & -1.47 & -0.49 & -3.10 & -4.34 & -0.54 & -7.67 & -1.54 & -7.54 & -3.72 & -2.45 & -1.00 & -0.93 \\
c17         & -0.51 & -0.81 & -8.08 & -3.22 & -2.50 & -5.11 & -5.63 & -2.44 & -3.74 & -1.12 & -4.00 & -0.75 & -0.55 & -5.13 & -1.09 & -5.61 & -3.81 & -3.31 & -5.11 & -6.40 & -4.33 & -0.83 & -0.56 & -0.50 & -5.68 & -0.69 & -1.92 & -6.12 & -6.06 & -4.62 & -6.62 & -1.04 & -5.17 & -4.56 & -2.11 & -5.33 & -4.99 & -1.53 & -0.49 & -3.12 & -4.42 & -0.54 & -7.58 & -1.71 & -7.55 & -3.72 & -2.15 & -0.96 & -0.93 \\
c18         & -0.47 & -0.77 & -7.97 & -3.24 & -2.55 & -4.70 & -5.72 & -2.39 & -3.66 & -1.16 & -4.04 & -0.72 & -0.58 & -5.13 & -1.08 & -5.73 & -3.77 & -3.32 & -5.03 & -6.38 & -4.36 & -0.80 & -0.62 & -0.50 & -5.78 & -0.68 & -1.92 & -5.94 & -5.99 & -4.55 & -6.48 & -0.88 & -5.17 & -4.51 & -2.08 & -5.42 & -4.95 & -1.55 & -0.49 & -3.07 & -4.42 & -0.52 & -7.50 & -1.06 & -7.55 & -3.72 & -2.31 & -0.89 & -0.92 \\
c19         & -0.48 & -0.83 & -8.05 & -3.24 & -2.54 & -5.01 & -5.67 & -2.47 & -3.78 & -1.16 & -3.86 & -0.71 & -0.58 & -5.05 & -1.02 & -5.73 & -3.86 & -3.04 & -5.15 & -6.48 & -4.32 & -0.82 & -0.61 & -0.50 & -5.77 & -0.69 & -1.93 & -5.83 & -6.05 & -4.58 & -6.57 & -0.99 & -5.17 & -4.57 & -2.12 & -5.33 & -4.99 & -1.56 & -0.49 & -3.09 & -4.42 & -0.52 & -7.66 & -1.49 & -7.55 & -3.72 & -2.08 & -0.94 & -0.92 \\
c20         & -0.52 & -0.79 & -7.96 & -3.26 & -2.52 & -5.05 & -5.68 & -2.42 & -3.63 & -1.15 & -3.91 & -0.73 & -0.56 & -5.11 & -1.07 & -5.60 & -3.75 & -3.30 & -5.05 & -6.44 & -4.32 & -0.80 & -0.62 & -0.50 & -5.70 & -0.69 & -1.92 & -6.11 & -5.95 & -4.63 & -6.03 & -1.37 & -5.17 & -4.54 & -2.06 & -5.50 & -4.98 & -1.56 & -0.49 & -3.11 & -4.43 & -0.55 & -7.66 & -2.11 & -7.57 & -3.72 & -2.19 & -0.98 & -0.92 \\
c21         & -0.52 & -0.76 & -8.07 & -3.23 & -2.52 & -5.17 & -5.69 & -2.41 & -3.74 & -1.16 & -4.06 & -0.71 & -0.59 & -5.07 & -1.09 & -5.49 & -3.56 & -3.36 & -5.19 & -6.28 & -4.25 & -0.82 & -0.59 & -0.50 & -5.71 & -0.69 & -1.94 & -6.17 & -6.10 & -4.54 & -6.73 & -1.43 & -5.17 & -4.57 & -2.07 & -5.39 & -4.99 & -1.56 & -0.49 & -3.02 & -4.43 & -0.54 & -7.66 & -1.09 & -7.55 & -3.72 & -1.88 & -0.90 & -0.93 \\
c22         & -0.51 & -0.78 & -8.08 & -3.21 & -2.51 & -5.14 & -5.72 & -2.39 & -3.67 & -1.16 & -3.96 & -0.69 & -0.57 & -5.11 & -1.10 & -5.77 & -3.79 & -3.42 & -4.93 & -6.34 & -4.35 & -0.83 & -0.62 & -0.50 & -5.68 & -0.69 & -1.89 & -5.91 & -6.00 & -4.55 & -6.52 & -0.89 & -5.17 & -4.40 & -2.12 & -5.52 & -4.99 & -1.54 & -0.49 & -3.12 & -4.42 & -0.52 & -7.68 & -1.63 & -7.57 & -3.72 & -2.19 & -0.97 & -0.92 \\
c23         & -0.51 & -0.82 & -8.08 & -3.25 & -2.54 & -5.14 & -5.68 & -2.38 & -3.72 & -1.16 & -3.91 & -0.68 & -0.58 & -5.05 & -1.07 & -5.78 & -3.75 & -3.33 & -5.10 & -6.25 & -4.35 & -0.81 & -0.62 & -0.51 & -5.60 & -0.68 & -1.96 & -5.93 & -6.07 & -4.61 & -6.76 & -1.67 & -5.17 & -4.51 & -2.05 & -5.30 & -4.99 & -1.54 & -0.49 & -3.17 & -4.31 & -0.55 & -7.67 & -1.79 & -7.55 & -3.72 & -1.63 & -0.90 & -0.93 \\
c24         & -0.51 & -0.80 & -8.08 & -3.24 & -2.52 & -5.23 & -5.70 & -2.43 & -3.73 & -1.14 & -3.95 & -0.75 & -0.58 & -4.66 & -1.10 & -5.64 & -3.70 & -3.32 & -5.15 & -5.99 & -4.41 & -0.75 & -0.62 & -0.50 & -5.71 & -0.67 & -1.94 & -5.90 & -6.04 & -4.60 & -6.33 & -2.14 & -5.17 & -4.48 & -2.03 & -5.46 & -5.00 & -1.54 & -0.49 & -3.05 & -4.43 & -0.52 & -7.67 & -1.14 & -7.56 & -3.72 & -1.96 & -1.00 & -0.93 \\
c25         & -0.52 & -0.75 & -8.07 & -3.23 & -2.54 & -5.06 & -5.67 & -2.37 & -3.72 & -1.17 & -4.00 & -0.73 & -0.57 & -5.11 & -1.08 & -5.63 & -3.70 & -3.29 & -5.06 & -6.46 & -4.38 & -0.74 & -0.60 & -0.50 & -5.70 & -0.67 & -1.92 & -5.97 & -6.00 & -4.60 & -6.42 & -2.12 & -5.17 & -4.54 & -2.07 & -5.31 & -4.99 & -1.56 & -0.49 & -3.15 & -4.39 & -0.54 & -7.67 & -1.28 & -7.57 & -3.72 & -2.77 & -1.00 & -0.92 \\
c26         & -0.52 & -0.76 & -8.07 & -3.24 & -2.54 & -5.20 & -5.70 & -2.45 & -3.83 & -1.16 & -4.00 & -0.70 & -0.54 & -5.19 & -1.07 & -5.69 & -3.73 & -3.43 & -5.16 & -6.31 & -4.32 & -0.83 & -0.62 & -0.50 & -5.69 & -0.69 & -1.90 & -5.95 & -6.11 & -4.56 & -6.62 & -1.68 & -5.17 & -4.51 & -1.99 & -5.41 & -4.99 & -1.56 & -0.49 & -3.13 & -4.42 & -0.54 & -7.68 & -0.66 & -7.46 & -3.72 & -1.81 & -0.87 &  0.00 \\
c27         & -0.51 & -0.76 & -8.07 & -3.18 & -2.54 & -5.07 & -5.76 & -2.34 & -3.80 & -1.15 & -4.00 & -0.74 & -0.58 & -5.05 & -1.10 & -5.72 & -3.69 & -3.29 & -5.00 & -6.34 & -4.32 & -0.80 & -0.56 & -0.50 & -5.60 & -0.69 & -1.96 & -5.87 & -6.11 & -4.60 & -6.24 & -0.71 & -5.17 & -4.36 & -2.05 & -5.38 & -4.98 & -1.56 & -0.49 & -3.08 & -4.42 & -0.54 & -7.65 & -1.15 & -7.54 & -3.72 & -2.15 & -0.89 & -0.93 \\
c28         & -0.52 & -0.76 & -8.07 & -3.23 & -2.54 & -5.13 & -5.70 & -2.45 & -3.85 & -1.17 & -3.90 & -0.75 & -0.57 & -5.11 & -1.07 & -5.56 & -3.82 & -3.26 & -5.00 & -6.44 & -4.34 & -0.80 & -0.62 & -0.49 & -5.73 & -0.67 & -1.88 & -5.94 & -6.06 & -4.58 & -6.47 & -0.90 & -5.17 & -4.54 & -2.08 & -5.46 & -4.95 & -1.53 & -0.49 & -3.10 & -4.41 & -0.54 & -7.68 & -1.70 & -7.57 & -3.72 & -2.19 & -0.99 & -0.93 \\
c29         & -0.51 & -0.79 & -8.08 & -3.22 & -2.54 & -5.14 & -5.65 & -2.43 & -3.71 & -1.15 & -3.91 & -0.73 & -0.57 & -5.08 & -1.09 & -5.63 & -3.73 & -3.30 & -4.84 & -6.35 & -4.36 & -0.77 & -0.60 & -0.49 & -5.67 & -0.69 & -1.90 & -5.90 & -6.00 & -4.20 & -6.56 & -1.05 & -5.17 & -4.62 & -2.04 & -5.45 & -4.90 & -1.53 & -0.49 & -3.06 & -4.09 & -0.54 & -7.66 & -1.98 & -7.55 & -3.72 & -1.88 & -0.94 & -0.90 \\
c30         & -0.51 & -0.81 & -8.08 & -3.23 & -2.52 & -5.10 & -5.66 & -2.41 & -3.78 & -1.16 & -3.90 & -0.74 & -0.58 & -5.13 & -1.04 & -5.74 & -3.69 & -3.38 & -5.06 & -6.32 & -4.42 & -0.83 & -0.61 & -0.50 & -5.72 & -0.69 & -1.92 & -6.12 & -6.06 & -4.66 & -6.72 & -3.76 & -5.17 & -4.35 & -2.01 & -5.25 & -4.88 & -1.55 & -0.45 & -3.08 & -4.42 & -0.55 & -7.66 & -0.87 & -7.55 & -3.72 & -1.98 & -0.99 & -0.91 \\
c31         & -0.52 & -0.77 & -7.97 & -3.02 & -2.54 & -5.15 & -5.69 & -2.33 & -3.75 & -1.13 & -3.95 & -0.71 & -0.56 & -5.13 & -1.06 & -5.78 & -3.72 & -3.29 & -5.08 & -6.49 & -4.33 & -0.83 & -0.59 & -0.50 & -5.53 & -0.67 & -1.93 & -5.53 & -6.11 & -4.65 & -6.52 & -0.71 & -5.17 & -4.50 & -2.09 & -5.44 & -4.99 & -1.55 & -0.49 & -3.04 & -4.38 & -0.55 & -7.66 & -2.14 & -7.55 & -3.72 & -2.57 & -1.00 & -0.91 \\
c32         & -0.49 & -0.76 & -8.08 & -3.01 & -2.55 & -5.15 & -5.71 & -2.39 & -3.78 & -1.16 & -3.84 & -0.75 & -0.57 & -5.14 & -1.07 & -5.73 & -3.61 & -3.32 & -5.10 & -6.38 & -4.29 & -0.86 & -0.56 & -0.49 & -5.63 & -0.69 & -1.93 & -6.01 & -6.00 & -4.53 & -6.52 & -0.97 & -5.17 & -4.53 & -2.07 & -5.31 & -4.97 & -1.56 & -0.49 & -3.10 & -4.45 & -0.54 & -7.67 & -1.07 & -7.09 & -3.72 & -2.63 & -1.00 &  0.00 \\
c33         & -0.48 & -0.74 & -8.08 & -3.01 & -2.54 & -5.09 & -5.67 & -2.44 & -3.73 & -0.99 & -3.92 & -0.69 & -0.54 & -4.84 & -1.08 & -5.82 & -3.79 & -3.35 & -4.99 & -6.24 & -4.32 & -0.83 & -0.60 & -0.50 & -5.67 & -0.69 & -1.93 & -6.06 & -5.99 & -4.57 & -6.68 & -1.14 & -5.17 & -4.49 & -2.07 & -5.44 & -4.97 & -1.56 & -0.49 & -3.16 & -4.39 & -0.54 & -7.57 & -2.51 & -7.38 & -3.72 & -2.15 & -0.99 & -0.91 \\
c34         & -0.47 & -0.82 & -8.05 & -3.20 & -2.51 & -5.13 & -5.70 & -2.41 & -3.65 & -1.17 & -3.85 & -0.75 & -0.58 & -5.13 & -1.10 & -5.69 & -3.72 & -3.38 & -4.83 & -6.37 & -4.34 & -0.84 & -0.61 & -0.48 & -5.63 & -0.69 & -1.85 & -5.95 & -6.09 & -4.50 & -6.52 & -2.08 & -5.17 & -4.08 & -2.04 & -5.44 & -4.81 & -1.55 & -0.49 & -2.99 & -4.39 & -0.54 & -7.57 & -1.70 & -7.57 & -3.72 & -2.35 & -0.94 &  0.00 \\
c35         & -0.48 & -0.79 & -8.08 & -3.22 & -2.55 & -5.13 & -5.73 & -2.39 & -3.73 & -1.15 & -3.95 & -0.73 & -0.57 & -5.06 & -1.07 & -5.70 & -3.74 & -3.37 & -5.15 & -6.30 & -4.33 & -0.81 & -0.59 & -0.50 & -5.55 & -0.69 & -1.92 & -6.01 & -6.04 & -4.62 & -6.63 & -1.41 & -5.17 & -4.53 & -2.02 & -5.50 & -4.99 & -1.55 & -0.49 & -3.14 & -4.39 & -0.54 & -7.64 & -2.15 & -7.56 & -3.72 & -0.97 & -0.88 & -0.93 \\
c36         & -0.51 & -0.79 & -8.08 & -3.21 & -2.54 & -5.07 & -5.63 & -2.41 & -3.72 & -1.15 & -3.92 & -0.73 & -0.54 & -5.14 & -1.05 & -5.65 & -3.76 & -3.40 & -4.96 & -6.60 & -4.32 & -0.81 & -0.59 & -0.49 & -5.70 & -0.68 & -1.83 & -6.07 & -6.05 & -4.58 & -6.63 & -1.81 & -5.17 & -4.51 & -2.05 & -5.57 & -4.98 & -1.09 & -0.49 & -3.01 & -4.42 & -0.54 & -7.68 & -1.14 & -7.47 & -3.72 & -3.04 & -1.00 & -0.89 \\
c37         & -0.51 & -0.79 & -8.08 & -3.02 & -2.55 & -5.17 & -5.72 & -2.38 & -3.70 & -1.14 & -3.95 & -0.74 & -0.57 & -5.08 & -1.08 & -5.63 & -3.65 & -3.31 & -5.07 & -6.39 & -4.38 & -0.82 & -0.56 & -0.50 & -5.62 & -0.66 & -1.87 & -6.12 & -5.89 & -4.52 & -6.57 & -0.73 & -5.17 & -4.56 & -2.08 & -5.38 & -4.87 & -1.51 & -0.49 & -3.16 & -4.12 & -0.54 & -7.61 & -1.09 & -7.57 & -3.72 & -2.52 & -1.00 & -0.93 \\
c38         & -0.52 & -0.79 & -8.08 & -3.22 & -2.52 & -5.09 & -5.55 & -2.47 & -3.70 & -1.16 & -4.09 & -0.73 & -0.57 & -5.08 & -1.05 & -5.71 & -3.76 & -3.30 & -5.09 & -6.41 & -4.33 & -0.77 & -0.59 & -0.50 & -5.67 & -0.69 & -1.91 & -5.72 & -5.95 & -4.54 & -6.63 & -1.52 & -5.17 & -4.55 & -2.08 & -5.33 & -4.99 & -1.55 & -0.49 & -3.16 & -4.35 & -0.54 & -7.67 & -1.28 & -7.56 & -3.72 & -1.62 & -0.98 & -0.92 \\
c39         & -0.52 & -0.78 & -8.01 & -3.21 & -2.54 & -5.10 & -5.68 & -2.39 & -3.60 & -1.15 & -3.95 & -0.73 & -0.56 & -5.12 & -1.11 & -5.64 & -3.82 & -3.39 & -5.12 & -6.50 & -4.32 & -0.83 & -0.61 & -0.50 & -5.70 & -0.65 & -1.85 & -5.95 & -6.05 & -4.67 & -6.39 & -0.85 & -5.17 & -4.43 & -2.09 & -5.23 & -4.99 & -1.55 & -0.49 & -3.10 & -4.39 & -0.55 & -7.65 & -1.67 & -7.55 & -3.72 & -2.29 & -0.99 & -0.92 \\
c40         & -0.52 & -0.83 & -8.07 & -3.19 & -2.55 & -5.03 & -5.70 & -2.45 & -3.76 & -1.15 & -4.04 & -0.75 & -0.58 & -5.09 & -1.07 & -5.69 & -3.71 & -3.37 & -5.16 & -6.42 & -4.31 & -0.84 & -0.55 & -0.34 & -5.72 & -0.69 & -1.91 & -5.90 & -6.04 & -4.63 & -6.52 & -1.06 & -5.17 & -4.55 & -2.07 & -5.47 & -4.96 & -1.51 & -0.49 & -3.14 & -4.42 & -0.54 & -7.65 & -1.25 & -7.57 & -3.72 & -3.04 & -0.96 & -0.93 \\
c41         & -0.51 & -0.82 & -8.07 & -3.22 & -2.46 & -5.21 & -5.67 & -2.44 & -3.79 & -1.15 & -4.08 & -0.74 & -0.56 & -5.21 & -1.09 & -5.88 & -3.85 & -3.26 & -5.12 & -6.29 & -4.30 & -0.85 & -0.63 & -0.50 & -5.65 & -0.69 & -1.96 & -5.88 & -6.03 & -4.69 & -6.73 & -1.39 & -5.17 & -4.60 & -2.05 & -5.47 & -5.00 & -1.56 & -0.49 & -3.00 & -4.38 & -0.54 & -7.66 & -2.14 & -7.42 & -3.72 & -1.99 & -0.99 & -0.93 \\
c42         & -0.51 & -0.78 & -8.05 & -3.25 & -2.55 & -5.13 & -5.71 & -2.36 & -3.76 & -1.16 & -3.98 & -0.68 & -0.58 & -5.05 & -1.09 & -5.64 & -3.75 & -3.43 & -5.04 & -6.39 & -4.37 & -0.82 & -0.62 & -0.49 & -5.63 & -0.69 & -1.89 & -6.09 & -6.08 & -4.61 & -6.52 & -0.81 & -5.17 & -4.38 & -2.04 & -5.21 & -4.99 & -1.55 & -0.49 & -3.07 & -4.41 & -0.54 & -7.67 & -1.58 & -7.42 & -3.72 & -1.46 & -0.98 & -0.93 \\
c43         & -0.51 & -0.80 & -8.07 & -3.21 & -2.54 & -5.13 & -5.73 & -2.49 & -3.80 & -1.15 & -3.97 & -0.61 & -0.57 & -5.07 & -1.04 & -5.50 & -3.47 & -3.35 & -4.90 & -6.43 & -4.39 & -0.83 & -0.61 & -0.49 & -5.64 & -0.67 & -1.90 & -6.02 & -6.09 & -4.47 & -6.66 & -0.70 & -5.17 & -4.43 & -2.04 & -5.23 & -4.99 & -1.55 & -0.49 & -3.04 & -4.35 & -0.55 & -7.54 & -1.86 & -7.57 & -3.72 & -1.34 & -1.00 & -0.93 \\
c44         & -0.51 & -0.76 & -8.08 & -3.22 & -2.52 & -5.09 & -5.61 & -2.39 & -3.80 & -1.15 & -3.98 & -0.73 & -0.57 & -5.06 & -1.00 & -5.60 & -3.67 & -3.39 & -5.17 & -6.44 & -4.30 & -0.81 & -0.63 & -0.50 & -5.57 & -0.69 & -1.87 & -5.94 & -5.92 & -4.61 & -6.62 & -1.11 & -5.17 & -4.48 & -2.08 & -5.63 & -4.81 & -1.55 & -0.49 & -3.20 & -4.42 & -0.54 & -7.29 & -0.87 & -7.54 & -3.72 & -1.96 & -0.94 & -0.93 \\
c45         & -0.51 & -0.80 & -8.08 & -3.22 & -2.55 & -4.98 & -5.73 & -2.43 & -3.80 & -1.16 & -3.94 & -0.71 & -0.58 & -5.12 & -1.08 & -5.68 & -3.73 & -3.47 & -5.05 & -6.38 & -4.14 & -0.77 & -0.63 & -0.50 & -5.53 & -0.67 & -1.91 & -6.16 & -6.04 & -4.56 & -6.82 & -0.59 & -5.17 & -4.43 & -2.02 & -5.54 & -4.99 & -1.53 & -0.49 & -3.11 & -4.42 & -0.54 & -7.67 & -2.24 & -7.19 & -3.71 & -1.97 & -1.00 &  0.00 \\
c46         & -0.49 & -0.81 & -7.97 & -3.25 & -2.51 & -5.16 & -5.74 & -2.33 & -3.73 & -1.14 & -4.03 & -0.71 & -0.59 & -5.09 & -1.08 & -5.67 & -3.66 & -3.36 & -5.01 & -6.43 & -4.33 & -0.75 & -0.59 & -0.51 & -5.57 & -0.69 & -1.96 & -5.95 & -6.03 & -4.63 & -6.63 & -1.75 & -5.17 & -4.51 & -2.06 & -5.52 & -4.99 & -1.55 & -0.49 & -3.16 & -4.44 & -0.54 & -7.67 & -1.44 & -7.56 & -3.72 & -1.69 & -0.86 &  0.00 \\
c47         & -0.50 & -0.76 & -8.07 & -3.04 & -2.51 & -5.06 & -5.68 & -2.40 & -3.80 & -1.15 & -4.06 & -0.75 & -0.56 & -5.16 & -1.04 & -5.69 & -3.65 & -3.34 & -5.10 & -6.32 & -4.39 & -0.82 & -0.60 & -0.50 & -5.72 & -0.69 & -1.86 & -6.01 & -6.09 & -4.67 & -6.66 & -1.34 & -5.17 & -4.54 & -2.08 & -4.90 & -4.99 & -1.55 & -0.49 & -3.02 & -3.28 & -0.54 & -7.67 & -1.54 & -7.57 & -3.69 & -1.50 & -0.99 & -0.89 \\
c48         & -0.51 & -0.78 & -8.04 & -3.25 & -2.50 & -5.11 & -5.72 & -2.39 & -3.67 & -1.16 & -3.99 & -0.72 & -0.58 & -5.14 & -1.07 & -5.57 & -3.73 & -3.38 & -5.10 & -6.44 & -4.32 & -0.80 & -0.62 & -0.48 & -5.61 & -0.67 & -1.90 & -5.98 & -6.03 & -4.62 & -6.47 & -0.89 & -5.16 & -4.41 & -2.00 & -5.40 & -4.99 & -1.56 & -0.49 & -3.12 & -4.39 & -0.53 & -7.66 & -1.42 & -7.57 & -3.72 & -1.98 & -0.99 & -0.93 \\
\bottomrule
\end{tabular}

                               0            1   ...            47            48
new_cluster  [-0.04, new_cluster]  [-0.34, c1]  ...  [-0.53, c47]  [-0.46, c48]
c1           [-0.04, new_cluster]  [-0.28, c1]  ...  [-0.53, c47]  [-0.46, c48]
c2           [-0.04, new_cluster]  [-0.32, c1]  ...  [-0.53, c47]  [-0.46, c48]
c3           [-0.04, new_cluster]   [-0.3, c1]  ...  [-0.53, c47]  [-0.46, c48]
c4           [-0.04, new_cluster]  [-0.33, c1]  ...  [-0.53, c47]  [-0.46, c48]
c5           [-0.04, new_cluster]  [-0.32, c1]  ...  [-0.53, c47]  [-0.46, c48]
c6           [-0.04, new_cluster]  [-0.33, c1]  ...  [-0.53, c47]  [-0.46, c48]
c7           [-0.04, new_cluster]  [-0.33, c1]  ...         [0, ]         [0, ]
c8           [-0.04, new_cluster]  [-0.31, c1]  ...  [-0.53, c47]  [-0.46, c48]
c9           [-0.04, new_cluster]  [-0.34, c1]  ...  [-0.53, c47]  [-0.46, c48]
c10          [-0.04, new_cluster]  [-0.32, c1]  ...  [-0.53, c47]         [0, ]
c11          [-0.04, new_cluster]  [-0.32, c1]  ...  [-0.53, c47]  [-0.46, c48]
c12          [-0.04, new_cluster]  [-0.32, c1]  ...  [-0.53, c47]  [-0.46, c48]
c13          [-0.04, new_cluster]  [-0.32, c1]  ...  [-0.53, c47]  [-0.46, c48]
c14          [-0.04, new_cluster]  [-0.31, c1]  ...  [-0.53, c47]  [-0.46, c48]
c15          [-0.04, new_cluster]  [-0.32, c1]  ...  [-0.53, c47]  [-0.46, c48]
c16          [-0.04, new_cluster]  [-0.29, c1]  ...  [-0.53, c47]  [-0.46, c48]
c17          [-0.04, new_cluster]  [-0.36, c1]  ...  [-0.53, c47]  [-0.46, c48]
c18          [-0.04, new_cluster]  [-0.31, c1]  ...  [-0.53, c47]  [-0.46, c48]
c19          [-0.04, new_cluster]  [-0.35, c1]  ...  [-0.53, c47]  [-0.46, c48]
c20          [-0.04, new_cluster]  [-0.34, c1]  ...  [-0.53, c47]  [-0.46, c48]
c21          [-0.04, new_cluster]   [-0.3, c1]  ...  [-0.53, c47]  [-0.46, c48]
c22          [-0.04, new_cluster]  [-0.31, c1]  ...  [-0.53, c47]  [-0.46, c48]
c23          [-0.04, new_cluster]  [-0.35, c1]  ...  [-0.53, c47]  [-0.46, c48]
c24          [-0.04, new_cluster]  [-0.33, c1]  ...  [-0.53, c47]  [-0.46, c48]
c25          [-0.04, new_cluster]  [-0.32, c1]  ...  [-0.53, c47]  [-0.46, c48]
c26          [-0.04, new_cluster]  [-0.31, c1]  ...  [-0.53, c47]         [0, ]
c27          [-0.04, new_cluster]  [-0.31, c1]  ...  [-0.53, c47]  [-0.46, c48]
c28          [-0.04, new_cluster]  [-0.33, c1]  ...  [-0.53, c47]  [-0.46, c48]
c29          [-0.04, new_cluster]  [-0.33, c1]  ...  [-0.53, c47]  [-0.46, c48]
c30          [-0.04, new_cluster]  [-0.34, c1]  ...  [-0.53, c47]  [-0.46, c48]
c31          [-0.04, new_cluster]  [-0.31, c1]  ...  [-0.53, c47]  [-0.46, c48]
c32          [-0.04, new_cluster]  [-0.29, c1]  ...  [-0.53, c47]         [0, ]
c33          [-0.04, new_cluster]   [-0.3, c1]  ...  [-0.53, c47]  [-0.46, c48]
c34          [-0.04, new_cluster]  [-0.34, c1]  ...  [-0.53, c47]         [0, ]
c35          [-0.04, new_cluster]  [-0.33, c1]  ...  [-0.53, c47]  [-0.46, c48]
c36          [-0.04, new_cluster]  [-0.32, c1]  ...  [-0.53, c47]  [-0.46, c48]
c37          [-0.04, new_cluster]  [-0.33, c1]  ...  [-0.53, c47]  [-0.46, c48]
c38          [-0.04, new_cluster]  [-0.33, c1]  ...  [-0.53, c47]  [-0.46, c48]
c39          [-0.04, new_cluster]  [-0.33, c1]  ...  [-0.53, c47]  [-0.46, c48]
c40          [-0.04, new_cluster]  [-0.35, c1]  ...  [-0.53, c47]  [-0.46, c48]
c41          [-0.04, new_cluster]  [-0.35, c1]  ...  [-0.53, c47]  [-0.46, c48]
c42          [-0.04, new_cluster]  [-0.33, c1]  ...  [-0.53, c47]  [-0.46, c48]
c43          [-0.04, new_cluster]  [-0.32, c1]  ...  [-0.53, c47]  [-0.46, c48]
c44          [-0.04, new_cluster]  [-0.32, c1]  ...  [-0.53, c47]  [-0.46, c48]
c45          [-0.04, new_cluster]  [-0.35, c1]  ...  [-0.53, c47]         [0, ]
c46          [-0.04, new_cluster]  [-0.35, c1]  ...  [-0.53, c47]         [0, ]
c47          [-0.04, new_cluster]  [-0.31, c1]  ...  [-0.53, c47]  [-0.46, c48]
c48          [-0.04, new_cluster]  [-0.33, c1]  ...  [-0.53, c47]  [-0.46, c48]

[49 rows x 49 columns]
\begin{tabular}{llllllllllllllllllllllllllllllllllllllllllllllllll}
\toprule
{} &                    0  &           1  &          2  &           3  &           4  &           5  &           6  &           7  &           8  &           9  &            10 &            11 &            12 &            13 &            14 &            15 &            16 &            17 &            18 &            19 &            20 &            21 &            22 &            23 &            24 &            25 &            26 &            27 &            28 &            29 &            30 &            31 &            32 &            33 &            34 &            35 &            36 &            37 &            38 &            39 &            40 &            41 &            42 &            43 &            44 &            45 &            46 &            47 &            48 \\
\midrule
new\_cluster &  [-0.04, new\_cluster] &  [-0.34, c1] &  [-7.6, c2] &  [-2.76, c3] &  [-2.07, c4] &  [-4.67, c5] &  [-5.23, c6] &   [-2.3, c7] &  [-3.28, c8] &  [-0.69, c9] &  [-3.99, c10] &   [-0.3, c11] &  [-0.09, c12] &  [-4.69, c13] &  [-0.61, c14] &  [-5.21, c15] &  [-3.31, c16] &  [-2.99, c17] &  [-4.57, c18] &  [-5.97, c19] &  [-3.87, c20] &  [-0.36, c21] &  [-0.14, c22] &  [-0.02, c23] &  [-5.19, c24] &  [-0.21, c25] &  [-1.92, c26] &  [-5.51, c27] &   [-5.6, c28] &  [-4.08, c29] &  [-6.08, c30] &  [-1.65, c31] &  [-5.17, c32] &   [-4.0, c33] &  [-2.04, c34] &  [-5.07, c35] &  [-4.52, c36] &  [-1.09, c37] &  [-0.01, c38] &  [-2.63, c39] &  [-4.05, c40] &  [-0.07, c41] &  [-7.21, c42] &  [-0.72, c43] &  [-7.09, c44] &  [-3.72, c45] &  [-1.52, c46] &  [-0.53, c47] &  [-0.46, c48] \\
c1          &  [-0.04, new\_cluster] &  [-0.28, c1] &  [-7.6, c2] &  [-2.78, c3] &  [-2.07, c4] &   [-4.7, c5] &   [-5.2, c6] &  [-2.43, c7] &  [-3.31, c8] &  [-0.71, c9] &   [-3.9, c10] &  [-0.28, c11] &   [-0.1, c12] &   [-4.6, c13] &  [-0.62, c14] &  [-5.26, c15] &  [-3.26, c16] &   [-2.9, c17] &  [-4.66, c18] &  [-6.02, c19] &  [-3.92, c20] &  [-0.33, c21] &  [-0.13, c22] &  [-0.02, c23] &  [-5.19, c24] &  [-0.21, c25] &  [-1.93, c26] &  [-5.48, c27] &  [-5.57, c28] &  [-4.21, c29] &  [-6.09, c30] &  [-0.65, c31] &  [-5.17, c32] &  [-4.05, c33] &  [-2.03, c34] &  [-4.78, c35] &  [-4.52, c36] &  [-1.09, c37] &  [-0.01, c38] &  [-2.61, c39] &  [-4.09, c40] &  [-0.07, c41] &  [-7.21, c42] &  [-0.66, c43] &  [-7.09, c44] &  [-3.72, c45] &  [-1.62, c46] &  [-0.53, c47] &  [-0.46, c48] \\
c2          &  [-0.04, new\_cluster] &  [-0.32, c1] &  [-7.6, c2] &  [-2.78, c3] &  [-2.07, c4] &  [-4.75, c5] &   [-5.3, c6] &  [-2.36, c7] &  [-3.32, c8] &  [-0.68, c9] &  [-3.86, c10] &  [-0.25, c11] &  [-0.11, c12] &  [-4.71, c13] &  [-0.58, c14] &  [-5.08, c15] &  [-3.28, c16] &  [-2.84, c17] &   [-4.6, c18] &  [-5.88, c19] &   [-3.9, c20] &  [-0.36, c21] &  [-0.14, c22] &  [-0.02, c23] &  [-5.14, c24] &  [-0.21, c25] &  [-1.96, c26] &  [-5.56, c27] &  [-5.59, c28] &  [-4.17, c29] &  [-6.34, c30] &   [-0.2, c31] &  [-5.17, c32] &  [-4.14, c33] &  [-2.03, c34] &  [-4.76, c35] &  [-4.52, c36] &  [-1.09, c37] &  [-0.01, c38] &  [-2.61, c39] &  [-4.08, c40] &  [-0.07, c41] &  [-7.21, c42] &  [-0.53, c43] &  [-7.09, c44] &  [-3.72, c45] &  [-1.81, c46] &  [-0.53, c47] &  [-0.46, c48] \\
c3          &  [-0.04, new\_cluster] &   [-0.3, c1] &  [-7.6, c2] &  [-2.75, c3] &  [-2.07, c4] &  [-4.62, c5] &  [-5.26, c6] &   [-2.4, c7] &  [-3.33, c8] &  [-0.69, c9] &  [-4.04, c10] &  [-0.29, c11] &  [-0.09, c12] &  [-4.66, c13] &  [-0.62, c14] &  [-5.21, c15] &  [-3.24, c16] &  [-2.93, c17] &  [-4.63, c18] &  [-5.91, c19] &  [-3.88, c20] &  [-0.36, c21] &  [-0.13, c22] &  [-0.03, c23] &   [-5.3, c24] &  [-0.21, c25] &  [-1.89, c26] &  [-5.49, c27] &  [-5.62, c28] &   [-4.2, c29] &  [-6.08, c30] &   [-0.7, c31] &  [-5.17, c32] &  [-4.02, c33] &  [-2.07, c34] &  [-4.98, c35] &  [-4.52, c36] &  [-1.09, c37] &  [-0.01, c38] &  [-2.68, c39] &  [-4.14, c40] &  [-0.07, c41] &  [-7.21, c42] &   [-0.9, c43] &  [-7.09, c44] &  [-3.72, c45] &  [-1.99, c46] &  [-0.53, c47] &  [-0.46, c48] \\
c4          &  [-0.04, new\_cluster] &  [-0.33, c1] &  [-7.6, c2] &  [-2.74, c3] &  [-2.07, c4] &  [-4.72, c5] &  [-5.25, c6] &  [-2.39, c7] &  [-3.33, c8] &  [-0.68, c9] &  [-3.86, c10] &  [-0.24, c11] &  [-0.07, c12] &   [-4.7, c13] &  [-0.58, c14] &  [-5.13, c15] &  [-3.26, c16] &  [-2.85, c17] &  [-4.66, c18] &  [-5.93, c19] &  [-3.84, c20] &  [-0.33, c21] &  [-0.13, c22] &  [-0.02, c23] &  [-5.31, c24] &  [-0.21, c25] &  [-1.93, c26] &  [-5.49, c27] &  [-5.62, c28] &  [-4.09, c29] &  [-5.98, c30] &  [-0.61, c31] &  [-5.17, c32] &  [-3.97, c33] &  [-2.07, c34] &  [-5.02, c35] &  [-4.52, c36] &  [-1.09, c37] &  [-0.01, c38] &  [-2.64, c39] &  [-4.12, c40] &  [-0.07, c41] &  [-7.21, c42] &  [-0.64, c43] &  [-7.09, c44] &  [-3.72, c45] &  [-2.29, c46] &  [-0.53, c47] &  [-0.46, c48] \\
c5          &  [-0.04, new\_cluster] &  [-0.32, c1] &  [-7.6, c2] &  [-2.74, c3] &  [-2.07, c4] &  [-4.74, c5] &  [-5.28, c6] &  [-2.31, c7] &  [-3.31, c8] &  [-0.67, c9] &  [-3.96, c10] &  [-0.28, c11] &  [-0.09, c12] &  [-4.67, c13] &  [-0.59, c14] &  [-5.15, c15] &  [-3.23, c16] &  [-2.85, c17] &  [-4.64, c18] &  [-6.03, c19] &  [-3.88, c20] &  [-0.32, c21] &  [-0.14, c22] &  [-0.03, c23] &  [-5.12, c24] &  [-0.21, c25] &  [-1.93, c26] &  [-5.44, c27] &  [-5.56, c28] &   [-4.1, c29] &  [-6.13, c30] &   [-0.4, c31] &  [-5.17, c32] &   [-4.0, c33] &   [-2.0, c34] &   [-5.0, c35] &  [-4.52, c36] &  [-1.09, c37] &  [-0.01, c38] &   [-2.7, c39] &  [-4.07, c40] &  [-0.07, c41] &  [-7.21, c42] &   [-0.5, c43] &  [-7.09, c44] &  [-3.72, c45] &  [-1.24, c46] &  [-0.53, c47] &  [-0.46, c48] \\
c6          &  [-0.04, new\_cluster] &  [-0.33, c1] &  [-7.6, c2] &  [-2.78, c3] &  [-2.07, c4] &  [-4.65, c5] &  [-5.24, c6] &  [-2.42, c7] &  [-3.37, c8] &  [-0.69, c9] &  [-3.95, c10] &  [-0.25, c11] &  [-0.09, c12] &  [-4.75, c13] &  [-0.61, c14] &  [-5.24, c15] &  [-3.26, c16] &  [-2.87, c17] &  [-4.71, c18] &  [-5.88, c19] &   [-3.9, c20] &  [-0.35, c21] &  [-0.14, c22] &  [-0.02, c23] &  [-5.07, c24] &  [-0.21, c25] &  [-1.89, c26] &  [-5.55, c27] &   [-5.6, c28] &  [-4.14, c29] &  [-6.13, c30] &  [-1.31, c31] &  [-5.17, c32] &  [-3.99, c33] &  [-2.05, c34] &  [-5.12, c35] &  [-4.52, c36] &  [-1.09, c37] &  [-0.01, c38] &  [-2.56, c39] &  [-4.11, c40] &  [-0.07, c41] &  [-7.21, c42] &  [-1.45, c43] &  [-7.09, c44] &  [-3.72, c45] &  [-1.78, c46] &  [-0.53, c47] &  [-0.46, c48] \\
c7          &  [-0.04, new\_cluster] &  [-0.33, c1] &  [-7.6, c2] &  [-2.76, c3] &  [-2.07, c4] &  [-4.66, c5] &   [-5.2, c6] &  [-2.43, c7] &  [-3.25, c8] &  [-0.69, c9] &   [-4.0, c10] &  [-0.29, c11] &  [-0.09, c12] &  [-4.58, c13] &  [-0.63, c14] &  [-5.26, c15] &  [-3.29, c16] &  [-2.85, c17] &  [-4.64, c18] &  [-5.88, c19] &  [-3.88, c20] &  [-0.36, c21] &  [-0.15, c22] &  [-0.02, c23] &  [-5.26, c24] &  [-0.21, c25] &  [-1.98, c26] &  [-5.56, c27] &  [-5.56, c28] &  [-4.06, c29] &  [-6.03, c30] &  [-0.65, c31] &  [-5.17, c32] &  [-3.97, c33] &  [-2.05, c34] &   [-4.9, c35] &  [-4.52, c36] &  [-1.09, c37] &  [-0.01, c38] &  [-2.64, c39] &  [-4.05, c40] &  [-0.07, c41] &  [-7.21, c42] &  [-0.63, c43] &  [-7.09, c44] &  [-3.72, c45] &  [-1.88, c46] &         [0, ] &         [0, ] \\
c8          &  [-0.04, new\_cluster] &  [-0.31, c1] &  [-7.6, c2] &  [-2.75, c3] &  [-2.07, c4] &  [-4.63, c5] &  [-5.23, c6] &  [-2.47, c7] &  [-3.23, c8] &  [-0.68, c9] &  [-3.97, c10] &  [-0.25, c11] &   [-0.1, c12] &  [-4.61, c13] &  [-0.61, c14] &  [-5.11, c15] &  [-3.28, c16] &  [-3.04, c17] &  [-4.69, c18] &  [-5.99, c19] &  [-3.86, c20] &  [-0.34, c21] &  [-0.16, c22] &  [-0.02, c23] &  [-5.17, c24] &  [-0.21, c25] &  [-1.91, c26] &  [-5.48, c27] &  [-5.62, c28] &  [-4.13, c29] &  [-6.13, c30] &  [-1.25, c31] &  [-5.17, c32] &   [-4.1, c33] &  [-2.02, c34] &  [-5.15, c35] &  [-4.52, c36] &  [-1.09, c37] &  [-0.01, c38] &  [-2.61, c39] &  [-4.09, c40] &  [-0.07, c41] &  [-7.21, c42] &  [-0.91, c43] &  [-7.09, c44] &  [-3.72, c45] &  [-2.74, c46] &  [-0.53, c47] &  [-0.46, c48] \\
c9          &  [-0.04, new\_cluster] &  [-0.34, c1] &  [-7.6, c2] &  [-2.76, c3] &  [-2.07, c4] &  [-4.66, c5] &  [-5.23, c6] &  [-2.45, c7] &  [-3.29, c8] &  [-0.68, c9] &  [-3.93, c10] &  [-0.29, c11] &   [-0.1, c12] &   [-4.7, c13] &  [-0.63, c14] &  [-5.05, c15] &  [-3.26, c16] &  [-2.93, c17] &  [-4.51, c18] &  [-5.88, c19] &  [-3.91, c20] &  [-0.37, c21] &  [-0.13, c22] &  [-0.02, c23] &  [-5.15, c24] &  [-0.21, c25] &  [-1.87, c26] &  [-5.52, c27] &  [-5.64, c28] &  [-4.17, c29] &  [-6.09, c30] &  [-0.67, c31] &  [-5.17, c32] &  [-4.05, c33] &   [-2.0, c34] &  [-4.81, c35] &  [-4.52, c36] &  [-1.09, c37] &  [-0.01, c38] &  [-2.59, c39] &  [-4.07, c40] &  [-0.07, c41] &  [-7.21, c42] &  [-1.49, c43] &  [-7.09, c44] &  [-3.72, c45] &  [-1.81, c46] &  [-0.53, c47] &  [-0.46, c48] \\
c10         &  [-0.04, new\_cluster] &  [-0.32, c1] &  [-7.6, c2] &  [-2.75, c3] &  [-2.07, c4] &  [-4.64, c5] &  [-5.22, c6] &  [-2.31, c7] &  [-3.25, c8] &  [-0.69, c9] &  [-3.95, c10] &  [-0.28, c11] &  [-0.09, c12] &  [-4.66, c13] &  [-0.61, c14] &  [-5.26, c15] &  [-3.25, c16] &  [-2.98, c17] &  [-4.62, c18] &  [-5.89, c19] &  [-3.86, c20] &  [-0.35, c21] &  [-0.14, c22] &  [-0.03, c23] &   [-5.1, c24] &  [-0.21, c25] &   [-1.9, c26] &  [-5.47, c27] &  [-5.64, c28] &  [-4.09, c29] &  [-6.13, c30] &  [-0.61, c31] &  [-5.17, c32] &  [-3.94, c33] &  [-2.07, c34] &  [-4.79, c35] &  [-4.52, c36] &  [-1.09, c37] &  [-0.01, c38] &  [-2.59, c39] &  [-4.08, c40] &  [-0.07, c41] &  [-7.21, c42] &  [-0.53, c43] &  [-7.09, c44] &  [-3.72, c45] &  [-1.78, c46] &  [-0.53, c47] &         [0, ] \\
c11         &  [-0.04, new\_cluster] &  [-0.32, c1] &  [-7.6, c2] &  [-2.78, c3] &  [-2.07, c4] &  [-4.64, c5] &  [-5.22, c6] &  [-2.33, c7] &  [-3.28, c8] &  [-0.68, c9] &  [-3.96, c10] &  [-0.24, c11] &   [-0.1, c12] &  [-4.74, c13] &  [-0.59, c14] &  [-5.33, c15] &  [-3.22, c16] &  [-2.89, c17] &  [-4.68, c18] &  [-5.98, c19] &  [-3.91, c20] &  [-0.35, c21] &  [-0.15, c22] &  [-0.02, c23] &  [-5.18, c24] &  [-0.21, c25] &  [-1.94, c26] &   [-5.5, c27] &  [-5.61, c28] &  [-4.17, c29] &  [-6.19, c30] &  [-1.37, c31] &  [-5.17, c32] &  [-3.99, c33] &  [-2.04, c34] &  [-4.93, c35] &  [-4.52, c36] &  [-1.09, c37] &  [-0.01, c38] &  [-2.66, c39] &  [-4.08, c40] &  [-0.07, c41] &  [-7.21, c42] &  [-1.41, c43] &  [-7.09, c44] &  [-3.72, c45] &  [-2.21, c46] &  [-0.53, c47] &  [-0.46, c48] \\
c12         &  [-0.04, new\_cluster] &  [-0.32, c1] &  [-7.6, c2] &  [-2.76, c3] &  [-2.07, c4] &  [-4.63, c5] &  [-5.25, c6] &  [-2.48, c7] &  [-3.21, c8] &  [-0.68, c9] &  [-3.91, c10] &   [-0.3, c11] &  [-0.09, c12] &  [-4.59, c13] &  [-0.63, c14] &  [-5.31, c15] &   [-3.2, c16] &  [-2.84, c17] &   [-4.6, c18] &  [-6.09, c19] &   [-3.9, c20] &  [-0.35, c21] &  [-0.15, c22] &  [-0.02, c23] &  [-5.18, c24] &  [-0.21, c25] &  [-1.85, c26] &  [-5.43, c27] &  [-5.62, c28] &  [-4.14, c29] &  [-6.19, c30] &  [-0.94, c31] &  [-5.17, c32] &  [-4.06, c33] &  [-2.06, c34] &  [-4.83, c35] &  [-4.52, c36] &  [-1.09, c37] &  [-0.01, c38] &  [-2.59, c39] &  [-4.05, c40] &  [-0.07, c41] &  [-7.21, c42] &  [-0.94, c43] &  [-7.09, c44] &  [-3.72, c45] &   [-2.4, c46] &  [-0.53, c47] &  [-0.46, c48] \\
c13         &  [-0.04, new\_cluster] &  [-0.32, c1] &  [-7.6, c2] &  [-2.77, c3] &  [-2.07, c4] &   [-4.7, c5] &  [-5.28, c6] &   [-2.4, c7] &  [-3.24, c8] &  [-0.69, c9] &  [-3.97, c10] &  [-0.28, c11] &  [-0.09, c12] &  [-4.66, c13] &  [-0.61, c14] &  [-5.26, c15] &  [-3.22, c16] &  [-3.01, c17] &  [-4.61, c18] &  [-5.95, c19] &   [-3.9, c20] &  [-0.37, c21] &  [-0.17, c22] &  [-0.02, c23] &  [-5.18, c24] &  [-0.21, c25] &  [-1.86, c26] &  [-5.69, c27] &  [-5.58, c28] &  [-4.15, c29] &  [-6.08, c30] &  [-0.35, c31] &  [-5.17, c32] &  [-4.12, c33] &  [-2.08, c34] &  [-4.83, c35] &  [-4.52, c36] &  [-1.09, c37] &  [-0.01, c38] &  [-2.51, c39] &  [-4.04, c40] &  [-0.07, c41] &  [-7.21, c42] &  [-1.88, c43] &  [-7.09, c44] &  [-3.72, c45] &   [-2.4, c46] &  [-0.53, c47] &  [-0.46, c48] \\
c14         &  [-0.04, new\_cluster] &  [-0.31, c1] &  [-7.6, c2] &  [-2.77, c3] &  [-2.07, c4] &  [-4.61, c5] &  [-5.24, c6] &  [-2.38, c7] &  [-3.21, c8] &  [-0.69, c9] &  [-4.02, c10] &  [-0.28, c11] &   [-0.1, c12] &  [-4.61, c13] &  [-0.59, c14] &   [-5.2, c15] &  [-3.34, c16] &  [-2.89, c17] &  [-4.59, c18] &  [-5.88, c19] &  [-3.86, c20] &  [-0.33, c21] &  [-0.16, c22] &  [-0.02, c23] &  [-5.12, c24] &  [-0.21, c25] &  [-1.91, c26] &  [-5.62, c27] &  [-5.59, c28] &  [-4.17, c29] &  [-6.19, c30] &  [-1.22, c31] &  [-5.17, c32] &  [-4.01, c33] &  [-2.05, c34] &  [-4.93, c35] &  [-4.52, c36] &  [-1.09, c37] &  [-0.01, c38] &  [-2.61, c39] &  [-4.07, c40] &  [-0.07, c41] &  [-7.21, c42] &  [-2.02, c43] &  [-7.09, c44] &  [-3.72, c45] &  [-1.27, c46] &  [-0.53, c47] &  [-0.46, c48] \\
c15         &  [-0.04, new\_cluster] &  [-0.32, c1] &  [-7.6, c2] &  [-2.75, c3] &  [-2.07, c4] &  [-4.75, c5] &  [-5.22, c6] &  [-2.32, c7] &  [-3.26, c8] &  [-0.69, c9] &  [-3.95, c10] &  [-0.27, c11] &  [-0.11, c12] &  [-4.61, c13] &   [-0.6, c14] &  [-5.19, c15] &  [-3.18, c16] &  [-2.86, c17] &  [-4.67, c18] &   [-5.9, c19] &  [-3.87, c20] &  [-0.35, c21] &  [-0.13, c22] &  [-0.03, c23] &  [-5.11, c24] &  [-0.21, c25] &   [-2.0, c26] &  [-5.46, c27] &  [-5.57, c28] &  [-4.15, c29] &  [-6.24, c30] &  [-0.94, c31] &  [-5.17, c32] &  [-4.09, c33] &  [-2.04, c34] &  [-4.79, c35] &  [-4.52, c36] &  [-1.09, c37] &  [-0.01, c38] &  [-2.66, c39] &  [-4.11, c40] &  [-0.07, c41] &  [-7.21, c42] &   [-0.8, c43] &  [-7.09, c44] &  [-3.72, c45] &  [-2.35, c46] &  [-0.53, c47] &  [-0.46, c48] \\
c16         &  [-0.04, new\_cluster] &  [-0.29, c1] &  [-7.6, c2] &  [-2.79, c3] &  [-2.07, c4] &  [-4.65, c5] &  [-5.28, c6] &  [-2.41, c7] &  [-3.23, c8] &  [-0.68, c9] &  [-3.97, c10] &  [-0.28, c11] &   [-0.1, c12] &  [-4.62, c13] &  [-0.61, c14] &   [-5.3, c15] &  [-3.22, c16] &  [-2.89, c17] &  [-4.59, c18] &   [-6.1, c19] &  [-3.82, c20] &  [-0.33, c21] &  [-0.15, c22] &  [-0.03, c23] &  [-5.13, c24] &  [-0.21, c25] &  [-1.92, c26] &  [-5.51, c27] &  [-5.62, c28] &  [-4.15, c29] &  [-6.24, c30] &  [-0.92, c31] &  [-5.17, c32] &   [-4.1, c33] &  [-2.05, c34] &  [-4.93, c35] &  [-4.52, c36] &  [-1.09, c37] &  [-0.01, c38] &  [-2.63, c39] &  [-4.08, c40] &  [-0.07, c41] &  [-7.21, c42] &  [-1.08, c43] &  [-7.09, c44] &  [-3.72, c45] &  [-2.45, c46] &  [-0.53, c47] &  [-0.46, c48] \\
c17         &  [-0.04, new\_cluster] &  [-0.36, c1] &  [-7.6, c2] &  [-2.75, c3] &  [-2.07, c4] &  [-4.64, c5] &  [-5.27, c6] &  [-2.44, c7] &  [-3.27, c8] &  [-0.69, c9] &   [-4.0, c10] &  [-0.28, c11] &   [-0.1, c12] &  [-4.68, c13] &  [-0.63, c14] &  [-5.13, c15] &  [-3.33, c16] &  [-2.86, c17] &  [-4.71, c18] &  [-6.02, c19] &  [-3.89, c20] &  [-0.35, c21] &  [-0.15, c22] &  [-0.02, c23] &  [-5.21, c24] &  [-0.21, c25] &  [-1.92, c26] &  [-5.65, c27] &   [-5.6, c28] &  [-4.15, c29] &  [-6.18, c30] &  [-0.56, c31] &  [-5.17, c32] &   [-4.1, c33] &  [-2.11, c34] &  [-4.92, c35] &  [-4.52, c36] &  [-1.09, c37] &  [-0.01, c38] &  [-2.65, c39] &  [-4.09, c40] &  [-0.07, c41] &  [-7.21, c42] &  [-1.71, c43] &  [-7.09, c44] &  [-3.72, c45] &  [-2.15, c46] &  [-0.53, c47] &  [-0.46, c48] \\
c18         &  [-0.04, new\_cluster] &  [-0.31, c1] &  [-7.6, c2] &  [-2.77, c3] &  [-2.07, c4] &  [-4.61, c5] &  [-5.28, c6] &  [-2.39, c7] &  [-3.19, c8] &  [-0.69, c9] &  [-4.04, c10] &  [-0.27, c11] &  [-0.11, c12] &  [-4.68, c13] &  [-0.64, c14] &   [-5.3, c15] &   [-3.3, c16] &  [-2.92, c17] &  [-4.58, c18] &  [-5.92, c19] &  [-3.89, c20] &  [-0.35, c21] &  [-0.15, c22] &  [-0.03, c23] &  [-5.32, c24] &  [-0.21, c25] &  [-1.92, c26] &  [-5.49, c27] &  [-5.53, c28] &  [-4.12, c29] &  [-6.13, c30] &   [-0.4, c31] &  [-5.17, c32] &  [-4.06, c33] &  [-2.08, c34] &  [-4.95, c35] &  [-4.52, c36] &  [-1.09, c37] &  [-0.01, c38] &   [-2.6, c39] &  [-4.09, c40] &  [-0.07, c41] &  [-7.21, c42] &  [-0.59, c43] &  [-7.09, c44] &  [-3.72, c45] &  [-2.31, c46] &  [-0.53, c47] &  [-0.46, c48] \\
c19         &  [-0.04, new\_cluster] &  [-0.35, c1] &  [-7.6, c2] &  [-2.78, c3] &  [-2.07, c4] &  [-4.55, c5] &  [-5.22, c6] &  [-2.47, c7] &  [-3.33, c8] &  [-0.69, c9] &  [-3.86, c10] &  [-0.28, c11] &   [-0.1, c12] &   [-4.6, c13] &  [-0.61, c14] &  [-5.26, c15] &   [-3.4, c16] &  [-2.94, c17] &  [-4.71, c18] &  [-6.06, c19] &  [-3.87, c20] &  [-0.35, c21] &  [-0.14, c22] &  [-0.03, c23] &   [-5.3, c24] &  [-0.21, c25] &  [-1.93, c26] &  [-5.48, c27] &  [-5.58, c28] &  [-4.12, c29] &  [-6.13, c30] &  [-0.59, c31] &  [-5.17, c32] &  [-4.14, c33] &  [-2.12, c34] &  [-4.86, c35] &  [-4.52, c36] &  [-1.09, c37] &  [-0.01, c38] &  [-2.61, c39] &  [-4.09, c40] &  [-0.07, c41] &  [-7.21, c42] &  [-1.04, c43] &  [-7.09, c44] &  [-3.72, c45] &  [-2.08, c46] &  [-0.53, c47] &  [-0.46, c48] \\
c20         &  [-0.04, new\_cluster] &  [-0.34, c1] &  [-7.6, c2] &  [-2.78, c3] &  [-2.07, c4] &  [-4.59, c5] &  [-5.27, c6] &  [-2.42, c7] &  [-3.18, c8] &  [-0.69, c9] &  [-3.91, c10] &  [-0.28, c11] &  [-0.11, c12] &  [-4.66, c13] &  [-0.59, c14] &  [-5.23, c15] &  [-3.27, c16] &  [-2.89, c17] &   [-4.6, c18] &  [-6.02, c19] &  [-3.85, c20] &  [-0.33, c21] &  [-0.15, c22] &  [-0.02, c23] &  [-5.23, c24] &  [-0.21, c25] &  [-1.92, c26] &  [-5.66, c27] &  [-5.52, c28] &  [-4.16, c29] &  [-6.03, c30] &  [-0.94, c31] &  [-5.17, c32] &  [-4.08, c33] &  [-2.06, c34] &  [-5.03, c35] &  [-4.52, c36] &  [-1.09, c37] &  [-0.01, c38] &  [-2.64, c39] &   [-4.1, c40] &  [-0.07, c41] &  [-7.21, c42] &  [-1.75, c43] &  [-7.09, c44] &  [-3.72, c45] &  [-2.19, c46] &  [-0.53, c47] &  [-0.46, c48] \\
c21         &  [-0.04, new\_cluster] &   [-0.3, c1] &  [-7.6, c2] &  [-2.75, c3] &  [-2.07, c4] &  [-4.72, c5] &  [-5.24, c6] &  [-2.41, c7] &  [-3.27, c8] &  [-0.69, c9] &  [-4.06, c10] &  [-0.27, c11] &  [-0.11, c12] &  [-4.62, c13] &  [-0.64, c14] &  [-5.05, c15] &  [-3.17, c16] &  [-2.98, c17] &  [-4.77, c18] &  [-5.87, c19] &  [-3.83, c20] &  [-0.35, c21] &  [-0.14, c22] &  [-0.02, c23] &  [-5.23, c24] &  [-0.21, c25] &  [-1.94, c26] &   [-5.7, c27] &  [-5.62, c28] &  [-4.16, c29] &  [-6.29, c30] &  [-0.96, c31] &  [-5.17, c32] &  [-4.12, c33] &  [-2.07, c34] &  [-4.94, c35] &  [-4.52, c36] &  [-1.09, c37] &  [-0.01, c38] &  [-2.56, c39] &   [-4.1, c40] &  [-0.07, c41] &  [-7.21, c42] &  [-0.62, c43] &  [-7.09, c44] &  [-3.72, c45] &  [-1.88, c46] &  [-0.53, c47] &  [-0.46, c48] \\
c22         &  [-0.04, new\_cluster] &  [-0.31, c1] &  [-7.6, c2] &  [-2.77, c3] &  [-2.07, c4] &  [-4.67, c5] &  [-5.28, c6] &  [-2.39, c7] &   [-3.2, c8] &  [-0.69, c9] &  [-3.96, c10] &  [-0.27, c11] &   [-0.1, c12] &  [-4.66, c13] &  [-0.62, c14] &   [-5.3, c15] &  [-3.32, c16] &  [-2.95, c17] &  [-4.53, c18] &  [-5.89, c19] &  [-3.88, c20] &  [-0.35, c21] &  [-0.14, c22] &  [-0.03, c23] &  [-5.21, c24] &  [-0.21, c25] &  [-1.89, c26] &  [-5.48, c27] &  [-5.53, c28] &  [-4.08, c29] &  [-6.08, c30] &  [-0.42, c31] &  [-5.17, c32] &  [-4.03, c33] &  [-2.12, c34] &  [-5.07, c35] &  [-4.52, c36] &  [-1.09, c37] &  [-0.01, c38] &  [-2.66, c39] &  [-4.09, c40] &  [-0.07, c41] &  [-7.21, c42] &  [-1.16, c43] &  [-7.09, c44] &  [-3.72, c45] &  [-2.19, c46] &  [-0.53, c47] &  [-0.46, c48] \\
c23         &  [-0.04, new\_cluster] &  [-0.35, c1] &  [-7.6, c2] &  [-2.77, c3] &  [-2.07, c4] &  [-4.69, c5] &  [-5.25, c6] &  [-2.38, c7] &  [-3.26, c8] &  [-0.69, c9] &  [-3.91, c10] &  [-0.26, c11] &   [-0.1, c12] &   [-4.6, c13] &  [-0.62, c14] &   [-5.3, c15] &  [-3.27, c16] &  [-2.91, c17] &  [-4.69, c18] &  [-5.83, c19] &   [-3.9, c20] &  [-0.34, c21] &  [-0.14, c22] &  [-0.03, c23] &  [-5.15, c24] &  [-0.21, c25] &  [-1.96, c26] &  [-5.48, c27] &   [-5.6, c28] &  [-4.14, c29] &  [-6.34, c30] &  [-1.25, c31] &  [-5.17, c32] &  [-4.04, c33] &  [-2.05, c34] &   [-4.9, c35] &  [-4.52, c36] &  [-1.09, c37] &  [-0.01, c38] &   [-2.7, c39] &  [-4.05, c40] &  [-0.07, c41] &  [-7.21, c42] &  [-1.35, c43] &  [-7.09, c44] &  [-3.72, c45] &  [-1.63, c46] &  [-0.53, c47] &  [-0.46, c48] \\
c24         &  [-0.04, new\_cluster] &  [-0.33, c1] &  [-7.6, c2] &  [-2.76, c3] &  [-2.07, c4] &  [-4.76, c5] &  [-5.28, c6] &  [-2.43, c7] &  [-3.26, c8] &   [-0.7, c9] &  [-3.95, c10] &  [-0.28, c11] &   [-0.1, c12] &  [-4.59, c13] &  [-0.62, c14] &   [-5.2, c15] &  [-3.23, c16] &  [-2.87, c17] &  [-4.71, c18] &  [-5.92, c19] &  [-3.93, c20] &  [-0.33, c21] &  [-0.15, c22] &  [-0.02, c23] &  [-5.23, c24] &  [-0.21, c25] &  [-1.94, c26] &  [-5.43, c27] &  [-5.57, c28] &  [-4.13, c29] &  [-5.98, c30] &  [-1.66, c31] &  [-5.17, c32] &  [-4.02, c33] &  [-2.03, c34] &   [-5.0, c35] &  [-4.52, c36] &  [-1.09, c37] &  [-0.01, c38] &  [-2.59, c39] &  [-4.12, c40] &  [-0.07, c41] &  [-7.21, c42] &  [-0.67, c43] &  [-7.09, c44] &  [-3.72, c45] &  [-1.96, c46] &  [-0.53, c47] &  [-0.46, c48] \\
c25         &  [-0.04, new\_cluster] &  [-0.32, c1] &  [-7.6, c2] &  [-2.75, c3] &  [-2.07, c4] &  [-4.59, c5] &  [-5.22, c6] &  [-2.37, c7] &  [-3.26, c8] &   [-0.7, c9] &   [-4.0, c10] &  [-0.28, c11] &   [-0.1, c12] &  [-4.66, c13] &   [-0.6, c14] &  [-5.16, c15] &  [-3.26, c16] &  [-2.84, c17] &  [-4.62, c18] &  [-6.01, c19] &  [-3.91, c20] &  [-0.34, c21] &  [-0.13, c22] &  [-0.02, c23] &  [-5.22, c24] &  [-0.21, c25] &  [-1.92, c26] &  [-5.53, c27] &  [-5.54, c28] &  [-4.13, c29] &  [-5.98, c30] &  [-1.65, c31] &  [-5.17, c32] &  [-4.08, c33] &  [-2.07, c34] &  [-4.87, c35] &  [-4.52, c36] &  [-1.09, c37] &  [-0.01, c38] &  [-2.67, c39] &  [-4.07, c40] &  [-0.07, c41] &  [-7.21, c42] &  [-0.81, c43] &  [-7.09, c44] &  [-3.72, c45] &  [-2.77, c46] &  [-0.53, c47] &  [-0.46, c48] \\
c26         &  [-0.04, new\_cluster] &  [-0.31, c1] &  [-7.6, c2] &  [-2.77, c3] &  [-2.07, c4] &  [-4.74, c5] &  [-5.25, c6] &  [-2.45, c7] &  [-3.37, c8] &  [-0.69, c9] &   [-4.0, c10] &  [-0.27, c11] &  [-0.09, c12] &  [-4.74, c13] &  [-0.59, c14] &  [-5.22, c15] &  [-3.26, c16] &  [-2.96, c17] &  [-4.71, c18] &  [-5.88, c19] &  [-3.85, c20] &  [-0.35, c21] &  [-0.15, c22] &  [-0.03, c23] &  [-5.26, c24] &  [-0.21, c25] &   [-1.9, c26] &   [-5.6, c27] &  [-5.64, c28] &  [-4.11, c29] &  [-6.18, c30] &   [-1.2, c31] &  [-5.17, c32] &  [-4.07, c33] &  [-1.99, c34] &  [-4.97, c35] &  [-4.52, c36] &  [-1.09, c37] &  [-0.01, c38] &  [-2.66, c39] &  [-4.09, c40] &  [-0.07, c41] &  [-7.21, c42] &   [-0.3, c43] &  [-7.09, c44] &  [-3.72, c45] &  [-1.81, c46] &  [-0.53, c47] &         [0, ] \\
c27         &  [-0.04, new\_cluster] &  [-0.31, c1] &  [-7.6, c2] &  [-2.77, c3] &  [-2.07, c4] &   [-4.7, c5] &  [-5.31, c6] &  [-2.34, c7] &  [-3.33, c8] &  [-0.68, c9] &   [-4.0, c10] &  [-0.29, c11] &  [-0.11, c12] &   [-4.6, c13] &  [-0.63, c14] &  [-5.24, c15] &  [-3.25, c16] &  [-2.84, c17] &  [-4.61, c18] &  [-5.97, c19] &  [-3.88, c20] &  [-0.32, c21] &  [-0.15, c22] &  [-0.02, c23] &  [-5.13, c24] &  [-0.21, c25] &  [-1.96, c26] &  [-5.52, c27] &  [-5.65, c28] &  [-4.13, c29] &  [-6.24, c30] &  [-0.23, c31] &  [-5.17, c32] &  [-4.08, c33] &  [-2.05, c34] &  [-4.91, c35] &  [-4.52, c36] &  [-1.09, c37] &  [-0.01, c38] &   [-2.6, c39] &  [-4.11, c40] &  [-0.07, c41] &  [-7.21, c42] &  [-0.68, c43] &  [-7.09, c44] &  [-3.72, c45] &  [-2.15, c46] &  [-0.53, c47] &  [-0.46, c48] \\
c28         &  [-0.04, new\_cluster] &  [-0.33, c1] &  [-7.6, c2] &  [-2.76, c3] &  [-2.07, c4] &  [-4.68, c5] &  [-5.26, c6] &  [-2.45, c7] &   [-3.4, c8] &  [-0.69, c9] &   [-3.9, c10] &  [-0.28, c11] &   [-0.1, c12] &  [-4.66, c13] &  [-0.59, c14] &  [-5.19, c15] &  [-3.35, c16] &  [-2.83, c17] &  [-4.59, c18] &  [-6.01, c19] &   [-3.9, c20] &  [-0.32, c21] &  [-0.14, c22] &  [-0.02, c23] &  [-5.26, c24] &  [-0.21, c25] &  [-1.88, c26] &  [-5.59, c27] &  [-5.59, c28] &  [-4.13, c29] &  [-6.03, c30] &  [-0.42, c31] &  [-5.17, c32] &  [-4.08, c33] &  [-2.08, c34] &  [-5.08, c35] &  [-4.52, c36] &  [-1.09, c37] &  [-0.01, c38] &  [-2.63, c39] &  [-4.08, c40] &  [-0.07, c41] &  [-7.21, c42] &  [-1.23, c43] &  [-7.09, c44] &  [-3.72, c45] &  [-2.19, c46] &  [-0.53, c47] &  [-0.46, c48] \\
c29         &  [-0.04, new\_cluster] &  [-0.33, c1] &  [-7.6, c2] &  [-2.75, c3] &  [-2.07, c4] &  [-4.68, c5] &  [-5.22, c6] &  [-2.43, c7] &  [-3.24, c8] &  [-0.68, c9] &  [-3.91, c10] &  [-0.27, c11] &   [-0.1, c12] &  [-4.63, c13] &  [-0.62, c14] &  [-5.17, c15] &  [-3.31, c16] &  [-2.88, c17] &  [-4.54, c18] &  [-5.93, c19] &  [-3.88, c20] &  [-0.37, c21] &  [-0.14, c22] &  [-0.02, c23] &  [-5.19, c24] &  [-0.21, c25] &   [-1.9, c26] &  [-5.45, c27] &  [-5.53, c28] &   [-4.2, c29] &  [-6.13, c30] &  [-0.58, c31] &  [-5.17, c32] &  [-4.16, c33] &  [-2.04, c34] &   [-5.0, c35] &  [-4.52, c36] &  [-1.09, c37] &  [-0.01, c38] &  [-2.58, c39] &  [-4.09, c40] &  [-0.07, c41] &  [-7.21, c42] &  [-1.53, c43] &  [-7.09, c44] &  [-3.72, c45] &  [-1.88, c46] &  [-0.53, c47] &  [-0.46, c48] \\
c30         &  [-0.04, new\_cluster] &  [-0.34, c1] &  [-7.6, c2] &  [-2.77, c3] &  [-2.07, c4] &  [-4.66, c5] &  [-5.23, c6] &  [-2.41, c7] &  [-3.33, c8] &  [-0.69, c9] &   [-3.9, c10] &  [-0.29, c11] &  [-0.11, c12] &  [-4.68, c13] &  [-0.58, c14] &  [-5.26, c15] &  [-3.28, c16] &  [-2.94, c17] &  [-4.61, c18] &  [-5.85, c19] &  [-3.94, c20] &  [-0.35, c21] &  [-0.14, c22] &  [-0.03, c23] &  [-5.27, c24] &  [-0.21, c25] &  [-1.92, c26] &  [-5.64, c27] &  [-5.59, c28] &  [-4.19, c29] &  [-6.29, c30] &   [-3.3, c31] &  [-5.17, c32] &  [-3.96, c33] &  [-2.01, c34] &   [-4.8, c35] &  [-4.52, c36] &  [-1.09, c37] &  [-0.01, c38] &   [-2.6, c39] &  [-4.09, c40] &  [-0.07, c41] &  [-7.21, c42] &   [-0.4, c43] &  [-7.09, c44] &  [-3.72, c45] &  [-1.98, c46] &  [-0.53, c47] &  [-0.46, c48] \\
c31         &  [-0.04, new\_cluster] &  [-0.31, c1] &  [-7.6, c2] &  [-2.77, c3] &  [-2.07, c4] &  [-4.73, c5] &  [-5.24, c6] &  [-2.33, c7] &  [-3.27, c8] &  [-0.69, c9] &  [-3.95, c10] &  [-0.28, c11] &  [-0.08, c12] &  [-4.68, c13] &  [-0.59, c14] &   [-5.3, c15] &  [-3.26, c16] &  [-2.86, c17] &  [-4.64, c18] &  [-6.03, c19] &  [-3.86, c20] &  [-0.36, c21] &  [-0.13, c22] &  [-0.02, c23] &  [-5.06, c24] &  [-0.21, c25] &  [-1.93, c26] &  [-5.53, c27] &  [-5.64, c28] &  [-4.18, c29] &  [-6.08, c30] &  [-0.23, c31] &  [-5.17, c32] &  [-4.04, c33] &  [-2.09, c34] &  [-4.97, c35] &  [-4.52, c36] &  [-1.09, c37] &  [-0.01, c38] &  [-2.61, c39] &  [-4.05, c40] &  [-0.07, c41] &  [-7.21, c42] &  [-1.67, c43] &  [-7.09, c44] &  [-3.72, c45] &  [-2.57, c46] &  [-0.53, c47] &  [-0.46, c48] \\
c32         &  [-0.04, new\_cluster] &  [-0.29, c1] &  [-7.6, c2] &  [-2.75, c3] &  [-2.07, c4] &  [-4.71, c5] &  [-5.27, c6] &  [-2.39, c7] &  [-3.31, c8] &  [-0.69, c9] &  [-3.84, c10] &  [-0.28, c11] &  [-0.09, c12] &  [-4.69, c13] &  [-0.59, c14] &  [-5.27, c15] &  [-3.22, c16] &  [-2.87, c17] &  [-4.65, c18] &  [-5.93, c19] &  [-3.87, c20] &  [-0.38, c21] &  [-0.14, c22] &  [-0.02, c23] &  [-5.16, c24] &  [-0.21, c25] &  [-1.93, c26] &  [-5.54, c27] &  [-5.53, c28] &  [-4.07, c29] &  [-6.08, c30] &   [-0.9, c31] &  [-5.17, c32] &  [-4.09, c33] &  [-2.07, c34] &  [-4.93, c35] &  [-4.52, c36] &  [-1.09, c37] &  [-0.01, c38] &  [-2.63, c39] &  [-4.12, c40] &  [-0.07, c41] &  [-7.21, c42] &   [-0.6, c43] &  [-7.09, c44] &  [-3.72, c45] &  [-2.63, c46] &  [-0.53, c47] &         [0, ] \\
c33         &  [-0.04, new\_cluster] &   [-0.3, c1] &  [-7.6, c2] &  [-2.76, c3] &  [-2.07, c4] &  [-4.62, c5] &  [-5.22, c6] &  [-2.44, c7] &  [-3.28, c8] &  [-0.69, c9] &  [-3.92, c10] &  [-0.26, c11] &   [-0.1, c12] &  [-4.63, c13] &  [-0.63, c14] &  [-5.35, c15] &  [-3.32, c16] &  [-2.91, c17] &   [-4.6, c18] &  [-5.82, c19] &  [-3.85, c20] &  [-0.35, c21] &  [-0.14, c22] &  [-0.02, c23] &   [-5.2, c24] &  [-0.21, c25] &  [-1.93, c26] &  [-5.61, c27] &  [-5.57, c28] &   [-4.1, c29] &  [-6.24, c30] &  [-0.67, c31] &  [-5.17, c32] &  [-4.06, c33] &  [-2.07, c34] &  [-4.98, c35] &  [-4.52, c36] &  [-1.09, c37] &  [-0.01, c38] &  [-2.68, c39] &  [-4.08, c40] &  [-0.07, c41] &  [-7.21, c42] &  [-2.04, c43] &  [-7.09, c44] &  [-3.72, c45] &  [-2.15, c46] &  [-0.53, c47] &  [-0.46, c48] \\
c34         &  [-0.04, new\_cluster] &  [-0.34, c1] &  [-7.6, c2] &  [-2.76, c3] &  [-2.07, c4] &  [-4.66, c5] &  [-5.26, c6] &  [-2.41, c7] &  [-3.18, c8] &  [-0.69, c9] &  [-3.85, c10] &  [-0.28, c11] &   [-0.1, c12] &  [-4.68, c13] &  [-0.63, c14] &  [-5.23, c15] &   [-3.3, c16] &  [-2.92, c17] &  [-4.51, c18] &  [-5.91, c19] &  [-3.86, c20] &  [-0.36, c21] &  [-0.16, c22] &  [-0.02, c23] &  [-5.16, c24] &  [-0.21, c25] &  [-1.85, c26] &   [-5.5, c27] &  [-5.63, c28] &  [-4.13, c29] &  [-6.08, c30] &  [-1.65, c31] &  [-5.17, c32] &  [-4.08, c33] &  [-2.04, c34] &  [-5.03, c35] &  [-4.52, c36] &  [-1.09, c37] &  [-0.01, c38] &  [-2.54, c39] &  [-4.07, c40] &  [-0.07, c41] &  [-7.21, c42] &  [-1.27, c43] &  [-7.09, c44] &  [-3.72, c45] &  [-2.35, c46] &  [-0.53, c47] &         [0, ] \\
c35         &  [-0.04, new\_cluster] &  [-0.33, c1] &  [-7.6, c2] &  [-2.76, c3] &  [-2.07, c4] &  [-4.72, c5] &  [-5.28, c6] &  [-2.39, c7] &  [-3.26, c8] &  [-0.68, c9] &  [-3.95, c10] &  [-0.26, c11] &   [-0.1, c12] &  [-4.65, c13] &   [-0.6, c14] &  [-5.23, c15] &  [-3.26, c16] &  [-2.91, c17] &   [-4.7, c18] &  [-5.85, c19] &  [-3.91, c20] &  [-0.33, c21] &  [-0.14, c22] &  [-0.02, c23] &  [-5.07, c24] &  [-0.21, c25] &  [-1.92, c26] &  [-5.54, c27] &  [-5.56, c28] &  [-4.18, c29] &  [-6.19, c30] &  [-0.94, c31] &  [-5.17, c32] &  [-4.07, c33] &  [-2.02, c34] &  [-5.04, c35] &  [-4.52, c36] &  [-1.09, c37] &  [-0.01, c38] &  [-2.68, c39] &  [-4.07, c40] &  [-0.07, c41] &  [-7.21, c42] &  [-1.68, c43] &  [-7.09, c44] &  [-3.72, c45] &  [-0.97, c46] &  [-0.53, c47] &  [-0.46, c48] \\
c36         &  [-0.04, new\_cluster] &  [-0.32, c1] &  [-7.6, c2] &  [-2.74, c3] &  [-2.07, c4] &  [-4.62, c5] &  [-5.18, c6] &  [-2.41, c7] &  [-3.25, c8] &  [-0.68, c9] &  [-3.92, c10] &  [-0.27, c11] &  [-0.09, c12] &  [-4.69, c13] &  [-0.61, c14] &   [-5.2, c15] &  [-3.29, c16] &  [-2.93, c17] &  [-4.52, c18] &  [-6.13, c19] &  [-3.87, c20] &  [-0.33, c21] &  [-0.13, c22] &  [-0.02, c23] &  [-5.23, c24] &  [-0.21, c25] &  [-1.83, c26] &   [-5.6, c27] &  [-5.59, c28] &  [-4.11, c29] &  [-6.19, c30] &  [-1.34, c31] &  [-5.17, c32] &  [-4.08, c33] &  [-2.05, c34] &  [-5.11, c35] &  [-4.52, c36] &  [-1.09, c37] &  [-0.01, c38] &  [-2.54, c39] &  [-4.09, c40] &  [-0.07, c41] &  [-7.21, c42] &  [-0.72, c43] &  [-7.09, c44] &  [-3.72, c45] &  [-3.04, c46] &  [-0.53, c47] &  [-0.46, c48] \\
c37         &  [-0.04, new\_cluster] &  [-0.33, c1] &  [-7.6, c2] &  [-2.76, c3] &  [-2.07, c4] &   [-4.7, c5] &  [-5.27, c6] &  [-2.38, c7] &  [-3.24, c8] &  [-0.68, c9] &  [-3.95, c10] &  [-0.28, c11] &   [-0.1, c12] &  [-4.64, c13] &   [-0.6, c14] &  [-5.15, c15] &  [-3.23, c16] &  [-2.87, c17] &  [-4.62, c18] &  [-5.95, c19] &  [-3.91, c20] &  [-0.34, c21] &  [-0.14, c22] &  [-0.02, c23] &  [-5.26, c24] &  [-0.21, c25] &  [-1.87, c26] &  [-5.65, c27] &  [-5.55, c28] &   [-4.1, c29] &  [-6.24, c30] &  [-0.25, c31] &  [-5.17, c32] &   [-4.1, c33] &  [-2.08, c34] &  [-4.93, c35] &  [-4.52, c36] &  [-1.09, c37] &  [-0.01, c38] &  [-2.69, c39] &  [-4.12, c40] &  [-0.07, c41] &  [-7.21, c42] &  [-0.74, c43] &  [-7.09, c44] &  [-3.72, c45] &  [-2.54, c46] &  [-0.53, c47] &  [-0.46, c48] \\
c38         &  [-0.04, new\_cluster] &  [-0.33, c1] &  [-7.6, c2] &  [-2.75, c3] &  [-2.07, c4] &  [-4.62, c5] &  [-5.24, c6] &  [-2.47, c7] &  [-3.24, c8] &   [-0.7, c9] &  [-4.09, c10] &  [-0.28, c11] &  [-0.09, c12] &  [-4.62, c13] &   [-0.6, c14] &  [-5.27, c15] &  [-3.32, c16] &  [-2.84, c17] &  [-4.64, c18] &  [-5.95, c19] &  [-3.86, c20] &  [-0.35, c21] &  [-0.13, c22] &  [-0.03, c23] &   [-5.2, c24] &  [-0.21, c25] &  [-1.91, c26] &  [-5.44, c27] &  [-5.53, c28] &  [-4.09, c29] &  [-6.19, c30] &  [-1.05, c31] &  [-5.17, c32] &   [-4.1, c33] &  [-2.08, c34] &  [-4.86, c35] &  [-4.52, c36] &  [-1.09, c37] &  [-0.01, c38] &   [-2.7, c39] &  [-4.03, c40] &  [-0.07, c41] &  [-7.21, c42] &  [-0.88, c43] &  [-7.09, c44] &  [-3.72, c45] &  [-1.62, c46] &  [-0.53, c47] &  [-0.46, c48] \\
c39         &  [-0.04, new\_cluster] &  [-0.33, c1] &  [-7.6, c2] &  [-2.78, c3] &  [-2.07, c4] &  [-4.68, c5] &  [-5.23, c6] &  [-2.39, c7] &  [-3.25, c8] &  [-0.68, c9] &  [-3.95, c10] &  [-0.25, c11] &  [-0.09, c12] &  [-4.67, c13] &  [-0.64, c14] &  [-5.23, c15] &  [-3.35, c16] &  [-2.92, c17] &  [-4.67, c18] &  [-6.05, c19] &  [-3.88, c20] &  [-0.35, c21] &  [-0.14, c22] &  [-0.03, c23] &  [-5.23, c24] &  [-0.21, c25] &  [-1.85, c26] &  [-5.51, c27] &  [-5.57, c28] &  [-4.23, c29] &  [-5.98, c30] &  [-0.38, c31] &  [-5.17, c32] &  [-3.97, c33] &  [-2.09, c34] &  [-4.83, c35] &  [-4.52, c36] &  [-1.09, c37] &  [-0.01, c38] &  [-2.63, c39] &  [-4.07, c40] &  [-0.07, c41] &  [-7.21, c42] &   [-1.2, c43] &  [-7.09, c44] &  [-3.72, c45] &  [-2.29, c46] &  [-0.53, c47] &  [-0.46, c48] \\
c40         &  [-0.04, new\_cluster] &  [-0.35, c1] &  [-7.6, c2] &  [-2.75, c3] &  [-2.07, c4] &  [-4.56, c5] &  [-5.25, c6] &  [-2.45, c7] &  [-3.36, c8] &  [-0.68, c9] &  [-4.04, c10] &   [-0.3, c11] &  [-0.11, c12] &  [-4.64, c13] &  [-0.59, c14] &  [-5.21, c15] &  [-3.26, c16] &  [-2.92, c17] &  [-4.71, c18] &  [-5.96, c19] &  [-3.87, c20] &  [-0.38, c21] &  [-0.13, c22] &  [-0.03, c23] &  [-5.27, c24] &  [-0.21, c25] &  [-1.91, c26] &  [-5.56, c27] &  [-5.58, c28] &  [-4.16, c29] &  [-6.08, c30] &  [-0.63, c31] &  [-5.17, c32] &   [-4.1, c33] &  [-2.07, c34] &  [-5.01, c35] &  [-4.52, c36] &  [-1.09, c37] &  [-0.01, c38] &  [-2.72, c39] &  [-4.09, c40] &  [-0.07, c41] &  [-7.21, c42] &  [-0.78, c43] &  [-7.09, c44] &  [-3.72, c45] &  [-3.04, c46] &  [-0.53, c47] &  [-0.46, c48] \\
c41         &  [-0.04, new\_cluster] &  [-0.35, c1] &  [-7.6, c2] &  [-2.75, c3] &  [-2.07, c4] &  [-4.74, c5] &  [-5.24, c6] &  [-2.44, c7] &  [-3.32, c8] &  [-0.68, c9] &  [-4.08, c10] &  [-0.28, c11] &  [-0.09, c12] &  [-4.76, c13] &  [-0.63, c14] &  [-5.41, c15] &  [-3.38, c16] &  [-2.88, c17] &  [-4.68, c18] &  [-5.84, c19] &  [-3.83, c20] &  [-0.38, c21] &  [-0.15, c22] &  [-0.02, c23] &  [-5.18, c24] &  [-0.21, c25] &  [-1.96, c26] &  [-5.54, c27] &  [-5.56, c28] &  [-4.22, c29] &  [-6.29, c30] &  [-0.92, c31] &  [-5.17, c32] &  [-4.14, c33] &  [-2.05, c34] &  [-5.01, c35] &  [-4.52, c36] &  [-1.09, c37] &  [-0.01, c38] &  [-2.58, c39] &  [-4.05, c40] &  [-0.07, c41] &  [-7.21, c42] &  [-2.14, c43] &  [-7.09, c44] &  [-3.72, c45] &  [-1.99, c46] &  [-0.53, c47] &  [-0.46, c48] \\
c42         &  [-0.04, new\_cluster] &  [-0.33, c1] &  [-7.6, c2] &  [-2.77, c3] &  [-2.07, c4] &  [-4.66, c5] &  [-5.26, c6] &  [-2.36, c7] &  [-3.29, c8] &  [-0.69, c9] &  [-3.98, c10] &  [-0.27, c11] &  [-0.11, c12] &   [-4.6, c13] &  [-0.61, c14] &  [-5.19, c15] &  [-3.32, c16] &  [-2.96, c17] &  [-4.65, c18] &  [-5.93, c19] &   [-3.9, c20] &  [-0.34, c21] &  [-0.14, c22] &  [-0.02, c23] &  [-5.15, c24] &  [-0.21, c25] &  [-1.89, c26] &  [-5.62, c27] &  [-5.61, c28] &  [-4.16, c29] &  [-6.08, c30] &  [-0.34, c31] &  [-5.17, c32] &  [-3.92, c33] &  [-2.04, c34] &   [-4.9, c35] &  [-4.52, c36] &  [-1.09, c37] &  [-0.01, c38] &  [-2.65, c39] &  [-4.08, c40] &  [-0.07, c41] &  [-7.21, c42] &  [-1.22, c43] &  [-7.09, c44] &  [-3.72, c45] &  [-1.46, c46] &  [-0.53, c47] &  [-0.46, c48] \\
c43         &  [-0.04, new\_cluster] &  [-0.32, c1] &  [-7.6, c2] &  [-2.77, c3] &  [-2.07, c4] &  [-4.66, c5] &  [-5.28, c6] &  [-2.49, c7] &  [-3.35, c8] &  [-0.68, c9] &  [-3.97, c10] &   [-0.3, c11] &  [-0.09, c12] &  [-4.62, c13] &  [-0.59, c14] &  [-5.04, c15] &  [-3.23, c16] &   [-2.9, c17] &  [-4.62, c18] &  [-5.96, c19] &  [-3.93, c20] &  [-0.35, c21] &  [-0.14, c22] &  [-0.02, c23] &  [-5.17, c24] &  [-0.21, c25] &   [-1.9, c26] &  [-5.56, c27] &  [-5.61, c28] &  [-4.18, c29] &  [-6.24, c30] &  [-0.23, c31] &  [-5.17, c32] &  [-4.14, c33] &  [-2.04, c34] &  [-4.84, c35] &  [-4.52, c36] &  [-1.09, c37] &  [-0.01, c38] &  [-2.58, c39] &  [-4.03, c40] &  [-0.07, c41] &  [-7.21, c42] &  [-1.38, c43] &  [-7.09, c44] &  [-3.72, c45] &  [-1.35, c46] &  [-0.53, c47] &  [-0.46, c48] \\
c44         &  [-0.04, new\_cluster] &  [-0.32, c1] &  [-7.6, c2] &  [-2.75, c3] &  [-2.07, c4] &  [-4.67, c5] &  [-5.24, c6] &  [-2.39, c7] &  [-3.33, c8] &  [-0.68, c9] &  [-3.98, c10] &  [-0.26, c11] &  [-0.09, c12] &  [-4.61, c13] &   [-0.6, c14] &  [-5.12, c15] &  [-3.23, c16] &  [-2.94, c17] &  [-4.71, c18] &  [-6.03, c19] &  [-3.83, c20] &  [-0.33, c21] &  [-0.17, c22] &  [-0.02, c23] &  [-5.19, c24] &  [-0.21, c25] &  [-1.87, c26] &  [-5.49, c27] &  [-5.58, c28] &  [-4.16, c29] &  [-6.18, c30] &  [-0.65, c31] &  [-5.17, c32] &  [-4.02, c33] &  [-2.08, c34] &  [-5.17, c35] &  [-4.52, c36] &  [-1.09, c37] &  [-0.01, c38] &  [-2.72, c39] &  [-4.09, c40] &  [-0.07, c41] &  [-7.21, c42] &  [-1.09, c43] &  [-7.09, c44] &  [-3.72, c45] &  [-1.96, c46] &  [-0.53, c47] &  [-0.46, c48] \\
c45         &  [-0.04, new\_cluster] &  [-0.35, c1] &  [-7.6, c2] &  [-2.76, c3] &  [-2.07, c4] &  [-4.66, c5] &  [-5.28, c6] &  [-2.43, c7] &  [-3.33, c8] &  [-0.68, c9] &  [-3.94, c10] &  [-0.28, c11] &  [-0.11, c12] &  [-4.67, c13] &  [-0.61, c14] &  [-5.21, c15] &  [-3.31, c16] &  [-3.01, c17] &   [-4.6, c18] &  [-5.92, c19] &  [-3.85, c20] &  [-0.35, c21] &  [-0.16, c22] &  [-0.02, c23] &  [-5.16, c24] &  [-0.21, c25] &  [-1.91, c26] &  [-5.69, c27] &  [-5.56, c28] &  [-4.15, c29] &   [-6.4, c30] &  [-0.11, c31] &  [-5.17, c32] &  [-4.03, c33] &  [-2.02, c34] &  [-5.08, c35] &  [-4.52, c36] &  [-1.09, c37] &  [-0.01, c38] &  [-2.64, c39] &  [-4.09, c40] &  [-0.07, c41] &  [-7.21, c42] &  [-1.79, c43] &  [-7.09, c44] &  [-3.72, c45] &  [-1.97, c46] &  [-0.53, c47] &         [0, ] \\
c46         &  [-0.04, new\_cluster] &  [-0.35, c1] &  [-7.6, c2] &  [-2.77, c3] &  [-2.07, c4] &  [-4.69, c5] &   [-5.3, c6] &  [-2.33, c7] &  [-3.28, c8] &  [-0.68, c9] &  [-4.03, c10] &  [-0.25, c11] &  [-0.11, c12] &  [-4.64, c13] &  [-0.61, c14] &   [-5.2, c15] &  [-3.23, c16] &  [-2.94, c17] &  [-4.56, c18] &  [-5.96, c19] &  [-3.88, c20] &  [-0.33, c21] &  [-0.12, c22] &  [-0.03, c23] &   [-5.1, c24] &  [-0.21, c25] &  [-1.96, c26] &   [-5.5, c27] &  [-5.57, c28] &  [-4.16, c29] &  [-6.19, c30] &  [-1.31, c31] &  [-5.17, c32] &  [-4.06, c33] &  [-2.06, c34] &  [-5.06, c35] &  [-4.52, c36] &  [-1.09, c37] &  [-0.01, c38] &  [-2.69, c39] &  [-4.13, c40] &  [-0.07, c41] &  [-7.21, c42] &  [-0.97, c43] &  [-7.09, c44] &  [-3.72, c45] &  [-1.69, c46] &  [-0.53, c47] &         [0, ] \\
c47         &  [-0.04, new\_cluster] &  [-0.31, c1] &  [-7.6, c2] &  [-2.76, c3] &  [-2.07, c4] &  [-4.62, c5] &  [-5.23, c6] &   [-2.4, c7] &  [-3.33, c8] &  [-0.69, c9] &  [-4.06, c10] &  [-0.29, c11] &  [-0.09, c12] &  [-4.71, c13] &  [-0.61, c14] &  [-5.23, c15] &  [-3.24, c16] &   [-2.9, c17] &  [-4.64, c18] &  [-5.95, c19] &  [-3.92, c20] &  [-0.36, c21] &  [-0.12, c22] &  [-0.02, c23] &  [-5.24, c24] &  [-0.21, c25] &  [-1.86, c26] &  [-5.54, c27] &  [-5.63, c28] &   [-4.2, c29] &  [-6.24, c30] &  [-0.87, c31] &  [-5.17, c32] &  [-4.08, c33] &  [-2.08, c34] &  [-4.84, c35] &  [-4.52, c36] &  [-1.09, c37] &  [-0.01, c38] &  [-2.55, c39] &  [-4.11, c40] &  [-0.07, c41] &  [-7.21, c42] &  [-1.21, c43] &  [-7.09, c44] &  [-3.72, c45] &  [-1.52, c46] &  [-0.53, c47] &  [-0.46, c48] \\
c48         &  [-0.04, new\_cluster] &  [-0.33, c1] &  [-7.6, c2] &  [-2.78, c3] &  [-2.07, c4] &  [-4.65, c5] &  [-5.27, c6] &  [-2.39, c7] &   [-3.2, c8] &  [-0.69, c9] &  [-3.99, c10] &  [-0.29, c11] &   [-0.1, c12] &  [-4.69, c13] &  [-0.61, c14] &   [-5.1, c15] &  [-3.25, c16] &  [-2.93, c17] &  [-4.65, c18] &  [-5.97, c19] &  [-3.85, c20] &  [-0.35, c21] &  [-0.15, c22] &  [-0.02, c23] &  [-5.18, c24] &  [-0.21, c25] &   [-1.9, c26] &  [-5.54, c27] &  [-5.55, c28] &  [-4.15, c29] &  [-6.03, c30] &  [-0.42, c31] &  [-5.17, c32] &  [-4.02, c33] &   [-2.0, c34] &  [-4.95, c35] &  [-4.52, c36] &  [-1.09, c37] &  [-0.01, c38] &  [-2.66, c39] &  [-4.07, c40] &  [-0.07, c41] &  [-7.21, c42] &  [-1.01, c43] &  [-7.09, c44] &  [-3.72, c45] &  [-1.99, c46] &  [-0.53, c47] &  [-0.46, c48] \\
\bottomrule
\end{tabular}

