Experiment_path: AE_Model_1/Random_Seeds//V2/Experiment_02_2
Dataset_Path: ../_00_Datasets/03_SimDaten_Quiroga2020/C_Easy1_noise015.mat
Dataset_name: ['03_SimDaten_Quiroga2020', 'C_Easy1_noise015.mat']
Variant_name: Variant_02_Autoencoder_KMeans
Visualisation_Path: Random_Seeds//V2/Experiment_02_2/C_Easy1_noise015.mat/Variant_02_Autoencoder_KMeans/2023_04_15-12_56_36
<_01_LoadDataset.ExternCode.spike_class.spike_dataclass object at 0x00000289CB368A90>
Sampling rate: 24000.0
Raw: [-0.11561686 -0.09151516 -0.07003629 ...  0.13067092  0.07286933
  0.02376508]
Times: [   1418    2718    2965 ... 1438324 1439204 1439256]
Cluster: [2 1 3 ... 2 2 2]
Number of different clusters:  3
Number of Spikes: 3477
First aligned Spike Frame: [-0.21672249 -0.20435022 -0.20773448 -0.23066605 -0.25048766 -0.24897994
 -0.235203   -0.22454461 -0.22637624 -0.23567647 -0.24458052 -0.29008047
 -0.46277163 -0.78005294 -1.10886208 -1.22520407 -0.93276888 -0.30507988
  0.28404034  0.5598609   0.56326036  0.46868005  0.38002586  0.308291
  0.2337485   0.15145072  0.07073965  0.00289921 -0.04579903 -0.0801131
 -0.10431654 -0.10729234 -0.08281733 -0.04721634 -0.02197862 -0.01600473
 -0.0234669  -0.0435982  -0.07322802 -0.10283475 -0.12412902 -0.14133481
 -0.1572087  -0.1697764  -0.17533489 -0.18293644 -0.19999581]
Cluster 0, Occurrences: 1132
Cluster 1, Occurrences: 1188
Cluster 2, Occurrences: 1157
<torch.utils.data.dataloader.DataLoader object at 0x00000289CEC49BA8>
Epoch [1/8]: mean_loss=0.0004417601976032603
Epoch [2/8]: mean_loss=0.00029234268772476083
Epoch [3/8]: mean_loss=0.0002810697527674635
Epoch [4/8]: mean_loss=0.0002631866172232486
Epoch [5/8]: mean_loss=0.00025092811102188454
Epoch [6/8]: mean_loss=0.00023874132308722193
Epoch [7/8]: mean_loss=0.00023023550579983818
Epoch [8/8]: mean_loss=0.00022395366619600625
Number of Clusters: 3
Number of Samples after Autoencoder testing: 3477
First Spike after testing: [0.644608  1.3993238]
[1 0 2 ... 1 1 1]
[1 2 0 ... 1 1 1]
Cluster 0 Occurrences: 1132; KMEANS: 1174
Cluster 1 Occurrences: 1188; KMEANS: 1176
Cluster 2 Occurrences: 1157; KMEANS: 1127
Centroids: [[-2.1992106, 0.5333005], [0.597098, 1.0544567], [-0.7174841, -1.6773423]]
Centroids: [[-0.69493794, -1.6743599], [0.5944359, 1.0829247], [-2.2124956, 0.5393828]]
Contingency Matrix: 
[[   5    6 1121]
 [  14 1170    4]
 [1155    0    2]]
[[5, 6, 1121], [14, 1170, 4], [1155, 0, 2]]
[[5, 6, 1121], [14, 1170, 4], [1155, 0, 2]]
[0, 1, 2]
[[5, -1, 1121], [-1, -1, -1], [1155, -1, 2]]
[[-1, -1, 1121], [-1, -1, -1], [-1, -1, -1]]
[[-1, -1, -1], [-1, -1, -1], [-1, -1, -1]]
Match_Labels: {1: 1, 2: 0, 0: 2}
New Contingency Matrix: 
[[1121    6    5]
 [   4 1170   14]
 [   2    0 1155]]
New Clustered Label Sequence: [2, 1, 0]
Diagonal_Elements: [1121, 1170, 1155], Sum: 3446
All_Elements: [1121, 6, 5, 4, 1170, 14, 2, 0, 1155], Sum: 3477
Accuracy: 0.9910842680471671
