Seed: 5
Experiment_path: Random_Seeds_DV5//V5_3/Experiment_05_5_opt_temp_noisy
Dataset_Path: ../_00_Datasets/03_SimDaten_Quiroga2020/C_Easy1_noise015.mat
Dataset_name: ['03_SimDaten_Quiroga2020', 'C_Easy1_noise015.mat']
Variant_name: Variant_05_Online_Autoencoder_QLearning_opt_temp_noisy
Visualisation_Path: Random_Seeds_DV5//V5_3/Experiment_05_5_opt_temp_noisy/C_Easy1_noise015.mat/Variant_05_Online_Autoencoder_QLearning_opt_temp_noisy/2023_04_15-14_09_36
Normalisation: False
Template Matching: True
Optimising Autoencoder: True
Update Factor: 100
Noisy Batches: True
Noisy Factor: 0.1
Epochs: 8
Batch Size: 1
maximal Spikes for Autoencoder Training : 700
maximal Spikes for Training: 1000
Input Size: 47
Chosen Model: Autoencoder
Autoencoder(
  (encoder): Sequential(
    (0): Linear(in_features=47, out_features=12, bias=True)
    (1): LeakyReLU(negative_slope=0.01)
    (2): Linear(in_features=12, out_features=2, bias=True)
  )
  (decoder): Sequential(
    (0): Linear(in_features=2, out_features=12, bias=True)
    (1): LeakyReLU(negative_slope=0.01)
    (2): Linear(in_features=12, out_features=47, bias=True)
  )
)
MSELoss()
Adam (
Parameter Group 0
    amsgrad: False
    betas: (0.9, 0.999)
    capturable: False
    differentiable: False
    eps: 1e-08
    foreach: None
    fused: False
    lr: 0.001
    maximize: False
    weight_decay: 0
)
---Q Learning Parameters---
Normalisation: False
Punishment Coefficient: 0.9
Alpha: 0.8
Epsilon: 0.01
Gamma: 0.97
Initial Episode Number: 0
Episode Number Coefficient: 1.4
Number of Random Features: 20
Planning Number: 20
Max Random Features: 60
New Episode Number: 72
New Episode Number: 143
New Episode Number: 215
New Episode Number: 286
New Episode Number: 358
New Episode Number: 429
New Episode Number: 500
New Episode Number: 572
                 0      1      2      3      4      5      6      7      8
new_cluster -22.62 -27.99 -20.78 -26.85 -23.67 -22.61 -32.82 -19.53 -26.29
c1          -22.25 -27.03 -20.38 -26.13 -23.11 -22.61 -32.15 -19.67 -26.29
c2          -22.27 -27.04 -21.03 -26.36 -24.33 -22.61 -32.79 -19.55 -26.29
c3          -22.61 -27.08 -20.57 -26.14 -23.17 -22.90 -34.29 -19.50 -26.29
c4          -22.61 -27.22 -20.01 -26.70 -23.35 -22.92 -31.91 -19.74 -26.29
c5          -22.23 -27.35 -20.17 -26.68 -23.85 -22.91 -32.00 -19.65 -26.29
c6          -22.21 -26.91 -20.11 -26.13 -23.71 -22.55 -32.33 -20.00 -26.29
c7          -22.21 -27.00 -20.29 -27.45 -23.57 -22.95 -33.53 -19.37 -26.29
c8          -22.38 -26.93 -19.67 -27.15 -24.14 -22.61 -33.51 -20.12   0.00
\begin{tabular}{lrrrrrrrrr}
\toprule
{} &      0 &      1 &      2 &      3 &      4 &      5 &      6 &      7 &      8 \\
\midrule
new\_cluster & -22.62 & -27.99 & -20.78 & -26.85 & -23.67 & -22.61 & -32.82 & -19.53 & -26.29 \\
c1          & -22.25 & -27.03 & -20.38 & -26.13 & -23.11 & -22.61 & -32.15 & -19.67 & -26.29 \\
c2          & -22.27 & -27.04 & -21.03 & -26.36 & -24.33 & -22.61 & -32.79 & -19.55 & -26.29 \\
c3          & -22.61 & -27.08 & -20.57 & -26.14 & -23.17 & -22.90 & -34.29 & -19.50 & -26.29 \\
c4          & -22.61 & -27.22 & -20.01 & -26.70 & -23.35 & -22.92 & -31.91 & -19.74 & -26.29 \\
c5          & -22.23 & -27.35 & -20.17 & -26.68 & -23.85 & -22.91 & -32.00 & -19.65 & -26.29 \\
c6          & -22.21 & -26.91 & -20.11 & -26.13 & -23.71 & -22.55 & -32.33 & -20.00 & -26.29 \\
c7          & -22.21 & -27.00 & -20.29 & -27.45 & -23.57 & -22.95 & -33.53 & -19.37 & -26.29 \\
c8          & -22.38 & -26.93 & -19.67 & -27.15 & -24.14 & -22.61 & -33.51 & -20.12 &   0.00 \\
\bottomrule
\end{tabular}

                                0            1  ...            7             8
new_cluster  [-3.24, new_cluster]  [-8.62, c1]  ...  [-0.58, c7]  [-26.29, c8]
c1           [-3.24, new_cluster]  [-7.72, c1]  ...  [-0.55, c7]  [-26.29, c8]
c2           [-3.24, new_cluster]  [-7.69, c1]  ...  [-0.45, c7]  [-26.29, c8]
c3           [-3.24, new_cluster]  [-7.99, c1]  ...  [-0.38, c7]  [-26.29, c8]
c4           [-3.24, new_cluster]  [-8.08, c1]  ...   [-0.7, c7]  [-26.29, c8]
c5           [-3.24, new_cluster]  [-7.91, c1]  ...  [-0.63, c7]  [-26.29, c8]
c6           [-3.24, new_cluster]  [-7.76, c1]  ...  [-0.63, c7]  [-26.29, c8]
c7           [-3.24, new_cluster]  [-7.72, c1]  ...  [-0.57, c7]  [-26.29, c8]
c8           [-3.24, new_cluster]  [-7.78, c1]  ...  [-0.78, c7]         [0, ]

[9 rows x 9 columns]
\begin{tabular}{llllllllll}
\toprule
{} &                     0 &            1 &            2 &            3 &            4 &            5 &             6 &            7 &             8 \\
\midrule
new\_cluster &  [-3.24, new\_cluster] &  [-8.62, c1] &  [-1.78, c2] &  [-7.93, c3] &  [-4.17, c4] &  [-3.48, c5] &  [-13.42, c6] &  [-0.58, c7] &  [-26.29, c8] \\
c1          &  [-3.24, new\_cluster] &  [-7.72, c1] &  [-1.34, c2] &   [-7.2, c3] &  [-3.95, c4] &  [-3.48, c5] &  [-12.75, c6] &  [-0.55, c7] &  [-26.29, c8] \\
c2          &  [-3.24, new\_cluster] &  [-7.69, c1] &  [-2.03, c2] &  [-7.38, c3] &  [-4.74, c4] &  [-3.48, c5] &  [-13.38, c6] &  [-0.45, c7] &  [-26.29, c8] \\
c3          &  [-3.24, new\_cluster] &  [-7.99, c1] &  [-1.54, c2] &  [-7.17, c3] &   [-4.0, c4] &  [-3.48, c5] &  [-14.88, c6] &  [-0.38, c7] &  [-26.29, c8] \\
c4          &  [-3.24, new\_cluster] &  [-8.08, c1] &  [-1.05, c2] &   [-7.5, c3] &  [-3.77, c4] &  [-3.48, c5] &  [-12.45, c6] &   [-0.7, c7] &  [-26.29, c8] \\
c5          &  [-3.24, new\_cluster] &  [-7.91, c1] &  [-0.84, c2] &  [-7.69, c3] &  [-4.26, c4] &  [-3.48, c5] &  [-12.58, c6] &  [-0.63, c7] &  [-26.29, c8] \\
c6          &  [-3.24, new\_cluster] &  [-7.76, c1] &  [-1.07, c2] &  [-7.16, c3] &  [-4.47, c4] &  [-3.48, c5] &  [-12.93, c6] &  [-0.63, c7] &  [-26.29, c8] \\
c7          &  [-3.24, new\_cluster] &  [-7.72, c1] &  [-1.33, c2] &  [-8.53, c3] &  [-4.34, c4] &  [-3.48, c5] &  [-14.12, c6] &  [-0.57, c7] &  [-26.29, c8] \\
c8          &  [-3.24, new\_cluster] &  [-7.78, c1] &  [-0.69, c2] &  [-7.95, c3] &  [-4.55, c4] &  [-3.48, c5] &  [-13.96, c6] &  [-0.78, c7] &         [0, ] \\
\bottomrule
\end{tabular}

