Seed: 0
Experiment_path: AE_Model_2/Different_Variant_5/Experiment_05_opt_temp_noisy
Dataset_Path: ../_00_Datasets/03_SimDaten_Quiroga2020/C_Easy1_noise025.mat
Dataset_name: ['03_SimDaten_Quiroga2020', 'C_Easy1_noise025.mat']
Variant_name: Variant_05_Online_Autoencoder_QLearning_opt_temp_noisy
Visualisation_Path: AE_Model_2/Different_Variant_5/Experiment_05_opt_temp_noisy/C_Easy1_noise025.mat/Variant_05_Online_Autoencoder_QLearning_opt_temp_noisy/2023_05_04-13_03_35
Normalisation: False
Template Matching: True
Optimising Autoencoder: True
Update Factor: 1
Noisy Batches: True
Noisy Factor: 0.001
Epochs: 8
Batch Size: 1
maximal Spikes for Autoencoder Training : 700
maximal Spikes for Training: 1000
Input Size: 47
Chosen Model: Convolutional Autoencoder
ConvolutionalAutoencoder(
  (encoder): Sequential(
    (0): Conv1d(1, 6, kernel_size=(6,), stride=(1,))
    (1): LeakyReLU(negative_slope=0.01)
    (2): Conv1d(6, 1, kernel_size=(6,), stride=(1,))
    (3): Flatten(start_dim=1, end_dim=-1)
    (4): Linear(in_features=37, out_features=2, bias=True)
  )
  (decoder): Sequential(
    (0): ConvTranspose1d(1, 6, kernel_size=(6,), stride=(1,))
    (1): LeakyReLU(negative_slope=0.01)
    (2): ConvTranspose1d(6, 1, kernel_size=(6,), stride=(1,))
    (3): Flatten(start_dim=1, end_dim=-1)
    (4): Linear(in_features=12, out_features=47, bias=True)
  )
)
MSELoss()
Adam (
Parameter Group 0
    amsgrad: False
    betas: (0.9, 0.999)
    capturable: False
    differentiable: False
    eps: 1e-08
    foreach: None
    fused: False
    lr: 0.001
    maximize: False
    weight_decay: 0
)
---Q Learning Parameters---
Normalisation: False
Punishment Coefficient: 1.0
Alpha: 0.8
Epsilon: 0.01
Gamma: 0.97
Initial Episode Number: 0
Episode Number Coefficient: 1.4
Number of Random Features: 20
Planning Number: 20
Max Random Features: 60
New Episode Number: 72
New Episode Number: 143
New Episode Number: 215
New Episode Number: 286
                0     1      2      3      4
new_cluster -8.68 -5.36  -9.88 -13.99 -14.26
c1          -8.68 -5.36  -8.96 -12.78 -14.26
c2          -8.96 -4.94  -8.84 -13.16 -14.26
c3          -9.20 -5.14 -10.20 -14.09 -14.26
c4          -8.44 -5.26  -8.70 -12.43   0.00
\begin{tabular}{lrrrrr}
\toprule
{} &     0 &     1 &      2 &      3 &      4 \\
\midrule
new\_cluster & -8.68 & -5.36 &  -9.88 & -13.99 & -14.26 \\
c1          & -8.68 & -5.36 &  -8.96 & -12.78 & -14.26 \\
c2          & -8.96 & -4.94 &  -8.84 & -13.16 & -14.26 \\
c3          & -9.20 & -5.14 & -10.20 & -14.09 & -14.26 \\
c4          & -8.44 & -5.26 &  -8.70 & -12.43 &   0.00 \\
\bottomrule
\end{tabular}

                               0            1  ...            3             4
new_cluster  [-4.0, new_cluster]  [-0.19, c1]  ...  [-9.06, c3]  [-14.26, c4]
c1           [-4.0, new_cluster]  [-0.31, c1]  ...  [-8.18, c3]  [-14.26, c4]
c2           [-4.0, new_cluster]  [-0.14, c1]  ...  [-8.21, c3]  [-14.26, c4]
c3           [-4.0, new_cluster]  [-0.06, c1]  ...  [-9.14, c3]  [-14.26, c4]
c4           [-4.0, new_cluster]  [-0.13, c1]  ...  [-7.51, c3]         [0, ]

[5 rows x 5 columns]
\begin{tabular}{llllll}
\toprule
{} &                    0 &            1 &            2 &            3 &             4 \\
\midrule
new\_cluster &  [-4.0, new\_cluster] &  [-0.19, c1] &  [-5.25, c2] &  [-9.06, c3] &  [-14.26, c4] \\
c1          &  [-4.0, new\_cluster] &  [-0.31, c1] &   [-4.2, c2] &  [-8.18, c3] &  [-14.26, c4] \\
c2          &  [-4.0, new\_cluster] &  [-0.14, c1] &  [-4.07, c2] &  [-8.21, c3] &  [-14.26, c4] \\
c3          &  [-4.0, new\_cluster] &  [-0.06, c1] &  [-5.41, c2] &  [-9.14, c3] &  [-14.26, c4] \\
c4          &  [-4.0, new\_cluster] &  [-0.13, c1] &  [-3.91, c2] &  [-7.51, c3] &         [0, ] \\
\bottomrule
\end{tabular}

