Seed: 3
Experiment_path: AE_Model_1/Random_Seeds//V3/Experiment_03_3
Dataset_Path: ../_00_Datasets/03_SimDaten_Quiroga2020/C_Difficult1_noise015.mat
Dataset_name: ['03_SimDaten_Quiroga2020', 'C_Difficult1_noise015.mat']
Variant_name: Variant_03_PCA_QLearning
Visualisation_Path: Random_Seeds//V3/Experiment_03_3/C_Difficult1_noise015.mat/Variant_03_PCA_QLearning/2023_04_15-12_00_33
PCA Components: 2
Q Learning Size: 300
---Q Learning Parameters---
Normalisation: False
Punishment Coefficient: 1.0
Alpha: 0.8
Epsilon: 0.01
Gamma: 0.97
Initial Episode Number: 0
Episode Number Coefficient: 1.4
Number of Random Features: 20
Planning Number: 20
Max Random Features: 60
New Episode Number: 72
New Episode Number: 143
New Episode Number: 215
New Episode Number: 286
                 0      1      2      3      4
new_cluster -16.88 -13.77 -14.60 -13.28 -13.84
c1          -16.88 -13.43 -14.50 -13.65 -14.12
c2          -16.80 -13.74 -14.45 -13.43 -13.82
c3          -16.88 -13.90 -14.21 -13.73 -13.87
c4          -16.46 -13.61 -14.82 -13.71 -13.98
\begin{tabular}{lrrrrr}
\toprule
{} &      0 &      1 &      2 &      3 &      4 \\
\midrule
new\_cluster & -16.88 & -13.77 & -14.60 & -13.28 & -13.84 \\
c1          & -16.88 & -13.43 & -14.50 & -13.65 & -14.12 \\
c2          & -16.80 & -13.74 & -14.45 & -13.43 & -13.82 \\
c3          & -16.88 & -13.90 & -14.21 & -13.73 & -13.87 \\
c4          & -16.46 & -13.61 & -14.82 & -13.71 & -13.98 \\
\bottomrule
\end{tabular}

                               0            1  ...            3            4
new_cluster  [-4.0, new_cluster]  [-0.76, c1]  ...  [-0.29, c3]  [-0.68, c4]
c1           [-4.0, new_cluster]  [-0.74, c1]  ...  [-0.34, c3]  [-0.91, c4]
c2           [-4.0, new_cluster]  [-0.84, c1]  ...  [-0.48, c3]   [-0.7, c4]
c3           [-4.0, new_cluster]  [-0.88, c1]  ...  [-0.75, c3]  [-0.74, c4]
c4           [-4.0, new_cluster]  [-0.87, c1]  ...  [-0.39, c3]  [-0.83, c4]

[5 rows x 5 columns]
\begin{tabular}{llllll}
\toprule
{} &                    0 &            1 &            2 &            3 &            4 \\
\midrule
new\_cluster &  [-4.0, new\_cluster] &  [-0.76, c1] &  [-1.58, c2] &  [-0.29, c3] &  [-0.68, c4] \\
c1          &  [-4.0, new\_cluster] &  [-0.74, c1] &  [-1.53, c2] &  [-0.34, c3] &  [-0.91, c4] \\
c2          &  [-4.0, new\_cluster] &  [-0.84, c1] &  [-1.42, c2] &  [-0.48, c3] &   [-0.7, c4] \\
c3          &  [-4.0, new\_cluster] &  [-0.88, c1] &   [-1.2, c2] &  [-0.75, c3] &  [-0.74, c4] \\
c4          &  [-4.0, new\_cluster] &  [-0.87, c1] &  [-1.81, c2] &  [-0.39, c3] &  [-0.83, c4] \\
\bottomrule
\end{tabular}

