Seed: 5
Experiment_path: AE_Model_1/Random_Seeds_DV5//V5_1/Experiment_05_5_opt
Dataset_Path: ../_00_Datasets/03_SimDaten_Quiroga2020/C_Easy1_noise040.mat
Dataset_name: ['03_SimDaten_Quiroga2020', 'C_Easy1_noise040.mat']
Variant_name: Variant_05_Online_Autoencoder_QLearning_opt
Visualisation_Path: AE_Model_1/Random_Seeds_DV5//V5_1/Experiment_05_5_opt/C_Easy1_noise040.mat/Variant_05_Online_Autoencoder_QLearning_opt/2023_04_24-17_04_30
Normalisation: False
Template Matching: False
Optimising Autoencoder: True
Update Factor: 1
Noisy Batches: False
Noisy Factor: 0.1
Epochs: 8
Batch Size: 1
maximal Spikes for Autoencoder Training : 700
maximal Spikes for Training: 1000
Input Size: 47
Chosen Model: Autoencoder
Autoencoder(
  (encoder): Sequential(
    (0): Linear(in_features=47, out_features=12, bias=True)
    (1): LeakyReLU(negative_slope=0.01)
    (2): Linear(in_features=12, out_features=2, bias=True)
  )
  (decoder): Sequential(
    (0): Linear(in_features=2, out_features=12, bias=True)
    (1): LeakyReLU(negative_slope=0.01)
    (2): Linear(in_features=12, out_features=47, bias=True)
  )
)
MSELoss()
Adam (
Parameter Group 0
    amsgrad: False
    betas: (0.9, 0.999)
    capturable: False
    differentiable: False
    eps: 1e-08
    foreach: None
    fused: False
    lr: 0.001
    maximize: False
    weight_decay: 0
)
---Q Learning Parameters---
Normalisation: False
Punishment Coefficient: 1.4
Alpha: 0.8
Epsilon: 0.01
Gamma: 0.97
Initial Episode Number: 0
Episode Number Coefficient: 1.4
Number of Random Features: 20
Planning Number: 20
Max Random Features: 60
New Episode Number: 72
New Episode Number: 143
New Episode Number: 215
New Episode Number: 286
New Episode Number: 358
New Episode Number: 429
New Episode Number: 500
                 0      1      2      3      4      5      6      7
new_cluster -24.85 -19.28 -26.21 -27.73 -17.25 -20.37 -32.46 -40.64
c1          -24.59 -20.28 -31.40 -25.69 -17.91 -21.25 -31.84 -44.28
c2          -24.70 -19.72 -30.12 -27.68 -17.36 -20.09 -30.52 -41.48
c3          -24.58 -20.05 -30.83 -26.77 -17.64 -21.83 -26.98 -41.74
c4          -24.64 -19.41 -30.55 -27.71 -17.46 -21.73 -28.18 -42.20
c5          -24.57 -19.66 -32.76 -26.75 -17.33 -19.83 -29.19 -43.58
c6          -24.58 -20.03 -28.98 -27.12 -17.58 -20.87 -31.67 -43.81
c7          -24.58 -19.88 -30.03 -28.26 -17.55 -22.10 -32.92 -42.26
\begin{tabular}{lrrrrrrrr}
\toprule
{} &      0 &      1 &      2 &      3 &      4 &      5 &      6 &      7 \\
\midrule
new\_cluster & -24.85 & -19.28 & -26.21 & -27.73 & -17.25 & -20.37 & -32.46 & -40.64 \\
c1          & -24.59 & -20.28 & -31.40 & -25.69 & -17.91 & -21.25 & -31.84 & -44.28 \\
c2          & -24.70 & -19.72 & -30.12 & -27.68 & -17.36 & -20.09 & -30.52 & -41.48 \\
c3          & -24.58 & -20.05 & -30.83 & -26.77 & -17.64 & -21.83 & -26.98 & -41.74 \\
c4          & -24.64 & -19.41 & -30.55 & -27.71 & -17.46 & -21.73 & -28.18 & -42.20 \\
c5          & -24.57 & -19.66 & -32.76 & -26.75 & -17.33 & -19.83 & -29.19 & -43.58 \\
c6          & -24.58 & -20.03 & -28.98 & -27.12 & -17.58 & -20.87 & -31.67 & -43.81 \\
c7          & -24.58 & -19.88 & -30.03 & -28.26 & -17.55 & -22.10 & -32.92 & -42.26 \\
\bottomrule
\end{tabular}

                                0            1  ...             6             7
new_cluster  [-7.84, new_cluster]  [-1.79, c1]  ...  [-15.39, c6]  [-23.55, c7]
c1           [-7.84, new_cluster]  [-2.82, c1]  ...  [-14.78, c6]   [-27.2, c7]
c2           [-7.84, new_cluster]  [-2.26, c1]  ...  [-13.47, c6]  [-24.44, c7]
c3           [-7.84, new_cluster]  [-2.53, c1]  ...   [-9.93, c6]  [-24.65, c7]
c4           [-7.84, new_cluster]  [-1.95, c1]  ...  [-11.13, c6]  [-24.88, c7]
c5           [-7.84, new_cluster]  [-2.19, c1]  ...  [-12.14, c6]  [-26.55, c7]
c6           [-7.84, new_cluster]  [-2.56, c1]  ...  [-14.61, c6]  [-26.78, c7]
c7           [-7.84, new_cluster]  [-2.43, c1]  ...  [-15.87, c6]  [-25.13, c7]

[8 rows x 8 columns]
\begin{tabular}{lllllllll}
\toprule
{} &                     0 &            1 &             2 &             3 &            4 &            5 &             6 &             7 \\
\midrule
new\_cluster &  [-7.84, new\_cluster] &  [-1.79, c1] &   [-9.05, c2] &  [-10.62, c3] &  [-0.37, c4] &  [-3.56, c5] &  [-15.39, c6] &  [-23.55, c7] \\
c1          &  [-7.84, new\_cluster] &  [-2.82, c1] &  [-14.34, c2] &   [-8.52, c3] &  [-0.95, c4] &  [-4.39, c5] &  [-14.78, c6] &   [-27.2, c7] \\
c2          &  [-7.84, new\_cluster] &  [-2.26, c1] &  [-13.27, c2] &  [-10.58, c3] &  [-0.65, c4] &  [-3.23, c5] &  [-13.47, c6] &  [-24.44, c7] \\
c3          &  [-7.84, new\_cluster] &  [-2.53, c1] &  [-13.77, c2] &   [-9.65, c3] &  [-0.88, c4] &  [-4.99, c5] &   [-9.93, c6] &  [-24.65, c7] \\
c4          &  [-7.84, new\_cluster] &  [-1.95, c1] &  [-12.61, c2] &  [-10.43, c3] &  [-0.62, c4] &  [-4.91, c5] &  [-11.13, c6] &  [-24.88, c7] \\
c5          &  [-7.84, new\_cluster] &  [-2.19, c1] &  [-15.61, c2] &   [-9.58, c3] &  [-0.41, c4] &  [-3.02, c5] &  [-12.14, c6] &  [-26.55, c7] \\
c6          &  [-7.84, new\_cluster] &  [-2.56, c1] &  [-12.13, c2] &   [-10.0, c3] &  [-0.44, c4] &  [-4.06, c5] &  [-14.61, c6] &  [-26.78, c7] \\
c7          &  [-7.84, new\_cluster] &  [-2.43, c1] &  [-13.17, c2] &  [-11.15, c3] &  [-0.48, c4] &  [-5.28, c5] &  [-15.87, c6] &  [-25.13, c7] \\
\bottomrule
\end{tabular}

