Experiment_path: AE_Model_2/Epochs_2_4_6_8_20/20_Experiment_05_Epochs
Dataset_Path: ../_00_Datasets/03_SimDaten_Quiroga2020/C_Drift_Easy2_noise015.mat
Dataset_name: ['03_SimDaten_Quiroga2020', 'C_Drift_Easy2_noise015.mat']
Variant_name: V05_Online_AE_QL
Visualisation_Path: AE_Model_2/Epochs_2_4_6_8_20/20_Experiment_05_Epochs/C_Drift_Easy2_noise015.mat/V05_Online_AE_QL/2023_05_11-01_24_50
Punishment_Coefficient: 0.7
<_01_LoadDataset.ExternCode.spike_class.spike_dataclass object at 0x0000020905F27F28>
Sampling rate: 24000.0
Raw: [-0.11406566 -0.12673582 -0.13859424 ... -0.1533925  -0.11314303
 -0.07599672]
Times: [    141    1662    1690 ... 1437394 1438167 1439221]
Cluster: [3 3 1 ... 1 3 1]
Number of different clusters:  3
Number of Spikes: 3444
First aligned Spike Frame: [-1.36998177e-01 -1.49794115e-01 -1.51139147e-01 -1.34027918e-01
 -1.09988960e-01 -9.86934846e-02 -1.08483729e-01 -1.27522960e-01
 -1.35591044e-01 -1.26517001e-01 -9.48742956e-02 -8.16393331e-04
  2.25765217e-01  5.72256463e-01  8.98736621e-01  1.04373325e+00
  9.77396764e-01  8.07455467e-01  6.41295597e-01  5.04504644e-01
  3.89667525e-01  2.93991016e-01  2.08446734e-01  1.08695180e-01
 -1.90255699e-02 -1.51076860e-01 -2.47294168e-01 -3.00867038e-01
 -3.38922213e-01 -3.74759690e-01 -3.88805853e-01 -3.48577503e-01
 -2.56264435e-01 -1.52199911e-01 -7.91585816e-02 -5.05132281e-02
 -5.44251469e-02 -6.88811373e-02 -7.02917794e-02 -5.09609752e-02
 -2.91934475e-02 -2.32878628e-02 -2.62245500e-02 -1.24323704e-02
  2.48287815e-02  6.36178972e-02  8.45690766e-02]
Cluster 0, Occurrences: 1142
Cluster 1, Occurrences: 1180
Cluster 2, Occurrences: 1122
Number of Clusters: 3
Online_Training [1/700]: mean_loss=0.13408980742096901
Online_Training [2/700]: mean_loss=0.1307389263063669
Online_Training [3/700]: mean_loss=0.25138980001211164
Online_Training [4/700]: mean_loss=0.11222311072051525
Online_Training [5/700]: mean_loss=0.11525639519095421
Online_Training [6/700]: mean_loss=0.06347129344940186
Online_Training [7/700]: mean_loss=0.025347376894205808
Online_Training [8/700]: mean_loss=0.06338848359882832
Online_Training [9/700]: mean_loss=0.08686605058610439
Online_Training [10/700]: mean_loss=0.08704762682318687
Online_Training [11/700]: mean_loss=0.03787225242704153
Online_Training [12/700]: mean_loss=0.04310230631381273
Online_Training [13/700]: mean_loss=0.08668625429272651
Online_Training [14/700]: mean_loss=0.15220777019858361
Online_Training [15/700]: mean_loss=0.0598304957151413
Online_Training [16/700]: mean_loss=0.10215310379862785
Online_Training [17/700]: mean_loss=0.05147105511277914
Online_Training [18/700]: mean_loss=0.0687255473807454
Online_Training [19/700]: mean_loss=0.035041104350239036
Online_Training [20/700]: mean_loss=0.03289554589428008
Online_Training [21/700]: mean_loss=0.031461271177977326
Online_Training [22/700]: mean_loss=0.0986512079834938
Online_Training [23/700]: mean_loss=0.03366669397801161
Online_Training [24/700]: mean_loss=0.027002548752352595
Online_Training [25/700]: mean_loss=0.06300878711044788
Online_Training [26/700]: mean_loss=0.14159504026174546
Online_Training [27/700]: mean_loss=0.06373189985752106
Online_Training [28/700]: mean_loss=0.08571947440505027
Online_Training [29/700]: mean_loss=0.033275258634239434
Online_Training [30/700]: mean_loss=0.0634375549852848
Online_Training [31/700]: mean_loss=0.044932836294174196
Online_Training [32/700]: mean_loss=0.0529104046523571
Online_Training [33/700]: mean_loss=0.023035057354718447
Online_Training [34/700]: mean_loss=0.029888448072597384
Online_Training [35/700]: mean_loss=0.009441634884569793
Online_Training [36/700]: mean_loss=0.021191005827859044
Online_Training [37/700]: mean_loss=0.04094256022945046
Online_Training [38/700]: mean_loss=0.05307190995663404
Online_Training [39/700]: mean_loss=0.07310376837849616
Online_Training [40/700]: mean_loss=0.036001908220350744
Online_Training [41/700]: mean_loss=0.030637396359816195
Online_Training [42/700]: mean_loss=0.005113781476393342
Online_Training [43/700]: mean_loss=0.03336412953212857
Online_Training [44/700]: mean_loss=0.029390916414558887
Online_Training [45/700]: mean_loss=0.016412105550989507
Online_Training [46/700]: mean_loss=0.008803557662758976
Online_Training [47/700]: mean_loss=0.019912290340289473
Online_Training [48/700]: mean_loss=0.019914809986948966
Online_Training [49/700]: mean_loss=0.01841462547890842
Online_Training [50/700]: mean_loss=0.03890795148909092
Online_Training [51/700]: mean_loss=0.06605040468275547
Online_Training [52/700]: mean_loss=0.024356665275990962
Online_Training [53/700]: mean_loss=0.04222551556304097
Online_Training [54/700]: mean_loss=0.01999576683156192
Online_Training [55/700]: mean_loss=0.033906398247927426
Online_Training [56/700]: mean_loss=0.013211755035445093
Online_Training [57/700]: mean_loss=0.0357813878916204
Online_Training [58/700]: mean_loss=0.03943824851885438
Online_Training [59/700]: mean_loss=0.026757644955068827
Online_Training [60/700]: mean_loss=0.034958633873611686
Online_Training [61/700]: mean_loss=0.03324113665148616
Online_Training [62/700]: mean_loss=0.08658254183828831
Online_Training [63/700]: mean_loss=0.031275995168834926
Online_Training [64/700]: mean_loss=0.052964146621525286
Online_Training [65/700]: mean_loss=0.019486148050054906
Online_Training [66/700]: mean_loss=0.021658214880153535
Online_Training [67/700]: mean_loss=0.04274323415011168
Online_Training [68/700]: mean_loss=0.04151518195867539
Online_Training [69/700]: mean_loss=0.04357718899846077
Online_Training [70/700]: mean_loss=0.01726311771199107
Online_Training [71/700]: mean_loss=0.01339012044481933
Online_Training [72/700]: mean_loss=0.027186132874339818
Online_Training [73/700]: mean_loss=0.012712222058326006
Online_Training [74/700]: mean_loss=0.03114582933485508
Online_Training [75/700]: mean_loss=0.016774924867786468
Online_Training [76/700]: mean_loss=0.04384452383965254
Online_Training [77/700]: mean_loss=0.013562178891152143
Online_Training [78/700]: mean_loss=0.023760818876326084
Online_Training [79/700]: mean_loss=0.08307290673255921
Online_Training [80/700]: mean_loss=0.04754513828083873
Online_Training [81/700]: mean_loss=0.012304720468819141
Online_Training [82/700]: mean_loss=0.08601106740534306
Online_Training [83/700]: mean_loss=0.02414858415722847
Online_Training [84/700]: mean_loss=0.02174024539999664
Online_Training [85/700]: mean_loss=0.03295706007629633
Online_Training [86/700]: mean_loss=0.008700924797449262
Online_Training [87/700]: mean_loss=0.1331487361341715
Online_Training [88/700]: mean_loss=0.030144994519650935
Online_Training [89/700]: mean_loss=0.013895114162005484
Online_Training [90/700]: mean_loss=0.056139564141631126
Online_Training [91/700]: mean_loss=0.008340501110069454
Online_Training [92/700]: mean_loss=0.013458217773586512
Online_Training [93/700]: mean_loss=0.0561389927752316
Online_Training [94/700]: mean_loss=0.015075144870206714
Online_Training [95/700]: mean_loss=0.006971821282058954
Online_Training [96/700]: mean_loss=0.026933408342301846
Online_Training [97/700]: mean_loss=0.021717823436483742
Online_Training [98/700]: mean_loss=0.006905217817984521
Online_Training [99/700]: mean_loss=0.06118915844708681
Online_Training [100/700]: mean_loss=0.05440063755959272
Online_Training [101/700]: mean_loss=0.030375531408935785
Online_Training [102/700]: mean_loss=0.021743133570998906
Online_Training [103/700]: mean_loss=0.03086603619158268
Online_Training [104/700]: mean_loss=0.016127554746344686
Online_Training [105/700]: mean_loss=0.006068592460360378
Online_Training [106/700]: mean_loss=0.013558628992177546
Online_Training [107/700]: mean_loss=0.016639051702804865
Online_Training [108/700]: mean_loss=0.022479058336466552
Online_Training [109/700]: mean_loss=0.01442170119844377
Online_Training [110/700]: mean_loss=0.025008710287511348
Online_Training [111/700]: mean_loss=0.025475042685866357
Online_Training [112/700]: mean_loss=0.006307018222287297
Online_Training [113/700]: mean_loss=0.01825838414952159
Online_Training [114/700]: mean_loss=0.02180306427180767
Online_Training [115/700]: mean_loss=0.026433247979730366
Online_Training [116/700]: mean_loss=0.02078228099271655
Online_Training [117/700]: mean_loss=0.03541669631376863
Online_Training [118/700]: mean_loss=0.01422767536714673
Online_Training [119/700]: mean_loss=0.14402011260390282
Online_Training [120/700]: mean_loss=0.10109189003705979
Online_Training [121/700]: mean_loss=0.09403401613235474
Online_Training [122/700]: mean_loss=0.12838367372751236
Online_Training [123/700]: mean_loss=0.06299632489681244
Online_Training [124/700]: mean_loss=0.046112184133380654
Online_Training [125/700]: mean_loss=0.06592589803040028
Online_Training [126/700]: mean_loss=0.020410340558737517
Online_Training [127/700]: mean_loss=0.026812001504004
Online_Training [128/700]: mean_loss=0.01078084520995617
Online_Training [129/700]: mean_loss=0.042328508105129004
Online_Training [130/700]: mean_loss=0.026805033907294273
Online_Training [131/700]: mean_loss=0.04089512852951884
Online_Training [132/700]: mean_loss=0.010612484044395387
Online_Training [133/700]: mean_loss=0.04128442276269197
Online_Training [134/700]: mean_loss=0.01118360583204776
Online_Training [135/700]: mean_loss=0.03648575404658914
Online_Training [136/700]: mean_loss=0.012438068771734834
Online_Training [137/700]: mean_loss=0.02228517341427505
Online_Training [138/700]: mean_loss=0.023640737123787402
Online_Training [139/700]: mean_loss=0.012232425319962204
Online_Training [140/700]: mean_loss=0.014026433508843184
Online_Training [141/700]: mean_loss=0.008515045326203109
Online_Training [142/700]: mean_loss=0.011812203493900598
Online_Training [143/700]: mean_loss=0.03757909331470728
Online_Training [144/700]: mean_loss=0.04134557424113154
Online_Training [145/700]: mean_loss=0.03406137209385633
Online_Training [146/700]: mean_loss=0.04493829794228077
Online_Training [147/700]: mean_loss=0.056306665763258934
Online_Training [148/700]: mean_loss=0.011520558502525091
Online_Training [149/700]: mean_loss=0.02928690304979682
Online_Training [150/700]: mean_loss=0.02372245639562607
Online_Training [151/700]: mean_loss=0.011444592429324985
Online_Training [152/700]: mean_loss=0.012131644412875175
Online_Training [153/700]: mean_loss=0.013631961541250348
Online_Training [154/700]: mean_loss=0.09680881947278977
Online_Training [155/700]: mean_loss=0.02330463579855859
Online_Training [156/700]: mean_loss=0.031022157799452544
Online_Training [157/700]: mean_loss=0.03967492682859301
Online_Training [158/700]: mean_loss=0.015732820238918067
Online_Training [159/700]: mean_loss=0.00278473028447479
Online_Training [160/700]: mean_loss=0.02957082921639085
Online_Training [161/700]: mean_loss=0.022335645835846664
Online_Training [162/700]: mean_loss=0.011447904258966446
Online_Training [163/700]: mean_loss=0.015544073050841689
Online_Training [164/700]: mean_loss=0.01524650575593114
Online_Training [165/700]: mean_loss=0.011447485734242946
Online_Training [166/700]: mean_loss=0.03906736942008138
Online_Training [167/700]: mean_loss=0.0206494081299752
Online_Training [168/700]: mean_loss=0.014105786103755236
Online_Training [169/700]: mean_loss=0.022510116174817085
Online_Training [170/700]: mean_loss=0.02009808449074626
Online_Training [171/700]: mean_loss=0.019398913672193884
Online_Training [172/700]: mean_loss=0.03493826342746616
Online_Training [173/700]: mean_loss=0.014497096510604024
Online_Training [174/700]: mean_loss=0.015222470415756107
Online_Training [175/700]: mean_loss=0.011154981120489538
Online_Training [176/700]: mean_loss=0.01704695844091475
Online_Training [177/700]: mean_loss=0.009672077326104044
Online_Training [178/700]: mean_loss=0.018656186386942865
Online_Training [179/700]: mean_loss=0.021740039996802806
Online_Training [180/700]: mean_loss=0.022739239782094956
Online_Training [181/700]: mean_loss=0.018064198736101388
Online_Training [182/700]: mean_loss=0.011147773009724915
Online_Training [183/700]: mean_loss=0.013301624241285026
Online_Training [184/700]: mean_loss=0.020537857292219998
Online_Training [185/700]: mean_loss=0.014094110392034054
Online_Training [186/700]: mean_loss=0.021384578431025147
Online_Training [187/700]: mean_loss=0.019705266412347554
Online_Training [188/700]: mean_loss=0.031205162312835454
Online_Training [189/700]: mean_loss=0.04678314635530114
Online_Training [190/700]: mean_loss=0.01566176055930555
Online_Training [191/700]: mean_loss=0.021617966704070568
Online_Training [192/700]: mean_loss=0.025362774450331926
Online_Training [193/700]: mean_loss=0.02117634848691523
Online_Training [194/700]: mean_loss=0.015107746107969434
Online_Training [195/700]: mean_loss=0.02480887146666646
Online_Training [196/700]: mean_loss=0.013868593471124768
Online_Training [197/700]: mean_loss=0.01419463420752436
Online_Training [198/700]: mean_loss=0.004435505473520607
Online_Training [199/700]: mean_loss=0.01037722306791693
Online_Training [200/700]: mean_loss=0.01187213221564889
Online_Training [201/700]: mean_loss=0.009249315690249204
Online_Training [202/700]: mean_loss=0.07641672305762767
Online_Training [203/700]: mean_loss=0.08156419973820447
Online_Training [204/700]: mean_loss=0.018669757153838874
Online_Training [205/700]: mean_loss=0.021494802739471196
Online_Training [206/700]: mean_loss=0.019732818473130465
Online_Training [207/700]: mean_loss=0.015247812634333969
Online_Training [208/700]: mean_loss=0.02088297959417105
Online_Training [209/700]: mean_loss=0.02396515910513699
Online_Training [210/700]: mean_loss=0.026638322230428457
Online_Training [211/700]: mean_loss=0.0183341087307781
Online_Training [212/700]: mean_loss=0.02579878205433488
Online_Training [213/700]: mean_loss=0.024419994605705143
Online_Training [214/700]: mean_loss=0.021711533796042203
Online_Training [215/700]: mean_loss=0.022640007035806774
Online_Training [216/700]: mean_loss=0.024521287251263856
Online_Training [217/700]: mean_loss=0.008390208100900054
Online_Training [218/700]: mean_loss=0.02029649131000042
Online_Training [219/700]: mean_loss=0.009922472480684518
Online_Training [220/700]: mean_loss=0.052499428205192086
Online_Training [221/700]: mean_loss=0.022079888451844453
Online_Training [222/700]: mean_loss=0.1742272838950157
Online_Training [223/700]: mean_loss=0.06591041311621666
Online_Training [224/700]: mean_loss=0.021685406332835555
Online_Training [225/700]: mean_loss=0.018916680524125696
Online_Training [226/700]: mean_loss=0.014498739643022418
Online_Training [227/700]: mean_loss=0.03093893937766552
Online_Training [228/700]: mean_loss=0.029993578512221574
Online_Training [229/700]: mean_loss=0.020754046738147736
Online_Training [230/700]: mean_loss=0.005887687695212663
Online_Training [231/700]: mean_loss=0.03493392718955875
Online_Training [232/700]: mean_loss=0.030283429473638535
Online_Training [233/700]: mean_loss=0.0441665057092905
Online_Training [234/700]: mean_loss=0.027782619651407003
Online_Training [235/700]: mean_loss=0.0034297370701096954
Online_Training [236/700]: mean_loss=0.026662260200828312
Online_Training [237/700]: mean_loss=0.015403560595586896
Online_Training [238/700]: mean_loss=0.005234763491898775
Online_Training [239/700]: mean_loss=0.038995304889976976
Online_Training [240/700]: mean_loss=0.042078163102269174
Online_Training [241/700]: mean_loss=0.0332132400944829
Online_Training [242/700]: mean_loss=0.03629921833053231
Online_Training [243/700]: mean_loss=0.011493106791749596
Online_Training [244/700]: mean_loss=0.030190305691212414
Online_Training [245/700]: mean_loss=0.02140953172929585
Online_Training [246/700]: mean_loss=0.012407261552289129
Online_Training [247/700]: mean_loss=0.015002759173512459
Online_Training [248/700]: mean_loss=0.03058643527328968
Online_Training [249/700]: mean_loss=0.011222384800203145
Online_Training [250/700]: mean_loss=0.00867466595955193
Online_Training [251/700]: mean_loss=0.020883082365617155
Online_Training [252/700]: mean_loss=0.022592997783794998
Online_Training [253/700]: mean_loss=0.03286954546347261
Online_Training [254/700]: mean_loss=0.021866961661726237
Online_Training [255/700]: mean_loss=0.06813217690214515
Online_Training [256/700]: mean_loss=0.018457420310005544
Online_Training [257/700]: mean_loss=0.018894141400232912
Online_Training [258/700]: mean_loss=0.1363605558872223
Online_Training [259/700]: mean_loss=0.0815100498497486
Online_Training [260/700]: mean_loss=0.020544052915647627
Online_Training [261/700]: mean_loss=0.0077613363275304435
Online_Training [262/700]: mean_loss=0.023017878690734506
Online_Training [263/700]: mean_loss=0.027386225014925002
Online_Training [264/700]: mean_loss=0.024219536082819106
Online_Training [265/700]: mean_loss=0.02586282854899764
Online_Training [266/700]: mean_loss=0.005605163692962378
Online_Training [267/700]: mean_loss=0.005867968196980655
Online_Training [268/700]: mean_loss=0.05588028486818075
Online_Training [269/700]: mean_loss=0.008963391045108437
Online_Training [270/700]: mean_loss=0.008644483797252179
Online_Training [271/700]: mean_loss=0.02544557098299265
Online_Training [272/700]: mean_loss=0.017383139953017233
Online_Training [273/700]: mean_loss=0.03159325504675507
Online_Training [274/700]: mean_loss=0.012198852468281984
Online_Training [275/700]: mean_loss=0.011106523312628269
Online_Training [276/700]: mean_loss=0.013312191562727093
Online_Training [277/700]: mean_loss=0.009726967057213187
Online_Training [278/700]: mean_loss=0.01836262783035636
Online_Training [279/700]: mean_loss=0.030434194765985013
Online_Training [280/700]: mean_loss=0.007681940402835608
Online_Training [281/700]: mean_loss=0.007250175753142685
Online_Training [282/700]: mean_loss=0.0220009867567569
Online_Training [283/700]: mean_loss=0.044513456802815196
Online_Training [284/700]: mean_loss=0.013041508570313453
Online_Training [285/700]: mean_loss=0.011837251065298916
Online_Training [286/700]: mean_loss=0.015420049126259983
Online_Training [287/700]: mean_loss=0.008187867817468941
Online_Training [288/700]: mean_loss=0.031757489498704675
Online_Training [289/700]: mean_loss=0.010845203907229007
Online_Training [290/700]: mean_loss=0.025208002189174294
Online_Training [291/700]: mean_loss=0.04282366372644901
Online_Training [292/700]: mean_loss=0.011245172540657222
Online_Training [293/700]: mean_loss=0.0335770208388567
Online_Training [294/700]: mean_loss=0.01708236993290484
Online_Training [295/700]: mean_loss=0.011031353753060103
Online_Training [296/700]: mean_loss=0.02502281591296196
Online_Training [297/700]: mean_loss=0.01774568404071033
Online_Training [298/700]: mean_loss=0.01721522128209472
Online_Training [299/700]: mean_loss=0.028907602513208987
Online_Training [300/700]: mean_loss=0.004301047313492745
Online_Training [301/700]: mean_loss=0.01341360118240118
Online_Training [302/700]: mean_loss=0.011024838546290994
Online_Training [303/700]: mean_loss=0.020383657375350594
Online_Training [304/700]: mean_loss=0.04424379598349333
Online_Training [305/700]: mean_loss=0.005301764979958534
Online_Training [306/700]: mean_loss=0.029857391957193613
Online_Training [307/700]: mean_loss=0.008992468845099211
Online_Training [308/700]: mean_loss=0.016317128902301192
Online_Training [309/700]: mean_loss=0.020383450016379357
Online_Training [310/700]: mean_loss=0.013482629042118787
Online_Training [311/700]: mean_loss=0.006291694729588926
Online_Training [312/700]: mean_loss=0.016286113299429417
Online_Training [313/700]: mean_loss=0.023243446927517654
Online_Training [314/700]: mean_loss=0.01659155348315835
Online_Training [315/700]: mean_loss=0.011962752416729927
Online_Training [316/700]: mean_loss=0.024725129641592503
Online_Training [317/700]: mean_loss=0.014963335450738668
Online_Training [318/700]: mean_loss=0.011425068066455425
Online_Training [319/700]: mean_loss=0.006441716593690217
Online_Training [320/700]: mean_loss=0.04999562008306384
Online_Training [321/700]: mean_loss=0.029698164481669665
Online_Training [322/700]: mean_loss=0.0822479236871004
Online_Training [323/700]: mean_loss=0.04741249275393784
Online_Training [324/700]: mean_loss=0.05884796977043152
Online_Training [325/700]: mean_loss=0.05407998003065586
Online_Training [326/700]: mean_loss=0.03098978688940406
Online_Training [327/700]: mean_loss=0.02025892832316458
Online_Training [328/700]: mean_loss=0.014930637483485044
Online_Training [329/700]: mean_loss=0.009245523484423757
Online_Training [330/700]: mean_loss=0.026452402397990227
Online_Training [331/700]: mean_loss=0.157551608979702
Online_Training [332/700]: mean_loss=0.3666677504777908
Online_Training [333/700]: mean_loss=0.041571839991956946
Online_Training [334/700]: mean_loss=0.04430223973467946
Online_Training [335/700]: mean_loss=0.014898048853501678
Online_Training [336/700]: mean_loss=0.013621081225574016
Online_Training [337/700]: mean_loss=0.01497170883230865
Online_Training [338/700]: mean_loss=0.0905495785176754
Online_Training [339/700]: mean_loss=0.043784070387482645
Online_Training [340/700]: mean_loss=0.01466474886983633
Online_Training [341/700]: mean_loss=0.026816394459456206
Online_Training [342/700]: mean_loss=0.015604841616004705
Online_Training [343/700]: mean_loss=0.018196972971782088
Online_Training [344/700]: mean_loss=0.007404160010628403
Online_Training [345/700]: mean_loss=0.03422327945008874
Online_Training [346/700]: mean_loss=0.01958654560148716
Online_Training [347/700]: mean_loss=0.01590211330913007
Online_Training [348/700]: mean_loss=0.011849156860262156
Online_Training [349/700]: mean_loss=0.0751364141702652
Online_Training [350/700]: mean_loss=0.1080732699483633
Online_Training [351/700]: mean_loss=0.026109049469232558
Online_Training [352/700]: mean_loss=0.036083114240318535
Online_Training [353/700]: mean_loss=0.07539834072813392
Online_Training [354/700]: mean_loss=0.028747371723875405
Online_Training [355/700]: mean_loss=0.015228947391733527
Online_Training [356/700]: mean_loss=0.01465312037616968
Online_Training [357/700]: mean_loss=0.023592074681073428
Online_Training [358/700]: mean_loss=0.026674185320734976
Online_Training [359/700]: mean_loss=0.008259832090698183
Online_Training [360/700]: mean_loss=0.021480186190456153
Online_Training [361/700]: mean_loss=0.019509360939264298
Online_Training [362/700]: mean_loss=0.0054778506513684985
Online_Training [363/700]: mean_loss=0.007980269566178321
Online_Training [364/700]: mean_loss=0.029432281292974947
Online_Training [365/700]: mean_loss=0.029749454464763403
Online_Training [366/700]: mean_loss=0.002830756362527609
Online_Training [367/700]: mean_loss=0.03503843490034342
Online_Training [368/700]: mean_loss=0.05620634946972132
Online_Training [369/700]: mean_loss=0.01642517149448395
Online_Training [370/700]: mean_loss=0.009467386081814766
Online_Training [371/700]: mean_loss=0.04497118024155498
Online_Training [372/700]: mean_loss=0.014588757464662195
Online_Training [373/700]: mean_loss=0.05272538401186466
Online_Training [374/700]: mean_loss=0.011543634021654725
Online_Training [375/700]: mean_loss=0.031038383673876523
Online_Training [376/700]: mean_loss=0.01828558384440839
Online_Training [377/700]: mean_loss=0.013872734783217312
Online_Training [378/700]: mean_loss=0.014896325580775738
Online_Training [379/700]: mean_loss=0.013794262101873756
Online_Training [380/700]: mean_loss=0.014111786894500256
Online_Training [381/700]: mean_loss=0.030930701177567244
Online_Training [382/700]: mean_loss=0.010713861929252744
Online_Training [383/700]: mean_loss=0.016409964114427567
Online_Training [384/700]: mean_loss=0.04016902446746826
Online_Training [385/700]: mean_loss=0.005568788829259574
Online_Training [386/700]: mean_loss=0.02366034551523626
Online_Training [387/700]: mean_loss=0.018634056998416783
Online_Training [388/700]: mean_loss=0.011891486961394549
Online_Training [389/700]: mean_loss=0.016111221304163335
Online_Training [390/700]: mean_loss=0.023750742431730032
Online_Training [391/700]: mean_loss=0.01893986058421433
Online_Training [392/700]: mean_loss=0.007309445599094033
Online_Training [393/700]: mean_loss=0.007303721434436738
Online_Training [394/700]: mean_loss=0.03198253801092506
Online_Training [395/700]: mean_loss=0.004784894292242825
Online_Training [396/700]: mean_loss=0.015027523599565029
Online_Training [397/700]: mean_loss=0.042080133035779
Online_Training [398/700]: mean_loss=0.028535358048975466
Online_Training [399/700]: mean_loss=0.013761858688667417
Online_Training [400/700]: mean_loss=0.035318719781935216
Online_Training [401/700]: mean_loss=0.018454736471176146
Online_Training [402/700]: mean_loss=0.03230056837201119
Online_Training [403/700]: mean_loss=0.013511539832688869
Online_Training [404/700]: mean_loss=0.0155686407815665
Online_Training [405/700]: mean_loss=0.06772002559155225
Online_Training [406/700]: mean_loss=0.01120874471962452
Online_Training [407/700]: mean_loss=0.012389024533331395
Online_Training [408/700]: mean_loss=0.01084671588614583
Online_Training [409/700]: mean_loss=0.014340912085026502
Online_Training [410/700]: mean_loss=0.015562118403613568
Online_Training [411/700]: mean_loss=0.011211157077923417
Online_Training [412/700]: mean_loss=0.013751449156552553
Online_Training [413/700]: mean_loss=0.01586860935203731
Online_Training [414/700]: mean_loss=0.017157619167119265
Online_Training [415/700]: mean_loss=0.01917752749286592
Online_Training [416/700]: mean_loss=0.003763726644683629
Online_Training [417/700]: mean_loss=0.024162578303366898
Online_Training [418/700]: mean_loss=0.011594304931350052
Online_Training [419/700]: mean_loss=0.007465676334686577
Online_Training [420/700]: mean_loss=0.01909095044247806
Online_Training [421/700]: mean_loss=0.009961062972433866
Online_Training [422/700]: mean_loss=0.0048681348096579315
Online_Training [423/700]: mean_loss=0.003163405950181186
Online_Training [424/700]: mean_loss=0.011754612578079105
Online_Training [425/700]: mean_loss=0.011606235569342972
Online_Training [426/700]: mean_loss=0.03375444635748863
Online_Training [427/700]: mean_loss=0.004452007822692394
Online_Training [428/700]: mean_loss=0.008986966963857413
Online_Training [429/700]: mean_loss=0.021628536097705365
Online_Training [430/700]: mean_loss=0.023444388061761856
Online_Training [431/700]: mean_loss=0.022717945277690887
Online_Training [432/700]: mean_loss=0.037432114500552414
Online_Training [433/700]: mean_loss=0.010785387502983213
Online_Training [434/700]: mean_loss=0.010157749010249972
Online_Training [435/700]: mean_loss=0.005779895302839577
Online_Training [436/700]: mean_loss=0.01260859975591302
Online_Training [437/700]: mean_loss=0.014571930654346943
Online_Training [438/700]: mean_loss=0.025940508488565682
Online_Training [439/700]: mean_loss=0.015618911664932966
Online_Training [440/700]: mean_loss=0.006392374145798385
Online_Training [441/700]: mean_loss=0.01081879900302738
Online_Training [442/700]: mean_loss=0.06738424226641655
Online_Training [443/700]: mean_loss=0.019424051512032747
Online_Training [444/700]: mean_loss=0.013583400333300234
Online_Training [445/700]: mean_loss=0.018671036697924137
Online_Training [446/700]: mean_loss=0.024230223800987005
Online_Training [447/700]: mean_loss=0.016767581412568688
Online_Training [448/700]: mean_loss=0.07615258414298295
Online_Training [449/700]: mean_loss=0.18156628161668778
Online_Training [450/700]: mean_loss=0.03588739512488246
Online_Training [451/700]: mean_loss=0.05655501205474138
Online_Training [452/700]: mean_loss=0.02465522661805153
Online_Training [453/700]: mean_loss=0.044277902133762835
Online_Training [454/700]: mean_loss=0.00882020213175565
Online_Training [455/700]: mean_loss=0.03352630268782377
Online_Training [456/700]: mean_loss=0.02625240427441895
Online_Training [457/700]: mean_loss=0.008931204746477305
Online_Training [458/700]: mean_loss=0.017469472158700226
Online_Training [459/700]: mean_loss=0.013247662503272296
Online_Training [460/700]: mean_loss=0.014492146437987685
Online_Training [461/700]: mean_loss=0.043739060126245025
Online_Training [462/700]: mean_loss=0.015794131252914668
Online_Training [463/700]: mean_loss=0.01205867868848145
Online_Training [464/700]: mean_loss=0.01969382418319583
Online_Training [465/700]: mean_loss=0.025120373349636793
Online_Training [466/700]: mean_loss=0.013465355848893523
Online_Training [467/700]: mean_loss=0.015899490425363184
Online_Training [468/700]: mean_loss=0.01908945634495467
Online_Training [469/700]: mean_loss=0.022634624689817428
Online_Training [470/700]: mean_loss=0.011338785570114852
Online_Training [471/700]: mean_loss=0.013026736164465546
Online_Training [472/700]: mean_loss=0.02576399128884077
Online_Training [473/700]: mean_loss=0.011152050807140768
Online_Training [474/700]: mean_loss=0.010415009432472288
Online_Training [475/700]: mean_loss=0.007480800175108016
Online_Training [476/700]: mean_loss=0.015187413990497589
Online_Training [477/700]: mean_loss=0.035453994013369086
Online_Training [478/700]: mean_loss=0.007085047080181539
Online_Training [479/700]: mean_loss=0.011024070077110083
Online_Training [480/700]: mean_loss=0.028000473231077194
Online_Training [481/700]: mean_loss=0.008319844165816903
Online_Training [482/700]: mean_loss=0.0043894864153116945
Online_Training [483/700]: mean_loss=0.048071188805624845
Online_Training [484/700]: mean_loss=0.04060182273387909
Online_Training [485/700]: mean_loss=0.040495707746595146
Online_Training [486/700]: mean_loss=0.01650318009778857
Online_Training [487/700]: mean_loss=0.019136529555544256
Online_Training [488/700]: mean_loss=0.009660244104452431
Online_Training [489/700]: mean_loss=0.01774058025330305
Online_Training [490/700]: mean_loss=0.05690923295915127
Online_Training [491/700]: mean_loss=0.011384874302893876
Online_Training [492/700]: mean_loss=0.014944584690965712
Online_Training [493/700]: mean_loss=0.01560369124636054
Online_Training [494/700]: mean_loss=0.021874466491863132
Online_Training [495/700]: mean_loss=0.01945897052064538
Online_Training [496/700]: mean_loss=0.02361055789515376
Online_Training [497/700]: mean_loss=0.0165020733140409
Online_Training [498/700]: mean_loss=0.013583711348474026
Online_Training [499/700]: mean_loss=0.005298152309842407
Online_Training [500/700]: mean_loss=0.016344573721289633
Online_Training [501/700]: mean_loss=0.017495670821517706
Online_Training [502/700]: mean_loss=0.018501374637708068
Online_Training [503/700]: mean_loss=0.014291774667799472
Online_Training [504/700]: mean_loss=0.015162932919338346
Online_Training [505/700]: mean_loss=0.1162616889923811
Online_Training [506/700]: mean_loss=0.08530047815293074
Online_Training [507/700]: mean_loss=0.028418649267405272
Online_Training [508/700]: mean_loss=0.026832588762044907
Online_Training [509/700]: mean_loss=0.028363850712776185
Online_Training [510/700]: mean_loss=0.05189408026635647
Online_Training [511/700]: mean_loss=0.005649711727164686
Online_Training [512/700]: mean_loss=0.00882200668565929
Online_Training [513/700]: mean_loss=0.01626994803082198
Online_Training [514/700]: mean_loss=0.003091227076947689
Online_Training [515/700]: mean_loss=0.029715753626078367
Online_Training [516/700]: mean_loss=0.0034247474279254673
Online_Training [517/700]: mean_loss=0.009464398864656687
Online_Training [518/700]: mean_loss=0.011770510440692305
Online_Training [519/700]: mean_loss=0.021854181494563817
Online_Training [520/700]: mean_loss=0.029275789763778447
Online_Training [521/700]: mean_loss=0.012378067104145884
Online_Training [522/700]: mean_loss=0.016426412295550107
Online_Training [523/700]: mean_loss=0.01748521872796118
Online_Training [524/700]: mean_loss=0.015781497536227106
Online_Training [525/700]: mean_loss=0.03386032246053219
Online_Training [526/700]: mean_loss=0.011382153537124396
Online_Training [527/700]: mean_loss=0.032060272013768557
Online_Training [528/700]: mean_loss=0.0682035431265831
Online_Training [529/700]: mean_loss=0.028138621896505355
Online_Training [530/700]: mean_loss=0.006282758084125817
Online_Training [531/700]: mean_loss=0.009706072718836367
Online_Training [532/700]: mean_loss=0.014219628321006894
Online_Training [533/700]: mean_loss=0.01734447996132076
Online_Training [534/700]: mean_loss=0.028744523832574486
Online_Training [535/700]: mean_loss=0.025893226196058095
Online_Training [536/700]: mean_loss=0.025936500821262597
Online_Training [537/700]: mean_loss=0.040263199526816604
Online_Training [538/700]: mean_loss=0.019683276209980248
Online_Training [539/700]: mean_loss=0.03574166065081954
Online_Training [540/700]: mean_loss=0.038601254019886254
Online_Training [541/700]: mean_loss=0.007320599630475044
Online_Training [542/700]: mean_loss=0.018926425417885185
Online_Training [543/700]: mean_loss=0.014222797891125082
Online_Training [544/700]: mean_loss=0.0070036779390648006
Online_Training [545/700]: mean_loss=0.02162390649318695
Online_Training [546/700]: mean_loss=0.032544488180428745
Online_Training [547/700]: mean_loss=0.02148598078638315
Online_Training [548/700]: mean_loss=0.019179401779547335
Online_Training [549/700]: mean_loss=0.07626418620347977
Online_Training [550/700]: mean_loss=0.023944217525422574
Online_Training [551/700]: mean_loss=0.04185821376740932
Online_Training [552/700]: mean_loss=0.0418428273871541
Online_Training [553/700]: mean_loss=0.056547267641872165
Online_Training [554/700]: mean_loss=0.018379829218611123
Online_Training [555/700]: mean_loss=0.028927985951304434
Online_Training [556/700]: mean_loss=0.022169648576527833
Online_Training [557/700]: mean_loss=0.014971215650439263
Online_Training [558/700]: mean_loss=0.022855218080803753
Online_Training [559/700]: mean_loss=0.004131472925655544
Online_Training [560/700]: mean_loss=0.01882002889178693
Online_Training [561/700]: mean_loss=0.0169742320664227
Online_Training [562/700]: mean_loss=0.00599107111338526
Online_Training [563/700]: mean_loss=0.027747593354433775
Online_Training [564/700]: mean_loss=0.019822701718658207
Online_Training [565/700]: mean_loss=0.017359212785959244
Online_Training [566/700]: mean_loss=0.016870956355705857
Online_Training [567/700]: mean_loss=0.02950985189527273
Online_Training [568/700]: mean_loss=0.02894099084660411
Online_Training [569/700]: mean_loss=0.021080401819199325
Online_Training [570/700]: mean_loss=0.007614069280680269
Online_Training [571/700]: mean_loss=0.01394250220619142
Online_Training [572/700]: mean_loss=0.04916986394673586
Online_Training [573/700]: mean_loss=0.01699532805941999
Online_Training [574/700]: mean_loss=0.020152314007282256
Online_Training [575/700]: mean_loss=0.014937419444322586
Online_Training [576/700]: mean_loss=0.04514885470271111
Online_Training [577/700]: mean_loss=0.010671757394447923
Online_Training [578/700]: mean_loss=0.018647211045026778
Online_Training [579/700]: mean_loss=0.010092204296961426
Online_Training [580/700]: mean_loss=0.018115486716851592
Online_Training [581/700]: mean_loss=0.011172989429906011
Online_Training [582/700]: mean_loss=0.007819162611849607
Online_Training [583/700]: mean_loss=0.014989705616608262
Online_Training [584/700]: mean_loss=0.005412282631732523
Online_Training [585/700]: mean_loss=0.03993873186409473
Online_Training [586/700]: mean_loss=0.011398351518437266
Online_Training [587/700]: mean_loss=0.022793016489595176
Online_Training [588/700]: mean_loss=0.024018494877964258
Online_Training [589/700]: mean_loss=0.01611589835956693
Online_Training [590/700]: mean_loss=0.027315619122236966
Online_Training [591/700]: mean_loss=0.03580167442560196
Online_Training [592/700]: mean_loss=0.010367073398083449
Online_Training [593/700]: mean_loss=0.019249781407415865
Online_Training [594/700]: mean_loss=0.04142082696780562
Online_Training [595/700]: mean_loss=0.00925800574477762
Online_Training [596/700]: mean_loss=0.006526143499650061
Online_Training [597/700]: mean_loss=0.009756288724020123
Online_Training [598/700]: mean_loss=0.011362798046320677
Online_Training [599/700]: mean_loss=0.009709097328595817
Online_Training [600/700]: mean_loss=0.031624915078282356
Online_Training [601/700]: mean_loss=0.021343626920133828
Online_Training [602/700]: mean_loss=0.008123468444682657
Online_Training [603/700]: mean_loss=0.011932367528788745
Online_Training [604/700]: mean_loss=0.013308111112564802
Online_Training [605/700]: mean_loss=0.006595620745792985
Online_Training [606/700]: mean_loss=0.029044710285961627
Online_Training [607/700]: mean_loss=0.0425463808234781
Online_Training [608/700]: mean_loss=0.008793553104624152
Online_Training [609/700]: mean_loss=0.025647061038762332
Online_Training [610/700]: mean_loss=0.03173279194161296
Online_Training [611/700]: mean_loss=0.019364807615056635
Online_Training [612/700]: mean_loss=0.03121674256399274
Online_Training [613/700]: mean_loss=0.018250464322045447
Online_Training [614/700]: mean_loss=0.027789543755352496
Online_Training [615/700]: mean_loss=0.019555652141571046
Online_Training [616/700]: mean_loss=0.015295110596343874
Online_Training [617/700]: mean_loss=0.028393212892115115
Online_Training [618/700]: mean_loss=0.03489693002775311
Online_Training [619/700]: mean_loss=0.03730350723490119
Online_Training [620/700]: mean_loss=0.008324880944564938
Online_Training [621/700]: mean_loss=0.02547850934788585
Online_Training [622/700]: mean_loss=0.014142558444291353
Online_Training [623/700]: mean_loss=0.020044127386063336
Online_Training [624/700]: mean_loss=0.031036459282040595
Online_Training [625/700]: mean_loss=0.008044922607950866
Online_Training [626/700]: mean_loss=0.0297348378226161
Online_Training [627/700]: mean_loss=0.033345353044569495
Online_Training [628/700]: mean_loss=0.005464842519722879
Online_Training [629/700]: mean_loss=0.015075928112491966
Online_Training [630/700]: mean_loss=0.013231435231864453
Online_Training [631/700]: mean_loss=0.009418247686699032
Online_Training [632/700]: mean_loss=0.023385988548398018
Online_Training [633/700]: mean_loss=0.017328182747587562
Online_Training [634/700]: mean_loss=0.00742399285081774
Online_Training [635/700]: mean_loss=0.011300719901919365
Online_Training [636/700]: mean_loss=0.014792149234563113
Online_Training [637/700]: mean_loss=0.007395413238555193
Online_Training [638/700]: mean_loss=0.020557854301296176
Online_Training [639/700]: mean_loss=0.013550477381795645
Online_Training [640/700]: mean_loss=0.03205404747277498
Online_Training [641/700]: mean_loss=0.022406632592901588
Online_Training [642/700]: mean_loss=0.012099995138123631
Online_Training [643/700]: mean_loss=0.014303024765104056
Online_Training [644/700]: mean_loss=0.019199464982375503
Online_Training [645/700]: mean_loss=0.014297340624034404
Online_Training [646/700]: mean_loss=0.03950515147298574
Online_Training [647/700]: mean_loss=0.017690769000910222
Online_Training [648/700]: mean_loss=0.008250588097143918
Online_Training [649/700]: mean_loss=0.027376809203997255
Online_Training [650/700]: mean_loss=0.03176791658625007
Online_Training [651/700]: mean_loss=0.010650554834865034
Online_Training [652/700]: mean_loss=0.01389766582287848
Online_Training [653/700]: mean_loss=0.015270511573180556
Online_Training [654/700]: mean_loss=0.010740072838962078
Online_Training [655/700]: mean_loss=0.027163257356733084
Online_Training [656/700]: mean_loss=0.012231340701691806
Online_Training [657/700]: mean_loss=0.05008726380765438
Online_Training [658/700]: mean_loss=0.10999972745776176
Online_Training [659/700]: mean_loss=0.017217179015278816
Online_Training [660/700]: mean_loss=0.03439897373318672
Online_Training [661/700]: mean_loss=0.026970802154392005
Online_Training [662/700]: mean_loss=0.010598986339755357
Online_Training [663/700]: mean_loss=0.04566149739548564
Online_Training [664/700]: mean_loss=0.02988236304372549
Online_Training [665/700]: mean_loss=0.01028490550816059
Online_Training [666/700]: mean_loss=0.02984831677749753
Online_Training [667/700]: mean_loss=0.009327944461256265
Online_Training [668/700]: mean_loss=0.01669948766939342
Online_Training [669/700]: mean_loss=0.105041971988976
Online_Training [670/700]: mean_loss=0.061845471151173115
Online_Training [671/700]: mean_loss=0.018579920660704373
Online_Training [672/700]: mean_loss=0.04927766462787986
Online_Training [673/700]: mean_loss=0.016106968466192483
Online_Training [674/700]: mean_loss=0.009166353032924235
Online_Training [675/700]: mean_loss=0.014389239996671677
Online_Training [676/700]: mean_loss=0.047393745929002765
Online_Training [677/700]: mean_loss=0.003985912492498756
Online_Training [678/700]: mean_loss=0.015002443874254822
Online_Training [679/700]: mean_loss=0.01631964431144297
Online_Training [680/700]: mean_loss=0.00767908557318151
Online_Training [681/700]: mean_loss=0.015999687602743506
Online_Training [682/700]: mean_loss=0.07015501633286476
Online_Training [683/700]: mean_loss=0.013208962790668011
Online_Training [684/700]: mean_loss=0.014077275386080145
Online_Training [685/700]: mean_loss=0.012940373923629522
Online_Training [686/700]: mean_loss=0.0035670592973474414
Online_Training [687/700]: mean_loss=0.040395167842507365
Online_Training [688/700]: mean_loss=0.03604091061279178
Online_Training [689/700]: mean_loss=0.0077822336461395025
Online_Training [690/700]: mean_loss=0.019486765237525107
Online_Training [691/700]: mean_loss=0.0037076728185638785
Online_Training [692/700]: mean_loss=0.01075843048747629
Online_Training [693/700]: mean_loss=0.010207533929497003
Online_Training [694/700]: mean_loss=0.006797674496192485
Online_Training [695/700]: mean_loss=0.03459079321473837
Online_Training [696/700]: mean_loss=0.003895045770332217
Online_Training [697/700]: mean_loss=0.021578176692128182
Online_Training [698/700]: mean_loss=0.01373160385992378
Online_Training [699/700]: mean_loss=0.013978246762417258
Online_Training [700/700]: mean_loss=0.01187435262836516
Number of Samples after Autoencoder testing: 300
First Spike after testing: [-0.28556353 -0.83892196]
[1, 2, 1, 2, 1, 1, 1, 2, 0, 1, 2, 0, 0, 2, 1, 1, 2, 1, 1, 2, 2, 2, 2, 2, 0, 1, 0, 1, 1, 1, 1, 1, 1, 2, 2, 1, 2, 1, 2, 0, 1, 2, 1, 1, 1, 2, 1, 0, 0, 1, 0, 1, 0, 2, 1, 1, 2, 1, 1, 0, 1, 1, 1, 1, 2, 2, 2, 1, 2, 0, 1, 1, 1, 0, 1, 2, 0, 0, 2, 0, 0, 2, 0, 0, 1, 0, 0, 1, 0, 0, 1, 2, 2, 0, 0, 1, 1, 2, 1, 0, 0, 0, 2, 1, 2, 0, 2, 2, 0, 0, 1, 2, 1, 1, 0, 2, 2, 1, 2, 0, 0, 2, 1, 2, 1, 1, 2, 0, 0, 0, 0, 0, 1, 1, 1, 1, 0, 2, 1, 0, 2, 0, 2, 2, 1, 2, 1, 0, 1, 2, 0, 2, 0, 1, 1, 2, 1, 0, 0, 1, 2, 0, 1, 2, 2, 2, 0, 2, 1, 2, 1, 1, 1, 1, 2, 2, 2, 2, 1, 0, 0, 2, 0, 1, 2, 1, 1, 0, 0, 2, 0, 0, 2, 0, 1, 0, 0, 1, 1, 1, 0, 2, 1, 2, 1, 1, 1, 2, 2, 1, 2, 0, 1, 0, 2, 2, 1, 2, 1, 0, 2, 0, 1, 2, 1, 2, 0, 0, 1, 1, 2, 1, 1, 2, 2, 2, 1, 1, 1, 2, 1, 0, 0, 1, 2, 1, 0, 0, 0, 2, 2, 1, 1, 2, 2, 0, 1, 0, 1, 0, 2, 0, 1, 2, 2, 0, 0, 2, 2, 2, 0, 1, 2, 2, 0, 2, 1, 2, 2, 2, 1, 0, 1, 1, 0, 0, 2, 0, 1, 0, 1, 1, 1, 1, 2, 0, 1, 0, 2, 1]
[0, 1, 0, 1, 0, 0, 0, 1, 0, 0, 1, 0, 0, 1, 0, 0, 1, 0, 0, 1, 1, 1, 1, 1, 0, 0, 0, 0, 0, 0, 0, 0, 0, 1, 1, 0, 1, 0, 1, 0, 0, 1, 0, 0, 0, 1, 0, 0, 0, 0, 0, 0, 2, 1, 0, 0, 1, 0, 0, 2, 0, 0, 0, 1, 1, 1, 1, 0, 1, 2, 0, 0, 0, 3, 3, 4, 2, 2, 1, 2, 2, 1, 2, 2, 0, 2, 2, 0, 0, 2, 0, 1, 1, 2, 2, 0, 0, 1, 0, 2, 2, 2, 1, 1, 1, 2, 1, 1, 2, 2, 0, 1, 0, 0, 2, 1, 1, 0, 1, 2, 0, 1, 0, 1, 0, 0, 1, 2, 2, 2, 2, 2, 0, 0, 0, 2, 2, 1, 0, 2, 2, 2, 1, 1, 0, 1, 0, 2, 0, 1, 0, 1, 2, 0, 0, 4, 0, 2, 2, 0, 1, 2, 0, 1, 1, 1, 2, 1, 0, 1, 0, 0, 0, 0, 1, 1, 1, 1, 2, 3, 2, 1, 2, 0, 1, 0, 0, 2, 2, 1, 0, 0, 1, 0, 0, 0, 2, 0, 0, 0, 2, 1, 0, 4, 0, 0, 0, 1, 1, 0, 1, 2, 2, 0, 1, 1, 0, 1, 0, 2, 1, 2, 0, 1, 0, 1, 2, 2, 0, 0, 1, 0, 2, 4, 1, 1, 0, 0, 0, 1, 0, 2, 0, 0, 1, 0, 2, 2, 2, 1, 1, 0, 0, 1, 1, 2, 0, 2, 0, 2, 1, 2, 0, 1, 1, 0, 2, 1, 1, 1, 0, 0, 1, 1, 2, 1, 0, 1, 1, 1, 0, 2, 0, 0, 2, 2, 1, 3, 3, 2, 1, 0, 0, 0, 1, 2, 0, 2, 1, 0]
Centroids: [[-0.7386375, -0.2912546], [0.17411013, -0.61071444], [0.20276287, 1.1898464]]
Centroids: [[0.15884101, -0.60141814], [0.2115335, 1.1310624], [-0.7992358, -0.2839347], [-2.0004454, -0.35741913], [0.10373701, 2.4017434]]
Contingency Matrix: 
[[ 20   0  63   3   0]
 [107   3   4   2   0]
 [  0  93   1   0   4]]
[[20, 0, 63, 3, 0], [107, 3, 4, 2, 0], [0, 93, 1, 0, 4]]
[[20, 0, 63, 3, 0], [107, 3, 4, 2, 0], [0, 93, 1, 0, 4]]
[0, 1, 2, 3, 4]
[[-1, 0, 63, 3, 0], [-1, -1, -1, -1, -1], [-1, 93, 1, 0, 4]]
[[-1, -1, 63, 3, 0], [-1, -1, -1, -1, -1], [-1, -1, -1, -1, -1]]
[[-1, -1, -1, -1, -1], [-1, -1, -1, -1, -1], [-1, -1, -1, -1, -1]]
Match_Labels: {1: 0, 2: 1, 0: 2}
New Contingency Matrix: 
[[ 63  20   0   3   0]
 [  4 107   3   2   0]
 [  1   0  93   0   4]]
New Clustered Label Sequence: [2, 0, 1, 3, 4]
Diagonal_Elements: [63, 107, 93], Sum: 263
All_Elements: [63, 20, 0, 3, 0, 4, 107, 3, 2, 0, 1, 0, 93, 0, 4], Sum: 300
Accuracy: 0.8766666666666667
