Experiment_path: AE_Model_2/Random_Seeds//V4/Experiment_04_7
Dataset_Path: ../_00_Datasets/03_SimDaten_Quiroga2020/C_Easy1_noise035.mat
Dataset_name: ['03_SimDaten_Quiroga2020', 'C_Easy1_noise035.mat']
Variant_name: Variant_04_Offline_Autoencoder_QLearning
Visualisation_Path: Random_Seeds//V4/Experiment_04_7/C_Easy1_noise035.mat/Variant_04_Offline_Autoencoder_QLearning/2023_04_21-16_00_58
Punishment_Coefficient: 1.5
<_01_LoadDataset.ExternCode.spike_class.spike_dataclass object at 0x0000027F1CDF6940>
Sampling rate: 24000.0
Raw: [-0.01748803 -0.01945498 -0.02011069 ... -0.20744344 -0.24709427
 -0.25077586]
Times: [    662    1043    2861 ... 1439172 1439620 1439793]
Cluster: [1 2 3 ... 3 3 2]
Number of different clusters:  3
Number of Spikes: 3534
First aligned Spike Frame: [ 0.43999329  0.4839933   0.52909327  0.52642944  0.43496308  0.26335103
  0.0652557  -0.09376199 -0.19786698 -0.28302287 -0.39101775 -0.51215993
 -0.44771361  0.07217119  0.76700554  0.91966677  0.38465989 -0.27458603
 -0.59813837 -0.63307973 -0.5997719  -0.60009658 -0.61792931 -0.61010846
 -0.56778745 -0.50195254 -0.4233035  -0.35404397 -0.29120082 -0.20969116
 -0.09592158  0.02951377  0.1302449   0.18393993  0.21396859  0.24968719
  0.25635801  0.17294061 -0.01474948 -0.24084414 -0.43698551 -0.59191978
 -0.72153644 -0.80995398 -0.82451785 -0.75320979 -0.64145157]
Cluster 0, Occurrences: 1208
Cluster 1, Occurrences: 1137
Cluster 2, Occurrences: 1189
Train Index: 3181
x_train: 3181
y_train: 3181
x_test: 353
y_test: 353
<torch.utils.data.dataloader.DataLoader object at 0x0000027F1C2C9AC8>
<torch.utils.data.dataloader.DataLoader object at 0x0000027F1C2C92B0>
Epoch [1/8]: mean_loss=0.0009759626486266945
Epoch [2/8]: mean_loss=0.0007316745004913261
Epoch [3/8]: mean_loss=0.0006725511258056388
Epoch [4/8]: mean_loss=0.000650323939991893
Epoch [5/8]: mean_loss=0.0006483510945839014
Epoch [6/8]: mean_loss=0.0006487300649931768
Epoch [7/8]: mean_loss=0.0006480945633763564
Epoch [8/8]: mean_loss=0.0006463343256493666
Number of Clusters: 3
Number of Samples after Autoencoder testing: 353
First Spike after testing: [5.3092947  0.22823642]
[2, 2, 2, 1, 2, 1, 0, 0, 1, 0, 0, 0, 2, 2, 1, 2, 2, 2, 1, 2, 2, 1, 0, 2, 1, 1, 2, 1, 2, 0, 0, 1, 2, 2, 0, 0, 2, 0, 0, 2, 1, 2, 1, 1, 2, 1, 2, 0, 0, 1, 2, 0, 2, 2, 1, 1, 1, 2, 1, 0, 2, 0, 1, 1, 0, 1, 2, 1, 1, 2, 2, 1, 2, 0, 2, 1, 2, 2, 1, 1, 1, 2, 0, 0, 0, 1, 2, 0, 0, 0, 2, 1, 0, 1, 0, 2, 1, 0, 2, 1, 0, 1, 1, 0, 2, 1, 2, 2, 0, 0, 2, 0, 2, 2, 0, 2, 0, 0, 2, 2, 0, 2, 0, 2, 0, 1, 0, 0, 0, 0, 2, 2, 0, 0, 1, 0, 1, 2, 0, 2, 1, 2, 0, 0, 1, 1, 1, 2, 0, 1, 1, 1, 0, 1, 2, 2, 1, 0, 1, 1, 2, 0, 0, 0, 0, 0, 0, 1, 2, 0, 2, 2, 2, 0, 2, 0, 1, 2, 0, 1, 2, 1, 2, 0, 1, 1, 0, 0, 2, 0, 1, 1, 1, 1, 2, 2, 1, 1, 1, 2, 0, 2, 0, 1, 2, 1, 0, 0, 2, 0, 2, 1, 0, 2, 0, 2, 0, 1, 0, 0, 0, 0, 1, 2, 2, 1, 1, 1, 2, 1, 0, 1, 1, 2, 2, 2, 2, 2, 2, 2, 0, 1, 2, 2, 2, 1, 0, 0, 1, 1, 0, 0, 2, 2, 1, 2, 2, 1, 2, 0, 0, 1, 2, 2, 2, 1, 0, 2, 0, 1, 0, 0, 1, 1, 0, 1, 2, 2, 2, 0, 2, 1, 2, 0, 2, 1, 1, 1, 0, 2, 1, 0, 0, 1, 2, 1, 0, 1, 0, 2, 2, 1, 1, 2, 1, 1, 1, 0, 1, 1, 1, 2, 0, 0, 1, 2, 0, 2, 2, 2, 1, 0, 1, 0, 1, 0, 2, 0, 2, 2, 1, 0, 1, 0, 2, 1, 0, 2, 0, 1, 1, 1, 1, 0, 1, 2, 2, 2, 0, 2, 2, 2, 1]
[0, 0, 0, 1, 0, 2, 3, 3, 1, 3, 3, 3, 0, 3, 1, 0, 3, 4, 1, 0, 0, 1, 3, 0, 1, 1, 0, 1, 0, 3, 3, 1, 0, 3, 3, 3, 0, 3, 3, 0, 2, 0, 1, 1, 0, 1, 0, 3, 3, 1, 0, 3, 0, 3, 1, 2, 1, 0, 1, 3, 0, 5, 1, 1, 3, 1, 0, 1, 1, 3, 4, 2, 0, 3, 0, 1, 0, 0, 2, 1, 1, 3, 3, 3, 5, 1, 0, 3, 3, 3, 0, 1, 3, 1, 3, 0, 2, 3, 3, 2, 3, 1, 1, 3, 3, 1, 0, 3, 5, 3, 0, 0, 3, 0, 5, 0, 0, 3, 3, 4, 3, 0, 5, 0, 3, 1, 3, 5, 3, 3, 0, 0, 5, 5, 1, 3, 2, 0, 3, 0, 2, 3, 3, 3, 2, 1, 1, 0, 3, 1, 1, 1, 4, 1, 0, 0, 1, 0, 1, 4, 0, 3, 3, 3, 4, 3, 3, 1, 0, 5, 0, 0, 0, 5, 0, 3, 1, 0, 3, 2, 3, 1, 0, 3, 2, 1, 5, 5, 0, 3, 1, 4, 1, 2, 3, 0, 1, 1, 1, 0, 3, 0, 4, 1, 0, 1, 5, 5, 0, 3, 0, 1, 5, 0, 5, 0, 5, 1, 5, 5, 5, 3, 4, 0, 0, 4, 1, 2, 0, 1, 3, 1, 2, 4, 0, 0, 0, 3, 0, 4, 4, 1, 0, 0, 0, 2, 5, 3, 1, 1, 5, 3, 3, 0, 4, 0, 0, 1, 0, 3, 4, 2, 0, 0, 0, 1, 5, 0, 0, 1, 3, 4, 1, 1, 3, 1, 0, 0, 0, 4, 3, 2, 3, 3, 0, 1, 1, 1, 3, 3, 1, 3, 5, 2, 0, 1, 5, 1, 3, 0, 0, 1, 1, 0, 1, 1, 2, 3, 1, 1, 1, 0, 3, 3, 1, 0, 5, 0, 0, 0, 2, 4, 2, 5, 1, 4, 3, 5, 0, 0, 2, 3, 1, 5, 3, 1, 5, 0, 3, 1, 1, 1, 2, 5, 2, 0, 0, 0, 3, 4, 0, 3, 4]
Centroids: [[0.7493125, 1.8304471], [-2.5294158, -2.978452], [3.3477104, 1.4019866]]
Centroids: [[3.6971269, 1.2713132], [-2.3734608, -2.6962323], [-3.7192457, -4.065631], [1.3544064, 1.9414732], [0.80429393, -0.9406474], [-0.27408767, 2.6515117]]
Contingency Matrix: 
[[ 4  0  0 68  9 31]
 [ 0 85 25  0  6  0]
 [97  0  0 22  6  0]]
[[4, 0, 0, 68, 9, 31], [0, 85, 25, 0, 6, 0], [97, 0, 0, 22, 6, 0]]
[[4, 0, 0, 68, 9, 31], [0, 85, 25, 0, 6, 0], [97, 0, 0, 22, 6, 0]]
[0, 1, 2, 3, 4, 5]
[[-1, 0, 0, 68, 9, 31], [-1, 85, 25, 0, 6, 0], [-1, -1, -1, -1, -1, -1]]
[[-1, -1, 0, 68, 9, 31], [-1, -1, -1, -1, -1, -1], [-1, -1, -1, -1, -1, -1]]
[[-1, -1, -1, -1, -1, -1], [-1, -1, -1, -1, -1, -1], [-1, -1, -1, -1, -1, -1]]
Match_Labels: {2: 0, 1: 1, 0: 3}
New Contingency Matrix: 
[[68  0  4  0  9 31]
 [ 0 85  0 25  6  0]
 [22  0 97  0  6  0]]
New Clustered Label Sequence: [3, 1, 0, 2, 4, 5]
Diagonal_Elements: [68, 85, 97], Sum: 250
All_Elements: [68, 0, 4, 0, 9, 31, 0, 85, 0, 25, 6, 0, 22, 0, 97, 0, 6, 0], Sum: 353
Accuracy: 0.7082152974504249
