Seed: 7
Experiment_path: AE_Model_2/Random_Seeds//V4/Experiment_04_7
Dataset_Path: ../_00_Datasets/03_SimDaten_Quiroga2020/C_Easy1_noise035.mat
Dataset_name: ['03_SimDaten_Quiroga2020', 'C_Easy1_noise035.mat']
Variant_name: Variant_04_Offline_Autoencoder_QLearning
Visualisation_Path: Random_Seeds//V4/Experiment_04_7/C_Easy1_noise035.mat/Variant_04_Offline_Autoencoder_QLearning/2023_04_21-16_00_58
Split Ratio: 0.9
Epochs: 8
Batch Size: 1
Input Size: 47
Number of Features: 2
Chosen Model: Convolutional Autoencoder
ConvolutionalAutoencoder(
  (encoder): Sequential(
    (0): Conv1d(1, 6, kernel_size=(6,), stride=(1,))
    (1): LeakyReLU(negative_slope=0.01)
    (2): Conv1d(6, 1, kernel_size=(6,), stride=(1,))
    (3): Flatten(start_dim=1, end_dim=-1)
    (4): Linear(in_features=37, out_features=2, bias=True)
  )
  (decoder): Sequential(
    (0): ConvTranspose1d(1, 6, kernel_size=(6,), stride=(1,))
    (1): LeakyReLU(negative_slope=0.01)
    (2): ConvTranspose1d(6, 1, kernel_size=(6,), stride=(1,))
    (3): Flatten(start_dim=1, end_dim=-1)
    (4): Linear(in_features=12, out_features=47, bias=True)
  )
)
MSELoss()
Adam (
Parameter Group 0
    amsgrad: False
    betas: (0.9, 0.999)
    capturable: False
    differentiable: False
    eps: 1e-08
    foreach: None
    fused: False
    lr: 0.001
    maximize: False
    weight_decay: 0
)
---Q Learning Parameters---
Normalisation: False
Punishment Coefficient: 1.5
Alpha: 0.8
Epsilon: 0.01
Gamma: 0.97
Initial Episode Number: 0
Episode Number Coefficient: 1.4
Number of Random Features: 20
Planning Number: 20
Max Random Features: 60
New Episode Number: 72
New Episode Number: 143
New Episode Number: 215
New Episode Number: 286
New Episode Number: 358
New Episode Number: 429
                  0       1       2       3       4       5       6
new_cluster -175.44 -196.45 -171.56 -179.93 -187.68 -174.64 -197.16
c1          -175.42 -200.32 -168.81 -182.05 -194.53 -170.00 -200.29
c2          -175.41 -195.77 -170.05 -180.92 -196.62 -169.35 -196.73
c3          -175.41 -196.39 -171.13 -178.57 -190.86 -170.09 -196.18
c4          -175.53 -193.99 -169.93 -180.23 -191.78 -171.22 -195.51
c5          -175.42 -192.14 -170.12 -180.99 -193.67 -173.85 -197.19
c6          -175.44 -195.04 -171.57 -179.01 -191.87 -170.52 -197.27
\begin{tabular}{lrrrrrrr}
\toprule
{} &       0 &       1 &       2 &       3 &       4 &       5 &       6 \\
\midrule
new\_cluster & -175.44 & -196.45 & -171.56 & -179.93 & -187.68 & -174.64 & -197.16 \\
c1          & -175.42 & -200.32 & -168.81 & -182.05 & -194.53 & -170.00 & -200.29 \\
c2          & -175.41 & -195.77 & -170.05 & -180.92 & -196.62 & -169.35 & -196.73 \\
c3          & -175.41 & -196.39 & -171.13 & -178.57 & -190.86 & -170.09 & -196.18 \\
c4          & -175.53 & -193.99 & -169.93 & -180.23 & -191.78 & -171.22 & -195.51 \\
c5          & -175.42 & -192.14 & -170.12 & -180.99 & -193.67 & -173.85 & -197.19 \\
c6          & -175.44 & -195.04 & -171.57 & -179.01 & -191.87 & -170.52 & -197.27 \\
\bottomrule
\end{tabular}

                               0             1  ...            5             6
new_cluster  [-9.0, new_cluster]   [-31.7, c1]  ...  [-8.18, c5]  [-28.37, c6]
c1           [-9.0, new_cluster]  [-34.46, c1]  ...   [-4.3, c5]  [-34.76, c6]
c2           [-9.0, new_cluster]  [-31.98, c1]  ...  [-3.48, c5]  [-31.09, c6]
c3           [-9.0, new_cluster]  [-31.62, c1]  ...  [-4.43, c5]  [-30.73, c6]
c4           [-9.0, new_cluster]  [-29.37, c1]  ...  [-5.39, c5]  [-29.91, c6]
c5           [-9.0, new_cluster]  [-28.35, c1]  ...  [-8.24, c5]  [-31.65, c6]
c6           [-9.0, new_cluster]  [-31.12, c1]  ...  [-5.15, c5]  [-31.85, c6]

[7 rows x 7 columns]
\begin{tabular}{llllllll}
\toprule
{} &                    0 &             1 &            2 &             3 &             4 &            5 &             6 \\
\midrule
new\_cluster &  [-9.0, new\_cluster] &   [-31.7, c1] &  [-6.12, c2] &   [-14.9, c3] &   [-22.7, c4] &  [-8.18, c5] &  [-28.37, c6] \\
c1          &  [-9.0, new\_cluster] &  [-34.46, c1] &  [-4.53, c2] &  [-17.09, c3] &  [-28.76, c4] &   [-4.3, c5] &  [-34.76, c6] \\
c2          &  [-9.0, new\_cluster] &  [-31.98, c1] &  [-5.62, c2] &  [-15.74, c3] &  [-31.63, c4] &  [-3.48, c5] &  [-31.09, c6] \\
c3          &  [-9.0, new\_cluster] &  [-31.62, c1] &   [-6.0, c2] &  [-13.45, c3] &  [-25.87, c4] &  [-4.43, c5] &  [-30.73, c6] \\
c4          &  [-9.0, new\_cluster] &  [-29.37, c1] &  [-5.62, c2] &  [-15.25, c3] &   [-26.7, c4] &  [-5.39, c5] &  [-29.91, c6] \\
c5          &  [-9.0, new\_cluster] &  [-28.35, c1] &  [-5.68, c2] &  [-16.03, c3] &  [-28.11, c4] &  [-8.24, c5] &  [-31.65, c6] \\
c6          &  [-9.0, new\_cluster] &  [-31.12, c1] &  [-6.07, c2] &  [-13.92, c3] &  [-26.79, c4] &  [-5.15, c5] &  [-31.85, c6] \\
\bottomrule
\end{tabular}

