Seed: 7
Experiment_path: AE_Model_1/Random_Seeds_DV5//V5_1/Experiment_05_7_opt
Dataset_Path: ../_00_Datasets/03_SimDaten_Quiroga2020/C_Easy1_noise025.mat
Dataset_name: ['03_SimDaten_Quiroga2020', 'C_Easy1_noise025.mat']
Variant_name: Variant_05_Online_Autoencoder_QLearning_opt
Visualisation_Path: AE_Model_1/Random_Seeds_DV5//V5_1/Experiment_05_7_opt/C_Easy1_noise025.mat/Variant_05_Online_Autoencoder_QLearning_opt/2023_04_24-16_56_28
Normalisation: False
Template Matching: False
Optimising Autoencoder: True
Update Factor: 1
Noisy Batches: False
Noisy Factor: 0.1
Epochs: 8
Batch Size: 1
maximal Spikes for Autoencoder Training : 700
maximal Spikes for Training: 1000
Input Size: 47
Chosen Model: Autoencoder
Autoencoder(
  (encoder): Sequential(
    (0): Linear(in_features=47, out_features=12, bias=True)
    (1): LeakyReLU(negative_slope=0.01)
    (2): Linear(in_features=12, out_features=2, bias=True)
  )
  (decoder): Sequential(
    (0): Linear(in_features=2, out_features=12, bias=True)
    (1): LeakyReLU(negative_slope=0.01)
    (2): Linear(in_features=12, out_features=47, bias=True)
  )
)
MSELoss()
Adam (
Parameter Group 0
    amsgrad: False
    betas: (0.9, 0.999)
    capturable: False
    differentiable: False
    eps: 1e-08
    foreach: None
    fused: False
    lr: 0.001
    maximize: False
    weight_decay: 0
)
---Q Learning Parameters---
Normalisation: False
Punishment Coefficient: 0.8
Alpha: 0.8
Epsilon: 0.01
Gamma: 0.97
Initial Episode Number: 0
Episode Number Coefficient: 1.4
Number of Random Features: 20
Planning Number: 20
Max Random Features: 60
New Episode Number: 72
New Episode Number: 143
New Episode Number: 215
New Episode Number: 286
New Episode Number: 358
New Episode Number: 429
                0     1      2      3      4      5     6
new_cluster -9.62 -9.14 -11.97 -18.61 -20.13 -16.62 -7.28
c1          -9.62 -9.44 -11.63 -18.56 -19.02 -16.21 -7.28
c2          -9.62 -9.49 -12.48 -19.30 -20.84 -16.44 -7.28
c3          -9.62 -9.14 -12.93 -19.16 -19.69 -16.16 -7.28
c4          -9.62 -9.76 -12.73 -19.13 -20.05 -16.00 -7.28
c5          -9.62 -9.43 -12.56 -19.07 -18.87 -17.06 -7.28
c6          -9.62 -9.81 -11.87 -18.70 -19.80 -16.64 -7.28
\begin{tabular}{lrrrrrrr}
\toprule
{} &     0 &     1 &      2 &      3 &      4 &      5 &     6 \\
\midrule
new\_cluster & -9.62 & -9.14 & -11.97 & -18.61 & -20.13 & -16.62 & -7.28 \\
c1          & -9.62 & -9.44 & -11.63 & -18.56 & -19.02 & -16.21 & -7.28 \\
c2          & -9.62 & -9.49 & -12.48 & -19.30 & -20.84 & -16.44 & -7.28 \\
c3          & -9.62 & -9.14 & -12.93 & -19.16 & -19.69 & -16.16 & -7.28 \\
c4          & -9.62 & -9.76 & -12.73 & -19.13 & -20.05 & -16.00 & -7.28 \\
c5          & -9.62 & -9.43 & -12.56 & -19.07 & -18.87 & -17.06 & -7.28 \\
c6          & -9.62 & -9.81 & -11.87 & -18.70 & -19.80 & -16.64 & -7.28 \\
\bottomrule
\end{tabular}

                                0            1  ...            5            6
new_cluster  [-2.56, new_cluster]  [-2.07, c1]  ...  [-9.56, c5]  [-0.22, c6]
c1           [-2.56, new_cluster]  [-2.37, c1]  ...  [-9.15, c5]  [-0.22, c6]
c2           [-2.56, new_cluster]  [-2.43, c1]  ...  [-9.37, c5]  [-0.22, c6]
c3           [-2.56, new_cluster]  [-2.08, c1]  ...  [-9.09, c5]  [-0.22, c6]
c4           [-2.56, new_cluster]   [-2.7, c1]  ...  [-8.94, c5]  [-0.22, c6]
c5           [-2.56, new_cluster]  [-2.36, c1]  ...  [-10.0, c5]  [-0.22, c6]
c6           [-2.56, new_cluster]  [-2.75, c1]  ...  [-9.58, c5]  [-0.22, c6]

[7 rows x 7 columns]
\begin{tabular}{llllllll}
\toprule
{} &                     0 &            1 &            2 &             3 &             4 &            5 &            6 \\
\midrule
new\_cluster &  [-2.56, new\_cluster] &  [-2.07, c1] &  [-4.91, c2] &  [-11.54, c3] &  [-13.07, c4] &  [-9.56, c5] &  [-0.22, c6] \\
c1          &  [-2.56, new\_cluster] &  [-2.37, c1] &  [-4.57, c2] &   [-11.5, c3] &  [-11.96, c4] &  [-9.15, c5] &  [-0.22, c6] \\
c2          &  [-2.56, new\_cluster] &  [-2.43, c1] &  [-5.42, c2] &  [-12.24, c3] &  [-13.78, c4] &  [-9.37, c5] &  [-0.22, c6] \\
c3          &  [-2.56, new\_cluster] &  [-2.08, c1] &  [-5.87, c2] &   [-12.1, c3] &  [-12.63, c4] &  [-9.09, c5] &  [-0.22, c6] \\
c4          &  [-2.56, new\_cluster] &   [-2.7, c1] &  [-5.67, c2] &  [-12.07, c3] &  [-12.99, c4] &  [-8.94, c5] &  [-0.22, c6] \\
c5          &  [-2.56, new\_cluster] &  [-2.36, c1] &   [-5.5, c2] &  [-12.01, c3] &   [-11.8, c4] &  [-10.0, c5] &  [-0.22, c6] \\
c6          &  [-2.56, new\_cluster] &  [-2.75, c1] &   [-4.8, c2] &  [-11.64, c3] &  [-12.73, c4] &  [-9.58, c5] &  [-0.22, c6] \\
\bottomrule
\end{tabular}

