Seed: 1
Experiment_path: AE_Model_2/Random_Seeds_DV5//V5_1/Experiment_05_1_opt
Dataset_Path: ../_00_Datasets/03_SimDaten_Quiroga2020/C_Difficult1_noise010.mat
Dataset_name: ['03_SimDaten_Quiroga2020', 'C_Difficult1_noise010.mat']
Variant_name: Variant_05_Online_Autoencoder_QLearning_opt
Visualisation_Path: AE_Model_2/Random_Seeds_DV5//V5_1/Experiment_05_1_opt/C_Difficult1_noise010.mat/Variant_05_Online_Autoencoder_QLearning_opt/2023_04_23-12_04_36
Normalisation: False
Template Matching: False
Optimising Autoencoder: True
Update Factor: 1
Noisy Batches: False
Noisy Factor: 0.1
Epochs: 8
Batch Size: 1
maximal Spikes for Autoencoder Training : 700
maximal Spikes for Training: 1000
Input Size: 47
Chosen Model: Convolutional Autoencoder
ConvolutionalAutoencoder(
  (encoder): Sequential(
    (0): Conv1d(1, 6, kernel_size=(6,), stride=(1,))
    (1): LeakyReLU(negative_slope=0.01)
    (2): Conv1d(6, 1, kernel_size=(6,), stride=(1,))
    (3): Flatten(start_dim=1, end_dim=-1)
    (4): Linear(in_features=37, out_features=2, bias=True)
  )
  (decoder): Sequential(
    (0): ConvTranspose1d(1, 6, kernel_size=(6,), stride=(1,))
    (1): LeakyReLU(negative_slope=0.01)
    (2): ConvTranspose1d(6, 1, kernel_size=(6,), stride=(1,))
    (3): Flatten(start_dim=1, end_dim=-1)
    (4): Linear(in_features=12, out_features=47, bias=True)
  )
)
MSELoss()
Adam (
Parameter Group 0
    amsgrad: False
    betas: (0.9, 0.999)
    capturable: False
    differentiable: False
    eps: 1e-08
    foreach: None
    fused: False
    lr: 0.001
    maximize: False
    weight_decay: 0
)
---Q Learning Parameters---
Normalisation: False
Punishment Coefficient: 0.5
Alpha: 0.8
Epsilon: 0.01
Gamma: 0.97
Initial Episode Number: 0
Episode Number Coefficient: 1.4
Number of Random Features: 20
Planning Number: 20
Max Random Features: 60
New Episode Number: 72
New Episode Number: 143
New Episode Number: 215
New Episode Number: 286
New Episode Number: 358
New Episode Number: 429
New Episode Number: 500
New Episode Number: 572
New Episode Number: 643
New Episode Number: 715
New Episode Number: 786
New Episode Number: 858
New Episode Number: 929
New Episode Number: 1000
               0     1     2     3      4   ...    10    11    12     13    14
new_cluster -7.25 -9.08 -7.98 -6.31 -10.08  ... -6.79 -8.24 -6.56  -9.37 -6.81
c1          -7.28 -9.20 -8.19 -6.22  -9.51  ... -6.82 -8.14 -6.65  -9.61 -6.82
c2          -7.15 -9.38 -8.35 -6.17  -9.27  ... -6.84 -8.36 -6.51  -9.77 -6.81
c3          -7.12 -9.58 -8.23 -6.21  -9.75  ... -6.69 -8.20 -6.83 -10.21 -6.82
c4          -7.13 -9.15 -8.22 -6.22  -9.52  ... -6.77 -8.45 -6.74 -10.25 -6.82
c5          -7.13 -9.85 -8.33 -6.08  -9.05  ... -6.78 -8.38 -6.57  -9.15 -6.81
c6          -7.15 -9.69 -8.18 -6.30  -9.79  ... -6.79 -8.44 -6.73  -8.88 -6.81
c7          -7.25 -9.62 -8.07 -6.04  -9.17  ... -6.63 -8.39 -6.64  -8.86 -6.80
c8          -7.15 -9.64 -8.25 -6.17  -9.19  ... -6.80 -8.59 -6.70  -9.63 -6.81
c9          -7.28 -9.39 -8.40 -6.24  -9.48  ... -6.84 -8.27 -6.56  -9.93 -6.80
c10         -7.25 -9.64 -8.23 -6.24  -9.38  ... -6.88 -8.29 -6.92 -10.34 -6.82
c11         -7.13 -9.39 -8.31 -6.16  -9.15  ... -6.79 -8.51 -6.73  -9.73 -6.80
c12         -7.15 -9.22 -7.97 -6.28  -9.38  ... -6.78 -8.38 -6.74  -9.15 -6.85
c13         -7.28 -8.64 -8.15 -6.14  -8.80  ... -6.84 -8.46  0.00   0.00 -6.82
c14         -7.13 -9.35 -8.45 -6.39  -8.90  ... -6.89 -8.39 -6.69  -9.42 -6.82

[15 rows x 15 columns]
\begin{tabular}{lrrrrrrrrrrrrrrr}
\toprule
{} &    0  &    1  &    2  &    3  &     4  &     5  &    6  &     7  &     8  &    9  &    10 &    11 &    12 &     13 &    14 \\
\midrule
new\_cluster & -7.25 & -9.08 & -7.98 & -6.31 & -10.08 & -10.48 & -6.51 & -21.29 & -12.51 & -8.02 & -6.79 & -8.24 & -6.56 &  -9.37 & -6.81 \\
c1          & -7.28 & -9.20 & -8.19 & -6.22 &  -9.51 & -10.55 & -6.43 & -20.64 & -12.90 & -7.96 & -6.82 & -8.14 & -6.65 &  -9.61 & -6.82 \\
c2          & -7.15 & -9.38 & -8.35 & -6.17 &  -9.27 & -10.49 & -6.40 & -21.03 & -12.53 & -7.80 & -6.84 & -8.36 & -6.51 &  -9.77 & -6.81 \\
c3          & -7.12 & -9.58 & -8.23 & -6.21 &  -9.75 & -10.32 & -6.60 & -20.92 & -12.37 & -7.79 & -6.69 & -8.20 & -6.83 & -10.21 & -6.82 \\
c4          & -7.13 & -9.15 & -8.22 & -6.22 &  -9.52 & -10.89 & -6.66 & -21.62 & -11.95 & -8.15 & -6.77 & -8.45 & -6.74 & -10.25 & -6.82 \\
c5          & -7.13 & -9.85 & -8.33 & -6.08 &  -9.05 & -10.50 & -6.48 & -22.10 & -13.20 & -7.73 & -6.78 & -8.38 & -6.57 &  -9.15 & -6.81 \\
c6          & -7.15 & -9.69 & -8.18 & -6.30 &  -9.79 & -10.29 & -6.51 & -20.71 & -12.72 & -7.62 & -6.79 & -8.44 & -6.73 &  -8.88 & -6.81 \\
c7          & -7.25 & -9.62 & -8.07 & -6.04 &  -9.17 & -10.84 & -6.42 & -21.66 & -12.33 & -8.06 & -6.63 & -8.39 & -6.64 &  -8.86 & -6.80 \\
c8          & -7.15 & -9.64 & -8.25 & -6.17 &  -9.19 & -10.50 & -6.39 & -20.68 & -12.86 & -7.78 & -6.80 & -8.59 & -6.70 &  -9.63 & -6.81 \\
c9          & -7.28 & -9.39 & -8.40 & -6.24 &  -9.48 & -10.40 & -6.38 & -20.75 & -12.51 & -8.02 & -6.84 & -8.27 & -6.56 &  -9.93 & -6.80 \\
c10         & -7.25 & -9.64 & -8.23 & -6.24 &  -9.38 & -11.04 & -6.35 & -21.59 & -12.58 & -7.87 & -6.88 & -8.29 & -6.92 & -10.34 & -6.82 \\
c11         & -7.13 & -9.39 & -8.31 & -6.16 &  -9.15 & -10.55 & -6.56 & -21.44 & -12.72 & -7.76 & -6.79 & -8.51 & -6.73 &  -9.73 & -6.80 \\
c12         & -7.15 & -9.22 & -7.97 & -6.28 &  -9.38 & -10.59 & -6.36 & -21.20 & -13.02 & -7.81 & -6.78 & -8.38 & -6.74 &  -9.15 & -6.85 \\
c13         & -7.28 & -8.64 & -8.15 & -6.14 &  -8.80 & -10.46 & -6.40 & -21.55 & -12.33 & -7.91 & -6.84 & -8.46 &  0.00 &   0.00 & -6.82 \\
c14         & -7.13 & -9.35 & -8.45 & -6.39 &  -8.90 & -10.67 & -6.51 & -22.01 & -13.07 & -8.11 & -6.89 & -8.39 & -6.69 &  -9.42 & -6.82 \\
\bottomrule
\end{tabular}

                              0            1   ...             13            14
new_cluster  [-1.0, new_cluster]  [-3.05, c1]  ...   [-9.37, c13]  [-0.62, c14]
c1           [-1.0, new_cluster]  [-3.14, c1]  ...   [-9.61, c13]  [-0.62, c14]
c2           [-1.0, new_cluster]  [-3.24, c1]  ...   [-9.77, c13]  [-0.62, c14]
c3           [-1.0, new_cluster]  [-3.45, c1]  ...  [-10.21, c13]  [-0.62, c14]
c4           [-1.0, new_cluster]  [-3.11, c1]  ...  [-10.25, c13]  [-0.62, c14]
c5           [-1.0, new_cluster]  [-3.72, c1]  ...   [-9.15, c13]  [-0.62, c14]
c6           [-1.0, new_cluster]  [-3.55, c1]  ...   [-8.88, c13]  [-0.62, c14]
c7           [-1.0, new_cluster]  [-3.51, c1]  ...   [-8.86, c13]  [-0.62, c14]
c8           [-1.0, new_cluster]   [-3.5, c1]  ...   [-9.63, c13]  [-0.62, c14]
c9           [-1.0, new_cluster]  [-3.38, c1]  ...   [-9.93, c13]  [-0.62, c14]
c10          [-1.0, new_cluster]  [-3.58, c1]  ...  [-10.34, c13]  [-0.62, c14]
c11          [-1.0, new_cluster]  [-3.26, c1]  ...   [-9.73, c13]  [-0.62, c14]
c12          [-1.0, new_cluster]   [-3.1, c1]  ...   [-9.15, c13]  [-0.62, c14]
c13          [-1.0, new_cluster]   [-2.6, c1]  ...          [0, ]  [-0.62, c14]
c14          [-1.0, new_cluster]  [-3.22, c1]  ...   [-9.42, c13]  [-0.62, c14]

[15 rows x 15 columns]
\begin{tabular}{llllllllllllllll}
\toprule
{} &                   0  &           1  &           2  &           3  &           4  &           5  &           6  &            7  &           8  &           9  &            10 &            11 &            12 &             13 &            14 \\
\midrule
new\_cluster &  [-1.0, new\_cluster] &  [-3.05, c1] &  [-1.97, c2] &  [-0.27, c3] &  [-4.02, c4] &  [-4.53, c5] &  [-0.34, c6] &  [-15.22, c7] &  [-6.49, c8] &  [-1.89, c9] &  [-0.74, c10] &  [-2.27, c11] &  [-0.49, c12] &   [-9.37, c13] &  [-0.62, c14] \\
c1          &  [-1.0, new\_cluster] &  [-3.14, c1] &  [-2.13, c2] &  [-0.19, c3] &  [-3.46, c4] &  [-4.61, c5] &  [-0.31, c6] &  [-14.77, c7] &  [-6.74, c8] &  [-1.82, c9] &  [-0.75, c10] &  [-2.11, c11] &  [-0.51, c12] &   [-9.61, c13] &  [-0.62, c14] \\
c2          &  [-1.0, new\_cluster] &  [-3.24, c1] &  [-2.27, c2] &   [-0.2, c3] &  [-3.27, c4] &  [-4.54, c5] &  [-0.29, c6] &  [-15.14, c7] &  [-6.52, c8] &  [-1.66, c9] &  [-0.77, c10] &  [-2.38, c11] &  [-0.45, c12] &   [-9.77, c13] &  [-0.62, c14] \\
c3          &  [-1.0, new\_cluster] &  [-3.45, c1] &  [-2.21, c2] &  [-0.19, c3] &  [-3.61, c4] &  [-4.27, c5] &  [-0.44, c6] &  [-14.91, c7] &  [-6.34, c8] &  [-1.65, c9] &  [-0.64, c10] &  [-2.23, c11] &  [-0.66, c12] &  [-10.21, c13] &  [-0.62, c14] \\
c4          &  [-1.0, new\_cluster] &  [-3.11, c1] &  [-2.16, c2] &   [-0.2, c3] &  [-3.46, c4] &  [-4.82, c5] &  [-0.35, c6] &  [-15.72, c7] &  [-5.92, c8] &  [-2.01, c9] &  [-0.73, c10] &  [-2.41, c11] &   [-0.6, c12] &  [-10.25, c13] &  [-0.62, c14] \\
c5          &  [-1.0, new\_cluster] &  [-3.72, c1] &  [-2.33, c2] &  [-0.12, c3] &  [-2.99, c4] &   [-4.4, c5] &  [-0.22, c6] &  [-16.01, c7] &  [-7.05, c8] &   [-1.6, c9] &  [-0.72, c10] &  [-2.41, c11] &   [-0.5, c12] &   [-9.15, c13] &  [-0.62, c14] \\
c6          &  [-1.0, new\_cluster] &  [-3.55, c1] &   [-2.1, c2] &  [-0.33, c3] &  [-3.67, c4] &  [-4.34, c5] &  [-0.36, c6] &  [-14.71, c7] &  [-6.69, c8] &   [-1.5, c9] &  [-0.75, c10] &  [-2.46, c11] &  [-0.55, c12] &   [-8.88, c13] &  [-0.62, c14] \\
c7          &  [-1.0, new\_cluster] &  [-3.51, c1] &  [-1.99, c2] &  [-0.15, c3] &  [-3.04, c4] &  [-4.79, c5] &  [-0.33, c6] &  [-15.58, c7] &  [-6.33, c8] &  [-1.92, c9] &  [-0.57, c10] &  [-2.41, c11] &  [-0.55, c12] &   [-8.86, c13] &  [-0.62, c14] \\
c8          &  [-1.0, new\_cluster] &   [-3.5, c1] &  [-2.21, c2] &  [-0.22, c3] &  [-3.19, c4] &  [-4.53, c5] &  [-0.27, c6] &  [-14.82, c7] &  [-6.73, c8] &  [-1.73, c9] &  [-0.67, c10] &  [-2.61, c11] &  [-0.51, c12] &   [-9.63, c13] &  [-0.62, c14] \\
c9          &  [-1.0, new\_cluster] &  [-3.38, c1] &  [-2.32, c2] &  [-0.19, c3] &  [-3.47, c4] &  [-4.43, c5] &  [-0.27, c6] &  [-14.68, c7] &  [-6.41, c8] &  [-1.95, c9] &  [-0.84, c10] &  [-2.29, c11] &  [-0.47, c12] &   [-9.93, c13] &  [-0.62, c14] \\
c10         &  [-1.0, new\_cluster] &  [-3.58, c1] &  [-2.14, c2] &  [-0.23, c3] &  [-3.32, c4] &  [-5.06, c5] &  [-0.24, c6] &  [-15.53, c7] &  [-6.56, c8] &  [-1.74, c9] &  [-0.87, c10] &  [-2.25, c11] &  [-0.73, c12] &  [-10.34, c13] &  [-0.62, c14] \\
c11         &  [-1.0, new\_cluster] &  [-3.26, c1] &  [-2.24, c2] &  [-0.15, c3] &  [-3.09, c4] &  [-4.49, c5] &  [-0.26, c6] &  [-15.56, c7] &  [-6.71, c8] &  [-1.63, c9] &  [-0.72, c10] &  [-2.52, c11] &  [-0.64, c12] &   [-9.73, c13] &  [-0.62, c14] \\
c12         &  [-1.0, new\_cluster] &   [-3.1, c1] &  [-1.91, c2] &  [-0.26, c3] &  [-3.26, c4] &  [-4.55, c5] &   [-0.2, c6] &  [-15.19, c7] &  [-7.01, c8] &  [-1.69, c9] &  [-0.73, c10] &   [-2.4, c11] &  [-0.65, c12] &   [-9.15, c13] &  [-0.62, c14] \\
c13         &  [-1.0, new\_cluster] &   [-2.6, c1] &  [-2.08, c2] &  [-0.22, c3] &   [-2.8, c4] &  [-4.49, c5] &  [-0.29, c6] &  [-15.47, c7] &  [-6.34, c8] &  [-1.79, c9] &  [-0.77, c10] &  [-2.47, c11] &         [0, ] &          [0, ] &  [-0.62, c14] \\
c14         &  [-1.0, new\_cluster] &  [-3.22, c1] &  [-2.38, c2] &  [-0.23, c3] &  [-2.84, c4] &  [-4.77, c5] &  [-0.42, c6] &  [-15.95, c7] &  [-6.92, c8] &  [-1.97, c9] &  [-0.84, c10] &  [-2.41, c11] &   [-0.5, c12] &   [-9.42, c13] &  [-0.62, c14] \\
\bottomrule
\end{tabular}

