Seed: 0
Experiment_path: Experiment_08
Dataset_Path: ../_00_Datasets/03_SimDaten_Quiroga2020/C_Easy2_noise020.mat
Dataset_name: ['03_SimDaten_Quiroga2020', 'C_Easy2_noise020.mat']
Variant_name: Variant_05_Online_Autoencoder_QLearning_opt_temp_noisy
Visualisation_Path: AE_Model_2/Grid_Search_PC//V5_3/C_Easy2_noise020.mat/Variant_05_Online_Autoencoder_QLearning_opt_temp_noisy/2023_05_04-05_58_06
Normalisation: False
Template Matching: True
Optimising Autoencoder: True
Update Factor: 1
Noisy Batches: True
Noisy Factor: 0.001
Epochs: 8
Batch Size: 1
maximal Spikes for Autoencoder Training : 700
maximal Spikes for Training: 1000
Input Size: 47
Chosen Model: Convolutional Autoencoder
ConvolutionalAutoencoder(
  (encoder): Sequential(
    (0): Conv1d(1, 6, kernel_size=(6,), stride=(1,))
    (1): LeakyReLU(negative_slope=0.01)
    (2): Conv1d(6, 1, kernel_size=(6,), stride=(1,))
    (3): Flatten(start_dim=1, end_dim=-1)
    (4): Linear(in_features=37, out_features=2, bias=True)
  )
  (decoder): Sequential(
    (0): ConvTranspose1d(1, 6, kernel_size=(6,), stride=(1,))
    (1): LeakyReLU(negative_slope=0.01)
    (2): ConvTranspose1d(6, 1, kernel_size=(6,), stride=(1,))
    (3): Flatten(start_dim=1, end_dim=-1)
    (4): Linear(in_features=12, out_features=47, bias=True)
  )
)
MSELoss()
Adam (
Parameter Group 0
    amsgrad: False
    betas: (0.9, 0.999)
    capturable: False
    differentiable: False
    eps: 1e-08
    foreach: None
    fused: False
    lr: 0.001
    maximize: False
    weight_decay: 0
)
---Q Learning Parameters---
Normalisation: False
Punishment Coefficient: 0.8
Alpha: 0.8
Epsilon: 0.01
Gamma: 0.97
Initial Episode Number: 0
Episode Number Coefficient: 1.4
Number of Random Features: 20
Planning Number: 20
Max Random Features: 60
New Episode Number: 72
New Episode Number: 143
New Episode Number: 215
New Episode Number: 286
New Episode Number: 358
New Episode Number: 429
New Episode Number: 500
New Episode Number: 572
New Episode Number: 643
New Episode Number: 715
New Episode Number: 786
New Episode Number: 858
New Episode Number: 929
               0     1     2      3      4   ...    9      10     11     12    13
new_cluster -5.37 -3.03 -5.39 -17.26 -10.52  ... -8.62 -17.40 -36.93 -21.20 -5.38
c1          -5.40 -3.12 -5.08 -15.97 -10.25  ... -8.73 -16.64 -36.93 -21.37 -5.40
c2          -5.52 -2.92 -4.92 -16.88 -10.74  ... -8.71 -17.01 -36.93 -20.35 -5.39
c3          -5.52 -2.83 -4.98 -17.85 -11.56  ... -8.68 -17.39 -36.95 -21.84 -5.44
c4          -5.36 -3.04 -5.80 -15.33 -10.54  ... -8.70 -17.62 -36.93 -20.95 -5.38
c5          -5.37 -2.92 -5.54 -17.36 -10.39  ... -9.01 -16.75 -36.93 -21.52 -5.40
c6          -5.36 -2.86 -5.05 -15.66 -10.66  ... -8.69 -17.04 -36.93 -20.80 -5.44
c7          -5.37 -3.00 -5.60 -18.68 -10.02  ... -8.38 -16.24 -36.93 -21.13 -5.44
c8          -5.52 -3.11 -5.28 -18.00 -10.98  ... -8.90 -17.95 -36.94 -20.68 -5.40
c9          -5.52 -2.93 -4.92 -17.90 -10.29  ... -8.75 -17.42 -36.93 -21.29 -5.44
c10         -5.32 -3.02 -5.54 -15.39 -10.50  ... -8.14 -17.59 -36.93 -20.47 -5.45
c11         -5.40 -2.94 -5.45 -15.07  -9.30  ... -8.70 -16.05 -36.93 -21.38 -5.38
c12         -5.52 -3.04 -5.44 -16.88 -11.16  ... -9.13 -16.43 -36.93 -21.66 -5.44
c13         -5.39 -3.04 -5.63 -17.08 -11.28  ... -8.77 -17.43 -36.93 -20.61 -5.44

[14 rows x 14 columns]
\begin{tabular}{lrrrrrrrrrrrrrr}
\toprule
{} &    0  &    1  &    2  &     3  &     4  &    5  &     6  &     7  &     8  &    9  &     10 &     11 &     12 &    13 \\
\midrule
new\_cluster & -5.37 & -3.03 & -5.39 & -17.26 & -10.52 & -4.65 & -11.36 & -17.58 & -11.00 & -8.62 & -17.40 & -36.93 & -21.20 & -5.38 \\
c1          & -5.40 & -3.12 & -5.08 & -15.97 & -10.25 & -4.50 & -10.71 & -16.26 & -11.07 & -8.73 & -16.64 & -36.93 & -21.37 & -5.40 \\
c2          & -5.52 & -2.92 & -4.92 & -16.88 & -10.74 & -4.34 & -11.35 & -17.79 & -10.53 & -8.71 & -17.01 & -36.93 & -20.35 & -5.39 \\
c3          & -5.52 & -2.83 & -4.98 & -17.85 & -11.56 & -4.20 & -11.27 & -17.35 & -10.12 & -8.68 & -17.39 & -36.95 & -21.84 & -5.44 \\
c4          & -5.36 & -3.04 & -5.80 & -15.33 & -10.54 & -4.17 & -12.57 & -15.93 & -10.24 & -8.70 & -17.62 & -36.93 & -20.95 & -5.38 \\
c5          & -5.37 & -2.92 & -5.54 & -17.36 & -10.39 & -4.12 & -10.88 & -18.49 & -11.96 & -9.01 & -16.75 & -36.93 & -21.52 & -5.40 \\
c6          & -5.36 & -2.86 & -5.05 & -15.66 & -10.66 & -4.36 & -11.76 & -17.13 & -10.22 & -8.69 & -17.04 & -36.93 & -20.80 & -5.44 \\
c7          & -5.37 & -3.00 & -5.60 & -18.68 & -10.02 & -3.69 & -10.16 & -18.84 & -10.68 & -8.38 & -16.24 & -36.93 & -21.13 & -5.44 \\
c8          & -5.52 & -3.11 & -5.28 & -18.00 & -10.98 & -4.64 & -12.66 & -18.56 & -11.00 & -8.90 & -17.95 & -36.94 & -20.68 & -5.40 \\
c9          & -5.52 & -2.93 & -4.92 & -17.90 & -10.29 & -3.94 & -10.42 & -17.98 & -10.58 & -8.75 & -17.42 & -36.93 & -21.29 & -5.44 \\
c10         & -5.32 & -3.02 & -5.54 & -15.39 & -10.50 & -4.40 & -11.98 & -17.07 & -11.27 & -8.14 & -17.59 & -36.93 & -20.47 & -5.45 \\
c11         & -5.40 & -2.94 & -5.45 & -15.07 &  -9.30 & -4.32 & -11.94 & -18.09 & -10.53 & -8.70 & -16.05 & -36.93 & -21.38 & -5.38 \\
c12         & -5.52 & -3.04 & -5.44 & -16.88 & -11.16 & -3.99 & -12.92 & -19.27 & -10.42 & -9.13 & -16.43 & -36.93 & -21.66 & -5.44 \\
c13         & -5.39 & -3.04 & -5.63 & -17.08 & -11.28 & -4.18 & -12.55 & -17.05 & -10.57 & -8.77 & -17.43 & -36.93 & -20.61 & -5.44 \\
\bottomrule
\end{tabular}

                               0            1   ...             12            13
new_cluster  [-2.56, new_cluster]  [-0.04, c1]  ...  [-18.26, c12]  [-2.43, c13]
c1           [-2.56, new_cluster]  [-0.09, c1]  ...  [-18.43, c12]  [-2.43, c13]
c2           [-2.56, new_cluster]  [-0.03, c1]  ...   [-17.4, c12]  [-2.43, c13]
c3           [-2.56, new_cluster]  [-0.03, c1]  ...  [-18.92, c12]  [-2.43, c13]
c4           [-2.56, new_cluster]  [-0.05, c1]  ...  [-17.99, c12]  [-2.43, c13]
c5           [-2.56, new_cluster]  [-0.07, c1]  ...  [-18.62, c12]  [-2.43, c13]
c6           [-2.56, new_cluster]   [-0.0, c1]  ...  [-17.86, c12]  [-2.43, c13]
c7           [-2.56, new_cluster]  [-0.15, c1]  ...  [-18.19, c12]  [-2.43, c13]
c8           [-2.56, new_cluster]  [-0.22, c1]  ...  [-17.83, c12]  [-2.43, c13]
c9           [-2.56, new_cluster]  [-0.03, c1]  ...  [-18.37, c12]  [-2.43, c13]
c10          [-2.56, new_cluster]  [-0.14, c1]  ...   [-17.6, c12]  [-2.43, c13]
c11          [-2.56, new_cluster]  [-0.03, c1]  ...  [-18.44, c12]  [-2.43, c13]
c12          [-2.56, new_cluster]  [-0.14, c1]  ...  [-18.72, c12]  [-2.43, c13]
c13          [-2.56, new_cluster]  [-0.17, c1]  ...  [-17.68, c12]  [-2.43, c13]

[14 rows x 14 columns]
\begin{tabular}{lllllllllllllll}
\toprule
{} &                    0  &           1  &           2  &            3  &           4  &           5  &            6  &            7  &           8  &           9  &             10 &             11 &             12 &            13 \\
\midrule
new\_cluster &  [-2.56, new\_cluster] &  [-0.04, c1] &  [-2.56, c2] &  [-14.51, c3] &  [-7.61, c4] &  [-1.79, c5] &   [-8.61, c6] &  [-14.66, c7] &  [-7.94, c8] &  [-5.78, c9] &  [-14.46, c10] &  [-34.08, c11] &  [-18.26, c12] &  [-2.43, c13] \\
c1          &  [-2.56, new\_cluster] &  [-0.09, c1] &  [-2.25, c2] &  [-13.21, c3] &  [-7.43, c4] &  [-1.64, c5] &   [-7.94, c6] &  [-13.35, c7] &  [-8.01, c8] &  [-5.88, c9] &  [-13.71, c10] &  [-34.08, c11] &  [-18.43, c12] &  [-2.43, c13] \\
c2          &  [-2.56, new\_cluster] &  [-0.03, c1] &   [-2.1, c2] &  [-14.14, c3] &  [-7.86, c4] &  [-1.48, c5] &   [-8.66, c6] &  [-14.88, c7] &   [-7.3, c8] &  [-5.87, c9] &  [-14.08, c10] &  [-34.08, c11] &   [-17.4, c12] &  [-2.43, c13] \\
c3          &  [-2.56, new\_cluster] &  [-0.03, c1] &  [-2.17, c2] &  [-15.11, c3] &  [-8.72, c4] &  [-1.35, c5] &   [-8.48, c6] &  [-14.44, c7] &  [-6.89, c8] &  [-5.82, c9] &  [-14.47, c10] &  [-34.08, c11] &  [-18.92, c12] &  [-2.43, c13] \\
c4          &  [-2.56, new\_cluster] &  [-0.05, c1] &  [-2.99, c2] &  [-12.59, c3] &  [-7.62, c4] &  [-1.31, c5] &    [-9.8, c6] &   [-13.0, c7] &  [-7.18, c8] &  [-5.83, c9] &  [-14.67, c10] &  [-34.08, c11] &  [-17.99, c12] &  [-2.43, c13] \\
c5          &  [-2.56, new\_cluster] &  [-0.07, c1] &  [-2.73, c2] &  [-14.62, c3] &  [-7.55, c4] &  [-1.28, c5] &   [-8.21, c6] &  [-15.57, c7] &  [-8.73, c8] &  [-6.17, c9] &  [-13.69, c10] &  [-34.08, c11] &  [-18.62, c12] &  [-2.43, c13] \\
c6          &  [-2.56, new\_cluster] &   [-0.0, c1] &  [-2.23, c2] &  [-12.92, c3] &  [-7.85, c4] &  [-1.52, c5] &    [-9.0, c6] &  [-14.21, c7] &  [-7.16, c8] &  [-5.84, c9] &  [-14.08, c10] &  [-34.08, c11] &  [-17.86, c12] &  [-2.43, c13] \\
c7          &  [-2.56, new\_cluster] &  [-0.15, c1] &  [-2.83, c2] &  [-15.94, c3] &  [-7.18, c4] &  [-0.86, c5] &    [-7.4, c6] &   [-15.9, c7] &  [-7.45, c8] &  [-5.53, c9] &  [-13.32, c10] &  [-34.08, c11] &  [-18.19, c12] &  [-2.43, c13] \\
c8          &  [-2.56, new\_cluster] &  [-0.22, c1] &  [-2.47, c2] &  [-15.26, c3] &  [-8.15, c4] &   [-1.8, c5] &   [-9.91, c6] &  [-15.65, c7] &  [-7.77, c8] &  [-6.06, c9] &  [-14.85, c10] &  [-34.08, c11] &  [-17.83, c12] &  [-2.43, c13] \\
c9          &  [-2.56, new\_cluster] &  [-0.03, c1] &   [-2.1, c2] &  [-15.15, c3] &  [-7.38, c4] &   [-1.1, c5] &   [-7.65, c6] &  [-15.07, c7] &  [-7.52, c8] &  [-5.91, c9] &  [-14.46, c10] &  [-34.08, c11] &  [-18.37, c12] &  [-2.43, c13] \\
c10         &  [-2.56, new\_cluster] &  [-0.14, c1] &   [-2.7, c2] &  [-12.65, c3] &  [-7.58, c4] &  [-1.57, c5] &   [-9.21, c6] &  [-14.16, c7] &  [-8.04, c8] &  [-5.29, c9] &  [-14.66, c10] &  [-34.08, c11] &   [-17.6, c12] &  [-2.43, c13] \\
c11         &  [-2.56, new\_cluster] &  [-0.03, c1] &  [-2.62, c2] &  [-12.32, c3] &  [-6.45, c4] &  [-1.49, c5] &   [-9.17, c6] &  [-15.18, c7] &  [-7.47, c8] &  [-5.85, c9] &  [-13.13, c10] &  [-34.08, c11] &  [-18.44, c12] &  [-2.43, c13] \\
c12         &  [-2.56, new\_cluster] &  [-0.14, c1] &  [-2.61, c2] &   [-14.1, c3] &  [-8.32, c4] &  [-1.13, c5] &  [-10.15, c6] &  [-16.36, c7] &  [-7.19, c8] &  [-6.28, c9] &   [-13.5, c10] &  [-34.08, c11] &  [-18.72, c12] &  [-2.43, c13] \\
c13         &  [-2.56, new\_cluster] &  [-0.17, c1] &  [-2.82, c2] &  [-14.32, c3] &   [-8.4, c4] &  [-1.34, c5] &   [-9.86, c6] &   [-14.1, c7] &  [-7.34, c8] &  [-5.93, c9] &  [-14.47, c10] &  [-34.08, c11] &  [-17.68, c12] &  [-2.43, c13] \\
\bottomrule
\end{tabular}

