Experiment_path: AE_Model_1/Normalization/Experiment_04_norm
Dataset_Path: ../_00_Datasets/03_SimDaten_Quiroga2020/C_Difficult2_noise020.mat
Dataset_name: ['03_SimDaten_Quiroga2020', 'C_Difficult2_noise020.mat']
Variant_name: V04_Off_AE_QL_norm
Visualisation_Path: AE_Model_1/Normalization/Experiment_04_norm/C_Difficult2_noise020.mat/V04_Off_AE_QL_norm/2023_06_04-20_27_54
Punishment_Coefficient: 0.9
<_01_LoadDataset.ExternCode.spike_class.spike_dataclass object at 0x000001A1B7C17470>
Sampling rate: 24000.0
Raw: [-0.05920843 -0.02398302  0.01513494 ...  0.2971695   0.32984394
  0.35872829]
Times: [    337    1080    1305 ... 1438651 1438787 1439662]
Cluster: [2 1 1 ... 2 1 3]
Number of different clusters:  3
Number of Spikes: 3493
First aligned Spike Frame: [ 0.50880334  0.56984686  0.60721022  0.60769692  0.58122704  0.55003969
  0.51479324  0.46436685  0.40848987  0.36206071  0.31750134  0.26828304
  0.23270096  0.2305818   0.25904633  0.30599383  0.36680145  0.45670025
  0.60261795  0.8012213   1.02149976  1.23478943  1.38977263  1.39868415
  1.211664    0.88028336  0.50425138  0.15449729 -0.12937778 -0.32272009
 -0.40685817 -0.38921932 -0.31829776 -0.24412685 -0.18860857 -0.1442941
 -0.0976923  -0.0504865  -0.01384986  0.00955437  0.03047694  0.05600466
  0.07308225  0.06101434  0.01148826 -0.0607151  -0.13636803]
Cluster 0, Occurrences: 1151
Cluster 1, Occurrences: 1195
Cluster 2, Occurrences: 1147
Train Index: 3144
x_train: 3144
y_train: 3144
x_test: 349
y_test: 349
<torch.utils.data.dataloader.DataLoader object at 0x000001A1B79139B0>
<torch.utils.data.dataloader.DataLoader object at 0x000001A1B79137F0>
Epoch [1/8]: mean_loss=0.0005143844167365392
Epoch [2/8]: mean_loss=0.0003215819232890965
Epoch [3/8]: mean_loss=0.0003131633053021861
Epoch [4/8]: mean_loss=0.0003081642378017344
Epoch [5/8]: mean_loss=0.0003037594802945416
Epoch [6/8]: mean_loss=0.00029959591341373196
Epoch [7/8]: mean_loss=0.0002957437207872574
Epoch [8/8]: mean_loss=0.00029235631796239894
Number of Clusters: 3
Number of Samples after Autoencoder testing: 347
First Spike after testing: [0.0187199 0.6423528]
[2, 0, 1, 0, 2, 2, 0, 1, 1, 0, 0, 1, 2, 2, 1, 2, 0, 1, 1, 0, 1, 2, 1, 0, 2, 2, 1, 1, 2, 0, 0, 1, 2, 2, 0, 2, 0, 2, 1, 2, 0, 1, 0, 2, 1, 0, 2, 1, 0, 0, 2, 2, 1, 2, 1, 1, 2, 1, 2, 0, 1, 0, 1, 0, 0, 1, 0, 1, 2, 2, 0, 2, 2, 1, 2, 2, 2, 0, 1, 0, 0, 1, 2, 1, 0, 0, 2, 2, 0, 1, 0, 2, 1, 1, 1, 2, 0, 1, 1, 2, 1, 0, 2, 0, 0, 1, 2, 0, 0, 1, 2, 0, 1, 1, 1, 2, 1, 2, 1, 0, 1, 2, 1, 2, 2, 1, 1, 0, 2, 2, 0, 1, 1, 1, 0, 2, 1, 1, 1, 1, 2, 1, 0, 2, 0, 2, 2, 2, 1, 1, 0, 1, 1, 1, 0, 0, 1, 2, 0, 0, 1, 0, 1, 0, 2, 0, 1, 1, 0, 0, 0, 1, 0, 1, 0, 1, 0, 0, 0, 1, 0, 1, 2, 2, 1, 2, 2, 0, 2, 0, 2, 0, 1, 2, 0, 1, 1, 2, 2, 2, 1, 0, 2, 0, 0, 2, 1, 2, 1, 1, 0, 1, 2, 1, 0, 0, 0, 0, 1, 0, 1, 0, 1, 2, 1, 0, 1, 0, 2, 1, 2, 1, 0, 1, 2, 2, 2, 2, 0, 1, 0, 2, 1, 0, 1, 1, 2, 1, 2, 0, 2, 1, 0, 1, 0, 1, 2, 0, 2, 1, 0, 2, 0, 2, 1, 0, 1, 0, 1, 1, 0, 1, 2, 0, 1, 2, 2, 0, 2, 2, 0, 1, 0, 2, 0, 2, 0, 2, 1, 0, 2, 1, 2, 0, 2, 0, 1, 0, 1, 0, 1, 0, 0, 2, 0, 2, 1, 0, 1, 0, 2, 1, 0, 1, 0, 2, 2, 0, 2, 0, 1, 0, 0, 0, 2, 2, 2, 1, 1, 0, 1, 1, 0, 2, 1, 0, 0, 0, 0, 1, 0, 2, 0, 1, 1, 0, 2]
[0, 0, 0, 0, 0, 0, 0, 0, 0, 0, 0, 0, 0, 0, 0, 0, 0, 0, 0, 0, 0, 0, 0, 0, 0, 0, 0, 0, 0, 0, 0, 0, 0, 0, 0, 0, 0, 0, 0, 0, 0, 0, 0, 0, 0, 0, 0, 0, 0, 0, 0, 0, 0, 0, 0, 0, 0, 0, 0, 0, 0, 0, 0, 0, 0, 0, 0, 0, 0, 0, 0, 0, 0, 0, 0, 0, 0, 0, 0, 0, 0, 0, 0, 0, 0, 0, 0, 0, 0, 0, 0, 0, 0, 0, 0, 0, 0, 0, 0, 0, 0, 0, 0, 0, 0, 0, 0, 0, 0, 0, 0, 0, 0, 0, 0, 0, 0, 0, 0, 0, 0, 0, 0, 0, 0, 0, 0, 0, 0, 0, 0, 0, 0, 0, 0, 0, 0, 0, 0, 0, 0, 0, 0, 0, 0, 0, 0, 0, 0, 0, 0, 0, 0, 0, 0, 0, 0, 0, 0, 0, 0, 0, 0, 0, 0, 0, 0, 0, 0, 0, 0, 0, 0, 0, 0, 0, 0, 0, 0, 0, 0, 0, 0, 0, 0, 0, 0, 0, 0, 0, 0, 0, 0, 0, 0, 0, 0, 0, 0, 0, 0, 0, 0, 0, 0, 0, 0, 0, 0, 0, 0, 0, 0, 0, 0, 0, 0, 0, 0, 0, 0, 0, 0, 0, 0, 0, 0, 0, 0, 0, 0, 0, 0, 0, 0, 0, 0, 0, 0, 0, 0, 0, 0, 0, 0, 0, 0, 0, 0, 0, 0, 0, 0, 0, 0, 0, 0, 0, 0, 0, 0, 0, 0, 0, 0, 0, 0, 0, 0, 0, 0, 0, 0, 0, 0, 0, 0, 0, 0, 0, 0, 0, 0, 0, 0, 0, 0, 0, 0, 0, 0, 0, 0, 0, 0, 0, 0, 0, 0, 0, 0, 0, 0, 0, 0, 0, 0, 0, 0, 0, 0, 0, 0, 0, 0, 0, 0, 0, 0, 0, 0, 0, 0, 0, 0, 0, 0, 0, 0, 0, 0, 0, 0, 0, 0, 0, 0, 0, 0, 0, 0, 0, 0, 0, 0, 0, 0]
Centroids: [[0.93434566, 0.9139611], [-1.5300274, -0.5291943], [0.3452844, 0.66734326]]
Centroids: [[-0.10323526, 0.3361033]]
Standard Derivations: [0.22851205, 0.26152167, 0.21773456]
Cluster Distances: [2.3658082, 0.19235618, 2.3658082, 1.7452654, 0.19235617, 1.7452654]
Minimal Cluster Distance: 0.1923561692237854
Contingency Matrix: 
[[121]
 [121]
 [105]]
[[121], [121], [105]]
[[121, 0, 0], [121, 0, 0], [105, 0, 0]]
[0, 1, 2]
[[-1, -1, -1], [-1, 0, 0], [-1, 0, 0]]
[[-1, -1, -1], [-1, -1, -1], [-1, -1, 0]]
[[-1, -1, -1], [-1, -1, -1], [-1, -1, -1]]
Match_Labels: {0: 0, 1: 1, 2: 2}
New Contingency Matrix: 
[[121   0   0]
 [121   0   0]
 [105   0   0]]
New Clustered Label Sequence: [0, 1, 2]
Diagonal_Elements: [121, 0, 0], Sum: 121
All_Elements: [121, 0, 0, 121, 0, 0, 105, 0, 0], Sum: 347
Accuracy: 0.34870317002881845
Centroids: [[-0.02615578564974917, 0.11900999011224947]]
