Seed: 3
Experiment_path: AE_Model_2/Random_Seeds_DV5//V5_1/Experiment_05_3_opt
Dataset_Path: ../_00_Datasets/03_SimDaten_Quiroga2020/C_Difficult2_noise010.mat
Dataset_name: ['03_SimDaten_Quiroga2020', 'C_Difficult2_noise010.mat']
Variant_name: Variant_05_Online_Autoencoder_QLearning_opt
Visualisation_Path: AE_Model_2/Random_Seeds_DV5//V5_1/Experiment_05_3_opt/C_Difficult2_noise010.mat/Variant_05_Online_Autoencoder_QLearning_opt/2023_05_04-14_01_31
Normalisation: False
Template Matching: False
Optimising Autoencoder: True
Update Factor: 1
Noisy Batches: False
Noisy Factor: 0.001
Epochs: 8
Batch Size: 1
maximal Spikes for Autoencoder Training : 700
maximal Spikes for Training: 1000
Input Size: 47
Chosen Model: Convolutional Autoencoder
ConvolutionalAutoencoder(
  (encoder): Sequential(
    (0): Conv1d(1, 6, kernel_size=(6,), stride=(1,))
    (1): LeakyReLU(negative_slope=0.01)
    (2): Conv1d(6, 1, kernel_size=(6,), stride=(1,))
    (3): Flatten(start_dim=1, end_dim=-1)
    (4): Linear(in_features=37, out_features=2, bias=True)
  )
  (decoder): Sequential(
    (0): ConvTranspose1d(1, 6, kernel_size=(6,), stride=(1,))
    (1): LeakyReLU(negative_slope=0.01)
    (2): ConvTranspose1d(6, 1, kernel_size=(6,), stride=(1,))
    (3): Flatten(start_dim=1, end_dim=-1)
    (4): Linear(in_features=12, out_features=47, bias=True)
  )
)
MSELoss()
Adam (
Parameter Group 0
    amsgrad: False
    betas: (0.9, 0.999)
    capturable: False
    differentiable: False
    eps: 1e-08
    foreach: None
    fused: False
    lr: 0.001
    maximize: False
    weight_decay: 0
)
---Q Learning Parameters---
Normalisation: False
Punishment Coefficient: 0.6
Alpha: 0.8
Epsilon: 0.01
Gamma: 0.97
Initial Episode Number: 0
Episode Number Coefficient: 1.4
Number of Random Features: 20
Planning Number: 20
Max Random Features: 60
New Episode Number: 72
New Episode Number: 143
New Episode Number: 215
New Episode Number: 286
New Episode Number: 358
New Episode Number: 429
New Episode Number: 500
New Episode Number: 572
                0      1     2     3     4     5      6     7      8
new_cluster -6.58  -9.75 -5.30 -8.30 -9.02 -8.32 -12.58 -6.21 -17.29
c1          -6.58 -10.46 -5.25 -8.10 -9.48 -8.03 -12.43 -6.18 -17.24
c2          -6.57 -10.63 -5.30 -8.13 -8.89 -7.50 -12.58 -6.33 -17.30
c3          -6.58  -9.95 -5.35 -8.18 -8.79 -8.45 -12.42 -6.15 -17.30
c4          -6.58 -10.04 -5.26 -8.29 -8.79 -7.88 -12.34 -6.17 -17.24
c5          -6.60 -10.35 -5.20 -7.86 -8.34 -8.29 -12.63 -6.18 -17.29
c6          -6.60 -10.37 -5.29 -8.15 -9.10 -7.93 -12.47 -6.15 -17.23
c7          -6.58 -10.13 -5.40 -7.96 -8.62 -7.90 -12.56 -6.21 -17.24
c8          -6.58  -9.94 -5.34 -8.21 -8.75 -7.49 -12.43 -6.19 -17.23
\begin{tabular}{lrrrrrrrrr}
\toprule
{} &     0 &      1 &     2 &     3 &     4 &     5 &      6 &     7 &      8 \\
\midrule
new\_cluster & -6.58 &  -9.75 & -5.30 & -8.30 & -9.02 & -8.32 & -12.58 & -6.21 & -17.29 \\
c1          & -6.58 & -10.46 & -5.25 & -8.10 & -9.48 & -8.03 & -12.43 & -6.18 & -17.24 \\
c2          & -6.57 & -10.63 & -5.30 & -8.13 & -8.89 & -7.50 & -12.58 & -6.33 & -17.30 \\
c3          & -6.58 &  -9.95 & -5.35 & -8.18 & -8.79 & -8.45 & -12.42 & -6.15 & -17.30 \\
c4          & -6.58 & -10.04 & -5.26 & -8.29 & -8.79 & -7.88 & -12.34 & -6.17 & -17.24 \\
c5          & -6.60 & -10.35 & -5.20 & -7.86 & -8.34 & -8.29 & -12.63 & -6.18 & -17.29 \\
c6          & -6.60 & -10.37 & -5.29 & -8.15 & -9.10 & -7.93 & -12.47 & -6.15 & -17.23 \\
c7          & -6.58 & -10.13 & -5.40 & -7.96 & -8.62 & -7.90 & -12.56 & -6.21 & -17.24 \\
c8          & -6.58 &  -9.94 & -5.34 & -8.21 & -8.75 & -7.49 & -12.43 & -6.19 & -17.23 \\
\bottomrule
\end{tabular}

                                0            1  ...            7             8
new_cluster  [-1.44, new_cluster]  [-4.65, c1]  ...  [-0.92, c7]  [-12.12, c8]
c1           [-1.44, new_cluster]  [-5.38, c1]  ...  [-0.92, c7]  [-12.12, c8]
c2           [-1.44, new_cluster]  [-5.53, c1]  ...  [-0.92, c7]  [-12.12, c8]
c3           [-1.44, new_cluster]  [-4.87, c1]  ...  [-0.92, c7]  [-12.12, c8]
c4           [-1.44, new_cluster]  [-4.96, c1]  ...  [-0.92, c7]  [-12.12, c8]
c5           [-1.44, new_cluster]  [-5.25, c1]  ...  [-0.92, c7]  [-12.12, c8]
c6           [-1.44, new_cluster]  [-5.28, c1]  ...  [-0.92, c7]  [-12.12, c8]
c7           [-1.44, new_cluster]  [-5.05, c1]  ...  [-0.92, c7]  [-12.12, c8]
c8           [-1.44, new_cluster]  [-4.86, c1]  ...  [-0.92, c7]  [-12.12, c8]

[9 rows x 9 columns]
\begin{tabular}{llllllllll}
\toprule
{} &                     0 &            1 &            2 &            3 &            4 &            5 &            6 &            7 &             8 \\
\midrule
new\_cluster &  [-1.44, new\_cluster] &  [-4.65, c1] &  [-0.16, c2] &  [-3.15, c3] &  [-3.91, c4] &  [-3.23, c5] &  [-7.46, c6] &  [-0.92, c7] &  [-12.12, c8] \\
c1          &  [-1.44, new\_cluster] &  [-5.38, c1] &  [-0.11, c2] &  [-2.93, c3] &  [-4.37, c4] &  [-2.98, c5] &  [-7.29, c6] &  [-0.92, c7] &  [-12.12, c8] \\
c2          &  [-1.44, new\_cluster] &  [-5.53, c1] &  [-0.18, c2] &  [-2.94, c3] &  [-3.77, c4] &  [-2.45, c5] &  [-7.46, c6] &  [-0.92, c7] &  [-12.12, c8] \\
c3          &  [-1.44, new\_cluster] &  [-4.87, c1] &  [-0.21, c2] &  [-3.01, c3] &  [-3.68, c4] &  [-3.39, c5] &  [-7.29, c6] &  [-0.92, c7] &  [-12.12, c8] \\
c4          &  [-1.44, new\_cluster] &  [-4.96, c1] &  [-0.14, c2] &  [-3.12, c3] &  [-3.64, c4] &  [-2.81, c5] &  [-7.21, c6] &  [-0.92, c7] &  [-12.12, c8] \\
c5          &  [-1.44, new\_cluster] &  [-5.25, c1] &  [-0.08, c2] &  [-2.67, c3] &  [-3.24, c4] &   [-3.2, c5] &  [-7.54, c6] &  [-0.92, c7] &  [-12.12, c8] \\
c6          &  [-1.44, new\_cluster] &  [-5.28, c1] &  [-0.15, c2] &  [-2.97, c3] &  [-3.95, c4] &  [-2.85, c5] &  [-7.37, c6] &  [-0.92, c7] &  [-12.12, c8] \\
c7          &  [-1.44, new\_cluster] &  [-5.05, c1] &  [-0.26, c2] &  [-2.78, c3] &  [-3.49, c4] &  [-2.81, c5] &  [-7.45, c6] &  [-0.92, c7] &  [-12.12, c8] \\
c8          &  [-1.44, new\_cluster] &  [-4.86, c1] &  [-0.17, c2] &  [-3.04, c3] &  [-3.64, c4] &  [-2.38, c5] &  [-7.29, c6] &  [-0.92, c7] &  [-12.12, c8] \\
\bottomrule
\end{tabular}

