Experiment_path: AE_Model_2/Random_Seeds//V4/Experiment_04_2
Dataset_Path: ../_00_Datasets/03_SimDaten_Quiroga2020/C_Easy2_noise015.mat
Dataset_name: ['03_SimDaten_Quiroga2020', 'C_Easy2_noise015.mat']
Variant_name: Variant_04_Offline_Autoencoder_QLearning
Visualisation_Path: Random_Seeds//V4/Experiment_04_2/C_Easy2_noise015.mat/Variant_04_Offline_Autoencoder_QLearning/2023_04_21-16_12_45
Punishment_Coefficient: 0.7
<_01_LoadDataset.ExternCode.spike_class.spike_dataclass object at 0x0000018F92114828>
Sampling rate: 24000.0
Raw: [0.10609669 0.12118301 0.13260104 ... 0.04210554 0.02260723 0.01955233]
Times: [    280    1061    1071 ... 1439631 1439716 1439810]
Cluster: [1 3 1 ... 2 2 3]
Number of different clusters:  3
Number of Spikes: 3411
First aligned Spike Frame: [ 2.02686231e-02  4.10226375e-02  5.47302833e-02  6.75455965e-02
  7.31110476e-02  7.55341824e-02  6.24087212e-02  3.48405580e-02
  4.67612510e-03  3.11249190e-03  8.94324356e-03  4.24616810e-04
 -6.85644094e-02 -1.88193358e-01 -2.95062164e-01 -3.04804993e-01
 -1.80968869e-01  9.08445140e-02  4.69281397e-01  8.12588139e-01
  1.01247328e+00  1.07477323e+00  1.05264776e+00  9.80941312e-01
  8.59493136e-01  7.23747425e-01  6.30635083e-01  6.09810792e-01
  6.21566307e-01  6.10615318e-01  5.92057940e-01  5.70062731e-01
  5.39545035e-01  4.88086979e-01  4.33332627e-01  3.78964556e-01
  3.25819622e-01  2.83509204e-01  2.65213838e-01  2.75311674e-01
  2.95781207e-01  3.01368080e-01  2.86879888e-01  2.42452837e-01
  1.98600507e-01  1.34431645e-01  5.92612532e-02]
Cluster 0, Occurrences: 1181
Cluster 1, Occurrences: 1098
Cluster 2, Occurrences: 1132
Train Index: 3070
x_train: 3070
y_train: 3070
x_test: 341
y_test: 341
<torch.utils.data.dataloader.DataLoader object at 0x0000018F8DF9CEF0>
<torch.utils.data.dataloader.DataLoader object at 0x0000018F92114C88>
Epoch [1/8]: mean_loss=0.000374307862789361
Epoch [2/8]: mean_loss=0.00022398013165008263
Epoch [3/8]: mean_loss=0.00022067239239557073
Epoch [4/8]: mean_loss=0.0002170600320882974
Epoch [5/8]: mean_loss=0.00021370052661843816
Epoch [6/8]: mean_loss=0.0002105562520707906
Epoch [7/8]: mean_loss=0.00020736984404999193
Epoch [8/8]: mean_loss=0.00020607931915585692
Number of Clusters: 3
Number of Samples after Autoencoder testing: 341
First Spike after testing: [-1.3455492 -1.3290632]
[1, 0, 0, 0, 2, 0, 0, 2, 2, 1, 0, 2, 1, 1, 1, 1, 1, 1, 1, 2, 2, 1, 2, 0, 2, 1, 2, 2, 0, 0, 0, 1, 2, 1, 0, 0, 2, 0, 2, 0, 0, 2, 1, 2, 1, 1, 0, 0, 1, 2, 2, 1, 1, 2, 2, 0, 0, 1, 0, 0, 2, 0, 1, 1, 0, 1, 0, 2, 0, 2, 1, 1, 0, 2, 2, 2, 2, 0, 2, 1, 2, 2, 2, 0, 0, 0, 0, 2, 0, 1, 0, 1, 1, 2, 2, 1, 1, 1, 2, 2, 0, 2, 1, 2, 2, 2, 0, 1, 1, 2, 1, 2, 1, 0, 1, 1, 0, 0, 2, 0, 0, 2, 2, 2, 0, 2, 0, 2, 0, 2, 1, 0, 0, 1, 1, 2, 2, 0, 2, 0, 1, 1, 1, 1, 1, 0, 0, 0, 1, 0, 1, 2, 1, 0, 2, 1, 1, 2, 2, 0, 0, 1, 0, 1, 2, 2, 1, 2, 2, 0, 1, 1, 0, 0, 1, 1, 0, 0, 0, 0, 0, 1, 1, 1, 2, 1, 0, 1, 1, 2, 2, 0, 0, 1, 1, 0, 0, 1, 0, 0, 2, 2, 2, 2, 0, 2, 1, 2, 0, 2, 1, 2, 2, 2, 1, 2, 1, 0, 2, 0, 2, 0, 1, 2, 2, 0, 2, 2, 2, 2, 0, 2, 0, 1, 1, 2, 1, 0, 0, 0, 2, 0, 1, 0, 2, 0, 0, 1, 1, 1, 1, 0, 1, 2, 2, 2, 0, 2, 0, 1, 1, 1, 2, 0, 2, 1, 0, 0, 0, 0, 0, 2, 0, 2, 2, 1, 0, 0, 1, 1, 1, 2, 0, 2, 1, 1, 0, 1, 0, 2, 1, 0, 2, 1, 1, 0, 0, 1, 1, 1, 2, 1, 1, 0, 0, 1, 2, 2, 1, 1, 2, 0, 0, 1, 1, 2, 2, 0, 0, 2, 0, 1, 2, 2, 1, 2, 0, 0, 1, 0, 2, 0, 0, 0, 1, 0, 2, 2, 1, 1, 2]
[0, 1, 1, 1, 2, 1, 1, 2, 2, 0, 1, 2, 0, 0, 0, 0, 0, 0, 0, 2, 2, 1, 3, 1, 2, 0, 2, 2, 1, 1, 1, 0, 2, 0, 1, 1, 2, 1, 2, 1, 1, 2, 0, 2, 0, 0, 1, 1, 0, 3, 2, 0, 0, 2, 2, 1, 1, 0, 1, 1, 2, 1, 0, 0, 1, 0, 1, 2, 1, 2, 0, 1, 4, 2, 2, 2, 2, 1, 2, 0, 3, 2, 2, 1, 1, 1, 1, 2, 1, 0, 1, 0, 0, 2, 2, 0, 0, 0, 2, 2, 1, 2, 0, 2, 3, 2, 1, 0, 0, 2, 0, 2, 0, 1, 0, 0, 0, 1, 5, 1, 1, 2, 2, 2, 1, 2, 1, 3, 1, 2, 0, 1, 1, 0, 0, 2, 2, 1, 5, 1, 0, 0, 0, 0, 0, 1, 1, 1, 0, 1, 0, 2, 0, 0, 5, 0, 0, 2, 5, 1, 1, 0, 0, 0, 2, 2, 0, 2, 5, 1, 4, 0, 1, 6, 0, 0, 0, 1, 1, 1, 6, 0, 0, 0, 2, 0, 6, 0, 7, 2, 5, 1, 6, 7, 0, 1, 1, 0, 1, 1, 2, 2, 2, 2, 6, 2, 0, 2, 1, 5, 0, 2, 2, 2, 1, 5, 0, 6, 2, 1, 5, 6, 7, 2, 2, 1, 2, 2, 5, 5, 1, 3, 1, 0, 0, 2, 7, 1, 0, 6, 2, 1, 0, 1, 3, 6, 6, 0, 7, 0, 0, 1, 6, 5, 5, 5, 4, 2, 0, 0, 0, 1, 2, 1, 2, 0, 6, 6, 4, 1, 1, 2, 1, 2, 2, 0, 4, 1, 0, 0, 0, 2, 0, 2, 1, 0, 1, 0, 1, 2, 0, 1, 2, 0, 0, 1, 1, 0, 1, 0, 5, 7, 7, 6, 1, 0, 5, 2, 0, 0, 2, 1, 6, 0, 0, 5, 2, 1, 1, 3, 8, 8, 2, 2, 7, 2, 1, 1, 0, 1, 2, 1, 1, 8, 0, 1, 2, 5, 0, 0, 3]
Centroids: [[-2.1700695, 0.4765459], [-1.3524901, -0.64197224], [1.7480935, -1.4585679]]
Centroids: [[-1.2927529, -0.6551543], [-2.1495445, 0.49787876], [1.6525062, -1.6059145], [2.9406404, -1.3035847], [-0.8269439, 0.8268617], [1.6032032, -0.8402564], [-2.8000038, 0.29112878], [-1.6397605, -1.4177139], [-2.6357079, 1.9082745]]
Contingency Matrix: 
[[ 7 90  0  0  4  0 14  0  2]
 [95  6  0  0  1  0  1  8  1]
 [ 0  0 85  9  0 18  0  0  0]]
[[7, 90, 0, 0, 4, 0, 14, 0, 2], [95, 6, 0, 0, 1, 0, 1, 8, 1], [0, 0, 85, 9, 0, 18, 0, 0, 0]]
[[7, 90, 0, 0, 4, 0, 14, 0, 2], [95, 6, 0, 0, 1, 0, 1, 8, 1], [0, 0, 85, 9, 0, 18, 0, 0, 0]]
[0, 1, 2, 3, 4, 5, 6, 7, 8]
[[-1, 90, 0, 0, 4, 0, 14, 0, 2], [-1, -1, -1, -1, -1, -1, -1, -1, -1], [-1, 0, 85, 9, 0, 18, 0, 0, 0]]
[[-1, -1, -1, -1, -1, -1, -1, -1, -1], [-1, -1, -1, -1, -1, -1, -1, -1, -1], [-1, -1, 85, 9, 0, 18, 0, 0, 0]]
[[-1, -1, -1, -1, -1, -1, -1, -1, -1], [-1, -1, -1, -1, -1, -1, -1, -1, -1], [-1, -1, -1, -1, -1, -1, -1, -1, -1]]
Match_Labels: {1: 0, 0: 1, 2: 2}
New Contingency Matrix: 
[[90  7  0  0  4  0 14  0  2]
 [ 6 95  0  0  1  0  1  8  1]
 [ 0  0 85  9  0 18  0  0  0]]
New Clustered Label Sequence: [1, 0, 2, 3, 4, 5, 6, 7, 8]
Diagonal_Elements: [90, 95, 85], Sum: 270
All_Elements: [90, 7, 0, 0, 4, 0, 14, 0, 2, 6, 95, 0, 0, 1, 0, 1, 8, 1, 0, 0, 85, 9, 0, 18, 0, 0, 0], Sum: 341
Accuracy: 0.7917888563049853
