Seed: 9
Experiment_path: AE_Model_2/Random_Seeds_DV5//V5_3/Experiment_05_9_opt_temp_noisy
Dataset_Path: ../_00_Datasets/03_SimDaten_Quiroga2020/C_Drift_Easy2_noise015.mat
Dataset_name: ['03_SimDaten_Quiroga2020', 'C_Drift_Easy2_noise015.mat']
Variant_name: Variant_05_Online_Autoencoder_QLearning_opt_temp_noisy
Visualisation_Path: AE_Model_2/Random_Seeds_DV5//V5_3/Experiment_05_9_opt_temp_noisy/C_Drift_Easy2_noise015.mat/Variant_05_Online_Autoencoder_QLearning_opt_temp_noisy/2023_04_24-14_26_46
Normalisation: False
Template Matching: True
Optimising Autoencoder: True
Update Factor: 1
Noisy Batches: True
Noisy Factor: 0.1
Epochs: 8
Batch Size: 1
maximal Spikes for Autoencoder Training : 700
maximal Spikes for Training: 1000
Input Size: 47
Chosen Model: Convolutional Autoencoder
ConvolutionalAutoencoder(
  (encoder): Sequential(
    (0): Conv1d(1, 6, kernel_size=(6,), stride=(1,))
    (1): LeakyReLU(negative_slope=0.01)
    (2): Conv1d(6, 1, kernel_size=(6,), stride=(1,))
    (3): Flatten(start_dim=1, end_dim=-1)
    (4): Linear(in_features=37, out_features=2, bias=True)
  )
  (decoder): Sequential(
    (0): ConvTranspose1d(1, 6, kernel_size=(6,), stride=(1,))
    (1): LeakyReLU(negative_slope=0.01)
    (2): ConvTranspose1d(6, 1, kernel_size=(6,), stride=(1,))
    (3): Flatten(start_dim=1, end_dim=-1)
    (4): Linear(in_features=12, out_features=47, bias=True)
  )
)
MSELoss()
Adam (
Parameter Group 0
    amsgrad: False
    betas: (0.9, 0.999)
    capturable: False
    differentiable: False
    eps: 1e-08
    foreach: None
    fused: False
    lr: 0.001
    maximize: False
    weight_decay: 0
)
---Q Learning Parameters---
Normalisation: False
Punishment Coefficient: 1.1
Alpha: 0.8
Epsilon: 0.01
Gamma: 0.97
Initial Episode Number: 0
Episode Number Coefficient: 1.4
Number of Random Features: 20
Planning Number: 20
Max Random Features: 60
New Episode Number: 72
New Episode Number: 143
New Episode Number: 215
New Episode Number: 286
New Episode Number: 358
New Episode Number: 429
New Episode Number: 500
New Episode Number: 572
                 0      1      2      3      4      5      6      7      8
new_cluster -23.90 -28.38 -31.48 -41.31 -79.19 -77.64 -24.88 -19.65 -30.72
c1          -23.90 -27.67 -33.57 -43.23 -79.45 -76.99 -24.68 -18.69 -29.86
c2          -23.90 -27.84 -33.58 -40.40 -79.44 -78.57 -24.64 -19.03 -28.60
c3          -23.90 -27.01 -31.77 -43.57 -79.78 -76.50 -24.92 -19.05 -32.65
c4          -23.90 -30.04 -32.63 -41.69 -80.48 -78.61 -24.84 -18.99 -28.39
c5          -23.90 -27.64 -33.23 -41.40 -80.40 -76.77 -24.64 -18.68 -29.80
c6          -23.88 -26.82 -33.14 -40.87 -80.83 -76.56 -24.84 -19.47 -29.75
c7          -23.89 -27.22 -32.13 -43.30 -80.31 -77.08 -25.67 -18.87 -30.51
c8          -23.90 -27.62 -30.98 -42.84 -80.43 -75.24 -24.70 -19.02 -29.29
\begin{tabular}{lrrrrrrrrr}
\toprule
{} &      0 &      1 &      2 &      3 &      4 &      5 &      6 &      7 &      8 \\
\midrule
new\_cluster & -23.90 & -28.38 & -31.48 & -41.31 & -79.19 & -77.64 & -24.88 & -19.65 & -30.72 \\
c1          & -23.90 & -27.67 & -33.57 & -43.23 & -79.45 & -76.99 & -24.68 & -18.69 & -29.86 \\
c2          & -23.90 & -27.84 & -33.58 & -40.40 & -79.44 & -78.57 & -24.64 & -19.03 & -28.60 \\
c3          & -23.90 & -27.01 & -31.77 & -43.57 & -79.78 & -76.50 & -24.92 & -19.05 & -32.65 \\
c4          & -23.90 & -30.04 & -32.63 & -41.69 & -80.48 & -78.61 & -24.84 & -18.99 & -28.39 \\
c5          & -23.90 & -27.64 & -33.23 & -41.40 & -80.40 & -76.77 & -24.64 & -18.68 & -29.80 \\
c6          & -23.88 & -26.82 & -33.14 & -40.87 & -80.83 & -76.56 & -24.84 & -19.47 & -29.75 \\
c7          & -23.89 & -27.22 & -32.13 & -43.30 & -80.31 & -77.08 & -25.67 & -18.87 & -30.51 \\
c8          & -23.90 & -27.62 & -30.98 & -42.84 & -80.43 & -75.24 & -24.70 & -19.02 & -29.29 \\
\bottomrule
\end{tabular}

                                0             1  ...            7             8
new_cluster  [-4.84, new_cluster]   [-9.62, c1]  ...  [-0.69, c7]  [-12.28, c8]
c1           [-4.84, new_cluster]   [-9.29, c1]  ...  [-0.33, c7]  [-11.17, c8]
c2           [-4.84, new_cluster]   [-9.03, c1]  ...  [-0.24, c7]   [-9.91, c8]
c3           [-4.84, new_cluster]   [-8.64, c1]  ...   [-0.4, c7]  [-14.19, c8]
c4           [-4.84, new_cluster]  [-11.28, c1]  ...  [-0.37, c7]   [-9.75, c8]
c5           [-4.84, new_cluster]   [-9.19, c1]  ...  [-0.36, c7]   [-11.4, c8]
c6           [-4.84, new_cluster]   [-8.44, c1]  ...  [-0.95, c7]  [-11.12, c8]
c7           [-4.84, new_cluster]   [-8.29, c1]  ...  [-0.61, c7]  [-11.87, c8]
c8           [-4.84, new_cluster]   [-9.23, c1]  ...  [-0.32, c7]   [-10.6, c8]

[9 rows x 9 columns]
\begin{tabular}{llllllllll}
\toprule
{} &                     0 &             1 &             2 &             3 &             4 &             5 &            6 &            7 &             8 \\
\midrule
new\_cluster &  [-4.84, new\_cluster] &   [-9.62, c1] &  [-13.01, c2] &  [-22.74, c3] &  [-60.81, c4] &  [-59.08, c5] &  [-5.97, c6] &  [-0.69, c7] &  [-12.28, c8] \\
c1          &  [-4.84, new\_cluster] &   [-9.29, c1] &  [-15.04, c2] &  [-24.75, c3] &  [-60.96, c4] &  [-58.68, c5] &  [-5.35, c6] &  [-0.33, c7] &  [-11.17, c8] \\
c2          &  [-4.84, new\_cluster] &   [-9.03, c1] &  [-15.12, c2] &  [-21.68, c3] &  [-60.96, c4] &  [-59.76, c5] &   [-5.6, c6] &  [-0.24, c7] &   [-9.91, c8] \\
c3          &  [-4.84, new\_cluster] &   [-8.64, c1] &   [-13.3, c2] &  [-25.08, c3] &  [-61.35, c4] &  [-57.99, c5] &  [-5.88, c6] &   [-0.4, c7] &  [-14.19, c8] \\
c4          &  [-4.84, new\_cluster] &  [-11.28, c1] &  [-14.11, c2] &  [-22.95, c3] &  [-62.05, c4] &  [-60.06, c5] &  [-5.58, c6] &  [-0.37, c7] &   [-9.75, c8] \\
c5          &  [-4.84, new\_cluster] &   [-9.19, c1] &   [-14.7, c2] &  [-22.65, c3] &  [-61.96, c4] &  [-57.99, c5] &   [-5.6, c6] &  [-0.36, c7] &   [-11.4, c8] \\
c6          &  [-4.84, new\_cluster] &   [-8.44, c1] &  [-14.67, c2] &  [-22.34, c3] &  [-62.35, c4] &  [-57.79, c5] &  [-5.92, c6] &  [-0.95, c7] &  [-11.12, c8] \\
c7          &  [-4.84, new\_cluster] &   [-8.29, c1] &  [-13.36, c2] &  [-24.79, c3] &  [-61.82, c4] &  [-58.27, c5] &  [-6.41, c6] &  [-0.61, c7] &  [-11.87, c8] \\
c8          &  [-4.84, new\_cluster] &   [-9.23, c1] &  [-12.52, c2] &   [-23.8, c3] &  [-61.73, c4] &  [-56.45, c5] &  [-5.45, c6] &  [-0.32, c7] &   [-10.6, c8] \\
\bottomrule
\end{tabular}

