Experiment_path: AE_Model_1/Normalization/Experiment_04_norm
Dataset_Path: ../_00_Datasets/03_SimDaten_Quiroga2020/C_Difficult1_noise005.mat
Dataset_name: ['03_SimDaten_Quiroga2020', 'C_Difficult1_noise005.mat']
Variant_name: V04_Off_AE_QL_norm
Visualisation_Path: AE_Model_1/Normalization/Experiment_04_norm/C_Difficult1_noise005.mat/V04_Off_AE_QL_norm/2023_06_04-20_22_54
Punishment_Coefficient: 0.4
<_01_LoadDataset.ExternCode.spike_class.spike_dataclass object at 0x000001A1B36D3940>
Sampling rate: 24000.0
Raw: [-0.02396372 -0.02524464 -0.02236968 ... -0.00445509 -0.00436778
 -0.00470578]
Times: [    634     868    2584 ... 1437994 1438740 1439460]
Cluster: [3 2 3 ... 1 2 3]
Number of different clusters:  3
Number of Spikes: 3383
First aligned Spike Frame: [ 0.00503762 -0.00373478 -0.02417005 -0.05492281 -0.07823403 -0.07649548
 -0.06285267 -0.06865366 -0.09676273 -0.11004904 -0.09516198 -0.02689536
  0.18218225  0.56508663  0.95357316  1.00263054  0.57634096 -0.04324787
 -0.47305592 -0.6155027  -0.61852552 -0.60964372 -0.60484482 -0.57289026
 -0.52334621 -0.49235523 -0.47468281 -0.4416077  -0.40763637 -0.38725194
 -0.36627613 -0.33462257 -0.30781191 -0.30310449 -0.30176569 -0.28764362
 -0.27487686 -0.27588822 -0.27512317 -0.25186462 -0.21649826 -0.18877803
 -0.16831802 -0.15216626 -0.15550926 -0.17919117 -0.19056035]
Cluster 0, Occurrences: 1115
Cluster 1, Occurrences: 1113
Cluster 2, Occurrences: 1155
Train Index: 3045
x_train: 3045
y_train: 3045
x_test: 338
y_test: 338
<torch.utils.data.dataloader.DataLoader object at 0x000001A1B3BAACC0>
<torch.utils.data.dataloader.DataLoader object at 0x000001A1B3BAAB38>
Epoch [1/8]: mean_loss=0.00021253928311982718
Epoch [2/8]: mean_loss=0.00011679565400949547
Epoch [3/8]: mean_loss=0.00010726174109497632
Epoch [4/8]: mean_loss=0.00010507775586073964
Epoch [5/8]: mean_loss=0.00010362101870945277
Epoch [6/8]: mean_loss=0.00010223861417483862
Epoch [7/8]: mean_loss=0.00010191301061283975
Epoch [8/8]: mean_loss=0.00010150749664921895
Number of Clusters: 3
Number of Samples after Autoencoder testing: 336
First Spike after testing: [0.74940526 0.31679386]
[2, 2, 1, 1, 2, 0, 2, 2, 2, 0, 1, 1, 1, 2, 1, 2, 0, 0, 0, 1, 0, 1, 1, 0, 0, 0, 0, 0, 0, 0, 1, 2, 2, 0, 0, 0, 1, 2, 1, 0, 0, 0, 2, 1, 1, 2, 1, 1, 0, 0, 1, 1, 2, 2, 2, 1, 2, 0, 2, 0, 2, 0, 0, 2, 1, 0, 2, 0, 0, 1, 2, 2, 0, 0, 2, 1, 1, 0, 2, 0, 0, 2, 2, 1, 0, 1, 0, 0, 0, 1, 2, 2, 2, 0, 0, 2, 2, 1, 2, 1, 0, 1, 0, 2, 0, 1, 2, 1, 1, 2, 0, 2, 2, 0, 0, 0, 0, 2, 0, 1, 2, 0, 2, 0, 2, 2, 2, 0, 0, 1, 0, 0, 0, 0, 0, 2, 1, 0, 1, 2, 0, 0, 0, 1, 2, 0, 0, 2, 1, 1, 2, 0, 2, 1, 0, 0, 0, 2, 1, 0, 1, 2, 2, 0, 2, 0, 0, 1, 0, 1, 1, 2, 2, 2, 1, 0, 0, 2, 2, 0, 1, 0, 2, 2, 2, 0, 2, 0, 2, 2, 1, 2, 1, 1, 2, 1, 2, 2, 1, 2, 2, 2, 2, 2, 1, 1, 0, 1, 0, 0, 2, 1, 0, 1, 0, 2, 0, 1, 1, 1, 0, 0, 1, 1, 0, 0, 1, 0, 2, 0, 2, 2, 0, 0, 2, 2, 2, 2, 2, 1, 0, 2, 2, 1, 1, 2, 2, 1, 0, 0, 1, 0, 1, 1, 0, 1, 1, 0, 1, 1, 0, 0, 1, 1, 2, 2, 1, 0, 1, 2, 1, 2, 0, 2, 2, 2, 1, 0, 2, 2, 0, 0, 0, 1, 0, 0, 0, 1, 0, 2, 2, 1, 2, 1, 0, 2, 2, 0, 1, 2, 0, 1, 0, 2, 2, 2, 1, 0, 2, 2, 0, 2, 2, 0, 1, 0, 1, 2, 2, 1, 2, 2, 1, 2, 0, 2, 2, 1, 2, 0, 1, 0, 2, 0, 1, 2]
[0, 0, 1, 1, 0, 2, 1, 0, 0, 2, 1, 1, 1, 1, 1, 1, 2, 2, 2, 1, 2, 1, 1, 2, 2, 2, 2, 2, 2, 2, 1, 0, 1, 2, 2, 2, 1, 0, 1, 2, 2, 2, 0, 1, 1, 1, 1, 1, 2, 2, 1, 1, 2, 1, 0, 1, 1, 2, 0, 2, 0, 2, 2, 0, 1, 2, 0, 2, 2, 0, 0, 0, 2, 2, 0, 1, 1, 2, 0, 2, 2, 0, 0, 1, 2, 1, 2, 2, 2, 1, 0, 0, 0, 2, 2, 0, 1, 1, 0, 1, 2, 1, 2, 0, 2, 1, 2, 1, 1, 0, 2, 0, 0, 2, 2, 2, 2, 0, 2, 1, 0, 2, 0, 2, 0, 0, 0, 2, 2, 1, 2, 2, 2, 2, 2, 0, 1, 2, 1, 0, 2, 2, 2, 1, 0, 2, 2, 0, 1, 1, 0, 2, 1, 1, 2, 2, 2, 0, 1, 1, 2, 1, 2, 0, 0, 2, 2, 1, 2, 1, 1, 0, 0, 0, 1, 2, 2, 0, 0, 2, 1, 2, 0, 2, 1, 2, 0, 0, 0, 0, 1, 0, 1, 1, 0, 2, 0, 0, 1, 0, 0, 0, 0, 0, 1, 1, 2, 1, 2, 2, 0, 1, 2, 1, 2, 1, 2, 1, 1, 1, 2, 2, 1, 1, 2, 2, 1, 2, 1, 2, 0, 0, 2, 2, 1, 0, 0, 0, 0, 1, 2, 0, 2, 1, 1, 0, 0, 1, 2, 2, 1, 2, 1, 1, 2, 1, 1, 2, 1, 2, 2, 2, 1, 1, 0, 0, 1, 2, 1, 0, 0, 0, 2, 0, 0, 0, 1, 2, 0, 0, 2, 2, 2, 1, 2, 2, 2, 1, 2, 0, 0, 1, 0, 1, 2, 1, 1, 2, 1, 0, 2, 1, 2, 0, 0, 2, 1, 2, 0, 1, 2, 0, 0, 2, 1, 2, 1, 1, 0, 1, 0, 0, 1, 0, 2, 0, 0, 1, 0, 2, 1, 0, 0, 2, 1, 0]
Centroids: [[-0.33584106, 0.4035593], [0.44273117, -0.20144363], [0.49856564, 0.5272194]]
Centroids: [[0.49653164, 0.5907654], [0.49050727, -0.15607002], [-0.33584625, 0.3996309]]
Standard Derivations: [0.2329911, 0.25486112, 0.17756185]
Cluster Distances: [0.49815142, 0.43296728, 0.49815142, 0.2983761, 0.4329673, 0.29837608]
Minimal Cluster Distance: 0.29837608337402344
Contingency Matrix: 
[[  3   1 118]
 [  2  89   3]
 [ 96  18   6]]
[[3, 1, 118], [2, 89, 3], [96, 18, 6]]
[[3, 1, 118], [2, 89, 3], [96, 18, 6]]
[0, 1, 2]
[[-1, -1, -1], [2, 89, -1], [96, 18, -1]]
[[-1, -1, -1], [-1, 89, -1], [-1, -1, -1]]
[[-1, -1, -1], [-1, -1, -1], [-1, -1, -1]]
Match_Labels: {0: 2, 2: 0, 1: 1}
New Contingency Matrix: 
[[118   1   3]
 [  3  89   2]
 [  6  18  96]]
New Clustered Label Sequence: [2, 1, 0]
Diagonal_Elements: [118, 89, 96], Sum: 303
All_Elements: [118, 1, 3, 3, 89, 2, 6, 18, 96], Sum: 336
Accuracy: 0.9017857142857143
Centroids: [[0.2337104723890229, 0.35953127902628174], [0.24541878350148047, -0.09522166238942494], [-0.16494439724891438, 0.24893890926247741]]
