Seed: 3
Experiment_path: Random_Seeds_DV5//V5_2/Experiment_05_3_opt_temp
Dataset_Path: ../_00_Datasets/03_SimDaten_Quiroga2020/C_Easy2_noise015.mat
Dataset_name: ['03_SimDaten_Quiroga2020', 'C_Easy2_noise015.mat']
Variant_name: Variant_05_Online_Autoencoder_QLearning_opt_temp
Visualisation_Path: Random_Seeds_DV5//V5_2/Experiment_05_3_opt_temp/C_Easy2_noise015.mat/Variant_05_Online_Autoencoder_QLearning_opt_temp/2023_04_16-16_40_48
Normalisation: False
Template Matching: True
Optimising Autoencoder: True
Update Factor: 100
Noisy Batches: False
Noisy Factor: 0.1
Epochs: 8
Batch Size: 1
maximal Spikes for Autoencoder Training : 700
maximal Spikes for Training: 1000
Input Size: 47
Chosen Model: Autoencoder
Autoencoder(
  (encoder): Sequential(
    (0): Linear(in_features=47, out_features=12, bias=True)
    (1): LeakyReLU(negative_slope=0.01)
    (2): Linear(in_features=12, out_features=2, bias=True)
  )
  (decoder): Sequential(
    (0): Linear(in_features=2, out_features=12, bias=True)
    (1): LeakyReLU(negative_slope=0.01)
    (2): Linear(in_features=12, out_features=47, bias=True)
  )
)
MSELoss()
Adam (
Parameter Group 0
    amsgrad: False
    betas: (0.9, 0.999)
    capturable: False
    differentiable: False
    eps: 1e-08
    foreach: None
    fused: False
    lr: 0.001
    maximize: False
    weight_decay: 0
)
---Q Learning Parameters---
Normalisation: False
Punishment Coefficient: 0.6
Alpha: 0.8
Epsilon: 0.01
Gamma: 0.97
Initial Episode Number: 0
Episode Number Coefficient: 1.4
Number of Random Features: 20
Planning Number: 20
Max Random Features: 60
New Episode Number: 72
New Episode Number: 143
New Episode Number: 215
New Episode Number: 286
New Episode Number: 358
New Episode Number: 429
                0      1     2     3     4      5     6
new_cluster -5.62 -12.21 -4.26 -5.20 -4.50 -15.72 -4.42
c1          -5.58 -11.71 -4.24 -5.26 -4.62 -15.03 -4.34
c2          -5.58 -11.21 -4.21 -5.22 -4.74 -15.32 -4.51
c3          -5.62 -12.57 -4.16 -5.49 -4.70 -15.54 -4.43
c4          -5.61 -12.09 -4.18 -5.53 -4.54 -15.52 -4.35
c5          -5.61 -11.56 -4.19 -5.38 -4.61 -15.25 -4.39
c6          -5.59 -11.32 -4.24 -5.02 -4.61 -14.95 -4.46
\begin{tabular}{lrrrrrrr}
\toprule
{} &     0 &      1 &     2 &     3 &     4 &      5 &     6 \\
\midrule
new\_cluster & -5.62 & -12.21 & -4.26 & -5.20 & -4.50 & -15.72 & -4.42 \\
c1          & -5.58 & -11.71 & -4.24 & -5.26 & -4.62 & -15.03 & -4.34 \\
c2          & -5.58 & -11.21 & -4.21 & -5.22 & -4.74 & -15.32 & -4.51 \\
c3          & -5.62 & -12.57 & -4.16 & -5.49 & -4.70 & -15.54 & -4.43 \\
c4          & -5.61 & -12.09 & -4.18 & -5.53 & -4.54 & -15.52 & -4.35 \\
c5          & -5.61 & -11.56 & -4.19 & -5.38 & -4.61 & -15.25 & -4.39 \\
c6          & -5.59 & -11.32 & -4.24 & -5.02 & -4.61 & -14.95 & -4.46 \\
\bottomrule
\end{tabular}

                                0            1  ...             5            6
new_cluster  [-1.44, new_cluster]  [-8.08, c1]  ...  [-11.65, c5]  [-0.31, c6]
c1           [-1.44, new_cluster]  [-7.57, c1]  ...  [-10.98, c5]  [-0.23, c6]
c2           [-1.44, new_cluster]  [-7.09, c1]  ...  [-11.25, c5]   [-0.4, c6]
c3           [-1.44, new_cluster]  [-8.42, c1]  ...  [-11.49, c5]  [-0.32, c6]
c4           [-1.44, new_cluster]  [-7.94, c1]  ...  [-11.47, c5]  [-0.25, c6]
c5           [-1.44, new_cluster]  [-7.41, c1]  ...   [-11.2, c5]  [-0.28, c6]
c6           [-1.44, new_cluster]  [-7.21, c1]  ...   [-10.9, c5]  [-0.35, c6]

[7 rows x 7 columns]
\begin{tabular}{llllllll}
\toprule
{} &                     0 &            1 &            2 &            3 &            4 &             5 &            6 \\
\midrule
new\_cluster &  [-1.44, new\_cluster] &  [-8.08, c1] &  [-0.18, c2] &  [-1.17, c3] &  [-0.45, c4] &  [-11.65, c5] &  [-0.31, c6] \\
c1          &  [-1.44, new\_cluster] &  [-7.57, c1] &  [-0.15, c2] &  [-1.22, c3] &  [-0.56, c4] &  [-10.98, c5] &  [-0.23, c6] \\
c2          &  [-1.44, new\_cluster] &  [-7.09, c1] &  [-0.16, c2] &  [-1.15, c3] &  [-0.69, c4] &  [-11.25, c5] &   [-0.4, c6] \\
c3          &  [-1.44, new\_cluster] &  [-8.42, c1] &  [-0.09, c2] &   [-1.3, c3] &  [-0.67, c4] &  [-11.49, c5] &  [-0.32, c6] \\
c4          &  [-1.44, new\_cluster] &  [-7.94, c1] &  [-0.05, c2] &  [-1.33, c3] &   [-0.5, c4] &  [-11.47, c5] &  [-0.25, c6] \\
c5          &  [-1.44, new\_cluster] &  [-7.41, c1] &   [-0.1, c2] &  [-1.34, c3] &  [-0.59, c4] &   [-11.2, c5] &  [-0.28, c6] \\
c6          &  [-1.44, new\_cluster] &  [-7.21, c1] &  [-0.11, c2] &  [-0.97, c3] &  [-0.56, c4] &   [-10.9, c5] &  [-0.35, c6] \\
\bottomrule
\end{tabular}

