Seed: 9
Experiment_path: AE_Model_2/Random_Seeds//V3/Experiment_03_9
Dataset_Path: ../_00_Datasets/03_SimDaten_Quiroga2020/C_Difficult2_noise010.mat
Dataset_name: ['03_SimDaten_Quiroga2020', 'C_Difficult2_noise010.mat']
Variant_name: Variant_03_PCA_QLearning
Visualisation_Path: Random_Seeds//V3/Experiment_03_9/C_Difficult2_noise010.mat/Variant_03_PCA_QLearning/2023_04_20-13_26_16
PCA Components: 2
Q Learning Size: 300
---Q Learning Parameters---
Normalisation: False
Punishment Coefficient: 0.8
Alpha: 0.8
Epsilon: 0.01
Gamma: 0.97
Initial Episode Number: 0
Episode Number Coefficient: 1.4
Number of Random Features: 20
Planning Number: 20
Max Random Features: 60
New Episode Number: 72
New Episode Number: 143
New Episode Number: 215
New Episode Number: 286
New Episode Number: 358
New Episode Number: 429
                0      1     2      3      4      5      6
new_cluster -8.69 -17.39 -6.33 -13.55 -12.29 -10.30 -24.01
c1          -8.69 -17.00 -6.33 -13.27 -12.70 -10.42 -25.10
c2          -8.70 -17.60 -6.30 -12.77 -12.11 -10.91 -23.54
c3          -8.69 -17.13 -6.41 -13.33 -12.39 -10.45 -24.84
c4          -8.72 -17.45 -6.29 -13.16 -12.00 -10.46 -23.88
c5          -8.73 -17.31 -6.33 -13.26 -11.92 -10.32 -25.27
c6          -8.69 -17.59 -6.39 -13.33 -12.36 -10.48 -24.72
\begin{tabular}{lrrrrrrr}
\toprule
{} &     0 &      1 &     2 &      3 &      4 &      5 &      6 \\
\midrule
new\_cluster & -8.69 & -17.39 & -6.33 & -13.55 & -12.29 & -10.30 & -24.01 \\
c1          & -8.69 & -17.00 & -6.33 & -13.27 & -12.70 & -10.42 & -25.10 \\
c2          & -8.70 & -17.60 & -6.30 & -12.77 & -12.11 & -10.91 & -23.54 \\
c3          & -8.69 & -17.13 & -6.41 & -13.33 & -12.39 & -10.45 & -24.84 \\
c4          & -8.72 & -17.45 & -6.29 & -13.16 & -12.00 & -10.46 & -23.88 \\
c5          & -8.73 & -17.31 & -6.33 & -13.26 & -11.92 & -10.32 & -25.27 \\
c6          & -8.69 & -17.59 & -6.39 & -13.33 & -12.36 & -10.48 & -24.72 \\
\bottomrule
\end{tabular}

                                0             1  ...            5             6
new_cluster  [-2.56, new_cluster]  [-11.24, c1]  ...  [-4.15, c5]   [-17.8, c6]
c1           [-2.56, new_cluster]  [-10.86, c1]  ...  [-4.27, c5]   [-18.9, c6]
c2           [-2.56, new_cluster]  [-11.45, c1]  ...  [-4.77, c5]  [-17.33, c6]
c3           [-2.56, new_cluster]  [-11.01, c1]  ...  [-4.31, c5]  [-18.64, c6]
c4           [-2.56, new_cluster]  [-11.31, c1]  ...  [-4.32, c5]  [-17.68, c6]
c5           [-2.56, new_cluster]  [-11.12, c1]  ...  [-4.18, c5]  [-19.06, c6]
c6           [-2.56, new_cluster]   [-11.4, c1]  ...  [-4.34, c5]  [-18.51, c6]

[7 rows x 7 columns]
\begin{tabular}{llllllll}
\toprule
{} &                     0 &             1 &            2 &            3 &            4 &            5 &             6 \\
\midrule
new\_cluster &  [-2.56, new\_cluster] &  [-11.24, c1] &  [-0.18, c2] &  [-7.34, c3] &  [-6.14, c4] &  [-4.15, c5] &   [-17.8, c6] \\
c1          &  [-2.56, new\_cluster] &  [-10.86, c1] &  [-0.16, c2] &  [-7.06, c3] &   [-6.6, c4] &  [-4.27, c5] &   [-18.9, c6] \\
c2          &  [-2.56, new\_cluster] &  [-11.45, c1] &  [-0.16, c2] &  [-6.56, c3] &  [-5.97, c4] &  [-4.77, c5] &  [-17.33, c6] \\
c3          &  [-2.56, new\_cluster] &  [-11.01, c1] &   [-0.1, c2] &  [-7.11, c3] &  [-6.27, c4] &  [-4.31, c5] &  [-18.64, c6] \\
c4          &  [-2.56, new\_cluster] &  [-11.31, c1] &  [-0.18, c2] &  [-6.96, c3] &  [-5.74, c4] &  [-4.32, c5] &  [-17.68, c6] \\
c5          &  [-2.56, new\_cluster] &  [-11.12, c1] &  [-0.18, c2] &  [-7.04, c3] &  [-5.78, c4] &  [-4.18, c5] &  [-19.06, c6] \\
c6          &  [-2.56, new\_cluster] &   [-11.4, c1] &  [-0.24, c2] &  [-7.12, c3] &  [-6.22, c4] &  [-4.34, c5] &  [-18.51, c6] \\
\bottomrule
\end{tabular}

