Experiment_path: AE_Model_1/Normalization/Experiment_04
Dataset_Path: ../_00_Datasets/03_SimDaten_Quiroga2020/C_Drift_Easy2_noise015.mat
Dataset_name: ['03_SimDaten_Quiroga2020', 'C_Drift_Easy2_noise015.mat']
Variant_name: V04_Off_AE_QL
Visualisation_Path: AE_Model_1/Normalization/Experiment_04/C_Drift_Easy2_noise015.mat/V04_Off_AE_QL/2023_06_04-20_29_47
Punishment_Coefficient: 0.6
<_01_LoadDataset.ExternCode.spike_class.spike_dataclass object at 0x000002264D3B0BA8>
Sampling rate: 24000.0
Raw: [-0.11406566 -0.12673582 -0.13859424 ... -0.1533925  -0.11314303
 -0.07599672]
Times: [    141    1662    1690 ... 1437394 1438167 1439221]
Cluster: [3 3 1 ... 1 3 1]
Number of different clusters:  3
Number of Spikes: 3444
First aligned Spike Frame: [-1.36998177e-01 -1.49794115e-01 -1.51139147e-01 -1.34027918e-01
 -1.09988960e-01 -9.86934846e-02 -1.08483729e-01 -1.27522960e-01
 -1.35591044e-01 -1.26517001e-01 -9.48742956e-02 -8.16393331e-04
  2.25765217e-01  5.72256463e-01  8.98736621e-01  1.04373325e+00
  9.77396764e-01  8.07455467e-01  6.41295597e-01  5.04504644e-01
  3.89667525e-01  2.93991016e-01  2.08446734e-01  1.08695180e-01
 -1.90255699e-02 -1.51076860e-01 -2.47294168e-01 -3.00867038e-01
 -3.38922213e-01 -3.74759690e-01 -3.88805853e-01 -3.48577503e-01
 -2.56264435e-01 -1.52199911e-01 -7.91585816e-02 -5.05132281e-02
 -5.44251469e-02 -6.88811373e-02 -7.02917794e-02 -5.09609752e-02
 -2.91934475e-02 -2.32878628e-02 -2.62245500e-02 -1.24323704e-02
  2.48287815e-02  6.36178972e-02  8.45690766e-02]
Cluster 0, Occurrences: 1142
Cluster 1, Occurrences: 1180
Cluster 2, Occurrences: 1122
Train Index: 3100
x_train: 3100
y_train: 3100
x_test: 344
y_test: 344
<torch.utils.data.dataloader.DataLoader object at 0x000002264D28F160>
<torch.utils.data.dataloader.DataLoader object at 0x00000226493517F0>
Epoch [1/8]: mean_loss=0.0002670403972508446
Epoch [2/8]: mean_loss=0.00016174954332170947
Epoch [3/8]: mean_loss=0.00015437879652205493
Epoch [4/8]: mean_loss=0.0001521310032225184
Epoch [5/8]: mean_loss=0.00015070715633731696
Epoch [6/8]: mean_loss=0.000149470210871509
Epoch [7/8]: mean_loss=0.00014916923295165742
Epoch [8/8]: mean_loss=0.00014877713600834532
Number of Clusters: 3
Number of Samples after Autoencoder testing: 344
First Spike after testing: [0.8779669 1.2642552]
[2, 2, 1, 1, 1, 1, 2, 1, 1, 2, 2, 0, 1, 1, 2, 0, 0, 1, 1, 2, 0, 2, 1, 0, 2, 1, 1, 2, 1, 1, 0, 0, 1, 2, 0, 2, 1, 1, 0, 0, 1, 1, 1, 1, 0, 2, 0, 0, 2, 1, 2, 0, 0, 1, 0, 0, 0, 1, 2, 1, 2, 2, 1, 0, 0, 2, 1, 2, 1, 1, 1, 1, 1, 1, 2, 1, 1, 1, 0, 0, 1, 2, 2, 2, 1, 2, 1, 2, 0, 0, 0, 1, 0, 2, 2, 2, 1, 1, 0, 2, 1, 2, 2, 2, 1, 1, 0, 1, 0, 1, 2, 2, 0, 0, 2, 1, 1, 0, 1, 2, 0, 2, 1, 0, 0, 0, 0, 2, 2, 1, 0, 0, 2, 1, 2, 1, 0, 2, 2, 1, 0, 1, 1, 0, 0, 0, 0, 1, 0, 1, 0, 1, 1, 1, 1, 1, 1, 1, 1, 1, 1, 1, 0, 2, 2, 1, 0, 0, 1, 1, 1, 0, 1, 0, 0, 0, 1, 0, 1, 2, 0, 0, 1, 0, 2, 2, 1, 1, 2, 1, 2, 0, 1, 2, 2, 1, 1, 1, 0, 2, 1, 2, 1, 1, 1, 1, 2, 0, 0, 1, 1, 2, 0, 1, 1, 1, 2, 1, 2, 0, 2, 0, 2, 1, 2, 1, 0, 2, 0, 2, 0, 1, 1, 2, 2, 2, 2, 0, 1, 2, 1, 2, 0, 0, 1, 0, 0, 1, 2, 1, 2, 1, 0, 2, 0, 0, 0, 2, 0, 1, 0, 0, 1, 0, 0, 1, 2, 2, 2, 0, 2, 2, 1, 2, 0, 2, 0, 1, 1, 2, 0, 0, 0, 1, 0, 2, 1, 1, 1, 2, 2, 1, 1, 0, 0, 1, 1, 2, 2, 0, 1, 0, 0, 2, 2, 1, 2, 1, 0, 2, 0, 0, 2, 2, 2, 2, 1, 0, 2, 0, 0, 2, 1, 2, 2, 1, 1, 2, 2, 2, 2, 1, 2, 1, 1, 2, 0, 1, 1, 1, 1, 0, 2, 0]
[0, 0, 1, 1, 1, 1, 0, 1, 1, 0, 0, 1, 1, 1, 0, 1, 1, 1, 1, 0, 1, 0, 1, 1, 0, 1, 1, 0, 1, 1, 1, 1, 1, 0, 1, 0, 1, 1, 1, 1, 1, 1, 1, 1, 1, 0, 1, 1, 0, 1, 0, 1, 1, 1, 1, 1, 1, 1, 0, 2, 0, 0, 1, 1, 1, 0, 1, 0, 1, 1, 1, 1, 1, 1, 0, 1, 1, 1, 2, 2, 1, 0, 0, 0, 1, 0, 1, 0, 2, 2, 2, 1, 2, 0, 0, 0, 1, 1, 2, 0, 1, 0, 0, 0, 1, 1, 1, 1, 2, 1, 0, 0, 2, 2, 0, 1, 1, 2, 1, 0, 2, 0, 1, 2, 2, 2, 1, 0, 0, 1, 2, 2, 0, 1, 0, 1, 2, 0, 0, 1, 2, 1, 1, 2, 2, 2, 2, 1, 2, 1, 2, 2, 1, 1, 1, 1, 1, 1, 1, 2, 1, 1, 1, 0, 0, 1, 2, 2, 1, 1, 1, 2, 1, 2, 2, 2, 1, 2, 1, 3, 1, 2, 1, 1, 0, 0, 1, 1, 0, 1, 0, 2, 1, 0, 0, 1, 1, 1, 2, 0, 1, 0, 1, 1, 1, 1, 0, 2, 2, 1, 1, 0, 2, 1, 1, 1, 0, 1, 0, 1, 3, 2, 0, 1, 0, 1, 1, 0, 2, 0, 2, 1, 1, 0, 0, 0, 0, 2, 1, 0, 1, 0, 2, 2, 1, 2, 2, 1, 0, 1, 0, 1, 2, 0, 2, 2, 2, 0, 2, 1, 2, 2, 1, 2, 2, 1, 0, 0, 0, 2, 0, 0, 1, 1, 2, 0, 2, 1, 1, 0, 2, 1, 2, 1, 1, 0, 1, 1, 1, 0, 0, 2, 1, 1, 2, 1, 1, 0, 0, 2, 1, 2, 2, 0, 0, 1, 0, 1, 2, 0, 2, 2, 0, 3, 0, 0, 1, 2, 3, 2, 2, 3, 1, 0, 0, 1, 1, 0, 0, 0, 0, 1, 0, 1, 1, 0, 2, 1, 1, 1, 1, 2, 0, 2]
Centroids: [[0.21487008, -0.9336873], [0.5169603, -0.36128855], [-0.0032921485, 1.4458593]]
Centroids: [[-0.041632008, 1.4315625], [0.4812299, -0.41356832], [0.19589081, -1.0074762], [0.53853333, 1.9469669]]
Standard Derivations: [0.17260925, 0.20806836, 0.22621465]
Cluster Distances: [0.2665463, 1.9907026, 0.2665463, 1.446261, 1.9907027, 1.446261]
Minimal Cluster Distance: 0.2665463089942932
Contingency Matrix: 
[[  0  30  73   0]
 [  0 131   4   0]
 [100   1   0   5]]
[[0, 30, 73, 0], [0, 131, 4, 0], [100, 1, 0, 5]]
[[0, 30, 73, 0], [0, 131, 4, 0], [100, 1, 0, 5]]
[0, 1, 2, 3]
[[0, -1, 73, 0], [-1, -1, -1, -1], [100, -1, 0, 5]]
[[-1, -1, 73, 0], [-1, -1, -1, -1], [-1, -1, -1, -1]]
[[-1, -1, -1, -1], [-1, -1, -1, -1], [-1, -1, -1, -1]]
Match_Labels: {1: 1, 2: 0, 0: 2}
New Contingency Matrix: 
[[ 73  30   0   0]
 [  4 131   0   0]
 [  0   1 100   5]]
New Clustered Label Sequence: [2, 1, 0, 3]
Diagonal_Elements: [73, 131, 100], Sum: 304
All_Elements: [73, 30, 0, 0, 4, 131, 0, 0, 0, 1, 100, 5], Sum: 344
Accuracy: 0.8837209302325582
