Seed: 0
Experiment_path: AE_Model_1/Normalization/Experiment_04
Dataset_Path: ../_00_Datasets/03_SimDaten_Quiroga2020/C_Drift_Easy2_noise015.mat
Dataset_name: ['03_SimDaten_Quiroga2020', 'C_Drift_Easy2_noise015.mat']
Variant_name: V04_Off_AE_QL
Visualisation_Path: AE_Model_1/Normalization/Experiment_04/C_Drift_Easy2_noise015.mat/V04_Off_AE_QL/2023_06_04-20_29_47
Split Ratio: 0.9
Epochs: 8
Batch Size: 1
Input Size: 47
Number of Features: 2
Chosen Model: Autoencoder
Autoencoder(
  (encoder): Sequential(
    (0): Linear(in_features=47, out_features=12, bias=True)
    (1): LeakyReLU(negative_slope=0.01)
    (2): Linear(in_features=12, out_features=2, bias=True)
  )
  (decoder): Sequential(
    (0): Linear(in_features=2, out_features=12, bias=True)
    (1): LeakyReLU(negative_slope=0.01)
    (2): Linear(in_features=12, out_features=47, bias=True)
  )
)
MSELoss()
Adam (
Parameter Group 0
    amsgrad: False
    betas: (0.9, 0.999)
    capturable: False
    differentiable: False
    eps: 1e-08
    foreach: None
    fused: False
    lr: 0.001
    maximize: False
    weight_decay: 0
)
---Q Learning Parameters---
Normalisation: False
Punishment Coefficient: 0.6
Alpha: 0.8
Epsilon: 0.01
Gamma: 0.97
Initial Episode Number: 0
Episode Number Coefficient: 1.4
Number of Random Features: 20
Planning Number: 20
Max Random Features: 60
New Episode Number: 72
New Episode Number: 143
New Episode Number: 215
New Episode Number: 286
                0     1     2     3      4
new_cluster -2.79 -7.20 -2.04 -1.31 -10.47
c1          -2.71 -7.91 -2.24 -1.32 -10.99
c2          -2.72 -7.83 -1.95 -1.33 -11.24
c3          -2.71 -7.96 -2.24 -1.33  -9.62
c4          -2.71 -7.75 -2.04 -1.30 -10.18
\begin{tabular}{lrrrrr}
\toprule
{} &     0 &     1 &     2 &     3 &      4 \\
\midrule
new\_cluster & -2.79 & -7.20 & -2.04 & -1.31 & -10.47 \\
c1          & -2.71 & -7.91 & -2.24 & -1.32 & -10.99 \\
c2          & -2.72 & -7.83 & -1.95 & -1.33 & -11.24 \\
c3          & -2.71 & -7.96 & -2.24 & -1.33 &  -9.62 \\
c4          & -2.71 & -7.75 & -2.04 & -1.30 & -10.18 \\
\bottomrule
\end{tabular}

                                0            1  ...            3            4
new_cluster  [-1.44, new_cluster]  [-5.93, c1]  ...  [-0.02, c3]  [-9.19, c4]
c1           [-1.44, new_cluster]  [-6.63, c1]  ...  [-0.03, c3]  [-9.72, c4]
c2           [-1.44, new_cluster]  [-6.55, c1]  ...  [-0.04, c3]  [-9.97, c4]
c3           [-1.44, new_cluster]  [-6.68, c1]  ...  [-0.03, c3]  [-8.35, c4]
c4           [-1.44, new_cluster]  [-6.47, c1]  ...  [-0.02, c3]  [-8.92, c4]

[5 rows x 5 columns]
\begin{tabular}{llllll}
\toprule
{} &                     0 &            1 &            2 &            3 &            4 \\
\midrule
new\_cluster &  [-1.44, new\_cluster] &  [-5.93, c1] &  [-0.75, c2] &  [-0.02, c3] &  [-9.19, c4] \\
c1          &  [-1.44, new\_cluster] &  [-6.63, c1] &  [-0.95, c2] &  [-0.03, c3] &  [-9.72, c4] \\
c2          &  [-1.44, new\_cluster] &  [-6.55, c1] &  [-0.66, c2] &  [-0.04, c3] &  [-9.97, c4] \\
c3          &  [-1.44, new\_cluster] &  [-6.68, c1] &  [-0.94, c2] &  [-0.03, c3] &  [-8.35, c4] \\
c4          &  [-1.44, new\_cluster] &  [-6.47, c1] &  [-0.74, c2] &  [-0.02, c3] &  [-8.92, c4] \\
\bottomrule
\end{tabular}

