Seed: 3
Experiment_path: AE_Model_1/Random_Seeds//V5/Experiment_05_3
Dataset_Path: ../_00_Datasets/03_SimDaten_Quiroga2020/C_Easy2_noise020.mat
Dataset_name: ['03_SimDaten_Quiroga2020', 'C_Easy2_noise020.mat']
Variant_name: Variant_05_Online_Autoencoder_QLearning
Visualisation_Path: Random_Seeds//V5/Experiment_05_3/C_Easy2_noise020.mat/Variant_05_Online_Autoencoder_QLearning/2023_04_15-13_12_10
Normalisation: False
Template Matching: False
Optimising Autoencoder: False
Update Factor: 100
Noisy Batches: False
Noisy Factor: 0.1
Epochs: 8
Batch Size: 1
maximal Spikes for Autoencoder Training : 700
maximal Spikes for Training: 1000
Input Size: 47
Chosen Model: Autoencoder
Autoencoder(
  (encoder): Sequential(
    (0): Linear(in_features=47, out_features=12, bias=True)
    (1): LeakyReLU(negative_slope=0.01)
    (2): Linear(in_features=12, out_features=2, bias=True)
  )
  (decoder): Sequential(
    (0): Linear(in_features=2, out_features=12, bias=True)
    (1): LeakyReLU(negative_slope=0.01)
    (2): Linear(in_features=12, out_features=47, bias=True)
  )
)
MSELoss()
Adam (
Parameter Group 0
    amsgrad: False
    betas: (0.9, 0.999)
    capturable: False
    differentiable: False
    eps: 1e-08
    foreach: None
    fused: False
    lr: 0.001
    maximize: False
    weight_decay: 0
)
---Q Learning Parameters---
Normalisation: False
Punishment Coefficient: 0.8
Alpha: 0.8
Epsilon: 0.01
Gamma: 0.97
Initial Episode Number: 0
Episode Number Coefficient: 1.4
Number of Random Features: 20
Planning Number: 20
Max Random Features: 60
New Episode Number: 72
New Episode Number: 143
New Episode Number: 215
New Episode Number: 286
New Episode Number: 358
                 0     1      2     3      4      5
new_cluster -10.89 -8.60 -15.08 -9.33 -15.07  -9.57
c1          -10.89 -9.08 -14.87 -9.59 -15.40  -9.91
c2          -10.90 -9.06 -15.04 -9.44 -15.44  -9.71
c3          -10.90 -8.98 -15.41 -9.42 -15.49 -10.11
c4          -10.89 -8.98 -14.64 -9.24 -15.35  -9.74
c5          -10.90 -8.95 -14.97 -9.38 -14.74  -9.43
\begin{tabular}{lrrrrrr}
\toprule
{} &      0 &     1 &      2 &     3 &      4 &      5 \\
\midrule
new\_cluster & -10.89 & -8.60 & -15.08 & -9.33 & -15.07 &  -9.57 \\
c1          & -10.89 & -9.08 & -14.87 & -9.59 & -15.40 &  -9.91 \\
c2          & -10.90 & -9.06 & -15.04 & -9.44 & -15.44 &  -9.71 \\
c3          & -10.90 & -8.98 & -15.41 & -9.42 & -15.49 & -10.11 \\
c4          & -10.89 & -8.98 & -14.64 & -9.24 & -15.35 &  -9.74 \\
c5          & -10.90 & -8.95 & -14.97 & -9.38 & -14.74 &  -9.43 \\
\bottomrule
\end{tabular}

                                0            1  ...            4            5
new_cluster  [-2.56, new_cluster]  [-0.08, c1]  ...  [-6.37, c4]  [-1.16, c5]
c1           [-2.56, new_cluster]  [-0.27, c1]  ...   [-6.7, c4]  [-1.48, c5]
c2           [-2.56, new_cluster]  [-0.21, c1]  ...  [-6.82, c4]  [-1.12, c5]
c3           [-2.56, new_cluster]  [-0.25, c1]  ...  [-6.79, c4]  [-1.48, c5]
c4           [-2.56, new_cluster]  [-0.13, c1]  ...  [-6.65, c4]  [-1.15, c5]
c5           [-2.56, new_cluster]  [-0.15, c1]  ...  [-6.47, c4]  [-1.08, c5]

[6 rows x 6 columns]
\begin{tabular}{lllllll}
\toprule
{} &                     0 &            1 &            2 &            3 &            4 &            5 \\
\midrule
new\_cluster &  [-2.56, new\_cluster] &  [-0.08, c1] &   [-6.3, c2] &  [-0.93, c3] &  [-6.37, c4] &  [-1.16, c5] \\
c1          &  [-2.56, new\_cluster] &  [-0.27, c1] &  [-6.35, c2] &  [-0.95, c3] &   [-6.7, c4] &  [-1.48, c5] \\
c2          &  [-2.56, new\_cluster] &  [-0.21, c1] &  [-6.26, c2] &  [-1.01, c3] &  [-6.82, c4] &  [-1.12, c5] \\
c3          &  [-2.56, new\_cluster] &  [-0.25, c1] &  [-6.63, c2] &  [-1.02, c3] &  [-6.79, c4] &  [-1.48, c5] \\
c4          &  [-2.56, new\_cluster] &  [-0.13, c1] &  [-6.19, c2] &  [-0.84, c3] &  [-6.65, c4] &  [-1.15, c5] \\
c5          &  [-2.56, new\_cluster] &  [-0.15, c1] &  [-6.54, c2] &  [-0.98, c3] &  [-6.47, c4] &  [-1.08, c5] \\
\bottomrule
\end{tabular}

