Seed: 0
Experiment_path: Base_Line_W_PC//0.4/Experiment_05
Dataset_Path: ../_00_Datasets/03_SimDaten_Quiroga2020/C_Difficult2_noise010.mat
Dataset_name: ['03_SimDaten_Quiroga2020', 'C_Difficult2_noise010.mat']
Variant_name: Variant_05_Online_Autoencoder_QLearning
Visualisation_Path: Base_Line_W_PC//0.4/Experiment_05/C_Difficult2_noise010.mat/Variant_05_Online_Autoencoder_QLearning/2023_04_09-17_39_31
Normalisation: False
Template Matching: False
Optimising Autoencoder: False
Update Factor: 100
Noisy Batches: False
Noisy Factor: 0.1
Epochs: 8
Batch Size: 1
maximal Spikes for Autoencoder Training : 700
maximal Spikes for Training: 1000
Input Size: 47
Chosen Model: Autoencoder
Autoencoder(
  (encoder): Sequential(
    (0): Linear(in_features=47, out_features=12, bias=True)
    (1): LeakyReLU(negative_slope=0.01)
    (2): Linear(in_features=12, out_features=2, bias=True)
  )
  (decoder): Sequential(
    (0): Linear(in_features=2, out_features=12, bias=True)
    (1): LeakyReLU(negative_slope=0.01)
    (2): Linear(in_features=12, out_features=47, bias=True)
  )
)
MSELoss()
Adam (
Parameter Group 0
    amsgrad: False
    betas: (0.9, 0.999)
    capturable: False
    differentiable: False
    eps: 1e-08
    foreach: None
    fused: False
    lr: 0.001
    maximize: False
    weight_decay: 0
)
---Q Learning Parameters---
Normalisation: False
Punishment Coefficient: 0.4
Alpha: 0.8
Epsilon: 0.01
Gamma: 0.97
Initial Episode Number: 0
Episode Number Coefficient: 1.4
Number of Random Features: 20
Planning Number: 20
Max Random Features: 60
New Episode Number: 72
New Episode Number: 143
New Episode Number: 215
                0     1     2     3
new_cluster -0.72 -1.98 -0.08 -0.87
c1          -0.72 -1.86 -0.08 -0.86
c2          -0.72 -1.78 -0.08 -0.95
c3          -0.72 -2.07 -0.08  0.00
\begin{tabular}{lrrrr}
\toprule
{} &     0 &     1 &     2 &     3 \\
\midrule
new\_cluster & -0.72 & -1.98 & -0.08 & -0.87 \\
c1          & -0.72 & -1.86 & -0.08 & -0.86 \\
c2          & -0.72 & -1.78 & -0.08 & -0.95 \\
c3          & -0.72 & -2.07 & -0.08 &  0.00 \\
\bottomrule
\end{tabular}

                                0            1            2            3
new_cluster  [-0.64, new_cluster]   [-1.9, c1]   [-0.0, c2]  [-0.87, c3]
c1           [-0.64, new_cluster]  [-1.77, c1]  [-0.01, c2]  [-0.86, c3]
c2           [-0.64, new_cluster]   [-1.7, c1]  [-0.01, c2]  [-0.95, c3]
c3           [-0.64, new_cluster]  [-1.99, c1]   [-0.0, c2]        [0, ]
\begin{tabular}{lllll}
\toprule
{} &                     0 &            1 &            2 &            3 \\
\midrule
new\_cluster &  [-0.64, new\_cluster] &   [-1.9, c1] &   [-0.0, c2] &  [-0.87, c3] \\
c1          &  [-0.64, new\_cluster] &  [-1.77, c1] &  [-0.01, c2] &  [-0.86, c3] \\
c2          &  [-0.64, new\_cluster] &   [-1.7, c1] &  [-0.01, c2] &  [-0.95, c3] \\
c3          &  [-0.64, new\_cluster] &  [-1.99, c1] &   [-0.0, c2] &        [0, ] \\
\bottomrule
\end{tabular}

