Seed: 6
Experiment_path: Random_Seeds_DV5//V5_2/Experiment_05_6_opt_temp
Dataset_Path: ../_00_Datasets/03_SimDaten_Quiroga2020/C_Difficult1_noise020.mat
Dataset_name: ['03_SimDaten_Quiroga2020', 'C_Difficult1_noise020.mat']
Variant_name: Variant_05_Online_Autoencoder_QLearning_opt_temp
Visualisation_Path: Random_Seeds_DV5//V5_2/Experiment_05_6_opt_temp/C_Difficult1_noise020.mat/Variant_05_Online_Autoencoder_QLearning_opt_temp/2023_04_16-16_27_16
Normalisation: False
Template Matching: True
Optimising Autoencoder: True
Update Factor: 100
Noisy Batches: False
Noisy Factor: 0.1
Epochs: 8
Batch Size: 1
maximal Spikes for Autoencoder Training : 700
maximal Spikes for Training: 1000
Input Size: 47
Chosen Model: Autoencoder
Autoencoder(
  (encoder): Sequential(
    (0): Linear(in_features=47, out_features=12, bias=True)
    (1): LeakyReLU(negative_slope=0.01)
    (2): Linear(in_features=12, out_features=2, bias=True)
  )
  (decoder): Sequential(
    (0): Linear(in_features=2, out_features=12, bias=True)
    (1): LeakyReLU(negative_slope=0.01)
    (2): Linear(in_features=12, out_features=47, bias=True)
  )
)
MSELoss()
Adam (
Parameter Group 0
    amsgrad: False
    betas: (0.9, 0.999)
    capturable: False
    differentiable: False
    eps: 1e-08
    foreach: None
    fused: False
    lr: 0.001
    maximize: False
    weight_decay: 0
)
---Q Learning Parameters---
Normalisation: False
Punishment Coefficient: 0.6
Alpha: 0.8
Epsilon: 0.01
Gamma: 0.97
Initial Episode Number: 0
Episode Number Coefficient: 1.4
Number of Random Features: 20
Planning Number: 20
Max Random Features: 60
New Episode Number: 72
New Episode Number: 143
New Episode Number: 215
New Episode Number: 286
New Episode Number: 358
New Episode Number: 429
New Episode Number: 500
New Episode Number: 572
New Episode Number: 643
New Episode Number: 715
New Episode Number: 786
New Episode Number: 858
New Episode Number: 929
New Episode Number: 1000
New Episode Number: 1072
New Episode Number: 1143
New Episode Number: 1215
New Episode Number: 1286
New Episode Number: 1358
New Episode Number: 1429
New Episode Number: 1501
New Episode Number: 1572
New Episode Number: 1643
New Episode Number: 1715
New Episode Number: 1786
New Episode Number: 1858
New Episode Number: 1929
               0      1      2     3     4   ...     23     24     25    26     27
new_cluster -4.31 -15.36 -16.55 -3.91 -6.21  ... -13.50 -33.13 -28.93 -5.43 -66.14
c1          -4.39 -15.18 -15.70 -4.18 -5.79  ... -12.66 -33.83 -28.71 -5.48 -66.14
c2          -4.36 -15.00 -16.20 -4.08 -6.94  ... -14.20 -35.39 -29.58 -5.59 -66.14
c3          -4.43 -14.71 -16.90 -4.09 -6.49  ... -14.16 -33.37 -28.85 -5.49 -66.14
c4          -4.34 -15.64 -16.91 -3.96 -6.10  ... -12.42 -33.12 -28.67 -5.44 -66.14
c5          -4.36 -14.37 -16.01 -4.30 -6.67  ... -14.61 -35.08 -29.80 -5.86 -66.14
c6          -4.35 -15.70 -16.54 -3.83 -6.31  ... -13.48 -32.71 -29.14 -5.84 -66.14
c7          -4.32 -14.55 -16.74 -4.17 -5.84  ... -13.97 -33.04 -30.07 -5.59 -66.14
c8          -4.29 -14.43 -16.57 -4.09 -5.85  ... -13.70 -32.96 -29.22 -5.79 -66.14
c9          -4.36 -15.86 -15.97 -4.02 -6.37  ... -14.33 -33.17 -29.84 -5.81 -66.14
c10         -4.20 -14.71 -16.09 -4.20 -7.07  ... -14.52 -32.31 -28.71 -5.80 -66.14
c11         -4.36 -14.75 -15.92 -3.98 -6.10  ... -12.81 -34.59 -30.14 -6.31 -66.14
c12         -4.33 -15.14 -16.21 -4.27 -6.42  ... -13.97 -33.81 -28.67 -5.67 -66.14
c13         -4.36 -13.95 -15.61 -3.94 -5.90  ... -13.73 -33.86 -29.22 -5.96 -66.14
c14         -4.35 -14.57 -15.04 -4.15 -6.31  ... -13.67 -33.38 -28.96 -5.49 -66.14
c15         -4.21 -15.08 -16.06 -4.22 -5.99  ... -13.74 -32.96 -28.71 -5.67 -66.14
c16         -4.43 -15.94 -16.99 -3.65 -6.69  ... -13.96 -33.74 -28.96 -5.58 -66.14
c17         -4.44 -15.38 -14.99 -3.69 -5.81  ... -13.77 -35.39 -29.36 -5.56 -66.14
c18         -4.29 -15.57 -16.21 -4.22 -6.98  ... -14.43 -34.10 -28.85 -6.02 -66.14
c19         -4.36 -15.32 -15.27 -4.11 -5.85  ... -14.17 -34.63 -28.38 -5.76 -66.14
c20         -4.35 -15.18 -15.44 -4.07 -6.43  ... -13.66 -33.40 -28.85 -5.60 -66.14
c21         -4.39 -15.42 -16.52 -4.16 -6.65  ... -13.96 -34.53 -28.50 -5.83 -66.14
c22         -4.36 -14.91 -16.50 -4.16 -6.18  ... -12.52 -34.33 -29.47 -5.94 -66.14
c23         -4.35 -15.13 -15.31 -4.36 -6.84  ... -13.25 -34.68 -29.00 -5.37   0.00
c24         -4.44 -15.57 -16.39 -3.95 -6.28  ... -13.58 -34.69 -30.66 -6.30   0.00
c25         -4.36 -15.10 -16.18 -3.75 -5.68  ... -13.61 -35.45 -28.74 -5.87   0.00
c26         -4.44 -14.41 -16.04 -4.02 -6.07  ... -14.17 -33.45 -29.22 -5.86 -66.14
c27         -4.35 -16.57 -16.04 -4.16 -6.91  ...   0.00   0.00   0.00  0.00   0.00

[28 rows x 28 columns]
\begin{tabular}{lrrrrrrrrrrrrrrrrrrrrrrrrrrrr}
\toprule
{} &    0  &     1  &     2  &    3  &    4  &    5  &     6  &     7  &     8  &     9  &    10 &     11 &    12 &    13 &    14 &     15 &    16 &     17 &     18 &     19 &     20 &    21 &    22 &     23 &     24 &     25 &    26 &     27 \\
\midrule
new\_cluster & -4.31 & -15.36 & -16.55 & -3.91 & -6.21 & -5.64 & -25.61 & -12.37 & -50.65 & -32.45 & -2.99 & -11.08 & -8.16 & -4.94 & -6.42 & -11.57 & -5.96 & -15.37 & -20.18 & -26.88 & -48.73 & -9.29 & -4.29 & -13.50 & -33.13 & -28.93 & -5.43 & -66.14 \\
c1          & -4.39 & -15.18 & -15.70 & -4.18 & -5.79 & -6.11 & -26.60 & -11.93 & -51.69 & -33.34 & -3.15 & -10.95 & -8.11 & -4.88 & -7.26 & -11.88 & -5.90 & -15.37 & -20.74 & -25.25 & -48.91 & -9.29 & -4.34 & -12.66 & -33.83 & -28.71 & -5.48 & -66.14 \\
c2          & -4.36 & -15.00 & -16.20 & -4.08 & -6.94 & -6.18 & -26.66 & -12.87 & -51.28 & -32.41 & -3.24 & -11.24 & -8.10 & -4.71 & -7.28 & -10.98 & -6.13 & -15.37 & -19.90 & -26.25 & -48.73 & -9.29 & -4.31 & -14.20 & -35.39 & -29.58 & -5.59 & -66.14 \\
c3          & -4.43 & -14.71 & -16.90 & -4.09 & -6.49 & -5.23 & -28.29 & -11.42 & -51.43 & -33.45 & -2.87 & -10.93 & -7.71 & -4.55 & -7.10 & -10.97 & -5.73 & -15.37 & -20.27 & -26.02 & -48.63 & -9.28 & -4.19 & -14.16 & -33.37 & -28.85 & -5.49 & -66.14 \\
c4          & -4.34 & -15.64 & -16.91 & -3.96 & -6.10 & -6.74 & -28.45 & -11.99 & -51.69 & -32.52 & -2.86 & -11.16 & -7.47 & -5.00 & -6.88 & -11.40 & -5.91 & -15.37 & -20.92 & -25.68 & -48.75 & -9.31 & -4.35 & -12.42 & -33.12 & -28.67 & -5.44 & -66.14 \\
c5          & -4.36 & -14.37 & -16.01 & -4.30 & -6.67 & -5.60 & -28.66 & -12.29 & -51.35 & -34.41 & -2.78 & -11.20 & -8.41 & -4.44 & -6.58 & -11.59 & -6.54 & -15.37 & -20.90 & -25.79 & -48.67 & -9.27 & -4.35 & -14.61 & -35.08 & -29.80 & -5.86 & -66.14 \\
c6          & -4.35 & -15.70 & -16.54 & -3.83 & -6.31 & -6.13 & -28.72 & -11.72 & -52.69 & -32.56 & -2.86 & -10.90 & -7.46 & -4.55 & -6.35 & -11.43 & -5.82 & -15.37 & -20.66 & -26.09 & -48.71 & -9.31 & -4.18 & -13.48 & -32.71 & -29.14 & -5.84 & -66.14 \\
c7          & -4.32 & -14.55 & -16.74 & -4.17 & -5.84 & -5.94 & -25.43 & -11.45 & -51.11 & -33.41 & -2.92 & -11.24 & -7.71 & -4.53 & -6.47 & -12.12 & -5.78 & -15.37 & -19.36 & -26.58 & -48.69 & -9.24 & -4.26 & -13.97 & -33.04 & -30.07 & -5.59 & -66.14 \\
c8          & -4.29 & -14.43 & -16.57 & -4.09 & -5.85 & -5.63 & -27.74 & -11.51 & -51.33 & -33.45 & -2.88 & -11.07 & -8.45 & -4.87 & -6.28 & -11.09 & -5.66 & -15.37 & -21.36 & -25.58 & -48.60 & -9.26 & -4.13 & -13.70 & -32.96 & -29.22 & -5.79 & -66.14 \\
c9          & -4.36 & -15.86 & -15.97 & -4.02 & -6.37 & -6.13 & -28.03 & -11.76 & -51.12 & -33.37 & -3.07 & -11.26 & -7.87 & -4.54 & -6.58 & -10.90 & -5.59 & -15.36 & -20.26 & -26.06 & -48.54 & -9.28 & -4.32 & -14.33 & -33.17 & -29.84 & -5.81 & -66.14 \\
c10         & -4.20 & -14.71 & -16.09 & -4.20 & -7.07 & -6.28 & -27.21 & -11.29 & -51.77 & -32.33 & -2.73 & -11.38 & -7.89 & -4.63 & -6.74 & -11.29 & -6.22 & -15.37 & -20.62 & -26.72 & -48.67 & -9.23 & -4.22 & -14.52 & -32.31 & -28.71 & -5.80 & -66.14 \\
c11         & -4.36 & -14.75 & -15.92 & -3.98 & -6.10 & -6.10 & -26.75 & -11.96 & -51.90 & -33.92 & -3.00 & -11.20 & -7.95 & -5.16 & -6.69 & -10.25 & -5.61 & -15.37 & -20.01 & -25.22 & -48.90 & -9.20 & -4.00 & -12.81 & -34.59 & -30.14 & -6.31 & -66.14 \\
c12         & -4.33 & -15.14 & -16.21 & -4.27 & -6.42 & -6.14 & -29.05 & -12.02 & -52.29 & -34.18 & -2.96 & -11.49 & -7.30 & -4.44 & -6.71 & -10.71 & -5.35 & -15.37 & -19.88 & -25.20 & -48.78 & -9.29 & -4.09 & -13.97 & -33.81 & -28.67 & -5.67 & -66.14 \\
c13         & -4.36 & -13.95 & -15.61 & -3.94 & -5.90 & -6.49 & -27.72 & -12.86 & -49.77 & -34.26 & -3.04 & -11.26 & -8.30 & -5.05 & -6.90 & -11.20 & -5.86 & -15.37 & -20.00 & -25.86 & -48.83 & -9.30 & -4.02 & -13.73 & -33.86 & -29.22 & -5.96 & -66.14 \\
c14         & -4.35 & -14.57 & -15.04 & -4.15 & -6.31 & -5.48 & -28.43 & -11.50 & -52.39 & -32.23 & -2.89 & -11.02 & -8.06 & -5.17 & -7.28 & -11.52 & -5.79 & -15.37 & -21.16 & -26.22 & -48.66 & -9.27 & -4.40 & -13.67 & -33.38 & -28.96 & -5.49 & -66.14 \\
c15         & -4.21 & -15.08 & -16.06 & -4.22 & -5.99 & -5.84 & -27.43 & -11.59 & -52.27 & -33.79 & -2.99 & -11.19 & -7.81 & -5.34 & -6.68 & -11.22 & -5.62 & -15.35 & -21.21 & -26.83 & -48.64 & -9.29 & -4.36 & -13.74 & -32.96 & -28.71 & -5.67 & -66.14 \\
c16         & -4.43 & -15.94 & -16.99 & -3.65 & -6.69 & -6.04 & -27.33 & -12.58 & -51.40 & -34.03 & -3.02 & -10.87 & -8.03 & -4.50 & -6.69 & -10.96 & -6.12 & -15.37 & -20.87 & -26.18 & -48.75 & -9.29 & -4.17 & -13.96 & -33.74 & -28.96 & -5.58 & -66.14 \\
c17         & -4.44 & -15.38 & -14.99 & -3.69 & -5.81 & -6.10 & -28.28 & -12.12 & -51.43 & -33.38 & -3.00 & -11.11 & -6.78 & -4.61 & -7.18 & -11.94 & -5.97 & -15.35 & -20.68 & -26.59 & -48.62 & -9.29 & -4.26 & -13.77 & -35.39 & -29.36 & -5.56 & -66.14 \\
c18         & -4.29 & -15.57 & -16.21 & -4.22 & -6.98 & -6.17 & -28.17 & -12.16 & -52.37 & -32.45 & -2.88 & -10.96 & -8.02 & -4.40 & -6.48 & -11.52 & -5.65 & -15.37 & -19.93 & -24.97 & -48.73 & -9.27 & -4.21 & -14.43 & -34.10 & -28.85 & -6.02 & -66.14 \\
c19         & -4.36 & -15.32 & -15.27 & -4.11 & -5.85 & -6.14 & -28.24 & -11.58 & -51.68 & -33.34 & -2.99 & -11.14 & -7.44 & -4.80 & -6.55 & -12.12 & -6.04 & -15.35 & -20.51 & -25.48 & -48.74 & -9.17 & -4.12 & -14.17 & -34.63 & -28.38 & -5.76 & -66.14 \\
c20         & -4.35 & -15.18 & -15.44 & -4.07 & -6.43 & -5.32 & -27.23 & -12.10 & -51.19 & -32.87 & -2.79 & -10.96 & -8.56 & -4.74 & -6.51 & -11.44 & -5.57 & -15.29 & -20.44 & -24.87 & -48.64 & -9.29 & -4.40 & -13.66 & -33.40 & -28.85 & -5.60 & -66.14 \\
c21         & -4.39 & -15.42 & -16.52 & -4.16 & -6.65 & -5.98 & -27.99 & -11.96 & -52.00 & -33.15 & -2.95 & -11.12 & -7.58 & -4.36 & -6.57 & -11.09 & -5.89 & -15.37 & -21.02 & -26.07 & -48.62 & -9.29 & -4.36 & -13.96 & -34.53 & -28.50 & -5.83 & -66.14 \\
c22         & -4.36 & -14.91 & -16.50 & -4.16 & -6.18 & -6.02 & -28.34 & -10.82 & -51.47 & -32.45 & -3.02 & -10.66 & -7.47 & -5.31 & -6.39 & -11.71 & -5.40 & -15.37 & -21.32 & -26.09 & -48.74 & -9.28 & -4.47 & -12.52 & -34.33 & -29.47 & -5.94 & -66.14 \\
c23         & -4.35 & -15.13 & -15.31 & -4.36 & -6.84 & -6.38 & -28.22 & -11.68 & -51.59 & -34.02 & -2.99 & -10.98 & -7.09 & -4.25 & -6.84 & -11.49 & -5.24 & -15.37 & -21.04 & -26.28 & -48.79 & -9.31 & -4.60 & -13.25 & -34.68 & -29.00 & -5.37 &   0.00 \\
c24         & -4.44 & -15.57 & -16.39 & -3.95 & -6.28 & -5.86 & -29.67 & -11.40 & -51.61 & -32.74 & -2.93 & -11.13 & -7.63 & -4.32 & -7.08 & -10.78 & -5.57 & -15.28 & -20.83 & -25.68 & -48.60 & -9.36 & -4.27 & -13.58 & -34.69 & -30.66 & -6.30 &   0.00 \\
c25         & -4.36 & -15.10 & -16.18 & -3.75 & -5.68 & -6.61 & -27.43 & -12.11 & -51.81 & -33.48 & -2.76 & -10.92 & -8.65 & -4.41 & -7.30 & -11.09 & -5.68 & -15.37 & -19.71 & -26.27 & -48.75 & -9.28 & -4.52 & -13.61 & -35.45 & -28.74 & -5.87 &   0.00 \\
c26         & -4.44 & -14.41 & -16.04 & -4.02 & -6.07 & -6.40 & -28.22 & -11.84 & -51.60 & -32.78 & -2.89 & -10.65 & -7.22 & -4.55 & -7.11 & -12.17 & -5.83 & -15.36 & -20.88 & -26.50 & -48.82 & -9.06 & -4.52 & -14.17 & -33.45 & -29.22 & -5.86 & -66.14 \\
c27         & -4.35 & -16.57 & -16.04 & -4.16 & -6.91 & -6.01 & -26.50 & -12.15 & -51.19 & -33.07 & -2.94 & -11.14 & -7.11 & -4.44 & -6.45 & -12.01 & -6.24 & -15.34 & -21.77 & -25.94 & -48.65 & -9.29 & -4.41 &   0.00 &   0.00 &   0.00 &  0.00 &   0.00 \\
\bottomrule
\end{tabular}

                               0             1   ...            26             27
new_cluster  [-1.44, new_cluster]  [-12.32, c1]  ...  [-2.56, c26]  [-66.14, c27]
c1           [-1.44, new_cluster]  [-12.22, c1]  ...  [-2.67, c26]  [-66.14, c27]
c2           [-1.44, new_cluster]  [-11.95, c1]  ...  [-2.62, c26]  [-66.14, c27]
c3           [-1.44, new_cluster]   [-11.8, c1]  ...   [-2.6, c26]  [-66.14, c27]
c4           [-1.44, new_cluster]  [-12.59, c1]  ...  [-2.61, c26]  [-66.14, c27]
c5           [-1.44, new_cluster]  [-11.33, c1]  ...  [-3.03, c26]  [-66.14, c27]
c6           [-1.44, new_cluster]  [-12.76, c1]  ...  [-3.03, c26]  [-66.14, c27]
c7           [-1.44, new_cluster]   [-11.6, c1]  ...  [-2.72, c26]  [-66.14, c27]
c8           [-1.44, new_cluster]   [-11.4, c1]  ...  [-2.88, c26]  [-66.14, c27]
c9           [-1.44, new_cluster]  [-12.81, c1]  ...  [-2.77, c26]  [-66.14, c27]
c10          [-1.44, new_cluster]  [-11.66, c1]  ...  [-2.92, c26]  [-66.14, c27]
c11          [-1.44, new_cluster]  [-11.78, c1]  ...  [-3.45, c26]  [-66.14, c27]
c12          [-1.44, new_cluster]  [-12.17, c1]  ...  [-2.86, c26]  [-66.14, c27]
c13          [-1.44, new_cluster]  [-11.08, c1]  ...   [-3.2, c26]  [-66.14, c27]
c14          [-1.44, new_cluster]  [-11.95, c1]  ...  [-2.74, c26]  [-66.14, c27]
c15          [-1.44, new_cluster]  [-12.11, c1]  ...  [-2.78, c26]  [-66.14, c27]
c16          [-1.44, new_cluster]  [-12.98, c1]  ...  [-2.72, c26]  [-66.14, c27]
c17          [-1.44, new_cluster]  [-12.41, c1]  ...  [-2.55, c26]  [-66.14, c27]
c18          [-1.44, new_cluster]  [-12.63, c1]  ...  [-2.96, c26]  [-66.14, c27]
c19          [-1.44, new_cluster]  [-12.48, c1]  ...  [-2.92, c26]  [-66.14, c27]
c20          [-1.44, new_cluster]  [-12.22, c1]  ...  [-2.78, c26]  [-66.14, c27]
c21          [-1.44, new_cluster]  [-12.41, c1]  ...  [-2.93, c26]  [-66.14, c27]
c22          [-1.44, new_cluster]  [-11.96, c1]  ...  [-3.05, c26]  [-66.14, c27]
c23          [-1.44, new_cluster]  [-12.09, c1]  ...  [-2.49, c26]          [0, ]
c24          [-1.44, new_cluster]  [-12.63, c1]  ...  [-3.26, c26]          [0, ]
c25          [-1.44, new_cluster]  [-12.14, c1]  ...  [-3.02, c26]          [0, ]
c26          [-1.44, new_cluster]  [-11.38, c1]  ...  [-2.95, c26]  [-66.14, c27]
c27          [-1.44, new_cluster]  [-13.61, c1]  ...         [0, ]          [0, ]

[28 rows x 28 columns]
\begin{tabular}{lllllllllllllllllllllllllllll}
\toprule
{} &                    0  &            1  &            2  &           3  &           4  &           5  &            6  &            7  &            8  &            9  &            10 &            11 &            12 &            13 &            14 &            15 &            16 &             17 &             18 &             19 &             20 &           21 &            22 &             23 &             24 &             25 &            26 &             27 \\
\midrule
new\_cluster &  [-1.44, new\_cluster] &  [-12.32, c1] &  [-13.54, c2] &  [-1.43, c3] &  [-3.29, c4] &  [-2.97, c5] &  [-22.85, c6] &   [-9.54, c7] &  [-47.76, c8] &  [-29.52, c9] &  [-0.04, c10] &  [-8.22, c11] &  [-5.15, c12] &  [-1.99, c13] &  [-3.61, c14] &  [-8.67, c15] &  [-3.04, c16] &  [-12.47, c17] &  [-17.67, c18] &  [-24.01, c19] &  [-46.08, c20] &  [-6.4, c21] &  [-1.36, c22] &   [-13.5, c23] &  [-33.13, c24] &  [-28.93, c25] &  [-2.56, c26] &  [-66.14, c27] \\
c1          &  [-1.44, new\_cluster] &  [-12.22, c1] &  [-12.86, c2] &  [-1.29, c3] &  [-3.01, c4] &  [-3.45, c5] &  [-23.92, c6] &   [-9.09, c7] &  [-48.92, c8] &  [-30.41, c9] &  [-0.22, c10] &   [-8.3, c11] &   [-5.1, c12] &  [-1.93, c13] &  [-4.34, c14] &  [-9.06, c15] &   [-3.0, c16] &  [-12.47, c17] &  [-17.96, c18] &  [-22.26, c19] &  [-46.25, c20] &  [-6.4, c21] &  [-1.42, c22] &  [-12.66, c23] &  [-33.83, c24] &  [-28.71, c25] &  [-2.67, c26] &  [-66.14, c27] \\
c2          &  [-1.44, new\_cluster] &  [-11.95, c1] &  [-13.07, c2] &  [-1.21, c3] &  [-4.01, c4] &   [-3.5, c5] &  [-23.72, c6] &  [-10.03, c7] &   [-48.5, c8] &  [-29.67, c9] &  [-0.11, c10] &  [-8.31, c11] &  [-5.22, c12] &   [-1.8, c13] &  [-4.46, c14] &  [-8.16, c15] &  [-3.23, c16] &  [-12.47, c17] &  [-17.07, c18] &  [-23.36, c19] &  [-46.07, c20] &  [-6.4, c21] &  [-1.44, c22] &   [-14.2, c23] &  [-35.39, c24] &  [-29.58, c25] &  [-2.62, c26] &  [-66.14, c27] \\
c3          &  [-1.44, new\_cluster] &   [-11.8, c1] &  [-14.05, c2] &  [-1.29, c3] &  [-3.58, c4] &  [-2.88, c5] &  [-25.39, c6] &   [-8.58, c7] &  [-48.65, c8] &  [-30.52, c9] &  [-0.13, c10] &  [-8.08, c11] &  [-4.88, c12] &  [-1.67, c13] &  [-4.29, c14] &  [-8.19, c15] &  [-2.82, c16] &  [-12.47, c17] &  [-17.48, c18] &  [-23.05, c19] &  [-45.97, c20] &  [-6.4, c21] &  [-1.27, c22] &  [-14.16, c23] &  [-33.37, c24] &  [-28.85, c25] &   [-2.6, c26] &  [-66.14, c27] \\
c4          &  [-1.44, new\_cluster] &  [-12.59, c1] &  [-13.76, c2] &  [-1.07, c3] &  [-3.32, c4] &  [-4.04, c5] &  [-25.54, c6] &   [-9.15, c7] &   [-48.9, c8] &  [-29.55, c9] &  [-0.06, c10] &  [-8.36, c11] &  [-4.65, c12] &  [-2.07, c13] &  [-4.07, c14] &   [-8.5, c15] &   [-3.0, c16] &  [-12.47, c17] &  [-18.13, c18] &  [-22.82, c19] &  [-46.09, c20] &  [-6.4, c21] &  [-1.43, c22] &  [-12.42, c23] &  [-33.12, c24] &  [-28.67, c25] &  [-2.61, c26] &  [-66.14, c27] \\
c5          &  [-1.44, new\_cluster] &  [-11.33, c1] &  [-13.19, c2] &  [-1.44, c3] &  [-3.74, c4] &  [-2.91, c5] &  [-25.72, c6] &   [-9.46, c7] &  [-48.57, c8] &  [-31.44, c9] &  [-0.02, c10] &  [-8.36, c11] &  [-5.43, c12] &  [-1.49, c13] &  [-3.78, c14] &  [-8.71, c15] &  [-3.61, c16] &  [-12.47, c17] &  [-18.11, c18] &  [-23.25, c19] &  [-46.04, c20] &  [-6.4, c21] &  [-1.44, c22] &  [-14.61, c23] &  [-35.08, c24] &   [-29.8, c25] &  [-3.03, c26] &  [-66.14, c27] \\
c6          &  [-1.44, new\_cluster] &  [-12.76, c1] &  [-13.67, c2] &  [-1.05, c3] &  [-3.39, c4] &  [-3.45, c5] &   [-25.8, c6] &   [-8.89, c7] &  [-49.91, c8] &  [-29.59, c9] &  [-0.05, c10] &  [-7.97, c11] &  [-4.46, c12] &   [-1.6, c13] &  [-3.55, c14] &  [-8.55, c15] &   [-2.9, c16] &  [-12.47, c17] &  [-17.87, c18] &  [-23.14, c19] &  [-46.08, c20] &  [-6.4, c21] &  [-1.26, c22] &  [-13.48, c23] &  [-32.71, c24] &  [-29.14, c25] &  [-3.03, c26] &  [-66.14, c27] \\
c7          &  [-1.44, new\_cluster] &   [-11.6, c1] &  [-13.87, c2] &   [-1.3, c3] &  [-2.91, c4] &  [-3.27, c5] &  [-22.78, c6] &   [-8.62, c7] &  [-48.32, c8] &  [-30.68, c9] &   [-0.1, c10] &  [-8.32, c11] &   [-4.9, c12] &  [-1.58, c13] &  [-3.55, c14] &  [-9.29, c15] &  [-2.97, c16] &  [-12.47, c17] &  [-16.57, c18] &  [-23.67, c19] &  [-46.03, c20] &  [-6.4, c21] &  [-1.34, c22] &  [-13.97, c23] &  [-33.04, c24] &  [-30.07, c25] &  [-2.72, c26] &  [-66.14, c27] \\
c8          &  [-1.44, new\_cluster] &   [-11.4, c1] &  [-13.48, c2] &   [-1.2, c3] &  [-2.92, c4] &  [-2.95, c5] &  [-24.98, c6] &   [-8.68, c7] &  [-48.55, c8] &  [-30.48, c9] &   [-0.1, c10] &  [-8.21, c11] &  [-5.45, c12] &  [-1.94, c13] &  [-3.38, c14] &  [-8.19, c15] &  [-2.85, c16] &  [-12.47, c17] &  [-18.57, c18] &  [-22.71, c19] &  [-45.91, c20] &  [-6.4, c21] &   [-1.2, c22] &   [-13.7, c23] &  [-32.96, c24] &  [-29.22, c25] &  [-2.88, c26] &  [-66.14, c27] \\
c9          &  [-1.44, new\_cluster] &  [-12.81, c1] &  [-12.83, c2] &  [-1.15, c3] &  [-3.46, c4] &  [-3.43, c5] &  [-25.12, c6] &   [-8.93, c7] &  [-48.33, c8] &  [-30.45, c9] &  [-0.02, c10] &  [-8.38, c11] &  [-4.96, c12] &  [-1.61, c13] &  [-3.78, c14] &   [-8.0, c15] &  [-2.68, c16] &  [-12.47, c17] &  [-17.47, c18] &  [-23.24, c19] &  [-45.88, c20] &  [-6.4, c21] &  [-1.39, c22] &  [-14.33, c23] &  [-33.17, c24] &  [-29.84, c25] &  [-2.77, c26] &  [-66.14, c27] \\
c10         &  [-1.44, new\_cluster] &  [-11.66, c1] &  [-13.29, c2] &  [-1.31, c3] &  [-4.14, c4] &   [-3.6, c5] &  [-24.58, c6] &   [-8.64, c7] &  [-48.98, c8] &  [-29.59, c9] &  [-0.06, c10] &  [-8.46, c11] &  [-4.89, c12] &  [-1.69, c13] &  [-3.82, c14] &   [-8.4, c15] &  [-3.35, c16] &  [-12.47, c17] &  [-17.82, c18] &  [-23.82, c19] &  [-46.01, c20] &  [-6.4, c21] &  [-1.29, c22] &  [-14.52, c23] &  [-32.31, c24] &  [-28.71, c25] &  [-2.92, c26] &  [-66.14, c27] \\
c11         &  [-1.44, new\_cluster] &  [-11.78, c1] &  [-13.05, c2] &  [-1.11, c3] &  [-3.17, c4] &  [-3.43, c5] &  [-24.05, c6] &   [-9.13, c7] &  [-49.11, c8] &  [-31.02, c9] &  [-0.03, c10] &  [-8.21, c11] &  [-5.01, c12] &  [-2.22, c13] &  [-3.89, c14] &  [-7.38, c15] &   [-2.7, c16] &  [-12.47, c17] &  [-17.19, c18] &  [-22.32, c19] &  [-46.21, c20] &  [-6.4, c21] &  [-1.07, c22] &  [-12.81, c23] &  [-34.59, c24] &  [-30.14, c25] &  [-3.45, c26] &  [-66.14, c27] \\
c12         &  [-1.44, new\_cluster] &  [-12.17, c1] &  [-13.12, c2] &   [-1.4, c3] &  [-3.49, c4] &  [-3.47, c5] &  [-26.31, c6] &   [-9.19, c7] &   [-49.5, c8] &   [-31.2, c9] &  [-0.17, c10] &  [-8.56, c11] &  [-4.31, c12] &  [-1.55, c13] &  [-3.91, c14] &  [-7.81, c15] &  [-2.55, c16] &  [-12.47, c17] &  [-17.09, c18] &  [-22.48, c19] &  [-46.09, c20] &  [-6.4, c21] &  [-1.24, c22] &  [-13.97, c23] &  [-33.81, c24] &  [-28.67, c25] &  [-2.86, c26] &  [-66.14, c27] \\
c13         &  [-1.44, new\_cluster] &  [-11.08, c1] &  [-12.48, c2] &  [-1.14, c3] &  [-2.97, c4] &   [-3.8, c5] &  [-25.04, c6] &  [-10.03, c7] &  [-46.99, c8] &  [-31.34, c9] &   [-0.1, c10] &  [-8.36, c11] &  [-5.31, c12] &  [-2.12, c13] &   [-4.1, c14] &  [-8.37, c15] &  [-3.06, c16] &  [-12.47, c17] &  [-17.14, c18] &   [-22.9, c19] &  [-46.17, c20] &  [-6.4, c21] &  [-1.37, c22] &  [-13.73, c23] &  [-33.86, c24] &  [-29.22, c25] &   [-3.2, c26] &  [-66.14, c27] \\
c14         &  [-1.44, new\_cluster] &  [-11.95, c1] &  [-12.18, c2] &  [-1.27, c3] &  [-3.51, c4] &  [-2.82, c5] &  [-25.65, c6] &   [-8.85, c7] &  [-49.52, c8] &  [-29.27, c9] &  [-0.04, c10] &  [-8.16, c11] &  [-5.11, c12] &  [-2.12, c13] &  [-4.46, c14] &  [-8.65, c15] &  [-2.87, c16] &  [-12.47, c17] &  [-18.42, c18] &  [-23.24, c19] &   [-46.0, c20] &  [-6.4, c21] &  [-1.48, c22] &  [-13.67, c23] &  [-33.38, c24] &  [-28.96, c25] &  [-2.74, c26] &  [-66.14, c27] \\
c15         &  [-1.44, new\_cluster] &  [-12.11, c1] &  [-12.99, c2] &  [-1.34, c3] &  [-3.06, c4] &  [-3.17, c5] &  [-24.52, c6] &   [-8.75, c7] &  [-49.48, c8] &  [-30.86, c9] &  [-0.07, c10] &  [-8.26, c11] &  [-4.94, c12] &   [-2.4, c13] &  [-3.88, c14] &  [-8.39, c15] &  [-2.73, c16] &  [-12.47, c17] &  [-18.69, c18] &  [-23.85, c19] &  [-46.02, c20] &  [-6.4, c21] &  [-1.43, c22] &  [-13.74, c23] &  [-32.96, c24] &  [-28.71, c25] &  [-2.78, c26] &  [-66.14, c27] \\
c16         &  [-1.44, new\_cluster] &  [-12.98, c1] &   [-13.9, c2] &  [-1.16, c3] &  [-3.78, c4] &  [-3.37, c5] &  [-24.56, c6] &   [-9.75, c7] &  [-48.62, c8] &  [-31.06, c9] &  [-0.06, c10] &  [-7.97, c11] &  [-5.07, c12] &  [-1.56, c13] &  [-3.87, c14] &  [-8.08, c15] &  [-3.22, c16] &  [-12.47, c17] &  [-18.08, c18] &  [-23.32, c19] &  [-46.09, c20] &  [-6.4, c21] &  [-1.24, c22] &  [-13.96, c23] &  [-33.74, c24] &  [-28.96, c25] &  [-2.72, c26] &  [-66.14, c27] \\
c17         &  [-1.44, new\_cluster] &  [-12.41, c1] &  [-11.86, c2] &  [-1.21, c3] &   [-2.9, c4] &  [-3.42, c5] &  [-25.52, c6] &   [-9.29, c7] &  [-48.64, c8] &  [-30.41, c9] &  [-0.03, c10] &  [-8.31, c11] &  [-3.92, c12] &   [-1.6, c13] &  [-4.36, c14] &  [-9.11, c15] &  [-3.05, c16] &  [-12.47, c17] &  [-17.89, c18] &  [-23.72, c19] &  [-45.97, c20] &  [-6.4, c21] &  [-1.33, c22] &  [-13.77, c23] &  [-35.39, c24] &  [-29.36, c25] &  [-2.55, c26] &  [-66.14, c27] \\
c18         &  [-1.44, new\_cluster] &  [-12.63, c1] &  [-13.12, c2] &  [-1.34, c3] &  [-4.07, c4] &   [-3.5, c5] &  [-25.42, c6] &   [-9.33, c7] &  [-49.58, c8] &  [-29.48, c9] &  [-0.03, c10] &  [-8.21, c11] &  [-5.13, c12] &  [-1.45, c13] &  [-3.68, c14] &  [-8.62, c15] &  [-2.78, c16] &  [-12.47, c17] &  [-17.14, c18] &  [-22.06, c19] &  [-46.07, c20] &  [-6.4, c21] &  [-1.29, c22] &  [-14.43, c23] &   [-34.1, c24] &  [-28.85, c25] &  [-2.96, c26] &  [-66.14, c27] \\
c19         &  [-1.44, new\_cluster] &  [-12.48, c1] &  [-12.13, c2] &  [-1.31, c3] &  [-3.05, c4] &  [-3.46, c5] &  [-25.35, c6] &   [-8.75, c7] &  [-48.89, c8] &  [-30.45, c9] &  [-0.03, c10] &  [-8.31, c11] &  [-4.68, c12] &  [-1.85, c13] &  [-3.87, c14] &  [-9.22, c15] &  [-3.11, c16] &  [-12.47, c17] &  [-17.72, c18] &  [-22.63, c19] &  [-46.04, c20] &  [-6.4, c21] &  [-1.19, c22] &  [-14.17, c23] &  [-34.63, c24] &  [-28.38, c25] &  [-2.92, c26] &  [-66.14, c27] \\
c20         &  [-1.44, new\_cluster] &  [-12.22, c1] &  [-12.31, c2] &   [-1.2, c3] &   [-3.5, c4] &  [-2.65, c5] &  [-24.46, c6] &   [-9.27, c7] &   [-48.4, c8] &  [-30.15, c9] &  [-0.06, c10] &  [-8.06, c11] &  [-5.67, c12] &  [-1.79, c13] &  [-3.71, c14] &  [-8.54, c15] &  [-2.64, c16] &  [-12.47, c17] &  [-17.67, c18] &  [-21.91, c19] &  [-45.98, c20] &  [-6.4, c21] &  [-1.48, c22] &  [-13.66, c23] &   [-33.4, c24] &  [-28.85, c25] &  [-2.78, c26] &  [-66.14, c27] \\
c21         &  [-1.44, new\_cluster] &  [-12.41, c1] &  [-13.43, c2] &  [-1.27, c3] &  [-3.72, c4] &   [-3.3, c5] &  [-25.19, c6] &   [-9.12, c7] &  [-49.21, c8] &  [-30.41, c9] &  [-0.24, c10] &  [-8.27, c11] &  [-4.58, c12] &  [-1.42, c13] &  [-3.76, c14] &  [-8.32, c15] &  [-2.96, c16] &  [-12.47, c17] &  [-18.23, c18] &  [-23.22, c19] &  [-45.97, c20] &  [-6.4, c21] &  [-1.43, c22] &  [-13.96, c23] &  [-34.53, c24] &   [-28.5, c25] &  [-2.93, c26] &  [-66.14, c27] \\
c22         &  [-1.44, new\_cluster] &  [-11.96, c1] &  [-13.63, c2] &  [-1.35, c3] &  [-3.25, c4] &  [-3.36, c5] &  [-25.57, c6] &   [-7.99, c7] &  [-48.68, c8] &  [-29.52, c9] &  [-0.08, c10] &  [-7.82, c11] &  [-4.58, c12] &   [-2.4, c13] &  [-3.59, c14] &  [-8.84, c15] &   [-2.5, c16] &  [-12.47, c17] &  [-18.53, c18] &  [-23.19, c19] &  [-46.09, c20] &  [-6.4, c21] &   [-1.6, c22] &  [-12.52, c23] &  [-34.33, c24] &  [-29.47, c25] &  [-3.05, c26] &  [-66.14, c27] \\
c23         &  [-1.44, new\_cluster] &  [-12.09, c1] &  [-12.16, c2] &  [-1.56, c3] &  [-4.04, c4] &  [-3.68, c5] &  [-25.46, c6] &   [-8.85, c7] &  [-48.81, c8] &  [-31.06, c9] &  [-0.19, c10] &  [-8.17, c11] &  [-4.12, c12] &   [-1.3, c13] &  [-4.03, c14] &  [-8.61, c15] &  [-2.34, c16] &  [-12.47, c17] &  [-18.25, c18] &  [-23.32, c19] &  [-46.13, c20] &  [-6.4, c21] &  [-1.68, c22] &  [-13.25, c23] &  [-34.68, c24] &   [-29.0, c25] &  [-2.49, c26] &          [0, ] \\
c24         &  [-1.44, new\_cluster] &  [-12.63, c1] &  [-13.59, c2] &  [-1.06, c3] &  [-3.47, c4] &  [-3.19, c5] &  [-26.86, c6] &   [-8.56, c7] &  [-48.82, c8] &  [-29.85, c9] &  [-0.02, c10] &  [-8.23, c11] &  [-4.87, c12] &  [-1.38, c13] &  [-4.26, c14] &  [-8.01, c15] &  [-2.77, c16] &  [-12.47, c17] &  [-18.03, c18] &  [-22.77, c19] &  [-45.94, c20] &  [-6.4, c21] &  [-1.34, c22] &  [-13.58, c23] &  [-34.69, c24] &  [-30.66, c25] &  [-3.26, c26] &          [0, ] \\
c25         &  [-1.44, new\_cluster] &  [-12.14, c1] &  [-13.09, c2] &  [-1.28, c3] &  [-2.88, c4] &  [-3.92, c5] &  [-24.69, c6] &   [-9.28, c7] &  [-49.02, c8] &  [-30.75, c9] &  [-0.07, c10] &  [-8.06, c11] &  [-5.69, c12] &  [-1.47, c13] &  [-4.49, c14] &   [-8.2, c15] &  [-2.88, c16] &  [-12.47, c17] &  [-16.92, c18] &  [-23.41, c19] &  [-46.09, c20] &  [-6.4, c21] &   [-1.6, c22] &  [-13.61, c23] &  [-35.45, c24] &  [-28.74, c25] &  [-3.02, c26] &          [0, ] \\
c26         &  [-1.44, new\_cluster] &  [-11.38, c1] &  [-13.18, c2] &  [-1.22, c3] &  [-3.14, c4] &  [-3.72, c5] &  [-25.44, c6] &   [-9.01, c7] &  [-48.81, c8] &  [-29.85, c9] &  [-0.13, c10] &  [-8.02, c11] &  [-4.44, c12] &  [-1.62, c13] &  [-4.29, c14] &  [-9.28, c15] &   [-2.9, c16] &  [-12.47, c17] &  [-18.09, c18] &  [-23.53, c19] &  [-46.13, c20] &  [-6.4, c21] &  [-1.59, c22] &  [-14.17, c23] &  [-33.45, c24] &  [-29.22, c25] &  [-2.95, c26] &  [-66.14, c27] \\
c27         &  [-1.44, new\_cluster] &  [-13.61, c1] &   [-12.9, c2] &  [-1.29, c3] &  [-4.03, c4] &  [-3.34, c5] &   [-23.7, c6] &   [-9.38, c7] &   [-48.4, c8] &  [-30.15, c9] &   [-0.0, c10] &  [-8.21, c11] &  [-4.21, c12] &  [-1.48, c13] &  [-3.66, c14] &  [-9.11, c15] &  [-3.32, c16] &  [-12.47, c17] &  [-18.99, c18] &   [-23.0, c19] &  [-45.99, c20] &  [-6.4, c21] &  [-1.48, c22] &          [0, ] &          [0, ] &          [0, ] &         [0, ] &          [0, ] \\
\bottomrule
\end{tabular}

