Seed: 2
Experiment_path: AE_Model_2/Random_Seeds_DV5//V5_1/Experiment_05_2_opt
Dataset_Path: ../_00_Datasets/03_SimDaten_Quiroga2020/C_Easy1_noise030.mat
Dataset_name: ['03_SimDaten_Quiroga2020', 'C_Easy1_noise030.mat']
Variant_name: Variant_05_Online_Autoencoder_QLearning_opt
Visualisation_Path: AE_Model_2/Random_Seeds_DV5//V5_1/Experiment_05_2_opt/C_Easy1_noise030.mat/Variant_05_Online_Autoencoder_QLearning_opt/2023_04_23-14_51_34
Normalisation: False
Template Matching: False
Optimising Autoencoder: True
Update Factor: 1
Noisy Batches: False
Noisy Factor: 0.1
Epochs: 8
Batch Size: 1
maximal Spikes for Autoencoder Training : 700
maximal Spikes for Training: 1000
Input Size: 47
Chosen Model: Convolutional Autoencoder
ConvolutionalAutoencoder(
  (encoder): Sequential(
    (0): Conv1d(1, 6, kernel_size=(6,), stride=(1,))
    (1): LeakyReLU(negative_slope=0.01)
    (2): Conv1d(6, 1, kernel_size=(6,), stride=(1,))
    (3): Flatten(start_dim=1, end_dim=-1)
    (4): Linear(in_features=37, out_features=2, bias=True)
  )
  (decoder): Sequential(
    (0): ConvTranspose1d(1, 6, kernel_size=(6,), stride=(1,))
    (1): LeakyReLU(negative_slope=0.01)
    (2): ConvTranspose1d(6, 1, kernel_size=(6,), stride=(1,))
    (3): Flatten(start_dim=1, end_dim=-1)
    (4): Linear(in_features=12, out_features=47, bias=True)
  )
)
MSELoss()
Adam (
Parameter Group 0
    amsgrad: False
    betas: (0.9, 0.999)
    capturable: False
    differentiable: False
    eps: 1e-08
    foreach: None
    fused: False
    lr: 0.001
    maximize: False
    weight_decay: 0
)
---Q Learning Parameters---
Normalisation: False
Punishment Coefficient: 1.4
Alpha: 0.8
Epsilon: 0.01
Gamma: 0.97
Initial Episode Number: 0
Episode Number Coefficient: 1.4
Number of Random Features: 20
Planning Number: 20
Max Random Features: 60
New Episode Number: 72
New Episode Number: 143
New Episode Number: 215
New Episode Number: 286
New Episode Number: 358
New Episode Number: 429
New Episode Number: 500
                 0      1     2      3      4      5      6      7
new_cluster -16.95 -16.37 -9.46 -13.07 -22.24 -21.67 -66.06 -16.78
c1          -16.93 -14.27 -9.60 -13.68 -21.98 -17.90 -65.86 -15.16
c2          -16.95 -14.65 -9.55 -12.33 -21.35 -19.70 -66.06 -14.60
c3          -16.94 -16.83 -9.60 -12.59 -22.00 -21.96 -66.06 -15.00
c4          -16.95 -16.82 -9.59 -12.50 -22.40 -22.42 -66.05 -16.24
c5          -16.95 -16.98 -9.85 -12.52 -22.01 -20.11 -66.05 -15.82
c6          -16.94 -15.66 -9.46 -12.41 -22.13 -20.04 -66.05 -15.72
c7          -16.94 -15.94 -9.71 -12.48 -23.11 -25.83 -66.04 -15.69
\begin{tabular}{lrrrrrrrr}
\toprule
{} &      0 &      1 &     2 &      3 &      4 &      5 &      6 &      7 \\
\midrule
new\_cluster & -16.95 & -16.37 & -9.46 & -13.07 & -22.24 & -21.67 & -66.06 & -16.78 \\
c1          & -16.93 & -14.27 & -9.60 & -13.68 & -21.98 & -17.90 & -65.86 & -15.16 \\
c2          & -16.95 & -14.65 & -9.55 & -12.33 & -21.35 & -19.70 & -66.06 & -14.60 \\
c3          & -16.94 & -16.83 & -9.60 & -12.59 & -22.00 & -21.96 & -66.06 & -15.00 \\
c4          & -16.95 & -16.82 & -9.59 & -12.50 & -22.40 & -22.42 & -66.05 & -16.24 \\
c5          & -16.95 & -16.98 & -9.85 & -12.52 & -22.01 & -20.11 & -66.05 & -15.82 \\
c6          & -16.94 & -15.66 & -9.46 & -12.41 & -22.13 & -20.04 & -66.05 & -15.72 \\
c7          & -16.94 & -15.94 & -9.71 & -12.48 & -23.11 & -25.83 & -66.04 & -15.69 \\
\bottomrule
\end{tabular}

                                0            1  ...             6            7
new_cluster  [-7.84, new_cluster]  [-7.06, c1]  ...  [-56.87, c6]  [-7.35, c7]
c1           [-7.84, new_cluster]  [-4.97, c1]  ...  [-56.87, c6]   [-5.5, c7]
c2           [-7.84, new_cluster]  [-5.33, c1]  ...  [-56.87, c6]  [-5.16, c7]
c3           [-7.84, new_cluster]  [-7.51, c1]  ...  [-56.87, c6]  [-5.42, c7]
c4           [-7.84, new_cluster]  [-7.57, c1]  ...  [-56.87, c6]  [-6.58, c7]
c5           [-7.84, new_cluster]  [-7.69, c1]  ...  [-56.87, c6]  [-6.15, c7]
c6           [-7.84, new_cluster]  [-6.34, c1]  ...  [-56.87, c6]  [-6.26, c7]
c7           [-7.84, new_cluster]  [-6.61, c1]  ...  [-56.87, c6]  [-6.12, c7]

[8 rows x 8 columns]
\begin{tabular}{lllllllll}
\toprule
{} &                     0 &            1 &            2 &            3 &             4 &             5 &             6 &            7 \\
\midrule
new\_cluster &  [-7.84, new\_cluster] &  [-7.06, c1] &  [-0.21, c2] &  [-3.76, c3] &  [-12.93, c4] &  [-12.07, c5] &  [-56.87, c6] &  [-7.35, c7] \\
c1          &  [-7.84, new\_cluster] &  [-4.97, c1] &  [-0.32, c2] &  [-4.39, c3] &  [-12.69, c4] &   [-8.31, c5] &  [-56.87, c6] &   [-5.5, c7] \\
c2          &  [-7.84, new\_cluster] &  [-5.33, c1] &  [-0.44, c2] &  [-2.96, c3] &  [-12.23, c4] &  [-10.05, c5] &  [-56.87, c6] &  [-5.16, c7] \\
c3          &  [-7.84, new\_cluster] &  [-7.51, c1] &   [-0.4, c2] &  [-3.28, c3] &  [-12.88, c4] &  [-12.59, c5] &  [-56.87, c6] &  [-5.42, c7] \\
c4          &  [-7.84, new\_cluster] &  [-7.57, c1] &  [-0.22, c2] &  [-3.19, c3] &   [-13.1, c4] &  [-12.78, c5] &  [-56.87, c6] &  [-6.58, c7] \\
c5          &  [-7.84, new\_cluster] &  [-7.69, c1] &  [-0.56, c2] &   [-3.2, c3] &  [-12.71, c4] &  [-10.47, c5] &  [-56.87, c6] &  [-6.15, c7] \\
c6          &  [-7.84, new\_cluster] &  [-6.34, c1] &  [-0.08, c2] &  [-3.08, c3] &  [-12.86, c4] &  [-10.46, c5] &  [-56.87, c6] &  [-6.26, c7] \\
c7          &  [-7.84, new\_cluster] &  [-6.61, c1] &  [-0.53, c2] &  [-3.16, c3] &  [-13.81, c4] &  [-16.24, c5] &  [-56.87, c6] &  [-6.12, c7] \\
\bottomrule
\end{tabular}

