Experiment_path: AE_Model_2/Random_Seeds//V4/Experiment_04_6
Dataset_Path: ../_00_Datasets/03_SimDaten_Quiroga2020/C_Difficult1_noise020.mat
Dataset_name: ['03_SimDaten_Quiroga2020', 'C_Difficult1_noise020.mat']
Variant_name: Variant_04_Offline_Autoencoder_QLearning
Visualisation_Path: Random_Seeds//V4/Experiment_04_6/C_Difficult1_noise020.mat/Variant_04_Offline_Autoencoder_QLearning/2023_04_21-14_26_29
Punishment_Coefficient: 0.6
<_01_LoadDataset.ExternCode.spike_class.spike_dataclass object at 0x000001774083FC18>
Sampling rate: 24000.0
Raw: [0.07805807 0.0565915  0.02594138 ... 0.2738422  0.26036418 0.26764671]
Times: [    368     630     648 ... 1439484 1439672 1439764]
Cluster: [2 2 1 ... 1 1 3]
Number of different clusters:  3
Number of Spikes: 3414
First aligned Spike Frame: [-0.38605838 -0.38126768 -0.38226316 -0.39416749 -0.41080739 -0.41171959
 -0.38717544 -0.35786686 -0.38107535 -0.49467824 -0.61843181 -0.58172559
 -0.24572387  0.35672948  0.89024247  1.0117557   0.76459666  0.43756704
  0.20139815  0.0394919  -0.09249478 -0.19279146 -0.23446076 -0.21807174
 -0.17478611 -0.12910555 -0.08593802 -0.03628316  0.029471    0.09510752
  0.13901987  0.15819091  0.1762069   0.21560464  0.27527193  0.33233202
  0.36740003  0.38309659  0.39850514  0.42031497  0.43304033  0.41207346
  0.35038997  0.26929981  0.20084763  0.15457014  0.10809812]
Cluster 0, Occurrences: 1136
Cluster 1, Occurrences: 1099
Cluster 2, Occurrences: 1179
Train Index: 3073
x_train: 3073
y_train: 3073
x_test: 341
y_test: 341
<torch.utils.data.dataloader.DataLoader object at 0x00000177408ED2E8>
<torch.utils.data.dataloader.DataLoader object at 0x00000177408ED908>
Epoch [1/8]: mean_loss=0.0004196689296556225
Epoch [2/8]: mean_loss=0.00031329171621145813
Epoch [3/8]: mean_loss=0.0003144744289035794
Epoch [4/8]: mean_loss=0.00031486650934310135
Epoch [5/8]: mean_loss=0.000315560154032521
Epoch [6/8]: mean_loss=0.0003155958623583818
Epoch [7/8]: mean_loss=0.00031510312634490227
Epoch [8/8]: mean_loss=0.00031462661301298324
Number of Clusters: 3
Number of Samples after Autoencoder testing: 341
First Spike after testing: [-0.30745885 -0.45040375]
[0, 2, 1, 0, 1, 0, 0, 2, 1, 0, 2, 2, 2, 0, 2, 0, 2, 1, 0, 1, 2, 1, 2, 0, 2, 2, 1, 1, 2, 2, 2, 0, 0, 2, 2, 0, 0, 2, 0, 2, 2, 0, 1, 0, 1, 2, 2, 1, 0, 2, 0, 1, 2, 1, 1, 2, 0, 2, 1, 1, 1, 2, 0, 2, 1, 1, 2, 1, 2, 0, 2, 1, 1, 2, 2, 0, 1, 2, 0, 1, 2, 0, 1, 0, 1, 0, 2, 2, 0, 0, 2, 0, 2, 1, 0, 0, 2, 1, 1, 2, 1, 2, 1, 2, 1, 1, 2, 1, 1, 1, 0, 2, 1, 2, 0, 1, 2, 0, 2, 1, 0, 1, 0, 1, 0, 1, 0, 1, 2, 0, 1, 0, 0, 0, 0, 1, 2, 1, 2, 0, 1, 2, 1, 0, 0, 2, 1, 0, 2, 1, 2, 0, 2, 2, 1, 2, 2, 1, 2, 1, 2, 1, 0, 1, 1, 0, 1, 1, 0, 2, 0, 2, 0, 1, 0, 0, 1, 2, 2, 1, 1, 1, 2, 0, 2, 0, 1, 2, 1, 2, 0, 2, 0, 1, 2, 0, 2, 1, 0, 1, 1, 2, 1, 1, 2, 1, 2, 1, 1, 2, 1, 1, 2, 0, 2, 0, 1, 1, 2, 1, 2, 2, 0, 2, 1, 2, 2, 2, 0, 1, 0, 2, 1, 0, 2, 0, 0, 2, 0, 0, 1, 0, 1, 2, 2, 0, 2, 0, 1, 1, 1, 0, 1, 2, 0, 2, 1, 0, 1, 2, 2, 0, 0, 1, 2, 1, 2, 1, 0, 2, 0, 2, 1, 0, 1, 1, 0, 1, 2, 0, 2, 0, 2, 2, 1, 2, 0, 2, 2, 1, 2, 1, 0, 0, 2, 0, 2, 0, 0, 0, 0, 1, 1, 2, 2, 0, 1, 2, 0, 1, 1, 2, 1, 2, 1, 1, 1, 0, 2, 2, 1, 1, 2, 1, 0, 1, 0, 1, 2, 2, 2, 0, 1, 2, 1, 2, 0, 2, 0, 0, 2]
[0, 0, 0, 1, 0, 0, 0, 0, 2, 3, 2, 0, 0, 0, 0, 2, 0, 2, 1, 0, 0, 0, 4, 2, 4, 4, 2, 2, 0, 2, 4, 4, 2, 1, 4, 1, 2, 4, 1, 5, 0, 2, 0, 2, 0, 6, 0, 2, 2, 4, 2, 2, 6, 5, 2, 5, 2, 0, 0, 5, 5, 4, 2, 2, 1, 2, 2, 4, 4, 2, 4, 5, 2, 0, 4, 1, 1, 6, 2, 5, 2, 5, 2, 5, 5, 0, 7, 2, 2, 3, 4, 0, 2, 0, 6, 1, 4, 2, 1, 4, 2, 4, 6, 4, 4, 4, 6, 5, 0, 2, 7, 7, 4, 4, 6, 6, 1, 0, 0, 1, 3, 1, 5, 3, 2, 3, 1, 1, 2, 2, 0, 2, 0, 6, 2, 2, 4, 0, 4, 5, 5, 6, 0, 2, 5, 6, 2, 6, 2, 2, 4, 3, 5, 0, 4, 7, 8, 8, 4, 2, 0, 0, 1, 2, 1, 2, 2, 4, 1, 0, 0, 6, 6, 4, 0, 2, 2, 0, 4, 4, 2, 0, 4, 2, 0, 5, 3, 7, 3, 0, 6, 2, 2, 6, 0, 0, 4, 5, 5, 0, 2, 2, 1, 3, 0, 2, 0, 2, 5, 6, 2, 0, 0, 3, 4, 1, 5, 3, 6, 0, 6, 0, 2, 6, 5, 0, 7, 0, 3, 3, 2, 0, 3, 3, 0, 5, 3, 0, 2, 3, 3, 5, 2, 5, 6, 3, 6, 2, 2, 2, 0, 5, 3, 0, 2, 8, 0, 2, 0, 0, 2, 4, 2, 5, 0, 5, 4, 2, 1, 6, 0, 4, 4, 2, 3, 5, 0, 2, 0, 6, 6, 5, 4, 5, 3, 4, 2, 6, 4, 4, 6, 0, 3, 1, 4, 2, 8, 1, 0, 2, 2, 5, 0, 0, 4, 2, 2, 4, 2, 5, 4, 6, 5, 4, 0, 2, 3, 2, 2, 4, 3, 2, 4, 3, 2, 0, 2, 0, 2, 6, 0, 2, 3, 2, 6, 6, 3, 0, 2, 2, 4]
Centroids: [[-0.44796234, -0.022535294], [-0.51614964, -0.37562382], [-1.2823465, -0.3707826]]
Centroids: [[-0.87617564, -0.63144517], [-0.433961, 0.8301089], [-0.46203515, 0.0041385917], [0.25741228, -0.19234674], [-1.639358, -0.51925266], [-0.11962296, -1.1087729], [-1.4841676, 0.44099286], [-2.5612383, -0.30767313], [-1.4531386, -1.5904845]]
Contingency Matrix: 
[[14 13 42 12  2 11  7  1  0]
 [25  8 33 16 11 18  4  0  1]
 [36  2 15  0 37  5 20  5  3]]
[[14, 13, 42, 12, 2, 11, 7, 1, 0], [25, 8, 33, 16, 11, 18, 4, 0, 1], [36, 2, 15, 0, 37, 5, 20, 5, 3]]
[[14, 13, 42, 12, 2, 11, 7, 1, 0], [25, 8, 33, 16, 11, 18, 4, 0, 1], [36, 2, 15, 0, 37, 5, 20, 5, 3]]
[0, 1, 2, 3, 4, 5, 6, 7, 8]
[[-1, -1, -1, -1, -1, -1, -1, -1, -1], [25, 8, -1, 16, 11, 18, 4, 0, 1], [36, 2, -1, 0, 37, 5, 20, 5, 3]]
[[-1, -1, -1, -1, -1, -1, -1, -1, -1], [25, 8, -1, 16, -1, 18, 4, 0, 1], [-1, -1, -1, -1, -1, -1, -1, -1, -1]]
[[-1, -1, -1, -1, -1, -1, -1, -1, -1], [-1, -1, -1, -1, -1, -1, -1, -1, -1], [-1, -1, -1, -1, -1, -1, -1, -1, -1]]
Match_Labels: {0: 2, 2: 4, 1: 0}
New Contingency Matrix: 
[[42 14  2 13 12 11  7  1  0]
 [33 25 11  8 16 18  4  0  1]
 [15 36 37  2  0  5 20  5  3]]
New Clustered Label Sequence: [2, 0, 4, 1, 3, 5, 6, 7, 8]
Diagonal_Elements: [42, 25, 37], Sum: 104
All_Elements: [42, 14, 2, 13, 12, 11, 7, 1, 0, 33, 25, 11, 8, 16, 18, 4, 0, 1, 15, 36, 37, 2, 0, 5, 20, 5, 3], Sum: 341
Accuracy: 0.30498533724340177
