Seed: 8
Experiment_path: Random_Seeds_DV5//V5_2/Experiment_05_8_opt_temp
Dataset_Path: ../_00_Datasets/03_SimDaten_Quiroga2020/C_Easy1_noise040.mat
Dataset_name: ['03_SimDaten_Quiroga2020', 'C_Easy1_noise040.mat']
Variant_name: Variant_05_Online_Autoencoder_QLearning_opt_temp
Visualisation_Path: Random_Seeds_DV5//V5_2/Experiment_05_8_opt_temp/C_Easy1_noise040.mat/Variant_05_Online_Autoencoder_QLearning_opt_temp/2023_04_16-16_34_30
Normalisation: False
Template Matching: True
Optimising Autoencoder: True
Update Factor: 100
Noisy Batches: False
Noisy Factor: 0.1
Epochs: 8
Batch Size: 1
maximal Spikes for Autoencoder Training : 700
maximal Spikes for Training: 1000
Input Size: 47
Chosen Model: Autoencoder
Autoencoder(
  (encoder): Sequential(
    (0): Linear(in_features=47, out_features=12, bias=True)
    (1): LeakyReLU(negative_slope=0.01)
    (2): Linear(in_features=12, out_features=2, bias=True)
  )
  (decoder): Sequential(
    (0): Linear(in_features=2, out_features=12, bias=True)
    (1): LeakyReLU(negative_slope=0.01)
    (2): Linear(in_features=12, out_features=47, bias=True)
  )
)
MSELoss()
Adam (
Parameter Group 0
    amsgrad: False
    betas: (0.9, 0.999)
    capturable: False
    differentiable: False
    eps: 1e-08
    foreach: None
    fused: False
    lr: 0.001
    maximize: False
    weight_decay: 0
)
---Q Learning Parameters---
Normalisation: False
Punishment Coefficient: 1.4
Alpha: 0.8
Epsilon: 0.01
Gamma: 0.97
Initial Episode Number: 0
Episode Number Coefficient: 1.4
Number of Random Features: 20
Planning Number: 20
Max Random Features: 60
New Episode Number: 72
New Episode Number: 143
New Episode Number: 215
New Episode Number: 286
New Episode Number: 358
                 0     1      2      3     4      5
new_cluster -14.74 -7.68 -24.02 -11.71 -7.12 -12.65
c1          -14.75 -8.07 -24.86 -12.43 -7.23 -10.50
c2          -14.60 -7.60 -22.52 -12.64 -7.03 -13.06
c3          -14.72 -7.28 -24.05 -11.92 -7.12 -11.41
c4          -14.72 -8.12 -22.84 -11.42 -7.49 -12.14
c5          -14.71 -7.96 -23.02 -11.48 -7.20   0.00
\begin{tabular}{lrrrrrr}
\toprule
{} &      0 &     1 &      2 &      3 &     4 &      5 \\
\midrule
new\_cluster & -14.74 & -7.68 & -24.02 & -11.71 & -7.12 & -12.65 \\
c1          & -14.75 & -8.07 & -24.86 & -12.43 & -7.23 & -10.50 \\
c2          & -14.60 & -7.60 & -22.52 & -12.64 & -7.03 & -13.06 \\
c3          & -14.72 & -7.28 & -24.05 & -11.92 & -7.12 & -11.41 \\
c4          & -14.72 & -8.12 & -22.84 & -11.42 & -7.49 & -12.14 \\
c5          & -14.71 & -7.96 & -23.02 & -11.48 & -7.20 &   0.00 \\
\bottomrule
\end{tabular}

                                0            1  ...            4             5
new_cluster  [-7.84, new_cluster]  [-0.78, c1]  ...   [-0.2, c4]  [-12.65, c5]
c1           [-7.84, new_cluster]  [-1.13, c1]  ...  [-0.38, c4]   [-10.5, c5]
c2           [-7.84, new_cluster]  [-0.66, c1]  ...  [-0.22, c4]  [-13.06, c5]
c3           [-7.84, new_cluster]  [-0.61, c1]  ...  [-0.13, c4]  [-11.41, c5]
c4           [-7.84, new_cluster]  [-1.13, c1]  ...  [-0.32, c4]  [-12.14, c5]
c5           [-7.84, new_cluster]  [-1.02, c1]  ...  [-0.27, c4]         [0, ]

[6 rows x 6 columns]
\begin{tabular}{lllllll}
\toprule
{} &                     0 &            1 &             2 &            3 &            4 &             5 \\
\midrule
new\_cluster &  [-7.84, new\_cluster] &  [-0.78, c1] &  [-17.22, c2] &  [-4.81, c3] &   [-0.2, c4] &  [-12.65, c5] \\
c1          &  [-7.84, new\_cluster] &  [-1.13, c1] &  [-18.08, c2] &   [-5.7, c3] &  [-0.38, c4] &   [-10.5, c5] \\
c2          &  [-7.84, new\_cluster] &  [-0.66, c1] &  [-15.71, c2] &  [-5.93, c3] &  [-0.22, c4] &  [-13.06, c5] \\
c3          &  [-7.84, new\_cluster] &  [-0.61, c1] &  [-17.24, c2] &  [-5.03, c3] &  [-0.13, c4] &  [-11.41, c5] \\
c4          &  [-7.84, new\_cluster] &  [-1.13, c1] &  [-16.06, c2] &  [-4.53, c3] &  [-0.32, c4] &  [-12.14, c5] \\
c5          &  [-7.84, new\_cluster] &  [-1.02, c1] &   [-16.2, c2] &  [-4.58, c3] &  [-0.27, c4] &         [0, ] \\
\bottomrule
\end{tabular}

