Seed: 0
Experiment_path: AE_Model_2/Epochs_2_4_6_8_20/20_Experiment_05_Epochs
Dataset_Path: ../_00_Datasets/03_SimDaten_Quiroga2020/C_Difficult2_noise015.mat
Dataset_name: ['03_SimDaten_Quiroga2020', 'C_Difficult2_noise015.mat']
Variant_name: Variant_05_Epochs_20
Visualisation_Path: AE_Model_2/Epochs_2_4_6_8_20/20_Experiment_05_Epochs/C_Difficult2_noise015.mat/V05_Online_AE_QL/2023_05_11-01_23_05
Normalisation: False
Template Matching: False
Optimising Autoencoder: False
Update Factor: 1
Noisy Batches: False
Noisy Factor: 0.001
Epochs: 20
Batch Size: 1
maximal Spikes for Autoencoder Training : 700
maximal Spikes for Training: 1000
Input Size: 47
Chosen Model: Convolutional Autoencoder
ConvolutionalAutoencoder(
  (encoder): Sequential(
    (0): Conv1d(1, 6, kernel_size=(6,), stride=(1,))
    (1): LeakyReLU(negative_slope=0.01)
    (2): Conv1d(6, 1, kernel_size=(6,), stride=(1,))
    (3): Flatten(start_dim=1, end_dim=-1)
    (4): Linear(in_features=37, out_features=2, bias=True)
  )
  (decoder): Sequential(
    (0): ConvTranspose1d(1, 6, kernel_size=(6,), stride=(1,))
    (1): LeakyReLU(negative_slope=0.01)
    (2): ConvTranspose1d(6, 1, kernel_size=(6,), stride=(1,))
    (3): Flatten(start_dim=1, end_dim=-1)
    (4): Linear(in_features=12, out_features=47, bias=True)
  )
)
MSELoss()
Adam (
Parameter Group 0
    amsgrad: False
    betas: (0.9, 0.999)
    capturable: False
    differentiable: False
    eps: 1e-08
    foreach: None
    fused: False
    lr: 0.001
    maximize: False
    weight_decay: 0
)
---Q Learning Parameters---
Normalisation: False
Punishment Coefficient: 0.6
Alpha: 0.8
Epsilon: 0.01
Gamma: 0.97
Initial Episode Number: 0
Episode Number Coefficient: 1.4
Number of Random Features: 20
Planning Number: 20
Max Random Features: 60
New Episode Number: 72
New Episode Number: 143
New Episode Number: 215
New Episode Number: 286
New Episode Number: 358
New Episode Number: 429
                0     1      2     3     4     5      6
new_cluster -5.67 -4.36 -12.03 -4.95 -7.25 -4.46 -15.89
c1          -5.67 -4.52 -12.94 -5.11 -7.05 -4.49 -16.10
c2          -5.67 -4.43 -12.63 -5.09 -7.42 -4.47 -15.60
c3          -5.67 -4.43 -12.65 -5.12 -7.43 -4.60 -15.92
c4          -5.67 -4.37 -13.08 -5.07 -7.66 -4.52 -16.10
c5          -5.67 -4.37 -12.28 -5.09 -6.77 -4.58 -15.77
c6          -5.67 -4.32 -12.50 -5.11 -7.05  0.00   0.00
\begin{tabular}{lrrrrrrr}
\toprule
{} &     0 &     1 &      2 &     3 &     4 &     5 &      6 \\
\midrule
new\_cluster & -5.67 & -4.36 & -12.03 & -4.95 & -7.25 & -4.46 & -15.89 \\
c1          & -5.67 & -4.52 & -12.94 & -5.11 & -7.05 & -4.49 & -16.10 \\
c2          & -5.67 & -4.43 & -12.63 & -5.09 & -7.42 & -4.47 & -15.60 \\
c3          & -5.67 & -4.43 & -12.65 & -5.12 & -7.43 & -4.60 & -15.92 \\
c4          & -5.67 & -4.37 & -13.08 & -5.07 & -7.66 & -4.52 & -16.10 \\
c5          & -5.67 & -4.37 & -12.28 & -5.09 & -6.77 & -4.58 & -15.77 \\
c6          & -5.67 & -4.32 & -12.50 & -5.11 & -7.05 &  0.00 &   0.00 \\
\bottomrule
\end{tabular}

                                0            1  ...            5             6
new_cluster  [-1.44, new_cluster]  [-0.15, c1]  ...  [-0.21, c5]  [-15.89, c6]
c1           [-1.44, new_cluster]  [-0.16, c1]  ...  [-0.25, c5]   [-16.1, c6]
c2           [-1.44, new_cluster]  [-0.09, c1]  ...  [-0.22, c5]   [-15.6, c6]
c3           [-1.44, new_cluster]   [-0.1, c1]  ...  [-0.36, c5]  [-15.92, c6]
c4           [-1.44, new_cluster]  [-0.15, c1]  ...  [-0.28, c5]   [-16.1, c6]
c5           [-1.44, new_cluster]  [-0.15, c1]  ...  [-0.34, c5]  [-15.77, c6]
c6           [-1.44, new_cluster]  [-0.09, c1]  ...        [0, ]         [0, ]

[7 rows x 7 columns]
\begin{tabular}{llllllll}
\toprule
{} &                     0 &            1 &            2 &            3 &            4 &            5 &             6 \\
\midrule
new\_cluster &  [-1.44, new\_cluster] &  [-0.15, c1] &   [-7.8, c2] &  [-0.77, c3] &  [-3.01, c4] &  [-0.21, c5] &  [-15.89, c6] \\
c1          &  [-1.44, new\_cluster] &  [-0.16, c1] &  [-8.73, c2] &  [-0.93, c3] &  [-2.81, c4] &  [-0.25, c5] &   [-16.1, c6] \\
c2          &  [-1.44, new\_cluster] &  [-0.09, c1] &  [-8.42, c2] &  [-0.91, c3] &  [-3.18, c4] &  [-0.22, c5] &   [-15.6, c6] \\
c3          &  [-1.44, new\_cluster] &   [-0.1, c1] &  [-8.49, c2] &  [-0.93, c3] &  [-3.19, c4] &  [-0.36, c5] &  [-15.92, c6] \\
c4          &  [-1.44, new\_cluster] &  [-0.15, c1] &  [-8.87, c2] &  [-0.86, c3] &  [-3.42, c4] &  [-0.28, c5] &   [-16.1, c6] \\
c5          &  [-1.44, new\_cluster] &  [-0.15, c1] &  [-8.12, c2] &   [-0.9, c3] &  [-2.53, c4] &  [-0.34, c5] &  [-15.77, c6] \\
c6          &  [-1.44, new\_cluster] &  [-0.09, c1] &  [-8.27, c2] &  [-0.93, c3] &  [-2.81, c4] &        [0, ] &         [0, ] \\
\bottomrule
\end{tabular}

