Seed: 0
Experiment_path: Random_Seeds_DV5//V5_2/Experiment_05_opt_temp
Dataset_Path: ../_00_Datasets/03_SimDaten_Quiroga2020/C_Difficult2_noise010.mat
Dataset_name: ['03_SimDaten_Quiroga2020', 'C_Difficult2_noise010.mat']
Variant_name: Variant_05_Online_Autoencoder_QLearning_opt_temp
Visualisation_Path: Random_Seeds_DV5//V5_2/Experiment_05_opt_temp/C_Difficult2_noise010.mat/Variant_05_Online_Autoencoder_QLearning_opt_temp/2023_04_05-09_40_38
Normalisation: False
Template Matching: True
Optimising Autoencoder: True
Update Factor: 100
Noisy Batches: False
Noisy Factor: 0.1
Epochs: 8
Batch Size: 1
maximal Spikes for Autoencoder Training : 700
maximal Spikes for Training: 1000
Input Size: 47
Chosen Model: Autoencoder
Autoencoder(
  (encoder): Sequential(
    (0): Linear(in_features=47, out_features=12, bias=True)
    (1): LeakyReLU(negative_slope=0.01)
    (2): Linear(in_features=12, out_features=2, bias=True)
  )
  (decoder): Sequential(
    (0): Linear(in_features=2, out_features=12, bias=True)
    (1): LeakyReLU(negative_slope=0.01)
    (2): Linear(in_features=12, out_features=47, bias=True)
  )
)
MSELoss()
Adam (
Parameter Group 0
    amsgrad: False
    betas: (0.9, 0.999)
    capturable: False
    differentiable: False
    eps: 1e-08
    foreach: None
    fused: False
    lr: 0.001
    maximize: False
    weight_decay: 0
)
---Q Learning Parameters---
Normalisation: False
Punishment Coefficient: 0.37
Alpha: 0.8
Epsilon: 0.01
Gamma: 0.97
Initial Episode Number: 0
Episode Number Coefficient: 1.4
Number of Random Features: 20
Planning Number: 20
Max Random Features: 60
New Episode Number: 72
New Episode Number: 143
New Episode Number: 215
New Episode Number: 286
                0     1     2     3     4
new_cluster -0.86 -1.72 -0.33 -1.20 -3.05
c1          -0.86 -1.93 -0.34 -1.20 -2.98
c2          -0.86 -2.07 -0.33 -1.25 -2.94
c3          -0.86 -1.87 -0.35 -1.25 -2.91
c4          -0.84 -2.11 -0.32 -1.16  0.00
                                0            1  ...            3            4
new_cluster  [-0.55, new_cluster]  [-1.39, c1]  ...  [-0.87, c3]  [-3.05, c4]
c1           [-0.55, new_cluster]   [-1.6, c1]  ...  [-0.87, c3]  [-2.98, c4]
c2           [-0.55, new_cluster]  [-1.74, c1]  ...  [-0.91, c3]  [-2.94, c4]
c3           [-0.55, new_cluster]  [-1.55, c1]  ...  [-0.91, c3]  [-2.91, c4]
c4           [-0.55, new_cluster]  [-1.78, c1]  ...  [-0.83, c3]        [0, ]

[5 rows x 5 columns]
