Seed: 5
Experiment_path: Random_Seeds//V4/Experiment_04_5
Dataset_Path: ../_00_Datasets/03_SimDaten_Quiroga2020/C_Easy1_noise005.mat
Dataset_name: ['03_SimDaten_Quiroga2020', 'C_Easy1_noise005.mat']
Variant_name: Variant_04_Offline_Autoencoder_QLearning
Visualisation_Path: Random_Seeds//V4/Experiment_04_5/C_Easy1_noise005.mat/Variant_04_Offline_Autoencoder_QLearning/2023_03_22-09_39_23
Split Ratio: 0.9
Epochs: 8
Batch Size: 1
Input Size: 47
Number of Features: 2
Chosen Model: Autoencoder
Autoencoder(
  (encoder): Sequential(
    (0): Linear(in_features=47, out_features=12, bias=True)
    (1): LeakyReLU(negative_slope=0.01)
    (2): Linear(in_features=12, out_features=2, bias=True)
  )
  (decoder): Sequential(
    (0): Linear(in_features=2, out_features=12, bias=True)
    (1): LeakyReLU(negative_slope=0.01)
    (2): Linear(in_features=12, out_features=47, bias=True)
  )
)
MSELoss()
Adam (
Parameter Group 0
    amsgrad: False
    betas: (0.9, 0.999)
    capturable: False
    differentiable: False
    eps: 1e-08
    foreach: None
    fused: False
    lr: 0.001
    maximize: False
    weight_decay: 0
)
---Q Learning Parameters---
Normalisation: False
Punishment Coefficient: 0.9
Alpha: 0.8
Epsilon: 0.01
Gamma: 0.97
Initial Episode Number: 0
Episode Number Coefficient: 1.4
Number of Random Features: 20
Planning Number: 20
Max Random Features: 60
New Episode Number: 72
New Episode Number: 143
New Episode Number: 215
New Episode Number: 286
New Episode Number: 358
                0     1     2     3     4     5
new_cluster -3.71 -8.30 -0.48 -7.62 -6.18 -3.95
c1          -3.71 -8.44 -0.51 -7.65 -3.22 -3.94
c2          -3.74 -8.43 -0.45 -7.56 -4.15 -3.23
c3          -3.75 -8.85 -0.47 -7.89 -4.00 -3.58
c4          -3.71 -8.50 -0.45 -7.66 -2.66 -3.95
c5          -3.74 -8.62 -0.47 -7.87 -3.35  0.00
                                0            1  ...            4            5
new_cluster  [-3.24, new_cluster]  [-7.74, c1]  ...  [-5.71, c4]  [-3.95, c5]
c1           [-3.24, new_cluster]  [-7.94, c1]  ...  [-2.75, c4]  [-3.94, c5]
c2           [-3.24, new_cluster]  [-7.88, c1]  ...  [-3.68, c4]  [-3.23, c5]
c3           [-3.24, new_cluster]  [-8.35, c1]  ...  [-3.53, c4]  [-3.58, c5]
c4           [-3.24, new_cluster]  [-7.99, c1]  ...  [-2.17, c4]  [-3.95, c5]
c5           [-3.24, new_cluster]  [-8.11, c1]  ...  [-2.88, c4]        [0, ]

[6 rows x 6 columns]
