Experiment_path: AE_Model_2/Normalization/Experiment_04_norm
Dataset_Path: ../_00_Datasets/03_SimDaten_Quiroga2020/C_Easy1_noise015.mat
Dataset_name: ['03_SimDaten_Quiroga2020', 'C_Easy1_noise015.mat']
Variant_name: V04_Off_AE_QL_norm
Visualisation_Path: AE_Model_2/Normalization/Experiment_04_norm/C_Easy1_noise015.mat/V04_Off_AE_QL_norm/2023_06_04-19_44_19
Punishment_Coefficient: 1.4
<_01_LoadDataset.ExternCode.spike_class.spike_dataclass object at 0x0000018FBAF49B00>
Sampling rate: 24000.0
Raw: [-0.11561686 -0.09151516 -0.07003629 ...  0.13067092  0.07286933
  0.02376508]
Times: [   1418    2718    2965 ... 1438324 1439204 1439256]
Cluster: [2 1 3 ... 2 2 2]
Number of different clusters:  3
Number of Spikes: 3477
First aligned Spike Frame: [-0.21672249 -0.20435022 -0.20773448 -0.23066605 -0.25048766 -0.24897994
 -0.235203   -0.22454461 -0.22637624 -0.23567647 -0.24458052 -0.29008047
 -0.46277163 -0.78005294 -1.10886208 -1.22520407 -0.93276888 -0.30507988
  0.28404034  0.5598609   0.56326036  0.46868005  0.38002586  0.308291
  0.2337485   0.15145072  0.07073965  0.00289921 -0.04579903 -0.0801131
 -0.10431654 -0.10729234 -0.08281733 -0.04721634 -0.02197862 -0.01600473
 -0.0234669  -0.0435982  -0.07322802 -0.10283475 -0.12412902 -0.14133481
 -0.1572087  -0.1697764  -0.17533489 -0.18293644 -0.19999581]
Cluster 0, Occurrences: 1132
Cluster 1, Occurrences: 1188
Cluster 2, Occurrences: 1157
Train Index: 3129
x_train: 3129
y_train: 3129
x_test: 348
y_test: 348
<torch.utils.data.dataloader.DataLoader object at 0x0000018FB7E9E978>
<torch.utils.data.dataloader.DataLoader object at 0x0000018FB7E9E8D0>
Epoch [1/8]: mean_loss=0.0004178163586270699
Epoch [2/8]: mean_loss=0.0002479389539514107
Epoch [3/8]: mean_loss=0.0002579452369044234
Epoch [4/8]: mean_loss=0.0002718774682775821
Epoch [5/8]: mean_loss=0.0002642791164927625
Epoch [6/8]: mean_loss=0.00025752849550069465
Epoch [7/8]: mean_loss=0.00024328872260240825
Epoch [8/8]: mean_loss=0.0002245988356608501
Number of Clusters: 3
Number of Samples after Autoencoder testing: 346
First Spike after testing: [-0.3496318 -4.4548674]
[1, 0, 2, 1, 2, 1, 2, 0, 2, 2, 2, 0, 1, 0, 0, 2, 1, 2, 1, 2, 1, 0, 0, 2, 1, 2, 1, 2, 1, 0, 0, 2, 0, 2, 1, 0, 0, 1, 1, 1, 2, 0, 2, 0, 1, 1, 1, 0, 1, 1, 2, 2, 1, 1, 0, 0, 1, 0, 1, 1, 2, 0, 1, 2, 0, 2, 1, 0, 0, 2, 0, 1, 2, 1, 2, 2, 1, 2, 0, 2, 1, 0, 2, 2, 0, 2, 1, 1, 0, 1, 0, 2, 1, 0, 1, 1, 1, 2, 1, 0, 0, 0, 1, 2, 2, 0, 2, 0, 0, 2, 0, 2, 1, 0, 0, 1, 2, 1, 0, 0, 2, 0, 0, 0, 0, 0, 2, 2, 2, 2, 2, 1, 2, 0, 1, 1, 0, 2, 2, 2, 1, 1, 2, 1, 2, 1, 1, 1, 2, 2, 1, 2, 0, 0, 0, 1, 0, 2, 2, 0, 2, 2, 1, 1, 2, 0, 2, 0, 2, 1, 0, 0, 2, 0, 2, 0, 0, 1, 0, 0, 1, 2, 0, 2, 0, 1, 2, 1, 0, 2, 2, 1, 2, 1, 1, 1, 1, 1, 0, 1, 2, 2, 0, 2, 2, 0, 2, 1, 2, 2, 1, 0, 1, 2, 0, 1, 1, 1, 1, 2, 0, 2, 2, 1, 2, 2, 1, 0, 1, 2, 2, 1, 0, 2, 0, 1, 1, 1, 1, 0, 1, 0, 1, 1, 0, 1, 0, 2, 2, 2, 1, 0, 2, 1, 2, 0, 2, 1, 1, 1, 0, 2, 1, 2, 1, 0, 0, 0, 1, 2, 1, 2, 1, 1, 0, 0, 0, 1, 0, 2, 2, 1, 1, 2, 2, 2, 1, 1, 2, 1, 0, 2, 1, 2, 1, 1, 1, 0, 0, 0, 1, 0, 1, 2, 1, 1, 0, 2, 2, 1, 0, 0, 1, 1, 1, 1, 0, 1, 0, 2, 1, 0, 2, 2, 1, 2, 0, 2, 0, 2, 2, 2, 2, 0, 2, 1, 1, 1, 0, 1, 1, 2, 1, 1, 1, 1]
[0, 0, 0, 0, 0, 0, 0, 0, 0, 0, 0, 0, 0, 0, 0, 0, 0, 0, 0, 0, 0, 0, 0, 0, 0, 0, 0, 0, 0, 0, 0, 0, 0, 0, 0, 0, 0, 0, 0, 0, 0, 0, 0, 0, 0, 0, 0, 0, 0, 0, 0, 0, 0, 0, 0, 0, 0, 0, 0, 0, 0, 0, 0, 0, 0, 0, 0, 0, 0, 0, 0, 0, 0, 0, 0, 0, 0, 0, 0, 0, 0, 0, 0, 0, 0, 0, 0, 0, 0, 0, 0, 0, 0, 0, 0, 0, 0, 0, 0, 0, 0, 0, 0, 0, 0, 0, 0, 0, 0, 0, 0, 0, 0, 0, 0, 0, 0, 0, 0, 0, 0, 0, 0, 0, 0, 0, 0, 0, 0, 0, 0, 0, 0, 0, 0, 0, 0, 0, 0, 0, 0, 0, 0, 0, 0, 0, 0, 0, 0, 0, 0, 0, 0, 0, 0, 0, 0, 0, 0, 0, 0, 0, 0, 0, 0, 0, 0, 0, 0, 0, 0, 0, 0, 0, 0, 0, 0, 0, 0, 0, 0, 0, 0, 0, 0, 0, 0, 0, 0, 0, 0, 0, 0, 0, 0, 0, 0, 0, 0, 0, 0, 0, 0, 0, 0, 0, 0, 0, 0, 0, 0, 0, 0, 0, 0, 0, 0, 0, 0, 0, 0, 0, 0, 0, 0, 0, 0, 0, 0, 0, 0, 0, 0, 0, 0, 0, 0, 0, 0, 0, 0, 0, 0, 0, 0, 0, 0, 0, 0, 0, 0, 0, 0, 0, 0, 0, 0, 0, 0, 0, 0, 0, 0, 0, 0, 0, 0, 0, 0, 0, 0, 0, 0, 0, 0, 0, 0, 0, 0, 0, 0, 0, 0, 0, 0, 0, 0, 0, 0, 0, 0, 0, 0, 0, 0, 0, 0, 0, 0, 0, 0, 0, 0, 0, 0, 0, 0, 0, 0, 0, 0, 0, 0, 0, 0, 0, 0, 0, 0, 0, 0, 0, 0, 0, 0, 0, 0, 0, 0, 0, 0, 0, 0, 0, 0, 0, 0, 0, 0, 0, 0, 0, 0, 0, 0, 0]
Centroids: [[-1.2970423, 2.084975], [0.025767244, -3.3965955], [2.1550467, 1.3159634]]
Centroids: [[0.3496685, -0.20070815]]
Standard Derivations: [0.41631806, 0.6086454, 0.37983954]
Cluster Distances: [4.6139584, 2.7405496, 4.6139584, 4.182786, 2.7405496, 4.182786]
Minimal Cluster Distance: 2.7405495643615723
Contingency Matrix: 
[[102]
 [128]
 [116]]
[[102], [128], [116]]
[[102, 0, 0], [128, 0, 0], [116, 0, 0]]
[0, 1, 2]
[[-1, 0, 0], [-1, -1, -1], [-1, 0, 0]]
[[-1, -1, -1], [-1, -1, -1], [-1, -1, 0]]
[[-1, -1, -1], [-1, -1, -1], [-1, -1, -1]]
Match_Labels: {1: 0, 0: 1, 2: 2}
New Contingency Matrix: 
[[  0 102   0]
 [  0 128   0]
 [  0 116   0]]
New Clustered Label Sequence: [1, 0, 2]
Diagonal_Elements: [0, 128, 0], Sum: 128
All_Elements: [0, 102, 0, 0, 128, 0, 0, 116, 0], Sum: 346
Accuracy: 0.3699421965317919
Centroids: [[0.05799512420895353, -0.024476567875443167]]
