Seed: 4
Experiment_path: Random_Seeds_DV5//V5_3/Experiment_05_4_opt_temp_noisy
Dataset_Path: ../_00_Datasets/03_SimDaten_Quiroga2020/C_Easy2_noise015.mat
Dataset_name: ['03_SimDaten_Quiroga2020', 'C_Easy2_noise015.mat']
Variant_name: Variant_05_Online_Autoencoder_QLearning_opt_temp_noisy
Visualisation_Path: Random_Seeds_DV5//V5_3/Experiment_05_4_opt_temp_noisy/C_Easy2_noise015.mat/Variant_05_Online_Autoencoder_QLearning_opt_temp_noisy/2023_04_15-14_16_13
Normalisation: False
Template Matching: True
Optimising Autoencoder: True
Update Factor: 100
Noisy Batches: True
Noisy Factor: 0.1
Epochs: 8
Batch Size: 1
maximal Spikes for Autoencoder Training : 700
maximal Spikes for Training: 1000
Input Size: 47
Chosen Model: Autoencoder
Autoencoder(
  (encoder): Sequential(
    (0): Linear(in_features=47, out_features=12, bias=True)
    (1): LeakyReLU(negative_slope=0.01)
    (2): Linear(in_features=12, out_features=2, bias=True)
  )
  (decoder): Sequential(
    (0): Linear(in_features=2, out_features=12, bias=True)
    (1): LeakyReLU(negative_slope=0.01)
    (2): Linear(in_features=12, out_features=47, bias=True)
  )
)
MSELoss()
Adam (
Parameter Group 0
    amsgrad: False
    betas: (0.9, 0.999)
    capturable: False
    differentiable: False
    eps: 1e-08
    foreach: None
    fused: False
    lr: 0.001
    maximize: False
    weight_decay: 0
)
---Q Learning Parameters---
Normalisation: False
Punishment Coefficient: 0.6
Alpha: 0.8
Epsilon: 0.01
Gamma: 0.97
Initial Episode Number: 0
Episode Number Coefficient: 1.4
Number of Random Features: 20
Planning Number: 20
Max Random Features: 60
New Episode Number: 72
New Episode Number: 143
New Episode Number: 215
New Episode Number: 286
                 0      1      2      3      4
new_cluster -15.87 -21.40 -15.49 -15.11 -15.26
c1          -15.92 -21.49 -15.26 -14.94 -15.42
c2          -15.87 -20.99 -15.39 -15.11 -15.54
c3          -15.98 -21.30 -15.38 -15.09 -15.48
c4          -16.06 -21.33 -15.37 -15.14 -15.73
\begin{tabular}{lrrrrr}
\toprule
{} &      0 &      1 &      2 &      3 &      4 \\
\midrule
new\_cluster & -15.87 & -21.40 & -15.49 & -15.11 & -15.26 \\
c1          & -15.92 & -21.49 & -15.26 & -14.94 & -15.42 \\
c2          & -15.87 & -20.99 & -15.39 & -15.11 & -15.54 \\
c3          & -15.98 & -21.30 & -15.38 & -15.09 & -15.48 \\
c4          & -16.06 & -21.33 & -15.37 & -15.14 & -15.73 \\
\bottomrule
\end{tabular}

                                0            1  ...            3            4
new_cluster  [-1.44, new_cluster]  [-6.93, c1]  ...  [-0.49, c3]  [-0.65, c4]
c1           [-1.44, new_cluster]  [-7.01, c1]  ...  [-0.37, c3]  [-0.75, c4]
c2           [-1.44, new_cluster]  [-6.64, c1]  ...  [-0.54, c3]  [-0.87, c4]
c3           [-1.44, new_cluster]  [-6.85, c1]  ...  [-0.52, c3]  [-0.81, c4]
c4           [-1.44, new_cluster]  [-6.85, c1]  ...  [-0.51, c3]  [-1.06, c4]

[5 rows x 5 columns]
\begin{tabular}{llllll}
\toprule
{} &                     0 &            1 &            2 &            3 &            4 \\
\midrule
new\_cluster &  [-1.44, new\_cluster] &  [-6.93, c1] &  [-0.84, c2] &  [-0.49, c3] &  [-0.65, c4] \\
c1          &  [-1.44, new\_cluster] &  [-7.01, c1] &  [-0.68, c2] &  [-0.37, c3] &  [-0.75, c4] \\
c2          &  [-1.44, new\_cluster] &  [-6.64, c1] &  [-0.76, c2] &  [-0.54, c3] &  [-0.87, c4] \\
c3          &  [-1.44, new\_cluster] &  [-6.85, c1] &  [-0.75, c2] &  [-0.52, c3] &  [-0.81, c4] \\
c4          &  [-1.44, new\_cluster] &  [-6.85, c1] &  [-0.72, c2] &  [-0.51, c3] &  [-1.06, c4] \\
\bottomrule
\end{tabular}

